Alternative 1 Catch
     Model_Proj.dat 
Equil_Fabc 5730.32 
Year 
2020 3321.27 
2021 7326.4 
2022 6139.32 
2023 5098.96 
2024 4260.72 
2025 3486.45 
2026 2895.04 
2027 2690.39 
2028 2768.29 
2029 3040.33 
2030 3407.44 
2031 3800.4 
2032 4197.9 
2033 4532.15 
2034 4775.15 
2035 4911.32 
2036 4977.51 
2037 5009.13 
2038 5048.66 
2039 5103 

Alternative 1 ABCs
     Model_Proj.dat 

Year 
2020 8049.94 
2021 7326.4 
2022 6139.32 
2023 5098.96 
2024 4260.72 
2025 3486.45 
2026 2895.04 
2027 2690.39 
2028 2768.29 
2029 3040.33 
2030 3407.44 
2031 3800.4 
2032 4197.9 
2033 4532.15 
2034 4775.15 
2035 4911.32 
2036 4977.51 
2037 5009.13 
2038 5048.66 
2039 5103 

Alternative 1 TACs
     Model_Proj.dat 

Year 
2020  NA 
2021 7326.4 
2022 6139.32 
2023 5098.96 
2024 4260.72 
2025 3486.45 
2026 2895.04 
2027 2690.39 
2028 2768.29 
2029 3040.33 
2030 3407.44 
2031 3800.4 
2032 4197.9 
2033 4532.15 
2034 4775.15 
2035 4911.32 
2036 4977.51 
2037 5009.13 
2038 5048.66 
2039 5103 

Alternative 1 Sp_Biomass
     Model_Proj.dat 
Equil_Fabc 35621.7 
Year 
2020 52902.5 
2021 51913.9 
2022 47196.8 
2023 42395.8 
2024 37879.9 
2025 33919.2 
2026 30881.4 
2027 28981.1 
2028 28113.6 
2029 28095.9 
2030 28667.1 
2031 29609.4 
2032 30774.4 
2033 31994 
2034 33042.5 
2035 33780.2 
2036 34223.6 
2037 34496.9 
2038 34761.2 
2039 35023.5 

Alternative 1 Fishing Mortality
     Model_Proj.dat 
Equil_Fabc 0.184443 
Year 
2020 0.0739074 
2021 0.184443 
2022 0.184443 
2023 0.184443 
2024 0.184443 
2025 0.175163 
2026 0.158607 
2027 0.14809 
2028 0.142502 
2029 0.140533 
2030 0.140378 
2031 0.141276 
2032 0.143443 
2033 0.145796 
2034 0.148365 
2035 0.150299 
2036 0.151905 
2037 0.153003 
2038 0.15403 
2039 0.155037 

Alternative 1 Biomass
     Model_Proj.dat 

Year 
2020 92104.6 
2021 87862.8 
2022 79439 
2023 73048.8 
2024 67817.7 
2025 64781.8 
2026 63051.1 
2027 63071.8 
2028 64721 
2029 67089.5 
2030 69226.6 
2031 71232.6 
2032 73206.1 
2033 74792.5 
2034 76791.6 
2035 77982.2 
2036 78739 
2037 79268.4 
2038 79707.7 
2039 80188.1 

Alternative 1 Implied SPR rate 
     Model_Proj.dat 
Equil_Fabc 0.4 
Year 
2020 0.667549 
2021 0.4 
2022 0.4 
2023 0.4 
2024 0.4 
2025 0.4159 
2026 0.446692 
2027 0.46828 
2028 0.48093 
2029 0.486454 
2030 0.488156 
2031 0.487272 
2032 0.483488 
2033 0.478903 
2034 0.473618 
2035 0.46959 
2036 0.466257 
2037 0.463791 
2038 0.461437 
2039 0.459357 

  Model_Proj.dat 
EquilAvgAgeF0  9.11007 
EquilAvgAgeFabc  6.37845 
AvgAgeYr2039 7.22049 
Alternative 2 Catch
     Model_Proj.dat 
Equil_Fabc 5730.32 
Year 
2020 3321.27 
2021 7326.4 
2022 6139.32 
2023 5098.96 
2024 4260.72 
2025 3486.45 
2026 2895.04 
2027 2690.39 
2028 2768.29 
2029 3040.33 
2030 3407.44 
2031 3800.4 
2032 4197.9 
2033 4532.15 
2034 4775.15 
2035 4911.32 
2036 4977.51 
2037 5009.13 
2038 5048.66 
2039 5103 

Alternative 2 ABCs
     Model_Proj.dat 

Year 
2020 8049.94 
2021 7326.4 
2022 6139.32 
2023 5098.96 
2024 4260.72 
2025 3486.45 
2026 2895.04 
2027 2690.39 
2028 2768.29 
2029 3040.33 
2030 3407.44 
2031 3800.4 
2032 4197.9 
2033 4532.15 
2034 4775.15 
2035 4911.32 
2036 4977.51 
2037 5009.13 
2038 5048.66 
2039 5103 

Alternative 2 TACs
     Model_Proj.dat 

Year 
2020  NA 
2021 7326.4 
2022 6139.32 
2023 5098.96 
2024 4260.72 
2025 3486.45 
2026 2895.04 
2027 2690.39 
2028 2768.29 
2029 3040.33 
2030 3407.44 
2031 3800.4 
2032 4197.9 
2033 4532.15 
2034 4775.15 
2035 4911.32 
2036 4977.51 
2037 5009.13 
2038 5048.66 
2039 5103 

Alternative 2 Sp_Biomass
     Model_Proj.dat 
Equil_Fabc 35621.7 
Year 
2020 52902.5 
2021 51913.9 
2022 47196.8 
2023 42395.8 
2024 37879.9 
2025 33919.2 
2026 30881.4 
2027 28981.1 
2028 28113.6 
2029 28095.9 
2030 28667.1 
2031 29609.4 
2032 30774.4 
2033 31994 
2034 33042.5 
2035 33780.2 
2036 34223.6 
2037 34496.9 
2038 34761.2 
2039 35023.5 

Alternative 2 Fishing Mortality
     Model_Proj.dat 
Equil_Fabc 0.184443 
Year 
2020 0.0739074 
2021 0.184443 
2022 0.184443 
2023 0.184443 
2024 0.184443 
2025 0.175163 
2026 0.158607 
2027 0.14809 
2028 0.142502 
2029 0.140533 
2030 0.140378 
2031 0.141276 
2032 0.143443 
2033 0.145796 
2034 0.148365 
2035 0.150299 
2036 0.151905 
2037 0.153003 
2038 0.15403 
2039 0.155037 

Alternative 2 Biomass
     Model_Proj.dat 

Year 
2020 92104.6 
2021 87862.8 
2022 79439 
2023 73048.8 
2024 67817.7 
2025 64781.8 
2026 63051.1 
2027 63071.8 
2028 64721 
2029 67089.5 
2030 69226.6 
2031 71232.6 
2032 73206.1 
2033 74792.5 
2034 76791.6 
2035 77982.2 
2036 78739 
2037 79268.4 
2038 79707.7 
2039 80188.1 

Alternative 2 Implied SPR rate 
     Model_Proj.dat 
Equil_Fabc 0.4 
Year 
2020 0.667549 
2021 0.4 
2022 0.4 
2023 0.4 
2024 0.4 
2025 0.4159 
2026 0.446692 
2027 0.46828 
2028 0.48093 
2029 0.486454 
2030 0.488156 
2031 0.487272 
2032 0.483488 
2033 0.478903 
2034 0.473618 
2035 0.46959 
2036 0.466257 
2037 0.463791 
2038 0.461437 
2039 0.459357 

  Model_Proj.dat 
EquilAvgAgeF0  9.11007 
EquilAvgAgeFabc  6.37845 
AvgAgeYr2039 7.22049 
Alternative 3 Catch
     Model_Proj.dat 
Equil_Fabc 5730.32 
Year 
2020 3321.27 
2021 2398.02 
2022 2148.73 
2023 1901.37 
2024 1682.33 
2025 1514.51 
2026 1415.67 
2027 1392.27 
2028 1437.92 
2029 1535.77 
2030 1666.87 
2031 1815.69 
2032 1967.31 
2033 2104.39 
2034 2213.46 
2035 2290.18 
2036 2341.19 
2037 2379.07 
2038 2412.42 
2039 2443.94 

Alternative 3 ABCs
     Model_Proj.dat 

Year 
2020 2635.09 
2021 2398.02 
2022 2148.73 
2023 1901.37 
2024 1682.33 
2025 1514.51 
2026 1415.67 
2027 1392.27 
2028 1437.92 
2029 1535.77 
2030 1666.87 
2031 1815.69 
2032 1967.31 
2033 2104.39 
2034 2213.46 
2035 2290.18 
2036 2341.19 
2037 2379.07 
2038 2412.42 
2039 2443.94 

Alternative 3 TACs
     Model_Proj.dat 

Year 
2020  NA 
2021 2398.02 
2022 2148.73 
2023 1901.37 
2024 1682.33 
2025 1514.51 
2026 1415.67 
2027 1392.27 
2028 1437.92 
2029 1535.77 
2030 1666.87 
2031 1815.69 
2032 1967.31 
2033 2104.39 
2034 2213.46 
2035 2290.18 
2036 2341.19 
2037 2379.07 
2038 2412.42 
2039 2443.94 

Alternative 3 Sp_Biomass
     Model_Proj.dat 
Equil_Fabc 35621.7 
Year 
2020 52902.5 
2021 51913.9 
2022 50332.8 
2023 48114.1 
2024 45575.3 
2025 43029.8 
2026 40825.9 
2027 39271.3 
2028 38504.6 
2029 38524.6 
2030 39198.9 
2031 40386.2 
2032 41965.2 
2033 43776.4 
2034 45572.2 
2035 47171.4 
2036 48529.5 
2037 49714.1 
2038 50844.8 
2039 51888.1 

Alternative 3 Fishing Mortality
     Model_Proj.dat 
Equil_Fabc 0.184443 
Year 
2020 0.0739074 
2021 0.0583965 
2022 0.0583965 
2023 0.0583965 
2024 0.0583965 
2025 0.0583965 
2026 0.0583965 
2027 0.0583965 
2028 0.0583965 
2029 0.0583965 
2030 0.0583965 
2031 0.0583965 
2032 0.0583965 
2033 0.0583965 
2034 0.0583965 
2035 0.0583965 
2036 0.0583965 
2037 0.0583965 
2038 0.0583965 
2039 0.0583965 

Alternative 3 Biomass
     Model_Proj.dat 

Year 
2020 92104.6 
2021 87862.8 
2022 84391.8 
2023 81932.4 
2024 79638.6 
2025 78680.2 
2026 78169.4 
2027 78703.2 
2028 80539.8 
2029 83040.3 
2030 85435.5 
2031 87919 
2032 90611.7 
2033 93162.4 
2034 96319.9 
2035 98793.7 
2036 100870 
2037 102689 
2038 104344 
2039 105931 

Alternative 3 Implied SPR rate 
     Model_Proj.dat 
Equil_Fabc 0.4 
Year 
2020 0.667549 
2021 0.723567 
2022 0.723567 
2023 0.723567 
2024 0.723567 
2025 0.723567 
2026 0.723567 
2027 0.723567 
2028 0.723567 
2029 0.723567 
2030 0.723567 
2031 0.723567 
2032 0.723567 
2033 0.723567 
2034 0.723567 
2035 0.723567 
2036 0.723567 
2037 0.723567 
2038 0.723567 
2039 0.723567 

  Model_Proj.dat 
EquilAvgAgeF0  9.11007 
EquilAvgAgeFabc  6.37845 
AvgAgeYr2039 8.23243 
Alternative 4 Catch
     Model_Proj.dat 
Equil_Fabc 5730.32 
Year 
2020 3321.27 
2021 2123.74 
2022 1909.84 
2023 1695.79 
2024 1505.12 
2025 1358.48 
2026 1272 
2027 1251.86 
2028 1292.84 
2029 1380.38 
2030 1497.88 
2031 1631.61 
2032 1768.28 
2033 1892.4 
2034 1991.9 
2035 2062.76 
2036 2110.62 
2037 2146.48 
2038 2177.91 
2039 2207.46 

Alternative 4 ABCs
     Model_Proj.dat 

Year 
2020 2333.71 
2021 2123.74 
2022 1909.84 
2023 1695.79 
2024 1505.12 
2025 1358.48 
2026 1272 
2027 1251.86 
2028 1292.84 
2029 1380.38 
2030 1497.88 
2031 1631.61 
2032 1768.28 
2033 1892.4 
2034 1991.9 
2035 2062.76 
2036 2110.62 
2037 2146.48 
2038 2177.91 
2039 2207.46 

Alternative 4 TACs
     Model_Proj.dat 

Year 
2020  NA 
2021 2123.74 
2022 1909.84 
2023 1695.79 
2024 1505.12 
2025 1358.48 
2026 1272 
2027 1251.86 
2028 1292.84 
2029 1380.38 
2030 1497.88 
2031 1631.61 
2032 1768.28 
2033 1892.4 
2034 1991.9 
2035 2062.76 
2036 2110.62 
2037 2146.48 
2038 2177.91 
2039 2207.46 

Alternative 4 Sp_Biomass
     Model_Proj.dat 
Equil_Fabc 35621.7 
Year 
2020 52902.5 
2021 51913.9 
2022 50507.7 
2023 48444.8 
2024 46035.3 
2025 43591.4 
2026 41463.3 
2027 39963.6 
2028 39238 
2029 39293.4 
2030 40004.2 
2031 41234.1 
2032 42864.4 
2033 44736.9 
2034 46603.3 
2035 48280.7 
2036 49721.3 
2037 50989.1 
2038 52200.9 
2039 53319 

Alternative 4 Fishing Mortality
     Model_Proj.dat 
Equil_Fabc 0.184443 
Year 
2020 0.0739074 
2021 0.0516244 
2022 0.0516244 
2023 0.0516244 
2024 0.0516244 
2025 0.0516244 
2026 0.0516244 
2027 0.0516244 
2028 0.0516244 
2029 0.0516244 
2030 0.0516244 
2031 0.0516244 
2032 0.0516244 
2033 0.0516244 
2034 0.0516244 
2035 0.0516244 
2036 0.0516244 
2037 0.0516244 
2038 0.0516244 
2039 0.0516244 

Alternative 4 Biomass
     Model_Proj.dat 

Year 
2020 92104.6 
2021 87862.8 
2022 84667.6 
2023 82444.5 
2024 80342.8 
2025 79533.9 
2026 79136.3 
2027 79756 
2028 81662.1 
2029 84226.3 
2030 86687.8 
2031 89246.2 
2032 92025.1 
2033 94673.8 
2034 97939.6 
2035 100528 
2036 102722 
2037 104657 
2038 106424 
2039 108114 

Alternative 4 Implied SPR rate 
     Model_Proj.dat 
Equil_Fabc 0.4 
Year 
2020 0.667549 
2021 0.75 
2022 0.75 
2023 0.75 
2024 0.75 
2025 0.75 
2026 0.75 
2027 0.75 
2028 0.75 
2029 0.75 
2030 0.75 
2031 0.75 
2032 0.75 
2033 0.75 
2034 0.75 
2035 0.75 
2036 0.75 
2037 0.75 
2038 0.75 
2039 0.75 

  Model_Proj.dat 
EquilAvgAgeF0  9.11007 
EquilAvgAgeFabc  6.37845 
AvgAgeYr2039 8.31168 
Alternative 5 Catch
     Model_Proj.dat 
Equil_Fabc 5730.32 
Year 
2020 3321.27 
2021  NA 
2022  NA 
2023  NA 
2024  NA 
2025  NA 
2026  NA 
2027  NA 
2028  NA 
2029  NA 
2030  NA 
2031  NA 
2032  NA 
2033  NA 
2034  NA 
2035  NA 
2036  NA 
2037  NA 
2038  NA 
2039  NA 

Alternative 5 ABCs
     Model_Proj.dat 

Year 
2020  NA 
2021  NA 
2022  NA 
2023  NA 
2024  NA 
2025  NA 
2026  NA 
2027  NA 
2028  NA 
2029  NA 
2030  NA 
2031  NA 
2032  NA 
2033  NA 
2034  NA 
2035  NA 
2036  NA 
2037  NA 
2038  NA 
2039  NA 

Alternative 5 TACs
     Model_Proj.dat 

Year 
2020  NA 
2021  NA 
2022  NA 
2023  NA 
2024  NA 
2025  NA 
2026  NA 
2027  NA 
2028  NA 
2029  NA 
2030  NA 
2031  NA 
2032  NA 
2033  NA 
2034  NA 
2035  NA 
2036  NA 
2037  NA 
2038  NA 
2039  NA 

Alternative 5 Sp_Biomass
     Model_Proj.dat 
Equil_Fabc 35621.7 
Year 
2020 52902.5 
2021 51913.9 
2022 51863.6 
2023 51049.1 
2024 49715.1 
2025 48148.2 
2026 46703.5 
2027 45723.3 
2028 45403.1 
2029 45809.8 
2030 46873.9 
2031 48503.2 
2032 50603.7 
2033 53031.5 
2034 55538.5 
2035 57928.9 
2036 60130.7 
2037 62177.7 
2038 64162.6 
2039 66007.6 

Alternative 5 Fishing Mortality
     Model_Proj.dat 
Equil_Fabc 0.184443 
Year 
2020 0.0739074 
2021  NA 
2022  NA 
2023  NA 
2024  NA 
2025  NA 
2026  NA 
2027  NA 
2028  NA 
2029  NA 
2030  NA 
2031  NA 
2032  NA 
2033  NA 
2034  NA 
2035  NA 
2036  NA 
2037  NA 
2038  NA 
2039  NA 

Alternative 5 Biomass
     Model_Proj.dat 

Year 
2020 92104.6 
2021 87862.8 
2022 86803.4 
2023 86472.8 
2024 85966.6 
2025 86450.6 
2026 87074.7 
2027 88504.4 
2028 91085.7 
2029 94270.7 
2030 97367.2 
2031 100625 
2032 104196 
2033 107739 
2034 111992 
2035 115636 
2036 118922 
2037 121950 
2038 124789 
2039 127490 

Alternative 5 Implied SPR rate 
     Model_Proj.dat 
Equil_Fabc 0.4 
Year 
2020 0.667549 
2021 1 
2022 1 
2023 1 
2024 1 
2025 1 
2026 1 
2027 1 
2028 1 
2029 1 
2030 1 
2031 1 
2032 1 
2033 1 
2034 1 
2035 1 
2036 1 
2037 1 
2038 1 
2039 1 

  Model_Proj.dat 
EquilAvgAgeF0  9.11007 
EquilAvgAgeFabc  6.37845 
AvgAgeYr2039 8.96356 
Alternative 6 Catch
     Model_Proj.dat 
Equil_Fabc 5730.32 
Year 
2020 3321.27 
2021 8567.92 
2022 7054.72 
2023 5763.19 
2024 4745.29 
2025 3609.1 
2026 2980.33 
2027 2785.16 
2028 2905.73 
2029 3234.47 
2030 3672.26 
2031 4126.47 
2032 4579.91 
2033 4955.53 
2034 5198.52 
2035 5334.91 
2036 5380.52 
2037 5403.47 
2038 5435.32 
2039 5480.69 

Alternative 6 ABCs
     Model_Proj.dat 

Year 
2020 9413.84 
2021 8567.92 
2022 7054.72 
2023 5763.19 
2024 4745.29 
2025 3609.1 
2026 2980.33 
2027 2785.16 
2028 2905.73 
2029 3234.47 
2030 3672.26 
2031 4126.47 
2032 4579.91 
2033 4955.53 
2034 5198.52 
2035 5334.91 
2036 5380.52 
2037 5403.47 
2038 5435.32 
2039 5480.69 

Alternative 6 TACs
     Model_Proj.dat 

Year 
2020  NA 
2021 8567.92 
2022 7054.72 
2023 5763.19 
2024 4745.29 
2025 3609.1 
2026 2980.33 
2027 2785.16 
2028 2905.73 
2029 3234.47 
2030 3672.26 
2031 4126.47 
2032 4579.91 
2033 4955.53 
2034 5198.52 
2035 5334.91 
2036 5380.52 
2037 5403.47 
2038 5435.32 
2039 5480.69 

Alternative 6 Sp_Biomass
     Model_Proj.dat 
Equil_Fabc 35621.7 
Year 
2020 52902.5 
2021 51913.9 
2022 46409.1 
2023 41021.2 
2024 36105.7 
2025 31898.7 
2026 28885.4 
2027 27054.4 
2028 26265.4 
2029 26309.6 
2030 26911.4 
2031 27839.8 
2032 28946.9 
2033 30067.2 
2034 30985.3 
2035 31581.3 
2036 31880.4 
2037 32023.4 
2038 32171.7 
2039 32337.3 

Alternative 6 Fishing Mortality
     Model_Proj.dat 
Equil_Fabc 0.184443 
Year 
2020 0.0739074 
2021 0.217575 
2022 0.217575 
2023 0.217575 
2024 0.217575 
2025 0.193638 
2026 0.174265 
2027 0.162432 
2028 0.156688 
2029 0.155114 
2030 0.155904 
2031 0.157786 
2032 0.161192 
2033 0.164641 
2034 0.167634 
2035 0.170196 
2036 0.171906 
2037 0.173267 
2038 0.174371 
2039 0.175184 

Alternative 6 Biomass
     Model_Proj.dat 

Year 
2020 92104.6 
2021 87862.8 
2022 78192.1 
2023 70905.5 
2024 65080.6 
2025 61686.6 
2026 60023.3 
2027 60167.8 
2028 61940.7 
2029 64394.1 
2030 66558.9 
2031 68519.2 
2032 70380.3 
2033 71794.2 
2034 73578.1 
2035 74549.4 
2036 75090 
2037 75429.8 
2038 75700.1 
2039 76037.4 

Alternative 6 Implied SPR rate 
     Model_Proj.dat 
Equil_Fabc 0.4 
Year 
2020 0.667549 
2021 0.35 
2022 0.35 
2023 0.35 
2024 0.35 
2025 0.385112 
2026 0.417551 
2027 0.439789 
2028 0.452071 
2029 0.456851 
2030 0.457227 
2031 0.455025 
2032 0.449705 
2033 0.443774 
2034 0.438127 
2035 0.433396 
2036 0.430129 
2037 0.427458 
2038 0.425176 
2039 0.42361 

  Model_Proj.dat 
EquilAvgAgeF0  9.11007 
EquilAvgAgeFabc  6.37845 
AvgAgeYr2039 7.03902 
Alternative 7 Catch
     Model_Proj.dat 
Equil_Fabc 5730.32 
Year 
2020 3321.27 
2021 7326.4 
2022 6139.32 
2023 5966.29 
2024 4906.36 
2025 3845.97 
2026 3144 
2027 2905.46 
2028 2997.48 
2029 3305.83 
2030 3724.64 
2031 4166.28 
2032 4608.16 
2033 4974.02 
2034 5212.45 
2035 5344.55 
2036 5387.62 
2037 5407.75 
2038 5438.19 
2039 5482.26 

Alternative 7 ABCs
     Model_Proj.dat 

Year 
2020 9413.84 
2021 8567.92 
2022 7181.26 
2023 5966.29 
2024 4906.36 
2025 3845.97 
2026 3144 
2027 2905.46 
2028 2997.48 
2029 3305.83 
2030 3724.64 
2031 4166.28 
2032 4608.16 
2033 4974.02 
2034 5212.45 
2035 5344.55 
2036 5387.62 
2037 5407.75 
2038 5438.19 
2039 5482.26 

Alternative 7 TACs
     Model_Proj.dat 

Year 
2020  NA 
2021 8567.92 
2022 7181.26 
2023 5966.29 
2024 4906.36 
2025 3845.97 
2026 3144 
2027 2905.46 
2028 2997.48 
2029 3305.83 
2030 3724.64 
2031 4166.28 
2032 4608.16 
2033 4974.02 
2034 5212.45 
2035 5344.55 
2036 5387.62 
2037 5407.75 
2038 5438.19 
2039 5482.26 

Alternative 7 Sp_Biomass
     Model_Proj.dat 
Equil_Fabc 35621.7 
Year 
2020 52902.5 
2021 51913.9 
2022 47196.8 
2023 42395.8 
2024 37305.7 
2025 32939.9 
2026 29717 
2027 27730.3 
2028 26819 
2029 26763 
2030 27280.9 
2031 28139.9 
2032 29189.3 
2033 30262.9 
2034 31143.4 
2035 31708.6 
2036 31982.8 
2037 32105.6 
2038 32238.2 
2039 32390.6 

Alternative 7 Fishing Mortality
     Model_Proj.dat 
Equil_Fabc 0.184443 
Year 
2020 0.0739074 
2021 0.184443 
2022 0.184443 
2023 0.217575 
2024 0.217575 
2025 0.200333 
2026 0.179612 
2027 0.166735 
2028 0.160144 
2029 0.15789 
2030 0.15804 
2031 0.159475 
2032 0.162467 
2033 0.165582 
2034 0.168385 
2035 0.170783 
2036 0.172381 
2037 0.173627 
2038 0.174658 
2039 0.175404 

Alternative 7 Biomass
     Model_Proj.dat 

Year 
2020 92104.6 
2021 87862.8 
2022 79439 
2023 73048.8 
2024 66907.8 
2025 63237.9 
2026 61222.4 
2027 61107.8 
2028 62680.9 
2029 64975.2 
2030 67011.1 
2031 68869.2 
2032 70648.3 
2033 71998.6 
2034 73734.3 
2035 74667.4 
2036 75178.6 
2037 75495.5 
2038 75749.2 
2039 76073.2 

Alternative 7 Implied SPR rate 
     Model_Proj.dat 
Equil_Fabc 0.4 
Year 
2020 0.667549 
2021 0.4 
2022 0.4 
2023 0.35 
2024 0.35 
2025 0.374782 
2026 0.408225 
2027 0.431647 
2028 0.445198 
2029 0.451182 
2030 0.452744 
2031 0.451451 
2032 0.446974 
2033 0.441727 
2034 0.436523 
2035 0.432155 
2036 0.429144 
2037 0.426709 
2038 0.424587 
2039 0.423161 

  Model_Proj.dat 
EquilAvgAgeF0  9.11007 
EquilAvgAgeFabc  6.37845 
AvgAgeYr2039 7.04588 
