Alternative 1 Catch
     bsai_akp 
Equil_Fabc 50586.8 
Year 
2021 15862 
2022 11253 
2023 18054 
2024 18054 
2025 28014.5 
2026 30918.7 
2027 34075.2 
2028 37262 
2029 40118.2 
2030 42514.2 
2031 44507 
2032 46138.7 
2033 47387.2 
2034 48337.1 
2035 49004.4 

Alternative 1 ABCs
     bsai_akp 

Year 
2021 20381.5 
2022 20162.5 
2023 22036.9 
2024 24388.2 
2025 28014.5 
2026 30918.7 
2027 34075.2 
2028 37262 
2029 40118.2 
2030 42514.2 
2031 44507 
2032 46138.7 
2033 47387.2 
2034 48337.1 
2035 49004.4 

Alternative 1 TACs
     bsai_akp 

Year 
2021  NA 
2022  NA 
2023  NA 
2024  NA 
2025 28014.5 
2026 30918.7 
2027 34075.2 
2028 37262 
2029 40118.2 
2030 42514.2 
2031 44507 
2032 46138.7 
2033 47387.2 
2034 48337.1 
2035 49004.4 

Alternative 1 Sp_Biomass
     bsai_akp 
Equil_Fabc 229270 
Year 
2021 143363 
2022 143425 
2023 149818 
2024 158521 
2025 169570 
2026 178299 
2027 187088 
2028 196026 
2029 204710 
2030 212673 
2031 219548 
2032 225193 
2033 229496 
2034 232562 
2035 234498 

Alternative 1 Fishing Mortality
     bsai_akp 
Equil_Fabc 0.140028 
Year 
2021 0.0651529 
2022 0.0462053 
2023 0.0721297 
2024 0.06894 
2025 0.101646 
2026 0.107244 
2027 0.112788 
2028 0.117608 
2029 0.120964 
2030 0.123034 
2031 0.124381 
2032 0.125348 
2033 0.125982 
2034 0.126519 
2035 0.126941 

Alternative 1 Biomass
     bsai_akp 

Year 
2021 429307 
2022 453468 
2023 487201 
2024 517409 
2025 551849 
2026 577556 
2027 601270 
2028 622533 
2029 639498 
2030 653795 
2031 664388 
2032 672844 
2033 679594 
2034 684372 
2035 688411 

Alternative 1 Implied SPR rate 
     bsai_akp 
Equil_Fabc 0.4 
Year 
2021 0.601753 
2022 0.684171 
2023 0.575739 
2024 0.587384 
2025 0.485014 
2026 0.47079 
2027 0.457682 
2028 0.447072 
2029 0.440104 
2030 0.435986 
2031 0.43338 
2032 0.431512 
2033 0.430262 
2034 0.429187 
2035 0.428331 

  bsai_akp 
EquilAvgAgeF0  7.79062 
EquilAvgAgeFabc  5.35076 
AvgAgeYr2035 85.6965 
Alternative 2 Catch
     bsai_akp 
Equil_Fabc 50586.8 
Year 
2021 15862 
2022 11253 
2023 18054 
2024 18054 
2025 28014.5 
2026 30918.7 
2027 34075.2 
2028 37262 
2029 40118.2 
2030 42514.2 
2031 44507 
2032 46138.7 
2033 47387.2 
2034 48337.1 
2035 49004.4 

Alternative 2 ABCs
     bsai_akp 

Year 
2021 20381.5 
2022 20162.5 
2023 22036.9 
2024 24388.2 
2025 28014.5 
2026 30918.7 
2027 34075.2 
2028 37262 
2029 40118.2 
2030 42514.2 
2031 44507 
2032 46138.7 
2033 47387.2 
2034 48337.1 
2035 49004.4 

Alternative 2 TACs
     bsai_akp 

Year 
2021  NA 
2022  NA 
2023  NA 
2024  NA 
2025 28014.5 
2026 30918.7 
2027 34075.2 
2028 37262 
2029 40118.2 
2030 42514.2 
2031 44507 
2032 46138.7 
2033 47387.2 
2034 48337.1 
2035 49004.4 

Alternative 2 Sp_Biomass
     bsai_akp 
Equil_Fabc 229270 
Year 
2021 143363 
2022 143425 
2023 149818 
2024 158521 
2025 169570 
2026 178299 
2027 187088 
2028 196026 
2029 204710 
2030 212673 
2031 219548 
2032 225193 
2033 229496 
2034 232562 
2035 234498 

Alternative 2 Fishing Mortality
     bsai_akp 
Equil_Fabc 0.140028 
Year 
2021 0.0651529 
2022 0.0462053 
2023 0.0721297 
2024 0.06894 
2025 0.101646 
2026 0.107244 
2027 0.112788 
2028 0.117608 
2029 0.120964 
2030 0.123034 
2031 0.124381 
2032 0.125348 
2033 0.125982 
2034 0.126519 
2035 0.126941 

Alternative 2 Biomass
     bsai_akp 

Year 
2021 429307 
2022 453468 
2023 487201 
2024 517409 
2025 551849 
2026 577556 
2027 601270 
2028 622533 
2029 639498 
2030 653795 
2031 664388 
2032 672844 
2033 679594 
2034 684372 
2035 688411 

Alternative 2 Implied SPR rate 
     bsai_akp 
Equil_Fabc 0.4 
Year 
2021 0.601753 
2022 0.684171 
2023 0.575739 
2024 0.587384 
2025 0.485014 
2026 0.47079 
2027 0.457682 
2028 0.447072 
2029 0.440104 
2030 0.435986 
2031 0.43338 
2032 0.431512 
2033 0.430262 
2034 0.429187 
2035 0.428331 

  bsai_akp 
EquilAvgAgeF0  7.79062 
EquilAvgAgeFabc  5.35076 
AvgAgeYr2035 85.6965 
Alternative 3 Catch
     bsai_akp 
Equil_Fabc 50586.8 
Year 
2021 15862 
2022 11253 
2023 18054 
2024 18054 
2025 13501 
2026 14695.1 
2027 15990.7 
2028 17366.7 
2029 18792.3 
2030 20213.6 
2031 21580.7 
2032 22856.5 
2033 24011 
2034 25029 
2035 25905.9 

Alternative 3 ABCs
     bsai_akp 

Year 
2021 20381.5 
2022 20162.5 
2023 22036.9 
2024 24388.2 
2025 28014.5 
2026 33405.1 
2027 39612.1 
2028 45812.5 
2029 51149.6 
2030 55700 
2031 59786.3 
2032 63516.7 
2033 66856.4 
2034 69777.9 
2035 72274.8 

Alternative 3 TACs
     bsai_akp 

Year 
2021  NA 
2022  NA 
2023  NA 
2024  NA 
2025 13501 
2026 14695.1 
2027 15990.7 
2028 17366.7 
2029 18792.3 
2030 20213.6 
2031 21580.7 
2032 22856.5 
2033 24011 
2034 25029 
2035 25905.9 

Alternative 3 Sp_Biomass
     bsai_akp 
Equil_Fabc 229270 
Year 
2021 143363 
2022 143425 
2023 149818 
2024 158521 
2025 171416 
2026 187638 
2027 204867 
2028 223082 
2029 241743 
2030 260116 
2031 277474 
2032 293381 
2033 307473 
2034 319660 
2035 329915 

Alternative 3 Fishing Mortality
     bsai_akp 
Equil_Fabc 0.140028 
Year 
2021 0.0651529 
2022 0.0462053 
2023 0.0721297 
2024 0.06894 
2025 0.048 
2026 0.048 
2027 0.048 
2028 0.048 
2029 0.048 
2030 0.048 
2031 0.048 
2032 0.048 
2033 0.048 
2034 0.048 
2035 0.048 

Alternative 3 Biomass
     bsai_akp 

Year 
2021 429307 
2022 453468 
2023 487201 
2024 517409 
2025 551849 
2026 591271 
2027 629822 
2028 667074 
2029 701033 
2030 732843 
2031 760905 
2032 786386 
2033 809380 
2034 829353 
2035 847342 

Alternative 3 Implied SPR rate 
     bsai_akp 
Equil_Fabc 0.4 
Year 
2021 0.601753 
2022 0.684171 
2023 0.575739 
2024 0.587384 
2025 0.675521 
2026 0.675521 
2027 0.675521 
2028 0.675521 
2029 0.675521 
2030 0.675521 
2031 0.675521 
2032 0.675521 
2033 0.675521 
2034 0.675521 
2035 0.675521 

  bsai_akp 
EquilAvgAgeF0  7.79062 
EquilAvgAgeFabc  5.35076 
AvgAgeYr2035 90.8054 
Alternative 4 Catch
     bsai_akp 
Equil_Fabc 50586.8 
Year 
2021 15862 
2022 11253 
2023 18054 
2024 18054 
2025 9547.84 
2026 10499.8 
2027 11531.5 
2028 12626.7 
2029 13762.6 
2030 14899.9 
2031 16001.6 
2032 17039.6 
2033 17990.7 
2034 18842.1 
2035 19588.3 

Alternative 4 ABCs
     bsai_akp 

Year 
2021 20381.5 
2022 20162.5 
2023 22036.9 
2024 24388.2 
2025 28014.5 
2026 34099.2 
2027 41129.4 
2028 47999.7 
2029 53725.7 
2030 58631.4 
2031 63156.9 
2032 67352.1 
2033 71159.7 
2034 74555.3 
2035 77516.1 

Alternative 4 TACs
     bsai_akp 

Year 
2021  NA 
2022  NA 
2023  NA 
2024  NA 
2025 9547.84 
2026 10499.8 
2027 11531.5 
2028 12626.7 
2029 13762.6 
2030 14899.9 
2031 16001.6 
2032 17039.6 
2033 17990.7 
2034 18842.1 
2035 19588.3 

Alternative 4 Sp_Biomass
     bsai_akp 
Equil_Fabc 229270 
Year 
2021 143363 
2022 143425 
2023 149818 
2024 158521 
2025 171910 
2026 190153 
2027 209557 
2028 230061 
2029 251102 
2030 271914 
2031 291734 
2032 310089 
2033 326577 
2034 341072 
2035 353514 

Alternative 4 Fishing Mortality
     bsai_akp 
Equil_Fabc 0.140028 
Year 
2021 0.0651529 
2022 0.0462053 
2023 0.0721297 
2024 0.06894 
2025 0.033759 
2026 0.033759 
2027 0.033759 
2028 0.033759 
2029 0.033759 
2030 0.033759 
2031 0.033759 
2032 0.033759 
2033 0.033759 
2034 0.033759 
2035 0.033759 

Alternative 4 Biomass
     bsai_akp 

Year 
2021 429307 
2022 453468 
2023 487201 
2024 517409 
2025 551849 
2026 595005 
2027 637372 
2028 678511 
2029 716416 
2030 752212 
2031 784264 
2032 813706 
2033 840582 
2034 864317 
2035 885895 

Alternative 4 Implied SPR rate 
     bsai_akp 
Equil_Fabc 0.4 
Year 
2021 0.601753 
2022 0.684171 
2023 0.575739 
2024 0.587384 
2025 0.75 
2026 0.75 
2027 0.75 
2028 0.75 
2029 0.75 
2030 0.75 
2031 0.75 
2032 0.75 
2033 0.75 
2034 0.75 
2035 0.75 

  bsai_akp 
EquilAvgAgeF0  7.79062 
EquilAvgAgeFabc  5.35076 
AvgAgeYr2035 92.016 
Alternative 5 Catch
     bsai_akp 
Equil_Fabc 50586.8 
Year 
2021 15862 
2022 11253 
2023 18054 
2024 18054 
2025  NA 
2026  NA 
2027  NA 
2028  NA 
2029  NA 
2030  NA 
2031  NA 
2032  NA 
2033  NA 
2034  NA 
2035  NA 

Alternative 5 ABCs
     bsai_akp 

Year 
2021 20381.5 
2022 20162.5 
2023 22036.9 
2024 24388.2 
2025 28014.5 
2026 35805.6 
2027 44920.9 
2028 53098.9 
2029 59446.1 
2030 65430.5 
2031 71288 
2032 76928.4 
2033 82243.3 
2034 87164.9 
2035 91642.9 

Alternative 5 TACs
     bsai_akp 

Year 
2021  NA 
2022  NA 
2023  NA 
2024  NA 
2025  NA 
2026  NA 
2027  NA 
2028  NA 
2029  NA 
2030  NA 
2031  NA 
2032  NA 
2033  NA 
2034  NA 
2035  NA 

Alternative 5 Sp_Biomass
     bsai_akp 
Equil_Fabc 229270 
Year 
2021 143363 
2022 143425 
2023 149818 
2024 158521 
2025 173087 
2026 196269 
2027 221189 
2028 247702 
2029 275174 
2030 302773 
2031 329622 
2032 355148 
2033 378830 
2034 400432 
2035 419787 

Alternative 5 Fishing Mortality
     bsai_akp 
Equil_Fabc 0.140028 
Year 
2021 0.0651529 
2022 0.0462053 
2023 0.0721297 
2024 0.06894 
2025  NA 
2026  NA 
2027  NA 
2028  NA 
2029  NA 
2030  NA 
2031  NA 
2032  NA 
2033  NA 
2034  NA 
2035  NA 

Alternative 5 Biomass
     bsai_akp 

Year 
2021 429307 
2022 453468 
2023 487201 
2024 517409 
2025 551849 
2026 604022 
2027 655936 
2028 707125 
2029 755555 
2030 802290 
2031 845596 
2032 886500 
2033 924902 
2034 960095 
2035 992889 

Alternative 5 Implied SPR rate 
     bsai_akp 
Equil_Fabc 0.4 
Year 
2021 0.601753 
2022 0.684171 
2023 0.575739 
2024 0.587384 
2025 1 
2026 1 
2027 1 
2028 1 
2029 1 
2030 1 
2031 1 
2032 1 
2033 1 
2034 1 
2035 1 

  bsai_akp 
EquilAvgAgeF0  7.79062 
EquilAvgAgeFabc  5.35076 
AvgAgeYr2035 95.1452 
Alternative 6 Catch
     bsai_akp 
Equil_Fabc 50586.8 
Year 
2021 15862 
2022 24258.1 
2023 24322.3 
2024 26031.7 
2025 28811.7 
2026 32034.8 
2027 35558.8 
2028 39259.5 
2029 42657.2 
2030 45534.1 
2031 47795.2 
2032 49529.9 
2033 50832.3 
2034 51689.1 
2035 52207.3 

Alternative 6 ABCs
     bsai_akp 

Year 
2021 20381.5 
2022 20162.5 
2023 20208.5 
2024 21631.8 
2025 23954 
2026 26650.2 
2027 29600.6 
2028 32692.7 
2029 35526.3 
2030 37918.9 
2031 39800.3 
2032 41243.3 
2033 42330 
2034 43043.6 
2035 43476.9 

Alternative 6 TACs
     bsai_akp 

Year 
2021  NA 
2022 24258.1 
2023 24322.3 
2024 26031.7 
2025 28811.7 
2026 32034.8 
2027 35558.8 
2028 39259.5 
2029 42657.2 
2030 45534.1 
2031 47795.2 
2032 49529.9 
2033 50832.3 
2034 51689.1 
2035 52207.3 

Alternative 6 Sp_Biomass
     bsai_akp 
Equil_Fabc 229270 
Year 
2021 143363 
2022 141721 
2023 142657 
2024 148285 
2025 156579 
2026 165220 
2027 173901 
2028 182627 
2029 190877 
2030 198134 
2031 204080 
2032 208687 
2033 211933 
2034 213985 
2035 215030 

Alternative 6 Fishing Mortality
     bsai_akp 
Equil_Fabc 0.140028 
Year 
2021 0.0651529 
2022 0.101914 
2023 0.102646 
2024 0.10705 
2025 0.113539 
2026 0.120295 
2027 0.127025 
2028 0.133291 
2029 0.138056 
2030 0.141395 
2031 0.143545 
2032 0.144999 
2033 0.146118 
2034 0.146826 
2035 0.147278 

Alternative 6 Biomass
     bsai_akp 

Year 
2021 429307 
2022 453468 
2023 475176 
2024 500161 
2025 527996 
2026 554161 
2027 578074 
2028 599207 
2029 615549 
2030 628716 
2031 637752 
2032 644445 
2033 649411 
2034 652444 
2035 654933 

Alternative 6 Implied SPR rate 
     bsai_akp 
Equil_Fabc 0.4 
Year 
2021 0.601753 
2022 0.484278 
2023 0.482362 
2024 0.471121 
2025 0.455417 
2026 0.440179 
2027 0.426218 
2028 0.414397 
2029 0.406049 
2030 0.400502 
2031 0.397006 
2032 0.394637 
2033 0.392806 
2034 0.391614 
2035 0.390843 

  bsai_akp 
EquilAvgAgeF0  7.79062 
EquilAvgAgeFabc  5.35076 
AvgAgeYr2035 83.7601 
Alternative 7 Catch
     bsai_akp 
Equil_Fabc 50586.8 
Year 
2021 15862 
2022 20162.6 
2023 20775.5 
2024 27317.7 
2025 29893.9 
2026 32917.7 
2027 36250.4 
2028 39766.6 
2029 43008.5 
2030 45766 
2031 47944.6 
2032 49623.7 
2033 50890.3 
2034 51723.6 
2035 52227.2 

Alternative 7 ABCs
     bsai_akp 

Year 
2021 20381.5 
2022 20162.5 
2023 20775.5 
2024 22707.4 
2025 24860.1 
2026 27390.2 
2027 30180.6 
2028 33117.7 
2029 35820.8 
2030 38112.8 
2031 39925.3 
2032 41321.8 
2033 42378.4 
2034 43072.5 
2035 43493.4 

Alternative 7 TACs
     bsai_akp 

Year 
2021  NA 
2022 24258.1 
2023 25000.4 
2024 27317.7 
2025 29893.9 
2026 32917.7 
2027 36250.4 
2028 39766.6 
2029 43008.5 
2030 45766 
2031 47944.6 
2032 49623.7 
2033 50890.3 
2034 51723.6 
2035 52227.2 

Alternative 7 Sp_Biomass
     bsai_akp 
Equil_Fabc 229270 
Year 
2021 143363 
2022 142264 
2023 145112 
2024 151784 
2025 159385 
2026 167390 
2027 175510 
2028 183769 
2029 191657 
2030 198648 
2031 204409 
2032 208891 
2033 212056 
2034 214055 
2035 215067 

Alternative 7 Fishing Mortality
     bsai_akp 
Equil_Fabc 0.140028 
Year 
2021 0.0651529 
2022 0.0840912 
2023 0.0859221 
2024 0.109787 
2025 0.115735 
2026 0.121991 
2027 0.12828 
2028 0.134151 
2029 0.13861 
2030 0.141732 
2031 0.143746 
2032 0.145115 
2033 0.146185 
2034 0.146862 
2035 0.147297 

Alternative 7 Biomass
     bsai_akp 

Year 
2021 429307 
2022 453468 
2023 478964 
2024 507066 
2025 533345 
2026 558182 
2027 580996 
2028 601254 
2029 616941 
2030 629639 
2031 638352 
2032 644828 
2033 649651 
2034 652590 
2035 655018 

Alternative 7 Implied SPR rate 
     bsai_akp 
Equil_Fabc 0.4 
Year 
2021 0.601753 
2022 0.53555 
2023 0.529841 
2024 0.464365 
2025 0.450307 
2026 0.436455 
2027 0.423609 
2028 0.412675 
2029 0.404959 
2030 0.399837 
2031 0.396607 
2032 0.394403 
2033 0.392671 
2034 0.391541 
2035 0.390805 

  bsai_akp 
EquilAvgAgeF0  7.79062 
EquilAvgAgeFabc  5.35076 
AvgAgeYr2035 83.9391 
