bsai_akp 1 2021 Cabc 50586.8
bsai_akp 1 2021 Cofl 53232.9
bsai_akp 1 2021 CLCI 15862
bsai_akp 1 2021 CUCI 15862
bsai_akp 1 2021 CMedian 15862
bsai_akp 1 2021 CMean 15862
bsai_akp 1 2021 CStdn 2.31012e-10
bsai_akp 1 2022 Cabc 50586.8
bsai_akp 1 2022 Cofl 53232.9
bsai_akp 1 2022 CLCI 11253
bsai_akp 1 2022 CUCI 11253
bsai_akp 1 2022 CMedian 11253
bsai_akp 1 2022 CMean 11253
bsai_akp 1 2022 CStdn 0.000532683
bsai_akp 1 2023 Cabc 50586.8
bsai_akp 1 2023 Cofl 53232.9
bsai_akp 1 2023 CLCI 18054
bsai_akp 1 2023 CUCI 18054
bsai_akp 1 2023 CMedian 18054
bsai_akp 1 2023 CMean 18054
bsai_akp 1 2023 CStdn 0.000415384
bsai_akp 1 2024 Cabc 50586.8
bsai_akp 1 2024 Cofl 53232.9
bsai_akp 1 2024 CLCI 18054
bsai_akp 1 2024 CUCI 18054
bsai_akp 1 2024 CMedian 18054
bsai_akp 1 2024 CMean 18054
bsai_akp 1 2024 CStdn 0.00603569
bsai_akp 1 2025 Cabc 50586.8
bsai_akp 1 2025 Cofl 53232.9
bsai_akp 1 2025 CLCI 27195.8
bsai_akp 1 2025 CUCI 29623.5
bsai_akp 1 2025 CMedian 27731.8
bsai_akp 1 2025 CMean 28014.5
bsai_akp 1 2025 CStdn 939.571
bsai_akp 1 2026 Cabc 50586.8
bsai_akp 1 2026 Cofl 53232.9
bsai_akp 1 2026 CLCI 28939
bsai_akp 1 2026 CUCI 34970.5
bsai_akp 1 2026 CMedian 30227
bsai_akp 1 2026 CMean 30918.7
bsai_akp 1 2026 CStdn 2213.83
bsai_akp 1 2027 Cabc 50586.8
bsai_akp 1 2027 Cofl 53232.9
bsai_akp 1 2027 CLCI 29852.2
bsai_akp 1 2027 CUCI 42681.9
bsai_akp 1 2027 CMedian 32700.2
bsai_akp 1 2027 CMean 34075.2
bsai_akp 1 2027 CStdn 4431.07
bsai_akp 1 2028 Cabc 50586.8
bsai_akp 1 2028 Cofl 53232.9
bsai_akp 1 2028 CLCI 29663.7
bsai_akp 1 2028 CUCI 52386.5
bsai_akp 1 2028 CMedian 35214.7
bsai_akp 1 2028 CMean 37262
bsai_akp 1 2028 CStdn 7147.92
bsai_akp 1 2029 Cabc 50586.8
bsai_akp 1 2029 Cofl 53232.9
bsai_akp 1 2029 CLCI 28511.6
bsai_akp 1 2029 CUCI 58296.8
bsai_akp 1 2029 CMedian 37623.8
bsai_akp 1 2029 CMean 40118.2
bsai_akp 1 2029 CStdn 9742.2
bsai_akp 1 2030 Cabc 50586.8
bsai_akp 1 2030 Cofl 53232.9
bsai_akp 1 2030 CLCI 27356.4
bsai_akp 1 2030 CUCI 62899.2
bsai_akp 1 2030 CMedian 40173.9
bsai_akp 1 2030 CMean 42514.2
bsai_akp 1 2030 CStdn 11915.8
bsai_akp 1 2031 Cabc 50586.8
bsai_akp 1 2031 Cofl 53232.9
bsai_akp 1 2031 CLCI 26077.4
bsai_akp 1 2031 CUCI 67531.7
bsai_akp 1 2031 CMedian 42724.6
bsai_akp 1 2031 CMean 44507
bsai_akp 1 2031 CStdn 13652.6
bsai_akp 1 2032 Cabc 50586.8
bsai_akp 1 2032 Cofl 53232.9
bsai_akp 1 2032 CLCI 25841.5
bsai_akp 1 2032 CUCI 70861.5
bsai_akp 1 2032 CMedian 44475.7
bsai_akp 1 2032 CMean 46138.7
bsai_akp 1 2032 CStdn 14992.5
bsai_akp 1 2033 Cabc 50586.8
bsai_akp 1 2033 Cofl 53232.9
bsai_akp 1 2033 CLCI 25278.1
bsai_akp 1 2033 CUCI 73676.2
bsai_akp 1 2033 CMedian 45754.1
bsai_akp 1 2033 CMean 47387.2
bsai_akp 1 2033 CStdn 15941
bsai_akp 1 2034 Cabc 50586.8
bsai_akp 1 2034 Cofl 53232.9
bsai_akp 1 2034 CLCI 24542.4
bsai_akp 1 2034 CUCI 76954.2
bsai_akp 1 2034 CMedian 46836.5
bsai_akp 1 2034 CMean 48337.1
bsai_akp 1 2034 CStdn 16512.6
bsai_akp 1 2035 Cabc 50586.8
bsai_akp 1 2035 Cofl 53232.9
bsai_akp 1 2035 CLCI 24514.1
bsai_akp 1 2035 CUCI 77567.8
bsai_akp 1 2035 CMedian 47694.4
bsai_akp 1 2035 CMean 49004.4
bsai_akp 1 2035 CStdn 16755.8
bsai_akp 1 2021 SSBF100 573174
bsai_akp 1 2021 SSBFabc 229270
bsai_akp 1 2021 SSBFofl 200611
bsai_akp 1 2021 SSBLCI 143363
bsai_akp 1 2021 SSBUCI 143363
bsai_akp 1 2021 SSBMedian 143363
bsai_akp 1 2021 SSBMean 143363
bsai_akp 1 2022 SSBF100 573174
bsai_akp 1 2022 SSBFabc 229270
bsai_akp 1 2022 SSBFofl 200611
bsai_akp 1 2022 SSBLCI 143424
bsai_akp 1 2022 SSBUCI 143429
bsai_akp 1 2022 SSBMedian 143425
bsai_akp 1 2022 SSBMean 143425
bsai_akp 1 2023 SSBF100 573174
bsai_akp 1 2023 SSBFabc 229270
bsai_akp 1 2023 SSBFofl 200611
bsai_akp 1 2023 SSBLCI 149659
bsai_akp 1 2023 SSBUCI 150217
bsai_akp 1 2023 SSBMedian 149742
bsai_akp 1 2023 SSBMean 149818
bsai_akp 1 2024 SSBF100 573174
bsai_akp 1 2024 SSBFabc 229270
bsai_akp 1 2024 SSBFofl 200611
bsai_akp 1 2024 SSBLCI 157846
bsai_akp 1 2024 SSBUCI 159990
bsai_akp 1 2024 SSBMedian 158255
bsai_akp 1 2024 SSBMean 158521
bsai_akp 1 2025 SSBF100 573174
bsai_akp 1 2025 SSBFabc 229270
bsai_akp 1 2025 SSBFofl 200611
bsai_akp 1 2025 SSBLCI 167500
bsai_akp 1 2025 SSBUCI 173849
bsai_akp 1 2025 SSBMedian 168822
bsai_akp 1 2025 SSBMean 169570
bsai_akp 1 2026 SSBF100 573174
bsai_akp 1 2026 SSBFabc 229270
bsai_akp 1 2026 SSBFofl 200611
bsai_akp 1 2026 SSBLCI 172949
bsai_akp 1 2026 SSBUCI 188863
bsai_akp 1 2026 SSBMedian 176483
bsai_akp 1 2026 SSBMean 178299
bsai_akp 1 2027 SSBF100 573174
bsai_akp 1 2027 SSBFabc 229270
bsai_akp 1 2027 SSBFofl 200611
bsai_akp 1 2027 SSBLCI 175637
bsai_akp 1 2027 SSBUCI 209557
bsai_akp 1 2027 SSBMedian 183490
bsai_akp 1 2027 SSBMean 187088
bsai_akp 1 2028 SSBF100 573174
bsai_akp 1 2028 SSBFabc 229270
bsai_akp 1 2028 SSBFofl 200611
bsai_akp 1 2028 SSBLCI 174633
bsai_akp 1 2028 SSBUCI 236737
bsai_akp 1 2028 SSBMedian 190259
bsai_akp 1 2028 SSBMean 196026
bsai_akp 1 2029 SSBF100 573174
bsai_akp 1 2029 SSBFabc 229270
bsai_akp 1 2029 SSBFofl 200611
bsai_akp 1 2029 SSBLCI 170827
bsai_akp 1 2029 SSBUCI 265929
bsai_akp 1 2029 SSBMedian 196619
bsai_akp 1 2029 SSBMean 204710
bsai_akp 1 2030 SSBF100 573174
bsai_akp 1 2030 SSBFabc 229270
bsai_akp 1 2030 SSBFofl 200611
bsai_akp 1 2030 SSBLCI 166400
bsai_akp 1 2030 SSBUCI 289952
bsai_akp 1 2030 SSBMedian 202950
bsai_akp 1 2030 SSBMean 212673
bsai_akp 1 2031 SSBF100 573174
bsai_akp 1 2031 SSBFabc 229270
bsai_akp 1 2031 SSBFofl 200611
bsai_akp 1 2031 SSBLCI 162349
bsai_akp 1 2031 SSBUCI 308518
bsai_akp 1 2031 SSBMedian 209894
bsai_akp 1 2031 SSBMean 219548
bsai_akp 1 2032 SSBF100 573174
bsai_akp 1 2032 SSBFabc 229270
bsai_akp 1 2032 SSBFofl 200611
bsai_akp 1 2032 SSBLCI 162213
bsai_akp 1 2032 SSBUCI 323753
bsai_akp 1 2032 SSBMedian 213504
bsai_akp 1 2032 SSBMean 225193
bsai_akp 1 2033 SSBF100 573174
bsai_akp 1 2033 SSBFabc 229270
bsai_akp 1 2033 SSBFofl 200611
bsai_akp 1 2033 SSBLCI 160132
bsai_akp 1 2033 SSBUCI 334226
bsai_akp 1 2033 SSBMedian 216374
bsai_akp 1 2033 SSBMean 229496
bsai_akp 1 2034 SSBF100 573174
bsai_akp 1 2034 SSBFabc 229270
bsai_akp 1 2034 SSBFofl 200611
bsai_akp 1 2034 SSBLCI 158028
bsai_akp 1 2034 SSBUCI 347854
bsai_akp 1 2034 SSBMedian 218638
bsai_akp 1 2034 SSBMean 232562
bsai_akp 1 2035 SSBF100 573174
bsai_akp 1 2035 SSBFabc 229270
bsai_akp 1 2035 SSBFofl 200611
bsai_akp 1 2035 SSBLCI 157793
bsai_akp 1 2035 SSBUCI 349659
bsai_akp 1 2035 SSBMedian 220959
bsai_akp 1 2035 SSBMean 234498
bsai_akp 1 2021 F0 0 
bsai_akp 1 2021 Fabc 0.140028
bsai_akp 1 2021 Fofl 0.170414
bsai_akp 1 2021  F_LCI 0.0651529
bsai_akp 1 2021  F_UCI 0.0651529
bsai_akp 1 2021  F_Median 0.0651529
bsai_akp 1 2021  F_Mean 0.0651529
bsai_akp 1 2022 F0 0 
bsai_akp 1 2022 Fabc 0.140028
bsai_akp 1 2022 Fofl 0.170414
bsai_akp 1 2022  F_LCI 0.04609
bsai_akp 1 2022  F_UCI 0.0462512
bsai_akp 1 2022  F_Median 0.0462272
bsai_akp 1 2022  F_Mean 0.0462053
bsai_akp 1 2023 F0 0 
bsai_akp 1 2023 Fabc 0.140028
bsai_akp 1 2023 Fofl 0.170414
bsai_akp 1 2023  F_LCI 0.0716564
bsai_akp 1 2023  F_UCI 0.0723521
bsai_akp 1 2023  F_Median 0.0722071
bsai_akp 1 2023  F_Mean 0.0721297
bsai_akp 1 2024 F0 0 
bsai_akp 1 2024 Fabc 0.140028
bsai_akp 1 2024 Fofl 0.170414
bsai_akp 1 2024  F_LCI 0.0679088
bsai_akp 1 2024  F_UCI 0.0694627
bsai_akp 1 2024  F_Median 0.0691075
bsai_akp 1 2024  F_Mean 0.06894
bsai_akp 1 2025 F0 0 
bsai_akp 1 2025 Fabc 0.140028
bsai_akp 1 2025 Fofl 0.170414
bsai_akp 1 2025  F_LCI 0.100315
bsai_akp 1 2025  F_UCI 0.104397
bsai_akp 1 2025  F_Median 0.101165
bsai_akp 1 2025  F_Mean 0.101646
bsai_akp 1 2026 F0 0 
bsai_akp 1 2026 Fabc 0.140028
bsai_akp 1 2026 Fofl 0.170414
bsai_akp 1 2026  F_LCI 0.103818
bsai_akp 1 2026  F_UCI 0.114049
bsai_akp 1 2026  F_Median 0.106091
bsai_akp 1 2026  F_Mean 0.107244
bsai_akp 1 2027 F0 0 
bsai_akp 1 2027 Fabc 0.140028
bsai_akp 1 2027 Fofl 0.170414
bsai_akp 1 2027  F_LCI 0.105547
bsai_akp 1 2027  F_UCI 0.127354
bsai_akp 1 2027  F_Median 0.110596
bsai_akp 1 2027  F_Mean 0.112788
bsai_akp 1 2028 F0 0 
bsai_akp 1 2028 Fabc 0.140028
bsai_akp 1 2028 Fofl 0.170414
bsai_akp 1 2028  F_LCI 0.104901
bsai_akp 1 2028  F_UCI 0.140028
bsai_akp 1 2028  F_Median 0.114947
bsai_akp 1 2028  F_Mean 0.117608
bsai_akp 1 2029 F0 0 
bsai_akp 1 2029 Fabc 0.140028
bsai_akp 1 2029 Fofl 0.170414
bsai_akp 1 2029  F_LCI 0.102454
bsai_akp 1 2029  F_UCI 0.140028
bsai_akp 1 2029  F_Median 0.119036
bsai_akp 1 2029  F_Mean 0.120964
bsai_akp 1 2030 F0 0 
bsai_akp 1 2030 Fabc 0.140028
bsai_akp 1 2030 Fofl 0.170414
bsai_akp 1 2030  F_LCI 0.0996084
bsai_akp 1 2030  F_UCI 0.140028
bsai_akp 1 2030  F_Median 0.123106
bsai_akp 1 2030  F_Mean 0.123034
bsai_akp 1 2031 F0 0 
bsai_akp 1 2031 Fabc 0.140028
bsai_akp 1 2031 Fofl 0.170414
bsai_akp 1 2031  F_LCI 0.0970035
bsai_akp 1 2031  F_UCI 0.140028
bsai_akp 1 2031  F_Median 0.127571
bsai_akp 1 2031  F_Mean 0.124381
bsai_akp 1 2032 F0 0 
bsai_akp 1 2032 Fabc 0.140028
bsai_akp 1 2032 Fofl 0.170414
bsai_akp 1 2032  F_LCI 0.0969164
bsai_akp 1 2032  F_UCI 0.140028
bsai_akp 1 2032  F_Median 0.129891
bsai_akp 1 2032  F_Mean 0.125348
bsai_akp 1 2033 F0 0 
bsai_akp 1 2033 Fabc 0.140028
bsai_akp 1 2033 Fofl 0.170414
bsai_akp 1 2033  F_LCI 0.0955785
bsai_akp 1 2033  F_UCI 0.140028
bsai_akp 1 2033  F_Median 0.131736
bsai_akp 1 2033  F_Mean 0.125982
bsai_akp 1 2034 F0 0 
bsai_akp 1 2034 Fabc 0.140028
bsai_akp 1 2034 Fofl 0.170414
bsai_akp 1 2034  F_LCI 0.0942256
bsai_akp 1 2034  F_UCI 0.140028
bsai_akp 1 2034  F_Median 0.133193
bsai_akp 1 2034  F_Mean 0.126519
bsai_akp 1 2035 F0 0 
bsai_akp 1 2035 Fabc 0.140028
bsai_akp 1 2035 Fofl 0.170414
bsai_akp 1 2035  F_LCI 0.0940746
bsai_akp 1 2035  F_UCI 0.140028
bsai_akp 1 2035  F_Median 0.134685
bsai_akp 1 2035  F_Mean 0.126941
bsai_akp 2 2021 Cabc 50586.8
bsai_akp 2 2021 Cofl 53232.9
bsai_akp 2 2021 CLCI 15862
bsai_akp 2 2021 CUCI 15862
bsai_akp 2 2021 CMedian 15862
bsai_akp 2 2021 CMean 15862
bsai_akp 2 2021 CStdn 2.31012e-10
bsai_akp 2 2022 Cabc 50586.8
bsai_akp 2 2022 Cofl 53232.9
bsai_akp 2 2022 CLCI 11253
bsai_akp 2 2022 CUCI 11253
bsai_akp 2 2022 CMedian 11253
bsai_akp 2 2022 CMean 11253
bsai_akp 2 2022 CStdn 0.000532683
bsai_akp 2 2023 Cabc 50586.8
bsai_akp 2 2023 Cofl 53232.9
bsai_akp 2 2023 CLCI 18054
bsai_akp 2 2023 CUCI 18054
bsai_akp 2 2023 CMedian 18054
bsai_akp 2 2023 CMean 18054
bsai_akp 2 2023 CStdn 0.000415384
bsai_akp 2 2024 Cabc 50586.8
bsai_akp 2 2024 Cofl 53232.9
bsai_akp 2 2024 CLCI 18054
bsai_akp 2 2024 CUCI 18054
bsai_akp 2 2024 CMedian 18054
bsai_akp 2 2024 CMean 18054
bsai_akp 2 2024 CStdn 0.00603569
bsai_akp 2 2025 Cabc 50586.8
bsai_akp 2 2025 Cofl 53232.9
bsai_akp 2 2025 CLCI 27195.8
bsai_akp 2 2025 CUCI 29623.5
bsai_akp 2 2025 CMedian 27731.8
bsai_akp 2 2025 CMean 28014.5
bsai_akp 2 2025 CStdn 939.571
bsai_akp 2 2026 Cabc 50586.8
bsai_akp 2 2026 Cofl 53232.9
bsai_akp 2 2026 CLCI 28939
bsai_akp 2 2026 CUCI 34970.5
bsai_akp 2 2026 CMedian 30227
bsai_akp 2 2026 CMean 30918.7
bsai_akp 2 2026 CStdn 2213.83
bsai_akp 2 2027 Cabc 50586.8
bsai_akp 2 2027 Cofl 53232.9
bsai_akp 2 2027 CLCI 29852.2
bsai_akp 2 2027 CUCI 42681.9
bsai_akp 2 2027 CMedian 32700.2
bsai_akp 2 2027 CMean 34075.2
bsai_akp 2 2027 CStdn 4431.07
bsai_akp 2 2028 Cabc 50586.8
bsai_akp 2 2028 Cofl 53232.9
bsai_akp 2 2028 CLCI 29663.7
bsai_akp 2 2028 CUCI 52386.5
bsai_akp 2 2028 CMedian 35214.7
bsai_akp 2 2028 CMean 37262
bsai_akp 2 2028 CStdn 7147.92
bsai_akp 2 2029 Cabc 50586.8
bsai_akp 2 2029 Cofl 53232.9
bsai_akp 2 2029 CLCI 28511.6
bsai_akp 2 2029 CUCI 58296.8
bsai_akp 2 2029 CMedian 37623.8
bsai_akp 2 2029 CMean 40118.2
bsai_akp 2 2029 CStdn 9742.2
bsai_akp 2 2030 Cabc 50586.8
bsai_akp 2 2030 Cofl 53232.9
bsai_akp 2 2030 CLCI 27356.4
bsai_akp 2 2030 CUCI 62899.2
bsai_akp 2 2030 CMedian 40173.9
bsai_akp 2 2030 CMean 42514.2
bsai_akp 2 2030 CStdn 11915.8
bsai_akp 2 2031 Cabc 50586.8
bsai_akp 2 2031 Cofl 53232.9
bsai_akp 2 2031 CLCI 26077.4
bsai_akp 2 2031 CUCI 67531.7
bsai_akp 2 2031 CMedian 42724.6
bsai_akp 2 2031 CMean 44507
bsai_akp 2 2031 CStdn 13652.6
bsai_akp 2 2032 Cabc 50586.8
bsai_akp 2 2032 Cofl 53232.9
bsai_akp 2 2032 CLCI 25841.5
bsai_akp 2 2032 CUCI 70861.5
bsai_akp 2 2032 CMedian 44475.7
bsai_akp 2 2032 CMean 46138.7
bsai_akp 2 2032 CStdn 14992.5
bsai_akp 2 2033 Cabc 50586.8
bsai_akp 2 2033 Cofl 53232.9
bsai_akp 2 2033 CLCI 25278.1
bsai_akp 2 2033 CUCI 73676.2
bsai_akp 2 2033 CMedian 45754.1
bsai_akp 2 2033 CMean 47387.2
bsai_akp 2 2033 CStdn 15941
bsai_akp 2 2034 Cabc 50586.8
bsai_akp 2 2034 Cofl 53232.9
bsai_akp 2 2034 CLCI 24542.4
bsai_akp 2 2034 CUCI 76954.2
bsai_akp 2 2034 CMedian 46836.5
bsai_akp 2 2034 CMean 48337.1
bsai_akp 2 2034 CStdn 16512.6
bsai_akp 2 2035 Cabc 50586.8
bsai_akp 2 2035 Cofl 53232.9
bsai_akp 2 2035 CLCI 24514.1
bsai_akp 2 2035 CUCI 77567.8
bsai_akp 2 2035 CMedian 47694.4
bsai_akp 2 2035 CMean 49004.4
bsai_akp 2 2035 CStdn 16755.8
bsai_akp 2 2021 SSBF100 573174
bsai_akp 2 2021 SSBFabc 229270
bsai_akp 2 2021 SSBFofl 200611
bsai_akp 2 2021 SSBLCI 143363
bsai_akp 2 2021 SSBUCI 143363
bsai_akp 2 2021 SSBMedian 143363
bsai_akp 2 2021 SSBMean 143363
bsai_akp 2 2022 SSBF100 573174
bsai_akp 2 2022 SSBFabc 229270
bsai_akp 2 2022 SSBFofl 200611
bsai_akp 2 2022 SSBLCI 143424
bsai_akp 2 2022 SSBUCI 143429
bsai_akp 2 2022 SSBMedian 143425
bsai_akp 2 2022 SSBMean 143425
bsai_akp 2 2023 SSBF100 573174
bsai_akp 2 2023 SSBFabc 229270
bsai_akp 2 2023 SSBFofl 200611
bsai_akp 2 2023 SSBLCI 149659
bsai_akp 2 2023 SSBUCI 150217
bsai_akp 2 2023 SSBMedian 149742
bsai_akp 2 2023 SSBMean 149818
bsai_akp 2 2024 SSBF100 573174
bsai_akp 2 2024 SSBFabc 229270
bsai_akp 2 2024 SSBFofl 200611
bsai_akp 2 2024 SSBLCI 157846
bsai_akp 2 2024 SSBUCI 159990
bsai_akp 2 2024 SSBMedian 158255
bsai_akp 2 2024 SSBMean 158521
bsai_akp 2 2025 SSBF100 573174
bsai_akp 2 2025 SSBFabc 229270
bsai_akp 2 2025 SSBFofl 200611
bsai_akp 2 2025 SSBLCI 167500
bsai_akp 2 2025 SSBUCI 173849
bsai_akp 2 2025 SSBMedian 168822
bsai_akp 2 2025 SSBMean 169570
bsai_akp 2 2026 SSBF100 573174
bsai_akp 2 2026 SSBFabc 229270
bsai_akp 2 2026 SSBFofl 200611
bsai_akp 2 2026 SSBLCI 172949
bsai_akp 2 2026 SSBUCI 188863
bsai_akp 2 2026 SSBMedian 176483
bsai_akp 2 2026 SSBMean 178299
bsai_akp 2 2027 SSBF100 573174
bsai_akp 2 2027 SSBFabc 229270
bsai_akp 2 2027 SSBFofl 200611
bsai_akp 2 2027 SSBLCI 175637
bsai_akp 2 2027 SSBUCI 209557
bsai_akp 2 2027 SSBMedian 183490
bsai_akp 2 2027 SSBMean 187088
bsai_akp 2 2028 SSBF100 573174
bsai_akp 2 2028 SSBFabc 229270
bsai_akp 2 2028 SSBFofl 200611
bsai_akp 2 2028 SSBLCI 174633
bsai_akp 2 2028 SSBUCI 236737
bsai_akp 2 2028 SSBMedian 190259
bsai_akp 2 2028 SSBMean 196026
bsai_akp 2 2029 SSBF100 573174
bsai_akp 2 2029 SSBFabc 229270
bsai_akp 2 2029 SSBFofl 200611
bsai_akp 2 2029 SSBLCI 170827
bsai_akp 2 2029 SSBUCI 265929
bsai_akp 2 2029 SSBMedian 196619
bsai_akp 2 2029 SSBMean 204710
bsai_akp 2 2030 SSBF100 573174
bsai_akp 2 2030 SSBFabc 229270
bsai_akp 2 2030 SSBFofl 200611
bsai_akp 2 2030 SSBLCI 166400
bsai_akp 2 2030 SSBUCI 289952
bsai_akp 2 2030 SSBMedian 202950
bsai_akp 2 2030 SSBMean 212673
bsai_akp 2 2031 SSBF100 573174
bsai_akp 2 2031 SSBFabc 229270
bsai_akp 2 2031 SSBFofl 200611
bsai_akp 2 2031 SSBLCI 162349
bsai_akp 2 2031 SSBUCI 308518
bsai_akp 2 2031 SSBMedian 209894
bsai_akp 2 2031 SSBMean 219548
bsai_akp 2 2032 SSBF100 573174
bsai_akp 2 2032 SSBFabc 229270
bsai_akp 2 2032 SSBFofl 200611
bsai_akp 2 2032 SSBLCI 162213
bsai_akp 2 2032 SSBUCI 323753
bsai_akp 2 2032 SSBMedian 213504
bsai_akp 2 2032 SSBMean 225193
bsai_akp 2 2033 SSBF100 573174
bsai_akp 2 2033 SSBFabc 229270
bsai_akp 2 2033 SSBFofl 200611
bsai_akp 2 2033 SSBLCI 160132
bsai_akp 2 2033 SSBUCI 334226
bsai_akp 2 2033 SSBMedian 216374
bsai_akp 2 2033 SSBMean 229496
bsai_akp 2 2034 SSBF100 573174
bsai_akp 2 2034 SSBFabc 229270
bsai_akp 2 2034 SSBFofl 200611
bsai_akp 2 2034 SSBLCI 158028
bsai_akp 2 2034 SSBUCI 347854
bsai_akp 2 2034 SSBMedian 218638
bsai_akp 2 2034 SSBMean 232562
bsai_akp 2 2035 SSBF100 573174
bsai_akp 2 2035 SSBFabc 229270
bsai_akp 2 2035 SSBFofl 200611
bsai_akp 2 2035 SSBLCI 157793
bsai_akp 2 2035 SSBUCI 349659
bsai_akp 2 2035 SSBMedian 220959
bsai_akp 2 2035 SSBMean 234498
bsai_akp 2 2021 F0 0 
bsai_akp 2 2021 Fabc 0.140028
bsai_akp 2 2021 Fofl 0.170414
bsai_akp 2 2021  F_LCI 0.0651529
bsai_akp 2 2021  F_UCI 0.0651529
bsai_akp 2 2021  F_Median 0.0651529
bsai_akp 2 2021  F_Mean 0.0651529
bsai_akp 2 2022 F0 0 
bsai_akp 2 2022 Fabc 0.140028
bsai_akp 2 2022 Fofl 0.170414
bsai_akp 2 2022  F_LCI 0.04609
bsai_akp 2 2022  F_UCI 0.0462512
bsai_akp 2 2022  F_Median 0.0462272
bsai_akp 2 2022  F_Mean 0.0462053
bsai_akp 2 2023 F0 0 
bsai_akp 2 2023 Fabc 0.140028
bsai_akp 2 2023 Fofl 0.170414
bsai_akp 2 2023  F_LCI 0.0716564
bsai_akp 2 2023  F_UCI 0.0723521
bsai_akp 2 2023  F_Median 0.0722071
bsai_akp 2 2023  F_Mean 0.0721297
bsai_akp 2 2024 F0 0 
bsai_akp 2 2024 Fabc 0.140028
bsai_akp 2 2024 Fofl 0.170414
bsai_akp 2 2024  F_LCI 0.0679088
bsai_akp 2 2024  F_UCI 0.0694627
bsai_akp 2 2024  F_Median 0.0691075
bsai_akp 2 2024  F_Mean 0.06894
bsai_akp 2 2025 F0 0 
bsai_akp 2 2025 Fabc 0.140028
bsai_akp 2 2025 Fofl 0.170414
bsai_akp 2 2025  F_LCI 0.100315
bsai_akp 2 2025  F_UCI 0.104397
bsai_akp 2 2025  F_Median 0.101165
bsai_akp 2 2025  F_Mean 0.101646
bsai_akp 2 2026 F0 0 
bsai_akp 2 2026 Fabc 0.140028
bsai_akp 2 2026 Fofl 0.170414
bsai_akp 2 2026  F_LCI 0.103818
bsai_akp 2 2026  F_UCI 0.114049
bsai_akp 2 2026  F_Median 0.106091
bsai_akp 2 2026  F_Mean 0.107244
bsai_akp 2 2027 F0 0 
bsai_akp 2 2027 Fabc 0.140028
bsai_akp 2 2027 Fofl 0.170414
bsai_akp 2 2027  F_LCI 0.105547
bsai_akp 2 2027  F_UCI 0.127354
bsai_akp 2 2027  F_Median 0.110596
bsai_akp 2 2027  F_Mean 0.112788
bsai_akp 2 2028 F0 0 
bsai_akp 2 2028 Fabc 0.140028
bsai_akp 2 2028 Fofl 0.170414
bsai_akp 2 2028  F_LCI 0.104901
bsai_akp 2 2028  F_UCI 0.140028
bsai_akp 2 2028  F_Median 0.114947
bsai_akp 2 2028  F_Mean 0.117608
bsai_akp 2 2029 F0 0 
bsai_akp 2 2029 Fabc 0.140028
bsai_akp 2 2029 Fofl 0.170414
bsai_akp 2 2029  F_LCI 0.102454
bsai_akp 2 2029  F_UCI 0.140028
bsai_akp 2 2029  F_Median 0.119036
bsai_akp 2 2029  F_Mean 0.120964
bsai_akp 2 2030 F0 0 
bsai_akp 2 2030 Fabc 0.140028
bsai_akp 2 2030 Fofl 0.170414
bsai_akp 2 2030  F_LCI 0.0996084
bsai_akp 2 2030  F_UCI 0.140028
bsai_akp 2 2030  F_Median 0.123106
bsai_akp 2 2030  F_Mean 0.123034
bsai_akp 2 2031 F0 0 
bsai_akp 2 2031 Fabc 0.140028
bsai_akp 2 2031 Fofl 0.170414
bsai_akp 2 2031  F_LCI 0.0970035
bsai_akp 2 2031  F_UCI 0.140028
bsai_akp 2 2031  F_Median 0.127571
bsai_akp 2 2031  F_Mean 0.124381
bsai_akp 2 2032 F0 0 
bsai_akp 2 2032 Fabc 0.140028
bsai_akp 2 2032 Fofl 0.170414
bsai_akp 2 2032  F_LCI 0.0969164
bsai_akp 2 2032  F_UCI 0.140028
bsai_akp 2 2032  F_Median 0.129891
bsai_akp 2 2032  F_Mean 0.125348
bsai_akp 2 2033 F0 0 
bsai_akp 2 2033 Fabc 0.140028
bsai_akp 2 2033 Fofl 0.170414
bsai_akp 2 2033  F_LCI 0.0955785
bsai_akp 2 2033  F_UCI 0.140028
bsai_akp 2 2033  F_Median 0.131736
bsai_akp 2 2033  F_Mean 0.125982
bsai_akp 2 2034 F0 0 
bsai_akp 2 2034 Fabc 0.140028
bsai_akp 2 2034 Fofl 0.170414
bsai_akp 2 2034  F_LCI 0.0942256
bsai_akp 2 2034  F_UCI 0.140028
bsai_akp 2 2034  F_Median 0.133193
bsai_akp 2 2034  F_Mean 0.126519
bsai_akp 2 2035 F0 0 
bsai_akp 2 2035 Fabc 0.140028
bsai_akp 2 2035 Fofl 0.170414
bsai_akp 2 2035  F_LCI 0.0940746
bsai_akp 2 2035  F_UCI 0.140028
bsai_akp 2 2035  F_Median 0.134685
bsai_akp 2 2035  F_Mean 0.126941
bsai_akp 3 2021 Cabc 50586.8
bsai_akp 3 2021 Cofl 53232.9
bsai_akp 3 2021 CLCI 15862
bsai_akp 3 2021 CUCI 15862
bsai_akp 3 2021 CMedian 15862
bsai_akp 3 2021 CMean 15862
bsai_akp 3 2021 CStdn 2.31012e-10
bsai_akp 3 2022 Cabc 50586.8
bsai_akp 3 2022 Cofl 53232.9
bsai_akp 3 2022 CLCI 11253
bsai_akp 3 2022 CUCI 11253
bsai_akp 3 2022 CMedian 11253
bsai_akp 3 2022 CMean 11253
bsai_akp 3 2022 CStdn 0.000532683
bsai_akp 3 2023 Cabc 50586.8
bsai_akp 3 2023 Cofl 53232.9
bsai_akp 3 2023 CLCI 18054
bsai_akp 3 2023 CUCI 18054
bsai_akp 3 2023 CMedian 18054
bsai_akp 3 2023 CMean 18054
bsai_akp 3 2023 CStdn 0.000415384
bsai_akp 3 2024 Cabc 50586.8
bsai_akp 3 2024 Cofl 53232.9
bsai_akp 3 2024 CLCI 18054
bsai_akp 3 2024 CUCI 18054
bsai_akp 3 2024 CMedian 18054
bsai_akp 3 2024 CMean 18054
bsai_akp 3 2024 CStdn 0.00603569
bsai_akp 3 2025 Cabc 50586.8
bsai_akp 3 2025 Cofl 53232.9
bsai_akp 3 2025 CLCI 13280.8
bsai_akp 3 2025 CUCI 13943.8
bsai_akp 3 2025 CMedian 13429.1
bsai_akp 3 2025 CMean 13501
bsai_akp 3 2025 CStdn 238.218
bsai_akp 3 2026 Cabc 50586.8
bsai_akp 3 2026 Cofl 53232.9
bsai_akp 3 2026 CLCI 14213.4
bsai_akp 3 2026 CUCI 15641.9
bsai_akp 3 2026 CMedian 14543.7
bsai_akp 3 2026 CMean 14695.1
bsai_akp 3 2026 CStdn 509.027
bsai_akp 3 2027 Cabc 50586.8
bsai_akp 3 2027 Cofl 53232.9
bsai_akp 3 2027 CLCI 15021.6
bsai_akp 3 2027 CUCI 17850.2
bsai_akp 3 2027 CMedian 15698.3
bsai_akp 3 2027 CMean 15990.7
bsai_akp 3 2027 CStdn 1005.03
bsai_akp 3 2028 Cabc 50586.8
bsai_akp 3 2028 Cofl 53232.9
bsai_akp 3 2028 CLCI 15597.6
bsai_akp 3 2028 CUCI 20695.8
bsai_akp 3 2028 CMedian 16903
bsai_akp 3 2028 CMean 17366.7
bsai_akp 3 2028 CStdn 1761.79
bsai_akp 3 2029 Cabc 50586.8
bsai_akp 3 2029 Cofl 53232.9
bsai_akp 3 2029 CLCI 15920.8
bsai_akp 3 2029 CUCI 24088.3
bsai_akp 3 2029 CMedian 18102.7
bsai_akp 3 2029 CMean 18792.3
bsai_akp 3 2029 CStdn 2697.59
bsai_akp 3 2030 Cabc 50586.8
bsai_akp 3 2030 Cofl 53232.9
bsai_akp 3 2030 CLCI 16131.3
bsai_akp 3 2030 CUCI 26917.1
bsai_akp 3 2030 CMedian 19341.3
bsai_akp 3 2030 CMean 20213.6
bsai_akp 3 2030 CStdn 3664.08
bsai_akp 3 2031 Cabc 50586.8
bsai_akp 3 2031 Cofl 53232.9
bsai_akp 3 2031 CLCI 16245.4
bsai_akp 3 2031 CUCI 29806.5
bsai_akp 3 2031 CMedian 20583.1
bsai_akp 3 2031 CMean 21580.7
bsai_akp 3 2031 CStdn 4563.71
bsai_akp 3 2032 Cabc 50586.8
bsai_akp 3 2032 Cofl 53232.9
bsai_akp 3 2032 CLCI 16430
bsai_akp 3 2032 CUCI 32342.7
bsai_akp 3 2032 CMedian 21827.5
bsai_akp 3 2032 CMean 22856.5
bsai_akp 3 2032 CStdn 5358.42
bsai_akp 3 2033 Cabc 50586.8
bsai_akp 3 2033 Cofl 53232.9
bsai_akp 3 2033 CLCI 16753.3
bsai_akp 3 2033 CUCI 34717.9
bsai_akp 3 2033 CMedian 22895
bsai_akp 3 2033 CMean 24011
bsai_akp 3 2033 CStdn 6022.51
bsai_akp 3 2034 Cabc 50586.8
bsai_akp 3 2034 Cofl 53232.9
bsai_akp 3 2034 CLCI 16775.2
bsai_akp 3 2034 CUCI 36622
bsai_akp 3 2034 CMedian 23813.1
bsai_akp 3 2034 CMean 25029
bsai_akp 3 2034 CStdn 6533.69
bsai_akp 3 2035 Cabc 50586.8
bsai_akp 3 2035 Cofl 53232.9
bsai_akp 3 2035 CLCI 16888.8
bsai_akp 3 2035 CUCI 38698.8
bsai_akp 3 2035 CMedian 24643.6
bsai_akp 3 2035 CMean 25905.9
bsai_akp 3 2035 CStdn 6892.27
bsai_akp 3 2021 SSBF100 573174
bsai_akp 3 2021 SSBFabc 229270
bsai_akp 3 2021 SSBFofl 200611
bsai_akp 3 2021 SSBLCI 143363
bsai_akp 3 2021 SSBUCI 143363
bsai_akp 3 2021 SSBMedian 143363
bsai_akp 3 2021 SSBMean 143363
bsai_akp 3 2022 SSBF100 573174
bsai_akp 3 2022 SSBFabc 229270
bsai_akp 3 2022 SSBFofl 200611
bsai_akp 3 2022 SSBLCI 143424
bsai_akp 3 2022 SSBUCI 143429
bsai_akp 3 2022 SSBMedian 143425
bsai_akp 3 2022 SSBMean 143425
bsai_akp 3 2023 SSBF100 573174
bsai_akp 3 2023 SSBFabc 229270
bsai_akp 3 2023 SSBFofl 200611
bsai_akp 3 2023 SSBLCI 149659
bsai_akp 3 2023 SSBUCI 150217
bsai_akp 3 2023 SSBMedian 149742
bsai_akp 3 2023 SSBMean 149818
bsai_akp 3 2024 SSBF100 573174
bsai_akp 3 2024 SSBFabc 229270
bsai_akp 3 2024 SSBFofl 200611
bsai_akp 3 2024 SSBLCI 157846
bsai_akp 3 2024 SSBUCI 159990
bsai_akp 3 2024 SSBMedian 158255
bsai_akp 3 2024 SSBMean 158521
bsai_akp 3 2025 SSBF100 573174
bsai_akp 3 2025 SSBFabc 229270
bsai_akp 3 2025 SSBFofl 200611
bsai_akp 3 2025 SSBLCI 169298
bsai_akp 3 2025 SSBUCI 175797
bsai_akp 3 2025 SSBMedian 170651
bsai_akp 3 2025 SSBMean 171416
bsai_akp 3 2026 SSBF100 573174
bsai_akp 3 2026 SSBFabc 229270
bsai_akp 3 2026 SSBFofl 200611
bsai_akp 3 2026 SSBLCI 181962
bsai_akp 3 2026 SSBUCI 198821
bsai_akp 3 2026 SSBMedian 185714
bsai_akp 3 2026 SSBMean 187638
bsai_akp 3 2027 SSBF100 573174
bsai_akp 3 2027 SSBFabc 229270
bsai_akp 3 2027 SSBFofl 200611
bsai_akp 3 2027 SSBLCI 192297
bsai_akp 3 2027 SSBUCI 229793
bsai_akp 3 2027 SSBMedian 200870
bsai_akp 3 2027 SSBMean 204867
bsai_akp 3 2028 SSBF100 573174
bsai_akp 3 2028 SSBFabc 229270
bsai_akp 3 2028 SSBFofl 200611
bsai_akp 3 2028 SSBLCI 198855
bsai_akp 3 2028 SSBUCI 268135
bsai_akp 3 2028 SSBMedian 216194
bsai_akp 3 2028 SSBMean 223082
bsai_akp 3 2029 SSBF100 573174
bsai_akp 3 2029 SSBFabc 229270
bsai_akp 3 2029 SSBFofl 200611
bsai_akp 3 2029 SSBLCI 201899
bsai_akp 3 2029 SSBUCI 318889
bsai_akp 3 2029 SSBMedian 231853
bsai_akp 3 2029 SSBMean 241743
bsai_akp 3 2030 SSBF100 573174
bsai_akp 3 2030 SSBFabc 229270
bsai_akp 3 2030 SSBFofl 200611
bsai_akp 3 2030 SSBLCI 202513
bsai_akp 3 2030 SSBUCI 354002
bsai_akp 3 2030 SSBMedian 248300
bsai_akp 3 2030 SSBMean 260116
bsai_akp 3 2031 SSBF100 573174
bsai_akp 3 2031 SSBFabc 229270
bsai_akp 3 2031 SSBFofl 200611
bsai_akp 3 2031 SSBLCI 203060
bsai_akp 3 2031 SSBUCI 392422
bsai_akp 3 2031 SSBMedian 263046
bsai_akp 3 2031 SSBMean 277474
bsai_akp 3 2032 SSBF100 573174
bsai_akp 3 2032 SSBFabc 229270
bsai_akp 3 2032 SSBFofl 200611
bsai_akp 3 2032 SSBLCI 205961
bsai_akp 3 2032 SSBUCI 421608
bsai_akp 3 2032 SSBMedian 279664
bsai_akp 3 2032 SSBMean 293381
bsai_akp 3 2033 SSBF100 573174
bsai_akp 3 2033 SSBFabc 229270
bsai_akp 3 2033 SSBFofl 200611
bsai_akp 3 2033 SSBLCI 207983
bsai_akp 3 2033 SSBUCI 452764
bsai_akp 3 2033 SSBMedian 292936
bsai_akp 3 2033 SSBMean 307473
bsai_akp 3 2034 SSBF100 573174
bsai_akp 3 2034 SSBFabc 229270
bsai_akp 3 2034 SSBFofl 200611
bsai_akp 3 2034 SSBLCI 209426
bsai_akp 3 2034 SSBUCI 479098
bsai_akp 3 2034 SSBMedian 303237
bsai_akp 3 2034 SSBMean 319660
bsai_akp 3 2035 SSBF100 573174
bsai_akp 3 2035 SSBFabc 229270
bsai_akp 3 2035 SSBFofl 200611
bsai_akp 3 2035 SSBLCI 210258
bsai_akp 3 2035 SSBUCI 501155
bsai_akp 3 2035 SSBMedian 314920
bsai_akp 3 2035 SSBMean 329915
bsai_akp 3 2021 F0 0 
bsai_akp 3 2021 Fabc 0.140028
bsai_akp 3 2021 Fofl 0.170414
bsai_akp 3 2021  F_LCI 0.0651529
bsai_akp 3 2021  F_UCI 0.0651529
bsai_akp 3 2021  F_Median 0.0651529
bsai_akp 3 2021  F_Mean 0.0651529
bsai_akp 3 2022 F0 0 
bsai_akp 3 2022 Fabc 0.140028
bsai_akp 3 2022 Fofl 0.170414
bsai_akp 3 2022  F_LCI 0.04609
bsai_akp 3 2022  F_UCI 0.0462512
bsai_akp 3 2022  F_Median 0.0462272
bsai_akp 3 2022  F_Mean 0.0462053
bsai_akp 3 2023 F0 0 
bsai_akp 3 2023 Fabc 0.140028
bsai_akp 3 2023 Fofl 0.170414
bsai_akp 3 2023  F_LCI 0.0716564
bsai_akp 3 2023  F_UCI 0.0723521
bsai_akp 3 2023  F_Median 0.0722071
bsai_akp 3 2023  F_Mean 0.0721297
bsai_akp 3 2024 F0 0 
bsai_akp 3 2024 Fabc 0.140028
bsai_akp 3 2024 Fofl 0.170414
bsai_akp 3 2024  F_LCI 0.0679088
bsai_akp 3 2024  F_UCI 0.0694627
bsai_akp 3 2024  F_Median 0.0691075
bsai_akp 3 2024  F_Mean 0.06894
bsai_akp 3 2025 F0 0 
bsai_akp 3 2025 Fabc 0.140028
bsai_akp 3 2025 Fofl 0.170414
bsai_akp 3 2025  F_LCI 0.048
bsai_akp 3 2025  F_UCI 0.048
bsai_akp 3 2025  F_Median 0.048
bsai_akp 3 2025  F_Mean 0.048
bsai_akp 3 2026 F0 0 
bsai_akp 3 2026 Fabc 0.140028
bsai_akp 3 2026 Fofl 0.170414
bsai_akp 3 2026  F_LCI 0.048
bsai_akp 3 2026  F_UCI 0.048
bsai_akp 3 2026  F_Median 0.048
bsai_akp 3 2026  F_Mean 0.048
bsai_akp 3 2027 F0 0 
bsai_akp 3 2027 Fabc 0.140028
bsai_akp 3 2027 Fofl 0.170414
bsai_akp 3 2027  F_LCI 0.048
bsai_akp 3 2027  F_UCI 0.048
bsai_akp 3 2027  F_Median 0.048
bsai_akp 3 2027  F_Mean 0.048
bsai_akp 3 2028 F0 0 
bsai_akp 3 2028 Fabc 0.140028
bsai_akp 3 2028 Fofl 0.170414
bsai_akp 3 2028  F_LCI 0.048
bsai_akp 3 2028  F_UCI 0.048
bsai_akp 3 2028  F_Median 0.048
bsai_akp 3 2028  F_Mean 0.048
bsai_akp 3 2029 F0 0 
bsai_akp 3 2029 Fabc 0.140028
bsai_akp 3 2029 Fofl 0.170414
bsai_akp 3 2029  F_LCI 0.048
bsai_akp 3 2029  F_UCI 0.048
bsai_akp 3 2029  F_Median 0.048
bsai_akp 3 2029  F_Mean 0.048
bsai_akp 3 2030 F0 0 
bsai_akp 3 2030 Fabc 0.140028
bsai_akp 3 2030 Fofl 0.170414
bsai_akp 3 2030  F_LCI 0.048
bsai_akp 3 2030  F_UCI 0.048
bsai_akp 3 2030  F_Median 0.048
bsai_akp 3 2030  F_Mean 0.048
bsai_akp 3 2031 F0 0 
bsai_akp 3 2031 Fabc 0.140028
bsai_akp 3 2031 Fofl 0.170414
bsai_akp 3 2031  F_LCI 0.048
bsai_akp 3 2031  F_UCI 0.048
bsai_akp 3 2031  F_Median 0.048
bsai_akp 3 2031  F_Mean 0.048
bsai_akp 3 2032 F0 0 
bsai_akp 3 2032 Fabc 0.140028
bsai_akp 3 2032 Fofl 0.170414
bsai_akp 3 2032  F_LCI 0.048
bsai_akp 3 2032  F_UCI 0.048
bsai_akp 3 2032  F_Median 0.048
bsai_akp 3 2032  F_Mean 0.048
bsai_akp 3 2033 F0 0 
bsai_akp 3 2033 Fabc 0.140028
bsai_akp 3 2033 Fofl 0.170414
bsai_akp 3 2033  F_LCI 0.048
bsai_akp 3 2033  F_UCI 0.048
bsai_akp 3 2033  F_Median 0.048
bsai_akp 3 2033  F_Mean 0.048
bsai_akp 3 2034 F0 0 
bsai_akp 3 2034 Fabc 0.140028
bsai_akp 3 2034 Fofl 0.170414
bsai_akp 3 2034  F_LCI 0.048
bsai_akp 3 2034  F_UCI 0.048
bsai_akp 3 2034  F_Median 0.048
bsai_akp 3 2034  F_Mean 0.048
bsai_akp 3 2035 F0 0 
bsai_akp 3 2035 Fabc 0.140028
bsai_akp 3 2035 Fofl 0.170414
bsai_akp 3 2035  F_LCI 0.048
bsai_akp 3 2035  F_UCI 0.048
bsai_akp 3 2035  F_Median 0.048
bsai_akp 3 2035  F_Mean 0.048
bsai_akp 4 2021 Cabc 50586.8
bsai_akp 4 2021 Cofl 53232.9
bsai_akp 4 2021 CLCI 15862
bsai_akp 4 2021 CUCI 15862
bsai_akp 4 2021 CMedian 15862
bsai_akp 4 2021 CMean 15862
bsai_akp 4 2021 CStdn 2.31012e-10
bsai_akp 4 2022 Cabc 50586.8
bsai_akp 4 2022 Cofl 53232.9
bsai_akp 4 2022 CLCI 11253
bsai_akp 4 2022 CUCI 11253
bsai_akp 4 2022 CMedian 11253
bsai_akp 4 2022 CMean 11253
bsai_akp 4 2022 CStdn 0.000532683
bsai_akp 4 2023 Cabc 50586.8
bsai_akp 4 2023 Cofl 53232.9
bsai_akp 4 2023 CLCI 18054
bsai_akp 4 2023 CUCI 18054
bsai_akp 4 2023 CMedian 18054
bsai_akp 4 2023 CMean 18054
bsai_akp 4 2023 CStdn 0.000415384
bsai_akp 4 2024 Cabc 50586.8
bsai_akp 4 2024 Cofl 53232.9
bsai_akp 4 2024 CLCI 18054
bsai_akp 4 2024 CUCI 18054
bsai_akp 4 2024 CMedian 18054
bsai_akp 4 2024 CMean 18054
bsai_akp 4 2024 CStdn 0.00603569
bsai_akp 4 2025 Cabc 50586.8
bsai_akp 4 2025 Cofl 53232.9
bsai_akp 4 2025 CLCI 9392.88
bsai_akp 4 2025 CUCI 9859.44
bsai_akp 4 2025 CMedian 9497.22
bsai_akp 4 2025 CMean 9547.84
bsai_akp 4 2025 CStdn 167.668
bsai_akp 4 2026 Cabc 50586.8
bsai_akp 4 2026 Cofl 53232.9
bsai_akp 4 2026 CLCI 10160.4
bsai_akp 4 2026 CUCI 11166.6
bsai_akp 4 2026 CMedian 10393
bsai_akp 4 2026 CMean 10499.8
bsai_akp 4 2026 CStdn 358.842
bsai_akp 4 2027 Cabc 50586.8
bsai_akp 4 2027 Cofl 53232.9
bsai_akp 4 2027 CLCI 10846.6
bsai_akp 4 2027 CUCI 12845.5
bsai_akp 4 2027 CMedian 11324.7
bsai_akp 4 2027 CMean 11531.5
bsai_akp 4 2027 CStdn 710.328
bsai_akp 4 2028 Cabc 50586.8
bsai_akp 4 2028 Cofl 53232.9
bsai_akp 4 2028 CLCI 11372.4
bsai_akp 4 2028 CUCI 14978
bsai_akp 4 2028 CMedian 12295.8
bsai_akp 4 2028 CMean 12626.7
bsai_akp 4 2028 CStdn 1250.34
bsai_akp 4 2029 Cabc 50586.8
bsai_akp 4 2029 Cofl 53232.9
bsai_akp 4 2029 CLCI 11716.6
bsai_akp 4 2029 CUCI 17563.8
bsai_akp 4 2029 CMedian 13267.5
bsai_akp 4 2029 CMean 13762.6
bsai_akp 4 2029 CStdn 1925.25
bsai_akp 4 2030 Cabc 50586.8
bsai_akp 4 2030 Cofl 53232.9
bsai_akp 4 2030 CLCI 11967.4
bsai_akp 4 2030 CUCI 19756.3
bsai_akp 4 2030 CMedian 14261.2
bsai_akp 4 2030 CMean 14899.9
bsai_akp 4 2030 CStdn 2631.99
bsai_akp 4 2031 Cabc 50586.8
bsai_akp 4 2031 Cofl 53232.9
bsai_akp 4 2031 CLCI 12155.3
bsai_akp 4 2031 CUCI 21931.7
bsai_akp 4 2031 CMedian 15280
bsai_akp 4 2031 CMean 16001.6
bsai_akp 4 2031 CStdn 3299.82
bsai_akp 4 2032 Cabc 50586.8
bsai_akp 4 2032 Cofl 53232.9
bsai_akp 4 2032 CLCI 12379.5
bsai_akp 4 2032 CUCI 23895.3
bsai_akp 4 2032 CMedian 16278.8
bsai_akp 4 2032 CMean 17039.6
bsai_akp 4 2032 CStdn 3899
bsai_akp 4 2033 Cabc 50586.8
bsai_akp 4 2033 Cofl 53232.9
bsai_akp 4 2033 CLCI 12672.9
bsai_akp 4 2033 CUCI 25780.3
bsai_akp 4 2033 CMedian 17190.1
bsai_akp 4 2033 CMean 17990.7
bsai_akp 4 2033 CStdn 4409.22
bsai_akp 4 2034 Cabc 50586.8
bsai_akp 4 2034 Cofl 53232.9
bsai_akp 4 2034 CLCI 12788
bsai_akp 4 2034 CUCI 27344.9
bsai_akp 4 2034 CMedian 17943
bsai_akp 4 2034 CMean 18842.1
bsai_akp 4 2034 CStdn 4812.7
bsai_akp 4 2035 Cabc 50586.8
bsai_akp 4 2035 Cofl 53232.9
bsai_akp 4 2035 CLCI 12914.9
bsai_akp 4 2035 CUCI 29125
bsai_akp 4 2035 CMedian 18616.6
bsai_akp 4 2035 CMean 19588.3
bsai_akp 4 2035 CStdn 5107.16
bsai_akp 4 2021 SSBF100 573174
bsai_akp 4 2021 SSBFabc 229270
bsai_akp 4 2021 SSBFofl 200611
bsai_akp 4 2021 SSBLCI 143363
bsai_akp 4 2021 SSBUCI 143363
bsai_akp 4 2021 SSBMedian 143363
bsai_akp 4 2021 SSBMean 143363
bsai_akp 4 2022 SSBF100 573174
bsai_akp 4 2022 SSBFabc 229270
bsai_akp 4 2022 SSBFofl 200611
bsai_akp 4 2022 SSBLCI 143424
bsai_akp 4 2022 SSBUCI 143429
bsai_akp 4 2022 SSBMedian 143425
bsai_akp 4 2022 SSBMean 143425
bsai_akp 4 2023 SSBF100 573174
bsai_akp 4 2023 SSBFabc 229270
bsai_akp 4 2023 SSBFofl 200611
bsai_akp 4 2023 SSBLCI 149659
bsai_akp 4 2023 SSBUCI 150217
bsai_akp 4 2023 SSBMedian 149742
bsai_akp 4 2023 SSBMean 149818
bsai_akp 4 2024 SSBF100 573174
bsai_akp 4 2024 SSBFabc 229270
bsai_akp 4 2024 SSBFofl 200611
bsai_akp 4 2024 SSBLCI 157846
bsai_akp 4 2024 SSBUCI 159990
bsai_akp 4 2024 SSBMedian 158255
bsai_akp 4 2024 SSBMean 158521
bsai_akp 4 2025 SSBF100 573174
bsai_akp 4 2025 SSBFabc 229270
bsai_akp 4 2025 SSBFofl 200611
bsai_akp 4 2025 SSBLCI 169791
bsai_akp 4 2025 SSBUCI 176292
bsai_akp 4 2025 SSBMedian 171145
bsai_akp 4 2025 SSBMean 171910
bsai_akp 4 2026 SSBF100 573174
bsai_akp 4 2026 SSBFabc 229270
bsai_akp 4 2026 SSBFofl 200611
bsai_akp 4 2026 SSBLCI 184467
bsai_akp 4 2026 SSBUCI 201349
bsai_akp 4 2026 SSBMedian 188226
bsai_akp 4 2026 SSBMean 190153
bsai_akp 4 2027 SSBF100 573174
bsai_akp 4 2027 SSBFabc 229270
bsai_akp 4 2027 SSBFofl 200611
bsai_akp 4 2027 SSBLCI 196942
bsai_akp 4 2027 SSBUCI 234546
bsai_akp 4 2027 SSBMedian 205540
bsai_akp 4 2027 SSBMean 209557
bsai_akp 4 2028 SSBF100 573174
bsai_akp 4 2028 SSBFabc 229270
bsai_akp 4 2028 SSBFofl 200611
bsai_akp 4 2028 SSBLCI 205667
bsai_akp 4 2028 SSBUCI 275300
bsai_akp 4 2028 SSBMedian 223085
bsai_akp 4 2028 SSBMean 230061
bsai_akp 4 2029 SSBF100 573174
bsai_akp 4 2029 SSBFabc 229270
bsai_akp 4 2029 SSBFofl 200611
bsai_akp 4 2029 SSBLCI 210785
bsai_akp 4 2029 SSBUCI 329535
bsai_akp 4 2029 SSBMedian 241021
bsai_akp 4 2029 SSBMean 251102
bsai_akp 4 2030 SSBF100 573174
bsai_akp 4 2030 SSBFabc 229270
bsai_akp 4 2030 SSBFofl 200611
bsai_akp 4 2030 SSBLCI 213350
bsai_akp 4 2030 SSBUCI 367200
bsai_akp 4 2030 SSBMedian 259644
bsai_akp 4 2030 SSBMean 271914
bsai_akp 4 2031 SSBF100 573174
bsai_akp 4 2031 SSBFabc 229270
bsai_akp 4 2031 SSBFofl 200611
bsai_akp 4 2031 SSBLCI 215569
bsai_akp 4 2031 SSBUCI 408610
bsai_akp 4 2031 SSBMedian 276626
bsai_akp 4 2031 SSBMean 291734
bsai_akp 4 2032 SSBF100 573174
bsai_akp 4 2032 SSBFabc 229270
bsai_akp 4 2032 SSBFofl 200611
bsai_akp 4 2032 SSBLCI 220178
bsai_akp 4 2032 SSBUCI 442470
bsai_akp 4 2032 SSBMedian 295716
bsai_akp 4 2032 SSBMean 310089
bsai_akp 4 2033 SSBF100 573174
bsai_akp 4 2033 SSBFabc 229270
bsai_akp 4 2033 SSBFofl 200611
bsai_akp 4 2033 SSBLCI 224073
bsai_akp 4 2033 SSBUCI 477742
bsai_akp 4 2033 SSBMedian 311445
bsai_akp 4 2033 SSBMean 326577
bsai_akp 4 2034 SSBF100 573174
bsai_akp 4 2034 SSBFabc 229270
bsai_akp 4 2034 SSBFofl 200611
bsai_akp 4 2034 SSBLCI 226074
bsai_akp 4 2034 SSBUCI 504858
bsai_akp 4 2034 SSBMedian 324471
bsai_akp 4 2034 SSBMean 341072
bsai_akp 4 2035 SSBF100 573174
bsai_akp 4 2035 SSBFabc 229270
bsai_akp 4 2035 SSBFofl 200611
bsai_akp 4 2035 SSBLCI 228268
bsai_akp 4 2035 SSBUCI 533163
bsai_akp 4 2035 SSBMedian 337646
bsai_akp 4 2035 SSBMean 353514
bsai_akp 4 2021 F0 0 
bsai_akp 4 2021 Fabc 0.140028
bsai_akp 4 2021 Fofl 0.170414
bsai_akp 4 2021  F_LCI 0.0651529
bsai_akp 4 2021  F_UCI 0.0651529
bsai_akp 4 2021  F_Median 0.0651529
bsai_akp 4 2021  F_Mean 0.0651529
bsai_akp 4 2022 F0 0 
bsai_akp 4 2022 Fabc 0.140028
bsai_akp 4 2022 Fofl 0.170414
bsai_akp 4 2022  F_LCI 0.04609
bsai_akp 4 2022  F_UCI 0.0462512
bsai_akp 4 2022  F_Median 0.0462272
bsai_akp 4 2022  F_Mean 0.0462053
bsai_akp 4 2023 F0 0 
bsai_akp 4 2023 Fabc 0.140028
bsai_akp 4 2023 Fofl 0.170414
bsai_akp 4 2023  F_LCI 0.0716564
bsai_akp 4 2023  F_UCI 0.0723521
bsai_akp 4 2023  F_Median 0.0722071
bsai_akp 4 2023  F_Mean 0.0721297
bsai_akp 4 2024 F0 0 
bsai_akp 4 2024 Fabc 0.140028
bsai_akp 4 2024 Fofl 0.170414
bsai_akp 4 2024  F_LCI 0.0679088
bsai_akp 4 2024  F_UCI 0.0694627
bsai_akp 4 2024  F_Median 0.0691075
bsai_akp 4 2024  F_Mean 0.06894
bsai_akp 4 2025 F0 0 
bsai_akp 4 2025 Fabc 0.140028
bsai_akp 4 2025 Fofl 0.170414
bsai_akp 4 2025  F_LCI 0.033759
bsai_akp 4 2025  F_UCI 0.033759
bsai_akp 4 2025  F_Median 0.033759
bsai_akp 4 2025  F_Mean 0.033759
bsai_akp 4 2026 F0 0 
bsai_akp 4 2026 Fabc 0.140028
bsai_akp 4 2026 Fofl 0.170414
bsai_akp 4 2026  F_LCI 0.033759
bsai_akp 4 2026  F_UCI 0.033759
bsai_akp 4 2026  F_Median 0.033759
bsai_akp 4 2026  F_Mean 0.033759
bsai_akp 4 2027 F0 0 
bsai_akp 4 2027 Fabc 0.140028
bsai_akp 4 2027 Fofl 0.170414
bsai_akp 4 2027  F_LCI 0.033759
bsai_akp 4 2027  F_UCI 0.033759
bsai_akp 4 2027  F_Median 0.033759
bsai_akp 4 2027  F_Mean 0.033759
bsai_akp 4 2028 F0 0 
bsai_akp 4 2028 Fabc 0.140028
bsai_akp 4 2028 Fofl 0.170414
bsai_akp 4 2028  F_LCI 0.033759
bsai_akp 4 2028  F_UCI 0.033759
bsai_akp 4 2028  F_Median 0.033759
bsai_akp 4 2028  F_Mean 0.033759
bsai_akp 4 2029 F0 0 
bsai_akp 4 2029 Fabc 0.140028
bsai_akp 4 2029 Fofl 0.170414
bsai_akp 4 2029  F_LCI 0.033759
bsai_akp 4 2029  F_UCI 0.033759
bsai_akp 4 2029  F_Median 0.033759
bsai_akp 4 2029  F_Mean 0.033759
bsai_akp 4 2030 F0 0 
bsai_akp 4 2030 Fabc 0.140028
bsai_akp 4 2030 Fofl 0.170414
bsai_akp 4 2030  F_LCI 0.033759
bsai_akp 4 2030  F_UCI 0.033759
bsai_akp 4 2030  F_Median 0.033759
bsai_akp 4 2030  F_Mean 0.033759
bsai_akp 4 2031 F0 0 
bsai_akp 4 2031 Fabc 0.140028
bsai_akp 4 2031 Fofl 0.170414
bsai_akp 4 2031  F_LCI 0.033759
bsai_akp 4 2031  F_UCI 0.033759
bsai_akp 4 2031  F_Median 0.033759
bsai_akp 4 2031  F_Mean 0.033759
bsai_akp 4 2032 F0 0 
bsai_akp 4 2032 Fabc 0.140028
bsai_akp 4 2032 Fofl 0.170414
bsai_akp 4 2032  F_LCI 0.033759
bsai_akp 4 2032  F_UCI 0.033759
bsai_akp 4 2032  F_Median 0.033759
bsai_akp 4 2032  F_Mean 0.033759
bsai_akp 4 2033 F0 0 
bsai_akp 4 2033 Fabc 0.140028
bsai_akp 4 2033 Fofl 0.170414
bsai_akp 4 2033  F_LCI 0.033759
bsai_akp 4 2033  F_UCI 0.033759
bsai_akp 4 2033  F_Median 0.033759
bsai_akp 4 2033  F_Mean 0.033759
bsai_akp 4 2034 F0 0 
bsai_akp 4 2034 Fabc 0.140028
bsai_akp 4 2034 Fofl 0.170414
bsai_akp 4 2034  F_LCI 0.033759
bsai_akp 4 2034  F_UCI 0.033759
bsai_akp 4 2034  F_Median 0.033759
bsai_akp 4 2034  F_Mean 0.033759
bsai_akp 4 2035 F0 0 
bsai_akp 4 2035 Fabc 0.140028
bsai_akp 4 2035 Fofl 0.170414
bsai_akp 4 2035  F_LCI 0.033759
bsai_akp 4 2035  F_UCI 0.033759
bsai_akp 4 2035  F_Median 0.033759
bsai_akp 4 2035  F_Mean 0.033759
bsai_akp 5 2021 Cabc 50586.8
bsai_akp 5 2021 Cofl 53232.9
bsai_akp 5 2021 CLCI 15862
bsai_akp 5 2021 CUCI 15862
bsai_akp 5 2021 CMedian 15862
bsai_akp 5 2021 CMean 15862
bsai_akp 5 2021 CStdn 2.31012e-10
bsai_akp 5 2022 Cabc 50586.8
bsai_akp 5 2022 Cofl 53232.9
bsai_akp 5 2022 CLCI 11253
bsai_akp 5 2022 CUCI 11253
bsai_akp 5 2022 CMedian 11253
bsai_akp 5 2022 CMean 11253
bsai_akp 5 2022 CStdn 0.000532683
bsai_akp 5 2023 Cabc 50586.8
bsai_akp 5 2023 Cofl 53232.9
bsai_akp 5 2023 CLCI 18054
bsai_akp 5 2023 CUCI 18054
bsai_akp 5 2023 CMedian 18054
bsai_akp 5 2023 CMean 18054
bsai_akp 5 2023 CStdn 0.000415384
bsai_akp 5 2024 Cabc 50586.8
bsai_akp 5 2024 Cofl 53232.9
bsai_akp 5 2024 CLCI 18054
bsai_akp 5 2024 CUCI 18054
bsai_akp 5 2024 CMedian 18054
bsai_akp 5 2024 CMean 18054
bsai_akp 5 2024 CStdn 0.00603569
bsai_akp 5 2025 Cabc 50586.8
bsai_akp 5 2025 Cofl 53232.9
bsai_akp 5 2025 CLCI 0
bsai_akp 5 2025 CUCI 0
bsai_akp 5 2025 CMedian 0
bsai_akp 5 2025 CMean 0
bsai_akp 5 2025 CStdn 0
bsai_akp 5 2026 Cabc 50586.8
bsai_akp 5 2026 Cofl 53232.9
bsai_akp 5 2026 CLCI 0
bsai_akp 5 2026 CUCI 0
bsai_akp 5 2026 CMedian 0
bsai_akp 5 2026 CMean 0
bsai_akp 5 2026 CStdn 0
bsai_akp 5 2027 Cabc 50586.8
bsai_akp 5 2027 Cofl 53232.9
bsai_akp 5 2027 CLCI 0
bsai_akp 5 2027 CUCI 0
bsai_akp 5 2027 CMedian 0
bsai_akp 5 2027 CMean 0
bsai_akp 5 2027 CStdn 0
bsai_akp 5 2028 Cabc 50586.8
bsai_akp 5 2028 Cofl 53232.9
bsai_akp 5 2028 CLCI 0
bsai_akp 5 2028 CUCI 0
bsai_akp 5 2028 CMedian 0
bsai_akp 5 2028 CMean 0
bsai_akp 5 2028 CStdn 0
bsai_akp 5 2029 Cabc 50586.8
bsai_akp 5 2029 Cofl 53232.9
bsai_akp 5 2029 CLCI 0
bsai_akp 5 2029 CUCI 0
bsai_akp 5 2029 CMedian 0
bsai_akp 5 2029 CMean 0
bsai_akp 5 2029 CStdn 0
bsai_akp 5 2030 Cabc 50586.8
bsai_akp 5 2030 Cofl 53232.9
bsai_akp 5 2030 CLCI 0
bsai_akp 5 2030 CUCI 0
bsai_akp 5 2030 CMedian 0
bsai_akp 5 2030 CMean 0
bsai_akp 5 2030 CStdn 0
bsai_akp 5 2031 Cabc 50586.8
bsai_akp 5 2031 Cofl 53232.9
bsai_akp 5 2031 CLCI 0
bsai_akp 5 2031 CUCI 0
bsai_akp 5 2031 CMedian 0
bsai_akp 5 2031 CMean 0
bsai_akp 5 2031 CStdn 0
bsai_akp 5 2032 Cabc 50586.8
bsai_akp 5 2032 Cofl 53232.9
bsai_akp 5 2032 CLCI 0
bsai_akp 5 2032 CUCI 0
bsai_akp 5 2032 CMedian 0
bsai_akp 5 2032 CMean 0
bsai_akp 5 2032 CStdn 0
bsai_akp 5 2033 Cabc 50586.8
bsai_akp 5 2033 Cofl 53232.9
bsai_akp 5 2033 CLCI 0
bsai_akp 5 2033 CUCI 0
bsai_akp 5 2033 CMedian 0
bsai_akp 5 2033 CMean 0
bsai_akp 5 2033 CStdn 0
bsai_akp 5 2034 Cabc 50586.8
bsai_akp 5 2034 Cofl 53232.9
bsai_akp 5 2034 CLCI 0
bsai_akp 5 2034 CUCI 0
bsai_akp 5 2034 CMedian 0
bsai_akp 5 2034 CMean 0
bsai_akp 5 2034 CStdn 0
bsai_akp 5 2035 Cabc 50586.8
bsai_akp 5 2035 Cofl 53232.9
bsai_akp 5 2035 CLCI 0
bsai_akp 5 2035 CUCI 0
bsai_akp 5 2035 CMedian 0
bsai_akp 5 2035 CMean 0
bsai_akp 5 2035 CStdn 0
bsai_akp 5 2021 SSBF100 573174
bsai_akp 5 2021 SSBFabc 229270
bsai_akp 5 2021 SSBFofl 200611
bsai_akp 5 2021 SSBLCI 143363
bsai_akp 5 2021 SSBUCI 143363
bsai_akp 5 2021 SSBMedian 143363
bsai_akp 5 2021 SSBMean 143363
bsai_akp 5 2022 SSBF100 573174
bsai_akp 5 2022 SSBFabc 229270
bsai_akp 5 2022 SSBFofl 200611
bsai_akp 5 2022 SSBLCI 143424
bsai_akp 5 2022 SSBUCI 143429
bsai_akp 5 2022 SSBMedian 143425
bsai_akp 5 2022 SSBMean 143425
bsai_akp 5 2023 SSBF100 573174
bsai_akp 5 2023 SSBFabc 229270
bsai_akp 5 2023 SSBFofl 200611
bsai_akp 5 2023 SSBLCI 149659
bsai_akp 5 2023 SSBUCI 150217
bsai_akp 5 2023 SSBMedian 149742
bsai_akp 5 2023 SSBMean 149818
bsai_akp 5 2024 SSBF100 573174
bsai_akp 5 2024 SSBFabc 229270
bsai_akp 5 2024 SSBFofl 200611
bsai_akp 5 2024 SSBLCI 157846
bsai_akp 5 2024 SSBUCI 159990
bsai_akp 5 2024 SSBMedian 158255
bsai_akp 5 2024 SSBMean 158521
bsai_akp 5 2025 SSBF100 573174
bsai_akp 5 2025 SSBFabc 229270
bsai_akp 5 2025 SSBFofl 200611
bsai_akp 5 2025 SSBLCI 170966
bsai_akp 5 2025 SSBUCI 177474
bsai_akp 5 2025 SSBMedian 172321
bsai_akp 5 2025 SSBMean 173087
bsai_akp 5 2026 SSBF100 573174
bsai_akp 5 2026 SSBFabc 229270
bsai_akp 5 2026 SSBFofl 200611
bsai_akp 5 2026 SSBLCI 190562
bsai_akp 5 2026 SSBUCI 207497
bsai_akp 5 2026 SSBMedian 194337
bsai_akp 5 2026 SSBMean 196269
bsai_akp 5 2027 SSBF100 573174
bsai_akp 5 2027 SSBFabc 229270
bsai_akp 5 2027 SSBFofl 200611
bsai_akp 5 2027 SSBLCI 208466
bsai_akp 5 2027 SSBUCI 246329
bsai_akp 5 2027 SSBMedian 217130
bsai_akp 5 2027 SSBMean 221189
bsai_akp 5 2028 SSBF100 573174
bsai_akp 5 2028 SSBFabc 229270
bsai_akp 5 2028 SSBFofl 200611
bsai_akp 5 2028 SSBLCI 222905
bsai_akp 5 2028 SSBUCI 293828
bsai_akp 5 2028 SSBMedian 240526
bsai_akp 5 2028 SSBMean 247702
bsai_akp 5 2029 SSBF100 573174
bsai_akp 5 2029 SSBFabc 229270
bsai_akp 5 2029 SSBFofl 200611
bsai_akp 5 2029 SSBLCI 233698
bsai_akp 5 2029 SSBUCI 355244
bsai_akp 5 2029 SSBMedian 264787
bsai_akp 5 2029 SSBMean 275174
bsai_akp 5 2030 SSBF100 573174
bsai_akp 5 2030 SSBFabc 229270
bsai_akp 5 2030 SSBFofl 200611
bsai_akp 5 2030 SSBLCI 241852
bsai_akp 5 2030 SSBUCI 403275
bsai_akp 5 2030 SSBMedian 289792
bsai_akp 5 2030 SSBMean 302773
bsai_akp 5 2031 SSBF100 573174
bsai_akp 5 2031 SSBFabc 229270
bsai_akp 5 2031 SSBFofl 200611
bsai_akp 5 2031 SSBLCI 249390
bsai_akp 5 2031 SSBUCI 453167
bsai_akp 5 2031 SSBMedian 313578
bsai_akp 5 2031 SSBMean 329622
bsai_akp 5 2032 SSBF100 573174
bsai_akp 5 2032 SSBFabc 229270
bsai_akp 5 2032 SSBFofl 200611
bsai_akp 5 2032 SSBLCI 258193
bsai_akp 5 2032 SSBUCI 499178
bsai_akp 5 2032 SSBMedian 339581
bsai_akp 5 2032 SSBMean 355148
bsai_akp 5 2033 SSBF100 573174
bsai_akp 5 2033 SSBFabc 229270
bsai_akp 5 2033 SSBFofl 200611
bsai_akp 5 2033 SSBLCI 267868
bsai_akp 5 2033 SSBUCI 542205
bsai_akp 5 2033 SSBMedian 362308
bsai_akp 5 2033 SSBMean 378830
bsai_akp 5 2034 SSBF100 573174
bsai_akp 5 2034 SSBFabc 229270
bsai_akp 5 2034 SSBFofl 200611
bsai_akp 5 2034 SSBLCI 273343
bsai_akp 5 2034 SSBUCI 581026
bsai_akp 5 2034 SSBMedian 382374
bsai_akp 5 2034 SSBMean 400432
bsai_akp 5 2035 SSBF100 573174
bsai_akp 5 2035 SSBFabc 229270
bsai_akp 5 2035 SSBFofl 200611
bsai_akp 5 2035 SSBLCI 279404
bsai_akp 5 2035 SSBUCI 620938
bsai_akp 5 2035 SSBMedian 399566
bsai_akp 5 2035 SSBMean 419787
bsai_akp 5 2021 F0 0 
bsai_akp 5 2021 Fabc 0.140028
bsai_akp 5 2021 Fofl 0.170414
bsai_akp 5 2021  F_LCI 0.0651529
bsai_akp 5 2021  F_UCI 0.0651529
bsai_akp 5 2021  F_Median 0.0651529
bsai_akp 5 2021  F_Mean 0.0651529
bsai_akp 5 2022 F0 0 
bsai_akp 5 2022 Fabc 0.140028
bsai_akp 5 2022 Fofl 0.170414
bsai_akp 5 2022  F_LCI 0.04609
bsai_akp 5 2022  F_UCI 0.0462512
bsai_akp 5 2022  F_Median 0.0462272
bsai_akp 5 2022  F_Mean 0.0462053
bsai_akp 5 2023 F0 0 
bsai_akp 5 2023 Fabc 0.140028
bsai_akp 5 2023 Fofl 0.170414
bsai_akp 5 2023  F_LCI 0.0716564
bsai_akp 5 2023  F_UCI 0.0723521
bsai_akp 5 2023  F_Median 0.0722071
bsai_akp 5 2023  F_Mean 0.0721297
bsai_akp 5 2024 F0 0 
bsai_akp 5 2024 Fabc 0.140028
bsai_akp 5 2024 Fofl 0.170414
bsai_akp 5 2024  F_LCI 0.0679088
bsai_akp 5 2024  F_UCI 0.0694627
bsai_akp 5 2024  F_Median 0.0691075
bsai_akp 5 2024  F_Mean 0.06894
bsai_akp 5 2025 F0 0 
bsai_akp 5 2025 Fabc 0.140028
bsai_akp 5 2025 Fofl 0.170414
bsai_akp 5 2025  F_LCI 0
bsai_akp 5 2025  F_UCI 0
bsai_akp 5 2025  F_Median 0
bsai_akp 5 2025  F_Mean 0
bsai_akp 5 2026 F0 0 
bsai_akp 5 2026 Fabc 0.140028
bsai_akp 5 2026 Fofl 0.170414
bsai_akp 5 2026  F_LCI 0
bsai_akp 5 2026  F_UCI 0
bsai_akp 5 2026  F_Median 0
bsai_akp 5 2026  F_Mean 0
bsai_akp 5 2027 F0 0 
bsai_akp 5 2027 Fabc 0.140028
bsai_akp 5 2027 Fofl 0.170414
bsai_akp 5 2027  F_LCI 0
bsai_akp 5 2027  F_UCI 0
bsai_akp 5 2027  F_Median 0
bsai_akp 5 2027  F_Mean 0
bsai_akp 5 2028 F0 0 
bsai_akp 5 2028 Fabc 0.140028
bsai_akp 5 2028 Fofl 0.170414
bsai_akp 5 2028  F_LCI 0
bsai_akp 5 2028  F_UCI 0
bsai_akp 5 2028  F_Median 0
bsai_akp 5 2028  F_Mean 0
bsai_akp 5 2029 F0 0 
bsai_akp 5 2029 Fabc 0.140028
bsai_akp 5 2029 Fofl 0.170414
bsai_akp 5 2029  F_LCI 0
bsai_akp 5 2029  F_UCI 0
bsai_akp 5 2029  F_Median 0
bsai_akp 5 2029  F_Mean 0
bsai_akp 5 2030 F0 0 
bsai_akp 5 2030 Fabc 0.140028
bsai_akp 5 2030 Fofl 0.170414
bsai_akp 5 2030  F_LCI 0
bsai_akp 5 2030  F_UCI 0
bsai_akp 5 2030  F_Median 0
bsai_akp 5 2030  F_Mean 0
bsai_akp 5 2031 F0 0 
bsai_akp 5 2031 Fabc 0.140028
bsai_akp 5 2031 Fofl 0.170414
bsai_akp 5 2031  F_LCI 0
bsai_akp 5 2031  F_UCI 0
bsai_akp 5 2031  F_Median 0
bsai_akp 5 2031  F_Mean 0
bsai_akp 5 2032 F0 0 
bsai_akp 5 2032 Fabc 0.140028
bsai_akp 5 2032 Fofl 0.170414
bsai_akp 5 2032  F_LCI 0
bsai_akp 5 2032  F_UCI 0
bsai_akp 5 2032  F_Median 0
bsai_akp 5 2032  F_Mean 0
bsai_akp 5 2033 F0 0 
bsai_akp 5 2033 Fabc 0.140028
bsai_akp 5 2033 Fofl 0.170414
bsai_akp 5 2033  F_LCI 0
bsai_akp 5 2033  F_UCI 0
bsai_akp 5 2033  F_Median 0
bsai_akp 5 2033  F_Mean 0
bsai_akp 5 2034 F0 0 
bsai_akp 5 2034 Fabc 0.140028
bsai_akp 5 2034 Fofl 0.170414
bsai_akp 5 2034  F_LCI 0
bsai_akp 5 2034  F_UCI 0
bsai_akp 5 2034  F_Median 0
bsai_akp 5 2034  F_Mean 0
bsai_akp 5 2035 F0 0 
bsai_akp 5 2035 Fabc 0.140028
bsai_akp 5 2035 Fofl 0.170414
bsai_akp 5 2035  F_LCI 0
bsai_akp 5 2035  F_UCI 0
bsai_akp 5 2035  F_Median 0
bsai_akp 5 2035  F_Mean 0
bsai_akp 6 2021 Cabc 50586.8
bsai_akp 6 2021 Cofl 53232.9
bsai_akp 6 2021 CLCI 15862
bsai_akp 6 2021 CUCI 15862
bsai_akp 6 2021 CMedian 15862
bsai_akp 6 2021 CMean 15862
bsai_akp 6 2021 CStdn 2.31012e-10
bsai_akp 6 2022 Cabc 50586.8
bsai_akp 6 2022 Cofl 53232.9
bsai_akp 6 2022 CLCI 24233.9
bsai_akp 6 2022 CUCI 24318.7
bsai_akp 6 2022 CMedian 24246.5
bsai_akp 6 2022 CMean 24258.1
bsai_akp 6 2022 CStdn 33.7202
bsai_akp 6 2023 Cabc 50586.8
bsai_akp 6 2023 Cofl 53232.9
bsai_akp 6 2023 CLCI 24221.4
bsai_akp 6 2023 CUCI 24541.1
bsai_akp 6 2023 CMedian 24282.5
bsai_akp 6 2023 CMean 24322.3
bsai_akp 6 2023 CStdn 122.888
bsai_akp 6 2024 Cabc 50586.8
bsai_akp 6 2024 Cofl 53232.9
bsai_akp 6 2024 CLCI 25725
bsai_akp 6 2024 CUCI 26645.3
bsai_akp 6 2024 CMedian 25922.3
bsai_akp 6 2024 CMean 26031.7
bsai_akp 6 2024 CStdn 355.449
bsai_akp 6 2025 Cabc 50586.8
bsai_akp 6 2025 Cofl 53232.9
bsai_akp 6 2025 CLCI 27957.4
bsai_akp 6 2025 CUCI 30498.1
bsai_akp 6 2025 CMedian 28517.1
bsai_akp 6 2025 CMean 28811.7
bsai_akp 6 2025 CStdn 976.947
bsai_akp 6 2026 Cabc 50586.8
bsai_akp 6 2026 Cofl 53232.9
bsai_akp 6 2026 CLCI 29876.3
bsai_akp 6 2026 CUCI 36430.4
bsai_akp 6 2026 CMedian 31285.5
bsai_akp 6 2026 CMean 32034.8
bsai_akp 6 2026 CStdn 2458.01
bsai_akp 6 2027 Cabc 50586.8
bsai_akp 6 2027 Cofl 53232.9
bsai_akp 6 2027 CLCI 30878.2
bsai_akp 6 2027 CUCI 44994.4
bsai_akp 6 2027 CMedian 34025.8
bsai_akp 6 2027 CMean 35558.8
bsai_akp 6 2027 CStdn 5020.09
bsai_akp 6 2028 Cabc 50586.8
bsai_akp 6 2028 Cofl 53232.9
bsai_akp 6 2028 CLCI 30685.1
bsai_akp 6 2028 CUCI 57633
bsai_akp 6 2028 CMedian 36810.3
bsai_akp 6 2028 CMean 39259.5
bsai_akp 6 2028 CStdn 8482.89
bsai_akp 6 2029 Cabc 50586.8
bsai_akp 6 2029 Cofl 53232.9
bsai_akp 6 2029 CLCI 29460.6
bsai_akp 6 2029 CUCI 65623.4
bsai_akp 6 2029 CMedian 39405.2
bsai_akp 6 2029 CMean 42657.2
bsai_akp 6 2029 CStdn 11684
bsai_akp 6 2030 Cabc 50586.8
bsai_akp 6 2030 Cofl 53232.9
bsai_akp 6 2030 CLCI 28208.7
bsai_akp 6 2030 CUCI 70768.8
bsai_akp 6 2030 CMedian 42119.1
bsai_akp 6 2030 CMean 45534.1
bsai_akp 6 2030 CStdn 14264
bsai_akp 6 2031 Cabc 50586.8
bsai_akp 6 2031 Cofl 53232.9
bsai_akp 6 2031 CLCI 26879.2
bsai_akp 6 2031 CUCI 75397.2
bsai_akp 6 2031 CMedian 45078.2
bsai_akp 6 2031 CMean 47795.2
bsai_akp 6 2031 CStdn 16151.3
bsai_akp 6 2032 Cabc 50586.8
bsai_akp 6 2032 Cofl 53232.9
bsai_akp 6 2032 CLCI 26762.7
bsai_akp 6 2032 CUCI 78953.2
bsai_akp 6 2032 CMedian 46731.8
bsai_akp 6 2032 CMean 49529.9
bsai_akp 6 2032 CStdn 17517.5
bsai_akp 6 2033 Cabc 50586.8
bsai_akp 6 2033 Cofl 53232.9
bsai_akp 6 2033 CLCI 26168.7
bsai_akp 6 2033 CUCI 81542.2
bsai_akp 6 2033 CMedian 47992.2
bsai_akp 6 2033 CMean 50832.3
bsai_akp 6 2033 CStdn 18437.7
bsai_akp 6 2034 Cabc 50586.8
bsai_akp 6 2034 Cofl 53232.9
bsai_akp 6 2034 CLCI 25427.1
bsai_akp 6 2034 CUCI 84971.2
bsai_akp 6 2034 CMedian 48797
bsai_akp 6 2034 CMean 51689.1
bsai_akp 6 2034 CStdn 18901
bsai_akp 6 2035 Cabc 50586.8
bsai_akp 6 2035 Cofl 53232.9
bsai_akp 6 2035 CLCI 25410.3
bsai_akp 6 2035 CUCI 84788.8
bsai_akp 6 2035 CMedian 49439.7
bsai_akp 6 2035 CMean 52207.3
bsai_akp 6 2035 CStdn 19031.3
bsai_akp 6 2021 SSBF100 573174
bsai_akp 6 2021 SSBFabc 229270
bsai_akp 6 2021 SSBFofl 200611
bsai_akp 6 2021 SSBLCI 143363
bsai_akp 6 2021 SSBUCI 143363
bsai_akp 6 2021 SSBMedian 143363
bsai_akp 6 2021 SSBMean 143363
bsai_akp 6 2022 SSBF100 573174
bsai_akp 6 2022 SSBFabc 229270
bsai_akp 6 2022 SSBFofl 200611
bsai_akp 6 2022 SSBLCI 141721
bsai_akp 6 2022 SSBUCI 141721
bsai_akp 6 2022 SSBMedian 141721
bsai_akp 6 2022 SSBMean 141721
bsai_akp 6 2023 SSBF100 573174
bsai_akp 6 2023 SSBFabc 229270
bsai_akp 6 2023 SSBFofl 200611
bsai_akp 6 2023 SSBLCI 142511
bsai_akp 6 2023 SSBUCI 143021
bsai_akp 6 2023 SSBMedian 142587
bsai_akp 6 2023 SSBMean 142657
bsai_akp 6 2024 SSBF100 573174
bsai_akp 6 2024 SSBFabc 229270
bsai_akp 6 2024 SSBFofl 200611
bsai_akp 6 2024 SSBLCI 147681
bsai_akp 6 2024 SSBUCI 149593
bsai_akp 6 2024 SSBMedian 148046
bsai_akp 6 2024 SSBMean 148285
bsai_akp 6 2025 SSBF100 573174
bsai_akp 6 2025 SSBFabc 229270
bsai_akp 6 2025 SSBFofl 200611
bsai_akp 6 2025 SSBLCI 154669
bsai_akp 6 2025 SSBUCI 160521
bsai_akp 6 2025 SSBMedian 155885
bsai_akp 6 2025 SSBMean 156579
bsai_akp 6 2026 SSBF100 573174
bsai_akp 6 2026 SSBFabc 229270
bsai_akp 6 2026 SSBFofl 200611
bsai_akp 6 2026 SSBLCI 160036
bsai_akp 6 2026 SSBUCI 175478
bsai_akp 6 2026 SSBMedian 163469
bsai_akp 6 2026 SSBMean 165220
bsai_akp 6 2027 SSBF100 573174
bsai_akp 6 2027 SSBFabc 229270
bsai_akp 6 2027 SSBFofl 200611
bsai_akp 6 2027 SSBLCI 162705
bsai_akp 6 2027 SSBUCI 195757
bsai_akp 6 2027 SSBMedian 170393
bsai_akp 6 2027 SSBMean 173901
bsai_akp 6 2028 SSBF100 573174
bsai_akp 6 2028 SSBFabc 229270
bsai_akp 6 2028 SSBFofl 200611
bsai_akp 6 2028 SSBLCI 161774
bsai_akp 6 2028 SSBUCI 222190
bsai_akp 6 2028 SSBMedian 177073
bsai_akp 6 2028 SSBMean 182627
bsai_akp 6 2029 SSBF100 573174
bsai_akp 6 2029 SSBFabc 229270
bsai_akp 6 2029 SSBFofl 200611
bsai_akp 6 2029 SSBLCI 157991
bsai_akp 6 2029 SSBUCI 248746
bsai_akp 6 2029 SSBMedian 183205
bsai_akp 6 2029 SSBMean 190877
bsai_akp 6 2030 SSBF100 573174
bsai_akp 6 2030 SSBFabc 229270
bsai_akp 6 2030 SSBFofl 200611
bsai_akp 6 2030 SSBLCI 153941
bsai_akp 6 2030 SSBUCI 268386
bsai_akp 6 2030 SSBMedian 189202
bsai_akp 6 2030 SSBMean 198134
bsai_akp 6 2031 SSBF100 573174
bsai_akp 6 2031 SSBFabc 229270
bsai_akp 6 2031 SSBFofl 200611
bsai_akp 6 2031 SSBLCI 150138
bsai_akp 6 2031 SSBUCI 285042
bsai_akp 6 2031 SSBMedian 195931
bsai_akp 6 2031 SSBMean 204080
bsai_akp 6 2032 SSBF100 573174
bsai_akp 6 2032 SSBFabc 229270
bsai_akp 6 2032 SSBFofl 200611
bsai_akp 6 2032 SSBLCI 150029
bsai_akp 6 2032 SSBUCI 297254
bsai_akp 6 2032 SSBMedian 199495
bsai_akp 6 2032 SSBMean 208687
bsai_akp 6 2033 SSBF100 573174
bsai_akp 6 2033 SSBFabc 229270
bsai_akp 6 2033 SSBFofl 200611
bsai_akp 6 2033 SSBLCI 148331
bsai_akp 6 2033 SSBUCI 307380
bsai_akp 6 2033 SSBMedian 201826
bsai_akp 6 2033 SSBMean 211933
bsai_akp 6 2034 SSBF100 573174
bsai_akp 6 2034 SSBFabc 229270
bsai_akp 6 2034 SSBFofl 200611
bsai_akp 6 2034 SSBLCI 146314
bsai_akp 6 2034 SSBUCI 315922
bsai_akp 6 2034 SSBMedian 203146
bsai_akp 6 2034 SSBMean 213985
bsai_akp 6 2035 SSBF100 573174
bsai_akp 6 2035 SSBFabc 229270
bsai_akp 6 2035 SSBFofl 200611
bsai_akp 6 2035 SSBLCI 145746
bsai_akp 6 2035 SSBUCI 318229
bsai_akp 6 2035 SSBMedian 204332
bsai_akp 6 2035 SSBMean 215030
bsai_akp 6 2021 F0 0 
bsai_akp 6 2021 Fabc 0.140028
bsai_akp 6 2021 Fofl 0.170414
bsai_akp 6 2021  F_LCI 0.0651529
bsai_akp 6 2021  F_UCI 0.0651529
bsai_akp 6 2021  F_Median 0.0651529
bsai_akp 6 2021  F_Mean 0.0651529
bsai_akp 6 2022 F0 0 
bsai_akp 6 2022 Fabc 0.140028
bsai_akp 6 2022 Fofl 0.170414
bsai_akp 6 2022  F_LCI 0.101914
bsai_akp 6 2022  F_UCI 0.101914
bsai_akp 6 2022  F_Median 0.101914
bsai_akp 6 2022  F_Mean 0.101914
bsai_akp 6 2023 F0 0 
bsai_akp 6 2023 Fabc 0.140028
bsai_akp 6 2023 Fofl 0.170414
bsai_akp 6 2023  F_LCI 0.102532
bsai_akp 6 2023  F_UCI 0.102931
bsai_akp 6 2023  F_Median 0.102592
bsai_akp 6 2023  F_Mean 0.102646
bsai_akp 6 2024 F0 0 
bsai_akp 6 2024 Fabc 0.140028
bsai_akp 6 2024 Fofl 0.170414
bsai_akp 6 2024  F_LCI 0.106577
bsai_akp 6 2024  F_UCI 0.108074
bsai_akp 6 2024  F_Median 0.106863
bsai_akp 6 2024  F_Mean 0.10705
bsai_akp 6 2025 F0 0 
bsai_akp 6 2025 Fabc 0.140028
bsai_akp 6 2025 Fofl 0.170414
bsai_akp 6 2025  F_LCI 0.112045
bsai_akp 6 2025  F_UCI 0.116624
bsai_akp 6 2025  F_Median 0.112996
bsai_akp 6 2025  F_Mean 0.113539
bsai_akp 6 2026 F0 0 
bsai_akp 6 2026 Fabc 0.140028
bsai_akp 6 2026 Fofl 0.170414
bsai_akp 6 2026  F_LCI 0.116244
bsai_akp 6 2026  F_UCI 0.128326
bsai_akp 6 2026  F_Median 0.11893
bsai_akp 6 2026  F_Mean 0.120295
bsai_akp 6 2027 F0 0 
bsai_akp 6 2027 Fabc 0.140028
bsai_akp 6 2027 Fofl 0.170414
bsai_akp 6 2027  F_LCI 0.118332
bsai_akp 6 2027  F_UCI 0.144193
bsai_akp 6 2027  F_Median 0.124348
bsai_akp 6 2027  F_Mean 0.127025
bsai_akp 6 2028 F0 0 
bsai_akp 6 2028 Fabc 0.140028
bsai_akp 6 2028 Fofl 0.170414
bsai_akp 6 2028  F_LCI 0.117604
bsai_akp 6 2028  F_UCI 0.164875
bsai_akp 6 2028  F_Median 0.129574
bsai_akp 6 2028  F_Mean 0.133291
bsai_akp 6 2029 F0 0 
bsai_akp 6 2029 Fabc 0.140028
bsai_akp 6 2029 Fofl 0.170414
bsai_akp 6 2029  F_LCI 0.114644
bsai_akp 6 2029  F_UCI 0.170414
bsai_akp 6 2029  F_Median 0.134372
bsai_akp 6 2029  F_Mean 0.138056
bsai_akp 6 2030 F0 0 
bsai_akp 6 2030 Fabc 0.140028
bsai_akp 6 2030 Fofl 0.170414
bsai_akp 6 2030  F_LCI 0.111475
bsai_akp 6 2030  F_UCI 0.170414
bsai_akp 6 2030  F_Median 0.139064
bsai_akp 6 2030  F_Mean 0.141395
bsai_akp 6 2031 F0 0 
bsai_akp 6 2031 Fabc 0.140028
bsai_akp 6 2031 Fofl 0.170414
bsai_akp 6 2031  F_LCI 0.1085
bsai_akp 6 2031  F_UCI 0.170414
bsai_akp 6 2031  F_Median 0.144329
bsai_akp 6 2031  F_Mean 0.143545
bsai_akp 6 2032 F0 0 
bsai_akp 6 2032 Fabc 0.140028
bsai_akp 6 2032 Fofl 0.170414
bsai_akp 6 2032  F_LCI 0.108414
bsai_akp 6 2032  F_UCI 0.170414
bsai_akp 6 2032  F_Median 0.147118
bsai_akp 6 2032  F_Mean 0.144999
bsai_akp 6 2033 F0 0 
bsai_akp 6 2033 Fabc 0.140028
bsai_akp 6 2033 Fofl 0.170414
bsai_akp 6 2033  F_LCI 0.107086
bsai_akp 6 2033  F_UCI 0.170414
bsai_akp 6 2033  F_Median 0.148941
bsai_akp 6 2033  F_Mean 0.146118
bsai_akp 6 2034 F0 0 
bsai_akp 6 2034 Fabc 0.140028
bsai_akp 6 2034 Fofl 0.170414
bsai_akp 6 2034  F_LCI 0.105508
bsai_akp 6 2034  F_UCI 0.170414
bsai_akp 6 2034  F_Median 0.149974
bsai_akp 6 2034  F_Mean 0.146826
bsai_akp 6 2035 F0 0 
bsai_akp 6 2035 Fabc 0.140028
bsai_akp 6 2035 Fofl 0.170414
bsai_akp 6 2035  F_LCI 0.105063
bsai_akp 6 2035  F_UCI 0.170414
bsai_akp 6 2035  F_Median 0.150902
bsai_akp 6 2035  F_Mean 0.147278
bsai_akp 7 2021 Cabc 50586.8
bsai_akp 7 2021 Cofl 53232.9
bsai_akp 7 2021 CLCI 15862
bsai_akp 7 2021 CUCI 15862
bsai_akp 7 2021 CMedian 15862
bsai_akp 7 2021 CMean 15862
bsai_akp 7 2021 CStdn 2.31012e-10
bsai_akp 7 2022 Cabc 50586.8
bsai_akp 7 2022 Cofl 53232.9
bsai_akp 7 2022 CLCI 20142.6
bsai_akp 7 2022 CUCI 20212.5
bsai_akp 7 2022 CMedian 20153
bsai_akp 7 2022 CMean 20162.6
bsai_akp 7 2022 CStdn 27.8253
bsai_akp 7 2023 Cabc 50586.8
bsai_akp 7 2023 Cofl 53232.9
bsai_akp 7 2023 CLCI 20690.8
bsai_akp 7 2023 CUCI 20959.4
bsai_akp 7 2023 CMedian 20742
bsai_akp 7 2023 CMean 20775.5
bsai_akp 7 2023 CStdn 103.25
bsai_akp 7 2024 Cabc 50586.8
bsai_akp 7 2024 Cofl 53232.9
bsai_akp 7 2024 CLCI 27002.8
bsai_akp 7 2024 CUCI 27947.9
bsai_akp 7 2024 CMedian 27205.3
bsai_akp 7 2024 CMean 27317.7
bsai_akp 7 2024 CStdn 364.951
bsai_akp 7 2025 Cabc 50586.8
bsai_akp 7 2025 Cofl 53232.9
bsai_akp 7 2025 CLCI 29023.8
bsai_akp 7 2025 CUCI 31610.2
bsai_akp 7 2025 CMedian 29594
bsai_akp 7 2025 CMean 29893.9
bsai_akp 7 2025 CStdn 994.578
bsai_akp 7 2026 Cabc 50586.8
bsai_akp 7 2026 Cofl 53232.9
bsai_akp 7 2026 CLCI 30732.4
bsai_akp 7 2026 CUCI 37368.7
bsai_akp 7 2026 CMedian 32160.1
bsai_akp 7 2026 CMean 32917.7
bsai_akp 7 2026 CStdn 2479.46
bsai_akp 7 2027 Cabc 50586.8
bsai_akp 7 2027 Cofl 53232.9
bsai_akp 7 2027 CLCI 31531.7
bsai_akp 7 2027 CUCI 45761.6
bsai_akp 7 2027 CMedian 34707.4
bsai_akp 7 2027 CMean 36250.4
bsai_akp 7 2027 CStdn 5049.88
bsai_akp 7 2028 Cabc 50586.8
bsai_akp 7 2028 Cofl 53232.9
bsai_akp 7 2028 CLCI 31159.6
bsai_akp 7 2028 CUCI 58237.1
bsai_akp 7 2028 CMedian 37318.5
bsai_akp 7 2028 CMean 39766.6
bsai_akp 7 2028 CStdn 8482.71
bsai_akp 7 2029 Cabc 50586.8
bsai_akp 7 2029 Cofl 53232.9
bsai_akp 7 2029 CLCI 29792.8
bsai_akp 7 2029 CUCI 65863.2
bsai_akp 7 2029 CMedian 39766.3
bsai_akp 7 2029 CMean 43008.5
bsai_akp 7 2029 CStdn 11670.2
bsai_akp 7 2030 Cabc 50586.8
bsai_akp 7 2030 Cofl 53232.9
bsai_akp 7 2030 CLCI 28434.3
bsai_akp 7 2030 CUCI 70950.9
bsai_akp 7 2030 CMedian 42373.7
bsai_akp 7 2030 CMean 45766
bsai_akp 7 2030 CStdn 14247
bsai_akp 7 2031 Cabc 50586.8
bsai_akp 7 2031 Cofl 53232.9
bsai_akp 7 2031 CLCI 27027.8
bsai_akp 7 2031 CUCI 75512.8
bsai_akp 7 2031 CMedian 45254.2
bsai_akp 7 2031 CMean 47944.6
bsai_akp 7 2031 CStdn 16138.2
bsai_akp 7 2032 Cabc 50586.8
bsai_akp 7 2032 Cofl 53232.9
bsai_akp 7 2032 CLCI 26865.7
bsai_akp 7 2032 CUCI 79024.3
bsai_akp 7 2032 CMedian 46844.4
bsai_akp 7 2032 CMean 49623.7
bsai_akp 7 2032 CStdn 17509.1
bsai_akp 7 2033 Cabc 50586.8
bsai_akp 7 2033 Cofl 53232.9
bsai_akp 7 2033 CLCI 26227.7
bsai_akp 7 2033 CUCI 81584.3
bsai_akp 7 2033 CMedian 48042.5
bsai_akp 7 2033 CMean 50890.3
bsai_akp 7 2033 CStdn 18433.6
bsai_akp 7 2034 Cabc 50586.8
bsai_akp 7 2034 Cofl 53232.9
bsai_akp 7 2034 CLCI 25466.1
bsai_akp 7 2034 CUCI 84994.4
bsai_akp 7 2034 CMedian 48844.6
bsai_akp 7 2034 CMean 51723.6
bsai_akp 7 2034 CStdn 18899.2
bsai_akp 7 2035 Cabc 50586.8
bsai_akp 7 2035 Cofl 53232.9
bsai_akp 7 2035 CLCI 25433
bsai_akp 7 2035 CUCI 84803.7
bsai_akp 7 2035 CMedian 49457.6
bsai_akp 7 2035 CMean 52227.2
bsai_akp 7 2035 CStdn 19031
bsai_akp 7 2021 SSBF100 573174
bsai_akp 7 2021 SSBFabc 229270
bsai_akp 7 2021 SSBFofl 200611
bsai_akp 7 2021 SSBLCI 143363
bsai_akp 7 2021 SSBUCI 143363
bsai_akp 7 2021 SSBMedian 143363
bsai_akp 7 2021 SSBMean 143363
bsai_akp 7 2022 SSBF100 573174
bsai_akp 7 2022 SSBFabc 229270
bsai_akp 7 2022 SSBFofl 200611
bsai_akp 7 2022 SSBLCI 142264
bsai_akp 7 2022 SSBUCI 142264
bsai_akp 7 2022 SSBMedian 142264
bsai_akp 7 2022 SSBMean 142264
bsai_akp 7 2023 SSBF100 573174
bsai_akp 7 2023 SSBFabc 229270
bsai_akp 7 2023 SSBFofl 200611
bsai_akp 7 2023 SSBLCI 144966
bsai_akp 7 2023 SSBUCI 145477
bsai_akp 7 2023 SSBMedian 145042
bsai_akp 7 2023 SSBMean 145112
bsai_akp 7 2024 SSBF100 573174
bsai_akp 7 2024 SSBFabc 229270
bsai_akp 7 2024 SSBFofl 200611
bsai_akp 7 2024 SSBLCI 151179
bsai_akp 7 2024 SSBUCI 153097
bsai_akp 7 2024 SSBMedian 151545
bsai_akp 7 2024 SSBMean 151784
bsai_akp 7 2025 SSBF100 573174
bsai_akp 7 2025 SSBFabc 229270
bsai_akp 7 2025 SSBFofl 200611
bsai_akp 7 2025 SSBLCI 157475
bsai_akp 7 2025 SSBUCI 163328
bsai_akp 7 2025 SSBMedian 158692
bsai_akp 7 2025 SSBMean 159385
bsai_akp 7 2026 SSBF100 573174
bsai_akp 7 2026 SSBFabc 229270
bsai_akp 7 2026 SSBFofl 200611
bsai_akp 7 2026 SSBLCI 162211
bsai_akp 7 2026 SSBUCI 177637
bsai_akp 7 2026 SSBMedian 165641
bsai_akp 7 2026 SSBMean 167390
bsai_akp 7 2027 SSBF100 573174
bsai_akp 7 2027 SSBFabc 229270
bsai_akp 7 2027 SSBFofl 200611
bsai_akp 7 2027 SSBLCI 164327
bsai_akp 7 2027 SSBUCI 197337
bsai_akp 7 2027 SSBMedian 172005
bsai_akp 7 2027 SSBMean 175510
bsai_akp 7 2028 SSBF100 573174
bsai_akp 7 2028 SSBFabc 229270
bsai_akp 7 2028 SSBFofl 200611
bsai_akp 7 2028 SSBLCI 162945
bsai_akp 7 2028 SSBUCI 223264
bsai_akp 7 2028 SSBMedian 178220
bsai_akp 7 2028 SSBMean 183769
bsai_akp 7 2029 SSBF100 573174
bsai_akp 7 2029 SSBFabc 229270
bsai_akp 7 2029 SSBFofl 200611
bsai_akp 7 2029 SSBLCI 158808
bsai_akp 7 2029 SSBUCI 249505
bsai_akp 7 2029 SSBMedian 183981
bsai_akp 7 2029 SSBMean 191657
bsai_akp 7 2030 SSBF100 573174
bsai_akp 7 2030 SSBFabc 229270
bsai_akp 7 2030 SSBFofl 200611
bsai_akp 7 2030 SSBLCI 154509
bsai_akp 7 2030 SSBUCI 268893
bsai_akp 7 2030 SSBMedian 189711
bsai_akp 7 2030 SSBMean 198648
bsai_akp 7 2031 SSBF100 573174
bsai_akp 7 2031 SSBFabc 229270
bsai_akp 7 2031 SSBFofl 200611
bsai_akp 7 2031 SSBLCI 150511
bsai_akp 7 2031 SSBUCI 285393
bsai_akp 7 2031 SSBMedian 196257
bsai_akp 7 2031 SSBMean 204409
bsai_akp 7 2032 SSBF100 573174
bsai_akp 7 2032 SSBFabc 229270
bsai_akp 7 2032 SSBFofl 200611
bsai_akp 7 2032 SSBLCI 150259
bsai_akp 7 2032 SSBUCI 297492
bsai_akp 7 2032 SSBMedian 199692
bsai_akp 7 2032 SSBMean 208891
bsai_akp 7 2033 SSBF100 573174
bsai_akp 7 2033 SSBFabc 229270
bsai_akp 7 2033 SSBFofl 200611
bsai_akp 7 2033 SSBLCI 148483
bsai_akp 7 2033 SSBUCI 307611
bsai_akp 7 2033 SSBMedian 201947
bsai_akp 7 2033 SSBMean 212056
bsai_akp 7 2034 SSBF100 573174
bsai_akp 7 2034 SSBFabc 229270
bsai_akp 7 2034 SSBFofl 200611
bsai_akp 7 2034 SSBLCI 146382
bsai_akp 7 2034 SSBUCI 316001
bsai_akp 7 2034 SSBMedian 203205
bsai_akp 7 2034 SSBMean 214055
bsai_akp 7 2035 SSBF100 573174
bsai_akp 7 2035 SSBFabc 229270
bsai_akp 7 2035 SSBFofl 200611
bsai_akp 7 2035 SSBLCI 145773
bsai_akp 7 2035 SSBUCI 318249
bsai_akp 7 2035 SSBMedian 204342
bsai_akp 7 2035 SSBMean 215067
bsai_akp 7 2021 F0 0 
bsai_akp 7 2021 Fabc 0.140028
bsai_akp 7 2021 Fofl 0.170414
bsai_akp 7 2021  F_LCI 0.0651529
bsai_akp 7 2021  F_UCI 0.0651529
bsai_akp 7 2021  F_Median 0.0651529
bsai_akp 7 2021  F_Mean 0.0651529
bsai_akp 7 2022 F0 0 
bsai_akp 7 2022 Fabc 0.140028
bsai_akp 7 2022 Fofl 0.170414
bsai_akp 7 2022  F_LCI 0.0840912
bsai_akp 7 2022  F_UCI 0.0840912
bsai_akp 7 2022  F_Median 0.0840912
bsai_akp 7 2022  F_Mean 0.0840912
bsai_akp 7 2023 F0 0 
bsai_akp 7 2023 Fabc 0.140028
bsai_akp 7 2023 Fofl 0.170414
bsai_akp 7 2023  F_LCI 0.0858282
bsai_akp 7 2023  F_UCI 0.0861571
bsai_akp 7 2023  F_Median 0.085877
bsai_akp 7 2023  F_Mean 0.0859221
bsai_akp 7 2024 F0 0 
bsai_akp 7 2024 Fabc 0.140028
bsai_akp 7 2024 Fofl 0.170414
bsai_akp 7 2024  F_LCI 0.109314
bsai_akp 7 2024  F_UCI 0.110815
bsai_akp 7 2024  F_Median 0.109601
bsai_akp 7 2024  F_Mean 0.109787
bsai_akp 7 2025 F0 0 
bsai_akp 7 2025 Fabc 0.140028
bsai_akp 7 2025 Fofl 0.170414
bsai_akp 7 2025  F_LCI 0.11424
bsai_akp 7 2025  F_UCI 0.11882
bsai_akp 7 2025  F_Median 0.115192
bsai_akp 7 2025  F_Mean 0.115735
bsai_akp 7 2026 F0 0 
bsai_akp 7 2026 Fabc 0.140028
bsai_akp 7 2026 Fofl 0.170414
bsai_akp 7 2026  F_LCI 0.117945
bsai_akp 7 2026  F_UCI 0.130015
bsai_akp 7 2026  F_Median 0.120629
bsai_akp 7 2026  F_Mean 0.121991
bsai_akp 7 2027 F0 0 
bsai_akp 7 2027 Fabc 0.140028
bsai_akp 7 2027 Fofl 0.170414
bsai_akp 7 2027  F_LCI 0.119601
bsai_akp 7 2027  F_UCI 0.145429
bsai_akp 7 2027  F_Median 0.125609
bsai_akp 7 2027  F_Mean 0.12828
bsai_akp 7 2028 F0 0 
bsai_akp 7 2028 Fabc 0.140028
bsai_akp 7 2028 Fofl 0.170414
bsai_akp 7 2028  F_LCI 0.11852
bsai_akp 7 2028  F_UCI 0.165715
bsai_akp 7 2028  F_Median 0.130471
bsai_akp 7 2028  F_Mean 0.134151
bsai_akp 7 2029 F0 0 
bsai_akp 7 2029 Fabc 0.140028
bsai_akp 7 2029 Fofl 0.170414
bsai_akp 7 2029  F_LCI 0.115283
bsai_akp 7 2029  F_UCI 0.170414
bsai_akp 7 2029  F_Median 0.134979
bsai_akp 7 2029  F_Mean 0.13861
bsai_akp 7 2030 F0 0 
bsai_akp 7 2030 Fabc 0.140028
bsai_akp 7 2030 Fofl 0.170414
bsai_akp 7 2030  F_LCI 0.111919
bsai_akp 7 2030  F_UCI 0.170414
bsai_akp 7 2030  F_Median 0.139462
bsai_akp 7 2030  F_Mean 0.141732
bsai_akp 7 2031 F0 0 
bsai_akp 7 2031 Fabc 0.140028
bsai_akp 7 2031 Fofl 0.170414
bsai_akp 7 2031  F_LCI 0.108791
bsai_akp 7 2031  F_UCI 0.170414
bsai_akp 7 2031  F_Median 0.144584
bsai_akp 7 2031  F_Mean 0.143746
bsai_akp 7 2032 F0 0 
bsai_akp 7 2032 Fabc 0.140028
bsai_akp 7 2032 Fofl 0.170414
bsai_akp 7 2032  F_LCI 0.108594
bsai_akp 7 2032  F_UCI 0.170414
bsai_akp 7 2032  F_Median 0.147272
bsai_akp 7 2032  F_Mean 0.145115
bsai_akp 7 2033 F0 0 
bsai_akp 7 2033 Fabc 0.140028
bsai_akp 7 2033 Fofl 0.170414
bsai_akp 7 2033  F_LCI 0.107205
bsai_akp 7 2033  F_UCI 0.170414
bsai_akp 7 2033  F_Median 0.149036
bsai_akp 7 2033  F_Mean 0.146185
bsai_akp 7 2034 F0 0 
bsai_akp 7 2034 Fabc 0.140028
bsai_akp 7 2034 Fofl 0.170414
bsai_akp 7 2034  F_LCI 0.105561
bsai_akp 7 2034  F_UCI 0.170414
bsai_akp 7 2034  F_Median 0.150021
bsai_akp 7 2034  F_Mean 0.146862
bsai_akp 7 2035 F0 0 
bsai_akp 7 2035 Fabc 0.140028
bsai_akp 7 2035 Fofl 0.170414
bsai_akp 7 2035  F_LCI 0.105084
bsai_akp 7 2035  F_UCI 0.170414
bsai_akp 7 2035  F_Median 0.15091
bsai_akp 7 2035  F_Mean 0.147297
