Stock Alt Year Catch ABC OFL SSB TotBiom
ai20 1 2021 1.656 51.1964 61.8014 89.8293 292.783
ai20 1 2022 50.7522 50.7522 61.2636 85.7245 308.525
ai20 1 2023 38.3104 38.3104 45.9834 70.3286 286.503
ai20 1 2024 30.8633 30.8633 37.2783 65.1036 285.662
ai20 1 2025 29.9784 29.9784 36.3393 65.7451 296.383
ai20 1 2026 32.5072 32.5072 39.4416 69.4949 309.821
ai20 1 2027 35.593 35.593 43.2197 73.4467 320.787
ai20 1 2028 37.9852 37.9852 46.1917 76.4826 327.337
ai20 1 2029 39.4544 39.4544 47.9612 78.3438 330.959
ai20 1 2030 40.2704 40.2704 48.9426 79.2514 330.935
ai20 1 2031 40.4928 40.4928 49.1945 79.4513 329.562
ai20 1 2032 40.3585 40.3585 49.0683 79.3627 328.122
ai20 1 2033 40.0896 40.0896 48.6467 78.7255 326.698
ai20 1 2034 39.6708 39.6708 48.1491 77.9101 326.616
ai20 2 2021 1.656 0.0511529 61.8014 89.8293 292.783
ai20 2 2022 50.7522 0.0505464 61.2636 85.7245 308.525
ai20 2 2023 38.3104 0.0376548 45.9834 70.3286 286.503
ai20 2 2024 30.8633 0.028469 37.2783 65.1036 285.662
ai20 2 2025 29.9784 0.0232305 36.3393 65.7451 296.383
ai20 2 2026 32.5072 0.0215977 39.4416 69.4949 309.821
ai20 2 2027 35.593 0.0270955 43.2197 73.4467 320.787
ai20 2 2028 37.9852 0.037692 46.1917 76.4826 327.337
ai20 2 2029 39.4544 0.0446352 47.9612 78.3438 330.959
ai20 2 2030 40.2704 0.0503032 48.9426 79.2514 330.935
ai20 2 2031 40.4928 0.0540905 49.1945 79.4513 329.562
ai20 2 2032 40.3585 0.0557747 49.0683 79.3627 328.122
ai20 2 2033 40.0896 0.0542631 48.6467 78.7255 326.698
ai20 2 2034 39.6708 0.0510744 48.1491 77.9101 326.616
ai20 3 2021 1.656 51.1964 61.8014 89.8293 292.783
ai20 3 2022 3.7962 50.7522 61.2636 89.4064 308.525
ai20 3 2023 3.76958 50.4836 60.9685 90.7287 328.97
ai20 3 2024 3.84684 51.741 62.5558 96.0232 354.516
ai20 3 2025 4.09786 55.3083 66.9261 103.086 381.509
ai20 3 2026 4.514 60.9409 73.742 112.309 408.278
ai20 3 2027 4.95828 66.8568 80.8758 122.08 432.916
ai20 3 2028 5.40109 72.6383 87.8313 131.151 453.37
ai20 3 2029 5.7683 77.4353 93.6 139.178 470.573
ai20 3 2030 6.06411 81.3037 98.2478 145.946 483.156
ai20 3 2031 6.29145 84.2622 101.798 151.212 492.718
ai20 3 2032 6.45744 86.4409 104.413 155.256 500.198
ai20 3 2033 6.57436 87.9617 106.237 157.796 505.639
ai20 3 2034 6.65178 88.9719 107.445 159.281 510.567
ai20 4 2021 1.656 51.1964 61.8014 89.8293 292.783
ai20 4 2022 23.9876 50.7522 61.2636 87.9135 308.525
ai20 4 2023 21.735 46.0667 55.6511 81.7423 310.702
ai20 4 2024 20.6838 43.9335 53.0306 81.123 322.176
ai20 4 2025 21.0517 43.7427 52.8458 83.5715 337.981
ai20 4 2026 22.5291 46.2798 55.9958 88.6967 354.974
ai20 4 2027 24.2222 49.8602 60.3566 94.3962 370.21
ai20 4 2028 25.8848 53.4125 64.6421 99.4968 381.689
ai20 4 2029 27.1147 56.0551 67.8394 103.558 390.238
ai20 4 2030 27.9548 57.9462 70.1323 106.511 394.679
ai20 4 2031 28.4709 59.1205 71.5686 108.406 397.026
ai20 4 2032 28.7694 59.7794 72.3454 109.603 398.402
ai20 4 2033 28.9068 60.0339 72.6189 109.821 398.851
ai20 4 2034 28.8957 60.027 72.6077 109.498 399.846
ai20 5 2021 1.656 51.1964 61.8014 89.8293 292.783
ai20 5 2022 0 50.7522 61.2636 89.6739 308.525
ai20 5 2023 0 51.3168 61.9716 92.4409 332.405
ai20 5 2024 0 53.2884 64.4188 99.0256 360.935
ai20 5 2025 0 57.4907 69.5541 107.213 390.559
ai20 5 2026 0 63.7496 77.1286 117.505 419.794
ai20 5 2027 0 70.3325 85.0762 128.375 446.9
ai20 5 2028 0 76.7934 92.8428 138.546 469.792
ai20 5 2029 0 82.2274 99.3743 147.7 489.423
ai20 5 2030 0 86.6892 104.734 155.593 504.388
ai20 5 2031 0 90.2206 108.972 161.906 516.175
ai20 5 2032 0 92.9026 112.195 166.886 525.656
ai20 5 2033 0 94.8801 114.566 170.243 532.843
ai20 5 2034 0 96.2748 116.237 172.415 539.254
ai20 6 2021 61.8014 51.1964 61.8014 85.0319 292.783
ai20 6 2022 39.7285 33.0228 39.7285 63.9604 254.47
ai20 6 2023 28.6379 23.6568 28.6379 55.262 249.418
ai20 6 2024 27.1916 22.4013 27.1916 55.2529 262.498
ai20 6 2025 29.6472 24.3883 29.6472 58.6182 279.942
ai20 6 2026 34.209 28.1072 34.209 63.4847 295.884
ai20 6 2027 38.3339 31.3225 38.3339 67.573 306.876
ai20 6 2028 41.0335 33.4183 41.0335 70.2453 312.32
ai20 6 2029 42.3643 34.6167 42.3643 71.5728 314.569
ai20 6 2030 42.9647 35.1444 42.9647 72.0142 313.427
ai20 6 2031 42.916 35.0648 42.916 71.885 311.282
ai20 6 2032 42.6505 34.8118 42.6505 71.6093 309.441
ai20 6 2033 42.1074 34.4712 42.1074 70.8919 307.817
ai20 6 2034 41.6144 33.9801 41.6144 70.1114 307.847
ai20 7 2021 51.1964 51.1964 61.8014 85.9751 292.783
ai20 7 2022 36.9047 36.9047 44.308 68.1713 263.987
ai20 7 2023 33.2906 27.5687 33.2906 59.4494 260.326
ai20 7 2024 29.3778 24.2311 29.3778 57.3732 267.695
ai20 7 2025 30.6648 25.239 30.6648 59.6513 282.292
ai20 7 2026 34.6493 28.519 34.6493 63.9513 296.842
ai20 7 2027 38.4965 31.4969 38.4965 67.7554 307.197
ai20 7 2028 41.0763 33.4621 41.0763 70.298 312.38
ai20 7 2029 42.3628 34.6146 42.3628 71.5761 314.543
ai20 7 2030 42.9522 35.1538 42.9522 72.0037 313.388
ai20 7 2031 42.9052 35.056 42.9052 71.8744 311.252
ai20 7 2032 42.6436 34.8062 42.6436 71.6022 309.423
ai20 7 2033 42.1036 34.4681 42.1036 70.8879 307.807
ai20 7 2034 41.6126 33.9786 41.6126 70.1094 307.843
