Alternative 1 Catch
     ai20 
Equil_Fabc 41.2434 
Year 
2020 3.205 
2021 1.656 
2022 50.7522 
2023 38.3104 
2024 30.8633 
2025 29.9784 
2026 32.5072 
2027 35.593 
2028 37.9852 
2029 39.4544 
2030 40.2704 
2031 40.4928 
2032 40.3585 
2033 40.0896 
2034 39.6708 

Alternative 1 ABCs
     ai20 

Year 
2020 51.6715 
2021 51.1964 
2022 50.7522 
2023 38.3104 
2024 30.8633 
2025 29.9784 
2026 32.5072 
2027 35.593 
2028 37.9852 
2029 39.4544 
2030 40.2704 
2031 40.4928 
2032 40.3585 
2033 40.0896 
2034 39.6708 

Alternative 1 TACs
     ai20 

Year 
2020  NA 
2021  NA 
2022 50.7522 
2023 38.3104 
2024 30.8633 
2025 29.9784 
2026 32.5072 
2027 35.593 
2028 37.9852 
2029 39.4544 
2030 40.2704 
2031 40.4928 
2032 40.3585 
2033 40.0896 
2034 39.6708 

Alternative 1 Sp_Biomass
     ai20 
Equil_Fabc 74.1899 
Year 
2020 90.0294 
2021 89.8293 
2022 85.7245 
2023 70.3286 
2024 65.1036 
2025 65.7451 
2026 69.4949 
2027 73.4467 
2028 76.4826 
2029 78.3438 
2030 79.2514 
2031 79.4513 
2032 79.3627 
2033 78.7255 
2034 77.9101 

Alternative 1 Fishing Mortality
     ai20 
Equil_Fabc 0.31335 
Year 
2020 0.0172015 
2021 0.00893152 
2022 0.31335 
2023 0.296163 
2024 0.267763 
2025 0.257412 
2026 0.257497 
2027 0.261517 
2028 0.263315 
2029 0.265075 
2030 0.267073 
2031 0.267797 
2032 0.267467 
2033 0.267664 
2034 0.266923 

Alternative 1 Biomass
     ai20 

Year 
2020 282.589 
2021 292.783 
2022 308.525 
2023 286.503 
2024 285.662 
2025 296.383 
2026 309.821 
2027 320.787 
2028 327.337 
2029 330.959 
2030 330.935 
2031 329.562 
2032 328.122 
2033 326.698 
2034 326.616 

Alternative 1 Implied SPR rate 
     ai20 
Equil_Fabc 0.4 
Year 
2020 0.92296 
2021 0.958461 
2022 0.4 
2023 0.413332 
2024 0.438258 
2025 0.449746 
2026 0.451702 
2027 0.449725 
2028 0.450544 
2029 0.449199 
2030 0.447244 
2031 0.446615 
2032 0.447792 
2033 0.445327 
2034 0.446207 

  ai20 
EquilAvgAgeF0  5.06443 
EquilAvgAgeFabc  3.48285 
AvgAgeYr2034 3.79039 
Alternative 2 Catch
     ai20 
Equil_Fabc 41.2434 
Year 
2020 3.205 
2021 1.656 
2022 50.7522 
2023 38.3104 
2024 30.8633 
2025 29.9784 
2026 32.5072 
2027 35.593 
2028 37.9852 
2029 39.4544 
2030 40.2704 
2031 40.4928 
2032 40.3585 
2033 40.0896 
2034 39.6708 

Alternative 2 ABCs
     ai20 

Year 
2020 0.0516715 
2021 0.0511529 
2022 0.0505464 
2023 0.0376548 
2024 0.028469 
2025 0.0232305 
2026 0.0215977 
2027 0.0270955 
2028 0.037692 
2029 0.0446352 
2030 0.0503032 
2031 0.0540905 
2032 0.0557747 
2033 0.0542631 
2034 0.0510744 

Alternative 2 TACs
     ai20 

Year 
2020  NA 
2021  NA 
2022 50.7522 
2023 38.3104 
2024 30.8633 
2025 29.9784 
2026 32.5072 
2027 35.593 
2028 37.9852 
2029 39.4544 
2030 40.2704 
2031 40.4928 
2032 40.3585 
2033 40.0896 
2034 39.6708 

Alternative 2 Sp_Biomass
     ai20 
Equil_Fabc 74.1899 
Year 
2020 90.0294 
2021 89.8293 
2022 85.7245 
2023 70.3286 
2024 65.1036 
2025 65.7451 
2026 69.4949 
2027 73.4467 
2028 76.4826 
2029 78.3438 
2030 79.2514 
2031 79.4513 
2032 79.3627 
2033 78.7255 
2034 77.9101 

Alternative 2 Fishing Mortality
     ai20 
Equil_Fabc 0.31335 
Year 
2020 0.0172015 
2021 0.00893152 
2022 0.31335 
2023 0.296163 
2024 0.267763 
2025 0.257412 
2026 0.257497 
2027 0.261517 
2028 0.263315 
2029 0.265075 
2030 0.267073 
2031 0.267797 
2032 0.267467 
2033 0.267664 
2034 0.266923 

Alternative 2 Biomass
     ai20 

Year 
2020 282.589 
2021 292.783 
2022 308.525 
2023 286.503 
2024 285.662 
2025 296.383 
2026 309.821 
2027 320.787 
2028 327.337 
2029 330.959 
2030 330.935 
2031 329.562 
2032 328.122 
2033 326.698 
2034 326.616 

Alternative 2 Implied SPR rate 
     ai20 
Equil_Fabc 0.4 
Year 
2020 0.92296 
2021 0.958461 
2022 0.4 
2023 0.413332 
2024 0.438258 
2025 0.449746 
2026 0.451702 
2027 0.449725 
2028 0.450544 
2029 0.449199 
2030 0.447244 
2031 0.446615 
2032 0.447792 
2033 0.445327 
2034 0.446207 

  ai20 
EquilAvgAgeF0  5.06443 
EquilAvgAgeFabc  3.48285 
AvgAgeYr2034 3.79039 
Alternative 3 Catch
     ai20 
Equil_Fabc 41.2434 
Year 
2020 3.205 
2021 1.656 
2022 3.7962 
2023 3.76958 
2024 3.84684 
2025 4.09786 
2026 4.514 
2027 4.95828 
2028 5.40109 
2029 5.7683 
2030 6.06411 
2031 6.29145 
2032 6.45744 
2033 6.57436 
2034 6.65178 

Alternative 3 ABCs
     ai20 

Year 
2020 51.6715 
2021 51.1964 
2022 50.7522 
2023 50.4836 
2024 51.741 
2025 55.3083 
2026 60.9409 
2027 66.8568 
2028 72.6383 
2029 77.4353 
2030 81.3037 
2031 84.2622 
2032 86.4409 
2033 87.9617 
2034 88.9719 

Alternative 3 TACs
     ai20 

Year 
2020  NA 
2021  NA 
2022 3.7962 
2023 3.76958 
2024 3.84684 
2025 4.09786 
2026 4.514 
2027 4.95828 
2028 5.40109 
2029 5.7683 
2030 6.06411 
2031 6.29145 
2032 6.45744 
2033 6.57436 
2034 6.65178 

Alternative 3 Sp_Biomass
     ai20 
Equil_Fabc 74.1899 
Year 
2020 90.0294 
2021 89.8293 
2022 89.4064 
2023 90.7287 
2024 96.0232 
2025 103.086 
2026 112.309 
2027 122.08 
2028 131.151 
2029 139.178 
2030 145.946 
2031 151.212 
2032 155.256 
2033 157.796 
2034 159.281 

Alternative 3 Fishing Mortality
     ai20 
Equil_Fabc 0.31335 
Year 
2020 0.0172015 
2021 0.00893152 
2022 0.0207545 
2023 0.0207545 
2024 0.0207545 
2025 0.0207545 
2026 0.0207545 
2027 0.0207545 
2028 0.0207545 
2029 0.0207545 
2030 0.0207545 
2031 0.0207545 
2032 0.0207545 
2033 0.0207545 
2034 0.0207545 

Alternative 3 Biomass
     ai20 

Year 
2020 282.589 
2021 292.783 
2022 308.525 
2023 328.97 
2024 354.516 
2025 381.509 
2026 408.278 
2027 432.916 
2028 453.37 
2029 470.573 
2030 483.156 
2031 492.718 
2032 500.198 
2033 505.639 
2034 510.567 

Alternative 3 Implied SPR rate 
     ai20 
Equil_Fabc 0.4 
Year 
2020 0.92296 
2021 0.958461 
2022 0.908504 
2023 0.908504 
2024 0.908504 
2025 0.908504 
2026 0.908504 
2027 0.908504 
2028 0.908504 
2029 0.908504 
2030 0.908504 
2031 0.908504 
2032 0.908504 
2033 0.908504 
2034 0.908504 

  ai20 
EquilAvgAgeF0  5.06443 
EquilAvgAgeFabc  3.48285 
AvgAgeYr2034 5.00159 
Alternative 4 Catch
     ai20 
Equil_Fabc 41.2434 
Year 
2020 3.205 
2021 1.656 
2022 23.9876 
2023 21.735 
2024 20.6838 
2025 21.0517 
2026 22.5291 
2027 24.2222 
2028 25.8848 
2029 27.1147 
2030 27.9548 
2031 28.4709 
2032 28.7694 
2033 28.9068 
2034 28.8957 

Alternative 4 ABCs
     ai20 

Year 
2020 51.6715 
2021 51.1964 
2022 50.7522 
2023 46.0667 
2024 43.9335 
2025 43.7427 
2026 46.2798 
2027 49.8602 
2028 53.4125 
2029 56.0551 
2030 57.9462 
2031 59.1205 
2032 59.7794 
2033 60.0339 
2034 60.027 

Alternative 4 TACs
     ai20 

Year 
2020  NA 
2021  NA 
2022 23.9876 
2023 21.735 
2024 20.6838 
2025 21.0517 
2026 22.5291 
2027 24.2222 
2028 25.8848 
2029 27.1147 
2030 27.9548 
2031 28.4709 
2032 28.7694 
2033 28.9068 
2034 28.8957 

Alternative 4 Sp_Biomass
     ai20 
Equil_Fabc 74.1899 
Year 
2020 90.0294 
2021 89.8293 
2022 87.9135 
2023 81.7423 
2024 81.123 
2025 83.5715 
2026 88.6967 
2027 94.3962 
2028 99.4968 
2029 103.558 
2030 106.511 
2031 108.406 
2032 109.603 
2033 109.821 
2034 109.498 

Alternative 4 Fishing Mortality
     ai20 
Equil_Fabc 0.31335 
Year 
2020 0.0172015 
2021 0.00893152 
2022 0.137793 
2023 0.137793 
2024 0.137793 
2025 0.137793 
2026 0.137793 
2027 0.137793 
2028 0.137793 
2029 0.137656 
2030 0.13738 
2031 0.137104 
2032 0.137242 
2033 0.137518 
2034 0.137518 

Alternative 4 Biomass
     ai20 

Year 
2020 282.589 
2021 292.783 
2022 308.525 
2023 310.702 
2024 322.176 
2025 337.981 
2026 354.974 
2027 370.21 
2028 381.689 
2029 390.238 
2030 394.679 
2031 397.026 
2032 398.402 
2033 398.851 
2034 399.846 

Alternative 4 Implied SPR rate 
     ai20 
Equil_Fabc 0.4 
Year 
2020 0.92296 
2021 0.958461 
2022 0.6 
2023 0.6 
2024 0.6 
2025 0.6 
2026 0.6 
2027 0.6 
2028 0.6 
2029 0.6004 
2030 0.6012 
2031 0.602 
2032 0.6016 
2033 0.6008 
2034 0.6008 

  ai20 
EquilAvgAgeF0  5.06443 
EquilAvgAgeFabc  3.48285 
AvgAgeYr2034 4.27347 
Alternative 5 Catch
     ai20 
Equil_Fabc 41.2434 
Year 
2020 3.205 
2021 1.656 
2022  NA 
2023  NA 
2024  NA 
2025  NA 
2026  NA 
2027  NA 
2028  NA 
2029  NA 
2030  NA 
2031  NA 
2032  NA 
2033  NA 
2034  NA 

Alternative 5 ABCs
     ai20 

Year 
2020 51.6715 
2021 51.1964 
2022 50.7522 
2023 51.3168 
2024 53.2884 
2025 57.4907 
2026 63.7496 
2027 70.3325 
2028 76.7934 
2029 82.2274 
2030 86.6892 
2031 90.2206 
2032 92.9026 
2033 94.8801 
2034 96.2748 

Alternative 5 TACs
     ai20 

Year 
2020  NA 
2021  NA 
2022  NA 
2023  NA 
2024  NA 
2025  NA 
2026  NA 
2027  NA 
2028  NA 
2029  NA 
2030  NA 
2031  NA 
2032  NA 
2033  NA 
2034  NA 

Alternative 5 Sp_Biomass
     ai20 
Equil_Fabc 74.1899 
Year 
2020 90.0294 
2021 89.8293 
2022 89.6739 
2023 92.4409 
2024 99.0256 
2025 107.213 
2026 117.505 
2027 128.375 
2028 138.546 
2029 147.7 
2030 155.593 
2031 161.906 
2032 166.886 
2033 170.243 
2034 172.415 

Alternative 5 Fishing Mortality
     ai20 
Equil_Fabc 0.31335 
Year 
2020 0.0172015 
2021 0.00893152 
2022  NA 
2023  NA 
2024  NA 
2025  NA 
2026  NA 
2027  NA 
2028  NA 
2029  NA 
2030  NA 
2031  NA 
2032  NA 
2033  NA 
2034  NA 

Alternative 5 Biomass
     ai20 

Year 
2020 282.589 
2021 292.783 
2022 308.525 
2023 332.405 
2024 360.935 
2025 390.559 
2026 419.794 
2027 446.9 
2028 469.792 
2029 489.423 
2030 504.388 
2031 516.175 
2032 525.656 
2033 532.843 
2034 539.254 

Alternative 5 Implied SPR rate 
     ai20 
Equil_Fabc 0.4 
Year 
2020 0.92296 
2021 0.958461 
2022 1 
2023 1 
2024 1 
2025 1 
2026 1 
2027 1 
2028 1 
2029 1 
2030 1 
2031 1 
2032 1 
2033 1 
2034 1 

  ai20 
EquilAvgAgeF0  5.06443 
EquilAvgAgeFabc  3.48285 
AvgAgeYr2034 5.18044 
Alternative 6 Catch
     ai20 
Equil_Fabc 41.2434 
Year 
2020 3.205 
2021 61.8014 
2022 39.7285 
2023 28.6379 
2024 27.1916 
2025 29.6472 
2026 34.209 
2027 38.3339 
2028 41.0335 
2029 42.3643 
2030 42.9647 
2031 42.916 
2032 42.6505 
2033 42.1074 
2034 41.6144 

Alternative 6 ABCs
     ai20 

Year 
2020 51.6715 
2021 51.1964 
2022 33.0228 
2023 23.6568 
2024 22.4013 
2025 24.3883 
2026 28.1072 
2027 31.3225 
2028 33.4183 
2029 34.6167 
2030 35.1444 
2031 35.0648 
2032 34.8118 
2033 34.4712 
2034 33.9801 

Alternative 6 TACs
     ai20 

Year 
2020  NA 
2021 61.8014 
2022 39.7285 
2023 28.6379 
2024 27.1916 
2025 29.6472 
2026 34.209 
2027 38.3339 
2028 41.0335 
2029 42.3643 
2030 42.9647 
2031 42.916 
2032 42.6505 
2033 42.1074 
2034 41.6144 

Alternative 6 Sp_Biomass
     ai20 
Equil_Fabc 74.1899 
Year 
2020 90.0294 
2021 85.0319 
2022 63.9604 
2023 55.262 
2024 55.2529 
2025 58.6182 
2026 63.4847 
2027 67.573 
2028 70.2453 
2029 71.5728 
2030 72.0142 
2031 71.885 
2032 71.6093 
2033 70.8919 
2034 70.1114 

Alternative 6 Fishing Mortality
     ai20 
Equil_Fabc 0.31335 
Year 
2020 0.0172015 
2021 0.390068 
2022 0.333454 
2023 0.285313 
2024 0.282252 
2025 0.288057 
2026 0.298267 
2027 0.30871 
2028 0.313785 
2029 0.315828 
2030 0.317908 
2031 0.317985 
2032 0.317846 
2033 0.315911 
2034 0.314979 

Alternative 6 Biomass
     ai20 

Year 
2020 282.589 
2021 292.783 
2022 254.47 
2023 249.418 
2024 262.498 
2025 279.942 
2026 295.884 
2027 306.876 
2028 312.32 
2029 314.569 
2030 313.427 
2031 311.282 
2032 309.441 
2033 307.817 
2034 307.847 

Alternative 6 Implied SPR rate 
     ai20 
Equil_Fabc 0.4 
Year 
2020 0.92296 
2021 0.35 
2022 0.385507 
2023 0.422238 
2024 0.426623 
2025 0.42478 
2026 0.418971 
2027 0.41171 
2028 0.408011 
2029 0.406481 
2030 0.404874 
2031 0.404919 
2032 0.405119 
2033 0.406459 
2034 0.407005 

  ai20 
EquilAvgAgeF0  5.06443 
EquilAvgAgeFabc  3.48285 
AvgAgeYr2034 3.66675 
Alternative 7 Catch
     ai20 
Equil_Fabc 41.2434 
Year 
2020 3.205 
2021 51.1964 
2022 36.9047 
2023 33.2906 
2024 29.3778 
2025 30.6648 
2026 34.6493 
2027 38.4965 
2028 41.0763 
2029 42.3628 
2030 42.9522 
2031 42.9052 
2032 42.6436 
2033 42.1036 
2034 41.6126 

Alternative 7 ABCs
     ai20 

Year 
2020 51.6715 
2021 51.1964 
2022 36.9047 
2023 27.5687 
2024 24.2311 
2025 25.239 
2026 28.519 
2027 31.4969 
2028 33.4621 
2029 34.6146 
2030 35.1538 
2031 35.056 
2032 34.8062 
2033 34.4681 
2034 33.9786 

Alternative 7 TACs
     ai20 

Year 
2020  NA 
2021 61.8014 
2022 44.308 
2023 33.2906 
2024 29.3778 
2025 30.6648 
2026 34.6493 
2027 38.4965 
2028 41.0763 
2029 42.3628 
2030 42.9522 
2031 42.9052 
2032 42.6436 
2033 42.1036 
2034 41.6126 

Alternative 7 Sp_Biomass
     ai20 
Equil_Fabc 74.1899 
Year 
2020 90.0294 
2021 85.9751 
2022 68.1713 
2023 59.4494 
2024 57.3732 
2025 59.6513 
2026 63.9513 
2027 67.7554 
2028 70.298 
2029 71.5761 
2030 72.0037 
2031 71.8744 
2032 71.6022 
2033 70.8879 
2034 70.1094 

Alternative 7 Fishing Mortality
     ai20 
Equil_Fabc 0.31335 
Year 
2020 0.0172015 
2021 0.313349 
2022 0.286592 
2023 0.308488 
2024 0.29349 
2025 0.293017 
2026 0.300281 
2027 0.309429 
2028 0.31399 
2029 0.315852 
2030 0.317881 
2031 0.317954 
2032 0.317825 
2033 0.315898 
2034 0.314973 

Alternative 7 Biomass
     ai20 

Year 
2020 282.589 
2021 292.783 
2022 263.987 
2023 260.326 
2024 267.695 
2025 282.292 
2026 296.842 
2027 307.197 
2028 312.38 
2029 314.543 
2030 313.388 
2031 311.252 
2032 309.423 
2033 307.807 
2034 307.843 

Alternative 7 Implied SPR rate 
     ai20 
Equil_Fabc 0.4 
Year 
2020 0.92296 
2021 0.4 
2022 0.42115 
2023 0.403693 
2024 0.417047 
2025 0.420337 
2026 0.4171 
2027 0.411022 
2028 0.407804 
2029 0.406449 
2030 0.404895 
2031 0.404945 
2032 0.405138 
2033 0.40647 
2034 0.40701 

  ai20 
EquilAvgAgeF0  5.06443 
EquilAvgAgeFabc  3.48285 
AvgAgeYr2034 3.66674 
