ai20 1 2020 Cabc 41.2434
ai20 1 2020 Cofl 43.6051
ai20 1 2020 CLCI 3.205
ai20 1 2020 CUCI 3.205
ai20 1 2020 CMedian 3.205
ai20 1 2020 CMean 3.205
ai20 1 2020 CStdn 4.66294e-014
ai20 1 2021 Cabc 41.2434
ai20 1 2021 Cofl 43.6051
ai20 1 2021 CLCI 1.656
ai20 1 2021 CUCI 1.656
ai20 1 2021 CMedian 1.656
ai20 1 2021 CMean 1.656
ai20 1 2021 CStdn 1.86968e-007
ai20 1 2022 Cabc 41.2434
ai20 1 2022 Cofl 43.6051
ai20 1 2022 CLCI 50.4707
ai20 1 2022 CUCI 51.4228
ai20 1 2022 CMedian 50.6241
ai20 1 2022 CMean 50.7522
ai20 1 2022 CStdn 0.377959
ai20 1 2023 Cabc 41.2434
ai20 1 2023 Cofl 43.6051
ai20 1 2023 CLCI 37.3468
ai20 1 2023 CUCI 40.6318
ai20 1 2023 CMedian 37.8853
ai20 1 2023 CMean 38.3104
ai20 1 2023 CStdn 1.30817
ai20 1 2024 Cabc 41.2434
ai20 1 2024 Cofl 43.6051
ai20 1 2024 CLCI 26.844
ai20 1 2024 CUCI 40.649
ai20 1 2024 CMedian 29.0804
ai20 1 2024 CMean 30.8633
ai20 1 2024 CStdn 4.74535
ai20 1 2025 Cabc 41.2434
ai20 1 2025 Cofl 43.6051
ai20 1 2025 CLCI 20.6647
ai20 1 2025 CUCI 47.2166
ai20 1 2025 CMedian 26.7306
ai20 1 2025 CMean 29.9784
ai20 1 2025 CStdn 9.79581
ai20 1 2026 Cabc 41.2434
ai20 1 2026 Cofl 43.6051
ai20 1 2026 CLCI 16.9174
ai20 1 2026 CUCI 60.4391
ai20 1 2026 CMedian 28.6141
ai20 1 2026 CMean 32.5072
ai20 1 2026 CStdn 15.4457
ai20 1 2027 Cabc 41.2434
ai20 1 2027 Cofl 43.6051
ai20 1 2027 CLCI 14.3405
ai20 1 2027 CUCI 72.4064
ai20 1 2027 CMedian 31.5054
ai20 1 2027 CMean 35.593
ai20 1 2027 CStdn 19.2626
ai20 1 2028 Cabc 41.2434
ai20 1 2028 Cofl 43.6051
ai20 1 2028 CLCI 12.9835
ai20 1 2028 CUCI 76.8766
ai20 1 2028 CMedian 34.1293
ai20 1 2028 CMean 37.9852
ai20 1 2028 CStdn 21.485
ai20 1 2029 Cabc 41.2434
ai20 1 2029 Cofl 43.6051
ai20 1 2029 CLCI 13.5283
ai20 1 2029 CUCI 79.4231
ai20 1 2029 CMedian 35.3954
ai20 1 2029 CMean 39.4544
ai20 1 2029 CStdn 22.5008
ai20 1 2030 Cabc 41.2434
ai20 1 2030 Cofl 43.6051
ai20 1 2030 CLCI 13.2331
ai20 1 2030 CUCI 80.9912
ai20 1 2030 CMedian 36.2238
ai20 1 2030 CMean 40.2704
ai20 1 2030 CStdn 22.9335
ai20 1 2031 Cabc 41.2434
ai20 1 2031 Cofl 43.6051
ai20 1 2031 CLCI 13.0817
ai20 1 2031 CUCI 81.1378
ai20 1 2031 CMedian 36.8308
ai20 1 2031 CMean 40.4928
ai20 1 2031 CStdn 22.8222
ai20 1 2032 Cabc 41.2434
ai20 1 2032 Cofl 43.6051
ai20 1 2032 CLCI 13.0828
ai20 1 2032 CUCI 80.6307
ai20 1 2032 CMedian 37.7829
ai20 1 2032 CMean 40.3585
ai20 1 2032 CStdn 22.2596
ai20 1 2033 Cabc 41.2434
ai20 1 2033 Cofl 43.6051
ai20 1 2033 CLCI 13.4091
ai20 1 2033 CUCI 80.7978
ai20 1 2033 CMedian 36.6687
ai20 1 2033 CMean 40.0896
ai20 1 2033 CStdn 21.8214
ai20 1 2034 Cabc 41.2434
ai20 1 2034 Cofl 43.6051
ai20 1 2034 CLCI 13.2298
ai20 1 2034 CUCI 80.6438
ai20 1 2034 CMedian 35.8305
ai20 1 2034 CMean 39.6708
ai20 1 2034 CStdn 21.7598
ai20 1 2020 SSBF100 185.475
ai20 1 2020 SSBFabc 74.1899
ai20 1 2020 SSBFofl 64.9161
ai20 1 2020 SSBLCI 90.0294
ai20 1 2020 SSBUCI 90.0294
ai20 1 2020 SSBMedian 90.0294
ai20 1 2020 SSBMean 90.0294
ai20 1 2021 SSBF100 185.475
ai20 1 2021 SSBFabc 74.1899
ai20 1 2021 SSBFofl 64.9161
ai20 1 2021 SSBLCI 89.8292
ai20 1 2021 SSBUCI 89.8298
ai20 1 2021 SSBMedian 89.8292
ai20 1 2021 SSBMean 89.8293
ai20 1 2022 SSBF100 185.475
ai20 1 2022 SSBFabc 74.1899
ai20 1 2022 SSBFofl 64.9161
ai20 1 2022 SSBLCI 85.7144
ai20 1 2022 SSBUCI 85.7539
ai20 1 2022 SSBMedian 85.7188
ai20 1 2022 SSBMean 85.7245
ai20 1 2023 SSBF100 185.475
ai20 1 2023 SSBFabc 74.1899
ai20 1 2023 SSBFofl 64.9161
ai20 1 2023 SSBLCI 69.9507
ai20 1 2023 SSBUCI 71.4233
ai20 1 2023 SSBMedian 70.117
ai20 1 2023 SSBMean 70.3286
ai20 1 2024 SSBF100 185.475
ai20 1 2024 SSBFabc 74.1899
ai20 1 2024 SSBFofl 64.9161
ai20 1 2024 SSBLCI 59.4894
ai20 1 2024 SSBUCI 81.1312
ai20 1 2024 SSBMedian 62.0755
ai20 1 2024 SSBMean 65.1036
ai20 1 2025 SSBF100 185.475
ai20 1 2025 SSBFabc 74.1899
ai20 1 2025 SSBFofl 64.9161
ai20 1 2025 SSBLCI 51.0135
ai20 1 2025 SSBUCI 100.963
ai20 1 2025 SSBMedian 59.6667
ai20 1 2025 SSBMean 65.7451
ai20 1 2026 SSBF100 185.475
ai20 1 2026 SSBFabc 74.1899
ai20 1 2026 SSBFofl 64.9161
ai20 1 2026 SSBLCI 45.3095
ai20 1 2026 SSBUCI 126.581
ai20 1 2026 SSBMedian 61.6722
ai20 1 2026 SSBMean 69.4949
ai20 1 2027 SSBF100 185.475
ai20 1 2027 SSBFabc 74.1899
ai20 1 2027 SSBFofl 64.9161
ai20 1 2027 SSBLCI 42.0328
ai20 1 2027 SSBUCI 134.302
ai20 1 2027 SSBMedian 65.0331
ai20 1 2027 SSBMean 73.4467
ai20 1 2028 SSBF100 185.475
ai20 1 2028 SSBFabc 74.1899
ai20 1 2028 SSBFofl 64.9161
ai20 1 2028 SSBLCI 40.9555
ai20 1 2028 SSBUCI 141.23
ai20 1 2028 SSBMedian 67.2617
ai20 1 2028 SSBMean 76.4826
ai20 1 2029 SSBF100 185.475
ai20 1 2029 SSBFabc 74.1899
ai20 1 2029 SSBFofl 64.9161
ai20 1 2029 SSBLCI 41.9712
ai20 1 2029 SSBUCI 143.758
ai20 1 2029 SSBMedian 68.3213
ai20 1 2029 SSBMean 78.3438
ai20 1 2030 SSBF100 185.475
ai20 1 2030 SSBFabc 74.1899
ai20 1 2030 SSBFofl 64.9161
ai20 1 2030 SSBLCI 41.7786
ai20 1 2030 SSBUCI 145.183
ai20 1 2030 SSBMedian 69.6176
ai20 1 2030 SSBMean 79.2514
ai20 1 2031 SSBF100 185.475
ai20 1 2031 SSBFabc 74.1899
ai20 1 2031 SSBFofl 64.9161
ai20 1 2031 SSBLCI 41.1994
ai20 1 2031 SSBUCI 143.622
ai20 1 2031 SSBMedian 69.8119
ai20 1 2031 SSBMean 79.4513
ai20 1 2032 SSBF100 185.475
ai20 1 2032 SSBFabc 74.1899
ai20 1 2032 SSBFofl 64.9161
ai20 1 2032 SSBLCI 41.7493
ai20 1 2032 SSBUCI 146.42
ai20 1 2032 SSBMedian 71.0863
ai20 1 2032 SSBMean 79.3627
ai20 1 2033 SSBF100 185.475
ai20 1 2033 SSBFabc 74.1899
ai20 1 2033 SSBFofl 64.9161
ai20 1 2033 SSBLCI 41.8945
ai20 1 2033 SSBUCI 146.672
ai20 1 2033 SSBMedian 69.611
ai20 1 2033 SSBMean 78.7255
ai20 1 2034 SSBF100 185.475
ai20 1 2034 SSBFabc 74.1899
ai20 1 2034 SSBFofl 64.9161
ai20 1 2034 SSBLCI 41.511
ai20 1 2034 SSBUCI 142.512
ai20 1 2034 SSBMedian 68.9266
ai20 1 2034 SSBMean 77.9101
ai20 1 2020 F0 0 
ai20 1 2020 Fabc 0.31335
ai20 1 2020 Fofl 0.390068
ai20 1 2020  F_LCI 0.0172015
ai20 1 2020  F_UCI 0.0172015
ai20 1 2020  F_Median 0.0172015
ai20 1 2020  F_Mean 0.0172015
ai20 1 2021 F0 0 
ai20 1 2021 Fabc 0.31335
ai20 1 2021 Fofl 0.390068
ai20 1 2021  F_LCI 0.00889418
ai20 1 2021  F_UCI 0.00894418
ai20 1 2021  F_Median 0.00893864
ai20 1 2021  F_Mean 0.00893152
ai20 1 2022 F0 0 
ai20 1 2022 Fabc 0.31335
ai20 1 2022 Fofl 0.390068
ai20 1 2022  F_LCI 0.31335
ai20 1 2022  F_UCI 0.31335
ai20 1 2022  F_Median 0.31335
ai20 1 2022  F_Mean 0.31335
ai20 1 2023 F0 0 
ai20 1 2023 Fabc 0.31335
ai20 1 2023 Fofl 0.390068
ai20 1 2023  F_LCI 0.294502
ai20 1 2023  F_UCI 0.301049
ai20 1 2023  F_Median 0.295242
ai20 1 2023  F_Mean 0.296163
ai20 1 2024 F0 0 
ai20 1 2024 Fabc 0.31335
ai20 1 2024 Fofl 0.390068
ai20 1 2024  F_LCI 0.247993
ai20 1 2024  F_UCI 0.31335
ai20 1 2024  F_Median 0.25949
ai20 1 2024  F_Mean 0.267763
ai20 1 2025 F0 0 
ai20 1 2025 Fabc 0.31335
ai20 1 2025 Fofl 0.390068
ai20 1 2025  F_LCI 0.210309
ai20 1 2025  F_UCI 0.31335
ai20 1 2025  F_Median 0.248781
ai20 1 2025  F_Mean 0.257412
ai20 1 2026 F0 0 
ai20 1 2026 Fabc 0.31335
ai20 1 2026 Fofl 0.390068
ai20 1 2026  F_LCI 0.18495
ai20 1 2026  F_UCI 0.31335
ai20 1 2026  F_Median 0.257697
ai20 1 2026  F_Mean 0.257497
ai20 1 2027 F0 0 
ai20 1 2027 Fabc 0.31335
ai20 1 2027 Fofl 0.390068
ai20 1 2027  F_LCI 0.170382
ai20 1 2027  F_UCI 0.31335
ai20 1 2027  F_Median 0.27264
ai20 1 2027  F_Mean 0.261517
ai20 1 2028 F0 0 
ai20 1 2028 Fabc 0.31335
ai20 1 2028 Fofl 0.390068
ai20 1 2028  F_LCI 0.165593
ai20 1 2028  F_UCI 0.31335
ai20 1 2028  F_Median 0.282547
ai20 1 2028  F_Mean 0.263315
ai20 1 2029 F0 0 
ai20 1 2029 Fabc 0.31335
ai20 1 2029 Fofl 0.390068
ai20 1 2029  F_LCI 0.170108
ai20 1 2029  F_UCI 0.31335
ai20 1 2029  F_Median 0.287259
ai20 1 2029  F_Mean 0.265075
ai20 1 2030 F0 0 
ai20 1 2030 Fabc 0.31335
ai20 1 2030 Fofl 0.390068
ai20 1 2030  F_LCI 0.169252
ai20 1 2030  F_UCI 0.31335
ai20 1 2030  F_Median 0.293022
ai20 1 2030  F_Mean 0.267073
ai20 1 2031 F0 0 
ai20 1 2031 Fabc 0.31335
ai20 1 2031 Fofl 0.390068
ai20 1 2031  F_LCI 0.166677
ai20 1 2031  F_UCI 0.31335
ai20 1 2031  F_Median 0.293886
ai20 1 2031  F_Mean 0.267797
ai20 1 2032 F0 0 
ai20 1 2032 Fabc 0.31335
ai20 1 2032 Fofl 0.390068
ai20 1 2032  F_LCI 0.169122
ai20 1 2032  F_UCI 0.31335
ai20 1 2032  F_Median 0.299552
ai20 1 2032  F_Mean 0.267467
ai20 1 2033 F0 0 
ai20 1 2033 Fabc 0.31335
ai20 1 2033 Fofl 0.390068
ai20 1 2033  F_LCI 0.169767
ai20 1 2033  F_UCI 0.31335
ai20 1 2033  F_Median 0.292992
ai20 1 2033  F_Mean 0.267664
ai20 1 2034 F0 0 
ai20 1 2034 Fabc 0.31335
ai20 1 2034 Fofl 0.390068
ai20 1 2034  F_LCI 0.168062
ai20 1 2034  F_UCI 0.31335
ai20 1 2034  F_Median 0.28995
ai20 1 2034  F_Mean 0.266923
ai20 2 2020 Cabc 41.2434
ai20 2 2020 Cofl 43.6051
ai20 2 2020 CLCI 3.205
ai20 2 2020 CUCI 3.205
ai20 2 2020 CMedian 3.205
ai20 2 2020 CMean 3.205
ai20 2 2020 CStdn 4.66294e-014
ai20 2 2021 Cabc 41.2434
ai20 2 2021 Cofl 43.6051
ai20 2 2021 CLCI 1.656
ai20 2 2021 CUCI 1.656
ai20 2 2021 CMedian 1.656
ai20 2 2021 CMean 1.656
ai20 2 2021 CStdn 1.86968e-007
ai20 2 2022 Cabc 41.2434
ai20 2 2022 Cofl 43.6051
ai20 2 2022 CLCI 50.4707
ai20 2 2022 CUCI 51.4228
ai20 2 2022 CMedian 50.6241
ai20 2 2022 CMean 50.7522
ai20 2 2022 CStdn 0.377959
ai20 2 2023 Cabc 41.2434
ai20 2 2023 Cofl 43.6051
ai20 2 2023 CLCI 37.3468
ai20 2 2023 CUCI 40.6318
ai20 2 2023 CMedian 37.8853
ai20 2 2023 CMean 38.3104
ai20 2 2023 CStdn 1.30817
ai20 2 2024 Cabc 41.2434
ai20 2 2024 Cofl 43.6051
ai20 2 2024 CLCI 26.844
ai20 2 2024 CUCI 40.649
ai20 2 2024 CMedian 29.0804
ai20 2 2024 CMean 30.8633
ai20 2 2024 CStdn 4.74535
ai20 2 2025 Cabc 41.2434
ai20 2 2025 Cofl 43.6051
ai20 2 2025 CLCI 20.6647
ai20 2 2025 CUCI 47.2166
ai20 2 2025 CMedian 26.7306
ai20 2 2025 CMean 29.9784
ai20 2 2025 CStdn 9.79581
ai20 2 2026 Cabc 41.2434
ai20 2 2026 Cofl 43.6051
ai20 2 2026 CLCI 16.9174
ai20 2 2026 CUCI 60.4391
ai20 2 2026 CMedian 28.6141
ai20 2 2026 CMean 32.5072
ai20 2 2026 CStdn 15.4457
ai20 2 2027 Cabc 41.2434
ai20 2 2027 Cofl 43.6051
ai20 2 2027 CLCI 14.3405
ai20 2 2027 CUCI 72.4064
ai20 2 2027 CMedian 31.5054
ai20 2 2027 CMean 35.593
ai20 2 2027 CStdn 19.2626
ai20 2 2028 Cabc 41.2434
ai20 2 2028 Cofl 43.6051
ai20 2 2028 CLCI 12.9835
ai20 2 2028 CUCI 76.8766
ai20 2 2028 CMedian 34.1293
ai20 2 2028 CMean 37.9852
ai20 2 2028 CStdn 21.485
ai20 2 2029 Cabc 41.2434
ai20 2 2029 Cofl 43.6051
ai20 2 2029 CLCI 13.5283
ai20 2 2029 CUCI 79.4231
ai20 2 2029 CMedian 35.3954
ai20 2 2029 CMean 39.4544
ai20 2 2029 CStdn 22.5008
ai20 2 2030 Cabc 41.2434
ai20 2 2030 Cofl 43.6051
ai20 2 2030 CLCI 13.2331
ai20 2 2030 CUCI 80.9912
ai20 2 2030 CMedian 36.2238
ai20 2 2030 CMean 40.2704
ai20 2 2030 CStdn 22.9335
ai20 2 2031 Cabc 41.2434
ai20 2 2031 Cofl 43.6051
ai20 2 2031 CLCI 13.0817
ai20 2 2031 CUCI 81.1378
ai20 2 2031 CMedian 36.8308
ai20 2 2031 CMean 40.4928
ai20 2 2031 CStdn 22.8222
ai20 2 2032 Cabc 41.2434
ai20 2 2032 Cofl 43.6051
ai20 2 2032 CLCI 13.0828
ai20 2 2032 CUCI 80.6307
ai20 2 2032 CMedian 37.7829
ai20 2 2032 CMean 40.3585
ai20 2 2032 CStdn 22.2596
ai20 2 2033 Cabc 41.2434
ai20 2 2033 Cofl 43.6051
ai20 2 2033 CLCI 13.4091
ai20 2 2033 CUCI 80.7978
ai20 2 2033 CMedian 36.6687
ai20 2 2033 CMean 40.0896
ai20 2 2033 CStdn 21.8214
ai20 2 2034 Cabc 41.2434
ai20 2 2034 Cofl 43.6051
ai20 2 2034 CLCI 13.2298
ai20 2 2034 CUCI 80.6438
ai20 2 2034 CMedian 35.8305
ai20 2 2034 CMean 39.6708
ai20 2 2034 CStdn 21.7598
ai20 2 2020 SSBF100 185.475
ai20 2 2020 SSBFabc 74.1899
ai20 2 2020 SSBFofl 64.9161
ai20 2 2020 SSBLCI 90.0294
ai20 2 2020 SSBUCI 90.0294
ai20 2 2020 SSBMedian 90.0294
ai20 2 2020 SSBMean 90.0294
ai20 2 2021 SSBF100 185.475
ai20 2 2021 SSBFabc 74.1899
ai20 2 2021 SSBFofl 64.9161
ai20 2 2021 SSBLCI 89.8292
ai20 2 2021 SSBUCI 89.8298
ai20 2 2021 SSBMedian 89.8292
ai20 2 2021 SSBMean 89.8293
ai20 2 2022 SSBF100 185.475
ai20 2 2022 SSBFabc 74.1899
ai20 2 2022 SSBFofl 64.9161
ai20 2 2022 SSBLCI 85.7144
ai20 2 2022 SSBUCI 85.7539
ai20 2 2022 SSBMedian 85.7188
ai20 2 2022 SSBMean 85.7245
ai20 2 2023 SSBF100 185.475
ai20 2 2023 SSBFabc 74.1899
ai20 2 2023 SSBFofl 64.9161
ai20 2 2023 SSBLCI 69.9507
ai20 2 2023 SSBUCI 71.4233
ai20 2 2023 SSBMedian 70.117
ai20 2 2023 SSBMean 70.3286
ai20 2 2024 SSBF100 185.475
ai20 2 2024 SSBFabc 74.1899
ai20 2 2024 SSBFofl 64.9161
ai20 2 2024 SSBLCI 59.4894
ai20 2 2024 SSBUCI 81.1312
ai20 2 2024 SSBMedian 62.0755
ai20 2 2024 SSBMean 65.1036
ai20 2 2025 SSBF100 185.475
ai20 2 2025 SSBFabc 74.1899
ai20 2 2025 SSBFofl 64.9161
ai20 2 2025 SSBLCI 51.0135
ai20 2 2025 SSBUCI 100.963
ai20 2 2025 SSBMedian 59.6667
ai20 2 2025 SSBMean 65.7451
ai20 2 2026 SSBF100 185.475
ai20 2 2026 SSBFabc 74.1899
ai20 2 2026 SSBFofl 64.9161
ai20 2 2026 SSBLCI 45.3095
ai20 2 2026 SSBUCI 126.581
ai20 2 2026 SSBMedian 61.6722
ai20 2 2026 SSBMean 69.4949
ai20 2 2027 SSBF100 185.475
ai20 2 2027 SSBFabc 74.1899
ai20 2 2027 SSBFofl 64.9161
ai20 2 2027 SSBLCI 42.0328
ai20 2 2027 SSBUCI 134.302
ai20 2 2027 SSBMedian 65.0331
ai20 2 2027 SSBMean 73.4467
ai20 2 2028 SSBF100 185.475
ai20 2 2028 SSBFabc 74.1899
ai20 2 2028 SSBFofl 64.9161
ai20 2 2028 SSBLCI 40.9555
ai20 2 2028 SSBUCI 141.23
ai20 2 2028 SSBMedian 67.2617
ai20 2 2028 SSBMean 76.4826
ai20 2 2029 SSBF100 185.475
ai20 2 2029 SSBFabc 74.1899
ai20 2 2029 SSBFofl 64.9161
ai20 2 2029 SSBLCI 41.9712
ai20 2 2029 SSBUCI 143.758
ai20 2 2029 SSBMedian 68.3213
ai20 2 2029 SSBMean 78.3438
ai20 2 2030 SSBF100 185.475
ai20 2 2030 SSBFabc 74.1899
ai20 2 2030 SSBFofl 64.9161
ai20 2 2030 SSBLCI 41.7786
ai20 2 2030 SSBUCI 145.183
ai20 2 2030 SSBMedian 69.6176
ai20 2 2030 SSBMean 79.2514
ai20 2 2031 SSBF100 185.475
ai20 2 2031 SSBFabc 74.1899
ai20 2 2031 SSBFofl 64.9161
ai20 2 2031 SSBLCI 41.1994
ai20 2 2031 SSBUCI 143.622
ai20 2 2031 SSBMedian 69.8119
ai20 2 2031 SSBMean 79.4513
ai20 2 2032 SSBF100 185.475
ai20 2 2032 SSBFabc 74.1899
ai20 2 2032 SSBFofl 64.9161
ai20 2 2032 SSBLCI 41.7493
ai20 2 2032 SSBUCI 146.42
ai20 2 2032 SSBMedian 71.0863
ai20 2 2032 SSBMean 79.3627
ai20 2 2033 SSBF100 185.475
ai20 2 2033 SSBFabc 74.1899
ai20 2 2033 SSBFofl 64.9161
ai20 2 2033 SSBLCI 41.8945
ai20 2 2033 SSBUCI 146.672
ai20 2 2033 SSBMedian 69.611
ai20 2 2033 SSBMean 78.7255
ai20 2 2034 SSBF100 185.475
ai20 2 2034 SSBFabc 74.1899
ai20 2 2034 SSBFofl 64.9161
ai20 2 2034 SSBLCI 41.511
ai20 2 2034 SSBUCI 142.512
ai20 2 2034 SSBMedian 68.9266
ai20 2 2034 SSBMean 77.9101
ai20 2 2020 F0 0 
ai20 2 2020 Fabc 0.31335
ai20 2 2020 Fofl 0.390068
ai20 2 2020  F_LCI 0.0172015
ai20 2 2020  F_UCI 0.0172015
ai20 2 2020  F_Median 0.0172015
ai20 2 2020  F_Mean 0.0172015
ai20 2 2021 F0 0 
ai20 2 2021 Fabc 0.31335
ai20 2 2021 Fofl 0.390068
ai20 2 2021  F_LCI 0.00889418
ai20 2 2021  F_UCI 0.00894418
ai20 2 2021  F_Median 0.00893864
ai20 2 2021  F_Mean 0.00893152
ai20 2 2022 F0 0 
ai20 2 2022 Fabc 0.31335
ai20 2 2022 Fofl 0.390068
ai20 2 2022  F_LCI 0.31335
ai20 2 2022  F_UCI 0.31335
ai20 2 2022  F_Median 0.31335
ai20 2 2022  F_Mean 0.31335
ai20 2 2023 F0 0 
ai20 2 2023 Fabc 0.31335
ai20 2 2023 Fofl 0.390068
ai20 2 2023  F_LCI 0.294502
ai20 2 2023  F_UCI 0.301049
ai20 2 2023  F_Median 0.295242
ai20 2 2023  F_Mean 0.296163
ai20 2 2024 F0 0 
ai20 2 2024 Fabc 0.31335
ai20 2 2024 Fofl 0.390068
ai20 2 2024  F_LCI 0.247993
ai20 2 2024  F_UCI 0.31335
ai20 2 2024  F_Median 0.25949
ai20 2 2024  F_Mean 0.267763
ai20 2 2025 F0 0 
ai20 2 2025 Fabc 0.31335
ai20 2 2025 Fofl 0.390068
ai20 2 2025  F_LCI 0.210309
ai20 2 2025  F_UCI 0.31335
ai20 2 2025  F_Median 0.248781
ai20 2 2025  F_Mean 0.257412
ai20 2 2026 F0 0 
ai20 2 2026 Fabc 0.31335
ai20 2 2026 Fofl 0.390068
ai20 2 2026  F_LCI 0.18495
ai20 2 2026  F_UCI 0.31335
ai20 2 2026  F_Median 0.257697
ai20 2 2026  F_Mean 0.257497
ai20 2 2027 F0 0 
ai20 2 2027 Fabc 0.31335
ai20 2 2027 Fofl 0.390068
ai20 2 2027  F_LCI 0.170382
ai20 2 2027  F_UCI 0.31335
ai20 2 2027  F_Median 0.27264
ai20 2 2027  F_Mean 0.261517
ai20 2 2028 F0 0 
ai20 2 2028 Fabc 0.31335
ai20 2 2028 Fofl 0.390068
ai20 2 2028  F_LCI 0.165593
ai20 2 2028  F_UCI 0.31335
ai20 2 2028  F_Median 0.282547
ai20 2 2028  F_Mean 0.263315
ai20 2 2029 F0 0 
ai20 2 2029 Fabc 0.31335
ai20 2 2029 Fofl 0.390068
ai20 2 2029  F_LCI 0.170108
ai20 2 2029  F_UCI 0.31335
ai20 2 2029  F_Median 0.287259
ai20 2 2029  F_Mean 0.265075
ai20 2 2030 F0 0 
ai20 2 2030 Fabc 0.31335
ai20 2 2030 Fofl 0.390068
ai20 2 2030  F_LCI 0.169252
ai20 2 2030  F_UCI 0.31335
ai20 2 2030  F_Median 0.293022
ai20 2 2030  F_Mean 0.267073
ai20 2 2031 F0 0 
ai20 2 2031 Fabc 0.31335
ai20 2 2031 Fofl 0.390068
ai20 2 2031  F_LCI 0.166677
ai20 2 2031  F_UCI 0.31335
ai20 2 2031  F_Median 0.293886
ai20 2 2031  F_Mean 0.267797
ai20 2 2032 F0 0 
ai20 2 2032 Fabc 0.31335
ai20 2 2032 Fofl 0.390068
ai20 2 2032  F_LCI 0.169122
ai20 2 2032  F_UCI 0.31335
ai20 2 2032  F_Median 0.299552
ai20 2 2032  F_Mean 0.267467
ai20 2 2033 F0 0 
ai20 2 2033 Fabc 0.31335
ai20 2 2033 Fofl 0.390068
ai20 2 2033  F_LCI 0.169767
ai20 2 2033  F_UCI 0.31335
ai20 2 2033  F_Median 0.292992
ai20 2 2033  F_Mean 0.267664
ai20 2 2034 F0 0 
ai20 2 2034 Fabc 0.31335
ai20 2 2034 Fofl 0.390068
ai20 2 2034  F_LCI 0.168062
ai20 2 2034  F_UCI 0.31335
ai20 2 2034  F_Median 0.28995
ai20 2 2034  F_Mean 0.266923
ai20 3 2020 Cabc 41.2434
ai20 3 2020 Cofl 43.6051
ai20 3 2020 CLCI 3.205
ai20 3 2020 CUCI 3.205
ai20 3 2020 CMedian 3.205
ai20 3 2020 CMean 3.205
ai20 3 2020 CStdn 4.66294e-014
ai20 3 2021 Cabc 41.2434
ai20 3 2021 Cofl 43.6051
ai20 3 2021 CLCI 1.656
ai20 3 2021 CUCI 1.656
ai20 3 2021 CMedian 1.656
ai20 3 2021 CMean 1.656
ai20 3 2021 CStdn 1.86968e-007
ai20 3 2022 Cabc 41.2434
ai20 3 2022 Cofl 43.6051
ai20 3 2022 CLCI 3.77749
ai20 3 2022 CUCI 3.84084
ai20 3 2022 CMedian 3.78769
ai20 3 2022 CMean 3.7962
ai20 3 2022 CStdn 0.0251419
ai20 3 2023 Cabc 41.2434
ai20 3 2023 Cofl 43.6051
ai20 3 2023 CLCI 3.71411
ai20 3 2023 CUCI 3.89496
ai20 3 2023 CMedian 3.74733
ai20 3 2023 CMean 3.76958
ai20 3 2023 CStdn 0.072283
ai20 3 2024 Cabc 41.2434
ai20 3 2024 Cofl 43.6051
ai20 3 2024 CLCI 3.68252
ai20 3 2024 CUCI 4.2269
ai20 3 2024 CMedian 3.77843
ai20 3 2024 CMean 3.84684
ai20 3 2024 CStdn 0.21672
ai20 3 2025 Cabc 41.2434
ai20 3 2025 Cofl 43.6051
ai20 3 2025 CLCI 3.65618
ai20 3 2025 CUCI 5.07676
ai20 3 2025 CMedian 3.92614
ai20 3 2025 CMean 4.09786
ai20 3 2025 CStdn 0.563999
ai20 3 2026 Cabc 41.2434
ai20 3 2026 Cofl 43.6051
ai20 3 2026 CLCI 3.58245
ai20 3 2026 CUCI 6.56913
ai20 3 2026 CMedian 4.18392
ai20 3 2026 CMean 4.514
ai20 3 2026 CStdn 1.11167
ai20 3 2027 Cabc 41.2434
ai20 3 2027 Cofl 43.6051
ai20 3 2027 CLCI 3.42785
ai20 3 2027 CUCI 8.26634
ai20 3 2027 CMedian 4.52085
ai20 3 2027 CMean 4.95828
ai20 3 2027 CStdn 1.65242
ai20 3 2028 Cabc 41.2434
ai20 3 2028 Cofl 43.6051
ai20 3 2028 CLCI 3.24803
ai20 3 2028 CUCI 9.30421
ai20 3 2028 CMedian 4.86282
ai20 3 2028 CMean 5.40109
ai20 3 2028 CStdn 2.10355
ai20 3 2029 Cabc 41.2434
ai20 3 2029 Cofl 43.6051
ai20 3 2029 CLCI 3.17034
ai20 3 2029 CUCI 10.0976
ai20 3 2029 CMedian 5.2142
ai20 3 2029 CMean 5.7683
ai20 3 2029 CStdn 2.356
ai20 3 2030 Cabc 41.2434
ai20 3 2030 Cofl 43.6051
ai20 3 2030 CLCI 3.20362
ai20 3 2030 CUCI 10.7895
ai20 3 2030 CMedian 5.52248
ai20 3 2030 CMean 6.06411
ai20 3 2030 CStdn 2.53891
ai20 3 2031 Cabc 41.2434
ai20 3 2031 Cofl 43.6051
ai20 3 2031 CLCI 3.27162
ai20 3 2031 CUCI 11.0004
ai20 3 2031 CMedian 5.70564
ai20 3 2031 CMean 6.29145
ai20 3 2031 CStdn 2.65929
ai20 3 2032 Cabc 41.2434
ai20 3 2032 Cofl 43.6051
ai20 3 2032 CLCI 3.21879
ai20 3 2032 CUCI 11.2574
ai20 3 2032 CMedian 5.91626
ai20 3 2032 CMean 6.45744
ai20 3 2032 CStdn 2.68097
ai20 3 2033 Cabc 41.2434
ai20 3 2033 Cofl 43.6051
ai20 3 2033 CLCI 3.28961
ai20 3 2033 CUCI 11.5691
ai20 3 2033 CMedian 6.10076
ai20 3 2033 CMean 6.57436
ai20 3 2033 CStdn 2.67335
ai20 3 2034 Cabc 41.2434
ai20 3 2034 Cofl 43.6051
ai20 3 2034 CLCI 3.30949
ai20 3 2034 CUCI 11.5424
ai20 3 2034 CMedian 6.19293
ai20 3 2034 CMean 6.65178
ai20 3 2034 CStdn 2.65308
ai20 3 2020 SSBF100 185.475
ai20 3 2020 SSBFabc 74.1899
ai20 3 2020 SSBFofl 64.9161
ai20 3 2020 SSBLCI 90.0294
ai20 3 2020 SSBUCI 90.0294
ai20 3 2020 SSBMedian 90.0294
ai20 3 2020 SSBMean 90.0294
ai20 3 2021 SSBF100 185.475
ai20 3 2021 SSBFabc 74.1899
ai20 3 2021 SSBFofl 64.9161
ai20 3 2021 SSBLCI 89.8292
ai20 3 2021 SSBUCI 89.8298
ai20 3 2021 SSBMedian 89.8292
ai20 3 2021 SSBMean 89.8293
ai20 3 2022 SSBF100 185.475
ai20 3 2022 SSBFabc 74.1899
ai20 3 2022 SSBFofl 64.9161
ai20 3 2022 SSBLCI 89.3963
ai20 3 2022 SSBUCI 89.4359
ai20 3 2022 SSBMedian 89.4007
ai20 3 2022 SSBMean 89.4064
ai20 3 2023 SSBF100 185.475
ai20 3 2023 SSBFabc 74.1899
ai20 3 2023 SSBFofl 64.9161
ai20 3 2023 SSBLCI 90.3298
ai20 3 2023 SSBUCI 91.8847
ai20 3 2023 SSBMedian 90.5054
ai20 3 2023 SSBMean 90.7287
ai20 3 2024 SSBF100 185.475
ai20 3 2024 SSBFabc 74.1899
ai20 3 2024 SSBFofl 64.9161
ai20 3 2024 SSBLCI 89.9655
ai20 3 2024 SSBUCI 113.282
ai20 3 2024 SSBMedian 92.762
ai20 3 2024 SSBMean 96.0232
ai20 3 2025 SSBF100 185.475
ai20 3 2025 SSBFabc 74.1899
ai20 3 2025 SSBFofl 64.9161
ai20 3 2025 SSBLCI 85.924
ai20 3 2025 SSBUCI 143.454
ai20 3 2025 SSBMedian 96.0058
ai20 3 2025 SSBMean 103.086
ai20 3 2026 SSBF100 185.475
ai20 3 2026 SSBFabc 74.1899
ai20 3 2026 SSBFofl 64.9161
ai20 3 2026 SSBLCI 81.769
ai20 3 2026 SSBUCI 179.881
ai20 3 2026 SSBMedian 102.556
ai20 3 2026 SSBMean 112.309
ai20 3 2027 SSBF100 185.475
ai20 3 2027 SSBFabc 74.1899
ai20 3 2027 SSBFofl 64.9161
ai20 3 2027 SSBLCI 78.8102
ai20 3 2027 SSBUCI 205.221
ai20 3 2027 SSBMedian 111.022
ai20 3 2027 SSBMean 122.08
ai20 3 2028 SSBF100 185.475
ai20 3 2028 SSBFabc 74.1899
ai20 3 2028 SSBFofl 64.9161
ai20 3 2028 SSBLCI 76.995
ai20 3 2028 SSBUCI 221.942
ai20 3 2028 SSBMedian 119.001
ai20 3 2028 SSBMean 131.151
ai20 3 2029 SSBF100 185.475
ai20 3 2029 SSBFabc 74.1899
ai20 3 2029 SSBFofl 64.9161
ai20 3 2029 SSBLCI 75.9861
ai20 3 2029 SSBUCI 244.873
ai20 3 2029 SSBMedian 127.134
ai20 3 2029 SSBMean 139.178
ai20 3 2030 SSBF100 185.475
ai20 3 2030 SSBFabc 74.1899
ai20 3 2030 SSBFofl 64.9161
ai20 3 2030 SSBLCI 79.0654
ai20 3 2030 SSBUCI 253.815
ai20 3 2030 SSBMedian 132.898
ai20 3 2030 SSBMean 145.946
ai20 3 2031 SSBF100 185.475
ai20 3 2031 SSBFabc 74.1899
ai20 3 2031 SSBFofl 64.9161
ai20 3 2031 SSBLCI 78.7061
ai20 3 2031 SSBUCI 258.258
ai20 3 2031 SSBMedian 139.553
ai20 3 2031 SSBMean 151.212
ai20 3 2032 SSBF100 185.475
ai20 3 2032 SSBFabc 74.1899
ai20 3 2032 SSBFofl 64.9161
ai20 3 2032 SSBLCI 78.597
ai20 3 2032 SSBUCI 266.461
ai20 3 2032 SSBMedian 143.386
ai20 3 2032 SSBMean 155.256
ai20 3 2033 SSBF100 185.475
ai20 3 2033 SSBFabc 74.1899
ai20 3 2033 SSBFofl 64.9161
ai20 3 2033 SSBLCI 78.6884
ai20 3 2033 SSBUCI 271.288
ai20 3 2033 SSBMedian 147.473
ai20 3 2033 SSBMean 157.796
ai20 3 2034 SSBF100 185.475
ai20 3 2034 SSBFabc 74.1899
ai20 3 2034 SSBFofl 64.9161
ai20 3 2034 SSBLCI 79.2244
ai20 3 2034 SSBUCI 274.52
ai20 3 2034 SSBMedian 148.273
ai20 3 2034 SSBMean 159.281
ai20 3 2020 F0 0 
ai20 3 2020 Fabc 0.31335
ai20 3 2020 Fofl 0.390068
ai20 3 2020  F_LCI 0.0172015
ai20 3 2020  F_UCI 0.0172015
ai20 3 2020  F_Median 0.0172015
ai20 3 2020  F_Mean 0.0172015
ai20 3 2021 F0 0 
ai20 3 2021 Fabc 0.31335
ai20 3 2021 Fofl 0.390068
ai20 3 2021  F_LCI 0.00889418
ai20 3 2021  F_UCI 0.00894418
ai20 3 2021  F_Median 0.00893864
ai20 3 2021  F_Mean 0.00893152
ai20 3 2022 F0 0 
ai20 3 2022 Fabc 0.31335
ai20 3 2022 Fofl 0.390068
ai20 3 2022  F_LCI 0.0207545
ai20 3 2022  F_UCI 0.0207545
ai20 3 2022  F_Median 0.0207545
ai20 3 2022  F_Mean 0.0207545
ai20 3 2023 F0 0 
ai20 3 2023 Fabc 0.31335
ai20 3 2023 Fofl 0.390068
ai20 3 2023  F_LCI 0.0207545
ai20 3 2023  F_UCI 0.0207545
ai20 3 2023  F_Median 0.0207545
ai20 3 2023  F_Mean 0.0207545
ai20 3 2024 F0 0 
ai20 3 2024 Fabc 0.31335
ai20 3 2024 Fofl 0.390068
ai20 3 2024  F_LCI 0.0207545
ai20 3 2024  F_UCI 0.0207545
ai20 3 2024  F_Median 0.0207545
ai20 3 2024  F_Mean 0.0207545
ai20 3 2025 F0 0 
ai20 3 2025 Fabc 0.31335
ai20 3 2025 Fofl 0.390068
ai20 3 2025  F_LCI 0.0207545
ai20 3 2025  F_UCI 0.0207545
ai20 3 2025  F_Median 0.0207545
ai20 3 2025  F_Mean 0.0207545
ai20 3 2026 F0 0 
ai20 3 2026 Fabc 0.31335
ai20 3 2026 Fofl 0.390068
ai20 3 2026  F_LCI 0.0207545
ai20 3 2026  F_UCI 0.0207545
ai20 3 2026  F_Median 0.0207545
ai20 3 2026  F_Mean 0.0207545
ai20 3 2027 F0 0 
ai20 3 2027 Fabc 0.31335
ai20 3 2027 Fofl 0.390068
ai20 3 2027  F_LCI 0.0207545
ai20 3 2027  F_UCI 0.0207545
ai20 3 2027  F_Median 0.0207545
ai20 3 2027  F_Mean 0.0207545
ai20 3 2028 F0 0 
ai20 3 2028 Fabc 0.31335
ai20 3 2028 Fofl 0.390068
ai20 3 2028  F_LCI 0.0207545
ai20 3 2028  F_UCI 0.0207545
ai20 3 2028  F_Median 0.0207545
ai20 3 2028  F_Mean 0.0207545
ai20 3 2029 F0 0 
ai20 3 2029 Fabc 0.31335
ai20 3 2029 Fofl 0.390068
ai20 3 2029  F_LCI 0.0207545
ai20 3 2029  F_UCI 0.0207545
ai20 3 2029  F_Median 0.0207545
ai20 3 2029  F_Mean 0.0207545
ai20 3 2030 F0 0 
ai20 3 2030 Fabc 0.31335
ai20 3 2030 Fofl 0.390068
ai20 3 2030  F_LCI 0.0207545
ai20 3 2030  F_UCI 0.0207545
ai20 3 2030  F_Median 0.0207545
ai20 3 2030  F_Mean 0.0207545
ai20 3 2031 F0 0 
ai20 3 2031 Fabc 0.31335
ai20 3 2031 Fofl 0.390068
ai20 3 2031  F_LCI 0.0207545
ai20 3 2031  F_UCI 0.0207545
ai20 3 2031  F_Median 0.0207545
ai20 3 2031  F_Mean 0.0207545
ai20 3 2032 F0 0 
ai20 3 2032 Fabc 0.31335
ai20 3 2032 Fofl 0.390068
ai20 3 2032  F_LCI 0.0207545
ai20 3 2032  F_UCI 0.0207545
ai20 3 2032  F_Median 0.0207545
ai20 3 2032  F_Mean 0.0207545
ai20 3 2033 F0 0 
ai20 3 2033 Fabc 0.31335
ai20 3 2033 Fofl 0.390068
ai20 3 2033  F_LCI 0.0207545
ai20 3 2033  F_UCI 0.0207545
ai20 3 2033  F_Median 0.0207545
ai20 3 2033  F_Mean 0.0207545
ai20 3 2034 F0 0 
ai20 3 2034 Fabc 0.31335
ai20 3 2034 Fofl 0.390068
ai20 3 2034  F_LCI 0.0207545
ai20 3 2034  F_UCI 0.0207545
ai20 3 2034  F_Median 0.0207545
ai20 3 2034  F_Mean 0.0207545
ai20 4 2020 Cabc 41.2434
ai20 4 2020 Cofl 43.6051
ai20 4 2020 CLCI 3.205
ai20 4 2020 CUCI 3.205
ai20 4 2020 CMedian 3.205
ai20 4 2020 CMean 3.205
ai20 4 2020 CStdn 4.66294e-014
ai20 4 2021 Cabc 41.2434
ai20 4 2021 Cofl 43.6051
ai20 4 2021 CLCI 1.656
ai20 4 2021 CUCI 1.656
ai20 4 2021 CMedian 1.656
ai20 4 2021 CMean 1.656
ai20 4 2021 CStdn 1.86968e-007
ai20 4 2022 Cabc 41.2434
ai20 4 2022 Cofl 43.6051
ai20 4 2022 CLCI 23.8635
ai20 4 2022 CUCI 24.2833
ai20 4 2022 CMedian 23.9312
ai20 4 2022 CMean 23.9876
ai20 4 2022 CStdn 0.166634
ai20 4 2023 Cabc 41.2434
ai20 4 2023 Cofl 43.6051
ai20 4 2023 CLCI 21.369
ai20 4 2023 CUCI 22.5603
ai20 4 2023 CMedian 21.5884
ai20 4 2023 CMean 21.735
ai20 4 2023 CStdn 0.476384
ai20 4 2024 Cabc 41.2434
ai20 4 2024 Cofl 43.6051
ai20 4 2024 CLCI 19.613
ai20 4 2024 CUCI 23.148
ai20 4 2024 CMedian 20.2394
ai20 4 2024 CMean 20.6838
ai20 4 2024 CStdn 1.40847
ai20 4 2025 Cabc 41.2434
ai20 4 2025 Cofl 43.6051
ai20 4 2025 CLCI 18.2474
ai20 4 2025 CUCI 27.2968
ai20 4 2025 CMedian 19.9652
ai20 4 2025 CMean 21.0517
ai20 4 2025 CStdn 3.55893
ai20 4 2026 Cabc 41.2434
ai20 4 2026 Cofl 43.6051
ai20 4 2026 CLCI 16.8424
ai20 4 2026 CUCI 35.0258
ai20 4 2026 CMedian 20.5501
ai20 4 2026 CMean 22.5291
ai20 4 2026 CStdn 6.69336
ai20 4 2027 Cabc 41.2434
ai20 4 2027 Cofl 43.6051
ai20 4 2027 CLCI 15.2864
ai20 4 2027 CUCI 43.0712
ai20 4 2027 CMedian 21.6828
ai20 4 2027 CMean 24.2222
ai20 4 2027 CStdn 9.42324
ai20 4 2028 Cabc 41.2434
ai20 4 2028 Cofl 43.6051
ai20 4 2028 CLCI 13.9063
ai20 4 2028 CUCI 46.8299
ai20 4 2028 CMedian 23.0999
ai20 4 2028 CMean 25.8848
ai20 4 2028 CStdn 11.3714
ai20 4 2029 Cabc 41.2434
ai20 4 2029 Cofl 43.6051
ai20 4 2029 CLCI 13.4058
ai20 4 2029 CUCI 50.1038
ai20 4 2029 CMedian 24.1644
ai20 4 2029 CMean 27.1147
ai20 4 2029 CStdn 12.3632
ai20 4 2030 Cabc 41.2434
ai20 4 2030 Cofl 43.6051
ai20 4 2030 CLCI 13.3154
ai20 4 2030 CUCI 51.3404
ai20 4 2030 CMedian 24.9719
ai20 4 2030 CMean 27.9548
ai20 4 2030 CStdn 13.0244
ai20 4 2031 Cabc 41.2434
ai20 4 2031 Cofl 43.6051
ai20 4 2031 CLCI 13.2773
ai20 4 2031 CUCI 52.2865
ai20 4 2031 CMedian 25.4905
ai20 4 2031 CMean 28.4709
ai20 4 2031 CStdn 13.3175
ai20 4 2032 Cabc 41.2434
ai20 4 2032 Cofl 43.6051
ai20 4 2032 CLCI 13.3529
ai20 4 2032 CUCI 52.941
ai20 4 2032 CMedian 26.1323
ai20 4 2032 CMean 28.7694
ai20 4 2032 CStdn 13.0857
ai20 4 2033 Cabc 41.2434
ai20 4 2033 Cofl 43.6051
ai20 4 2033 CLCI 13.3177
ai20 4 2033 CUCI 53.6977
ai20 4 2033 CMedian 26.2916
ai20 4 2033 CMean 28.9068
ai20 4 2033 CStdn 12.833
ai20 4 2034 Cabc 41.2434
ai20 4 2034 Cofl 43.6051
ai20 4 2034 CLCI 13.378
ai20 4 2034 CUCI 53.2104
ai20 4 2034 CMedian 26.1804
ai20 4 2034 CMean 28.8957
ai20 4 2034 CStdn 12.6991
ai20 4 2020 SSBF100 185.475
ai20 4 2020 SSBFabc 74.1899
ai20 4 2020 SSBFofl 64.9161
ai20 4 2020 SSBLCI 90.0294
ai20 4 2020 SSBUCI 90.0294
ai20 4 2020 SSBMedian 90.0294
ai20 4 2020 SSBMean 90.0294
ai20 4 2021 SSBF100 185.475
ai20 4 2021 SSBFabc 74.1899
ai20 4 2021 SSBFofl 64.9161
ai20 4 2021 SSBLCI 89.8292
ai20 4 2021 SSBUCI 89.8298
ai20 4 2021 SSBMedian 89.8292
ai20 4 2021 SSBMean 89.8293
ai20 4 2022 SSBF100 185.475
ai20 4 2022 SSBFabc 74.1899
ai20 4 2022 SSBFofl 64.9161
ai20 4 2022 SSBLCI 87.9035
ai20 4 2022 SSBUCI 87.9431
ai20 4 2022 SSBMedian 87.9079
ai20 4 2022 SSBMean 87.9135
ai20 4 2023 SSBF100 185.475
ai20 4 2023 SSBFabc 74.1899
ai20 4 2023 SSBFofl 64.9161
ai20 4 2023 SSBLCI 81.3455
ai20 4 2023 SSBUCI 82.8922
ai20 4 2023 SSBMedian 81.5202
ai20 4 2023 SSBMean 81.7423
ai20 4 2024 SSBF100 185.475
ai20 4 2024 SSBFabc 74.1899
ai20 4 2024 SSBFofl 64.9161
ai20 4 2024 SSBLCI 75.1583
ai20 4 2024 SSBUCI 98.1052
ai20 4 2024 SSBMedian 77.911
ai20 4 2024 SSBMean 81.123
ai20 4 2025 SSBF100 185.475
ai20 4 2025 SSBFabc 74.1899
ai20 4 2025 SSBFofl 64.9161
ai20 4 2025 SSBLCI 66.9715
ai20 4 2025 SSBUCI 122.632
ai20 4 2025 SSBMedian 76.6942
ai20 4 2025 SSBMean 83.5715
ai20 4 2026 SSBF100 185.475
ai20 4 2026 SSBFabc 74.1899
ai20 4 2026 SSBFofl 64.9161
ai20 4 2026 SSBLCI 59.9929
ai20 4 2026 SSBUCI 153.113
ai20 4 2026 SSBMedian 79.4074
ai20 4 2026 SSBMean 88.6967
ai20 4 2027 SSBF100 185.475
ai20 4 2027 SSBFabc 74.1899
ai20 4 2027 SSBFofl 64.9161
ai20 4 2027 SSBLCI 55.0082
ai20 4 2027 SSBUCI 168.184
ai20 4 2027 SSBMedian 84.5882
ai20 4 2027 SSBMean 94.3962
ai20 4 2028 SSBF100 185.475
ai20 4 2028 SSBFabc 74.1899
ai20 4 2028 SSBFofl 64.9161
ai20 4 2028 SSBLCI 52.3794
ai20 4 2028 SSBUCI 178.768
ai20 4 2028 SSBMedian 88.9509
ai20 4 2028 SSBMean 99.4968
ai20 4 2029 SSBF100 185.475
ai20 4 2029 SSBFabc 74.1899
ai20 4 2029 SSBFofl 64.9161
ai20 4 2029 SSBLCI 51.1877
ai20 4 2029 SSBUCI 190.9
ai20 4 2029 SSBMedian 92.7808
ai20 4 2029 SSBMean 103.558
ai20 4 2030 SSBF100 185.475
ai20 4 2030 SSBFabc 74.1899
ai20 4 2030 SSBFofl 64.9161
ai20 4 2030 SSBLCI 51.8915
ai20 4 2030 SSBUCI 198.197
ai20 4 2030 SSBMedian 95.7722
ai20 4 2030 SSBMean 106.511
ai20 4 2031 SSBF100 185.475
ai20 4 2031 SSBFabc 74.1899
ai20 4 2031 SSBFofl 64.9161
ai20 4 2031 SSBLCI 50.9272
ai20 4 2031 SSBUCI 195.153
ai20 4 2031 SSBMedian 97.5405
ai20 4 2031 SSBMean 108.406
ai20 4 2032 SSBF100 185.475
ai20 4 2032 SSBFabc 74.1899
ai20 4 2032 SSBFofl 64.9161
ai20 4 2032 SSBLCI 50.5209
ai20 4 2032 SSBUCI 201.445
ai20 4 2032 SSBMedian 99.7721
ai20 4 2032 SSBMean 109.603
ai20 4 2033 SSBF100 185.475
ai20 4 2033 SSBFabc 74.1899
ai20 4 2033 SSBFofl 64.9161
ai20 4 2033 SSBLCI 50.1701
ai20 4 2033 SSBUCI 203.225
ai20 4 2033 SSBMedian 100.305
ai20 4 2033 SSBMean 109.821
ai20 4 2034 SSBF100 185.475
ai20 4 2034 SSBFabc 74.1899
ai20 4 2034 SSBFofl 64.9161
ai20 4 2034 SSBLCI 51.4869
ai20 4 2034 SSBUCI 196.377
ai20 4 2034 SSBMedian 100.549
ai20 4 2034 SSBMean 109.498
ai20 4 2020 F0 0 
ai20 4 2020 Fabc 0.31335
ai20 4 2020 Fofl 0.390068
ai20 4 2020  F_LCI 0.0172015
ai20 4 2020  F_UCI 0.0172015
ai20 4 2020  F_Median 0.0172015
ai20 4 2020  F_Mean 0.0172015
ai20 4 2021 F0 0 
ai20 4 2021 Fabc 0.31335
ai20 4 2021 Fofl 0.390068
ai20 4 2021  F_LCI 0.00889418
ai20 4 2021  F_UCI 0.00894418
ai20 4 2021  F_Median 0.00893864
ai20 4 2021  F_Mean 0.00893152
ai20 4 2022 F0 0 
ai20 4 2022 Fabc 0.31335
ai20 4 2022 Fofl 0.390068
ai20 4 2022  F_LCI 0.137793
ai20 4 2022  F_UCI 0.137793
ai20 4 2022  F_Median 0.137793
ai20 4 2022  F_Mean 0.137793
ai20 4 2023 F0 0 
ai20 4 2023 Fabc 0.31335
ai20 4 2023 Fofl 0.390068
ai20 4 2023  F_LCI 0.137793
ai20 4 2023  F_UCI 0.137793
ai20 4 2023  F_Median 0.137793
ai20 4 2023  F_Mean 0.137793
ai20 4 2024 F0 0 
ai20 4 2024 Fabc 0.31335
ai20 4 2024 Fofl 0.390068
ai20 4 2024  F_LCI 0.137793
ai20 4 2024  F_UCI 0.137793
ai20 4 2024  F_Median 0.137793
ai20 4 2024  F_Mean 0.137793
ai20 4 2025 F0 0 
ai20 4 2025 Fabc 0.31335
ai20 4 2025 Fofl 0.390068
ai20 4 2025  F_LCI 0.137793
ai20 4 2025  F_UCI 0.137793
ai20 4 2025  F_Median 0.137793
ai20 4 2025  F_Mean 0.137793
ai20 4 2026 F0 0 
ai20 4 2026 Fabc 0.31335
ai20 4 2026 Fofl 0.390068
ai20 4 2026  F_LCI 0.137793
ai20 4 2026  F_UCI 0.137793
ai20 4 2026  F_Median 0.137793
ai20 4 2026  F_Mean 0.137793
ai20 4 2027 F0 0 
ai20 4 2027 Fabc 0.31335
ai20 4 2027 Fofl 0.390068
ai20 4 2027  F_LCI 0.137793
ai20 4 2027  F_UCI 0.137793
ai20 4 2027  F_Median 0.137793
ai20 4 2027  F_Mean 0.137793
ai20 4 2028 F0 0 
ai20 4 2028 Fabc 0.31335
ai20 4 2028 Fofl 0.390068
ai20 4 2028  F_LCI 0.137793
ai20 4 2028  F_UCI 0.137793
ai20 4 2028  F_Median 0.137793
ai20 4 2028  F_Mean 0.137793
ai20 4 2029 F0 0 
ai20 4 2029 Fabc 0.31335
ai20 4 2029 Fofl 0.390068
ai20 4 2029  F_LCI 0.137793
ai20 4 2029  F_UCI 0.137793
ai20 4 2029  F_Median 0.137793
ai20 4 2029  F_Mean 0.137656
ai20 4 2030 F0 0 
ai20 4 2030 Fabc 0.31335
ai20 4 2030 Fofl 0.390068
ai20 4 2030  F_LCI 0.137793
ai20 4 2030  F_UCI 0.137793
ai20 4 2030  F_Median 0.137793
ai20 4 2030  F_Mean 0.13738
ai20 4 2031 F0 0 
ai20 4 2031 Fabc 0.31335
ai20 4 2031 Fofl 0.390068
ai20 4 2031  F_LCI 0.137793
ai20 4 2031  F_UCI 0.137793
ai20 4 2031  F_Median 0.137793
ai20 4 2031  F_Mean 0.137104
ai20 4 2032 F0 0 
ai20 4 2032 Fabc 0.31335
ai20 4 2032 Fofl 0.390068
ai20 4 2032  F_LCI 0.137793
ai20 4 2032  F_UCI 0.137793
ai20 4 2032  F_Median 0.137793
ai20 4 2032  F_Mean 0.137242
ai20 4 2033 F0 0 
ai20 4 2033 Fabc 0.31335
ai20 4 2033 Fofl 0.390068
ai20 4 2033  F_LCI 0.137793
ai20 4 2033  F_UCI 0.137793
ai20 4 2033  F_Median 0.137793
ai20 4 2033  F_Mean 0.137518
ai20 4 2034 F0 0 
ai20 4 2034 Fabc 0.31335
ai20 4 2034 Fofl 0.390068
ai20 4 2034  F_LCI 0.137793
ai20 4 2034  F_UCI 0.137793
ai20 4 2034  F_Median 0.137793
ai20 4 2034  F_Mean 0.137518
ai20 5 2020 Cabc 41.2434
ai20 5 2020 Cofl 43.6051
ai20 5 2020 CLCI 3.205
ai20 5 2020 CUCI 3.205
ai20 5 2020 CMedian 3.205
ai20 5 2020 CMean 3.205
ai20 5 2020 CStdn 4.66294e-014
ai20 5 2021 Cabc 41.2434
ai20 5 2021 Cofl 43.6051
ai20 5 2021 CLCI 1.656
ai20 5 2021 CUCI 1.656
ai20 5 2021 CMedian 1.656
ai20 5 2021 CMean 1.656
ai20 5 2021 CStdn 1.86968e-007
ai20 5 2022 Cabc 41.2434
ai20 5 2022 Cofl 43.6051
ai20 5 2022 CLCI 0
ai20 5 2022 CUCI 0
ai20 5 2022 CMedian 0
ai20 5 2022 CMean 0
ai20 5 2022 CStdn 0
ai20 5 2023 Cabc 41.2434
ai20 5 2023 Cofl 43.6051
ai20 5 2023 CLCI 0
ai20 5 2023 CUCI 0
ai20 5 2023 CMedian 0
ai20 5 2023 CMean 0
ai20 5 2023 CStdn 0
ai20 5 2024 Cabc 41.2434
ai20 5 2024 Cofl 43.6051
ai20 5 2024 CLCI 0
ai20 5 2024 CUCI 0
ai20 5 2024 CMedian 0
ai20 5 2024 CMean 0
ai20 5 2024 CStdn 0
ai20 5 2025 Cabc 41.2434
ai20 5 2025 Cofl 43.6051
ai20 5 2025 CLCI 0
ai20 5 2025 CUCI 0
ai20 5 2025 CMedian 0
ai20 5 2025 CMean 0
ai20 5 2025 CStdn 0
ai20 5 2026 Cabc 41.2434
ai20 5 2026 Cofl 43.6051
ai20 5 2026 CLCI 0
ai20 5 2026 CUCI 0
ai20 5 2026 CMedian 0
ai20 5 2026 CMean 0
ai20 5 2026 CStdn 0
ai20 5 2027 Cabc 41.2434
ai20 5 2027 Cofl 43.6051
ai20 5 2027 CLCI 0
ai20 5 2027 CUCI 0
ai20 5 2027 CMedian 0
ai20 5 2027 CMean 0
ai20 5 2027 CStdn 0
ai20 5 2028 Cabc 41.2434
ai20 5 2028 Cofl 43.6051
ai20 5 2028 CLCI 0
ai20 5 2028 CUCI 0
ai20 5 2028 CMedian 0
ai20 5 2028 CMean 0
ai20 5 2028 CStdn 0
ai20 5 2029 Cabc 41.2434
ai20 5 2029 Cofl 43.6051
ai20 5 2029 CLCI 0
ai20 5 2029 CUCI 0
ai20 5 2029 CMedian 0
ai20 5 2029 CMean 0
ai20 5 2029 CStdn 0
ai20 5 2030 Cabc 41.2434
ai20 5 2030 Cofl 43.6051
ai20 5 2030 CLCI 0
ai20 5 2030 CUCI 0
ai20 5 2030 CMedian 0
ai20 5 2030 CMean 0
ai20 5 2030 CStdn 0
ai20 5 2031 Cabc 41.2434
ai20 5 2031 Cofl 43.6051
ai20 5 2031 CLCI 0
ai20 5 2031 CUCI 0
ai20 5 2031 CMedian 0
ai20 5 2031 CMean 0
ai20 5 2031 CStdn 0
ai20 5 2032 Cabc 41.2434
ai20 5 2032 Cofl 43.6051
ai20 5 2032 CLCI 0
ai20 5 2032 CUCI 0
ai20 5 2032 CMedian 0
ai20 5 2032 CMean 0
ai20 5 2032 CStdn 0
ai20 5 2033 Cabc 41.2434
ai20 5 2033 Cofl 43.6051
ai20 5 2033 CLCI 0
ai20 5 2033 CUCI 0
ai20 5 2033 CMedian 0
ai20 5 2033 CMean 0
ai20 5 2033 CStdn 0
ai20 5 2034 Cabc 41.2434
ai20 5 2034 Cofl 43.6051
ai20 5 2034 CLCI 0
ai20 5 2034 CUCI 0
ai20 5 2034 CMedian 0
ai20 5 2034 CMean 0
ai20 5 2034 CStdn 0
ai20 5 2020 SSBF100 185.475
ai20 5 2020 SSBFabc 74.1899
ai20 5 2020 SSBFofl 64.9161
ai20 5 2020 SSBLCI 90.0294
ai20 5 2020 SSBUCI 90.0294
ai20 5 2020 SSBMedian 90.0294
ai20 5 2020 SSBMean 90.0294
ai20 5 2021 SSBF100 185.475
ai20 5 2021 SSBFabc 74.1899
ai20 5 2021 SSBFofl 64.9161
ai20 5 2021 SSBLCI 89.8292
ai20 5 2021 SSBUCI 89.8298
ai20 5 2021 SSBMedian 89.8292
ai20 5 2021 SSBMean 89.8293
ai20 5 2022 SSBF100 185.475
ai20 5 2022 SSBFabc 74.1899
ai20 5 2022 SSBFofl 64.9161
ai20 5 2022 SSBLCI 89.6639
ai20 5 2022 SSBUCI 89.7035
ai20 5 2022 SSBMedian 89.6682
ai20 5 2022 SSBMean 89.6739
ai20 5 2023 SSBF100 185.475
ai20 5 2023 SSBFabc 74.1899
ai20 5 2023 SSBFofl 64.9161
ai20 5 2023 SSBLCI 92.0417
ai20 5 2023 SSBUCI 93.598
ai20 5 2023 SSBMedian 92.2174
ai20 5 2023 SSBMean 92.4409
ai20 5 2024 SSBF100 185.475
ai20 5 2024 SSBFabc 74.1899
ai20 5 2024 SSBFofl 64.9161
ai20 5 2024 SSBLCI 92.9512
ai20 5 2024 SSBUCI 116.333
ai20 5 2024 SSBMedian 95.7545
ai20 5 2024 SSBMean 99.0256
ai20 5 2025 SSBF100 185.475
ai20 5 2025 SSBFabc 74.1899
ai20 5 2025 SSBFofl 64.9161
ai20 5 2025 SSBLCI 89.9538
ai20 5 2025 SSBUCI 147.811
ai20 5 2025 SSBMedian 100.065
ai20 5 2025 SSBMean 107.213
ai20 5 2026 SSBF100 185.475
ai20 5 2026 SSBFabc 74.1899
ai20 5 2026 SSBFofl 64.9161
ai20 5 2026 SSBLCI 86.6127
ai20 5 2026 SSBUCI 186.092
ai20 5 2026 SSBMedian 107.569
ai20 5 2026 SSBMean 117.505
ai20 5 2027 SSBF100 185.475
ai20 5 2027 SSBFabc 74.1899
ai20 5 2027 SSBFofl 64.9161
ai20 5 2027 SSBLCI 84.3125
ai20 5 2027 SSBUCI 211.842
ai20 5 2027 SSBMedian 117.038
ai20 5 2027 SSBMean 128.375
ai20 5 2028 SSBF100 185.475
ai20 5 2028 SSBFabc 74.1899
ai20 5 2028 SSBFofl 64.9161
ai20 5 2028 SSBLCI 83.2231
ai20 5 2028 SSBUCI 231.416
ai20 5 2028 SSBMedian 126.068
ai20 5 2028 SSBMean 138.546
ai20 5 2029 SSBF100 185.475
ai20 5 2029 SSBFabc 74.1899
ai20 5 2029 SSBFofl 64.9161
ai20 5 2029 SSBLCI 82.5128
ai20 5 2029 SSBUCI 257.075
ai20 5 2029 SSBMedian 135.548
ai20 5 2029 SSBMean 147.7
ai20 5 2030 SSBF100 185.475
ai20 5 2030 SSBFabc 74.1899
ai20 5 2030 SSBFofl 64.9161
ai20 5 2030 SSBLCI 85.8755
ai20 5 2030 SSBUCI 266.821
ai20 5 2030 SSBMedian 142.44
ai20 5 2030 SSBMean 155.593
ai20 5 2031 SSBF100 185.475
ai20 5 2031 SSBFabc 74.1899
ai20 5 2031 SSBFofl 64.9161
ai20 5 2031 SSBLCI 86.3064
ai20 5 2031 SSBUCI 275.967
ai20 5 2031 SSBMedian 150.127
ai20 5 2031 SSBMean 161.906
ai20 5 2032 SSBF100 185.475
ai20 5 2032 SSBFabc 74.1899
ai20 5 2032 SSBFofl 64.9161
ai20 5 2032 SSBLCI 86.0702
ai20 5 2032 SSBUCI 283.665
ai20 5 2032 SSBMedian 154.496
ai20 5 2032 SSBMean 166.886
ai20 5 2033 SSBF100 185.475
ai20 5 2033 SSBFabc 74.1899
ai20 5 2033 SSBFofl 64.9161
ai20 5 2033 SSBLCI 86.1811
ai20 5 2033 SSBUCI 290.282
ai20 5 2033 SSBMedian 159.642
ai20 5 2033 SSBMean 170.243
ai20 5 2034 SSBF100 185.475
ai20 5 2034 SSBFabc 74.1899
ai20 5 2034 SSBFofl 64.9161
ai20 5 2034 SSBLCI 86.6228
ai20 5 2034 SSBUCI 296.158
ai20 5 2034 SSBMedian 161.469
ai20 5 2034 SSBMean 172.415
ai20 5 2020 F0 0 
ai20 5 2020 Fabc 0.31335
ai20 5 2020 Fofl 0.390068
ai20 5 2020  F_LCI 0.0172015
ai20 5 2020  F_UCI 0.0172015
ai20 5 2020  F_Median 0.0172015
ai20 5 2020  F_Mean 0.0172015
ai20 5 2021 F0 0 
ai20 5 2021 Fabc 0.31335
ai20 5 2021 Fofl 0.390068
ai20 5 2021  F_LCI 0.00889418
ai20 5 2021  F_UCI 0.00894418
ai20 5 2021  F_Median 0.00893864
ai20 5 2021  F_Mean 0.00893152
ai20 5 2022 F0 0 
ai20 5 2022 Fabc 0.31335
ai20 5 2022 Fofl 0.390068
ai20 5 2022  F_LCI 0
ai20 5 2022  F_UCI 0
ai20 5 2022  F_Median 0
ai20 5 2022  F_Mean 0
ai20 5 2023 F0 0 
ai20 5 2023 Fabc 0.31335
ai20 5 2023 Fofl 0.390068
ai20 5 2023  F_LCI 0
ai20 5 2023  F_UCI 0
ai20 5 2023  F_Median 0
ai20 5 2023  F_Mean 0
ai20 5 2024 F0 0 
ai20 5 2024 Fabc 0.31335
ai20 5 2024 Fofl 0.390068
ai20 5 2024  F_LCI 0
ai20 5 2024  F_UCI 0
ai20 5 2024  F_Median 0
ai20 5 2024  F_Mean 0
ai20 5 2025 F0 0 
ai20 5 2025 Fabc 0.31335
ai20 5 2025 Fofl 0.390068
ai20 5 2025  F_LCI 0
ai20 5 2025  F_UCI 0
ai20 5 2025  F_Median 0
ai20 5 2025  F_Mean 0
ai20 5 2026 F0 0 
ai20 5 2026 Fabc 0.31335
ai20 5 2026 Fofl 0.390068
ai20 5 2026  F_LCI 0
ai20 5 2026  F_UCI 0
ai20 5 2026  F_Median 0
ai20 5 2026  F_Mean 0
ai20 5 2027 F0 0 
ai20 5 2027 Fabc 0.31335
ai20 5 2027 Fofl 0.390068
ai20 5 2027  F_LCI 0
ai20 5 2027  F_UCI 0
ai20 5 2027  F_Median 0
ai20 5 2027  F_Mean 0
ai20 5 2028 F0 0 
ai20 5 2028 Fabc 0.31335
ai20 5 2028 Fofl 0.390068
ai20 5 2028  F_LCI 0
ai20 5 2028  F_UCI 0
ai20 5 2028  F_Median 0
ai20 5 2028  F_Mean 0
ai20 5 2029 F0 0 
ai20 5 2029 Fabc 0.31335
ai20 5 2029 Fofl 0.390068
ai20 5 2029  F_LCI 0
ai20 5 2029  F_UCI 0
ai20 5 2029  F_Median 0
ai20 5 2029  F_Mean 0
ai20 5 2030 F0 0 
ai20 5 2030 Fabc 0.31335
ai20 5 2030 Fofl 0.390068
ai20 5 2030  F_LCI 0
ai20 5 2030  F_UCI 0
ai20 5 2030  F_Median 0
ai20 5 2030  F_Mean 0
ai20 5 2031 F0 0 
ai20 5 2031 Fabc 0.31335
ai20 5 2031 Fofl 0.390068
ai20 5 2031  F_LCI 0
ai20 5 2031  F_UCI 0
ai20 5 2031  F_Median 0
ai20 5 2031  F_Mean 0
ai20 5 2032 F0 0 
ai20 5 2032 Fabc 0.31335
ai20 5 2032 Fofl 0.390068
ai20 5 2032  F_LCI 0
ai20 5 2032  F_UCI 0
ai20 5 2032  F_Median 0
ai20 5 2032  F_Mean 0
ai20 5 2033 F0 0 
ai20 5 2033 Fabc 0.31335
ai20 5 2033 Fofl 0.390068
ai20 5 2033  F_LCI 0
ai20 5 2033  F_UCI 0
ai20 5 2033  F_Median 0
ai20 5 2033  F_Mean 0
ai20 5 2034 F0 0 
ai20 5 2034 Fabc 0.31335
ai20 5 2034 Fofl 0.390068
ai20 5 2034  F_LCI 0
ai20 5 2034  F_UCI 0
ai20 5 2034  F_Median 0
ai20 5 2034  F_Mean 0
ai20 6 2020 Cabc 41.2434
ai20 6 2020 Cofl 43.6051
ai20 6 2020 CLCI 3.205
ai20 6 2020 CUCI 3.205
ai20 6 2020 CMedian 3.205
ai20 6 2020 CMean 3.205
ai20 6 2020 CStdn 4.66294e-014
ai20 6 2021 Cabc 41.2434
ai20 6 2021 Cofl 43.6051
ai20 6 2021 CLCI 61.6992
ai20 6 2021 CUCI 62.1018
ai20 6 2021 CMedian 61.7436
ai20 6 2021 CMean 61.8014
ai20 6 2021 CStdn 0.165057
ai20 6 2022 Cabc 41.2434
ai20 6 2022 Cofl 43.6051
ai20 6 2022 CLCI 39.426
ai20 6 2022 CUCI 40.4526
ai20 6 2022 CMedian 39.5909
ai20 6 2022 CMean 39.7285
ai20 6 2022 CStdn 0.407469
ai20 6 2023 Cabc 41.2434
ai20 6 2023 Cofl 43.6051
ai20 6 2023 CLCI 27.7089
ai20 6 2023 CUCI 30.8662
ai20 6 2023 CMedian 28.2258
ai20 6 2023 CMean 28.6379
ai20 6 2023 CStdn 1.30524
ai20 6 2024 Cabc 41.2434
ai20 6 2024 Cofl 43.6051
ai20 6 2024 CLCI 22.6749
ai20 6 2024 CUCI 40.3067
ai20 6 2024 CMedian 24.9737
ai20 6 2024 CMean 27.1916
ai20 6 2024 CStdn 6.06585
ai20 6 2025 Cabc 41.2434
ai20 6 2025 Cofl 43.6051
ai20 6 2025 CLCI 18.9531
ai20 6 2025 CUCI 52.6045
ai20 6 2025 CMedian 25.4424
ai20 6 2025 CMean 29.6472
ai20 6 2025 CStdn 11.9986
ai20 6 2026 Cabc 41.2434
ai20 6 2026 Cofl 43.6051
ai20 6 2026 CLCI 16.3608
ai20 6 2026 CUCI 68.2548
ai20 6 2026 CMedian 29.0272
ai20 6 2026 CMean 34.209
ai20 6 2026 CStdn 18.2388
ai20 6 2027 Cabc 41.2434
ai20 6 2027 Cofl 43.6051
ai20 6 2027 CLCI 14.3522
ai20 6 2027 CUCI 80.3223
ai20 6 2027 CMedian 32.7156
ai20 6 2027 CMean 38.3339
ai20 6 2027 CStdn 22.0241
ai20 6 2028 Cabc 41.2434
ai20 6 2028 Cofl 43.6051
ai20 6 2028 CLCI 13.2859
ai20 6 2028 CUCI 84.1705
ai20 6 2028 CMedian 35.6353
ai20 6 2028 CMean 41.0335
ai20 6 2028 CStdn 23.9712
ai20 6 2029 Cabc 41.2434
ai20 6 2029 Cofl 43.6051
ai20 6 2029 CLCI 14.0252
ai20 6 2029 CUCI 86.6931
ai20 6 2029 CMedian 36.7527
ai20 6 2029 CMean 42.3643
ai20 6 2029 CStdn 24.9469
ai20 6 2030 Cabc 41.2434
ai20 6 2030 Cofl 43.6051
ai20 6 2030 CLCI 13.8151
ai20 6 2030 CUCI 87.7279
ai20 6 2030 CMedian 36.9738
ai20 6 2030 CMean 42.9647
ai20 6 2030 CStdn 25.2569
ai20 6 2031 Cabc 41.2434
ai20 6 2031 Cofl 43.6051
ai20 6 2031 CLCI 13.3903
ai20 6 2031 CUCI 88.7416
ai20 6 2031 CMedian 37.258
ai20 6 2031 CMean 42.916
ai20 6 2031 CStdn 25.0087
ai20 6 2032 Cabc 41.2434
ai20 6 2032 Cofl 43.6051
ai20 6 2032 CLCI 13.2799
ai20 6 2032 CUCI 87.3322
ai20 6 2032 CMedian 37.8461
ai20 6 2032 CMean 42.6505
ai20 6 2032 CStdn 24.2729
ai20 6 2033 Cabc 41.2434
ai20 6 2033 Cofl 43.6051
ai20 6 2033 CLCI 13.6155
ai20 6 2033 CUCI 86.2736
ai20 6 2033 CMedian 36.1729
ai20 6 2033 CMean 42.1074
ai20 6 2033 CStdn 23.9935
ai20 6 2034 Cabc 41.2434
ai20 6 2034 Cofl 43.6051
ai20 6 2034 CLCI 13.4595
ai20 6 2034 CUCI 87.7447
ai20 6 2034 CMedian 35.7459
ai20 6 2034 CMean 41.6144
ai20 6 2034 CStdn 23.9488
ai20 6 2020 SSBF100 185.475
ai20 6 2020 SSBFabc 74.1899
ai20 6 2020 SSBFofl 64.9161
ai20 6 2020 SSBLCI 90.0294
ai20 6 2020 SSBUCI 90.0294
ai20 6 2020 SSBMedian 90.0294
ai20 6 2020 SSBMean 90.0294
ai20 6 2021 SSBF100 185.475
ai20 6 2021 SSBFabc 74.1899
ai20 6 2021 SSBFofl 64.9161
ai20 6 2021 SSBLCI 85.0319
ai20 6 2021 SSBUCI 85.0319
ai20 6 2021 SSBMedian 85.0319
ai20 6 2021 SSBMean 85.0319
ai20 6 2022 SSBF100 185.475
ai20 6 2022 SSBFabc 74.1899
ai20 6 2022 SSBFofl 64.9161
ai20 6 2022 SSBLCI 63.9517
ai20 6 2022 SSBUCI 63.986
ai20 6 2022 SSBMedian 63.9555
ai20 6 2022 SSBMean 63.9604
ai20 6 2023 SSBF100 185.475
ai20 6 2023 SSBFabc 74.1899
ai20 6 2023 SSBFofl 64.9161
ai20 6 2023 SSBLCI 54.8874
ai20 6 2023 SSBUCI 56.3473
ai20 6 2023 SSBMedian 55.0523
ai20 6 2023 SSBMean 55.262
ai20 6 2024 SSBF100 185.475
ai20 6 2024 SSBFabc 74.1899
ai20 6 2024 SSBFofl 64.9161
ai20 6 2024 SSBLCI 49.69
ai20 6 2024 SSBUCI 70.9658
ai20 6 2024 SSBMedian 52.2726
ai20 6 2024 SSBMean 55.2529
ai20 6 2025 SSBF100 185.475
ai20 6 2025 SSBFabc 74.1899
ai20 6 2025 SSBFofl 64.9161
ai20 6 2025 SSBLCI 44.1966
ai20 6 2025 SSBUCI 92.9135
ai20 6 2025 SSBMedian 52.7804
ai20 6 2025 SSBMean 58.6182
ai20 6 2026 SSBF100 185.475
ai20 6 2026 SSBFabc 74.1899
ai20 6 2026 SSBFofl 64.9161
ai20 6 2026 SSBLCI 40.2281
ai20 6 2026 SSBUCI 114.895
ai20 6 2026 SSBMedian 56.1699
ai20 6 2026 SSBMean 63.4847
ai20 6 2027 SSBF100 185.475
ai20 6 2027 SSBFabc 74.1899
ai20 6 2027 SSBFofl 64.9161
ai20 6 2027 SSBLCI 37.9331
ai20 6 2027 SSBUCI 124.644
ai20 6 2027 SSBMedian 60.0881
ai20 6 2027 SSBMean 67.573
ai20 6 2028 SSBF100 185.475
ai20 6 2028 SSBFabc 74.1899
ai20 6 2028 SSBFofl 64.9161
ai20 6 2028 SSBLCI 37.5255
ai20 6 2028 SSBUCI 129.204
ai20 6 2028 SSBMedian 61.5624
ai20 6 2028 SSBMean 70.2453
ai20 6 2029 SSBF100 185.475
ai20 6 2029 SSBFabc 74.1899
ai20 6 2029 SSBFofl 64.9161
ai20 6 2029 SSBLCI 38.1836
ai20 6 2029 SSBUCI 131.751
ai20 6 2029 SSBMedian 63.1101
ai20 6 2029 SSBMean 71.5728
ai20 6 2030 SSBF100 185.475
ai20 6 2030 SSBFabc 74.1899
ai20 6 2030 SSBFofl 64.9161
ai20 6 2030 SSBLCI 37.9342
ai20 6 2030 SSBUCI 133.045
ai20 6 2030 SSBMedian 63.7437
ai20 6 2030 SSBMean 72.0142
ai20 6 2031 SSBF100 185.475
ai20 6 2031 SSBFabc 74.1899
ai20 6 2031 SSBFofl 64.9161
ai20 6 2031 SSBLCI 37.6504
ai20 6 2031 SSBUCI 130.151
ai20 6 2031 SSBMedian 64.1499
ai20 6 2031 SSBMean 71.885
ai20 6 2032 SSBF100 185.475
ai20 6 2032 SSBFabc 74.1899
ai20 6 2032 SSBFofl 64.9161
ai20 6 2032 SSBLCI 37.3648
ai20 6 2032 SSBUCI 132.061
ai20 6 2032 SSBMedian 63.8119
ai20 6 2032 SSBMean 71.6093
ai20 6 2033 SSBF100 185.475
ai20 6 2033 SSBFabc 74.1899
ai20 6 2033 SSBFofl 64.9161
ai20 6 2033 SSBLCI 37.8528
ai20 6 2033 SSBUCI 129.681
ai20 6 2033 SSBMedian 62.829
ai20 6 2033 SSBMean 70.8919
ai20 6 2034 SSBF100 185.475
ai20 6 2034 SSBFabc 74.1899
ai20 6 2034 SSBFofl 64.9161
ai20 6 2034 SSBLCI 37.4594
ai20 6 2034 SSBUCI 129.53
ai20 6 2034 SSBMedian 62.1617
ai20 6 2034 SSBMean 70.1114
ai20 6 2020 F0 0 
ai20 6 2020 Fabc 0.31335
ai20 6 2020 Fofl 0.390068
ai20 6 2020  F_LCI 0.0172015
ai20 6 2020  F_UCI 0.0172015
ai20 6 2020  F_Median 0.0172015
ai20 6 2020  F_Mean 0.0172015
ai20 6 2021 F0 0 
ai20 6 2021 Fabc 0.31335
ai20 6 2021 Fofl 0.390068
ai20 6 2021  F_LCI 0.390068
ai20 6 2021  F_UCI 0.390068
ai20 6 2021  F_Median 0.390068
ai20 6 2021  F_Mean 0.390068
ai20 6 2022 F0 0 
ai20 6 2022 Fabc 0.31335
ai20 6 2022 Fofl 0.390068
ai20 6 2022  F_LCI 0.333406
ai20 6 2022  F_UCI 0.333595
ai20 6 2022  F_Median 0.333427
ai20 6 2022  F_Mean 0.333454
ai20 6 2023 F0 0 
ai20 6 2023 Fabc 0.31335
ai20 6 2023 Fofl 0.390068
ai20 6 2023  F_LCI 0.28324
ai20 6 2023  F_UCI 0.29132
ai20 6 2023  F_Median 0.284153
ai20 6 2023  F_Mean 0.285313
ai20 6 2024 F0 0 
ai20 6 2024 Fabc 0.31335
ai20 6 2024 Fofl 0.390068
ai20 6 2024  F_LCI 0.254475
ai20 6 2024  F_UCI 0.372224
ai20 6 2024  F_Median 0.268768
ai20 6 2024  F_Mean 0.282252
ai20 6 2025 F0 0 
ai20 6 2025 Fabc 0.31335
ai20 6 2025 Fofl 0.390068
ai20 6 2025  F_LCI 0.224072
ai20 6 2025  F_UCI 0.390068
ai20 6 2025  F_Median 0.271579
ai20 6 2025  F_Mean 0.288057
ai20 6 2026 F0 0 
ai20 6 2026 Fabc 0.31335
ai20 6 2026 Fofl 0.390068
ai20 6 2026  F_LCI 0.202109
ai20 6 2026  F_UCI 0.390068
ai20 6 2026  F_Median 0.290338
ai20 6 2026  F_Mean 0.298267
ai20 6 2027 F0 0 
ai20 6 2027 Fabc 0.31335
ai20 6 2027 Fofl 0.390068
ai20 6 2027  F_LCI 0.189408
ai20 6 2027  F_UCI 0.390068
ai20 6 2027  F_Median 0.312023
ai20 6 2027  F_Mean 0.30871
ai20 6 2028 F0 0 
ai20 6 2028 Fabc 0.31335
ai20 6 2028 Fofl 0.390068
ai20 6 2028  F_LCI 0.187152
ai20 6 2028  F_UCI 0.390068
ai20 6 2028  F_Median 0.320182
ai20 6 2028  F_Mean 0.313785
ai20 6 2029 F0 0 
ai20 6 2029 Fabc 0.31335
ai20 6 2029 Fofl 0.390068
ai20 6 2029  F_LCI 0.190794
ai20 6 2029  F_UCI 0.390068
ai20 6 2029  F_Median 0.328748
ai20 6 2029  F_Mean 0.315828
ai20 6 2030 F0 0 
ai20 6 2030 Fabc 0.31335
ai20 6 2030 Fofl 0.390068
ai20 6 2030  F_LCI 0.189414
ai20 6 2030  F_UCI 0.390068
ai20 6 2030  F_Median 0.332254
ai20 6 2030  F_Mean 0.317908
ai20 6 2031 F0 0 
ai20 6 2031 Fabc 0.31335
ai20 6 2031 Fofl 0.390068
ai20 6 2031  F_LCI 0.187843
ai20 6 2031  F_UCI 0.390068
ai20 6 2031  F_Median 0.334503
ai20 6 2031  F_Mean 0.317985
ai20 6 2032 F0 0 
ai20 6 2032 Fabc 0.31335
ai20 6 2032 Fofl 0.390068
ai20 6 2032  F_LCI 0.186262
ai20 6 2032  F_UCI 0.390068
ai20 6 2032  F_Median 0.332632
ai20 6 2032  F_Mean 0.317846
ai20 6 2033 F0 0 
ai20 6 2033 Fabc 0.31335
ai20 6 2033 Fofl 0.390068
ai20 6 2033  F_LCI 0.188963
ai20 6 2033  F_UCI 0.390068
ai20 6 2033  F_Median 0.327192
ai20 6 2033  F_Mean 0.315911
ai20 6 2034 F0 0 
ai20 6 2034 Fabc 0.31335
ai20 6 2034 Fofl 0.390068
ai20 6 2034  F_LCI 0.186786
ai20 6 2034  F_UCI 0.390068
ai20 6 2034  F_Median 0.323499
ai20 6 2034  F_Mean 0.314979
ai20 7 2020 Cabc 41.2434
ai20 7 2020 Cofl 43.6051
ai20 7 2020 CLCI 3.205
ai20 7 2020 CUCI 3.205
ai20 7 2020 CMedian 3.205
ai20 7 2020 CMean 3.205
ai20 7 2020 CStdn 4.66294e-014
ai20 7 2021 Cabc 41.2434
ai20 7 2021 Cofl 43.6051
ai20 7 2021 CLCI 51.1143
ai20 7 2021 CUCI 51.4378
ai20 7 2021 CMedian 51.1499
ai20 7 2021 CMean 51.1964
ai20 7 2021 CStdn 0.132658
ai20 7 2022 Cabc 41.2434
ai20 7 2022 Cofl 43.6051
ai20 7 2022 CLCI 36.6442
ai20 7 2022 CUCI 37.5286
ai20 7 2022 CMedian 36.7861
ai20 7 2022 CMean 36.9047
ai20 7 2022 CStdn 0.35096
ai20 7 2023 Cabc 41.2434
ai20 7 2023 Cofl 43.6051
ai20 7 2023 CLCI 32.2889
ai20 7 2023 CUCI 35.6918
ai20 7 2023 CMedian 32.8473
ai20 7 2023 CMean 33.2906
ai20 7 2023 CStdn 1.4034
ai20 7 2024 Cabc 41.2434
ai20 7 2024 Cofl 43.6051
ai20 7 2024 CLCI 24.7592
ai20 7 2024 CUCI 42.97
ai20 7 2024 CMedian 27.1489
ai20 7 2024 CMean 29.3778
ai20 7 2024 CStdn 6.05545
ai20 7 2025 Cabc 41.2434
ai20 7 2025 Cofl 43.6051
ai20 7 2025 CLCI 19.9051
ai20 7 2025 CUCI 53.3205
ai20 7 2025 CMedian 26.5043
ai20 7 2025 CMean 30.6648
ai20 7 2025 CStdn 11.9665
ai20 7 2026 Cabc 41.2434
ai20 7 2026 Cofl 43.6051
ai20 7 2026 CLCI 16.788
ai20 7 2026 CUCI 68.6232
ai20 7 2026 CMedian 29.4744
ai20 7 2026 CMean 34.6493
ai20 7 2026 CStdn 18.2254
ai20 7 2027 Cabc 41.2434
ai20 7 2027 Cofl 43.6051
ai20 7 2027 CLCI 14.5311
ai20 7 2027 CUCI 80.6445
ai20 7 2027 CMedian 32.9134
ai20 7 2027 CMean 38.4965
ai20 7 2027 CStdn 22.0206
ai20 7 2028 Cabc 41.2434
ai20 7 2028 Cofl 43.6051
ai20 7 2028 CLCI 13.3553
ai20 7 2028 CUCI 84.196
ai20 7 2028 CMedian 35.6345
ai20 7 2028 CMean 41.0763
ai20 7 2028 CStdn 23.9673
ai20 7 2029 Cabc 41.2434
ai20 7 2029 Cofl 43.6051
ai20 7 2029 CLCI 14.0323
ai20 7 2029 CUCI 86.6553
ai20 7 2029 CMedian 36.7171
ai20 7 2029 CMean 42.3628
ai20 7 2029 CStdn 24.9411
ai20 7 2030 Cabc 41.2434
ai20 7 2030 Cofl 43.6051
ai20 7 2030 CLCI 13.8186
ai20 7 2030 CUCI 87.7212
ai20 7 2030 CMedian 36.9798
ai20 7 2030 CMean 42.9522
ai20 7 2030 CStdn 25.2525
ai20 7 2031 Cabc 41.2434
ai20 7 2031 Cofl 43.6051
ai20 7 2031 CLCI 13.3824
ai20 7 2031 CUCI 88.7344
ai20 7 2031 CMedian 37.237
ai20 7 2031 CMean 42.9052
ai20 7 2031 CStdn 25.0064
ai20 7 2032 Cabc 41.2434
ai20 7 2032 Cofl 43.6051
ai20 7 2032 CLCI 13.2746
ai20 7 2032 CUCI 87.3276
ai20 7 2032 CMedian 37.8454
ai20 7 2032 CMean 42.6436
ai20 7 2032 CStdn 24.2717
ai20 7 2033 Cabc 41.2434
ai20 7 2033 Cofl 43.6051
ai20 7 2033 CLCI 13.6126
ai20 7 2033 CUCI 86.2668
ai20 7 2033 CMedian 36.1705
ai20 7 2033 CMean 42.1036
ai20 7 2033 CStdn 23.9929
ai20 7 2034 Cabc 41.2434
ai20 7 2034 Cofl 43.6051
ai20 7 2034 CLCI 13.4608
ai20 7 2034 CUCI 87.7444
ai20 7 2034 CMedian 35.745
ai20 7 2034 CMean 41.6126
ai20 7 2034 CStdn 23.9485
ai20 7 2020 SSBF100 185.475
ai20 7 2020 SSBFabc 74.1899
ai20 7 2020 SSBFofl 64.9161
ai20 7 2020 SSBLCI 90.0294
ai20 7 2020 SSBUCI 90.0294
ai20 7 2020 SSBMedian 90.0294
ai20 7 2020 SSBMean 90.0294
ai20 7 2021 SSBF100 185.475
ai20 7 2021 SSBFabc 74.1899
ai20 7 2021 SSBFofl 64.9161
ai20 7 2021 SSBLCI 85.9751
ai20 7 2021 SSBUCI 85.9751
ai20 7 2021 SSBMedian 85.9751
ai20 7 2021 SSBMean 85.9751
ai20 7 2022 SSBF100 185.475
ai20 7 2022 SSBFabc 74.1899
ai20 7 2022 SSBFofl 64.9161
ai20 7 2022 SSBLCI 68.1626
ai20 7 2022 SSBUCI 68.1971
ai20 7 2022 SSBMedian 68.1664
ai20 7 2022 SSBMean 68.1713
ai20 7 2023 SSBF100 185.475
ai20 7 2023 SSBFabc 74.1899
ai20 7 2023 SSBFofl 64.9161
ai20 7 2023 SSBLCI 59.0752
ai20 7 2023 SSBUCI 60.5338
ai20 7 2023 SSBMedian 59.2399
ai20 7 2023 SSBMean 59.4494
ai20 7 2024 SSBF100 185.475
ai20 7 2024 SSBFabc 74.1899
ai20 7 2024 SSBFofl 64.9161
ai20 7 2024 SSBLCI 51.8179
ai20 7 2024 SSBUCI 73.0472
ai20 7 2024 SSBMedian 54.3946
ai20 7 2024 SSBMean 57.3732
ai20 7 2025 SSBF100 185.475
ai20 7 2025 SSBFabc 74.1899
ai20 7 2025 SSBFofl 64.9161
ai20 7 2025 SSBLCI 45.2682
ai20 7 2025 SSBUCI 93.8248
ai20 7 2025 SSBMedian 53.8045
ai20 7 2025 SSBMean 59.6513
ai20 7 2026 SSBF100 185.475
ai20 7 2026 SSBFabc 74.1899
ai20 7 2026 SSBFofl 64.9161
ai20 7 2026 SSBLCI 40.7571
ai20 7 2026 SSBUCI 115.651
ai20 7 2026 SSBMedian 56.6248
ai20 7 2026 SSBMean 63.9513
ai20 7 2027 SSBF100 185.475
ai20 7 2027 SSBFabc 74.1899
ai20 7 2027 SSBFofl 64.9161
ai20 7 2027 SSBLCI 38.1741
ai20 7 2027 SSBUCI 124.85
ai20 7 2027 SSBMedian 60.2096
ai20 7 2027 SSBMean 67.7554
ai20 7 2028 SSBF100 185.475
ai20 7 2028 SSBFabc 74.1899
ai20 7 2028 SSBFofl 64.9161
ai20 7 2028 SSBLCI 37.6113
ai20 7 2028 SSBUCI 129.372
ai20 7 2028 SSBMedian 61.6087
ai20 7 2028 SSBMean 70.298
ai20 7 2029 SSBF100 185.475
ai20 7 2029 SSBFabc 74.1899
ai20 7 2029 SSBFofl 64.9161
ai20 7 2029 SSBLCI 38.2428
ai20 7 2029 SSBUCI 131.788
ai20 7 2029 SSBMedian 63.0847
ai20 7 2029 SSBMean 71.5761
ai20 7 2030 SSBF100 185.475
ai20 7 2030 SSBFabc 74.1899
ai20 7 2030 SSBFofl 64.9161
ai20 7 2030 SSBLCI 37.928
ai20 7 2030 SSBUCI 133.025
ai20 7 2030 SSBMedian 63.732
ai20 7 2030 SSBMean 72.0037
ai20 7 2031 SSBF100 185.475
ai20 7 2031 SSBFabc 74.1899
ai20 7 2031 SSBFofl 64.9161
ai20 7 2031 SSBLCI 37.6417
ai20 7 2031 SSBUCI 130.116
ai20 7 2031 SSBMedian 64.1326
ai20 7 2031 SSBMean 71.8744
ai20 7 2032 SSBF100 185.475
ai20 7 2032 SSBFabc 74.1899
ai20 7 2032 SSBFofl 64.9161
ai20 7 2032 SSBLCI 37.3569
ai20 7 2032 SSBUCI 132.048
ai20 7 2032 SSBMedian 63.8046
ai20 7 2032 SSBMean 71.6022
ai20 7 2033 SSBF100 185.475
ai20 7 2033 SSBFabc 74.1899
ai20 7 2033 SSBFofl 64.9161
ai20 7 2033 SSBLCI 37.848
ai20 7 2033 SSBUCI 129.676
ai20 7 2033 SSBMedian 62.8221
ai20 7 2033 SSBMean 70.8879
ai20 7 2034 SSBF100 185.475
ai20 7 2034 SSBFabc 74.1899
ai20 7 2034 SSBFofl 64.9161
ai20 7 2034 SSBLCI 37.4615
ai20 7 2034 SSBUCI 129.529
ai20 7 2034 SSBMedian 62.1607
ai20 7 2034 SSBMean 70.1094
ai20 7 2020 F0 0 
ai20 7 2020 Fabc 0.31335
ai20 7 2020 Fofl 0.390068
ai20 7 2020  F_LCI 0.0172015
ai20 7 2020  F_UCI 0.0172015
ai20 7 2020  F_Median 0.0172015
ai20 7 2020  F_Mean 0.0172015
ai20 7 2021 F0 0 
ai20 7 2021 Fabc 0.31335
ai20 7 2021 Fofl 0.390068
ai20 7 2021  F_LCI 0.313349
ai20 7 2021  F_UCI 0.31335
ai20 7 2021  F_Median 0.313349
ai20 7 2021  F_Mean 0.313349
ai20 7 2022 F0 0 
ai20 7 2022 Fabc 0.31335
ai20 7 2022 Fofl 0.390068
ai20 7 2022  F_LCI 0.286553
ai20 7 2022  F_UCI 0.286706
ai20 7 2022  F_Median 0.28657
ai20 7 2022  F_Mean 0.286592
ai20 7 2023 F0 0 
ai20 7 2023 Fabc 0.31335
ai20 7 2023 Fofl 0.390068
ai20 7 2023  F_LCI 0.306417
ai20 7 2023  F_UCI 0.31449
ai20 7 2023  F_Median 0.307329
ai20 7 2023  F_Mean 0.308488
ai20 7 2024 F0 0 
ai20 7 2024 Fabc 0.31335
ai20 7 2024 Fofl 0.390068
ai20 7 2024  F_LCI 0.266252
ai20 7 2024  F_UCI 0.383744
ai20 7 2024  F_Median 0.280513
ai20 7 2024  F_Mean 0.29349
ai20 7 2025 F0 0 
ai20 7 2025 Fabc 0.31335
ai20 7 2025 Fofl 0.390068
ai20 7 2025  F_LCI 0.230003
ai20 7 2025  F_UCI 0.390068
ai20 7 2025  F_Median 0.277247
ai20 7 2025  F_Mean 0.293017
ai20 7 2026 F0 0 
ai20 7 2026 Fabc 0.31335
ai20 7 2026 Fofl 0.390068
ai20 7 2026  F_LCI 0.205037
ai20 7 2026  F_UCI 0.390068
ai20 7 2026  F_Median 0.292856
ai20 7 2026  F_Mean 0.300281
ai20 7 2027 F0 0 
ai20 7 2027 Fabc 0.31335
ai20 7 2027 Fofl 0.390068
ai20 7 2027  F_LCI 0.190741
ai20 7 2027  F_UCI 0.390068
ai20 7 2027  F_Median 0.312695
ai20 7 2027  F_Mean 0.309429
ai20 7 2028 F0 0 
ai20 7 2028 Fabc 0.31335
ai20 7 2028 Fofl 0.390068
ai20 7 2028  F_LCI 0.187627
ai20 7 2028  F_UCI 0.390068
ai20 7 2028  F_Median 0.320439
ai20 7 2028  F_Mean 0.31399
ai20 7 2029 F0 0 
ai20 7 2029 Fabc 0.31335
ai20 7 2029 Fofl 0.390068
ai20 7 2029  F_LCI 0.191122
ai20 7 2029  F_UCI 0.390068
ai20 7 2029  F_Median 0.328607
ai20 7 2029  F_Mean 0.315852
ai20 7 2030 F0 0 
ai20 7 2030 Fabc 0.31335
ai20 7 2030 Fofl 0.390068
ai20 7 2030  F_LCI 0.18938
ai20 7 2030  F_UCI 0.390068
ai20 7 2030  F_Median 0.33219
ai20 7 2030  F_Mean 0.317881
ai20 7 2031 F0 0 
ai20 7 2031 Fabc 0.31335
ai20 7 2031 Fofl 0.390068
ai20 7 2031  F_LCI 0.187795
ai20 7 2031  F_UCI 0.390068
ai20 7 2031  F_Median 0.334406
ai20 7 2031  F_Mean 0.317954
ai20 7 2032 F0 0 
ai20 7 2032 Fabc 0.31335
ai20 7 2032 Fofl 0.390068
ai20 7 2032  F_LCI 0.186219
ai20 7 2032  F_UCI 0.390068
ai20 7 2032  F_Median 0.332592
ai20 7 2032  F_Mean 0.317825
ai20 7 2033 F0 0 
ai20 7 2033 Fabc 0.31335
ai20 7 2033 Fofl 0.390068
ai20 7 2033  F_LCI 0.188937
ai20 7 2033  F_UCI 0.390068
ai20 7 2033  F_Median 0.327154
ai20 7 2033  F_Mean 0.315898
ai20 7 2034 F0 0 
ai20 7 2034 Fabc 0.31335
ai20 7 2034 Fofl 0.390068
ai20 7 2034  F_LCI 0.186798
ai20 7 2034  F_UCI 0.390068
ai20 7 2034  F_Median 0.323494
ai20 7 2034  F_Mean 0.314973
