Alternative 1 Catch
     projection_data.dat 
Equil_Fabc 33.6231 
Year 
2022 0.687 
2023 1.90797 
2024 1.90797 
2025 41.2381 
2026 34.4917 
2027 28.6972 
2028 25.1766 
2029 25.1323 
2030 26.5866 
2031 28.2119 
2032 29.4199 
2033 30.1924 
2034 30.599 
2035 30.7806 
2036 30.7768 

Alternative 1 ABCs
     projection_data.dat 

Year 
2022 38.6377 
2023 39.492 
2024 40.2955 
2025 41.2381 
2026 34.4917 
2027 28.6972 
2028 25.1766 
2029 25.1323 
2030 26.5866 
2031 28.2119 
2032 29.4199 
2033 30.1924 
2034 30.599 
2035 30.7806 
2036 30.7768 

Alternative 1 TACs
     projection_data.dat 

Year 
2022  NA 
2023  NA 
2024  NA 
2025 41.2381 
2026 34.4917 
2027 28.6972 
2028 25.1766 
2029 25.1323 
2030 26.5866 
2031 28.2119 
2032 29.4199 
2033 30.1924 
2034 30.599 
2035 30.7806 
2036 30.7768 

Alternative 1 Sp_Biomass
     projection_data.dat 
Equil_Fabc 74.0658 
Year 
2022 91.8344 
2023 94.0954 
2024 96.121 
2025 98.3686 
2026 82.2332 
2027 71.4086 
2028 66.4207 
2029 66.4234 
2030 68.8678 
2031 71.766 
2032 74.1301 
2033 75.7536 
2034 76.72 
2035 77.1863 
2036 77.3062 

Alternative 1 Fishing Mortality
     projection_data.dat 
Equil_Fabc 0.288462 
Year 
2022 0.00458035 
2023 0.0124986 
2024 0.0122573 
2025 0.288462 
2026 0.288462 
2027 0.272766 
2028 0.251102 
2029 0.245697 
2030 0.247937 
2031 0.25203 
2032 0.255352 
2033 0.257718 
2034 0.25903 
2035 0.259928 
2036 0.260111 

Alternative 1 Biomass
     projection_data.dat 

Year 
2022 292.385 
2023 302.433 
2024 315.762 
2025 333.022 
2026 315.645 
2027 310.721 
2028 314.198 
2029 322.551 
2030 330.275 
2031 336.08 
2032 339.11 
2033 340.432 
2034 341.13 
2035 341.355 
2036 341.89 

Alternative 1 Implied SPR rate 
     projection_data.dat 
Equil_Fabc 0.4 
Year 
2022 0.975936 
2023 0.936957 
2024 0.938098 
2025 0.4 
2026 0.4 
2027 0.413091 
2028 0.433343 
2029 0.439629 
2030 0.438282 
2031 0.434721 
2032 0.431613 
2033 0.429337 
2034 0.428011 
2035 0.427093 
2036 0.426813 

  projection_data.dat 
EquilAvgAgeF0  5.49174 
EquilAvgAgeFabc  3.86824 
AvgAgeYr2036 66.9996 
Alternative 2 Catch
     projection_data.dat 
Equil_Fabc 33.6231 
Year 
2022 0.687 
2023 1.90797 
2024 1.90797 
2025 41.2381 
2026 34.4917 
2027 28.6972 
2028 25.1766 
2029 25.1323 
2030 26.5866 
2031 28.2119 
2032 29.4199 
2033 30.1924 
2034 30.599 
2035 30.7806 
2036 30.7768 

Alternative 2 ABCs
     projection_data.dat 

Year 
2022 38.6377 
2023 39.492 
2024 40.2955 
2025 41.2381 
2026 34.4917 
2027 28.6972 
2028 25.1766 
2029 25.1323 
2030 26.5866 
2031 28.2119 
2032 29.4199 
2033 30.1924 
2034 30.599 
2035 30.7806 
2036 30.7768 

Alternative 2 TACs
     projection_data.dat 

Year 
2022  NA 
2023  NA 
2024  NA 
2025 41.2381 
2026 34.4917 
2027 28.6972 
2028 25.1766 
2029 25.1323 
2030 26.5866 
2031 28.2119 
2032 29.4199 
2033 30.1924 
2034 30.599 
2035 30.7806 
2036 30.7768 

Alternative 2 Sp_Biomass
     projection_data.dat 
Equil_Fabc 74.0658 
Year 
2022 91.8344 
2023 94.0954 
2024 96.121 
2025 98.3686 
2026 82.2332 
2027 71.4086 
2028 66.4207 
2029 66.4234 
2030 68.8678 
2031 71.766 
2032 74.1301 
2033 75.7536 
2034 76.72 
2035 77.1863 
2036 77.3062 

Alternative 2 Fishing Mortality
     projection_data.dat 
Equil_Fabc 0.288462 
Year 
2022 0.00458035 
2023 0.0124986 
2024 0.0122573 
2025 0.288462 
2026 0.288462 
2027 0.272766 
2028 0.251102 
2029 0.245697 
2030 0.247937 
2031 0.25203 
2032 0.255352 
2033 0.257718 
2034 0.25903 
2035 0.259928 
2036 0.260111 

Alternative 2 Biomass
     projection_data.dat 

Year 
2022 292.385 
2023 302.433 
2024 315.762 
2025 333.022 
2026 315.645 
2027 310.721 
2028 314.198 
2029 322.551 
2030 330.275 
2031 336.08 
2032 339.11 
2033 340.432 
2034 341.13 
2035 341.355 
2036 341.89 

Alternative 2 Implied SPR rate 
     projection_data.dat 
Equil_Fabc 0.4 
Year 
2022 0.975936 
2023 0.936957 
2024 0.938098 
2025 0.4 
2026 0.4 
2027 0.413091 
2028 0.433343 
2029 0.439629 
2030 0.438282 
2031 0.434721 
2032 0.431613 
2033 0.429337 
2034 0.428011 
2035 0.427093 
2036 0.426813 

  projection_data.dat 
EquilAvgAgeF0  5.49174 
EquilAvgAgeFabc  3.86824 
AvgAgeYr2036 66.9996 
Alternative 3 Catch
     projection_data.dat 
Equil_Fabc 33.6231 
Year 
2022 0.687 
2023 1.90797 
2024 1.90797 
2025 1.87849 
2026 1.92489 
2027 1.9761 
2028 2.04851 
2029 2.15997 
2030 2.30796 
2031 2.46758 
2032 2.61521 
2033 2.74244 
2034 2.8489 
2035 2.93566 
2036 3.00482 

Alternative 3 ABCs
     projection_data.dat 

Year 
2022 38.6377 
2023 39.492 
2024 40.2955 
2025 41.2381 
2026 42.2323 
2027 43.3979 
2028 45.1059 
2029 47.6634 
2030 50.9385 
2031 54.3987 
2032 57.5759 
2033 60.3068 
2034 62.5865 
2035 64.4409 
2036 65.9191 

Alternative 3 TACs
     projection_data.dat 

Year 
2022  NA 
2023  NA 
2024  NA 
2025 1.87849 
2026 1.92489 
2027 1.9761 
2028 2.04851 
2029 2.15997 
2030 2.30796 
2031 2.46758 
2032 2.61521 
2033 2.74244 
2034 2.8489 
2035 2.93566 
2036 3.00482 

Alternative 3 Sp_Biomass
     projection_data.dat 
Equil_Fabc 74.0658 
Year 
2022 91.8344 
2023 94.0954 
2024 96.121 
2025 98.3686 
2026 100.575 
2027 103.091 
2028 106.884 
2029 112.508 
2030 119.58 
2031 127.219 
2032 134.649 
2033 141.403 
2034 147.267 
2035 152.188 
2036 156.212 

Alternative 3 Fishing Mortality
     projection_data.dat 
Equil_Fabc 0.288462 
Year 
2022 0.00458035 
2023 0.0124986 
2024 0.0122573 
2025 0.0117853 
2026 0.0117853 
2027 0.0117853 
2028 0.0117853 
2029 0.0117853 
2030 0.0117853 
2031 0.0117853 
2032 0.0117853 
2033 0.0117853 
2034 0.0117853 
2035 0.0117853 
2036 0.0117853 

Alternative 3 Biomass
     projection_data.dat 

Year 
2022 292.385 
2023 302.433 
2024 315.762 
2025 333.022 
2026 352.78 
2027 373.824 
2028 394.34 
2029 414.064 
2030 431.482 
2031 446.909 
2032 459.622 
2033 470.251 
2034 479.492 
2035 487.237 
2036 494.191 

Alternative 3 Implied SPR rate 
     projection_data.dat 
Equil_Fabc 0.4 
Year 
2022 0.975936 
2023 0.936957 
2024 0.938098 
2025 0.94034 
2026 0.94034 
2027 0.94034 
2028 0.94034 
2029 0.94034 
2030 0.94034 
2031 0.94034 
2032 0.94034 
2033 0.94034 
2034 0.94034 
2035 0.94034 
2036 0.94034 

  projection_data.dat 
EquilAvgAgeF0  5.49174 
EquilAvgAgeFabc  3.86824 
AvgAgeYr2036 78.4653 
Alternative 4 Catch
     projection_data.dat 
Equil_Fabc 33.6231 
Year 
2022 0.687 
2023 1.90797 
2024 1.90797 
2025 9.6921 
2026 9.56222 
2027 9.50433 
2028 9.61071 
2029 9.95952 
2030 10.5104 
2031 11.1212 
2032 11.6737 
2033 12.1309 
2034 12.4945 
2035 12.7725 
2036 12.9778 

Alternative 4 ABCs
     projection_data.dat 

Year 
2022 38.6377 
2023 39.492 
2024 40.2955 
2025 41.2381 
2026 40.6836 
2027 40.4916 
2028 41.0578 
2029 42.6432 
2030 45.0128 
2031 47.5622 
2032 49.8506 
2033 51.7503 
2034 53.2643 
2035 54.4237 
2036 55.2771 

Alternative 4 TACs
     projection_data.dat 

Year 
2022  NA 
2023  NA 
2024  NA 
2025 9.6921 
2026 9.56222 
2027 9.50433 
2028 9.61071 
2029 9.95952 
2030 10.5104 
2031 11.1212 
2032 11.6737 
2033 12.1309 
2034 12.4945 
2035 12.7725 
2036 12.9778 

Alternative 4 Sp_Biomass
     projection_data.dat 
Equil_Fabc 74.0658 
Year 
2022 91.8344 
2023 94.0954 
2024 96.121 
2025 98.3686 
2026 96.9049 
2027 96.1691 
2028 97.1666 
2029 100.404 
2030 105.345 
2031 110.947 
2032 116.358 
2033 121.127 
2034 125.091 
2035 128.237 
2036 130.642 

Alternative 4 Fishing Mortality
     projection_data.dat 
Equil_Fabc 0.288462 
Year 
2022 0.00458035 
2023 0.0124986 
2024 0.0122573 
2025 0.0620477 
2026 0.0620477 
2027 0.0620477 
2028 0.0620477 
2029 0.0620477 
2030 0.0620477 
2031 0.0620477 
2032 0.0620477 
2033 0.0620477 
2034 0.0620477 
2035 0.0620477 
2036 0.0620477 

Alternative 4 Biomass
     projection_data.dat 

Year 
2022 292.385 
2023 302.433 
2024 315.762 
2025 333.022 
2026 345.393 
2027 360.192 
2028 375.43 
2029 390.591 
2030 403.879 
2031 415.397 
2032 424.356 
2033 431.422 
2034 437.348 
2035 442.067 
2036 446.312 

Alternative 4 Implied SPR rate 
     projection_data.dat 
Equil_Fabc 0.4 
Year 
2022 0.975936 
2023 0.936957 
2024 0.938098 
2025 0.75 
2026 0.75 
2027 0.75 
2028 0.75 
2029 0.75 
2030 0.75 
2031 0.75 
2032 0.75 
2033 0.75 
2034 0.75 
2035 0.75 
2036 0.75 

  projection_data.dat 
EquilAvgAgeF0  5.49174 
EquilAvgAgeFabc  3.86824 
AvgAgeYr2036 75.1823 
Alternative 5 Catch
     projection_data.dat 
Equil_Fabc 33.6231 
Year 
2022 0.687 
2023 1.90797 
2024 1.90797 
2025  NA 
2026  NA 
2027  NA 
2028  NA 
2029  NA 
2030  NA 
2031  NA 
2032  NA 
2033  NA 
2034  NA 
2035  NA 
2036  NA 

Alternative 5 ABCs
     projection_data.dat 

Year 
2022 38.6377 
2023 39.492 
2024 40.2955 
2025 41.2381 
2026 42.6055 
2027 44.1166 
2028 46.1318 
2029 48.9641 
2030 52.5011 
2031 56.223 
2032 59.6599 
2033 62.6438 
2034 65.164 
2035 67.2425 
2036 68.9259 

Alternative 5 TACs
     projection_data.dat 

Year 
2022  NA 
2023  NA 
2024  NA 
2025  NA 
2026  NA 
2027  NA 
2028  NA 
2029  NA 
2030  NA 
2031  NA 
2032  NA 
2033  NA 
2034  NA 
2035  NA 
2036  NA 

Alternative 5 Sp_Biomass
     projection_data.dat 
Equil_Fabc 74.0658 
Year 
2022 91.8344 
2023 94.0954 
2024 96.121 
2025 98.3686 
2026 101.459 
2027 104.803 
2028 109.348 
2029 115.649 
2030 123.347 
2031 131.598 
2032 139.641 
2033 147.005 
2034 153.463 
2035 158.95 
2036 163.501 

Alternative 5 Fishing Mortality
     projection_data.dat 
Equil_Fabc 0.288462 
Year 
2022 0.00458035 
2023 0.0124986 
2024 0.0122573 
2025  NA 
2026  NA 
2027  NA 
2028  NA 
2029  NA 
2030  NA 
2031  NA 
2032  NA 
2033  NA 
2034  NA 
2035  NA 
2036  NA 

Alternative 5 Biomass
     projection_data.dat 

Year 
2022 292.385 
2023 302.433 
2024 315.762 
2025 333.022 
2026 354.557 
2027 377.185 
2028 399.112 
2029 420.111 
2030 438.722 
2031 455.303 
2032 469.144 
2033 480.865 
2034 491.144 
2035 499.858 
2036 507.7 

Alternative 5 Implied SPR rate 
     projection_data.dat 
Equil_Fabc 0.4 
Year 
2022 0.975936 
2023 0.936957 
2024 0.938098 
2025 1 
2026 1 
2027 1 
2028 1 
2029 1 
2030 1 
2031 1 
2032 1 
2033 1 
2034 1 
2035 1 
2036 1 

  projection_data.dat 
EquilAvgAgeF0  5.49174 
EquilAvgAgeFabc  3.86824 
AvgAgeYr2036 79.3462 
Alternative 6 Catch
     projection_data.dat 
Equil_Fabc 33.6231 
Year 
2022 0.687 
2023 48.1757 
2024 38.2041 
2025 27.1641 
2026 22.5785 
2027 21.2138 
2028 22.3165 
2029 25.0593 
2030 28.1425 
2031 30.5186 
2032 31.9674 
2033 32.6888 
2034 32.9563 
2035 32.9587 
2036 32.8418 

Alternative 6 ABCs
     projection_data.dat 

Year 
2022 38.6377 
2023 39.492 
2024 31.2798 
2025 22.1298 
2026 18.3467 
2027 17.2101 
2028 18.0931 
2029 20.328 
2030 22.8564 
2031 24.8122 
2032 26.0075 
2033 26.6041 
2034 26.827 
2035 26.8311 
2036 26.7364 

Alternative 6 TACs
     projection_data.dat 

Year 
2022  NA 
2023 48.1758 
2024 38.2041 
2025 27.1641 
2026 22.5785 
2027 21.2138 
2028 22.3165 
2029 25.0593 
2030 28.1425 
2031 30.5186 
2032 31.9674 
2033 32.6888 
2034 32.9563 
2035 32.9587 
2036 32.8418 

Alternative 6 Sp_Biomass
     projection_data.dat 
Equil_Fabc 74.0658 
Year 
2022 91.8344 
2023 94.0954 
2024 74.5857 
2025 62.2836 
2026 56.5314 
2027 54.3743 
2028 55.2787 
2029 58.4945 
2030 62.4748 
2031 65.8323 
2032 68.0741 
2033 69.3373 
2034 69.9205 
2035 70.0699 
2036 69.9773 

Alternative 6 Fishing Mortality
     projection_data.dat 
Equil_Fabc 0.288462 
Year 
2022 0.00458035 
2023 0.361864 
2024 0.361864 
2025 0.30127 
2026 0.271638 
2027 0.260364 
2028 0.263563 
2029 0.275417 
2030 0.288628 
2031 0.298526 
2032 0.304684 
2033 0.307879 
2034 0.309255 
2035 0.309661 
2036 0.309568 

Alternative 6 Biomass
     projection_data.dat 

Year 
2022 292.385 
2023 302.433 
2024 272.15 
2025 260.78 
2026 266.136 
2027 279.226 
2028 294.281 
2029 308.273 
2030 318.119 
2031 324.075 
2032 326.403 
2033 326.807 
2034 326.713 
2035 326.364 
2036 326.567 

Alternative 6 Implied SPR rate 
     projection_data.dat 
Equil_Fabc 0.4 
Year 
2022 0.975936 
2023 0.35 
2024 0.35 
2025 0.390202 
2026 0.414034 
2027 0.424707 
2028 0.423555 
2029 0.415011 
2030 0.405051 
2031 0.39741 
2032 0.392588 
2033 0.390033 
2034 0.388888 
2035 0.388459 
2036 0.388447 

  projection_data.dat 
EquilAvgAgeF0  5.49174 
EquilAvgAgeFabc  3.86824 
AvgAgeYr2036 63.6795 
Alternative 7 Catch
     projection_data.dat 
Equil_Fabc 33.6231 
Year 
2022 0.687 
2023 39.492 
2024 32.9517 
2025 32.3912 
2026 24.9516 
2027 22.3613 
2028 22.857 
2029 25.2844 
2030 28.2091 
2031 30.519 
2032 31.9482 
2033 32.6694 
2034 32.9423 
2035 32.9499 
2036 32.8369 

Alternative 7 ABCs
     projection_data.dat 

Year 
2022 38.6377 
2023 39.492 
2024 32.9517 
2025 26.4538 
2026 20.3014 
2027 18.1535 
2028 18.5374 
2029 20.5133 
2030 22.9115 
2031 24.8127 
2032 25.9918 
2033 26.5881 
2034 26.8154 
2035 26.8238 
2036 26.7324 

Alternative 7 TACs
     projection_data.dat 

Year 
2022  NA 
2023 48.1758 
2024 40.237 
2025 32.3912 
2026 24.9516 
2027 22.3613 
2028 22.857 
2029 25.2844 
2030 28.2091 
2031 30.519 
2032 31.9482 
2033 32.6694 
2034 32.9423 
2035 32.9499 
2036 32.8369 

Alternative 7 Sp_Biomass
     projection_data.dat 
Equil_Fabc 74.0658 
Year 
2022 91.8344 
2023 94.0954 
2024 78.575 
2025 68.1997 
2026 59.511 
2027 55.9002 
2028 56.0282 
2029 58.8268 
2030 62.5922 
2031 65.852 
2032 68.0588 
2033 69.3156 
2034 69.9028 
2035 70.0581 
2036 69.9704 

Alternative 7 Fishing Mortality
     projection_data.dat 
Equil_Fabc 0.288462 
Year 
2022 0.00458035 
2023 0.288462 
2024 0.288462 
2025 0.331666 
2026 0.286941 
2027 0.268151 
2028 0.267266 
2029 0.276976 
2030 0.289152 
2031 0.298629 
2032 0.304647 
2033 0.307815 
2034 0.309203 
2035 0.309626 
2036 0.309547 

Alternative 7 Biomass
     projection_data.dat 

Year 
2022 292.385 
2023 302.433 
2024 280.314 
2025 272.872 
2026 271.738 
2027 281.785 
2028 295.334 
2029 308.604 
2030 318.142 
2031 324 
2032 326.319 
2033 326.744 
2034 326.673 
2035 326.341 
2036 326.555 

Alternative 7 Implied SPR rate 
     projection_data.dat 
Equil_Fabc 0.4 
Year 
2022 0.975936 
2023 0.4 
2024 0.4 
2025 0.368843 
2026 0.401424 
2027 0.417776 
2028 0.420177 
2029 0.41359 
2030 0.404567 
2031 0.397305 
2032 0.392611 
2033 0.390082 
2034 0.38893 
2035 0.388488 
2036 0.388464 

  projection_data.dat 
EquilAvgAgeF0  5.49174 
EquilAvgAgeFabc  3.86824 
AvgAgeYr2036 64.0095 
