
SB0 SB40 SB35 MeanRec HarMeanRec Bnow
185.165 74.0658 64.8076 187.143 177.422 91.8344 
CV Recruit
1.05337 
Alternative 1 Alternative  Stock: projection_data.dat
Catch projection_data.dat
Year C0 Cabc Cofl LowCI_Catch Median_Catch Mean_Catch UpperCI_Catch Stdev_Catch 
2022  0 33.6231 36.5579 0.687 0.687 0.687 0.687 2.9976e-15 
2023  0 33.6231 36.5579 1.90797 1.90797 1.90797 1.90797 1.94398e-09 
2024  0 33.6231 36.5579 1.90797 1.90797 1.90797 1.90797 8.76074e-08 
2025  0 33.6231 36.5579 40.815 41.0942 41.2381 42.1156 0.475226 
2026  0 33.6231 36.5579 33.2852 34.1152 34.4917 36.8333 1.28663 
2027  0 33.6231 36.5579 24.4914 27.6728 28.6972 35.141 3.63701 
2028  0 33.6231 36.5579 18.1089 23.3985 25.1766 37.1065 6.29734 
2029  0 33.6231 36.5579 14.831 23.0829 25.1323 40.9003 8.59784 
2030  0 33.6231 36.5579 13.3564 24.5921 26.5866 44.6334 10.2532 
2031  0 33.6231 36.5579 12.7758 26.9756 28.2119 47.103 11.2356 
2032  0 33.6231 36.5579 13.2481 28.3735 29.4199 48.6909 11.8044 
2033  0 33.6231 36.5579 13.4535 29.7612 30.1924 50.3878 12.108 
2034  0 33.6231 36.5579 13.1612 29.5927 30.599 51.9425 12.1509 
2035  0 33.6231 36.5579 13.4219 30.0038 30.7806 52.6859 12.0418 
2036  0 33.6231 36.5579 14.1149 29.5841 30.7768 53.122 11.9809 

Spawning_Biomass projection_data.dat
Year SSB100 SSBabc SSBofl LowCI_SSB Median_SSB Mean_SSB UpperCI_SSB Stdev_SSB 
2022 185.165 74.0658 64.8076 91.8344 91.8344 91.8344 91.8344 1.84741e-12 
2023 185.165 74.0658 64.8076 94.0339 94.0687 94.0954 94.2427 0.0792583 
2024 185.165 74.0658 64.8076 95.8357 96.0164 96.121 96.7441 0.329265 
2025 185.165 74.0658 64.8076 97.4421 98.0635 98.3686 100.212 1.01659 
2026 185.165 74.0658 64.8076 79.7804 81.4816 82.2332 86.8474 2.56608 
2027 185.165 74.0658 64.8076 65.9108 69.7837 71.4086 81.3936 5.49506 
2028 185.165 74.0658 64.8076 56.6665 63.8924 66.4207 83.866 9.53431 
2029 185.165 74.0658 64.8076 51.2458 63.1535 66.4234 93.2235 13.9346 
2030 185.165 74.0658 64.8076 48.3682 64.9489 68.8678 101.348 17.5601 
2031 185.165 74.0658 64.8076 47.2608 67.9678 71.766 107.087 19.9906 
2032 185.165 74.0658 64.8076 48.0987 69.7949 74.1301 111.777 21.642 
2033 185.165 74.0658 64.8076 48.3556 71.4838 75.7536 115.438 22.7241 
2034 185.165 74.0658 64.8076 48.135 71.8874 76.72 119.789 23.1192 
2035 185.165 74.0658 64.8076 48.5901 72.2495 77.1863 121.186 22.9989 
2036 185.165 74.0658 64.8076 49.7988 71.7848 77.3062 122.925 22.8556 

Fishing_mortalityprojection_data.dat
Year F0 Fabc Fofl LowCI_F Median_F Mean_F UpperCI_F Stdev_F 
2022  0 0.288462 0.361865 0.00458035 0.00458035 0.00458035 0.00458035 3.81639e-17 
2023  0 0.288462 0.361865 0.0124848 0.012501 0.0124986 0.0125043 7.33515e-06 
2024  0 0.288462 0.361865 0.0121903 0.0122685 0.0122573 0.0122882 3.60421e-05 
2025  0 0.288462 0.361865 0.288462 0.288462 0.288462 0.288462 1.16573e-15 
2026  0 0.288462 0.361865 0.288462 0.288462 0.288462 0.288462 1.16573e-15 
2027  0 0.288462 0.361865 0.255029 0.270907 0.272766 0.288462 0.0117539 
2028  0 0.288462 0.361865 0.217131 0.246755 0.251102 0.288462 0.0238842 
2029  0 0.288462 0.361865 0.194908 0.243725 0.245697 0.288462 0.0322125 
2030  0 0.288462 0.361865 0.183111 0.251086 0.247937 0.288462 0.0367014 
2031  0 0.288462 0.361865 0.178571 0.263462 0.25203 0.288462 0.0382723 
2032  0 0.288462 0.361865 0.182006 0.270953 0.255352 0.288462 0.0381742 
2033  0 0.288462 0.361865 0.183059 0.277877 0.257718 0.288462 0.0376437 
2034  0 0.288462 0.361865 0.182155 0.279531 0.25903 0.288462 0.0368893 
2035  0 0.288462 0.361865 0.18402 0.281016 0.259928 0.288462 0.0363168 
2036  0 0.288462 0.361865 0.188976 0.279111 0.260111 0.288462 0.0357322 

Total_Biomassprojection_data.dat
Year B100 Babc Bofl LowCI_Biom Median_Biom Mean_Biom UpperCI_Biom Stdev_Biom 
2022 541.724 344.697 326.032 292.385 292.385 292.385 292.385 2.89901e-12 
2023 541.724 344.697 326.032 288.639 296.444 302.433 335.489 17.7895 
2024 541.724 344.697 326.032 282.61 305.945 315.762 381.657 33.911 
2025 541.724 344.697 326.032 277.542 320.678 333.022 426.394 50.7499 
2026 541.724 344.697 326.032 236.405 301.344 315.645 440.299 66.0088 
2027 541.724 344.697 326.032 210.833 294.365 310.721 453.635 80.3523 
2028 541.724 344.697 326.032 199.501 298.468 314.198 475.291 91.8355 
2029 541.724 344.697 326.032 195.417 305.415 322.551 494.783 98.9869 
2030 541.724 344.697 326.032 197.365 314.264 330.275 511.499 102.827 
2031 541.724 344.697 326.032 198.395 320.623 336.08 524.825 104.125 
2032 541.724 344.697 326.032 197.452 321.469 339.11 530.007 105.165 
2033 541.724 344.697 326.032 201.16 323.778 340.432 542.5 105.389 
2034 541.724 344.697 326.032 201.875 325.758 341.13 546.996 104.292 
2035 541.724 344.697 326.032 205.459 324.843 341.355 539.221 103.516 
2036 541.724 344.697 326.032 208.882 325.044 341.89 530.992 102.208 
Alternative 2 Alternative  Stock: projection_data.dat
Catch projection_data.dat
Year C0 Cabc Cofl LowCI_Catch Median_Catch Mean_Catch UpperCI_Catch Stdev_Catch 
2022  0 33.6231 36.5579 0.687 0.687 0.687 0.687 2.9976e-15 
2023  0 33.6231 36.5579 1.90797 1.90797 1.90797 1.90797 1.94398e-09 
2024  0 33.6231 36.5579 1.90797 1.90797 1.90797 1.90797 8.76074e-08 
2025  0 33.6231 36.5579 40.815 41.0942 41.2381 42.1156 0.475226 
2026  0 33.6231 36.5579 33.2852 34.1152 34.4917 36.8333 1.28663 
2027  0 33.6231 36.5579 24.4914 27.6728 28.6972 35.141 3.63701 
2028  0 33.6231 36.5579 18.1089 23.3985 25.1766 37.1065 6.29734 
2029  0 33.6231 36.5579 14.831 23.0829 25.1323 40.9003 8.59784 
2030  0 33.6231 36.5579 13.3564 24.5921 26.5866 44.6334 10.2532 
2031  0 33.6231 36.5579 12.7758 26.9756 28.2119 47.103 11.2356 
2032  0 33.6231 36.5579 13.2481 28.3735 29.4199 48.6909 11.8044 
2033  0 33.6231 36.5579 13.4535 29.7612 30.1924 50.3878 12.108 
2034  0 33.6231 36.5579 13.1612 29.5927 30.599 51.9425 12.1509 
2035  0 33.6231 36.5579 13.4219 30.0038 30.7806 52.6859 12.0418 
2036  0 33.6231 36.5579 14.1149 29.5841 30.7768 53.122 11.9809 

Spawning_Biomass projection_data.dat
Year SSB100 SSBabc SSBofl LowCI_SSB Median_SSB Mean_SSB UpperCI_SSB Stdev_SSB 
2022 185.165 74.0658 64.8076 91.8344 91.8344 91.8344 91.8344 1.84741e-12 
2023 185.165 74.0658 64.8076 94.0339 94.0687 94.0954 94.2427 0.0792583 
2024 185.165 74.0658 64.8076 95.8357 96.0164 96.121 96.7441 0.329265 
2025 185.165 74.0658 64.8076 97.4421 98.0635 98.3686 100.212 1.01659 
2026 185.165 74.0658 64.8076 79.7804 81.4816 82.2332 86.8474 2.56608 
2027 185.165 74.0658 64.8076 65.9108 69.7837 71.4086 81.3936 5.49506 
2028 185.165 74.0658 64.8076 56.6665 63.8924 66.4207 83.866 9.53431 
2029 185.165 74.0658 64.8076 51.2458 63.1535 66.4234 93.2235 13.9346 
2030 185.165 74.0658 64.8076 48.3682 64.9489 68.8678 101.348 17.5601 
2031 185.165 74.0658 64.8076 47.2608 67.9678 71.766 107.087 19.9906 
2032 185.165 74.0658 64.8076 48.0987 69.7949 74.1301 111.777 21.642 
2033 185.165 74.0658 64.8076 48.3556 71.4838 75.7536 115.438 22.7241 
2034 185.165 74.0658 64.8076 48.135 71.8874 76.72 119.789 23.1192 
2035 185.165 74.0658 64.8076 48.5901 72.2495 77.1863 121.186 22.9989 
2036 185.165 74.0658 64.8076 49.7988 71.7848 77.3062 122.925 22.8556 

Fishing_mortalityprojection_data.dat
Year F0 Fabc Fofl LowCI_F Median_F Mean_F UpperCI_F Stdev_F 
2022  0 0.288462 0.361865 0.00458035 0.00458035 0.00458035 0.00458035 3.81639e-17 
2023  0 0.288462 0.361865 0.0124848 0.012501 0.0124986 0.0125043 7.33515e-06 
2024  0 0.288462 0.361865 0.0121903 0.0122685 0.0122573 0.0122882 3.60421e-05 
2025  0 0.288462 0.361865 0.288462 0.288462 0.288462 0.288462 1.16573e-15 
2026  0 0.288462 0.361865 0.288462 0.288462 0.288462 0.288462 1.16573e-15 
2027  0 0.288462 0.361865 0.255029 0.270907 0.272766 0.288462 0.0117539 
2028  0 0.288462 0.361865 0.217131 0.246755 0.251102 0.288462 0.0238842 
2029  0 0.288462 0.361865 0.194908 0.243725 0.245697 0.288462 0.0322125 
2030  0 0.288462 0.361865 0.183111 0.251086 0.247937 0.288462 0.0367014 
2031  0 0.288462 0.361865 0.178571 0.263462 0.25203 0.288462 0.0382723 
2032  0 0.288462 0.361865 0.182006 0.270953 0.255352 0.288462 0.0381742 
2033  0 0.288462 0.361865 0.183059 0.277877 0.257718 0.288462 0.0376437 
2034  0 0.288462 0.361865 0.182155 0.279531 0.25903 0.288462 0.0368893 
2035  0 0.288462 0.361865 0.18402 0.281016 0.259928 0.288462 0.0363168 
2036  0 0.288462 0.361865 0.188976 0.279111 0.260111 0.288462 0.0357322 

Total_Biomassprojection_data.dat
Year B100 Babc Bofl LowCI_Biom Median_Biom Mean_Biom UpperCI_Biom Stdev_Biom 
2022 541.724 344.697 326.032 292.385 292.385 292.385 292.385 2.89901e-12 
2023 541.724 344.697 326.032 288.639 296.444 302.433 335.489 17.7895 
2024 541.724 344.697 326.032 282.61 305.945 315.762 381.657 33.911 
2025 541.724 344.697 326.032 277.542 320.678 333.022 426.394 50.7499 
2026 541.724 344.697 326.032 236.405 301.344 315.645 440.299 66.0088 
2027 541.724 344.697 326.032 210.833 294.365 310.721 453.635 80.3523 
2028 541.724 344.697 326.032 199.501 298.468 314.198 475.291 91.8355 
2029 541.724 344.697 326.032 195.417 305.415 322.551 494.783 98.9869 
2030 541.724 344.697 326.032 197.365 314.264 330.275 511.499 102.827 
2031 541.724 344.697 326.032 198.395 320.623 336.08 524.825 104.125 
2032 541.724 344.697 326.032 197.452 321.469 339.11 530.007 105.165 
2033 541.724 344.697 326.032 201.16 323.778 340.432 542.5 105.389 
2034 541.724 344.697 326.032 201.875 325.758 341.13 546.996 104.292 
2035 541.724 344.697 326.032 205.459 324.843 341.355 539.221 103.516 
2036 541.724 344.697 326.032 208.882 325.044 341.89 530.992 102.208 
Alternative 3 Alternative  Stock: projection_data.dat
Catch projection_data.dat
Year C0 Cabc Cofl LowCI_Catch Median_Catch Mean_Catch UpperCI_Catch Stdev_Catch 
2022  0 33.6231 36.5579 0.687 0.687 0.687 0.687 2.9976e-15 
2023  0 33.6231 36.5579 1.90797 1.90797 1.90797 1.90797 1.94398e-09 
2024  0 33.6231 36.5579 1.90797 1.90797 1.90797 1.90797 8.76074e-08 
2025  0 33.6231 36.5579 1.86111 1.87256 1.87849 1.91452 0.0195299 
2026  0 33.6231 36.5579 1.87459 1.90898 1.92489 2.02305 0.0538464 
2027  0 33.6231 36.5579 1.8579 1.9406 1.9761 2.19821 0.119972 
2028  0 33.6231 36.5579 1.81608 1.98834 2.04851 2.45209 0.222665 
2029  0 33.6231 36.5579 1.7731 2.07583 2.15997 2.85913 0.352694 
2030  0 33.6231 36.5579 1.73247 2.19871 2.30796 3.25806 0.488294 
2031  0 33.6231 36.5579 1.71866 2.34472 2.46758 3.57718 0.606438 
2032  0 33.6231 36.5579 1.73764 2.4945 2.61521 3.83009 0.697235 
2033  0 33.6231 36.5579 1.76893 2.60527 2.74244 4.04934 0.764864 
2034  0 33.6231 36.5579 1.78862 2.71453 2.8489 4.24924 0.812251 
2035  0 33.6231 36.5579 1.78516 2.82219 2.93566 4.43642 0.839568 
2036  0 33.6231 36.5579 1.83572 2.87659 3.00482 4.57689 0.852928 

Spawning_Biomass projection_data.dat
Year SSB100 SSBabc SSBofl LowCI_SSB Median_SSB Mean_SSB UpperCI_SSB Stdev_SSB 
2022 185.165 74.0658 64.8076 91.8344 91.8344 91.8344 91.8344 1.84741e-12 
2023 185.165 74.0658 64.8076 94.0339 94.0687 94.0954 94.2427 0.0792583 
2024 185.165 74.0658 64.8076 95.8357 96.0164 96.121 96.7441 0.329265 
2025 185.165 74.0658 64.8076 97.4421 98.0635 98.3686 100.212 1.01659 
2026 185.165 74.0658 64.8076 98.1061 99.8138 100.575 105.23 2.58628 
2027 185.165 74.0658 64.8076 97.4743 101.391 103.091 113.412 5.63684 
2028 185.165 74.0658 64.8076 95.8645 104.026 106.884 125.981 10.5407 
2029 185.165 74.0658 64.8076 94.0409 108.412 112.508 145.808 16.8288 
2030 185.165 74.0658 64.8076 92.2074 114.292 119.58 164.939 23.3073 
2031 185.165 74.0658 64.8076 91.4516 121.15 127.219 180.641 29.0492 
2032 185.165 74.0658 64.8076 91.9812 128.896 134.649 193.668 33.8225 
2033 185.165 74.0658 64.8076 93.6032 134.796 141.403 206.1 37.627 
2034 185.165 74.0658 64.8076 94.1847 140.673 147.267 216.319 40.3799 
2035 185.165 74.0658 64.8076 94.8754 146.236 152.188 228.355 42.1169 
2036 185.165 74.0658 64.8076 97.0829 149.796 156.212 235.975 43.1332 

Fishing_mortalityprojection_data.dat
Year F0 Fabc Fofl LowCI_F Median_F Mean_F UpperCI_F Stdev_F 
2022  0 0.288462 0.361865 0.00458035 0.00458035 0.00458035 0.00458035 3.81639e-17 
2023  0 0.288462 0.361865 0.0124848 0.012501 0.0124986 0.0125043 7.33515e-06 
2024  0 0.288462 0.361865 0.0121903 0.0122685 0.0122573 0.0122882 3.60421e-05 
2025  0 0.288462 0.361865 0.0117853 0.0117853 0.0117853 0.0117853 1.8735e-16 
2026  0 0.288462 0.361865 0.0117853 0.0117853 0.0117853 0.0117853 1.8735e-16 
2027  0 0.288462 0.361865 0.0117853 0.0117853 0.0117853 0.0117853 1.8735e-16 
2028  0 0.288462 0.361865 0.0117853 0.0117853 0.0117853 0.0117853 1.8735e-16 
2029  0 0.288462 0.361865 0.0117853 0.0117853 0.0117853 0.0117853 1.8735e-16 
2030  0 0.288462 0.361865 0.0117853 0.0117853 0.0117853 0.0117853 1.8735e-16 
2031  0 0.288462 0.361865 0.0117853 0.0117853 0.0117853 0.0117853 1.8735e-16 
2032  0 0.288462 0.361865 0.0117853 0.0117853 0.0117853 0.0117853 1.8735e-16 
2033  0 0.288462 0.361865 0.0117853 0.0117853 0.0117853 0.0117853 1.8735e-16 
2034  0 0.288462 0.361865 0.0117853 0.0117853 0.0117853 0.0117853 1.8735e-16 
2035  0 0.288462 0.361865 0.0117853 0.0117853 0.0117853 0.0117853 1.8735e-16 
2036  0 0.288462 0.361865 0.0117853 0.0117853 0.0117853 0.0117853 1.8735e-16 

Total_Biomassprojection_data.dat
Year B100 Babc Bofl LowCI_Biom Median_Biom Mean_Biom UpperCI_Biom Stdev_Biom 
2022 541.724 344.697 326.032 292.385 292.385 292.385 292.385 2.89901e-12 
2023 541.724 344.697 326.032 288.639 296.444 302.433 335.489 17.7895 
2024 541.724 344.697 326.032 282.61 305.945 315.762 381.657 33.911 
2025 541.724 344.697 326.032 277.542 320.678 333.022 426.394 50.7499 
2026 541.724 344.697 326.032 273.197 338.393 352.78 477.758 66.4464 
2027 541.724 344.697 326.032 272.69 357.526 373.824 520.793 81.8099 
2028 541.724 344.697 326.032 273.087 379.17 394.34 563.115 95.8149 
2029 541.724 344.697 326.032 277.585 396.574 414.064 605.364 106.577 
2030 541.724 344.697 326.032 282.142 413.792 431.482 634.822 114.564 
2031 541.724 344.697 326.032 281.627 429.878 446.909 662.854 119.834 
2032 541.724 344.697 326.032 286.436 442.033 459.622 689.15 124.52 
2033 541.724 344.697 326.032 295.678 453.896 470.251 701.372 127.703 
2034 541.724 344.697 326.032 302.766 462.994 479.492 715.43 128.634 
2035 541.724 344.697 326.032 305.932 470.776 487.237 735.514 129.118 
2036 541.724 344.697 326.032 317.554 481.702 494.191 739.887 128.292 
Alternative 4 Alternative  Stock: projection_data.dat
Catch projection_data.dat
Year C0 Cabc Cofl LowCI_Catch Median_Catch Mean_Catch UpperCI_Catch Stdev_Catch 
2022  0 33.6231 36.5579 0.687 0.687 0.687 0.687 2.9976e-15 
2023  0 33.6231 36.5579 1.90797 1.90797 1.90797 1.90797 1.94398e-09 
2024  0 33.6231 36.5579 1.90797 1.90797 1.90797 1.90797 8.76074e-08 
2025  0 33.6231 36.5579 9.60068 9.66094 9.6921 9.8816 0.102712 
2026  0 33.6231 36.5579 9.29836 9.47878 9.56222 10.0766 0.282251 
2027  0 33.6231 36.5579 8.88838 9.31824 9.50433 10.6574 0.624639 
2028  0 33.6231 36.5579 8.41204 9.30624 9.61071 11.6862 1.14577 
2029  0 33.6231 36.5579 7.98759 9.53899 9.95952 13.433 1.78379 
2030  0 33.6231 36.5579 7.6438 9.95107 10.5104 15.1164 2.41799 
2031  0 33.6231 36.5579 7.46813 10.5462 11.1212 16.3946 2.94063 
2032  0 33.6231 36.5579 7.48789 11.071 11.6737 17.4105 3.32255 
2033  0 33.6231 36.5579 7.53286 11.4859 12.1309 18.2631 3.59266 
2034  0 33.6231 36.5579 7.50138 11.9397 12.4945 19.0064 3.76373 
2035  0 33.6231 36.5579 7.54133 12.2153 12.7725 19.8344 3.84198 
2036  0 33.6231 36.5579 7.69251 12.3804 12.9778 20.09 3.86623 

Spawning_Biomass projection_data.dat
Year SSB100 SSBabc SSBofl LowCI_SSB Median_SSB Mean_SSB UpperCI_SSB Stdev_SSB 
2022 185.165 74.0658 64.8076 91.8344 91.8344 91.8344 91.8344 1.84741e-12 
2023 185.165 74.0658 64.8076 94.0339 94.0687 94.0954 94.2427 0.0792583 
2024 185.165 74.0658 64.8076 95.8357 96.0164 96.121 96.7441 0.329265 
2025 185.165 74.0658 64.8076 97.4421 98.0635 98.3686 100.212 1.01659 
2026 185.165 74.0658 64.8076 94.4388 96.1454 96.9049 101.552 2.58258 
2027 185.165 74.0658 64.8076 90.5753 94.4778 96.1691 106.428 5.61073 
2028 185.165 74.0658 64.8076 86.2498 94.3625 97.1666 116.014 10.4243 
2029 185.165 74.0658 64.8076 82.2901 96.4907 100.404 132.84 16.4624 
2030 185.165 74.0658 64.8076 78.8326 100.326 105.345 148.408 22.457 
2031 185.165 74.0658 64.8076 76.8124 105.574 110.947 160.514 27.5073 
2032 185.165 74.0658 64.8076 76.6393 111.024 116.358 171.147 31.4875 
2033 185.165 74.0658 64.8076 76.8789 115.006 121.127 180.151 34.4888 
2034 185.165 74.0658 64.8076 76.9333 119.324 125.091 188.844 36.4764 
2035 185.165 74.0658 64.8076 76.5962 122.875 128.237 195.943 37.5295 
2036 185.165 74.0658 64.8076 78.5035 125.175 130.642 200.382 38.0021 

Fishing_mortalityprojection_data.dat
Year F0 Fabc Fofl LowCI_F Median_F Mean_F UpperCI_F Stdev_F 
2022  0 0.288462 0.361865 0.00458035 0.00458035 0.00458035 0.00458035 3.81639e-17 
2023  0 0.288462 0.361865 0.0124848 0.012501 0.0124986 0.0125043 7.33515e-06 
2024  0 0.288462 0.361865 0.0121903 0.0122685 0.0122573 0.0122882 3.60421e-05 
2025  0 0.288462 0.361865 0.0620477 0.0620477 0.0620477 0.0620477 1.47798e-15 
2026  0 0.288462 0.361865 0.0620477 0.0620477 0.0620477 0.0620477 1.47798e-15 
2027  0 0.288462 0.361865 0.0620477 0.0620477 0.0620477 0.0620477 1.47798e-15 
2028  0 0.288462 0.361865 0.0620477 0.0620477 0.0620477 0.0620477 1.47798e-15 
2029  0 0.288462 0.361865 0.0620477 0.0620477 0.0620477 0.0620477 1.47798e-15 
2030  0 0.288462 0.361865 0.0620477 0.0620477 0.0620477 0.0620477 1.47798e-15 
2031  0 0.288462 0.361865 0.0620477 0.0620477 0.0620477 0.0620477 1.47798e-15 
2032  0 0.288462 0.361865 0.0620477 0.0620477 0.0620477 0.0620477 1.47798e-15 
2033  0 0.288462 0.361865 0.0620477 0.0620477 0.0620477 0.0620477 1.47798e-15 
2034  0 0.288462 0.361865 0.0620477 0.0620477 0.0620477 0.0620477 1.47798e-15 
2035  0 0.288462 0.361865 0.0620477 0.0620477 0.0620477 0.0620477 1.47798e-15 
2036  0 0.288462 0.361865 0.0620477 0.0620477 0.0620477 0.0620477 1.47798e-15 

Total_Biomassprojection_data.dat
Year B100 Babc Bofl LowCI_Biom Median_Biom Mean_Biom UpperCI_Biom Stdev_Biom 
2022 541.724 344.697 326.032 292.385 292.385 292.385 292.385 2.89901e-12 
2023 541.724 344.697 326.032 288.639 296.444 302.433 335.489 17.7895 
2024 541.724 344.697 326.032 282.61 305.945 315.762 381.657 33.911 
2025 541.724 344.697 326.032 277.542 320.678 333.022 426.394 50.7499 
2026 541.724 344.697 326.032 265.873 331.033 345.393 470.313 66.3665 
2027 541.724 344.697 326.032 259.287 343.896 360.192 506.881 81.5401 
2028 541.724 344.697 326.032 255.002 360.273 375.43 543.398 95.1817 
2029 541.724 344.697 326.032 254.871 373.132 390.591 578.052 105.368 
2030 541.724 344.697 326.032 256.957 386.82 403.879 600.62 112.562 
2031 541.724 344.697 326.032 254.794 399.135 415.397 626.704 116.907 
2032 541.724 344.697 326.032 257.092 407.289 424.356 644.576 120.593 
2033 541.724 344.697 326.032 263.878 412.785 431.422 652.66 122.809 
2034 541.724 344.697 326.032 268.64 421.515 437.348 669.824 122.902 
2035 541.724 344.697 326.032 272.448 425.807 442.067 681.019 122.709 
2036 541.724 344.697 326.032 280.966 430.937 446.312 674.288 121.416 
Alternative 5 Alternative  Stock: projection_data.dat
Catch projection_data.dat
Year C0 Cabc Cofl LowCI_Catch Median_Catch Mean_Catch UpperCI_Catch Stdev_Catch 
2022  0 33.6231 36.5579 0.687 0.687 0.687 0.687 2.9976e-15 
2023  0 33.6231 36.5579 1.90797 1.90797 1.90797 1.90797 1.94398e-09 
2024  0 33.6231 36.5579 1.90797 1.90797 1.90797 1.90797 8.76074e-08 
2025  0 33.6231 36.5579 0 0 0 0 0 
2026  0 33.6231 36.5579 0 0 0 0 0 
2027  0 33.6231 36.5579 0 0 0 0 0 
2028  0 33.6231 36.5579 0 0 0 0 0 
2029  0 33.6231 36.5579 0 0 0 0 0 
2030  0 33.6231 36.5579 0 0 0 0 0 
2031  0 33.6231 36.5579 0 0 0 0 0 
2032  0 33.6231 36.5579 0 0 0 0 0 
2033  0 33.6231 36.5579 0 0 0 0 0 
2034  0 33.6231 36.5579 0 0 0 0 0 
2035  0 33.6231 36.5579 0 0 0 0 0 
2036  0 33.6231 36.5579 0 0 0 0 0 

Spawning_Biomass projection_data.dat
Year SSB100 SSBabc SSBofl LowCI_SSB Median_SSB Mean_SSB UpperCI_SSB Stdev_SSB 
2022 185.165 74.0658 64.8076 91.8344 91.8344 91.8344 91.8344 1.84741e-12 
2023 185.165 74.0658 64.8076 94.0339 94.0687 94.0954 94.2427 0.0792583 
2024 185.165 74.0658 64.8076 95.8357 96.0164 96.121 96.7441 0.329265 
2025 185.165 74.0658 64.8076 97.4421 98.0635 98.3686 100.212 1.01659 
2026 185.165 74.0658 64.8076 98.9898 100.698 101.459 106.116 2.58714 
2027 185.165 74.0658 64.8076 99.1808 103.099 104.803 115.139 5.64298 
2028 185.165 74.0658 64.8076 98.3042 106.479 109.348 128.504 10.5683 
2029 185.165 74.0658 64.8076 97.0963 111.513 115.649 149.113 16.9163 
2030 185.165 74.0658 64.8076 95.7546 118.018 123.347 168.813 23.5133 
2031 185.165 74.0658 64.8076 95.4846 125.517 131.598 185.529 29.4302 
2032 185.165 74.0658 64.8076 96.2268 133.833 139.641 199.693 34.4127 
2033 185.165 74.0658 64.8076 98.3371 140.286 147.005 212.988 38.4376 
2034 185.165 74.0658 64.8076 99.0346 146.645 153.463 224.543 41.4075 
2035 185.165 74.0658 64.8076 99.5343 152.842 158.95 237.006 43.3459 
2036 185.165 74.0658 64.8076 102.405 156.949 163.501 244.865 44.5326 

Fishing_mortalityprojection_data.dat
Year F0 Fabc Fofl LowCI_F Median_F Mean_F UpperCI_F Stdev_F 
2022  0 0.288462 0.361865 0.00458035 0.00458035 0.00458035 0.00458035 3.81639e-17 
2023  0 0.288462 0.361865 0.0124848 0.012501 0.0124986 0.0125043 7.33515e-06 
2024  0 0.288462 0.361865 0.0121903 0.0122685 0.0122573 0.0122882 3.60421e-05 
2025  0 0.288462 0.361865 0 0 0 0 0 
2026  0 0.288462 0.361865 0 0 0 0 0 
2027  0 0.288462 0.361865 0 0 0 0 0 
2028  0 0.288462 0.361865 0 0 0 0 0 
2029  0 0.288462 0.361865 0 0 0 0 0 
2030  0 0.288462 0.361865 0 0 0 0 0 
2031  0 0.288462 0.361865 0 0 0 0 0 
2032  0 0.288462 0.361865 0 0 0 0 0 
2033  0 0.288462 0.361865 0 0 0 0 0 
2034  0 0.288462 0.361865 0 0 0 0 0 
2035  0 0.288462 0.361865 0 0 0 0 0 
2036  0 0.288462 0.361865 0 0 0 0 0 

Total_Biomassprojection_data.dat
Year B100 Babc Bofl LowCI_Biom Median_Biom Mean_Biom UpperCI_Biom Stdev_Biom 
2022 541.724 344.697 326.032 292.385 292.385 292.385 292.385 2.89901e-12 
2023 541.724 344.697 326.032 288.639 296.444 302.433 335.489 17.7895 
2024 541.724 344.697 326.032 282.61 305.945 315.762 381.657 33.911 
2025 541.724 344.697 326.032 277.542 320.678 333.022 426.394 50.7499 
2026 541.724 344.697 326.032 274.959 340.163 354.557 479.549 66.4652 
2027 541.724 344.697 326.032 275.997 360.855 377.185 524.36 81.8735 
2028 541.724 344.697 326.032 277.664 384.087 399.112 567.908 95.9652 
2029 541.724 344.697 326.032 283.412 402.673 420.111 612.33 106.868 
2030 541.724 344.697 326.032 288.741 421.202 438.722 642.016 115.053 
2031 541.724 344.697 326.032 289.224 438.349 455.303 671.069 120.564 
2032 541.724 344.697 326.032 293.931 451.884 469.144 700.895 125.522 
2033 541.724 344.697 326.032 303.988 464.937 480.865 713.491 128.978 
2034 541.724 344.697 326.032 312.051 475 491.144 727.959 130.16 
2035 541.724 344.697 326.032 315.187 483.543 499.858 751.28 130.86 
2036 541.724 344.697 326.032 327.123 496.604 507.7 756.199 130.2 
Alternative 6 Alternative  Stock: projection_data.dat
Catch projection_data.dat
Year C0 Cabc Cofl LowCI_Catch Median_Catch Mean_Catch UpperCI_Catch Stdev_Catch 
2022  0 33.6231 36.5579 0.687 0.687 0.687 0.687 2.9976e-15 
2023  0 33.6231 36.5579 48.1507 48.1649 48.1757 48.2357 0.0322952 
2024  0 33.6231 36.5579 38.0637 38.1523 38.2041 38.5052 0.165429 
2025  0 33.6231 36.5579 26.3436 26.8835 27.1641 28.8472 0.933952 
2026  0 33.6231 36.5579 20.6406 21.9431 22.5785 26.3718 2.1184 
2027  0 33.6231 36.5579 17.0851 19.8409 21.2138 29.5154 4.38339 
2028  0 33.6231 36.5579 14.7634 20.0832 22.3165 38.3964 7.44128 
2029  0 33.6231 36.5579 13.4331 22.278 25.0593 44.6858 10.2552 
2030  0 33.6231 36.5579 13.0147 25.3665 28.1425 50.0023 12.1002 
2031  0 33.6231 36.5579 13.0304 28.5532 30.5186 52.6647 13.054 
2032  0 33.6231 36.5579 13.9908 30.0076 31.9674 54.5176 13.5875 
2033  0 33.6231 36.5579 14.1773 30.8036 32.6888 54.8743 13.8368 
2034  0 33.6231 36.5579 13.8986 30.9038 32.9563 56.863 13.8146 
2035  0 33.6231 36.5579 14.2235 30.8155 32.9587 58.0288 13.6487 
2036  0 33.6231 36.5579 14.8495 30.2377 32.8418 59.3808 13.6136 

Spawning_Biomass projection_data.dat
Year SSB100 SSBabc SSBofl LowCI_SSB Median_SSB Mean_SSB UpperCI_SSB Stdev_SSB 
2022 185.165 74.0658 64.8076 91.8344 91.8344 91.8344 91.8344 1.84741e-12 
2023 185.165 74.0658 64.8076 94.0339 94.0687 94.0954 94.2427 0.0792583 
2024 185.165 74.0658 64.8076 74.3011 74.4816 74.5857 75.2069 0.328381 
2025 185.165 74.0658 64.8076 61.3629 61.9813 62.2836 64.1119 1.00887 
2026 185.165 74.0658 64.8076 54.2536 55.8379 56.5314 60.7838 2.369 
2027 185.165 74.0658 64.8076 49.3852 52.9372 54.3743 63.5708 4.95978 
2028 185.165 74.0658 64.8076 45.9855 53.0599 55.2787 71.6676 8.78796 
2029 185.165 74.0658 64.8076 43.8353 55.5782 58.4945 82.4154 12.9292 
2030 185.165 74.0658 64.8076 42.9069 59.1949 62.4748 91.4017 16.1276 
2031 185.165 74.0658 64.8076 42.8551 62.8952 65.8323 98.2562 18.1158 
2032 185.165 74.0658 64.8076 44.2991 64.6316 68.0741 102.01 19.4362 
2033 185.165 74.0658 64.8076 44.7724 65.6798 69.3373 104.312 20.2528 
2034 185.165 74.0658 64.8076 44.215 65.6734 69.9205 108.231 20.4188 
2035 185.165 74.0658 64.8076 44.8941 65.6944 70.0699 109.451 20.1629 
2036 185.165 74.0658 64.8076 45.9398 65.148 69.9773 110.771 20.0129 

Fishing_mortalityprojection_data.dat
Year F0 Fabc Fofl LowCI_F Median_F Mean_F UpperCI_F Stdev_F 
2022  0 0.288462 0.361865 0.00458035 0.00458035 0.00458035 0.00458035 3.81639e-17 
2023  0 0.288462 0.361865 0.361864 0.361864 0.361864 0.361864 1.19397e-09 
2024  0 0.288462 0.361865 0.361864 0.361864 0.361864 0.361864 5.57927e-09 
2025  0 0.288462 0.361865 0.296535 0.299716 0.30127 0.310673 0.00518846 
2026  0 0.288462 0.361865 0.259973 0.268121 0.271638 0.293557 0.0117027 
2027  0 0.288462 0.361865 0.234936 0.253203 0.260364 0.30789 0.0237985 
2028  0 0.288462 0.361865 0.217451 0.253834 0.263563 0.349531 0.0382877 
2029  0 0.288462 0.361865 0.206393 0.266785 0.275417 0.361865 0.049074 
2030  0 0.288462 0.361865 0.201619 0.285386 0.288628 0.361865 0.054075 
2031  0 0.288462 0.361865 0.201352 0.304416 0.298526 0.361865 0.0547766 
2032  0 0.288462 0.361865 0.208779 0.313346 0.304684 0.361865 0.0541504 
2033  0 0.288462 0.361865 0.211213 0.318736 0.307879 0.361865 0.0532785 
2034  0 0.288462 0.361865 0.208346 0.318703 0.309255 0.361865 0.052593 
2035  0 0.288462 0.361865 0.211839 0.318812 0.309661 0.361865 0.0518841 
2036  0 0.288462 0.361865 0.217217 0.316001 0.309568 0.361865 0.0516066 

Total_Biomassprojection_data.dat
Year B100 Babc Bofl LowCI_Biom Median_Biom Mean_Biom UpperCI_Biom Stdev_Biom 
2022 541.724 344.697 326.032 292.385 292.385 292.385 292.385 2.89901e-12 
2023 541.724 344.697 326.032 288.639 296.444 302.433 335.489 17.7895 
2024 541.724 344.697 326.032 239.037 262.331 272.15 337.939 33.8685 
2025 541.724 344.697 326.032 205.563 248.629 260.78 354.174 50.5179 
2026 541.724 344.697 326.032 187.435 251.747 266.136 390.449 65.4059 
2027 541.724 344.697 326.032 180.274 263.597 279.226 421.636 79.2324 
2028 541.724 344.697 326.032 180.745 278.72 294.281 453.793 90.4957 
2029 541.724 344.697 326.032 182.54 291.583 308.273 475.081 97.2735 
2030 541.724 344.697 326.032 187.863 303.277 318.119 493.196 100.552 
2031 541.724 344.697 326.032 190.496 309.02 324.075 505.824 101.307 
2032 541.724 344.697 326.032 188.292 309.258 326.403 516.445 101.876 
2033 541.724 344.697 326.032 192.564 312.059 326.807 523.805 101.802 
2034 541.724 344.697 326.032 193.52 309.887 326.713 525.822 100.631 
2035 541.724 344.697 326.032 195.249 310.742 326.364 515.114 99.8617 
2036 541.724 344.697 326.032 199.653 310.7 326.567 508.015 98.6703 
Alternative 7 Alternative  Stock: projection_data.dat
Catch projection_data.dat
Year C0 Cabc Cofl LowCI_Catch Median_Catch Mean_Catch UpperCI_Catch Stdev_Catch 
2022  0 33.6231 36.5579 0.687 0.687 0.687 0.687 2.9976e-15 
2023  0 33.6231 36.5579 39.472 39.4833 39.492 39.5398 0.0257486 
2024  0 33.6231 36.5579 32.8397 32.9104 32.9517 33.1918 0.131988 
2025  0 33.6231 36.5579 31.5028 32.09 32.3912 34.2227 0.978549 
2026  0 33.6231 36.5579 22.9318 24.2919 24.9516 28.902 2.18991 
2027  0 33.6231 36.5579 18.1543 20.9779 22.3613 30.819 4.4317 
2028  0 33.6231 36.5579 15.2631 20.6445 22.857 39.0599 7.43701 
2029  0 33.6231 36.5579 13.6574 22.5168 25.2844 44.7544 10.2293 
2030  0 33.6231 36.5579 13.1232 25.4536 28.2091 50.019 12.0748 
2031  0 33.6231 36.5579 13.0628 28.5637 30.519 52.6607 13.0391 
2032  0 33.6231 36.5579 14.0001 29.9927 31.9482 54.4753 13.5805 
2033  0 33.6231 36.5579 14.1849 30.7772 32.6694 54.8526 13.8339 
2034  0 33.6231 36.5579 13.8893 30.8887 32.9423 56.8452 13.8134 
2035  0 33.6231 36.5579 14.2171 30.8028 32.9499 58.02 13.6482 
2036  0 33.6231 36.5579 14.8451 30.2328 32.8369 59.378 13.6133 

Spawning_Biomass projection_data.dat
Year SSB100 SSBabc SSBofl LowCI_SSB Median_SSB Mean_SSB UpperCI_SSB Stdev_SSB 
2022 185.165 74.0658 64.8076 91.8344 91.8344 91.8344 91.8344 1.84741e-12 
2023 185.165 74.0658 64.8076 94.0339 94.0687 94.0954 94.2427 0.0792583 
2024 185.165 74.0658 64.8076 78.2903 78.4708 78.575 79.1964 0.328459 
2025 185.165 74.0658 64.8076 67.2782 67.8973 68.1997 70.03 1.00985 
2026 185.165 74.0658 64.8076 57.2447 58.8199 59.511 63.7386 2.36838 
2027 185.165 74.0658 64.8076 50.9364 54.4725 55.9002 65.0562 4.94812 
2028 185.165 74.0658 64.8076 46.7813 53.824 56.0282 72.3554 8.7659 
2029 185.165 74.0658 64.8076 44.2212 55.8873 58.8268 82.6356 12.9053 
2030 185.165 74.0658 64.8076 43.0974 59.3069 62.5922 91.4954 16.1074 
2031 185.165 74.0658 64.8076 42.9185 62.9096 65.852 98.3619 18.1018 
2032 185.165 74.0658 64.8076 44.3196 64.6157 68.0588 101.992 19.4272 
2033 185.165 74.0658 64.8076 44.7564 65.65 69.3156 104.28 20.2471 
2034 185.165 74.0658 64.8076 44.2001 65.6611 69.9028 108.206 20.4152 
2035 185.165 74.0658 64.8076 44.8848 65.6865 70.0581 109.442 20.1605 
2036 185.165 74.0658 64.8076 45.9349 65.1441 69.9704 110.766 20.0114 

Fishing_mortalityprojection_data.dat
Year F0 Fabc Fofl LowCI_F Median_F Mean_F UpperCI_F Stdev_F 
2022  0 0.288462 0.361865 0.00458035 0.00458035 0.00458035 0.00458035 3.81639e-17 
2023  0 0.288462 0.361865 0.288462 0.288462 0.288462 0.288462 6.03653e-10 
2024  0 0.288462 0.361865 0.288462 0.288462 0.288462 0.288462 2.67141e-09 
2025  0 0.288462 0.361865 0.326957 0.330141 0.331666 0.341109 0.00492152 
2026  0 0.288462 0.361865 0.275356 0.283457 0.286941 0.308753 0.0115286 
2027  0 0.288462 0.361865 0.242913 0.261099 0.268151 0.31553 0.0234396 
2028  0 0.288462 0.361865 0.221544 0.257764 0.267266 0.353069 0.0377263 
2029  0 0.288462 0.361865 0.208378 0.268375 0.276976 0.361865 0.048614 
2030  0 0.288462 0.361865 0.202599 0.285962 0.289152 0.361865 0.0537947 
2031  0 0.288462 0.361865 0.201678 0.30449 0.298629 0.361865 0.0546613 
2032  0 0.288462 0.361865 0.208884 0.313264 0.304647 0.361865 0.0541272 
2033  0 0.288462 0.361865 0.211131 0.318583 0.307815 0.361865 0.0532914 
2034  0 0.288462 0.361865 0.20827 0.318641 0.309203 0.361865 0.0526134 
2035  0 0.288462 0.361865 0.211791 0.318771 0.309626 0.361865 0.0518993 
2036  0 0.288462 0.361865 0.217191 0.315982 0.309547 0.361865 0.0516163 

Total_Biomassprojection_data.dat
Year B100 Babc Bofl LowCI_Biom Median_Biom Mean_Biom UpperCI_Biom Stdev_Biom 
2022 541.724 344.697 326.032 292.385 292.385 292.385 292.385 2.89901e-12 
2023 541.724 344.697 326.032 288.639 296.444 302.433 335.489 17.7895 
2024 541.724 344.697 326.032 247.193 270.495 280.314 346.125 33.8773 
2025 541.724 344.697 326.032 217.601 260.691 272.872 366.261 50.5653 
2026 541.724 344.697 326.032 193.06 257.348 271.738 396.01 65.4131 
2027 541.724 344.697 326.032 182.901 266.188 281.785 424.104 79.18 
2028 541.724 344.697 326.032 182.005 279.781 295.334 454.433 90.4076 
2029 541.724 344.697 326.032 183.061 291.997 308.604 475.297 97.195 
2030 541.724 344.697 326.032 187.94 303.294 318.142 493.222 100.499 
2031 541.724 344.697 326.032 190.524 308.94 324 505.685 101.277 
2032 541.724 344.697 326.032 188.259 309.185 326.319 516.376 101.86 
2033 541.724 344.697 326.032 192.517 312.04 326.744 523.759 101.794 
2034 541.724 344.697 326.032 193.49 309.85 326.673 525.761 100.627 
2035 541.724 344.697 326.032 195.229 310.714 326.341 515.104 99.859 
2036 541.724 344.697 326.032 199.642 310.697 326.555 508.002 98.669 
