projection_data.dat 1 2022 Cabc 33.6231
projection_data.dat 1 2022 Cofl 36.5579
projection_data.dat 1 2022 CLCI 0.687
projection_data.dat 1 2022 CUCI 0.687
projection_data.dat 1 2022 CMedian 0.687
projection_data.dat 1 2022 CMean 0.687
projection_data.dat 1 2022 CStdn 2.9976e-15
projection_data.dat 1 2023 Cabc 33.6231
projection_data.dat 1 2023 Cofl 36.5579
projection_data.dat 1 2023 CLCI 1.90797
projection_data.dat 1 2023 CUCI 1.90797
projection_data.dat 1 2023 CMedian 1.90797
projection_data.dat 1 2023 CMean 1.90797
projection_data.dat 1 2023 CStdn 1.94398e-09
projection_data.dat 1 2024 Cabc 33.6231
projection_data.dat 1 2024 Cofl 36.5579
projection_data.dat 1 2024 CLCI 1.90797
projection_data.dat 1 2024 CUCI 1.90797
projection_data.dat 1 2024 CMedian 1.90797
projection_data.dat 1 2024 CMean 1.90797
projection_data.dat 1 2024 CStdn 8.76074e-08
projection_data.dat 1 2025 Cabc 33.6231
projection_data.dat 1 2025 Cofl 36.5579
projection_data.dat 1 2025 CLCI 40.815
projection_data.dat 1 2025 CUCI 42.1156
projection_data.dat 1 2025 CMedian 41.0942
projection_data.dat 1 2025 CMean 41.2381
projection_data.dat 1 2025 CStdn 0.475226
projection_data.dat 1 2026 Cabc 33.6231
projection_data.dat 1 2026 Cofl 36.5579
projection_data.dat 1 2026 CLCI 33.2852
projection_data.dat 1 2026 CUCI 36.8333
projection_data.dat 1 2026 CMedian 34.1152
projection_data.dat 1 2026 CMean 34.4917
projection_data.dat 1 2026 CStdn 1.28663
projection_data.dat 1 2027 Cabc 33.6231
projection_data.dat 1 2027 Cofl 36.5579
projection_data.dat 1 2027 CLCI 24.4914
projection_data.dat 1 2027 CUCI 35.141
projection_data.dat 1 2027 CMedian 27.6728
projection_data.dat 1 2027 CMean 28.6972
projection_data.dat 1 2027 CStdn 3.63701
projection_data.dat 1 2028 Cabc 33.6231
projection_data.dat 1 2028 Cofl 36.5579
projection_data.dat 1 2028 CLCI 18.1089
projection_data.dat 1 2028 CUCI 37.1065
projection_data.dat 1 2028 CMedian 23.3985
projection_data.dat 1 2028 CMean 25.1766
projection_data.dat 1 2028 CStdn 6.29734
projection_data.dat 1 2029 Cabc 33.6231
projection_data.dat 1 2029 Cofl 36.5579
projection_data.dat 1 2029 CLCI 14.831
projection_data.dat 1 2029 CUCI 40.9003
projection_data.dat 1 2029 CMedian 23.0829
projection_data.dat 1 2029 CMean 25.1323
projection_data.dat 1 2029 CStdn 8.59784
projection_data.dat 1 2030 Cabc 33.6231
projection_data.dat 1 2030 Cofl 36.5579
projection_data.dat 1 2030 CLCI 13.3564
projection_data.dat 1 2030 CUCI 44.6334
projection_data.dat 1 2030 CMedian 24.5921
projection_data.dat 1 2030 CMean 26.5866
projection_data.dat 1 2030 CStdn 10.2532
projection_data.dat 1 2031 Cabc 33.6231
projection_data.dat 1 2031 Cofl 36.5579
projection_data.dat 1 2031 CLCI 12.7758
projection_data.dat 1 2031 CUCI 47.103
projection_data.dat 1 2031 CMedian 26.9756
projection_data.dat 1 2031 CMean 28.2119
projection_data.dat 1 2031 CStdn 11.2356
projection_data.dat 1 2032 Cabc 33.6231
projection_data.dat 1 2032 Cofl 36.5579
projection_data.dat 1 2032 CLCI 13.2481
projection_data.dat 1 2032 CUCI 48.6909
projection_data.dat 1 2032 CMedian 28.3735
projection_data.dat 1 2032 CMean 29.4199
projection_data.dat 1 2032 CStdn 11.8044
projection_data.dat 1 2033 Cabc 33.6231
projection_data.dat 1 2033 Cofl 36.5579
projection_data.dat 1 2033 CLCI 13.4535
projection_data.dat 1 2033 CUCI 50.3878
projection_data.dat 1 2033 CMedian 29.7612
projection_data.dat 1 2033 CMean 30.1924
projection_data.dat 1 2033 CStdn 12.108
projection_data.dat 1 2034 Cabc 33.6231
projection_data.dat 1 2034 Cofl 36.5579
projection_data.dat 1 2034 CLCI 13.1612
projection_data.dat 1 2034 CUCI 51.9425
projection_data.dat 1 2034 CMedian 29.5927
projection_data.dat 1 2034 CMean 30.599
projection_data.dat 1 2034 CStdn 12.1509
projection_data.dat 1 2035 Cabc 33.6231
projection_data.dat 1 2035 Cofl 36.5579
projection_data.dat 1 2035 CLCI 13.4219
projection_data.dat 1 2035 CUCI 52.6859
projection_data.dat 1 2035 CMedian 30.0038
projection_data.dat 1 2035 CMean 30.7806
projection_data.dat 1 2035 CStdn 12.0418
projection_data.dat 1 2036 Cabc 33.6231
projection_data.dat 1 2036 Cofl 36.5579
projection_data.dat 1 2036 CLCI 14.1149
projection_data.dat 1 2036 CUCI 53.122
projection_data.dat 1 2036 CMedian 29.5841
projection_data.dat 1 2036 CMean 30.7768
projection_data.dat 1 2036 CStdn 11.9809
projection_data.dat 1 2022 SSBF100 185.165
projection_data.dat 1 2022 SSBFabc 74.0658
projection_data.dat 1 2022 SSBFofl 64.8076
projection_data.dat 1 2022 SSBLCI 91.8344
projection_data.dat 1 2022 SSBUCI 91.8344
projection_data.dat 1 2022 SSBMedian 91.8344
projection_data.dat 1 2022 SSBMean 91.8344
projection_data.dat 1 2023 SSBF100 185.165
projection_data.dat 1 2023 SSBFabc 74.0658
projection_data.dat 1 2023 SSBFofl 64.8076
projection_data.dat 1 2023 SSBLCI 94.0339
projection_data.dat 1 2023 SSBUCI 94.2427
projection_data.dat 1 2023 SSBMedian 94.0687
projection_data.dat 1 2023 SSBMean 94.0954
projection_data.dat 1 2024 SSBF100 185.165
projection_data.dat 1 2024 SSBFabc 74.0658
projection_data.dat 1 2024 SSBFofl 64.8076
projection_data.dat 1 2024 SSBLCI 95.8357
projection_data.dat 1 2024 SSBUCI 96.7441
projection_data.dat 1 2024 SSBMedian 96.0164
projection_data.dat 1 2024 SSBMean 96.121
projection_data.dat 1 2025 SSBF100 185.165
projection_data.dat 1 2025 SSBFabc 74.0658
projection_data.dat 1 2025 SSBFofl 64.8076
projection_data.dat 1 2025 SSBLCI 97.4421
projection_data.dat 1 2025 SSBUCI 100.212
projection_data.dat 1 2025 SSBMedian 98.0635
projection_data.dat 1 2025 SSBMean 98.3686
projection_data.dat 1 2026 SSBF100 185.165
projection_data.dat 1 2026 SSBFabc 74.0658
projection_data.dat 1 2026 SSBFofl 64.8076
projection_data.dat 1 2026 SSBLCI 79.7804
projection_data.dat 1 2026 SSBUCI 86.8474
projection_data.dat 1 2026 SSBMedian 81.4816
projection_data.dat 1 2026 SSBMean 82.2332
projection_data.dat 1 2027 SSBF100 185.165
projection_data.dat 1 2027 SSBFabc 74.0658
projection_data.dat 1 2027 SSBFofl 64.8076
projection_data.dat 1 2027 SSBLCI 65.9108
projection_data.dat 1 2027 SSBUCI 81.3936
projection_data.dat 1 2027 SSBMedian 69.7837
projection_data.dat 1 2027 SSBMean 71.4086
projection_data.dat 1 2028 SSBF100 185.165
projection_data.dat 1 2028 SSBFabc 74.0658
projection_data.dat 1 2028 SSBFofl 64.8076
projection_data.dat 1 2028 SSBLCI 56.6665
projection_data.dat 1 2028 SSBUCI 83.866
projection_data.dat 1 2028 SSBMedian 63.8924
projection_data.dat 1 2028 SSBMean 66.4207
projection_data.dat 1 2029 SSBF100 185.165
projection_data.dat 1 2029 SSBFabc 74.0658
projection_data.dat 1 2029 SSBFofl 64.8076
projection_data.dat 1 2029 SSBLCI 51.2458
projection_data.dat 1 2029 SSBUCI 93.2235
projection_data.dat 1 2029 SSBMedian 63.1535
projection_data.dat 1 2029 SSBMean 66.4234
projection_data.dat 1 2030 SSBF100 185.165
projection_data.dat 1 2030 SSBFabc 74.0658
projection_data.dat 1 2030 SSBFofl 64.8076
projection_data.dat 1 2030 SSBLCI 48.3682
projection_data.dat 1 2030 SSBUCI 101.348
projection_data.dat 1 2030 SSBMedian 64.9489
projection_data.dat 1 2030 SSBMean 68.8678
projection_data.dat 1 2031 SSBF100 185.165
projection_data.dat 1 2031 SSBFabc 74.0658
projection_data.dat 1 2031 SSBFofl 64.8076
projection_data.dat 1 2031 SSBLCI 47.2608
projection_data.dat 1 2031 SSBUCI 107.087
projection_data.dat 1 2031 SSBMedian 67.9678
projection_data.dat 1 2031 SSBMean 71.766
projection_data.dat 1 2032 SSBF100 185.165
projection_data.dat 1 2032 SSBFabc 74.0658
projection_data.dat 1 2032 SSBFofl 64.8076
projection_data.dat 1 2032 SSBLCI 48.0987
projection_data.dat 1 2032 SSBUCI 111.777
projection_data.dat 1 2032 SSBMedian 69.7949
projection_data.dat 1 2032 SSBMean 74.1301
projection_data.dat 1 2033 SSBF100 185.165
projection_data.dat 1 2033 SSBFabc 74.0658
projection_data.dat 1 2033 SSBFofl 64.8076
projection_data.dat 1 2033 SSBLCI 48.3556
projection_data.dat 1 2033 SSBUCI 115.438
projection_data.dat 1 2033 SSBMedian 71.4838
projection_data.dat 1 2033 SSBMean 75.7536
projection_data.dat 1 2034 SSBF100 185.165
projection_data.dat 1 2034 SSBFabc 74.0658
projection_data.dat 1 2034 SSBFofl 64.8076
projection_data.dat 1 2034 SSBLCI 48.135
projection_data.dat 1 2034 SSBUCI 119.789
projection_data.dat 1 2034 SSBMedian 71.8874
projection_data.dat 1 2034 SSBMean 76.72
projection_data.dat 1 2035 SSBF100 185.165
projection_data.dat 1 2035 SSBFabc 74.0658
projection_data.dat 1 2035 SSBFofl 64.8076
projection_data.dat 1 2035 SSBLCI 48.5901
projection_data.dat 1 2035 SSBUCI 121.186
projection_data.dat 1 2035 SSBMedian 72.2495
projection_data.dat 1 2035 SSBMean 77.1863
projection_data.dat 1 2036 SSBF100 185.165
projection_data.dat 1 2036 SSBFabc 74.0658
projection_data.dat 1 2036 SSBFofl 64.8076
projection_data.dat 1 2036 SSBLCI 49.7988
projection_data.dat 1 2036 SSBUCI 122.925
projection_data.dat 1 2036 SSBMedian 71.7848
projection_data.dat 1 2036 SSBMean 77.3062
projection_data.dat 1 2022 F0 0 
projection_data.dat 1 2022 Fabc 0.288462
projection_data.dat 1 2022 Fofl 0.361865
projection_data.dat 1 2022  F_LCI 0.00458035
projection_data.dat 1 2022  F_UCI 0.00458035
projection_data.dat 1 2022  F_Median 0.00458035
projection_data.dat 1 2022  F_Mean 0.00458035
projection_data.dat 1 2023 F0 0 
projection_data.dat 1 2023 Fabc 0.288462
projection_data.dat 1 2023 Fofl 0.361865
projection_data.dat 1 2023  F_LCI 0.0124848
projection_data.dat 1 2023  F_UCI 0.0125043
projection_data.dat 1 2023  F_Median 0.012501
projection_data.dat 1 2023  F_Mean 0.0124986
projection_data.dat 1 2024 F0 0 
projection_data.dat 1 2024 Fabc 0.288462
projection_data.dat 1 2024 Fofl 0.361865
projection_data.dat 1 2024  F_LCI 0.0121903
projection_data.dat 1 2024  F_UCI 0.0122882
projection_data.dat 1 2024  F_Median 0.0122685
projection_data.dat 1 2024  F_Mean 0.0122573
projection_data.dat 1 2025 F0 0 
projection_data.dat 1 2025 Fabc 0.288462
projection_data.dat 1 2025 Fofl 0.361865
projection_data.dat 1 2025  F_LCI 0.288462
projection_data.dat 1 2025  F_UCI 0.288462
projection_data.dat 1 2025  F_Median 0.288462
projection_data.dat 1 2025  F_Mean 0.288462
projection_data.dat 1 2026 F0 0 
projection_data.dat 1 2026 Fabc 0.288462
projection_data.dat 1 2026 Fofl 0.361865
projection_data.dat 1 2026  F_LCI 0.288462
projection_data.dat 1 2026  F_UCI 0.288462
projection_data.dat 1 2026  F_Median 0.288462
projection_data.dat 1 2026  F_Mean 0.288462
projection_data.dat 1 2027 F0 0 
projection_data.dat 1 2027 Fabc 0.288462
projection_data.dat 1 2027 Fofl 0.361865
projection_data.dat 1 2027  F_LCI 0.255029
projection_data.dat 1 2027  F_UCI 0.288462
projection_data.dat 1 2027  F_Median 0.270907
projection_data.dat 1 2027  F_Mean 0.272766
projection_data.dat 1 2028 F0 0 
projection_data.dat 1 2028 Fabc 0.288462
projection_data.dat 1 2028 Fofl 0.361865
projection_data.dat 1 2028  F_LCI 0.217131
projection_data.dat 1 2028  F_UCI 0.288462
projection_data.dat 1 2028  F_Median 0.246755
projection_data.dat 1 2028  F_Mean 0.251102
projection_data.dat 1 2029 F0 0 
projection_data.dat 1 2029 Fabc 0.288462
projection_data.dat 1 2029 Fofl 0.361865
projection_data.dat 1 2029  F_LCI 0.194908
projection_data.dat 1 2029  F_UCI 0.288462
projection_data.dat 1 2029  F_Median 0.243725
projection_data.dat 1 2029  F_Mean 0.245697
projection_data.dat 1 2030 F0 0 
projection_data.dat 1 2030 Fabc 0.288462
projection_data.dat 1 2030 Fofl 0.361865
projection_data.dat 1 2030  F_LCI 0.183111
projection_data.dat 1 2030  F_UCI 0.288462
projection_data.dat 1 2030  F_Median 0.251086
projection_data.dat 1 2030  F_Mean 0.247937
projection_data.dat 1 2031 F0 0 
projection_data.dat 1 2031 Fabc 0.288462
projection_data.dat 1 2031 Fofl 0.361865
projection_data.dat 1 2031  F_LCI 0.178571
projection_data.dat 1 2031  F_UCI 0.288462
projection_data.dat 1 2031  F_Median 0.263462
projection_data.dat 1 2031  F_Mean 0.25203
projection_data.dat 1 2032 F0 0 
projection_data.dat 1 2032 Fabc 0.288462
projection_data.dat 1 2032 Fofl 0.361865
projection_data.dat 1 2032  F_LCI 0.182006
projection_data.dat 1 2032  F_UCI 0.288462
projection_data.dat 1 2032  F_Median 0.270953
projection_data.dat 1 2032  F_Mean 0.255352
projection_data.dat 1 2033 F0 0 
projection_data.dat 1 2033 Fabc 0.288462
projection_data.dat 1 2033 Fofl 0.361865
projection_data.dat 1 2033  F_LCI 0.183059
projection_data.dat 1 2033  F_UCI 0.288462
projection_data.dat 1 2033  F_Median 0.277877
projection_data.dat 1 2033  F_Mean 0.257718
projection_data.dat 1 2034 F0 0 
projection_data.dat 1 2034 Fabc 0.288462
projection_data.dat 1 2034 Fofl 0.361865
projection_data.dat 1 2034  F_LCI 0.182155
projection_data.dat 1 2034  F_UCI 0.288462
projection_data.dat 1 2034  F_Median 0.279531
projection_data.dat 1 2034  F_Mean 0.25903
projection_data.dat 1 2035 F0 0 
projection_data.dat 1 2035 Fabc 0.288462
projection_data.dat 1 2035 Fofl 0.361865
projection_data.dat 1 2035  F_LCI 0.18402
projection_data.dat 1 2035  F_UCI 0.288462
projection_data.dat 1 2035  F_Median 0.281016
projection_data.dat 1 2035  F_Mean 0.259928
projection_data.dat 1 2036 F0 0 
projection_data.dat 1 2036 Fabc 0.288462
projection_data.dat 1 2036 Fofl 0.361865
projection_data.dat 1 2036  F_LCI 0.188976
projection_data.dat 1 2036  F_UCI 0.288462
projection_data.dat 1 2036  F_Median 0.279111
projection_data.dat 1 2036  F_Mean 0.260111
projection_data.dat 2 2022 Cabc 33.6231
projection_data.dat 2 2022 Cofl 36.5579
projection_data.dat 2 2022 CLCI 0.687
projection_data.dat 2 2022 CUCI 0.687
projection_data.dat 2 2022 CMedian 0.687
projection_data.dat 2 2022 CMean 0.687
projection_data.dat 2 2022 CStdn 2.9976e-15
projection_data.dat 2 2023 Cabc 33.6231
projection_data.dat 2 2023 Cofl 36.5579
projection_data.dat 2 2023 CLCI 1.90797
projection_data.dat 2 2023 CUCI 1.90797
projection_data.dat 2 2023 CMedian 1.90797
projection_data.dat 2 2023 CMean 1.90797
projection_data.dat 2 2023 CStdn 1.94398e-09
projection_data.dat 2 2024 Cabc 33.6231
projection_data.dat 2 2024 Cofl 36.5579
projection_data.dat 2 2024 CLCI 1.90797
projection_data.dat 2 2024 CUCI 1.90797
projection_data.dat 2 2024 CMedian 1.90797
projection_data.dat 2 2024 CMean 1.90797
projection_data.dat 2 2024 CStdn 8.76074e-08
projection_data.dat 2 2025 Cabc 33.6231
projection_data.dat 2 2025 Cofl 36.5579
projection_data.dat 2 2025 CLCI 40.815
projection_data.dat 2 2025 CUCI 42.1156
projection_data.dat 2 2025 CMedian 41.0942
projection_data.dat 2 2025 CMean 41.2381
projection_data.dat 2 2025 CStdn 0.475226
projection_data.dat 2 2026 Cabc 33.6231
projection_data.dat 2 2026 Cofl 36.5579
projection_data.dat 2 2026 CLCI 33.2852
projection_data.dat 2 2026 CUCI 36.8333
projection_data.dat 2 2026 CMedian 34.1152
projection_data.dat 2 2026 CMean 34.4917
projection_data.dat 2 2026 CStdn 1.28663
projection_data.dat 2 2027 Cabc 33.6231
projection_data.dat 2 2027 Cofl 36.5579
projection_data.dat 2 2027 CLCI 24.4914
projection_data.dat 2 2027 CUCI 35.141
projection_data.dat 2 2027 CMedian 27.6728
projection_data.dat 2 2027 CMean 28.6972
projection_data.dat 2 2027 CStdn 3.63701
projection_data.dat 2 2028 Cabc 33.6231
projection_data.dat 2 2028 Cofl 36.5579
projection_data.dat 2 2028 CLCI 18.1089
projection_data.dat 2 2028 CUCI 37.1065
projection_data.dat 2 2028 CMedian 23.3985
projection_data.dat 2 2028 CMean 25.1766
projection_data.dat 2 2028 CStdn 6.29734
projection_data.dat 2 2029 Cabc 33.6231
projection_data.dat 2 2029 Cofl 36.5579
projection_data.dat 2 2029 CLCI 14.831
projection_data.dat 2 2029 CUCI 40.9003
projection_data.dat 2 2029 CMedian 23.0829
projection_data.dat 2 2029 CMean 25.1323
projection_data.dat 2 2029 CStdn 8.59784
projection_data.dat 2 2030 Cabc 33.6231
projection_data.dat 2 2030 Cofl 36.5579
projection_data.dat 2 2030 CLCI 13.3564
projection_data.dat 2 2030 CUCI 44.6334
projection_data.dat 2 2030 CMedian 24.5921
projection_data.dat 2 2030 CMean 26.5866
projection_data.dat 2 2030 CStdn 10.2532
projection_data.dat 2 2031 Cabc 33.6231
projection_data.dat 2 2031 Cofl 36.5579
projection_data.dat 2 2031 CLCI 12.7758
projection_data.dat 2 2031 CUCI 47.103
projection_data.dat 2 2031 CMedian 26.9756
projection_data.dat 2 2031 CMean 28.2119
projection_data.dat 2 2031 CStdn 11.2356
projection_data.dat 2 2032 Cabc 33.6231
projection_data.dat 2 2032 Cofl 36.5579
projection_data.dat 2 2032 CLCI 13.2481
projection_data.dat 2 2032 CUCI 48.6909
projection_data.dat 2 2032 CMedian 28.3735
projection_data.dat 2 2032 CMean 29.4199
projection_data.dat 2 2032 CStdn 11.8044
projection_data.dat 2 2033 Cabc 33.6231
projection_data.dat 2 2033 Cofl 36.5579
projection_data.dat 2 2033 CLCI 13.4535
projection_data.dat 2 2033 CUCI 50.3878
projection_data.dat 2 2033 CMedian 29.7612
projection_data.dat 2 2033 CMean 30.1924
projection_data.dat 2 2033 CStdn 12.108
projection_data.dat 2 2034 Cabc 33.6231
projection_data.dat 2 2034 Cofl 36.5579
projection_data.dat 2 2034 CLCI 13.1612
projection_data.dat 2 2034 CUCI 51.9425
projection_data.dat 2 2034 CMedian 29.5927
projection_data.dat 2 2034 CMean 30.599
projection_data.dat 2 2034 CStdn 12.1509
projection_data.dat 2 2035 Cabc 33.6231
projection_data.dat 2 2035 Cofl 36.5579
projection_data.dat 2 2035 CLCI 13.4219
projection_data.dat 2 2035 CUCI 52.6859
projection_data.dat 2 2035 CMedian 30.0038
projection_data.dat 2 2035 CMean 30.7806
projection_data.dat 2 2035 CStdn 12.0418
projection_data.dat 2 2036 Cabc 33.6231
projection_data.dat 2 2036 Cofl 36.5579
projection_data.dat 2 2036 CLCI 14.1149
projection_data.dat 2 2036 CUCI 53.122
projection_data.dat 2 2036 CMedian 29.5841
projection_data.dat 2 2036 CMean 30.7768
projection_data.dat 2 2036 CStdn 11.9809
projection_data.dat 2 2022 SSBF100 185.165
projection_data.dat 2 2022 SSBFabc 74.0658
projection_data.dat 2 2022 SSBFofl 64.8076
projection_data.dat 2 2022 SSBLCI 91.8344
projection_data.dat 2 2022 SSBUCI 91.8344
projection_data.dat 2 2022 SSBMedian 91.8344
projection_data.dat 2 2022 SSBMean 91.8344
projection_data.dat 2 2023 SSBF100 185.165
projection_data.dat 2 2023 SSBFabc 74.0658
projection_data.dat 2 2023 SSBFofl 64.8076
projection_data.dat 2 2023 SSBLCI 94.0339
projection_data.dat 2 2023 SSBUCI 94.2427
projection_data.dat 2 2023 SSBMedian 94.0687
projection_data.dat 2 2023 SSBMean 94.0954
projection_data.dat 2 2024 SSBF100 185.165
projection_data.dat 2 2024 SSBFabc 74.0658
projection_data.dat 2 2024 SSBFofl 64.8076
projection_data.dat 2 2024 SSBLCI 95.8357
projection_data.dat 2 2024 SSBUCI 96.7441
projection_data.dat 2 2024 SSBMedian 96.0164
projection_data.dat 2 2024 SSBMean 96.121
projection_data.dat 2 2025 SSBF100 185.165
projection_data.dat 2 2025 SSBFabc 74.0658
projection_data.dat 2 2025 SSBFofl 64.8076
projection_data.dat 2 2025 SSBLCI 97.4421
projection_data.dat 2 2025 SSBUCI 100.212
projection_data.dat 2 2025 SSBMedian 98.0635
projection_data.dat 2 2025 SSBMean 98.3686
projection_data.dat 2 2026 SSBF100 185.165
projection_data.dat 2 2026 SSBFabc 74.0658
projection_data.dat 2 2026 SSBFofl 64.8076
projection_data.dat 2 2026 SSBLCI 79.7804
projection_data.dat 2 2026 SSBUCI 86.8474
projection_data.dat 2 2026 SSBMedian 81.4816
projection_data.dat 2 2026 SSBMean 82.2332
projection_data.dat 2 2027 SSBF100 185.165
projection_data.dat 2 2027 SSBFabc 74.0658
projection_data.dat 2 2027 SSBFofl 64.8076
projection_data.dat 2 2027 SSBLCI 65.9108
projection_data.dat 2 2027 SSBUCI 81.3936
projection_data.dat 2 2027 SSBMedian 69.7837
projection_data.dat 2 2027 SSBMean 71.4086
projection_data.dat 2 2028 SSBF100 185.165
projection_data.dat 2 2028 SSBFabc 74.0658
projection_data.dat 2 2028 SSBFofl 64.8076
projection_data.dat 2 2028 SSBLCI 56.6665
projection_data.dat 2 2028 SSBUCI 83.866
projection_data.dat 2 2028 SSBMedian 63.8924
projection_data.dat 2 2028 SSBMean 66.4207
projection_data.dat 2 2029 SSBF100 185.165
projection_data.dat 2 2029 SSBFabc 74.0658
projection_data.dat 2 2029 SSBFofl 64.8076
projection_data.dat 2 2029 SSBLCI 51.2458
projection_data.dat 2 2029 SSBUCI 93.2235
projection_data.dat 2 2029 SSBMedian 63.1535
projection_data.dat 2 2029 SSBMean 66.4234
projection_data.dat 2 2030 SSBF100 185.165
projection_data.dat 2 2030 SSBFabc 74.0658
projection_data.dat 2 2030 SSBFofl 64.8076
projection_data.dat 2 2030 SSBLCI 48.3682
projection_data.dat 2 2030 SSBUCI 101.348
projection_data.dat 2 2030 SSBMedian 64.9489
projection_data.dat 2 2030 SSBMean 68.8678
projection_data.dat 2 2031 SSBF100 185.165
projection_data.dat 2 2031 SSBFabc 74.0658
projection_data.dat 2 2031 SSBFofl 64.8076
projection_data.dat 2 2031 SSBLCI 47.2608
projection_data.dat 2 2031 SSBUCI 107.087
projection_data.dat 2 2031 SSBMedian 67.9678
projection_data.dat 2 2031 SSBMean 71.766
projection_data.dat 2 2032 SSBF100 185.165
projection_data.dat 2 2032 SSBFabc 74.0658
projection_data.dat 2 2032 SSBFofl 64.8076
projection_data.dat 2 2032 SSBLCI 48.0987
projection_data.dat 2 2032 SSBUCI 111.777
projection_data.dat 2 2032 SSBMedian 69.7949
projection_data.dat 2 2032 SSBMean 74.1301
projection_data.dat 2 2033 SSBF100 185.165
projection_data.dat 2 2033 SSBFabc 74.0658
projection_data.dat 2 2033 SSBFofl 64.8076
projection_data.dat 2 2033 SSBLCI 48.3556
projection_data.dat 2 2033 SSBUCI 115.438
projection_data.dat 2 2033 SSBMedian 71.4838
projection_data.dat 2 2033 SSBMean 75.7536
projection_data.dat 2 2034 SSBF100 185.165
projection_data.dat 2 2034 SSBFabc 74.0658
projection_data.dat 2 2034 SSBFofl 64.8076
projection_data.dat 2 2034 SSBLCI 48.135
projection_data.dat 2 2034 SSBUCI 119.789
projection_data.dat 2 2034 SSBMedian 71.8874
projection_data.dat 2 2034 SSBMean 76.72
projection_data.dat 2 2035 SSBF100 185.165
projection_data.dat 2 2035 SSBFabc 74.0658
projection_data.dat 2 2035 SSBFofl 64.8076
projection_data.dat 2 2035 SSBLCI 48.5901
projection_data.dat 2 2035 SSBUCI 121.186
projection_data.dat 2 2035 SSBMedian 72.2495
projection_data.dat 2 2035 SSBMean 77.1863
projection_data.dat 2 2036 SSBF100 185.165
projection_data.dat 2 2036 SSBFabc 74.0658
projection_data.dat 2 2036 SSBFofl 64.8076
projection_data.dat 2 2036 SSBLCI 49.7988
projection_data.dat 2 2036 SSBUCI 122.925
projection_data.dat 2 2036 SSBMedian 71.7848
projection_data.dat 2 2036 SSBMean 77.3062
projection_data.dat 2 2022 F0 0 
projection_data.dat 2 2022 Fabc 0.288462
projection_data.dat 2 2022 Fofl 0.361865
projection_data.dat 2 2022  F_LCI 0.00458035
projection_data.dat 2 2022  F_UCI 0.00458035
projection_data.dat 2 2022  F_Median 0.00458035
projection_data.dat 2 2022  F_Mean 0.00458035
projection_data.dat 2 2023 F0 0 
projection_data.dat 2 2023 Fabc 0.288462
projection_data.dat 2 2023 Fofl 0.361865
projection_data.dat 2 2023  F_LCI 0.0124848
projection_data.dat 2 2023  F_UCI 0.0125043
projection_data.dat 2 2023  F_Median 0.012501
projection_data.dat 2 2023  F_Mean 0.0124986
projection_data.dat 2 2024 F0 0 
projection_data.dat 2 2024 Fabc 0.288462
projection_data.dat 2 2024 Fofl 0.361865
projection_data.dat 2 2024  F_LCI 0.0121903
projection_data.dat 2 2024  F_UCI 0.0122882
projection_data.dat 2 2024  F_Median 0.0122685
projection_data.dat 2 2024  F_Mean 0.0122573
projection_data.dat 2 2025 F0 0 
projection_data.dat 2 2025 Fabc 0.288462
projection_data.dat 2 2025 Fofl 0.361865
projection_data.dat 2 2025  F_LCI 0.288462
projection_data.dat 2 2025  F_UCI 0.288462
projection_data.dat 2 2025  F_Median 0.288462
projection_data.dat 2 2025  F_Mean 0.288462
projection_data.dat 2 2026 F0 0 
projection_data.dat 2 2026 Fabc 0.288462
projection_data.dat 2 2026 Fofl 0.361865
projection_data.dat 2 2026  F_LCI 0.288462
projection_data.dat 2 2026  F_UCI 0.288462
projection_data.dat 2 2026  F_Median 0.288462
projection_data.dat 2 2026  F_Mean 0.288462
projection_data.dat 2 2027 F0 0 
projection_data.dat 2 2027 Fabc 0.288462
projection_data.dat 2 2027 Fofl 0.361865
projection_data.dat 2 2027  F_LCI 0.255029
projection_data.dat 2 2027  F_UCI 0.288462
projection_data.dat 2 2027  F_Median 0.270907
projection_data.dat 2 2027  F_Mean 0.272766
projection_data.dat 2 2028 F0 0 
projection_data.dat 2 2028 Fabc 0.288462
projection_data.dat 2 2028 Fofl 0.361865
projection_data.dat 2 2028  F_LCI 0.217131
projection_data.dat 2 2028  F_UCI 0.288462
projection_data.dat 2 2028  F_Median 0.246755
projection_data.dat 2 2028  F_Mean 0.251102
projection_data.dat 2 2029 F0 0 
projection_data.dat 2 2029 Fabc 0.288462
projection_data.dat 2 2029 Fofl 0.361865
projection_data.dat 2 2029  F_LCI 0.194908
projection_data.dat 2 2029  F_UCI 0.288462
projection_data.dat 2 2029  F_Median 0.243725
projection_data.dat 2 2029  F_Mean 0.245697
projection_data.dat 2 2030 F0 0 
projection_data.dat 2 2030 Fabc 0.288462
projection_data.dat 2 2030 Fofl 0.361865
projection_data.dat 2 2030  F_LCI 0.183111
projection_data.dat 2 2030  F_UCI 0.288462
projection_data.dat 2 2030  F_Median 0.251086
projection_data.dat 2 2030  F_Mean 0.247937
projection_data.dat 2 2031 F0 0 
projection_data.dat 2 2031 Fabc 0.288462
projection_data.dat 2 2031 Fofl 0.361865
projection_data.dat 2 2031  F_LCI 0.178571
projection_data.dat 2 2031  F_UCI 0.288462
projection_data.dat 2 2031  F_Median 0.263462
projection_data.dat 2 2031  F_Mean 0.25203
projection_data.dat 2 2032 F0 0 
projection_data.dat 2 2032 Fabc 0.288462
projection_data.dat 2 2032 Fofl 0.361865
projection_data.dat 2 2032  F_LCI 0.182006
projection_data.dat 2 2032  F_UCI 0.288462
projection_data.dat 2 2032  F_Median 0.270953
projection_data.dat 2 2032  F_Mean 0.255352
projection_data.dat 2 2033 F0 0 
projection_data.dat 2 2033 Fabc 0.288462
projection_data.dat 2 2033 Fofl 0.361865
projection_data.dat 2 2033  F_LCI 0.183059
projection_data.dat 2 2033  F_UCI 0.288462
projection_data.dat 2 2033  F_Median 0.277877
projection_data.dat 2 2033  F_Mean 0.257718
projection_data.dat 2 2034 F0 0 
projection_data.dat 2 2034 Fabc 0.288462
projection_data.dat 2 2034 Fofl 0.361865
projection_data.dat 2 2034  F_LCI 0.182155
projection_data.dat 2 2034  F_UCI 0.288462
projection_data.dat 2 2034  F_Median 0.279531
projection_data.dat 2 2034  F_Mean 0.25903
projection_data.dat 2 2035 F0 0 
projection_data.dat 2 2035 Fabc 0.288462
projection_data.dat 2 2035 Fofl 0.361865
projection_data.dat 2 2035  F_LCI 0.18402
projection_data.dat 2 2035  F_UCI 0.288462
projection_data.dat 2 2035  F_Median 0.281016
projection_data.dat 2 2035  F_Mean 0.259928
projection_data.dat 2 2036 F0 0 
projection_data.dat 2 2036 Fabc 0.288462
projection_data.dat 2 2036 Fofl 0.361865
projection_data.dat 2 2036  F_LCI 0.188976
projection_data.dat 2 2036  F_UCI 0.288462
projection_data.dat 2 2036  F_Median 0.279111
projection_data.dat 2 2036  F_Mean 0.260111
projection_data.dat 3 2022 Cabc 33.6231
projection_data.dat 3 2022 Cofl 36.5579
projection_data.dat 3 2022 CLCI 0.687
projection_data.dat 3 2022 CUCI 0.687
projection_data.dat 3 2022 CMedian 0.687
projection_data.dat 3 2022 CMean 0.687
projection_data.dat 3 2022 CStdn 2.9976e-15
projection_data.dat 3 2023 Cabc 33.6231
projection_data.dat 3 2023 Cofl 36.5579
projection_data.dat 3 2023 CLCI 1.90797
projection_data.dat 3 2023 CUCI 1.90797
projection_data.dat 3 2023 CMedian 1.90797
projection_data.dat 3 2023 CMean 1.90797
projection_data.dat 3 2023 CStdn 1.94398e-09
projection_data.dat 3 2024 Cabc 33.6231
projection_data.dat 3 2024 Cofl 36.5579
projection_data.dat 3 2024 CLCI 1.90797
projection_data.dat 3 2024 CUCI 1.90797
projection_data.dat 3 2024 CMedian 1.90797
projection_data.dat 3 2024 CMean 1.90797
projection_data.dat 3 2024 CStdn 8.76074e-08
projection_data.dat 3 2025 Cabc 33.6231
projection_data.dat 3 2025 Cofl 36.5579
projection_data.dat 3 2025 CLCI 1.86111
projection_data.dat 3 2025 CUCI 1.91452
projection_data.dat 3 2025 CMedian 1.87256
projection_data.dat 3 2025 CMean 1.87849
projection_data.dat 3 2025 CStdn 0.0195299
projection_data.dat 3 2026 Cabc 33.6231
projection_data.dat 3 2026 Cofl 36.5579
projection_data.dat 3 2026 CLCI 1.87459
projection_data.dat 3 2026 CUCI 2.02305
projection_data.dat 3 2026 CMedian 1.90898
projection_data.dat 3 2026 CMean 1.92489
projection_data.dat 3 2026 CStdn 0.0538464
projection_data.dat 3 2027 Cabc 33.6231
projection_data.dat 3 2027 Cofl 36.5579
projection_data.dat 3 2027 CLCI 1.8579
projection_data.dat 3 2027 CUCI 2.19821
projection_data.dat 3 2027 CMedian 1.9406
projection_data.dat 3 2027 CMean 1.9761
projection_data.dat 3 2027 CStdn 0.119972
projection_data.dat 3 2028 Cabc 33.6231
projection_data.dat 3 2028 Cofl 36.5579
projection_data.dat 3 2028 CLCI 1.81608
projection_data.dat 3 2028 CUCI 2.45209
projection_data.dat 3 2028 CMedian 1.98834
projection_data.dat 3 2028 CMean 2.04851
projection_data.dat 3 2028 CStdn 0.222665
projection_data.dat 3 2029 Cabc 33.6231
projection_data.dat 3 2029 Cofl 36.5579
projection_data.dat 3 2029 CLCI 1.7731
projection_data.dat 3 2029 CUCI 2.85913
projection_data.dat 3 2029 CMedian 2.07583
projection_data.dat 3 2029 CMean 2.15997
projection_data.dat 3 2029 CStdn 0.352694
projection_data.dat 3 2030 Cabc 33.6231
projection_data.dat 3 2030 Cofl 36.5579
projection_data.dat 3 2030 CLCI 1.73247
projection_data.dat 3 2030 CUCI 3.25806
projection_data.dat 3 2030 CMedian 2.19871
projection_data.dat 3 2030 CMean 2.30796
projection_data.dat 3 2030 CStdn 0.488294
projection_data.dat 3 2031 Cabc 33.6231
projection_data.dat 3 2031 Cofl 36.5579
projection_data.dat 3 2031 CLCI 1.71866
projection_data.dat 3 2031 CUCI 3.57718
projection_data.dat 3 2031 CMedian 2.34472
projection_data.dat 3 2031 CMean 2.46758
projection_data.dat 3 2031 CStdn 0.606438
projection_data.dat 3 2032 Cabc 33.6231
projection_data.dat 3 2032 Cofl 36.5579
projection_data.dat 3 2032 CLCI 1.73764
projection_data.dat 3 2032 CUCI 3.83009
projection_data.dat 3 2032 CMedian 2.4945
projection_data.dat 3 2032 CMean 2.61521
projection_data.dat 3 2032 CStdn 0.697235
projection_data.dat 3 2033 Cabc 33.6231
projection_data.dat 3 2033 Cofl 36.5579
projection_data.dat 3 2033 CLCI 1.76893
projection_data.dat 3 2033 CUCI 4.04934
projection_data.dat 3 2033 CMedian 2.60527
projection_data.dat 3 2033 CMean 2.74244
projection_data.dat 3 2033 CStdn 0.764864
projection_data.dat 3 2034 Cabc 33.6231
projection_data.dat 3 2034 Cofl 36.5579
projection_data.dat 3 2034 CLCI 1.78862
projection_data.dat 3 2034 CUCI 4.24924
projection_data.dat 3 2034 CMedian 2.71453
projection_data.dat 3 2034 CMean 2.8489
projection_data.dat 3 2034 CStdn 0.812251
projection_data.dat 3 2035 Cabc 33.6231
projection_data.dat 3 2035 Cofl 36.5579
projection_data.dat 3 2035 CLCI 1.78516
projection_data.dat 3 2035 CUCI 4.43642
projection_data.dat 3 2035 CMedian 2.82219
projection_data.dat 3 2035 CMean 2.93566
projection_data.dat 3 2035 CStdn 0.839568
projection_data.dat 3 2036 Cabc 33.6231
projection_data.dat 3 2036 Cofl 36.5579
projection_data.dat 3 2036 CLCI 1.83572
projection_data.dat 3 2036 CUCI 4.57689
projection_data.dat 3 2036 CMedian 2.87659
projection_data.dat 3 2036 CMean 3.00482
projection_data.dat 3 2036 CStdn 0.852928
projection_data.dat 3 2022 SSBF100 185.165
projection_data.dat 3 2022 SSBFabc 74.0658
projection_data.dat 3 2022 SSBFofl 64.8076
projection_data.dat 3 2022 SSBLCI 91.8344
projection_data.dat 3 2022 SSBUCI 91.8344
projection_data.dat 3 2022 SSBMedian 91.8344
projection_data.dat 3 2022 SSBMean 91.8344
projection_data.dat 3 2023 SSBF100 185.165
projection_data.dat 3 2023 SSBFabc 74.0658
projection_data.dat 3 2023 SSBFofl 64.8076
projection_data.dat 3 2023 SSBLCI 94.0339
projection_data.dat 3 2023 SSBUCI 94.2427
projection_data.dat 3 2023 SSBMedian 94.0687
projection_data.dat 3 2023 SSBMean 94.0954
projection_data.dat 3 2024 SSBF100 185.165
projection_data.dat 3 2024 SSBFabc 74.0658
projection_data.dat 3 2024 SSBFofl 64.8076
projection_data.dat 3 2024 SSBLCI 95.8357
projection_data.dat 3 2024 SSBUCI 96.7441
projection_data.dat 3 2024 SSBMedian 96.0164
projection_data.dat 3 2024 SSBMean 96.121
projection_data.dat 3 2025 SSBF100 185.165
projection_data.dat 3 2025 SSBFabc 74.0658
projection_data.dat 3 2025 SSBFofl 64.8076
projection_data.dat 3 2025 SSBLCI 97.4421
projection_data.dat 3 2025 SSBUCI 100.212
projection_data.dat 3 2025 SSBMedian 98.0635
projection_data.dat 3 2025 SSBMean 98.3686
projection_data.dat 3 2026 SSBF100 185.165
projection_data.dat 3 2026 SSBFabc 74.0658
projection_data.dat 3 2026 SSBFofl 64.8076
projection_data.dat 3 2026 SSBLCI 98.1061
projection_data.dat 3 2026 SSBUCI 105.23
projection_data.dat 3 2026 SSBMedian 99.8138
projection_data.dat 3 2026 SSBMean 100.575
projection_data.dat 3 2027 SSBF100 185.165
projection_data.dat 3 2027 SSBFabc 74.0658
projection_data.dat 3 2027 SSBFofl 64.8076
projection_data.dat 3 2027 SSBLCI 97.4743
projection_data.dat 3 2027 SSBUCI 113.412
projection_data.dat 3 2027 SSBMedian 101.391
projection_data.dat 3 2027 SSBMean 103.091
projection_data.dat 3 2028 SSBF100 185.165
projection_data.dat 3 2028 SSBFabc 74.0658
projection_data.dat 3 2028 SSBFofl 64.8076
projection_data.dat 3 2028 SSBLCI 95.8645
projection_data.dat 3 2028 SSBUCI 125.981
projection_data.dat 3 2028 SSBMedian 104.026
projection_data.dat 3 2028 SSBMean 106.884
projection_data.dat 3 2029 SSBF100 185.165
projection_data.dat 3 2029 SSBFabc 74.0658
projection_data.dat 3 2029 SSBFofl 64.8076
projection_data.dat 3 2029 SSBLCI 94.0409
projection_data.dat 3 2029 SSBUCI 145.808
projection_data.dat 3 2029 SSBMedian 108.412
projection_data.dat 3 2029 SSBMean 112.508
projection_data.dat 3 2030 SSBF100 185.165
projection_data.dat 3 2030 SSBFabc 74.0658
projection_data.dat 3 2030 SSBFofl 64.8076
projection_data.dat 3 2030 SSBLCI 92.2074
projection_data.dat 3 2030 SSBUCI 164.939
projection_data.dat 3 2030 SSBMedian 114.292
projection_data.dat 3 2030 SSBMean 119.58
projection_data.dat 3 2031 SSBF100 185.165
projection_data.dat 3 2031 SSBFabc 74.0658
projection_data.dat 3 2031 SSBFofl 64.8076
projection_data.dat 3 2031 SSBLCI 91.4516
projection_data.dat 3 2031 SSBUCI 180.641
projection_data.dat 3 2031 SSBMedian 121.15
projection_data.dat 3 2031 SSBMean 127.219
projection_data.dat 3 2032 SSBF100 185.165
projection_data.dat 3 2032 SSBFabc 74.0658
projection_data.dat 3 2032 SSBFofl 64.8076
projection_data.dat 3 2032 SSBLCI 91.9812
projection_data.dat 3 2032 SSBUCI 193.668
projection_data.dat 3 2032 SSBMedian 128.896
projection_data.dat 3 2032 SSBMean 134.649
projection_data.dat 3 2033 SSBF100 185.165
projection_data.dat 3 2033 SSBFabc 74.0658
projection_data.dat 3 2033 SSBFofl 64.8076
projection_data.dat 3 2033 SSBLCI 93.6032
projection_data.dat 3 2033 SSBUCI 206.1
projection_data.dat 3 2033 SSBMedian 134.796
projection_data.dat 3 2033 SSBMean 141.403
projection_data.dat 3 2034 SSBF100 185.165
projection_data.dat 3 2034 SSBFabc 74.0658
projection_data.dat 3 2034 SSBFofl 64.8076
projection_data.dat 3 2034 SSBLCI 94.1847
projection_data.dat 3 2034 SSBUCI 216.319
projection_data.dat 3 2034 SSBMedian 140.673
projection_data.dat 3 2034 SSBMean 147.267
projection_data.dat 3 2035 SSBF100 185.165
projection_data.dat 3 2035 SSBFabc 74.0658
projection_data.dat 3 2035 SSBFofl 64.8076
projection_data.dat 3 2035 SSBLCI 94.8754
projection_data.dat 3 2035 SSBUCI 228.355
projection_data.dat 3 2035 SSBMedian 146.236
projection_data.dat 3 2035 SSBMean 152.188
projection_data.dat 3 2036 SSBF100 185.165
projection_data.dat 3 2036 SSBFabc 74.0658
projection_data.dat 3 2036 SSBFofl 64.8076
projection_data.dat 3 2036 SSBLCI 97.0829
projection_data.dat 3 2036 SSBUCI 235.975
projection_data.dat 3 2036 SSBMedian 149.796
projection_data.dat 3 2036 SSBMean 156.212
projection_data.dat 3 2022 F0 0 
projection_data.dat 3 2022 Fabc 0.288462
projection_data.dat 3 2022 Fofl 0.361865
projection_data.dat 3 2022  F_LCI 0.00458035
projection_data.dat 3 2022  F_UCI 0.00458035
projection_data.dat 3 2022  F_Median 0.00458035
projection_data.dat 3 2022  F_Mean 0.00458035
projection_data.dat 3 2023 F0 0 
projection_data.dat 3 2023 Fabc 0.288462
projection_data.dat 3 2023 Fofl 0.361865
projection_data.dat 3 2023  F_LCI 0.0124848
projection_data.dat 3 2023  F_UCI 0.0125043
projection_data.dat 3 2023  F_Median 0.012501
projection_data.dat 3 2023  F_Mean 0.0124986
projection_data.dat 3 2024 F0 0 
projection_data.dat 3 2024 Fabc 0.288462
projection_data.dat 3 2024 Fofl 0.361865
projection_data.dat 3 2024  F_LCI 0.0121903
projection_data.dat 3 2024  F_UCI 0.0122882
projection_data.dat 3 2024  F_Median 0.0122685
projection_data.dat 3 2024  F_Mean 0.0122573
projection_data.dat 3 2025 F0 0 
projection_data.dat 3 2025 Fabc 0.288462
projection_data.dat 3 2025 Fofl 0.361865
projection_data.dat 3 2025  F_LCI 0.0117853
projection_data.dat 3 2025  F_UCI 0.0117853
projection_data.dat 3 2025  F_Median 0.0117853
projection_data.dat 3 2025  F_Mean 0.0117853
projection_data.dat 3 2026 F0 0 
projection_data.dat 3 2026 Fabc 0.288462
projection_data.dat 3 2026 Fofl 0.361865
projection_data.dat 3 2026  F_LCI 0.0117853
projection_data.dat 3 2026  F_UCI 0.0117853
projection_data.dat 3 2026  F_Median 0.0117853
projection_data.dat 3 2026  F_Mean 0.0117853
projection_data.dat 3 2027 F0 0 
projection_data.dat 3 2027 Fabc 0.288462
projection_data.dat 3 2027 Fofl 0.361865
projection_data.dat 3 2027  F_LCI 0.0117853
projection_data.dat 3 2027  F_UCI 0.0117853
projection_data.dat 3 2027  F_Median 0.0117853
projection_data.dat 3 2027  F_Mean 0.0117853
projection_data.dat 3 2028 F0 0 
projection_data.dat 3 2028 Fabc 0.288462
projection_data.dat 3 2028 Fofl 0.361865
projection_data.dat 3 2028  F_LCI 0.0117853
projection_data.dat 3 2028  F_UCI 0.0117853
projection_data.dat 3 2028  F_Median 0.0117853
projection_data.dat 3 2028  F_Mean 0.0117853
projection_data.dat 3 2029 F0 0 
projection_data.dat 3 2029 Fabc 0.288462
projection_data.dat 3 2029 Fofl 0.361865
projection_data.dat 3 2029  F_LCI 0.0117853
projection_data.dat 3 2029  F_UCI 0.0117853
projection_data.dat 3 2029  F_Median 0.0117853
projection_data.dat 3 2029  F_Mean 0.0117853
projection_data.dat 3 2030 F0 0 
projection_data.dat 3 2030 Fabc 0.288462
projection_data.dat 3 2030 Fofl 0.361865
projection_data.dat 3 2030  F_LCI 0.0117853
projection_data.dat 3 2030  F_UCI 0.0117853
projection_data.dat 3 2030  F_Median 0.0117853
projection_data.dat 3 2030  F_Mean 0.0117853
projection_data.dat 3 2031 F0 0 
projection_data.dat 3 2031 Fabc 0.288462
projection_data.dat 3 2031 Fofl 0.361865
projection_data.dat 3 2031  F_LCI 0.0117853
projection_data.dat 3 2031  F_UCI 0.0117853
projection_data.dat 3 2031  F_Median 0.0117853
projection_data.dat 3 2031  F_Mean 0.0117853
projection_data.dat 3 2032 F0 0 
projection_data.dat 3 2032 Fabc 0.288462
projection_data.dat 3 2032 Fofl 0.361865
projection_data.dat 3 2032  F_LCI 0.0117853
projection_data.dat 3 2032  F_UCI 0.0117853
projection_data.dat 3 2032  F_Median 0.0117853
projection_data.dat 3 2032  F_Mean 0.0117853
projection_data.dat 3 2033 F0 0 
projection_data.dat 3 2033 Fabc 0.288462
projection_data.dat 3 2033 Fofl 0.361865
projection_data.dat 3 2033  F_LCI 0.0117853
projection_data.dat 3 2033  F_UCI 0.0117853
projection_data.dat 3 2033  F_Median 0.0117853
projection_data.dat 3 2033  F_Mean 0.0117853
projection_data.dat 3 2034 F0 0 
projection_data.dat 3 2034 Fabc 0.288462
projection_data.dat 3 2034 Fofl 0.361865
projection_data.dat 3 2034  F_LCI 0.0117853
projection_data.dat 3 2034  F_UCI 0.0117853
projection_data.dat 3 2034  F_Median 0.0117853
projection_data.dat 3 2034  F_Mean 0.0117853
projection_data.dat 3 2035 F0 0 
projection_data.dat 3 2035 Fabc 0.288462
projection_data.dat 3 2035 Fofl 0.361865
projection_data.dat 3 2035  F_LCI 0.0117853
projection_data.dat 3 2035  F_UCI 0.0117853
projection_data.dat 3 2035  F_Median 0.0117853
projection_data.dat 3 2035  F_Mean 0.0117853
projection_data.dat 3 2036 F0 0 
projection_data.dat 3 2036 Fabc 0.288462
projection_data.dat 3 2036 Fofl 0.361865
projection_data.dat 3 2036  F_LCI 0.0117853
projection_data.dat 3 2036  F_UCI 0.0117853
projection_data.dat 3 2036  F_Median 0.0117853
projection_data.dat 3 2036  F_Mean 0.0117853
projection_data.dat 4 2022 Cabc 33.6231
projection_data.dat 4 2022 Cofl 36.5579
projection_data.dat 4 2022 CLCI 0.687
projection_data.dat 4 2022 CUCI 0.687
projection_data.dat 4 2022 CMedian 0.687
projection_data.dat 4 2022 CMean 0.687
projection_data.dat 4 2022 CStdn 2.9976e-15
projection_data.dat 4 2023 Cabc 33.6231
projection_data.dat 4 2023 Cofl 36.5579
projection_data.dat 4 2023 CLCI 1.90797
projection_data.dat 4 2023 CUCI 1.90797
projection_data.dat 4 2023 CMedian 1.90797
projection_data.dat 4 2023 CMean 1.90797
projection_data.dat 4 2023 CStdn 1.94398e-09
projection_data.dat 4 2024 Cabc 33.6231
projection_data.dat 4 2024 Cofl 36.5579
projection_data.dat 4 2024 CLCI 1.90797
projection_data.dat 4 2024 CUCI 1.90797
projection_data.dat 4 2024 CMedian 1.90797
projection_data.dat 4 2024 CMean 1.90797
projection_data.dat 4 2024 CStdn 8.76074e-08
projection_data.dat 4 2025 Cabc 33.6231
projection_data.dat 4 2025 Cofl 36.5579
projection_data.dat 4 2025 CLCI 9.60068
projection_data.dat 4 2025 CUCI 9.8816
projection_data.dat 4 2025 CMedian 9.66094
projection_data.dat 4 2025 CMean 9.6921
projection_data.dat 4 2025 CStdn 0.102712
projection_data.dat 4 2026 Cabc 33.6231
projection_data.dat 4 2026 Cofl 36.5579
projection_data.dat 4 2026 CLCI 9.29836
projection_data.dat 4 2026 CUCI 10.0766
projection_data.dat 4 2026 CMedian 9.47878
projection_data.dat 4 2026 CMean 9.56222
projection_data.dat 4 2026 CStdn 0.282251
projection_data.dat 4 2027 Cabc 33.6231
projection_data.dat 4 2027 Cofl 36.5579
projection_data.dat 4 2027 CLCI 8.88838
projection_data.dat 4 2027 CUCI 10.6574
projection_data.dat 4 2027 CMedian 9.31824
projection_data.dat 4 2027 CMean 9.50433
projection_data.dat 4 2027 CStdn 0.624639
projection_data.dat 4 2028 Cabc 33.6231
projection_data.dat 4 2028 Cofl 36.5579
projection_data.dat 4 2028 CLCI 8.41204
projection_data.dat 4 2028 CUCI 11.6862
projection_data.dat 4 2028 CMedian 9.30624
projection_data.dat 4 2028 CMean 9.61071
projection_data.dat 4 2028 CStdn 1.14577
projection_data.dat 4 2029 Cabc 33.6231
projection_data.dat 4 2029 Cofl 36.5579
projection_data.dat 4 2029 CLCI 7.98759
projection_data.dat 4 2029 CUCI 13.433
projection_data.dat 4 2029 CMedian 9.53899
projection_data.dat 4 2029 CMean 9.95952
projection_data.dat 4 2029 CStdn 1.78379
projection_data.dat 4 2030 Cabc 33.6231
projection_data.dat 4 2030 Cofl 36.5579
projection_data.dat 4 2030 CLCI 7.6438
projection_data.dat 4 2030 CUCI 15.1164
projection_data.dat 4 2030 CMedian 9.95107
projection_data.dat 4 2030 CMean 10.5104
projection_data.dat 4 2030 CStdn 2.41799
projection_data.dat 4 2031 Cabc 33.6231
projection_data.dat 4 2031 Cofl 36.5579
projection_data.dat 4 2031 CLCI 7.46813
projection_data.dat 4 2031 CUCI 16.3946
projection_data.dat 4 2031 CMedian 10.5462
projection_data.dat 4 2031 CMean 11.1212
projection_data.dat 4 2031 CStdn 2.94063
projection_data.dat 4 2032 Cabc 33.6231
projection_data.dat 4 2032 Cofl 36.5579
projection_data.dat 4 2032 CLCI 7.48789
projection_data.dat 4 2032 CUCI 17.4105
projection_data.dat 4 2032 CMedian 11.071
projection_data.dat 4 2032 CMean 11.6737
projection_data.dat 4 2032 CStdn 3.32255
projection_data.dat 4 2033 Cabc 33.6231
projection_data.dat 4 2033 Cofl 36.5579
projection_data.dat 4 2033 CLCI 7.53286
projection_data.dat 4 2033 CUCI 18.2631
projection_data.dat 4 2033 CMedian 11.4859
projection_data.dat 4 2033 CMean 12.1309
projection_data.dat 4 2033 CStdn 3.59266
projection_data.dat 4 2034 Cabc 33.6231
projection_data.dat 4 2034 Cofl 36.5579
projection_data.dat 4 2034 CLCI 7.50138
projection_data.dat 4 2034 CUCI 19.0064
projection_data.dat 4 2034 CMedian 11.9397
projection_data.dat 4 2034 CMean 12.4945
projection_data.dat 4 2034 CStdn 3.76373
projection_data.dat 4 2035 Cabc 33.6231
projection_data.dat 4 2035 Cofl 36.5579
projection_data.dat 4 2035 CLCI 7.54133
projection_data.dat 4 2035 CUCI 19.8344
projection_data.dat 4 2035 CMedian 12.2153
projection_data.dat 4 2035 CMean 12.7725
projection_data.dat 4 2035 CStdn 3.84198
projection_data.dat 4 2036 Cabc 33.6231
projection_data.dat 4 2036 Cofl 36.5579
projection_data.dat 4 2036 CLCI 7.69251
projection_data.dat 4 2036 CUCI 20.09
projection_data.dat 4 2036 CMedian 12.3804
projection_data.dat 4 2036 CMean 12.9778
projection_data.dat 4 2036 CStdn 3.86623
projection_data.dat 4 2022 SSBF100 185.165
projection_data.dat 4 2022 SSBFabc 74.0658
projection_data.dat 4 2022 SSBFofl 64.8076
projection_data.dat 4 2022 SSBLCI 91.8344
projection_data.dat 4 2022 SSBUCI 91.8344
projection_data.dat 4 2022 SSBMedian 91.8344
projection_data.dat 4 2022 SSBMean 91.8344
projection_data.dat 4 2023 SSBF100 185.165
projection_data.dat 4 2023 SSBFabc 74.0658
projection_data.dat 4 2023 SSBFofl 64.8076
projection_data.dat 4 2023 SSBLCI 94.0339
projection_data.dat 4 2023 SSBUCI 94.2427
projection_data.dat 4 2023 SSBMedian 94.0687
projection_data.dat 4 2023 SSBMean 94.0954
projection_data.dat 4 2024 SSBF100 185.165
projection_data.dat 4 2024 SSBFabc 74.0658
projection_data.dat 4 2024 SSBFofl 64.8076
projection_data.dat 4 2024 SSBLCI 95.8357
projection_data.dat 4 2024 SSBUCI 96.7441
projection_data.dat 4 2024 SSBMedian 96.0164
projection_data.dat 4 2024 SSBMean 96.121
projection_data.dat 4 2025 SSBF100 185.165
projection_data.dat 4 2025 SSBFabc 74.0658
projection_data.dat 4 2025 SSBFofl 64.8076
projection_data.dat 4 2025 SSBLCI 97.4421
projection_data.dat 4 2025 SSBUCI 100.212
projection_data.dat 4 2025 SSBMedian 98.0635
projection_data.dat 4 2025 SSBMean 98.3686
projection_data.dat 4 2026 SSBF100 185.165
projection_data.dat 4 2026 SSBFabc 74.0658
projection_data.dat 4 2026 SSBFofl 64.8076
projection_data.dat 4 2026 SSBLCI 94.4388
projection_data.dat 4 2026 SSBUCI 101.552
projection_data.dat 4 2026 SSBMedian 96.1454
projection_data.dat 4 2026 SSBMean 96.9049
projection_data.dat 4 2027 SSBF100 185.165
projection_data.dat 4 2027 SSBFabc 74.0658
projection_data.dat 4 2027 SSBFofl 64.8076
projection_data.dat 4 2027 SSBLCI 90.5753
projection_data.dat 4 2027 SSBUCI 106.428
projection_data.dat 4 2027 SSBMedian 94.4778
projection_data.dat 4 2027 SSBMean 96.1691
projection_data.dat 4 2028 SSBF100 185.165
projection_data.dat 4 2028 SSBFabc 74.0658
projection_data.dat 4 2028 SSBFofl 64.8076
projection_data.dat 4 2028 SSBLCI 86.2498
projection_data.dat 4 2028 SSBUCI 116.014
projection_data.dat 4 2028 SSBMedian 94.3625
projection_data.dat 4 2028 SSBMean 97.1666
projection_data.dat 4 2029 SSBF100 185.165
projection_data.dat 4 2029 SSBFabc 74.0658
projection_data.dat 4 2029 SSBFofl 64.8076
projection_data.dat 4 2029 SSBLCI 82.2901
projection_data.dat 4 2029 SSBUCI 132.84
projection_data.dat 4 2029 SSBMedian 96.4907
projection_data.dat 4 2029 SSBMean 100.404
projection_data.dat 4 2030 SSBF100 185.165
projection_data.dat 4 2030 SSBFabc 74.0658
projection_data.dat 4 2030 SSBFofl 64.8076
projection_data.dat 4 2030 SSBLCI 78.8326
projection_data.dat 4 2030 SSBUCI 148.408
projection_data.dat 4 2030 SSBMedian 100.326
projection_data.dat 4 2030 SSBMean 105.345
projection_data.dat 4 2031 SSBF100 185.165
projection_data.dat 4 2031 SSBFabc 74.0658
projection_data.dat 4 2031 SSBFofl 64.8076
projection_data.dat 4 2031 SSBLCI 76.8124
projection_data.dat 4 2031 SSBUCI 160.514
projection_data.dat 4 2031 SSBMedian 105.574
projection_data.dat 4 2031 SSBMean 110.947
projection_data.dat 4 2032 SSBF100 185.165
projection_data.dat 4 2032 SSBFabc 74.0658
projection_data.dat 4 2032 SSBFofl 64.8076
projection_data.dat 4 2032 SSBLCI 76.6393
projection_data.dat 4 2032 SSBUCI 171.147
projection_data.dat 4 2032 SSBMedian 111.024
projection_data.dat 4 2032 SSBMean 116.358
projection_data.dat 4 2033 SSBF100 185.165
projection_data.dat 4 2033 SSBFabc 74.0658
projection_data.dat 4 2033 SSBFofl 64.8076
projection_data.dat 4 2033 SSBLCI 76.8789
projection_data.dat 4 2033 SSBUCI 180.151
projection_data.dat 4 2033 SSBMedian 115.006
projection_data.dat 4 2033 SSBMean 121.127
projection_data.dat 4 2034 SSBF100 185.165
projection_data.dat 4 2034 SSBFabc 74.0658
projection_data.dat 4 2034 SSBFofl 64.8076
projection_data.dat 4 2034 SSBLCI 76.9333
projection_data.dat 4 2034 SSBUCI 188.844
projection_data.dat 4 2034 SSBMedian 119.324
projection_data.dat 4 2034 SSBMean 125.091
projection_data.dat 4 2035 SSBF100 185.165
projection_data.dat 4 2035 SSBFabc 74.0658
projection_data.dat 4 2035 SSBFofl 64.8076
projection_data.dat 4 2035 SSBLCI 76.5962
projection_data.dat 4 2035 SSBUCI 195.943
projection_data.dat 4 2035 SSBMedian 122.875
projection_data.dat 4 2035 SSBMean 128.237
projection_data.dat 4 2036 SSBF100 185.165
projection_data.dat 4 2036 SSBFabc 74.0658
projection_data.dat 4 2036 SSBFofl 64.8076
projection_data.dat 4 2036 SSBLCI 78.5035
projection_data.dat 4 2036 SSBUCI 200.382
projection_data.dat 4 2036 SSBMedian 125.175
projection_data.dat 4 2036 SSBMean 130.642
projection_data.dat 4 2022 F0 0 
projection_data.dat 4 2022 Fabc 0.288462
projection_data.dat 4 2022 Fofl 0.361865
projection_data.dat 4 2022  F_LCI 0.00458035
projection_data.dat 4 2022  F_UCI 0.00458035
projection_data.dat 4 2022  F_Median 0.00458035
projection_data.dat 4 2022  F_Mean 0.00458035
projection_data.dat 4 2023 F0 0 
projection_data.dat 4 2023 Fabc 0.288462
projection_data.dat 4 2023 Fofl 0.361865
projection_data.dat 4 2023  F_LCI 0.0124848
projection_data.dat 4 2023  F_UCI 0.0125043
projection_data.dat 4 2023  F_Median 0.012501
projection_data.dat 4 2023  F_Mean 0.0124986
projection_data.dat 4 2024 F0 0 
projection_data.dat 4 2024 Fabc 0.288462
projection_data.dat 4 2024 Fofl 0.361865
projection_data.dat 4 2024  F_LCI 0.0121903
projection_data.dat 4 2024  F_UCI 0.0122882
projection_data.dat 4 2024  F_Median 0.0122685
projection_data.dat 4 2024  F_Mean 0.0122573
projection_data.dat 4 2025 F0 0 
projection_data.dat 4 2025 Fabc 0.288462
projection_data.dat 4 2025 Fofl 0.361865
projection_data.dat 4 2025  F_LCI 0.0620477
projection_data.dat 4 2025  F_UCI 0.0620477
projection_data.dat 4 2025  F_Median 0.0620477
projection_data.dat 4 2025  F_Mean 0.0620477
projection_data.dat 4 2026 F0 0 
projection_data.dat 4 2026 Fabc 0.288462
projection_data.dat 4 2026 Fofl 0.361865
projection_data.dat 4 2026  F_LCI 0.0620477
projection_data.dat 4 2026  F_UCI 0.0620477
projection_data.dat 4 2026  F_Median 0.0620477
projection_data.dat 4 2026  F_Mean 0.0620477
projection_data.dat 4 2027 F0 0 
projection_data.dat 4 2027 Fabc 0.288462
projection_data.dat 4 2027 Fofl 0.361865
projection_data.dat 4 2027  F_LCI 0.0620477
projection_data.dat 4 2027  F_UCI 0.0620477
projection_data.dat 4 2027  F_Median 0.0620477
projection_data.dat 4 2027  F_Mean 0.0620477
projection_data.dat 4 2028 F0 0 
projection_data.dat 4 2028 Fabc 0.288462
projection_data.dat 4 2028 Fofl 0.361865
projection_data.dat 4 2028  F_LCI 0.0620477
projection_data.dat 4 2028  F_UCI 0.0620477
projection_data.dat 4 2028  F_Median 0.0620477
projection_data.dat 4 2028  F_Mean 0.0620477
projection_data.dat 4 2029 F0 0 
projection_data.dat 4 2029 Fabc 0.288462
projection_data.dat 4 2029 Fofl 0.361865
projection_data.dat 4 2029  F_LCI 0.0620477
projection_data.dat 4 2029  F_UCI 0.0620477
projection_data.dat 4 2029  F_Median 0.0620477
projection_data.dat 4 2029  F_Mean 0.0620477
projection_data.dat 4 2030 F0 0 
projection_data.dat 4 2030 Fabc 0.288462
projection_data.dat 4 2030 Fofl 0.361865
projection_data.dat 4 2030  F_LCI 0.0620477
projection_data.dat 4 2030  F_UCI 0.0620477
projection_data.dat 4 2030  F_Median 0.0620477
projection_data.dat 4 2030  F_Mean 0.0620477
projection_data.dat 4 2031 F0 0 
projection_data.dat 4 2031 Fabc 0.288462
projection_data.dat 4 2031 Fofl 0.361865
projection_data.dat 4 2031  F_LCI 0.0620477
projection_data.dat 4 2031  F_UCI 0.0620477
projection_data.dat 4 2031  F_Median 0.0620477
projection_data.dat 4 2031  F_Mean 0.0620477
projection_data.dat 4 2032 F0 0 
projection_data.dat 4 2032 Fabc 0.288462
projection_data.dat 4 2032 Fofl 0.361865
projection_data.dat 4 2032  F_LCI 0.0620477
projection_data.dat 4 2032  F_UCI 0.0620477
projection_data.dat 4 2032  F_Median 0.0620477
projection_data.dat 4 2032  F_Mean 0.0620477
projection_data.dat 4 2033 F0 0 
projection_data.dat 4 2033 Fabc 0.288462
projection_data.dat 4 2033 Fofl 0.361865
projection_data.dat 4 2033  F_LCI 0.0620477
projection_data.dat 4 2033  F_UCI 0.0620477
projection_data.dat 4 2033  F_Median 0.0620477
projection_data.dat 4 2033  F_Mean 0.0620477
projection_data.dat 4 2034 F0 0 
projection_data.dat 4 2034 Fabc 0.288462
projection_data.dat 4 2034 Fofl 0.361865
projection_data.dat 4 2034  F_LCI 0.0620477
projection_data.dat 4 2034  F_UCI 0.0620477
projection_data.dat 4 2034  F_Median 0.0620477
projection_data.dat 4 2034  F_Mean 0.0620477
projection_data.dat 4 2035 F0 0 
projection_data.dat 4 2035 Fabc 0.288462
projection_data.dat 4 2035 Fofl 0.361865
projection_data.dat 4 2035  F_LCI 0.0620477
projection_data.dat 4 2035  F_UCI 0.0620477
projection_data.dat 4 2035  F_Median 0.0620477
projection_data.dat 4 2035  F_Mean 0.0620477
projection_data.dat 4 2036 F0 0 
projection_data.dat 4 2036 Fabc 0.288462
projection_data.dat 4 2036 Fofl 0.361865
projection_data.dat 4 2036  F_LCI 0.0620477
projection_data.dat 4 2036  F_UCI 0.0620477
projection_data.dat 4 2036  F_Median 0.0620477
projection_data.dat 4 2036  F_Mean 0.0620477
projection_data.dat 5 2022 Cabc 33.6231
projection_data.dat 5 2022 Cofl 36.5579
projection_data.dat 5 2022 CLCI 0.687
projection_data.dat 5 2022 CUCI 0.687
projection_data.dat 5 2022 CMedian 0.687
projection_data.dat 5 2022 CMean 0.687
projection_data.dat 5 2022 CStdn 2.9976e-15
projection_data.dat 5 2023 Cabc 33.6231
projection_data.dat 5 2023 Cofl 36.5579
projection_data.dat 5 2023 CLCI 1.90797
projection_data.dat 5 2023 CUCI 1.90797
projection_data.dat 5 2023 CMedian 1.90797
projection_data.dat 5 2023 CMean 1.90797
projection_data.dat 5 2023 CStdn 1.94398e-09
projection_data.dat 5 2024 Cabc 33.6231
projection_data.dat 5 2024 Cofl 36.5579
projection_data.dat 5 2024 CLCI 1.90797
projection_data.dat 5 2024 CUCI 1.90797
projection_data.dat 5 2024 CMedian 1.90797
projection_data.dat 5 2024 CMean 1.90797
projection_data.dat 5 2024 CStdn 8.76074e-08
projection_data.dat 5 2025 Cabc 33.6231
projection_data.dat 5 2025 Cofl 36.5579
projection_data.dat 5 2025 CLCI 0
projection_data.dat 5 2025 CUCI 0
projection_data.dat 5 2025 CMedian 0
projection_data.dat 5 2025 CMean 0
projection_data.dat 5 2025 CStdn 0
projection_data.dat 5 2026 Cabc 33.6231
projection_data.dat 5 2026 Cofl 36.5579
projection_data.dat 5 2026 CLCI 0
projection_data.dat 5 2026 CUCI 0
projection_data.dat 5 2026 CMedian 0
projection_data.dat 5 2026 CMean 0
projection_data.dat 5 2026 CStdn 0
projection_data.dat 5 2027 Cabc 33.6231
projection_data.dat 5 2027 Cofl 36.5579
projection_data.dat 5 2027 CLCI 0
projection_data.dat 5 2027 CUCI 0
projection_data.dat 5 2027 CMedian 0
projection_data.dat 5 2027 CMean 0
projection_data.dat 5 2027 CStdn 0
projection_data.dat 5 2028 Cabc 33.6231
projection_data.dat 5 2028 Cofl 36.5579
projection_data.dat 5 2028 CLCI 0
projection_data.dat 5 2028 CUCI 0
projection_data.dat 5 2028 CMedian 0
projection_data.dat 5 2028 CMean 0
projection_data.dat 5 2028 CStdn 0
projection_data.dat 5 2029 Cabc 33.6231
projection_data.dat 5 2029 Cofl 36.5579
projection_data.dat 5 2029 CLCI 0
projection_data.dat 5 2029 CUCI 0
projection_data.dat 5 2029 CMedian 0
projection_data.dat 5 2029 CMean 0
projection_data.dat 5 2029 CStdn 0
projection_data.dat 5 2030 Cabc 33.6231
projection_data.dat 5 2030 Cofl 36.5579
projection_data.dat 5 2030 CLCI 0
projection_data.dat 5 2030 CUCI 0
projection_data.dat 5 2030 CMedian 0
projection_data.dat 5 2030 CMean 0
projection_data.dat 5 2030 CStdn 0
projection_data.dat 5 2031 Cabc 33.6231
projection_data.dat 5 2031 Cofl 36.5579
projection_data.dat 5 2031 CLCI 0
projection_data.dat 5 2031 CUCI 0
projection_data.dat 5 2031 CMedian 0
projection_data.dat 5 2031 CMean 0
projection_data.dat 5 2031 CStdn 0
projection_data.dat 5 2032 Cabc 33.6231
projection_data.dat 5 2032 Cofl 36.5579
projection_data.dat 5 2032 CLCI 0
projection_data.dat 5 2032 CUCI 0
projection_data.dat 5 2032 CMedian 0
projection_data.dat 5 2032 CMean 0
projection_data.dat 5 2032 CStdn 0
projection_data.dat 5 2033 Cabc 33.6231
projection_data.dat 5 2033 Cofl 36.5579
projection_data.dat 5 2033 CLCI 0
projection_data.dat 5 2033 CUCI 0
projection_data.dat 5 2033 CMedian 0
projection_data.dat 5 2033 CMean 0
projection_data.dat 5 2033 CStdn 0
projection_data.dat 5 2034 Cabc 33.6231
projection_data.dat 5 2034 Cofl 36.5579
projection_data.dat 5 2034 CLCI 0
projection_data.dat 5 2034 CUCI 0
projection_data.dat 5 2034 CMedian 0
projection_data.dat 5 2034 CMean 0
projection_data.dat 5 2034 CStdn 0
projection_data.dat 5 2035 Cabc 33.6231
projection_data.dat 5 2035 Cofl 36.5579
projection_data.dat 5 2035 CLCI 0
projection_data.dat 5 2035 CUCI 0
projection_data.dat 5 2035 CMedian 0
projection_data.dat 5 2035 CMean 0
projection_data.dat 5 2035 CStdn 0
projection_data.dat 5 2036 Cabc 33.6231
projection_data.dat 5 2036 Cofl 36.5579
projection_data.dat 5 2036 CLCI 0
projection_data.dat 5 2036 CUCI 0
projection_data.dat 5 2036 CMedian 0
projection_data.dat 5 2036 CMean 0
projection_data.dat 5 2036 CStdn 0
projection_data.dat 5 2022 SSBF100 185.165
projection_data.dat 5 2022 SSBFabc 74.0658
projection_data.dat 5 2022 SSBFofl 64.8076
projection_data.dat 5 2022 SSBLCI 91.8344
projection_data.dat 5 2022 SSBUCI 91.8344
projection_data.dat 5 2022 SSBMedian 91.8344
projection_data.dat 5 2022 SSBMean 91.8344
projection_data.dat 5 2023 SSBF100 185.165
projection_data.dat 5 2023 SSBFabc 74.0658
projection_data.dat 5 2023 SSBFofl 64.8076
projection_data.dat 5 2023 SSBLCI 94.0339
projection_data.dat 5 2023 SSBUCI 94.2427
projection_data.dat 5 2023 SSBMedian 94.0687
projection_data.dat 5 2023 SSBMean 94.0954
projection_data.dat 5 2024 SSBF100 185.165
projection_data.dat 5 2024 SSBFabc 74.0658
projection_data.dat 5 2024 SSBFofl 64.8076
projection_data.dat 5 2024 SSBLCI 95.8357
projection_data.dat 5 2024 SSBUCI 96.7441
projection_data.dat 5 2024 SSBMedian 96.0164
projection_data.dat 5 2024 SSBMean 96.121
projection_data.dat 5 2025 SSBF100 185.165
projection_data.dat 5 2025 SSBFabc 74.0658
projection_data.dat 5 2025 SSBFofl 64.8076
projection_data.dat 5 2025 SSBLCI 97.4421
projection_data.dat 5 2025 SSBUCI 100.212
projection_data.dat 5 2025 SSBMedian 98.0635
projection_data.dat 5 2025 SSBMean 98.3686
projection_data.dat 5 2026 SSBF100 185.165
projection_data.dat 5 2026 SSBFabc 74.0658
projection_data.dat 5 2026 SSBFofl 64.8076
projection_data.dat 5 2026 SSBLCI 98.9898
projection_data.dat 5 2026 SSBUCI 106.116
projection_data.dat 5 2026 SSBMedian 100.698
projection_data.dat 5 2026 SSBMean 101.459
projection_data.dat 5 2027 SSBF100 185.165
projection_data.dat 5 2027 SSBFabc 74.0658
projection_data.dat 5 2027 SSBFofl 64.8076
projection_data.dat 5 2027 SSBLCI 99.1808
projection_data.dat 5 2027 SSBUCI 115.139
projection_data.dat 5 2027 SSBMedian 103.099
projection_data.dat 5 2027 SSBMean 104.803
projection_data.dat 5 2028 SSBF100 185.165
projection_data.dat 5 2028 SSBFabc 74.0658
projection_data.dat 5 2028 SSBFofl 64.8076
projection_data.dat 5 2028 SSBLCI 98.3042
projection_data.dat 5 2028 SSBUCI 128.504
projection_data.dat 5 2028 SSBMedian 106.479
projection_data.dat 5 2028 SSBMean 109.348
projection_data.dat 5 2029 SSBF100 185.165
projection_data.dat 5 2029 SSBFabc 74.0658
projection_data.dat 5 2029 SSBFofl 64.8076
projection_data.dat 5 2029 SSBLCI 97.0963
projection_data.dat 5 2029 SSBUCI 149.113
projection_data.dat 5 2029 SSBMedian 111.513
projection_data.dat 5 2029 SSBMean 115.649
projection_data.dat 5 2030 SSBF100 185.165
projection_data.dat 5 2030 SSBFabc 74.0658
projection_data.dat 5 2030 SSBFofl 64.8076
projection_data.dat 5 2030 SSBLCI 95.7546
projection_data.dat 5 2030 SSBUCI 168.813
projection_data.dat 5 2030 SSBMedian 118.018
projection_data.dat 5 2030 SSBMean 123.347
projection_data.dat 5 2031 SSBF100 185.165
projection_data.dat 5 2031 SSBFabc 74.0658
projection_data.dat 5 2031 SSBFofl 64.8076
projection_data.dat 5 2031 SSBLCI 95.4846
projection_data.dat 5 2031 SSBUCI 185.529
projection_data.dat 5 2031 SSBMedian 125.517
projection_data.dat 5 2031 SSBMean 131.598
projection_data.dat 5 2032 SSBF100 185.165
projection_data.dat 5 2032 SSBFabc 74.0658
projection_data.dat 5 2032 SSBFofl 64.8076
projection_data.dat 5 2032 SSBLCI 96.2268
projection_data.dat 5 2032 SSBUCI 199.693
projection_data.dat 5 2032 SSBMedian 133.833
projection_data.dat 5 2032 SSBMean 139.641
projection_data.dat 5 2033 SSBF100 185.165
projection_data.dat 5 2033 SSBFabc 74.0658
projection_data.dat 5 2033 SSBFofl 64.8076
projection_data.dat 5 2033 SSBLCI 98.3371
projection_data.dat 5 2033 SSBUCI 212.988
projection_data.dat 5 2033 SSBMedian 140.286
projection_data.dat 5 2033 SSBMean 147.005
projection_data.dat 5 2034 SSBF100 185.165
projection_data.dat 5 2034 SSBFabc 74.0658
projection_data.dat 5 2034 SSBFofl 64.8076
projection_data.dat 5 2034 SSBLCI 99.0346
projection_data.dat 5 2034 SSBUCI 224.543
projection_data.dat 5 2034 SSBMedian 146.645
projection_data.dat 5 2034 SSBMean 153.463
projection_data.dat 5 2035 SSBF100 185.165
projection_data.dat 5 2035 SSBFabc 74.0658
projection_data.dat 5 2035 SSBFofl 64.8076
projection_data.dat 5 2035 SSBLCI 99.5343
projection_data.dat 5 2035 SSBUCI 237.006
projection_data.dat 5 2035 SSBMedian 152.842
projection_data.dat 5 2035 SSBMean 158.95
projection_data.dat 5 2036 SSBF100 185.165
projection_data.dat 5 2036 SSBFabc 74.0658
projection_data.dat 5 2036 SSBFofl 64.8076
projection_data.dat 5 2036 SSBLCI 102.405
projection_data.dat 5 2036 SSBUCI 244.865
projection_data.dat 5 2036 SSBMedian 156.949
projection_data.dat 5 2036 SSBMean 163.501
projection_data.dat 5 2022 F0 0 
projection_data.dat 5 2022 Fabc 0.288462
projection_data.dat 5 2022 Fofl 0.361865
projection_data.dat 5 2022  F_LCI 0.00458035
projection_data.dat 5 2022  F_UCI 0.00458035
projection_data.dat 5 2022  F_Median 0.00458035
projection_data.dat 5 2022  F_Mean 0.00458035
projection_data.dat 5 2023 F0 0 
projection_data.dat 5 2023 Fabc 0.288462
projection_data.dat 5 2023 Fofl 0.361865
projection_data.dat 5 2023  F_LCI 0.0124848
projection_data.dat 5 2023  F_UCI 0.0125043
projection_data.dat 5 2023  F_Median 0.012501
projection_data.dat 5 2023  F_Mean 0.0124986
projection_data.dat 5 2024 F0 0 
projection_data.dat 5 2024 Fabc 0.288462
projection_data.dat 5 2024 Fofl 0.361865
projection_data.dat 5 2024  F_LCI 0.0121903
projection_data.dat 5 2024  F_UCI 0.0122882
projection_data.dat 5 2024  F_Median 0.0122685
projection_data.dat 5 2024  F_Mean 0.0122573
projection_data.dat 5 2025 F0 0 
projection_data.dat 5 2025 Fabc 0.288462
projection_data.dat 5 2025 Fofl 0.361865
projection_data.dat 5 2025  F_LCI 0
projection_data.dat 5 2025  F_UCI 0
projection_data.dat 5 2025  F_Median 0
projection_data.dat 5 2025  F_Mean 0
projection_data.dat 5 2026 F0 0 
projection_data.dat 5 2026 Fabc 0.288462
projection_data.dat 5 2026 Fofl 0.361865
projection_data.dat 5 2026  F_LCI 0
projection_data.dat 5 2026  F_UCI 0
projection_data.dat 5 2026  F_Median 0
projection_data.dat 5 2026  F_Mean 0
projection_data.dat 5 2027 F0 0 
projection_data.dat 5 2027 Fabc 0.288462
projection_data.dat 5 2027 Fofl 0.361865
projection_data.dat 5 2027  F_LCI 0
projection_data.dat 5 2027  F_UCI 0
projection_data.dat 5 2027  F_Median 0
projection_data.dat 5 2027  F_Mean 0
projection_data.dat 5 2028 F0 0 
projection_data.dat 5 2028 Fabc 0.288462
projection_data.dat 5 2028 Fofl 0.361865
projection_data.dat 5 2028  F_LCI 0
projection_data.dat 5 2028  F_UCI 0
projection_data.dat 5 2028  F_Median 0
projection_data.dat 5 2028  F_Mean 0
projection_data.dat 5 2029 F0 0 
projection_data.dat 5 2029 Fabc 0.288462
projection_data.dat 5 2029 Fofl 0.361865
projection_data.dat 5 2029  F_LCI 0
projection_data.dat 5 2029  F_UCI 0
projection_data.dat 5 2029  F_Median 0
projection_data.dat 5 2029  F_Mean 0
projection_data.dat 5 2030 F0 0 
projection_data.dat 5 2030 Fabc 0.288462
projection_data.dat 5 2030 Fofl 0.361865
projection_data.dat 5 2030  F_LCI 0
projection_data.dat 5 2030  F_UCI 0
projection_data.dat 5 2030  F_Median 0
projection_data.dat 5 2030  F_Mean 0
projection_data.dat 5 2031 F0 0 
projection_data.dat 5 2031 Fabc 0.288462
projection_data.dat 5 2031 Fofl 0.361865
projection_data.dat 5 2031  F_LCI 0
projection_data.dat 5 2031  F_UCI 0
projection_data.dat 5 2031  F_Median 0
projection_data.dat 5 2031  F_Mean 0
projection_data.dat 5 2032 F0 0 
projection_data.dat 5 2032 Fabc 0.288462
projection_data.dat 5 2032 Fofl 0.361865
projection_data.dat 5 2032  F_LCI 0
projection_data.dat 5 2032  F_UCI 0
projection_data.dat 5 2032  F_Median 0
projection_data.dat 5 2032  F_Mean 0
projection_data.dat 5 2033 F0 0 
projection_data.dat 5 2033 Fabc 0.288462
projection_data.dat 5 2033 Fofl 0.361865
projection_data.dat 5 2033  F_LCI 0
projection_data.dat 5 2033  F_UCI 0
projection_data.dat 5 2033  F_Median 0
projection_data.dat 5 2033  F_Mean 0
projection_data.dat 5 2034 F0 0 
projection_data.dat 5 2034 Fabc 0.288462
projection_data.dat 5 2034 Fofl 0.361865
projection_data.dat 5 2034  F_LCI 0
projection_data.dat 5 2034  F_UCI 0
projection_data.dat 5 2034  F_Median 0
projection_data.dat 5 2034  F_Mean 0
projection_data.dat 5 2035 F0 0 
projection_data.dat 5 2035 Fabc 0.288462
projection_data.dat 5 2035 Fofl 0.361865
projection_data.dat 5 2035  F_LCI 0
projection_data.dat 5 2035  F_UCI 0
projection_data.dat 5 2035  F_Median 0
projection_data.dat 5 2035  F_Mean 0
projection_data.dat 5 2036 F0 0 
projection_data.dat 5 2036 Fabc 0.288462
projection_data.dat 5 2036 Fofl 0.361865
projection_data.dat 5 2036  F_LCI 0
projection_data.dat 5 2036  F_UCI 0
projection_data.dat 5 2036  F_Median 0
projection_data.dat 5 2036  F_Mean 0
projection_data.dat 6 2022 Cabc 33.6231
projection_data.dat 6 2022 Cofl 36.5579
projection_data.dat 6 2022 CLCI 0.687
projection_data.dat 6 2022 CUCI 0.687
projection_data.dat 6 2022 CMedian 0.687
projection_data.dat 6 2022 CMean 0.687
projection_data.dat 6 2022 CStdn 2.9976e-15
projection_data.dat 6 2023 Cabc 33.6231
projection_data.dat 6 2023 Cofl 36.5579
projection_data.dat 6 2023 CLCI 48.1507
projection_data.dat 6 2023 CUCI 48.2357
projection_data.dat 6 2023 CMedian 48.1649
projection_data.dat 6 2023 CMean 48.1757
projection_data.dat 6 2023 CStdn 0.0322952
projection_data.dat 6 2024 Cabc 33.6231
projection_data.dat 6 2024 Cofl 36.5579
projection_data.dat 6 2024 CLCI 38.0637
projection_data.dat 6 2024 CUCI 38.5052
projection_data.dat 6 2024 CMedian 38.1523
projection_data.dat 6 2024 CMean 38.2041
projection_data.dat 6 2024 CStdn 0.165429
projection_data.dat 6 2025 Cabc 33.6231
projection_data.dat 6 2025 Cofl 36.5579
projection_data.dat 6 2025 CLCI 26.3436
projection_data.dat 6 2025 CUCI 28.8472
projection_data.dat 6 2025 CMedian 26.8835
projection_data.dat 6 2025 CMean 27.1641
projection_data.dat 6 2025 CStdn 0.933952
projection_data.dat 6 2026 Cabc 33.6231
projection_data.dat 6 2026 Cofl 36.5579
projection_data.dat 6 2026 CLCI 20.6406
projection_data.dat 6 2026 CUCI 26.3718
projection_data.dat 6 2026 CMedian 21.9431
projection_data.dat 6 2026 CMean 22.5785
projection_data.dat 6 2026 CStdn 2.1184
projection_data.dat 6 2027 Cabc 33.6231
projection_data.dat 6 2027 Cofl 36.5579
projection_data.dat 6 2027 CLCI 17.0851
projection_data.dat 6 2027 CUCI 29.5154
projection_data.dat 6 2027 CMedian 19.8409
projection_data.dat 6 2027 CMean 21.2138
projection_data.dat 6 2027 CStdn 4.38339
projection_data.dat 6 2028 Cabc 33.6231
projection_data.dat 6 2028 Cofl 36.5579
projection_data.dat 6 2028 CLCI 14.7634
projection_data.dat 6 2028 CUCI 38.3964
projection_data.dat 6 2028 CMedian 20.0832
projection_data.dat 6 2028 CMean 22.3165
projection_data.dat 6 2028 CStdn 7.44128
projection_data.dat 6 2029 Cabc 33.6231
projection_data.dat 6 2029 Cofl 36.5579
projection_data.dat 6 2029 CLCI 13.4331
projection_data.dat 6 2029 CUCI 44.6858
projection_data.dat 6 2029 CMedian 22.278
projection_data.dat 6 2029 CMean 25.0593
projection_data.dat 6 2029 CStdn 10.2552
projection_data.dat 6 2030 Cabc 33.6231
projection_data.dat 6 2030 Cofl 36.5579
projection_data.dat 6 2030 CLCI 13.0147
projection_data.dat 6 2030 CUCI 50.0023
projection_data.dat 6 2030 CMedian 25.3665
projection_data.dat 6 2030 CMean 28.1425
projection_data.dat 6 2030 CStdn 12.1002
projection_data.dat 6 2031 Cabc 33.6231
projection_data.dat 6 2031 Cofl 36.5579
projection_data.dat 6 2031 CLCI 13.0304
projection_data.dat 6 2031 CUCI 52.6647
projection_data.dat 6 2031 CMedian 28.5532
projection_data.dat 6 2031 CMean 30.5186
projection_data.dat 6 2031 CStdn 13.054
projection_data.dat 6 2032 Cabc 33.6231
projection_data.dat 6 2032 Cofl 36.5579
projection_data.dat 6 2032 CLCI 13.9908
projection_data.dat 6 2032 CUCI 54.5176
projection_data.dat 6 2032 CMedian 30.0076
projection_data.dat 6 2032 CMean 31.9674
projection_data.dat 6 2032 CStdn 13.5875
projection_data.dat 6 2033 Cabc 33.6231
projection_data.dat 6 2033 Cofl 36.5579
projection_data.dat 6 2033 CLCI 14.1773
projection_data.dat 6 2033 CUCI 54.8743
projection_data.dat 6 2033 CMedian 30.8036
projection_data.dat 6 2033 CMean 32.6888
projection_data.dat 6 2033 CStdn 13.8368
projection_data.dat 6 2034 Cabc 33.6231
projection_data.dat 6 2034 Cofl 36.5579
projection_data.dat 6 2034 CLCI 13.8986
projection_data.dat 6 2034 CUCI 56.863
projection_data.dat 6 2034 CMedian 30.9038
projection_data.dat 6 2034 CMean 32.9563
projection_data.dat 6 2034 CStdn 13.8146
projection_data.dat 6 2035 Cabc 33.6231
projection_data.dat 6 2035 Cofl 36.5579
projection_data.dat 6 2035 CLCI 14.2235
projection_data.dat 6 2035 CUCI 58.0288
projection_data.dat 6 2035 CMedian 30.8155
projection_data.dat 6 2035 CMean 32.9587
projection_data.dat 6 2035 CStdn 13.6487
projection_data.dat 6 2036 Cabc 33.6231
projection_data.dat 6 2036 Cofl 36.5579
projection_data.dat 6 2036 CLCI 14.8495
projection_data.dat 6 2036 CUCI 59.3808
projection_data.dat 6 2036 CMedian 30.2377
projection_data.dat 6 2036 CMean 32.8418
projection_data.dat 6 2036 CStdn 13.6136
projection_data.dat 6 2022 SSBF100 185.165
projection_data.dat 6 2022 SSBFabc 74.0658
projection_data.dat 6 2022 SSBFofl 64.8076
projection_data.dat 6 2022 SSBLCI 91.8344
projection_data.dat 6 2022 SSBUCI 91.8344
projection_data.dat 6 2022 SSBMedian 91.8344
projection_data.dat 6 2022 SSBMean 91.8344
projection_data.dat 6 2023 SSBF100 185.165
projection_data.dat 6 2023 SSBFabc 74.0658
projection_data.dat 6 2023 SSBFofl 64.8076
projection_data.dat 6 2023 SSBLCI 94.0339
projection_data.dat 6 2023 SSBUCI 94.2427
projection_data.dat 6 2023 SSBMedian 94.0687
projection_data.dat 6 2023 SSBMean 94.0954
projection_data.dat 6 2024 SSBF100 185.165
projection_data.dat 6 2024 SSBFabc 74.0658
projection_data.dat 6 2024 SSBFofl 64.8076
projection_data.dat 6 2024 SSBLCI 74.3011
projection_data.dat 6 2024 SSBUCI 75.2069
projection_data.dat 6 2024 SSBMedian 74.4816
projection_data.dat 6 2024 SSBMean 74.5857
projection_data.dat 6 2025 SSBF100 185.165
projection_data.dat 6 2025 SSBFabc 74.0658
projection_data.dat 6 2025 SSBFofl 64.8076
projection_data.dat 6 2025 SSBLCI 61.3629
projection_data.dat 6 2025 SSBUCI 64.1119
projection_data.dat 6 2025 SSBMedian 61.9813
projection_data.dat 6 2025 SSBMean 62.2836
projection_data.dat 6 2026 SSBF100 185.165
projection_data.dat 6 2026 SSBFabc 74.0658
projection_data.dat 6 2026 SSBFofl 64.8076
projection_data.dat 6 2026 SSBLCI 54.2536
projection_data.dat 6 2026 SSBUCI 60.7838
projection_data.dat 6 2026 SSBMedian 55.8379
projection_data.dat 6 2026 SSBMean 56.5314
projection_data.dat 6 2027 SSBF100 185.165
projection_data.dat 6 2027 SSBFabc 74.0658
projection_data.dat 6 2027 SSBFofl 64.8076
projection_data.dat 6 2027 SSBLCI 49.3852
projection_data.dat 6 2027 SSBUCI 63.5708
projection_data.dat 6 2027 SSBMedian 52.9372
projection_data.dat 6 2027 SSBMean 54.3743
projection_data.dat 6 2028 SSBF100 185.165
projection_data.dat 6 2028 SSBFabc 74.0658
projection_data.dat 6 2028 SSBFofl 64.8076
projection_data.dat 6 2028 SSBLCI 45.9855
projection_data.dat 6 2028 SSBUCI 71.6676
projection_data.dat 6 2028 SSBMedian 53.0599
projection_data.dat 6 2028 SSBMean 55.2787
projection_data.dat 6 2029 SSBF100 185.165
projection_data.dat 6 2029 SSBFabc 74.0658
projection_data.dat 6 2029 SSBFofl 64.8076
projection_data.dat 6 2029 SSBLCI 43.8353
projection_data.dat 6 2029 SSBUCI 82.4154
projection_data.dat 6 2029 SSBMedian 55.5782
projection_data.dat 6 2029 SSBMean 58.4945
projection_data.dat 6 2030 SSBF100 185.165
projection_data.dat 6 2030 SSBFabc 74.0658
projection_data.dat 6 2030 SSBFofl 64.8076
projection_data.dat 6 2030 SSBLCI 42.9069
projection_data.dat 6 2030 SSBUCI 91.4017
projection_data.dat 6 2030 SSBMedian 59.1949
projection_data.dat 6 2030 SSBMean 62.4748
projection_data.dat 6 2031 SSBF100 185.165
projection_data.dat 6 2031 SSBFabc 74.0658
projection_data.dat 6 2031 SSBFofl 64.8076
projection_data.dat 6 2031 SSBLCI 42.8551
projection_data.dat 6 2031 SSBUCI 98.2562
projection_data.dat 6 2031 SSBMedian 62.8952
projection_data.dat 6 2031 SSBMean 65.8323
projection_data.dat 6 2032 SSBF100 185.165
projection_data.dat 6 2032 SSBFabc 74.0658
projection_data.dat 6 2032 SSBFofl 64.8076
projection_data.dat 6 2032 SSBLCI 44.2991
projection_data.dat 6 2032 SSBUCI 102.01
projection_data.dat 6 2032 SSBMedian 64.6316
projection_data.dat 6 2032 SSBMean 68.0741
projection_data.dat 6 2033 SSBF100 185.165
projection_data.dat 6 2033 SSBFabc 74.0658
projection_data.dat 6 2033 SSBFofl 64.8076
projection_data.dat 6 2033 SSBLCI 44.7724
projection_data.dat 6 2033 SSBUCI 104.312
projection_data.dat 6 2033 SSBMedian 65.6798
projection_data.dat 6 2033 SSBMean 69.3373
projection_data.dat 6 2034 SSBF100 185.165
projection_data.dat 6 2034 SSBFabc 74.0658
projection_data.dat 6 2034 SSBFofl 64.8076
projection_data.dat 6 2034 SSBLCI 44.215
projection_data.dat 6 2034 SSBUCI 108.231
projection_data.dat 6 2034 SSBMedian 65.6734
projection_data.dat 6 2034 SSBMean 69.9205
projection_data.dat 6 2035 SSBF100 185.165
projection_data.dat 6 2035 SSBFabc 74.0658
projection_data.dat 6 2035 SSBFofl 64.8076
projection_data.dat 6 2035 SSBLCI 44.8941
projection_data.dat 6 2035 SSBUCI 109.451
projection_data.dat 6 2035 SSBMedian 65.6944
projection_data.dat 6 2035 SSBMean 70.0699
projection_data.dat 6 2036 SSBF100 185.165
projection_data.dat 6 2036 SSBFabc 74.0658
projection_data.dat 6 2036 SSBFofl 64.8076
projection_data.dat 6 2036 SSBLCI 45.9398
projection_data.dat 6 2036 SSBUCI 110.771
projection_data.dat 6 2036 SSBMedian 65.148
projection_data.dat 6 2036 SSBMean 69.9773
projection_data.dat 6 2022 F0 0 
projection_data.dat 6 2022 Fabc 0.288462
projection_data.dat 6 2022 Fofl 0.361865
projection_data.dat 6 2022  F_LCI 0.00458035
projection_data.dat 6 2022  F_UCI 0.00458035
projection_data.dat 6 2022  F_Median 0.00458035
projection_data.dat 6 2022  F_Mean 0.00458035
projection_data.dat 6 2023 F0 0 
projection_data.dat 6 2023 Fabc 0.288462
projection_data.dat 6 2023 Fofl 0.361865
projection_data.dat 6 2023  F_LCI 0.361864
projection_data.dat 6 2023  F_UCI 0.361864
projection_data.dat 6 2023  F_Median 0.361864
projection_data.dat 6 2023  F_Mean 0.361864
projection_data.dat 6 2024 F0 0 
projection_data.dat 6 2024 Fabc 0.288462
projection_data.dat 6 2024 Fofl 0.361865
projection_data.dat 6 2024  F_LCI 0.361864
projection_data.dat 6 2024  F_UCI 0.361864
projection_data.dat 6 2024  F_Median 0.361864
projection_data.dat 6 2024  F_Mean 0.361864
projection_data.dat 6 2025 F0 0 
projection_data.dat 6 2025 Fabc 0.288462
projection_data.dat 6 2025 Fofl 0.361865
projection_data.dat 6 2025  F_LCI 0.296535
projection_data.dat 6 2025  F_UCI 0.310673
projection_data.dat 6 2025  F_Median 0.299716
projection_data.dat 6 2025  F_Mean 0.30127
projection_data.dat 6 2026 F0 0 
projection_data.dat 6 2026 Fabc 0.288462
projection_data.dat 6 2026 Fofl 0.361865
projection_data.dat 6 2026  F_LCI 0.259973
projection_data.dat 6 2026  F_UCI 0.293557
projection_data.dat 6 2026  F_Median 0.268121
projection_data.dat 6 2026  F_Mean 0.271638
projection_data.dat 6 2027 F0 0 
projection_data.dat 6 2027 Fabc 0.288462
projection_data.dat 6 2027 Fofl 0.361865
projection_data.dat 6 2027  F_LCI 0.234936
projection_data.dat 6 2027  F_UCI 0.30789
projection_data.dat 6 2027  F_Median 0.253203
projection_data.dat 6 2027  F_Mean 0.260364
projection_data.dat 6 2028 F0 0 
projection_data.dat 6 2028 Fabc 0.288462
projection_data.dat 6 2028 Fofl 0.361865
projection_data.dat 6 2028  F_LCI 0.217451
projection_data.dat 6 2028  F_UCI 0.349531
projection_data.dat 6 2028  F_Median 0.253834
projection_data.dat 6 2028  F_Mean 0.263563
projection_data.dat 6 2029 F0 0 
projection_data.dat 6 2029 Fabc 0.288462
projection_data.dat 6 2029 Fofl 0.361865
projection_data.dat 6 2029  F_LCI 0.206393
projection_data.dat 6 2029  F_UCI 0.361865
projection_data.dat 6 2029  F_Median 0.266785
projection_data.dat 6 2029  F_Mean 0.275417
projection_data.dat 6 2030 F0 0 
projection_data.dat 6 2030 Fabc 0.288462
projection_data.dat 6 2030 Fofl 0.361865
projection_data.dat 6 2030  F_LCI 0.201619
projection_data.dat 6 2030  F_UCI 0.361865
projection_data.dat 6 2030  F_Median 0.285386
projection_data.dat 6 2030  F_Mean 0.288628
projection_data.dat 6 2031 F0 0 
projection_data.dat 6 2031 Fabc 0.288462
projection_data.dat 6 2031 Fofl 0.361865
projection_data.dat 6 2031  F_LCI 0.201352
projection_data.dat 6 2031  F_UCI 0.361865
projection_data.dat 6 2031  F_Median 0.304416
projection_data.dat 6 2031  F_Mean 0.298526
projection_data.dat 6 2032 F0 0 
projection_data.dat 6 2032 Fabc 0.288462
projection_data.dat 6 2032 Fofl 0.361865
projection_data.dat 6 2032  F_LCI 0.208779
projection_data.dat 6 2032  F_UCI 0.361865
projection_data.dat 6 2032  F_Median 0.313346
projection_data.dat 6 2032  F_Mean 0.304684
projection_data.dat 6 2033 F0 0 
projection_data.dat 6 2033 Fabc 0.288462
projection_data.dat 6 2033 Fofl 0.361865
projection_data.dat 6 2033  F_LCI 0.211213
projection_data.dat 6 2033  F_UCI 0.361865
projection_data.dat 6 2033  F_Median 0.318736
projection_data.dat 6 2033  F_Mean 0.307879
projection_data.dat 6 2034 F0 0 
projection_data.dat 6 2034 Fabc 0.288462
projection_data.dat 6 2034 Fofl 0.361865
projection_data.dat 6 2034  F_LCI 0.208346
projection_data.dat 6 2034  F_UCI 0.361865
projection_data.dat 6 2034  F_Median 0.318703
projection_data.dat 6 2034  F_Mean 0.309255
projection_data.dat 6 2035 F0 0 
projection_data.dat 6 2035 Fabc 0.288462
projection_data.dat 6 2035 Fofl 0.361865
projection_data.dat 6 2035  F_LCI 0.211839
projection_data.dat 6 2035  F_UCI 0.361865
projection_data.dat 6 2035  F_Median 0.318812
projection_data.dat 6 2035  F_Mean 0.309661
projection_data.dat 6 2036 F0 0 
projection_data.dat 6 2036 Fabc 0.288462
projection_data.dat 6 2036 Fofl 0.361865
projection_data.dat 6 2036  F_LCI 0.217217
projection_data.dat 6 2036  F_UCI 0.361865
projection_data.dat 6 2036  F_Median 0.316001
projection_data.dat 6 2036  F_Mean 0.309568
projection_data.dat 7 2022 Cabc 33.6231
projection_data.dat 7 2022 Cofl 36.5579
projection_data.dat 7 2022 CLCI 0.687
projection_data.dat 7 2022 CUCI 0.687
projection_data.dat 7 2022 CMedian 0.687
projection_data.dat 7 2022 CMean 0.687
projection_data.dat 7 2022 CStdn 2.9976e-15
projection_data.dat 7 2023 Cabc 33.6231
projection_data.dat 7 2023 Cofl 36.5579
projection_data.dat 7 2023 CLCI 39.472
projection_data.dat 7 2023 CUCI 39.5398
projection_data.dat 7 2023 CMedian 39.4833
projection_data.dat 7 2023 CMean 39.492
projection_data.dat 7 2023 CStdn 0.0257486
projection_data.dat 7 2024 Cabc 33.6231
projection_data.dat 7 2024 Cofl 36.5579
projection_data.dat 7 2024 CLCI 32.8397
projection_data.dat 7 2024 CUCI 33.1918
projection_data.dat 7 2024 CMedian 32.9104
projection_data.dat 7 2024 CMean 32.9517
projection_data.dat 7 2024 CStdn 0.131988
projection_data.dat 7 2025 Cabc 33.6231
projection_data.dat 7 2025 Cofl 36.5579
projection_data.dat 7 2025 CLCI 31.5028
projection_data.dat 7 2025 CUCI 34.2227
projection_data.dat 7 2025 CMedian 32.09
projection_data.dat 7 2025 CMean 32.3912
projection_data.dat 7 2025 CStdn 0.978549
projection_data.dat 7 2026 Cabc 33.6231
projection_data.dat 7 2026 Cofl 36.5579
projection_data.dat 7 2026 CLCI 22.9318
projection_data.dat 7 2026 CUCI 28.902
projection_data.dat 7 2026 CMedian 24.2919
projection_data.dat 7 2026 CMean 24.9516
projection_data.dat 7 2026 CStdn 2.18991
projection_data.dat 7 2027 Cabc 33.6231
projection_data.dat 7 2027 Cofl 36.5579
projection_data.dat 7 2027 CLCI 18.1543
projection_data.dat 7 2027 CUCI 30.819
projection_data.dat 7 2027 CMedian 20.9779
projection_data.dat 7 2027 CMean 22.3613
projection_data.dat 7 2027 CStdn 4.4317
projection_data.dat 7 2028 Cabc 33.6231
projection_data.dat 7 2028 Cofl 36.5579
projection_data.dat 7 2028 CLCI 15.2631
projection_data.dat 7 2028 CUCI 39.0599
projection_data.dat 7 2028 CMedian 20.6445
projection_data.dat 7 2028 CMean 22.857
projection_data.dat 7 2028 CStdn 7.43701
projection_data.dat 7 2029 Cabc 33.6231
projection_data.dat 7 2029 Cofl 36.5579
projection_data.dat 7 2029 CLCI 13.6574
projection_data.dat 7 2029 CUCI 44.7544
projection_data.dat 7 2029 CMedian 22.5168
projection_data.dat 7 2029 CMean 25.2844
projection_data.dat 7 2029 CStdn 10.2293
projection_data.dat 7 2030 Cabc 33.6231
projection_data.dat 7 2030 Cofl 36.5579
projection_data.dat 7 2030 CLCI 13.1232
projection_data.dat 7 2030 CUCI 50.019
projection_data.dat 7 2030 CMedian 25.4536
projection_data.dat 7 2030 CMean 28.2091
projection_data.dat 7 2030 CStdn 12.0748
projection_data.dat 7 2031 Cabc 33.6231
projection_data.dat 7 2031 Cofl 36.5579
projection_data.dat 7 2031 CLCI 13.0628
projection_data.dat 7 2031 CUCI 52.6607
projection_data.dat 7 2031 CMedian 28.5637
projection_data.dat 7 2031 CMean 30.519
projection_data.dat 7 2031 CStdn 13.0391
projection_data.dat 7 2032 Cabc 33.6231
projection_data.dat 7 2032 Cofl 36.5579
projection_data.dat 7 2032 CLCI 14.0001
projection_data.dat 7 2032 CUCI 54.4753
projection_data.dat 7 2032 CMedian 29.9927
projection_data.dat 7 2032 CMean 31.9482
projection_data.dat 7 2032 CStdn 13.5805
projection_data.dat 7 2033 Cabc 33.6231
projection_data.dat 7 2033 Cofl 36.5579
projection_data.dat 7 2033 CLCI 14.1849
projection_data.dat 7 2033 CUCI 54.8526
projection_data.dat 7 2033 CMedian 30.7772
projection_data.dat 7 2033 CMean 32.6694
projection_data.dat 7 2033 CStdn 13.8339
projection_data.dat 7 2034 Cabc 33.6231
projection_data.dat 7 2034 Cofl 36.5579
projection_data.dat 7 2034 CLCI 13.8893
projection_data.dat 7 2034 CUCI 56.8452
projection_data.dat 7 2034 CMedian 30.8887
projection_data.dat 7 2034 CMean 32.9423
projection_data.dat 7 2034 CStdn 13.8134
projection_data.dat 7 2035 Cabc 33.6231
projection_data.dat 7 2035 Cofl 36.5579
projection_data.dat 7 2035 CLCI 14.2171
projection_data.dat 7 2035 CUCI 58.02
projection_data.dat 7 2035 CMedian 30.8028
projection_data.dat 7 2035 CMean 32.9499
projection_data.dat 7 2035 CStdn 13.6482
projection_data.dat 7 2036 Cabc 33.6231
projection_data.dat 7 2036 Cofl 36.5579
projection_data.dat 7 2036 CLCI 14.8451
projection_data.dat 7 2036 CUCI 59.378
projection_data.dat 7 2036 CMedian 30.2328
projection_data.dat 7 2036 CMean 32.8369
projection_data.dat 7 2036 CStdn 13.6133
projection_data.dat 7 2022 SSBF100 185.165
projection_data.dat 7 2022 SSBFabc 74.0658
projection_data.dat 7 2022 SSBFofl 64.8076
projection_data.dat 7 2022 SSBLCI 91.8344
projection_data.dat 7 2022 SSBUCI 91.8344
projection_data.dat 7 2022 SSBMedian 91.8344
projection_data.dat 7 2022 SSBMean 91.8344
projection_data.dat 7 2023 SSBF100 185.165
projection_data.dat 7 2023 SSBFabc 74.0658
projection_data.dat 7 2023 SSBFofl 64.8076
projection_data.dat 7 2023 SSBLCI 94.0339
projection_data.dat 7 2023 SSBUCI 94.2427
projection_data.dat 7 2023 SSBMedian 94.0687
projection_data.dat 7 2023 SSBMean 94.0954
projection_data.dat 7 2024 SSBF100 185.165
projection_data.dat 7 2024 SSBFabc 74.0658
projection_data.dat 7 2024 SSBFofl 64.8076
projection_data.dat 7 2024 SSBLCI 78.2903
projection_data.dat 7 2024 SSBUCI 79.1964
projection_data.dat 7 2024 SSBMedian 78.4708
projection_data.dat 7 2024 SSBMean 78.575
projection_data.dat 7 2025 SSBF100 185.165
projection_data.dat 7 2025 SSBFabc 74.0658
projection_data.dat 7 2025 SSBFofl 64.8076
projection_data.dat 7 2025 SSBLCI 67.2782
projection_data.dat 7 2025 SSBUCI 70.03
projection_data.dat 7 2025 SSBMedian 67.8973
projection_data.dat 7 2025 SSBMean 68.1997
projection_data.dat 7 2026 SSBF100 185.165
projection_data.dat 7 2026 SSBFabc 74.0658
projection_data.dat 7 2026 SSBFofl 64.8076
projection_data.dat 7 2026 SSBLCI 57.2447
projection_data.dat 7 2026 SSBUCI 63.7386
projection_data.dat 7 2026 SSBMedian 58.8199
projection_data.dat 7 2026 SSBMean 59.511
projection_data.dat 7 2027 SSBF100 185.165
projection_data.dat 7 2027 SSBFabc 74.0658
projection_data.dat 7 2027 SSBFofl 64.8076
projection_data.dat 7 2027 SSBLCI 50.9364
projection_data.dat 7 2027 SSBUCI 65.0562
projection_data.dat 7 2027 SSBMedian 54.4725
projection_data.dat 7 2027 SSBMean 55.9002
projection_data.dat 7 2028 SSBF100 185.165
projection_data.dat 7 2028 SSBFabc 74.0658
projection_data.dat 7 2028 SSBFofl 64.8076
projection_data.dat 7 2028 SSBLCI 46.7813
projection_data.dat 7 2028 SSBUCI 72.3554
projection_data.dat 7 2028 SSBMedian 53.824
projection_data.dat 7 2028 SSBMean 56.0282
projection_data.dat 7 2029 SSBF100 185.165
projection_data.dat 7 2029 SSBFabc 74.0658
projection_data.dat 7 2029 SSBFofl 64.8076
projection_data.dat 7 2029 SSBLCI 44.2212
projection_data.dat 7 2029 SSBUCI 82.6356
projection_data.dat 7 2029 SSBMedian 55.8873
projection_data.dat 7 2029 SSBMean 58.8268
projection_data.dat 7 2030 SSBF100 185.165
projection_data.dat 7 2030 SSBFabc 74.0658
projection_data.dat 7 2030 SSBFofl 64.8076
projection_data.dat 7 2030 SSBLCI 43.0974
projection_data.dat 7 2030 SSBUCI 91.4954
projection_data.dat 7 2030 SSBMedian 59.3069
projection_data.dat 7 2030 SSBMean 62.5922
projection_data.dat 7 2031 SSBF100 185.165
projection_data.dat 7 2031 SSBFabc 74.0658
projection_data.dat 7 2031 SSBFofl 64.8076
projection_data.dat 7 2031 SSBLCI 42.9185
projection_data.dat 7 2031 SSBUCI 98.3619
projection_data.dat 7 2031 SSBMedian 62.9096
projection_data.dat 7 2031 SSBMean 65.852
projection_data.dat 7 2032 SSBF100 185.165
projection_data.dat 7 2032 SSBFabc 74.0658
projection_data.dat 7 2032 SSBFofl 64.8076
projection_data.dat 7 2032 SSBLCI 44.3196
projection_data.dat 7 2032 SSBUCI 101.992
projection_data.dat 7 2032 SSBMedian 64.6157
projection_data.dat 7 2032 SSBMean 68.0588
projection_data.dat 7 2033 SSBF100 185.165
projection_data.dat 7 2033 SSBFabc 74.0658
projection_data.dat 7 2033 SSBFofl 64.8076
projection_data.dat 7 2033 SSBLCI 44.7564
projection_data.dat 7 2033 SSBUCI 104.28
projection_data.dat 7 2033 SSBMedian 65.65
projection_data.dat 7 2033 SSBMean 69.3156
projection_data.dat 7 2034 SSBF100 185.165
projection_data.dat 7 2034 SSBFabc 74.0658
projection_data.dat 7 2034 SSBFofl 64.8076
projection_data.dat 7 2034 SSBLCI 44.2001
projection_data.dat 7 2034 SSBUCI 108.206
projection_data.dat 7 2034 SSBMedian 65.6611
projection_data.dat 7 2034 SSBMean 69.9028
projection_data.dat 7 2035 SSBF100 185.165
projection_data.dat 7 2035 SSBFabc 74.0658
projection_data.dat 7 2035 SSBFofl 64.8076
projection_data.dat 7 2035 SSBLCI 44.8848
projection_data.dat 7 2035 SSBUCI 109.442
projection_data.dat 7 2035 SSBMedian 65.6865
projection_data.dat 7 2035 SSBMean 70.0581
projection_data.dat 7 2036 SSBF100 185.165
projection_data.dat 7 2036 SSBFabc 74.0658
projection_data.dat 7 2036 SSBFofl 64.8076
projection_data.dat 7 2036 SSBLCI 45.9349
projection_data.dat 7 2036 SSBUCI 110.766
projection_data.dat 7 2036 SSBMedian 65.1441
projection_data.dat 7 2036 SSBMean 69.9704
projection_data.dat 7 2022 F0 0 
projection_data.dat 7 2022 Fabc 0.288462
projection_data.dat 7 2022 Fofl 0.361865
projection_data.dat 7 2022  F_LCI 0.00458035
projection_data.dat 7 2022  F_UCI 0.00458035
projection_data.dat 7 2022  F_Median 0.00458035
projection_data.dat 7 2022  F_Mean 0.00458035
projection_data.dat 7 2023 F0 0 
projection_data.dat 7 2023 Fabc 0.288462
projection_data.dat 7 2023 Fofl 0.361865
projection_data.dat 7 2023  F_LCI 0.288462
projection_data.dat 7 2023  F_UCI 0.288462
projection_data.dat 7 2023  F_Median 0.288462
projection_data.dat 7 2023  F_Mean 0.288462
projection_data.dat 7 2024 F0 0 
projection_data.dat 7 2024 Fabc 0.288462
projection_data.dat 7 2024 Fofl 0.361865
projection_data.dat 7 2024  F_LCI 0.288462
projection_data.dat 7 2024  F_UCI 0.288462
projection_data.dat 7 2024  F_Median 0.288462
projection_data.dat 7 2024  F_Mean 0.288462
projection_data.dat 7 2025 F0 0 
projection_data.dat 7 2025 Fabc 0.288462
projection_data.dat 7 2025 Fofl 0.361865
projection_data.dat 7 2025  F_LCI 0.326957
projection_data.dat 7 2025  F_UCI 0.341109
projection_data.dat 7 2025  F_Median 0.330141
projection_data.dat 7 2025  F_Mean 0.331666
projection_data.dat 7 2026 F0 0 
projection_data.dat 7 2026 Fabc 0.288462
projection_data.dat 7 2026 Fofl 0.361865
projection_data.dat 7 2026  F_LCI 0.275356
projection_data.dat 7 2026  F_UCI 0.308753
projection_data.dat 7 2026  F_Median 0.283457
projection_data.dat 7 2026  F_Mean 0.286941
projection_data.dat 7 2027 F0 0 
projection_data.dat 7 2027 Fabc 0.288462
projection_data.dat 7 2027 Fofl 0.361865
projection_data.dat 7 2027  F_LCI 0.242913
projection_data.dat 7 2027  F_UCI 0.31553
projection_data.dat 7 2027  F_Median 0.261099
projection_data.dat 7 2027  F_Mean 0.268151
projection_data.dat 7 2028 F0 0 
projection_data.dat 7 2028 Fabc 0.288462
projection_data.dat 7 2028 Fofl 0.361865
projection_data.dat 7 2028  F_LCI 0.221544
projection_data.dat 7 2028  F_UCI 0.353069
projection_data.dat 7 2028  F_Median 0.257764
projection_data.dat 7 2028  F_Mean 0.267266
projection_data.dat 7 2029 F0 0 
projection_data.dat 7 2029 Fabc 0.288462
projection_data.dat 7 2029 Fofl 0.361865
projection_data.dat 7 2029  F_LCI 0.208378
projection_data.dat 7 2029  F_UCI 0.361865
projection_data.dat 7 2029  F_Median 0.268375
projection_data.dat 7 2029  F_Mean 0.276976
projection_data.dat 7 2030 F0 0 
projection_data.dat 7 2030 Fabc 0.288462
projection_data.dat 7 2030 Fofl 0.361865
projection_data.dat 7 2030  F_LCI 0.202599
projection_data.dat 7 2030  F_UCI 0.361865
projection_data.dat 7 2030  F_Median 0.285962
projection_data.dat 7 2030  F_Mean 0.289152
projection_data.dat 7 2031 F0 0 
projection_data.dat 7 2031 Fabc 0.288462
projection_data.dat 7 2031 Fofl 0.361865
projection_data.dat 7 2031  F_LCI 0.201678
projection_data.dat 7 2031  F_UCI 0.361865
projection_data.dat 7 2031  F_Median 0.30449
projection_data.dat 7 2031  F_Mean 0.298629
projection_data.dat 7 2032 F0 0 
projection_data.dat 7 2032 Fabc 0.288462
projection_data.dat 7 2032 Fofl 0.361865
projection_data.dat 7 2032  F_LCI 0.208884
projection_data.dat 7 2032  F_UCI 0.361865
projection_data.dat 7 2032  F_Median 0.313264
projection_data.dat 7 2032  F_Mean 0.304647
projection_data.dat 7 2033 F0 0 
projection_data.dat 7 2033 Fabc 0.288462
projection_data.dat 7 2033 Fofl 0.361865
projection_data.dat 7 2033  F_LCI 0.211131
projection_data.dat 7 2033  F_UCI 0.361865
projection_data.dat 7 2033  F_Median 0.318583
projection_data.dat 7 2033  F_Mean 0.307815
projection_data.dat 7 2034 F0 0 
projection_data.dat 7 2034 Fabc 0.288462
projection_data.dat 7 2034 Fofl 0.361865
projection_data.dat 7 2034  F_LCI 0.20827
projection_data.dat 7 2034  F_UCI 0.361865
projection_data.dat 7 2034  F_Median 0.318641
projection_data.dat 7 2034  F_Mean 0.309203
projection_data.dat 7 2035 F0 0 
projection_data.dat 7 2035 Fabc 0.288462
projection_data.dat 7 2035 Fofl 0.361865
projection_data.dat 7 2035  F_LCI 0.211791
projection_data.dat 7 2035  F_UCI 0.361865
projection_data.dat 7 2035  F_Median 0.318771
projection_data.dat 7 2035  F_Mean 0.309626
projection_data.dat 7 2036 F0 0 
projection_data.dat 7 2036 Fabc 0.288462
projection_data.dat 7 2036 Fofl 0.361865
projection_data.dat 7 2036  F_LCI 0.217191
projection_data.dat 7 2036  F_UCI 0.361865
projection_data.dat 7 2036  F_Median 0.315982
projection_data.dat 7 2036  F_Mean 0.309547
