Alternative 1 Catch
     goa_wp 
Equil_Fabc 225099 
Year 
2023 145215 
2024 232543 
2025 157687 
2026 113803 
2027 122764 
2028 135561 
2029 161526 
2030 182755 
2031 194145 
2032 188578 
2033 198780 
2034 201241 
2035 196063 
2036 194826 

Alternative 1 ABCs
     goa_wp 

Year 
2023 218454 
2024 232543 
2025 157687 
2026 113803 
2027 122764 
2028 135561 
2029 161526 
2030 182755 
2031 194145 
2032 188578 
2033 198780 
2034 201241 
2035 196063 
2036 194826 

Alternative 1 TACs
     goa_wp 

Year 
2023  NA 
2024 232543 
2025 157687 
2026 113803 
2027 122764 
2028 135561 
2029 161526 
2030 182755 
2031 194145 
2032 188578 
2033 198780 
2034 201241 
2035 196063 
2036 194826 

Alternative 1 Sp_Biomass
     goa_wp 
Equil_Fabc 201861 
Year 
2023 293675 
2024 274141 
2025 227091 
2026 180024 
2027 151890 
2028 156257 
2029 174975 
2030 194454 
2031 211764 
2032 215293 
2033 218138 
2034 219649 
2035 222020 
2036 220012 

Alternative 1 Fishing Mortality
     goa_wp 
Equil_Fabc 0.259937 
Year 
2023 0.167347 
2024 0.259937 
2025 0.259937 
2026 0.227366 
2027 0.174712 
2028 0.122305 
2029 0.11096 
2030 0.122395 
2031 0.130321 
2032 0.135792 
2033 0.140898 
2034 0.142759 
2035 0.142186 
2036 0.142076 

Alternative 1 Biomass
     goa_wp 

Year 
2023 1.48226e+06 
2024 1.69237e+06 
2025 1.52909e+06 
2026 1.73184e+06 
2027 1.8501e+06 
2028 2.08285e+06 
2029 1.99497e+06 
2030 2.14348e+06 
2031 2.18689e+06 
2032 2.16048e+06 
2033 2.13098e+06 
2034 2.18769e+06 
2035 2.21131e+06 
2036 2.21702e+06 

Alternative 1 Implied SPR rate 
     goa_wp 
Equil_Fabc 0.4 
Year 
2023 0.533523 
2024 0.4 
2025 0.4 
2026 0.441012 
2027 0.524575 
2028 0.67336 
2029 0.71698 
2030 0.692499 
2031 0.673771 
2032 0.659701 
2033 0.647658 
2034 0.643787 
2035 0.647694 
2036 0.648386 

  goa_wp 
EquilAvgAgeF0  2.20663 
EquilAvgAgeFabc  1.77572 
AvgAgeYr2036 42.6534 
Alternative 2 Catch
     goa_wp 
Equil_Fabc 225099 
Year 
2023 145215 
2024 232543 
2025 157687 
2026 113774 
2027 117623 
2028 131812 
2029 155034 
2030 179463 
2031 183227 
2032 185643 
2033 196041 
2034 198473 
2035 194222 
2036 192460 

Alternative 2 ABCs
     goa_wp 

Year 
2023 218454 
2024 232543 
2025 157687 
2026 113803 
2027 122770 
2028 136433 
2029 162842 
2030 184905 
2031 196393 
2032 192174 
2033 202034 
2034 204275 
2035 198789 
2036 197188 

Alternative 2 TACs
     goa_wp 

Year 
2023  NA 
2024 232543 
2025 157687 
2026 113803 
2027 122770 
2028 136433 
2029 162842 
2030 184905 
2031 196393 
2032 192174 
2033 202034 
2034 204275 
2035 198789 
2036 197188 

Alternative 2 Sp_Biomass
     goa_wp 
Equil_Fabc 201861 
Year 
2023 293675 
2024 274141 
2025 227091 
2026 180024 
2027 151997 
2028 157200 
2029 176902 
2030 197172 
2031 215200 
2032 219998 
2033 223373 
2034 224353 
2035 226540 
2036 224031 

Alternative 2 Fishing Mortality
     goa_wp 
Equil_Fabc 0.259937 
Year 
2023 0.167347 
2024 0.259937 
2025 0.259937 
2026 0.227362 
2027 0.17434 
2028 0.121877 
2029 0.110285 
2030 0.121975 
2031 0.129308 
2032 0.135182 
2033 0.140381 
2034 0.14222 
2035 0.141709 
2036 0.141614 

Alternative 2 Biomass
     goa_wp 

Year 
2023 1.48226e+06 
2024 1.69237e+06 
2025 1.52909e+06 
2026 1.73184e+06 
2027 1.85013e+06 
2028 2.08654e+06 
2029 2.00071e+06 
2030 2.15276e+06 
2031 2.19677e+06 
2032 2.17611e+06 
2033 2.14588e+06 
2034 2.20149e+06 
2035 2.22422e+06 
2036 2.22853e+06 

Alternative 2 Implied SPR rate 
     goa_wp 
Equil_Fabc 0.4 
Year 
2023 0.533523 
2024 0.4 
2025 0.4 
2026 0.441017 
2027 0.525161 
2028 0.673975 
2029 0.717965 
2030 0.693137 
2031 0.675328 
2032 0.660574 
2033 0.648412 
2034 0.644557 
2035 0.648342 
2036 0.64903 

  goa_wp 
EquilAvgAgeF0  2.20663 
EquilAvgAgeFabc  1.77572 
AvgAgeYr2036 42.6809 
Alternative 3 Catch
     goa_wp 
Equil_Fabc 225099 
Year 
2023 145215 
2024 138673 
2025 103543 
2026 86493.2 
2027 99977.9 
2028 113212 
2029 132022 
2030 141262 
2031 150843 
2032 149355 
2033 154517 
2034 156419 
2035 153062 
2036 151932 

Alternative 3 ABCs
     goa_wp 

Year 
2023 218454 
2024 232543 
2025 173261 
2026 145763 
2027 153054 
2028 168416 
2029 189734 
2030 206632 
2031 219948 
2032 216377 
2033 226233 
2034 231011 
2035 226725 
2036 226675 

Alternative 3 TACs
     goa_wp 

Year 
2023  NA 
2024 138673 
2025 103543 
2026 86493.2 
2027 99977.9 
2028 113212 
2029 132022 
2030 141262 
2031 150843 
2032 149355 
2033 154517 
2034 156419 
2035 153062 
2036 151932 

Alternative 3 Sp_Biomass
     goa_wp 
Equil_Fabc 201861 
Year 
2023 293675 
2024 279186 
2025 252893 
2026 218034 
2027 187884 
2028 189199 
2029 206316 
2030 227501 
2031 249593 
2032 257448 
2033 263797 
2034 267299 
2035 272481 
2036 271914 

Alternative 3 Fishing Mortality
     goa_wp 
Equil_Fabc 0.259937 
Year 
2023 0.167347 
2024 0.148252 
2025 0.148252 
2026 0.148252 
2027 0.148252 
2028 0.148252 
2029 0.148252 
2030 0.148252 
2031 0.148252 
2032 0.148252 
2033 0.148252 
2034 0.148252 
2035 0.148252 
2036 0.148252 

Alternative 3 Biomass
     goa_wp 

Year 
2023 1.48226e+06 
2024 1.69237e+06 
2025 1.60005e+06 
2026 1.83072e+06 
2027 1.95176e+06 
2028 2.17988e+06 
2029 2.08731e+06 
2030 2.23804e+06 
2031 2.29412e+06 
2032 2.27778e+06 
2033 2.25479e+06 
2034 2.31948e+06 
2035 2.34926e+06 
2036 2.35835e+06 

Alternative 3 Implied SPR rate 
     goa_wp 
Equil_Fabc 0.4 
Year 
2023 0.533523 
2024 0.56897 
2025 0.56897 
2026 0.56897 
2027 0.56897 
2028 0.56897 
2029 0.56897 
2030 0.56897 
2031 0.56897 
2032 0.56897 
2033 0.56897 
2034 0.56897 
2035 0.56897 
2036 0.56897 

  goa_wp 
EquilAvgAgeF0  2.20663 
EquilAvgAgeFabc  1.77572 
AvgAgeYr2036 44.0363 
Alternative 4 Catch
     goa_wp 
Equil_Fabc 225099 
Year 
2023 145215 
2024 69210.6 
2025 55242.7 
2026 47958 
2027 55088.7 
2028 62238 
2029 72656.2 
2030 76266.6 
2031 81559.9 
2032 81648.2 
2033 84484 
2034 85953.9 
2035 84396.6 
2036 84102 

Alternative 4 ABCs
     goa_wp 

Year 
2023 218454 
2024 232543 
2025 184874 
2026 162230 
2027 182758 
2028 198537 
2029 227803 
2030 243694 
2031 261411 
2032 262432 
2033 273442 
2034 279001 
2035 275207 
2036 275025 

Alternative 4 TACs
     goa_wp 

Year 
2023  NA 
2024 69210.6 
2025 55242.7 
2026 47958 
2027 55088.7 
2028 62238 
2029 72656.2 
2030 76266.6 
2031 81559.9 
2032 81648.2 
2033 84484 
2034 85953.9 
2035 84396.6 
2036 84102 

Alternative 4 Sp_Biomass
     goa_wp 
Equil_Fabc 201861 
Year 
2023 293675 
2024 282703 
2025 272442 
2026 250203 
2027 224148 
2028 229410 
2029 250778 
2030 278907 
2031 309291 
2032 324777 
2033 337945 
2034 345692 
2035 355200 
2036 357105 

Alternative 4 Fishing Mortality
     goa_wp 
Equil_Fabc 0.259937 
Year 
2023 0.167347 
2024 0.0717286 
2025 0.0717286 
2026 0.0717286 
2027 0.0717286 
2028 0.0717286 
2029 0.0717286 
2030 0.0631212 
2031 0.0575981 
2032 0.0555897 
2033 0.0555179 
2034 0.0556614 
2035 0.0562352 
2036 0.0565939 

Alternative 4 Biomass
     goa_wp 

Year 
2023 1.48226e+06 
2024 1.69237e+06 
2025 1.65284e+06 
2026 1.91076e+06 
2027 2.04733e+06 
2028 2.29012e+06 
2029 2.2124e+06 
2030 2.38191e+06 
2031 2.45887e+06 
2032 2.46149e+06 
2033 2.45356e+06 
2034 2.53057e+06 
2035 2.56969e+06 
2036 2.58428e+06 

Alternative 4 Implied SPR rate 
     goa_wp 
Equil_Fabc 0.4 
Year 
2023 0.533523 
2024 0.75 
2025 0.75 
2026 0.75 
2027 0.75 
2028 0.75 
2029 0.75 
2030 0.78 
2031 0.79925 
2032 0.80625 
2033 0.8065 
2034 0.806 
2035 0.804 
2036 0.80275 

  goa_wp 
EquilAvgAgeF0  2.20663 
EquilAvgAgeFabc  1.77572 
AvgAgeYr2036 46.6635 
Alternative 5 Catch
     goa_wp 
Equil_Fabc 225099 
Year 
2023 145215 
2024  NA 
2025  NA 
2026  NA 
2027  NA 
2028  NA 
2029  NA 
2030  NA 
2031  NA 
2032  NA 
2033  NA 
2034  NA 
2035  NA 
2036  NA 

Alternative 5 ABCs
     goa_wp 

Year 
2023 218454 
2024 232543 
2025 196514 
2026 179941 
2027 207218 
2028 232285 
2029 264749 
2030 282383 
2031 308565 
2032 314622 
2033 325502 
2034 332869 
2035 328409 
2036 328014 

Alternative 5 TACs
     goa_wp 

Year 
2023  NA 
2024  NA 
2025  NA 
2026  NA 
2027  NA 
2028  NA 
2029  NA 
2030  NA 
2031  NA 
2032  NA 
2033  NA 
2034  NA 
2035  NA 
2036  NA 

Alternative 5 Sp_Biomass
     goa_wp 
Equil_Fabc 201861 
Year 
2023 293675 
2024 286045 
2025 292286 
2026 285175 
2027 266033 
2028 277724 
2029 305141 
2030 342332 
2031 382504 
2032 407261 
2033 429242 
2034 442652 
2035 457824 
2036 463130 

Alternative 5 Fishing Mortality
     goa_wp 
Equil_Fabc 0.259937 
Year 
2023 0.167347 
2024  NA 
2025  NA 
2026  NA 
2027  NA 
2028  NA 
2029  NA 
2030  NA 
2031  NA 
2032  NA 
2033  NA 
2034  NA 
2035  NA 
2036  NA 

Alternative 5 Biomass
     goa_wp 

Year 
2023 1.48226e+06 
2024 1.69237e+06 
2025 1.70564e+06 
2026 1.99643e+06 
2027 2.15508e+06 
2028 2.41822e+06 
2029 2.35991e+06 
2030 2.55347e+06 
2031 2.65409e+06 
2032 2.67862e+06 
2033 2.68922e+06 
2034 2.78142e+06 
2035 2.83264e+06 
2036 2.85482e+06 

Alternative 5 Implied SPR rate 
     goa_wp 
Equil_Fabc 0.4 
Year 
2023 0.533523 
2024 1 
2025 1 
2026 1 
2027 1 
2028 1 
2029 1 
2030 1 
2031 1 
2032 1 
2033 1 
2034 1 
2035 1 
2036 1 

  goa_wp 
EquilAvgAgeF0  2.20663 
EquilAvgAgeFabc  1.77572 
AvgAgeYr2036 49.3407 
Alternative 6 Catch
     goa_wp 
Equil_Fabc 225099 
Year 
2023 145215 
2024 269916 
2025 175757 
2026 117702 
2027 132273 
2028 156706 
2029 189288 
2030 209047 
2031 218899 
2032 209111 
2033 220168 
2034 222541 
2035 217338 
2036 216153 

Alternative 6 ABCs
     goa_wp 

Year 
2023 218454 
2024 232543 
2025 151528 
2026 101315 
2027 113603 
2028 122131 
2029 150483 
2030 169999 
2031 178198 
2032 169705 
2033 179824 
2034 182072 
2035 178275 
2036 176644 

Alternative 6 TACs
     goa_wp 

Year 
2023  NA 
2024 269916 
2025 175757 
2026 117702 
2027 132273 
2028 156706 
2029 189288 
2030 209047 
2031 218899 
2032 209111 
2033 220168 
2034 222541 
2035 217338 
2036 216153 

Alternative 6 Sp_Biomass
     goa_wp 
Equil_Fabc 201861 
Year 
2023 293675 
2024 272029 
2025 217023 
2026 166535 
2027 140382 
2028 144585 
2029 160531 
2030 176233 
2031 190182 
2032 191372 
2033 192914 
2034 194040 
2035 195743 
2036 193477 

Alternative 6 Fishing Mortality
     goa_wp 
Equil_Fabc 0.259937 
Year 
2023 0.167347 
2024 0.3074 
2025 0.3074 
2026 0.248158 
2027 0.190318 
2028 0.174614 
2029 0.172749 
2030 0.177932 
2031 0.180966 
2032 0.182474 
2033 0.185238 
2034 0.18727 
2035 0.188385 
2036 0.188168 

Alternative 6 Biomass
     goa_wp 

Year 
2023 1.48226e+06 
2024 1.69237e+06 
2025 1.50097e+06 
2026 1.69538e+06 
2027 1.81761e+06 
2028 2.05017e+06 
2029 1.95308e+06 
2030 2.08919e+06 
2031 2.12325e+06 
2032 2.0911e+06 
2033 2.05974e+06 
2034 2.11494e+06 
2035 2.13768e+06 
2036 2.14268e+06 

Alternative 6 Implied SPR rate 
     goa_wp 
Equil_Fabc 0.4 
Year 
2023 0.533523 
2024 0.35 
2025 0.35 
2026 0.414589 
2027 0.500575 
2028 0.53537 
2029 0.547455 
2030 0.543912 
2031 0.540994 
2032 0.53896 
2033 0.534802 
2034 0.53222 
2035 0.530785 
2036 0.531489 

  goa_wp 
EquilAvgAgeF0  2.20663 
EquilAvgAgeFabc  1.77572 
AvgAgeYr2036 41.5501 
Alternative 7 Catch
     goa_wp 
Equil_Fabc 225099 
Year 
2023 145215 
2024 232543 
2025 157687 
2026 132031 
2027 138195 
2028 159486 
2029 190600 
2030 209440 
2031 219045 
2032 209182 
2033 220194 
2034 222555 
2035 217346 
2036 216158 

Alternative 7 ABCs
     goa_wp 

Year 
2023 218454 
2024 232543 
2025 157687 
2026 113803 
2027 118719 
2028 126493 
2029 151931 
2030 170309 
2031 178516 
2032 169810 
2033 179944 
2034 182101 
2035 178270 
2036 176642 

Alternative 7 TACs
     goa_wp 

Year 
2023  NA 
2024 269916 
2025 182891 
2026 132031 
2027 138195 
2028 159486 
2029 190600 
2030 209440 
2031 219045 
2032 209182 
2033 220194 
2034 222555 
2035 217346 
2036 216158 

Alternative 7 Sp_Biomass
     goa_wp 
Equil_Fabc 201861 
Year 
2023 293675 
2024 274141 
2025 227091 
2026 178829 
2027 147036 
2028 148566 
2029 162733 
2030 177480 
2031 190880 
2032 191772 
2033 193145 
2034 194176 
2035 195822 
2036 193524 

Alternative 7 Fishing Mortality
     goa_wp 
Equil_Fabc 0.259937 
Year 
2023 0.167347 
2024 0.259937 
2025 0.259937 
2026 0.267091 
2027 0.200143 
2028 0.180189 
2029 0.175722 
2030 0.179562 
2031 0.181877 
2032 0.182998 
2033 0.185535 
2034 0.187438 
2035 0.188482 
2036 0.188225 

Alternative 7 Biomass
     goa_wp 

Year 
2023 1.48226e+06 
2024 1.69237e+06 
2025 1.52909e+06 
2026 1.73184e+06 
2027 1.83506e+06 
2028 2.05912e+06 
2029 1.95756e+06 
2030 2.09139e+06 
2031 2.12444e+06 
2032 2.09177e+06 
2033 2.06012e+06 
2034 2.11516e+06 
2035 2.13781e+06 
2036 2.14276e+06 

Alternative 7 Implied SPR rate 
     goa_wp 
Equil_Fabc 0.4 
Year 
2023 0.533523 
2024 0.4 
2025 0.4 
2026 0.39212 
2027 0.484508 
2028 0.524745 
2029 0.541206 
2030 0.540293 
2031 0.538914 
2032 0.537755 
2033 0.534121 
2034 0.531835 
2035 0.530563 
2036 0.53136 

  goa_wp 
EquilAvgAgeF0  2.20663 
EquilAvgAgeFabc  1.77572 
AvgAgeYr2036 41.7427 
