goa_wp 1 2023 Cabc 225099
goa_wp 1 2023 Cofl 245148
goa_wp 1 2023 CLCI 145215
goa_wp 1 2023 CUCI 145215
goa_wp 1 2023 CMedian 145215
goa_wp 1 2023 CMean 145215
goa_wp 1 2023 CStdn 1.74623e-09
goa_wp 1 2024 Cabc 225099
goa_wp 1 2024 Cofl 245148
goa_wp 1 2024 CLCI 231996
goa_wp 1 2024 CUCI 234556
goa_wp 1 2024 CMedian 232069
goa_wp 1 2024 CMean 232543
goa_wp 1 2024 CStdn 2067.52
goa_wp 1 2025 Cabc 225099
goa_wp 1 2025 Cofl 245148
goa_wp 1 2025 CLCI 152710
goa_wp 1 2025 CUCI 174620
goa_wp 1 2025 CMedian 153591
goa_wp 1 2025 CMean 157687
goa_wp 1 2025 CStdn 17553.2
goa_wp 1 2026 Cabc 225099
goa_wp 1 2026 Cofl 245148
goa_wp 1 2026 CLCI 79160.4
goa_wp 1 2026 CUCI 238870
goa_wp 1 2026 CMedian 85484.6
goa_wp 1 2026 CMean 113803
goa_wp 1 2026 CStdn 118819
goa_wp 1 2027 Cabc 225099
goa_wp 1 2027 Cofl 245148
goa_wp 1 2027 CLCI 35106.5
goa_wp 1 2027 CUCI 419503
goa_wp 1 2027 CMedian 51314.3
goa_wp 1 2027 CMean 122764
goa_wp 1 2027 CStdn 270128
goa_wp 1 2028 Cabc 225099
goa_wp 1 2028 Cofl 245148
goa_wp 1 2028 CLCI 0
goa_wp 1 2028 CUCI 587958
goa_wp 1 2028 CMedian 44878.3
goa_wp 1 2028 CMean 135561
goa_wp 1 2028 CStdn 301806
goa_wp 1 2029 Cabc 225099
goa_wp 1 2029 Cofl 245148
goa_wp 1 2029 CLCI 0
goa_wp 1 2029 CUCI 665258
goa_wp 1 2029 CMedian 47726.3
goa_wp 1 2029 CMean 161526
goa_wp 1 2029 CStdn 365724
goa_wp 1 2030 Cabc 225099
goa_wp 1 2030 Cofl 245148
goa_wp 1 2030 CLCI 0
goa_wp 1 2030 CUCI 862889
goa_wp 1 2030 CMedian 55694.5
goa_wp 1 2030 CMean 182755
goa_wp 1 2030 CStdn 363697
goa_wp 1 2031 Cabc 225099
goa_wp 1 2031 Cofl 245148
goa_wp 1 2031 CLCI 0
goa_wp 1 2031 CUCI 801371
goa_wp 1 2031 CMedian 64244.8
goa_wp 1 2031 CMean 194145
goa_wp 1 2031 CStdn 411487
goa_wp 1 2032 Cabc 225099
goa_wp 1 2032 Cofl 245148
goa_wp 1 2032 CLCI 0
goa_wp 1 2032 CUCI 737869
goa_wp 1 2032 CMedian 73384.8
goa_wp 1 2032 CMean 188578
goa_wp 1 2032 CStdn 343838
goa_wp 1 2033 Cabc 225099
goa_wp 1 2033 Cofl 245148
goa_wp 1 2033 CLCI 0
goa_wp 1 2033 CUCI 819599
goa_wp 1 2033 CMedian 77392.7
goa_wp 1 2033 CMean 198780
goa_wp 1 2033 CStdn 361489
goa_wp 1 2034 Cabc 225099
goa_wp 1 2034 Cofl 245148
goa_wp 1 2034 CLCI 0
goa_wp 1 2034 CUCI 810829
goa_wp 1 2034 CMedian 79027.1
goa_wp 1 2034 CMean 201241
goa_wp 1 2034 CStdn 355919
goa_wp 1 2035 Cabc 225099
goa_wp 1 2035 Cofl 245148
goa_wp 1 2035 CLCI 0
goa_wp 1 2035 CUCI 794930
goa_wp 1 2035 CMedian 77229.2
goa_wp 1 2035 CMean 196063
goa_wp 1 2035 CStdn 342168
goa_wp 1 2036 Cabc 225099
goa_wp 1 2036 Cofl 245148
goa_wp 1 2036 CLCI 0
goa_wp 1 2036 CUCI 799427
goa_wp 1 2036 CMedian 71899.1
goa_wp 1 2036 CMean 194826
goa_wp 1 2036 CStdn 351715
goa_wp 1 2023 SSBF100 504652
goa_wp 1 2023 SSBFabc 201861
goa_wp 1 2023 SSBFofl 176628
goa_wp 1 2023 SSBLCI 293675
goa_wp 1 2023 SSBUCI 293675
goa_wp 1 2023 SSBMedian 293675
goa_wp 1 2023 SSBMean 293675
goa_wp 1 2024 SSBF100 504652
goa_wp 1 2024 SSBFabc 201861
goa_wp 1 2024 SSBFofl 176628
goa_wp 1 2024 SSBLCI 274141
goa_wp 1 2024 SSBUCI 274144
goa_wp 1 2024 SSBMedian 274141
goa_wp 1 2024 SSBMean 274141
goa_wp 1 2025 SSBF100 504652
goa_wp 1 2025 SSBFabc 201861
goa_wp 1 2025 SSBFofl 176628
goa_wp 1 2025 SSBLCI 226024
goa_wp 1 2025 SSBUCI 231013
goa_wp 1 2025 SSBMedian 226166
goa_wp 1 2025 SSBMean 227091
goa_wp 1 2026 SSBF100 504652
goa_wp 1 2026 SSBFabc 201861
goa_wp 1 2026 SSBFofl 176628
goa_wp 1 2026 SSBLCI 173647
goa_wp 1 2026 SSBUCI 200777
goa_wp 1 2026 SSBMedian 174841
goa_wp 1 2026 SSBMean 180024
goa_wp 1 2027 SSBF100 504652
goa_wp 1 2027 SSBFabc 201861
goa_wp 1 2027 SSBFofl 176628
goa_wp 1 2027 SSBLCI 121638
goa_wp 1 2027 SSBUCI 245126
goa_wp 1 2027 SSBMedian 128355
goa_wp 1 2027 SSBMean 151890
goa_wp 1 2028 SSBF100 504652
goa_wp 1 2028 SSBFabc 201861
goa_wp 1 2028 SSBFofl 176628
goa_wp 1 2028 SSBLCI 93790.1
goa_wp 1 2028 SSBUCI 350680
goa_wp 1 2028 SSBMedian 109335
goa_wp 1 2028 SSBMean 156257
goa_wp 1 2029 SSBF100 504652
goa_wp 1 2029 SSBFabc 201861
goa_wp 1 2029 SSBFofl 176628
goa_wp 1 2029 SSBLCI 77581.6
goa_wp 1 2029 SSBUCI 466862
goa_wp 1 2029 SSBMedian 107586
goa_wp 1 2029 SSBMean 174975
goa_wp 1 2030 SSBF100 504652
goa_wp 1 2030 SSBFabc 201861
goa_wp 1 2030 SSBFofl 176628
goa_wp 1 2030 SSBLCI 69429
goa_wp 1 2030 SSBUCI 531486
goa_wp 1 2030 SSBMedian 114657
goa_wp 1 2030 SSBMean 194454
goa_wp 1 2031 SSBF100 504652
goa_wp 1 2031 SSBFabc 201861
goa_wp 1 2031 SSBFofl 176628
goa_wp 1 2031 SSBLCI 63937
goa_wp 1 2031 SSBUCI 650260
goa_wp 1 2031 SSBMedian 120824
goa_wp 1 2031 SSBMean 211764
goa_wp 1 2032 SSBF100 504652
goa_wp 1 2032 SSBFabc 201861
goa_wp 1 2032 SSBFofl 176628
goa_wp 1 2032 SSBLCI 61161.4
goa_wp 1 2032 SSBUCI 669183
goa_wp 1 2032 SSBMedian 123439
goa_wp 1 2032 SSBMean 215293
goa_wp 1 2033 SSBF100 504652
goa_wp 1 2033 SSBFabc 201861
goa_wp 1 2033 SSBFofl 176628
goa_wp 1 2033 SSBLCI 60019.7
goa_wp 1 2033 SSBUCI 661852
goa_wp 1 2033 SSBMedian 127867
goa_wp 1 2033 SSBMean 218138
goa_wp 1 2034 SSBF100 504652
goa_wp 1 2034 SSBFabc 201861
goa_wp 1 2034 SSBFofl 176628
goa_wp 1 2034 SSBLCI 59884.2
goa_wp 1 2034 SSBUCI 670792
goa_wp 1 2034 SSBMedian 131111
goa_wp 1 2034 SSBMean 219649
goa_wp 1 2035 SSBF100 504652
goa_wp 1 2035 SSBFabc 201861
goa_wp 1 2035 SSBFofl 176628
goa_wp 1 2035 SSBLCI 61690.8
goa_wp 1 2035 SSBUCI 697642
goa_wp 1 2035 SSBMedian 132034
goa_wp 1 2035 SSBMean 222020
goa_wp 1 2036 SSBF100 504652
goa_wp 1 2036 SSBFabc 201861
goa_wp 1 2036 SSBFofl 176628
goa_wp 1 2036 SSBLCI 61227.8
goa_wp 1 2036 SSBUCI 650892
goa_wp 1 2036 SSBMedian 129175
goa_wp 1 2036 SSBMean 220012
goa_wp 1 2023 F0 0 
goa_wp 1 2023 Fabc 0.259937
goa_wp 1 2023 Fofl 0.3074
goa_wp 1 2023  F_LCI 0.167347
goa_wp 1 2023  F_UCI 0.167347
goa_wp 1 2023  F_Median 0.167347
goa_wp 1 2023  F_Mean 0.167347
goa_wp 1 2024 F0 0 
goa_wp 1 2024 Fabc 0.259937
goa_wp 1 2024 Fofl 0.3074
goa_wp 1 2024  F_LCI 0.259937
goa_wp 1 2024  F_UCI 0.259937
goa_wp 1 2024  F_Median 0.259937
goa_wp 1 2024  F_Mean 0.259937
goa_wp 1 2025 F0 0 
goa_wp 1 2025 Fabc 0.259937
goa_wp 1 2025 Fofl 0.3074
goa_wp 1 2025  F_LCI 0.259937
goa_wp 1 2025  F_UCI 0.259937
goa_wp 1 2025  F_Median 0.259937
goa_wp 1 2025  F_Mean 0.259937
goa_wp 1 2026 F0 0 
goa_wp 1 2026 Fabc 0.259937
goa_wp 1 2026 Fofl 0.3074
goa_wp 1 2026  F_LCI 0.221692
goa_wp 1 2026  F_UCI 0.258468
goa_wp 1 2026  F_Median 0.223311
goa_wp 1 2026  F_Mean 0.227366
goa_wp 1 2027 F0 0 
goa_wp 1 2027 Fabc 0.259937
goa_wp 1 2027 Fofl 0.3074
goa_wp 1 2027  F_LCI 0.151195
goa_wp 1 2027  F_UCI 0.259937
goa_wp 1 2027  F_Median 0.1603
goa_wp 1 2027  F_Mean 0.174712
goa_wp 1 2028 F0 0 
goa_wp 1 2028 Fabc 0.259937
goa_wp 1 2028 Fofl 0.3074
goa_wp 1 2028  F_LCI 0
goa_wp 1 2028  F_UCI 0.259937
goa_wp 1 2028  F_Median 0.13452
goa_wp 1 2028  F_Mean 0.122305
goa_wp 1 2029 F0 0 
goa_wp 1 2029 Fabc 0.259937
goa_wp 1 2029 Fofl 0.3074
goa_wp 1 2029  F_LCI 0
goa_wp 1 2029  F_UCI 0.259937
goa_wp 1 2029  F_Median 0.132148
goa_wp 1 2029  F_Mean 0.11096
goa_wp 1 2030 F0 0 
goa_wp 1 2030 Fabc 0.259937
goa_wp 1 2030 Fofl 0.3074
goa_wp 1 2030  F_LCI 0
goa_wp 1 2030  F_UCI 0.259937
goa_wp 1 2030  F_Median 0.141733
goa_wp 1 2030  F_Mean 0.122395
goa_wp 1 2031 F0 0 
goa_wp 1 2031 Fabc 0.259937
goa_wp 1 2031 Fofl 0.3074
goa_wp 1 2031  F_LCI 0
goa_wp 1 2031  F_UCI 0.259937
goa_wp 1 2031  F_Median 0.150091
goa_wp 1 2031  F_Mean 0.130321
goa_wp 1 2032 F0 0 
goa_wp 1 2032 Fabc 0.259937
goa_wp 1 2032 Fofl 0.3074
goa_wp 1 2032  F_LCI 0
goa_wp 1 2032  F_UCI 0.259937
goa_wp 1 2032  F_Median 0.153634
goa_wp 1 2032  F_Mean 0.135792
goa_wp 1 2033 F0 0 
goa_wp 1 2033 Fabc 0.259937
goa_wp 1 2033 Fofl 0.3074
goa_wp 1 2033  F_LCI 0
goa_wp 1 2033  F_UCI 0.259937
goa_wp 1 2033  F_Median 0.159637
goa_wp 1 2033  F_Mean 0.140898
goa_wp 1 2034 F0 0 
goa_wp 1 2034 Fabc 0.259937
goa_wp 1 2034 Fofl 0.3074
goa_wp 1 2034  F_LCI 0
goa_wp 1 2034  F_UCI 0.259937
goa_wp 1 2034  F_Median 0.164034
goa_wp 1 2034  F_Mean 0.142759
goa_wp 1 2035 F0 0 
goa_wp 1 2035 Fabc 0.259937
goa_wp 1 2035 Fofl 0.3074
goa_wp 1 2035  F_LCI 0
goa_wp 1 2035  F_UCI 0.259937
goa_wp 1 2035  F_Median 0.165285
goa_wp 1 2035  F_Mean 0.142186
goa_wp 1 2036 F0 0 
goa_wp 1 2036 Fabc 0.259937
goa_wp 1 2036 Fofl 0.3074
goa_wp 1 2036  F_LCI 0
goa_wp 1 2036  F_UCI 0.259937
goa_wp 1 2036  F_Median 0.16141
goa_wp 1 2036  F_Mean 0.142076
goa_wp 2 2023 Cabc 225099
goa_wp 2 2023 Cofl 245148
goa_wp 2 2023 CLCI 145215
goa_wp 2 2023 CUCI 145215
goa_wp 2 2023 CMedian 145215
goa_wp 2 2023 CMean 145215
goa_wp 2 2023 CStdn 1.74623e-09
goa_wp 2 2024 Cabc 225099
goa_wp 2 2024 Cofl 245148
goa_wp 2 2024 CLCI 231996
goa_wp 2 2024 CUCI 234556
goa_wp 2 2024 CMedian 232069
goa_wp 2 2024 CMean 232543
goa_wp 2 2024 CStdn 2067.52
goa_wp 2 2025 Cabc 225099
goa_wp 2 2025 Cofl 245148
goa_wp 2 2025 CLCI 152710
goa_wp 2 2025 CUCI 174620
goa_wp 2 2025 CMedian 153591
goa_wp 2 2025 CMean 157687
goa_wp 2 2025 CStdn 17553.2
goa_wp 2 2026 Cabc 225099
goa_wp 2 2026 Cofl 245148
goa_wp 2 2026 CLCI 79160.4
goa_wp 2 2026 CUCI 238870
goa_wp 2 2026 CMedian 85484.6
goa_wp 2 2026 CMean 113774
goa_wp 2 2026 CStdn 118356
goa_wp 2 2027 Cabc 225099
goa_wp 2 2027 Cofl 245148
goa_wp 2 2027 CLCI 35106.5
goa_wp 2 2027 CUCI 419503
goa_wp 2 2027 CMedian 51314.3
goa_wp 2 2027 CMean 117623
goa_wp 2 2027 CStdn 210217
goa_wp 2 2028 Cabc 225099
goa_wp 2 2028 Cofl 245148
goa_wp 2 2028 CLCI 0
goa_wp 2 2028 CUCI 587958
goa_wp 2 2028 CMedian 44878.3
goa_wp 2 2028 CMean 131812
goa_wp 2 2028 CStdn 271627
goa_wp 2 2029 Cabc 225099
goa_wp 2 2029 Cofl 245148
goa_wp 2 2029 CLCI 0
goa_wp 2 2029 CUCI 665258
goa_wp 2 2029 CMedian 47726.3
goa_wp 2 2029 CMean 155034
goa_wp 2 2029 CStdn 314433
goa_wp 2 2030 Cabc 225099
goa_wp 2 2030 Cofl 245148
goa_wp 2 2030 CLCI 0
goa_wp 2 2030 CUCI 879870
goa_wp 2 2030 CMedian 55694.5
goa_wp 2 2030 CMean 179463
goa_wp 2 2030 CStdn 332452
goa_wp 2 2031 Cabc 225099
goa_wp 2 2031 Cofl 245148
goa_wp 2 2031 CLCI 0
goa_wp 2 2031 CUCI 825353
goa_wp 2 2031 CMedian 64244.8
goa_wp 2 2031 CMean 183227
goa_wp 2 2031 CStdn 327286
goa_wp 2 2032 Cabc 225099
goa_wp 2 2032 Cofl 245148
goa_wp 2 2032 CLCI 0
goa_wp 2 2032 CUCI 741589
goa_wp 2 2032 CMedian 73384.8
goa_wp 2 2032 CMean 185643
goa_wp 2 2032 CStdn 318640
goa_wp 2 2033 Cabc 225099
goa_wp 2 2033 Cofl 245148
goa_wp 2 2033 CLCI 0
goa_wp 2 2033 CUCI 821418
goa_wp 2 2033 CMedian 77392.7
goa_wp 2 2033 CMean 196041
goa_wp 2 2033 CStdn 332629
goa_wp 2 2034 Cabc 225099
goa_wp 2 2034 Cofl 245148
goa_wp 2 2034 CLCI 0
goa_wp 2 2034 CUCI 817691
goa_wp 2 2034 CMedian 79027.1
goa_wp 2 2034 CMean 198473
goa_wp 2 2034 CStdn 328651
goa_wp 2 2035 Cabc 225099
goa_wp 2 2035 Cofl 245148
goa_wp 2 2035 CLCI 0
goa_wp 2 2035 CUCI 796171
goa_wp 2 2035 CMedian 77229.2
goa_wp 2 2035 CMean 194222
goa_wp 2 2035 CStdn 323735
goa_wp 2 2036 Cabc 225099
goa_wp 2 2036 Cofl 245148
goa_wp 2 2036 CLCI 0
goa_wp 2 2036 CUCI 799427
goa_wp 2 2036 CMedian 71899.1
goa_wp 2 2036 CMean 192460
goa_wp 2 2036 CStdn 330399
goa_wp 2 2023 SSBF100 504652
goa_wp 2 2023 SSBFabc 201861
goa_wp 2 2023 SSBFofl 176628
goa_wp 2 2023 SSBLCI 293675
goa_wp 2 2023 SSBUCI 293675
goa_wp 2 2023 SSBMedian 293675
goa_wp 2 2023 SSBMean 293675
goa_wp 2 2024 SSBF100 504652
goa_wp 2 2024 SSBFabc 201861
goa_wp 2 2024 SSBFofl 176628
goa_wp 2 2024 SSBLCI 274141
goa_wp 2 2024 SSBUCI 274144
goa_wp 2 2024 SSBMedian 274141
goa_wp 2 2024 SSBMean 274141
goa_wp 2 2025 SSBF100 504652
goa_wp 2 2025 SSBFabc 201861
goa_wp 2 2025 SSBFofl 176628
goa_wp 2 2025 SSBLCI 226024
goa_wp 2 2025 SSBUCI 231013
goa_wp 2 2025 SSBMedian 226166
goa_wp 2 2025 SSBMean 227091
goa_wp 2 2026 SSBF100 504652
goa_wp 2 2026 SSBFabc 201861
goa_wp 2 2026 SSBFofl 176628
goa_wp 2 2026 SSBLCI 173647
goa_wp 2 2026 SSBUCI 200777
goa_wp 2 2026 SSBMedian 174841
goa_wp 2 2026 SSBMean 180024
goa_wp 2 2027 SSBF100 504652
goa_wp 2 2027 SSBFabc 201861
goa_wp 2 2027 SSBFofl 176628
goa_wp 2 2027 SSBLCI 121638
goa_wp 2 2027 SSBUCI 245126
goa_wp 2 2027 SSBMedian 128355
goa_wp 2 2027 SSBMean 151997
goa_wp 2 2028 SSBF100 504652
goa_wp 2 2028 SSBFabc 201861
goa_wp 2 2028 SSBFofl 176628
goa_wp 2 2028 SSBLCI 93790.1
goa_wp 2 2028 SSBUCI 350680
goa_wp 2 2028 SSBMedian 109335
goa_wp 2 2028 SSBMean 157200
goa_wp 2 2029 SSBF100 504652
goa_wp 2 2029 SSBFabc 201861
goa_wp 2 2029 SSBFofl 176628
goa_wp 2 2029 SSBLCI 77581.6
goa_wp 2 2029 SSBUCI 466862
goa_wp 2 2029 SSBMedian 107586
goa_wp 2 2029 SSBMean 176902
goa_wp 2 2030 SSBF100 504652
goa_wp 2 2030 SSBFabc 201861
goa_wp 2 2030 SSBFofl 176628
goa_wp 2 2030 SSBLCI 69429
goa_wp 2 2030 SSBUCI 531486
goa_wp 2 2030 SSBMedian 114657
goa_wp 2 2030 SSBMean 197172
goa_wp 2 2031 SSBF100 504652
goa_wp 2 2031 SSBFabc 201861
goa_wp 2 2031 SSBFofl 176628
goa_wp 2 2031 SSBLCI 63937
goa_wp 2 2031 SSBUCI 650260
goa_wp 2 2031 SSBMedian 120824
goa_wp 2 2031 SSBMean 215200
goa_wp 2 2032 SSBF100 504652
goa_wp 2 2032 SSBFabc 201861
goa_wp 2 2032 SSBFofl 176628
goa_wp 2 2032 SSBLCI 61161.4
goa_wp 2 2032 SSBUCI 669183
goa_wp 2 2032 SSBMedian 123439
goa_wp 2 2032 SSBMean 219998
goa_wp 2 2033 SSBF100 504652
goa_wp 2 2033 SSBFabc 201861
goa_wp 2 2033 SSBFofl 176628
goa_wp 2 2033 SSBLCI 60019.7
goa_wp 2 2033 SSBUCI 662267
goa_wp 2 2033 SSBMedian 127867
goa_wp 2 2033 SSBMean 223373
goa_wp 2 2034 SSBF100 504652
goa_wp 2 2034 SSBFabc 201861
goa_wp 2 2034 SSBFofl 176628
goa_wp 2 2034 SSBLCI 59884.2
goa_wp 2 2034 SSBUCI 670792
goa_wp 2 2034 SSBMedian 131111
goa_wp 2 2034 SSBMean 224353
goa_wp 2 2035 SSBF100 504652
goa_wp 2 2035 SSBFabc 201861
goa_wp 2 2035 SSBFofl 176628
goa_wp 2 2035 SSBLCI 61690.8
goa_wp 2 2035 SSBUCI 697642
goa_wp 2 2035 SSBMedian 132034
goa_wp 2 2035 SSBMean 226540
goa_wp 2 2036 SSBF100 504652
goa_wp 2 2036 SSBFabc 201861
goa_wp 2 2036 SSBFofl 176628
goa_wp 2 2036 SSBLCI 61227.8
goa_wp 2 2036 SSBUCI 687100
goa_wp 2 2036 SSBMedian 129175
goa_wp 2 2036 SSBMean 224031
goa_wp 2 2023 F0 0 
goa_wp 2 2023 Fabc 0.259937
goa_wp 2 2023 Fofl 0.3074
goa_wp 2 2023  F_LCI 0.167347
goa_wp 2 2023  F_UCI 0.167347
goa_wp 2 2023  F_Median 0.167347
goa_wp 2 2023  F_Mean 0.167347
goa_wp 2 2024 F0 0 
goa_wp 2 2024 Fabc 0.259937
goa_wp 2 2024 Fofl 0.3074
goa_wp 2 2024  F_LCI 0.259937
goa_wp 2 2024  F_UCI 0.259937
goa_wp 2 2024  F_Median 0.259937
goa_wp 2 2024  F_Mean 0.259937
goa_wp 2 2025 F0 0 
goa_wp 2 2025 Fabc 0.259937
goa_wp 2 2025 Fofl 0.3074
goa_wp 2 2025  F_LCI 0.259937
goa_wp 2 2025  F_UCI 0.259937
goa_wp 2 2025  F_Median 0.259937
goa_wp 2 2025  F_Mean 0.259937
goa_wp 2 2026 F0 0 
goa_wp 2 2026 Fabc 0.259937
goa_wp 2 2026 Fofl 0.3074
goa_wp 2 2026  F_LCI 0.221692
goa_wp 2 2026  F_UCI 0.257605
goa_wp 2 2026  F_Median 0.223311
goa_wp 2 2026  F_Mean 0.227362
goa_wp 2 2027 F0 0 
goa_wp 2 2027 Fabc 0.259937
goa_wp 2 2027 Fofl 0.3074
goa_wp 2 2027  F_LCI 0.151138
goa_wp 2 2027  F_UCI 0.259937
goa_wp 2 2027  F_Median 0.160212
goa_wp 2 2027  F_Mean 0.17434
goa_wp 2 2028 F0 0 
goa_wp 2 2028 Fabc 0.259937
goa_wp 2 2028 Fofl 0.3074
goa_wp 2 2028  F_LCI 0
goa_wp 2 2028  F_UCI 0.259937
goa_wp 2 2028  F_Median 0.13452
goa_wp 2 2028  F_Mean 0.121877
goa_wp 2 2029 F0 0 
goa_wp 2 2029 Fabc 0.259937
goa_wp 2 2029 Fofl 0.3074
goa_wp 2 2029  F_LCI 0
goa_wp 2 2029  F_UCI 0.259937
goa_wp 2 2029  F_Median 0.132057
goa_wp 2 2029  F_Mean 0.110285
goa_wp 2 2030 F0 0 
goa_wp 2 2030 Fabc 0.259937
goa_wp 2 2030 Fofl 0.3074
goa_wp 2 2030  F_LCI 0
goa_wp 2 2030  F_UCI 0.259937
goa_wp 2 2030  F_Median 0.141702
goa_wp 2 2030  F_Mean 0.121975
goa_wp 2 2031 F0 0 
goa_wp 2 2031 Fabc 0.259937
goa_wp 2 2031 Fofl 0.3074
goa_wp 2 2031  F_LCI 0
goa_wp 2 2031  F_UCI 0.259937
goa_wp 2 2031  F_Median 0.147571
goa_wp 2 2031  F_Mean 0.129308
goa_wp 2 2032 F0 0 
goa_wp 2 2032 Fabc 0.259937
goa_wp 2 2032 Fofl 0.3074
goa_wp 2 2032  F_LCI 0
goa_wp 2 2032  F_UCI 0.259937
goa_wp 2 2032  F_Median 0.153355
goa_wp 2 2032  F_Mean 0.135182
goa_wp 2 2033 F0 0 
goa_wp 2 2033 Fabc 0.259937
goa_wp 2 2033 Fofl 0.3074
goa_wp 2 2033  F_LCI 0
goa_wp 2 2033  F_UCI 0.259937
goa_wp 2 2033  F_Median 0.158959
goa_wp 2 2033  F_Mean 0.140381
goa_wp 2 2034 F0 0 
goa_wp 2 2034 Fabc 0.259937
goa_wp 2 2034 Fofl 0.3074
goa_wp 2 2034  F_LCI 0
goa_wp 2 2034  F_UCI 0.259937
goa_wp 2 2034  F_Median 0.163215
goa_wp 2 2034  F_Mean 0.14222
goa_wp 2 2035 F0 0 
goa_wp 2 2035 Fabc 0.259937
goa_wp 2 2035 Fofl 0.3074
goa_wp 2 2035  F_LCI 0
goa_wp 2 2035  F_UCI 0.259937
goa_wp 2 2035  F_Median 0.164704
goa_wp 2 2035  F_Mean 0.141709
goa_wp 2 2036 F0 0 
goa_wp 2 2036 Fabc 0.259937
goa_wp 2 2036 Fofl 0.3074
goa_wp 2 2036  F_LCI 0
goa_wp 2 2036  F_UCI 0.259937
goa_wp 2 2036  F_Median 0.161098
goa_wp 2 2036  F_Mean 0.141614
goa_wp 3 2023 Cabc 225099
goa_wp 3 2023 Cofl 245148
goa_wp 3 2023 CLCI 145215
goa_wp 3 2023 CUCI 145215
goa_wp 3 2023 CMedian 145215
goa_wp 3 2023 CMean 145215
goa_wp 3 2023 CStdn 1.74623e-09
goa_wp 3 2024 Cabc 225099
goa_wp 3 2024 Cofl 245148
goa_wp 3 2024 CLCI 138361
goa_wp 3 2024 CUCI 139822
goa_wp 3 2024 CMedian 138403
goa_wp 3 2024 CMean 138673
goa_wp 3 2024 CStdn 1179.39
goa_wp 3 2025 Cabc 225099
goa_wp 3 2025 Cofl 245148
goa_wp 3 2025 CLCI 100697
goa_wp 3 2025 CUCI 113226
goa_wp 3 2025 CMedian 101201
goa_wp 3 2025 CMean 103543
goa_wp 3 2025 CStdn 10037.1
goa_wp 3 2026 Cabc 225099
goa_wp 3 2026 Cofl 245148
goa_wp 3 2026 CLCI 66595.8
goa_wp 3 2026 CUCI 153385
goa_wp 3 2026 CMedian 70508.6
goa_wp 3 2026 CMean 86493.2
goa_wp 3 2026 CStdn 68102.2
goa_wp 3 2027 Cabc 225099
goa_wp 3 2027 Cofl 245148
goa_wp 3 2027 CLCI 44075.3
goa_wp 3 2027 CUCI 270132
goa_wp 3 2027 CMedian 57759
goa_wp 3 2027 CMean 99977.9
goa_wp 3 2027 CStdn 163862
goa_wp 3 2028 Cabc 225099
goa_wp 3 2028 Cofl 245148
goa_wp 3 2028 CLCI 31110.6
goa_wp 3 2028 CUCI 375699
goa_wp 3 2028 CMedian 56183.1
goa_wp 3 2028 CMean 113212
goa_wp 3 2028 CStdn 186256
goa_wp 3 2029 Cabc 225099
goa_wp 3 2029 Cofl 245148
goa_wp 3 2029 CLCI 24619.8
goa_wp 3 2029 CUCI 419984
goa_wp 3 2029 CMedian 60042
goa_wp 3 2029 CMean 132022
goa_wp 3 2029 CStdn 226905
goa_wp 3 2030 Cabc 225099
goa_wp 3 2030 Cofl 245148
goa_wp 3 2030 CLCI 17616
goa_wp 3 2030 CUCI 551354
goa_wp 3 2030 CMedian 61241.7
goa_wp 3 2030 CMean 141262
goa_wp 3 2030 CStdn 229514
goa_wp 3 2031 Cabc 225099
goa_wp 3 2031 Cofl 245148
goa_wp 3 2031 CLCI 17786.3
goa_wp 3 2031 CUCI 543086
goa_wp 3 2031 CMedian 69682.7
goa_wp 3 2031 CMean 150843
goa_wp 3 2031 CStdn 260885
goa_wp 3 2032 Cabc 225099
goa_wp 3 2032 Cofl 245148
goa_wp 3 2032 CLCI 18907.9
goa_wp 3 2032 CUCI 519383
goa_wp 3 2032 CMedian 73939.1
goa_wp 3 2032 CMean 149355
goa_wp 3 2032 CStdn 225690
goa_wp 3 2033 Cabc 225099
goa_wp 3 2033 Cofl 245148
goa_wp 3 2033 CLCI 18436.3
goa_wp 3 2033 CUCI 551542
goa_wp 3 2033 CMedian 76071.1
goa_wp 3 2033 CMean 154517
goa_wp 3 2033 CStdn 232328
goa_wp 3 2034 Cabc 225099
goa_wp 3 2034 Cofl 245148
goa_wp 3 2034 CLCI 18219.4
goa_wp 3 2034 CUCI 548580
goa_wp 3 2034 CMedian 77813.1
goa_wp 3 2034 CMean 156419
goa_wp 3 2034 CStdn 229749
goa_wp 3 2035 Cabc 225099
goa_wp 3 2035 Cofl 245148
goa_wp 3 2035 CLCI 18526.4
goa_wp 3 2035 CUCI 541375
goa_wp 3 2035 CMedian 77373.3
goa_wp 3 2035 CMean 153062
goa_wp 3 2035 CStdn 220964
goa_wp 3 2036 Cabc 225099
goa_wp 3 2036 Cofl 245148
goa_wp 3 2036 CLCI 18605.2
goa_wp 3 2036 CUCI 551169
goa_wp 3 2036 CMedian 73714.5
goa_wp 3 2036 CMean 151932
goa_wp 3 2036 CStdn 225697
goa_wp 3 2023 SSBF100 504652
goa_wp 3 2023 SSBFabc 201861
goa_wp 3 2023 SSBFofl 176628
goa_wp 3 2023 SSBLCI 293675
goa_wp 3 2023 SSBUCI 293675
goa_wp 3 2023 SSBMedian 293675
goa_wp 3 2023 SSBMean 293675
goa_wp 3 2024 SSBF100 504652
goa_wp 3 2024 SSBFabc 201861
goa_wp 3 2024 SSBFofl 176628
goa_wp 3 2024 SSBLCI 279185
goa_wp 3 2024 SSBUCI 279188
goa_wp 3 2024 SSBMedian 279185
goa_wp 3 2024 SSBMean 279186
goa_wp 3 2025 SSBF100 504652
goa_wp 3 2025 SSBFabc 201861
goa_wp 3 2025 SSBFofl 176628
goa_wp 3 2025 SSBLCI 251825
goa_wp 3 2025 SSBUCI 256822
goa_wp 3 2025 SSBMedian 251967
goa_wp 3 2025 SSBMean 252893
goa_wp 3 2026 SSBF100 504652
goa_wp 3 2026 SSBFabc 201861
goa_wp 3 2026 SSBFofl 176628
goa_wp 3 2026 SSBLCI 211415
goa_wp 3 2026 SSBUCI 240010
goa_wp 3 2026 SSBMedian 212670
goa_wp 3 2026 SSBMean 218034
goa_wp 3 2027 SSBF100 504652
goa_wp 3 2027 SSBFabc 201861
goa_wp 3 2027 SSBFofl 176628
goa_wp 3 2027 SSBLCI 155104
goa_wp 3 2027 SSBUCI 291405
goa_wp 3 2027 SSBMedian 162261
goa_wp 3 2027 SSBMean 187884
goa_wp 3 2028 SSBF100 504652
goa_wp 3 2028 SSBFabc 201861
goa_wp 3 2028 SSBFofl 176628
goa_wp 3 2028 SSBLCI 116681
goa_wp 3 2028 SSBUCI 409351
goa_wp 3 2028 SSBMedian 135421
goa_wp 3 2028 SSBMean 189199
goa_wp 3 2029 SSBF100 504652
goa_wp 3 2029 SSBFabc 201861
goa_wp 3 2029 SSBFofl 176628
goa_wp 3 2029 SSBLCI 86086.2
goa_wp 3 2029 SSBUCI 583358
goa_wp 3 2029 SSBMedian 123648
goa_wp 3 2029 SSBMean 206316
goa_wp 3 2030 SSBF100 504652
goa_wp 3 2030 SSBFabc 201861
goa_wp 3 2030 SSBFofl 176628
goa_wp 3 2030 SSBLCI 69233.1
goa_wp 3 2030 SSBUCI 666083
goa_wp 3 2030 SSBMedian 123583
goa_wp 3 2030 SSBMean 227501
goa_wp 3 2031 SSBF100 504652
goa_wp 3 2031 SSBFabc 201861
goa_wp 3 2031 SSBFofl 176628
goa_wp 3 2031 SSBLCI 57755.5
goa_wp 3 2031 SSBUCI 817124
goa_wp 3 2031 SSBMedian 126592
goa_wp 3 2031 SSBMean 249593
goa_wp 3 2032 SSBF100 504652
goa_wp 3 2032 SSBFabc 201861
goa_wp 3 2032 SSBFofl 176628
goa_wp 3 2032 SSBLCI 50180.7
goa_wp 3 2032 SSBUCI 876626
goa_wp 3 2032 SSBMedian 135434
goa_wp 3 2032 SSBMean 257448
goa_wp 3 2033 SSBF100 504652
goa_wp 3 2033 SSBFabc 201861
goa_wp 3 2033 SSBFofl 176628
goa_wp 3 2033 SSBLCI 45750.8
goa_wp 3 2033 SSBUCI 893827
goa_wp 3 2033 SSBMedian 140666
goa_wp 3 2033 SSBMean 263797
goa_wp 3 2034 SSBF100 504652
goa_wp 3 2034 SSBFabc 201861
goa_wp 3 2034 SSBFofl 176628
goa_wp 3 2034 SSBLCI 43388.9
goa_wp 3 2034 SSBUCI 880746
goa_wp 3 2034 SSBMedian 146179
goa_wp 3 2034 SSBMean 267299
goa_wp 3 2035 SSBF100 504652
goa_wp 3 2035 SSBFabc 201861
goa_wp 3 2035 SSBFofl 176628
goa_wp 3 2035 SSBLCI 43041
goa_wp 3 2035 SSBUCI 904296
goa_wp 3 2035 SSBMedian 152045
goa_wp 3 2035 SSBMean 272481
goa_wp 3 2036 SSBF100 504652
goa_wp 3 2036 SSBFabc 201861
goa_wp 3 2036 SSBFofl 176628
goa_wp 3 2036 SSBLCI 41928.9
goa_wp 3 2036 SSBUCI 896014
goa_wp 3 2036 SSBMedian 154470
goa_wp 3 2036 SSBMean 271914
goa_wp 3 2023 F0 0 
goa_wp 3 2023 Fabc 0.259937
goa_wp 3 2023 Fofl 0.3074
goa_wp 3 2023  F_LCI 0.167347
goa_wp 3 2023  F_UCI 0.167347
goa_wp 3 2023  F_Median 0.167347
goa_wp 3 2023  F_Mean 0.167347
goa_wp 3 2024 F0 0 
goa_wp 3 2024 Fabc 0.259937
goa_wp 3 2024 Fofl 0.3074
goa_wp 3 2024  F_LCI 0.148252
goa_wp 3 2024  F_UCI 0.148252
goa_wp 3 2024  F_Median 0.148252
goa_wp 3 2024  F_Mean 0.148252
goa_wp 3 2025 F0 0 
goa_wp 3 2025 Fabc 0.259937
goa_wp 3 2025 Fofl 0.3074
goa_wp 3 2025  F_LCI 0.148252
goa_wp 3 2025  F_UCI 0.148252
goa_wp 3 2025  F_Median 0.148252
goa_wp 3 2025  F_Mean 0.148252
goa_wp 3 2026 F0 0 
goa_wp 3 2026 Fabc 0.259937
goa_wp 3 2026 Fofl 0.3074
goa_wp 3 2026  F_LCI 0.148252
goa_wp 3 2026  F_UCI 0.148252
goa_wp 3 2026  F_Median 0.148252
goa_wp 3 2026  F_Mean 0.148252
goa_wp 3 2027 F0 0 
goa_wp 3 2027 Fabc 0.259937
goa_wp 3 2027 Fofl 0.3074
goa_wp 3 2027  F_LCI 0.148252
goa_wp 3 2027  F_UCI 0.148252
goa_wp 3 2027  F_Median 0.148252
goa_wp 3 2027  F_Mean 0.148252
goa_wp 3 2028 F0 0 
goa_wp 3 2028 Fabc 0.259937
goa_wp 3 2028 Fofl 0.3074
goa_wp 3 2028  F_LCI 0.148252
goa_wp 3 2028  F_UCI 0.148252
goa_wp 3 2028  F_Median 0.148252
goa_wp 3 2028  F_Mean 0.148252
goa_wp 3 2029 F0 0 
goa_wp 3 2029 Fabc 0.259937
goa_wp 3 2029 Fofl 0.3074
goa_wp 3 2029  F_LCI 0.148252
goa_wp 3 2029  F_UCI 0.148252
goa_wp 3 2029  F_Median 0.148252
goa_wp 3 2029  F_Mean 0.148252
goa_wp 3 2030 F0 0 
goa_wp 3 2030 Fabc 0.259937
goa_wp 3 2030 Fofl 0.3074
goa_wp 3 2030  F_LCI 0.148252
goa_wp 3 2030  F_UCI 0.148252
goa_wp 3 2030  F_Median 0.148252
goa_wp 3 2030  F_Mean 0.148252
goa_wp 3 2031 F0 0 
goa_wp 3 2031 Fabc 0.259937
goa_wp 3 2031 Fofl 0.3074
goa_wp 3 2031  F_LCI 0.148252
goa_wp 3 2031  F_UCI 0.148252
goa_wp 3 2031  F_Median 0.148252
goa_wp 3 2031  F_Mean 0.148252
goa_wp 3 2032 F0 0 
goa_wp 3 2032 Fabc 0.259937
goa_wp 3 2032 Fofl 0.3074
goa_wp 3 2032  F_LCI 0.148252
goa_wp 3 2032  F_UCI 0.148252
goa_wp 3 2032  F_Median 0.148252
goa_wp 3 2032  F_Mean 0.148252
goa_wp 3 2033 F0 0 
goa_wp 3 2033 Fabc 0.259937
goa_wp 3 2033 Fofl 0.3074
goa_wp 3 2033  F_LCI 0.148252
goa_wp 3 2033  F_UCI 0.148252
goa_wp 3 2033  F_Median 0.148252
goa_wp 3 2033  F_Mean 0.148252
goa_wp 3 2034 F0 0 
goa_wp 3 2034 Fabc 0.259937
goa_wp 3 2034 Fofl 0.3074
goa_wp 3 2034  F_LCI 0.148252
goa_wp 3 2034  F_UCI 0.148252
goa_wp 3 2034  F_Median 0.148252
goa_wp 3 2034  F_Mean 0.148252
goa_wp 3 2035 F0 0 
goa_wp 3 2035 Fabc 0.259937
goa_wp 3 2035 Fofl 0.3074
goa_wp 3 2035  F_LCI 0.148252
goa_wp 3 2035  F_UCI 0.148252
goa_wp 3 2035  F_Median 0.148252
goa_wp 3 2035  F_Mean 0.148252
goa_wp 3 2036 F0 0 
goa_wp 3 2036 Fabc 0.259937
goa_wp 3 2036 Fofl 0.3074
goa_wp 3 2036  F_LCI 0.148252
goa_wp 3 2036  F_UCI 0.148252
goa_wp 3 2036  F_Median 0.148252
goa_wp 3 2036  F_Mean 0.148252
goa_wp 4 2023 Cabc 225099
goa_wp 4 2023 Cofl 245148
goa_wp 4 2023 CLCI 145215
goa_wp 4 2023 CUCI 145215
goa_wp 4 2023 CMedian 145215
goa_wp 4 2023 CMean 145215
goa_wp 4 2023 CStdn 1.74623e-09
goa_wp 4 2024 Cabc 225099
goa_wp 4 2024 Cofl 245148
goa_wp 4 2024 CLCI 69059.6
goa_wp 4 2024 CUCI 69766.1
goa_wp 4 2024 CMedian 69079.6
goa_wp 4 2024 CMean 69210.6
goa_wp 4 2024 CStdn 570.69
goa_wp 4 2025 Cabc 225099
goa_wp 4 2025 Cofl 245148
goa_wp 4 2025 CLCI 53863.7
goa_wp 4 2025 CUCI 59936.3
goa_wp 4 2025 CMedian 54108
goa_wp 4 2025 CMean 55242.7
goa_wp 4 2025 CStdn 4864.81
goa_wp 4 2026 Cabc 225099
goa_wp 4 2026 Cofl 245148
goa_wp 4 2026 CLCI 38195.9
goa_wp 4 2026 CUCI 80845.6
goa_wp 4 2026 CMedian 40118.2
goa_wp 4 2026 CMean 47958
goa_wp 4 2026 CStdn 33456.5
goa_wp 4 2027 Cabc 225099
goa_wp 4 2027 Cofl 245148
goa_wp 4 2027 CLCI 26752.2
goa_wp 4 2027 CUCI 140305
goa_wp 4 2027 CMedian 33567.6
goa_wp 4 2027 CMean 55088.7
goa_wp 4 2027 CStdn 83720.6
goa_wp 4 2028 Cabc 225099
goa_wp 4 2028 Cofl 245148
goa_wp 4 2028 CLCI 19487.8
goa_wp 4 2028 CUCI 200949
goa_wp 4 2028 CMedian 32157.3
goa_wp 4 2028 CMean 62238
goa_wp 4 2028 CStdn 97753.7
goa_wp 4 2029 Cabc 225099
goa_wp 4 2029 Cofl 245148
goa_wp 4 2029 CLCI 15630.9
goa_wp 4 2029 CUCI 221198
goa_wp 4 2029 CMedian 34698.1
goa_wp 4 2029 CMean 72656.2
goa_wp 4 2029 CStdn 119846
goa_wp 4 2030 Cabc 225099
goa_wp 4 2030 Cofl 245148
goa_wp 4 2030 CLCI 0
goa_wp 4 2030 CUCI 291638
goa_wp 4 2030 CMedian 33856.1
goa_wp 4 2030 CMean 76266.6
goa_wp 4 2030 CStdn 124207
goa_wp 4 2031 Cabc 225099
goa_wp 4 2031 Cofl 245148
goa_wp 4 2031 CLCI 0
goa_wp 4 2031 CUCI 303616
goa_wp 4 2031 CMedian 39196.2
goa_wp 4 2031 CMean 81559.9
goa_wp 4 2031 CStdn 141790
goa_wp 4 2032 Cabc 225099
goa_wp 4 2032 Cofl 245148
goa_wp 4 2032 CLCI 0
goa_wp 4 2032 CUCI 291841
goa_wp 4 2032 CMedian 43517.8
goa_wp 4 2032 CMean 81648.2
goa_wp 4 2032 CStdn 127483
goa_wp 4 2033 Cabc 225099
goa_wp 4 2033 Cofl 245148
goa_wp 4 2033 CLCI 0
goa_wp 4 2033 CUCI 308892
goa_wp 4 2033 CMedian 44459.3
goa_wp 4 2033 CMean 84484
goa_wp 4 2033 CStdn 129844
goa_wp 4 2034 Cabc 225099
goa_wp 4 2034 Cofl 245148
goa_wp 4 2034 CLCI 0
goa_wp 4 2034 CUCI 308354
goa_wp 4 2034 CMedian 46355.1
goa_wp 4 2034 CMean 85953.9
goa_wp 4 2034 CStdn 128791
goa_wp 4 2035 Cabc 225099
goa_wp 4 2035 Cofl 245148
goa_wp 4 2035 CLCI 0
goa_wp 4 2035 CUCI 306171
goa_wp 4 2035 CMedian 45371.1
goa_wp 4 2035 CMean 84396.6
goa_wp 4 2035 CStdn 124266
goa_wp 4 2036 Cabc 225099
goa_wp 4 2036 Cofl 245148
goa_wp 4 2036 CLCI 0
goa_wp 4 2036 CUCI 306284
goa_wp 4 2036 CMedian 44543.5
goa_wp 4 2036 CMean 84102
goa_wp 4 2036 CStdn 126158
goa_wp 4 2023 SSBF100 504652
goa_wp 4 2023 SSBFabc 201861
goa_wp 4 2023 SSBFofl 176628
goa_wp 4 2023 SSBLCI 293675
goa_wp 4 2023 SSBUCI 293675
goa_wp 4 2023 SSBMedian 293675
goa_wp 4 2023 SSBMean 293675
goa_wp 4 2024 SSBF100 504652
goa_wp 4 2024 SSBFabc 201861
goa_wp 4 2024 SSBFofl 176628
goa_wp 4 2024 SSBLCI 282702
goa_wp 4 2024 SSBUCI 282705
goa_wp 4 2024 SSBMedian 282702
goa_wp 4 2024 SSBMean 282703
goa_wp 4 2025 SSBF100 504652
goa_wp 4 2025 SSBFabc 201861
goa_wp 4 2025 SSBFofl 176628
goa_wp 4 2025 SSBLCI 271372
goa_wp 4 2025 SSBUCI 276374
goa_wp 4 2025 SSBMedian 271514
goa_wp 4 2025 SSBMean 272442
goa_wp 4 2026 SSBF100 504652
goa_wp 4 2026 SSBFabc 201861
goa_wp 4 2026 SSBFofl 176628
goa_wp 4 2026 SSBLCI 243530
goa_wp 4 2026 SSBUCI 272386
goa_wp 4 2026 SSBMedian 244791
goa_wp 4 2026 SSBMean 250203
goa_wp 4 2027 SSBF100 504652
goa_wp 4 2027 SSBFabc 201861
goa_wp 4 2027 SSBFofl 176628
goa_wp 4 2027 SSBLCI 190110
goa_wp 4 2027 SSBUCI 330611
goa_wp 4 2027 SSBMedian 197370
goa_wp 4 2027 SSBMean 224148
goa_wp 4 2028 SSBF100 504652
goa_wp 4 2028 SSBFabc 201861
goa_wp 4 2028 SSBFofl 176628
goa_wp 4 2028 SSBLCI 150621
goa_wp 4 2028 SSBUCI 476572
goa_wp 4 2028 SSBMedian 170947
goa_wp 4 2028 SSBMean 229410
goa_wp 4 2029 SSBF100 504652
goa_wp 4 2029 SSBFabc 201861
goa_wp 4 2029 SSBFofl 176628
goa_wp 4 2029 SSBLCI 115180
goa_wp 4 2029 SSBUCI 704953
goa_wp 4 2029 SSBMedian 157053
goa_wp 4 2029 SSBMean 250778
goa_wp 4 2030 SSBF100 504652
goa_wp 4 2030 SSBFabc 201861
goa_wp 4 2030 SSBFofl 176628
goa_wp 4 2030 SSBLCI 95189.5
goa_wp 4 2030 SSBUCI 781156
goa_wp 4 2030 SSBMedian 158623
goa_wp 4 2030 SSBMean 278907
goa_wp 4 2031 SSBF100 504652
goa_wp 4 2031 SSBFabc 201861
goa_wp 4 2031 SSBFofl 176628
goa_wp 4 2031 SSBLCI 82772.4
goa_wp 4 2031 SSBUCI 980465
goa_wp 4 2031 SSBMedian 163498
goa_wp 4 2031 SSBMean 309291
goa_wp 4 2032 SSBF100 504652
goa_wp 4 2032 SSBFabc 201861
goa_wp 4 2032 SSBFofl 176628
goa_wp 4 2032 SSBLCI 74496.3
goa_wp 4 2032 SSBUCI 1.08971e+06
goa_wp 4 2032 SSBMedian 172653
goa_wp 4 2032 SSBMean 324777
goa_wp 4 2033 SSBF100 504652
goa_wp 4 2033 SSBFabc 201861
goa_wp 4 2033 SSBFofl 176628
goa_wp 4 2033 SSBLCI 70531.2
goa_wp 4 2033 SSBUCI 1.14638e+06
goa_wp 4 2033 SSBMedian 184276
goa_wp 4 2033 SSBMean 337945
goa_wp 4 2034 SSBF100 504652
goa_wp 4 2034 SSBFabc 201861
goa_wp 4 2034 SSBFofl 176628
goa_wp 4 2034 SSBLCI 67601.5
goa_wp 4 2034 SSBUCI 1.10748e+06
goa_wp 4 2034 SSBMedian 193432
goa_wp 4 2034 SSBMean 345692
goa_wp 4 2035 SSBF100 504652
goa_wp 4 2035 SSBFabc 201861
goa_wp 4 2035 SSBFofl 176628
goa_wp 4 2035 SSBLCI 68993.5
goa_wp 4 2035 SSBUCI 1.11243e+06
goa_wp 4 2035 SSBMedian 202842
goa_wp 4 2035 SSBMean 355200
goa_wp 4 2036 SSBF100 504652
goa_wp 4 2036 SSBFabc 201861
goa_wp 4 2036 SSBFofl 176628
goa_wp 4 2036 SSBLCI 67441.7
goa_wp 4 2036 SSBUCI 1.158e+06
goa_wp 4 2036 SSBMedian 207573
goa_wp 4 2036 SSBMean 357105
goa_wp 4 2023 F0 0 
goa_wp 4 2023 Fabc 0.259937
goa_wp 4 2023 Fofl 0.3074
goa_wp 4 2023  F_LCI 0.167347
goa_wp 4 2023  F_UCI 0.167347
goa_wp 4 2023  F_Median 0.167347
goa_wp 4 2023  F_Mean 0.167347
goa_wp 4 2024 F0 0 
goa_wp 4 2024 Fabc 0.259937
goa_wp 4 2024 Fofl 0.3074
goa_wp 4 2024  F_LCI 0.0717286
goa_wp 4 2024  F_UCI 0.0717286
goa_wp 4 2024  F_Median 0.0717286
goa_wp 4 2024  F_Mean 0.0717286
goa_wp 4 2025 F0 0 
goa_wp 4 2025 Fabc 0.259937
goa_wp 4 2025 Fofl 0.3074
goa_wp 4 2025  F_LCI 0.0717286
goa_wp 4 2025  F_UCI 0.0717286
goa_wp 4 2025  F_Median 0.0717286
goa_wp 4 2025  F_Mean 0.0717286
goa_wp 4 2026 F0 0 
goa_wp 4 2026 Fabc 0.259937
goa_wp 4 2026 Fofl 0.3074
goa_wp 4 2026  F_LCI 0.0717286
goa_wp 4 2026  F_UCI 0.0717286
goa_wp 4 2026  F_Median 0.0717286
goa_wp 4 2026  F_Mean 0.0717286
goa_wp 4 2027 F0 0 
goa_wp 4 2027 Fabc 0.259937
goa_wp 4 2027 Fofl 0.3074
goa_wp 4 2027  F_LCI 0.0717286
goa_wp 4 2027  F_UCI 0.0717286
goa_wp 4 2027  F_Median 0.0717286
goa_wp 4 2027  F_Mean 0.0717286
goa_wp 4 2028 F0 0 
goa_wp 4 2028 Fabc 0.259937
goa_wp 4 2028 Fofl 0.3074
goa_wp 4 2028  F_LCI 0.0717286
goa_wp 4 2028  F_UCI 0.0717286
goa_wp 4 2028  F_Median 0.0717286
goa_wp 4 2028  F_Mean 0.0717286
goa_wp 4 2029 F0 0 
goa_wp 4 2029 Fabc 0.259937
goa_wp 4 2029 Fofl 0.3074
goa_wp 4 2029  F_LCI 0.0717286
goa_wp 4 2029  F_UCI 0.0717286
goa_wp 4 2029  F_Median 0.0717286
goa_wp 4 2029  F_Mean 0.0717286
goa_wp 4 2030 F0 0 
goa_wp 4 2030 Fabc 0.259937
goa_wp 4 2030 Fofl 0.3074
goa_wp 4 2030  F_LCI 0
goa_wp 4 2030  F_UCI 0.0717286
goa_wp 4 2030  F_Median 0.0717286
goa_wp 4 2030  F_Mean 0.0631212
goa_wp 4 2031 F0 0 
goa_wp 4 2031 Fabc 0.259937
goa_wp 4 2031 Fofl 0.3074
goa_wp 4 2031  F_LCI 0
goa_wp 4 2031  F_UCI 0.0717286
goa_wp 4 2031  F_Median 0.0717286
goa_wp 4 2031  F_Mean 0.0575981
goa_wp 4 2032 F0 0 
goa_wp 4 2032 Fabc 0.259937
goa_wp 4 2032 Fofl 0.3074
goa_wp 4 2032  F_LCI 0
goa_wp 4 2032  F_UCI 0.0717286
goa_wp 4 2032  F_Median 0.0717286
goa_wp 4 2032  F_Mean 0.0555897
goa_wp 4 2033 F0 0 
goa_wp 4 2033 Fabc 0.259937
goa_wp 4 2033 Fofl 0.3074
goa_wp 4 2033  F_LCI 0
goa_wp 4 2033  F_UCI 0.0717286
goa_wp 4 2033  F_Median 0.0717286
goa_wp 4 2033  F_Mean 0.0555179
goa_wp 4 2034 F0 0 
goa_wp 4 2034 Fabc 0.259937
goa_wp 4 2034 Fofl 0.3074
goa_wp 4 2034  F_LCI 0
goa_wp 4 2034  F_UCI 0.0717286
goa_wp 4 2034  F_Median 0.0717286
goa_wp 4 2034  F_Mean 0.0556614
goa_wp 4 2035 F0 0 
goa_wp 4 2035 Fabc 0.259937
goa_wp 4 2035 Fofl 0.3074
goa_wp 4 2035  F_LCI 0
goa_wp 4 2035  F_UCI 0.0717286
goa_wp 4 2035  F_Median 0.0717286
goa_wp 4 2035  F_Mean 0.0562352
goa_wp 4 2036 F0 0 
goa_wp 4 2036 Fabc 0.259937
goa_wp 4 2036 Fofl 0.3074
goa_wp 4 2036  F_LCI 0
goa_wp 4 2036  F_UCI 0.0717286
goa_wp 4 2036  F_Median 0.0717286
goa_wp 4 2036  F_Mean 0.0565939
goa_wp 5 2023 Cabc 225099
goa_wp 5 2023 Cofl 245148
goa_wp 5 2023 CLCI 145215
goa_wp 5 2023 CUCI 145215
goa_wp 5 2023 CMedian 145215
goa_wp 5 2023 CMean 145215
goa_wp 5 2023 CStdn 1.74623e-09
goa_wp 5 2024 Cabc 225099
goa_wp 5 2024 Cofl 245148
goa_wp 5 2024 CLCI 0
goa_wp 5 2024 CUCI 0
goa_wp 5 2024 CMedian 0
goa_wp 5 2024 CMean 0
goa_wp 5 2024 CStdn 0
goa_wp 5 2025 Cabc 225099
goa_wp 5 2025 Cofl 245148
goa_wp 5 2025 CLCI 0
goa_wp 5 2025 CUCI 0
goa_wp 5 2025 CMedian 0
goa_wp 5 2025 CMean 0
goa_wp 5 2025 CStdn 0
goa_wp 5 2026 Cabc 225099
goa_wp 5 2026 Cofl 245148
goa_wp 5 2026 CLCI 0
goa_wp 5 2026 CUCI 0
goa_wp 5 2026 CMedian 0
goa_wp 5 2026 CMean 0
goa_wp 5 2026 CStdn 0
goa_wp 5 2027 Cabc 225099
goa_wp 5 2027 Cofl 245148
goa_wp 5 2027 CLCI 0
goa_wp 5 2027 CUCI 0
goa_wp 5 2027 CMedian 0
goa_wp 5 2027 CMean 0
goa_wp 5 2027 CStdn 0
goa_wp 5 2028 Cabc 225099
goa_wp 5 2028 Cofl 245148
goa_wp 5 2028 CLCI 0
goa_wp 5 2028 CUCI 0
goa_wp 5 2028 CMedian 0
goa_wp 5 2028 CMean 0
goa_wp 5 2028 CStdn 0
goa_wp 5 2029 Cabc 225099
goa_wp 5 2029 Cofl 245148
goa_wp 5 2029 CLCI 0
goa_wp 5 2029 CUCI 0
goa_wp 5 2029 CMedian 0
goa_wp 5 2029 CMean 0
goa_wp 5 2029 CStdn 0
goa_wp 5 2030 Cabc 225099
goa_wp 5 2030 Cofl 245148
goa_wp 5 2030 CLCI 0
goa_wp 5 2030 CUCI 0
goa_wp 5 2030 CMedian 0
goa_wp 5 2030 CMean 0
goa_wp 5 2030 CStdn 0
goa_wp 5 2031 Cabc 225099
goa_wp 5 2031 Cofl 245148
goa_wp 5 2031 CLCI 0
goa_wp 5 2031 CUCI 0
goa_wp 5 2031 CMedian 0
goa_wp 5 2031 CMean 0
goa_wp 5 2031 CStdn 0
goa_wp 5 2032 Cabc 225099
goa_wp 5 2032 Cofl 245148
goa_wp 5 2032 CLCI 0
goa_wp 5 2032 CUCI 0
goa_wp 5 2032 CMedian 0
goa_wp 5 2032 CMean 0
goa_wp 5 2032 CStdn 0
goa_wp 5 2033 Cabc 225099
goa_wp 5 2033 Cofl 245148
goa_wp 5 2033 CLCI 0
goa_wp 5 2033 CUCI 0
goa_wp 5 2033 CMedian 0
goa_wp 5 2033 CMean 0
goa_wp 5 2033 CStdn 0
goa_wp 5 2034 Cabc 225099
goa_wp 5 2034 Cofl 245148
goa_wp 5 2034 CLCI 0
goa_wp 5 2034 CUCI 0
goa_wp 5 2034 CMedian 0
goa_wp 5 2034 CMean 0
goa_wp 5 2034 CStdn 0
goa_wp 5 2035 Cabc 225099
goa_wp 5 2035 Cofl 245148
goa_wp 5 2035 CLCI 0
goa_wp 5 2035 CUCI 0
goa_wp 5 2035 CMedian 0
goa_wp 5 2035 CMean 0
goa_wp 5 2035 CStdn 0
goa_wp 5 2036 Cabc 225099
goa_wp 5 2036 Cofl 245148
goa_wp 5 2036 CLCI 0
goa_wp 5 2036 CUCI 0
goa_wp 5 2036 CMedian 0
goa_wp 5 2036 CMean 0
goa_wp 5 2036 CStdn 0
goa_wp 5 2023 SSBF100 504652
goa_wp 5 2023 SSBFabc 201861
goa_wp 5 2023 SSBFofl 176628
goa_wp 5 2023 SSBLCI 293675
goa_wp 5 2023 SSBUCI 293675
goa_wp 5 2023 SSBMedian 293675
goa_wp 5 2023 SSBMean 293675
goa_wp 5 2024 SSBF100 504652
goa_wp 5 2024 SSBFabc 201861
goa_wp 5 2024 SSBFofl 176628
goa_wp 5 2024 SSBLCI 286044
goa_wp 5 2024 SSBUCI 286047
goa_wp 5 2024 SSBMedian 286044
goa_wp 5 2024 SSBMean 286045
goa_wp 5 2025 SSBF100 504652
goa_wp 5 2025 SSBFabc 201861
goa_wp 5 2025 SSBFofl 176628
goa_wp 5 2025 SSBLCI 291216
goa_wp 5 2025 SSBUCI 296222
goa_wp 5 2025 SSBMedian 291358
goa_wp 5 2025 SSBMean 292286
goa_wp 5 2026 SSBF100 504652
goa_wp 5 2026 SSBFabc 201861
goa_wp 5 2026 SSBFofl 176628
goa_wp 5 2026 SSBLCI 278451
goa_wp 5 2026 SSBUCI 307553
goa_wp 5 2026 SSBMedian 279721
goa_wp 5 2026 SSBMean 285175
goa_wp 5 2027 SSBF100 504652
goa_wp 5 2027 SSBFabc 201861
goa_wp 5 2027 SSBFofl 176628
goa_wp 5 2027 SSBLCI 230766
goa_wp 5 2027 SSBUCI 377112
goa_wp 5 2027 SSBMedian 238172
goa_wp 5 2027 SSBMean 266033
goa_wp 5 2028 SSBF100 504652
goa_wp 5 2028 SSBFabc 201861
goa_wp 5 2028 SSBFofl 176628
goa_wp 5 2028 SSBLCI 192505
goa_wp 5 2028 SSBUCI 540183
goa_wp 5 2028 SSBMedian 214425
goa_wp 5 2028 SSBMean 277724
goa_wp 5 2029 SSBF100 504652
goa_wp 5 2029 SSBFabc 201861
goa_wp 5 2029 SSBFofl 176628
goa_wp 5 2029 SSBLCI 152919
goa_wp 5 2029 SSBUCI 800394
goa_wp 5 2029 SSBMedian 198878
goa_wp 5 2029 SSBMean 305141
goa_wp 5 2030 SSBF100 504652
goa_wp 5 2030 SSBFabc 201861
goa_wp 5 2030 SSBFofl 176628
goa_wp 5 2030 SSBLCI 128759
goa_wp 5 2030 SSBUCI 933244
goa_wp 5 2030 SSBMedian 202137
goa_wp 5 2030 SSBMean 342332
goa_wp 5 2031 SSBF100 504652
goa_wp 5 2031 SSBFabc 201861
goa_wp 5 2031 SSBFofl 176628
goa_wp 5 2031 SSBLCI 109004
goa_wp 5 2031 SSBUCI 1.14909e+06
goa_wp 5 2031 SSBMedian 206878
goa_wp 5 2031 SSBMean 382504
goa_wp 5 2032 SSBF100 504652
goa_wp 5 2032 SSBFabc 201861
goa_wp 5 2032 SSBFofl 176628
goa_wp 5 2032 SSBLCI 95385.5
goa_wp 5 2032 SSBUCI 1.33134e+06
goa_wp 5 2032 SSBMedian 221225
goa_wp 5 2032 SSBMean 407261
goa_wp 5 2033 SSBF100 504652
goa_wp 5 2033 SSBFabc 201861
goa_wp 5 2033 SSBFofl 176628
goa_wp 5 2033 SSBLCI 88610.4
goa_wp 5 2033 SSBUCI 1.47234e+06
goa_wp 5 2033 SSBMedian 235563
goa_wp 5 2033 SSBMean 429242
goa_wp 5 2034 SSBF100 504652
goa_wp 5 2034 SSBFabc 201861
goa_wp 5 2034 SSBFofl 176628
goa_wp 5 2034 SSBLCI 82250.7
goa_wp 5 2034 SSBUCI 1.39092e+06
goa_wp 5 2034 SSBMedian 255464
goa_wp 5 2034 SSBMean 442652
goa_wp 5 2035 SSBF100 504652
goa_wp 5 2035 SSBFabc 201861
goa_wp 5 2035 SSBFofl 176628
goa_wp 5 2035 SSBLCI 81325.3
goa_wp 5 2035 SSBUCI 1.44405e+06
goa_wp 5 2035 SSBMedian 266293
goa_wp 5 2035 SSBMean 457824
goa_wp 5 2036 SSBF100 504652
goa_wp 5 2036 SSBFabc 201861
goa_wp 5 2036 SSBFofl 176628
goa_wp 5 2036 SSBLCI 80450.1
goa_wp 5 2036 SSBUCI 1.40105e+06
goa_wp 5 2036 SSBMedian 273764
goa_wp 5 2036 SSBMean 463130
goa_wp 5 2023 F0 0 
goa_wp 5 2023 Fabc 0.259937
goa_wp 5 2023 Fofl 0.3074
goa_wp 5 2023  F_LCI 0.167347
goa_wp 5 2023  F_UCI 0.167347
goa_wp 5 2023  F_Median 0.167347
goa_wp 5 2023  F_Mean 0.167347
goa_wp 5 2024 F0 0 
goa_wp 5 2024 Fabc 0.259937
goa_wp 5 2024 Fofl 0.3074
goa_wp 5 2024  F_LCI 0
goa_wp 5 2024  F_UCI 0
goa_wp 5 2024  F_Median 0
goa_wp 5 2024  F_Mean 0
goa_wp 5 2025 F0 0 
goa_wp 5 2025 Fabc 0.259937
goa_wp 5 2025 Fofl 0.3074
goa_wp 5 2025  F_LCI 0
goa_wp 5 2025  F_UCI 0
goa_wp 5 2025  F_Median 0
goa_wp 5 2025  F_Mean 0
goa_wp 5 2026 F0 0 
goa_wp 5 2026 Fabc 0.259937
goa_wp 5 2026 Fofl 0.3074
goa_wp 5 2026  F_LCI 0
goa_wp 5 2026  F_UCI 0
goa_wp 5 2026  F_Median 0
goa_wp 5 2026  F_Mean 0
goa_wp 5 2027 F0 0 
goa_wp 5 2027 Fabc 0.259937
goa_wp 5 2027 Fofl 0.3074
goa_wp 5 2027  F_LCI 0
goa_wp 5 2027  F_UCI 0
goa_wp 5 2027  F_Median 0
goa_wp 5 2027  F_Mean 0
goa_wp 5 2028 F0 0 
goa_wp 5 2028 Fabc 0.259937
goa_wp 5 2028 Fofl 0.3074
goa_wp 5 2028  F_LCI 0
goa_wp 5 2028  F_UCI 0
goa_wp 5 2028  F_Median 0
goa_wp 5 2028  F_Mean 0
goa_wp 5 2029 F0 0 
goa_wp 5 2029 Fabc 0.259937
goa_wp 5 2029 Fofl 0.3074
goa_wp 5 2029  F_LCI 0
goa_wp 5 2029  F_UCI 0
goa_wp 5 2029  F_Median 0
goa_wp 5 2029  F_Mean 0
goa_wp 5 2030 F0 0 
goa_wp 5 2030 Fabc 0.259937
goa_wp 5 2030 Fofl 0.3074
goa_wp 5 2030  F_LCI 0
goa_wp 5 2030  F_UCI 0
goa_wp 5 2030  F_Median 0
goa_wp 5 2030  F_Mean 0
goa_wp 5 2031 F0 0 
goa_wp 5 2031 Fabc 0.259937
goa_wp 5 2031 Fofl 0.3074
goa_wp 5 2031  F_LCI 0
goa_wp 5 2031  F_UCI 0
goa_wp 5 2031  F_Median 0
goa_wp 5 2031  F_Mean 0
goa_wp 5 2032 F0 0 
goa_wp 5 2032 Fabc 0.259937
goa_wp 5 2032 Fofl 0.3074
goa_wp 5 2032  F_LCI 0
goa_wp 5 2032  F_UCI 0
goa_wp 5 2032  F_Median 0
goa_wp 5 2032  F_Mean 0
goa_wp 5 2033 F0 0 
goa_wp 5 2033 Fabc 0.259937
goa_wp 5 2033 Fofl 0.3074
goa_wp 5 2033  F_LCI 0
goa_wp 5 2033  F_UCI 0
goa_wp 5 2033  F_Median 0
goa_wp 5 2033  F_Mean 0
goa_wp 5 2034 F0 0 
goa_wp 5 2034 Fabc 0.259937
goa_wp 5 2034 Fofl 0.3074
goa_wp 5 2034  F_LCI 0
goa_wp 5 2034  F_UCI 0
goa_wp 5 2034  F_Median 0
goa_wp 5 2034  F_Mean 0
goa_wp 5 2035 F0 0 
goa_wp 5 2035 Fabc 0.259937
goa_wp 5 2035 Fofl 0.3074
goa_wp 5 2035  F_LCI 0
goa_wp 5 2035  F_UCI 0
goa_wp 5 2035  F_Median 0
goa_wp 5 2035  F_Mean 0
goa_wp 5 2036 F0 0 
goa_wp 5 2036 Fabc 0.259937
goa_wp 5 2036 Fofl 0.3074
goa_wp 5 2036  F_LCI 0
goa_wp 5 2036  F_UCI 0
goa_wp 5 2036  F_Median 0
goa_wp 5 2036  F_Mean 0
goa_wp 6 2023 Cabc 225099
goa_wp 6 2023 Cofl 245148
goa_wp 6 2023 CLCI 145215
goa_wp 6 2023 CUCI 145215
goa_wp 6 2023 CMedian 145215
goa_wp 6 2023 CMean 145215
goa_wp 6 2023 CStdn 1.74623e-09
goa_wp 6 2024 Cabc 225099
goa_wp 6 2024 Cofl 245148
goa_wp 6 2024 CLCI 269269
goa_wp 6 2024 CUCI 272296
goa_wp 6 2024 CMedian 269355
goa_wp 6 2024 CMean 269916
goa_wp 6 2024 CStdn 2444.85
goa_wp 6 2025 Cabc 225099
goa_wp 6 2025 Cofl 245148
goa_wp 6 2025 CLCI 169877
goa_wp 6 2025 CUCI 195759
goa_wp 6 2025 CMedian 170918
goa_wp 6 2025 CMean 175757
goa_wp 6 2025 CStdn 20735.6
goa_wp 6 2026 Cabc 225099
goa_wp 6 2026 Cofl 245148
goa_wp 6 2026 CLCI 78407.4
goa_wp 6 2026 CUCI 252342
goa_wp 6 2026 CMedian 85231.4
goa_wp 6 2026 CMean 117702
goa_wp 6 2026 CStdn 139417
goa_wp 6 2027 Cabc 225099
goa_wp 6 2027 Cofl 245148
goa_wp 6 2027 CLCI 34049.3
goa_wp 6 2027 CUCI 475645
goa_wp 6 2027 CMedian 51368.7
goa_wp 6 2027 CMean 132273
goa_wp 6 2027 CStdn 308966
goa_wp 6 2028 Cabc 225099
goa_wp 6 2028 Cofl 245148
goa_wp 6 2028 CLCI 18741
goa_wp 6 2028 CUCI 675761
goa_wp 6 2028 CMedian 46040.9
goa_wp 6 2028 CMean 156706
goa_wp 6 2028 CStdn 337994
goa_wp 6 2029 Cabc 225099
goa_wp 6 2029 Cofl 245148
goa_wp 6 2029 CLCI 12333.9
goa_wp 6 2029 CUCI 744852
goa_wp 6 2029 CMedian 52758.7
goa_wp 6 2029 CMean 189288
goa_wp 6 2029 CStdn 408340
goa_wp 6 2030 Cabc 225099
goa_wp 6 2030 Cofl 245148
goa_wp 6 2030 CLCI 8502.87
goa_wp 6 2030 CUCI 975973
goa_wp 6 2030 CMedian 57792.9
goa_wp 6 2030 CMean 209047
goa_wp 6 2030 CStdn 404879
goa_wp 6 2031 Cabc 225099
goa_wp 6 2031 Cofl 245148
goa_wp 6 2031 CLCI 8188.51
goa_wp 6 2031 CUCI 878814
goa_wp 6 2031 CMedian 64741.3
goa_wp 6 2031 CMean 218899
goa_wp 6 2031 CStdn 459038
goa_wp 6 2032 Cabc 225099
goa_wp 6 2032 Cofl 245148
goa_wp 6 2032 CLCI 8726.35
goa_wp 6 2032 CUCI 802286
goa_wp 6 2032 CMedian 71054.4
goa_wp 6 2032 CMean 209111
goa_wp 6 2032 CStdn 376493
goa_wp 6 2033 Cabc 225099
goa_wp 6 2033 Cofl 245148
goa_wp 6 2033 CLCI 8274.47
goa_wp 6 2033 CUCI 915086
goa_wp 6 2033 CMedian 76796.3
goa_wp 6 2033 CMean 220168
goa_wp 6 2033 CStdn 400758
goa_wp 6 2034 Cabc 225099
goa_wp 6 2034 Cofl 245148
goa_wp 6 2034 CLCI 8389.71
goa_wp 6 2034 CUCI 877454
goa_wp 6 2034 CMedian 75883.1
goa_wp 6 2034 CMean 222541
goa_wp 6 2034 CStdn 393579
goa_wp 6 2035 Cabc 225099
goa_wp 6 2035 Cofl 245148
goa_wp 6 2035 CLCI 8384.51
goa_wp 6 2035 CUCI 886166
goa_wp 6 2035 CMedian 78033.3
goa_wp 6 2035 CMean 217338
goa_wp 6 2035 CStdn 377584
goa_wp 6 2036 Cabc 225099
goa_wp 6 2036 Cofl 245148
goa_wp 6 2036 CLCI 8354.57
goa_wp 6 2036 CUCI 868454
goa_wp 6 2036 CMedian 70191.4
goa_wp 6 2036 CMean 216153
goa_wp 6 2036 CStdn 389349
goa_wp 6 2023 SSBF100 504652
goa_wp 6 2023 SSBFabc 201861
goa_wp 6 2023 SSBFofl 176628
goa_wp 6 2023 SSBLCI 293675
goa_wp 6 2023 SSBUCI 293675
goa_wp 6 2023 SSBMedian 293675
goa_wp 6 2023 SSBMean 293675
goa_wp 6 2024 SSBF100 504652
goa_wp 6 2024 SSBFabc 201861
goa_wp 6 2024 SSBFofl 176628
goa_wp 6 2024 SSBLCI 272028
goa_wp 6 2024 SSBUCI 272031
goa_wp 6 2024 SSBMedian 272028
goa_wp 6 2024 SSBMean 272029
goa_wp 6 2025 SSBF100 504652
goa_wp 6 2025 SSBFabc 201861
goa_wp 6 2025 SSBFofl 176628
goa_wp 6 2025 SSBLCI 215957
goa_wp 6 2025 SSBUCI 220944
goa_wp 6 2025 SSBMedian 216099
goa_wp 6 2025 SSBMean 217023
goa_wp 6 2026 SSBF100 504652
goa_wp 6 2026 SSBFabc 201861
goa_wp 6 2026 SSBFofl 176628
goa_wp 6 2026 SSBLCI 160222
goa_wp 6 2026 SSBUCI 187156
goa_wp 6 2026 SSBMedian 161408
goa_wp 6 2026 SSBMean 166535
goa_wp 6 2027 SSBF100 504652
goa_wp 6 2027 SSBFabc 201861
goa_wp 6 2027 SSBFofl 176628
goa_wp 6 2027 SSBLCI 110834
goa_wp 6 2027 SSBUCI 232413
goa_wp 6 2027 SSBMedian 117453
goa_wp 6 2027 SSBMean 140382
goa_wp 6 2028 SSBF100 504652
goa_wp 6 2028 SSBFabc 201861
goa_wp 6 2028 SSBFofl 176628
goa_wp 6 2028 SSBLCI 83849.1
goa_wp 6 2028 SSBUCI 331552
goa_wp 6 2028 SSBMedian 100745
goa_wp 6 2028 SSBMean 144585
goa_wp 6 2029 SSBF100 504652
goa_wp 6 2029 SSBFabc 201861
goa_wp 6 2029 SSBFofl 176628
goa_wp 6 2029 SSBLCI 65049.8
goa_wp 6 2029 SSBUCI 438799
goa_wp 6 2029 SSBMedian 99322.6
goa_wp 6 2029 SSBMean 160531
goa_wp 6 2030 SSBF100 504652
goa_wp 6 2030 SSBFabc 201861
goa_wp 6 2030 SSBFofl 176628
goa_wp 6 2030 SSBLCI 55971
goa_wp 6 2030 SSBUCI 516266
goa_wp 6 2030 SSBMedian 105003
goa_wp 6 2030 SSBMean 176233
goa_wp 6 2031 SSBF100 504652
goa_wp 6 2031 SSBFabc 201861
goa_wp 6 2031 SSBFofl 176628
goa_wp 6 2031 SSBLCI 50647.1
goa_wp 6 2031 SSBUCI 589589
goa_wp 6 2031 SSBMedian 108842
goa_wp 6 2031 SSBMean 190182
goa_wp 6 2032 SSBF100 504652
goa_wp 6 2032 SSBFabc 201861
goa_wp 6 2032 SSBFofl 176628
goa_wp 6 2032 SSBLCI 47952.8
goa_wp 6 2032 SSBUCI 599346
goa_wp 6 2032 SSBMedian 112746
goa_wp 6 2032 SSBMean 191372
goa_wp 6 2033 SSBF100 504652
goa_wp 6 2033 SSBFabc 201861
goa_wp 6 2033 SSBFofl 176628
goa_wp 6 2033 SSBLCI 47270.9
goa_wp 6 2033 SSBUCI 573402
goa_wp 6 2033 SSBMedian 115672
goa_wp 6 2033 SSBMean 192914
goa_wp 6 2034 SSBF100 504652
goa_wp 6 2034 SSBFabc 201861
goa_wp 6 2034 SSBFofl 176628
goa_wp 6 2034 SSBLCI 46733.8
goa_wp 6 2034 SSBUCI 579080
goa_wp 6 2034 SSBMedian 118360
goa_wp 6 2034 SSBMean 194040
goa_wp 6 2035 SSBF100 504652
goa_wp 6 2035 SSBFabc 201861
goa_wp 6 2035 SSBFofl 176628
goa_wp 6 2035 SSBLCI 47109.6
goa_wp 6 2035 SSBUCI 619032
goa_wp 6 2035 SSBMedian 118067
goa_wp 6 2035 SSBMean 195743
goa_wp 6 2036 SSBF100 504652
goa_wp 6 2036 SSBFabc 201861
goa_wp 6 2036 SSBFofl 176628
goa_wp 6 2036 SSBLCI 47106.8
goa_wp 6 2036 SSBUCI 589419
goa_wp 6 2036 SSBMedian 116423
goa_wp 6 2036 SSBMean 193477
goa_wp 6 2023 F0 0 
goa_wp 6 2023 Fabc 0.259937
goa_wp 6 2023 Fofl 0.3074
goa_wp 6 2023  F_LCI 0.167347
goa_wp 6 2023  F_UCI 0.167347
goa_wp 6 2023  F_Median 0.167347
goa_wp 6 2023  F_Mean 0.167347
goa_wp 6 2024 F0 0 
goa_wp 6 2024 Fabc 0.259937
goa_wp 6 2024 Fofl 0.3074
goa_wp 6 2024  F_LCI 0.3074
goa_wp 6 2024  F_UCI 0.3074
goa_wp 6 2024  F_Median 0.3074
goa_wp 6 2024  F_Mean 0.3074
goa_wp 6 2025 F0 0 
goa_wp 6 2025 Fabc 0.259937
goa_wp 6 2025 Fofl 0.3074
goa_wp 6 2025  F_LCI 0.3074
goa_wp 6 2025  F_UCI 0.3074
goa_wp 6 2025  F_Median 0.3074
goa_wp 6 2025  F_Mean 0.3074
goa_wp 6 2026 F0 0 
goa_wp 6 2026 Fabc 0.259937
goa_wp 6 2026 Fofl 0.3074
goa_wp 6 2026  F_LCI 0.240652
goa_wp 6 2026  F_UCI 0.283831
goa_wp 6 2026  F_Median 0.242554
goa_wp 6 2026  F_Mean 0.248158
goa_wp 6 2027 F0 0 
goa_wp 6 2027 Fabc 0.259937
goa_wp 6 2027 Fofl 0.3074
goa_wp 6 2027  F_LCI 0.161483
goa_wp 6 2027  F_UCI 0.3074
goa_wp 6 2027  F_Median 0.172093
goa_wp 6 2027  F_Mean 0.190318
goa_wp 6 2028 F0 0 
goa_wp 6 2028 Fabc 0.259937
goa_wp 6 2028 Fofl 0.3074
goa_wp 6 2028  F_LCI 0.118229
goa_wp 6 2028  F_UCI 0.3074
goa_wp 6 2028  F_Median 0.145312
goa_wp 6 2028  F_Mean 0.174614
goa_wp 6 2029 F0 0 
goa_wp 6 2029 Fabc 0.259937
goa_wp 6 2029 Fofl 0.3074
goa_wp 6 2029  F_LCI 0.0880943
goa_wp 6 2029  F_UCI 0.3074
goa_wp 6 2029  F_Median 0.143033
goa_wp 6 2029  F_Mean 0.172749
goa_wp 6 2030 F0 0 
goa_wp 6 2030 Fabc 0.259937
goa_wp 6 2030 Fofl 0.3074
goa_wp 6 2030  F_LCI 0.0735413
goa_wp 6 2030  F_UCI 0.3074
goa_wp 6 2030  F_Median 0.152137
goa_wp 6 2030  F_Mean 0.177932
goa_wp 6 2031 F0 0 
goa_wp 6 2031 Fabc 0.259937
goa_wp 6 2031 Fofl 0.3074
goa_wp 6 2031  F_LCI 0.0650072
goa_wp 6 2031  F_UCI 0.3074
goa_wp 6 2031  F_Median 0.15829
goa_wp 6 2031  F_Mean 0.180966
goa_wp 6 2032 F0 0 
goa_wp 6 2032 Fabc 0.259937
goa_wp 6 2032 Fofl 0.3074
goa_wp 6 2032  F_LCI 0.0606881
goa_wp 6 2032  F_UCI 0.3074
goa_wp 6 2032  F_Median 0.164547
goa_wp 6 2032  F_Mean 0.182474
goa_wp 6 2033 F0 0 
goa_wp 6 2033 Fabc 0.259937
goa_wp 6 2033 Fofl 0.3074
goa_wp 6 2033  F_LCI 0.0595952
goa_wp 6 2033  F_UCI 0.3074
goa_wp 6 2033  F_Median 0.169239
goa_wp 6 2033  F_Mean 0.185238
goa_wp 6 2034 F0 0 
goa_wp 6 2034 Fabc 0.259937
goa_wp 6 2034 Fofl 0.3074
goa_wp 6 2034  F_LCI 0.0587342
goa_wp 6 2034  F_UCI 0.3074
goa_wp 6 2034  F_Median 0.173546
goa_wp 6 2034  F_Mean 0.18727
goa_wp 6 2035 F0 0 
goa_wp 6 2035 Fabc 0.259937
goa_wp 6 2035 Fofl 0.3074
goa_wp 6 2035  F_LCI 0.0593367
goa_wp 6 2035  F_UCI 0.3074
goa_wp 6 2035  F_Median 0.173076
goa_wp 6 2035  F_Mean 0.188385
goa_wp 6 2036 F0 0 
goa_wp 6 2036 Fabc 0.259937
goa_wp 6 2036 Fofl 0.3074
goa_wp 6 2036  F_LCI 0.059332
goa_wp 6 2036  F_UCI 0.3074
goa_wp 6 2036  F_Median 0.170441
goa_wp 6 2036  F_Mean 0.188168
goa_wp 7 2023 Cabc 225099
goa_wp 7 2023 Cofl 245148
goa_wp 7 2023 CLCI 145215
goa_wp 7 2023 CUCI 145215
goa_wp 7 2023 CMedian 145215
goa_wp 7 2023 CMean 145215
goa_wp 7 2023 CStdn 1.74623e-09
goa_wp 7 2024 Cabc 225099
goa_wp 7 2024 Cofl 245148
goa_wp 7 2024 CLCI 231996
goa_wp 7 2024 CUCI 234556
goa_wp 7 2024 CMedian 232069
goa_wp 7 2024 CMean 232543
goa_wp 7 2024 CStdn 2067.52
goa_wp 7 2025 Cabc 225099
goa_wp 7 2025 Cofl 245148
goa_wp 7 2025 CLCI 152710
goa_wp 7 2025 CUCI 174620
goa_wp 7 2025 CMedian 153591
goa_wp 7 2025 CMean 157687
goa_wp 7 2025 CStdn 17553.2
goa_wp 7 2026 Cabc 225099
goa_wp 7 2026 Cofl 245148
goa_wp 7 2026 CLCI 91484.4
goa_wp 7 2026 CUCI 277250
goa_wp 7 2026 CMedian 98848.3
goa_wp 7 2026 CMean 132031
goa_wp 7 2026 CStdn 139496
goa_wp 7 2027 Cabc 225099
goa_wp 7 2027 Cofl 245148
goa_wp 7 2027 CLCI 38369.7
goa_wp 7 2027 CUCI 477894
goa_wp 7 2027 CMedian 56638.4
goa_wp 7 2027 CMean 138195
goa_wp 7 2027 CStdn 309648
goa_wp 7 2028 Cabc 225099
goa_wp 7 2028 Cofl 245148
goa_wp 7 2028 CLCI 20579.4
goa_wp 7 2028 CUCI 675167
goa_wp 7 2028 CMedian 48740.3
goa_wp 7 2028 CMean 159486
goa_wp 7 2028 CStdn 338081
goa_wp 7 2029 Cabc 225099
goa_wp 7 2029 Cofl 245148
goa_wp 7 2029 CLCI 13188
goa_wp 7 2029 CUCI 743245
goa_wp 7 2029 CMedian 54778.5
goa_wp 7 2029 CMean 190600
goa_wp 7 2029 CStdn 408164
goa_wp 7 2030 Cabc 225099
goa_wp 7 2030 Cofl 245148
goa_wp 7 2030 CLCI 8896.4
goa_wp 7 2030 CUCI 976074
goa_wp 7 2030 CMedian 57813.3
goa_wp 7 2030 CMean 209440
goa_wp 7 2030 CStdn 404618
goa_wp 7 2031 Cabc 225099
goa_wp 7 2031 Cofl 245148
goa_wp 7 2031 CLCI 8446.33
goa_wp 7 2031 CUCI 878600
goa_wp 7 2031 CMedian 64654.8
goa_wp 7 2031 CMean 219045
goa_wp 7 2031 CStdn 458858
goa_wp 7 2032 Cabc 225099
goa_wp 7 2032 Cofl 245148
goa_wp 7 2032 CLCI 8956.81
goa_wp 7 2032 CUCI 802044
goa_wp 7 2032 CMedian 71524.4
goa_wp 7 2032 CMean 209182
goa_wp 7 2032 CStdn 376395
goa_wp 7 2033 Cabc 225099
goa_wp 7 2033 Cofl 245148
goa_wp 7 2033 CLCI 8404.59
goa_wp 7 2033 CUCI 914931
goa_wp 7 2033 CMedian 76932.3
goa_wp 7 2033 CMean 220194
goa_wp 7 2033 CStdn 400691
goa_wp 7 2034 Cabc 225099
goa_wp 7 2034 Cofl 245148
goa_wp 7 2034 CLCI 8426.45
goa_wp 7 2034 CUCI 877441
goa_wp 7 2034 CMedian 75833.9
goa_wp 7 2034 CMean 222555
goa_wp 7 2034 CStdn 393547
goa_wp 7 2035 Cabc 225099
goa_wp 7 2035 Cofl 245148
goa_wp 7 2035 CLCI 8387.93
goa_wp 7 2035 CUCI 886118
goa_wp 7 2035 CMedian 78018.5
goa_wp 7 2035 CMean 217346
goa_wp 7 2035 CStdn 377564
goa_wp 7 2036 Cabc 225099
goa_wp 7 2036 Cofl 245148
goa_wp 7 2036 CLCI 8366.52
goa_wp 7 2036 CUCI 868437
goa_wp 7 2036 CMedian 70145.5
goa_wp 7 2036 CMean 216158
goa_wp 7 2036 CStdn 389339
goa_wp 7 2023 SSBF100 504652
goa_wp 7 2023 SSBFabc 201861
goa_wp 7 2023 SSBFofl 176628
goa_wp 7 2023 SSBLCI 293675
goa_wp 7 2023 SSBUCI 293675
goa_wp 7 2023 SSBMedian 293675
goa_wp 7 2023 SSBMean 293675
goa_wp 7 2024 SSBF100 504652
goa_wp 7 2024 SSBFabc 201861
goa_wp 7 2024 SSBFofl 176628
goa_wp 7 2024 SSBLCI 274141
goa_wp 7 2024 SSBUCI 274144
goa_wp 7 2024 SSBMedian 274141
goa_wp 7 2024 SSBMean 274141
goa_wp 7 2025 SSBF100 504652
goa_wp 7 2025 SSBFabc 201861
goa_wp 7 2025 SSBFofl 176628
goa_wp 7 2025 SSBLCI 226024
goa_wp 7 2025 SSBUCI 231013
goa_wp 7 2025 SSBMedian 226166
goa_wp 7 2025 SSBMean 227091
goa_wp 7 2026 SSBF100 504652
goa_wp 7 2026 SSBFabc 201861
goa_wp 7 2026 SSBFofl 176628
goa_wp 7 2026 SSBLCI 172501
goa_wp 7 2026 SSBUCI 199364
goa_wp 7 2026 SSBMedian 173684
goa_wp 7 2026 SSBMean 178829
goa_wp 7 2027 SSBF100 504652
goa_wp 7 2027 SSBFabc 201861
goa_wp 7 2027 SSBFofl 176628
goa_wp 7 2027 SSBLCI 117522
goa_wp 7 2027 SSBUCI 238495
goa_wp 7 2027 SSBMedian 124073
goa_wp 7 2027 SSBMean 147036
goa_wp 7 2028 SSBF100 504652
goa_wp 7 2028 SSBFabc 201861
goa_wp 7 2028 SSBFofl 176628
goa_wp 7 2028 SSBLCI 88099.2
goa_wp 7 2028 SSBUCI 335382
goa_wp 7 2028 SSBMedian 104899
goa_wp 7 2028 SSBMean 148566
goa_wp 7 2029 SSBF100 504652
goa_wp 7 2029 SSBFabc 201861
goa_wp 7 2029 SSBFofl 176628
goa_wp 7 2029 SSBLCI 67760.1
goa_wp 7 2029 SSBUCI 439658
goa_wp 7 2029 SSBMedian 101577
goa_wp 7 2029 SSBMean 162733
goa_wp 7 2030 SSBF100 504652
goa_wp 7 2030 SSBFabc 201861
goa_wp 7 2030 SSBFofl 176628
goa_wp 7 2030 SSBLCI 57576.9
goa_wp 7 2030 SSBUCI 516969
goa_wp 7 2030 SSBMedian 106236
goa_wp 7 2030 SSBMean 177480
goa_wp 7 2031 SSBF100 504652
goa_wp 7 2031 SSBFabc 201861
goa_wp 7 2031 SSBFofl 176628
goa_wp 7 2031 SSBLCI 51761.3
goa_wp 7 2031 SSBUCI 590162
goa_wp 7 2031 SSBMedian 109276
goa_wp 7 2031 SSBMean 190880
goa_wp 7 2032 SSBF100 504652
goa_wp 7 2032 SSBFabc 201861
goa_wp 7 2032 SSBFofl 176628
goa_wp 7 2032 SSBLCI 48581
goa_wp 7 2032 SSBUCI 599087
goa_wp 7 2032 SSBMedian 113012
goa_wp 7 2032 SSBMean 191772
goa_wp 7 2033 SSBF100 504652
goa_wp 7 2033 SSBFabc 201861
goa_wp 7 2033 SSBFofl 176628
goa_wp 7 2033 SSBLCI 47624.4
goa_wp 7 2033 SSBUCI 574202
goa_wp 7 2033 SSBMedian 115711
goa_wp 7 2033 SSBMean 193145
goa_wp 7 2034 SSBF100 504652
goa_wp 7 2034 SSBFabc 201861
goa_wp 7 2034 SSBFofl 176628
goa_wp 7 2034 SSBLCI 47035.7
goa_wp 7 2034 SSBUCI 579112
goa_wp 7 2034 SSBMedian 118572
goa_wp 7 2034 SSBMean 194176
goa_wp 7 2035 SSBF100 504652
goa_wp 7 2035 SSBFabc 201861
goa_wp 7 2035 SSBFofl 176628
goa_wp 7 2035 SSBLCI 47150.3
goa_wp 7 2035 SSBUCI 618967
goa_wp 7 2035 SSBMedian 118096
goa_wp 7 2035 SSBMean 195822
goa_wp 7 2036 SSBF100 504652
goa_wp 7 2036 SSBFabc 201861
goa_wp 7 2036 SSBFofl 176628
goa_wp 7 2036 SSBLCI 47170.3
goa_wp 7 2036 SSBUCI 589488
goa_wp 7 2036 SSBMedian 116439
goa_wp 7 2036 SSBMean 193524
goa_wp 7 2023 F0 0 
goa_wp 7 2023 Fabc 0.259937
goa_wp 7 2023 Fofl 0.3074
goa_wp 7 2023  F_LCI 0.167347
goa_wp 7 2023  F_UCI 0.167347
goa_wp 7 2023  F_Median 0.167347
goa_wp 7 2023  F_Mean 0.167347
goa_wp 7 2024 F0 0 
goa_wp 7 2024 Fabc 0.259937
goa_wp 7 2024 Fofl 0.3074
goa_wp 7 2024  F_LCI 0.259937
goa_wp 7 2024  F_UCI 0.259937
goa_wp 7 2024  F_Median 0.259937
goa_wp 7 2024  F_Mean 0.259937
goa_wp 7 2025 F0 0 
goa_wp 7 2025 Fabc 0.259937
goa_wp 7 2025 Fofl 0.3074
goa_wp 7 2025  F_LCI 0.259937
goa_wp 7 2025  F_UCI 0.259937
goa_wp 7 2025  F_Median 0.259937
goa_wp 7 2025  F_Mean 0.259937
goa_wp 7 2026 F0 0 
goa_wp 7 2026 Fabc 0.259937
goa_wp 7 2026 Fofl 0.3074
goa_wp 7 2026  F_LCI 0.260338
goa_wp 7 2026  F_UCI 0.303404
goa_wp 7 2026  F_Median 0.262234
goa_wp 7 2026  F_Mean 0.267091
goa_wp 7 2027 F0 0 
goa_wp 7 2027 Fabc 0.259937
goa_wp 7 2027 Fofl 0.3074
goa_wp 7 2027  F_LCI 0.172204
goa_wp 7 2027  F_UCI 0.3074
goa_wp 7 2027  F_Median 0.182705
goa_wp 7 2027  F_Mean 0.200143
goa_wp 7 2028 F0 0 
goa_wp 7 2028 Fabc 0.259937
goa_wp 7 2028 Fofl 0.3074
goa_wp 7 2028  F_LCI 0.125041
goa_wp 7 2028  F_UCI 0.3074
goa_wp 7 2028  F_Median 0.15197
goa_wp 7 2028  F_Mean 0.180189
goa_wp 7 2029 F0 0 
goa_wp 7 2029 Fabc 0.259937
goa_wp 7 2029 Fofl 0.3074
goa_wp 7 2029  F_LCI 0.0924387
goa_wp 7 2029  F_UCI 0.3074
goa_wp 7 2029  F_Median 0.146645
goa_wp 7 2029  F_Mean 0.175722
goa_wp 7 2030 F0 0 
goa_wp 7 2030 Fabc 0.259937
goa_wp 7 2030 Fofl 0.3074
goa_wp 7 2030  F_LCI 0.0761156
goa_wp 7 2030  F_UCI 0.3074
goa_wp 7 2030  F_Median 0.154114
goa_wp 7 2030  F_Mean 0.179562
goa_wp 7 2031 F0 0 
goa_wp 7 2031 Fabc 0.259937
goa_wp 7 2031 Fofl 0.3074
goa_wp 7 2031  F_LCI 0.0667931
goa_wp 7 2031  F_UCI 0.3074
goa_wp 7 2031  F_Median 0.158985
goa_wp 7 2031  F_Mean 0.181877
goa_wp 7 2032 F0 0 
goa_wp 7 2032 Fabc 0.259937
goa_wp 7 2032 Fofl 0.3074
goa_wp 7 2032  F_LCI 0.0616952
goa_wp 7 2032  F_UCI 0.3074
goa_wp 7 2032  F_Median 0.164974
goa_wp 7 2032  F_Mean 0.182998
goa_wp 7 2033 F0 0 
goa_wp 7 2033 Fabc 0.259937
goa_wp 7 2033 Fofl 0.3074
goa_wp 7 2033  F_LCI 0.0601618
goa_wp 7 2033  F_UCI 0.3074
goa_wp 7 2033  F_Median 0.1693
goa_wp 7 2033  F_Mean 0.185535
goa_wp 7 2034 F0 0 
goa_wp 7 2034 Fabc 0.259937
goa_wp 7 2034 Fofl 0.3074
goa_wp 7 2034  F_LCI 0.059218
goa_wp 7 2034  F_UCI 0.3074
goa_wp 7 2034  F_Median 0.173889
goa_wp 7 2034  F_Mean 0.187438
goa_wp 7 2035 F0 0 
goa_wp 7 2035 Fabc 0.259937
goa_wp 7 2035 Fofl 0.3074
goa_wp 7 2035  F_LCI 0.0594018
goa_wp 7 2035  F_UCI 0.3074
goa_wp 7 2035  F_Median 0.173123
goa_wp 7 2035  F_Mean 0.188482
goa_wp 7 2036 F0 0 
goa_wp 7 2036 Fabc 0.259937
goa_wp 7 2036 Fofl 0.3074
goa_wp 7 2036  F_LCI 0.0594338
goa_wp 7 2036  F_UCI 0.3074
goa_wp 7 2036  F_Median 0.170466
goa_wp 7 2036  F_Mean 0.188225
