
SB0 SB40 SB35 MeanRec HarMeanRec Bnow
504652 201861 176628 3148.41 369.266 321470 
CV Recruit
4.00652 
Alternative 1 Alternative  Stock: goa_wp
Catch goa_wp
Year C0 Cabc Cofl LowCI_Catch Median_Catch Mean_Catch UpperCI_Catch Stdev_Catch 
2023  0 225099 245148 145215 145215 145215 145215 1.74623e-09 
2024  0 225099 245148 231996 232069 232543 234556 2067.52 
2025  0 225099 245148 152710 153591 157687 174620 17553.2 
2026  0 225099 245148 79160.4 85484.6 113803 238870 118819 
2027  0 225099 245148 35106.5 51314.3 122764 419503 270128 
2028  0 225099 245148 0 44878.3 135561 587958 301806 
2029  0 225099 245148 0 47726.3 161526 665258 365724 
2030  0 225099 245148 0 55694.5 182755 862889 363697 
2031  0 225099 245148 0 64244.8 194145 801371 411487 
2032  0 225099 245148 0 73384.8 188578 737869 343838 
2033  0 225099 245148 0 77392.7 198780 819599 361489 
2034  0 225099 245148 0 79027.1 201241 810829 355919 
2035  0 225099 245148 0 77229.2 196063 794930 342168 
2036  0 225099 245148 0 71899.1 194826 799427 351715 

Spawning_Biomass goa_wp
Year SSB100 SSBabc SSBofl LowCI_SSB Median_SSB Mean_SSB UpperCI_SSB Stdev_SSB 
2023 504652 201861 176628 293675 293675 293675 293675 2.32831e-10 
2024 504652 201861 176628 274141 274141 274141 274144 2.47554 
2025 504652 201861 176628 226024 226166 227091 231013 4030.12 
2026 504652 201861 176628 173647 174841 180024 200777 22052.4 
2027 504652 201861 176628 121638 128355 151890 245126 99477.2 
2028 504652 201861 176628 93790.1 109335 156257 350680 168164 
2029 504652 201861 176628 77581.6 107586 174975 466862 218713 
2030 504652 201861 176628 69429 114657 194454 531486 244980 
2031 504652 201861 176628 63937 120824 211764 650260 270762 
2032 504652 201861 176628 61161.4 123439 215293 669183 278679 
2033 504652 201861 176628 60019.7 127867 218138 661852 273032 
2034 504652 201861 176628 59884.2 131111 219649 670792 260137 
2035 504652 201861 176628 61690.8 132034 222020 697642 260403 
2036 504652 201861 176628 61227.8 129175 220012 650892 255586 

Fishing_mortalitygoa_wp
Year F0 Fabc Fofl LowCI_F Median_F Mean_F UpperCI_F Stdev_F 
2023  0 0.259937 0.3074 0.167347 0.167347 0.167347 0.167347 1.38778e-15 
2024  0 0.259937 0.3074 0.259937 0.259937 0.259937 0.259937 5.21805e-15 
2025  0 0.259937 0.3074 0.259937 0.259937 0.259937 0.259937 5.21805e-15 
2026  0 0.259937 0.3074 0.221692 0.223311 0.227366 0.258468 0.00969669 
2027  0 0.259937 0.3074 0.151195 0.1603 0.174712 0.259937 0.0325303 
2028  0 0.259937 0.3074 0 0.13452 0.122305 0.259937 0.0924992 
2029  0 0.259937 0.3074 0 0.132148 0.11096 0.259937 0.106863 
2030  0 0.259937 0.3074 0 0.141733 0.122395 0.259937 0.109794 
2031  0 0.259937 0.3074 0 0.150091 0.130321 0.259937 0.109717 
2032  0 0.259937 0.3074 0 0.153634 0.135792 0.259937 0.10823 
2033  0 0.259937 0.3074 0 0.159637 0.140898 0.259937 0.107621 
2034  0 0.259937 0.3074 0 0.164034 0.142759 0.259937 0.10778 
2035  0 0.259937 0.3074 0 0.165285 0.142186 0.259937 0.110052 
2036  0 0.259937 0.3074 0 0.16141 0.142076 0.259937 0.110556 

Total_Biomassgoa_wp
Year B100 Babc Bofl LowCI_Biom Median_Biom Mean_Biom UpperCI_Biom Stdev_Biom 
2023 2.9656e+06 2.16947e+06 2.09604e+06 1.48226e+06 1.48226e+06 1.48226e+06 1.48226e+06 3.0268e-09 
2024 2.9656e+06 2.16947e+06 2.09604e+06 1.1781e+06 1.24635e+06 1.69237e+06 3.58452e+06 1.9437e+06 
2025 2.9656e+06 2.16947e+06 2.09604e+06 773438 948705 1.52909e+06 3.93307e+06 2.08469e+06 
2026 2.9656e+06 2.16947e+06 2.09604e+06 536932 850961 1.73184e+06 5.17587e+06 2.89638e+06 
2027 2.9656e+06 2.16947e+06 2.09604e+06 421088 882022 1.8501e+06 6.73046e+06 2.82254e+06 
2028 2.9656e+06 2.16947e+06 2.09604e+06 356677 933916 2.08285e+06 7.63557e+06 3.47815e+06 
2029 2.9656e+06 2.16947e+06 2.09604e+06 336104 987027 1.99497e+06 7.06235e+06 2.94492e+06 
2030 2.9656e+06 2.16947e+06 2.09604e+06 336127 1.05751e+06 2.14348e+06 7.83814e+06 3.19665e+06 
2031 2.9656e+06 2.16947e+06 2.09604e+06 341639 1.10361e+06 2.18689e+06 7.06256e+06 3.16349e+06 
2032 2.9656e+06 2.16947e+06 2.09604e+06 336998 1.15438e+06 2.16048e+06 7.27787e+06 2.88529e+06 
2033 2.9656e+06 2.16947e+06 2.09604e+06 355437 1.12231e+06 2.13098e+06 7.00913e+06 2.9672e+06 
2034 2.9656e+06 2.16947e+06 2.09604e+06 342007 1.09524e+06 2.18769e+06 7.66978e+06 3.52137e+06 
2035 2.9656e+06 2.16947e+06 2.09604e+06 333439 1.1322e+06 2.21131e+06 8.38977e+06 3.47057e+06 
2036 2.9656e+06 2.16947e+06 2.09604e+06 324438 1.09265e+06 2.21702e+06 7.98425e+06 3.48915e+06 
Alternative 2 Alternative  Stock: goa_wp
Catch goa_wp
Year C0 Cabc Cofl LowCI_Catch Median_Catch Mean_Catch UpperCI_Catch Stdev_Catch 
2023  0 225099 245148 145215 145215 145215 145215 1.74623e-09 
2024  0 225099 245148 231996 232069 232543 234556 2067.52 
2025  0 225099 245148 152710 153591 157687 174620 17553.2 
2026  0 225099 245148 79160.4 85484.6 113774 238870 118356 
2027  0 225099 245148 35106.5 51314.3 117623 419503 210217 
2028  0 225099 245148 0 44878.3 131812 587958 271627 
2029  0 225099 245148 0 47726.3 155034 665258 314433 
2030  0 225099 245148 0 55694.5 179463 879870 332452 
2031  0 225099 245148 0 64244.8 183227 825353 327286 
2032  0 225099 245148 0 73384.8 185643 741589 318640 
2033  0 225099 245148 0 77392.7 196041 821418 332629 
2034  0 225099 245148 0 79027.1 198473 817691 328651 
2035  0 225099 245148 0 77229.2 194222 796171 323735 
2036  0 225099 245148 0 71899.1 192460 799427 330399 

Spawning_Biomass goa_wp
Year SSB100 SSBabc SSBofl LowCI_SSB Median_SSB Mean_SSB UpperCI_SSB Stdev_SSB 
2023 504652 201861 176628 293675 293675 293675 293675 2.32831e-10 
2024 504652 201861 176628 274141 274141 274141 274144 2.47554 
2025 504652 201861 176628 226024 226166 227091 231013 4030.12 
2026 504652 201861 176628 173647 174841 180024 200777 22056 
2027 504652 201861 176628 121638 128355 151997 245126 101040 
2028 504652 201861 176628 93790.1 109335 157200 350680 180875 
2029 504652 201861 176628 77581.6 107586 176902 466862 238503 
2030 504652 201861 176628 69429 114657 197172 531486 265541 
2031 504652 201861 176628 63937 120824 215200 650260 294569 
2032 504652 201861 176628 61161.4 123439 219998 669183 310622 
2033 504652 201861 176628 60019.7 127867 223373 662267 308823 
2034 504652 201861 176628 59884.2 131111 224353 670792 288225 
2035 504652 201861 176628 61690.8 132034 226540 697642 286055 
2036 504652 201861 176628 61227.8 129175 224031 687100 277214 

Fishing_mortalitygoa_wp
Year F0 Fabc Fofl LowCI_F Median_F Mean_F UpperCI_F Stdev_F 
2023  0 0.259937 0.3074 0.167347 0.167347 0.167347 0.167347 1.38778e-15 
2024  0 0.259937 0.3074 0.259937 0.259937 0.259937 0.259937 5.21805e-15 
2025  0 0.259937 0.3074 0.259937 0.259937 0.259937 0.259937 5.21805e-15 
2026  0 0.259937 0.3074 0.221692 0.223311 0.227362 0.257605 0.00968448 
2027  0 0.259937 0.3074 0.151138 0.160212 0.17434 0.259937 0.0322789 
2028  0 0.259937 0.3074 0 0.13452 0.121877 0.259937 0.0920667 
2029  0 0.259937 0.3074 0 0.132057 0.110285 0.259937 0.106214 
2030  0 0.259937 0.3074 0 0.141702 0.121975 0.259937 0.109477 
2031  0 0.259937 0.3074 0 0.147571 0.129308 0.259937 0.10905 
2032  0 0.259937 0.3074 0 0.153355 0.135182 0.259937 0.107776 
2033  0 0.259937 0.3074 0 0.158959 0.140381 0.259937 0.107271 
2034  0 0.259937 0.3074 0 0.163215 0.14222 0.259937 0.10741 
2035  0 0.259937 0.3074 0 0.164704 0.141709 0.259937 0.109687 
2036  0 0.259937 0.3074 0 0.161098 0.141614 0.259937 0.110223 

Total_Biomassgoa_wp
Year B100 Babc Bofl LowCI_Biom Median_Biom Mean_Biom UpperCI_Biom Stdev_Biom 
2023 2.9656e+06 2.16947e+06 2.09604e+06 1.48226e+06 1.48226e+06 1.48226e+06 1.48226e+06 3.0268e-09 
2024 2.9656e+06 2.16947e+06 2.09604e+06 1.1781e+06 1.24635e+06 1.69237e+06 3.58452e+06 1.9437e+06 
2025 2.9656e+06 2.16947e+06 2.09604e+06 773438 948705 1.52909e+06 3.93307e+06 2.08469e+06 
2026 2.9656e+06 2.16947e+06 2.09604e+06 536932 850961 1.73184e+06 5.17587e+06 2.89638e+06 
2027 2.9656e+06 2.16947e+06 2.09604e+06 421088 882022 1.85013e+06 6.73046e+06 2.82269e+06 
2028 2.9656e+06 2.16947e+06 2.09604e+06 356677 933916 2.08654e+06 7.63557e+06 3.48964e+06 
2029 2.9656e+06 2.16947e+06 2.09604e+06 336104 987027 2.00071e+06 7.06235e+06 2.95859e+06 
2030 2.9656e+06 2.16947e+06 2.09604e+06 336127 1.05751e+06 2.15276e+06 7.85172e+06 3.21757e+06 
2031 2.9656e+06 2.16947e+06 2.09604e+06 341639 1.10361e+06 2.19677e+06 7.06256e+06 3.18689e+06 
2032 2.9656e+06 2.16947e+06 2.09604e+06 336998 1.15438e+06 2.17611e+06 7.38383e+06 2.92756e+06 
2033 2.9656e+06 2.16947e+06 2.09604e+06 355437 1.12231e+06 2.14588e+06 7.50653e+06 2.99843e+06 
2034 2.9656e+06 2.16947e+06 2.09604e+06 342007 1.09524e+06 2.20149e+06 8.06493e+06 3.54464e+06 
2035 2.9656e+06 2.16947e+06 2.09604e+06 333439 1.13388e+06 2.22422e+06 8.38977e+06 3.49223e+06 
2036 2.9656e+06 2.16947e+06 2.09604e+06 324438 1.10125e+06 2.22853e+06 8.37327e+06 3.51056e+06 
Alternative 3 Alternative  Stock: goa_wp
Catch goa_wp
Year C0 Cabc Cofl LowCI_Catch Median_Catch Mean_Catch UpperCI_Catch Stdev_Catch 
2023  0 225099 245148 145215 145215 145215 145215 1.74623e-09 
2024  0 225099 245148 138361 138403 138673 139822 1179.39 
2025  0 225099 245148 100697 101201 103543 113226 10037.1 
2026  0 225099 245148 66595.8 70508.6 86493.2 153385 68102.2 
2027  0 225099 245148 44075.3 57759 99977.9 270132 163862 
2028  0 225099 245148 31110.6 56183.1 113212 375699 186256 
2029  0 225099 245148 24619.8 60042 132022 419984 226905 
2030  0 225099 245148 17616 61241.7 141262 551354 229514 
2031  0 225099 245148 17786.3 69682.7 150843 543086 260885 
2032  0 225099 245148 18907.9 73939.1 149355 519383 225690 
2033  0 225099 245148 18436.3 76071.1 154517 551542 232328 
2034  0 225099 245148 18219.4 77813.1 156419 548580 229749 
2035  0 225099 245148 18526.4 77373.3 153062 541375 220964 
2036  0 225099 245148 18605.2 73714.5 151932 551169 225697 

Spawning_Biomass goa_wp
Year SSB100 SSBabc SSBofl LowCI_SSB Median_SSB Mean_SSB UpperCI_SSB Stdev_SSB 
2023 504652 201861 176628 293675 293675 293675 293675 2.32831e-10 
2024 504652 201861 176628 279185 279185 279186 279188 2.47577 
2025 504652 201861 176628 251825 251967 252893 256822 4036.07 
2026 504652 201861 176628 211415 212670 218034 240010 22532.8 
2027 504652 201861 176628 155104 162261 187884 291405 106792 
2028 504652 201861 176628 116681 135421 189199 409351 195860 
2029 504652 201861 176628 86086.2 123648 206316 583358 269080 
2030 504652 201861 176628 69233.1 123583 227501 666083 310992 
2031 504652 201861 176628 57755.5 126592 249593 817124 349739 
2032 504652 201861 176628 50180.7 135434 257448 876626 366694 
2033 504652 201861 176628 45750.8 140666 263797 893827 370192 
2034 504652 201861 176628 43388.9 146179 267299 880746 354172 
2035 504652 201861 176628 43041 152045 272481 904296 355491 
2036 504652 201861 176628 41928.9 154470 271914 896014 348941 

Fishing_mortalitygoa_wp
Year F0 Fabc Fofl LowCI_F Median_F Mean_F UpperCI_F Stdev_F 
2023  0 0.259937 0.3074 0.167347 0.167347 0.167347 0.167347 1.38778e-15 
2024  0 0.259937 0.3074 0.148252 0.148252 0.148252 0.148252 1.83187e-15 
2025  0 0.259937 0.3074 0.148252 0.148252 0.148252 0.148252 1.83187e-15 
2026  0 0.259937 0.3074 0.148252 0.148252 0.148252 0.148252 1.83187e-15 
2027  0 0.259937 0.3074 0.148252 0.148252 0.148252 0.148252 1.83187e-15 
2028  0 0.259937 0.3074 0.148252 0.148252 0.148252 0.148252 1.83187e-15 
2029  0 0.259937 0.3074 0.148252 0.148252 0.148252 0.148252 1.83187e-15 
2030  0 0.259937 0.3074 0.148252 0.148252 0.148252 0.148252 1.83187e-15 
2031  0 0.259937 0.3074 0.148252 0.148252 0.148252 0.148252 1.83187e-15 
2032  0 0.259937 0.3074 0.148252 0.148252 0.148252 0.148252 1.83187e-15 
2033  0 0.259937 0.3074 0.148252 0.148252 0.148252 0.148252 1.83187e-15 
2034  0 0.259937 0.3074 0.148252 0.148252 0.148252 0.148252 1.83187e-15 
2035  0 0.259937 0.3074 0.148252 0.148252 0.148252 0.148252 1.83187e-15 
2036  0 0.259937 0.3074 0.148252 0.148252 0.148252 0.148252 1.83187e-15 

Total_Biomassgoa_wp
Year B100 Babc Bofl LowCI_Biom Median_Biom Mean_Biom UpperCI_Biom Stdev_Biom 
2023 2.9656e+06 2.16947e+06 2.09604e+06 1.48226e+06 1.48226e+06 1.48226e+06 1.48226e+06 3.0268e-09 
2024 2.9656e+06 2.16947e+06 2.09604e+06 1.1781e+06 1.24635e+06 1.69237e+06 3.58452e+06 1.9437e+06 
2025 2.9656e+06 2.16947e+06 2.09604e+06 844241 1.0195e+06 1.60005e+06 4.00515e+06 2.08513e+06 
2026 2.9656e+06 2.16947e+06 2.09604e+06 634042 948664 1.83072e+06 5.29711e+06 2.89956e+06 
2027 2.9656e+06 2.16947e+06 2.09604e+06 508982 972644 1.95176e+06 6.88678e+06 2.84523e+06 
2028 2.9656e+06 2.16947e+06 2.09604e+06 417986 1.0036e+06 2.17988e+06 7.69718e+06 3.51533e+06 
2029 2.9656e+06 2.16947e+06 2.09604e+06 368629 1.03857e+06 2.08731e+06 7.4541e+06 3.01448e+06 
2030 2.9656e+06 2.16947e+06 2.09604e+06 333982 1.11867e+06 2.23804e+06 7.9941e+06 3.27736e+06 
2031 2.9656e+06 2.16947e+06 2.09604e+06 326556 1.16509e+06 2.29412e+06 7.42081e+06 3.27729e+06 
2032 2.9656e+06 2.16947e+06 2.09604e+06 321135 1.22491e+06 2.27778e+06 7.5139e+06 3.001e+06 
2033 2.9656e+06 2.16947e+06 2.09604e+06 317492 1.22015e+06 2.25479e+06 7.492e+06 3.08142e+06 
2034 2.9656e+06 2.16947e+06 2.09604e+06 300156 1.19022e+06 2.31948e+06 8.19596e+06 3.61215e+06 
2035 2.9656e+06 2.16947e+06 2.09604e+06 293337 1.24714e+06 2.34926e+06 8.49121e+06 3.56143e+06 
2036 2.9656e+06 2.16947e+06 2.09604e+06 297507 1.19604e+06 2.35835e+06 8.51891e+06 3.58557e+06 
Alternative 4 Alternative  Stock: goa_wp
Catch goa_wp
Year C0 Cabc Cofl LowCI_Catch Median_Catch Mean_Catch UpperCI_Catch Stdev_Catch 
2023  0 225099 245148 145215 145215 145215 145215 1.74623e-09 
2024  0 225099 245148 69059.6 69079.6 69210.6 69766.1 570.69 
2025  0 225099 245148 53863.7 54108 55242.7 59936.3 4864.81 
2026  0 225099 245148 38195.9 40118.2 47958 80845.6 33456.5 
2027  0 225099 245148 26752.2 33567.6 55088.7 140305 83720.6 
2028  0 225099 245148 19487.8 32157.3 62238 200949 97753.7 
2029  0 225099 245148 15630.9 34698.1 72656.2 221198 119846 
2030  0 225099 245148 0 33856.1 76266.6 291638 124207 
2031  0 225099 245148 0 39196.2 81559.9 303616 141790 
2032  0 225099 245148 0 43517.8 81648.2 291841 127483 
2033  0 225099 245148 0 44459.3 84484 308892 129844 
2034  0 225099 245148 0 46355.1 85953.9 308354 128791 
2035  0 225099 245148 0 45371.1 84396.6 306171 124266 
2036  0 225099 245148 0 44543.5 84102 306284 126158 

Spawning_Biomass goa_wp
Year SSB100 SSBabc SSBofl LowCI_SSB Median_SSB Mean_SSB UpperCI_SSB Stdev_SSB 
2023 504652 201861 176628 293675 293675 293675 293675 2.32831e-10 
2024 504652 201861 176628 282702 282702 282703 282705 2.47593 
2025 504652 201861 176628 271372 271514 272442 276374 4040.15 
2026 504652 201861 176628 243530 244791 250203 272386 22734 
2027 504652 201861 176628 190110 197370 224148 330611 111382 
2028 504652 201861 176628 150621 170947 229410 476572 215815 
2029 504652 201861 176628 115180 157053 250778 704953 308949 
2030 504652 201861 176628 95189.5 158623 278907 781156 365444 
2031 504652 201861 176628 82772.4 163498 309291 980465 417966 
2032 504652 201861 176628 74496.3 172653 324777 1.08971e+06 443924 
2033 504652 201861 176628 70531.2 184276 337945 1.14638e+06 457860 
2034 504652 201861 176628 67601.5 193432 345692 1.10748e+06 441714 
2035 504652 201861 176628 68993.5 202842 355200 1.11243e+06 444677 
2036 504652 201861 176628 67441.7 207573 357105 1.158e+06 436253 

Fishing_mortalitygoa_wp
Year F0 Fabc Fofl LowCI_F Median_F Mean_F UpperCI_F Stdev_F 
2023  0 0.259937 0.3074 0.167347 0.167347 0.167347 0.167347 1.38778e-15 
2024  0 0.259937 0.3074 0.0717286 0.0717286 0.0717286 0.0717286 5.55112e-16 
2025  0 0.259937 0.3074 0.0717286 0.0717286 0.0717286 0.0717286 5.55112e-16 
2026  0 0.259937 0.3074 0.0717286 0.0717286 0.0717286 0.0717286 5.55112e-16 
2027  0 0.259937 0.3074 0.0717286 0.0717286 0.0717286 0.0717286 5.55112e-16 
2028  0 0.259937 0.3074 0.0717286 0.0717286 0.0717286 0.0717286 5.55112e-16 
2029  0 0.259937 0.3074 0.0717286 0.0717286 0.0717286 0.0717286 5.55112e-16 
2030  0 0.259937 0.3074 0 0.0717286 0.0631212 0.0717286 0.023309 
2031  0 0.259937 0.3074 0 0.0717286 0.0575981 0.0717286 0.0285288 
2032  0 0.259937 0.3074 0 0.0717286 0.0555897 0.0717286 0.0299526 
2033  0 0.259937 0.3074 0 0.0717286 0.0555179 0.0717286 0.0299997 
2034  0 0.259937 0.3074 0 0.0717286 0.0556614 0.0717286 0.0299052 
2035  0 0.259937 0.3074 0 0.0717286 0.0562352 0.0717286 0.0295173 
2036  0 0.259937 0.3074 0 0.0717286 0.0565939 0.0717286 0.0292666 

Total_Biomassgoa_wp
Year B100 Babc Bofl LowCI_Biom Median_Biom Mean_Biom UpperCI_Biom Stdev_Biom 
2023 2.9656e+06 2.16947e+06 2.09604e+06 1.48226e+06 1.48226e+06 1.48226e+06 1.48226e+06 3.0268e-09 
2024 2.9656e+06 2.16947e+06 2.09604e+06 1.1781e+06 1.24635e+06 1.69237e+06 3.58452e+06 1.9437e+06 
2025 2.9656e+06 2.16947e+06 2.09604e+06 896916 1.07218e+06 1.65284e+06 4.0587e+06 2.08543e+06 
2026 2.9656e+06 2.16947e+06 2.09604e+06 712854 1.02788e+06 1.91076e+06 5.39252e+06 2.90176e+06 
2027 2.9656e+06 2.16947e+06 2.09604e+06 595193 1.06281e+06 2.04733e+06 6.98519e+06 2.86126e+06 
2028 2.9656e+06 2.16947e+06 2.09604e+06 501479 1.12373e+06 2.29012e+06 7.77887e+06 3.54494e+06 
2029 2.9656e+06 2.16947e+06 2.09604e+06 439128 1.13755e+06 2.2124e+06 7.7342e+06 3.07163e+06 
2030 2.9656e+06 2.16947e+06 2.09604e+06 403057 1.24355e+06 2.38191e+06 8.43901e+06 3.34829e+06 
2031 2.9656e+06 2.16947e+06 2.09604e+06 392223 1.28694e+06 2.45887e+06 8.01089e+06 3.37902e+06 
2032 2.9656e+06 2.16947e+06 2.09604e+06 382222 1.38564e+06 2.46149e+06 8.01762e+06 3.11116e+06 
2033 2.9656e+06 2.16947e+06 2.09604e+06 389326 1.35773e+06 2.45356e+06 8.16354e+06 3.1934e+06 
2034 2.9656e+06 2.16947e+06 2.09604e+06 370147 1.38504e+06 2.53057e+06 8.52231e+06 3.70412e+06 
2035 2.9656e+06 2.16947e+06 2.09604e+06 370387 1.41e+06 2.56969e+06 9.23232e+06 3.65305e+06 
2036 2.9656e+06 2.16947e+06 2.09604e+06 379826 1.38717e+06 2.58428e+06 9.13662e+06 3.68125e+06 
Alternative 5 Alternative  Stock: goa_wp
Catch goa_wp
Year C0 Cabc Cofl LowCI_Catch Median_Catch Mean_Catch UpperCI_Catch Stdev_Catch 
2023  0 225099 245148 145215 145215 145215 145215 1.74623e-09 
2024  0 225099 245148 0 0 0 0 0 
2025  0 225099 245148 0 0 0 0 0 
2026  0 225099 245148 0 0 0 0 0 
2027  0 225099 245148 0 0 0 0 0 
2028  0 225099 245148 0 0 0 0 0 
2029  0 225099 245148 0 0 0 0 0 
2030  0 225099 245148 0 0 0 0 0 
2031  0 225099 245148 0 0 0 0 0 
2032  0 225099 245148 0 0 0 0 0 
2033  0 225099 245148 0 0 0 0 0 
2034  0 225099 245148 0 0 0 0 0 
2035  0 225099 245148 0 0 0 0 0 
2036  0 225099 245148 0 0 0 0 0 

Spawning_Biomass goa_wp
Year SSB100 SSBabc SSBofl LowCI_SSB Median_SSB Mean_SSB UpperCI_SSB Stdev_SSB 
2023 504652 201861 176628 293675 293675 293675 293675 2.32831e-10 
2024 504652 201861 176628 286044 286044 286045 286047 2.47608 
2025 504652 201861 176628 291216 291358 292286 296222 4043.98 
2026 504652 201861 176628 278451 279721 285175 307553 22924.2 
2027 504652 201861 176628 230766 238172 266033 377112 115871 
2028 504652 201861 176628 192505 214425 277724 540183 236668 
2029 504652 201861 176628 152919 198878 305141 800394 353684 
2030 504652 201861 176628 128759 202137 342332 933244 429256 
2031 504652 201861 176628 109004 206878 382504 1.14909e+06 501524 
2032 504652 201861 176628 95385.5 221225 407261 1.33134e+06 541125 
2033 504652 201861 176628 88610.4 235563 429242 1.47234e+06 571035 
2034 504652 201861 176628 82250.7 255464 442652 1.39092e+06 559166 
2035 504652 201861 176628 81325.3 266293 457824 1.44405e+06 566471 
2036 504652 201861 176628 80450.1 273764 463130 1.40105e+06 556551 

Fishing_mortalitygoa_wp
Year F0 Fabc Fofl LowCI_F Median_F Mean_F UpperCI_F Stdev_F 
2023  0 0.259937 0.3074 0.167347 0.167347 0.167347 0.167347 1.38778e-15 
2024  0 0.259937 0.3074 0 0 0 0 0 
2025  0 0.259937 0.3074 0 0 0 0 0 
2026  0 0.259937 0.3074 0 0 0 0 0 
2027  0 0.259937 0.3074 0 0 0 0 0 
2028  0 0.259937 0.3074 0 0 0 0 0 
2029  0 0.259937 0.3074 0 0 0 0 0 
2030  0 0.259937 0.3074 0 0 0 0 0 
2031  0 0.259937 0.3074 0 0 0 0 0 
2032  0 0.259937 0.3074 0 0 0 0 0 
2033  0 0.259937 0.3074 0 0 0 0 0 
2034  0 0.259937 0.3074 0 0 0 0 0 
2035  0 0.259937 0.3074 0 0 0 0 0 
2036  0 0.259937 0.3074 0 0 0 0 0 

Total_Biomassgoa_wp
Year B100 Babc Bofl LowCI_Biom Median_Biom Mean_Biom UpperCI_Biom Stdev_Biom 
2023 2.9656e+06 2.16947e+06 2.09604e+06 1.48226e+06 1.48226e+06 1.48226e+06 1.48226e+06 3.0268e-09 
2024 2.9656e+06 2.16947e+06 2.09604e+06 1.1781e+06 1.24635e+06 1.69237e+06 3.58452e+06 1.9437e+06 
2025 2.9656e+06 2.16947e+06 2.09604e+06 949617 1.12487e+06 1.70564e+06 4.11222e+06 2.08571e+06 
2026 2.9656e+06 2.16947e+06 2.09604e+06 797379 1.11305e+06 1.99643e+06 5.49267e+06 2.90383e+06 
2027 2.9656e+06 2.16947e+06 2.09604e+06 693947 1.16592e+06 2.15508e+06 7.11109e+06 2.87701e+06 
2028 2.9656e+06 2.16947e+06 2.09604e+06 601715 1.2282e+06 2.41822e+06 7.96533e+06 3.57657e+06 
2029 2.9656e+06 2.16947e+06 2.09604e+06 530797 1.25053e+06 2.35991e+06 7.85828e+06 3.13557e+06 
2030 2.9656e+06 2.16947e+06 2.09604e+06 492689 1.37475e+06 2.55347e+06 8.72397e+06 3.43267e+06 
2031 2.9656e+06 2.16947e+06 2.09604e+06 468818 1.42052e+06 2.65409e+06 8.76652e+06 3.50409e+06 
2032 2.9656e+06 2.16947e+06 2.09604e+06 451419 1.55413e+06 2.67862e+06 8.7244e+06 3.25523e+06 
2033 2.9656e+06 2.16947e+06 2.09604e+06 448991 1.53988e+06 2.68922e+06 8.92005e+06 3.34634e+06 
2034 2.9656e+06 2.16947e+06 2.09604e+06 424826 1.58943e+06 2.78142e+06 9.81748e+06 3.83171e+06 
2035 2.9656e+06 2.16947e+06 2.09604e+06 424647 1.61274e+06 2.83264e+06 9.54693e+06 3.7839e+06 
2036 2.9656e+06 2.16947e+06 2.09604e+06 426267 1.59297e+06 2.85482e+06 9.74826e+06 3.81816e+06 
Alternative 6 Alternative  Stock: goa_wp
Catch goa_wp
Year C0 Cabc Cofl LowCI_Catch Median_Catch Mean_Catch UpperCI_Catch Stdev_Catch 
2023  0 225099 245148 145215 145215 145215 145215 1.74623e-09 
2024  0 225099 245148 269269 269355 269916 272296 2444.85 
2025  0 225099 245148 169877 170918 175757 195759 20735.6 
2026  0 225099 245148 78407.4 85231.4 117702 252342 139417 
2027  0 225099 245148 34049.3 51368.7 132273 475645 308966 
2028  0 225099 245148 18741 46040.9 156706 675761 337994 
2029  0 225099 245148 12333.9 52758.7 189288 744852 408340 
2030  0 225099 245148 8502.87 57792.9 209047 975973 404879 
2031  0 225099 245148 8188.51 64741.3 218899 878814 459038 
2032  0 225099 245148 8726.35 71054.4 209111 802286 376493 
2033  0 225099 245148 8274.47 76796.3 220168 915086 400758 
2034  0 225099 245148 8389.71 75883.1 222541 877454 393579 
2035  0 225099 245148 8384.51 78033.3 217338 886166 377584 
2036  0 225099 245148 8354.57 70191.4 216153 868454 389349 

Spawning_Biomass goa_wp
Year SSB100 SSBabc SSBofl LowCI_SSB Median_SSB Mean_SSB UpperCI_SSB Stdev_SSB 
2023 504652 201861 176628 293675 293675 293675 293675 2.32831e-10 
2024 504652 201861 176628 272028 272028 272029 272031 2.47544 
2025 504652 201861 176628 215957 216099 217023 220944 4027.6 
2026 504652 201861 176628 160222 161408 166535 187156 21837.8 
2027 504652 201861 176628 110834 117453 140382 232413 96584.4 
2028 504652 201861 176628 83849.1 100745 144585 331552 158393 
2029 504652 201861 176628 65049.8 99322.6 160531 438799 203190 
2030 504652 201861 176628 55971 105003 176233 516266 226056 
2031 504652 201861 176628 50647.1 108842 190182 589589 248930 
2032 504652 201861 176628 47952.8 112746 191372 599346 254090 
2033 504652 201861 176628 47270.9 115672 192914 573402 246199 
2034 504652 201861 176628 46733.8 118360 194040 579080 235229 
2035 504652 201861 176628 47109.6 118067 195743 619032 235172 
2036 504652 201861 176628 47106.8 116423 193477 589419 230844 

Fishing_mortalitygoa_wp
Year F0 Fabc Fofl LowCI_F Median_F Mean_F UpperCI_F Stdev_F 
2023  0 0.259937 0.3074 0.167347 0.167347 0.167347 0.167347 1.38778e-15 
2024  0 0.259937 0.3074 0.3074 0.3074 0.3074 0.3074 4.88498e-15 
2025  0 0.259937 0.3074 0.3074 0.3074 0.3074 0.3074 4.88498e-15 
2026  0 0.259937 0.3074 0.240652 0.242554 0.248158 0.283831 0.0144993 
2027  0 0.259937 0.3074 0.161483 0.172093 0.190318 0.3074 0.0416879 
2028  0 0.259937 0.3074 0.118229 0.145312 0.174614 0.3074 0.0634387 
2029  0 0.259937 0.3074 0.0880943 0.143033 0.172749 0.3074 0.0783468 
2030  0 0.259937 0.3074 0.0735413 0.152137 0.177932 0.3074 0.0863979 
2031  0 0.259937 0.3074 0.0650072 0.15829 0.180966 0.3074 0.0894565 
2032  0 0.259937 0.3074 0.0606881 0.164547 0.182474 0.3074 0.0898707 
2033  0 0.259937 0.3074 0.0595952 0.169239 0.185238 0.3074 0.0905708 
2034  0 0.259937 0.3074 0.0587342 0.173546 0.18727 0.3074 0.0919146 
2035  0 0.259937 0.3074 0.0593367 0.173076 0.188385 0.3074 0.0924837 
2036  0 0.259937 0.3074 0.059332 0.170441 0.188168 0.3074 0.0929687 

Total_Biomassgoa_wp
Year B100 Babc Bofl LowCI_Biom Median_Biom Mean_Biom UpperCI_Biom Stdev_Biom 
2023 2.9656e+06 2.16947e+06 2.09604e+06 1.48226e+06 1.48226e+06 1.48226e+06 1.48226e+06 3.0268e-09 
2024 2.9656e+06 2.16947e+06 2.09604e+06 1.1781e+06 1.24635e+06 1.69237e+06 3.58452e+06 1.9437e+06 
2025 2.9656e+06 2.16947e+06 2.09604e+06 745383 920651 1.50097e+06 3.90448e+06 2.08451e+06 
2026 2.9656e+06 2.16947e+06 2.09604e+06 501220 814889 1.69538e+06 5.12995e+06 2.89504e+06 
2027 2.9656e+06 2.16947e+06 2.09604e+06 393263 852007 1.81761e+06 6.58511e+06 2.81361e+06 
2028 2.9656e+06 2.16947e+06 2.09604e+06 335593 907905 2.05017e+06 7.61457e+06 3.46544e+06 
2029 2.9656e+06 2.16947e+06 2.09604e+06 313867 958814 1.95308e+06 6.97893e+06 2.92342e+06 
2030 2.9656e+06 2.16947e+06 2.09604e+06 304709 1.01609e+06 2.08919e+06 7.64974e+06 3.17355e+06 
2031 2.9656e+06 2.16947e+06 2.09604e+06 306200 1.05458e+06 2.12325e+06 6.86108e+06 3.12996e+06 
2032 2.9656e+06 2.16947e+06 2.09604e+06 303812 1.08654e+06 2.0911e+06 7.11256e+06 2.85203e+06 
2033 2.9656e+06 2.16947e+06 2.09604e+06 317814 1.06133e+06 2.05974e+06 6.80308e+06 2.93542e+06 
2034 2.9656e+06 2.16947e+06 2.09604e+06 301557 1.04065e+06 2.11494e+06 7.61939e+06 3.49483e+06 
2035 2.9656e+06 2.16947e+06 2.09604e+06 295421 1.06678e+06 2.13768e+06 8.15471e+06 3.44466e+06 
2036 2.9656e+06 2.16947e+06 2.09604e+06 288022 1.0394e+06 2.14268e+06 7.92099e+06 3.46173e+06 
Alternative 7 Alternative  Stock: goa_wp
Catch goa_wp
Year C0 Cabc Cofl LowCI_Catch Median_Catch Mean_Catch UpperCI_Catch Stdev_Catch 
2023  0 225099 245148 145215 145215 145215 145215 1.74623e-09 
2024  0 225099 245148 231996 232069 232543 234556 2067.52 
2025  0 225099 245148 152710 153591 157687 174620 17553.2 
2026  0 225099 245148 91484.4 98848.3 132031 277250 139496 
2027  0 225099 245148 38369.7 56638.4 138195 477894 309648 
2028  0 225099 245148 20579.4 48740.3 159486 675167 338081 
2029  0 225099 245148 13188 54778.5 190600 743245 408164 
2030  0 225099 245148 8896.4 57813.3 209440 976074 404618 
2031  0 225099 245148 8446.33 64654.8 219045 878600 458858 
2032  0 225099 245148 8956.81 71524.4 209182 802044 376395 
2033  0 225099 245148 8404.59 76932.3 220194 914931 400691 
2034  0 225099 245148 8426.45 75833.9 222555 877441 393547 
2035  0 225099 245148 8387.93 78018.5 217346 886118 377564 
2036  0 225099 245148 8366.52 70145.5 216158 868437 389339 

Spawning_Biomass goa_wp
Year SSB100 SSBabc SSBofl LowCI_SSB Median_SSB Mean_SSB UpperCI_SSB Stdev_SSB 
2023 504652 201861 176628 293675 293675 293675 293675 2.32831e-10 
2024 504652 201861 176628 274141 274141 274141 274144 2.47554 
2025 504652 201861 176628 226024 226166 227091 231013 4030.12 
2026 504652 201861 176628 172501 173684 178829 199364 21939 
2027 504652 201861 176628 117522 124073 147036 238495 96947.1 
2028 504652 201861 176628 88099.2 104899 148566 335382 158730 
2029 504652 201861 176628 67760.1 101577 162733 439658 203343 
2030 504652 201861 176628 57576.9 106236 177480 516969 226024 
2031 504652 201861 176628 51761.3 109276 190880 590162 248857 
2032 504652 201861 176628 48581 113012 191772 599087 254033 
2033 504652 201861 176628 47624.4 115711 193145 574202 246170 
2034 504652 201861 176628 47035.7 118572 194176 579112 235218 
2035 504652 201861 176628 47150.3 118096 195822 618967 235170 
2036 504652 201861 176628 47170.3 116439 193524 589488 230845 

Fishing_mortalitygoa_wp
Year F0 Fabc Fofl LowCI_F Median_F Mean_F UpperCI_F Stdev_F 
2023  0 0.259937 0.3074 0.167347 0.167347 0.167347 0.167347 1.38778e-15 
2024  0 0.259937 0.3074 0.259937 0.259937 0.259937 0.259937 5.21805e-15 
2025  0 0.259937 0.3074 0.259937 0.259937 0.259937 0.259937 5.21805e-15 
2026  0 0.259937 0.3074 0.260338 0.262234 0.267091 0.303404 0.0117171 
2027  0 0.259937 0.3074 0.172204 0.182705 0.200143 0.3074 0.0395213 
2028  0 0.259937 0.3074 0.125041 0.15197 0.180189 0.3074 0.0615517 
2029  0 0.259937 0.3074 0.0924387 0.146645 0.175722 0.3074 0.0769867 
2030  0 0.259937 0.3074 0.0761156 0.154114 0.179562 0.3074 0.0854526 
2031  0 0.259937 0.3074 0.0667931 0.158985 0.181877 0.3074 0.0888778 
2032  0 0.259937 0.3074 0.0616952 0.164974 0.182998 0.3074 0.0895282 
2033  0 0.259937 0.3074 0.0601618 0.1693 0.185535 0.3074 0.090376 
2034  0 0.259937 0.3074 0.059218 0.173889 0.187438 0.3074 0.0918015 
2035  0 0.259937 0.3074 0.0594018 0.173123 0.188482 0.3074 0.092419 
2036  0 0.259937 0.3074 0.0594338 0.170466 0.188225 0.3074 0.0929317 

Total_Biomassgoa_wp
Year B100 Babc Bofl LowCI_Biom Median_Biom Mean_Biom UpperCI_Biom Stdev_Biom 
2023 2.9656e+06 2.16947e+06 2.09604e+06 1.48226e+06 1.48226e+06 1.48226e+06 1.48226e+06 3.0268e-09 
2024 2.9656e+06 2.16947e+06 2.09604e+06 1.1781e+06 1.24635e+06 1.69237e+06 3.58452e+06 1.9437e+06 
2025 2.9656e+06 2.16947e+06 2.09604e+06 773438 948705 1.52909e+06 3.93307e+06 2.08469e+06 
2026 2.9656e+06 2.16947e+06 2.09604e+06 536932 850961 1.73184e+06 5.17587e+06 2.89638e+06 
2027 2.9656e+06 2.16947e+06 2.09604e+06 410842 868983 1.83506e+06 6.62027e+06 2.81459e+06 
2028 2.9656e+06 2.16947e+06 2.09604e+06 345965 916856 2.05912e+06 7.62499e+06 3.46523e+06 
2029 2.9656e+06 2.16947e+06 2.09604e+06 318725 964043 1.95756e+06 6.98152e+06 2.92292e+06 
2030 2.9656e+06 2.16947e+06 2.09604e+06 307094 1.01767e+06 2.09139e+06 7.64899e+06 3.17319e+06 
2031 2.9656e+06 2.16947e+06 2.09604e+06 307482 1.05453e+06 2.12444e+06 6.86161e+06 3.12977e+06 
2032 2.9656e+06 2.16947e+06 2.09604e+06 305542 1.08789e+06 2.09177e+06 7.1136e+06 2.85194e+06 
2033 2.9656e+06 2.16947e+06 2.09604e+06 318146 1.06132e+06 2.06012e+06 6.8031e+06 2.93537e+06 
2034 2.9656e+06 2.16947e+06 2.09604e+06 302136 1.04091e+06 2.11516e+06 7.61964e+06 3.4948e+06 
2035 2.9656e+06 2.16947e+06 2.09604e+06 295573 1.06694e+06 2.13781e+06 8.15482e+06 3.44464e+06 
2036 2.9656e+06 2.16947e+06 2.09604e+06 288312 1.03938e+06 2.14276e+06 7.92101e+06 3.46172e+06 
