Alternative 1 Catch
     GOA_ATF 
Equil_Fabc 176571 
Year 
2005 18098 
2006 15770 
2007 187373 
2008 176704 
2009 168555 
2010 158123 
2011 155713 
2012 158778 
2013 162271 
2014 165887 
2015 165663 
2016 165580 
2017 165959 
2018 168846 

Alternative 1 ABCs
     GOA_ATF 

Year 
2005 168183 
2006 178309 
2007 187373 
2008 176704 
2009 168555 
2010 158123 
2011 155713 
2012 158778 
2013 162271 
2014 165887 
2015 165663 
2016 165580 
2017 165959 
2018 168846 

Alternative 1 TACs
     GOA_ATF 

Year 
2005  NA 
2006  NA 
2007 187373 
2008 176704 
2009 168555 
2010 158123 
2011 155713 
2012 158778 
2013 162271 
2014 165887 
2015 165663 
2016 165580 
2017 165959 
2018 168846 

Alternative 1 Sp_Biomass
     GOA_ATF 
Equil_Fabc 1.09185e+06 
Year 
2005 1.09568e+06 
2006 1.17296e+06 
2007 1.2544e+06 
2008 1.18196e+06 
2009 1.10575e+06 
2010 1.05204e+06 
2011 1.03665e+06 
2012 1.04638e+06 
2013 1.06228e+06 
2014 1.08257e+06 
2015 1.0849e+06 
2016 1.08826e+06 
2017 1.09287e+06 
2018 1.11162e+06 

Alternative 1 Fishing Mortality
     GOA_ATF 
Equil_Fabc 0.142168 
Year 
2005 0.0145922 
2006 0.0119697 
2007 0.142168 
2008 0.142168 
2009 0.142154 
2010 0.135318 
2011 0.130989 
2012 0.12948 
2013 0.129029 
2014 0.129339 
2015 0.128427 
2016 0.127931 
2017 0.127893 
2018 0.128866 

Alternative 1 Biomass
     GOA_ATF 

Year 
2005 2.10969e+06 
2006 2.22307e+06 
2007 2.34693e+06 
2008 2.30165e+06 
2009 2.28408e+06 
2010 2.29973e+06 
2011 2.31781e+06 
2012 2.3522e+06 
2013 2.37448e+06 
2014 2.39571e+06 
2015 2.39755e+06 
2016 2.40261e+06 
2017 2.40544e+06 
2018 2.4264e+06 

Alternative 1 Implied SPR rate 
     GOA_ATF 
Equil_Fabc 0.4 
Year 
2005 0.895359 
2006 0.913011 
2007 0.4 
2008 0.4 
2009 0.40003 
2010 0.415353 
2011 0.425838 
2012 0.429982 
2013 0.431531 
2014 0.431096 
2015 0.433768 
2016 0.435195 
2017 0.435309 
2018 0.43281 

  GOA_ATF 
EquilAvgAgeF0  5.10691 
EquilAvgAgeFabc  3.94343 
AvgAgeYr2018 62.4204 
Alternative 2 Catch
     GOA_ATF 
Equil_Fabc 176571 
Year 
2005 18098 
2006 15770 
2007 1943.25 
2008 1943.25 
2009 1943.25 
2010 1943.25 
2011 1943.25 
2012 1943.25 
2013 1943.25 
2014 1943.25 
2015 1943.25 
2016 1943.25 
2017 1943.25 
2018 1943.25 

Alternative 2 ABCs
     GOA_ATF 

Year 
2005 168183 
2006 178309 
2007 187373 
2008 196495 
2009 205897 
2010 217976 
2011 233445 
2012 251230 
2013 267927 
2014 283648 
2015 293034 
2016 301252 
2017 308589 
2018 319468 

Alternative 2 TACs
     GOA_ATF 

Year 
2005  NA 
2006  NA 
2007 187373 
2008 196495 
2009 205897 
2010 217976 
2011 233445 
2012 251230 
2013 267927 
2014 283648 
2015 293034 
2016 301252 
2017 308589 
2018 319468 

Alternative 2 Sp_Biomass
     GOA_ATF 
Equil_Fabc 1.09185e+06 
Year 
2005 1.09568e+06 
2006 1.17296e+06 
2007 1.2544e+06 
2008 1.33125e+06 
2009 1.39607e+06 
2010 1.47163e+06 
2011 1.57269e+06 
2012 1.69581e+06 
2013 1.82315e+06 
2014 1.95506e+06 
2015 2.03936e+06 
2016 2.11589e+06 
2017 2.18565e+06 
2018 2.28809e+06 

Alternative 2 Fishing Mortality
     GOA_ATF 
Equil_Fabc 0.142168 
Year 
2005 0.0145922 
2006 0.0119697 
2007 0.00139697 
2008 0.00133371 
2009 0.00127844 
2010 0.00121668 
2011 0.00114782 
2012 0.00107737 
2013 0.00101805 
2014 0.000966679 
2015 0.000940392 
2016 0.000917944 
2017 0.000898094 
2018 0.000870281 

Alternative 2 Biomass
     GOA_ATF 

Year 
2005 2.10969e+06 
2006 2.22307e+06 
2007 2.34693e+06 
2008 2.49865e+06 
2009 2.65684e+06 
2010 2.83111e+06 
2011 2.98835e+06 
2012 3.15262e+06 
2013 3.29861e+06 
2014 3.44132e+06 
2015 3.53155e+06 
2016 3.61465e+06 
2017 3.68649e+06 
2018 3.79601e+06 

Alternative 2 Implied SPR rate 
     GOA_ATF 
Equil_Fabc 0.4 
Year 
2005 0.895359 
2006 0.913011 
2007 0.989272 
2008 0.989754 
2009 0.990176 
2010 0.990648 
2011 0.991175 
2012 0.991714 
2013 0.992168 
2014 0.992561 
2015 0.992762 
2016 0.992934 
2017 0.993087 
2018 0.9933 

  GOA_ATF 
EquilAvgAgeF0  5.10691 
EquilAvgAgeFabc  3.94343 
AvgAgeYr2018 70.9139 
Alternative 3 Catch
     GOA_ATF 
Equil_Fabc 176571 
Year 
2005 18098 
2006 15770 
2007 16627.8 
2008 17296.2 
2009 17975.5 
2010 18895.6 
2011 20128.5 
2012 21570.3 
2013 22910.4 
2014 24157.5 
2015 24871.2 
2016 25488.1 
2017 26034.7 
2018 26874.6 

Alternative 3 ABCs
     GOA_ATF 

Year 
2005 168183 
2006 178309 
2007 187373 
2008 194922 
2009 202766 
2010 213322 
2011 227244 
2012 243374 
2013 258369 
2014 272346 
2015 280356 
2016 287292 
2017 293451 
2018 302908 

Alternative 3 TACs
     GOA_ATF 

Year 
2005  NA 
2006  NA 
2007 16627.8 
2008 17296.2 
2009 17975.5 
2010 18895.6 
2011 20128.5 
2012 21570.3 
2013 22910.4 
2014 24157.5 
2015 24871.2 
2016 25488.1 
2017 26034.7 
2018 26874.6 

Alternative 3 Sp_Biomass
     GOA_ATF 
Equil_Fabc 1.09185e+06 
Year 
2005 1.09568e+06 
2006 1.17296e+06 
2007 1.2544e+06 
2008 1.31936e+06 
2009 1.37162e+06 
2010 1.43439e+06 
2011 1.52227e+06 
2012 1.63135e+06 
2013 1.74392e+06 
2014 1.86026e+06 
2015 1.9319e+06 
2016 1.99655e+06 
2017 2.05524e+06 
2018 2.14426e+06 

Alternative 3 Fishing Mortality
     GOA_ATF 
Equil_Fabc 0.142168 
Year 
2005 0.0145922 
2006 0.0119697 
2007 0.012 
2008 0.012 
2009 0.012 
2010 0.012 
2011 0.012 
2012 0.012 
2013 0.012 
2014 0.012 
2015 0.012 
2016 0.012 
2017 0.012 
2018 0.012 

Alternative 3 Biomass
     GOA_ATF 

Year 
2005 2.10969e+06 
2006 2.22307e+06 
2007 2.34693e+06 
2008 2.48302e+06 
2009 2.62569e+06 
2010 2.78451e+06 
2011 2.92617e+06 
2012 3.07437e+06 
2013 3.20391e+06 
2014 3.32961e+06 
2015 3.40618e+06 
2016 3.47654e+06 
2017 3.5366e+06 
2018 3.63189e+06 

Alternative 3 Implied SPR rate 
     GOA_ATF 
Equil_Fabc 0.4 
Year 
2005 0.895359 
2006 0.913011 
2007 0.912804 
2008 0.912804 
2009 0.912804 
2010 0.912804 
2011 0.912804 
2012 0.912804 
2013 0.912804 
2014 0.912804 
2015 0.912804 
2016 0.912804 
2017 0.912804 
2018 0.912804 

  GOA_ATF 
EquilAvgAgeF0  5.10691 
EquilAvgAgeFabc  3.94343 
AvgAgeYr2018 70.0975 
Alternative 4 Catch
     GOA_ATF 
Equil_Fabc 176571 
Year 
2005 18098 
2006 15770 
2007 98704.7 
2008 98045.6 
2009 97829.7 
2010 99386.2 
2011 102901 
2012 107521 
2013 111609 
2014 115223 
2015 116689 
2016 117868 
2017 118911 
2018 121177 

Alternative 4 ABCs
     GOA_ATF 

Year 
2005 168183 
2006 178309 
2007 187373 
2008 186148 
2009 185850 
2010 188906 
2011 195598 
2012 204192 
2013 211555 
2014 218071 
2015 220176 
2016 222019 
2017 223859 
2018 228206 

Alternative 4 TACs
     GOA_ATF 

Year 
2005  NA 
2006  NA 
2007 98704.7 
2008 98045.6 
2009 97829.7 
2010 99386.2 
2011 102901 
2012 107521 
2013 111609 
2014 115223 
2015 116689 
2016 117868 
2017 118911 
2018 121177 

Alternative 4 Sp_Biomass
     GOA_ATF 
Equil_Fabc 1.09185e+06 
Year 
2005 1.09568e+06 
2006 1.17296e+06 
2007 1.2544e+06 
2008 1.25311e+06 
2009 1.23977e+06 
2010 1.23979e+06 
2011 1.2665e+06 
2012 1.31325e+06 
2013 1.36315e+06 
2014 1.41598e+06 
2015 1.4395e+06 
2016 1.46055e+06 
2017 1.47996e+06 
2018 1.5203e+06 

Alternative 4 Fishing Mortality
     GOA_ATF 
Equil_Fabc 0.142168 
Year 
2005 0.0145922 
2006 0.0119697 
2007 0.0729331 
2008 0.0729331 
2009 0.0729331 
2010 0.0729331 
2011 0.0729331 
2012 0.0729331 
2013 0.0729331 
2014 0.0729331 
2015 0.0729331 
2016 0.0729331 
2017 0.0729331 
2018 0.0729331 

Alternative 4 Biomass
     GOA_ATF 

Year 
2005 2.10969e+06 
2006 2.22307e+06 
2007 2.34693e+06 
2008 2.39577e+06 
2009 2.45704e+06 
2010 2.53945e+06 
2011 2.60817e+06 
2012 2.68458e+06 
2013 2.74411e+06 
2014 2.80039e+06 
2015 2.82497e+06 
2016 2.84863e+06 
2017 2.8669e+06 
2018 2.91058e+06 

Alternative 4 Implied SPR rate 
     GOA_ATF 
Equil_Fabc 0.4 
Year 
2005 0.895359 
2006 0.913011 
2007 0.6 
2008 0.6 
2009 0.6 
2010 0.6 
2011 0.6 
2012 0.6 
2013 0.6 
2014 0.6 
2015 0.6 
2016 0.6 
2017 0.6 
2018 0.6 

  GOA_ATF 
EquilAvgAgeF0  5.10691 
EquilAvgAgeFabc  3.94343 
AvgAgeYr2018 65.9523 
Alternative 5 Catch
     GOA_ATF 
Equil_Fabc 176571 
Year 
2005 18098 
2006 15770 
2007  NA 
2008  NA 
2009  NA 
2010  NA 
2011  NA 
2012  NA 
2013  NA 
2014  NA 
2015  NA 
2016  NA 
2017  NA 
2018  NA 

Alternative 5 ABCs
     GOA_ATF 

Year 
2005 168183 
2006 178309 
2007 187373 
2008 196703 
2009 206302 
2010 218565 
2011 234208 
2012 252163 
2013 269017 
2014 284885 
2015 294363 
2016 302657 
2017 310057 
2018 321016 

Alternative 5 TACs
     GOA_ATF 

Year 
2005  NA 
2006  NA 
2007  NA 
2008  NA 
2009  NA 
2010  NA 
2011  NA 
2012  NA 
2013  NA 
2014  NA 
2015  NA 
2016  NA 
2017  NA 
2018  NA 

Alternative 5 Sp_Biomass
     GOA_ATF 
Equil_Fabc 1.09185e+06 
Year 
2005 1.09568e+06 
2006 1.17296e+06 
2007 1.2544e+06 
2008 1.33282e+06 
2009 1.39925e+06 
2010 1.47636e+06 
2011 1.57893e+06 
2012 1.70353e+06 
2013 1.8323e+06 
2014 1.96558e+06 
2015 2.05078e+06 
2016 2.12808e+06 
2017 2.19848e+06 
2018 2.30172e+06 

Alternative 5 Fishing Mortality
     GOA_ATF 
Equil_Fabc 0.142168 
Year 
2005 0.0145922 
2006 0.0119697 
2007  NA 
2008  NA 
2009  NA 
2010  NA 
2011  NA 
2012  NA 
2013  NA 
2014  NA 
2015  NA 
2016  NA 
2017  NA 
2018  NA 

Alternative 5 Biomass
     GOA_ATF 

Year 
2005 2.10969e+06 
2006 2.22307e+06 
2007 2.34693e+06 
2008 2.50072e+06 
2009 2.66086e+06 
2010 2.837e+06 
2011 2.99598e+06 
2012 3.1619e+06 
2013 3.30941e+06 
2014 3.45355e+06 
2015 3.54471e+06 
2016 3.62857e+06 
2017 3.70104e+06 
2018 3.81137e+06 

Alternative 5 Implied SPR rate 
     GOA_ATF 
Equil_Fabc 0.4 
Year 
2005 0.895359 
2006 0.913011 
2007 1 
2008 1 
2009 1 
2010 1 
2011 1 
2012 1 
2013 1 
2014 1 
2015 1 
2016 1 
2017 1 
2018 1 

  GOA_ATF 
EquilAvgAgeF0  5.10691 
EquilAvgAgeFabc  3.94343 
AvgAgeYr2018 70.9998 
Alternative 6 Catch
     GOA_ATF 
Equil_Fabc 176571 
Year 
2005 18098 
2006 208226 
2007 194919 
2008 171083 
2009 153437 
2010 147663 
2011 151489 
2012 159403 
2013 166572 
2014 172668 
2015 173754 
2016 174453 
2017 175324 
2018 178772 

Alternative 6 ABCs
     GOA_ATF 

Year 
2005 168183 
2006 178309 
2007 166929 
2008 146408 
2009 131195 
2010 126200 
2011 129477 
2012 136280 
2013 142443 
2014 147683 
2015 148620 
2016 149221 
2017 149967 
2018 152926 

Alternative 6 TACs
     GOA_ATF 

Year 
2005  NA 
2006 208226 
2007 194919 
2008 171083 
2009 153437 
2010 147663 
2011 151489 
2012 159403 
2013 166572 
2014 172668 
2015 173754 
2016 174453 
2017 175324 
2018 178772 

Alternative 6 Sp_Biomass
     GOA_ATF 
Equil_Fabc 1.09185e+06 
Year 
2005 1.09568e+06 
2006 1.17296e+06 
2007 1.10254e+06 
2008 1.0229e+06 
2009 954543 
2010 918506 
2011 918214 
2012 938428 
2013 961751 
2014 986653 
2015 993649 
2016 999549 
2017 1.00505e+06 
2018 1.02177e+06 

Alternative 6 Fishing Mortality
     GOA_ATF 
Equil_Fabc 0.142168 
Year 
2005 0.0145922 
2006 0.167605 
2007 0.167606 
2008 0.156464 
2009 0.145418 
2010 0.139424 
2011 0.138142 
2012 0.139405 
2013 0.14121 
2014 0.143214 
2015 0.1431 
2016 0.143173 
2017 0.14358 
2018 0.145246 

Alternative 6 Biomass
     GOA_ATF 

Year 
2005 2.10969e+06 
2006 2.22307e+06 
2007 2.14268e+06 
2008 2.10056e+06 
2009 2.10084e+06 
2010 2.14357e+06 
2011 2.18253e+06 
2012 2.22988e+06 
2013 2.26003e+06 
2014 2.28517e+06 
2015 2.29076e+06 
2016 2.29746e+06 
2017 2.30039e+06 
2018 2.31847e+06 

Alternative 6 Implied SPR rate 
     GOA_ATF 
Equil_Fabc 0.4 
Year 
2005 0.895359 
2006 0.35 
2007 0.35 
2008 0.370742 
2009 0.39312 
2010 0.40649 
2011 0.410382 
2012 0.408584 
2013 0.405325 
2014 0.401305 
2015 0.402017 
2016 0.402016 
2017 0.401093 
2018 0.397321 

  GOA_ATF 
EquilAvgAgeF0  5.10691 
EquilAvgAgeFabc  3.94343 
AvgAgeYr2018 60.8459 
Alternative 7 Catch
     GOA_ATF 
Equil_Fabc 176571 
Year 
2005 18098 
2006 178309 
2007 170095 
2008 184735 
2009 162765 
2010 154126 
2011 155801 
2012 162293 
2013 168378 
2014 173744 
2015 174267 
2016 174627 
2017 175306 
2018 178640 

Alternative 7 ABCs
     GOA_ATF 

Year 
2005 168183 
2006 178309 
2007 170095 
2008 158157 
2009 139214 
2010 131752 
2011 133180 
2012 138762 
2013 143994 
2014 148606 
2015 149060 
2016 149370 
2017 149951 
2018 152813 

Alternative 7 TACs
     GOA_ATF 

Year 
2005  NA 
2006 208226 
2007 198614 
2008 184735 
2009 162765 
2010 154126 
2011 155801 
2012 162293 
2013 168378 
2014 173744 
2015 174267 
2016 174627 
2017 175306 
2018 178640 

Alternative 7 Sp_Biomass
     GOA_ATF 
Equil_Fabc 1.09185e+06 
Year 
2005 1.09568e+06 
2006 1.17296e+06 
2007 1.12601e+06 
2008 1.06619e+06 
2009 986666 
2010 942213 
2011 935442 
2012 950702 
2013 970107 
2014 991989 
2015 996524 
2016 1.00079e+06 
2017 1.00528e+06 
2018 1.02138e+06 

Alternative 7 Fishing Mortality
     GOA_ATF 
Equil_Fabc 0.142168 
Year 
2005 0.0145922 
2006 0.142168 
2007 0.142168 
2008 0.163459 
2009 0.150599 
2010 0.143194 
2011 0.140705 
2012 0.141132 
2013 0.1423 
2014 0.143878 
2015 0.14344 
2016 0.143312 
2017 0.143604 
2018 0.145199 

Alternative 7 Biomass
     GOA_ATF 

Year 
2005 2.10969e+06 
2006 2.22307e+06 
2007 2.17438e+06 
2008 2.1569e+06 
2009 2.13953e+06 
2010 2.16989e+06 
2011 2.20008e+06 
2012 2.24142e+06 
2013 2.2673e+06 
2014 2.28944e+06 
2015 2.29271e+06 
2016 2.29798e+06 
2017 2.30009e+06 
2018 2.3177e+06 

Alternative 7 Implied SPR rate 
     GOA_ATF 
Equil_Fabc 0.4 
Year 
2005 0.895359 
2006 0.4 
2007 0.4 
2008 0.357523 
2009 0.382411 
2010 0.398252 
2011 0.404589 
2012 0.404629 
2013 0.402798 
2014 0.399765 
2015 0.40121 
2016 0.401675 
2017 0.401031 
2018 0.397426 

  GOA_ATF 
EquilAvgAgeF0  5.10691 
EquilAvgAgeFabc  3.94343 
AvgAgeYr2018 61.0238 
