GOA_ATF 1 2005 Cabc 176571
GOA_ATF 1 2005 Cofl 186749
GOA_ATF 1 2005 CLCI 18098
GOA_ATF 1 2005 CUCI 18098
GOA_ATF 1 2005 CMedian 18098
GOA_ATF 1 2005 CMean 18098
GOA_ATF 1 2005 CStdn 4.00178e-11
GOA_ATF 1 2006 Cabc 176571
GOA_ATF 1 2006 Cofl 186749
GOA_ATF 1 2006 CLCI 15770
GOA_ATF 1 2006 CUCI 15770
GOA_ATF 1 2006 CMedian 15770
GOA_ATF 1 2006 CMean 15770
GOA_ATF 1 2006 CStdn 0.000148693
GOA_ATF 1 2007 Cabc 176571
GOA_ATF 1 2007 Cofl 186749
GOA_ATF 1 2007 CLCI 184516
GOA_ATF 1 2007 CUCI 193376
GOA_ATF 1 2007 CMedian 186460
GOA_ATF 1 2007 CMean 187373
GOA_ATF 1 2007 CStdn 3117.82
GOA_ATF 1 2008 Cabc 176571
GOA_ATF 1 2008 Cofl 186749
GOA_ATF 1 2008 CLCI 169156
GOA_ATF 1 2008 CUCI 192294
GOA_ATF 1 2008 CMedian 174407
GOA_ATF 1 2008 CMean 176704
GOA_ATF 1 2008 CStdn 7847.29
GOA_ATF 1 2009 Cabc 176571
GOA_ATF 1 2009 Cofl 186749
GOA_ATF 1 2009 CLCI 153126
GOA_ATF 1 2009 CUCI 197629
GOA_ATF 1 2009 CMedian 164486
GOA_ATF 1 2009 CMean 168555
GOA_ATF 1 2009 CStdn 15152.4
GOA_ATF 1 2010 Cabc 176571
GOA_ATF 1 2010 Cofl 186749
GOA_ATF 1 2010 CLCI 127976
GOA_ATF 1 2010 CUCI 210800
GOA_ATF 1 2010 CMedian 151074
GOA_ATF 1 2010 CMean 158123
GOA_ATF 1 2010 CStdn 27245
GOA_ATF 1 2011 Cabc 176571
GOA_ATF 1 2011 Cofl 186749
GOA_ATF 1 2011 CLCI 109749
GOA_ATF 1 2011 CUCI 226300
GOA_ATF 1 2011 CMedian 146971
GOA_ATF 1 2011 CMean 155713
GOA_ATF 1 2011 CStdn 38954.4
GOA_ATF 1 2012 Cabc 176571
GOA_ATF 1 2012 Cofl 186749
GOA_ATF 1 2012 CLCI 99270.7
GOA_ATF 1 2012 CUCI 240889
GOA_ATF 1 2012 CMedian 150877
GOA_ATF 1 2012 CMean 158778
GOA_ATF 1 2012 CStdn 47894
GOA_ATF 1 2013 Cabc 176571
GOA_ATF 1 2013 Cofl 186749
GOA_ATF 1 2013 CLCI 90719
GOA_ATF 1 2013 CUCI 252464
GOA_ATF 1 2013 CMedian 155398
GOA_ATF 1 2013 CMean 162271
GOA_ATF 1 2013 CStdn 53144.5
GOA_ATF 1 2014 Cabc 176571
GOA_ATF 1 2014 Cofl 186749
GOA_ATF 1 2014 CLCI 86300.7
GOA_ATF 1 2014 CUCI 260564
GOA_ATF 1 2014 CMedian 161636
GOA_ATF 1 2014 CMean 165887
GOA_ATF 1 2014 CStdn 56079.8
GOA_ATF 1 2015 Cabc 176571
GOA_ATF 1 2015 Cofl 186749
GOA_ATF 1 2015 CLCI 81986.3
GOA_ATF 1 2015 CUCI 267090
GOA_ATF 1 2015 CMedian 162076
GOA_ATF 1 2015 CMean 165663
GOA_ATF 1 2015 CStdn 58491.8
GOA_ATF 1 2016 Cabc 176571
GOA_ATF 1 2016 Cofl 186749
GOA_ATF 1 2016 CLCI 81166.3
GOA_ATF 1 2016 CUCI 267041
GOA_ATF 1 2016 CMedian 160802
GOA_ATF 1 2016 CMean 165580
GOA_ATF 1 2016 CStdn 59453.8
GOA_ATF 1 2017 Cabc 176571
GOA_ATF 1 2017 Cofl 186749
GOA_ATF 1 2017 CLCI 82944.2
GOA_ATF 1 2017 CUCI 269533
GOA_ATF 1 2017 CMedian 160418
GOA_ATF 1 2017 CMean 165959
GOA_ATF 1 2017 CStdn 59567.4
GOA_ATF 1 2018 Cabc 176571
GOA_ATF 1 2018 Cofl 186749
GOA_ATF 1 2018 CLCI 84312.4
GOA_ATF 1 2018 CUCI 277338
GOA_ATF 1 2018 CMedian 165495
GOA_ATF 1 2018 CMean 168846
GOA_ATF 1 2018 CStdn 59514.7
GOA_ATF 1 2005 SSBF100 2.72963e+06
GOA_ATF 1 2005 SSBFabc 1.09185e+06
GOA_ATF 1 2005 SSBFofl 955371
GOA_ATF 1 2005 SSBLCI 1.09568e+06
GOA_ATF 1 2005 SSBUCI 1.09568e+06
GOA_ATF 1 2005 SSBMedian 1.09568e+06
GOA_ATF 1 2005 SSBMean 1.09568e+06
GOA_ATF 1 2006 SSBF100 2.72963e+06
GOA_ATF 1 2006 SSBFabc 1.09185e+06
GOA_ATF 1 2006 SSBFofl 955371
GOA_ATF 1 2006 SSBLCI 1.1729e+06
GOA_ATF 1 2006 SSBUCI 1.17313e+06
GOA_ATF 1 2006 SSBMedian 1.17294e+06
GOA_ATF 1 2006 SSBMean 1.17296e+06
GOA_ATF 1 2007 SSBF100 2.72963e+06
GOA_ATF 1 2007 SSBFabc 1.09185e+06
GOA_ATF 1 2007 SSBFofl 955371
GOA_ATF 1 2007 SSBLCI 1.25393e+06
GOA_ATF 1 2007 SSBUCI 1.25547e+06
GOA_ATF 1 2007 SSBMedian 1.25422e+06
GOA_ATF 1 2007 SSBMean 1.2544e+06
GOA_ATF 1 2008 SSBF100 2.72963e+06
GOA_ATF 1 2008 SSBFabc 1.09185e+06
GOA_ATF 1 2008 SSBFofl 955371
GOA_ATF 1 2008 SSBLCI 1.17912e+06
GOA_ATF 1 2008 SSBUCI 1.1883e+06
GOA_ATF 1 2008 SSBMedian 1.18089e+06
GOA_ATF 1 2008 SSBMean 1.18196e+06
GOA_ATF 1 2009 SSBF100 2.72963e+06
GOA_ATF 1 2009 SSBFabc 1.09185e+06
GOA_ATF 1 2009 SSBFofl 955371
GOA_ATF 1 2009 SSBLCI 1.09113e+06
GOA_ATF 1 2009 SSBUCI 1.13769e+06
GOA_ATF 1 2009 SSBMedian 1.1004e+06
GOA_ATF 1 2009 SSBMean 1.10575e+06
GOA_ATF 1 2010 SSBF100 2.72963e+06
GOA_ATF 1 2010 SSBFabc 1.09185e+06
GOA_ATF 1 2010 SSBFofl 955371
GOA_ATF 1 2010 SSBLCI 999680
GOA_ATF 1 2010 SSBUCI 1.16166e+06
GOA_ATF 1 2010 SSBMedian 1.03497e+06
GOA_ATF 1 2010 SSBMean 1.05204e+06
GOA_ATF 1 2011 SSBF100 2.72963e+06
GOA_ATF 1 2011 SSBFabc 1.09185e+06
GOA_ATF 1 2011 SSBFofl 955371
GOA_ATF 1 2011 SSBLCI 920553
GOA_ATF 1 2011 SSBUCI 1.26859e+06
GOA_ATF 1 2011 SSBMedian 1.00272e+06
GOA_ATF 1 2011 SSBMean 1.03665e+06
GOA_ATF 1 2012 SSBF100 2.72963e+06
GOA_ATF 1 2012 SSBFabc 1.09185e+06
GOA_ATF 1 2012 SSBFofl 955371
GOA_ATF 1 2012 SSBLCI 864091
GOA_ATF 1 2012 SSBUCI 1.37328e+06
GOA_ATF 1 2012 SSBMedian 1.0047e+06
GOA_ATF 1 2012 SSBMean 1.04638e+06
GOA_ATF 1 2013 SSBF100 2.72963e+06
GOA_ATF 1 2013 SSBFabc 1.09185e+06
GOA_ATF 1 2013 SSBFofl 955371
GOA_ATF 1 2013 SSBLCI 826884
GOA_ATF 1 2013 SSBUCI 1.43386e+06
GOA_ATF 1 2013 SSBMedian 1.01906e+06
GOA_ATF 1 2013 SSBMean 1.06228e+06
GOA_ATF 1 2014 SSBF100 2.72963e+06
GOA_ATF 1 2014 SSBFabc 1.09185e+06
GOA_ATF 1 2014 SSBFofl 955371
GOA_ATF 1 2014 SSBLCI 798936
GOA_ATF 1 2014 SSBUCI 1.50766e+06
GOA_ATF 1 2014 SSBMedian 1.03442e+06
GOA_ATF 1 2014 SSBMean 1.08257e+06
GOA_ATF 1 2015 SSBF100 2.72963e+06
GOA_ATF 1 2015 SSBFabc 1.09185e+06
GOA_ATF 1 2015 SSBFofl 955371
GOA_ATF 1 2015 SSBLCI 761512
GOA_ATF 1 2015 SSBUCI 1.56268e+06
GOA_ATF 1 2015 SSBMedian 1.03786e+06
GOA_ATF 1 2015 SSBMean 1.0849e+06
GOA_ATF 1 2016 SSBF100 2.72963e+06
GOA_ATF 1 2016 SSBFabc 1.09185e+06
GOA_ATF 1 2016 SSBFofl 955371
GOA_ATF 1 2016 SSBLCI 746034
GOA_ATF 1 2016 SSBUCI 1.60981e+06
GOA_ATF 1 2016 SSBMedian 1.03727e+06
GOA_ATF 1 2016 SSBMean 1.08826e+06
GOA_ATF 1 2017 SSBF100 2.72963e+06
GOA_ATF 1 2017 SSBFabc 1.09185e+06
GOA_ATF 1 2017 SSBFofl 955371
GOA_ATF 1 2017 SSBLCI 751906
GOA_ATF 1 2017 SSBUCI 1.58848e+06
GOA_ATF 1 2017 SSBMedian 1.03298e+06
GOA_ATF 1 2017 SSBMean 1.09287e+06
GOA_ATF 1 2018 SSBF100 2.72963e+06
GOA_ATF 1 2018 SSBFabc 1.09185e+06
GOA_ATF 1 2018 SSBFofl 955371
GOA_ATF 1 2018 SSBLCI 768789
GOA_ATF 1 2018 SSBUCI 1.64053e+06
GOA_ATF 1 2018 SSBMedian 1.04915e+06
GOA_ATF 1 2018 SSBMean 1.11162e+06
GOA_ATF 1 2005 F0 0 
GOA_ATF 1 2005 Fabc 0.142168
GOA_ATF 1 2005 Fofl 0.167606
GOA_ATF 1 2005  F_LCI 0.0145922
GOA_ATF 1 2005  F_UCI 0.0145922
GOA_ATF 1 2005  F_Median 0.0145922
GOA_ATF 1 2005  F_Mean 0.0145922
GOA_ATF 1 2006 F0 0 
GOA_ATF 1 2006 Fabc 0.142168
GOA_ATF 1 2006 Fofl 0.167606
GOA_ATF 1 2006  F_LCI 0.0118498
GOA_ATF 1 2006  F_UCI 0.0120188
GOA_ATF 1 2006  F_Median 0.0119889
GOA_ATF 1 2006  F_Mean 0.0119697
GOA_ATF 1 2007 F0 0 
GOA_ATF 1 2007 Fabc 0.142168
GOA_ATF 1 2007 Fofl 0.167606
GOA_ATF 1 2007  F_LCI 0.142168
GOA_ATF 1 2007  F_UCI 0.142168
GOA_ATF 1 2007  F_Median 0.142168
GOA_ATF 1 2007  F_Mean 0.142168
GOA_ATF 1 2008 F0 0 
GOA_ATF 1 2008 Fabc 0.142168
GOA_ATF 1 2008 Fofl 0.167606
GOA_ATF 1 2008  F_LCI 0.142168
GOA_ATF 1 2008  F_UCI 0.142168
GOA_ATF 1 2008  F_Median 0.142168
GOA_ATF 1 2008  F_Mean 0.142168
GOA_ATF 1 2009 F0 0 
GOA_ATF 1 2009 Fabc 0.142168
GOA_ATF 1 2009 Fofl 0.167606
GOA_ATF 1 2009  F_LCI 0.142069
GOA_ATF 1 2009  F_UCI 0.142168
GOA_ATF 1 2009  F_Median 0.142168
GOA_ATF 1 2009  F_Mean 0.142154
GOA_ATF 1 2010 F0 0 
GOA_ATF 1 2010 Fabc 0.142168
GOA_ATF 1 2010 Fofl 0.167606
GOA_ATF 1 2010  F_LCI 0.129535
GOA_ATF 1 2010  F_UCI 0.142168
GOA_ATF 1 2010  F_Median 0.134372
GOA_ATF 1 2010  F_Mean 0.135318
GOA_ATF 1 2011 F0 0 
GOA_ATF 1 2011 Fabc 0.142168
GOA_ATF 1 2011 Fofl 0.167606
GOA_ATF 1 2011  F_LCI 0.11869
GOA_ATF 1 2011  F_UCI 0.142168
GOA_ATF 1 2011  F_Median 0.129952
GOA_ATF 1 2011  F_Mean 0.130989
GOA_ATF 1 2012 F0 0 
GOA_ATF 1 2012 Fabc 0.142168
GOA_ATF 1 2012 Fofl 0.167606
GOA_ATF 1 2012  F_LCI 0.110951
GOA_ATF 1 2012  F_UCI 0.142168
GOA_ATF 1 2012  F_Median 0.130223
GOA_ATF 1 2012  F_Mean 0.12948
GOA_ATF 1 2013 F0 0 
GOA_ATF 1 2013 Fabc 0.142168
GOA_ATF 1 2013 Fofl 0.167606
GOA_ATF 1 2013  F_LCI 0.105851
GOA_ATF 1 2013  F_UCI 0.142168
GOA_ATF 1 2013  F_Median 0.132191
GOA_ATF 1 2013  F_Mean 0.129029
GOA_ATF 1 2014 F0 0 
GOA_ATF 1 2014 Fabc 0.142168
GOA_ATF 1 2014 Fofl 0.167606
GOA_ATF 1 2014  F_LCI 0.102021
GOA_ATF 1 2014  F_UCI 0.142168
GOA_ATF 1 2014  F_Median 0.134297
GOA_ATF 1 2014  F_Mean 0.129339
GOA_ATF 1 2015 F0 0 
GOA_ATF 1 2015 Fabc 0.142168
GOA_ATF 1 2015 Fofl 0.167606
GOA_ATF 1 2015  F_LCI 0.0968915
GOA_ATF 1 2015  F_UCI 0.142168
GOA_ATF 1 2015  F_Median 0.134768
GOA_ATF 1 2015  F_Mean 0.128427
GOA_ATF 1 2016 F0 0 
GOA_ATF 1 2016 Fabc 0.142168
GOA_ATF 1 2016 Fofl 0.167606
GOA_ATF 1 2016  F_LCI 0.09477
GOA_ATF 1 2016  F_UCI 0.142168
GOA_ATF 1 2016  F_Median 0.134687
GOA_ATF 1 2016  F_Mean 0.127931
GOA_ATF 1 2017 F0 0 
GOA_ATF 1 2017 Fabc 0.142168
GOA_ATF 1 2017 Fofl 0.167606
GOA_ATF 1 2017  F_LCI 0.0955748
GOA_ATF 1 2017  F_UCI 0.142168
GOA_ATF 1 2017  F_Median 0.1341
GOA_ATF 1 2017  F_Mean 0.127893
GOA_ATF 1 2018 F0 0 
GOA_ATF 1 2018 Fabc 0.142168
GOA_ATF 1 2018 Fofl 0.167606
GOA_ATF 1 2018  F_LCI 0.0978889
GOA_ATF 1 2018  F_UCI 0.142168
GOA_ATF 1 2018  F_Median 0.136315
GOA_ATF 1 2018  F_Mean 0.128866
GOA_ATF 2 2005 Cabc 176571
GOA_ATF 2 2005 Cofl 186749
GOA_ATF 2 2005 CLCI 18098
GOA_ATF 2 2005 CUCI 18098
GOA_ATF 2 2005 CMedian 18098
GOA_ATF 2 2005 CMean 18098
GOA_ATF 2 2005 CStdn 4.00178e-11
GOA_ATF 2 2006 Cabc 176571
GOA_ATF 2 2006 Cofl 186749
GOA_ATF 2 2006 CLCI 15770
GOA_ATF 2 2006 CUCI 15770
GOA_ATF 2 2006 CMedian 15770
GOA_ATF 2 2006 CMean 15770
GOA_ATF 2 2006 CStdn 0.000148693
GOA_ATF 2 2007 Cabc 176571
GOA_ATF 2 2007 Cofl 186749
GOA_ATF 2 2007 CLCI 1943.25
GOA_ATF 2 2007 CUCI 1943.25
GOA_ATF 2 2007 CMedian 1943.25
GOA_ATF 2 2007 CMean 1943.25
GOA_ATF 2 2007 CStdn 0.000233505
GOA_ATF 2 2008 Cabc 176571
GOA_ATF 2 2008 Cofl 186749
GOA_ATF 2 2008 CLCI 1943.25
GOA_ATF 2 2008 CUCI 1943.25
GOA_ATF 2 2008 CMedian 1943.25
GOA_ATF 2 2008 CMean 1943.25
GOA_ATF 2 2008 CStdn 2.77021e-05
GOA_ATF 2 2009 Cabc 176571
GOA_ATF 2 2009 Cofl 186749
GOA_ATF 2 2009 CLCI 1943.25
GOA_ATF 2 2009 CUCI 1943.25
GOA_ATF 2 2009 CMedian 1943.25
GOA_ATF 2 2009 CMean 1943.25
GOA_ATF 2 2009 CStdn 0.000175794
GOA_ATF 2 2010 Cabc 176571
GOA_ATF 2 2010 Cofl 186749
GOA_ATF 2 2010 CLCI 1943.25
GOA_ATF 2 2010 CUCI 1943.25
GOA_ATF 2 2010 CMedian 1943.25
GOA_ATF 2 2010 CMean 1943.25
GOA_ATF 2 2010 CStdn 0.000448026
GOA_ATF 2 2011 Cabc 176571
GOA_ATF 2 2011 Cofl 186749
GOA_ATF 2 2011 CLCI 1943.25
GOA_ATF 2 2011 CUCI 1943.25
GOA_ATF 2 2011 CMedian 1943.25
GOA_ATF 2 2011 CMean 1943.25
GOA_ATF 2 2011 CStdn 0.000488964
GOA_ATF 2 2012 Cabc 176571
GOA_ATF 2 2012 Cofl 186749
GOA_ATF 2 2012 CLCI 1943.25
GOA_ATF 2 2012 CUCI 1943.25
GOA_ATF 2 2012 CMedian 1943.25
GOA_ATF 2 2012 CMean 1943.25
GOA_ATF 2 2012 CStdn 0.000511395
GOA_ATF 2 2013 Cabc 176571
GOA_ATF 2 2013 Cofl 186749
GOA_ATF 2 2013 CLCI 1943.25
GOA_ATF 2 2013 CUCI 1943.25
GOA_ATF 2 2013 CMedian 1943.25
GOA_ATF 2 2013 CMean 1943.25
GOA_ATF 2 2013 CStdn 0.000500382
GOA_ATF 2 2014 Cabc 176571
GOA_ATF 2 2014 Cofl 186749
GOA_ATF 2 2014 CLCI 1943.25
GOA_ATF 2 2014 CUCI 1943.25
GOA_ATF 2 2014 CMedian 1943.25
GOA_ATF 2 2014 CMean 1943.25
GOA_ATF 2 2014 CStdn 0.000498001
GOA_ATF 2 2015 Cabc 176571
GOA_ATF 2 2015 Cofl 186749
GOA_ATF 2 2015 CLCI 1943.25
GOA_ATF 2 2015 CUCI 1943.25
GOA_ATF 2 2015 CMedian 1943.25
GOA_ATF 2 2015 CMean 1943.25
GOA_ATF 2 2015 CStdn 0.000497524
GOA_ATF 2 2016 Cabc 176571
GOA_ATF 2 2016 Cofl 186749
GOA_ATF 2 2016 CLCI 1943.25
GOA_ATF 2 2016 CUCI 1943.25
GOA_ATF 2 2016 CMedian 1943.25
GOA_ATF 2 2016 CMean 1943.25
GOA_ATF 2 2016 CStdn 0.000504688
GOA_ATF 2 2017 Cabc 176571
GOA_ATF 2 2017 Cofl 186749
GOA_ATF 2 2017 CLCI 1943.25
GOA_ATF 2 2017 CUCI 1943.25
GOA_ATF 2 2017 CMedian 1943.25
GOA_ATF 2 2017 CMean 1943.25
GOA_ATF 2 2017 CStdn 0.00051306
GOA_ATF 2 2018 Cabc 176571
GOA_ATF 2 2018 Cofl 186749
GOA_ATF 2 2018 CLCI 1943.25
GOA_ATF 2 2018 CUCI 1943.25
GOA_ATF 2 2018 CMedian 1943.25
GOA_ATF 2 2018 CMean 1943.25
GOA_ATF 2 2018 CStdn 0.000489199
GOA_ATF 2 2005 SSBF100 2.72963e+06
GOA_ATF 2 2005 SSBFabc 1.09185e+06
GOA_ATF 2 2005 SSBFofl 955371
GOA_ATF 2 2005 SSBLCI 1.09568e+06
GOA_ATF 2 2005 SSBUCI 1.09568e+06
GOA_ATF 2 2005 SSBMedian 1.09568e+06
GOA_ATF 2 2005 SSBMean 1.09568e+06
GOA_ATF 2 2006 SSBF100 2.72963e+06
GOA_ATF 2 2006 SSBFabc 1.09185e+06
GOA_ATF 2 2006 SSBFofl 955371
GOA_ATF 2 2006 SSBLCI 1.1729e+06
GOA_ATF 2 2006 SSBUCI 1.17313e+06
GOA_ATF 2 2006 SSBMedian 1.17294e+06
GOA_ATF 2 2006 SSBMean 1.17296e+06
GOA_ATF 2 2007 SSBF100 2.72963e+06
GOA_ATF 2 2007 SSBFabc 1.09185e+06
GOA_ATF 2 2007 SSBFofl 955371
GOA_ATF 2 2007 SSBLCI 1.25393e+06
GOA_ATF 2 2007 SSBUCI 1.25547e+06
GOA_ATF 2 2007 SSBMedian 1.25422e+06
GOA_ATF 2 2007 SSBMean 1.2544e+06
GOA_ATF 2 2008 SSBF100 2.72963e+06
GOA_ATF 2 2008 SSBFabc 1.09185e+06
GOA_ATF 2 2008 SSBFofl 955371
GOA_ATF 2 2008 SSBLCI 1.32835e+06
GOA_ATF 2 2008 SSBUCI 1.33776e+06
GOA_ATF 2 2008 SSBMedian 1.33016e+06
GOA_ATF 2 2008 SSBMean 1.33125e+06
GOA_ATF 2 2009 SSBF100 2.72963e+06
GOA_ATF 2 2009 SSBFabc 1.09185e+06
GOA_ATF 2 2009 SSBFofl 955371
GOA_ATF 2 2009 SSBLCI 1.38065e+06
GOA_ATF 2 2009 SSBUCI 1.42991e+06
GOA_ATF 2 2009 SSBMedian 1.39034e+06
GOA_ATF 2 2009 SSBMean 1.39607e+06
GOA_ATF 2 2010 SSBF100 2.72963e+06
GOA_ATF 2 2010 SSBFabc 1.09185e+06
GOA_ATF 2 2010 SSBFofl 955371
GOA_ATF 2 2010 SSBLCI 1.41342e+06
GOA_ATF 2 2010 SSBUCI 1.59387e+06
GOA_ATF 2 2010 SSBMedian 1.45288e+06
GOA_ATF 2 2010 SSBMean 1.47163e+06
GOA_ATF 2 2011 SSBF100 2.72963e+06
GOA_ATF 2 2011 SSBFabc 1.09185e+06
GOA_ATF 2 2011 SSBFofl 955371
GOA_ATF 2 2011 SSBLCI 1.42938e+06
GOA_ATF 2 2011 SSBUCI 1.86149e+06
GOA_ATF 2 2011 SSBMedian 1.52964e+06
GOA_ATF 2 2011 SSBMean 1.57269e+06
GOA_ATF 2 2012 SSBF100 2.72963e+06
GOA_ATF 2 2012 SSBFabc 1.09185e+06
GOA_ATF 2 2012 SSBFofl 955371
GOA_ATF 2 2012 SSBLCI 1.44651e+06
GOA_ATF 2 2012 SSBUCI 2.14699e+06
GOA_ATF 2 2012 SSBMedian 1.6374e+06
GOA_ATF 2 2012 SSBMean 1.69581e+06
GOA_ATF 2 2013 SSBF100 2.72963e+06
GOA_ATF 2 2013 SSBFabc 1.09185e+06
GOA_ATF 2 2013 SSBFofl 955371
GOA_ATF 2 2013 SSBLCI 1.46525e+06
GOA_ATF 2 2013 SSBUCI 2.39137e+06
GOA_ATF 2 2013 SSBMedian 1.75362e+06
GOA_ATF 2 2013 SSBMean 1.82315e+06
GOA_ATF 2 2014 SSBF100 2.72963e+06
GOA_ATF 2 2014 SSBFabc 1.09185e+06
GOA_ATF 2 2014 SSBFofl 955371
GOA_ATF 2 2014 SSBLCI 1.49276e+06
GOA_ATF 2 2014 SSBUCI 2.63964e+06
GOA_ATF 2 2014 SSBMedian 1.88482e+06
GOA_ATF 2 2014 SSBMean 1.95506e+06
GOA_ATF 2 2015 SSBF100 2.72963e+06
GOA_ATF 2 2015 SSBFabc 1.09185e+06
GOA_ATF 2 2015 SSBFofl 955371
GOA_ATF 2 2015 SSBLCI 1.47892e+06
GOA_ATF 2 2015 SSBUCI 2.84555e+06
GOA_ATF 2 2015 SSBMedian 1.96753e+06
GOA_ATF 2 2015 SSBMean 2.03936e+06
GOA_ATF 2 2016 SSBF100 2.72963e+06
GOA_ATF 2 2016 SSBFabc 1.09185e+06
GOA_ATF 2 2016 SSBFofl 955371
GOA_ATF 2 2016 SSBLCI 1.47065e+06
GOA_ATF 2 2016 SSBUCI 2.99694e+06
GOA_ATF 2 2016 SSBMedian 2.05756e+06
GOA_ATF 2 2016 SSBMean 2.11589e+06
GOA_ATF 2 2017 SSBF100 2.72963e+06
GOA_ATF 2 2017 SSBFabc 1.09185e+06
GOA_ATF 2 2017 SSBFofl 955371
GOA_ATF 2 2017 SSBLCI 1.48085e+06
GOA_ATF 2 2017 SSBUCI 3.13912e+06
GOA_ATF 2 2017 SSBMedian 2.11546e+06
GOA_ATF 2 2017 SSBMean 2.18565e+06
GOA_ATF 2 2018 SSBF100 2.72963e+06
GOA_ATF 2 2018 SSBFabc 1.09185e+06
GOA_ATF 2 2018 SSBFofl 955371
GOA_ATF 2 2018 SSBLCI 1.50777e+06
GOA_ATF 2 2018 SSBUCI 3.34426e+06
GOA_ATF 2 2018 SSBMedian 2.20791e+06
GOA_ATF 2 2018 SSBMean 2.28809e+06
GOA_ATF 2 2005 F0 0 
GOA_ATF 2 2005 Fabc 0.142168
GOA_ATF 2 2005 Fofl 0.167606
GOA_ATF 2 2005  F_LCI 0.0145922
GOA_ATF 2 2005  F_UCI 0.0145922
GOA_ATF 2 2005  F_Median 0.0145922
GOA_ATF 2 2005  F_Mean 0.0145922
GOA_ATF 2 2006 F0 0 
GOA_ATF 2 2006 Fabc 0.142168
GOA_ATF 2 2006 Fofl 0.167606
GOA_ATF 2 2006  F_LCI 0.0118498
GOA_ATF 2 2006  F_UCI 0.0120188
GOA_ATF 2 2006  F_Median 0.0119889
GOA_ATF 2 2006  F_Mean 0.0119697
GOA_ATF 2 2007 F0 0 
GOA_ATF 2 2007 Fabc 0.142168
GOA_ATF 2 2007 Fofl 0.167606
GOA_ATF 2 2007  F_LCI 0.00135501
GOA_ATF 2 2007  F_UCI 0.00141707
GOA_ATF 2 2007  F_Median 0.00140313
GOA_ATF 2 2007  F_Mean 0.00139697
GOA_ATF 2 2008 F0 0 
GOA_ATF 2 2008 Fabc 0.142168
GOA_ATF 2 2008 Fofl 0.167606
GOA_ATF 2 2008  F_LCI 0.00123565
GOA_ATF 2 2008  F_UCI 0.00138352
GOA_ATF 2 2008  F_Median 0.0013472
GOA_ATF 2 2008  F_Mean 0.00133371
GOA_ATF 2 2009 F0 0 
GOA_ATF 2 2009 Fabc 0.142168
GOA_ATF 2 2009 Fofl 0.167606
GOA_ATF 2 2009  F_LCI 0.00111054
GOA_ATF 2 2009  F_UCI 0.00137589
GOA_ATF 2 2009  F_Median 0.00129869
GOA_ATF 2 2009  F_Mean 0.00127844
GOA_ATF 2 2010 F0 0 
GOA_ATF 2 2010 Fabc 0.142168
GOA_ATF 2 2010 Fofl 0.167606
GOA_ATF 2 2010  F_LCI 0.000981109
GOA_ATF 2 2010  F_UCI 0.00137378
GOA_ATF 2 2010  F_Median 0.00123781
GOA_ATF 2 2010  F_Mean 0.00121668
GOA_ATF 2 2011 F0 0 
GOA_ATF 2 2011 Fabc 0.142168
GOA_ATF 2 2011 Fofl 0.167606
GOA_ATF 2 2011  F_LCI 0.000856893
GOA_ATF 2 2011  F_UCI 0.00137115
GOA_ATF 2 2011  F_Median 0.00116538
GOA_ATF 2 2011  F_Mean 0.00114782
GOA_ATF 2 2012 F0 0 
GOA_ATF 2 2012 Fabc 0.142168
GOA_ATF 2 2012 Fofl 0.167606
GOA_ATF 2 2012  F_LCI 0.000765797
GOA_ATF 2 2012  F_UCI 0.0013516
GOA_ATF 2 2012  F_Median 0.0010849
GOA_ATF 2 2012  F_Mean 0.00107737
GOA_ATF 2 2013 F0 0 
GOA_ATF 2 2013 Fabc 0.142168
GOA_ATF 2 2013 Fofl 0.167606
GOA_ATF 2 2013  F_LCI 0.000703004
GOA_ATF 2 2013  F_UCI 0.00134166
GOA_ATF 2 2013  F_Median 0.00101815
GOA_ATF 2 2013  F_Mean 0.00101805
GOA_ATF 2 2014 F0 0 
GOA_ATF 2 2014 Fabc 0.142168
GOA_ATF 2 2014 Fofl 0.167606
GOA_ATF 2 2014  F_LCI 0.000656422
GOA_ATF 2 2014  F_UCI 0.00131341
GOA_ATF 2 2014  F_Median 0.000950644
GOA_ATF 2 2014  F_Mean 0.000966679
GOA_ATF 2 2015 F0 0 
GOA_ATF 2 2015 Fabc 0.142168
GOA_ATF 2 2015 Fofl 0.167606
GOA_ATF 2 2015  F_LCI 0.000623507
GOA_ATF 2 2015  F_UCI 0.00131237
GOA_ATF 2 2015  F_Median 0.000920818
GOA_ATF 2 2015  F_Mean 0.000940392
GOA_ATF 2 2016 F0 0 
GOA_ATF 2 2016 Fabc 0.142168
GOA_ATF 2 2016 Fofl 0.167606
GOA_ATF 2 2016  F_LCI 0.000597104
GOA_ATF 2 2016  F_UCI 0.00129071
GOA_ATF 2 2016  F_Median 0.000900083
GOA_ATF 2 2016  F_Mean 0.000917944
GOA_ATF 2 2017 F0 0 
GOA_ATF 2 2017 Fabc 0.142168
GOA_ATF 2 2017 Fofl 0.167606
GOA_ATF 2 2017  F_LCI 0.000586277
GOA_ATF 2 2017  F_UCI 0.00127017
GOA_ATF 2 2017  F_Median 0.000880609
GOA_ATF 2 2017  F_Mean 0.000898094
GOA_ATF 2 2018 F0 0 
GOA_ATF 2 2018 Fabc 0.142168
GOA_ATF 2 2018 Fofl 0.167606
GOA_ATF 2 2018  F_LCI 0.000561277
GOA_ATF 2 2018  F_UCI 0.00124239
GOA_ATF 2 2018  F_Median 0.000847376
GOA_ATF 2 2018  F_Mean 0.000870281
GOA_ATF 3 2005 Cabc 176571
GOA_ATF 3 2005 Cofl 186749
GOA_ATF 3 2005 CLCI 18098
GOA_ATF 3 2005 CUCI 18098
GOA_ATF 3 2005 CMedian 18098
GOA_ATF 3 2005 CMean 18098
GOA_ATF 3 2005 CStdn 4.00178e-11
GOA_ATF 3 2006 Cabc 176571
GOA_ATF 3 2006 Cofl 186749
GOA_ATF 3 2006 CLCI 15770
GOA_ATF 3 2006 CUCI 15770
GOA_ATF 3 2006 CMedian 15770
GOA_ATF 3 2006 CMean 15770
GOA_ATF 3 2006 CStdn 0.000148693
GOA_ATF 3 2007 Cabc 176571
GOA_ATF 3 2007 Cofl 186749
GOA_ATF 3 2007 CLCI 16385.1
GOA_ATF 3 2007 CUCI 17138.3
GOA_ATF 3 2007 CMedian 16550.2
GOA_ATF 3 2007 CMean 16627.8
GOA_ATF 3 2007 CStdn 264.947
GOA_ATF 3 2008 Cabc 176571
GOA_ATF 3 2008 Cofl 186749
GOA_ATF 3 2008 CLCI 16643.6
GOA_ATF 3 2008 CUCI 18647
GOA_ATF 3 2008 CMedian 17095.6
GOA_ATF 3 2008 CMean 17296.2
GOA_ATF 3 2008 CStdn 680.522
GOA_ATF 3 2009 Cabc 176571
GOA_ATF 3 2009 Cofl 186749
GOA_ATF 3 2009 CLCI 16599.6
GOA_ATF 3 2009 CUCI 20603.1
GOA_ATF 3 2009 CMedian 17602.1
GOA_ATF 3 2009 CMean 17975.5
GOA_ATF 3 2009 CStdn 1357.94
GOA_ATF 3 2010 Cabc 176571
GOA_ATF 3 2010 Cofl 186749
GOA_ATF 3 2010 CLCI 16499.8
GOA_ATF 3 2010 CUCI 23214
GOA_ATF 3 2010 CMedian 18348.5
GOA_ATF 3 2010 CMean 18895.6
GOA_ATF 3 2010 CStdn 2244.41
GOA_ATF 3 2011 Cabc 176571
GOA_ATF 3 2011 Cofl 186749
GOA_ATF 3 2011 CLCI 16387.8
GOA_ATF 3 2011 CUCI 26359.7
GOA_ATF 3 2011 CMedian 19372.8
GOA_ATF 3 2011 CMean 20128.5
GOA_ATF 3 2011 CStdn 3329.19
GOA_ATF 3 2012 Cabc 176571
GOA_ATF 3 2012 Cofl 186749
GOA_ATF 3 2012 CLCI 16544.7
GOA_ATF 3 2012 CUCI 29364.4
GOA_ATF 3 2012 CMedian 20710.3
GOA_ATF 3 2012 CMean 21570.3
GOA_ATF 3 2012 CStdn 4352.05
GOA_ATF 3 2013 Cabc 176571
GOA_ATF 3 2013 Cofl 186749
GOA_ATF 3 2013 CLCI 16567.3
GOA_ATF 3 2013 CUCI 32026.7
GOA_ATF 3 2013 CMedian 21945.8
GOA_ATF 3 2013 CMean 22910.4
GOA_ATF 3 2013 CStdn 5114.44
GOA_ATF 3 2014 Cabc 176571
GOA_ATF 3 2014 Cofl 186749
GOA_ATF 3 2014 CLCI 16812.7
GOA_ATF 3 2014 CUCI 34027.8
GOA_ATF 3 2014 CMedian 23440.8
GOA_ATF 3 2014 CMean 24157.5
GOA_ATF 3 2014 CStdn 5663.87
GOA_ATF 3 2015 Cabc 176571
GOA_ATF 3 2015 Cofl 186749
GOA_ATF 3 2015 CLCI 16818.3
GOA_ATF 3 2015 CUCI 35565.9
GOA_ATF 3 2015 CMedian 24032.3
GOA_ATF 3 2015 CMean 24871.2
GOA_ATF 3 2015 CStdn 6073.59
GOA_ATF 3 2016 Cabc 176571
GOA_ATF 3 2016 Cofl 186749
GOA_ATF 3 2016 CLCI 17042.4
GOA_ATF 3 2016 CUCI 37105.4
GOA_ATF 3 2016 CMedian 24534.5
GOA_ATF 3 2016 CMean 25488.1
GOA_ATF 3 2016 CStdn 6369.42
GOA_ATF 3 2017 Cabc 176571
GOA_ATF 3 2017 Cofl 186749
GOA_ATF 3 2017 CLCI 17274.8
GOA_ATF 3 2017 CUCI 37836.9
GOA_ATF 3 2017 CMedian 25086.7
GOA_ATF 3 2017 CMean 26034.7
GOA_ATF 3 2017 CStdn 6580.16
GOA_ATF 3 2018 Cabc 176571
GOA_ATF 3 2018 Cofl 186749
GOA_ATF 3 2018 CLCI 17592.9
GOA_ATF 3 2018 CUCI 39491.5
GOA_ATF 3 2018 CMedian 26039.8
GOA_ATF 3 2018 CMean 26874.6
GOA_ATF 3 2018 CStdn 6900.86
GOA_ATF 3 2005 SSBF100 2.72963e+06
GOA_ATF 3 2005 SSBFabc 1.09185e+06
GOA_ATF 3 2005 SSBFofl 955371
GOA_ATF 3 2005 SSBLCI 1.09568e+06
GOA_ATF 3 2005 SSBUCI 1.09568e+06
GOA_ATF 3 2005 SSBMedian 1.09568e+06
GOA_ATF 3 2005 SSBMean 1.09568e+06
GOA_ATF 3 2006 SSBF100 2.72963e+06
GOA_ATF 3 2006 SSBFabc 1.09185e+06
GOA_ATF 3 2006 SSBFofl 955371
GOA_ATF 3 2006 SSBLCI 1.1729e+06
GOA_ATF 3 2006 SSBUCI 1.17313e+06
GOA_ATF 3 2006 SSBMedian 1.17294e+06
GOA_ATF 3 2006 SSBMean 1.17296e+06
GOA_ATF 3 2007 SSBF100 2.72963e+06
GOA_ATF 3 2007 SSBFabc 1.09185e+06
GOA_ATF 3 2007 SSBFofl 955371
GOA_ATF 3 2007 SSBLCI 1.25393e+06
GOA_ATF 3 2007 SSBUCI 1.25547e+06
GOA_ATF 3 2007 SSBMedian 1.25422e+06
GOA_ATF 3 2007 SSBMean 1.2544e+06
GOA_ATF 3 2008 SSBF100 2.72963e+06
GOA_ATF 3 2008 SSBFabc 1.09185e+06
GOA_ATF 3 2008 SSBFofl 955371
GOA_ATF 3 2008 SSBLCI 1.31648e+06
GOA_ATF 3 2008 SSBUCI 1.32582e+06
GOA_ATF 3 2008 SSBMedian 1.31827e+06
GOA_ATF 3 2008 SSBMean 1.31936e+06
GOA_ATF 3 2009 SSBF100 2.72963e+06
GOA_ATF 3 2009 SSBFabc 1.09185e+06
GOA_ATF 3 2009 SSBFofl 955371
GOA_ATF 3 2009 SSBLCI 1.35633e+06
GOA_ATF 3 2009 SSBUCI 1.40518e+06
GOA_ATF 3 2009 SSBMedian 1.36592e+06
GOA_ATF 3 2009 SSBMean 1.37162e+06
GOA_ATF 3 2010 SSBF100 2.72963e+06
GOA_ATF 3 2010 SSBFabc 1.09185e+06
GOA_ATF 3 2010 SSBFofl 955371
GOA_ATF 3 2010 SSBLCI 1.37681e+06
GOA_ATF 3 2010 SSBUCI 1.55521e+06
GOA_ATF 3 2010 SSBMedian 1.41587e+06
GOA_ATF 3 2010 SSBMean 1.43439e+06
GOA_ATF 3 2011 SSBF100 2.72963e+06
GOA_ATF 3 2011 SSBFabc 1.09185e+06
GOA_ATF 3 2011 SSBFofl 955371
GOA_ATF 3 2011 SSBLCI 1.38125e+06
GOA_ATF 3 2011 SSBUCI 1.80635e+06
GOA_ATF 3 2011 SSBMedian 1.47973e+06
GOA_ATF 3 2011 SSBMean 1.52227e+06
GOA_ATF 3 2012 SSBF100 2.72963e+06
GOA_ATF 3 2012 SSBFabc 1.09185e+06
GOA_ATF 3 2012 SSBFofl 955371
GOA_ATF 3 2012 SSBLCI 1.38738e+06
GOA_ATF 3 2012 SSBUCI 2.07005e+06
GOA_ATF 3 2012 SSBMedian 1.57484e+06
GOA_ATF 3 2012 SSBMean 1.63135e+06
GOA_ATF 3 2013 SSBF100 2.72963e+06
GOA_ATF 3 2013 SSBFabc 1.09185e+06
GOA_ATF 3 2013 SSBFofl 955371
GOA_ATF 3 2013 SSBLCI 1.39649e+06
GOA_ATF 3 2013 SSBUCI 2.29617e+06
GOA_ATF 3 2013 SSBMedian 1.67707e+06
GOA_ATF 3 2013 SSBMean 1.74392e+06
GOA_ATF 3 2014 SSBF100 2.72963e+06
GOA_ATF 3 2014 SSBFabc 1.09185e+06
GOA_ATF 3 2014 SSBFofl 955371
GOA_ATF 3 2014 SSBLCI 1.413e+06
GOA_ATF 3 2014 SSBUCI 2.51843e+06
GOA_ATF 3 2014 SSBMedian 1.79206e+06
GOA_ATF 3 2014 SSBMean 1.86026e+06
GOA_ATF 3 2015 SSBF100 2.72963e+06
GOA_ATF 3 2015 SSBFabc 1.09185e+06
GOA_ATF 3 2015 SSBFofl 955371
GOA_ATF 3 2015 SSBLCI 1.39228e+06
GOA_ATF 3 2015 SSBUCI 2.69476e+06
GOA_ATF 3 2015 SSBMedian 1.86548e+06
GOA_ATF 3 2015 SSBMean 1.9319e+06
GOA_ATF 3 2016 SSBF100 2.72963e+06
GOA_ATF 3 2016 SSBFabc 1.09185e+06
GOA_ATF 3 2016 SSBFofl 955371
GOA_ATF 3 2016 SSBLCI 1.38277e+06
GOA_ATF 3 2016 SSBUCI 2.83798e+06
GOA_ATF 3 2016 SSBMedian 1.94061e+06
GOA_ATF 3 2016 SSBMean 1.99655e+06
GOA_ATF 3 2017 SSBF100 2.72963e+06
GOA_ATF 3 2017 SSBFabc 1.09185e+06
GOA_ATF 3 2017 SSBFofl 955371
GOA_ATF 3 2017 SSBLCI 1.38357e+06
GOA_ATF 3 2017 SSBUCI 2.96498e+06
GOA_ATF 3 2017 SSBMedian 1.98833e+06
GOA_ATF 3 2017 SSBMean 2.05524e+06
GOA_ATF 3 2018 SSBF100 2.72963e+06
GOA_ATF 3 2018 SSBFabc 1.09185e+06
GOA_ATF 3 2018 SSBFofl 955371
GOA_ATF 3 2018 SSBLCI 1.40649e+06
GOA_ATF 3 2018 SSBUCI 3.13956e+06
GOA_ATF 3 2018 SSBMedian 2.06474e+06
GOA_ATF 3 2018 SSBMean 2.14426e+06
GOA_ATF 3 2005 F0 0 
GOA_ATF 3 2005 Fabc 0.142168
GOA_ATF 3 2005 Fofl 0.167606
GOA_ATF 3 2005  F_LCI 0.0145922
GOA_ATF 3 2005  F_UCI 0.0145922
GOA_ATF 3 2005  F_Median 0.0145922
GOA_ATF 3 2005  F_Mean 0.0145922
GOA_ATF 3 2006 F0 0 
GOA_ATF 3 2006 Fabc 0.142168
GOA_ATF 3 2006 Fofl 0.167606
GOA_ATF 3 2006  F_LCI 0.0118498
GOA_ATF 3 2006  F_UCI 0.0120188
GOA_ATF 3 2006  F_Median 0.0119889
GOA_ATF 3 2006  F_Mean 0.0119697
GOA_ATF 3 2007 F0 0 
GOA_ATF 3 2007 Fabc 0.142168
GOA_ATF 3 2007 Fofl 0.167606
GOA_ATF 3 2007  F_LCI 0.012
GOA_ATF 3 2007  F_UCI 0.012
GOA_ATF 3 2007  F_Median 0.012
GOA_ATF 3 2007  F_Mean 0.012
GOA_ATF 3 2008 F0 0 
GOA_ATF 3 2008 Fabc 0.142168
GOA_ATF 3 2008 Fofl 0.167606
GOA_ATF 3 2008  F_LCI 0.012
GOA_ATF 3 2008  F_UCI 0.012
GOA_ATF 3 2008  F_Median 0.012
GOA_ATF 3 2008  F_Mean 0.012
GOA_ATF 3 2009 F0 0 
GOA_ATF 3 2009 Fabc 0.142168
GOA_ATF 3 2009 Fofl 0.167606
GOA_ATF 3 2009  F_LCI 0.012
GOA_ATF 3 2009  F_UCI 0.012
GOA_ATF 3 2009  F_Median 0.012
GOA_ATF 3 2009  F_Mean 0.012
GOA_ATF 3 2010 F0 0 
GOA_ATF 3 2010 Fabc 0.142168
GOA_ATF 3 2010 Fofl 0.167606
GOA_ATF 3 2010  F_LCI 0.012
GOA_ATF 3 2010  F_UCI 0.012
GOA_ATF 3 2010  F_Median 0.012
GOA_ATF 3 2010  F_Mean 0.012
GOA_ATF 3 2011 F0 0 
GOA_ATF 3 2011 Fabc 0.142168
GOA_ATF 3 2011 Fofl 0.167606
GOA_ATF 3 2011  F_LCI 0.012
GOA_ATF 3 2011  F_UCI 0.012
GOA_ATF 3 2011  F_Median 0.012
GOA_ATF 3 2011  F_Mean 0.012
GOA_ATF 3 2012 F0 0 
GOA_ATF 3 2012 Fabc 0.142168
GOA_ATF 3 2012 Fofl 0.167606
GOA_ATF 3 2012  F_LCI 0.012
GOA_ATF 3 2012  F_UCI 0.012
GOA_ATF 3 2012  F_Median 0.012
GOA_ATF 3 2012  F_Mean 0.012
GOA_ATF 3 2013 F0 0 
GOA_ATF 3 2013 Fabc 0.142168
GOA_ATF 3 2013 Fofl 0.167606
GOA_ATF 3 2013  F_LCI 0.012
GOA_ATF 3 2013  F_UCI 0.012
GOA_ATF 3 2013  F_Median 0.012
GOA_ATF 3 2013  F_Mean 0.012
GOA_ATF 3 2014 F0 0 
GOA_ATF 3 2014 Fabc 0.142168
GOA_ATF 3 2014 Fofl 0.167606
GOA_ATF 3 2014  F_LCI 0.012
GOA_ATF 3 2014  F_UCI 0.012
GOA_ATF 3 2014  F_Median 0.012
GOA_ATF 3 2014  F_Mean 0.012
GOA_ATF 3 2015 F0 0 
GOA_ATF 3 2015 Fabc 0.142168
GOA_ATF 3 2015 Fofl 0.167606
GOA_ATF 3 2015  F_LCI 0.012
GOA_ATF 3 2015  F_UCI 0.012
GOA_ATF 3 2015  F_Median 0.012
GOA_ATF 3 2015  F_Mean 0.012
GOA_ATF 3 2016 F0 0 
GOA_ATF 3 2016 Fabc 0.142168
GOA_ATF 3 2016 Fofl 0.167606
GOA_ATF 3 2016  F_LCI 0.012
GOA_ATF 3 2016  F_UCI 0.012
GOA_ATF 3 2016  F_Median 0.012
GOA_ATF 3 2016  F_Mean 0.012
GOA_ATF 3 2017 F0 0 
GOA_ATF 3 2017 Fabc 0.142168
GOA_ATF 3 2017 Fofl 0.167606
GOA_ATF 3 2017  F_LCI 0.012
GOA_ATF 3 2017  F_UCI 0.012
GOA_ATF 3 2017  F_Median 0.012
GOA_ATF 3 2017  F_Mean 0.012
GOA_ATF 3 2018 F0 0 
GOA_ATF 3 2018 Fabc 0.142168
GOA_ATF 3 2018 Fofl 0.167606
GOA_ATF 3 2018  F_LCI 0.012
GOA_ATF 3 2018  F_UCI 0.012
GOA_ATF 3 2018  F_Median 0.012
GOA_ATF 3 2018  F_Mean 0.012
GOA_ATF 4 2005 Cabc 176571
GOA_ATF 4 2005 Cofl 186749
GOA_ATF 4 2005 CLCI 18098
GOA_ATF 4 2005 CUCI 18098
GOA_ATF 4 2005 CMedian 18098
GOA_ATF 4 2005 CMean 18098
GOA_ATF 4 2005 CStdn 4.00178e-11
GOA_ATF 4 2006 Cabc 176571
GOA_ATF 4 2006 Cofl 186749
GOA_ATF 4 2006 CLCI 15770
GOA_ATF 4 2006 CUCI 15770
GOA_ATF 4 2006 CMedian 15770
GOA_ATF 4 2006 CMean 15770
GOA_ATF 4 2006 CStdn 0.000148693
GOA_ATF 4 2007 Cabc 176571
GOA_ATF 4 2007 Cofl 186749
GOA_ATF 4 2007 CLCI 97234.1
GOA_ATF 4 2007 CUCI 101797
GOA_ATF 4 2007 CMedian 98234.5
GOA_ATF 4 2007 CMean 98704.7
GOA_ATF 4 2007 CStdn 1605.2
GOA_ATF 4 2008 Cabc 176571
GOA_ATF 4 2008 Cofl 186749
GOA_ATF 4 2008 CLCI 94119.8
GOA_ATF 4 2008 CUCI 106179
GOA_ATF 4 2008 CMedian 96845.9
GOA_ATF 4 2008 CMean 98045.6
GOA_ATF 4 2008 CStdn 4083.93
GOA_ATF 4 2009 Cabc 176571
GOA_ATF 4 2009 Cofl 186749
GOA_ATF 4 2009 CLCI 89687.9
GOA_ATF 4 2009 CUCI 113201
GOA_ATF 4 2009 CMedian 95624.4
GOA_ATF 4 2009 CMean 97829.7
GOA_ATF 4 2009 CStdn 8020.25
GOA_ATF 4 2010 Cabc 176571
GOA_ATF 4 2010 Cofl 186749
GOA_ATF 4 2010 CLCI 85532.9
GOA_ATF 4 2010 CUCI 124667
GOA_ATF 4 2010 CMedian 96278.5
GOA_ATF 4 2010 CMean 99386.2
GOA_ATF 4 2010 CStdn 12957.2
GOA_ATF 4 2011 Cabc 176571
GOA_ATF 4 2011 Cofl 186749
GOA_ATF 4 2011 CLCI 81907.5
GOA_ATF 4 2011 CUCI 137460
GOA_ATF 4 2011 CMedian 98801.3
GOA_ATF 4 2011 CMean 102901
GOA_ATF 4 2011 CStdn 18639.9
GOA_ATF 4 2012 Cabc 176571
GOA_ATF 4 2012 Cofl 186749
GOA_ATF 4 2012 CLCI 79898.4
GOA_ATF 4 2012 CUCI 148185
GOA_ATF 4 2012 CMedian 103142
GOA_ATF 4 2012 CMean 107521
GOA_ATF 4 2012 CStdn 23600.9
GOA_ATF 4 2013 Cabc 176571
GOA_ATF 4 2013 Cofl 186749
GOA_ATF 4 2013 CLCI 77675
GOA_ATF 4 2013 CUCI 159876
GOA_ATF 4 2013 CMedian 106848
GOA_ATF 4 2013 CMean 111609
GOA_ATF 4 2013 CStdn 26985.1
GOA_ATF 4 2014 Cabc 176571
GOA_ATF 4 2014 Cofl 186749
GOA_ATF 4 2014 CLCI 77124.8
GOA_ATF 4 2014 CUCI 167624
GOA_ATF 4 2014 CMedian 111349
GOA_ATF 4 2014 CMean 115223
GOA_ATF 4 2014 CStdn 29223.4
GOA_ATF 4 2015 Cabc 176571
GOA_ATF 4 2015 Cofl 186749
GOA_ATF 4 2015 CLCI 75961.7
GOA_ATF 4 2015 CUCI 171641
GOA_ATF 4 2015 CMedian 112496
GOA_ATF 4 2015 CMean 116689
GOA_ATF 4 2015 CStdn 30765.3
GOA_ATF 4 2016 Cabc 176571
GOA_ATF 4 2016 Cofl 186749
GOA_ATF 4 2016 CLCI 76303.5
GOA_ATF 4 2016 CUCI 173529
GOA_ATF 4 2016 CMedian 112868
GOA_ATF 4 2016 CMean 117868
GOA_ATF 4 2016 CStdn 31682.7
GOA_ATF 4 2017 Cabc 176571
GOA_ATF 4 2017 Cofl 186749
GOA_ATF 4 2017 CLCI 76736.6
GOA_ATF 4 2017 CUCI 177846
GOA_ATF 4 2017 CMedian 114161
GOA_ATF 4 2017 CMean 118911
GOA_ATF 4 2017 CStdn 32214.6
GOA_ATF 4 2018 Cabc 176571
GOA_ATF 4 2018 Cofl 186749
GOA_ATF 4 2018 CLCI 77263.7
GOA_ATF 4 2018 CUCI 183982
GOA_ATF 4 2018 CMedian 116601
GOA_ATF 4 2018 CMean 121177
GOA_ATF 4 2018 CStdn 33053.3
GOA_ATF 4 2005 SSBF100 2.72963e+06
GOA_ATF 4 2005 SSBFabc 1.09185e+06
GOA_ATF 4 2005 SSBFofl 955371
GOA_ATF 4 2005 SSBLCI 1.09568e+06
GOA_ATF 4 2005 SSBUCI 1.09568e+06
GOA_ATF 4 2005 SSBMedian 1.09568e+06
GOA_ATF 4 2005 SSBMean 1.09568e+06
GOA_ATF 4 2006 SSBF100 2.72963e+06
GOA_ATF 4 2006 SSBFabc 1.09185e+06
GOA_ATF 4 2006 SSBFofl 955371
GOA_ATF 4 2006 SSBLCI 1.1729e+06
GOA_ATF 4 2006 SSBUCI 1.17313e+06
GOA_ATF 4 2006 SSBMedian 1.17294e+06
GOA_ATF 4 2006 SSBMean 1.17296e+06
GOA_ATF 4 2007 SSBF100 2.72963e+06
GOA_ATF 4 2007 SSBFabc 1.09185e+06
GOA_ATF 4 2007 SSBFofl 955371
GOA_ATF 4 2007 SSBLCI 1.25393e+06
GOA_ATF 4 2007 SSBUCI 1.25547e+06
GOA_ATF 4 2007 SSBMedian 1.25422e+06
GOA_ATF 4 2007 SSBMean 1.2544e+06
GOA_ATF 4 2008 SSBF100 2.72963e+06
GOA_ATF 4 2008 SSBFabc 1.09185e+06
GOA_ATF 4 2008 SSBFofl 955371
GOA_ATF 4 2008 SSBLCI 1.25026e+06
GOA_ATF 4 2008 SSBUCI 1.25952e+06
GOA_ATF 4 2008 SSBMedian 1.25204e+06
GOA_ATF 4 2008 SSBMean 1.25311e+06
GOA_ATF 4 2009 SSBF100 2.72963e+06
GOA_ATF 4 2009 SSBFabc 1.09185e+06
GOA_ATF 4 2009 SSBFofl 955371
GOA_ATF 4 2009 SSBLCI 1.2248e+06
GOA_ATF 4 2009 SSBUCI 1.27256e+06
GOA_ATF 4 2009 SSBMedian 1.23422e+06
GOA_ATF 4 2009 SSBMean 1.23977e+06
GOA_ATF 4 2010 SSBF100 2.72963e+06
GOA_ATF 4 2010 SSBFabc 1.09185e+06
GOA_ATF 4 2010 SSBFofl 955371
GOA_ATF 4 2010 SSBLCI 1.18471e+06
GOA_ATF 4 2010 SSBUCI 1.35464e+06
GOA_ATF 4 2010 SSBMedian 1.22199e+06
GOA_ATF 4 2010 SSBMean 1.23979e+06
GOA_ATF 4 2011 SSBF100 2.72963e+06
GOA_ATF 4 2011 SSBFabc 1.09185e+06
GOA_ATF 4 2011 SSBFofl 955371
GOA_ATF 4 2011 SSBLCI 1.1357e+06
GOA_ATF 4 2011 SSBUCI 1.52801e+06
GOA_ATF 4 2011 SSBMedian 1.22828e+06
GOA_ATF 4 2011 SSBMean 1.2665e+06
GOA_ATF 4 2012 SSBF100 2.72963e+06
GOA_ATF 4 2012 SSBFabc 1.09185e+06
GOA_ATF 4 2012 SSBFofl 955371
GOA_ATF 4 2012 SSBLCI 1.09433e+06
GOA_ATF 4 2012 SSBUCI 1.70378e+06
GOA_ATF 4 2012 SSBMedian 1.26333e+06
GOA_ATF 4 2012 SSBMean 1.31325e+06
GOA_ATF 4 2013 SSBF100 2.72963e+06
GOA_ATF 4 2013 SSBFabc 1.09185e+06
GOA_ATF 4 2013 SSBFofl 955371
GOA_ATF 4 2013 SSBLCI 1.06074e+06
GOA_ATF 4 2013 SSBUCI 1.82912e+06
GOA_ATF 4 2013 SSBMedian 1.30658e+06
GOA_ATF 4 2013 SSBMean 1.36315e+06
GOA_ATF 4 2014 SSBF100 2.72963e+06
GOA_ATF 4 2014 SSBFabc 1.09185e+06
GOA_ATF 4 2014 SSBFofl 955371
GOA_ATF 4 2014 SSBLCI 1.03936e+06
GOA_ATF 4 2014 SSBUCI 1.97567e+06
GOA_ATF 4 2014 SSBMedian 1.35703e+06
GOA_ATF 4 2014 SSBMean 1.41598e+06
GOA_ATF 4 2015 SSBF100 2.72963e+06
GOA_ATF 4 2015 SSBFabc 1.09185e+06
GOA_ATF 4 2015 SSBFofl 955371
GOA_ATF 4 2015 SSBLCI 990139
GOA_ATF 4 2015 SSBUCI 2.05105e+06
GOA_ATF 4 2015 SSBMedian 1.38679e+06
GOA_ATF 4 2015 SSBMean 1.4395e+06
GOA_ATF 4 2016 SSBF100 2.72963e+06
GOA_ATF 4 2016 SSBFabc 1.09185e+06
GOA_ATF 4 2016 SSBFofl 955371
GOA_ATF 4 2016 SSBLCI 970065
GOA_ATF 4 2016 SSBUCI 2.12931e+06
GOA_ATF 4 2016 SSBMedian 1.40841e+06
GOA_ATF 4 2016 SSBMean 1.46055e+06
GOA_ATF 4 2017 SSBF100 2.72963e+06
GOA_ATF 4 2017 SSBFabc 1.09185e+06
GOA_ATF 4 2017 SSBFofl 955371
GOA_ATF 4 2017 SSBLCI 966829
GOA_ATF 4 2017 SSBUCI 2.17181e+06
GOA_ATF 4 2017 SSBMedian 1.4209e+06
GOA_ATF 4 2017 SSBMean 1.47996e+06
GOA_ATF 4 2018 SSBF100 2.72963e+06
GOA_ATF 4 2018 SSBFabc 1.09185e+06
GOA_ATF 4 2018 SSBFofl 955371
GOA_ATF 4 2018 SSBLCI 964466
GOA_ATF 4 2018 SSBUCI 2.24846e+06
GOA_ATF 4 2018 SSBMedian 1.45811e+06
GOA_ATF 4 2018 SSBMean 1.5203e+06
GOA_ATF 4 2005 F0 0 
GOA_ATF 4 2005 Fabc 0.142168
GOA_ATF 4 2005 Fofl 0.167606
GOA_ATF 4 2005  F_LCI 0.0145922
GOA_ATF 4 2005  F_UCI 0.0145922
GOA_ATF 4 2005  F_Median 0.0145922
GOA_ATF 4 2005  F_Mean 0.0145922
GOA_ATF 4 2006 F0 0 
GOA_ATF 4 2006 Fabc 0.142168
GOA_ATF 4 2006 Fofl 0.167606
GOA_ATF 4 2006  F_LCI 0.0118498
GOA_ATF 4 2006  F_UCI 0.0120188
GOA_ATF 4 2006  F_Median 0.0119889
GOA_ATF 4 2006  F_Mean 0.0119697
GOA_ATF 4 2007 F0 0 
GOA_ATF 4 2007 Fabc 0.142168
GOA_ATF 4 2007 Fofl 0.167606
GOA_ATF 4 2007  F_LCI 0.0729331
GOA_ATF 4 2007  F_UCI 0.0729331
GOA_ATF 4 2007  F_Median 0.0729331
GOA_ATF 4 2007  F_Mean 0.0729331
GOA_ATF 4 2008 F0 0 
GOA_ATF 4 2008 Fabc 0.142168
GOA_ATF 4 2008 Fofl 0.167606
GOA_ATF 4 2008  F_LCI 0.0729331
GOA_ATF 4 2008  F_UCI 0.0729331
GOA_ATF 4 2008  F_Median 0.0729331
GOA_ATF 4 2008  F_Mean 0.0729331
GOA_ATF 4 2009 F0 0 
GOA_ATF 4 2009 Fabc 0.142168
GOA_ATF 4 2009 Fofl 0.167606
GOA_ATF 4 2009  F_LCI 0.0729331
GOA_ATF 4 2009  F_UCI 0.0729331
GOA_ATF 4 2009  F_Median 0.0729331
GOA_ATF 4 2009  F_Mean 0.0729331
GOA_ATF 4 2010 F0 0 
GOA_ATF 4 2010 Fabc 0.142168
GOA_ATF 4 2010 Fofl 0.167606
GOA_ATF 4 2010  F_LCI 0.0729331
GOA_ATF 4 2010  F_UCI 0.0729331
GOA_ATF 4 2010  F_Median 0.0729331
GOA_ATF 4 2010  F_Mean 0.0729331
GOA_ATF 4 2011 F0 0 
GOA_ATF 4 2011 Fabc 0.142168
GOA_ATF 4 2011 Fofl 0.167606
GOA_ATF 4 2011  F_LCI 0.0729331
GOA_ATF 4 2011  F_UCI 0.0729331
GOA_ATF 4 2011  F_Median 0.0729331
GOA_ATF 4 2011  F_Mean 0.0729331
GOA_ATF 4 2012 F0 0 
GOA_ATF 4 2012 Fabc 0.142168
GOA_ATF 4 2012 Fofl 0.167606
GOA_ATF 4 2012  F_LCI 0.0729331
GOA_ATF 4 2012  F_UCI 0.0729331
GOA_ATF 4 2012  F_Median 0.0729331
GOA_ATF 4 2012  F_Mean 0.0729331
GOA_ATF 4 2013 F0 0 
GOA_ATF 4 2013 Fabc 0.142168
GOA_ATF 4 2013 Fofl 0.167606
GOA_ATF 4 2013  F_LCI 0.0729331
GOA_ATF 4 2013  F_UCI 0.0729331
GOA_ATF 4 2013  F_Median 0.0729331
GOA_ATF 4 2013  F_Mean 0.0729331
GOA_ATF 4 2014 F0 0 
GOA_ATF 4 2014 Fabc 0.142168
GOA_ATF 4 2014 Fofl 0.167606
GOA_ATF 4 2014  F_LCI 0.0729331
GOA_ATF 4 2014  F_UCI 0.0729331
GOA_ATF 4 2014  F_Median 0.0729331
GOA_ATF 4 2014  F_Mean 0.0729331
GOA_ATF 4 2015 F0 0 
GOA_ATF 4 2015 Fabc 0.142168
GOA_ATF 4 2015 Fofl 0.167606
GOA_ATF 4 2015  F_LCI 0.0729331
GOA_ATF 4 2015  F_UCI 0.0729331
GOA_ATF 4 2015  F_Median 0.0729331
GOA_ATF 4 2015  F_Mean 0.0729331
GOA_ATF 4 2016 F0 0 
GOA_ATF 4 2016 Fabc 0.142168
GOA_ATF 4 2016 Fofl 0.167606
GOA_ATF 4 2016  F_LCI 0.0729331
GOA_ATF 4 2016  F_UCI 0.0729331
GOA_ATF 4 2016  F_Median 0.0729331
GOA_ATF 4 2016  F_Mean 0.0729331
GOA_ATF 4 2017 F0 0 
GOA_ATF 4 2017 Fabc 0.142168
GOA_ATF 4 2017 Fofl 0.167606
GOA_ATF 4 2017  F_LCI 0.0729331
GOA_ATF 4 2017  F_UCI 0.0729331
GOA_ATF 4 2017  F_Median 0.0729331
GOA_ATF 4 2017  F_Mean 0.0729331
GOA_ATF 4 2018 F0 0 
GOA_ATF 4 2018 Fabc 0.142168
GOA_ATF 4 2018 Fofl 0.167606
GOA_ATF 4 2018  F_LCI 0.0729331
GOA_ATF 4 2018  F_UCI 0.0729331
GOA_ATF 4 2018  F_Median 0.0729331
GOA_ATF 4 2018  F_Mean 0.0729331
GOA_ATF 5 2005 Cabc 176571
GOA_ATF 5 2005 Cofl 186749
GOA_ATF 5 2005 CLCI 18098
GOA_ATF 5 2005 CUCI 18098
GOA_ATF 5 2005 CMedian 18098
GOA_ATF 5 2005 CMean 18098
GOA_ATF 5 2005 CStdn 4.00178e-11
GOA_ATF 5 2006 Cabc 176571
GOA_ATF 5 2006 Cofl 186749
GOA_ATF 5 2006 CLCI 15770
GOA_ATF 5 2006 CUCI 15770
GOA_ATF 5 2006 CMedian 15770
GOA_ATF 5 2006 CMean 15770
GOA_ATF 5 2006 CStdn 0.000148693
GOA_ATF 5 2007 Cabc 176571
GOA_ATF 5 2007 Cofl 186749
GOA_ATF 5 2007 CLCI 0
GOA_ATF 5 2007 CUCI 0
GOA_ATF 5 2007 CMedian 0
GOA_ATF 5 2007 CMean 0
GOA_ATF 5 2007 CStdn 0
GOA_ATF 5 2008 Cabc 176571
GOA_ATF 5 2008 Cofl 186749
GOA_ATF 5 2008 CLCI 0
GOA_ATF 5 2008 CUCI 0
GOA_ATF 5 2008 CMedian 0
GOA_ATF 5 2008 CMean 0
GOA_ATF 5 2008 CStdn 0
GOA_ATF 5 2009 Cabc 176571
GOA_ATF 5 2009 Cofl 186749
GOA_ATF 5 2009 CLCI 0
GOA_ATF 5 2009 CUCI 0
GOA_ATF 5 2009 CMedian 0
GOA_ATF 5 2009 CMean 0
GOA_ATF 5 2009 CStdn 0
GOA_ATF 5 2010 Cabc 176571
GOA_ATF 5 2010 Cofl 186749
GOA_ATF 5 2010 CLCI 0
GOA_ATF 5 2010 CUCI 0
GOA_ATF 5 2010 CMedian 0
GOA_ATF 5 2010 CMean 0
GOA_ATF 5 2010 CStdn 0
GOA_ATF 5 2011 Cabc 176571
GOA_ATF 5 2011 Cofl 186749
GOA_ATF 5 2011 CLCI 0
GOA_ATF 5 2011 CUCI 0
GOA_ATF 5 2011 CMedian 0
GOA_ATF 5 2011 CMean 0
GOA_ATF 5 2011 CStdn 0
GOA_ATF 5 2012 Cabc 176571
GOA_ATF 5 2012 Cofl 186749
GOA_ATF 5 2012 CLCI 0
GOA_ATF 5 2012 CUCI 0
GOA_ATF 5 2012 CMedian 0
GOA_ATF 5 2012 CMean 0
GOA_ATF 5 2012 CStdn 0
GOA_ATF 5 2013 Cabc 176571
GOA_ATF 5 2013 Cofl 186749
GOA_ATF 5 2013 CLCI 0
GOA_ATF 5 2013 CUCI 0
GOA_ATF 5 2013 CMedian 0
GOA_ATF 5 2013 CMean 0
GOA_ATF 5 2013 CStdn 0
GOA_ATF 5 2014 Cabc 176571
GOA_ATF 5 2014 Cofl 186749
GOA_ATF 5 2014 CLCI 0
GOA_ATF 5 2014 CUCI 0
GOA_ATF 5 2014 CMedian 0
GOA_ATF 5 2014 CMean 0
GOA_ATF 5 2014 CStdn 0
GOA_ATF 5 2015 Cabc 176571
GOA_ATF 5 2015 Cofl 186749
GOA_ATF 5 2015 CLCI 0
GOA_ATF 5 2015 CUCI 0
GOA_ATF 5 2015 CMedian 0
GOA_ATF 5 2015 CMean 0
GOA_ATF 5 2015 CStdn 0
GOA_ATF 5 2016 Cabc 176571
GOA_ATF 5 2016 Cofl 186749
GOA_ATF 5 2016 CLCI 0
GOA_ATF 5 2016 CUCI 0
GOA_ATF 5 2016 CMedian 0
GOA_ATF 5 2016 CMean 0
GOA_ATF 5 2016 CStdn 0
GOA_ATF 5 2017 Cabc 176571
GOA_ATF 5 2017 Cofl 186749
GOA_ATF 5 2017 CLCI 0
GOA_ATF 5 2017 CUCI 0
GOA_ATF 5 2017 CMedian 0
GOA_ATF 5 2017 CMean 0
GOA_ATF 5 2017 CStdn 0
GOA_ATF 5 2018 Cabc 176571
GOA_ATF 5 2018 Cofl 186749
GOA_ATF 5 2018 CLCI 0
GOA_ATF 5 2018 CUCI 0
GOA_ATF 5 2018 CMedian 0
GOA_ATF 5 2018 CMean 0
GOA_ATF 5 2018 CStdn 0
GOA_ATF 5 2005 SSBF100 2.72963e+06
GOA_ATF 5 2005 SSBFabc 1.09185e+06
GOA_ATF 5 2005 SSBFofl 955371
GOA_ATF 5 2005 SSBLCI 1.09568e+06
GOA_ATF 5 2005 SSBUCI 1.09568e+06
GOA_ATF 5 2005 SSBMedian 1.09568e+06
GOA_ATF 5 2005 SSBMean 1.09568e+06
GOA_ATF 5 2006 SSBF100 2.72963e+06
GOA_ATF 5 2006 SSBFabc 1.09185e+06
GOA_ATF 5 2006 SSBFofl 955371
GOA_ATF 5 2006 SSBLCI 1.1729e+06
GOA_ATF 5 2006 SSBUCI 1.17313e+06
GOA_ATF 5 2006 SSBMedian 1.17294e+06
GOA_ATF 5 2006 SSBMean 1.17296e+06
GOA_ATF 5 2007 SSBF100 2.72963e+06
GOA_ATF 5 2007 SSBFabc 1.09185e+06
GOA_ATF 5 2007 SSBFofl 955371
GOA_ATF 5 2007 SSBLCI 1.25393e+06
GOA_ATF 5 2007 SSBUCI 1.25547e+06
GOA_ATF 5 2007 SSBMedian 1.25422e+06
GOA_ATF 5 2007 SSBMean 1.2544e+06
GOA_ATF 5 2008 SSBF100 2.72963e+06
GOA_ATF 5 2008 SSBFabc 1.09185e+06
GOA_ATF 5 2008 SSBFofl 955371
GOA_ATF 5 2008 SSBLCI 1.32994e+06
GOA_ATF 5 2008 SSBUCI 1.33929e+06
GOA_ATF 5 2008 SSBMedian 1.33173e+06
GOA_ATF 5 2008 SSBMean 1.33282e+06
GOA_ATF 5 2009 SSBF100 2.72963e+06
GOA_ATF 5 2009 SSBFabc 1.09185e+06
GOA_ATF 5 2009 SSBFofl 955371
GOA_ATF 5 2009 SSBLCI 1.38389e+06
GOA_ATF 5 2009 SSBUCI 1.43296e+06
GOA_ATF 5 2009 SSBMedian 1.39352e+06
GOA_ATF 5 2009 SSBMean 1.39925e+06
GOA_ATF 5 2010 SSBF100 2.72963e+06
GOA_ATF 5 2010 SSBFabc 1.09185e+06
GOA_ATF 5 2010 SSBFofl 955371
GOA_ATF 5 2010 SSBLCI 1.41828e+06
GOA_ATF 5 2010 SSBUCI 1.5984e+06
GOA_ATF 5 2010 SSBMedian 1.4576e+06
GOA_ATF 5 2010 SSBMean 1.47636e+06
GOA_ATF 5 2011 SSBF100 2.72963e+06
GOA_ATF 5 2011 SSBFabc 1.09185e+06
GOA_ATF 5 2011 SSBFofl 955371
GOA_ATF 5 2011 SSBLCI 1.43576e+06
GOA_ATF 5 2011 SSBUCI 1.86756e+06
GOA_ATF 5 2011 SSBMedian 1.53588e+06
GOA_ATF 5 2011 SSBMean 1.57893e+06
GOA_ATF 5 2012 SSBF100 2.72963e+06
GOA_ATF 5 2012 SSBFabc 1.09185e+06
GOA_ATF 5 2012 SSBFofl 955371
GOA_ATF 5 2012 SSBLCI 1.45443e+06
GOA_ATF 5 2012 SSBUCI 2.15483e+06
GOA_ATF 5 2012 SSBMedian 1.64495e+06
GOA_ATF 5 2012 SSBMean 1.70353e+06
GOA_ATF 5 2013 SSBF100 2.72963e+06
GOA_ATF 5 2013 SSBFabc 1.09185e+06
GOA_ATF 5 2013 SSBFofl 955371
GOA_ATF 5 2013 SSBLCI 1.47445e+06
GOA_ATF 5 2013 SSBUCI 2.40023e+06
GOA_ATF 5 2013 SSBMedian 1.76277e+06
GOA_ATF 5 2013 SSBMean 1.8323e+06
GOA_ATF 5 2014 SSBF100 2.72963e+06
GOA_ATF 5 2014 SSBFabc 1.09185e+06
GOA_ATF 5 2014 SSBFofl 955371
GOA_ATF 5 2014 SSBLCI 1.50332e+06
GOA_ATF 5 2014 SSBUCI 2.65062e+06
GOA_ATF 5 2014 SSBMedian 1.89525e+06
GOA_ATF 5 2014 SSBMean 1.96558e+06
GOA_ATF 5 2015 SSBF100 2.72963e+06
GOA_ATF 5 2015 SSBFabc 1.09185e+06
GOA_ATF 5 2015 SSBFofl 955371
GOA_ATF 5 2015 SSBLCI 1.49007e+06
GOA_ATF 5 2015 SSBUCI 2.85716e+06
GOA_ATF 5 2015 SSBMedian 1.97884e+06
GOA_ATF 5 2015 SSBMean 2.05078e+06
GOA_ATF 5 2016 SSBF100 2.72963e+06
GOA_ATF 5 2016 SSBFabc 1.09185e+06
GOA_ATF 5 2016 SSBFofl 955371
GOA_ATF 5 2016 SSBLCI 1.48229e+06
GOA_ATF 5 2016 SSBUCI 3.00933e+06
GOA_ATF 5 2016 SSBMedian 2.0697e+06
GOA_ATF 5 2016 SSBMean 2.12808e+06
GOA_ATF 5 2017 SSBF100 2.72963e+06
GOA_ATF 5 2017 SSBFabc 1.09185e+06
GOA_ATF 5 2017 SSBFofl 955371
GOA_ATF 5 2017 SSBLCI 1.49323e+06
GOA_ATF 5 2017 SSBUCI 3.15245e+06
GOA_ATF 5 2017 SSBMedian 2.12839e+06
GOA_ATF 5 2017 SSBMean 2.19848e+06
GOA_ATF 5 2018 SSBF100 2.72963e+06
GOA_ATF 5 2018 SSBFabc 1.09185e+06
GOA_ATF 5 2018 SSBFofl 955371
GOA_ATF 5 2018 SSBLCI 1.52075e+06
GOA_ATF 5 2018 SSBUCI 3.35916e+06
GOA_ATF 5 2018 SSBMedian 2.22222e+06
GOA_ATF 5 2018 SSBMean 2.30172e+06
GOA_ATF 5 2005 F0 0 
GOA_ATF 5 2005 Fabc 0.142168
GOA_ATF 5 2005 Fofl 0.167606
GOA_ATF 5 2005  F_LCI 0.0145922
GOA_ATF 5 2005  F_UCI 0.0145922
GOA_ATF 5 2005  F_Median 0.0145922
GOA_ATF 5 2005  F_Mean 0.0145922
GOA_ATF 5 2006 F0 0 
GOA_ATF 5 2006 Fabc 0.142168
GOA_ATF 5 2006 Fofl 0.167606
GOA_ATF 5 2006  F_LCI 0.0118498
GOA_ATF 5 2006  F_UCI 0.0120188
GOA_ATF 5 2006  F_Median 0.0119889
GOA_ATF 5 2006  F_Mean 0.0119697
GOA_ATF 5 2007 F0 0 
GOA_ATF 5 2007 Fabc 0.142168
GOA_ATF 5 2007 Fofl 0.167606
GOA_ATF 5 2007  F_LCI 0
GOA_ATF 5 2007  F_UCI 0
GOA_ATF 5 2007  F_Median 0
GOA_ATF 5 2007  F_Mean 0
GOA_ATF 5 2008 F0 0 
GOA_ATF 5 2008 Fabc 0.142168
GOA_ATF 5 2008 Fofl 0.167606
GOA_ATF 5 2008  F_LCI 0
GOA_ATF 5 2008  F_UCI 0
GOA_ATF 5 2008  F_Median 0
GOA_ATF 5 2008  F_Mean 0
GOA_ATF 5 2009 F0 0 
GOA_ATF 5 2009 Fabc 0.142168
GOA_ATF 5 2009 Fofl 0.167606
GOA_ATF 5 2009  F_LCI 0
GOA_ATF 5 2009  F_UCI 0
GOA_ATF 5 2009  F_Median 0
GOA_ATF 5 2009  F_Mean 0
GOA_ATF 5 2010 F0 0 
GOA_ATF 5 2010 Fabc 0.142168
GOA_ATF 5 2010 Fofl 0.167606
GOA_ATF 5 2010  F_LCI 0
GOA_ATF 5 2010  F_UCI 0
GOA_ATF 5 2010  F_Median 0
GOA_ATF 5 2010  F_Mean 0
GOA_ATF 5 2011 F0 0 
GOA_ATF 5 2011 Fabc 0.142168
GOA_ATF 5 2011 Fofl 0.167606
GOA_ATF 5 2011  F_LCI 0
GOA_ATF 5 2011  F_UCI 0
GOA_ATF 5 2011  F_Median 0
GOA_ATF 5 2011  F_Mean 0
GOA_ATF 5 2012 F0 0 
GOA_ATF 5 2012 Fabc 0.142168
GOA_ATF 5 2012 Fofl 0.167606
GOA_ATF 5 2012  F_LCI 0
GOA_ATF 5 2012  F_UCI 0
GOA_ATF 5 2012  F_Median 0
GOA_ATF 5 2012  F_Mean 0
GOA_ATF 5 2013 F0 0 
GOA_ATF 5 2013 Fabc 0.142168
GOA_ATF 5 2013 Fofl 0.167606
GOA_ATF 5 2013  F_LCI 0
GOA_ATF 5 2013  F_UCI 0
GOA_ATF 5 2013  F_Median 0
GOA_ATF 5 2013  F_Mean 0
GOA_ATF 5 2014 F0 0 
GOA_ATF 5 2014 Fabc 0.142168
GOA_ATF 5 2014 Fofl 0.167606
GOA_ATF 5 2014  F_LCI 0
GOA_ATF 5 2014  F_UCI 0
GOA_ATF 5 2014  F_Median 0
GOA_ATF 5 2014  F_Mean 0
GOA_ATF 5 2015 F0 0 
GOA_ATF 5 2015 Fabc 0.142168
GOA_ATF 5 2015 Fofl 0.167606
GOA_ATF 5 2015  F_LCI 0
GOA_ATF 5 2015  F_UCI 0
GOA_ATF 5 2015  F_Median 0
GOA_ATF 5 2015  F_Mean 0
GOA_ATF 5 2016 F0 0 
GOA_ATF 5 2016 Fabc 0.142168
GOA_ATF 5 2016 Fofl 0.167606
GOA_ATF 5 2016  F_LCI 0
GOA_ATF 5 2016  F_UCI 0
GOA_ATF 5 2016  F_Median 0
GOA_ATF 5 2016  F_Mean 0
GOA_ATF 5 2017 F0 0 
GOA_ATF 5 2017 Fabc 0.142168
GOA_ATF 5 2017 Fofl 0.167606
GOA_ATF 5 2017  F_LCI 0
GOA_ATF 5 2017  F_UCI 0
GOA_ATF 5 2017  F_Median 0
GOA_ATF 5 2017  F_Mean 0
GOA_ATF 5 2018 F0 0 
GOA_ATF 5 2018 Fabc 0.142168
GOA_ATF 5 2018 Fofl 0.167606
GOA_ATF 5 2018  F_LCI 0
GOA_ATF 5 2018  F_UCI 0
GOA_ATF 5 2018  F_Median 0
GOA_ATF 5 2018  F_Mean 0
GOA_ATF 6 2005 Cabc 176571
GOA_ATF 6 2005 Cofl 186749
GOA_ATF 6 2005 CLCI 18098
GOA_ATF 6 2005 CUCI 18098
GOA_ATF 6 2005 CMedian 18098
GOA_ATF 6 2005 CMean 18098
GOA_ATF 6 2005 CStdn 4.00178e-11
GOA_ATF 6 2006 Cabc 176571
GOA_ATF 6 2006 Cofl 186749
GOA_ATF 6 2006 CLCI 207325
GOA_ATF 6 2006 CUCI 210416
GOA_ATF 6 2006 CMedian 207867
GOA_ATF 6 2006 CMean 208226
GOA_ATF 6 2006 CStdn 1107.93
GOA_ATF 6 2007 Cabc 176571
GOA_ATF 6 2007 Cofl 186749
GOA_ATF 6 2007 CLCI 191583
GOA_ATF 6 2007 CUCI 201911
GOA_ATF 6 2007 CMedian 193854
GOA_ATF 6 2007 CMean 194919
GOA_ATF 6 2007 CStdn 3638.16
GOA_ATF 6 2008 Cabc 176571
GOA_ATF 6 2008 Cofl 186749
GOA_ATF 6 2008 CLCI 162412
GOA_ATF 6 2008 CUCI 189005
GOA_ATF 6 2008 CMedian 168366
GOA_ATF 6 2008 CMean 171083
GOA_ATF 6 2008 CStdn 9127.57
GOA_ATF 6 2009 Cabc 176571
GOA_ATF 6 2009 Cofl 186749
GOA_ATF 6 2009 CLCI 135668
GOA_ATF 6 2009 CUCI 189432
GOA_ATF 6 2009 CMedian 148210
GOA_ATF 6 2009 CMean 153437
GOA_ATF 6 2009 CStdn 18285.9
GOA_ATF 6 2010 Cabc 176571
GOA_ATF 6 2010 Cofl 186749
GOA_ATF 6 2010 CLCI 115565
GOA_ATF 6 2010 CUCI 209538
GOA_ATF 6 2010 CMedian 138722
GOA_ATF 6 2010 CMean 147663
GOA_ATF 6 2010 CStdn 31932.9
GOA_ATF 6 2011 Cabc 176571
GOA_ATF 6 2011 Cofl 186749
GOA_ATF 6 2011 CLCI 101078
GOA_ATF 6 2011 CUCI 243073
GOA_ATF 6 2011 CMedian 139321
GOA_ATF 6 2011 CMean 151489
GOA_ATF 6 2011 CStdn 46503
GOA_ATF 6 2012 Cabc 176571
GOA_ATF 6 2012 Cofl 186749
GOA_ATF 6 2012 CLCI 93268.9
GOA_ATF 6 2012 CUCI 259652
GOA_ATF 6 2012 CMedian 147234
GOA_ATF 6 2012 CMean 159403
GOA_ATF 6 2012 CStdn 56375.4
GOA_ATF 6 2013 Cabc 176571
GOA_ATF 6 2013 Cofl 186749
GOA_ATF 6 2013 CLCI 87173.2
GOA_ATF 6 2013 CUCI 274156
GOA_ATF 6 2013 CMedian 154468
GOA_ATF 6 2013 CMean 166572
GOA_ATF 6 2013 CStdn 62170.4
GOA_ATF 6 2014 Cabc 176571
GOA_ATF 6 2014 Cofl 186749
GOA_ATF 6 2014 CLCI 84193.3
GOA_ATF 6 2014 CUCI 286128
GOA_ATF 6 2014 CMedian 163057
GOA_ATF 6 2014 CMean 172668
GOA_ATF 6 2014 CStdn 64950.4
GOA_ATF 6 2015 Cabc 176571
GOA_ATF 6 2015 Cofl 186749
GOA_ATF 6 2015 CLCI 81552.7
GOA_ATF 6 2015 CUCI 290072
GOA_ATF 6 2015 CMedian 165977
GOA_ATF 6 2015 CMean 173754
GOA_ATF 6 2015 CStdn 67002.2
GOA_ATF 6 2016 Cabc 176571
GOA_ATF 6 2016 Cofl 186749
GOA_ATF 6 2016 CLCI 82510.3
GOA_ATF 6 2016 CUCI 293966
GOA_ATF 6 2016 CMedian 163042
GOA_ATF 6 2016 CMean 174453
GOA_ATF 6 2016 CStdn 67605.1
GOA_ATF 6 2017 Cabc 176571
GOA_ATF 6 2017 Cofl 186749
GOA_ATF 6 2017 CLCI 85664.3
GOA_ATF 6 2017 CUCI 295349
GOA_ATF 6 2017 CMedian 163825
GOA_ATF 6 2017 CMean 175324
GOA_ATF 6 2017 CStdn 67476.7
GOA_ATF 6 2018 Cabc 176571
GOA_ATF 6 2018 Cofl 186749
GOA_ATF 6 2018 CLCI 86699.9
GOA_ATF 6 2018 CUCI 300634
GOA_ATF 6 2018 CMedian 170280
GOA_ATF 6 2018 CMean 178772
GOA_ATF 6 2018 CStdn 67169.9
GOA_ATF 6 2005 SSBF100 2.72963e+06
GOA_ATF 6 2005 SSBFabc 1.09185e+06
GOA_ATF 6 2005 SSBFofl 955371
GOA_ATF 6 2005 SSBLCI 1.09568e+06
GOA_ATF 6 2005 SSBUCI 1.09568e+06
GOA_ATF 6 2005 SSBMedian 1.09568e+06
GOA_ATF 6 2005 SSBMean 1.09568e+06
GOA_ATF 6 2006 SSBF100 2.72963e+06
GOA_ATF 6 2006 SSBFabc 1.09185e+06
GOA_ATF 6 2006 SSBFofl 955371
GOA_ATF 6 2006 SSBLCI 1.1729e+06
GOA_ATF 6 2006 SSBUCI 1.17313e+06
GOA_ATF 6 2006 SSBMedian 1.17294e+06
GOA_ATF 6 2006 SSBMean 1.17296e+06
GOA_ATF 6 2007 SSBF100 2.72963e+06
GOA_ATF 6 2007 SSBFabc 1.09185e+06
GOA_ATF 6 2007 SSBFofl 955371
GOA_ATF 6 2007 SSBLCI 1.10212e+06
GOA_ATF 6 2007 SSBUCI 1.10348e+06
GOA_ATF 6 2007 SSBMedian 1.10238e+06
GOA_ATF 6 2007 SSBMean 1.10254e+06
GOA_ATF 6 2008 SSBF100 2.72963e+06
GOA_ATF 6 2008 SSBFabc 1.09185e+06
GOA_ATF 6 2008 SSBFofl 955371
GOA_ATF 6 2008 SSBLCI 1.02014e+06
GOA_ATF 6 2008 SSBUCI 1.02907e+06
GOA_ATF 6 2008 SSBMedian 1.02185e+06
GOA_ATF 6 2008 SSBMean 1.0229e+06
GOA_ATF 6 2009 SSBF100 2.72963e+06
GOA_ATF 6 2009 SSBFabc 1.09185e+06
GOA_ATF 6 2009 SSBFofl 955371
GOA_ATF 6 2009 SSBLCI 940472
GOA_ATF 6 2009 SSBUCI 985137
GOA_ATF 6 2009 SSBMedian 949430
GOA_ATF 6 2009 SSBMean 954543
GOA_ATF 6 2010 SSBF100 2.72963e+06
GOA_ATF 6 2010 SSBFabc 1.09185e+06
GOA_ATF 6 2010 SSBFofl 955371
GOA_ATF 6 2010 SSBLCI 868690
GOA_ATF 6 2010 SSBUCI 1.02277e+06
GOA_ATF 6 2010 SSBMedian 902186
GOA_ATF 6 2010 SSBMean 918506
GOA_ATF 6 2011 SSBF100 2.72963e+06
GOA_ATF 6 2011 SSBFabc 1.09185e+06
GOA_ATF 6 2011 SSBFofl 955371
GOA_ATF 6 2011 SSBLCI 806602
GOA_ATF 6 2011 SSBUCI 1.1351e+06
GOA_ATF 6 2011 SSBMedian 887763
GOA_ATF 6 2011 SSBMean 918214
GOA_ATF 6 2012 SSBF100 2.72963e+06
GOA_ATF 6 2012 SSBFabc 1.09185e+06
GOA_ATF 6 2012 SSBFofl 955371
GOA_ATF 6 2012 SSBLCI 764460
GOA_ATF 6 2012 SSBUCI 1.22659e+06
GOA_ATF 6 2012 SSBMedian 901694
GOA_ATF 6 2012 SSBMean 938428
GOA_ATF 6 2013 SSBF100 2.72963e+06
GOA_ATF 6 2013 SSBFabc 1.09185e+06
GOA_ATF 6 2013 SSBFofl 955371
GOA_ATF 6 2013 SSBLCI 740133
GOA_ATF 6 2013 SSBUCI 1.30559e+06
GOA_ATF 6 2013 SSBMedian 927015
GOA_ATF 6 2013 SSBMean 961751
GOA_ATF 6 2014 SSBF100 2.72963e+06
GOA_ATF 6 2014 SSBFabc 1.09185e+06
GOA_ATF 6 2014 SSBFofl 955371
GOA_ATF 6 2014 SSBLCI 722094
GOA_ATF 6 2014 SSBUCI 1.36189e+06
GOA_ATF 6 2014 SSBMedian 947776
GOA_ATF 6 2014 SSBMean 986653
GOA_ATF 6 2015 SSBF100 2.72963e+06
GOA_ATF 6 2015 SSBFabc 1.09185e+06
GOA_ATF 6 2015 SSBFofl 955371
GOA_ATF 6 2015 SSBLCI 698553
GOA_ATF 6 2015 SSBUCI 1.42208e+06
GOA_ATF 6 2015 SSBMedian 954340
GOA_ATF 6 2015 SSBMean 993649
GOA_ATF 6 2016 SSBF100 2.72963e+06
GOA_ATF 6 2016 SSBFabc 1.09185e+06
GOA_ATF 6 2016 SSBFofl 955371
GOA_ATF 6 2016 SSBLCI 687809
GOA_ATF 6 2016 SSBUCI 1.45386e+06
GOA_ATF 6 2016 SSBMedian 958956
GOA_ATF 6 2016 SSBMean 999549
GOA_ATF 6 2017 SSBF100 2.72963e+06
GOA_ATF 6 2017 SSBFabc 1.09185e+06
GOA_ATF 6 2017 SSBFofl 955371
GOA_ATF 6 2017 SSBLCI 700318
GOA_ATF 6 2017 SSBUCI 1.44919e+06
GOA_ATF 6 2017 SSBMedian 954319
GOA_ATF 6 2017 SSBMean 1.00505e+06
GOA_ATF 6 2018 SSBF100 2.72963e+06
GOA_ATF 6 2018 SSBFabc 1.09185e+06
GOA_ATF 6 2018 SSBFofl 955371
GOA_ATF 6 2018 SSBLCI 719905
GOA_ATF 6 2018 SSBUCI 1.49155e+06
GOA_ATF 6 2018 SSBMedian 972339
GOA_ATF 6 2018 SSBMean 1.02177e+06
GOA_ATF 6 2005 F0 0 
GOA_ATF 6 2005 Fabc 0.142168
GOA_ATF 6 2005 Fofl 0.167606
GOA_ATF 6 2005  F_LCI 0.0145922
GOA_ATF 6 2005  F_UCI 0.0145922
GOA_ATF 6 2005  F_Median 0.0145922
GOA_ATF 6 2005  F_Mean 0.0145922
GOA_ATF 6 2006 F0 0 
GOA_ATF 6 2006 Fabc 0.142168
GOA_ATF 6 2006 Fofl 0.167606
GOA_ATF 6 2006  F_LCI 0.167605
GOA_ATF 6 2006  F_UCI 0.167605
GOA_ATF 6 2006  F_Median 0.167605
GOA_ATF 6 2006  F_Mean 0.167605
GOA_ATF 6 2007 F0 0 
GOA_ATF 6 2007 Fabc 0.142168
GOA_ATF 6 2007 Fofl 0.167606
GOA_ATF 6 2007  F_LCI 0.167606
GOA_ATF 6 2007  F_UCI 0.167606
GOA_ATF 6 2007  F_Median 0.167606
GOA_ATF 6 2007  F_Mean 0.167606
GOA_ATF 6 2008 F0 0 
GOA_ATF 6 2008 Fabc 0.142168
GOA_ATF 6 2008 Fofl 0.167606
GOA_ATF 6 2008  F_LCI 0.156018
GOA_ATF 6 2008  F_UCI 0.157461
GOA_ATF 6 2008  F_Median 0.156294
GOA_ATF 6 2008  F_Mean 0.156464
GOA_ATF 6 2009 F0 0 
GOA_ATF 6 2009 Fabc 0.142168
GOA_ATF 6 2009 Fofl 0.167606
GOA_ATF 6 2009  F_LCI 0.143145
GOA_ATF 6 2009  F_UCI 0.150362
GOA_ATF 6 2009  F_Median 0.144592
GOA_ATF 6 2009  F_Mean 0.145418
GOA_ATF 6 2010 F0 0 
GOA_ATF 6 2010 Fabc 0.142168
GOA_ATF 6 2010 Fofl 0.167606
GOA_ATF 6 2010  F_LCI 0.131546
GOA_ATF 6 2010  F_UCI 0.156443
GOA_ATF 6 2010  F_Median 0.136958
GOA_ATF 6 2010  F_Mean 0.139424
GOA_ATF 6 2011 F0 0 
GOA_ATF 6 2011 Fabc 0.142168
GOA_ATF 6 2011 Fofl 0.167606
GOA_ATF 6 2011  F_LCI 0.121513
GOA_ATF 6 2011  F_UCI 0.167606
GOA_ATF 6 2011  F_Median 0.134628
GOA_ATF 6 2011  F_Mean 0.138142
GOA_ATF 6 2012 F0 0 
GOA_ATF 6 2012 Fabc 0.142168
GOA_ATF 6 2012 Fofl 0.167606
GOA_ATF 6 2012  F_LCI 0.114704
GOA_ATF 6 2012  F_UCI 0.167606
GOA_ATF 6 2012  F_Median 0.136879
GOA_ATF 6 2012  F_Mean 0.139405
GOA_ATF 6 2013 F0 0 
GOA_ATF 6 2013 Fabc 0.142168
GOA_ATF 6 2013 Fofl 0.167606
GOA_ATF 6 2013  F_LCI 0.110773
GOA_ATF 6 2013  F_UCI 0.167606
GOA_ATF 6 2013  F_Median 0.14097
GOA_ATF 6 2013  F_Mean 0.14121
GOA_ATF 6 2014 F0 0 
GOA_ATF 6 2014 Fabc 0.142168
GOA_ATF 6 2014 Fofl 0.167606
GOA_ATF 6 2014  F_LCI 0.107858
GOA_ATF 6 2014  F_UCI 0.167606
GOA_ATF 6 2014  F_Median 0.144325
GOA_ATF 6 2014  F_Mean 0.143214
GOA_ATF 6 2015 F0 0 
GOA_ATF 6 2015 Fabc 0.142168
GOA_ATF 6 2015 Fofl 0.167606
GOA_ATF 6 2015  F_LCI 0.104054
GOA_ATF 6 2015  F_UCI 0.167606
GOA_ATF 6 2015  F_Median 0.145386
GOA_ATF 6 2015  F_Mean 0.1431
GOA_ATF 6 2016 F0 0 
GOA_ATF 6 2016 Fabc 0.142168
GOA_ATF 6 2016 Fofl 0.167606
GOA_ATF 6 2016  F_LCI 0.102318
GOA_ATF 6 2016  F_UCI 0.167606
GOA_ATF 6 2016  F_Median 0.146131
GOA_ATF 6 2016  F_Mean 0.143173
GOA_ATF 6 2017 F0 0 
GOA_ATF 6 2017 Fabc 0.142168
GOA_ATF 6 2017 Fofl 0.167606
GOA_ATF 6 2017  F_LCI 0.104339
GOA_ATF 6 2017  F_UCI 0.167606
GOA_ATF 6 2017  F_Median 0.145382
GOA_ATF 6 2017  F_Mean 0.14358
GOA_ATF 6 2018 F0 0 
GOA_ATF 6 2018 Fabc 0.142168
GOA_ATF 6 2018 Fofl 0.167606
GOA_ATF 6 2018  F_LCI 0.107504
GOA_ATF 6 2018  F_UCI 0.167606
GOA_ATF 6 2018  F_Median 0.148294
GOA_ATF 6 2018  F_Mean 0.145246
GOA_ATF 7 2005 Cabc 176571
GOA_ATF 7 2005 Cofl 186749
GOA_ATF 7 2005 CLCI 18098
GOA_ATF 7 2005 CUCI 18098
GOA_ATF 7 2005 CMedian 18098
GOA_ATF 7 2005 CMean 18098
GOA_ATF 7 2005 CStdn 4.00178e-11
GOA_ATF 7 2006 Cabc 176571
GOA_ATF 7 2006 Cofl 186749
GOA_ATF 7 2006 CLCI 177545
GOA_ATF 7 2006 CUCI 180169
GOA_ATF 7 2006 CMedian 178005
GOA_ATF 7 2006 CMean 178309
GOA_ATF 7 2006 CStdn 940.314
GOA_ATF 7 2007 Cabc 176571
GOA_ATF 7 2007 Cofl 186749
GOA_ATF 7 2007 CLCI 167260
GOA_ATF 7 2007 CUCI 176042
GOA_ATF 7 2007 CMedian 169189
GOA_ATF 7 2007 CMean 170095
GOA_ATF 7 2007 CStdn 3093.24
GOA_ATF 7 2008 Cabc 176571
GOA_ATF 7 2008 Cofl 186749
GOA_ATF 7 2008 CLCI 175661
GOA_ATF 7 2008 CUCI 203473
GOA_ATF 7 2008 CMedian 181884
GOA_ATF 7 2008 CMean 184735
GOA_ATF 7 2008 CStdn 9549.2
GOA_ATF 7 2009 Cabc 176571
GOA_ATF 7 2009 Cofl 186749
GOA_ATF 7 2009 CLCI 144398
GOA_ATF 7 2009 CUCI 199995
GOA_ATF 7 2009 CMedian 157379
GOA_ATF 7 2009 CMean 162765
GOA_ATF 7 2009 CStdn 18780.3
GOA_ATF 7 2010 Cabc 176571
GOA_ATF 7 2010 Cofl 186749
GOA_ATF 7 2010 CLCI 121363
GOA_ATF 7 2010 CUCI 217439
GOA_ATF 7 2010 CMedian 145089
GOA_ATF 7 2010 CMean 154126
GOA_ATF 7 2010 CStdn 32259
GOA_ATF 7 2011 Cabc 176571
GOA_ATF 7 2011 Cofl 186749
GOA_ATF 7 2011 CLCI 104988
GOA_ATF 7 2011 CUCI 245641
GOA_ATF 7 2011 CMedian 143802
GOA_ATF 7 2011 CMean 155801
GOA_ATF 7 2011 CStdn 46279
GOA_ATF 7 2012 Cabc 176571
GOA_ATF 7 2012 Cofl 186749
GOA_ATF 7 2012 CLCI 95964.1
GOA_ATF 7 2012 CUCI 261510
GOA_ATF 7 2012 CMedian 150240
GOA_ATF 7 2012 CMean 162293
GOA_ATF 7 2012 CStdn 56136.2
GOA_ATF 7 2013 Cabc 176571
GOA_ATF 7 2013 Cofl 186749
GOA_ATF 7 2013 CLCI 88961.8
GOA_ATF 7 2013 CUCI 275537
GOA_ATF 7 2013 CMedian 156633
GOA_ATF 7 2013 CMean 168378
GOA_ATF 7 2013 CStdn 61884.4
GOA_ATF 7 2014 Cabc 176571
GOA_ATF 7 2014 Cofl 186749
GOA_ATF 7 2014 CLCI 85321.8
GOA_ATF 7 2014 CUCI 286335
GOA_ATF 7 2014 CMedian 164359
GOA_ATF 7 2014 CMean 173744
GOA_ATF 7 2014 CStdn 64725.1
GOA_ATF 7 2015 Cabc 176571
GOA_ATF 7 2015 Cofl 186749
GOA_ATF 7 2015 CLCI 82175.2
GOA_ATF 7 2015 CUCI 290424
GOA_ATF 7 2015 CMedian 166498
GOA_ATF 7 2015 CMean 174267
GOA_ATF 7 2015 CStdn 66857
GOA_ATF 7 2016 Cabc 176571
GOA_ATF 7 2016 Cofl 186749
GOA_ATF 7 2016 CLCI 82826.4
GOA_ATF 7 2016 CUCI 293896
GOA_ATF 7 2016 CMedian 163099
GOA_ATF 7 2016 CMean 174627
GOA_ATF 7 2016 CStdn 67525.2
GOA_ATF 7 2017 Cabc 176571
GOA_ATF 7 2017 Cofl 186749
GOA_ATF 7 2017 CLCI 85629.8
GOA_ATF 7 2017 CUCI 295589
GOA_ATF 7 2017 CMedian 163750
GOA_ATF 7 2017 CMean 175306
GOA_ATF 7 2017 CStdn 67444.5
GOA_ATF 7 2018 Cabc 176571
GOA_ATF 7 2018 Cofl 186749
GOA_ATF 7 2018 CLCI 86614.2
GOA_ATF 7 2018 CUCI 300517
GOA_ATF 7 2018 CMedian 170096
GOA_ATF 7 2018 CMean 178640
GOA_ATF 7 2018 CStdn 67172.6
GOA_ATF 7 2005 SSBF100 2.72963e+06
GOA_ATF 7 2005 SSBFabc 1.09185e+06
GOA_ATF 7 2005 SSBFofl 955371
GOA_ATF 7 2005 SSBLCI 1.09568e+06
GOA_ATF 7 2005 SSBUCI 1.09568e+06
GOA_ATF 7 2005 SSBMedian 1.09568e+06
GOA_ATF 7 2005 SSBMean 1.09568e+06
GOA_ATF 7 2006 SSBF100 2.72963e+06
GOA_ATF 7 2006 SSBFabc 1.09185e+06
GOA_ATF 7 2006 SSBFofl 955371
GOA_ATF 7 2006 SSBLCI 1.1729e+06
GOA_ATF 7 2006 SSBUCI 1.17313e+06
GOA_ATF 7 2006 SSBMedian 1.17294e+06
GOA_ATF 7 2006 SSBMean 1.17296e+06
GOA_ATF 7 2007 SSBF100 2.72963e+06
GOA_ATF 7 2007 SSBFabc 1.09185e+06
GOA_ATF 7 2007 SSBFofl 955371
GOA_ATF 7 2007 SSBLCI 1.12559e+06
GOA_ATF 7 2007 SSBUCI 1.12695e+06
GOA_ATF 7 2007 SSBMedian 1.12585e+06
GOA_ATF 7 2007 SSBMean 1.12601e+06
GOA_ATF 7 2008 SSBF100 2.72963e+06
GOA_ATF 7 2008 SSBFabc 1.09185e+06
GOA_ATF 7 2008 SSBFofl 955371
GOA_ATF 7 2008 SSBLCI 1.06342e+06
GOA_ATF 7 2008 SSBUCI 1.07239e+06
GOA_ATF 7 2008 SSBMedian 1.06514e+06
GOA_ATF 7 2008 SSBMean 1.06619e+06
GOA_ATF 7 2009 SSBF100 2.72963e+06
GOA_ATF 7 2009 SSBFabc 1.09185e+06
GOA_ATF 7 2009 SSBFofl 955371
GOA_ATF 7 2009 SSBLCI 972582
GOA_ATF 7 2009 SSBUCI 1.0173e+06
GOA_ATF 7 2009 SSBMedian 981547
GOA_ATF 7 2009 SSBMean 986666
GOA_ATF 7 2010 SSBF100 2.72963e+06
GOA_ATF 7 2010 SSBFabc 1.09185e+06
GOA_ATF 7 2010 SSBFofl 955371
GOA_ATF 7 2010 SSBLCI 892460
GOA_ATF 7 2010 SSBUCI 1.04633e+06
GOA_ATF 7 2010 SSBMedian 925909
GOA_ATF 7 2010 SSBMean 942213
GOA_ATF 7 2011 SSBF100 2.72963e+06
GOA_ATF 7 2011 SSBFabc 1.09185e+06
GOA_ATF 7 2011 SSBFofl 955371
GOA_ATF 7 2011 SSBLCI 824197
GOA_ATF 7 2011 SSBUCI 1.15132e+06
GOA_ATF 7 2011 SSBMedian 905018
GOA_ATF 7 2011 SSBMean 935442
GOA_ATF 7 2012 SSBF100 2.72963e+06
GOA_ATF 7 2012 SSBFabc 1.09185e+06
GOA_ATF 7 2012 SSBFofl 955371
GOA_ATF 7 2012 SSBLCI 777573
GOA_ATF 7 2012 SSBUCI 1.23858e+06
GOA_ATF 7 2012 SSBMedian 913931
GOA_ATF 7 2012 SSBMean 950702
GOA_ATF 7 2013 SSBF100 2.72963e+06
GOA_ATF 7 2013 SSBFabc 1.09185e+06
GOA_ATF 7 2013 SSBFofl 955371
GOA_ATF 7 2013 SSBLCI 749805
GOA_ATF 7 2013 SSBUCI 1.31376e+06
GOA_ATF 7 2013 SSBMedian 935021
GOA_ATF 7 2013 SSBMean 970107
GOA_ATF 7 2014 SSBF100 2.72963e+06
GOA_ATF 7 2014 SSBFabc 1.09185e+06
GOA_ATF 7 2014 SSBFofl 955371
GOA_ATF 7 2014 SSBLCI 728500
GOA_ATF 7 2014 SSBUCI 1.3697e+06
GOA_ATF 7 2014 SSBMedian 952224
GOA_ATF 7 2014 SSBMean 991989
GOA_ATF 7 2015 SSBF100 2.72963e+06
GOA_ATF 7 2015 SSBFabc 1.09185e+06
GOA_ATF 7 2015 SSBFofl 955371
GOA_ATF 7 2015 SSBLCI 702290
GOA_ATF 7 2015 SSBUCI 1.42603e+06
GOA_ATF 7 2015 SSBMedian 956867
GOA_ATF 7 2015 SSBMean 996524
GOA_ATF 7 2016 SSBF100 2.72963e+06
GOA_ATF 7 2016 SSBFabc 1.09185e+06
GOA_ATF 7 2016 SSBFofl 955371
GOA_ATF 7 2016 SSBLCI 689574
GOA_ATF 7 2016 SSBUCI 1.45435e+06
GOA_ATF 7 2016 SSBMedian 959372
GOA_ATF 7 2016 SSBMean 1.00079e+06
GOA_ATF 7 2017 SSBF100 2.72963e+06
GOA_ATF 7 2017 SSBFabc 1.09185e+06
GOA_ATF 7 2017 SSBFofl 955371
GOA_ATF 7 2017 SSBLCI 700676
GOA_ATF 7 2017 SSBUCI 1.44936e+06
GOA_ATF 7 2017 SSBMedian 954135
GOA_ATF 7 2017 SSBMean 1.00528e+06
GOA_ATF 7 2018 SSBF100 2.72963e+06
GOA_ATF 7 2018 SSBFabc 1.09185e+06
GOA_ATF 7 2018 SSBFofl 955371
GOA_ATF 7 2018 SSBLCI 719796
GOA_ATF 7 2018 SSBUCI 1.49088e+06
GOA_ATF 7 2018 SSBMedian 971628
GOA_ATF 7 2018 SSBMean 1.02138e+06
GOA_ATF 7 2005 F0 0 
GOA_ATF 7 2005 Fabc 0.142168
GOA_ATF 7 2005 Fofl 0.167606
GOA_ATF 7 2005  F_LCI 0.0145922
GOA_ATF 7 2005  F_UCI 0.0145922
GOA_ATF 7 2005  F_Median 0.0145922
GOA_ATF 7 2005  F_Mean 0.0145922
GOA_ATF 7 2006 F0 0 
GOA_ATF 7 2006 Fabc 0.142168
GOA_ATF 7 2006 Fofl 0.167606
GOA_ATF 7 2006  F_LCI 0.142168
GOA_ATF 7 2006  F_UCI 0.142168
GOA_ATF 7 2006  F_Median 0.142168
GOA_ATF 7 2006  F_Mean 0.142168
GOA_ATF 7 2007 F0 0 
GOA_ATF 7 2007 Fabc 0.142168
GOA_ATF 7 2007 Fofl 0.167606
GOA_ATF 7 2007  F_LCI 0.142168
GOA_ATF 7 2007  F_UCI 0.142168
GOA_ATF 7 2007  F_Median 0.142168
GOA_ATF 7 2007  F_Mean 0.142168
GOA_ATF 7 2008 F0 0 
GOA_ATF 7 2008 Fabc 0.142168
GOA_ATF 7 2008 Fofl 0.167606
GOA_ATF 7 2008  F_LCI 0.163012
GOA_ATF 7 2008  F_UCI 0.16446
GOA_ATF 7 2008  F_Median 0.163289
GOA_ATF 7 2008  F_Mean 0.163459
GOA_ATF 7 2009 F0 0 
GOA_ATF 7 2009 Fabc 0.142168
GOA_ATF 7 2009 Fofl 0.167606
GOA_ATF 7 2009  F_LCI 0.148333
GOA_ATF 7 2009  F_UCI 0.155559
GOA_ATF 7 2009  F_Median 0.149782
GOA_ATF 7 2009  F_Mean 0.150599
GOA_ATF 7 2010 F0 0 
GOA_ATF 7 2010 Fabc 0.142168
GOA_ATF 7 2010 Fofl 0.167606
GOA_ATF 7 2010  F_LCI 0.135387
GOA_ATF 7 2010  F_UCI 0.16025
GOA_ATF 7 2010  F_Median 0.140792
GOA_ATF 7 2010  F_Mean 0.143194
GOA_ATF 7 2011 F0 0 
GOA_ATF 7 2011 Fabc 0.142168
GOA_ATF 7 2011 Fofl 0.167606
GOA_ATF 7 2011  F_LCI 0.124357
GOA_ATF 7 2011  F_UCI 0.167606
GOA_ATF 7 2011  F_Median 0.137416
GOA_ATF 7 2011  F_Mean 0.140705
GOA_ATF 7 2012 F0 0 
GOA_ATF 7 2012 Fabc 0.142168
GOA_ATF 7 2012 Fofl 0.167606
GOA_ATF 7 2012  F_LCI 0.116823
GOA_ATF 7 2012  F_UCI 0.167606
GOA_ATF 7 2012  F_Median 0.138856
GOA_ATF 7 2012  F_Mean 0.141132
GOA_ATF 7 2013 F0 0 
GOA_ATF 7 2013 Fabc 0.142168
GOA_ATF 7 2013 Fofl 0.167606
GOA_ATF 7 2013  F_LCI 0.112336
GOA_ATF 7 2013  F_UCI 0.167606
GOA_ATF 7 2013  F_Median 0.142264
GOA_ATF 7 2013  F_Mean 0.1423
GOA_ATF 7 2014 F0 0 
GOA_ATF 7 2014 Fabc 0.142168
GOA_ATF 7 2014 Fofl 0.167606
GOA_ATF 7 2014  F_LCI 0.108893
GOA_ATF 7 2014  F_UCI 0.167606
GOA_ATF 7 2014  F_Median 0.145044
GOA_ATF 7 2014  F_Mean 0.143878
GOA_ATF 7 2015 F0 0 
GOA_ATF 7 2015 Fabc 0.142168
GOA_ATF 7 2015 Fofl 0.167606
GOA_ATF 7 2015  F_LCI 0.104658
GOA_ATF 7 2015  F_UCI 0.167606
GOA_ATF 7 2015  F_Median 0.145794
GOA_ATF 7 2015  F_Mean 0.14344
GOA_ATF 7 2016 F0 0 
GOA_ATF 7 2016 Fabc 0.142168
GOA_ATF 7 2016 Fofl 0.167606
GOA_ATF 7 2016  F_LCI 0.102603
GOA_ATF 7 2016  F_UCI 0.167606
GOA_ATF 7 2016  F_Median 0.146199
GOA_ATF 7 2016  F_Mean 0.143312
GOA_ATF 7 2017 F0 0 
GOA_ATF 7 2017 Fabc 0.142168
GOA_ATF 7 2017 Fofl 0.167606
GOA_ATF 7 2017  F_LCI 0.104397
GOA_ATF 7 2017  F_UCI 0.167606
GOA_ATF 7 2017  F_Median 0.145353
GOA_ATF 7 2017  F_Mean 0.143604
GOA_ATF 7 2018 F0 0 
GOA_ATF 7 2018 Fabc 0.142168
GOA_ATF 7 2018 Fofl 0.167606
GOA_ATF 7 2018  F_LCI 0.107487
GOA_ATF 7 2018  F_UCI 0.167606
GOA_ATF 7 2018  F_Median 0.148179
GOA_ATF 7 2018  F_Mean 0.145199
