
SB0 SB40 SB35 MeanRec HarMeanRec Bnow
2.72963e+06 1.09185e+06 955371 501648 458584 1.09568e+06 
CV Recruit
1.08987 
Alternative 1 Alternative  Stock: GOA_ATF
Catch GOA_ATF
Year C0 Cabc Cofl LowCI_Catch Median_Catch Mean_Catch UpperCI_Catch Stdev_Catch 
2005  0 176571 186749 18098 18098 18098 18098 4.00178e-11 
2006  0 176571 186749 15770 15770 15770 15770 0.000148693 
2007  0 176571 186749 184516 186460 187373 193376 3117.82 
2008  0 176571 186749 169156 174407 176704 192294 7847.29 
2009  0 176571 186749 153126 164486 168555 197629 15152.4 
2010  0 176571 186749 127976 151074 158123 210800 27245 
2011  0 176571 186749 109749 146971 155713 226300 38954.4 
2012  0 176571 186749 99270.7 150877 158778 240889 47894 
2013  0 176571 186749 90719 155398 162271 252464 53144.5 
2014  0 176571 186749 86300.7 161636 165887 260564 56079.8 
2015  0 176571 186749 81986.3 162076 165663 267090 58491.8 
2016  0 176571 186749 81166.3 160802 165580 267041 59453.8 
2017  0 176571 186749 82944.2 160418 165959 269533 59567.4 
2018  0 176571 186749 84312.4 165495 168846 277338 59514.7 

Spawning_Biomass GOA_ATF
Year SSB100 SSBabc SSBofl LowCI_SSB Median_SSB Mean_SSB UpperCI_SSB Stdev_SSB 
2005 2.72963e+06 1.09185e+06 955371 1.09568e+06 1.09568e+06 1.09568e+06 1.09568e+06 1.04774e-08 
2006 2.72963e+06 1.09185e+06 955371 1.1729e+06 1.17294e+06 1.17296e+06 1.17313e+06 83.5294 
2007 2.72963e+06 1.09185e+06 955371 1.25393e+06 1.25422e+06 1.2544e+06 1.25547e+06 552.461 
2008 2.72963e+06 1.09185e+06 955371 1.17912e+06 1.18089e+06 1.18196e+06 1.1883e+06 3288.91 
2009 2.72963e+06 1.09185e+06 955371 1.09113e+06 1.1004e+06 1.10575e+06 1.13769e+06 16771.4 
2010 2.72963e+06 1.09185e+06 955371 999680 1.03497e+06 1.05204e+06 1.16166e+06 57221 
2011 2.72963e+06 1.09185e+06 955371 920553 1.00272e+06 1.03665e+06 1.26859e+06 119372 
2012 2.72963e+06 1.09185e+06 955371 864091 1.0047e+06 1.04638e+06 1.37328e+06 175835 
2013 2.72963e+06 1.09185e+06 955371 826884 1.01906e+06 1.06228e+06 1.43386e+06 214633 
2014 2.72963e+06 1.09185e+06 955371 798936 1.03442e+06 1.08257e+06 1.50766e+06 240647 
2015 2.72963e+06 1.09185e+06 955371 761512 1.03786e+06 1.0849e+06 1.56268e+06 260996 
2016 2.72963e+06 1.09185e+06 955371 746034 1.03727e+06 1.08826e+06 1.60981e+06 272559 
2017 2.72963e+06 1.09185e+06 955371 751906 1.03298e+06 1.09287e+06 1.58848e+06 276079 
2018 2.72963e+06 1.09185e+06 955371 768789 1.04915e+06 1.11162e+06 1.64053e+06 280363 

Fishing_mortalityGOA_ATF
Year F0 Fabc Fofl LowCI_F Median_F Mean_F UpperCI_F Stdev_F 
2005  0 0.142168 0.167606 0.0145922 0.0145922 0.0145922 0.0145922 2.30718e-16 
2006  0 0.142168 0.167606 0.0118498 0.0119889 0.0119697 0.0120188 5.96375e-05 
2007  0 0.142168 0.167606 0.142168 0.142168 0.142168 0.142168 1.60982e-15 
2008  0 0.142168 0.167606 0.142168 0.142168 0.142168 0.142168 1.60982e-15 
2009  0 0.142168 0.167606 0.142069 0.142168 0.142154 0.142168 5.99932e-05 
2010  0 0.142168 0.167606 0.129535 0.134372 0.135318 0.142168 0.00431786 
2011  0 0.142168 0.167606 0.11869 0.129952 0.130989 0.142168 0.00823493 
2012  0 0.142168 0.167606 0.110951 0.130223 0.12948 0.142168 0.0112319 
2013  0 0.142168 0.167606 0.105851 0.132191 0.129029 0.142168 0.0131467 
2014  0 0.142168 0.167606 0.102021 0.134297 0.129339 0.142168 0.014225 
2015  0 0.142168 0.167606 0.0968915 0.134768 0.128427 0.142168 0.0157544 
2016  0 0.142168 0.167606 0.09477 0.134687 0.127931 0.142168 0.0164082 
2017  0 0.142168 0.167606 0.0955748 0.1341 0.127893 0.142168 0.0164657 
2018  0 0.142168 0.167606 0.0978889 0.136315 0.128866 0.142168 0.0160197 

Total_BiomassGOA_ATF
Year B100 Babc Bofl LowCI_Biom Median_Biom Mean_Biom UpperCI_Biom Stdev_Biom 
2005 4.25727e+06 2.38117e+06 2.21486e+06 2.10969e+06 2.10969e+06 2.10969e+06 2.10969e+06 2.7474e-08 
2006 4.25727e+06 2.38117e+06 2.21486e+06 2.09076e+06 2.17042e+06 2.22307e+06 2.54497e+06 162802 
2007 4.25727e+06 2.38117e+06 2.21486e+06 2.08135e+06 2.27114e+06 2.34693e+06 2.85603e+06 272649 
2008 4.25727e+06 2.38117e+06 2.21486e+06 1.91522e+06 2.21709e+06 2.30165e+06 2.93454e+06 360257 
2009 4.25727e+06 2.38117e+06 2.21486e+06 1.78115e+06 2.19505e+06 2.28408e+06 3.08216e+06 444407 
2010 4.25727e+06 2.38117e+06 2.21486e+06 1.65536e+06 2.21381e+06 2.29973e+06 3.22075e+06 517423 
2011 4.25727e+06 2.38117e+06 2.21486e+06 1.58943e+06 2.23313e+06 2.31781e+06 3.35223e+06 569813 
2012 4.25727e+06 2.38117e+06 2.21486e+06 1.56956e+06 2.26205e+06 2.3522e+06 3.39528e+06 599807 
2013 4.25727e+06 2.38117e+06 2.21486e+06 1.5703e+06 2.27596e+06 2.37448e+06 3.48375e+06 614284 
2014 4.25727e+06 2.38117e+06 2.21486e+06 1.56994e+06 2.28596e+06 2.39571e+06 3.52001e+06 627696 
2015 4.25727e+06 2.38117e+06 2.21486e+06 1.55798e+06 2.27283e+06 2.39755e+06 3.60083e+06 640826 
2016 4.25727e+06 2.38117e+06 2.21486e+06 1.55724e+06 2.28806e+06 2.40261e+06 3.59405e+06 643764 
2017 4.25727e+06 2.38117e+06 2.21486e+06 1.55637e+06 2.29484e+06 2.40544e+06 3.61443e+06 654889 
2018 4.25727e+06 2.38117e+06 2.21486e+06 1.56619e+06 2.31545e+06 2.4264e+06 3.65481e+06 654932 
Alternative 2 Alternative  Stock: GOA_ATF
Catch GOA_ATF
Year C0 Cabc Cofl LowCI_Catch Median_Catch Mean_Catch UpperCI_Catch Stdev_Catch 
2005  0 176571 186749 18098 18098 18098 18098 4.00178e-11 
2006  0 176571 186749 15770 15770 15770 15770 0.000148693 
2007  0 176571 186749 1943.25 1943.25 1943.25 1943.25 0.000233505 
2008  0 176571 186749 1943.25 1943.25 1943.25 1943.25 2.77021e-05 
2009  0 176571 186749 1943.25 1943.25 1943.25 1943.25 0.000175794 
2010  0 176571 186749 1943.25 1943.25 1943.25 1943.25 0.000448026 
2011  0 176571 186749 1943.25 1943.25 1943.25 1943.25 0.000488964 
2012  0 176571 186749 1943.25 1943.25 1943.25 1943.25 0.000511395 
2013  0 176571 186749 1943.25 1943.25 1943.25 1943.25 0.000500382 
2014  0 176571 186749 1943.25 1943.25 1943.25 1943.25 0.000498001 
2015  0 176571 186749 1943.25 1943.25 1943.25 1943.25 0.000497524 
2016  0 176571 186749 1943.25 1943.25 1943.25 1943.25 0.000504688 
2017  0 176571 186749 1943.25 1943.25 1943.25 1943.25 0.00051306 
2018  0 176571 186749 1943.25 1943.25 1943.25 1943.25 0.000489199 

Spawning_Biomass GOA_ATF
Year SSB100 SSBabc SSBofl LowCI_SSB Median_SSB Mean_SSB UpperCI_SSB Stdev_SSB 
2005 2.72963e+06 1.09185e+06 955371 1.09568e+06 1.09568e+06 1.09568e+06 1.09568e+06 1.04774e-08 
2006 2.72963e+06 1.09185e+06 955371 1.1729e+06 1.17294e+06 1.17296e+06 1.17313e+06 83.5294 
2007 2.72963e+06 1.09185e+06 955371 1.25393e+06 1.25422e+06 1.2544e+06 1.25547e+06 552.461 
2008 2.72963e+06 1.09185e+06 955371 1.32835e+06 1.33016e+06 1.33125e+06 1.33776e+06 3370.38 
2009 2.72963e+06 1.09185e+06 955371 1.38065e+06 1.39034e+06 1.39607e+06 1.42991e+06 17713.4 
2010 2.72963e+06 1.09185e+06 955371 1.41342e+06 1.45288e+06 1.47163e+06 1.59387e+06 63833.9 
2011 2.72963e+06 1.09185e+06 955371 1.42938e+06 1.52964e+06 1.57269e+06 1.86149e+06 146759 
2012 2.72963e+06 1.09185e+06 955371 1.44651e+06 1.6374e+06 1.69581e+06 2.14699e+06 238900 
2013 2.72963e+06 1.09185e+06 955371 1.46525e+06 1.75362e+06 1.82315e+06 2.39137e+06 320515 
2014 2.72963e+06 1.09185e+06 955371 1.49276e+06 1.88482e+06 1.95506e+06 2.63964e+06 389294 
2015 2.72963e+06 1.09185e+06 955371 1.47892e+06 1.96753e+06 2.03936e+06 2.84555e+06 448608 
2016 2.72963e+06 1.09185e+06 955371 1.47065e+06 2.05756e+06 2.11589e+06 2.99694e+06 496650 
2017 2.72963e+06 1.09185e+06 955371 1.48085e+06 2.11546e+06 2.18565e+06 3.13912e+06 532412 
2018 2.72963e+06 1.09185e+06 955371 1.50777e+06 2.20791e+06 2.28809e+06 3.34426e+06 584492 

Fishing_mortalityGOA_ATF
Year F0 Fabc Fofl LowCI_F Median_F Mean_F UpperCI_F Stdev_F 
2005  0 0.142168 0.167606 0.0145922 0.0145922 0.0145922 0.0145922 2.30718e-16 
2006  0 0.142168 0.167606 0.0118498 0.0119889 0.0119697 0.0120188 5.96375e-05 
2007  0 0.142168 0.167606 0.00135501 0.00140313 0.00139697 0.00141707 2.13391e-05 
2008  0 0.142168 0.167606 0.00123565 0.0013472 0.00133371 0.00138352 4.79263e-05 
2009  0 0.142168 0.167606 0.00111054 0.00129869 0.00127844 0.00137589 8.39812e-05 
2010  0 0.142168 0.167606 0.000981109 0.00123781 0.00121668 0.00137378 0.000121381 
2011  0 0.142168 0.167606 0.000856893 0.00116538 0.00114782 0.00137115 0.000157067 
2012  0 0.142168 0.167606 0.000765797 0.0010849 0.00107737 0.0013516 0.000181434 
2013  0 0.142168 0.167606 0.000703004 0.00101815 0.00101805 0.00134166 0.000194685 
2014  0 0.142168 0.167606 0.000656422 0.000950644 0.000966679 0.00131341 0.000200026 
2015  0 0.142168 0.167606 0.000623507 0.000920818 0.000940392 0.00131237 0.000207398 
2016  0 0.142168 0.167606 0.000597104 0.000900083 0.000917944 0.00129071 0.000211032 
2017  0 0.142168 0.167606 0.000586277 0.000880609 0.000898094 0.00127017 0.000211693 
2018  0 0.142168 0.167606 0.000561277 0.000847376 0.000870281 0.00124239 0.000212354 

Total_BiomassGOA_ATF
Year B100 Babc Bofl LowCI_Biom Median_Biom Mean_Biom UpperCI_Biom Stdev_Biom 
2005 4.25727e+06 2.38117e+06 2.21486e+06 2.10969e+06 2.10969e+06 2.10969e+06 2.10969e+06 2.7474e-08 
2006 4.25727e+06 2.38117e+06 2.21486e+06 2.09076e+06 2.17042e+06 2.22307e+06 2.54497e+06 162802 
2007 4.25727e+06 2.38117e+06 2.21486e+06 2.08135e+06 2.27114e+06 2.34693e+06 2.85603e+06 272649 
2008 4.25727e+06 2.38117e+06 2.21486e+06 2.10904e+06 2.41429e+06 2.49865e+06 3.13582e+06 363671 
2009 4.25727e+06 2.38117e+06 2.21486e+06 2.14267e+06 2.56766e+06 2.65684e+06 3.4918e+06 455757 
2010 4.25727e+06 2.38117e+06 2.21486e+06 2.16099e+06 2.7474e+06 2.83111e+06 3.76973e+06 542569 
2011 4.25727e+06 2.38117e+06 2.21486e+06 2.20052e+06 2.89924e+06 2.98835e+06 4.08005e+06 617512 
2012 4.25727e+06 2.38117e+06 2.21486e+06 2.28108e+06 3.08328e+06 3.15262e+06 4.39656e+06 676153 
2013 4.25727e+06 2.38117e+06 2.21486e+06 2.34437e+06 3.20052e+06 3.29861e+06 4.54701e+06 722958 
2014 4.25727e+06 2.38117e+06 2.21486e+06 2.38998e+06 3.3281e+06 3.44132e+06 4.78088e+06 769778 
2015 4.25727e+06 2.38117e+06 2.21486e+06 2.41851e+06 3.41291e+06 3.53155e+06 4.98126e+06 811588 
2016 4.25727e+06 2.38117e+06 2.21486e+06 2.45433e+06 3.51349e+06 3.61465e+06 5.099e+06 844559 
2017 4.25727e+06 2.38117e+06 2.21486e+06 2.51237e+06 3.57766e+06 3.68649e+06 5.28163e+06 881451 
2018 4.25727e+06 2.38117e+06 2.21486e+06 2.54749e+06 3.70886e+06 3.79601e+06 5.42141e+06 920373 
Alternative 3 Alternative  Stock: GOA_ATF
Catch GOA_ATF
Year C0 Cabc Cofl LowCI_Catch Median_Catch Mean_Catch UpperCI_Catch Stdev_Catch 
2005  0 176571 186749 18098 18098 18098 18098 4.00178e-11 
2006  0 176571 186749 15770 15770 15770 15770 0.000148693 
2007  0 176571 186749 16385.1 16550.2 16627.8 17138.3 264.947 
2008  0 176571 186749 16643.6 17095.6 17296.2 18647 680.522 
2009  0 176571 186749 16599.6 17602.1 17975.5 20603.1 1357.94 
2010  0 176571 186749 16499.8 18348.5 18895.6 23214 2244.41 
2011  0 176571 186749 16387.8 19372.8 20128.5 26359.7 3329.19 
2012  0 176571 186749 16544.7 20710.3 21570.3 29364.4 4352.05 
2013  0 176571 186749 16567.3 21945.8 22910.4 32026.7 5114.44 
2014  0 176571 186749 16812.7 23440.8 24157.5 34027.8 5663.87 
2015  0 176571 186749 16818.3 24032.3 24871.2 35565.9 6073.59 
2016  0 176571 186749 17042.4 24534.5 25488.1 37105.4 6369.42 
2017  0 176571 186749 17274.8 25086.7 26034.7 37836.9 6580.16 
2018  0 176571 186749 17592.9 26039.8 26874.6 39491.5 6900.86 

Spawning_Biomass GOA_ATF
Year SSB100 SSBabc SSBofl LowCI_SSB Median_SSB Mean_SSB UpperCI_SSB Stdev_SSB 
2005 2.72963e+06 1.09185e+06 955371 1.09568e+06 1.09568e+06 1.09568e+06 1.09568e+06 1.04774e-08 
2006 2.72963e+06 1.09185e+06 955371 1.1729e+06 1.17294e+06 1.17296e+06 1.17313e+06 83.5294 
2007 2.72963e+06 1.09185e+06 955371 1.25393e+06 1.25422e+06 1.2544e+06 1.25547e+06 552.461 
2008 2.72963e+06 1.09185e+06 955371 1.31648e+06 1.31827e+06 1.31936e+06 1.32582e+06 3342.34 
2009 2.72963e+06 1.09185e+06 955371 1.35633e+06 1.36592e+06 1.37162e+06 1.40518e+06 17567.1 
2010 2.72963e+06 1.09185e+06 955371 1.37681e+06 1.41587e+06 1.43439e+06 1.55521e+06 63137 
2011 2.72963e+06 1.09185e+06 955371 1.38125e+06 1.47973e+06 1.52227e+06 1.80635e+06 144381 
2012 2.72963e+06 1.09185e+06 955371 1.38738e+06 1.57484e+06 1.63135e+06 2.07005e+06 233420 
2013 2.72963e+06 1.09185e+06 955371 1.39649e+06 1.67707e+06 1.74392e+06 2.29617e+06 310934 
2014 2.72963e+06 1.09185e+06 955371 1.413e+06 1.79206e+06 1.86026e+06 2.51843e+06 375218 
2015 2.72963e+06 1.09185e+06 955371 1.39228e+06 1.86548e+06 1.9319e+06 2.69476e+06 430046 
2016 2.72963e+06 1.09185e+06 955371 1.38277e+06 1.94061e+06 1.99655e+06 2.83798e+06 473678 
2017 2.72963e+06 1.09185e+06 955371 1.38357e+06 1.98833e+06 2.05524e+06 2.96498e+06 505262 
2018 2.72963e+06 1.09185e+06 955371 1.40649e+06 2.06474e+06 2.14426e+06 3.13956e+06 550707 

Fishing_mortalityGOA_ATF
Year F0 Fabc Fofl LowCI_F Median_F Mean_F UpperCI_F Stdev_F 
2005  0 0.142168 0.167606 0.0145922 0.0145922 0.0145922 0.0145922 2.30718e-16 
2006  0 0.142168 0.167606 0.0118498 0.0119889 0.0119697 0.0120188 5.96375e-05 
2007  0 0.142168 0.167606 0.012 0.012 0.012 0.012 1.04083e-17 
2008  0 0.142168 0.167606 0.012 0.012 0.012 0.012 1.04083e-17 
2009  0 0.142168 0.167606 0.012 0.012 0.012 0.012 1.04083e-17 
2010  0 0.142168 0.167606 0.012 0.012 0.012 0.012 1.04083e-17 
2011  0 0.142168 0.167606 0.012 0.012 0.012 0.012 1.04083e-17 
2012  0 0.142168 0.167606 0.012 0.012 0.012 0.012 1.04083e-17 
2013  0 0.142168 0.167606 0.012 0.012 0.012 0.012 1.04083e-17 
2014  0 0.142168 0.167606 0.012 0.012 0.012 0.012 1.04083e-17 
2015  0 0.142168 0.167606 0.012 0.012 0.012 0.012 1.04083e-17 
2016  0 0.142168 0.167606 0.012 0.012 0.012 0.012 1.04083e-17 
2017  0 0.142168 0.167606 0.012 0.012 0.012 0.012 1.04083e-17 
2018  0 0.142168 0.167606 0.012 0.012 0.012 0.012 1.04083e-17 

Total_BiomassGOA_ATF
Year B100 Babc Bofl LowCI_Biom Median_Biom Mean_Biom UpperCI_Biom Stdev_Biom 
2005 4.25727e+06 2.38117e+06 2.21486e+06 2.10969e+06 2.10969e+06 2.10969e+06 2.10969e+06 2.7474e-08 
2006 4.25727e+06 2.38117e+06 2.21486e+06 2.09076e+06 2.17042e+06 2.22307e+06 2.54497e+06 162802 
2007 4.25727e+06 2.38117e+06 2.21486e+06 2.08135e+06 2.27114e+06 2.34693e+06 2.85603e+06 272649 
2008 4.25727e+06 2.38117e+06 2.21486e+06 2.09368e+06 2.39873e+06 2.48302e+06 3.11925e+06 363387 
2009 4.25727e+06 2.38117e+06 2.21486e+06 2.11278e+06 2.536e+06 2.62569e+06 3.4585e+06 454796 
2010 4.25727e+06 2.38117e+06 2.21486e+06 2.11659e+06 2.70315e+06 2.78451e+06 3.7121e+06 540375 
2011 4.25727e+06 2.38117e+06 2.21486e+06 2.14226e+06 2.83622e+06 2.92617e+06 4.0153e+06 613360 
2012 4.25727e+06 2.38117e+06 2.21486e+06 2.20808e+06 2.99845e+06 3.07437e+06 4.30284e+06 669298 
2013 4.25727e+06 2.38117e+06 2.21486e+06 2.26079e+06 3.10761e+06 3.20391e+06 4.44101e+06 712728 
2014 4.25727e+06 2.38117e+06 2.21486e+06 2.30007e+06 3.22441e+06 3.32961e+06 4.65362e+06 755761 
2015 4.25727e+06 2.38117e+06 2.21486e+06 2.32147e+06 3.2931e+06 3.40618e+06 4.84166e+06 793895 
2016 4.25727e+06 2.38117e+06 2.21486e+06 2.35828e+06 3.37227e+06 3.47654e+06 4.89948e+06 822952 
2017 4.25727e+06 2.38117e+06 2.21486e+06 2.40407e+06 3.42924e+06 3.5366e+06 5.07181e+06 856238 
2018 4.25727e+06 2.38117e+06 2.21486e+06 2.43004e+06 3.54646e+06 3.63189e+06 5.21412e+06 889345 
Alternative 4 Alternative  Stock: GOA_ATF
Catch GOA_ATF
Year C0 Cabc Cofl LowCI_Catch Median_Catch Mean_Catch UpperCI_Catch Stdev_Catch 
2005  0 176571 186749 18098 18098 18098 18098 4.00178e-11 
2006  0 176571 186749 15770 15770 15770 15770 0.000148693 
2007  0 176571 186749 97234.1 98234.5 98704.7 101797 1605.2 
2008  0 176571 186749 94119.8 96845.9 98045.6 106179 4083.93 
2009  0 176571 186749 89687.9 95624.4 97829.7 113201 8020.25 
2010  0 176571 186749 85532.9 96278.5 99386.2 124667 12957.2 
2011  0 176571 186749 81907.5 98801.3 102901 137460 18639.9 
2012  0 176571 186749 79898.4 103142 107521 148185 23600.9 
2013  0 176571 186749 77675 106848 111609 159876 26985.1 
2014  0 176571 186749 77124.8 111349 115223 167624 29223.4 
2015  0 176571 186749 75961.7 112496 116689 171641 30765.3 
2016  0 176571 186749 76303.5 112868 117868 173529 31682.7 
2017  0 176571 186749 76736.6 114161 118911 177846 32214.6 
2018  0 176571 186749 77263.7 116601 121177 183982 33053.3 

Spawning_Biomass GOA_ATF
Year SSB100 SSBabc SSBofl LowCI_SSB Median_SSB Mean_SSB UpperCI_SSB Stdev_SSB 
2005 2.72963e+06 1.09185e+06 955371 1.09568e+06 1.09568e+06 1.09568e+06 1.09568e+06 1.04774e-08 
2006 2.72963e+06 1.09185e+06 955371 1.1729e+06 1.17294e+06 1.17296e+06 1.17313e+06 83.5294 
2007 2.72963e+06 1.09185e+06 955371 1.25393e+06 1.25422e+06 1.2544e+06 1.25547e+06 552.461 
2008 2.72963e+06 1.09185e+06 955371 1.25026e+06 1.25204e+06 1.25311e+06 1.25952e+06 3317.15 
2009 2.72963e+06 1.09185e+06 955371 1.2248e+06 1.23422e+06 1.23977e+06 1.27256e+06 17189.7 
2010 2.72963e+06 1.09185e+06 955371 1.18471e+06 1.22199e+06 1.23979e+06 1.35464e+06 60297.4 
2011 2.72963e+06 1.09185e+06 955371 1.1357e+06 1.22828e+06 1.2665e+06 1.52801e+06 133490 
2012 2.72963e+06 1.09185e+06 955371 1.09433e+06 1.26333e+06 1.31325e+06 1.70378e+06 208018 
2013 2.72963e+06 1.09185e+06 955371 1.06074e+06 1.30658e+06 1.36315e+06 1.82912e+06 267219 
2014 2.72963e+06 1.09185e+06 955371 1.03936e+06 1.35703e+06 1.41598e+06 1.97567e+06 312432 
2015 2.72963e+06 1.09185e+06 955371 990139 1.38679e+06 1.4395e+06 2.05105e+06 348935 
2016 2.72963e+06 1.09185e+06 955371 970065 1.40841e+06 1.46055e+06 2.12931e+06 375125 
2017 2.72963e+06 1.09185e+06 955371 966829 1.4209e+06 1.47996e+06 2.17181e+06 390924 
2018 2.72963e+06 1.09185e+06 955371 964466 1.45811e+06 1.5203e+06 2.24846e+06 412074 

Fishing_mortalityGOA_ATF
Year F0 Fabc Fofl LowCI_F Median_F Mean_F UpperCI_F Stdev_F 
2005  0 0.142168 0.167606 0.0145922 0.0145922 0.0145922 0.0145922 2.30718e-16 
2006  0 0.142168 0.167606 0.0118498 0.0119889 0.0119697 0.0120188 5.96375e-05 
2007  0 0.142168 0.167606 0.0729331 0.0729331 0.0729331 0.0729331 2.498e-16 
2008  0 0.142168 0.167606 0.0729331 0.0729331 0.0729331 0.0729331 2.498e-16 
2009  0 0.142168 0.167606 0.0729331 0.0729331 0.0729331 0.0729331 2.498e-16 
2010  0 0.142168 0.167606 0.0729331 0.0729331 0.0729331 0.0729331 2.498e-16 
2011  0 0.142168 0.167606 0.0729331 0.0729331 0.0729331 0.0729331 2.498e-16 
2012  0 0.142168 0.167606 0.0729331 0.0729331 0.0729331 0.0729331 2.498e-16 
2013  0 0.142168 0.167606 0.0729331 0.0729331 0.0729331 0.0729331 2.498e-16 
2014  0 0.142168 0.167606 0.0729331 0.0729331 0.0729331 0.0729331 2.498e-16 
2015  0 0.142168 0.167606 0.0729331 0.0729331 0.0729331 0.0729331 2.498e-16 
2016  0 0.142168 0.167606 0.0729331 0.0729331 0.0729331 0.0729331 2.498e-16 
2017  0 0.142168 0.167606 0.0729331 0.0729331 0.0729331 0.0729331 2.498e-16 
2018  0 0.142168 0.167606 0.0729331 0.0729331 0.0729331 0.0729331 2.498e-16 

Total_BiomassGOA_ATF
Year B100 Babc Bofl LowCI_Biom Median_Biom Mean_Biom UpperCI_Biom Stdev_Biom 
2005 4.25727e+06 2.38117e+06 2.21486e+06 2.10969e+06 2.10969e+06 2.10969e+06 2.10969e+06 2.7474e-08 
2006 4.25727e+06 2.38117e+06 2.21486e+06 2.09076e+06 2.17042e+06 2.22307e+06 2.54497e+06 162802 
2007 4.25727e+06 2.38117e+06 2.21486e+06 2.08135e+06 2.27114e+06 2.34693e+06 2.85603e+06 272649 
2008 4.25727e+06 2.38117e+06 2.21486e+06 2.00779e+06 2.31089e+06 2.39577e+06 3.02897e+06 361915 
2009 4.25727e+06 2.38117e+06 2.21486e+06 1.94979e+06 2.36699e+06 2.45704e+06 3.27254e+06 449868 
2010 4.25727e+06 2.38117e+06 2.21486e+06 1.88276e+06 2.4569e+06 2.53945e+06 3.46608e+06 529332 
2011 4.25727e+06 2.38117e+06 2.21486e+06 1.8466e+06 2.51404e+06 2.60817e+06 3.66577e+06 592955 
2012 4.25727e+06 2.38117e+06 2.21486e+06 1.85318e+06 2.60962e+06 2.68458e+06 3.81578e+06 636630 
2013 4.25727e+06 2.38117e+06 2.21486e+06 1.86149e+06 2.64831e+06 2.74411e+06 3.92251e+06 665579 
2014 4.25727e+06 2.38117e+06 2.21486e+06 1.862e+06 2.69061e+06 2.80039e+06 4.05936e+06 693165 
2015 4.25727e+06 2.38117e+06 2.21486e+06 1.87135e+06 2.71098e+06 2.82497e+06 4.14925e+06 717143 
2016 4.25727e+06 2.38117e+06 2.21486e+06 1.85362e+06 2.73499e+06 2.84863e+06 4.13464e+06 731480 
2017 4.25727e+06 2.38117e+06 2.21486e+06 1.88812e+06 2.76387e+06 2.8669e+06 4.25827e+06 751879 
2018 4.25727e+06 2.38117e+06 2.21486e+06 1.90182e+06 2.82581e+06 2.91058e+06 4.33562e+06 764913 
Alternative 5 Alternative  Stock: GOA_ATF
Catch GOA_ATF
Year C0 Cabc Cofl LowCI_Catch Median_Catch Mean_Catch UpperCI_Catch Stdev_Catch 
2005  0 176571 186749 18098 18098 18098 18098 4.00178e-11 
2006  0 176571 186749 15770 15770 15770 15770 0.000148693 
2007  0 176571 186749 0 0 0 0 0 
2008  0 176571 186749 0 0 0 0 0 
2009  0 176571 186749 0 0 0 0 0 
2010  0 176571 186749 0 0 0 0 0 
2011  0 176571 186749 0 0 0 0 0 
2012  0 176571 186749 0 0 0 0 0 
2013  0 176571 186749 0 0 0 0 0 
2014  0 176571 186749 0 0 0 0 0 
2015  0 176571 186749 0 0 0 0 0 
2016  0 176571 186749 0 0 0 0 0 
2017  0 176571 186749 0 0 0 0 0 
2018  0 176571 186749 0 0 0 0 0 

Spawning_Biomass GOA_ATF
Year SSB100 SSBabc SSBofl LowCI_SSB Median_SSB Mean_SSB UpperCI_SSB Stdev_SSB 
2005 2.72963e+06 1.09185e+06 955371 1.09568e+06 1.09568e+06 1.09568e+06 1.09568e+06 1.04774e-08 
2006 2.72963e+06 1.09185e+06 955371 1.1729e+06 1.17294e+06 1.17296e+06 1.17313e+06 83.5294 
2007 2.72963e+06 1.09185e+06 955371 1.25393e+06 1.25422e+06 1.2544e+06 1.25547e+06 552.461 
2008 2.72963e+06 1.09185e+06 955371 1.32994e+06 1.33173e+06 1.33282e+06 1.33929e+06 3347.34 
2009 2.72963e+06 1.09185e+06 955371 1.38389e+06 1.39352e+06 1.39925e+06 1.43296e+06 17642.5 
2010 2.72963e+06 1.09185e+06 955371 1.41828e+06 1.4576e+06 1.47636e+06 1.5984e+06 63712.6 
2011 2.72963e+06 1.09185e+06 955371 1.43576e+06 1.53588e+06 1.57893e+06 1.86756e+06 146637 
2012 2.72963e+06 1.09185e+06 955371 1.45443e+06 1.64495e+06 1.70353e+06 2.15483e+06 238831 
2013 2.72963e+06 1.09185e+06 955371 1.47445e+06 1.76277e+06 1.8323e+06 2.40023e+06 320520 
2014 2.72963e+06 1.09185e+06 955371 1.50332e+06 1.89525e+06 1.96558e+06 2.65062e+06 389365 
2015 2.72963e+06 1.09185e+06 955371 1.49007e+06 1.97884e+06 2.05078e+06 2.85716e+06 448765 
2016 2.72963e+06 1.09185e+06 955371 1.48229e+06 2.0697e+06 2.12808e+06 3.00933e+06 496892 
2017 2.72963e+06 1.09185e+06 955371 1.49323e+06 2.12839e+06 2.19848e+06 3.15245e+06 532728 
2018 2.72963e+06 1.09185e+06 955371 1.52075e+06 2.22222e+06 2.30172e+06 3.35916e+06 585037 

Fishing_mortalityGOA_ATF
Year F0 Fabc Fofl LowCI_F Median_F Mean_F UpperCI_F Stdev_F 
2005  0 0.142168 0.167606 0.0145922 0.0145922 0.0145922 0.0145922 2.30718e-16 
2006  0 0.142168 0.167606 0.0118498 0.0119889 0.0119697 0.0120188 5.96375e-05 
2007  0 0.142168 0.167606 0 0 0 0 0 
2008  0 0.142168 0.167606 0 0 0 0 0 
2009  0 0.142168 0.167606 0 0 0 0 0 
2010  0 0.142168 0.167606 0 0 0 0 0 
2011  0 0.142168 0.167606 0 0 0 0 0 
2012  0 0.142168 0.167606 0 0 0 0 0 
2013  0 0.142168 0.167606 0 0 0 0 0 
2014  0 0.142168 0.167606 0 0 0 0 0 
2015  0 0.142168 0.167606 0 0 0 0 0 
2016  0 0.142168 0.167606 0 0 0 0 0 
2017  0 0.142168 0.167606 0 0 0 0 0 
2018  0 0.142168 0.167606 0 0 0 0 0 

Total_BiomassGOA_ATF
Year B100 Babc Bofl LowCI_Biom Median_Biom Mean_Biom UpperCI_Biom Stdev_Biom 
2005 4.25727e+06 2.38117e+06 2.21486e+06 2.10969e+06 2.10969e+06 2.10969e+06 2.10969e+06 2.7474e-08 
2006 4.25727e+06 2.38117e+06 2.21486e+06 2.09076e+06 2.17042e+06 2.22307e+06 2.54497e+06 162802 
2007 4.25727e+06 2.38117e+06 2.21486e+06 2.08135e+06 2.27114e+06 2.34693e+06 2.85603e+06 272649 
2008 4.25727e+06 2.38117e+06 2.21486e+06 2.1111e+06 2.41636e+06 2.50072e+06 3.13791e+06 363678 
2009 4.25727e+06 2.38117e+06 2.21486e+06 2.14666e+06 2.5717e+06 2.66086e+06 3.49587e+06 455780 
2010 4.25727e+06 2.38117e+06 2.21486e+06 2.16682e+06 2.75323e+06 2.837e+06 3.7758e+06 542616 
2011 4.25727e+06 2.38117e+06 2.21486e+06 2.20802e+06 2.90689e+06 2.99598e+06 4.08776e+06 617590 
2012 4.25727e+06 2.38117e+06 2.21486e+06 2.29026e+06 3.09262e+06 3.1619e+06 4.40608e+06 676266 
2013 4.25727e+06 2.38117e+06 2.21486e+06 2.35487e+06 3.2114e+06 3.30941e+06 4.55803e+06 723108 
2014 4.25727e+06 2.38117e+06 2.21486e+06 2.40189e+06 3.34013e+06 3.45355e+06 4.79339e+06 769962 
2015 4.25727e+06 2.38117e+06 2.21486e+06 2.43121e+06 3.42604e+06 3.54471e+06 4.99468e+06 811825 
2016 4.25727e+06 2.38117e+06 2.21486e+06 2.46785e+06 3.52792e+06 3.62857e+06 5.11401e+06 844848 
2017 4.25727e+06 2.38117e+06 2.21486e+06 2.52646e+06 3.59265e+06 3.70104e+06 5.29646e+06 881786 
2018 4.25727e+06 2.38117e+06 2.21486e+06 2.56145e+06 3.72426e+06 3.81137e+06 5.43727e+06 920863 
Alternative 6 Alternative  Stock: GOA_ATF
Catch GOA_ATF
Year C0 Cabc Cofl LowCI_Catch Median_Catch Mean_Catch UpperCI_Catch Stdev_Catch 
2005  0 176571 186749 18098 18098 18098 18098 4.00178e-11 
2006  0 176571 186749 207325 207867 208226 210416 1107.93 
2007  0 176571 186749 191583 193854 194919 201911 3638.16 
2008  0 176571 186749 162412 168366 171083 189005 9127.57 
2009  0 176571 186749 135668 148210 153437 189432 18285.9 
2010  0 176571 186749 115565 138722 147663 209538 31932.9 
2011  0 176571 186749 101078 139321 151489 243073 46503 
2012  0 176571 186749 93268.9 147234 159403 259652 56375.4 
2013  0 176571 186749 87173.2 154468 166572 274156 62170.4 
2014  0 176571 186749 84193.3 163057 172668 286128 64950.4 
2015  0 176571 186749 81552.7 165977 173754 290072 67002.2 
2016  0 176571 186749 82510.3 163042 174453 293966 67605.1 
2017  0 176571 186749 85664.3 163825 175324 295349 67476.7 
2018  0 176571 186749 86699.9 170280 178772 300634 67169.9 

Spawning_Biomass GOA_ATF
Year SSB100 SSBabc SSBofl LowCI_SSB Median_SSB Mean_SSB UpperCI_SSB Stdev_SSB 
2005 2.72963e+06 1.09185e+06 955371 1.09568e+06 1.09568e+06 1.09568e+06 1.09568e+06 1.04774e-08 
2006 2.72963e+06 1.09185e+06 955371 1.1729e+06 1.17294e+06 1.17296e+06 1.17313e+06 83.5294 
2007 2.72963e+06 1.09185e+06 955371 1.10212e+06 1.10238e+06 1.10254e+06 1.10348e+06 488.223 
2008 2.72963e+06 1.09185e+06 955371 1.02014e+06 1.02185e+06 1.0229e+06 1.02907e+06 3204.18 
2009 2.72963e+06 1.09185e+06 955371 940472 949430 954543 985137 16096 
2010 2.72963e+06 1.09185e+06 955371 868690 902186 918506 1.02277e+06 53946 
2011 2.72963e+06 1.09185e+06 955371 806602 887763 918214 1.1351e+06 112147 
2012 2.72963e+06 1.09185e+06 955371 764460 901694 938428 1.22659e+06 163180 
2013 2.72963e+06 1.09185e+06 955371 740133 927015 961751 1.30559e+06 196667 
2014 2.72963e+06 1.09185e+06 955371 722094 947776 986653 1.36189e+06 217957 
2015 2.72963e+06 1.09185e+06 955371 698553 954340 993649 1.42208e+06 234643 
2016 2.72963e+06 1.09185e+06 955371 687809 958956 999549 1.45386e+06 243063 
2017 2.72963e+06 1.09185e+06 955371 700318 954319 1.00505e+06 1.44919e+06 244233 
2018 2.72963e+06 1.09185e+06 955371 719905 972339 1.02177e+06 1.49155e+06 245176 

Fishing_mortalityGOA_ATF
Year F0 Fabc Fofl LowCI_F Median_F Mean_F UpperCI_F Stdev_F 
2005  0 0.142168 0.167606 0.0145922 0.0145922 0.0145922 0.0145922 2.30718e-16 
2006  0 0.142168 0.167606 0.167605 0.167605 0.167605 0.167605 1.57355e-09 
2007  0 0.142168 0.167606 0.167606 0.167606 0.167606 0.167606 2.85882e-15 
2008  0 0.142168 0.167606 0.156018 0.156294 0.156464 0.157461 0.000517747 
2009  0 0.142168 0.167606 0.143145 0.144592 0.145418 0.150362 0.00260086 
2010  0 0.142168 0.167606 0.131546 0.136958 0.139424 0.156443 0.00782707 
2011  0 0.142168 0.167606 0.121513 0.134628 0.138142 0.167606 0.0136612 
2012  0 0.142168 0.167606 0.114704 0.136879 0.139405 0.167606 0.0174249 
2013  0 0.142168 0.167606 0.110773 0.14097 0.14121 0.167606 0.0196301 
2014  0 0.142168 0.167606 0.107858 0.144325 0.143214 0.167606 0.0205403 
2015  0 0.142168 0.167606 0.104054 0.145386 0.1431 0.167606 0.0217317 
2016  0 0.142168 0.167606 0.102318 0.146131 0.143173 0.167606 0.0221181 
2017  0 0.142168 0.167606 0.104339 0.145382 0.14358 0.167606 0.0220238 
2018  0 0.142168 0.167606 0.107504 0.148294 0.145246 0.167606 0.0215143 

Total_BiomassGOA_ATF
Year B100 Babc Bofl LowCI_Biom Median_Biom Mean_Biom UpperCI_Biom Stdev_Biom 
2005 4.25727e+06 2.38117e+06 2.21486e+06 2.10969e+06 2.10969e+06 2.10969e+06 2.10969e+06 2.7474e-08 
2006 4.25727e+06 2.38117e+06 2.21486e+06 2.09076e+06 2.17042e+06 2.22307e+06 2.54497e+06 162802 
2007 4.25727e+06 2.38117e+06 2.21486e+06 1.87843e+06 2.0672e+06 2.14268e+06 2.64749e+06 271451 
2008 4.25727e+06 2.38117e+06 2.21486e+06 1.71581e+06 2.01602e+06 2.10056e+06 2.73433e+06 358540 
2009 4.25727e+06 2.38117e+06 2.21486e+06 1.60184e+06 2.01196e+06 2.10084e+06 2.90085e+06 441646 
2010 4.25727e+06 2.38117e+06 2.21486e+06 1.50499e+06 2.05513e+06 2.14357e+06 3.0462e+06 512865 
2011 4.25727e+06 2.38117e+06 2.21486e+06 1.46051e+06 2.10432e+06 2.18253e+06 3.20301e+06 562885 
2012 4.25727e+06 2.38117e+06 2.21486e+06 1.45917e+06 2.14005e+06 2.22988e+06 3.24122e+06 589386 
2013 4.25727e+06 2.38117e+06 2.21486e+06 1.47378e+06 2.16691e+06 2.26003e+06 3.34876e+06 600389 
2014 4.25727e+06 2.38117e+06 2.21486e+06 1.4854e+06 2.17634e+06 2.28517e+06 3.40805e+06 610180 
2015 4.25727e+06 2.38117e+06 2.21486e+06 1.48039e+06 2.17722e+06 2.29076e+06 3.44046e+06 620662 
2016 4.25727e+06 2.38117e+06 2.21486e+06 1.48214e+06 2.18517e+06 2.29746e+06 3.44896e+06 620858 
2017 4.25727e+06 2.38117e+06 2.21486e+06 1.48393e+06 2.18313e+06 2.30039e+06 3.4649e+06 629945 
2018 4.25727e+06 2.38117e+06 2.21486e+06 1.49774e+06 2.20567e+06 2.31847e+06 3.5168e+06 627095 
Alternative 7 Alternative  Stock: GOA_ATF
Catch GOA_ATF
Year C0 Cabc Cofl LowCI_Catch Median_Catch Mean_Catch UpperCI_Catch Stdev_Catch 
2005  0 176571 186749 18098 18098 18098 18098 4.00178e-11 
2006  0 176571 186749 177545 178005 178309 180169 940.314 
2007  0 176571 186749 167260 169189 170095 176042 3093.24 
2008  0 176571 186749 175661 181884 184735 203473 9549.2 
2009  0 176571 186749 144398 157379 162765 199995 18780.3 
2010  0 176571 186749 121363 145089 154126 217439 32259 
2011  0 176571 186749 104988 143802 155801 245641 46279 
2012  0 176571 186749 95964.1 150240 162293 261510 56136.2 
2013  0 176571 186749 88961.8 156633 168378 275537 61884.4 
2014  0 176571 186749 85321.8 164359 173744 286335 64725.1 
2015  0 176571 186749 82175.2 166498 174267 290424 66857 
2016  0 176571 186749 82826.4 163099 174627 293896 67525.2 
2017  0 176571 186749 85629.8 163750 175306 295589 67444.5 
2018  0 176571 186749 86614.2 170096 178640 300517 67172.6 

Spawning_Biomass GOA_ATF
Year SSB100 SSBabc SSBofl LowCI_SSB Median_SSB Mean_SSB UpperCI_SSB Stdev_SSB 
2005 2.72963e+06 1.09185e+06 955371 1.09568e+06 1.09568e+06 1.09568e+06 1.09568e+06 1.04774e-08 
2006 2.72963e+06 1.09185e+06 955371 1.1729e+06 1.17294e+06 1.17296e+06 1.17313e+06 83.5294 
2007 2.72963e+06 1.09185e+06 955371 1.12559e+06 1.12585e+06 1.12601e+06 1.12695e+06 488.726 
2008 2.72963e+06 1.09185e+06 955371 1.06342e+06 1.06514e+06 1.06619e+06 1.07239e+06 3216.53 
2009 2.72963e+06 1.09185e+06 955371 972582 981547 986666 1.0173e+06 16117 
2010 2.72963e+06 1.09185e+06 955371 892460 925909 942213 1.04633e+06 53943.1 
2011 2.72963e+06 1.09185e+06 955371 824197 905018 935442 1.15132e+06 112037 
2012 2.72963e+06 1.09185e+06 955371 777573 913931 950702 1.23858e+06 163075 
2013 2.72963e+06 1.09185e+06 955371 749805 935021 970107 1.31376e+06 196538 
2014 2.72963e+06 1.09185e+06 955371 728500 952224 991989 1.3697e+06 217853 
2015 2.72963e+06 1.09185e+06 955371 702290 956867 996524 1.42603e+06 234573 
2016 2.72963e+06 1.09185e+06 955371 689574 959372 1.00079e+06 1.45435e+06 243018 
2017 2.72963e+06 1.09185e+06 955371 700676 954135 1.00528e+06 1.44936e+06 244203 
2018 2.72963e+06 1.09185e+06 955371 719796 971628 1.02138e+06 1.49088e+06 245178 

Fishing_mortalityGOA_ATF
Year F0 Fabc Fofl LowCI_F Median_F Mean_F UpperCI_F Stdev_F 
2005  0 0.142168 0.167606 0.0145922 0.0145922 0.0145922 0.0145922 2.30718e-16 
2006  0 0.142168 0.167606 0.142168 0.142168 0.142168 0.142168 8.78576e-10 
2007  0 0.142168 0.167606 0.142168 0.142168 0.142168 0.142168 1.60982e-15 
2008  0 0.142168 0.167606 0.163012 0.163289 0.163459 0.16446 0.000517168 
2009  0 0.142168 0.167606 0.148333 0.149782 0.150599 0.155559 0.00253445 
2010  0 0.142168 0.167606 0.135387 0.140792 0.143194 0.16025 0.00761635 
2011  0 0.142168 0.167606 0.124357 0.137416 0.140705 0.167606 0.0131531 
2012  0 0.142168 0.167606 0.116823 0.138856 0.141132 0.167606 0.0169558 
2013  0 0.142168 0.167606 0.112336 0.142264 0.1423 0.167606 0.0192138 
2014  0 0.142168 0.167606 0.108893 0.145044 0.143878 0.167606 0.0202466 
2015  0 0.142168 0.167606 0.104658 0.145794 0.14344 0.167606 0.0215499 
2016  0 0.142168 0.167606 0.102603 0.146199 0.143312 0.167606 0.0220259 
2017  0 0.142168 0.167606 0.104397 0.145353 0.143604 0.167606 0.0219965 
2018  0 0.142168 0.167606 0.107487 0.148179 0.145199 0.167606 0.021526 

Total_BiomassGOA_ATF
Year B100 Babc Bofl LowCI_Biom Median_Biom Mean_Biom UpperCI_Biom Stdev_Biom 
2005 4.25727e+06 2.38117e+06 2.21486e+06 2.10969e+06 2.10969e+06 2.10969e+06 2.10969e+06 2.7474e-08 
2006 4.25727e+06 2.38117e+06 2.21486e+06 2.09076e+06 2.17042e+06 2.22307e+06 2.54497e+06 162802 
2007 4.25727e+06 2.38117e+06 2.21486e+06 1.90993e+06 2.09886e+06 2.17438e+06 2.67985e+06 271635 
2008 4.25727e+06 2.38117e+06 2.21486e+06 1.77142e+06 2.07253e+06 2.1569e+06 2.79064e+06 359314 
2009 4.25727e+06 2.38117e+06 2.21486e+06 1.64001e+06 2.05102e+06 2.13953e+06 2.93886e+06 441978 
2010 4.25727e+06 2.38117e+06 2.21486e+06 1.5315e+06 2.08169e+06 2.16989e+06 3.07186e+06 512658 
2011 4.25727e+06 2.38117e+06 2.21486e+06 1.47886e+06 2.12208e+06 2.20008e+06 3.21912e+06 562262 
2012 4.25727e+06 2.38117e+06 2.21486e+06 1.47206e+06 2.15134e+06 2.24142e+06 3.25385e+06 588796 
2013 4.25727e+06 2.38117e+06 2.21486e+06 1.48265e+06 2.17492e+06 2.2673e+06 3.35477e+06 599843 
2014 4.25727e+06 2.38117e+06 2.21486e+06 1.49102e+06 2.18041e+06 2.28944e+06 3.41265e+06 609780 
2015 4.25727e+06 2.38117e+06 2.21486e+06 1.48358e+06 2.1791e+06 2.29271e+06 3.44141e+06 620412 
2016 4.25727e+06 2.38117e+06 2.21486e+06 1.48228e+06 2.18467e+06 2.29798e+06 3.44895e+06 620731 
2017 4.25727e+06 2.38117e+06 2.21486e+06 1.48392e+06 2.18206e+06 2.30009e+06 3.46901e+06 629883 
2018 4.25727e+06 2.38117e+06 2.21486e+06 1.49653e+06 2.20451e+06 2.3177e+06 3.51552e+06 627090 
