Alternative 1 Catch
     LingN 
Equil_Fabc 3.07273e+06 
Year 
2022 15 
2023 15 
2024 941628 
2025 1.18763e+06 
2026 1.53733e+06 
2027 1.95752e+06 
2028 2.36482e+06 
2029 2.67741e+06 
2030 2.87283e+06 
2031 2.96395e+06 
2032 3.00631e+06 
2033 3.0231e+06 
2034 3.02103e+06 
2035 3.01776e+06 

Alternative 1 ABCs
     LingN 

Year 
2022 531463 
2023 690723 
2024 941628 
2025 1.18763e+06 
2026 1.53733e+06 
2027 1.95752e+06 
2028 2.36482e+06 
2029 2.67741e+06 
2030 2.87283e+06 
2031 2.96395e+06 
2032 3.00631e+06 
2033 3.0231e+06 
2034 3.02103e+06 
2035 3.01776e+06 

Alternative 1 TACs
     LingN 

Year 
2022  NA 
2023  NA 
2024 941628 
2025 1.18763e+06 
2026 1.53733e+06 
2027 1.95752e+06 
2028 2.36482e+06 
2029 2.67741e+06 
2030 2.87283e+06 
2031 2.96395e+06 
2032 3.00631e+06 
2033 3.0231e+06 
2034 3.02103e+06 
2035 3.01776e+06 

Alternative 1 Sp_Biomass
     LingN 
Equil_Fabc 7.2539e+06 
Year 
2022 3.36844e+06 
2023 3.78168e+06 
2024 4.12969e+06 
2025 4.52786e+06 
2026 5.02367e+06 
2027 5.55629e+06 
2028 6.04808e+06 
2029 6.45043e+06 
2030 6.76417e+06 
2031 6.98868e+06 
2032 7.15766e+06 
2033 7.28807e+06 
2034 7.36355e+06 
2035 7.40621e+06 

Alternative 1 Fishing Mortality
     LingN 
Equil_Fabc 0.197847 
Year 
2022 2.27426e-06 
2023 1.97393e-06 
2024 0.108137 
2025 0.119566 
2026 0.133797 
2027 0.148996 
2028 0.162479 
2029 0.172575 
2030 0.179387 
2031 0.183347 
2032 0.186153 
2033 0.188001 
2034 0.188737 
2035 0.188946 

Alternative 1 Biomass
     LingN 

Year 
2022 1.78925e+07 
2023 2.14417e+07 
2024 2.51915e+07 
2025 2.79952e+07 
2026 3.06522e+07 
2027 3.30591e+07 
2028 3.48187e+07 
2029 3.61369e+07 
2030 3.69949e+07 
2031 3.74739e+07 
2032 3.79426e+07 
2033 3.82613e+07 
2034 3.83909e+07 
2035 3.84699e+07 

Alternative 1 Implied SPR rate 
     LingN 
Equil_Fabc 0.4 
Year 
2022 0.999988 
2023 0.99999 
2024 0.589902 
2025 0.560095 
2026 0.525821 
2027 0.492438 
2028 0.465081 
2029 0.445688 
2030 0.433007 
2031 0.425731 
2032 0.420626 
2033 0.417287 
2034 0.41596 
2035 0.41559 

  LingN 
EquilAvgAgeF0  4.55894 
EquilAvgAgeFabc  3.55348 
AvgAgeYr2035 51.6618 
Alternative 2 Catch
     LingN 
Equil_Fabc 3.07273e+06 
Year 
2022 15 
2023 15 
2024 1943.25 
2025 1943.25 
2026 1943.25 
2027 1943.25 
2028 1943.25 
2029 1943.25 
2030 1943.25 
2031 1943.25 
2032 1943.25 
2033 1943.25 
2034 1943.25 
2035 1943.25 

Alternative 2 ABCs
     LingN 

Year 
2022 531463 
2023 690723 
2024 941628 
2025 1.34122e+06 
2026 1.94168e+06 
2027 2.73682e+06 
2028 3.48477e+06 
2029 4.00035e+06 
2030 4.3838e+06 
2031 4.65217e+06 
2032 4.83819e+06 
2033 4.97337e+06 
2034 5.07263e+06 
2035 5.15015e+06 

Alternative 2 TACs
     LingN 

Year 
2022  NA 
2023  NA 
2024 941628 
2025 1.34122e+06 
2026 1.94168e+06 
2027 2.73682e+06 
2028 3.48477e+06 
2029 4.00035e+06 
2030 4.3838e+06 
2031 4.65217e+06 
2032 4.83819e+06 
2033 4.97337e+06 
2034 5.07263e+06 
2035 5.15015e+06 

Alternative 2 Sp_Biomass
     LingN 
Equil_Fabc 7.2539e+06 
Year 
2022 3.36844e+06 
2023 3.78168e+06 
2024 4.33574e+06 
2025 5.08355e+06 
2026 6.04813e+06 
2027 7.20563e+06 
2028 8.48992e+06 
2029 9.81504e+06 
2030 1.11178e+07 
2031 1.23128e+07 
2032 1.34026e+07 
2033 1.43816e+07 
2034 1.51677e+07 
2035 1.57805e+07 

Alternative 2 Fishing Mortality
     LingN 
Equil_Fabc 0.197847 
Year 
2022 2.27426e-06 
2023 1.97393e-06 
2024 0.000215694 
2025 0.000177544 
2026 0.000145556 
2027 0.000121316 
2028 0.000103918 
2029 9.22401e-05 
2030 8.471e-05 
2031 8.0102e-05 
2032 7.70781e-05 
2033 7.49697e-05 
2034 7.34818e-05 
2035 7.2381e-05 

Alternative 2 Biomass
     LingN 

Year 
2022 1.78925e+07 
2023 2.14417e+07 
2024 2.51915e+07 
2025 2.90537e+07 
2026 3.30226e+07 
2027 3.70956e+07 
2028 4.09276e+07 
2029 4.46569e+07 
2030 4.81041e+07 
2031 5.11237e+07 
2032 5.398e+07 
2033 5.64828e+07 
2034 5.84432e+07 
2035 5.99917e+07 

Alternative 2 Implied SPR rate 
     LingN 
Equil_Fabc 0.4 
Year 
2022 0.999988 
2023 0.99999 
2024 0.998883 
2025 0.99908 
2026 0.999246 
2027 0.999371 
2028 0.999461 
2029 0.999522 
2030 0.999561 
2031 0.999585 
2032 0.999601 
2033 0.999611 
2034 0.999619 
2035 0.999625 

  LingN 
EquilAvgAgeF0  4.55894 
EquilAvgAgeFabc  3.55348 
AvgAgeYr2035 58.0487 
Alternative 3 Catch
     LingN 
Equil_Fabc 3.07273e+06 
Year 
2022 15 
2023 15 
2024 872920 
2025 1.00294e+06 
2026 1.17319e+06 
2027 1.36413e+06 
2028 1.55168e+06 
2029 1.71077e+06 
2030 1.82847e+06 
2031 1.90358e+06 
2032 1.95047e+06 
2033 1.98135e+06 
2034 2.00181e+06 
2035 2.0181e+06 

Alternative 3 ABCs
     LingN 

Year 
2022 531463 
2023 690723 
2024 941628 
2025 1.19856e+06 
2026 1.58319e+06 
2027 2.08388e+06 
2028 2.62473e+06 
2029 3.08691e+06 
2030 3.40724e+06 
2031 3.59666e+06 
2032 3.71133e+06 
2033 3.78233e+06 
2034 3.82671e+06 
2035 3.86122e+06 

Alternative 3 TACs
     LingN 

Year 
2022  NA 
2023  NA 
2024 872920 
2025 1.00294e+06 
2026 1.17319e+06 
2027 1.36413e+06 
2028 1.55168e+06 
2029 1.71077e+06 
2030 1.82847e+06 
2031 1.90358e+06 
2032 1.95047e+06 
2033 1.98135e+06 
2034 2.00181e+06 
2035 2.0181e+06 

Alternative 3 Sp_Biomass
     LingN 
Equil_Fabc 7.2539e+06 
Year 
2022 3.36844e+06 
2023 3.78168e+06 
2024 4.14481e+06 
2025 4.58891e+06 
2026 5.18048e+06 
2027 5.88182e+06 
2028 6.62751e+06 
2029 7.35512e+06 
2030 8.03415e+06 
2031 8.62625e+06 
2032 9.14589e+06 
2033 9.60052e+06 
2034 9.95218e+06 
2035 1.02178e+07 

Alternative 3 Fishing Mortality
     LingN 
Equil_Fabc 0.197847 
Year 
2022 2.27426e-06 
2023 1.97393e-06 
2024 0.1 
2025 0.1 
2026 0.1 
2027 0.1 
2028 0.1 
2029 0.1 
2030 0.1 
2031 0.1 
2032 0.1 
2033 0.1 
2034 0.1 
2035 0.1 

Alternative 3 Biomass
     LingN 

Year 
2022 1.78925e+07 
2023 2.14417e+07 
2024 2.51915e+07 
2025 2.80725e+07 
2026 3.09366e+07 
2027 3.37501e+07 
2028 3.61665e+07 
2029 3.83665e+07 
2030 4.02365e+07 
2031 4.17402e+07 
2032 4.31697e+07 
2033 4.43643e+07 
2034 4.5239e+07 
2035 4.59174e+07 

Alternative 3 Implied SPR rate 
     LingN 
Equil_Fabc 0.4 
Year 
2022 0.999988 
2023 0.99999 
2024 0.6124 
2025 0.6124 
2026 0.6124 
2027 0.6124 
2028 0.6124 
2029 0.6124 
2030 0.6124 
2031 0.6124 
2032 0.6124 
2033 0.6124 
2034 0.6124 
2035 0.6124 

  LingN 
EquilAvgAgeF0  4.55894 
EquilAvgAgeFabc  3.55348 
AvgAgeYr2035 53.8407 
Alternative 4 Catch
     LingN 
Equil_Fabc 3.07273e+06 
Year 
2022 15 
2023 15 
2024 910367 
2025 1.04335e+06 
2026 1.21806e+06 
2027 1.41399e+06 
2028 1.6061e+06 
2029 1.7686e+06 
2030 1.88845e+06 
2031 1.9646e+06 
2032 2.01191e+06 
2033 2.04291e+06 
2034 2.06334e+06 
2035 2.07966e+06 

Alternative 4 ABCs
     LingN 

Year 
2022 531463 
2023 690723 
2024 941628 
2025 1.19261e+06 
2026 1.56906e+06 
2027 2.05881e+06 
2028 2.58838e+06 
2029 3.04366e+06 
2030 3.36224e+06 
2031 3.55123e+06 
2032 3.66611e+06 
2033 3.73686e+06 
2034 3.78033e+06 
2035 3.81393e+06 

Alternative 4 TACs
     LingN 

Year 
2022  NA 
2023  NA 
2024 910367 
2025 1.04335e+06 
2026 1.21806e+06 
2027 1.41399e+06 
2028 1.6061e+06 
2029 1.7686e+06 
2030 1.88845e+06 
2031 1.9646e+06 
2032 2.01191e+06 
2033 2.04291e+06 
2034 2.06334e+06 
2035 2.07966e+06 

Alternative 4 Sp_Biomass
     LingN 
Equil_Fabc 7.2539e+06 
Year 
2022 3.36844e+06 
2023 3.78168e+06 
2024 4.13656e+06 
2025 4.56831e+06 
2026 5.14556e+06 
2027 5.8302e+06 
2028 6.55694e+06 
2029 7.26436e+06 
2030 7.92303e+06 
2031 8.49604e+06 
2032 8.99807e+06 
2033 9.43681e+06 
2034 9.77561e+06 
2035 1.00312e+07 

Alternative 4 Fishing Mortality
     LingN 
Equil_Fabc 0.197847 
Year 
2022 2.27426e-06 
2023 1.97393e-06 
2024 0.104436 
2025 0.104436 
2026 0.104436 
2027 0.104436 
2028 0.104436 
2029 0.104436 
2030 0.104436 
2031 0.104436 
2032 0.104436 
2033 0.104436 
2034 0.104436 
2035 0.104436 

Alternative 4 Biomass
     LingN 

Year 
2022 1.78925e+07 
2023 2.14417e+07 
2024 2.51915e+07 
2025 2.80304e+07 
2026 3.08499e+07 
2027 3.36152e+07 
2028 3.59799e+07 
2029 3.81264e+07 
2030 3.99434e+07 
2031 4.1398e+07 
2032 4.27826e+07 
2033 4.3937e+07 
2034 4.47791e+07 
2035 4.54319e+07 

Alternative 4 Implied SPR rate 
     LingN 
Equil_Fabc 0.4 
Year 
2022 0.999988 
2023 0.99999 
2024 0.6 
2025 0.6 
2026 0.6 
2027 0.6 
2028 0.6 
2029 0.6 
2030 0.6 
2031 0.6 
2032 0.6 
2033 0.6 
2034 0.6 
2035 0.6 

  LingN 
EquilAvgAgeF0  4.55894 
EquilAvgAgeFabc  3.55348 
AvgAgeYr2035 53.6762 
Alternative 5 Catch
     LingN 
Equil_Fabc 3.07273e+06 
Year 
2022 15 
2023 15 
2024  NA 
2025  NA 
2026  NA 
2027  NA 
2028  NA 
2029  NA 
2030  NA 
2031  NA 
2032  NA 
2033  NA 
2034  NA 
2035  NA 

Alternative 5 ABCs
     LingN 

Year 
2022 531463 
2023 690723 
2024 941628 
2025 1.34155e+06 
2026 1.94246e+06 
2027 2.7381e+06 
2028 3.48603e+06 
2029 4.00151e+06 
2030 4.38505e+06 
2031 4.65345e+06 
2032 4.83949e+06 
2033 4.97468e+06 
2034 5.07394e+06 
2035 5.15145e+06 

Alternative 5 TACs
     LingN 

Year 
2022  NA 
2023  NA 
2024  NA 
2025  NA 
2026  NA 
2027  NA 
2028  NA 
2029  NA 
2030  NA 
2031  NA 
2032  NA 
2033  NA 
2034  NA 
2035  NA 

Alternative 5 Sp_Biomass
     LingN 
Equil_Fabc 7.2539e+06 
Year 
2022 3.36844e+06 
2023 3.78168e+06 
2024 4.33616e+06 
2025 5.0846e+06 
2026 6.04985e+06 
2027 7.20806e+06 
2028 8.49308e+06 
2029 9.8189e+06 
2030 1.11222e+07 
2031 1.23178e+07 
2032 1.34081e+07 
2033 1.43874e+07 
2034 1.51737e+07 
2035 1.57867e+07 

Alternative 5 Fishing Mortality
     LingN 
Equil_Fabc 0.197847 
Year 
2022 2.27426e-06 
2023 1.97393e-06 
2024  NA 
2025  NA 
2026  NA 
2027  NA 
2028  NA 
2029  NA 
2030  NA 
2031  NA 
2032  NA 
2033  NA 
2034  NA 
2035  NA 

Alternative 5 Biomass
     LingN 

Year 
2022 1.78925e+07 
2023 2.14417e+07 
2024 2.51915e+07 
2025 2.90559e+07 
2026 3.3027e+07 
2027 3.7102e+07 
2028 4.09359e+07 
2029 4.46669e+07 
2030 4.81156e+07 
2031 5.11364e+07 
2032 5.39938e+07 
2033 5.64974e+07 
2034 5.84584e+07 
2035 6.00071e+07 

Alternative 5 Implied SPR rate 
     LingN 
Equil_Fabc 0.4 
Year 
2022 0.999988 
2023 0.99999 
2024 1 
2025 1 
2026 1 
2027 1 
2028 1 
2029 1 
2030 1 
2031 1 
2032 1 
2033 1 
2034 1 
2035 1 

  LingN 
EquilAvgAgeF0  4.55894 
EquilAvgAgeFabc  3.55348 
AvgAgeYr2035 58.0539 
Alternative 6 Catch
     LingN 
Equil_Fabc 3.07273e+06 
Year 
2022 15 
2023 797628 
2024 958011 
2025 1.22154e+06 
2026 1.60205e+06 
2027 2.05902e+06 
2028 2.50006e+06 
2029 2.83656e+06 
2030 3.04865e+06 
2031 3.1467e+06 
2032 3.18588e+06 
2033 3.20102e+06 
2034 3.19479e+06 
2035 3.18611e+06 

Alternative 6 ABCs
     LingN 

Year 
2022 531463 
2023 690723 
2024 830195 
2025 1.05984e+06 
2026 1.39268e+06 
2027 1.79429e+06 
2028 2.18267e+06 
2029 2.47855e+06 
2030 2.66344e+06 
2031 2.7468e+06 
2032 2.77992e+06 
2033 2.79169e+06 
2034 2.78446e+06 
2035 2.77561e+06 

Alternative 6 TACs
     LingN 

Year 
2022  NA 
2023 797629 
2024 958011 
2025 1.22154e+06 
2026 1.60205e+06 
2027 2.05902e+06 
2028 2.50006e+06 
2029 2.83656e+06 
2030 3.04865e+06 
2031 3.1467e+06 
2032 3.18588e+06 
2033 3.20102e+06 
2034 3.19479e+06 
2035 3.18611e+06 

Alternative 6 Sp_Biomass
     LingN 
Equil_Fabc 7.2539e+06 
Year 
2022 3.36844e+06 
2023 3.60151e+06 
2024 3.86515e+06 
2025 4.24318e+06 
2026 4.72171e+06 
2027 5.23365e+06 
2028 5.69794e+06 
2029 6.06652e+06 
2030 6.34155e+06 
2031 6.52651e+06 
2032 6.65735e+06 
2033 6.75176e+06 
2034 6.79727e+06 
2035 6.81658e+06 

Alternative 6 Fishing Mortality
     LingN 
Equil_Fabc 0.197847 
Year 
2022 2.27426e-06 
2023 0.108688 
2024 0.117536 
2025 0.130221 
2026 0.146279 
2027 0.163419 
2028 0.178697 
2029 0.190352 
2030 0.19867 
2031 0.203783 
2032 0.207207 
2033 0.209676 
2034 0.210703 
2035 0.210898 

Alternative 6 Biomass
     LingN 

Year 
2022 1.78925e+07 
2023 2.14417e+07 
2024 2.42983e+07 
2025 2.71119e+07 
2026 2.97729e+07 
2027 3.21586e+07 
2028 3.38643e+07 
2029 3.50998e+07 
2030 3.58557e+07 
2031 3.62247e+07 
2032 3.65834e+07 
2033 3.68018e+07 
2034 3.6846e+07 
2035 3.68568e+07 

Alternative 6 Implied SPR rate 
     LingN 
Equil_Fabc 0.4 
Year 
2022 0.999988 
2023 0.588408 
2024 0.565194 
2025 0.533976 
2026 0.497808 
2027 0.462993 
2028 0.434659 
2029 0.414389 
2030 0.40052 
2031 0.392176 
2032 0.386604 
2033 0.382664 
2034 0.381061 
2035 0.380777 

  LingN 
EquilAvgAgeF0  4.55894 
EquilAvgAgeFabc  3.55348 
AvgAgeYr2035 50.8726 
Alternative 7 Catch
     LingN 
Equil_Fabc 3.07273e+06 
Year 
2022 15 
2023 690723 
2024 844703 
2025 1.25985e+06 
2026 1.63756e+06 
2027 2.08828e+06 
2028 2.52061e+06 
2029 2.84866e+06 
2030 3.05443e+06 
2031 3.14874e+06 
2032 3.18616e+06 
2033 3.20052e+06 
2034 3.1941e+06 
2035 3.18549e+06 

Alternative 7 ABCs
     LingN 

Year 
2022 531463 
2023 690723 
2024 844703 
2025 1.09334e+06 
2026 1.42383e+06 
2027 1.82002e+06 
2028 2.20072e+06 
2029 2.48905e+06 
2030 2.66841e+06 
2031 2.74847e+06 
2032 2.78009e+06 
2033 2.79122e+06 
2034 2.78384e+06 
2035 2.77507e+06 

Alternative 7 TACs
     LingN 

Year 
2022  NA 
2023 797629 
2024 974632 
2025 1.25985e+06 
2026 1.63756e+06 
2027 2.08828e+06 
2028 2.52061e+06 
2029 2.84866e+06 
2030 3.05443e+06 
2031 3.14874e+06 
2032 3.18616e+06 
2033 3.20052e+06 
2034 3.1941e+06 
2035 3.18549e+06 

Alternative 7 Sp_Biomass
     LingN 
Equil_Fabc 7.2539e+06 
Year 
2022 3.36844e+06 
2023 3.62578e+06 
2024 3.92472e+06 
2025 4.30744e+06 
2026 4.77687e+06 
2027 5.27754e+06 
2028 5.7303e+06 
2029 6.08873e+06 
2030 6.35585e+06 
2031 6.53513e+06 
2032 6.66202e+06 
2033 6.75379e+06 
2034 6.79778e+06 
2035 6.81637e+06 

Alternative 7 Fishing Mortality
     LingN 
Equil_Fabc 0.197847 
Year 
2022 2.27426e-06 
2023 0.0936723 
2024 0.102253 
2025 0.132377 
2026 0.148131 
2027 0.164887 
2028 0.179761 
2029 0.19106 
2030 0.199101 
2031 0.204023 
2032 0.207329 
2033 0.209724 
2034 0.21071 
2035 0.21089 

Alternative 7 Biomass
     LingN 

Year 
2022 1.78925e+07 
2023 2.14417e+07 
2024 2.44179e+07 
2025 2.73554e+07 
2026 2.99641e+07 
2027 3.22985e+07 
2028 3.39589e+07 
2029 3.51587e+07 
2030 3.58896e+07 
2031 3.62427e+07 
2032 3.65917e+07 
2033 3.68043e+07 
2034 3.68455e+07 
2035 3.68552e+07 

Alternative 7 Implied SPR rate 
     LingN 
Equil_Fabc 0.4 
Year 
2022 0.999988 
2023 0.630654 
2024 0.606067 
2025 0.528876 
2026 0.493802 
2027 0.46009 
2028 0.432707 
2029 0.413158 
2030 0.399796 
2031 0.39178 
2032 0.386406 
2033 0.382589 
2034 0.381048 
2035 0.380791 

  LingN 
EquilAvgAgeF0  4.55894 
EquilAvgAgeFabc  3.55348 
AvgAgeYr2035 50.9203 
