LingN 1 2022 Cabc 3.07273e+06
LingN 1 2022 Cofl 3.27816e+06
LingN 1 2022 CLCI 15
LingN 1 2022 CUCI 15
LingN 1 2022 CMedian 15
LingN 1 2022 CMean 15
LingN 1 2022 CStdn 0
LingN 1 2023 Cabc 3.07273e+06
LingN 1 2023 Cofl 3.27816e+06
LingN 1 2023 CLCI 15
LingN 1 2023 CUCI 15
LingN 1 2023 CMedian 15
LingN 1 2023 CMean 15
LingN 1 2023 CStdn 1.50092e-07
LingN 1 2024 Cabc 3.07273e+06
LingN 1 2024 Cofl 3.27816e+06
LingN 1 2024 CLCI 920570
LingN 1 2024 CUCI 978252
LingN 1 2024 CMedian 936722
LingN 1 2024 CMean 941628
LingN 1 2024 CStdn 19468.9
LingN 1 2025 Cabc 3.07273e+06
LingN 1 2025 Cofl 3.27816e+06
LingN 1 2025 CLCI 1.10085e+06
LingN 1 2025 CUCI 1.33426e+06
LingN 1 2025 CMedian 1.16769e+06
LingN 1 2025 CMean 1.18763e+06
LingN 1 2025 CStdn 79670
LingN 1 2026 Cabc 3.07273e+06
LingN 1 2026 Cofl 3.27816e+06
LingN 1 2026 CLCI 1.29481e+06
LingN 1 2026 CUCI 1.94426e+06
LingN 1 2026 CMedian 1.48578e+06
LingN 1 2026 CMean 1.53733e+06
LingN 1 2026 CStdn 223614
LingN 1 2027 Cabc 3.07273e+06
LingN 1 2027 Cofl 3.27816e+06
LingN 1 2027 CLCI 1.47594e+06
LingN 1 2027 CUCI 2.7352e+06
LingN 1 2027 CMedian 1.86119e+06
LingN 1 2027 CMean 1.95752e+06
LingN 1 2027 CStdn 431302
LingN 1 2028 Cabc 3.07273e+06
LingN 1 2028 Cofl 3.27816e+06
LingN 1 2028 CLCI 1.64315e+06
LingN 1 2028 CUCI 3.51434e+06
LingN 1 2028 CMedian 2.23633e+06
LingN 1 2028 CMean 2.36482e+06
LingN 1 2028 CStdn 601960
LingN 1 2029 Cabc 3.07273e+06
LingN 1 2029 Cofl 3.27816e+06
LingN 1 2029 CLCI 1.74512e+06
LingN 1 2029 CUCI 3.89029e+06
LingN 1 2029 CMedian 2.57635e+06
LingN 1 2029 CMean 2.67741e+06
LingN 1 2029 CStdn 695984
LingN 1 2030 Cabc 3.07273e+06
LingN 1 2030 Cofl 3.27816e+06
LingN 1 2030 CLCI 1.84026e+06
LingN 1 2030 CUCI 4.07359e+06
LingN 1 2030 CMedian 2.80898e+06
LingN 1 2030 CMean 2.87283e+06
LingN 1 2030 CStdn 726177
LingN 1 2031 Cabc 3.07273e+06
LingN 1 2031 Cofl 3.27816e+06
LingN 1 2031 CLCI 1.90583e+06
LingN 1 2031 CUCI 4.11745e+06
LingN 1 2031 CMedian 2.92054e+06
LingN 1 2031 CMean 2.96395e+06
LingN 1 2031 CStdn 723960
LingN 1 2032 Cabc 3.07273e+06
LingN 1 2032 Cofl 3.27816e+06
LingN 1 2032 CLCI 1.95598e+06
LingN 1 2032 CUCI 4.19677e+06
LingN 1 2032 CMedian 2.98206e+06
LingN 1 2032 CMean 3.00631e+06
LingN 1 2032 CStdn 709477
LingN 1 2033 Cabc 3.07273e+06
LingN 1 2033 Cofl 3.27816e+06
LingN 1 2033 CLCI 1.97136e+06
LingN 1 2033 CUCI 4.21101e+06
LingN 1 2033 CMedian 3.00844e+06
LingN 1 2033 CMean 3.0231e+06
LingN 1 2033 CStdn 692866
LingN 1 2034 Cabc 3.07273e+06
LingN 1 2034 Cofl 3.27816e+06
LingN 1 2034 CLCI 1.95653e+06
LingN 1 2034 CUCI 4.19746e+06
LingN 1 2034 CMedian 2.99808e+06
LingN 1 2034 CMean 3.02103e+06
LingN 1 2034 CStdn 683287
LingN 1 2035 Cabc 3.07273e+06
LingN 1 2035 Cofl 3.27816e+06
LingN 1 2035 CLCI 1.99474e+06
LingN 1 2035 CUCI 4.16359e+06
LingN 1 2035 CMedian 3.00067e+06
LingN 1 2035 CMean 3.01776e+06
LingN 1 2035 CStdn 688313
LingN 1 2022 SSBF100 1.81348e+07
LingN 1 2022 SSBFabc 7.2539e+06
LingN 1 2022 SSBFofl 6.34716e+06
LingN 1 2022 SSBLCI 3.36844e+06
LingN 1 2022 SSBUCI 3.36844e+06
LingN 1 2022 SSBMedian 3.36844e+06
LingN 1 2022 SSBMean 3.36844e+06
LingN 1 2023 SSBF100 1.81348e+07
LingN 1 2023 SSBFabc 7.2539e+06
LingN 1 2023 SSBFofl 6.34716e+06
LingN 1 2023 SSBLCI 3.77468e+06
LingN 1 2023 SSBUCI 3.79415e+06
LingN 1 2023 SSBMedian 3.77992e+06
LingN 1 2023 SSBMean 3.78168e+06
LingN 1 2024 SSBF100 1.81348e+07
LingN 1 2024 SSBFabc 7.2539e+06
LingN 1 2024 SSBFofl 6.34716e+06
LingN 1 2024 SSBLCI 4.09447e+06
LingN 1 2024 SSBUCI 4.19027e+06
LingN 1 2024 SSBMedian 4.12161e+06
LingN 1 2024 SSBMean 4.12969e+06
LingN 1 2025 SSBF100 1.81348e+07
LingN 1 2025 SSBFabc 7.2539e+06
LingN 1 2025 SSBFofl 6.34716e+06
LingN 1 2025 SSBLCI 4.40252e+06
LingN 1 2025 SSBUCI 4.7329e+06
LingN 1 2025 SSBMedian 4.50123e+06
LingN 1 2025 SSBMean 4.52786e+06
LingN 1 2026 SSBF100 1.81348e+07
LingN 1 2026 SSBFabc 7.2539e+06
LingN 1 2026 SSBFofl 6.34716e+06
LingN 1 2026 SSBLCI 4.72136e+06
LingN 1 2026 SSBUCI 5.49724e+06
LingN 1 2026 SSBMedian 4.96919e+06
LingN 1 2026 SSBMean 5.02367e+06
LingN 1 2027 SSBF100 1.81348e+07
LingN 1 2027 SSBFabc 7.2539e+06
LingN 1 2027 SSBFofl 6.34716e+06
LingN 1 2027 SSBLCI 5.01176e+06
LingN 1 2027 SSBUCI 6.3525e+06
LingN 1 2027 SSBMedian 5.4702e+06
LingN 1 2027 SSBMean 5.55629e+06
LingN 1 2028 SSBF100 1.81348e+07
LingN 1 2028 SSBFabc 7.2539e+06
LingN 1 2028 SSBFofl 6.34716e+06
LingN 1 2028 SSBLCI 5.27678e+06
LingN 1 2028 SSBUCI 7.12593e+06
LingN 1 2028 SSBMedian 5.93761e+06
LingN 1 2028 SSBMean 6.04808e+06
LingN 1 2029 SSBF100 1.81348e+07
LingN 1 2029 SSBFabc 7.2539e+06
LingN 1 2029 SSBFofl 6.34716e+06
LingN 1 2029 SSBLCI 5.47644e+06
LingN 1 2029 SSBUCI 7.7125e+06
LingN 1 2029 SSBMedian 6.35383e+06
LingN 1 2029 SSBMean 6.45043e+06
LingN 1 2030 SSBF100 1.81348e+07
LingN 1 2030 SSBFabc 7.2539e+06
LingN 1 2030 SSBFofl 6.34716e+06
LingN 1 2030 SSBLCI 5.66329e+06
LingN 1 2030 SSBUCI 8.18751e+06
LingN 1 2030 SSBMedian 6.66874e+06
LingN 1 2030 SSBMean 6.76417e+06
LingN 1 2031 SSBF100 1.81348e+07
LingN 1 2031 SSBFabc 7.2539e+06
LingN 1 2031 SSBFofl 6.34716e+06
LingN 1 2031 SSBLCI 5.82682e+06
LingN 1 2031 SSBUCI 8.64894e+06
LingN 1 2031 SSBMedian 6.86384e+06
LingN 1 2031 SSBMean 6.98868e+06
LingN 1 2032 SSBF100 1.81348e+07
LingN 1 2032 SSBFabc 7.2539e+06
LingN 1 2032 SSBFofl 6.34716e+06
LingN 1 2032 SSBLCI 5.9347e+06
LingN 1 2032 SSBUCI 8.89134e+06
LingN 1 2032 SSBMedian 7.02005e+06
LingN 1 2032 SSBMean 7.15766e+06
LingN 1 2033 SSBF100 1.81348e+07
LingN 1 2033 SSBFabc 7.2539e+06
LingN 1 2033 SSBFofl 6.34716e+06
LingN 1 2033 SSBLCI 6.04289e+06
LingN 1 2033 SSBUCI 9.0926e+06
LingN 1 2033 SSBMedian 7.1402e+06
LingN 1 2033 SSBMean 7.28807e+06
LingN 1 2034 SSBF100 1.81348e+07
LingN 1 2034 SSBFabc 7.2539e+06
LingN 1 2034 SSBFofl 6.34716e+06
LingN 1 2034 SSBLCI 6.08652e+06
LingN 1 2034 SSBUCI 9.20728e+06
LingN 1 2034 SSBMedian 7.19138e+06
LingN 1 2034 SSBMean 7.36355e+06
LingN 1 2035 SSBF100 1.81348e+07
LingN 1 2035 SSBFabc 7.2539e+06
LingN 1 2035 SSBFofl 6.34716e+06
LingN 1 2035 SSBLCI 6.08474e+06
LingN 1 2035 SSBUCI 9.25999e+06
LingN 1 2035 SSBMedian 7.21032e+06
LingN 1 2035 SSBMean 7.40621e+06
LingN 1 2022 F0 0 
LingN 1 2022 Fabc 0.197847
LingN 1 2022 Fofl 0.231286
LingN 1 2022  F_LCI 2.27426e-06
LingN 1 2022  F_UCI 2.27426e-06
LingN 1 2022  F_Median 2.27426e-06
LingN 1 2022  F_Mean 2.27426e-06
LingN 1 2023 F0 0 
LingN 1 2023 Fabc 0.197847
LingN 1 2023 Fofl 0.231286
LingN 1 2023  F_LCI 1.96422e-06
LingN 1 2023  F_UCI 1.97936e-06
LingN 1 2023  F_Median 1.97528e-06
LingN 1 2023  F_Mean 1.97393e-06
LingN 1 2024 F0 0 
LingN 1 2024 Fabc 0.197847
LingN 1 2024 Fofl 0.231286
LingN 1 2024  F_LCI 0.107125
LingN 1 2024  F_UCI 0.109876
LingN 1 2024  F_Median 0.107904
LingN 1 2024  F_Mean 0.108137
LingN 1 2025 F0 0 
LingN 1 2025 Fabc 0.197847
LingN 1 2025 Fofl 0.231286
LingN 1 2025  F_LCI 0.115967
LingN 1 2025  F_UCI 0.125453
LingN 1 2025  F_Median 0.118801
LingN 1 2025  F_Mean 0.119566
LingN 1 2026 F0 0 
LingN 1 2026 Fabc 0.197847
LingN 1 2026 Fofl 0.231286
LingN 1 2026  F_LCI 0.125117
LingN 1 2026  F_UCI 0.147394
LingN 1 2026  F_Median 0.132233
LingN 1 2026  F_Mean 0.133797
LingN 1 2027 F0 0 
LingN 1 2027 Fabc 0.197847
LingN 1 2027 Fofl 0.231286
LingN 1 2027  F_LCI 0.133452
LingN 1 2027  F_UCI 0.17195
LingN 1 2027  F_Median 0.146614
LingN 1 2027  F_Mean 0.148996
LingN 1 2028 F0 0 
LingN 1 2028 Fabc 0.197847
LingN 1 2028 Fofl 0.231286
LingN 1 2028  F_LCI 0.141059
LingN 1 2028  F_UCI 0.194168
LingN 1 2028  F_Median 0.160031
LingN 1 2028  F_Mean 0.162479
LingN 1 2029 F0 0 
LingN 1 2029 Fabc 0.197847
LingN 1 2029 Fofl 0.231286
LingN 1 2029  F_LCI 0.146794
LingN 1 2029  F_UCI 0.197847
LingN 1 2029  F_Median 0.171986
LingN 1 2029  F_Mean 0.172575
LingN 1 2030 F0 0 
LingN 1 2030 Fabc 0.197847
LingN 1 2030 Fofl 0.231286
LingN 1 2030  F_LCI 0.152159
LingN 1 2030  F_UCI 0.197847
LingN 1 2030  F_Median 0.181028
LingN 1 2030  F_Mean 0.179387
LingN 1 2031 F0 0 
LingN 1 2031 Fabc 0.197847
LingN 1 2031 Fofl 0.231286
LingN 1 2031  F_LCI 0.156851
LingN 1 2031  F_UCI 0.197847
LingN 1 2031  F_Median 0.186635
LingN 1 2031  F_Mean 0.183347
LingN 1 2032 F0 0 
LingN 1 2032 Fabc 0.197847
LingN 1 2032 Fofl 0.231286
LingN 1 2032  F_LCI 0.159955
LingN 1 2032  F_UCI 0.197847
LingN 1 2032  F_Median 0.191125
LingN 1 2032  F_Mean 0.186153
LingN 1 2033 F0 0 
LingN 1 2033 Fabc 0.197847
LingN 1 2033 Fofl 0.231286
LingN 1 2033  F_LCI 0.163059
LingN 1 2033  F_UCI 0.197847
LingN 1 2033  F_Median 0.194579
LingN 1 2033  F_Mean 0.188001
LingN 1 2034 F0 0 
LingN 1 2034 Fabc 0.197847
LingN 1 2034 Fofl 0.231286
LingN 1 2034  F_LCI 0.16431
LingN 1 2034  F_UCI 0.197847
LingN 1 2034  F_Median 0.19605
LingN 1 2034  F_Mean 0.188737
LingN 1 2035 F0 0 
LingN 1 2035 Fabc 0.197847
LingN 1 2035 Fofl 0.231286
LingN 1 2035  F_LCI 0.164262
LingN 1 2035  F_UCI 0.197847
LingN 1 2035  F_Median 0.196594
LingN 1 2035  F_Mean 0.188946
LingN 2 2022 Cabc 3.07273e+06
LingN 2 2022 Cofl 3.27816e+06
LingN 2 2022 CLCI 15
LingN 2 2022 CUCI 15
LingN 2 2022 CMedian 15
LingN 2 2022 CMean 15
LingN 2 2022 CStdn 0
LingN 2 2023 Cabc 3.07273e+06
LingN 2 2023 Cofl 3.27816e+06
LingN 2 2023 CLCI 15
LingN 2 2023 CUCI 15
LingN 2 2023 CMedian 15
LingN 2 2023 CMean 15
LingN 2 2023 CStdn 1.50092e-07
LingN 2 2024 Cabc 3.07273e+06
LingN 2 2024 Cofl 3.27816e+06
LingN 2 2024 CLCI 1943.25
LingN 2 2024 CUCI 1943.25
LingN 2 2024 CMedian 1943.25
LingN 2 2024 CMean 1943.25
LingN 2 2024 CStdn 0.000136033
LingN 2 2025 Cabc 3.07273e+06
LingN 2 2025 Cofl 3.27816e+06
LingN 2 2025 CLCI 1943.25
LingN 2 2025 CUCI 1943.25
LingN 2 2025 CMedian 1943.25
LingN 2 2025 CMean 1943.25
LingN 2 2025 CStdn 0.000487151
LingN 2 2026 Cabc 3.07273e+06
LingN 2 2026 Cofl 3.27816e+06
LingN 2 2026 CLCI 1943.25
LingN 2 2026 CUCI 1943.25
LingN 2 2026 CMedian 1943.25
LingN 2 2026 CMean 1943.25
LingN 2 2026 CStdn 0.000436399
LingN 2 2027 Cabc 3.07273e+06
LingN 2 2027 Cofl 3.27816e+06
LingN 2 2027 CLCI 1943.25
LingN 2 2027 CUCI 1943.25
LingN 2 2027 CMedian 1943.25
LingN 2 2027 CMean 1943.25
LingN 2 2027 CStdn 0.000425446
LingN 2 2028 Cabc 3.07273e+06
LingN 2 2028 Cofl 3.27816e+06
LingN 2 2028 CLCI 1943.25
LingN 2 2028 CUCI 1943.25
LingN 2 2028 CMedian 1943.25
LingN 2 2028 CMean 1943.25
LingN 2 2028 CStdn 0.000417138
LingN 2 2029 Cabc 3.07273e+06
LingN 2 2029 Cofl 3.27816e+06
LingN 2 2029 CLCI 1943.25
LingN 2 2029 CUCI 1943.25
LingN 2 2029 CMedian 1943.25
LingN 2 2029 CMean 1943.25
LingN 2 2029 CStdn 0.000420525
LingN 2 2030 Cabc 3.07273e+06
LingN 2 2030 Cofl 3.27816e+06
LingN 2 2030 CLCI 1943.25
LingN 2 2030 CUCI 1943.25
LingN 2 2030 CMedian 1943.25
LingN 2 2030 CMean 1943.25
LingN 2 2030 CStdn 0.000403383
LingN 2 2031 Cabc 3.07273e+06
LingN 2 2031 Cofl 3.27816e+06
LingN 2 2031 CLCI 1943.25
LingN 2 2031 CUCI 1943.25
LingN 2 2031 CMedian 1943.25
LingN 2 2031 CMean 1943.25
LingN 2 2031 CStdn 0.000380283
LingN 2 2032 Cabc 3.07273e+06
LingN 2 2032 Cofl 3.27816e+06
LingN 2 2032 CLCI 1943.25
LingN 2 2032 CUCI 1943.25
LingN 2 2032 CMedian 1943.25
LingN 2 2032 CMean 1943.25
LingN 2 2032 CStdn 0.000385828
LingN 2 2033 Cabc 3.07273e+06
LingN 2 2033 Cofl 3.27816e+06
LingN 2 2033 CLCI 1943.25
LingN 2 2033 CUCI 1943.25
LingN 2 2033 CMedian 1943.25
LingN 2 2033 CMean 1943.25
LingN 2 2033 CStdn 0.000364111
LingN 2 2034 Cabc 3.07273e+06
LingN 2 2034 Cofl 3.27816e+06
LingN 2 2034 CLCI 1943.25
LingN 2 2034 CUCI 1943.25
LingN 2 2034 CMedian 1943.25
LingN 2 2034 CMean 1943.25
LingN 2 2034 CStdn 0.000352726
LingN 2 2035 Cabc 3.07273e+06
LingN 2 2035 Cofl 3.27816e+06
LingN 2 2035 CLCI 1943.25
LingN 2 2035 CUCI 1943.25
LingN 2 2035 CMedian 1943.25
LingN 2 2035 CMean 1943.25
LingN 2 2035 CStdn 0.00035059
LingN 2 2022 SSBF100 1.81348e+07
LingN 2 2022 SSBFabc 7.2539e+06
LingN 2 2022 SSBFofl 6.34716e+06
LingN 2 2022 SSBLCI 3.36844e+06
LingN 2 2022 SSBUCI 3.36844e+06
LingN 2 2022 SSBMedian 3.36844e+06
LingN 2 2022 SSBMean 3.36844e+06
LingN 2 2023 SSBF100 1.81348e+07
LingN 2 2023 SSBFabc 7.2539e+06
LingN 2 2023 SSBFofl 6.34716e+06
LingN 2 2023 SSBLCI 3.77468e+06
LingN 2 2023 SSBUCI 3.79415e+06
LingN 2 2023 SSBMedian 3.77992e+06
LingN 2 2023 SSBMean 3.78168e+06
LingN 2 2024 SSBF100 1.81348e+07
LingN 2 2024 SSBFabc 7.2539e+06
LingN 2 2024 SSBFofl 6.34716e+06
LingN 2 2024 SSBLCI 4.29847e+06
LingN 2 2024 SSBUCI 4.39987e+06
LingN 2 2024 SSBMedian 4.32718e+06
LingN 2 2024 SSBMean 4.33574e+06
LingN 2 2025 SSBF100 1.81348e+07
LingN 2 2025 SSBFabc 7.2539e+06
LingN 2 2025 SSBFofl 6.34716e+06
LingN 2 2025 SSBLCI 4.94573e+06
LingN 2 2025 SSBUCI 5.31041e+06
LingN 2 2025 SSBMedian 5.05382e+06
LingN 2 2025 SSBMean 5.08355e+06
LingN 2 2026 SSBF100 1.81348e+07
LingN 2 2026 SSBFabc 7.2539e+06
LingN 2 2026 SSBFofl 6.34716e+06
LingN 2 2026 SSBLCI 5.69264e+06
LingN 2 2026 SSBUCI 6.62249e+06
LingN 2 2026 SSBMedian 5.98302e+06
LingN 2 2026 SSBMean 6.04813e+06
LingN 2 2027 SSBF100 1.81348e+07
LingN 2 2027 SSBFabc 7.2539e+06
LingN 2 2027 SSBFofl 6.34716e+06
LingN 2 2027 SSBLCI 6.49899e+06
LingN 2 2027 SSBUCI 8.25917e+06
LingN 2 2027 SSBMedian 7.08052e+06
LingN 2 2027 SSBMean 7.20563e+06
LingN 2 2028 SSBF100 1.81348e+07
LingN 2 2028 SSBFabc 7.2539e+06
LingN 2 2028 SSBFofl 6.34716e+06
LingN 2 2028 SSBLCI 7.34333e+06
LingN 2 2028 SSBUCI 1.01977e+07
LingN 2 2028 SSBMedian 8.3228e+06
LingN 2 2028 SSBMean 8.48992e+06
LingN 2 2029 SSBF100 1.81348e+07
LingN 2 2029 SSBFabc 7.2539e+06
LingN 2 2029 SSBFofl 6.34716e+06
LingN 2 2029 SSBLCI 8.15351e+06
LingN 2 2029 SSBUCI 1.2102e+07
LingN 2 2029 SSBMedian 9.56855e+06
LingN 2 2029 SSBMean 9.81504e+06
LingN 2 2030 SSBF100 1.81348e+07
LingN 2 2030 SSBFabc 7.2539e+06
LingN 2 2030 SSBFofl 6.34716e+06
LingN 2 2030 SSBLCI 8.96556e+06
LingN 2 2030 SSBUCI 1.39784e+07
LingN 2 2030 SSBMedian 1.08716e+07
LingN 2 2030 SSBMean 1.11178e+07
LingN 2 2031 SSBF100 1.81348e+07
LingN 2 2031 SSBFabc 7.2539e+06
LingN 2 2031 SSBFofl 6.34716e+06
LingN 2 2031 SSBLCI 9.7041e+06
LingN 2 2031 SSBUCI 1.57443e+07
LingN 2 2031 SSBMedian 1.20603e+07
LingN 2 2031 SSBMean 1.23128e+07
LingN 2 2032 SSBF100 1.81348e+07
LingN 2 2032 SSBFabc 7.2539e+06
LingN 2 2032 SSBFofl 6.34716e+06
LingN 2 2032 SSBLCI 1.04999e+07
LingN 2 2032 SSBUCI 1.71689e+07
LingN 2 2032 SSBMedian 1.31141e+07
LingN 2 2032 SSBMean 1.34026e+07
LingN 2 2033 SSBF100 1.81348e+07
LingN 2 2033 SSBFabc 7.2539e+06
LingN 2 2033 SSBFofl 6.34716e+06
LingN 2 2033 SSBLCI 1.11112e+07
LingN 2 2033 SSBUCI 1.86307e+07
LingN 2 2033 SSBMedian 1.4119e+07
LingN 2 2033 SSBMean 1.43816e+07
LingN 2 2034 SSBF100 1.81348e+07
LingN 2 2034 SSBFabc 7.2539e+06
LingN 2 2034 SSBFofl 6.34716e+06
LingN 2 2034 SSBLCI 1.16835e+07
LingN 2 2034 SSBUCI 1.96291e+07
LingN 2 2034 SSBMedian 1.49353e+07
LingN 2 2034 SSBMean 1.51677e+07
LingN 2 2035 SSBF100 1.81348e+07
LingN 2 2035 SSBFabc 7.2539e+06
LingN 2 2035 SSBFofl 6.34716e+06
LingN 2 2035 SSBLCI 1.20479e+07
LingN 2 2035 SSBUCI 2.01845e+07
LingN 2 2035 SSBMedian 1.55506e+07
LingN 2 2035 SSBMean 1.57805e+07
LingN 2 2022 F0 0 
LingN 2 2022 Fabc 0.197847
LingN 2 2022 Fofl 0.231286
LingN 2 2022  F_LCI 2.27426e-06
LingN 2 2022  F_UCI 2.27426e-06
LingN 2 2022  F_Median 2.27426e-06
LingN 2 2022  F_Mean 2.27426e-06
LingN 2 2023 F0 0 
LingN 2 2023 Fabc 0.197847
LingN 2 2023 Fofl 0.231286
LingN 2 2023  F_LCI 1.96422e-06
LingN 2 2023  F_UCI 1.97936e-06
LingN 2 2023  F_Median 1.97528e-06
LingN 2 2023  F_Mean 1.97393e-06
LingN 2 2024 F0 0 
LingN 2 2024 Fabc 0.197847
LingN 2 2024 Fofl 0.231286
LingN 2 2024  F_LCI 0.000210883
LingN 2 2024  F_UCI 0.000218492
LingN 2 2024  F_Median 0.000216296
LingN 2 2024  F_Mean 0.000215694
LingN 2 2025 F0 0 
LingN 2 2025 Fabc 0.197847
LingN 2 2025 Fofl 0.231286
LingN 2 2025  F_LCI 0.000165805
LingN 2 2025  F_UCI 0.000184961
LingN 2 2025  F_Median 0.00017891
LingN 2 2025  F_Mean 0.000177544
LingN 2 2026 F0 0 
LingN 2 2026 Fabc 0.197847
LingN 2 2026 Fofl 0.231286
LingN 2 2026  F_LCI 0.00012603
LingN 2 2026  F_UCI 0.000159062
LingN 2 2026  F_Median 0.000147252
LingN 2 2026  F_Mean 0.000145556
LingN 2 2027 F0 0 
LingN 2 2027 Fabc 0.197847
LingN 2 2027 Fofl 0.231286
LingN 2 2027  F_LCI 9.8438e-05
LingN 2 2027  F_UCI 0.000139908
LingN 2 2027  F_Median 0.000122727
LingN 2 2027  F_Mean 0.000121316
LingN 2 2028 F0 0 
LingN 2 2028 Fabc 0.197847
LingN 2 2028 Fofl 0.231286
LingN 2 2028  F_LCI 7.91621e-05
LingN 2 2028  F_UCI 0.000125245
LingN 2 2028  F_Median 0.000104457
LingN 2 2028  F_Mean 0.000103918
LingN 2 2029 F0 0 
LingN 2 2029 Fabc 0.197847
LingN 2 2029 Fofl 0.231286
LingN 2 2029  F_LCI 6.78866e-05
LingN 2 2029  F_UCI 0.000116056
LingN 2 2029  F_Median 9.24502e-05
LingN 2 2029  F_Mean 9.22401e-05
LingN 2 2030 F0 0 
LingN 2 2030 Fabc 0.197847
LingN 2 2030 Fofl 0.231286
LingN 2 2030  F_LCI 6.07799e-05
LingN 2 2030  F_UCI 0.000109594
LingN 2 2030  F_Median 8.38967e-05
LingN 2 2030  F_Mean 8.471e-05
LingN 2 2031 F0 0 
LingN 2 2031 Fabc 0.197847
LingN 2 2031 Fofl 0.231286
LingN 2 2031  F_LCI 5.68197e-05
LingN 2 2031  F_UCI 0.000104847
LingN 2 2031  F_Median 7.9207e-05
LingN 2 2031  F_Mean 8.0102e-05
LingN 2 2032 F0 0 
LingN 2 2032 Fabc 0.197847
LingN 2 2032 Fofl 0.231286
LingN 2 2032  F_LCI 5.48775e-05
LingN 2 2032  F_UCI 0.000101716
LingN 2 2032  F_Median 7.5984e-05
LingN 2 2032  F_Mean 7.70781e-05
LingN 2 2033 F0 0 
LingN 2 2033 Fabc 0.197847
LingN 2 2033 Fofl 0.231286
LingN 2 2033  F_LCI 5.31778e-05
LingN 2 2033  F_UCI 9.83042e-05
LingN 2 2033  F_Median 7.40893e-05
LingN 2 2033  F_Mean 7.49697e-05
LingN 2 2034 F0 0 
LingN 2 2034 Fabc 0.197847
LingN 2 2034 Fofl 0.231286
LingN 2 2034  F_LCI 5.26389e-05
LingN 2 2034  F_UCI 9.73219e-05
LingN 2 2034  F_Median 7.24339e-05
LingN 2 2034  F_Mean 7.34818e-05
LingN 2 2035 F0 0 
LingN 2 2035 Fabc 0.197847
LingN 2 2035 Fofl 0.231286
LingN 2 2035  F_LCI 5.22017e-05
LingN 2 2035  F_UCI 9.53723e-05
LingN 2 2035  F_Median 7.17941e-05
LingN 2 2035  F_Mean 7.2381e-05
LingN 3 2022 Cabc 3.07273e+06
LingN 3 2022 Cofl 3.27816e+06
LingN 3 2022 CLCI 15
LingN 3 2022 CUCI 15
LingN 3 2022 CMedian 15
LingN 3 2022 CMean 15
LingN 3 2022 CStdn 0
LingN 3 2023 Cabc 3.07273e+06
LingN 3 2023 Cofl 3.27816e+06
LingN 3 2023 CLCI 15
LingN 3 2023 CUCI 15
LingN 3 2023 CMedian 15
LingN 3 2023 CMean 15
LingN 3 2023 CStdn 1.50092e-07
LingN 3 2024 Cabc 3.07273e+06
LingN 3 2024 Cofl 3.27816e+06
LingN 3 2024 CLCI 861284
LingN 3 2024 CUCI 893038
LingN 3 2024 CMedian 870273
LingN 3 2024 CMean 872920
LingN 3 2024 CStdn 10644.8
LingN 3 2025 Cabc 3.07273e+06
LingN 3 2025 Cofl 3.27816e+06
LingN 3 2025 CLCI 958086
LingN 3 2025 CUCI 1.07724e+06
LingN 3 2025 CMedian 993155
LingN 3 2025 CMean 1.00294e+06
LingN 3 2025 CStdn 39950.1
LingN 3 2026 Cabc 3.07273e+06
LingN 3 2026 Cofl 3.27816e+06
LingN 3 2026 CLCI 1.05672e+06
LingN 3 2026 CUCI 1.36248e+06
LingN 3 2026 CMedian 1.15156e+06
LingN 3 2026 CMean 1.17319e+06
LingN 3 2026 CStdn 100796
LingN 3 2027 Cabc 3.07273e+06
LingN 3 2027 Cofl 3.27816e+06
LingN 3 2027 CLCI 1.14863e+06
LingN 3 2027 CUCI 1.68341e+06
LingN 3 2027 CMedian 1.32854e+06
LingN 3 2027 CMean 1.36413e+06
LingN 3 2027 CStdn 181551
LingN 3 2028 Cabc 3.07273e+06
LingN 3 2028 Cofl 3.27816e+06
LingN 3 2028 CLCI 1.23655e+06
LingN 3 2028 CUCI 2.01546e+06
LingN 3 2028 CMedian 1.50172e+06
LingN 3 2028 CMean 1.55168e+06
LingN 3 2028 CStdn 260477
LingN 3 2029 Cabc 3.07273e+06
LingN 3 2029 Cofl 3.27816e+06
LingN 3 2029 CLCI 1.2923e+06
LingN 3 2029 CUCI 2.27143e+06
LingN 3 2029 CMedian 1.66011e+06
LingN 3 2029 CMean 1.71077e+06
LingN 3 2029 CStdn 326822
LingN 3 2030 Cabc 3.07273e+06
LingN 3 2030 Cofl 3.27816e+06
LingN 3 2030 CLCI 1.34267e+06
LingN 3 2030 CUCI 2.47154e+06
LingN 3 2030 CMedian 1.78833e+06
LingN 3 2030 CMean 1.82847e+06
LingN 3 2030 CStdn 368514
LingN 3 2031 Cabc 3.07273e+06
LingN 3 2031 Cofl 3.27816e+06
LingN 3 2031 CLCI 1.38218e+06
LingN 3 2031 CUCI 2.58675e+06
LingN 3 2031 CMedian 1.85622e+06
LingN 3 2031 CMean 1.90358e+06
LingN 3 2031 CStdn 388833
LingN 3 2032 Cabc 3.07273e+06
LingN 3 2032 Cofl 3.27816e+06
LingN 3 2032 CLCI 1.41833e+06
LingN 3 2032 CUCI 2.68598e+06
LingN 3 2032 CMedian 1.90069e+06
LingN 3 2032 CMean 1.95047e+06
LingN 3 2032 CStdn 395317
LingN 3 2033 Cabc 3.07273e+06
LingN 3 2033 Cofl 3.27816e+06
LingN 3 2033 CLCI 1.43343e+06
LingN 3 2033 CUCI 2.70372e+06
LingN 3 2033 CMedian 1.9339e+06
LingN 3 2033 CMean 1.98135e+06
LingN 3 2033 CStdn 395204
LingN 3 2034 Cabc 3.07273e+06
LingN 3 2034 Cofl 3.27816e+06
LingN 3 2034 CLCI 1.45842e+06
LingN 3 2034 CUCI 2.70392e+06
LingN 3 2034 CMedian 1.96339e+06
LingN 3 2034 CMean 2.00181e+06
LingN 3 2034 CStdn 391918
LingN 3 2035 Cabc 3.07273e+06
LingN 3 2035 Cofl 3.27816e+06
LingN 3 2035 CLCI 1.46601e+06
LingN 3 2035 CUCI 2.71609e+06
LingN 3 2035 CMedian 1.96395e+06
LingN 3 2035 CMean 2.0181e+06
LingN 3 2035 CStdn 392048
LingN 3 2022 SSBF100 1.81348e+07
LingN 3 2022 SSBFabc 7.2539e+06
LingN 3 2022 SSBFofl 6.34716e+06
LingN 3 2022 SSBLCI 3.36844e+06
LingN 3 2022 SSBUCI 3.36844e+06
LingN 3 2022 SSBMedian 3.36844e+06
LingN 3 2022 SSBMean 3.36844e+06
LingN 3 2023 SSBF100 1.81348e+07
LingN 3 2023 SSBFabc 7.2539e+06
LingN 3 2023 SSBFofl 6.34716e+06
LingN 3 2023 SSBLCI 3.77468e+06
LingN 3 2023 SSBUCI 3.79415e+06
LingN 3 2023 SSBMedian 3.77992e+06
LingN 3 2023 SSBMean 3.78168e+06
LingN 3 2024 SSBF100 1.81348e+07
LingN 3 2024 SSBFabc 7.2539e+06
LingN 3 2024 SSBFofl 6.34716e+06
LingN 3 2024 SSBLCI 4.1077e+06
LingN 3 2024 SSBUCI 4.20864e+06
LingN 3 2024 SSBMedian 4.13629e+06
LingN 3 2024 SSBMean 4.14481e+06
LingN 3 2025 SSBF100 1.81348e+07
LingN 3 2025 SSBFabc 7.2539e+06
LingN 3 2025 SSBFofl 6.34716e+06
LingN 3 2025 SSBLCI 4.45337e+06
LingN 3 2025 SSBUCI 4.81143e+06
LingN 3 2025 SSBMedian 4.55997e+06
LingN 3 2025 SSBMean 4.58891e+06
LingN 3 2026 SSBF100 1.81348e+07
LingN 3 2026 SSBFabc 7.2539e+06
LingN 3 2026 SSBFofl 6.34716e+06
LingN 3 2026 SSBLCI 4.84285e+06
LingN 3 2026 SSBUCI 5.71844e+06
LingN 3 2026 SSBMedian 5.11841e+06
LingN 3 2026 SSBMean 5.18048e+06
LingN 3 2027 SSBF100 1.81348e+07
LingN 3 2027 SSBFabc 7.2539e+06
LingN 3 2027 SSBFofl 6.34716e+06
LingN 3 2027 SSBLCI 5.23727e+06
LingN 3 2027 SSBUCI 6.84041e+06
LingN 3 2027 SSBMedian 5.77379e+06
LingN 3 2027 SSBMean 5.88182e+06
LingN 3 2028 SSBF100 1.81348e+07
LingN 3 2028 SSBFabc 7.2539e+06
LingN 3 2028 SSBFofl 6.34716e+06
LingN 3 2028 SSBLCI 5.64058e+06
LingN 3 2028 SSBUCI 8.09127e+06
LingN 3 2028 SSBMedian 6.48877e+06
LingN 3 2028 SSBMean 6.62751e+06
LingN 3 2029 SSBF100 1.81348e+07
LingN 3 2029 SSBFabc 7.2539e+06
LingN 3 2029 SSBFofl 6.34716e+06
LingN 3 2029 SSBLCI 6.01189e+06
LingN 3 2029 SSBUCI 9.22413e+06
LingN 3 2029 SSBMedian 7.16827e+06
LingN 3 2029 SSBMean 7.35512e+06
LingN 3 2030 SSBF100 1.81348e+07
LingN 3 2030 SSBFabc 7.2539e+06
LingN 3 2030 SSBFofl 6.34716e+06
LingN 3 2030 SSBLCI 6.37727e+06
LingN 3 2030 SSBUCI 1.02515e+07
LingN 3 2030 SSBMedian 7.87619e+06
LingN 3 2030 SSBMean 8.03415e+06
LingN 3 2031 SSBF100 1.81348e+07
LingN 3 2031 SSBFabc 7.2539e+06
LingN 3 2031 SSBFofl 6.34716e+06
LingN 3 2031 SSBLCI 6.71617e+06
LingN 3 2031 SSBUCI 1.11112e+07
LingN 3 2031 SSBMedian 8.43236e+06
LingN 3 2031 SSBMean 8.62625e+06
LingN 3 2032 SSBF100 1.81348e+07
LingN 3 2032 SSBFabc 7.2539e+06
LingN 3 2032 SSBFofl 6.34716e+06
LingN 3 2032 SSBLCI 7.08976e+06
LingN 3 2032 SSBUCI 1.1851e+07
LingN 3 2032 SSBMedian 8.97339e+06
LingN 3 2032 SSBMean 9.14589e+06
LingN 3 2033 SSBF100 1.81348e+07
LingN 3 2033 SSBFabc 7.2539e+06
LingN 3 2033 SSBFofl 6.34716e+06
LingN 3 2033 SSBLCI 7.39627e+06
LingN 3 2033 SSBUCI 1.24549e+07
LingN 3 2033 SSBMedian 9.43011e+06
LingN 3 2033 SSBMean 9.60052e+06
LingN 3 2034 SSBF100 1.81348e+07
LingN 3 2034 SSBFabc 7.2539e+06
LingN 3 2034 SSBFofl 6.34716e+06
LingN 3 2034 SSBLCI 7.6023e+06
LingN 3 2034 SSBUCI 1.28926e+07
LingN 3 2034 SSBMedian 9.82013e+06
LingN 3 2034 SSBMean 9.95218e+06
LingN 3 2035 SSBF100 1.81348e+07
LingN 3 2035 SSBFabc 7.2539e+06
LingN 3 2035 SSBFofl 6.34716e+06
LingN 3 2035 SSBLCI 7.76638e+06
LingN 3 2035 SSBUCI 1.32019e+07
LingN 3 2035 SSBMedian 1.00618e+07
LingN 3 2035 SSBMean 1.02178e+07
LingN 3 2022 F0 0 
LingN 3 2022 Fabc 0.197847
LingN 3 2022 Fofl 0.231286
LingN 3 2022  F_LCI 2.27426e-06
LingN 3 2022  F_UCI 2.27426e-06
LingN 3 2022  F_Median 2.27426e-06
LingN 3 2022  F_Mean 2.27426e-06
LingN 3 2023 F0 0 
LingN 3 2023 Fabc 0.197847
LingN 3 2023 Fofl 0.231286
LingN 3 2023  F_LCI 1.96422e-06
LingN 3 2023  F_UCI 1.97936e-06
LingN 3 2023  F_Median 1.97528e-06
LingN 3 2023  F_Mean 1.97393e-06
LingN 3 2024 F0 0 
LingN 3 2024 Fabc 0.197847
LingN 3 2024 Fofl 0.231286
LingN 3 2024  F_LCI 0.1
LingN 3 2024  F_UCI 0.1
LingN 3 2024  F_Median 0.1
LingN 3 2024  F_Mean 0.1
LingN 3 2025 F0 0 
LingN 3 2025 Fabc 0.197847
LingN 3 2025 Fofl 0.231286
LingN 3 2025  F_LCI 0.1
LingN 3 2025  F_UCI 0.1
LingN 3 2025  F_Median 0.1
LingN 3 2025  F_Mean 0.1
LingN 3 2026 F0 0 
LingN 3 2026 Fabc 0.197847
LingN 3 2026 Fofl 0.231286
LingN 3 2026  F_LCI 0.1
LingN 3 2026  F_UCI 0.1
LingN 3 2026  F_Median 0.1
LingN 3 2026  F_Mean 0.1
LingN 3 2027 F0 0 
LingN 3 2027 Fabc 0.197847
LingN 3 2027 Fofl 0.231286
LingN 3 2027  F_LCI 0.1
LingN 3 2027  F_UCI 0.1
LingN 3 2027  F_Median 0.1
LingN 3 2027  F_Mean 0.1
LingN 3 2028 F0 0 
LingN 3 2028 Fabc 0.197847
LingN 3 2028 Fofl 0.231286
LingN 3 2028  F_LCI 0.1
LingN 3 2028  F_UCI 0.1
LingN 3 2028  F_Median 0.1
LingN 3 2028  F_Mean 0.1
LingN 3 2029 F0 0 
LingN 3 2029 Fabc 0.197847
LingN 3 2029 Fofl 0.231286
LingN 3 2029  F_LCI 0.1
LingN 3 2029  F_UCI 0.1
LingN 3 2029  F_Median 0.1
LingN 3 2029  F_Mean 0.1
LingN 3 2030 F0 0 
LingN 3 2030 Fabc 0.197847
LingN 3 2030 Fofl 0.231286
LingN 3 2030  F_LCI 0.1
LingN 3 2030  F_UCI 0.1
LingN 3 2030  F_Median 0.1
LingN 3 2030  F_Mean 0.1
LingN 3 2031 F0 0 
LingN 3 2031 Fabc 0.197847
LingN 3 2031 Fofl 0.231286
LingN 3 2031  F_LCI 0.1
LingN 3 2031  F_UCI 0.1
LingN 3 2031  F_Median 0.1
LingN 3 2031  F_Mean 0.1
LingN 3 2032 F0 0 
LingN 3 2032 Fabc 0.197847
LingN 3 2032 Fofl 0.231286
LingN 3 2032  F_LCI 0.1
LingN 3 2032  F_UCI 0.1
LingN 3 2032  F_Median 0.1
LingN 3 2032  F_Mean 0.1
LingN 3 2033 F0 0 
LingN 3 2033 Fabc 0.197847
LingN 3 2033 Fofl 0.231286
LingN 3 2033  F_LCI 0.1
LingN 3 2033  F_UCI 0.1
LingN 3 2033  F_Median 0.1
LingN 3 2033  F_Mean 0.1
LingN 3 2034 F0 0 
LingN 3 2034 Fabc 0.197847
LingN 3 2034 Fofl 0.231286
LingN 3 2034  F_LCI 0.1
LingN 3 2034  F_UCI 0.1
LingN 3 2034  F_Median 0.1
LingN 3 2034  F_Mean 0.1
LingN 3 2035 F0 0 
LingN 3 2035 Fabc 0.197847
LingN 3 2035 Fofl 0.231286
LingN 3 2035  F_LCI 0.1
LingN 3 2035  F_UCI 0.1
LingN 3 2035  F_Median 0.1
LingN 3 2035  F_Mean 0.1
LingN 4 2022 Cabc 3.07273e+06
LingN 4 2022 Cofl 3.27816e+06
LingN 4 2022 CLCI 15
LingN 4 2022 CUCI 15
LingN 4 2022 CMedian 15
LingN 4 2022 CMean 15
LingN 4 2022 CStdn 0
LingN 4 2023 Cabc 3.07273e+06
LingN 4 2023 Cofl 3.27816e+06
LingN 4 2023 CLCI 15
LingN 4 2023 CUCI 15
LingN 4 2023 CMedian 15
LingN 4 2023 CMean 15
LingN 4 2023 CStdn 1.50092e-07
LingN 4 2024 Cabc 3.07273e+06
LingN 4 2024 Cofl 3.27816e+06
LingN 4 2024 CLCI 898217
LingN 4 2024 CUCI 931374
LingN 4 2024 CMedian 907603
LingN 4 2024 CMean 910367
LingN 4 2024 CStdn 11115.5
LingN 4 2025 Cabc 3.07273e+06
LingN 4 2025 Cofl 3.27816e+06
LingN 4 2025 CLCI 996543
LingN 4 2025 CUCI 1.1209e+06
LingN 4 2025 CMedian 1.03314e+06
LingN 4 2025 CMean 1.04335e+06
LingN 4 2025 CStdn 41696.2
LingN 4 2026 Cabc 3.07273e+06
LingN 4 2026 Cofl 3.27816e+06
LingN 4 2026 CLCI 1.09665e+06
LingN 4 2026 CUCI 1.4153e+06
LingN 4 2026 CMedian 1.19554e+06
LingN 4 2026 CMean 1.21806e+06
LingN 4 2026 CStdn 105083
LingN 4 2027 Cabc 3.07273e+06
LingN 4 2027 Cofl 3.27816e+06
LingN 4 2027 CLCI 1.18974e+06
LingN 4 2027 CUCI 1.74698e+06
LingN 4 2027 CMedian 1.37677e+06
LingN 4 2027 CMean 1.41399e+06
LingN 4 2027 CStdn 188936
LingN 4 2028 Cabc 3.07273e+06
LingN 4 2028 Cofl 3.27816e+06
LingN 4 2028 CLCI 1.27859e+06
LingN 4 2028 CUCI 2.0869e+06
LingN 4 2028 CMedian 1.5544e+06
LingN 4 2028 CMean 1.6061e+06
LingN 4 2028 CStdn 270482
LingN 4 2029 Cabc 3.07273e+06
LingN 4 2029 Cofl 3.27816e+06
LingN 4 2029 CLCI 1.3347e+06
LingN 4 2029 CUCI 2.34999e+06
LingN 4 2029 CMedian 1.71529e+06
LingN 4 2029 CMean 1.7686e+06
LingN 4 2029 CStdn 338589
LingN 4 2030 Cabc 3.07273e+06
LingN 4 2030 Cofl 3.27816e+06
LingN 4 2030 CLCI 1.3851e+06
LingN 4 2030 CUCI 2.55238e+06
LingN 4 2030 CMedian 1.84654e+06
LingN 4 2030 CMean 1.88845e+06
LingN 4 2030 CStdn 381106
LingN 4 2031 Cabc 3.07273e+06
LingN 4 2031 Cofl 3.27816e+06
LingN 4 2031 CLCI 1.4263e+06
LingN 4 2031 CUCI 2.67009e+06
LingN 4 2031 CMedian 1.91622e+06
LingN 4 2031 CMean 1.9646e+06
LingN 4 2031 CStdn 401705
LingN 4 2032 Cabc 3.07273e+06
LingN 4 2032 Cofl 3.27816e+06
LingN 4 2032 CLCI 1.46142e+06
LingN 4 2032 CUCI 2.76705e+06
LingN 4 2032 CMedian 1.96121e+06
LingN 4 2032 CMean 2.01191e+06
LingN 4 2032 CStdn 408203
LingN 4 2033 Cabc 3.07273e+06
LingN 4 2033 Cofl 3.27816e+06
LingN 4 2033 CLCI 1.47552e+06
LingN 4 2033 CUCI 2.79084e+06
LingN 4 2033 CMedian 1.99308e+06
LingN 4 2033 CMean 2.04291e+06
LingN 4 2033 CStdn 407923
LingN 4 2034 Cabc 3.07273e+06
LingN 4 2034 Cofl 3.27816e+06
LingN 4 2034 CLCI 1.50309e+06
LingN 4 2034 CUCI 2.7883e+06
LingN 4 2034 CMedian 2.02191e+06
LingN 4 2034 CMean 2.06334e+06
LingN 4 2034 CStdn 404446
LingN 4 2035 Cabc 3.07273e+06
LingN 4 2035 Cofl 3.27816e+06
LingN 4 2035 CLCI 1.51017e+06
LingN 4 2035 CUCI 2.79695e+06
LingN 4 2035 CMedian 2.02497e+06
LingN 4 2035 CMean 2.07966e+06
LingN 4 2035 CStdn 404666
LingN 4 2022 SSBF100 1.81348e+07
LingN 4 2022 SSBFabc 7.2539e+06
LingN 4 2022 SSBFofl 6.34716e+06
LingN 4 2022 SSBLCI 3.36844e+06
LingN 4 2022 SSBUCI 3.36844e+06
LingN 4 2022 SSBMedian 3.36844e+06
LingN 4 2022 SSBMean 3.36844e+06
LingN 4 2023 SSBF100 1.81348e+07
LingN 4 2023 SSBFabc 7.2539e+06
LingN 4 2023 SSBFofl 6.34716e+06
LingN 4 2023 SSBLCI 3.77468e+06
LingN 4 2023 SSBUCI 3.79415e+06
LingN 4 2023 SSBMedian 3.77992e+06
LingN 4 2023 SSBMean 3.78168e+06
LingN 4 2024 SSBF100 1.81348e+07
LingN 4 2024 SSBFabc 7.2539e+06
LingN 4 2024 SSBFofl 6.34716e+06
LingN 4 2024 SSBLCI 4.09946e+06
LingN 4 2024 SSBUCI 4.20038e+06
LingN 4 2024 SSBMedian 4.12804e+06
LingN 4 2024 SSBMean 4.13656e+06
LingN 4 2025 SSBF100 1.81348e+07
LingN 4 2025 SSBFabc 7.2539e+06
LingN 4 2025 SSBFofl 6.34716e+06
LingN 4 2025 SSBLCI 4.43287e+06
LingN 4 2025 SSBUCI 4.79062e+06
LingN 4 2025 SSBMedian 4.5394e+06
LingN 4 2025 SSBMean 4.56831e+06
LingN 4 2026 SSBF100 1.81348e+07
LingN 4 2026 SSBFabc 7.2539e+06
LingN 4 2026 SSBFofl 6.34716e+06
LingN 4 2026 SSBLCI 4.80857e+06
LingN 4 2026 SSBUCI 5.68197e+06
LingN 4 2026 SSBMedian 5.08385e+06
LingN 4 2026 SSBMean 5.14556e+06
LingN 4 2027 SSBF100 1.81348e+07
LingN 4 2027 SSBFabc 7.2539e+06
LingN 4 2027 SSBFofl 6.34716e+06
LingN 4 2027 SSBLCI 5.18825e+06
LingN 4 2027 SSBUCI 6.78479e+06
LingN 4 2027 SSBMedian 5.72311e+06
LingN 4 2027 SSBMean 5.8302e+06
LingN 4 2028 SSBF100 1.81348e+07
LingN 4 2028 SSBFabc 7.2539e+06
LingN 4 2028 SSBFofl 6.34716e+06
LingN 4 2028 SSBLCI 5.57754e+06
LingN 4 2028 SSBUCI 8.00743e+06
LingN 4 2028 SSBMedian 6.41733e+06
LingN 4 2028 SSBMean 6.55694e+06
LingN 4 2029 SSBF100 1.81348e+07
LingN 4 2029 SSBFabc 7.2539e+06
LingN 4 2029 SSBFofl 6.34716e+06
LingN 4 2029 SSBLCI 5.93483e+06
LingN 4 2029 SSBUCI 9.10904e+06
LingN 4 2029 SSBMedian 7.07898e+06
LingN 4 2029 SSBMean 7.26436e+06
LingN 4 2030 SSBF100 1.81348e+07
LingN 4 2030 SSBFabc 7.2539e+06
LingN 4 2030 SSBFofl 6.34716e+06
LingN 4 2030 SSBLCI 6.28336e+06
LingN 4 2030 SSBUCI 1.01142e+07
LingN 4 2030 SSBMedian 7.76425e+06
LingN 4 2030 SSBMean 7.92303e+06
LingN 4 2031 SSBF100 1.81348e+07
LingN 4 2031 SSBFabc 7.2539e+06
LingN 4 2031 SSBFofl 6.34716e+06
LingN 4 2031 SSBLCI 6.61785e+06
LingN 4 2031 SSBUCI 1.09564e+07
LingN 4 2031 SSBMedian 8.30515e+06
LingN 4 2031 SSBMean 8.49604e+06
LingN 4 2032 SSBF100 1.81348e+07
LingN 4 2032 SSBFabc 7.2539e+06
LingN 4 2032 SSBFofl 6.34716e+06
LingN 4 2032 SSBLCI 6.97312e+06
LingN 4 2032 SSBUCI 1.16471e+07
LingN 4 2032 SSBMedian 8.82307e+06
LingN 4 2032 SSBMean 8.99807e+06
LingN 4 2033 SSBF100 1.81348e+07
LingN 4 2033 SSBFabc 7.2539e+06
LingN 4 2033 SSBFofl 6.34716e+06
LingN 4 2033 SSBLCI 7.27655e+06
LingN 4 2033 SSBUCI 1.22559e+07
LingN 4 2033 SSBMedian 9.26769e+06
LingN 4 2033 SSBMean 9.43681e+06
LingN 4 2034 SSBF100 1.81348e+07
LingN 4 2034 SSBFabc 7.2539e+06
LingN 4 2034 SSBFofl 6.34716e+06
LingN 4 2034 SSBLCI 7.46098e+06
LingN 4 2034 SSBUCI 1.26531e+07
LingN 4 2034 SSBMedian 9.65761e+06
LingN 4 2034 SSBMean 9.77561e+06
LingN 4 2035 SSBF100 1.81348e+07
LingN 4 2035 SSBFabc 7.2539e+06
LingN 4 2035 SSBFofl 6.34716e+06
LingN 4 2035 SSBLCI 7.61775e+06
LingN 4 2035 SSBUCI 1.29681e+07
LingN 4 2035 SSBMedian 9.88865e+06
LingN 4 2035 SSBMean 1.00312e+07
LingN 4 2022 F0 0 
LingN 4 2022 Fabc 0.197847
LingN 4 2022 Fofl 0.231286
LingN 4 2022  F_LCI 2.27426e-06
LingN 4 2022  F_UCI 2.27426e-06
LingN 4 2022  F_Median 2.27426e-06
LingN 4 2022  F_Mean 2.27426e-06
LingN 4 2023 F0 0 
LingN 4 2023 Fabc 0.197847
LingN 4 2023 Fofl 0.231286
LingN 4 2023  F_LCI 1.96422e-06
LingN 4 2023  F_UCI 1.97936e-06
LingN 4 2023  F_Median 1.97528e-06
LingN 4 2023  F_Mean 1.97393e-06
LingN 4 2024 F0 0 
LingN 4 2024 Fabc 0.197847
LingN 4 2024 Fofl 0.231286
LingN 4 2024  F_LCI 0.104436
LingN 4 2024  F_UCI 0.104436
LingN 4 2024  F_Median 0.104436
LingN 4 2024  F_Mean 0.104436
LingN 4 2025 F0 0 
LingN 4 2025 Fabc 0.197847
LingN 4 2025 Fofl 0.231286
LingN 4 2025  F_LCI 0.104436
LingN 4 2025  F_UCI 0.104436
LingN 4 2025  F_Median 0.104436
LingN 4 2025  F_Mean 0.104436
LingN 4 2026 F0 0 
LingN 4 2026 Fabc 0.197847
LingN 4 2026 Fofl 0.231286
LingN 4 2026  F_LCI 0.104436
LingN 4 2026  F_UCI 0.104436
LingN 4 2026  F_Median 0.104436
LingN 4 2026  F_Mean 0.104436
LingN 4 2027 F0 0 
LingN 4 2027 Fabc 0.197847
LingN 4 2027 Fofl 0.231286
LingN 4 2027  F_LCI 0.104436
LingN 4 2027  F_UCI 0.104436
LingN 4 2027  F_Median 0.104436
LingN 4 2027  F_Mean 0.104436
LingN 4 2028 F0 0 
LingN 4 2028 Fabc 0.197847
LingN 4 2028 Fofl 0.231286
LingN 4 2028  F_LCI 0.104436
LingN 4 2028  F_UCI 0.104436
LingN 4 2028  F_Median 0.104436
LingN 4 2028  F_Mean 0.104436
LingN 4 2029 F0 0 
LingN 4 2029 Fabc 0.197847
LingN 4 2029 Fofl 0.231286
LingN 4 2029  F_LCI 0.104436
LingN 4 2029  F_UCI 0.104436
LingN 4 2029  F_Median 0.104436
LingN 4 2029  F_Mean 0.104436
LingN 4 2030 F0 0 
LingN 4 2030 Fabc 0.197847
LingN 4 2030 Fofl 0.231286
LingN 4 2030  F_LCI 0.104436
LingN 4 2030  F_UCI 0.104436
LingN 4 2030  F_Median 0.104436
LingN 4 2030  F_Mean 0.104436
LingN 4 2031 F0 0 
LingN 4 2031 Fabc 0.197847
LingN 4 2031 Fofl 0.231286
LingN 4 2031  F_LCI 0.104436
LingN 4 2031  F_UCI 0.104436
LingN 4 2031  F_Median 0.104436
LingN 4 2031  F_Mean 0.104436
LingN 4 2032 F0 0 
LingN 4 2032 Fabc 0.197847
LingN 4 2032 Fofl 0.231286
LingN 4 2032  F_LCI 0.104436
LingN 4 2032  F_UCI 0.104436
LingN 4 2032  F_Median 0.104436
LingN 4 2032  F_Mean 0.104436
LingN 4 2033 F0 0 
LingN 4 2033 Fabc 0.197847
LingN 4 2033 Fofl 0.231286
LingN 4 2033  F_LCI 0.104436
LingN 4 2033  F_UCI 0.104436
LingN 4 2033  F_Median 0.104436
LingN 4 2033  F_Mean 0.104436
LingN 4 2034 F0 0 
LingN 4 2034 Fabc 0.197847
LingN 4 2034 Fofl 0.231286
LingN 4 2034  F_LCI 0.104436
LingN 4 2034  F_UCI 0.104436
LingN 4 2034  F_Median 0.104436
LingN 4 2034  F_Mean 0.104436
LingN 4 2035 F0 0 
LingN 4 2035 Fabc 0.197847
LingN 4 2035 Fofl 0.231286
LingN 4 2035  F_LCI 0.104436
LingN 4 2035  F_UCI 0.104436
LingN 4 2035  F_Median 0.104436
LingN 4 2035  F_Mean 0.104436
LingN 5 2022 Cabc 3.07273e+06
LingN 5 2022 Cofl 3.27816e+06
LingN 5 2022 CLCI 15
LingN 5 2022 CUCI 15
LingN 5 2022 CMedian 15
LingN 5 2022 CMean 15
LingN 5 2022 CStdn 0
LingN 5 2023 Cabc 3.07273e+06
LingN 5 2023 Cofl 3.27816e+06
LingN 5 2023 CLCI 15
LingN 5 2023 CUCI 15
LingN 5 2023 CMedian 15
LingN 5 2023 CMean 15
LingN 5 2023 CStdn 1.50092e-07
LingN 5 2024 Cabc 3.07273e+06
LingN 5 2024 Cofl 3.27816e+06
LingN 5 2024 CLCI 0
LingN 5 2024 CUCI 0
LingN 5 2024 CMedian 0
LingN 5 2024 CMean 0
LingN 5 2024 CStdn 0
LingN 5 2025 Cabc 3.07273e+06
LingN 5 2025 Cofl 3.27816e+06
LingN 5 2025 CLCI 0
LingN 5 2025 CUCI 0
LingN 5 2025 CMedian 0
LingN 5 2025 CMean 0
LingN 5 2025 CStdn 0
LingN 5 2026 Cabc 3.07273e+06
LingN 5 2026 Cofl 3.27816e+06
LingN 5 2026 CLCI 0
LingN 5 2026 CUCI 0
LingN 5 2026 CMedian 0
LingN 5 2026 CMean 0
LingN 5 2026 CStdn 0
LingN 5 2027 Cabc 3.07273e+06
LingN 5 2027 Cofl 3.27816e+06
LingN 5 2027 CLCI 0
LingN 5 2027 CUCI 0
LingN 5 2027 CMedian 0
LingN 5 2027 CMean 0
LingN 5 2027 CStdn 0
LingN 5 2028 Cabc 3.07273e+06
LingN 5 2028 Cofl 3.27816e+06
LingN 5 2028 CLCI 0
LingN 5 2028 CUCI 0
LingN 5 2028 CMedian 0
LingN 5 2028 CMean 0
LingN 5 2028 CStdn 0
LingN 5 2029 Cabc 3.07273e+06
LingN 5 2029 Cofl 3.27816e+06
LingN 5 2029 CLCI 0
LingN 5 2029 CUCI 0
LingN 5 2029 CMedian 0
LingN 5 2029 CMean 0
LingN 5 2029 CStdn 0
LingN 5 2030 Cabc 3.07273e+06
LingN 5 2030 Cofl 3.27816e+06
LingN 5 2030 CLCI 0
LingN 5 2030 CUCI 0
LingN 5 2030 CMedian 0
LingN 5 2030 CMean 0
LingN 5 2030 CStdn 0
LingN 5 2031 Cabc 3.07273e+06
LingN 5 2031 Cofl 3.27816e+06
LingN 5 2031 CLCI 0
LingN 5 2031 CUCI 0
LingN 5 2031 CMedian 0
LingN 5 2031 CMean 0
LingN 5 2031 CStdn 0
LingN 5 2032 Cabc 3.07273e+06
LingN 5 2032 Cofl 3.27816e+06
LingN 5 2032 CLCI 0
LingN 5 2032 CUCI 0
LingN 5 2032 CMedian 0
LingN 5 2032 CMean 0
LingN 5 2032 CStdn 0
LingN 5 2033 Cabc 3.07273e+06
LingN 5 2033 Cofl 3.27816e+06
LingN 5 2033 CLCI 0
LingN 5 2033 CUCI 0
LingN 5 2033 CMedian 0
LingN 5 2033 CMean 0
LingN 5 2033 CStdn 0
LingN 5 2034 Cabc 3.07273e+06
LingN 5 2034 Cofl 3.27816e+06
LingN 5 2034 CLCI 0
LingN 5 2034 CUCI 0
LingN 5 2034 CMedian 0
LingN 5 2034 CMean 0
LingN 5 2034 CStdn 0
LingN 5 2035 Cabc 3.07273e+06
LingN 5 2035 Cofl 3.27816e+06
LingN 5 2035 CLCI 0
LingN 5 2035 CUCI 0
LingN 5 2035 CMedian 0
LingN 5 2035 CMean 0
LingN 5 2035 CStdn 0
LingN 5 2022 SSBF100 1.81348e+07
LingN 5 2022 SSBFabc 7.2539e+06
LingN 5 2022 SSBFofl 6.34716e+06
LingN 5 2022 SSBLCI 3.36844e+06
LingN 5 2022 SSBUCI 3.36844e+06
LingN 5 2022 SSBMedian 3.36844e+06
LingN 5 2022 SSBMean 3.36844e+06
LingN 5 2023 SSBF100 1.81348e+07
LingN 5 2023 SSBFabc 7.2539e+06
LingN 5 2023 SSBFofl 6.34716e+06
LingN 5 2023 SSBLCI 3.77468e+06
LingN 5 2023 SSBUCI 3.79415e+06
LingN 5 2023 SSBMedian 3.77992e+06
LingN 5 2023 SSBMean 3.78168e+06
LingN 5 2024 SSBF100 1.81348e+07
LingN 5 2024 SSBFabc 7.2539e+06
LingN 5 2024 SSBFofl 6.34716e+06
LingN 5 2024 SSBLCI 4.2989e+06
LingN 5 2024 SSBUCI 4.40028e+06
LingN 5 2024 SSBMedian 4.3276e+06
LingN 5 2024 SSBMean 4.33616e+06
LingN 5 2025 SSBF100 1.81348e+07
LingN 5 2025 SSBFabc 7.2539e+06
LingN 5 2025 SSBFofl 6.34716e+06
LingN 5 2025 SSBLCI 4.9468e+06
LingN 5 2025 SSBUCI 5.31143e+06
LingN 5 2025 SSBMedian 5.05487e+06
LingN 5 2025 SSBMean 5.0846e+06
LingN 5 2026 SSBF100 1.81348e+07
LingN 5 2026 SSBFabc 7.2539e+06
LingN 5 2026 SSBFofl 6.34716e+06
LingN 5 2026 SSBLCI 5.69441e+06
LingN 5 2026 SSBUCI 6.62415e+06
LingN 5 2026 SSBMedian 5.98475e+06
LingN 5 2026 SSBMean 6.04985e+06
LingN 5 2027 SSBF100 1.81348e+07
LingN 5 2027 SSBFabc 7.2539e+06
LingN 5 2027 SSBFofl 6.34716e+06
LingN 5 2027 SSBLCI 6.50149e+06
LingN 5 2027 SSBUCI 8.26152e+06
LingN 5 2027 SSBMedian 7.08295e+06
LingN 5 2027 SSBMean 7.20806e+06
LingN 5 2028 SSBF100 1.81348e+07
LingN 5 2028 SSBFabc 7.2539e+06
LingN 5 2028 SSBFofl 6.34716e+06
LingN 5 2028 SSBLCI 7.34655e+06
LingN 5 2028 SSBUCI 1.02007e+07
LingN 5 2028 SSBMedian 8.32594e+06
LingN 5 2028 SSBMean 8.49308e+06
LingN 5 2029 SSBF100 1.81348e+07
LingN 5 2029 SSBFabc 7.2539e+06
LingN 5 2029 SSBFofl 6.34716e+06
LingN 5 2029 SSBLCI 8.15738e+06
LingN 5 2029 SSBUCI 1.21058e+07
LingN 5 2029 SSBMedian 9.57246e+06
LingN 5 2029 SSBMean 9.8189e+06
LingN 5 2030 SSBF100 1.81348e+07
LingN 5 2030 SSBFabc 7.2539e+06
LingN 5 2030 SSBFofl 6.34716e+06
LingN 5 2030 SSBLCI 8.9701e+06
LingN 5 2030 SSBUCI 1.3983e+07
LingN 5 2030 SSBMedian 1.08761e+07
LingN 5 2030 SSBMean 1.11222e+07
LingN 5 2031 SSBF100 1.81348e+07
LingN 5 2031 SSBFabc 7.2539e+06
LingN 5 2031 SSBFofl 6.34716e+06
LingN 5 2031 SSBLCI 9.70905e+06
LingN 5 2031 SSBUCI 1.57494e+07
LingN 5 2031 SSBMedian 1.20654e+07
LingN 5 2031 SSBMean 1.23178e+07
LingN 5 2032 SSBF100 1.81348e+07
LingN 5 2032 SSBFabc 7.2539e+06
LingN 5 2032 SSBFofl 6.34716e+06
LingN 5 2032 SSBLCI 1.05052e+07
LingN 5 2032 SSBUCI 1.71744e+07
LingN 5 2032 SSBMedian 1.31194e+07
LingN 5 2032 SSBMean 1.34081e+07
LingN 5 2033 SSBF100 1.81348e+07
LingN 5 2033 SSBFabc 7.2539e+06
LingN 5 2033 SSBFofl 6.34716e+06
LingN 5 2033 SSBLCI 1.1117e+07
LingN 5 2033 SSBUCI 1.86367e+07
LingN 5 2033 SSBMedian 1.41248e+07
LingN 5 2033 SSBMean 1.43874e+07
LingN 5 2034 SSBF100 1.81348e+07
LingN 5 2034 SSBFabc 7.2539e+06
LingN 5 2034 SSBFofl 6.34716e+06
LingN 5 2034 SSBLCI 1.16893e+07
LingN 5 2034 SSBUCI 1.96355e+07
LingN 5 2034 SSBMedian 1.49415e+07
LingN 5 2034 SSBMean 1.51737e+07
LingN 5 2035 SSBF100 1.81348e+07
LingN 5 2035 SSBFabc 7.2539e+06
LingN 5 2035 SSBFofl 6.34716e+06
LingN 5 2035 SSBLCI 1.20537e+07
LingN 5 2035 SSBUCI 2.01906e+07
LingN 5 2035 SSBMedian 1.55569e+07
LingN 5 2035 SSBMean 1.57867e+07
LingN 5 2022 F0 0 
LingN 5 2022 Fabc 0.197847
LingN 5 2022 Fofl 0.231286
LingN 5 2022  F_LCI 2.27426e-06
LingN 5 2022  F_UCI 2.27426e-06
LingN 5 2022  F_Median 2.27426e-06
LingN 5 2022  F_Mean 2.27426e-06
LingN 5 2023 F0 0 
LingN 5 2023 Fabc 0.197847
LingN 5 2023 Fofl 0.231286
LingN 5 2023  F_LCI 1.96422e-06
LingN 5 2023  F_UCI 1.97936e-06
LingN 5 2023  F_Median 1.97528e-06
LingN 5 2023  F_Mean 1.97393e-06
LingN 5 2024 F0 0 
LingN 5 2024 Fabc 0.197847
LingN 5 2024 Fofl 0.231286
LingN 5 2024  F_LCI 0
LingN 5 2024  F_UCI 0
LingN 5 2024  F_Median 0
LingN 5 2024  F_Mean 0
LingN 5 2025 F0 0 
LingN 5 2025 Fabc 0.197847
LingN 5 2025 Fofl 0.231286
LingN 5 2025  F_LCI 0
LingN 5 2025  F_UCI 0
LingN 5 2025  F_Median 0
LingN 5 2025  F_Mean 0
LingN 5 2026 F0 0 
LingN 5 2026 Fabc 0.197847
LingN 5 2026 Fofl 0.231286
LingN 5 2026  F_LCI 0
LingN 5 2026  F_UCI 0
LingN 5 2026  F_Median 0
LingN 5 2026  F_Mean 0
LingN 5 2027 F0 0 
LingN 5 2027 Fabc 0.197847
LingN 5 2027 Fofl 0.231286
LingN 5 2027  F_LCI 0
LingN 5 2027  F_UCI 0
LingN 5 2027  F_Median 0
LingN 5 2027  F_Mean 0
LingN 5 2028 F0 0 
LingN 5 2028 Fabc 0.197847
LingN 5 2028 Fofl 0.231286
LingN 5 2028  F_LCI 0
LingN 5 2028  F_UCI 0
LingN 5 2028  F_Median 0
LingN 5 2028  F_Mean 0
LingN 5 2029 F0 0 
LingN 5 2029 Fabc 0.197847
LingN 5 2029 Fofl 0.231286
LingN 5 2029  F_LCI 0
LingN 5 2029  F_UCI 0
LingN 5 2029  F_Median 0
LingN 5 2029  F_Mean 0
LingN 5 2030 F0 0 
LingN 5 2030 Fabc 0.197847
LingN 5 2030 Fofl 0.231286
LingN 5 2030  F_LCI 0
LingN 5 2030  F_UCI 0
LingN 5 2030  F_Median 0
LingN 5 2030  F_Mean 0
LingN 5 2031 F0 0 
LingN 5 2031 Fabc 0.197847
LingN 5 2031 Fofl 0.231286
LingN 5 2031  F_LCI 0
LingN 5 2031  F_UCI 0
LingN 5 2031  F_Median 0
LingN 5 2031  F_Mean 0
LingN 5 2032 F0 0 
LingN 5 2032 Fabc 0.197847
LingN 5 2032 Fofl 0.231286
LingN 5 2032  F_LCI 0
LingN 5 2032  F_UCI 0
LingN 5 2032  F_Median 0
LingN 5 2032  F_Mean 0
LingN 5 2033 F0 0 
LingN 5 2033 Fabc 0.197847
LingN 5 2033 Fofl 0.231286
LingN 5 2033  F_LCI 0
LingN 5 2033  F_UCI 0
LingN 5 2033  F_Median 0
LingN 5 2033  F_Mean 0
LingN 5 2034 F0 0 
LingN 5 2034 Fabc 0.197847
LingN 5 2034 Fofl 0.231286
LingN 5 2034  F_LCI 0
LingN 5 2034  F_UCI 0
LingN 5 2034  F_Median 0
LingN 5 2034  F_Mean 0
LingN 5 2035 F0 0 
LingN 5 2035 Fabc 0.197847
LingN 5 2035 Fofl 0.231286
LingN 5 2035  F_LCI 0
LingN 5 2035  F_UCI 0
LingN 5 2035  F_Median 0
LingN 5 2035  F_Mean 0
LingN 6 2022 Cabc 3.07273e+06
LingN 6 2022 Cofl 3.27816e+06
LingN 6 2022 CLCI 15
LingN 6 2022 CUCI 15
LingN 6 2022 CMedian 15
LingN 6 2022 CMean 15
LingN 6 2022 CStdn 0
LingN 6 2023 Cabc 3.07273e+06
LingN 6 2023 Cofl 3.27816e+06
LingN 6 2023 CLCI 793780
LingN 6 2023 CUCI 804490
LingN 6 2023 CMedian 796657
LingN 6 2023 CMean 797628
LingN 6 2023 CStdn 3633.24
LingN 6 2024 Cabc 3.07273e+06
LingN 6 2024 Cofl 3.27816e+06
LingN 6 2024 CLCI 935399
LingN 6 2024 CUCI 997296
LingN 6 2024 CMedian 952698
LingN 6 2024 CMean 958011
LingN 6 2024 CStdn 20910.3
LingN 6 2025 Cabc 3.07273e+06
LingN 6 2025 Cofl 3.27816e+06
LingN 6 2025 CLCI 1.12737e+06
LingN 6 2025 CUCI 1.38074e+06
LingN 6 2025 CMedian 1.19967e+06
LingN 6 2025 CMean 1.22154e+06
LingN 6 2025 CStdn 86529.7
LingN 6 2026 Cabc 3.07273e+06
LingN 6 2026 Cofl 3.27816e+06
LingN 6 2026 CLCI 1.3386e+06
LingN 6 2026 CUCI 2.04335e+06
LingN 6 2026 CMedian 1.54573e+06
LingN 6 2026 CMean 1.60205e+06
LingN 6 2026 CStdn 243491
LingN 6 2027 Cabc 3.07273e+06
LingN 6 2027 Cofl 3.27816e+06
LingN 6 2027 CLCI 1.53662e+06
LingN 6 2027 CUCI 2.90031e+06
LingN 6 2027 CMedian 1.95386e+06
LingN 6 2027 CMean 2.05902e+06
LingN 6 2027 CStdn 472475
LingN 6 2028 Cabc 3.07273e+06
LingN 6 2028 Cofl 3.27816e+06
LingN 6 2028 CLCI 1.71723e+06
LingN 6 2028 CUCI 3.71755e+06
LingN 6 2028 CMedian 2.35763e+06
LingN 6 2028 CMean 2.50006e+06
LingN 6 2028 CStdn 667366
LingN 6 2029 Cabc 3.07273e+06
LingN 6 2029 Cofl 3.27816e+06
LingN 6 2029 CLCI 1.82869e+06
LingN 6 2029 CUCI 4.30216e+06
LingN 6 2029 CMedian 2.71344e+06
LingN 6 2029 CMean 2.83656e+06
LingN 6 2029 CStdn 776920
LingN 6 2030 Cabc 3.07273e+06
LingN 6 2030 Cofl 3.27816e+06
LingN 6 2030 CLCI 1.93344e+06
LingN 6 2030 CUCI 4.49437e+06
LingN 6 2030 CMedian 2.94877e+06
LingN 6 2030 CMean 3.04865e+06
LingN 6 2030 CStdn 818639
LingN 6 2031 Cabc 3.07273e+06
LingN 6 2031 Cofl 3.27816e+06
LingN 6 2031 CLCI 1.98294e+06
LingN 6 2031 CUCI 4.53549e+06
LingN 6 2031 CMedian 3.04733e+06
LingN 6 2031 CMean 3.1467e+06
LingN 6 2031 CStdn 822778
LingN 6 2032 Cabc 3.07273e+06
LingN 6 2032 Cofl 3.27816e+06
LingN 6 2032 CLCI 2.04028e+06
LingN 6 2032 CUCI 4.58238e+06
LingN 6 2032 CMedian 3.10079e+06
LingN 6 2032 CMean 3.18588e+06
LingN 6 2032 CStdn 806883
LingN 6 2033 Cabc 3.07273e+06
LingN 6 2033 Cofl 3.27816e+06
LingN 6 2033 CLCI 2.05375e+06
LingN 6 2033 CUCI 4.58339e+06
LingN 6 2033 CMedian 3.11233e+06
LingN 6 2033 CMean 3.20102e+06
LingN 6 2033 CStdn 790509
LingN 6 2034 Cabc 3.07273e+06
LingN 6 2034 Cofl 3.27816e+06
LingN 6 2034 CLCI 2.04784e+06
LingN 6 2034 CUCI 4.5537e+06
LingN 6 2034 CMedian 3.09513e+06
LingN 6 2034 CMean 3.19479e+06
LingN 6 2034 CStdn 782268
LingN 6 2035 Cabc 3.07273e+06
LingN 6 2035 Cofl 3.27816e+06
LingN 6 2035 CLCI 2.08011e+06
LingN 6 2035 CUCI 4.52187e+06
LingN 6 2035 CMedian 3.09623e+06
LingN 6 2035 CMean 3.18611e+06
LingN 6 2035 CStdn 790522
LingN 6 2022 SSBF100 1.81348e+07
LingN 6 2022 SSBFabc 7.2539e+06
LingN 6 2022 SSBFofl 6.34716e+06
LingN 6 2022 SSBLCI 3.36844e+06
LingN 6 2022 SSBUCI 3.36844e+06
LingN 6 2022 SSBMedian 3.36844e+06
LingN 6 2022 SSBMean 3.36844e+06
LingN 6 2023 SSBF100 1.81348e+07
LingN 6 2023 SSBFabc 7.2539e+06
LingN 6 2023 SSBFofl 6.34716e+06
LingN 6 2023 SSBLCI 3.59487e+06
LingN 6 2023 SSBUCI 3.61332e+06
LingN 6 2023 SSBMedian 3.59984e+06
LingN 6 2023 SSBMean 3.60151e+06
LingN 6 2024 SSBF100 1.81348e+07
LingN 6 2024 SSBFabc 7.2539e+06
LingN 6 2024 SSBFofl 6.34716e+06
LingN 6 2024 SSBLCI 3.83057e+06
LingN 6 2024 SSBUCI 3.9245e+06
LingN 6 2024 SSBMedian 3.85722e+06
LingN 6 2024 SSBMean 3.86515e+06
LingN 6 2025 SSBF100 1.81348e+07
LingN 6 2025 SSBFabc 7.2539e+06
LingN 6 2025 SSBFofl 6.34716e+06
LingN 6 2025 SSBLCI 4.11929e+06
LingN 6 2025 SSBUCI 4.44538e+06
LingN 6 2025 SSBMedian 4.21675e+06
LingN 6 2025 SSBMean 4.24318e+06
LingN 6 2026 SSBF100 1.81348e+07
LingN 6 2026 SSBFabc 7.2539e+06
LingN 6 2026 SSBFofl 6.34716e+06
LingN 6 2026 SSBLCI 4.42396e+06
LingN 6 2026 SSBUCI 5.18541e+06
LingN 6 2026 SSBMedian 4.66849e+06
LingN 6 2026 SSBMean 4.72171e+06
LingN 6 2027 SSBF100 1.81348e+07
LingN 6 2027 SSBFabc 7.2539e+06
LingN 6 2027 SSBFofl 6.34716e+06
LingN 6 2027 SSBLCI 4.70307e+06
LingN 6 2027 SSBUCI 6.00816e+06
LingN 6 2027 SSBMedian 5.14882e+06
LingN 6 2027 SSBMean 5.23365e+06
LingN 6 2028 SSBF100 1.81348e+07
LingN 6 2028 SSBFabc 7.2539e+06
LingN 6 2028 SSBFofl 6.34716e+06
LingN 6 2028 SSBLCI 4.95777e+06
LingN 6 2028 SSBUCI 6.72343e+06
LingN 6 2028 SSBMedian 5.59573e+06
LingN 6 2028 SSBMean 5.69794e+06
LingN 6 2029 SSBF100 1.81348e+07
LingN 6 2029 SSBFabc 7.2539e+06
LingN 6 2029 SSBFofl 6.34716e+06
LingN 6 2029 SSBLCI 5.14285e+06
LingN 6 2029 SSBUCI 7.21499e+06
LingN 6 2029 SSBMedian 5.98597e+06
LingN 6 2029 SSBMean 6.06652e+06
LingN 6 2030 SSBF100 1.81348e+07
LingN 6 2030 SSBFabc 7.2539e+06
LingN 6 2030 SSBFofl 6.34716e+06
LingN 6 2030 SSBLCI 5.31603e+06
LingN 6 2030 SSBUCI 7.59838e+06
LingN 6 2030 SSBMedian 6.27072e+06
LingN 6 2030 SSBMean 6.34155e+06
LingN 6 2031 SSBF100 1.81348e+07
LingN 6 2031 SSBFabc 7.2539e+06
LingN 6 2031 SSBFofl 6.34716e+06
LingN 6 2031 SSBLCI 5.4773e+06
LingN 6 2031 SSBUCI 7.85366e+06
LingN 6 2031 SSBMedian 6.43695e+06
LingN 6 2031 SSBMean 6.52651e+06
LingN 6 2032 SSBF100 1.81348e+07
LingN 6 2032 SSBFabc 7.2539e+06
LingN 6 2032 SSBFofl 6.34716e+06
LingN 6 2032 SSBLCI 5.57409e+06
LingN 6 2032 SSBUCI 8.06558e+06
LingN 6 2032 SSBMedian 6.5629e+06
LingN 6 2032 SSBMean 6.65735e+06
LingN 6 2033 SSBF100 1.81348e+07
LingN 6 2033 SSBFabc 7.2539e+06
LingN 6 2033 SSBFofl 6.34716e+06
LingN 6 2033 SSBLCI 5.66717e+06
LingN 6 2033 SSBUCI 8.21509e+06
LingN 6 2033 SSBMedian 6.66464e+06
LingN 6 2033 SSBMean 6.75176e+06
LingN 6 2034 SSBF100 1.81348e+07
LingN 6 2034 SSBFabc 7.2539e+06
LingN 6 2034 SSBFofl 6.34716e+06
LingN 6 2034 SSBLCI 5.69698e+06
LingN 6 2034 SSBUCI 8.24619e+06
LingN 6 2034 SSBMedian 6.69354e+06
LingN 6 2034 SSBMean 6.79727e+06
LingN 6 2035 SSBF100 1.81348e+07
LingN 6 2035 SSBFabc 7.2539e+06
LingN 6 2035 SSBFofl 6.34716e+06
LingN 6 2035 SSBLCI 5.69751e+06
LingN 6 2035 SSBUCI 8.33059e+06
LingN 6 2035 SSBMedian 6.68622e+06
LingN 6 2035 SSBMean 6.81658e+06
LingN 6 2022 F0 0 
LingN 6 2022 Fabc 0.197847
LingN 6 2022 Fofl 0.231286
LingN 6 2022  F_LCI 2.27426e-06
LingN 6 2022  F_UCI 2.27426e-06
LingN 6 2022  F_Median 2.27426e-06
LingN 6 2022  F_Mean 2.27426e-06
LingN 6 2023 F0 0 
LingN 6 2023 Fabc 0.197847
LingN 6 2023 Fofl 0.231286
LingN 6 2023  F_LCI 0.108465
LingN 6 2023  F_UCI 0.109085
LingN 6 2023  F_Median 0.108632
LingN 6 2023  F_Mean 0.108688
LingN 6 2024 F0 0 
LingN 6 2024 Fabc 0.197847
LingN 6 2024 Fofl 0.231286
LingN 6 2024  F_LCI 0.116375
LingN 6 2024  F_UCI 0.119528
LingN 6 2024  F_Median 0.117269
LingN 6 2024  F_Mean 0.117536
LingN 6 2025 F0 0 
LingN 6 2025 Fabc 0.197847
LingN 6 2025 Fofl 0.231286
LingN 6 2025  F_LCI 0.126062
LingN 6 2025  F_UCI 0.137008
LingN 6 2025  F_Median 0.129334
LingN 6 2025  F_Mean 0.130221
LingN 6 2026 F0 0 
LingN 6 2026 Fabc 0.197847
LingN 6 2026 Fofl 0.231286
LingN 6 2026  F_LCI 0.136284
LingN 6 2026  F_UCI 0.161845
LingN 6 2026  F_Median 0.144493
LingN 6 2026  F_Mean 0.146279
LingN 6 2027 F0 0 
LingN 6 2027 Fabc 0.197847
LingN 6 2027 Fofl 0.231286
LingN 6 2027  F_LCI 0.145649
LingN 6 2027  F_UCI 0.189468
LingN 6 2027  F_Median 0.160611
LingN 6 2027  F_Mean 0.163419
LingN 6 2028 F0 0 
LingN 6 2028 Fabc 0.197847
LingN 6 2028 Fofl 0.231286
LingN 6 2028  F_LCI 0.154195
LingN 6 2028  F_UCI 0.213511
LingN 6 2028  F_Median 0.175613
LingN 6 2028  F_Mean 0.178697
LingN 6 2029 F0 0 
LingN 6 2029 Fabc 0.197847
LingN 6 2029 Fofl 0.231286
LingN 6 2029  F_LCI 0.160413
LingN 6 2029  F_UCI 0.230008
LingN 6 2029  F_Median 0.188721
LingN 6 2029  F_Mean 0.190352
LingN 6 2030 F0 0 
LingN 6 2030 Fabc 0.197847
LingN 6 2030 Fofl 0.231286
LingN 6 2030  F_LCI 0.16623
LingN 6 2030  F_UCI 0.231286
LingN 6 2030  F_Median 0.198289
LingN 6 2030  F_Mean 0.19867
LingN 6 2031 F0 0 
LingN 6 2031 Fabc 0.197847
LingN 6 2031 Fofl 0.231286
LingN 6 2031  F_LCI 0.171638
LingN 6 2031  F_UCI 0.231286
LingN 6 2031  F_Median 0.203877
LingN 6 2031  F_Mean 0.203783
LingN 6 2032 F0 0 
LingN 6 2032 Fabc 0.197847
LingN 6 2032 Fofl 0.231286
LingN 6 2032  F_LCI 0.174893
LingN 6 2032  F_UCI 0.231286
LingN 6 2032  F_Median 0.20811
LingN 6 2032  F_Mean 0.207207
LingN 6 2033 F0 0 
LingN 6 2033 Fabc 0.197847
LingN 6 2033 Fofl 0.231286
LingN 6 2033  F_LCI 0.178016
LingN 6 2033  F_UCI 0.231286
LingN 6 2033  F_Median 0.211526
LingN 6 2033  F_Mean 0.209676
LingN 6 2034 F0 0 
LingN 6 2034 Fabc 0.197847
LingN 6 2034 Fofl 0.231286
LingN 6 2034  F_LCI 0.179016
LingN 6 2034  F_UCI 0.231286
LingN 6 2034  F_Median 0.212502
LingN 6 2034  F_Mean 0.210703
LingN 6 2035 F0 0 
LingN 6 2035 Fabc 0.197847
LingN 6 2035 Fofl 0.231286
LingN 6 2035  F_LCI 0.179037
LingN 6 2035  F_UCI 0.231286
LingN 6 2035  F_Median 0.212252
LingN 6 2035  F_Mean 0.210898
LingN 7 2022 Cabc 3.07273e+06
LingN 7 2022 Cofl 3.27816e+06
LingN 7 2022 CLCI 15
LingN 7 2022 CUCI 15
LingN 7 2022 CMedian 15
LingN 7 2022 CMean 15
LingN 7 2022 CStdn 0
LingN 7 2023 Cabc 3.07273e+06
LingN 7 2023 Cofl 3.27816e+06
LingN 7 2023 CLCI 687393
LingN 7 2023 CUCI 696659
LingN 7 2023 CMedian 689883
LingN 7 2023 CMean 690723
LingN 7 2023 CStdn 3143.46
LingN 7 2024 Cabc 3.07273e+06
LingN 7 2024 Cofl 3.27816e+06
LingN 7 2024 CLCI 824925
LingN 7 2024 CUCI 879068
LingN 7 2024 CMedian 840062
LingN 7 2024 CMean 844703
LingN 7 2024 CStdn 18288.2
LingN 7 2025 Cabc 3.07273e+06
LingN 7 2025 Cofl 3.27816e+06
LingN 7 2025 CLCI 1.16397e+06
LingN 7 2025 CUCI 1.42191e+06
LingN 7 2025 CMedian 1.23765e+06
LingN 7 2025 CMean 1.25985e+06
LingN 7 2025 CStdn 88076.1
LingN 7 2026 Cabc 3.07273e+06
LingN 7 2026 Cofl 3.27816e+06
LingN 7 2026 CLCI 1.37108e+06
LingN 7 2026 CUCI 2.0839e+06
LingN 7 2026 CMedian 1.58066e+06
LingN 7 2026 CMean 1.63756e+06
LingN 7 2026 CStdn 246129
LingN 7 2027 Cabc 3.07273e+06
LingN 7 2027 Cofl 3.27816e+06
LingN 7 2027 CLCI 1.56254e+06
LingN 7 2027 CUCI 2.93453e+06
LingN 7 2027 CMedian 1.9827e+06
LingN 7 2027 CMean 2.08828e+06
LingN 7 2027 CStdn 474717
LingN 7 2028 Cabc 3.07273e+06
LingN 7 2028 Cofl 3.27816e+06
LingN 7 2028 CLCI 1.73588e+06
LingN 7 2028 CUCI 3.74117e+06
LingN 7 2028 CMedian 2.37846e+06
LingN 7 2028 CMean 2.52061e+06
LingN 7 2028 CStdn 667663
LingN 7 2029 Cabc 3.07273e+06
LingN 7 2029 Cofl 3.27816e+06
LingN 7 2029 CLCI 1.84031e+06
LingN 7 2029 CUCI 4.31491e+06
LingN 7 2029 CMedian 2.72639e+06
LingN 7 2029 CMean 2.84866e+06
LingN 7 2029 CStdn 775976
LingN 7 2030 Cabc 3.07273e+06
LingN 7 2030 Cofl 3.27816e+06
LingN 7 2030 CLCI 1.94094e+06
LingN 7 2030 CUCI 4.49425e+06
LingN 7 2030 CMedian 2.95698e+06
LingN 7 2030 CMean 3.05443e+06
LingN 7 2030 CStdn 817297
LingN 7 2031 Cabc 3.07273e+06
LingN 7 2031 Cofl 3.27816e+06
LingN 7 2031 CLCI 1.98603e+06
LingN 7 2031 CUCI 4.5338e+06
LingN 7 2031 CMedian 3.04942e+06
LingN 7 2031 CMean 3.14874e+06
LingN 7 2031 CStdn 821671
LingN 7 2032 Cabc 3.07273e+06
LingN 7 2032 Cofl 3.27816e+06
LingN 7 2032 CLCI 2.04092e+06
LingN 7 2032 CUCI 4.58128e+06
LingN 7 2032 CMedian 3.10154e+06
LingN 7 2032 CMean 3.18616e+06
LingN 7 2032 CStdn 806305
LingN 7 2033 Cabc 3.07273e+06
LingN 7 2033 Cofl 3.27816e+06
LingN 7 2033 CLCI 2.05398e+06
LingN 7 2033 CUCI 4.5821e+06
LingN 7 2033 CMedian 3.11264e+06
LingN 7 2033 CMean 3.20052e+06
LingN 7 2033 CStdn 790290
LingN 7 2034 Cabc 3.07273e+06
LingN 7 2034 Cofl 3.27816e+06
LingN 7 2034 CLCI 2.04748e+06
LingN 7 2034 CUCI 4.55289e+06
LingN 7 2034 CMedian 3.09448e+06
LingN 7 2034 CMean 3.1941e+06
LingN 7 2034 CStdn 782244
LingN 7 2035 Cabc 3.07273e+06
LingN 7 2035 Cofl 3.27816e+06
LingN 7 2035 CLCI 2.07936e+06
LingN 7 2035 CUCI 4.52118e+06
LingN 7 2035 CMedian 3.09519e+06
LingN 7 2035 CMean 3.18549e+06
LingN 7 2035 CStdn 790575
LingN 7 2022 SSBF100 1.81348e+07
LingN 7 2022 SSBFabc 7.2539e+06
LingN 7 2022 SSBFofl 6.34716e+06
LingN 7 2022 SSBLCI 3.36844e+06
LingN 7 2022 SSBUCI 3.36844e+06
LingN 7 2022 SSBMedian 3.36844e+06
LingN 7 2022 SSBMean 3.36844e+06
LingN 7 2023 SSBF100 1.81348e+07
LingN 7 2023 SSBFabc 7.2539e+06
LingN 7 2023 SSBFofl 6.34716e+06
LingN 7 2023 SSBLCI 3.61909e+06
LingN 7 2023 SSBUCI 3.63768e+06
LingN 7 2023 SSBMedian 3.6241e+06
LingN 7 2023 SSBMean 3.62578e+06
LingN 7 2024 SSBF100 1.81348e+07
LingN 7 2024 SSBFabc 7.2539e+06
LingN 7 2024 SSBFofl 6.34716e+06
LingN 7 2024 SSBLCI 3.88982e+06
LingN 7 2024 SSBUCI 3.98465e+06
LingN 7 2024 SSBMedian 3.91672e+06
LingN 7 2024 SSBMean 3.92472e+06
LingN 7 2025 SSBF100 1.81348e+07
LingN 7 2025 SSBFabc 7.2539e+06
LingN 7 2025 SSBFofl 6.34716e+06
LingN 7 2025 SSBLCI 4.18326e+06
LingN 7 2025 SSBUCI 4.51025e+06
LingN 7 2025 SSBMedian 4.28098e+06
LingN 7 2025 SSBMean 4.30744e+06
LingN 7 2026 SSBF100 1.81348e+07
LingN 7 2026 SSBFabc 7.2539e+06
LingN 7 2026 SSBFofl 6.34716e+06
LingN 7 2026 SSBLCI 4.47922e+06
LingN 7 2026 SSBUCI 5.24067e+06
LingN 7 2026 SSBMedian 4.72359e+06
LingN 7 2026 SSBMean 4.77687e+06
LingN 7 2027 SSBF100 1.81348e+07
LingN 7 2027 SSBFabc 7.2539e+06
LingN 7 2027 SSBFofl 6.34716e+06
LingN 7 2027 SSBLCI 4.74776e+06
LingN 7 2027 SSBUCI 6.05073e+06
LingN 7 2027 SSBMedian 5.19275e+06
LingN 7 2027 SSBMean 5.27754e+06
LingN 7 2028 SSBF100 1.81348e+07
LingN 7 2028 SSBFabc 7.2539e+06
LingN 7 2028 SSBFofl 6.34716e+06
LingN 7 2028 SSBLCI 4.99152e+06
LingN 7 2028 SSBUCI 6.75288e+06
LingN 7 2028 SSBMedian 5.62802e+06
LingN 7 2028 SSBMean 5.7303e+06
LingN 7 2029 SSBF100 1.81348e+07
LingN 7 2029 SSBFabc 7.2539e+06
LingN 7 2029 SSBFofl 6.34716e+06
LingN 7 2029 SSBLCI 5.16763e+06
LingN 7 2029 SSBUCI 7.23567e+06
LingN 7 2029 SSBMedian 6.0079e+06
LingN 7 2029 SSBMean 6.08873e+06
LingN 7 2030 SSBF100 1.81348e+07
LingN 7 2030 SSBFabc 7.2539e+06
LingN 7 2030 SSBFofl 6.34716e+06
LingN 7 2030 SSBLCI 5.33323e+06
LingN 7 2030 SSBUCI 7.61425e+06
LingN 7 2030 SSBMedian 6.28371e+06
LingN 7 2030 SSBMean 6.35585e+06
LingN 7 2031 SSBF100 1.81348e+07
LingN 7 2031 SSBFabc 7.2539e+06
LingN 7 2031 SSBFofl 6.34716e+06
LingN 7 2031 SSBLCI 5.48643e+06
LingN 7 2031 SSBUCI 7.86228e+06
LingN 7 2031 SSBMedian 6.4444e+06
LingN 7 2031 SSBMean 6.53513e+06
LingN 7 2032 SSBF100 1.81348e+07
LingN 7 2032 SSBFabc 7.2539e+06
LingN 7 2032 SSBFofl 6.34716e+06
LingN 7 2032 SSBLCI 5.58111e+06
LingN 7 2032 SSBUCI 8.07281e+06
LingN 7 2032 SSBMedian 6.56652e+06
LingN 7 2032 SSBMean 6.66202e+06
LingN 7 2033 SSBF100 1.81348e+07
LingN 7 2033 SSBFabc 7.2539e+06
LingN 7 2033 SSBFofl 6.34716e+06
LingN 7 2033 SSBLCI 5.66946e+06
LingN 7 2033 SSBUCI 8.22527e+06
LingN 7 2033 SSBMedian 6.66601e+06
LingN 7 2033 SSBMean 6.75379e+06
LingN 7 2034 SSBF100 1.81348e+07
LingN 7 2034 SSBFabc 7.2539e+06
LingN 7 2034 SSBFofl 6.34716e+06
LingN 7 2034 SSBLCI 5.69748e+06
LingN 7 2034 SSBUCI 8.24825e+06
LingN 7 2034 SSBMedian 6.69359e+06
LingN 7 2034 SSBMean 6.79778e+06
LingN 7 2035 SSBF100 1.81348e+07
LingN 7 2035 SSBFabc 7.2539e+06
LingN 7 2035 SSBFofl 6.34716e+06
LingN 7 2035 SSBLCI 5.69713e+06
LingN 7 2035 SSBUCI 8.33136e+06
LingN 7 2035 SSBMedian 6.68562e+06
LingN 7 2035 SSBMean 6.81637e+06
LingN 7 2022 F0 0 
LingN 7 2022 Fabc 0.197847
LingN 7 2022 Fofl 0.231286
LingN 7 2022  F_LCI 2.27426e-06
LingN 7 2022  F_UCI 2.27426e-06
LingN 7 2022  F_Median 2.27426e-06
LingN 7 2022  F_Mean 2.27426e-06
LingN 7 2023 F0 0 
LingN 7 2023 Fabc 0.197847
LingN 7 2023 Fofl 0.231286
LingN 7 2023  F_LCI 0.0934803
LingN 7 2023  F_UCI 0.094014
LingN 7 2023  F_Median 0.093624
LingN 7 2023  F_Mean 0.0936723
LingN 7 2024 F0 0 
LingN 7 2024 Fabc 0.197847
LingN 7 2024 Fofl 0.231286
LingN 7 2024  F_LCI 0.101251
LingN 7 2024  F_UCI 0.103974
LingN 7 2024  F_Median 0.102024
LingN 7 2024  F_Mean 0.102253
LingN 7 2025 F0 0 
LingN 7 2025 Fabc 0.197847
LingN 7 2025 Fofl 0.231286
LingN 7 2025  F_LCI 0.128209
LingN 7 2025  F_UCI 0.139186
LingN 7 2025  F_Median 0.131489
LingN 7 2025  F_Mean 0.132377
LingN 7 2026 F0 0 
LingN 7 2026 Fabc 0.197847
LingN 7 2026 Fofl 0.231286
LingN 7 2026  F_LCI 0.138138
LingN 7 2026  F_UCI 0.1637
LingN 7 2026  F_Median 0.146342
LingN 7 2026  F_Mean 0.148131
LingN 7 2027 F0 0 
LingN 7 2027 Fabc 0.197847
LingN 7 2027 Fofl 0.231286
LingN 7 2027  F_LCI 0.147149
LingN 7 2027  F_UCI 0.190898
LingN 7 2027  F_Median 0.162086
LingN 7 2027  F_Mean 0.164887
LingN 7 2028 F0 0 
LingN 7 2028 Fabc 0.197847
LingN 7 2028 Fofl 0.231286
LingN 7 2028  F_LCI 0.155328
LingN 7 2028  F_UCI 0.214501
LingN 7 2028  F_Median 0.176698
LingN 7 2028  F_Mean 0.179761
LingN 7 2029 F0 0 
LingN 7 2029 Fabc 0.197847
LingN 7 2029 Fofl 0.231286
LingN 7 2029  F_LCI 0.161245
LingN 7 2029  F_UCI 0.230688
LingN 7 2029  F_Median 0.189457
LingN 7 2029  F_Mean 0.19106
LingN 7 2030 F0 0 
LingN 7 2030 Fabc 0.197847
LingN 7 2030 Fofl 0.231286
LingN 7 2030  F_LCI 0.166807
LingN 7 2030  F_UCI 0.231286
LingN 7 2030  F_Median 0.198726
LingN 7 2030  F_Mean 0.199101
LingN 7 2031 F0 0 
LingN 7 2031 Fabc 0.197847
LingN 7 2031 Fofl 0.231286
LingN 7 2031  F_LCI 0.171945
LingN 7 2031  F_UCI 0.231286
LingN 7 2031  F_Median 0.204127
LingN 7 2031  F_Mean 0.204023
LingN 7 2032 F0 0 
LingN 7 2032 Fabc 0.197847
LingN 7 2032 Fofl 0.231286
LingN 7 2032  F_LCI 0.175128
LingN 7 2032  F_UCI 0.231286
LingN 7 2032  F_Median 0.208232
LingN 7 2032  F_Mean 0.207329
LingN 7 2033 F0 0 
LingN 7 2033 Fabc 0.197847
LingN 7 2033 Fofl 0.231286
LingN 7 2033  F_LCI 0.178094
LingN 7 2033  F_UCI 0.231286
LingN 7 2033  F_Median 0.211572
LingN 7 2033  F_Mean 0.209724
LingN 7 2034 F0 0 
LingN 7 2034 Fabc 0.197847
LingN 7 2034 Fofl 0.231286
LingN 7 2034  F_LCI 0.179033
LingN 7 2034  F_UCI 0.231286
LingN 7 2034  F_Median 0.212501
LingN 7 2034  F_Mean 0.21071
LingN 7 2035 F0 0 
LingN 7 2035 Fabc 0.197847
LingN 7 2035 Fofl 0.231286
LingN 7 2035  F_LCI 0.179024
LingN 7 2035  F_UCI 0.231286
LingN 7 2035  F_Median 0.212232
LingN 7 2035  F_Mean 0.21089
