BSAI_YFINSS 1 2021 Cabc 329.289
BSAI_YFINSS 1 2021 Cofl 352.536
BSAI_YFINSS 1 2021 CLCI 146.5
BSAI_YFINSS 1 2021 CUCI 146.5
BSAI_YFINSS 1 2021 CMedian 146.5
BSAI_YFINSS 1 2021 CMean 146.5
BSAI_YFINSS 1 2021 CStdn 2.84217e-14
BSAI_YFINSS 1 2022 Cabc 329.289
BSAI_YFINSS 1 2022 Cofl 352.536
BSAI_YFINSS 1 2022 CLCI 150
BSAI_YFINSS 1 2022 CUCI 150
BSAI_YFINSS 1 2022 CMedian 150
BSAI_YFINSS 1 2022 CMean 150
BSAI_YFINSS 1 2022 CStdn 2.90539e-09
BSAI_YFINSS 1 2023 Cabc 329.289
BSAI_YFINSS 1 2023 Cofl 352.536
BSAI_YFINSS 1 2023 CLCI 133.265
BSAI_YFINSS 1 2023 CUCI 133.283
BSAI_YFINSS 1 2023 CMedian 133.269
BSAI_YFINSS 1 2023 CMean 133.271
BSAI_YFINSS 1 2023 CStdn 0.00646553
BSAI_YFINSS 1 2024 Cabc 329.289
BSAI_YFINSS 1 2024 Cofl 352.536
BSAI_YFINSS 1 2024 CLCI 124.682
BSAI_YFINSS 1 2024 CUCI 124.815
BSAI_YFINSS 1 2024 CMedian 124.705
BSAI_YFINSS 1 2024 CMean 124.721
BSAI_YFINSS 1 2024 CStdn 0.0478502
BSAI_YFINSS 1 2025 Cabc 329.289
BSAI_YFINSS 1 2025 Cofl 352.536
BSAI_YFINSS 1 2025 CLCI 122.152
BSAI_YFINSS 1 2025 CUCI 122.539
BSAI_YFINSS 1 2025 CMedian 122.231
BSAI_YFINSS 1 2025 CMean 122.275
BSAI_YFINSS 1 2025 CStdn 0.139903
BSAI_YFINSS 1 2026 Cabc 329.289
BSAI_YFINSS 1 2026 Cofl 352.536
BSAI_YFINSS 1 2026 CLCI 127.508
BSAI_YFINSS 1 2026 CUCI 128.541
BSAI_YFINSS 1 2026 CMedian 127.735
BSAI_YFINSS 1 2026 CMean 127.847
BSAI_YFINSS 1 2026 CStdn 0.369015
BSAI_YFINSS 1 2027 Cabc 329.289
BSAI_YFINSS 1 2027 Cofl 352.536
BSAI_YFINSS 1 2027 CLCI 135.518
BSAI_YFINSS 1 2027 CUCI 138.184
BSAI_YFINSS 1 2027 CMedian 136.109
BSAI_YFINSS 1 2027 CMean 136.396
BSAI_YFINSS 1 2027 CStdn 0.942008
BSAI_YFINSS 1 2028 Cabc 329.289
BSAI_YFINSS 1 2028 Cofl 352.536
BSAI_YFINSS 1 2028 CLCI 140.436
BSAI_YFINSS 1 2028 CUCI 149.599
BSAI_YFINSS 1 2028 CMedian 142.314
BSAI_YFINSS 1 2028 CMean 143.3
BSAI_YFINSS 1 2028 CStdn 3.24636
BSAI_YFINSS 1 2029 Cabc 329.289
BSAI_YFINSS 1 2029 Cofl 352.536
BSAI_YFINSS 1 2029 CLCI 140.051
BSAI_YFINSS 1 2029 CUCI 169.758
BSAI_YFINSS 1 2029 CMedian 145.949
BSAI_YFINSS 1 2029 CMean 149.29
BSAI_YFINSS 1 2029 CStdn 10.75
BSAI_YFINSS 1 2030 Cabc 329.289
BSAI_YFINSS 1 2030 Cofl 352.536
BSAI_YFINSS 1 2030 CLCI 135.099
BSAI_YFINSS 1 2030 CUCI 216.703
BSAI_YFINSS 1 2030 CMedian 151.367
BSAI_YFINSS 1 2030 CMean 160.996
BSAI_YFINSS 1 2030 CStdn 30.7544
BSAI_YFINSS 1 2031 Cabc 329.289
BSAI_YFINSS 1 2031 Cofl 352.536
BSAI_YFINSS 1 2031 CLCI 128.446
BSAI_YFINSS 1 2031 CUCI 305.773
BSAI_YFINSS 1 2031 CMedian 164.864
BSAI_YFINSS 1 2031 CMean 183.829
BSAI_YFINSS 1 2031 CStdn 60.2619
BSAI_YFINSS 1 2032 Cabc 329.289
BSAI_YFINSS 1 2032 Cofl 352.536
BSAI_YFINSS 1 2032 CLCI 124.742
BSAI_YFINSS 1 2032 CUCI 376.661
BSAI_YFINSS 1 2032 CMedian 187.182
BSAI_YFINSS 1 2032 CMean 212.458
BSAI_YFINSS 1 2032 CStdn 83.3128
BSAI_YFINSS 1 2033 Cabc 329.289
BSAI_YFINSS 1 2033 Cofl 352.536
BSAI_YFINSS 1 2033 CLCI 124.814
BSAI_YFINSS 1 2033 CUCI 412.195
BSAI_YFINSS 1 2033 CMedian 217.076
BSAI_YFINSS 1 2033 CMean 239.183
BSAI_YFINSS 1 2033 CStdn 98.0771
BSAI_YFINSS 1 2034 Cabc 329.289
BSAI_YFINSS 1 2034 Cofl 352.536
BSAI_YFINSS 1 2034 CLCI 122.566
BSAI_YFINSS 1 2034 CUCI 441.37
BSAI_YFINSS 1 2034 CMedian 241.749
BSAI_YFINSS 1 2034 CMean 261.454
BSAI_YFINSS 1 2034 CStdn 107.087
BSAI_YFINSS 1 2021 SSBF100 3148.89
BSAI_YFINSS 1 2021 SSBFabc 1259.56
BSAI_YFINSS 1 2021 SSBFofl 1102.11
BSAI_YFINSS 1 2021 SSBLCI 851.554
BSAI_YFINSS 1 2021 SSBUCI 851.554
BSAI_YFINSS 1 2021 SSBMedian 851.554
BSAI_YFINSS 1 2021 SSBMean 851.554
BSAI_YFINSS 1 2022 SSBF100 3148.89
BSAI_YFINSS 1 2022 SSBFabc 1259.56
BSAI_YFINSS 1 2022 SSBFofl 1102.11
BSAI_YFINSS 1 2022 SSBLCI 845.5
BSAI_YFINSS 1 2022 SSBUCI 845.505
BSAI_YFINSS 1 2022 SSBMedian 845.501
BSAI_YFINSS 1 2022 SSBMean 845.501
BSAI_YFINSS 1 2023 SSBF100 3148.89
BSAI_YFINSS 1 2023 SSBFabc 1259.56
BSAI_YFINSS 1 2023 SSBFofl 1102.11
BSAI_YFINSS 1 2023 SSBLCI 823.825
BSAI_YFINSS 1 2023 SSBUCI 823.842
BSAI_YFINSS 1 2023 SSBMedian 823.828
BSAI_YFINSS 1 2023 SSBMean 823.83
BSAI_YFINSS 1 2024 SSBF100 3148.89
BSAI_YFINSS 1 2024 SSBFabc 1259.56
BSAI_YFINSS 1 2024 SSBFofl 1102.11
BSAI_YFINSS 1 2024 SSBLCI 794.869
BSAI_YFINSS 1 2024 SSBUCI 794.921
BSAI_YFINSS 1 2024 SSBMedian 794.88
BSAI_YFINSS 1 2024 SSBMean 794.886
BSAI_YFINSS 1 2025 SSBF100 3148.89
BSAI_YFINSS 1 2025 SSBFabc 1259.56
BSAI_YFINSS 1 2025 SSBFofl 1102.11
BSAI_YFINSS 1 2025 SSBLCI 778.216
BSAI_YFINSS 1 2025 SSBUCI 778.367
BSAI_YFINSS 1 2025 SSBMedian 778.247
BSAI_YFINSS 1 2025 SSBMean 778.264
BSAI_YFINSS 1 2026 SSBF100 3148.89
BSAI_YFINSS 1 2026 SSBFabc 1259.56
BSAI_YFINSS 1 2026 SSBFofl 1102.11
BSAI_YFINSS 1 2026 SSBLCI 791.336
BSAI_YFINSS 1 2026 SSBUCI 792.053
BSAI_YFINSS 1 2026 SSBMedian 791.47
BSAI_YFINSS 1 2026 SSBMean 791.553
BSAI_YFINSS 1 2027 SSBF100 3148.89
BSAI_YFINSS 1 2027 SSBFabc 1259.56
BSAI_YFINSS 1 2027 SSBFofl 1102.11
BSAI_YFINSS 1 2027 SSBLCI 817.918
BSAI_YFINSS 1 2027 SSBUCI 820.283
BSAI_YFINSS 1 2027 SSBMedian 818.393
BSAI_YFINSS 1 2027 SSBMean 818.656
BSAI_YFINSS 1 2028 SSBF100 3148.89
BSAI_YFINSS 1 2028 SSBFabc 1259.56
BSAI_YFINSS 1 2028 SSBFofl 1102.11
BSAI_YFINSS 1 2028 SSBLCI 837.503
BSAI_YFINSS 1 2028 SSBUCI 853.345
BSAI_YFINSS 1 2028 SSBMedian 840.31
BSAI_YFINSS 1 2028 SSBMean 842.176
BSAI_YFINSS 1 2029 SSBF100 3148.89
BSAI_YFINSS 1 2029 SSBFabc 1259.56
BSAI_YFINSS 1 2029 SSBFofl 1102.11
BSAI_YFINSS 1 2029 SSBLCI 837.907
BSAI_YFINSS 1 2029 SSBUCI 899.148
BSAI_YFINSS 1 2029 SSBMedian 849.883
BSAI_YFINSS 1 2029 SSBMean 857.009
BSAI_YFINSS 1 2030 SSBF100 3148.89
BSAI_YFINSS 1 2030 SSBFabc 1259.56
BSAI_YFINSS 1 2030 SSBFofl 1102.11
BSAI_YFINSS 1 2030 SSBLCI 825.026
BSAI_YFINSS 1 2030 SSBUCI 984.925
BSAI_YFINSS 1 2030 SSBMedian 859.864
BSAI_YFINSS 1 2030 SSBMean 877.364
BSAI_YFINSS 1 2031 SSBF100 3148.89
BSAI_YFINSS 1 2031 SSBFabc 1259.56
BSAI_YFINSS 1 2031 SSBFofl 1102.11
BSAI_YFINSS 1 2031 SSBLCI 805.39
BSAI_YFINSS 1 2031 SSBUCI 1163.72
BSAI_YFINSS 1 2031 SSBMedian 888.662
BSAI_YFINSS 1 2031 SSBMean 926.348
BSAI_YFINSS 1 2032 SSBF100 3148.89
BSAI_YFINSS 1 2032 SSBFabc 1259.56
BSAI_YFINSS 1 2032 SSBFofl 1102.11
BSAI_YFINSS 1 2032 SSBLCI 789.816
BSAI_YFINSS 1 2032 SSBUCI 1374.16
BSAI_YFINSS 1 2032 SSBMedian 944.997
BSAI_YFINSS 1 2032 SSBMean 997.921
BSAI_YFINSS 1 2033 SSBF100 3148.89
BSAI_YFINSS 1 2033 SSBFabc 1259.56
BSAI_YFINSS 1 2033 SSBFofl 1102.11
BSAI_YFINSS 1 2033 SSBLCI 784.328
BSAI_YFINSS 1 2033 SSBUCI 1523.82
BSAI_YFINSS 1 2033 SSBMedian 1012.44
BSAI_YFINSS 1 2033 SSBMean 1070.02
BSAI_YFINSS 1 2034 SSBF100 3148.89
BSAI_YFINSS 1 2034 SSBFabc 1259.56
BSAI_YFINSS 1 2034 SSBFofl 1102.11
BSAI_YFINSS 1 2034 SSBLCI 783.218
BSAI_YFINSS 1 2034 SSBUCI 1657.82
BSAI_YFINSS 1 2034 SSBMedian 1071.74
BSAI_YFINSS 1 2034 SSBMean 1130.46
BSAI_YFINSS 1 2021 F0 0 
BSAI_YFINSS 1 2021 Fabc 0.14054
BSAI_YFINSS 1 2021 Fofl 0.170836
BSAI_YFINSS 1 2021  F_LCI 0.0931161
BSAI_YFINSS 1 2021  F_UCI 0.0931161
BSAI_YFINSS 1 2021  F_Median 0.0931161
BSAI_YFINSS 1 2021  F_Mean 0.0931161
BSAI_YFINSS 1 2022 F0 0 
BSAI_YFINSS 1 2022 Fabc 0.14054
BSAI_YFINSS 1 2022 Fofl 0.170836
BSAI_YFINSS 1 2022  F_LCI 0.0970746
BSAI_YFINSS 1 2022  F_UCI 0.0970778
BSAI_YFINSS 1 2022  F_Median 0.0970772
BSAI_YFINSS 1 2022  F_Mean 0.0970769
BSAI_YFINSS 1 2023 F0 0 
BSAI_YFINSS 1 2023 Fabc 0.14054
BSAI_YFINSS 1 2023 Fofl 0.170836
BSAI_YFINSS 1 2023  F_LCI 0.0893618
BSAI_YFINSS 1 2023  F_UCI 0.0893639
BSAI_YFINSS 1 2023  F_Median 0.0893622
BSAI_YFINSS 1 2023  F_Mean 0.0893624
BSAI_YFINSS 1 2024 F0 0 
BSAI_YFINSS 1 2024 Fabc 0.14054
BSAI_YFINSS 1 2024 Fofl 0.170836
BSAI_YFINSS 1 2024  F_LCI 0.0859609
BSAI_YFINSS 1 2024  F_UCI 0.085967
BSAI_YFINSS 1 2024  F_Median 0.0859622
BSAI_YFINSS 1 2024  F_Mean 0.0859629
BSAI_YFINSS 1 2025 F0 0 
BSAI_YFINSS 1 2025 Fabc 0.14054
BSAI_YFINSS 1 2025 Fofl 0.170836
BSAI_YFINSS 1 2025  F_LCI 0.084005
BSAI_YFINSS 1 2025  F_UCI 0.0840228
BSAI_YFINSS 1 2025  F_Median 0.0840087
BSAI_YFINSS 1 2025  F_Mean 0.0840107
BSAI_YFINSS 1 2026 F0 0 
BSAI_YFINSS 1 2026 Fabc 0.14054
BSAI_YFINSS 1 2026 Fofl 0.170836
BSAI_YFINSS 1 2026  F_LCI 0.0855461
BSAI_YFINSS 1 2026  F_UCI 0.0856304
BSAI_YFINSS 1 2026  F_Median 0.0855619
BSAI_YFINSS 1 2026  F_Mean 0.0855716
BSAI_YFINSS 1 2027 F0 0 
BSAI_YFINSS 1 2027 Fabc 0.14054
BSAI_YFINSS 1 2027 Fofl 0.170836
BSAI_YFINSS 1 2027  F_LCI 0.0886682
BSAI_YFINSS 1 2027  F_UCI 0.088946
BSAI_YFINSS 1 2027  F_Median 0.088724
BSAI_YFINSS 1 2027  F_Mean 0.0887548
BSAI_YFINSS 1 2028 F0 0 
BSAI_YFINSS 1 2028 Fabc 0.14054
BSAI_YFINSS 1 2028 Fofl 0.170836
BSAI_YFINSS 1 2028  F_LCI 0.0909685
BSAI_YFINSS 1 2028  F_UCI 0.0928292
BSAI_YFINSS 1 2028  F_Median 0.0912981
BSAI_YFINSS 1 2028  F_Mean 0.0915173
BSAI_YFINSS 1 2029 F0 0 
BSAI_YFINSS 1 2029 Fabc 0.14054
BSAI_YFINSS 1 2029 Fofl 0.170836
BSAI_YFINSS 1 2029  F_LCI 0.0910158
BSAI_YFINSS 1 2029  F_UCI 0.0982089
BSAI_YFINSS 1 2029  F_Median 0.0924225
BSAI_YFINSS 1 2029  F_Mean 0.0932594
BSAI_YFINSS 1 2030 F0 0 
BSAI_YFINSS 1 2030 Fabc 0.14054
BSAI_YFINSS 1 2030 Fofl 0.170836
BSAI_YFINSS 1 2030  F_LCI 0.0895029
BSAI_YFINSS 1 2030  F_UCI 0.108284
BSAI_YFINSS 1 2030  F_Median 0.0935948
BSAI_YFINSS 1 2030  F_Mean 0.0956343
BSAI_YFINSS 1 2031 F0 0 
BSAI_YFINSS 1 2031 Fabc 0.14054
BSAI_YFINSS 1 2031 Fofl 0.170836
BSAI_YFINSS 1 2031  F_LCI 0.0871967
BSAI_YFINSS 1 2031  F_UCI 0.129285
BSAI_YFINSS 1 2031  F_Median 0.0969772
BSAI_YFINSS 1 2031  F_Mean 0.100953
BSAI_YFINSS 1 2032 F0 0 
BSAI_YFINSS 1 2032 Fabc 0.14054
BSAI_YFINSS 1 2032 Fofl 0.170836
BSAI_YFINSS 1 2032  F_LCI 0.0853675
BSAI_YFINSS 1 2032  F_UCI 0.14054
BSAI_YFINSS 1 2032  F_Median 0.103594
BSAI_YFINSS 1 2032  F_Mean 0.107488
BSAI_YFINSS 1 2033 F0 0 
BSAI_YFINSS 1 2033 Fabc 0.14054
BSAI_YFINSS 1 2033 Fofl 0.170836
BSAI_YFINSS 1 2033  F_LCI 0.084723
BSAI_YFINSS 1 2033  F_UCI 0.14054
BSAI_YFINSS 1 2033  F_Median 0.111516
BSAI_YFINSS 1 2033  F_Mean 0.113403
BSAI_YFINSS 1 2034 F0 0 
BSAI_YFINSS 1 2034 Fabc 0.14054
BSAI_YFINSS 1 2034 Fofl 0.170836
BSAI_YFINSS 1 2034  F_LCI 0.0845926
BSAI_YFINSS 1 2034  F_UCI 0.14054
BSAI_YFINSS 1 2034  F_Median 0.11848
BSAI_YFINSS 1 2034  F_Mean 0.11755
BSAI_YFINSS 2 2021 Cabc 329.289
BSAI_YFINSS 2 2021 Cofl 352.536
BSAI_YFINSS 2 2021 CLCI 146.5
BSAI_YFINSS 2 2021 CUCI 146.5
BSAI_YFINSS 2 2021 CMedian 146.5
BSAI_YFINSS 2 2021 CMean 146.5
BSAI_YFINSS 2 2021 CStdn 2.84217e-14
BSAI_YFINSS 2 2022 Cabc 329.289
BSAI_YFINSS 2 2022 Cofl 352.536
BSAI_YFINSS 2 2022 CLCI 150
BSAI_YFINSS 2 2022 CUCI 150
BSAI_YFINSS 2 2022 CMedian 150
BSAI_YFINSS 2 2022 CMean 150
BSAI_YFINSS 2 2022 CStdn 2.90539e-09
BSAI_YFINSS 2 2023 Cabc 329.289
BSAI_YFINSS 2 2023 Cofl 352.536
BSAI_YFINSS 2 2023 CLCI 133.265
BSAI_YFINSS 2 2023 CUCI 133.283
BSAI_YFINSS 2 2023 CMedian 133.269
BSAI_YFINSS 2 2023 CMean 133.271
BSAI_YFINSS 2 2023 CStdn 0.00646553
BSAI_YFINSS 2 2024 Cabc 329.289
BSAI_YFINSS 2 2024 Cofl 352.536
BSAI_YFINSS 2 2024 CLCI 124.682
BSAI_YFINSS 2 2024 CUCI 124.815
BSAI_YFINSS 2 2024 CMedian 124.705
BSAI_YFINSS 2 2024 CMean 124.721
BSAI_YFINSS 2 2024 CStdn 0.0478502
BSAI_YFINSS 2 2025 Cabc 329.289
BSAI_YFINSS 2 2025 Cofl 352.536
BSAI_YFINSS 2 2025 CLCI 122.152
BSAI_YFINSS 2 2025 CUCI 122.539
BSAI_YFINSS 2 2025 CMedian 122.231
BSAI_YFINSS 2 2025 CMean 122.275
BSAI_YFINSS 2 2025 CStdn 0.139903
BSAI_YFINSS 2 2026 Cabc 329.289
BSAI_YFINSS 2 2026 Cofl 352.536
BSAI_YFINSS 2 2026 CLCI 127.508
BSAI_YFINSS 2 2026 CUCI 128.541
BSAI_YFINSS 2 2026 CMedian 127.735
BSAI_YFINSS 2 2026 CMean 127.847
BSAI_YFINSS 2 2026 CStdn 0.369015
BSAI_YFINSS 2 2027 Cabc 329.289
BSAI_YFINSS 2 2027 Cofl 352.536
BSAI_YFINSS 2 2027 CLCI 135.518
BSAI_YFINSS 2 2027 CUCI 138.184
BSAI_YFINSS 2 2027 CMedian 136.109
BSAI_YFINSS 2 2027 CMean 136.396
BSAI_YFINSS 2 2027 CStdn 0.942008
BSAI_YFINSS 2 2028 Cabc 329.289
BSAI_YFINSS 2 2028 Cofl 352.536
BSAI_YFINSS 2 2028 CLCI 140.436
BSAI_YFINSS 2 2028 CUCI 149.599
BSAI_YFINSS 2 2028 CMedian 142.314
BSAI_YFINSS 2 2028 CMean 143.3
BSAI_YFINSS 2 2028 CStdn 3.24636
BSAI_YFINSS 2 2029 Cabc 329.289
BSAI_YFINSS 2 2029 Cofl 352.536
BSAI_YFINSS 2 2029 CLCI 140.051
BSAI_YFINSS 2 2029 CUCI 169.758
BSAI_YFINSS 2 2029 CMedian 145.949
BSAI_YFINSS 2 2029 CMean 149.29
BSAI_YFINSS 2 2029 CStdn 10.75
BSAI_YFINSS 2 2030 Cabc 329.289
BSAI_YFINSS 2 2030 Cofl 352.536
BSAI_YFINSS 2 2030 CLCI 135.099
BSAI_YFINSS 2 2030 CUCI 216.703
BSAI_YFINSS 2 2030 CMedian 151.367
BSAI_YFINSS 2 2030 CMean 160.996
BSAI_YFINSS 2 2030 CStdn 30.7544
BSAI_YFINSS 2 2031 Cabc 329.289
BSAI_YFINSS 2 2031 Cofl 352.536
BSAI_YFINSS 2 2031 CLCI 128.446
BSAI_YFINSS 2 2031 CUCI 305.773
BSAI_YFINSS 2 2031 CMedian 164.864
BSAI_YFINSS 2 2031 CMean 183.829
BSAI_YFINSS 2 2031 CStdn 60.2619
BSAI_YFINSS 2 2032 Cabc 329.289
BSAI_YFINSS 2 2032 Cofl 352.536
BSAI_YFINSS 2 2032 CLCI 124.742
BSAI_YFINSS 2 2032 CUCI 376.661
BSAI_YFINSS 2 2032 CMedian 187.182
BSAI_YFINSS 2 2032 CMean 212.458
BSAI_YFINSS 2 2032 CStdn 83.3128
BSAI_YFINSS 2 2033 Cabc 329.289
BSAI_YFINSS 2 2033 Cofl 352.536
BSAI_YFINSS 2 2033 CLCI 124.814
BSAI_YFINSS 2 2033 CUCI 412.195
BSAI_YFINSS 2 2033 CMedian 217.076
BSAI_YFINSS 2 2033 CMean 239.183
BSAI_YFINSS 2 2033 CStdn 98.0771
BSAI_YFINSS 2 2034 Cabc 329.289
BSAI_YFINSS 2 2034 Cofl 352.536
BSAI_YFINSS 2 2034 CLCI 122.566
BSAI_YFINSS 2 2034 CUCI 441.37
BSAI_YFINSS 2 2034 CMedian 241.749
BSAI_YFINSS 2 2034 CMean 261.454
BSAI_YFINSS 2 2034 CStdn 107.087
BSAI_YFINSS 2 2021 SSBF100 3148.89
BSAI_YFINSS 2 2021 SSBFabc 1259.56
BSAI_YFINSS 2 2021 SSBFofl 1102.11
BSAI_YFINSS 2 2021 SSBLCI 851.554
BSAI_YFINSS 2 2021 SSBUCI 851.554
BSAI_YFINSS 2 2021 SSBMedian 851.554
BSAI_YFINSS 2 2021 SSBMean 851.554
BSAI_YFINSS 2 2022 SSBF100 3148.89
BSAI_YFINSS 2 2022 SSBFabc 1259.56
BSAI_YFINSS 2 2022 SSBFofl 1102.11
BSAI_YFINSS 2 2022 SSBLCI 845.5
BSAI_YFINSS 2 2022 SSBUCI 845.505
BSAI_YFINSS 2 2022 SSBMedian 845.501
BSAI_YFINSS 2 2022 SSBMean 845.501
BSAI_YFINSS 2 2023 SSBF100 3148.89
BSAI_YFINSS 2 2023 SSBFabc 1259.56
BSAI_YFINSS 2 2023 SSBFofl 1102.11
BSAI_YFINSS 2 2023 SSBLCI 823.825
BSAI_YFINSS 2 2023 SSBUCI 823.842
BSAI_YFINSS 2 2023 SSBMedian 823.828
BSAI_YFINSS 2 2023 SSBMean 823.83
BSAI_YFINSS 2 2024 SSBF100 3148.89
BSAI_YFINSS 2 2024 SSBFabc 1259.56
BSAI_YFINSS 2 2024 SSBFofl 1102.11
BSAI_YFINSS 2 2024 SSBLCI 794.869
BSAI_YFINSS 2 2024 SSBUCI 794.921
BSAI_YFINSS 2 2024 SSBMedian 794.88
BSAI_YFINSS 2 2024 SSBMean 794.886
BSAI_YFINSS 2 2025 SSBF100 3148.89
BSAI_YFINSS 2 2025 SSBFabc 1259.56
BSAI_YFINSS 2 2025 SSBFofl 1102.11
BSAI_YFINSS 2 2025 SSBLCI 778.216
BSAI_YFINSS 2 2025 SSBUCI 778.367
BSAI_YFINSS 2 2025 SSBMedian 778.247
BSAI_YFINSS 2 2025 SSBMean 778.264
BSAI_YFINSS 2 2026 SSBF100 3148.89
BSAI_YFINSS 2 2026 SSBFabc 1259.56
BSAI_YFINSS 2 2026 SSBFofl 1102.11
BSAI_YFINSS 2 2026 SSBLCI 791.336
BSAI_YFINSS 2 2026 SSBUCI 792.053
BSAI_YFINSS 2 2026 SSBMedian 791.47
BSAI_YFINSS 2 2026 SSBMean 791.553
BSAI_YFINSS 2 2027 SSBF100 3148.89
BSAI_YFINSS 2 2027 SSBFabc 1259.56
BSAI_YFINSS 2 2027 SSBFofl 1102.11
BSAI_YFINSS 2 2027 SSBLCI 817.918
BSAI_YFINSS 2 2027 SSBUCI 820.283
BSAI_YFINSS 2 2027 SSBMedian 818.393
BSAI_YFINSS 2 2027 SSBMean 818.656
BSAI_YFINSS 2 2028 SSBF100 3148.89
BSAI_YFINSS 2 2028 SSBFabc 1259.56
BSAI_YFINSS 2 2028 SSBFofl 1102.11
BSAI_YFINSS 2 2028 SSBLCI 837.503
BSAI_YFINSS 2 2028 SSBUCI 853.345
BSAI_YFINSS 2 2028 SSBMedian 840.31
BSAI_YFINSS 2 2028 SSBMean 842.176
BSAI_YFINSS 2 2029 SSBF100 3148.89
BSAI_YFINSS 2 2029 SSBFabc 1259.56
BSAI_YFINSS 2 2029 SSBFofl 1102.11
BSAI_YFINSS 2 2029 SSBLCI 837.907
BSAI_YFINSS 2 2029 SSBUCI 899.148
BSAI_YFINSS 2 2029 SSBMedian 849.883
BSAI_YFINSS 2 2029 SSBMean 857.009
BSAI_YFINSS 2 2030 SSBF100 3148.89
BSAI_YFINSS 2 2030 SSBFabc 1259.56
BSAI_YFINSS 2 2030 SSBFofl 1102.11
BSAI_YFINSS 2 2030 SSBLCI 825.026
BSAI_YFINSS 2 2030 SSBUCI 984.925
BSAI_YFINSS 2 2030 SSBMedian 859.864
BSAI_YFINSS 2 2030 SSBMean 877.364
BSAI_YFINSS 2 2031 SSBF100 3148.89
BSAI_YFINSS 2 2031 SSBFabc 1259.56
BSAI_YFINSS 2 2031 SSBFofl 1102.11
BSAI_YFINSS 2 2031 SSBLCI 805.39
BSAI_YFINSS 2 2031 SSBUCI 1163.72
BSAI_YFINSS 2 2031 SSBMedian 888.662
BSAI_YFINSS 2 2031 SSBMean 926.348
BSAI_YFINSS 2 2032 SSBF100 3148.89
BSAI_YFINSS 2 2032 SSBFabc 1259.56
BSAI_YFINSS 2 2032 SSBFofl 1102.11
BSAI_YFINSS 2 2032 SSBLCI 789.816
BSAI_YFINSS 2 2032 SSBUCI 1374.16
BSAI_YFINSS 2 2032 SSBMedian 944.997
BSAI_YFINSS 2 2032 SSBMean 997.921
BSAI_YFINSS 2 2033 SSBF100 3148.89
BSAI_YFINSS 2 2033 SSBFabc 1259.56
BSAI_YFINSS 2 2033 SSBFofl 1102.11
BSAI_YFINSS 2 2033 SSBLCI 784.328
BSAI_YFINSS 2 2033 SSBUCI 1523.82
BSAI_YFINSS 2 2033 SSBMedian 1012.44
BSAI_YFINSS 2 2033 SSBMean 1070.02
BSAI_YFINSS 2 2034 SSBF100 3148.89
BSAI_YFINSS 2 2034 SSBFabc 1259.56
BSAI_YFINSS 2 2034 SSBFofl 1102.11
BSAI_YFINSS 2 2034 SSBLCI 783.218
BSAI_YFINSS 2 2034 SSBUCI 1657.82
BSAI_YFINSS 2 2034 SSBMedian 1071.74
BSAI_YFINSS 2 2034 SSBMean 1130.46
BSAI_YFINSS 2 2021 F0 0 
BSAI_YFINSS 2 2021 Fabc 0.14054
BSAI_YFINSS 2 2021 Fofl 0.170836
BSAI_YFINSS 2 2021  F_LCI 0.0931161
BSAI_YFINSS 2 2021  F_UCI 0.0931161
BSAI_YFINSS 2 2021  F_Median 0.0931161
BSAI_YFINSS 2 2021  F_Mean 0.0931161
BSAI_YFINSS 2 2022 F0 0 
BSAI_YFINSS 2 2022 Fabc 0.14054
BSAI_YFINSS 2 2022 Fofl 0.170836
BSAI_YFINSS 2 2022  F_LCI 0.0970746
BSAI_YFINSS 2 2022  F_UCI 0.0970778
BSAI_YFINSS 2 2022  F_Median 0.0970772
BSAI_YFINSS 2 2022  F_Mean 0.0970769
BSAI_YFINSS 2 2023 F0 0 
BSAI_YFINSS 2 2023 Fabc 0.14054
BSAI_YFINSS 2 2023 Fofl 0.170836
BSAI_YFINSS 2 2023  F_LCI 0.0893618
BSAI_YFINSS 2 2023  F_UCI 0.0893639
BSAI_YFINSS 2 2023  F_Median 0.0893622
BSAI_YFINSS 2 2023  F_Mean 0.0893624
BSAI_YFINSS 2 2024 F0 0 
BSAI_YFINSS 2 2024 Fabc 0.14054
BSAI_YFINSS 2 2024 Fofl 0.170836
BSAI_YFINSS 2 2024  F_LCI 0.0859609
BSAI_YFINSS 2 2024  F_UCI 0.085967
BSAI_YFINSS 2 2024  F_Median 0.0859622
BSAI_YFINSS 2 2024  F_Mean 0.0859629
BSAI_YFINSS 2 2025 F0 0 
BSAI_YFINSS 2 2025 Fabc 0.14054
BSAI_YFINSS 2 2025 Fofl 0.170836
BSAI_YFINSS 2 2025  F_LCI 0.084005
BSAI_YFINSS 2 2025  F_UCI 0.0840228
BSAI_YFINSS 2 2025  F_Median 0.0840087
BSAI_YFINSS 2 2025  F_Mean 0.0840107
BSAI_YFINSS 2 2026 F0 0 
BSAI_YFINSS 2 2026 Fabc 0.14054
BSAI_YFINSS 2 2026 Fofl 0.170836
BSAI_YFINSS 2 2026  F_LCI 0.0855461
BSAI_YFINSS 2 2026  F_UCI 0.0856304
BSAI_YFINSS 2 2026  F_Median 0.0855619
BSAI_YFINSS 2 2026  F_Mean 0.0855716
BSAI_YFINSS 2 2027 F0 0 
BSAI_YFINSS 2 2027 Fabc 0.14054
BSAI_YFINSS 2 2027 Fofl 0.170836
BSAI_YFINSS 2 2027  F_LCI 0.0886682
BSAI_YFINSS 2 2027  F_UCI 0.088946
BSAI_YFINSS 2 2027  F_Median 0.088724
BSAI_YFINSS 2 2027  F_Mean 0.0887548
BSAI_YFINSS 2 2028 F0 0 
BSAI_YFINSS 2 2028 Fabc 0.14054
BSAI_YFINSS 2 2028 Fofl 0.170836
BSAI_YFINSS 2 2028  F_LCI 0.0909685
BSAI_YFINSS 2 2028  F_UCI 0.0928292
BSAI_YFINSS 2 2028  F_Median 0.0912981
BSAI_YFINSS 2 2028  F_Mean 0.0915173
BSAI_YFINSS 2 2029 F0 0 
BSAI_YFINSS 2 2029 Fabc 0.14054
BSAI_YFINSS 2 2029 Fofl 0.170836
BSAI_YFINSS 2 2029  F_LCI 0.0910158
BSAI_YFINSS 2 2029  F_UCI 0.0982089
BSAI_YFINSS 2 2029  F_Median 0.0924225
BSAI_YFINSS 2 2029  F_Mean 0.0932594
BSAI_YFINSS 2 2030 F0 0 
BSAI_YFINSS 2 2030 Fabc 0.14054
BSAI_YFINSS 2 2030 Fofl 0.170836
BSAI_YFINSS 2 2030  F_LCI 0.0895029
BSAI_YFINSS 2 2030  F_UCI 0.108284
BSAI_YFINSS 2 2030  F_Median 0.0935948
BSAI_YFINSS 2 2030  F_Mean 0.0956343
BSAI_YFINSS 2 2031 F0 0 
BSAI_YFINSS 2 2031 Fabc 0.14054
BSAI_YFINSS 2 2031 Fofl 0.170836
BSAI_YFINSS 2 2031  F_LCI 0.0871967
BSAI_YFINSS 2 2031  F_UCI 0.129285
BSAI_YFINSS 2 2031  F_Median 0.0969772
BSAI_YFINSS 2 2031  F_Mean 0.100953
BSAI_YFINSS 2 2032 F0 0 
BSAI_YFINSS 2 2032 Fabc 0.14054
BSAI_YFINSS 2 2032 Fofl 0.170836
BSAI_YFINSS 2 2032  F_LCI 0.0853675
BSAI_YFINSS 2 2032  F_UCI 0.14054
BSAI_YFINSS 2 2032  F_Median 0.103594
BSAI_YFINSS 2 2032  F_Mean 0.107488
BSAI_YFINSS 2 2033 F0 0 
BSAI_YFINSS 2 2033 Fabc 0.14054
BSAI_YFINSS 2 2033 Fofl 0.170836
BSAI_YFINSS 2 2033  F_LCI 0.084723
BSAI_YFINSS 2 2033  F_UCI 0.14054
BSAI_YFINSS 2 2033  F_Median 0.111516
BSAI_YFINSS 2 2033  F_Mean 0.113403
BSAI_YFINSS 2 2034 F0 0 
BSAI_YFINSS 2 2034 Fabc 0.14054
BSAI_YFINSS 2 2034 Fofl 0.170836
BSAI_YFINSS 2 2034  F_LCI 0.0845926
BSAI_YFINSS 2 2034  F_UCI 0.14054
BSAI_YFINSS 2 2034  F_Median 0.11848
BSAI_YFINSS 2 2034  F_Mean 0.11755
BSAI_YFINSS 3 2021 Cabc 329.289
BSAI_YFINSS 3 2021 Cofl 352.536
BSAI_YFINSS 3 2021 CLCI 146.5
BSAI_YFINSS 3 2021 CUCI 146.5
BSAI_YFINSS 3 2021 CMedian 146.5
BSAI_YFINSS 3 2021 CMean 146.5
BSAI_YFINSS 3 2021 CStdn 2.84217e-14
BSAI_YFINSS 3 2022 Cabc 329.289
BSAI_YFINSS 3 2022 Cofl 352.536
BSAI_YFINSS 3 2022 CLCI 150
BSAI_YFINSS 3 2022 CUCI 150
BSAI_YFINSS 3 2022 CMedian 150
BSAI_YFINSS 3 2022 CMean 150
BSAI_YFINSS 3 2022 CStdn 2.90539e-09
BSAI_YFINSS 3 2023 Cabc 329.289
BSAI_YFINSS 3 2023 Cofl 352.536
BSAI_YFINSS 3 2023 CLCI 79.0638
BSAI_YFINSS 3 2023 CUCI 79.0725
BSAI_YFINSS 3 2023 CMedian 79.0655
BSAI_YFINSS 3 2023 CMean 79.0665
BSAI_YFINSS 3 2023 CStdn 0.00314737
BSAI_YFINSS 3 2024 Cabc 329.289
BSAI_YFINSS 3 2024 Cofl 352.536
BSAI_YFINSS 3 2024 CLCI 79.1052
BSAI_YFINSS 3 2024 CUCI 79.1809
BSAI_YFINSS 3 2024 CMedian 79.1183
BSAI_YFINSS 3 2024 CMean 79.1272
BSAI_YFINSS 3 2024 CStdn 0.0272735
BSAI_YFINSS 3 2025 Cabc 329.289
BSAI_YFINSS 3 2025 Cofl 352.536
BSAI_YFINSS 3 2025 CLCI 81.0518
BSAI_YFINSS 3 2025 CUCI 81.2777
BSAI_YFINSS 3 2025 CMedian 81.0987
BSAI_YFINSS 3 2025 CMean 81.1238
BSAI_YFINSS 3 2025 CStdn 0.0816397
BSAI_YFINSS 3 2026 Cabc 329.289
BSAI_YFINSS 3 2026 Cofl 352.536
BSAI_YFINSS 3 2026 CLCI 84.5183
BSAI_YFINSS 3 2026 CUCI 85.0802
BSAI_YFINSS 3 2026 CMedian 84.6422
BSAI_YFINSS 3 2026 CMean 84.7026
BSAI_YFINSS 3 2026 CStdn 0.199347
BSAI_YFINSS 3 2027 Cabc 329.289
BSAI_YFINSS 3 2027 Cofl 352.536
BSAI_YFINSS 3 2027 CLCI 88.1022
BSAI_YFINSS 3 2027 CUCI 89.4443
BSAI_YFINSS 3 2027 CMedian 88.4047
BSAI_YFINSS 3 2027 CMean 88.5456
BSAI_YFINSS 3 2027 CStdn 0.470699
BSAI_YFINSS 3 2028 Cabc 329.289
BSAI_YFINSS 3 2028 Cofl 352.536
BSAI_YFINSS 3 2028 CLCI 90.5553
BSAI_YFINSS 3 2028 CUCI 94.194
BSAI_YFINSS 3 2028 CMedian 91.3501
BSAI_YFINSS 3 2028 CMean 91.7355
BSAI_YFINSS 3 2028 CStdn 1.27171
BSAI_YFINSS 3 2029 Cabc 329.289
BSAI_YFINSS 3 2029 Cofl 352.536
BSAI_YFINSS 3 2029 CLCI 91.894
BSAI_YFINSS 3 2029 CUCI 102.031
BSAI_YFINSS 3 2029 CMedian 94.0971
BSAI_YFINSS 3 2029 CMean 95.1865
BSAI_YFINSS 3 2029 CStdn 3.57296
BSAI_YFINSS 3 2030 Cabc 329.289
BSAI_YFINSS 3 2030 Cofl 352.536
BSAI_YFINSS 3 2030 CLCI 91.713
BSAI_YFINSS 3 2030 CUCI 119.142
BSAI_YFINSS 3 2030 CMedian 97.7378
BSAI_YFINSS 3 2030 CMean 100.691
BSAI_YFINSS 3 2030 CStdn 9.73601
BSAI_YFINSS 3 2031 Cabc 329.289
BSAI_YFINSS 3 2031 Cofl 352.536
BSAI_YFINSS 3 2031 CLCI 90.8207
BSAI_YFINSS 3 2031 CUCI 142.702
BSAI_YFINSS 3 2031 CMedian 103.617
BSAI_YFINSS 3 2031 CMean 108.513
BSAI_YFINSS 3 2031 CStdn 17.9229
BSAI_YFINSS 3 2032 Cabc 329.289
BSAI_YFINSS 3 2032 Cofl 352.536
BSAI_YFINSS 3 2032 CLCI 90.8743
BSAI_YFINSS 3 2032 CUCI 166.947
BSAI_YFINSS 3 2032 CMedian 111.464
BSAI_YFINSS 3 2032 CMean 118.084
BSAI_YFINSS 3 2032 CStdn 25.9124
BSAI_YFINSS 3 2033 Cabc 329.289
BSAI_YFINSS 3 2033 Cofl 352.536
BSAI_YFINSS 3 2033 CLCI 91.4572
BSAI_YFINSS 3 2033 CUCI 185.212
BSAI_YFINSS 3 2033 CMedian 120.882
BSAI_YFINSS 3 2033 CMean 127.565
BSAI_YFINSS 3 2033 CStdn 32.3239
BSAI_YFINSS 3 2034 Cabc 329.289
BSAI_YFINSS 3 2034 Cofl 352.536
BSAI_YFINSS 3 2034 CLCI 91.8136
BSAI_YFINSS 3 2034 CUCI 202.873
BSAI_YFINSS 3 2034 CMedian 129.991
BSAI_YFINSS 3 2034 CMean 137.12
BSAI_YFINSS 3 2034 CStdn 37.7028
BSAI_YFINSS 3 2021 SSBF100 3148.89
BSAI_YFINSS 3 2021 SSBFabc 1259.56
BSAI_YFINSS 3 2021 SSBFofl 1102.11
BSAI_YFINSS 3 2021 SSBLCI 851.554
BSAI_YFINSS 3 2021 SSBUCI 851.554
BSAI_YFINSS 3 2021 SSBMedian 851.554
BSAI_YFINSS 3 2021 SSBMean 851.554
BSAI_YFINSS 3 2022 SSBF100 3148.89
BSAI_YFINSS 3 2022 SSBFabc 1259.56
BSAI_YFINSS 3 2022 SSBFofl 1102.11
BSAI_YFINSS 3 2022 SSBLCI 845.5
BSAI_YFINSS 3 2022 SSBUCI 845.505
BSAI_YFINSS 3 2022 SSBMedian 845.501
BSAI_YFINSS 3 2022 SSBMean 845.501
BSAI_YFINSS 3 2023 SSBF100 3148.89
BSAI_YFINSS 3 2023 SSBFabc 1259.56
BSAI_YFINSS 3 2023 SSBFofl 1102.11
BSAI_YFINSS 3 2023 SSBLCI 832.944
BSAI_YFINSS 3 2023 SSBUCI 832.962
BSAI_YFINSS 3 2023 SSBMedian 832.948
BSAI_YFINSS 3 2023 SSBMean 832.95
BSAI_YFINSS 3 2024 SSBF100 3148.89
BSAI_YFINSS 3 2024 SSBFabc 1259.56
BSAI_YFINSS 3 2024 SSBFofl 1102.11
BSAI_YFINSS 3 2024 SSBLCI 828.272
BSAI_YFINSS 3 2024 SSBUCI 828.327
BSAI_YFINSS 3 2024 SSBMedian 828.284
BSAI_YFINSS 3 2024 SSBMean 828.29
BSAI_YFINSS 3 2025 SSBF100 3148.89
BSAI_YFINSS 3 2025 SSBFabc 1259.56
BSAI_YFINSS 3 2025 SSBFofl 1102.11
BSAI_YFINSS 3 2025 SSBLCI 830.948
BSAI_YFINSS 3 2025 SSBUCI 831.109
BSAI_YFINSS 3 2025 SSBMedian 830.982
BSAI_YFINSS 3 2025 SSBMean 830.999
BSAI_YFINSS 3 2026 SSBF100 3148.89
BSAI_YFINSS 3 2026 SSBFabc 1259.56
BSAI_YFINSS 3 2026 SSBFofl 1102.11
BSAI_YFINSS 3 2026 SSBLCI 860.939
BSAI_YFINSS 3 2026 SSBUCI 861.692
BSAI_YFINSS 3 2026 SSBMedian 861.081
BSAI_YFINSS 3 2026 SSBMean 861.168
BSAI_YFINSS 3 2027 SSBF100 3148.89
BSAI_YFINSS 3 2027 SSBFabc 1259.56
BSAI_YFINSS 3 2027 SSBFofl 1102.11
BSAI_YFINSS 3 2027 SSBLCI 904.671
BSAI_YFINSS 3 2027 SSBUCI 907.168
BSAI_YFINSS 3 2027 SSBMedian 905.173
BSAI_YFINSS 3 2027 SSBMean 905.45
BSAI_YFINSS 3 2028 SSBF100 3148.89
BSAI_YFINSS 3 2028 SSBFabc 1259.56
BSAI_YFINSS 3 2028 SSBFofl 1102.11
BSAI_YFINSS 3 2028 SSBLCI 942.815
BSAI_YFINSS 3 2028 SSBUCI 959.389
BSAI_YFINSS 3 2028 SSBMedian 945.751
BSAI_YFINSS 3 2028 SSBMean 947.71
BSAI_YFINSS 3 2029 SSBF100 3148.89
BSAI_YFINSS 3 2029 SSBFabc 1259.56
BSAI_YFINSS 3 2029 SSBFofl 1102.11
BSAI_YFINSS 3 2029 SSBLCI 960.97
BSAI_YFINSS 3 2029 SSBUCI 1025.96
BSAI_YFINSS 3 2029 SSBMedian 973.696
BSAI_YFINSS 3 2029 SSBMean 981.205
BSAI_YFINSS 3 2030 SSBF100 3148.89
BSAI_YFINSS 3 2030 SSBFabc 1259.56
BSAI_YFINSS 3 2030 SSBFofl 1102.11
BSAI_YFINSS 3 2030 SSBLCI 963.059
BSAI_YFINSS 3 2030 SSBUCI 1135.63
BSAI_YFINSS 3 2030 SSBMedian 1000.23
BSAI_YFINSS 3 2030 SSBMean 1019.48
BSAI_YFINSS 3 2031 SSBF100 3148.89
BSAI_YFINSS 3 2031 SSBFabc 1259.56
BSAI_YFINSS 3 2031 SSBFofl 1102.11
BSAI_YFINSS 3 2031 SSBLCI 954.646
BSAI_YFINSS 3 2031 SSBUCI 1359.11
BSAI_YFINSS 3 2031 SSBMedian 1045.71
BSAI_YFINSS 3 2031 SSBMean 1088.74
BSAI_YFINSS 3 2032 SSBF100 3148.89
BSAI_YFINSS 3 2032 SSBFabc 1259.56
BSAI_YFINSS 3 2032 SSBFofl 1102.11
BSAI_YFINSS 3 2032 SSBLCI 947.024
BSAI_YFINSS 3 2032 SSBUCI 1642.36
BSAI_YFINSS 3 2032 SSBMedian 1124.56
BSAI_YFINSS 3 2032 SSBMean 1187.66
BSAI_YFINSS 3 2033 SSBF100 3148.89
BSAI_YFINSS 3 2033 SSBFabc 1259.56
BSAI_YFINSS 3 2033 SSBFofl 1102.11
BSAI_YFINSS 3 2033 SSBLCI 945.041
BSAI_YFINSS 3 2033 SSBUCI 1873.25
BSAI_YFINSS 3 2033 SSBMedian 1218.78
BSAI_YFINSS 3 2033 SSBMean 1294.43
BSAI_YFINSS 3 2034 SSBF100 3148.89
BSAI_YFINSS 3 2034 SSBFabc 1259.56
BSAI_YFINSS 3 2034 SSBFofl 1102.11
BSAI_YFINSS 3 2034 SSBLCI 953.006
BSAI_YFINSS 3 2034 SSBUCI 2064.32
BSAI_YFINSS 3 2034 SSBMedian 1316.38
BSAI_YFINSS 3 2034 SSBMean 1395.27
BSAI_YFINSS 3 2021 F0 0 
BSAI_YFINSS 3 2021 Fabc 0.14054
BSAI_YFINSS 3 2021 Fofl 0.170836
BSAI_YFINSS 3 2021  F_LCI 0.0931161
BSAI_YFINSS 3 2021  F_UCI 0.0931161
BSAI_YFINSS 3 2021  F_Median 0.0931161
BSAI_YFINSS 3 2021  F_Mean 0.0931161
BSAI_YFINSS 3 2022 F0 0 
BSAI_YFINSS 3 2022 Fabc 0.14054
BSAI_YFINSS 3 2022 Fofl 0.170836
BSAI_YFINSS 3 2022  F_LCI 0.0970746
BSAI_YFINSS 3 2022  F_UCI 0.0970778
BSAI_YFINSS 3 2022  F_Median 0.0970772
BSAI_YFINSS 3 2022  F_Mean 0.0970769
BSAI_YFINSS 3 2023 F0 0 
BSAI_YFINSS 3 2023 Fabc 0.14054
BSAI_YFINSS 3 2023 Fofl 0.170836
BSAI_YFINSS 3 2023  F_LCI 0.0522
BSAI_YFINSS 3 2023  F_UCI 0.0522
BSAI_YFINSS 3 2023  F_Median 0.0522
BSAI_YFINSS 3 2023  F_Mean 0.0522
BSAI_YFINSS 3 2024 F0 0 
BSAI_YFINSS 3 2024 Fabc 0.14054
BSAI_YFINSS 3 2024 Fofl 0.170836
BSAI_YFINSS 3 2024  F_LCI 0.0522
BSAI_YFINSS 3 2024  F_UCI 0.0522
BSAI_YFINSS 3 2024  F_Median 0.0522
BSAI_YFINSS 3 2024  F_Mean 0.0522
BSAI_YFINSS 3 2025 F0 0 
BSAI_YFINSS 3 2025 Fabc 0.14054
BSAI_YFINSS 3 2025 Fofl 0.170836
BSAI_YFINSS 3 2025  F_LCI 0.0522
BSAI_YFINSS 3 2025  F_UCI 0.0522
BSAI_YFINSS 3 2025  F_Median 0.0522
BSAI_YFINSS 3 2025  F_Mean 0.0522
BSAI_YFINSS 3 2026 F0 0 
BSAI_YFINSS 3 2026 Fabc 0.14054
BSAI_YFINSS 3 2026 Fofl 0.170836
BSAI_YFINSS 3 2026  F_LCI 0.0522
BSAI_YFINSS 3 2026  F_UCI 0.0522
BSAI_YFINSS 3 2026  F_Median 0.0522
BSAI_YFINSS 3 2026  F_Mean 0.0522
BSAI_YFINSS 3 2027 F0 0 
BSAI_YFINSS 3 2027 Fabc 0.14054
BSAI_YFINSS 3 2027 Fofl 0.170836
BSAI_YFINSS 3 2027  F_LCI 0.0522
BSAI_YFINSS 3 2027  F_UCI 0.0522
BSAI_YFINSS 3 2027  F_Median 0.0522
BSAI_YFINSS 3 2027  F_Mean 0.0522
BSAI_YFINSS 3 2028 F0 0 
BSAI_YFINSS 3 2028 Fabc 0.14054
BSAI_YFINSS 3 2028 Fofl 0.170836
BSAI_YFINSS 3 2028  F_LCI 0.0522
BSAI_YFINSS 3 2028  F_UCI 0.0522
BSAI_YFINSS 3 2028  F_Median 0.0522
BSAI_YFINSS 3 2028  F_Mean 0.0522
BSAI_YFINSS 3 2029 F0 0 
BSAI_YFINSS 3 2029 Fabc 0.14054
BSAI_YFINSS 3 2029 Fofl 0.170836
BSAI_YFINSS 3 2029  F_LCI 0.0522
BSAI_YFINSS 3 2029  F_UCI 0.0522
BSAI_YFINSS 3 2029  F_Median 0.0522
BSAI_YFINSS 3 2029  F_Mean 0.0522
BSAI_YFINSS 3 2030 F0 0 
BSAI_YFINSS 3 2030 Fabc 0.14054
BSAI_YFINSS 3 2030 Fofl 0.170836
BSAI_YFINSS 3 2030  F_LCI 0.0522
BSAI_YFINSS 3 2030  F_UCI 0.0522
BSAI_YFINSS 3 2030  F_Median 0.0522
BSAI_YFINSS 3 2030  F_Mean 0.0522
BSAI_YFINSS 3 2031 F0 0 
BSAI_YFINSS 3 2031 Fabc 0.14054
BSAI_YFINSS 3 2031 Fofl 0.170836
BSAI_YFINSS 3 2031  F_LCI 0.0522
BSAI_YFINSS 3 2031  F_UCI 0.0522
BSAI_YFINSS 3 2031  F_Median 0.0522
BSAI_YFINSS 3 2031  F_Mean 0.0522
BSAI_YFINSS 3 2032 F0 0 
BSAI_YFINSS 3 2032 Fabc 0.14054
BSAI_YFINSS 3 2032 Fofl 0.170836
BSAI_YFINSS 3 2032  F_LCI 0.0522
BSAI_YFINSS 3 2032  F_UCI 0.0522
BSAI_YFINSS 3 2032  F_Median 0.0522
BSAI_YFINSS 3 2032  F_Mean 0.0522
BSAI_YFINSS 3 2033 F0 0 
BSAI_YFINSS 3 2033 Fabc 0.14054
BSAI_YFINSS 3 2033 Fofl 0.170836
BSAI_YFINSS 3 2033  F_LCI 0.0522
BSAI_YFINSS 3 2033  F_UCI 0.0522
BSAI_YFINSS 3 2033  F_Median 0.0522
BSAI_YFINSS 3 2033  F_Mean 0.0522
BSAI_YFINSS 3 2034 F0 0 
BSAI_YFINSS 3 2034 Fabc 0.14054
BSAI_YFINSS 3 2034 Fofl 0.170836
BSAI_YFINSS 3 2034  F_LCI 0.0522
BSAI_YFINSS 3 2034  F_UCI 0.0522
BSAI_YFINSS 3 2034  F_Median 0.0522
BSAI_YFINSS 3 2034  F_Mean 0.0522
BSAI_YFINSS 4 2021 Cabc 329.289
BSAI_YFINSS 4 2021 Cofl 352.536
BSAI_YFINSS 4 2021 CLCI 146.5
BSAI_YFINSS 4 2021 CUCI 146.5
BSAI_YFINSS 4 2021 CMedian 146.5
BSAI_YFINSS 4 2021 CMean 146.5
BSAI_YFINSS 4 2021 CStdn 2.84217e-14
BSAI_YFINSS 4 2022 Cabc 329.289
BSAI_YFINSS 4 2022 Cofl 352.536
BSAI_YFINSS 4 2022 CLCI 150
BSAI_YFINSS 4 2022 CUCI 150
BSAI_YFINSS 4 2022 CMedian 150
BSAI_YFINSS 4 2022 CMean 150
BSAI_YFINSS 4 2022 CStdn 2.90539e-09
BSAI_YFINSS 4 2023 Cabc 329.289
BSAI_YFINSS 4 2023 Cofl 352.536
BSAI_YFINSS 4 2023 CLCI 99.072
BSAI_YFINSS 4 2023 CUCI 99.083
BSAI_YFINSS 4 2023 CMedian 99.0742
BSAI_YFINSS 4 2023 CMean 99.0754
BSAI_YFINSS 4 2023 CStdn 0.00396577
BSAI_YFINSS 4 2024 Cabc 329.289
BSAI_YFINSS 4 2024 Cofl 352.536
BSAI_YFINSS 4 2024 CLCI 98.0512
BSAI_YFINSS 4 2024 CUCI 98.1465
BSAI_YFINSS 4 2024 CMedian 98.0677
BSAI_YFINSS 4 2024 CMean 98.0789
BSAI_YFINSS 4 2024 CStdn 0.0343672
BSAI_YFINSS 4 2025 Cabc 329.289
BSAI_YFINSS 4 2025 Cofl 352.536
BSAI_YFINSS 4 2025 CLCI 99.5365
BSAI_YFINSS 4 2025 CUCI 99.8211
BSAI_YFINSS 4 2025 CMedian 99.5956
BSAI_YFINSS 4 2025 CMean 99.6272
BSAI_YFINSS 4 2025 CStdn 0.10287
BSAI_YFINSS 4 2026 Cabc 329.289
BSAI_YFINSS 4 2026 Cofl 352.536
BSAI_YFINSS 4 2026 CLCI 103.02
BSAI_YFINSS 4 2026 CUCI 103.728
BSAI_YFINSS 4 2026 CMedian 103.176
BSAI_YFINSS 4 2026 CMean 103.253
BSAI_YFINSS 4 2026 CStdn 0.251152
BSAI_YFINSS 4 2027 Cabc 329.289
BSAI_YFINSS 4 2027 Cofl 352.536
BSAI_YFINSS 4 2027 CLCI 106.699
BSAI_YFINSS 4 2027 CUCI 108.389
BSAI_YFINSS 4 2027 CMedian 107.08
BSAI_YFINSS 4 2027 CMean 107.258
BSAI_YFINSS 4 2027 CStdn 0.592833
BSAI_YFINSS 4 2028 Cabc 329.289
BSAI_YFINSS 4 2028 Cofl 352.536
BSAI_YFINSS 4 2028 CLCI 109.008
BSAI_YFINSS 4 2028 CUCI 113.587
BSAI_YFINSS 4 2028 CMedian 110.008
BSAI_YFINSS 4 2028 CMean 110.494
BSAI_YFINSS 4 2028 CStdn 1.60049
BSAI_YFINSS 4 2029 Cabc 329.289
BSAI_YFINSS 4 2029 Cofl 352.536
BSAI_YFINSS 4 2029 CLCI 109.966
BSAI_YFINSS 4 2029 CUCI 122.702
BSAI_YFINSS 4 2029 CMedian 112.735
BSAI_YFINSS 4 2029 CMean 114.105
BSAI_YFINSS 4 2029 CStdn 4.48982
BSAI_YFINSS 4 2030 Cabc 329.289
BSAI_YFINSS 4 2030 Cofl 352.536
BSAI_YFINSS 4 2030 CLCI 109.097
BSAI_YFINSS 4 2030 CUCI 143.456
BSAI_YFINSS 4 2030 CMedian 116.659
BSAI_YFINSS 4 2030 CMean 120.355
BSAI_YFINSS 4 2030 CStdn 12.1985
BSAI_YFINSS 4 2031 Cabc 329.289
BSAI_YFINSS 4 2031 Cofl 352.536
BSAI_YFINSS 4 2031 CLCI 107.428
BSAI_YFINSS 4 2031 CUCI 172.071
BSAI_YFINSS 4 2031 CMedian 123.449
BSAI_YFINSS 4 2031 CMean 129.541
BSAI_YFINSS 4 2031 CStdn 22.3655
BSAI_YFINSS 4 2032 Cabc 329.289
BSAI_YFINSS 4 2032 Cofl 352.536
BSAI_YFINSS 4 2032 CLCI 107.049
BSAI_YFINSS 4 2032 CUCI 201.485
BSAI_YFINSS 4 2032 CMedian 132.67
BSAI_YFINSS 4 2032 CMean 140.875
BSAI_YFINSS 4 2032 CStdn 32.1672
BSAI_YFINSS 4 2033 Cabc 329.289
BSAI_YFINSS 4 2033 Cofl 352.536
BSAI_YFINSS 4 2033 CLCI 107.408
BSAI_YFINSS 4 2033 CUCI 222.71
BSAI_YFINSS 4 2033 CMedian 144.021
BSAI_YFINSS 4 2033 CMean 152.076
BSAI_YFINSS 4 2033 CStdn 39.9046
BSAI_YFINSS 4 2034 Cabc 329.289
BSAI_YFINSS 4 2034 Cofl 352.536
BSAI_YFINSS 4 2034 CLCI 107.445
BSAI_YFINSS 4 2034 CUCI 244.936
BSAI_YFINSS 4 2034 CMedian 154.716
BSAI_YFINSS 4 2034 CMean 163.299
BSAI_YFINSS 4 2034 CStdn 46.2891
BSAI_YFINSS 4 2021 SSBF100 3148.89
BSAI_YFINSS 4 2021 SSBFabc 1259.56
BSAI_YFINSS 4 2021 SSBFofl 1102.11
BSAI_YFINSS 4 2021 SSBLCI 851.554
BSAI_YFINSS 4 2021 SSBUCI 851.554
BSAI_YFINSS 4 2021 SSBMedian 851.554
BSAI_YFINSS 4 2021 SSBMean 851.554
BSAI_YFINSS 4 2022 SSBF100 3148.89
BSAI_YFINSS 4 2022 SSBFabc 1259.56
BSAI_YFINSS 4 2022 SSBFofl 1102.11
BSAI_YFINSS 4 2022 SSBLCI 845.5
BSAI_YFINSS 4 2022 SSBUCI 845.505
BSAI_YFINSS 4 2022 SSBMedian 845.501
BSAI_YFINSS 4 2022 SSBMean 845.501
BSAI_YFINSS 4 2023 SSBF100 3148.89
BSAI_YFINSS 4 2023 SSBFabc 1259.56
BSAI_YFINSS 4 2023 SSBFofl 1102.11
BSAI_YFINSS 4 2023 SSBLCI 829.599
BSAI_YFINSS 4 2023 SSBUCI 829.617
BSAI_YFINSS 4 2023 SSBMedian 829.602
BSAI_YFINSS 4 2023 SSBMean 829.604
BSAI_YFINSS 4 2024 SSBF100 3148.89
BSAI_YFINSS 4 2024 SSBFabc 1259.56
BSAI_YFINSS 4 2024 SSBFofl 1102.11
BSAI_YFINSS 4 2024 SSBLCI 815.59
BSAI_YFINSS 4 2024 SSBUCI 815.645
BSAI_YFINSS 4 2024 SSBMedian 815.602
BSAI_YFINSS 4 2024 SSBMean 815.608
BSAI_YFINSS 4 2025 SSBF100 3148.89
BSAI_YFINSS 4 2025 SSBFabc 1259.56
BSAI_YFINSS 4 2025 SSBFofl 1102.11
BSAI_YFINSS 4 2025 SSBLCI 809.925
BSAI_YFINSS 4 2025 SSBUCI 810.086
BSAI_YFINSS 4 2025 SSBMedian 809.959
BSAI_YFINSS 4 2025 SSBMean 809.976
BSAI_YFINSS 4 2026 SSBF100 3148.89
BSAI_YFINSS 4 2026 SSBFabc 1259.56
BSAI_YFINSS 4 2026 SSBFofl 1102.11
BSAI_YFINSS 4 2026 SSBLCI 832.291
BSAI_YFINSS 4 2026 SSBUCI 833.044
BSAI_YFINSS 4 2026 SSBMedian 832.433
BSAI_YFINSS 4 2026 SSBMean 832.52
BSAI_YFINSS 4 2027 SSBF100 3148.89
BSAI_YFINSS 4 2027 SSBFabc 1259.56
BSAI_YFINSS 4 2027 SSBFofl 1102.11
BSAI_YFINSS 4 2027 SSBLCI 868.802
BSAI_YFINSS 4 2027 SSBUCI 871.298
BSAI_YFINSS 4 2027 SSBMedian 869.303
BSAI_YFINSS 4 2027 SSBMean 869.581
BSAI_YFINSS 4 2028 SSBF100 3148.89
BSAI_YFINSS 4 2028 SSBFabc 1259.56
BSAI_YFINSS 4 2028 SSBFofl 1102.11
BSAI_YFINSS 4 2028 SSBLCI 899.877
BSAI_YFINSS 4 2028 SSBUCI 916.43
BSAI_YFINSS 4 2028 SSBMedian 902.809
BSAI_YFINSS 4 2028 SSBMean 904.766
BSAI_YFINSS 4 2029 SSBF100 3148.89
BSAI_YFINSS 4 2029 SSBFabc 1259.56
BSAI_YFINSS 4 2029 SSBFofl 1102.11
BSAI_YFINSS 4 2029 SSBLCI 911.619
BSAI_YFINSS 4 2029 SSBUCI 976.424
BSAI_YFINSS 4 2029 SSBMedian 924.305
BSAI_YFINSS 4 2029 SSBMean 931.801
BSAI_YFINSS 4 2030 SSBF100 3148.89
BSAI_YFINSS 4 2030 SSBFabc 1259.56
BSAI_YFINSS 4 2030 SSBFofl 1102.11
BSAI_YFINSS 4 2030 SSBLCI 908.166
BSAI_YFINSS 4 2030 SSBUCI 1080.1
BSAI_YFINSS 4 2030 SSBMedian 945.219
BSAI_YFINSS 4 2030 SSBMean 964.335
BSAI_YFINSS 4 2031 SSBF100 3148.89
BSAI_YFINSS 4 2031 SSBFabc 1259.56
BSAI_YFINSS 4 2031 SSBFofl 1102.11
BSAI_YFINSS 4 2031 SSBLCI 894.989
BSAI_YFINSS 4 2031 SSBUCI 1295.14
BSAI_YFINSS 4 2031 SSBMedian 985.317
BSAI_YFINSS 4 2031 SSBMean 1027.93
BSAI_YFINSS 4 2032 SSBF100 3148.89
BSAI_YFINSS 4 2032 SSBFabc 1259.56
BSAI_YFINSS 4 2032 SSBFofl 1102.11
BSAI_YFINSS 4 2032 SSBLCI 883.311
BSAI_YFINSS 4 2032 SSBUCI 1566.82
BSAI_YFINSS 4 2032 SSBMedian 1058.86
BSAI_YFINSS 4 2032 SSBMean 1120.57
BSAI_YFINSS 4 2033 SSBF100 3148.89
BSAI_YFINSS 4 2033 SSBFabc 1259.56
BSAI_YFINSS 4 2033 SSBFofl 1102.11
BSAI_YFINSS 4 2033 SSBLCI 878.292
BSAI_YFINSS 4 2033 SSBUCI 1786.26
BSAI_YFINSS 4 2033 SSBMedian 1147.83
BSAI_YFINSS 4 2033 SSBMean 1220.76
BSAI_YFINSS 4 2034 SSBF100 3148.89
BSAI_YFINSS 4 2034 SSBFabc 1259.56
BSAI_YFINSS 4 2034 SSBFofl 1102.11
BSAI_YFINSS 4 2034 SSBLCI 884.23
BSAI_YFINSS 4 2034 SSBUCI 1975.37
BSAI_YFINSS 4 2034 SSBMedian 1239.44
BSAI_YFINSS 4 2034 SSBMean 1314.72
BSAI_YFINSS 4 2021 F0 0 
BSAI_YFINSS 4 2021 Fabc 0.14054
BSAI_YFINSS 4 2021 Fofl 0.170836
BSAI_YFINSS 4 2021  F_LCI 0.0931161
BSAI_YFINSS 4 2021  F_UCI 0.0931161
BSAI_YFINSS 4 2021  F_Median 0.0931161
BSAI_YFINSS 4 2021  F_Mean 0.0931161
BSAI_YFINSS 4 2022 F0 0 
BSAI_YFINSS 4 2022 Fabc 0.14054
BSAI_YFINSS 4 2022 Fofl 0.170836
BSAI_YFINSS 4 2022  F_LCI 0.0970746
BSAI_YFINSS 4 2022  F_UCI 0.0970778
BSAI_YFINSS 4 2022  F_Median 0.0970772
BSAI_YFINSS 4 2022  F_Mean 0.0970769
BSAI_YFINSS 4 2023 F0 0 
BSAI_YFINSS 4 2023 Fabc 0.14054
BSAI_YFINSS 4 2023 Fofl 0.170836
BSAI_YFINSS 4 2023  F_LCI 0.0657829
BSAI_YFINSS 4 2023  F_UCI 0.0657829
BSAI_YFINSS 4 2023  F_Median 0.0657829
BSAI_YFINSS 4 2023  F_Mean 0.0657829
BSAI_YFINSS 4 2024 F0 0 
BSAI_YFINSS 4 2024 Fabc 0.14054
BSAI_YFINSS 4 2024 Fofl 0.170836
BSAI_YFINSS 4 2024  F_LCI 0.0657829
BSAI_YFINSS 4 2024  F_UCI 0.0657829
BSAI_YFINSS 4 2024  F_Median 0.0657829
BSAI_YFINSS 4 2024  F_Mean 0.0657829
BSAI_YFINSS 4 2025 F0 0 
BSAI_YFINSS 4 2025 Fabc 0.14054
BSAI_YFINSS 4 2025 Fofl 0.170836
BSAI_YFINSS 4 2025  F_LCI 0.0657829
BSAI_YFINSS 4 2025  F_UCI 0.0657829
BSAI_YFINSS 4 2025  F_Median 0.0657829
BSAI_YFINSS 4 2025  F_Mean 0.0657829
BSAI_YFINSS 4 2026 F0 0 
BSAI_YFINSS 4 2026 Fabc 0.14054
BSAI_YFINSS 4 2026 Fofl 0.170836
BSAI_YFINSS 4 2026  F_LCI 0.0657829
BSAI_YFINSS 4 2026  F_UCI 0.0657829
BSAI_YFINSS 4 2026  F_Median 0.0657829
BSAI_YFINSS 4 2026  F_Mean 0.0657829
BSAI_YFINSS 4 2027 F0 0 
BSAI_YFINSS 4 2027 Fabc 0.14054
BSAI_YFINSS 4 2027 Fofl 0.170836
BSAI_YFINSS 4 2027  F_LCI 0.0657829
BSAI_YFINSS 4 2027  F_UCI 0.0657829
BSAI_YFINSS 4 2027  F_Median 0.0657829
BSAI_YFINSS 4 2027  F_Mean 0.0657829
BSAI_YFINSS 4 2028 F0 0 
BSAI_YFINSS 4 2028 Fabc 0.14054
BSAI_YFINSS 4 2028 Fofl 0.170836
BSAI_YFINSS 4 2028  F_LCI 0.0657829
BSAI_YFINSS 4 2028  F_UCI 0.0657829
BSAI_YFINSS 4 2028  F_Median 0.0657829
BSAI_YFINSS 4 2028  F_Mean 0.0657829
BSAI_YFINSS 4 2029 F0 0 
BSAI_YFINSS 4 2029 Fabc 0.14054
BSAI_YFINSS 4 2029 Fofl 0.170836
BSAI_YFINSS 4 2029  F_LCI 0.0657829
BSAI_YFINSS 4 2029  F_UCI 0.0657829
BSAI_YFINSS 4 2029  F_Median 0.0657829
BSAI_YFINSS 4 2029  F_Mean 0.0657829
BSAI_YFINSS 4 2030 F0 0 
BSAI_YFINSS 4 2030 Fabc 0.14054
BSAI_YFINSS 4 2030 Fofl 0.170836
BSAI_YFINSS 4 2030  F_LCI 0.0657829
BSAI_YFINSS 4 2030  F_UCI 0.0657829
BSAI_YFINSS 4 2030  F_Median 0.0657829
BSAI_YFINSS 4 2030  F_Mean 0.0657829
BSAI_YFINSS 4 2031 F0 0 
BSAI_YFINSS 4 2031 Fabc 0.14054
BSAI_YFINSS 4 2031 Fofl 0.170836
BSAI_YFINSS 4 2031  F_LCI 0.0657829
BSAI_YFINSS 4 2031  F_UCI 0.0657829
BSAI_YFINSS 4 2031  F_Median 0.0657829
BSAI_YFINSS 4 2031  F_Mean 0.0657829
BSAI_YFINSS 4 2032 F0 0 
BSAI_YFINSS 4 2032 Fabc 0.14054
BSAI_YFINSS 4 2032 Fofl 0.170836
BSAI_YFINSS 4 2032  F_LCI 0.0657829
BSAI_YFINSS 4 2032  F_UCI 0.0657829
BSAI_YFINSS 4 2032  F_Median 0.0657829
BSAI_YFINSS 4 2032  F_Mean 0.0657829
BSAI_YFINSS 4 2033 F0 0 
BSAI_YFINSS 4 2033 Fabc 0.14054
BSAI_YFINSS 4 2033 Fofl 0.170836
BSAI_YFINSS 4 2033  F_LCI 0.0657829
BSAI_YFINSS 4 2033  F_UCI 0.0657829
BSAI_YFINSS 4 2033  F_Median 0.0657829
BSAI_YFINSS 4 2033  F_Mean 0.0657829
BSAI_YFINSS 4 2034 F0 0 
BSAI_YFINSS 4 2034 Fabc 0.14054
BSAI_YFINSS 4 2034 Fofl 0.170836
BSAI_YFINSS 4 2034  F_LCI 0.0657829
BSAI_YFINSS 4 2034  F_UCI 0.0657829
BSAI_YFINSS 4 2034  F_Median 0.0657829
BSAI_YFINSS 4 2034  F_Mean 0.0657829
BSAI_YFINSS 5 2021 Cabc 329.289
BSAI_YFINSS 5 2021 Cofl 352.536
BSAI_YFINSS 5 2021 CLCI 146.5
BSAI_YFINSS 5 2021 CUCI 146.5
BSAI_YFINSS 5 2021 CMedian 146.5
BSAI_YFINSS 5 2021 CMean 146.5
BSAI_YFINSS 5 2021 CStdn 2.84217e-14
BSAI_YFINSS 5 2022 Cabc 329.289
BSAI_YFINSS 5 2022 Cofl 352.536
BSAI_YFINSS 5 2022 CLCI 150
BSAI_YFINSS 5 2022 CUCI 150
BSAI_YFINSS 5 2022 CMedian 150
BSAI_YFINSS 5 2022 CMean 150
BSAI_YFINSS 5 2022 CStdn 2.90539e-09
BSAI_YFINSS 5 2023 Cabc 329.289
BSAI_YFINSS 5 2023 Cofl 352.536
BSAI_YFINSS 5 2023 CLCI 0
BSAI_YFINSS 5 2023 CUCI 0
BSAI_YFINSS 5 2023 CMedian 0
BSAI_YFINSS 5 2023 CMean 0
BSAI_YFINSS 5 2023 CStdn 0
BSAI_YFINSS 5 2024 Cabc 329.289
BSAI_YFINSS 5 2024 Cofl 352.536
BSAI_YFINSS 5 2024 CLCI 0
BSAI_YFINSS 5 2024 CUCI 0
BSAI_YFINSS 5 2024 CMedian 0
BSAI_YFINSS 5 2024 CMean 0
BSAI_YFINSS 5 2024 CStdn 0
BSAI_YFINSS 5 2025 Cabc 329.289
BSAI_YFINSS 5 2025 Cofl 352.536
BSAI_YFINSS 5 2025 CLCI 0
BSAI_YFINSS 5 2025 CUCI 0
BSAI_YFINSS 5 2025 CMedian 0
BSAI_YFINSS 5 2025 CMean 0
BSAI_YFINSS 5 2025 CStdn 0
BSAI_YFINSS 5 2026 Cabc 329.289
BSAI_YFINSS 5 2026 Cofl 352.536
BSAI_YFINSS 5 2026 CLCI 0
BSAI_YFINSS 5 2026 CUCI 0
BSAI_YFINSS 5 2026 CMedian 0
BSAI_YFINSS 5 2026 CMean 0
BSAI_YFINSS 5 2026 CStdn 0
BSAI_YFINSS 5 2027 Cabc 329.289
BSAI_YFINSS 5 2027 Cofl 352.536
BSAI_YFINSS 5 2027 CLCI 0
BSAI_YFINSS 5 2027 CUCI 0
BSAI_YFINSS 5 2027 CMedian 0
BSAI_YFINSS 5 2027 CMean 0
BSAI_YFINSS 5 2027 CStdn 0
BSAI_YFINSS 5 2028 Cabc 329.289
BSAI_YFINSS 5 2028 Cofl 352.536
BSAI_YFINSS 5 2028 CLCI 0
BSAI_YFINSS 5 2028 CUCI 0
BSAI_YFINSS 5 2028 CMedian 0
BSAI_YFINSS 5 2028 CMean 0
BSAI_YFINSS 5 2028 CStdn 0
BSAI_YFINSS 5 2029 Cabc 329.289
BSAI_YFINSS 5 2029 Cofl 352.536
BSAI_YFINSS 5 2029 CLCI 0
BSAI_YFINSS 5 2029 CUCI 0
BSAI_YFINSS 5 2029 CMedian 0
BSAI_YFINSS 5 2029 CMean 0
BSAI_YFINSS 5 2029 CStdn 0
BSAI_YFINSS 5 2030 Cabc 329.289
BSAI_YFINSS 5 2030 Cofl 352.536
BSAI_YFINSS 5 2030 CLCI 0
BSAI_YFINSS 5 2030 CUCI 0
BSAI_YFINSS 5 2030 CMedian 0
BSAI_YFINSS 5 2030 CMean 0
BSAI_YFINSS 5 2030 CStdn 0
BSAI_YFINSS 5 2031 Cabc 329.289
BSAI_YFINSS 5 2031 Cofl 352.536
BSAI_YFINSS 5 2031 CLCI 0
BSAI_YFINSS 5 2031 CUCI 0
BSAI_YFINSS 5 2031 CMedian 0
BSAI_YFINSS 5 2031 CMean 0
BSAI_YFINSS 5 2031 CStdn 0
BSAI_YFINSS 5 2032 Cabc 329.289
BSAI_YFINSS 5 2032 Cofl 352.536
BSAI_YFINSS 5 2032 CLCI 0
BSAI_YFINSS 5 2032 CUCI 0
BSAI_YFINSS 5 2032 CMedian 0
BSAI_YFINSS 5 2032 CMean 0
BSAI_YFINSS 5 2032 CStdn 0
BSAI_YFINSS 5 2033 Cabc 329.289
BSAI_YFINSS 5 2033 Cofl 352.536
BSAI_YFINSS 5 2033 CLCI 0
BSAI_YFINSS 5 2033 CUCI 0
BSAI_YFINSS 5 2033 CMedian 0
BSAI_YFINSS 5 2033 CMean 0
BSAI_YFINSS 5 2033 CStdn 0
BSAI_YFINSS 5 2034 Cabc 329.289
BSAI_YFINSS 5 2034 Cofl 352.536
BSAI_YFINSS 5 2034 CLCI 0
BSAI_YFINSS 5 2034 CUCI 0
BSAI_YFINSS 5 2034 CMedian 0
BSAI_YFINSS 5 2034 CMean 0
BSAI_YFINSS 5 2034 CStdn 0
BSAI_YFINSS 5 2021 SSBF100 3148.89
BSAI_YFINSS 5 2021 SSBFabc 1259.56
BSAI_YFINSS 5 2021 SSBFofl 1102.11
BSAI_YFINSS 5 2021 SSBLCI 851.554
BSAI_YFINSS 5 2021 SSBUCI 851.554
BSAI_YFINSS 5 2021 SSBMedian 851.554
BSAI_YFINSS 5 2021 SSBMean 851.554
BSAI_YFINSS 5 2022 SSBF100 3148.89
BSAI_YFINSS 5 2022 SSBFabc 1259.56
BSAI_YFINSS 5 2022 SSBFofl 1102.11
BSAI_YFINSS 5 2022 SSBLCI 845.5
BSAI_YFINSS 5 2022 SSBUCI 845.505
BSAI_YFINSS 5 2022 SSBMedian 845.501
BSAI_YFINSS 5 2022 SSBMean 845.501
BSAI_YFINSS 5 2023 SSBF100 3148.89
BSAI_YFINSS 5 2023 SSBFabc 1259.56
BSAI_YFINSS 5 2023 SSBFofl 1102.11
BSAI_YFINSS 5 2023 SSBLCI 845.931
BSAI_YFINSS 5 2023 SSBUCI 845.949
BSAI_YFINSS 5 2023 SSBMedian 845.934
BSAI_YFINSS 5 2023 SSBMean 845.936
BSAI_YFINSS 5 2024 SSBF100 3148.89
BSAI_YFINSS 5 2024 SSBFabc 1259.56
BSAI_YFINSS 5 2024 SSBFofl 1102.11
BSAI_YFINSS 5 2024 SSBLCI 878.996
BSAI_YFINSS 5 2024 SSBUCI 879.051
BSAI_YFINSS 5 2024 SSBMedian 879.007
BSAI_YFINSS 5 2024 SSBMean 879.013
BSAI_YFINSS 5 2025 SSBF100 3148.89
BSAI_YFINSS 5 2025 SSBFabc 1259.56
BSAI_YFINSS 5 2025 SSBFofl 1102.11
BSAI_YFINSS 5 2025 SSBLCI 917.546
BSAI_YFINSS 5 2025 SSBUCI 917.708
BSAI_YFINSS 5 2025 SSBMedian 917.58
BSAI_YFINSS 5 2025 SSBMean 917.597
BSAI_YFINSS 5 2026 SSBF100 3148.89
BSAI_YFINSS 5 2026 SSBFabc 1259.56
BSAI_YFINSS 5 2026 SSBFofl 1102.11
BSAI_YFINSS 5 2026 SSBLCI 982.267
BSAI_YFINSS 5 2026 SSBUCI 983.021
BSAI_YFINSS 5 2026 SSBMedian 982.409
BSAI_YFINSS 5 2026 SSBMean 982.496
BSAI_YFINSS 5 2027 SSBF100 3148.89
BSAI_YFINSS 5 2027 SSBFabc 1259.56
BSAI_YFINSS 5 2027 SSBFofl 1102.11
BSAI_YFINSS 5 2027 SSBLCI 1060.45
BSAI_YFINSS 5 2027 SSBUCI 1062.95
BSAI_YFINSS 5 2027 SSBMedian 1060.95
BSAI_YFINSS 5 2027 SSBMean 1061.23
BSAI_YFINSS 5 2028 SSBF100 3148.89
BSAI_YFINSS 5 2028 SSBFabc 1259.56
BSAI_YFINSS 5 2028 SSBFofl 1102.11
BSAI_YFINSS 5 2028 SSBLCI 1133.63
BSAI_YFINSS 5 2028 SSBUCI 1150.29
BSAI_YFINSS 5 2028 SSBMedian 1136.58
BSAI_YFINSS 5 2028 SSBMean 1138.55
BSAI_YFINSS 5 2029 SSBF100 3148.89
BSAI_YFINSS 5 2029 SSBFabc 1259.56
BSAI_YFINSS 5 2029 SSBFofl 1102.11
BSAI_YFINSS 5 2029 SSBLCI 1185.19
BSAI_YFINSS 5 2029 SSBUCI 1250.88
BSAI_YFINSS 5 2029 SSBMedian 1198.04
BSAI_YFINSS 5 2029 SSBMean 1205.63
BSAI_YFINSS 5 2030 SSBF100 3148.89
BSAI_YFINSS 5 2030 SSBFabc 1259.56
BSAI_YFINSS 5 2030 SSBFofl 1102.11
BSAI_YFINSS 5 2030 SSBLCI 1217.87
BSAI_YFINSS 5 2030 SSBUCI 1393.13
BSAI_YFINSS 5 2030 SSBMedian 1255.43
BSAI_YFINSS 5 2030 SSBMean 1275.28
BSAI_YFINSS 5 2031 SSBF100 3148.89
BSAI_YFINSS 5 2031 SSBFabc 1259.56
BSAI_YFINSS 5 2031 SSBFofl 1102.11
BSAI_YFINSS 5 2031 SSBLCI 1237.57
BSAI_YFINSS 5 2031 SSBUCI 1657.48
BSAI_YFINSS 5 2031 SSBMedian 1331.16
BSAI_YFINSS 5 2031 SSBMean 1376.21
BSAI_YFINSS 5 2032 SSBF100 3148.89
BSAI_YFINSS 5 2032 SSBFabc 1259.56
BSAI_YFINSS 5 2032 SSBFofl 1102.11
BSAI_YFINSS 5 2032 SSBLCI 1256.88
BSAI_YFINSS 5 2032 SSBUCI 1988.32
BSAI_YFINSS 5 2032 SSBMedian 1442.91
BSAI_YFINSS 5 2032 SSBMean 1509.84
BSAI_YFINSS 5 2033 SSBF100 3148.89
BSAI_YFINSS 5 2033 SSBFabc 1259.56
BSAI_YFINSS 5 2033 SSBFofl 1102.11
BSAI_YFINSS 5 2033 SSBLCI 1274.68
BSAI_YFINSS 5 2033 SSBUCI 2292.52
BSAI_YFINSS 5 2033 SSBMedian 1568.76
BSAI_YFINSS 5 2033 SSBMean 1652.53
BSAI_YFINSS 5 2034 SSBF100 3148.89
BSAI_YFINSS 5 2034 SSBFabc 1259.56
BSAI_YFINSS 5 2034 SSBFofl 1102.11
BSAI_YFINSS 5 2034 SSBLCI 1299.72
BSAI_YFINSS 5 2034 SSBUCI 2534.9
BSAI_YFINSS 5 2034 SSBMedian 1703.16
BSAI_YFINSS 5 2034 SSBMean 1790.84
BSAI_YFINSS 5 2021 F0 0 
BSAI_YFINSS 5 2021 Fabc 0.14054
BSAI_YFINSS 5 2021 Fofl 0.170836
BSAI_YFINSS 5 2021  F_LCI 0.0931161
BSAI_YFINSS 5 2021  F_UCI 0.0931161
BSAI_YFINSS 5 2021  F_Median 0.0931161
BSAI_YFINSS 5 2021  F_Mean 0.0931161
BSAI_YFINSS 5 2022 F0 0 
BSAI_YFINSS 5 2022 Fabc 0.14054
BSAI_YFINSS 5 2022 Fofl 0.170836
BSAI_YFINSS 5 2022  F_LCI 0.0970746
BSAI_YFINSS 5 2022  F_UCI 0.0970778
BSAI_YFINSS 5 2022  F_Median 0.0970772
BSAI_YFINSS 5 2022  F_Mean 0.0970769
BSAI_YFINSS 5 2023 F0 0 
BSAI_YFINSS 5 2023 Fabc 0.14054
BSAI_YFINSS 5 2023 Fofl 0.170836
BSAI_YFINSS 5 2023  F_LCI 0
BSAI_YFINSS 5 2023  F_UCI 0
BSAI_YFINSS 5 2023  F_Median 0
BSAI_YFINSS 5 2023  F_Mean 0
BSAI_YFINSS 5 2024 F0 0 
BSAI_YFINSS 5 2024 Fabc 0.14054
BSAI_YFINSS 5 2024 Fofl 0.170836
BSAI_YFINSS 5 2024  F_LCI 0
BSAI_YFINSS 5 2024  F_UCI 0
BSAI_YFINSS 5 2024  F_Median 0
BSAI_YFINSS 5 2024  F_Mean 0
BSAI_YFINSS 5 2025 F0 0 
BSAI_YFINSS 5 2025 Fabc 0.14054
BSAI_YFINSS 5 2025 Fofl 0.170836
BSAI_YFINSS 5 2025  F_LCI 0
BSAI_YFINSS 5 2025  F_UCI 0
BSAI_YFINSS 5 2025  F_Median 0
BSAI_YFINSS 5 2025  F_Mean 0
BSAI_YFINSS 5 2026 F0 0 
BSAI_YFINSS 5 2026 Fabc 0.14054
BSAI_YFINSS 5 2026 Fofl 0.170836
BSAI_YFINSS 5 2026  F_LCI 0
BSAI_YFINSS 5 2026  F_UCI 0
BSAI_YFINSS 5 2026  F_Median 0
BSAI_YFINSS 5 2026  F_Mean 0
BSAI_YFINSS 5 2027 F0 0 
BSAI_YFINSS 5 2027 Fabc 0.14054
BSAI_YFINSS 5 2027 Fofl 0.170836
BSAI_YFINSS 5 2027  F_LCI 0
BSAI_YFINSS 5 2027  F_UCI 0
BSAI_YFINSS 5 2027  F_Median 0
BSAI_YFINSS 5 2027  F_Mean 0
BSAI_YFINSS 5 2028 F0 0 
BSAI_YFINSS 5 2028 Fabc 0.14054
BSAI_YFINSS 5 2028 Fofl 0.170836
BSAI_YFINSS 5 2028  F_LCI 0
BSAI_YFINSS 5 2028  F_UCI 0
BSAI_YFINSS 5 2028  F_Median 0
BSAI_YFINSS 5 2028  F_Mean 0
BSAI_YFINSS 5 2029 F0 0 
BSAI_YFINSS 5 2029 Fabc 0.14054
BSAI_YFINSS 5 2029 Fofl 0.170836
BSAI_YFINSS 5 2029  F_LCI 0
BSAI_YFINSS 5 2029  F_UCI 0
BSAI_YFINSS 5 2029  F_Median 0
BSAI_YFINSS 5 2029  F_Mean 0
BSAI_YFINSS 5 2030 F0 0 
BSAI_YFINSS 5 2030 Fabc 0.14054
BSAI_YFINSS 5 2030 Fofl 0.170836
BSAI_YFINSS 5 2030  F_LCI 0
BSAI_YFINSS 5 2030  F_UCI 0
BSAI_YFINSS 5 2030  F_Median 0
BSAI_YFINSS 5 2030  F_Mean 0
BSAI_YFINSS 5 2031 F0 0 
BSAI_YFINSS 5 2031 Fabc 0.14054
BSAI_YFINSS 5 2031 Fofl 0.170836
BSAI_YFINSS 5 2031  F_LCI 0
BSAI_YFINSS 5 2031  F_UCI 0
BSAI_YFINSS 5 2031  F_Median 0
BSAI_YFINSS 5 2031  F_Mean 0
BSAI_YFINSS 5 2032 F0 0 
BSAI_YFINSS 5 2032 Fabc 0.14054
BSAI_YFINSS 5 2032 Fofl 0.170836
BSAI_YFINSS 5 2032  F_LCI 0
BSAI_YFINSS 5 2032  F_UCI 0
BSAI_YFINSS 5 2032  F_Median 0
BSAI_YFINSS 5 2032  F_Mean 0
BSAI_YFINSS 5 2033 F0 0 
BSAI_YFINSS 5 2033 Fabc 0.14054
BSAI_YFINSS 5 2033 Fofl 0.170836
BSAI_YFINSS 5 2033  F_LCI 0
BSAI_YFINSS 5 2033  F_UCI 0
BSAI_YFINSS 5 2033  F_Median 0
BSAI_YFINSS 5 2033  F_Mean 0
BSAI_YFINSS 5 2034 F0 0 
BSAI_YFINSS 5 2034 Fabc 0.14054
BSAI_YFINSS 5 2034 Fofl 0.170836
BSAI_YFINSS 5 2034  F_LCI 0
BSAI_YFINSS 5 2034  F_UCI 0
BSAI_YFINSS 5 2034  F_Median 0
BSAI_YFINSS 5 2034  F_Mean 0
BSAI_YFINSS 6 2021 Cabc 329.289
BSAI_YFINSS 6 2021 Cofl 352.536
BSAI_YFINSS 6 2021 CLCI 146.5
BSAI_YFINSS 6 2021 CUCI 146.5
BSAI_YFINSS 6 2021 CMedian 146.5
BSAI_YFINSS 6 2021 CMean 146.5
BSAI_YFINSS 6 2021 CStdn 2.84217e-14
BSAI_YFINSS 6 2022 Cabc 329.289
BSAI_YFINSS 6 2022 Cofl 352.536
BSAI_YFINSS 6 2022 CLCI 170.866
BSAI_YFINSS 6 2022 CUCI 170.872
BSAI_YFINSS 6 2022 CMedian 170.867
BSAI_YFINSS 6 2022 CMean 170.867
BSAI_YFINSS 6 2022 CStdn 0.00229526
BSAI_YFINSS 6 2023 Cabc 329.289
BSAI_YFINSS 6 2023 Cofl 352.536
BSAI_YFINSS 6 2023 CLCI 156.183
BSAI_YFINSS 6 2023 CUCI 156.203
BSAI_YFINSS 6 2023 CMedian 156.187
BSAI_YFINSS 6 2023 CMean 156.189
BSAI_YFINSS 6 2023 CStdn 0.00736616
BSAI_YFINSS 6 2024 Cabc 329.289
BSAI_YFINSS 6 2024 Cofl 352.536
BSAI_YFINSS 6 2024 CLCI 142.368
BSAI_YFINSS 6 2024 CUCI 142.523
BSAI_YFINSS 6 2024 CMedian 142.394
BSAI_YFINSS 6 2024 CMean 142.413
BSAI_YFINSS 6 2024 CStdn 0.0559826
BSAI_YFINSS 6 2025 Cabc 329.289
BSAI_YFINSS 6 2025 Cofl 352.536
BSAI_YFINSS 6 2025 CLCI 136.926
BSAI_YFINSS 6 2025 CUCI 137.376
BSAI_YFINSS 6 2025 CMedian 137.019
BSAI_YFINSS 6 2025 CMean 137.069
BSAI_YFINSS 6 2025 CStdn 0.162579
BSAI_YFINSS 6 2026 Cabc 329.289
BSAI_YFINSS 6 2026 Cofl 352.536
BSAI_YFINSS 6 2026 CLCI 141.288
BSAI_YFINSS 6 2026 CUCI 142.482
BSAI_YFINSS 6 2026 CMedian 141.55
BSAI_YFINSS 6 2026 CMean 141.679
BSAI_YFINSS 6 2026 CStdn 0.426343
BSAI_YFINSS 6 2027 Cabc 329.289
BSAI_YFINSS 6 2027 Cofl 352.536
BSAI_YFINSS 6 2027 CLCI 148.929
BSAI_YFINSS 6 2027 CUCI 151.994
BSAI_YFINSS 6 2027 CMedian 149.609
BSAI_YFINSS 6 2027 CMean 149.939
BSAI_YFINSS 6 2027 CStdn 1.08325
BSAI_YFINSS 6 2028 Cabc 329.289
BSAI_YFINSS 6 2028 Cofl 352.536
BSAI_YFINSS 6 2028 CLCI 153.105
BSAI_YFINSS 6 2028 CUCI 163.592
BSAI_YFINSS 6 2028 CMedian 155.253
BSAI_YFINSS 6 2028 CMean 156.382
BSAI_YFINSS 6 2028 CStdn 3.71694
BSAI_YFINSS 6 2029 Cabc 329.289
BSAI_YFINSS 6 2029 Cofl 352.536
BSAI_YFINSS 6 2029 CLCI 151.446
BSAI_YFINSS 6 2029 CUCI 185.259
BSAI_YFINSS 6 2029 CMedian 158.143
BSAI_YFINSS 6 2029 CMean 161.961
BSAI_YFINSS 6 2029 CStdn 12.2557
BSAI_YFINSS 6 2030 Cabc 329.289
BSAI_YFINSS 6 2030 Cofl 352.536
BSAI_YFINSS 6 2030 CLCI 144.989
BSAI_YFINSS 6 2030 CUCI 237.398
BSAI_YFINSS 6 2030 CMedian 163.395
BSAI_YFINSS 6 2030 CMean 174.346
BSAI_YFINSS 6 2030 CStdn 35.3141
BSAI_YFINSS 6 2031 Cabc 329.289
BSAI_YFINSS 6 2031 Cofl 352.536
BSAI_YFINSS 6 2031 CLCI 136.912
BSAI_YFINSS 6 2031 CUCI 336.375
BSAI_YFINSS 6 2031 CMedian 177.845
BSAI_YFINSS 6 2031 CMean 199.713
BSAI_YFINSS 6 2031 CStdn 69.855
BSAI_YFINSS 6 2032 Cabc 329.289
BSAI_YFINSS 6 2032 Cofl 352.536
BSAI_YFINSS 6 2032 CLCI 132.688
BSAI_YFINSS 6 2032 CUCI 435.859
BSAI_YFINSS 6 2032 CMedian 202.032
BSAI_YFINSS 6 2032 CMean 232.157
BSAI_YFINSS 6 2032 CStdn 97.7398
BSAI_YFINSS 6 2033 Cabc 329.289
BSAI_YFINSS 6 2033 Cofl 352.536
BSAI_YFINSS 6 2033 CLCI 132.623
BSAI_YFINSS 6 2033 CUCI 476.6
BSAI_YFINSS 6 2033 CMedian 234.432
BSAI_YFINSS 6 2033 CMean 262.267
BSAI_YFINSS 6 2033 CStdn 114.848
BSAI_YFINSS 6 2034 Cabc 329.289
BSAI_YFINSS 6 2034 Cofl 352.536
BSAI_YFINSS 6 2034 CLCI 129.754
BSAI_YFINSS 6 2034 CUCI 503.529
BSAI_YFINSS 6 2034 CMedian 259.491
BSAI_YFINSS 6 2034 CMean 286.871
BSAI_YFINSS 6 2034 CStdn 125.098
BSAI_YFINSS 6 2021 SSBF100 3148.89
BSAI_YFINSS 6 2021 SSBFabc 1259.56
BSAI_YFINSS 6 2021 SSBFofl 1102.11
BSAI_YFINSS 6 2021 SSBLCI 851.554
BSAI_YFINSS 6 2021 SSBUCI 851.554
BSAI_YFINSS 6 2021 SSBMedian 851.554
BSAI_YFINSS 6 2021 SSBMean 851.554
BSAI_YFINSS 6 2022 SSBF100 3148.89
BSAI_YFINSS 6 2022 SSBFabc 1259.56
BSAI_YFINSS 6 2022 SSBFofl 1102.11
BSAI_YFINSS 6 2022 SSBLCI 842.013
BSAI_YFINSS 6 2022 SSBUCI 842.017
BSAI_YFINSS 6 2022 SSBMedian 842.013
BSAI_YFINSS 6 2022 SSBMean 842.014
BSAI_YFINSS 6 2023 SSBF100 3148.89
BSAI_YFINSS 6 2023 SSBFabc 1259.56
BSAI_YFINSS 6 2023 SSBFofl 1102.11
BSAI_YFINSS 6 2023 SSBLCI 810.139
BSAI_YFINSS 6 2023 SSBUCI 810.155
BSAI_YFINSS 6 2023 SSBMedian 810.142
BSAI_YFINSS 6 2023 SSBMean 810.144
BSAI_YFINSS 6 2024 SSBF100 3148.89
BSAI_YFINSS 6 2024 SSBFabc 1259.56
BSAI_YFINSS 6 2024 SSBFofl 1102.11
BSAI_YFINSS 6 2024 SSBLCI 771.607
BSAI_YFINSS 6 2024 SSBUCI 771.657
BSAI_YFINSS 6 2024 SSBMedian 771.617
BSAI_YFINSS 6 2024 SSBMean 771.623
BSAI_YFINSS 6 2025 SSBF100 3148.89
BSAI_YFINSS 6 2025 SSBFabc 1259.56
BSAI_YFINSS 6 2025 SSBFofl 1102.11
BSAI_YFINSS 6 2025 SSBLCI 748.302
BSAI_YFINSS 6 2025 SSBUCI 748.451
BSAI_YFINSS 6 2025 SSBMedian 748.334
BSAI_YFINSS 6 2025 SSBMean 748.35
BSAI_YFINSS 6 2026 SSBF100 3148.89
BSAI_YFINSS 6 2026 SSBFabc 1259.56
BSAI_YFINSS 6 2026 SSBFofl 1102.11
BSAI_YFINSS 6 2026 SSBLCI 756.399
BSAI_YFINSS 6 2026 SSBUCI 757.11
BSAI_YFINSS 6 2026 SSBMedian 756.533
BSAI_YFINSS 6 2026 SSBMean 756.615
BSAI_YFINSS 6 2027 SSBF100 3148.89
BSAI_YFINSS 6 2027 SSBFabc 1259.56
BSAI_YFINSS 6 2027 SSBFofl 1102.11
BSAI_YFINSS 6 2027 SSBLCI 778.688
BSAI_YFINSS 6 2027 SSBUCI 781.032
BSAI_YFINSS 6 2027 SSBMedian 779.158
BSAI_YFINSS 6 2027 SSBMean 779.419
BSAI_YFINSS 6 2028 SSBF100 3148.89
BSAI_YFINSS 6 2028 SSBFabc 1259.56
BSAI_YFINSS 6 2028 SSBFofl 1102.11
BSAI_YFINSS 6 2028 SSBLCI 794.261
BSAI_YFINSS 6 2028 SSBUCI 809.988
BSAI_YFINSS 6 2028 SSBMedian 797.047
BSAI_YFINSS 6 2028 SSBMean 798.9
BSAI_YFINSS 6 2029 SSBF100 3148.89
BSAI_YFINSS 6 2029 SSBFabc 1259.56
BSAI_YFINSS 6 2029 SSBFofl 1102.11
BSAI_YFINSS 6 2029 SSBLCI 791.487
BSAI_YFINSS 6 2029 SSBUCI 852.128
BSAI_YFINSS 6 2029 SSBMedian 803.341
BSAI_YFINSS 6 2029 SSBMean 810.408
BSAI_YFINSS 6 2030 SSBF100 3148.89
BSAI_YFINSS 6 2030 SSBFabc 1259.56
BSAI_YFINSS 6 2030 SSBFofl 1102.11
BSAI_YFINSS 6 2030 SSBLCI 776.491
BSAI_YFINSS 6 2030 SSBUCI 934.062
BSAI_YFINSS 6 2030 SSBMedian 810.853
BSAI_YFINSS 6 2030 SSBMean 828.147
BSAI_YFINSS 6 2031 SSBF100 3148.89
BSAI_YFINSS 6 2031 SSBFabc 1259.56
BSAI_YFINSS 6 2031 SSBFofl 1102.11
BSAI_YFINSS 6 2031 SSBLCI 755.614
BSAI_YFINSS 6 2031 SSBUCI 1105.94
BSAI_YFINSS 6 2031 SSBMedian 837.62
BSAI_YFINSS 6 2031 SSBMean 874.277
BSAI_YFINSS 6 2032 SSBF100 3148.89
BSAI_YFINSS 6 2032 SSBFabc 1259.56
BSAI_YFINSS 6 2032 SSBFofl 1102.11
BSAI_YFINSS 6 2032 SSBLCI 739.583
BSAI_YFINSS 6 2032 SSBUCI 1304.53
BSAI_YFINSS 6 2032 SSBMedian 890.616
BSAI_YFINSS 6 2032 SSBMean 941.591
BSAI_YFINSS 6 2033 SSBF100 3148.89
BSAI_YFINSS 6 2033 SSBFabc 1259.56
BSAI_YFINSS 6 2033 SSBFofl 1102.11
BSAI_YFINSS 6 2033 SSBLCI 734.301
BSAI_YFINSS 6 2033 SSBUCI 1427.55
BSAI_YFINSS 6 2033 SSBMedian 955.682
BSAI_YFINSS 6 2033 SSBMean 1007.94
BSAI_YFINSS 6 2034 SSBF100 3148.89
BSAI_YFINSS 6 2034 SSBFabc 1259.56
BSAI_YFINSS 6 2034 SSBFofl 1102.11
BSAI_YFINSS 6 2034 SSBLCI 732.354
BSAI_YFINSS 6 2034 SSBUCI 1534.25
BSAI_YFINSS 6 2034 SSBMedian 1008.63
BSAI_YFINSS 6 2034 SSBMean 1061.47
BSAI_YFINSS 6 2021 F0 0 
BSAI_YFINSS 6 2021 Fabc 0.14054
BSAI_YFINSS 6 2021 Fofl 0.170836
BSAI_YFINSS 6 2021  F_LCI 0.0931161
BSAI_YFINSS 6 2021  F_UCI 0.0931161
BSAI_YFINSS 6 2021  F_Median 0.0931161
BSAI_YFINSS 6 2021  F_Mean 0.0931161
BSAI_YFINSS 6 2022 F0 0 
BSAI_YFINSS 6 2022 Fabc 0.14054
BSAI_YFINSS 6 2022 Fofl 0.170836
BSAI_YFINSS 6 2022  F_LCI 0.111222
BSAI_YFINSS 6 2022  F_UCI 0.111222
BSAI_YFINSS 6 2022  F_Median 0.111222
BSAI_YFINSS 6 2022  F_Mean 0.111222
BSAI_YFINSS 6 2023 F0 0 
BSAI_YFINSS 6 2023 Fabc 0.14054
BSAI_YFINSS 6 2023 Fofl 0.170836
BSAI_YFINSS 6 2023  F_LCI 0.106671
BSAI_YFINSS 6 2023  F_UCI 0.106673
BSAI_YFINSS 6 2023  F_Median 0.106671
BSAI_YFINSS 6 2023  F_Mean 0.106672
BSAI_YFINSS 6 2024 F0 0 
BSAI_YFINSS 6 2024 Fabc 0.14054
BSAI_YFINSS 6 2024 Fofl 0.170836
BSAI_YFINSS 6 2024  F_LCI 0.10117
BSAI_YFINSS 6 2024  F_UCI 0.101177
BSAI_YFINSS 6 2024  F_Median 0.101171
BSAI_YFINSS 6 2024  F_Mean 0.101172
BSAI_YFINSS 6 2025 F0 0 
BSAI_YFINSS 6 2025 Fabc 0.14054
BSAI_YFINSS 6 2025 Fofl 0.170836
BSAI_YFINSS 6 2025  F_LCI 0.0978426
BSAI_YFINSS 6 2025  F_UCI 0.0978638
BSAI_YFINSS 6 2025  F_Median 0.097847
BSAI_YFINSS 6 2025  F_Mean 0.0978494
BSAI_YFINSS 6 2026 F0 0 
BSAI_YFINSS 6 2026 Fabc 0.14054
BSAI_YFINSS 6 2026 Fofl 0.170836
BSAI_YFINSS 6 2026  F_LCI 0.0989986
BSAI_YFINSS 6 2026  F_UCI 0.0991002
BSAI_YFINSS 6 2026  F_Median 0.0990177
BSAI_YFINSS 6 2026  F_Mean 0.0990295
BSAI_YFINSS 6 2027 F0 0 
BSAI_YFINSS 6 2027 Fabc 0.14054
BSAI_YFINSS 6 2027 Fofl 0.170836
BSAI_YFINSS 6 2027  F_LCI 0.102181
BSAI_YFINSS 6 2027  F_UCI 0.102516
BSAI_YFINSS 6 2027  F_Median 0.102248
BSAI_YFINSS 6 2027  F_Mean 0.102285
BSAI_YFINSS 6 2028 F0 0 
BSAI_YFINSS 6 2028 Fabc 0.14054
BSAI_YFINSS 6 2028 Fofl 0.170836
BSAI_YFINSS 6 2028  F_LCI 0.104404
BSAI_YFINSS 6 2028  F_UCI 0.10665
BSAI_YFINSS 6 2028  F_Median 0.104802
BSAI_YFINSS 6 2028  F_Mean 0.105066
BSAI_YFINSS 6 2029 F0 0 
BSAI_YFINSS 6 2029 Fabc 0.14054
BSAI_YFINSS 6 2029 Fofl 0.170836
BSAI_YFINSS 6 2029  F_LCI 0.104008
BSAI_YFINSS 6 2029  F_UCI 0.112666
BSAI_YFINSS 6 2029  F_Median 0.105701
BSAI_YFINSS 6 2029  F_Mean 0.10671
BSAI_YFINSS 6 2030 F0 0 
BSAI_YFINSS 6 2030 Fabc 0.14054
BSAI_YFINSS 6 2030 Fofl 0.170836
BSAI_YFINSS 6 2030  F_LCI 0.101867
BSAI_YFINSS 6 2030  F_UCI 0.124364
BSAI_YFINSS 6 2030  F_Median 0.106773
BSAI_YFINSS 6 2030  F_Mean 0.109239
BSAI_YFINSS 6 2031 F0 0 
BSAI_YFINSS 6 2031 Fabc 0.14054
BSAI_YFINSS 6 2031 Fofl 0.170836
BSAI_YFINSS 6 2031  F_LCI 0.0988864
BSAI_YFINSS 6 2031  F_UCI 0.148905
BSAI_YFINSS 6 2031  F_Median 0.110595
BSAI_YFINSS 6 2031  F_Mean 0.115454
BSAI_YFINSS 6 2032 F0 0 
BSAI_YFINSS 6 2032 Fabc 0.14054
BSAI_YFINSS 6 2032 Fofl 0.170836
BSAI_YFINSS 6 2032  F_LCI 0.0965977
BSAI_YFINSS 6 2032  F_UCI 0.170836
BSAI_YFINSS 6 2032  F_Median 0.118161
BSAI_YFINSS 6 2032  F_Mean 0.123461
BSAI_YFINSS 6 2033 F0 0 
BSAI_YFINSS 6 2033 Fabc 0.14054
BSAI_YFINSS 6 2033 Fofl 0.170836
BSAI_YFINSS 6 2033  F_LCI 0.0958437
BSAI_YFINSS 6 2033  F_UCI 0.170836
BSAI_YFINSS 6 2033  F_Median 0.127451
BSAI_YFINSS 6 2033  F_Mean 0.130858
BSAI_YFINSS 6 2034 F0 0 
BSAI_YFINSS 6 2034 Fabc 0.14054
BSAI_YFINSS 6 2034 Fofl 0.170836
BSAI_YFINSS 6 2034  F_LCI 0.0955656
BSAI_YFINSS 6 2034  F_UCI 0.170836
BSAI_YFINSS 6 2034  F_Median 0.13501
BSAI_YFINSS 6 2034  F_Mean 0.136109
BSAI_YFINSS 7 2021 Cabc 329.289
BSAI_YFINSS 7 2021 Cofl 352.536
BSAI_YFINSS 7 2021 CLCI 146.5
BSAI_YFINSS 7 2021 CUCI 146.5
BSAI_YFINSS 7 2021 CMedian 146.5
BSAI_YFINSS 7 2021 CMean 146.5
BSAI_YFINSS 7 2021 CStdn 2.84217e-14
BSAI_YFINSS 7 2022 Cabc 329.289
BSAI_YFINSS 7 2022 Cofl 352.536
BSAI_YFINSS 7 2022 CLCI 142.529
BSAI_YFINSS 7 2022 CUCI 142.534
BSAI_YFINSS 7 2022 CMedian 142.53
BSAI_YFINSS 7 2022 CMean 142.531
BSAI_YFINSS 7 2022 CStdn 0.00190388
BSAI_YFINSS 7 2023 Cabc 329.289
BSAI_YFINSS 7 2023 Cofl 352.536
BSAI_YFINSS 7 2023 CLCI 134.357
BSAI_YFINSS 7 2023 CUCI 134.375
BSAI_YFINSS 7 2023 CMedian 134.361
BSAI_YFINSS 7 2023 CMean 134.363
BSAI_YFINSS 7 2023 CStdn 0.00621593
BSAI_YFINSS 7 2024 Cabc 329.289
BSAI_YFINSS 7 2024 Cofl 352.536
BSAI_YFINSS 7 2024 CLCI 150.589
BSAI_YFINSS 7 2024 CUCI 150.749
BSAI_YFINSS 7 2024 CMedian 150.617
BSAI_YFINSS 7 2024 CMean 150.636
BSAI_YFINSS 7 2024 CStdn 0.0577101
BSAI_YFINSS 7 2025 Cabc 329.289
BSAI_YFINSS 7 2025 Cofl 352.536
BSAI_YFINSS 7 2025 CLCI 143.219
BSAI_YFINSS 7 2025 CUCI 143.679
BSAI_YFINSS 7 2025 CMedian 143.314
BSAI_YFINSS 7 2025 CMean 143.365
BSAI_YFINSS 7 2025 CStdn 0.166563
BSAI_YFINSS 7 2026 Cabc 329.289
BSAI_YFINSS 7 2026 Cofl 352.536
BSAI_YFINSS 7 2026 CLCI 146.205
BSAI_YFINSS 7 2026 CUCI 147.421
BSAI_YFINSS 7 2026 CMedian 146.472
BSAI_YFINSS 7 2026 CMean 146.604
BSAI_YFINSS 7 2026 CStdn 0.434147
BSAI_YFINSS 7 2027 Cabc 329.289
BSAI_YFINSS 7 2027 Cofl 352.536
BSAI_YFINSS 7 2027 CLCI 152.714
BSAI_YFINSS 7 2027 CUCI 155.819
BSAI_YFINSS 7 2027 CMedian 153.403
BSAI_YFINSS 7 2027 CMean 153.737
BSAI_YFINSS 7 2027 CStdn 1.0974
BSAI_YFINSS 7 2028 Cabc 329.289
BSAI_YFINSS 7 2028 Cofl 352.536
BSAI_YFINSS 7 2028 CLCI 155.909
BSAI_YFINSS 7 2028 CUCI 166.489
BSAI_YFINSS 7 2028 CMedian 158.077
BSAI_YFINSS 7 2028 CMean 159.216
BSAI_YFINSS 7 2028 CStdn 3.74935
BSAI_YFINSS 7 2029 Cabc 329.289
BSAI_YFINSS 7 2029 Cofl 352.536
BSAI_YFINSS 7 2029 CLCI 153.443
BSAI_YFINSS 7 2029 CUCI 187.449
BSAI_YFINSS 7 2029 CMedian 160.179
BSAI_YFINSS 7 2029 CMean 164.02
BSAI_YFINSS 7 2029 CStdn 12.3235
BSAI_YFINSS 7 2030 Cabc 329.289
BSAI_YFINSS 7 2030 Cofl 352.536
BSAI_YFINSS 7 2030 CLCI 146.364
BSAI_YFINSS 7 2030 CUCI 239.095
BSAI_YFINSS 7 2030 CMedian 164.846
BSAI_YFINSS 7 2030 CMean 175.83
BSAI_YFINSS 7 2030 CStdn 35.4127
BSAI_YFINSS 7 2031 Cabc 329.289
BSAI_YFINSS 7 2031 Cofl 352.536
BSAI_YFINSS 7 2031 CLCI 137.844
BSAI_YFINSS 7 2031 CUCI 337.645
BSAI_YFINSS 7 2031 CMedian 178.884
BSAI_YFINSS 7 2031 CMean 200.764
BSAI_YFINSS 7 2031 CStdn 69.9063
BSAI_YFINSS 7 2032 Cabc 329.289
BSAI_YFINSS 7 2032 Cofl 352.536
BSAI_YFINSS 7 2032 CLCI 133.33
BSAI_YFINSS 7 2032 CUCI 436.252
BSAI_YFINSS 7 2032 CMedian 202.756
BSAI_YFINSS 7 2032 CMean 232.86
BSAI_YFINSS 7 2032 CStdn 97.712
BSAI_YFINSS 7 2033 Cabc 329.289
BSAI_YFINSS 7 2033 Cofl 352.536
BSAI_YFINSS 7 2033 CLCI 133.051
BSAI_YFINSS 7 2033 CUCI 476.8
BSAI_YFINSS 7 2033 CMedian 234.972
BSAI_YFINSS 7 2033 CMean 262.709
BSAI_YFINSS 7 2033 CStdn 114.805
BSAI_YFINSS 7 2034 Cabc 329.289
BSAI_YFINSS 7 2034 Cofl 352.536
BSAI_YFINSS 7 2034 CLCI 130.03
BSAI_YFINSS 7 2034 CUCI 503.666
BSAI_YFINSS 7 2034 CMedian 259.811
BSAI_YFINSS 7 2034 CMean 287.131
BSAI_YFINSS 7 2034 CStdn 125.052
BSAI_YFINSS 7 2021 SSBF100 3148.89
BSAI_YFINSS 7 2021 SSBFabc 1259.56
BSAI_YFINSS 7 2021 SSBFofl 1102.11
BSAI_YFINSS 7 2021 SSBLCI 851.554
BSAI_YFINSS 7 2021 SSBUCI 851.554
BSAI_YFINSS 7 2021 SSBMedian 851.554
BSAI_YFINSS 7 2021 SSBMean 851.554
BSAI_YFINSS 7 2022 SSBF100 3148.89
BSAI_YFINSS 7 2022 SSBFabc 1259.56
BSAI_YFINSS 7 2022 SSBFofl 1102.11
BSAI_YFINSS 7 2022 SSBLCI 846.742
BSAI_YFINSS 7 2022 SSBUCI 846.747
BSAI_YFINSS 7 2022 SSBMedian 846.743
BSAI_YFINSS 7 2022 SSBMean 846.744
BSAI_YFINSS 7 2023 SSBF100 3148.89
BSAI_YFINSS 7 2023 SSBFabc 1259.56
BSAI_YFINSS 7 2023 SSBFofl 1102.11
BSAI_YFINSS 7 2023 SSBLCI 827.141
BSAI_YFINSS 7 2023 SSBUCI 827.157
BSAI_YFINSS 7 2023 SSBMedian 827.144
BSAI_YFINSS 7 2023 SSBMean 827.146
BSAI_YFINSS 7 2024 SSBF100 3148.89
BSAI_YFINSS 7 2024 SSBFabc 1259.56
BSAI_YFINSS 7 2024 SSBFofl 1102.11
BSAI_YFINSS 7 2024 SSBLCI 793.313
BSAI_YFINSS 7 2024 SSBUCI 793.363
BSAI_YFINSS 7 2024 SSBMedian 793.323
BSAI_YFINSS 7 2024 SSBMean 793.329
BSAI_YFINSS 7 2025 SSBF100 3148.89
BSAI_YFINSS 7 2025 SSBFabc 1259.56
BSAI_YFINSS 7 2025 SSBFofl 1102.11
BSAI_YFINSS 7 2025 SSBLCI 765.295
BSAI_YFINSS 7 2025 SSBUCI 765.444
BSAI_YFINSS 7 2025 SSBMedian 765.326
BSAI_YFINSS 7 2025 SSBMean 765.343
BSAI_YFINSS 7 2026 SSBF100 3148.89
BSAI_YFINSS 7 2026 SSBFabc 1259.56
BSAI_YFINSS 7 2026 SSBFofl 1102.11
BSAI_YFINSS 7 2026 SSBLCI 769.546
BSAI_YFINSS 7 2026 SSBUCI 770.257
BSAI_YFINSS 7 2026 SSBMedian 769.679
BSAI_YFINSS 7 2026 SSBMean 769.762
BSAI_YFINSS 7 2027 SSBF100 3148.89
BSAI_YFINSS 7 2027 SSBFabc 1259.56
BSAI_YFINSS 7 2027 SSBFofl 1102.11
BSAI_YFINSS 7 2027 SSBLCI 788.596
BSAI_YFINSS 7 2027 SSBUCI 790.938
BSAI_YFINSS 7 2027 SSBMedian 789.066
BSAI_YFINSS 7 2027 SSBMean 789.326
BSAI_YFINSS 7 2028 SSBF100 3148.89
BSAI_YFINSS 7 2028 SSBFabc 1259.56
BSAI_YFINSS 7 2028 SSBFofl 1102.11
BSAI_YFINSS 7 2028 SSBLCI 801.547
BSAI_YFINSS 7 2028 SSBUCI 817.265
BSAI_YFINSS 7 2028 SSBMedian 804.332
BSAI_YFINSS 7 2028 SSBMean 806.183
BSAI_YFINSS 7 2029 SSBF100 3148.89
BSAI_YFINSS 7 2029 SSBFabc 1259.56
BSAI_YFINSS 7 2029 SSBFofl 1102.11
BSAI_YFINSS 7 2029 SSBLCI 796.714
BSAI_YFINSS 7 2029 SSBUCI 857.315
BSAI_YFINSS 7 2029 SSBMedian 808.56
BSAI_YFINSS 7 2029 SSBMean 815.623
BSAI_YFINSS 7 2030 SSBF100 3148.89
BSAI_YFINSS 7 2030 SSBFabc 1259.56
BSAI_YFINSS 7 2030 SSBFofl 1102.11
BSAI_YFINSS 7 2030 SSBLCI 780.172
BSAI_YFINSS 7 2030 SSBUCI 937.623
BSAI_YFINSS 7 2030 SSBMedian 814.509
BSAI_YFINSS 7 2030 SSBMean 831.793
BSAI_YFINSS 7 2031 SSBF100 3148.89
BSAI_YFINSS 7 2031 SSBFabc 1259.56
BSAI_YFINSS 7 2031 SSBFofl 1102.11
BSAI_YFINSS 7 2031 SSBLCI 758.186
BSAI_YFINSS 7 2031 SSBUCI 1108.21
BSAI_YFINSS 7 2031 SSBMedian 840.123
BSAI_YFINSS 7 2031 SSBMean 876.762
BSAI_YFINSS 7 2032 SSBF100 3148.89
BSAI_YFINSS 7 2032 SSBFabc 1259.56
BSAI_YFINSS 7 2032 SSBFofl 1102.11
BSAI_YFINSS 7 2032 SSBLCI 741.381
BSAI_YFINSS 7 2032 SSBUCI 1305.79
BSAI_YFINSS 7 2032 SSBMedian 892.274
BSAI_YFINSS 7 2032 SSBMean 943.22
BSAI_YFINSS 7 2033 SSBF100 3148.89
BSAI_YFINSS 7 2033 SSBFabc 1259.56
BSAI_YFINSS 7 2033 SSBFofl 1102.11
BSAI_YFINSS 7 2033 SSBLCI 735.51
BSAI_YFINSS 7 2033 SSBUCI 1428.36
BSAI_YFINSS 7 2033 SSBMedian 956.659
BSAI_YFINSS 7 2033 SSBMean 1008.95
BSAI_YFINSS 7 2034 SSBF100 3148.89
BSAI_YFINSS 7 2034 SSBFabc 1259.56
BSAI_YFINSS 7 2034 SSBFofl 1102.11
BSAI_YFINSS 7 2034 SSBLCI 733.132
BSAI_YFINSS 7 2034 SSBUCI 1534.7
BSAI_YFINSS 7 2034 SSBMedian 1009.18
BSAI_YFINSS 7 2034 SSBMean 1062.07
BSAI_YFINSS 7 2021 F0 0 
BSAI_YFINSS 7 2021 Fabc 0.14054
BSAI_YFINSS 7 2021 Fofl 0.170836
BSAI_YFINSS 7 2021  F_LCI 0.0931161
BSAI_YFINSS 7 2021  F_UCI 0.0931161
BSAI_YFINSS 7 2021  F_Median 0.0931161
BSAI_YFINSS 7 2021  F_Mean 0.0931161
BSAI_YFINSS 7 2022 F0 0 
BSAI_YFINSS 7 2022 Fabc 0.14054
BSAI_YFINSS 7 2022 Fofl 0.170836
BSAI_YFINSS 7 2022  F_LCI 0.0920535
BSAI_YFINSS 7 2022  F_UCI 0.092054
BSAI_YFINSS 7 2022  F_Median 0.0920536
BSAI_YFINSS 7 2022  F_Mean 0.0920537
BSAI_YFINSS 7 2023 F0 0 
BSAI_YFINSS 7 2023 Fabc 0.14054
BSAI_YFINSS 7 2023 Fofl 0.170836
BSAI_YFINSS 7 2023  F_LCI 0.0897513
BSAI_YFINSS 7 2023  F_UCI 0.0897532
BSAI_YFINSS 7 2023  F_Median 0.0897517
BSAI_YFINSS 7 2023  F_Mean 0.0897519
BSAI_YFINSS 7 2024 F0 0 
BSAI_YFINSS 7 2024 Fabc 0.14054
BSAI_YFINSS 7 2024 Fofl 0.170836
BSAI_YFINSS 7 2024  F_LCI 0.104269
BSAI_YFINSS 7 2024  F_UCI 0.104276
BSAI_YFINSS 7 2024  F_Median 0.10427
BSAI_YFINSS 7 2024  F_Mean 0.104271
BSAI_YFINSS 7 2025 F0 0 
BSAI_YFINSS 7 2025 Fabc 0.14054
BSAI_YFINSS 7 2025 Fofl 0.170836
BSAI_YFINSS 7 2025  F_LCI 0.100269
BSAI_YFINSS 7 2025  F_UCI 0.10029
BSAI_YFINSS 7 2025  F_Median 0.100273
BSAI_YFINSS 7 2025  F_Mean 0.100275
BSAI_YFINSS 7 2026 F0 0 
BSAI_YFINSS 7 2026 Fabc 0.14054
BSAI_YFINSS 7 2026 Fofl 0.170836
BSAI_YFINSS 7 2026  F_LCI 0.100876
BSAI_YFINSS 7 2026  F_UCI 0.100977
BSAI_YFINSS 7 2026  F_Median 0.100895
BSAI_YFINSS 7 2026  F_Mean 0.100906
BSAI_YFINSS 7 2027 F0 0 
BSAI_YFINSS 7 2027 Fabc 0.14054
BSAI_YFINSS 7 2027 Fofl 0.170836
BSAI_YFINSS 7 2027  F_LCI 0.103595
BSAI_YFINSS 7 2027  F_UCI 0.10393
BSAI_YFINSS 7 2027  F_Median 0.103663
BSAI_YFINSS 7 2027  F_Mean 0.1037
BSAI_YFINSS 7 2028 F0 0 
BSAI_YFINSS 7 2028 Fabc 0.14054
BSAI_YFINSS 7 2028 Fofl 0.170836
BSAI_YFINSS 7 2028  F_LCI 0.105444
BSAI_YFINSS 7 2028  F_UCI 0.107689
BSAI_YFINSS 7 2028  F_Median 0.105842
BSAI_YFINSS 7 2028  F_Mean 0.106106
BSAI_YFINSS 7 2029 F0 0 
BSAI_YFINSS 7 2029 Fabc 0.14054
BSAI_YFINSS 7 2029 Fofl 0.170836
BSAI_YFINSS 7 2029  F_LCI 0.104754
BSAI_YFINSS 7 2029  F_UCI 0.113407
BSAI_YFINSS 7 2029  F_Median 0.106446
BSAI_YFINSS 7 2029  F_Mean 0.107454
BSAI_YFINSS 7 2030 F0 0 
BSAI_YFINSS 7 2030 Fabc 0.14054
BSAI_YFINSS 7 2030 Fofl 0.170836
BSAI_YFINSS 7 2030  F_LCI 0.102393
BSAI_YFINSS 7 2030  F_UCI 0.124873
BSAI_YFINSS 7 2030  F_Median 0.107295
BSAI_YFINSS 7 2030  F_Mean 0.109759
BSAI_YFINSS 7 2031 F0 0 
BSAI_YFINSS 7 2031 Fabc 0.14054
BSAI_YFINSS 7 2031 Fofl 0.170836
BSAI_YFINSS 7 2031  F_LCI 0.0992537
BSAI_YFINSS 7 2031  F_UCI 0.149228
BSAI_YFINSS 7 2031  F_Median 0.110952
BSAI_YFINSS 7 2031  F_Mean 0.115805
BSAI_YFINSS 7 2032 F0 0 
BSAI_YFINSS 7 2032 Fabc 0.14054
BSAI_YFINSS 7 2032 Fofl 0.170836
BSAI_YFINSS 7 2032  F_LCI 0.0968544
BSAI_YFINSS 7 2032  F_UCI 0.170836
BSAI_YFINSS 7 2032  F_Median 0.118398
BSAI_YFINSS 7 2032  F_Mean 0.123681
BSAI_YFINSS 7 2033 F0 0 
BSAI_YFINSS 7 2033 Fabc 0.14054
BSAI_YFINSS 7 2033 Fofl 0.170836
BSAI_YFINSS 7 2033  F_LCI 0.0960163
BSAI_YFINSS 7 2033  F_UCI 0.170836
BSAI_YFINSS 7 2033  F_Median 0.12759
BSAI_YFINSS 7 2033  F_Mean 0.130989
BSAI_YFINSS 7 2034 F0 0 
BSAI_YFINSS 7 2034 Fabc 0.14054
BSAI_YFINSS 7 2034 Fofl 0.170836
BSAI_YFINSS 7 2034  F_LCI 0.0956767
BSAI_YFINSS 7 2034  F_UCI 0.170836
BSAI_YFINSS 7 2034  F_Median 0.135089
BSAI_YFINSS 7 2034  F_Mean 0.136183
