Alternative 1 Catch
     ai20 
Equil_Fabc 39.4686 
Year 
2020 3.205 
2021 1.656 
2022 2.243 
2023 2.243 
2024 19 
2025 19 
2026 19 
2027 19 
2028 19 
2029 19 
2030 19 
2031 19 
2032 19 
2033 19 
2034 62.8139 

Alternative 1 ABCs
     ai20 

Year 
2020 45.6116 
2021 45.1972 
2022 44.8058 
2023 44.8587 
2024 46.1963 
2025 46.1749 
2026 47.6623 
2027 50.3394 
2028 53.5133 
2029 56.2089 
2030 58.4011 
2031 60.1482 
2032 61.4209 
2033 62.2662 
2034 62.8139 

Alternative 1 TACs
     ai20 

Year 
2020  NA 
2021  NA 
2022  NA 
2023  NA 
2024  NA 
2025  NA 
2026  NA 
2027  NA 
2028  NA 
2029  NA 
2030  NA 
2031  NA 
2032  NA 
2033  NA 
2034 62.8139 

Alternative 1 Sp_Biomass
     ai20 
Equil_Fabc 67.9916 
Year 
2020 82.0091 
2021 82.0598 
2022 81.6777 
2023 83.431 
2024 84.9765 
2025 86.1767 
2026 90.0448 
2027 95.018 
2028 100.025 
2029 104.681 
2030 108.672 
2031 111.803 
2032 114.265 
2033 115.676 
2034 106.362 

Alternative 1 Fishing Mortality
     ai20 
Equil_Fabc 0.272039 
Year 
2020 0.0172015 
2021 0.00893152 
2022 0.0122187 
2023 0.0122257 
2024 0.105071 
2025 0.106456 
2026 0.10507 
2027 0.104067 
2028 0.103175 
2029 0.102052 
2030 0.101065 
2031 0.100404 
2032 0.0999368 
2033 0.0995214 
2034 0.253119 

Alternative 1 Biomass
     ai20 

Year 
2020 282.589 
2021 292.783 
2022 308.525 
2023 330.375 
2024 357.129 
2025 369.714 
2026 384.152 
2027 398.566 
2028 410.786 
2029 421.464 
2030 428.882 
2031 434.516 
2032 439.112 
2033 442.435 
2034 445.834 

Alternative 1 Implied SPR rate 
     ai20 
Equil_Fabc 0.4 
Year 
2020 0.91738 
2021 0.95543 
2022 0.939955 
2023 0.939924 
2024 0.640226 
2025 0.638077 
2026 0.64344 
2027 0.649105 
2028 0.655267 
2029 0.661218 
2030 0.666228 
2031 0.670212 
2032 0.673534 
2033 0.675951 
2034 0.427548 

  ai20 
EquilAvgAgeF0  5.06443 
EquilAvgAgeFabc  3.57696 
AvgAgeYr2034 69.4833 
Alternative 2 Catch
     ai20 
Equil_Fabc 39.4686 
Year 
2020 3.205 
2021 1.656 
2022 2.243 
2023 2.243 
2024 19 
2025 19 
2026 19 
2027 19 
2028 19 
2029 19 
2030 19 
2031 19 
2032 19 
2033 19 
2034 62.8139 

Alternative 2 ABCs
     ai20 

Year 
2020 45.6116 
2021 45.1972 
2022 44.8058 
2023 44.8587 
2024 46.1963 
2025 46.1749 
2026 47.6623 
2027 50.3394 
2028 53.5133 
2029 56.2089 
2030 58.4011 
2031 60.1482 
2032 61.4209 
2033 62.2662 
2034 62.8139 

Alternative 2 TACs
     ai20 

Year 
2020  NA 
2021  NA 
2022  NA 
2023  NA 
2024  NA 
2025  NA 
2026  NA 
2027  NA 
2028  NA 
2029  NA 
2030  NA 
2031  NA 
2032  NA 
2033  NA 
2034 62.8139 

Alternative 2 Sp_Biomass
     ai20 
Equil_Fabc 67.9916 
Year 
2020 82.0091 
2021 82.0598 
2022 81.6777 
2023 83.431 
2024 84.9765 
2025 86.1767 
2026 90.0448 
2027 95.018 
2028 100.025 
2029 104.681 
2030 108.672 
2031 111.803 
2032 114.265 
2033 115.676 
2034 106.362 

Alternative 2 Fishing Mortality
     ai20 
Equil_Fabc 0.272039 
Year 
2020 0.0172015 
2021 0.00893152 
2022 0.0122187 
2023 0.0122257 
2024 0.105071 
2025 0.106456 
2026 0.10507 
2027 0.104067 
2028 0.103175 
2029 0.102052 
2030 0.101065 
2031 0.100404 
2032 0.0999368 
2033 0.0995214 
2034 0.253119 

Alternative 2 Biomass
     ai20 

Year 
2020 282.589 
2021 292.783 
2022 308.525 
2023 330.375 
2024 357.129 
2025 369.714 
2026 384.152 
2027 398.566 
2028 410.786 
2029 421.464 
2030 428.882 
2031 434.516 
2032 439.112 
2033 442.435 
2034 445.834 

Alternative 2 Implied SPR rate 
     ai20 
Equil_Fabc 0.4 
Year 
2020 0.91738 
2021 0.95543 
2022 0.939955 
2023 0.939924 
2024 0.640226 
2025 0.638077 
2026 0.64344 
2027 0.649105 
2028 0.655267 
2029 0.661218 
2030 0.666228 
2031 0.670212 
2032 0.673534 
2033 0.675951 
2034 0.427548 

  ai20 
EquilAvgAgeF0  5.06443 
EquilAvgAgeFabc  3.57696 
AvgAgeYr2034 69.4833 
Alternative 3 Catch
     ai20 
Equil_Fabc 39.4686 
Year 
2020 3.205 
2021 1.656 
2022 2.243 
2023 2.243 
2024 19 
2025 19 
2026 19 
2027 19 
2028 19 
2029 19 
2030 19 
2031 19 
2032 19 
2033 19 
2034 5.43114 

Alternative 3 ABCs
     ai20 

Year 
2020 45.6116 
2021 45.1972 
2022 44.8058 
2023 44.8587 
2024 46.1963 
2025 46.1749 
2026 47.6623 
2027 50.3394 
2028 53.5133 
2029 56.2089 
2030 58.4011 
2031 60.1482 
2032 61.4209 
2033 62.2662 
2034 62.8139 

Alternative 3 TACs
     ai20 

Year 
2020  NA 
2021  NA 
2022  NA 
2023  NA 
2024  NA 
2025  NA 
2026  NA 
2027  NA 
2028  NA 
2029  NA 
2030  NA 
2031  NA 
2032  NA 
2033  NA 
2034 5.43114 

Alternative 3 Sp_Biomass
     ai20 
Equil_Fabc 67.9916 
Year 
2020 82.0091 
2021 82.0598 
2022 81.6777 
2023 83.431 
2024 84.9765 
2025 86.1767 
2026 90.0448 
2027 95.018 
2028 100.025 
2029 104.681 
2030 108.672 
2031 111.803 
2032 114.265 
2033 115.676 
2034 119.333 

Alternative 3 Fishing Mortality
     ai20 
Equil_Fabc 0.272039 
Year 
2020 0.0172015 
2021 0.00893152 
2022 0.0122187 
2023 0.0122257 
2024 0.105071 
2025 0.106456 
2026 0.10507 
2027 0.104067 
2028 0.103175 
2029 0.102052 
2030 0.101065 
2031 0.100404 
2032 0.0999368 
2033 0.0995214 
2034 0.0207545 

Alternative 3 Biomass
     ai20 

Year 
2020 282.589 
2021 292.783 
2022 308.525 
2023 330.375 
2024 357.129 
2025 369.714 
2026 384.152 
2027 398.566 
2028 410.786 
2029 421.464 
2030 428.882 
2031 434.516 
2032 439.112 
2033 442.435 
2034 445.834 

Alternative 3 Implied SPR rate 
     ai20 
Equil_Fabc 0.4 
Year 
2020 0.91738 
2021 0.95543 
2022 0.939955 
2023 0.939924 
2024 0.640226 
2025 0.638077 
2026 0.64344 
2027 0.649105 
2028 0.655267 
2029 0.661218 
2030 0.666228 
2031 0.670212 
2032 0.673534 
2033 0.675951 
2034 0.901897 

  ai20 
EquilAvgAgeF0  5.06443 
EquilAvgAgeFabc  3.57696 
AvgAgeYr2034 69.9695 
Alternative 4 Catch
     ai20 
Equil_Fabc 39.4686 
Year 
2020 3.205 
2021 1.656 
2022 2.243 
2023 2.243 
2024 19 
2025 19 
2026 19 
2027 19 
2028 19 
2029 19 
2030 19 
2031 19 
2032 19 
2033 19 
2034 16.0955 

Alternative 4 ABCs
     ai20 

Year 
2020 45.6116 
2021 45.1972 
2022 44.8058 
2023 44.8587 
2024 46.1963 
2025 46.1749 
2026 47.6623 
2027 50.3394 
2028 53.5133 
2029 56.2089 
2030 58.4011 
2031 60.1482 
2032 61.4209 
2033 62.2662 
2034 62.8139 

Alternative 4 TACs
     ai20 

Year 
2020  NA 
2021  NA 
2022  NA 
2023  NA 
2024  NA 
2025  NA 
2026  NA 
2027  NA 
2028  NA 
2029  NA 
2030  NA 
2031  NA 
2032  NA 
2033  NA 
2034 16.0955 

Alternative 4 Sp_Biomass
     ai20 
Equil_Fabc 67.9916 
Year 
2020 82.0091 
2021 82.0598 
2022 81.6777 
2023 83.431 
2024 84.9765 
2025 86.1767 
2026 90.0448 
2027 95.018 
2028 100.025 
2029 104.681 
2030 108.672 
2031 111.803 
2032 114.265 
2033 115.676 
2034 116.993 

Alternative 4 Fishing Mortality
     ai20 
Equil_Fabc 0.272039 
Year 
2020 0.0172015 
2021 0.00893152 
2022 0.0122187 
2023 0.0122257 
2024 0.105071 
2025 0.106456 
2026 0.10507 
2027 0.104067 
2028 0.103175 
2029 0.102052 
2030 0.101065 
2031 0.100404 
2032 0.0999368 
2033 0.0995214 
2034 0.061568 

Alternative 4 Biomass
     ai20 

Year 
2020 282.589 
2021 292.783 
2022 308.525 
2023 330.375 
2024 357.129 
2025 369.714 
2026 384.152 
2027 398.566 
2028 410.786 
2029 421.464 
2030 428.882 
2031 434.516 
2032 439.112 
2033 442.435 
2034 445.834 

Alternative 4 Implied SPR rate 
     ai20 
Equil_Fabc 0.4 
Year 
2020 0.91738 
2021 0.95543 
2022 0.939955 
2023 0.939924 
2024 0.640226 
2025 0.638077 
2026 0.64344 
2027 0.649105 
2028 0.655267 
2029 0.661218 
2030 0.666228 
2031 0.670212 
2032 0.673534 
2033 0.675951 
2034 0.75525 

  ai20 
EquilAvgAgeF0  5.06443 
EquilAvgAgeFabc  3.57696 
AvgAgeYr2034 69.882 
Alternative 5 Catch
     ai20 
Equil_Fabc 39.4686 
Year 
2020 3.205 
2021 1.656 
2022 2.243 
2023 2.243 
2024 19 
2025 19 
2026 19 
2027 19 
2028 19 
2029 19 
2030 19 
2031 19 
2032 19 
2033 19 
2034  NA 

Alternative 5 ABCs
     ai20 

Year 
2020 45.6116 
2021 45.1972 
2022 44.8058 
2023 44.8587 
2024 46.1963 
2025 46.1749 
2026 47.6623 
2027 50.3394 
2028 53.5133 
2029 56.2089 
2030 58.4011 
2031 60.1482 
2032 61.4209 
2033 62.2662 
2034 62.8139 

Alternative 5 TACs
     ai20 

Year 
2020  NA 
2021  NA 
2022  NA 
2023  NA 
2024  NA 
2025  NA 
2026  NA 
2027  NA 
2028  NA 
2029  NA 
2030  NA 
2031  NA 
2032  NA 
2033  NA 
2034  NA 

Alternative 5 Sp_Biomass
     ai20 
Equil_Fabc 67.9916 
Year 
2020 82.0091 
2021 82.0598 
2022 81.6777 
2023 83.431 
2024 84.9765 
2025 86.1767 
2026 90.0448 
2027 95.018 
2028 100.025 
2029 104.681 
2030 108.672 
2031 111.803 
2032 114.265 
2033 115.676 
2034 120.512 

Alternative 5 Fishing Mortality
     ai20 
Equil_Fabc 0.272039 
Year 
2020 0.0172015 
2021 0.00893152 
2022 0.0122187 
2023 0.0122257 
2024 0.105071 
2025 0.106456 
2026 0.10507 
2027 0.104067 
2028 0.103175 
2029 0.102052 
2030 0.101065 
2031 0.100404 
2032 0.0999368 
2033 0.0995214 
2034  NA 

Alternative 5 Biomass
     ai20 

Year 
2020 282.589 
2021 292.783 
2022 308.525 
2023 330.375 
2024 357.129 
2025 369.714 
2026 384.152 
2027 398.566 
2028 410.786 
2029 421.464 
2030 428.882 
2031 434.516 
2032 439.112 
2033 442.435 
2034 445.834 

Alternative 5 Implied SPR rate 
     ai20 
Equil_Fabc 0.4 
Year 
2020 0.91738 
2021 0.95543 
2022 0.939955 
2023 0.939924 
2024 0.640226 
2025 0.638077 
2026 0.64344 
2027 0.649105 
2028 0.655267 
2029 0.661218 
2030 0.666228 
2031 0.670212 
2032 0.673534 
2033 0.675951 
2034 1 

  ai20 
EquilAvgAgeF0  5.06443 
EquilAvgAgeFabc  3.57696 
AvgAgeYr2034 70.0137 
Alternative 6 Catch
     ai20 
Equil_Fabc 39.4686 
Year 
2020 3.205 
2021 54.1234 
2022 34.7154 
2023 26.9319 
2024 25.8819 
2025 28.0127 
2026 32.0922 
2027 35.9603 
2028 38.6683 
2029 40.1313 
2030 40.8825 
2031 40.9952 
2032 40.8459 
2033 40.3896 
2034 39.9543 

Alternative 6 ABCs
     ai20 

Year 
2020 45.6116 
2021 45.1972 
2022 29.4605 
2023 22.7313 
2024 21.7694 
2025 23.4831 
2026 26.8629 
2027 29.933 
2028 32.0672 
2029 33.3154 
2030 33.9858 
2031 34.0446 
2032 33.8978 
2033 33.6024 
2034 33.1858 

Alternative 6 TACs
     ai20 

Year 
2020  NA 
2021 54.1234 
2022 34.7155 
2023 26.9319 
2024 25.8819 
2025 28.0127 
2026 32.0922 
2027 35.9603 
2028 38.6684 
2029 40.1313 
2030 40.8825 
2031 40.9952 
2032 40.8459 
2033 40.3896 
2034 39.9543 

Alternative 6 Sp_Biomass
     ai20 
Equil_Fabc 67.9916 
Year 
2020 82.0091 
2021 69.7015 
2022 56.0748 
2023 50.6299 
2024 51.0413 
2025 53.954 
2026 58.0373 
2027 61.5681 
2028 63.9827 
2029 65.3038 
2030 65.8415 
2031 65.8583 
2032 65.7004 
2033 65.1255 
2034 64.4541 

Alternative 6 Fishing Mortality
     ai20 
Equil_Fabc 0.272039 
Year 
2020 0.0172015 
2021 0.334037 
2022 0.27241 
2023 0.2442 
2024 0.24401 
2025 0.24891 
2026 0.256853 
2027 0.265357 
2028 0.2698 
2029 0.271883 
2030 0.273942 
2031 0.27436 
2032 0.274501 
2033 0.273008 
2034 0.27234 

Alternative 6 Biomass
     ai20 

Year 
2020 282.589 
2021 292.783 
2022 261.36 
2023 260.033 
2024 273.467 
2025 290.921 
2026 307.292 
2027 319.199 
2028 325.704 
2029 328.891 
2030 328.445 
2031 326.742 
2032 325.112 
2033 323.538 
2034 323.506 

Alternative 6 Implied SPR rate 
     ai20 
Equil_Fabc 0.4 
Year 
2020 0.91738 
2021 0.35 
2022 0.39966 
2023 0.427184 
2024 0.429012 
2025 0.426747 
2026 0.421149 
2027 0.413885 
2028 0.409929 
2029 0.408021 
2030 0.406032 
2031 0.405719 
2032 0.405683 
2033 0.406953 
2034 0.407406 

  ai20 
EquilAvgAgeF0  5.06443 
EquilAvgAgeFabc  3.57696 
AvgAgeYr2034 60.4352 
Alternative 7 Catch
     ai20 
Equil_Fabc 39.4686 
Year 
2020 3.205 
2021 45.1972 
2022 32.1703 
2023 30.2734 
2024 27.6613 
2025 28.9399 
2026 32.556 
2027 36.1745 
2028 38.7574 
2029 40.1617 
2030 40.8894 
2031 40.9944 
2032 40.8436 
2033 40.3875 
2034 39.953 

Alternative 7 ABCs
     ai20 

Year 
2020 45.6116 
2021 45.1972 
2022 32.1703 
2023 25.6061 
2024 23.2919 
2025 24.2741 
2026 27.2573 
2027 30.1526 
2028 32.1493 
2029 33.3592 
2030 33.9912 
2031 34.0438 
2032 33.8959 
2033 33.6006 
2034 33.1847 

Alternative 7 TACs
     ai20 

Year 
2020  NA 
2021 54.1234 
2022 37.8463 
2023 30.2734 
2024 27.6613 
2025 28.9399 
2026 32.556 
2027 36.1745 
2028 38.7574 
2029 40.1617 
2030 40.8894 
2031 40.9944 
2032 40.8436 
2033 40.3875 
2034 39.953 

Alternative 7 Sp_Biomass
     ai20 
Equil_Fabc 67.9916 
Year 
2020 82.0091 
2021 71.8952 
2022 59.7325 
2023 53.4142 
2024 52.6269 
2025 54.819 
2026 58.4845 
2027 61.7822 
2028 64.0744 
2029 65.3377 
2030 65.8508 
2031 65.8587 
2032 65.6986 
2033 65.1237 
2034 64.4529 

Alternative 7 Fishing Mortality
     ai20 
Equil_Fabc 0.272039 
Year 
2020 0.0172015 
2021 0.272039 
2022 0.237183 
2023 0.25862 
2024 0.251886 
2025 0.252796 
2026 0.258666 
2027 0.266145 
2028 0.270121 
2029 0.271998 
2030 0.273976 
2031 0.274364 
2032 0.274498 
2033 0.273003 
2034 0.272337 

Alternative 7 Biomass
     ai20 

Year 
2020 282.589 
2021 292.783 
2022 269.374 
2023 269.344 
2024 278.467 
2025 293.495 
2026 308.545 
2027 319.761 
2028 325.927 
2029 328.963 
2030 328.458 
2031 326.737 
2032 325.104 
2033 323.532 
2034 323.502 

Alternative 7 Implied SPR rate 
     ai20 
Equil_Fabc 0.4 
Year 
2020 0.91738 
2021 0.4 
2022 0.43458 
2023 0.412684 
2024 0.420779 
2025 0.422515 
2026 0.419118 
2027 0.412987 
2028 0.409556 
2029 0.407882 
2030 0.40599 
2031 0.405713 
2032 0.405686 
2033 0.406958 
2034 0.407409 

  ai20 
EquilAvgAgeF0  5.06443 
EquilAvgAgeFabc  3.57696 
AvgAgeYr2034 60.6937 
