ai20 1 2020 Cabc 39.4686
ai20 1 2020 Cofl 41.9846
ai20 1 2020 CLCI 3.205
ai20 1 2020 CUCI 3.205
ai20 1 2020 CMedian 3.205
ai20 1 2020 CMean 3.205
ai20 1 2020 CStdn 4.66294e-14
ai20 1 2021 Cabc 39.4686
ai20 1 2021 Cofl 41.9846
ai20 1 2021 CLCI 1.656
ai20 1 2021 CUCI 1.656
ai20 1 2021 CMedian 1.656
ai20 1 2021 CMean 1.656
ai20 1 2021 CStdn 1.86968e-07
ai20 1 2022 Cabc 39.4686
ai20 1 2022 Cofl 41.9846
ai20 1 2022 CLCI 2.243
ai20 1 2022 CUCI 2.243
ai20 1 2022 CMedian 2.243
ai20 1 2022 CMean 2.243
ai20 1 2022 CStdn 2.69005e-08
ai20 1 2023 Cabc 39.4686
ai20 1 2023 Cofl 41.9846
ai20 1 2023 CLCI 2.243
ai20 1 2023 CUCI 2.243
ai20 1 2023 CMedian 2.243
ai20 1 2023 CMean 2.243
ai20 1 2023 CStdn 2.31098e-07
ai20 1 2024 Cabc 39.4686
ai20 1 2024 Cofl 41.9846
ai20 1 2024 CLCI 19
ai20 1 2024 CUCI 19
ai20 1 2024 CMedian 19
ai20 1 2024 CMean 19
ai20 1 2024 CStdn 9.00471e-07
ai20 1 2025 Cabc 39.4686
ai20 1 2025 Cofl 41.9846
ai20 1 2025 CLCI 19
ai20 1 2025 CUCI 19
ai20 1 2025 CMedian 19
ai20 1 2025 CMean 19
ai20 1 2025 CStdn 3.25545e-06
ai20 1 2026 Cabc 39.4686
ai20 1 2026 Cofl 41.9846
ai20 1 2026 CLCI 19
ai20 1 2026 CUCI 19
ai20 1 2026 CMedian 19
ai20 1 2026 CMean 19
ai20 1 2026 CStdn 4.32419e-06
ai20 1 2027 Cabc 39.4686
ai20 1 2027 Cofl 41.9846
ai20 1 2027 CLCI 19
ai20 1 2027 CUCI 19
ai20 1 2027 CMedian 19
ai20 1 2027 CMean 19
ai20 1 2027 CStdn 4.74177e-06
ai20 1 2028 Cabc 39.4686
ai20 1 2028 Cofl 41.9846
ai20 1 2028 CLCI 19
ai20 1 2028 CUCI 19
ai20 1 2028 CMedian 19
ai20 1 2028 CMean 19
ai20 1 2028 CStdn 4.91243e-06
ai20 1 2029 Cabc 39.4686
ai20 1 2029 Cofl 41.9846
ai20 1 2029 CLCI 19
ai20 1 2029 CUCI 19
ai20 1 2029 CMedian 19
ai20 1 2029 CMean 19
ai20 1 2029 CStdn 4.89877e-06
ai20 1 2030 Cabc 39.4686
ai20 1 2030 Cofl 41.9846
ai20 1 2030 CLCI 19
ai20 1 2030 CUCI 19
ai20 1 2030 CMedian 19
ai20 1 2030 CMean 19
ai20 1 2030 CStdn 4.85245e-06
ai20 1 2031 Cabc 39.4686
ai20 1 2031 Cofl 41.9846
ai20 1 2031 CLCI 19
ai20 1 2031 CUCI 19
ai20 1 2031 CMedian 19
ai20 1 2031 CMean 19
ai20 1 2031 CStdn 4.81027e-06
ai20 1 2032 Cabc 39.4686
ai20 1 2032 Cofl 41.9846
ai20 1 2032 CLCI 19
ai20 1 2032 CUCI 19
ai20 1 2032 CMedian 19
ai20 1 2032 CMean 19
ai20 1 2032 CStdn 4.92199e-06
ai20 1 2033 Cabc 39.4686
ai20 1 2033 Cofl 41.9846
ai20 1 2033 CLCI 19
ai20 1 2033 CUCI 19
ai20 1 2033 CMedian 19
ai20 1 2033 CMean 19
ai20 1 2033 CStdn 4.92379e-06
ai20 1 2034 Cabc 39.4686
ai20 1 2034 Cofl 41.9846
ai20 1 2034 CLCI 13.8128
ai20 1 2034 CUCI 124.514
ai20 1 2034 CMedian 58.467
ai20 1 2034 CMean 62.8139
ai20 1 2034 CStdn 34.5504
ai20 1 2020 SSBF100 169.979
ai20 1 2020 SSBFabc 67.9916
ai20 1 2020 SSBFofl 59.4927
ai20 1 2020 SSBLCI 82.0091
ai20 1 2020 SSBUCI 82.0091
ai20 1 2020 SSBMedian 82.0091
ai20 1 2020 SSBMean 82.0091
ai20 1 2021 SSBF100 169.979
ai20 1 2021 SSBFabc 67.9916
ai20 1 2021 SSBFofl 59.4927
ai20 1 2021 SSBLCI 82.0592
ai20 1 2021 SSBUCI 82.0613
ai20 1 2021 SSBMedian 82.0595
ai20 1 2021 SSBMean 82.0598
ai20 1 2022 SSBF100 169.979
ai20 1 2022 SSBFabc 67.9916
ai20 1 2022 SSBFofl 59.4927
ai20 1 2022 SSBLCI 81.6662
ai20 1 2022 SSBUCI 81.7103
ai20 1 2022 SSBMedian 81.6715
ai20 1 2022 SSBMean 81.6777
ai20 1 2023 SSBF100 169.979
ai20 1 2023 SSBFabc 67.9916
ai20 1 2023 SSBFofl 59.4927
ai20 1 2023 SSBLCI 83.0563
ai20 1 2023 SSBUCI 84.512
ai20 1 2023 SSBMedian 83.2236
ai20 1 2023 SSBMean 83.431
ai20 1 2024 SSBF100 169.979
ai20 1 2024 SSBFabc 67.9916
ai20 1 2024 SSBFofl 59.4927
ai20 1 2024 SSBLCI 79.2803
ai20 1 2024 SSBUCI 101.034
ai20 1 2024 SSBMedian 81.9605
ai20 1 2024 SSBMean 84.9765
ai20 1 2025 SSBF100 169.979
ai20 1 2025 SSBFabc 67.9916
ai20 1 2025 SSBFofl 59.4927
ai20 1 2025 SSBLCI 70.2928
ai20 1 2025 SSBUCI 123.754
ai20 1 2025 SSBMedian 79.6026
ai20 1 2025 SSBMean 86.1767
ai20 1 2026 SSBF100 169.979
ai20 1 2026 SSBFabc 67.9916
ai20 1 2026 SSBFofl 59.4927
ai20 1 2026 SSBLCI 61.6345
ai20 1 2026 SSBUCI 152.551
ai20 1 2026 SSBMedian 80.9727
ai20 1 2026 SSBMean 90.0448
ai20 1 2027 SSBF100 169.979
ai20 1 2027 SSBFabc 67.9916
ai20 1 2027 SSBFofl 59.4927
ai20 1 2027 SSBLCI 54.7434
ai20 1 2027 SSBUCI 171.651
ai20 1 2027 SSBMedian 84.81
ai20 1 2027 SSBMean 95.018
ai20 1 2028 SSBF100 169.979
ai20 1 2028 SSBFabc 67.9916
ai20 1 2028 SSBFofl 59.4927
ai20 1 2028 SSBLCI 49.5085
ai20 1 2028 SSBUCI 184.351
ai20 1 2028 SSBMedian 88.6864
ai20 1 2028 SSBMean 100.025
ai20 1 2029 SSBF100 169.979
ai20 1 2029 SSBFabc 67.9916
ai20 1 2029 SSBFofl 59.4927
ai20 1 2029 SSBLCI 45.5254
ai20 1 2029 SSBUCI 203.976
ai20 1 2029 SSBMedian 93.6234
ai20 1 2029 SSBMean 104.681
ai20 1 2030 SSBF100 169.979
ai20 1 2030 SSBFabc 67.9916
ai20 1 2030 SSBFofl 59.4927
ai20 1 2030 SSBLCI 45.8483
ai20 1 2030 SSBUCI 208.902
ai20 1 2030 SSBMedian 96.47
ai20 1 2030 SSBMean 108.672
ai20 1 2031 SSBF100 169.979
ai20 1 2031 SSBFabc 67.9916
ai20 1 2031 SSBFofl 59.4927
ai20 1 2031 SSBLCI 43.689
ai20 1 2031 SSBUCI 214.431
ai20 1 2031 SSBMedian 100.793
ai20 1 2031 SSBMean 111.803
ai20 1 2032 SSBF100 169.979
ai20 1 2032 SSBFabc 67.9916
ai20 1 2032 SSBFofl 59.4927
ai20 1 2032 SSBLCI 41.7235
ai20 1 2032 SSBUCI 218.968
ai20 1 2032 SSBMedian 102.749
ai20 1 2032 SSBMean 114.265
ai20 1 2033 SSBF100 169.979
ai20 1 2033 SSBFabc 67.9916
ai20 1 2033 SSBFofl 59.4927
ai20 1 2033 SSBLCI 40.3399
ai20 1 2033 SSBUCI 223.155
ai20 1 2033 SSBMedian 105.301
ai20 1 2033 SSBMean 115.676
ai20 1 2034 SSBF100 169.979
ai20 1 2034 SSBFabc 67.9916
ai20 1 2034 SSBFofl 59.4927
ai20 1 2034 SSBLCI 40.8265
ai20 1 2034 SSBUCI 204.123
ai20 1 2034 SSBMedian 98.3633
ai20 1 2034 SSBMean 106.362
ai20 1 2020 F0 0 
ai20 1 2020 Fabc 0.272039
ai20 1 2020 Fofl 0.334037
ai20 1 2020  F_LCI 0.0172015
ai20 1 2020  F_UCI 0.0172015
ai20 1 2020  F_Median 0.0172015
ai20 1 2020  F_Mean 0.0172015
ai20 1 2021 F0 0 
ai20 1 2021 Fabc 0.272039
ai20 1 2021 Fofl 0.334037
ai20 1 2021  F_LCI 0.00889418
ai20 1 2021  F_UCI 0.00894418
ai20 1 2021  F_Median 0.00893864
ai20 1 2021  F_Mean 0.00893152
ai20 1 2022 F0 0 
ai20 1 2022 Fabc 0.272039
ai20 1 2022 Fofl 0.334037
ai20 1 2022  F_LCI 0.0120749
ai20 1 2022  F_UCI 0.0122788
ai20 1 2022  F_Median 0.0122456
ai20 1 2022  F_Mean 0.0122187
ai20 1 2023 F0 0 
ai20 1 2023 Fabc 0.272039
ai20 1 2023 Fofl 0.334037
ai20 1 2023  F_LCI 0.0118235
ai20 1 2023  F_UCI 0.0124037
ai20 1 2023  F_Median 0.0122936
ai20 1 2023  F_Mean 0.0122257
ai20 1 2024 F0 0 
ai20 1 2024 Fabc 0.272039
ai20 1 2024 Fofl 0.334037
ai20 1 2024  F_LCI 0.094804
ai20 1 2024  F_UCI 0.109752
ai20 1 2024  F_Median 0.106761
ai20 1 2024  F_Mean 0.105071
ai20 1 2025 F0 0 
ai20 1 2025 Fabc 0.272039
ai20 1 2025 Fofl 0.334037
ai20 1 2025  F_LCI 0.0820306
ai20 1 2025  F_UCI 0.119293
ai20 1 2025  F_Median 0.109838
ai20 1 2025  F_Mean 0.106456
ai20 1 2026 F0 0 
ai20 1 2026 Fabc 0.272039
ai20 1 2026 Fofl 0.334037
ai20 1 2026  F_LCI 0.0644799
ai20 1 2026  F_UCI 0.131805
ai20 1 2026  F_Median 0.108815
ai20 1 2026  F_Mean 0.10507
ai20 1 2027 F0 0 
ai20 1 2027 Fabc 0.272039
ai20 1 2027 Fofl 0.334037
ai20 1 2027  F_LCI 0.0519406
ai20 1 2027  F_UCI 0.149395
ai20 1 2027  F_Median 0.104741
ai20 1 2027  F_Mean 0.104067
ai20 1 2028 F0 0 
ai20 1 2028 Fabc 0.272039
ai20 1 2028 Fofl 0.334037
ai20 1 2028  F_LCI 0.0464249
ai20 1 2028  F_UCI 0.17104
ai20 1 2028  F_Median 0.0997446
ai20 1 2028  F_Mean 0.103175
ai20 1 2029 F0 0 
ai20 1 2029 Fabc 0.272039
ai20 1 2029 Fofl 0.334037
ai20 1 2029  F_LCI 0.0431951
ai20 1 2029  F_UCI 0.188266
ai20 1 2029  F_Median 0.0947974
ai20 1 2029  F_Mean 0.102052
ai20 1 2030 F0 0 
ai20 1 2030 Fabc 0.272039
ai20 1 2030 Fofl 0.334037
ai20 1 2030  F_LCI 0.0400501
ai20 1 2030  F_UCI 0.196678
ai20 1 2030  F_Median 0.0901217
ai20 1 2030  F_Mean 0.101065
ai20 1 2031 F0 0 
ai20 1 2031 Fabc 0.272039
ai20 1 2031 Fofl 0.334037
ai20 1 2031  F_LCI 0.039419
ai20 1 2031  F_UCI 0.199234
ai20 1 2031  F_Median 0.087675
ai20 1 2031  F_Mean 0.100404
ai20 1 2032 F0 0 
ai20 1 2032 Fabc 0.272039
ai20 1 2032 Fofl 0.334037
ai20 1 2032  F_LCI 0.0387839
ai20 1 2032  F_UCI 0.208961
ai20 1 2032  F_Median 0.0848918
ai20 1 2032  F_Mean 0.0999368
ai20 1 2033 F0 0 
ai20 1 2033 Fabc 0.272039
ai20 1 2033 Fofl 0.334037
ai20 1 2033  F_LCI 0.0377351
ai20 1 2033  F_UCI 0.213979
ai20 1 2033  F_Median 0.0825325
ai20 1 2033  F_Mean 0.0995214
ai20 1 2034 F0 0 
ai20 1 2034 Fabc 0.272039
ai20 1 2034 Fofl 0.334037
ai20 1 2034  F_LCI 0.157608
ai20 1 2034  F_UCI 0.272039
ai20 1 2034  F_Median 0.272039
ai20 1 2034  F_Mean 0.253119
ai20 2 2020 Cabc 39.4686
ai20 2 2020 Cofl 41.9846
ai20 2 2020 CLCI 3.205
ai20 2 2020 CUCI 3.205
ai20 2 2020 CMedian 3.205
ai20 2 2020 CMean 3.205
ai20 2 2020 CStdn 4.66294e-14
ai20 2 2021 Cabc 39.4686
ai20 2 2021 Cofl 41.9846
ai20 2 2021 CLCI 1.656
ai20 2 2021 CUCI 1.656
ai20 2 2021 CMedian 1.656
ai20 2 2021 CMean 1.656
ai20 2 2021 CStdn 1.86968e-07
ai20 2 2022 Cabc 39.4686
ai20 2 2022 Cofl 41.9846
ai20 2 2022 CLCI 2.243
ai20 2 2022 CUCI 2.243
ai20 2 2022 CMedian 2.243
ai20 2 2022 CMean 2.243
ai20 2 2022 CStdn 2.69005e-08
ai20 2 2023 Cabc 39.4686
ai20 2 2023 Cofl 41.9846
ai20 2 2023 CLCI 2.243
ai20 2 2023 CUCI 2.243
ai20 2 2023 CMedian 2.243
ai20 2 2023 CMean 2.243
ai20 2 2023 CStdn 2.31098e-07
ai20 2 2024 Cabc 39.4686
ai20 2 2024 Cofl 41.9846
ai20 2 2024 CLCI 19
ai20 2 2024 CUCI 19
ai20 2 2024 CMedian 19
ai20 2 2024 CMean 19
ai20 2 2024 CStdn 9.00471e-07
ai20 2 2025 Cabc 39.4686
ai20 2 2025 Cofl 41.9846
ai20 2 2025 CLCI 19
ai20 2 2025 CUCI 19
ai20 2 2025 CMedian 19
ai20 2 2025 CMean 19
ai20 2 2025 CStdn 3.25545e-06
ai20 2 2026 Cabc 39.4686
ai20 2 2026 Cofl 41.9846
ai20 2 2026 CLCI 19
ai20 2 2026 CUCI 19
ai20 2 2026 CMedian 19
ai20 2 2026 CMean 19
ai20 2 2026 CStdn 4.32419e-06
ai20 2 2027 Cabc 39.4686
ai20 2 2027 Cofl 41.9846
ai20 2 2027 CLCI 19
ai20 2 2027 CUCI 19
ai20 2 2027 CMedian 19
ai20 2 2027 CMean 19
ai20 2 2027 CStdn 4.74177e-06
ai20 2 2028 Cabc 39.4686
ai20 2 2028 Cofl 41.9846
ai20 2 2028 CLCI 19
ai20 2 2028 CUCI 19
ai20 2 2028 CMedian 19
ai20 2 2028 CMean 19
ai20 2 2028 CStdn 4.91243e-06
ai20 2 2029 Cabc 39.4686
ai20 2 2029 Cofl 41.9846
ai20 2 2029 CLCI 19
ai20 2 2029 CUCI 19
ai20 2 2029 CMedian 19
ai20 2 2029 CMean 19
ai20 2 2029 CStdn 4.89877e-06
ai20 2 2030 Cabc 39.4686
ai20 2 2030 Cofl 41.9846
ai20 2 2030 CLCI 19
ai20 2 2030 CUCI 19
ai20 2 2030 CMedian 19
ai20 2 2030 CMean 19
ai20 2 2030 CStdn 4.85245e-06
ai20 2 2031 Cabc 39.4686
ai20 2 2031 Cofl 41.9846
ai20 2 2031 CLCI 19
ai20 2 2031 CUCI 19
ai20 2 2031 CMedian 19
ai20 2 2031 CMean 19
ai20 2 2031 CStdn 4.81027e-06
ai20 2 2032 Cabc 39.4686
ai20 2 2032 Cofl 41.9846
ai20 2 2032 CLCI 19
ai20 2 2032 CUCI 19
ai20 2 2032 CMedian 19
ai20 2 2032 CMean 19
ai20 2 2032 CStdn 4.92199e-06
ai20 2 2033 Cabc 39.4686
ai20 2 2033 Cofl 41.9846
ai20 2 2033 CLCI 19
ai20 2 2033 CUCI 19
ai20 2 2033 CMedian 19
ai20 2 2033 CMean 19
ai20 2 2033 CStdn 4.92379e-06
ai20 2 2034 Cabc 39.4686
ai20 2 2034 Cofl 41.9846
ai20 2 2034 CLCI 13.8128
ai20 2 2034 CUCI 124.514
ai20 2 2034 CMedian 58.467
ai20 2 2034 CMean 62.8139
ai20 2 2034 CStdn 34.5504
ai20 2 2020 SSBF100 169.979
ai20 2 2020 SSBFabc 67.9916
ai20 2 2020 SSBFofl 59.4927
ai20 2 2020 SSBLCI 82.0091
ai20 2 2020 SSBUCI 82.0091
ai20 2 2020 SSBMedian 82.0091
ai20 2 2020 SSBMean 82.0091
ai20 2 2021 SSBF100 169.979
ai20 2 2021 SSBFabc 67.9916
ai20 2 2021 SSBFofl 59.4927
ai20 2 2021 SSBLCI 82.0592
ai20 2 2021 SSBUCI 82.0613
ai20 2 2021 SSBMedian 82.0595
ai20 2 2021 SSBMean 82.0598
ai20 2 2022 SSBF100 169.979
ai20 2 2022 SSBFabc 67.9916
ai20 2 2022 SSBFofl 59.4927
ai20 2 2022 SSBLCI 81.6662
ai20 2 2022 SSBUCI 81.7103
ai20 2 2022 SSBMedian 81.6715
ai20 2 2022 SSBMean 81.6777
ai20 2 2023 SSBF100 169.979
ai20 2 2023 SSBFabc 67.9916
ai20 2 2023 SSBFofl 59.4927
ai20 2 2023 SSBLCI 83.0563
ai20 2 2023 SSBUCI 84.512
ai20 2 2023 SSBMedian 83.2236
ai20 2 2023 SSBMean 83.431
ai20 2 2024 SSBF100 169.979
ai20 2 2024 SSBFabc 67.9916
ai20 2 2024 SSBFofl 59.4927
ai20 2 2024 SSBLCI 79.2803
ai20 2 2024 SSBUCI 101.034
ai20 2 2024 SSBMedian 81.9605
ai20 2 2024 SSBMean 84.9765
ai20 2 2025 SSBF100 169.979
ai20 2 2025 SSBFabc 67.9916
ai20 2 2025 SSBFofl 59.4927
ai20 2 2025 SSBLCI 70.2928
ai20 2 2025 SSBUCI 123.754
ai20 2 2025 SSBMedian 79.6026
ai20 2 2025 SSBMean 86.1767
ai20 2 2026 SSBF100 169.979
ai20 2 2026 SSBFabc 67.9916
ai20 2 2026 SSBFofl 59.4927
ai20 2 2026 SSBLCI 61.6345
ai20 2 2026 SSBUCI 152.551
ai20 2 2026 SSBMedian 80.9727
ai20 2 2026 SSBMean 90.0448
ai20 2 2027 SSBF100 169.979
ai20 2 2027 SSBFabc 67.9916
ai20 2 2027 SSBFofl 59.4927
ai20 2 2027 SSBLCI 54.7434
ai20 2 2027 SSBUCI 171.651
ai20 2 2027 SSBMedian 84.81
ai20 2 2027 SSBMean 95.018
ai20 2 2028 SSBF100 169.979
ai20 2 2028 SSBFabc 67.9916
ai20 2 2028 SSBFofl 59.4927
ai20 2 2028 SSBLCI 49.5085
ai20 2 2028 SSBUCI 184.351
ai20 2 2028 SSBMedian 88.6864
ai20 2 2028 SSBMean 100.025
ai20 2 2029 SSBF100 169.979
ai20 2 2029 SSBFabc 67.9916
ai20 2 2029 SSBFofl 59.4927
ai20 2 2029 SSBLCI 45.5254
ai20 2 2029 SSBUCI 203.976
ai20 2 2029 SSBMedian 93.6234
ai20 2 2029 SSBMean 104.681
ai20 2 2030 SSBF100 169.979
ai20 2 2030 SSBFabc 67.9916
ai20 2 2030 SSBFofl 59.4927
ai20 2 2030 SSBLCI 45.8483
ai20 2 2030 SSBUCI 208.902
ai20 2 2030 SSBMedian 96.47
ai20 2 2030 SSBMean 108.672
ai20 2 2031 SSBF100 169.979
ai20 2 2031 SSBFabc 67.9916
ai20 2 2031 SSBFofl 59.4927
ai20 2 2031 SSBLCI 43.689
ai20 2 2031 SSBUCI 214.431
ai20 2 2031 SSBMedian 100.793
ai20 2 2031 SSBMean 111.803
ai20 2 2032 SSBF100 169.979
ai20 2 2032 SSBFabc 67.9916
ai20 2 2032 SSBFofl 59.4927
ai20 2 2032 SSBLCI 41.7235
ai20 2 2032 SSBUCI 218.968
ai20 2 2032 SSBMedian 102.749
ai20 2 2032 SSBMean 114.265
ai20 2 2033 SSBF100 169.979
ai20 2 2033 SSBFabc 67.9916
ai20 2 2033 SSBFofl 59.4927
ai20 2 2033 SSBLCI 40.3399
ai20 2 2033 SSBUCI 223.155
ai20 2 2033 SSBMedian 105.301
ai20 2 2033 SSBMean 115.676
ai20 2 2034 SSBF100 169.979
ai20 2 2034 SSBFabc 67.9916
ai20 2 2034 SSBFofl 59.4927
ai20 2 2034 SSBLCI 40.8265
ai20 2 2034 SSBUCI 204.123
ai20 2 2034 SSBMedian 98.3633
ai20 2 2034 SSBMean 106.362
ai20 2 2020 F0 0 
ai20 2 2020 Fabc 0.272039
ai20 2 2020 Fofl 0.334037
ai20 2 2020  F_LCI 0.0172015
ai20 2 2020  F_UCI 0.0172015
ai20 2 2020  F_Median 0.0172015
ai20 2 2020  F_Mean 0.0172015
ai20 2 2021 F0 0 
ai20 2 2021 Fabc 0.272039
ai20 2 2021 Fofl 0.334037
ai20 2 2021  F_LCI 0.00889418
ai20 2 2021  F_UCI 0.00894418
ai20 2 2021  F_Median 0.00893864
ai20 2 2021  F_Mean 0.00893152
ai20 2 2022 F0 0 
ai20 2 2022 Fabc 0.272039
ai20 2 2022 Fofl 0.334037
ai20 2 2022  F_LCI 0.0120749
ai20 2 2022  F_UCI 0.0122788
ai20 2 2022  F_Median 0.0122456
ai20 2 2022  F_Mean 0.0122187
ai20 2 2023 F0 0 
ai20 2 2023 Fabc 0.272039
ai20 2 2023 Fofl 0.334037
ai20 2 2023  F_LCI 0.0118235
ai20 2 2023  F_UCI 0.0124037
ai20 2 2023  F_Median 0.0122936
ai20 2 2023  F_Mean 0.0122257
ai20 2 2024 F0 0 
ai20 2 2024 Fabc 0.272039
ai20 2 2024 Fofl 0.334037
ai20 2 2024  F_LCI 0.094804
ai20 2 2024  F_UCI 0.109752
ai20 2 2024  F_Median 0.106761
ai20 2 2024  F_Mean 0.105071
ai20 2 2025 F0 0 
ai20 2 2025 Fabc 0.272039
ai20 2 2025 Fofl 0.334037
ai20 2 2025  F_LCI 0.0820306
ai20 2 2025  F_UCI 0.119293
ai20 2 2025  F_Median 0.109838
ai20 2 2025  F_Mean 0.106456
ai20 2 2026 F0 0 
ai20 2 2026 Fabc 0.272039
ai20 2 2026 Fofl 0.334037
ai20 2 2026  F_LCI 0.0644799
ai20 2 2026  F_UCI 0.131805
ai20 2 2026  F_Median 0.108815
ai20 2 2026  F_Mean 0.10507
ai20 2 2027 F0 0 
ai20 2 2027 Fabc 0.272039
ai20 2 2027 Fofl 0.334037
ai20 2 2027  F_LCI 0.0519406
ai20 2 2027  F_UCI 0.149395
ai20 2 2027  F_Median 0.104741
ai20 2 2027  F_Mean 0.104067
ai20 2 2028 F0 0 
ai20 2 2028 Fabc 0.272039
ai20 2 2028 Fofl 0.334037
ai20 2 2028  F_LCI 0.0464249
ai20 2 2028  F_UCI 0.17104
ai20 2 2028  F_Median 0.0997446
ai20 2 2028  F_Mean 0.103175
ai20 2 2029 F0 0 
ai20 2 2029 Fabc 0.272039
ai20 2 2029 Fofl 0.334037
ai20 2 2029  F_LCI 0.0431951
ai20 2 2029  F_UCI 0.188266
ai20 2 2029  F_Median 0.0947974
ai20 2 2029  F_Mean 0.102052
ai20 2 2030 F0 0 
ai20 2 2030 Fabc 0.272039
ai20 2 2030 Fofl 0.334037
ai20 2 2030  F_LCI 0.0400501
ai20 2 2030  F_UCI 0.196678
ai20 2 2030  F_Median 0.0901217
ai20 2 2030  F_Mean 0.101065
ai20 2 2031 F0 0 
ai20 2 2031 Fabc 0.272039
ai20 2 2031 Fofl 0.334037
ai20 2 2031  F_LCI 0.039419
ai20 2 2031  F_UCI 0.199234
ai20 2 2031  F_Median 0.087675
ai20 2 2031  F_Mean 0.100404
ai20 2 2032 F0 0 
ai20 2 2032 Fabc 0.272039
ai20 2 2032 Fofl 0.334037
ai20 2 2032  F_LCI 0.0387839
ai20 2 2032  F_UCI 0.208961
ai20 2 2032  F_Median 0.0848918
ai20 2 2032  F_Mean 0.0999368
ai20 2 2033 F0 0 
ai20 2 2033 Fabc 0.272039
ai20 2 2033 Fofl 0.334037
ai20 2 2033  F_LCI 0.0377351
ai20 2 2033  F_UCI 0.213979
ai20 2 2033  F_Median 0.0825325
ai20 2 2033  F_Mean 0.0995214
ai20 2 2034 F0 0 
ai20 2 2034 Fabc 0.272039
ai20 2 2034 Fofl 0.334037
ai20 2 2034  F_LCI 0.157608
ai20 2 2034  F_UCI 0.272039
ai20 2 2034  F_Median 0.272039
ai20 2 2034  F_Mean 0.253119
ai20 3 2020 Cabc 39.4686
ai20 3 2020 Cofl 41.9846
ai20 3 2020 CLCI 3.205
ai20 3 2020 CUCI 3.205
ai20 3 2020 CMedian 3.205
ai20 3 2020 CMean 3.205
ai20 3 2020 CStdn 4.66294e-14
ai20 3 2021 Cabc 39.4686
ai20 3 2021 Cofl 41.9846
ai20 3 2021 CLCI 1.656
ai20 3 2021 CUCI 1.656
ai20 3 2021 CMedian 1.656
ai20 3 2021 CMean 1.656
ai20 3 2021 CStdn 1.86968e-07
ai20 3 2022 Cabc 39.4686
ai20 3 2022 Cofl 41.9846
ai20 3 2022 CLCI 2.243
ai20 3 2022 CUCI 2.243
ai20 3 2022 CMedian 2.243
ai20 3 2022 CMean 2.243
ai20 3 2022 CStdn 2.69005e-08
ai20 3 2023 Cabc 39.4686
ai20 3 2023 Cofl 41.9846
ai20 3 2023 CLCI 2.243
ai20 3 2023 CUCI 2.243
ai20 3 2023 CMedian 2.243
ai20 3 2023 CMean 2.243
ai20 3 2023 CStdn 2.31098e-07
ai20 3 2024 Cabc 39.4686
ai20 3 2024 Cofl 41.9846
ai20 3 2024 CLCI 19
ai20 3 2024 CUCI 19
ai20 3 2024 CMedian 19
ai20 3 2024 CMean 19
ai20 3 2024 CStdn 9.00471e-07
ai20 3 2025 Cabc 39.4686
ai20 3 2025 Cofl 41.9846
ai20 3 2025 CLCI 19
ai20 3 2025 CUCI 19
ai20 3 2025 CMedian 19
ai20 3 2025 CMean 19
ai20 3 2025 CStdn 3.25545e-06
ai20 3 2026 Cabc 39.4686
ai20 3 2026 Cofl 41.9846
ai20 3 2026 CLCI 19
ai20 3 2026 CUCI 19
ai20 3 2026 CMedian 19
ai20 3 2026 CMean 19
ai20 3 2026 CStdn 4.32419e-06
ai20 3 2027 Cabc 39.4686
ai20 3 2027 Cofl 41.9846
ai20 3 2027 CLCI 19
ai20 3 2027 CUCI 19
ai20 3 2027 CMedian 19
ai20 3 2027 CMean 19
ai20 3 2027 CStdn 4.74177e-06
ai20 3 2028 Cabc 39.4686
ai20 3 2028 Cofl 41.9846
ai20 3 2028 CLCI 19
ai20 3 2028 CUCI 19
ai20 3 2028 CMedian 19
ai20 3 2028 CMean 19
ai20 3 2028 CStdn 4.91243e-06
ai20 3 2029 Cabc 39.4686
ai20 3 2029 Cofl 41.9846
ai20 3 2029 CLCI 19
ai20 3 2029 CUCI 19
ai20 3 2029 CMedian 19
ai20 3 2029 CMean 19
ai20 3 2029 CStdn 4.89877e-06
ai20 3 2030 Cabc 39.4686
ai20 3 2030 Cofl 41.9846
ai20 3 2030 CLCI 19
ai20 3 2030 CUCI 19
ai20 3 2030 CMedian 19
ai20 3 2030 CMean 19
ai20 3 2030 CStdn 4.85245e-06
ai20 3 2031 Cabc 39.4686
ai20 3 2031 Cofl 41.9846
ai20 3 2031 CLCI 19
ai20 3 2031 CUCI 19
ai20 3 2031 CMedian 19
ai20 3 2031 CMean 19
ai20 3 2031 CStdn 4.81027e-06
ai20 3 2032 Cabc 39.4686
ai20 3 2032 Cofl 41.9846
ai20 3 2032 CLCI 19
ai20 3 2032 CUCI 19
ai20 3 2032 CMedian 19
ai20 3 2032 CMean 19
ai20 3 2032 CStdn 4.92199e-06
ai20 3 2033 Cabc 39.4686
ai20 3 2033 Cofl 41.9846
ai20 3 2033 CLCI 19
ai20 3 2033 CUCI 19
ai20 3 2033 CMedian 19
ai20 3 2033 CMean 19
ai20 3 2033 CStdn 4.92379e-06
ai20 3 2034 Cabc 39.4686
ai20 3 2034 Cofl 41.9846
ai20 3 2034 CLCI 1.9109
ai20 3 2034 CUCI 10.5303
ai20 3 2034 CMedian 4.94069
ai20 3 2034 CMean 5.43114
ai20 3 2034 CStdn 2.76319
ai20 3 2020 SSBF100 169.979
ai20 3 2020 SSBFabc 67.9916
ai20 3 2020 SSBFofl 59.4927
ai20 3 2020 SSBLCI 82.0091
ai20 3 2020 SSBUCI 82.0091
ai20 3 2020 SSBMedian 82.0091
ai20 3 2020 SSBMean 82.0091
ai20 3 2021 SSBF100 169.979
ai20 3 2021 SSBFabc 67.9916
ai20 3 2021 SSBFofl 59.4927
ai20 3 2021 SSBLCI 82.0592
ai20 3 2021 SSBUCI 82.0613
ai20 3 2021 SSBMedian 82.0595
ai20 3 2021 SSBMean 82.0598
ai20 3 2022 SSBF100 169.979
ai20 3 2022 SSBFabc 67.9916
ai20 3 2022 SSBFofl 59.4927
ai20 3 2022 SSBLCI 81.6662
ai20 3 2022 SSBUCI 81.7103
ai20 3 2022 SSBMedian 81.6715
ai20 3 2022 SSBMean 81.6777
ai20 3 2023 SSBF100 169.979
ai20 3 2023 SSBFabc 67.9916
ai20 3 2023 SSBFofl 59.4927
ai20 3 2023 SSBLCI 83.0563
ai20 3 2023 SSBUCI 84.512
ai20 3 2023 SSBMedian 83.2236
ai20 3 2023 SSBMean 83.431
ai20 3 2024 SSBF100 169.979
ai20 3 2024 SSBFabc 67.9916
ai20 3 2024 SSBFofl 59.4927
ai20 3 2024 SSBLCI 79.2803
ai20 3 2024 SSBUCI 101.034
ai20 3 2024 SSBMedian 81.9605
ai20 3 2024 SSBMean 84.9765
ai20 3 2025 SSBF100 169.979
ai20 3 2025 SSBFabc 67.9916
ai20 3 2025 SSBFofl 59.4927
ai20 3 2025 SSBLCI 70.2928
ai20 3 2025 SSBUCI 123.754
ai20 3 2025 SSBMedian 79.6026
ai20 3 2025 SSBMean 86.1767
ai20 3 2026 SSBF100 169.979
ai20 3 2026 SSBFabc 67.9916
ai20 3 2026 SSBFofl 59.4927
ai20 3 2026 SSBLCI 61.6345
ai20 3 2026 SSBUCI 152.551
ai20 3 2026 SSBMedian 80.9727
ai20 3 2026 SSBMean 90.0448
ai20 3 2027 SSBF100 169.979
ai20 3 2027 SSBFabc 67.9916
ai20 3 2027 SSBFofl 59.4927
ai20 3 2027 SSBLCI 54.7434
ai20 3 2027 SSBUCI 171.651
ai20 3 2027 SSBMedian 84.81
ai20 3 2027 SSBMean 95.018
ai20 3 2028 SSBF100 169.979
ai20 3 2028 SSBFabc 67.9916
ai20 3 2028 SSBFofl 59.4927
ai20 3 2028 SSBLCI 49.5085
ai20 3 2028 SSBUCI 184.351
ai20 3 2028 SSBMedian 88.6864
ai20 3 2028 SSBMean 100.025
ai20 3 2029 SSBF100 169.979
ai20 3 2029 SSBFabc 67.9916
ai20 3 2029 SSBFofl 59.4927
ai20 3 2029 SSBLCI 45.5254
ai20 3 2029 SSBUCI 203.976
ai20 3 2029 SSBMedian 93.6234
ai20 3 2029 SSBMean 104.681
ai20 3 2030 SSBF100 169.979
ai20 3 2030 SSBFabc 67.9916
ai20 3 2030 SSBFofl 59.4927
ai20 3 2030 SSBLCI 45.8483
ai20 3 2030 SSBUCI 208.902
ai20 3 2030 SSBMedian 96.47
ai20 3 2030 SSBMean 108.672
ai20 3 2031 SSBF100 169.979
ai20 3 2031 SSBFabc 67.9916
ai20 3 2031 SSBFofl 59.4927
ai20 3 2031 SSBLCI 43.689
ai20 3 2031 SSBUCI 214.431
ai20 3 2031 SSBMedian 100.793
ai20 3 2031 SSBMean 111.803
ai20 3 2032 SSBF100 169.979
ai20 3 2032 SSBFabc 67.9916
ai20 3 2032 SSBFofl 59.4927
ai20 3 2032 SSBLCI 41.7235
ai20 3 2032 SSBUCI 218.968
ai20 3 2032 SSBMedian 102.749
ai20 3 2032 SSBMean 114.265
ai20 3 2033 SSBF100 169.979
ai20 3 2033 SSBFabc 67.9916
ai20 3 2033 SSBFofl 59.4927
ai20 3 2033 SSBLCI 40.3399
ai20 3 2033 SSBUCI 223.155
ai20 3 2033 SSBMedian 105.301
ai20 3 2033 SSBMean 115.676
ai20 3 2034 SSBF100 169.979
ai20 3 2034 SSBFabc 67.9916
ai20 3 2034 SSBFofl 59.4927
ai20 3 2034 SSBLCI 42.8504
ai20 3 2034 SSBUCI 230.106
ai20 3 2034 SSBMedian 109.474
ai20 3 2034 SSBMean 119.333
ai20 3 2020 F0 0 
ai20 3 2020 Fabc 0.272039
ai20 3 2020 Fofl 0.334037
ai20 3 2020  F_LCI 0.0172015
ai20 3 2020  F_UCI 0.0172015
ai20 3 2020  F_Median 0.0172015
ai20 3 2020  F_Mean 0.0172015
ai20 3 2021 F0 0 
ai20 3 2021 Fabc 0.272039
ai20 3 2021 Fofl 0.334037
ai20 3 2021  F_LCI 0.00889418
ai20 3 2021  F_UCI 0.00894418
ai20 3 2021  F_Median 0.00893864
ai20 3 2021  F_Mean 0.00893152
ai20 3 2022 F0 0 
ai20 3 2022 Fabc 0.272039
ai20 3 2022 Fofl 0.334037
ai20 3 2022  F_LCI 0.0120749
ai20 3 2022  F_UCI 0.0122788
ai20 3 2022  F_Median 0.0122456
ai20 3 2022  F_Mean 0.0122187
ai20 3 2023 F0 0 
ai20 3 2023 Fabc 0.272039
ai20 3 2023 Fofl 0.334037
ai20 3 2023  F_LCI 0.0118235
ai20 3 2023  F_UCI 0.0124037
ai20 3 2023  F_Median 0.0122936
ai20 3 2023  F_Mean 0.0122257
ai20 3 2024 F0 0 
ai20 3 2024 Fabc 0.272039
ai20 3 2024 Fofl 0.334037
ai20 3 2024  F_LCI 0.094804
ai20 3 2024  F_UCI 0.109752
ai20 3 2024  F_Median 0.106761
ai20 3 2024  F_Mean 0.105071
ai20 3 2025 F0 0 
ai20 3 2025 Fabc 0.272039
ai20 3 2025 Fofl 0.334037
ai20 3 2025  F_LCI 0.0820306
ai20 3 2025  F_UCI 0.119293
ai20 3 2025  F_Median 0.109838
ai20 3 2025  F_Mean 0.106456
ai20 3 2026 F0 0 
ai20 3 2026 Fabc 0.272039
ai20 3 2026 Fofl 0.334037
ai20 3 2026  F_LCI 0.0644799
ai20 3 2026  F_UCI 0.131805
ai20 3 2026  F_Median 0.108815
ai20 3 2026  F_Mean 0.10507
ai20 3 2027 F0 0 
ai20 3 2027 Fabc 0.272039
ai20 3 2027 Fofl 0.334037
ai20 3 2027  F_LCI 0.0519406
ai20 3 2027  F_UCI 0.149395
ai20 3 2027  F_Median 0.104741
ai20 3 2027  F_Mean 0.104067
ai20 3 2028 F0 0 
ai20 3 2028 Fabc 0.272039
ai20 3 2028 Fofl 0.334037
ai20 3 2028  F_LCI 0.0464249
ai20 3 2028  F_UCI 0.17104
ai20 3 2028  F_Median 0.0997446
ai20 3 2028  F_Mean 0.103175
ai20 3 2029 F0 0 
ai20 3 2029 Fabc 0.272039
ai20 3 2029 Fofl 0.334037
ai20 3 2029  F_LCI 0.0431951
ai20 3 2029  F_UCI 0.188266
ai20 3 2029  F_Median 0.0947974
ai20 3 2029  F_Mean 0.102052
ai20 3 2030 F0 0 
ai20 3 2030 Fabc 0.272039
ai20 3 2030 Fofl 0.334037
ai20 3 2030  F_LCI 0.0400501
ai20 3 2030  F_UCI 0.196678
ai20 3 2030  F_Median 0.0901217
ai20 3 2030  F_Mean 0.101065
ai20 3 2031 F0 0 
ai20 3 2031 Fabc 0.272039
ai20 3 2031 Fofl 0.334037
ai20 3 2031  F_LCI 0.039419
ai20 3 2031  F_UCI 0.199234
ai20 3 2031  F_Median 0.087675
ai20 3 2031  F_Mean 0.100404
ai20 3 2032 F0 0 
ai20 3 2032 Fabc 0.272039
ai20 3 2032 Fofl 0.334037
ai20 3 2032  F_LCI 0.0387839
ai20 3 2032  F_UCI 0.208961
ai20 3 2032  F_Median 0.0848918
ai20 3 2032  F_Mean 0.0999368
ai20 3 2033 F0 0 
ai20 3 2033 Fabc 0.272039
ai20 3 2033 Fofl 0.334037
ai20 3 2033  F_LCI 0.0377351
ai20 3 2033  F_UCI 0.213979
ai20 3 2033  F_Median 0.0825325
ai20 3 2033  F_Mean 0.0995214
ai20 3 2034 F0 0 
ai20 3 2034 Fabc 0.272039
ai20 3 2034 Fofl 0.334037
ai20 3 2034  F_LCI 0.0207545
ai20 3 2034  F_UCI 0.0207545
ai20 3 2034  F_Median 0.0207545
ai20 3 2034  F_Mean 0.0207545
ai20 4 2020 Cabc 39.4686
ai20 4 2020 Cofl 41.9846
ai20 4 2020 CLCI 3.205
ai20 4 2020 CUCI 3.205
ai20 4 2020 CMedian 3.205
ai20 4 2020 CMean 3.205
ai20 4 2020 CStdn 4.66294e-14
ai20 4 2021 Cabc 39.4686
ai20 4 2021 Cofl 41.9846
ai20 4 2021 CLCI 1.656
ai20 4 2021 CUCI 1.656
ai20 4 2021 CMedian 1.656
ai20 4 2021 CMean 1.656
ai20 4 2021 CStdn 1.86968e-07
ai20 4 2022 Cabc 39.4686
ai20 4 2022 Cofl 41.9846
ai20 4 2022 CLCI 2.243
ai20 4 2022 CUCI 2.243
ai20 4 2022 CMedian 2.243
ai20 4 2022 CMean 2.243
ai20 4 2022 CStdn 2.69005e-08
ai20 4 2023 Cabc 39.4686
ai20 4 2023 Cofl 41.9846
ai20 4 2023 CLCI 2.243
ai20 4 2023 CUCI 2.243
ai20 4 2023 CMedian 2.243
ai20 4 2023 CMean 2.243
ai20 4 2023 CStdn 2.31098e-07
ai20 4 2024 Cabc 39.4686
ai20 4 2024 Cofl 41.9846
ai20 4 2024 CLCI 19
ai20 4 2024 CUCI 19
ai20 4 2024 CMedian 19
ai20 4 2024 CMean 19
ai20 4 2024 CStdn 9.00471e-07
ai20 4 2025 Cabc 39.4686
ai20 4 2025 Cofl 41.9846
ai20 4 2025 CLCI 19
ai20 4 2025 CUCI 19
ai20 4 2025 CMedian 19
ai20 4 2025 CMean 19
ai20 4 2025 CStdn 3.25545e-06
ai20 4 2026 Cabc 39.4686
ai20 4 2026 Cofl 41.9846
ai20 4 2026 CLCI 19
ai20 4 2026 CUCI 19
ai20 4 2026 CMedian 19
ai20 4 2026 CMean 19
ai20 4 2026 CStdn 4.32419e-06
ai20 4 2027 Cabc 39.4686
ai20 4 2027 Cofl 41.9846
ai20 4 2027 CLCI 19
ai20 4 2027 CUCI 19
ai20 4 2027 CMedian 19
ai20 4 2027 CMean 19
ai20 4 2027 CStdn 4.74177e-06
ai20 4 2028 Cabc 39.4686
ai20 4 2028 Cofl 41.9846
ai20 4 2028 CLCI 19
ai20 4 2028 CUCI 19
ai20 4 2028 CMedian 19
ai20 4 2028 CMean 19
ai20 4 2028 CStdn 4.91243e-06
ai20 4 2029 Cabc 39.4686
ai20 4 2029 Cofl 41.9846
ai20 4 2029 CLCI 19
ai20 4 2029 CUCI 19
ai20 4 2029 CMedian 19
ai20 4 2029 CMean 19
ai20 4 2029 CStdn 4.89877e-06
ai20 4 2030 Cabc 39.4686
ai20 4 2030 Cofl 41.9846
ai20 4 2030 CLCI 19
ai20 4 2030 CUCI 19
ai20 4 2030 CMedian 19
ai20 4 2030 CMean 19
ai20 4 2030 CStdn 4.85245e-06
ai20 4 2031 Cabc 39.4686
ai20 4 2031 Cofl 41.9846
ai20 4 2031 CLCI 19
ai20 4 2031 CUCI 19
ai20 4 2031 CMedian 19
ai20 4 2031 CMean 19
ai20 4 2031 CStdn 4.81027e-06
ai20 4 2032 Cabc 39.4686
ai20 4 2032 Cofl 41.9846
ai20 4 2032 CLCI 19
ai20 4 2032 CUCI 19
ai20 4 2032 CMedian 19
ai20 4 2032 CMean 19
ai20 4 2032 CStdn 4.92199e-06
ai20 4 2033 Cabc 39.4686
ai20 4 2033 Cofl 41.9846
ai20 4 2033 CLCI 19
ai20 4 2033 CUCI 19
ai20 4 2033 CMedian 19
ai20 4 2033 CMean 19
ai20 4 2033 CStdn 4.92379e-06
ai20 4 2034 Cabc 39.4686
ai20 4 2034 Cofl 41.9846
ai20 4 2034 CLCI 5.69701
ai20 4 2034 CUCI 31.3547
ai20 4 2034 CMedian 14.7465
ai20 4 2034 CMean 16.0955
ai20 4 2034 CStdn 8.36209
ai20 4 2020 SSBF100 169.979
ai20 4 2020 SSBFabc 67.9916
ai20 4 2020 SSBFofl 59.4927
ai20 4 2020 SSBLCI 82.0091
ai20 4 2020 SSBUCI 82.0091
ai20 4 2020 SSBMedian 82.0091
ai20 4 2020 SSBMean 82.0091
ai20 4 2021 SSBF100 169.979
ai20 4 2021 SSBFabc 67.9916
ai20 4 2021 SSBFofl 59.4927
ai20 4 2021 SSBLCI 82.0592
ai20 4 2021 SSBUCI 82.0613
ai20 4 2021 SSBMedian 82.0595
ai20 4 2021 SSBMean 82.0598
ai20 4 2022 SSBF100 169.979
ai20 4 2022 SSBFabc 67.9916
ai20 4 2022 SSBFofl 59.4927
ai20 4 2022 SSBLCI 81.6662
ai20 4 2022 SSBUCI 81.7103
ai20 4 2022 SSBMedian 81.6715
ai20 4 2022 SSBMean 81.6777
ai20 4 2023 SSBF100 169.979
ai20 4 2023 SSBFabc 67.9916
ai20 4 2023 SSBFofl 59.4927
ai20 4 2023 SSBLCI 83.0563
ai20 4 2023 SSBUCI 84.512
ai20 4 2023 SSBMedian 83.2236
ai20 4 2023 SSBMean 83.431
ai20 4 2024 SSBF100 169.979
ai20 4 2024 SSBFabc 67.9916
ai20 4 2024 SSBFofl 59.4927
ai20 4 2024 SSBLCI 79.2803
ai20 4 2024 SSBUCI 101.034
ai20 4 2024 SSBMedian 81.9605
ai20 4 2024 SSBMean 84.9765
ai20 4 2025 SSBF100 169.979
ai20 4 2025 SSBFabc 67.9916
ai20 4 2025 SSBFofl 59.4927
ai20 4 2025 SSBLCI 70.2928
ai20 4 2025 SSBUCI 123.754
ai20 4 2025 SSBMedian 79.6026
ai20 4 2025 SSBMean 86.1767
ai20 4 2026 SSBF100 169.979
ai20 4 2026 SSBFabc 67.9916
ai20 4 2026 SSBFofl 59.4927
ai20 4 2026 SSBLCI 61.6345
ai20 4 2026 SSBUCI 152.551
ai20 4 2026 SSBMedian 80.9727
ai20 4 2026 SSBMean 90.0448
ai20 4 2027 SSBF100 169.979
ai20 4 2027 SSBFabc 67.9916
ai20 4 2027 SSBFofl 59.4927
ai20 4 2027 SSBLCI 54.7434
ai20 4 2027 SSBUCI 171.651
ai20 4 2027 SSBMedian 84.81
ai20 4 2027 SSBMean 95.018
ai20 4 2028 SSBF100 169.979
ai20 4 2028 SSBFabc 67.9916
ai20 4 2028 SSBFofl 59.4927
ai20 4 2028 SSBLCI 49.5085
ai20 4 2028 SSBUCI 184.351
ai20 4 2028 SSBMedian 88.6864
ai20 4 2028 SSBMean 100.025
ai20 4 2029 SSBF100 169.979
ai20 4 2029 SSBFabc 67.9916
ai20 4 2029 SSBFofl 59.4927
ai20 4 2029 SSBLCI 45.5254
ai20 4 2029 SSBUCI 203.976
ai20 4 2029 SSBMedian 93.6234
ai20 4 2029 SSBMean 104.681
ai20 4 2030 SSBF100 169.979
ai20 4 2030 SSBFabc 67.9916
ai20 4 2030 SSBFofl 59.4927
ai20 4 2030 SSBLCI 45.8483
ai20 4 2030 SSBUCI 208.902
ai20 4 2030 SSBMedian 96.47
ai20 4 2030 SSBMean 108.672
ai20 4 2031 SSBF100 169.979
ai20 4 2031 SSBFabc 67.9916
ai20 4 2031 SSBFofl 59.4927
ai20 4 2031 SSBLCI 43.689
ai20 4 2031 SSBUCI 214.431
ai20 4 2031 SSBMedian 100.793
ai20 4 2031 SSBMean 111.803
ai20 4 2032 SSBF100 169.979
ai20 4 2032 SSBFabc 67.9916
ai20 4 2032 SSBFofl 59.4927
ai20 4 2032 SSBLCI 41.7235
ai20 4 2032 SSBUCI 218.968
ai20 4 2032 SSBMedian 102.749
ai20 4 2032 SSBMean 114.265
ai20 4 2033 SSBF100 169.979
ai20 4 2033 SSBFabc 67.9916
ai20 4 2033 SSBFofl 59.4927
ai20 4 2033 SSBLCI 40.3399
ai20 4 2033 SSBUCI 223.155
ai20 4 2033 SSBMedian 105.301
ai20 4 2033 SSBMean 115.676
ai20 4 2034 SSBF100 169.979
ai20 4 2034 SSBFabc 67.9916
ai20 4 2034 SSBFofl 59.4927
ai20 4 2034 SSBLCI 42.1158
ai20 4 2034 SSBUCI 225.082
ai20 4 2034 SSBMedian 107.571
ai20 4 2034 SSBMean 116.993
ai20 4 2020 F0 0 
ai20 4 2020 Fabc 0.272039
ai20 4 2020 Fofl 0.334037
ai20 4 2020  F_LCI 0.0172015
ai20 4 2020  F_UCI 0.0172015
ai20 4 2020  F_Median 0.0172015
ai20 4 2020  F_Mean 0.0172015
ai20 4 2021 F0 0 
ai20 4 2021 Fabc 0.272039
ai20 4 2021 Fofl 0.334037
ai20 4 2021  F_LCI 0.00889418
ai20 4 2021  F_UCI 0.00894418
ai20 4 2021  F_Median 0.00893864
ai20 4 2021  F_Mean 0.00893152
ai20 4 2022 F0 0 
ai20 4 2022 Fabc 0.272039
ai20 4 2022 Fofl 0.334037
ai20 4 2022  F_LCI 0.0120749
ai20 4 2022  F_UCI 0.0122788
ai20 4 2022  F_Median 0.0122456
ai20 4 2022  F_Mean 0.0122187
ai20 4 2023 F0 0 
ai20 4 2023 Fabc 0.272039
ai20 4 2023 Fofl 0.334037
ai20 4 2023  F_LCI 0.0118235
ai20 4 2023  F_UCI 0.0124037
ai20 4 2023  F_Median 0.0122936
ai20 4 2023  F_Mean 0.0122257
ai20 4 2024 F0 0 
ai20 4 2024 Fabc 0.272039
ai20 4 2024 Fofl 0.334037
ai20 4 2024  F_LCI 0.094804
ai20 4 2024  F_UCI 0.109752
ai20 4 2024  F_Median 0.106761
ai20 4 2024  F_Mean 0.105071
ai20 4 2025 F0 0 
ai20 4 2025 Fabc 0.272039
ai20 4 2025 Fofl 0.334037
ai20 4 2025  F_LCI 0.0820306
ai20 4 2025  F_UCI 0.119293
ai20 4 2025  F_Median 0.109838
ai20 4 2025  F_Mean 0.106456
ai20 4 2026 F0 0 
ai20 4 2026 Fabc 0.272039
ai20 4 2026 Fofl 0.334037
ai20 4 2026  F_LCI 0.0644799
ai20 4 2026  F_UCI 0.131805
ai20 4 2026  F_Median 0.108815
ai20 4 2026  F_Mean 0.10507
ai20 4 2027 F0 0 
ai20 4 2027 Fabc 0.272039
ai20 4 2027 Fofl 0.334037
ai20 4 2027  F_LCI 0.0519406
ai20 4 2027  F_UCI 0.149395
ai20 4 2027  F_Median 0.104741
ai20 4 2027  F_Mean 0.104067
ai20 4 2028 F0 0 
ai20 4 2028 Fabc 0.272039
ai20 4 2028 Fofl 0.334037
ai20 4 2028  F_LCI 0.0464249
ai20 4 2028  F_UCI 0.17104
ai20 4 2028  F_Median 0.0997446
ai20 4 2028  F_Mean 0.103175
ai20 4 2029 F0 0 
ai20 4 2029 Fabc 0.272039
ai20 4 2029 Fofl 0.334037
ai20 4 2029  F_LCI 0.0431951
ai20 4 2029  F_UCI 0.188266
ai20 4 2029  F_Median 0.0947974
ai20 4 2029  F_Mean 0.102052
ai20 4 2030 F0 0 
ai20 4 2030 Fabc 0.272039
ai20 4 2030 Fofl 0.334037
ai20 4 2030  F_LCI 0.0400501
ai20 4 2030  F_UCI 0.196678
ai20 4 2030  F_Median 0.0901217
ai20 4 2030  F_Mean 0.101065
ai20 4 2031 F0 0 
ai20 4 2031 Fabc 0.272039
ai20 4 2031 Fofl 0.334037
ai20 4 2031  F_LCI 0.039419
ai20 4 2031  F_UCI 0.199234
ai20 4 2031  F_Median 0.087675
ai20 4 2031  F_Mean 0.100404
ai20 4 2032 F0 0 
ai20 4 2032 Fabc 0.272039
ai20 4 2032 Fofl 0.334037
ai20 4 2032  F_LCI 0.0387839
ai20 4 2032  F_UCI 0.208961
ai20 4 2032  F_Median 0.0848918
ai20 4 2032  F_Mean 0.0999368
ai20 4 2033 F0 0 
ai20 4 2033 Fabc 0.272039
ai20 4 2033 Fofl 0.334037
ai20 4 2033  F_LCI 0.0377351
ai20 4 2033  F_UCI 0.213979
ai20 4 2033  F_Median 0.0825325
ai20 4 2033  F_Mean 0.0995214
ai20 4 2034 F0 0 
ai20 4 2034 Fabc 0.272039
ai20 4 2034 Fofl 0.334037
ai20 4 2034  F_LCI 0.0628887
ai20 4 2034  F_UCI 0.0628887
ai20 4 2034  F_Median 0.0628887
ai20 4 2034  F_Mean 0.061568
ai20 5 2020 Cabc 39.4686
ai20 5 2020 Cofl 41.9846
ai20 5 2020 CLCI 3.205
ai20 5 2020 CUCI 3.205
ai20 5 2020 CMedian 3.205
ai20 5 2020 CMean 3.205
ai20 5 2020 CStdn 4.66294e-14
ai20 5 2021 Cabc 39.4686
ai20 5 2021 Cofl 41.9846
ai20 5 2021 CLCI 1.656
ai20 5 2021 CUCI 1.656
ai20 5 2021 CMedian 1.656
ai20 5 2021 CMean 1.656
ai20 5 2021 CStdn 1.86968e-07
ai20 5 2022 Cabc 39.4686
ai20 5 2022 Cofl 41.9846
ai20 5 2022 CLCI 2.243
ai20 5 2022 CUCI 2.243
ai20 5 2022 CMedian 2.243
ai20 5 2022 CMean 2.243
ai20 5 2022 CStdn 2.69005e-08
ai20 5 2023 Cabc 39.4686
ai20 5 2023 Cofl 41.9846
ai20 5 2023 CLCI 2.243
ai20 5 2023 CUCI 2.243
ai20 5 2023 CMedian 2.243
ai20 5 2023 CMean 2.243
ai20 5 2023 CStdn 2.31098e-07
ai20 5 2024 Cabc 39.4686
ai20 5 2024 Cofl 41.9846
ai20 5 2024 CLCI 19
ai20 5 2024 CUCI 19
ai20 5 2024 CMedian 19
ai20 5 2024 CMean 19
ai20 5 2024 CStdn 9.00471e-07
ai20 5 2025 Cabc 39.4686
ai20 5 2025 Cofl 41.9846
ai20 5 2025 CLCI 19
ai20 5 2025 CUCI 19
ai20 5 2025 CMedian 19
ai20 5 2025 CMean 19
ai20 5 2025 CStdn 3.25545e-06
ai20 5 2026 Cabc 39.4686
ai20 5 2026 Cofl 41.9846
ai20 5 2026 CLCI 19
ai20 5 2026 CUCI 19
ai20 5 2026 CMedian 19
ai20 5 2026 CMean 19
ai20 5 2026 CStdn 4.32419e-06
ai20 5 2027 Cabc 39.4686
ai20 5 2027 Cofl 41.9846
ai20 5 2027 CLCI 19
ai20 5 2027 CUCI 19
ai20 5 2027 CMedian 19
ai20 5 2027 CMean 19
ai20 5 2027 CStdn 4.74177e-06
ai20 5 2028 Cabc 39.4686
ai20 5 2028 Cofl 41.9846
ai20 5 2028 CLCI 19
ai20 5 2028 CUCI 19
ai20 5 2028 CMedian 19
ai20 5 2028 CMean 19
ai20 5 2028 CStdn 4.91243e-06
ai20 5 2029 Cabc 39.4686
ai20 5 2029 Cofl 41.9846
ai20 5 2029 CLCI 19
ai20 5 2029 CUCI 19
ai20 5 2029 CMedian 19
ai20 5 2029 CMean 19
ai20 5 2029 CStdn 4.89877e-06
ai20 5 2030 Cabc 39.4686
ai20 5 2030 Cofl 41.9846
ai20 5 2030 CLCI 19
ai20 5 2030 CUCI 19
ai20 5 2030 CMedian 19
ai20 5 2030 CMean 19
ai20 5 2030 CStdn 4.85245e-06
ai20 5 2031 Cabc 39.4686
ai20 5 2031 Cofl 41.9846
ai20 5 2031 CLCI 19
ai20 5 2031 CUCI 19
ai20 5 2031 CMedian 19
ai20 5 2031 CMean 19
ai20 5 2031 CStdn 4.81027e-06
ai20 5 2032 Cabc 39.4686
ai20 5 2032 Cofl 41.9846
ai20 5 2032 CLCI 19
ai20 5 2032 CUCI 19
ai20 5 2032 CMedian 19
ai20 5 2032 CMean 19
ai20 5 2032 CStdn 4.92199e-06
ai20 5 2033 Cabc 39.4686
ai20 5 2033 Cofl 41.9846
ai20 5 2033 CLCI 19
ai20 5 2033 CUCI 19
ai20 5 2033 CMedian 19
ai20 5 2033 CMean 19
ai20 5 2033 CStdn 4.92379e-06
ai20 5 2034 Cabc 39.4686
ai20 5 2034 Cofl 41.9846
ai20 5 2034 CLCI 0
ai20 5 2034 CUCI 0
ai20 5 2034 CMedian 0
ai20 5 2034 CMean 0
ai20 5 2034 CStdn 0
ai20 5 2020 SSBF100 169.979
ai20 5 2020 SSBFabc 67.9916
ai20 5 2020 SSBFofl 59.4927
ai20 5 2020 SSBLCI 82.0091
ai20 5 2020 SSBUCI 82.0091
ai20 5 2020 SSBMedian 82.0091
ai20 5 2020 SSBMean 82.0091
ai20 5 2021 SSBF100 169.979
ai20 5 2021 SSBFabc 67.9916
ai20 5 2021 SSBFofl 59.4927
ai20 5 2021 SSBLCI 82.0592
ai20 5 2021 SSBUCI 82.0613
ai20 5 2021 SSBMedian 82.0595
ai20 5 2021 SSBMean 82.0598
ai20 5 2022 SSBF100 169.979
ai20 5 2022 SSBFabc 67.9916
ai20 5 2022 SSBFofl 59.4927
ai20 5 2022 SSBLCI 81.6662
ai20 5 2022 SSBUCI 81.7103
ai20 5 2022 SSBMedian 81.6715
ai20 5 2022 SSBMean 81.6777
ai20 5 2023 SSBF100 169.979
ai20 5 2023 SSBFabc 67.9916
ai20 5 2023 SSBFofl 59.4927
ai20 5 2023 SSBLCI 83.0563
ai20 5 2023 SSBUCI 84.512
ai20 5 2023 SSBMedian 83.2236
ai20 5 2023 SSBMean 83.431
ai20 5 2024 SSBF100 169.979
ai20 5 2024 SSBFabc 67.9916
ai20 5 2024 SSBFofl 59.4927
ai20 5 2024 SSBLCI 79.2803
ai20 5 2024 SSBUCI 101.034
ai20 5 2024 SSBMedian 81.9605
ai20 5 2024 SSBMean 84.9765
ai20 5 2025 SSBF100 169.979
ai20 5 2025 SSBFabc 67.9916
ai20 5 2025 SSBFofl 59.4927
ai20 5 2025 SSBLCI 70.2928
ai20 5 2025 SSBUCI 123.754
ai20 5 2025 SSBMedian 79.6026
ai20 5 2025 SSBMean 86.1767
ai20 5 2026 SSBF100 169.979
ai20 5 2026 SSBFabc 67.9916
ai20 5 2026 SSBFofl 59.4927
ai20 5 2026 SSBLCI 61.6345
ai20 5 2026 SSBUCI 152.551
ai20 5 2026 SSBMedian 80.9727
ai20 5 2026 SSBMean 90.0448
ai20 5 2027 SSBF100 169.979
ai20 5 2027 SSBFabc 67.9916
ai20 5 2027 SSBFofl 59.4927
ai20 5 2027 SSBLCI 54.7434
ai20 5 2027 SSBUCI 171.651
ai20 5 2027 SSBMedian 84.81
ai20 5 2027 SSBMean 95.018
ai20 5 2028 SSBF100 169.979
ai20 5 2028 SSBFabc 67.9916
ai20 5 2028 SSBFofl 59.4927
ai20 5 2028 SSBLCI 49.5085
ai20 5 2028 SSBUCI 184.351
ai20 5 2028 SSBMedian 88.6864
ai20 5 2028 SSBMean 100.025
ai20 5 2029 SSBF100 169.979
ai20 5 2029 SSBFabc 67.9916
ai20 5 2029 SSBFofl 59.4927
ai20 5 2029 SSBLCI 45.5254
ai20 5 2029 SSBUCI 203.976
ai20 5 2029 SSBMedian 93.6234
ai20 5 2029 SSBMean 104.681
ai20 5 2030 SSBF100 169.979
ai20 5 2030 SSBFabc 67.9916
ai20 5 2030 SSBFofl 59.4927
ai20 5 2030 SSBLCI 45.8483
ai20 5 2030 SSBUCI 208.902
ai20 5 2030 SSBMedian 96.47
ai20 5 2030 SSBMean 108.672
ai20 5 2031 SSBF100 169.979
ai20 5 2031 SSBFabc 67.9916
ai20 5 2031 SSBFofl 59.4927
ai20 5 2031 SSBLCI 43.689
ai20 5 2031 SSBUCI 214.431
ai20 5 2031 SSBMedian 100.793
ai20 5 2031 SSBMean 111.803
ai20 5 2032 SSBF100 169.979
ai20 5 2032 SSBFabc 67.9916
ai20 5 2032 SSBFofl 59.4927
ai20 5 2032 SSBLCI 41.7235
ai20 5 2032 SSBUCI 218.968
ai20 5 2032 SSBMedian 102.749
ai20 5 2032 SSBMean 114.265
ai20 5 2033 SSBF100 169.979
ai20 5 2033 SSBFabc 67.9916
ai20 5 2033 SSBFofl 59.4927
ai20 5 2033 SSBLCI 40.3399
ai20 5 2033 SSBUCI 223.155
ai20 5 2033 SSBMedian 105.301
ai20 5 2033 SSBMean 115.676
ai20 5 2034 SSBF100 169.979
ai20 5 2034 SSBFabc 67.9916
ai20 5 2034 SSBFofl 59.4927
ai20 5 2034 SSBLCI 43.2333
ai20 5 2034 SSBUCI 232.187
ai20 5 2034 SSBMedian 110.425
ai20 5 2034 SSBMean 120.512
ai20 5 2020 F0 0 
ai20 5 2020 Fabc 0.272039
ai20 5 2020 Fofl 0.334037
ai20 5 2020  F_LCI 0.0172015
ai20 5 2020  F_UCI 0.0172015
ai20 5 2020  F_Median 0.0172015
ai20 5 2020  F_Mean 0.0172015
ai20 5 2021 F0 0 
ai20 5 2021 Fabc 0.272039
ai20 5 2021 Fofl 0.334037
ai20 5 2021  F_LCI 0.00889418
ai20 5 2021  F_UCI 0.00894418
ai20 5 2021  F_Median 0.00893864
ai20 5 2021  F_Mean 0.00893152
ai20 5 2022 F0 0 
ai20 5 2022 Fabc 0.272039
ai20 5 2022 Fofl 0.334037
ai20 5 2022  F_LCI 0.0120749
ai20 5 2022  F_UCI 0.0122788
ai20 5 2022  F_Median 0.0122456
ai20 5 2022  F_Mean 0.0122187
ai20 5 2023 F0 0 
ai20 5 2023 Fabc 0.272039
ai20 5 2023 Fofl 0.334037
ai20 5 2023  F_LCI 0.0118235
ai20 5 2023  F_UCI 0.0124037
ai20 5 2023  F_Median 0.0122936
ai20 5 2023  F_Mean 0.0122257
ai20 5 2024 F0 0 
ai20 5 2024 Fabc 0.272039
ai20 5 2024 Fofl 0.334037
ai20 5 2024  F_LCI 0.094804
ai20 5 2024  F_UCI 0.109752
ai20 5 2024  F_Median 0.106761
ai20 5 2024  F_Mean 0.105071
ai20 5 2025 F0 0 
ai20 5 2025 Fabc 0.272039
ai20 5 2025 Fofl 0.334037
ai20 5 2025  F_LCI 0.0820306
ai20 5 2025  F_UCI 0.119293
ai20 5 2025  F_Median 0.109838
ai20 5 2025  F_Mean 0.106456
ai20 5 2026 F0 0 
ai20 5 2026 Fabc 0.272039
ai20 5 2026 Fofl 0.334037
ai20 5 2026  F_LCI 0.0644799
ai20 5 2026  F_UCI 0.131805
ai20 5 2026  F_Median 0.108815
ai20 5 2026  F_Mean 0.10507
ai20 5 2027 F0 0 
ai20 5 2027 Fabc 0.272039
ai20 5 2027 Fofl 0.334037
ai20 5 2027  F_LCI 0.0519406
ai20 5 2027  F_UCI 0.149395
ai20 5 2027  F_Median 0.104741
ai20 5 2027  F_Mean 0.104067
ai20 5 2028 F0 0 
ai20 5 2028 Fabc 0.272039
ai20 5 2028 Fofl 0.334037
ai20 5 2028  F_LCI 0.0464249
ai20 5 2028  F_UCI 0.17104
ai20 5 2028  F_Median 0.0997446
ai20 5 2028  F_Mean 0.103175
ai20 5 2029 F0 0 
ai20 5 2029 Fabc 0.272039
ai20 5 2029 Fofl 0.334037
ai20 5 2029  F_LCI 0.0431951
ai20 5 2029  F_UCI 0.188266
ai20 5 2029  F_Median 0.0947974
ai20 5 2029  F_Mean 0.102052
ai20 5 2030 F0 0 
ai20 5 2030 Fabc 0.272039
ai20 5 2030 Fofl 0.334037
ai20 5 2030  F_LCI 0.0400501
ai20 5 2030  F_UCI 0.196678
ai20 5 2030  F_Median 0.0901217
ai20 5 2030  F_Mean 0.101065
ai20 5 2031 F0 0 
ai20 5 2031 Fabc 0.272039
ai20 5 2031 Fofl 0.334037
ai20 5 2031  F_LCI 0.039419
ai20 5 2031  F_UCI 0.199234
ai20 5 2031  F_Median 0.087675
ai20 5 2031  F_Mean 0.100404
ai20 5 2032 F0 0 
ai20 5 2032 Fabc 0.272039
ai20 5 2032 Fofl 0.334037
ai20 5 2032  F_LCI 0.0387839
ai20 5 2032  F_UCI 0.208961
ai20 5 2032  F_Median 0.0848918
ai20 5 2032  F_Mean 0.0999368
ai20 5 2033 F0 0 
ai20 5 2033 Fabc 0.272039
ai20 5 2033 Fofl 0.334037
ai20 5 2033  F_LCI 0.0377351
ai20 5 2033  F_UCI 0.213979
ai20 5 2033  F_Median 0.0825325
ai20 5 2033  F_Mean 0.0995214
ai20 5 2034 F0 0 
ai20 5 2034 Fabc 0.272039
ai20 5 2034 Fofl 0.334037
ai20 5 2034  F_LCI 0
ai20 5 2034  F_UCI 0
ai20 5 2034  F_Median 0
ai20 5 2034  F_Mean 0
ai20 6 2020 Cabc 39.4686
ai20 6 2020 Cofl 41.9846
ai20 6 2020 CLCI 3.205
ai20 6 2020 CUCI 3.205
ai20 6 2020 CMedian 3.205
ai20 6 2020 CMean 3.205
ai20 6 2020 CStdn 4.66294e-14
ai20 6 2021 Cabc 39.4686
ai20 6 2021 Cofl 41.9846
ai20 6 2021 CLCI 54.0359
ai20 6 2021 CUCI 54.3807
ai20 6 2021 CMedian 54.0739
ai20 6 2021 CMean 54.1234
ai20 6 2021 CStdn 0.141398
ai20 6 2022 Cabc 39.4686
ai20 6 2022 Cofl 41.9846
ai20 6 2022 CLCI 34.4677
ai20 6 2022 CUCI 35.3087
ai20 6 2022 CMedian 34.6027
ai20 6 2022 CMean 34.7154
ai20 6 2022 CStdn 0.333716
ai20 6 2023 Cabc 39.4686
ai20 6 2023 Cofl 41.9846
ai20 6 2023 CLCI 26.1296
ai20 6 2023 CUCI 28.8587
ai20 6 2023 CMedian 26.5745
ai20 6 2023 CMean 26.9319
ai20 6 2023 CStdn 1.12644
ai20 6 2024 Cabc 39.4686
ai20 6 2024 Cofl 41.9846
ai20 6 2024 CLCI 21.8943
ai20 6 2024 CUCI 37.2954
ai20 6 2024 CMedian 23.9188
ai20 6 2024 CMean 25.8819
ai20 6 2024 CStdn 5.37465
ai20 6 2025 Cabc 39.4686
ai20 6 2025 Cofl 41.9846
ai20 6 2025 CLCI 18.4813
ai20 6 2025 CUCI 48.5521
ai20 6 2025 CMedian 24.2511
ai20 6 2025 CMean 28.0127
ai20 6 2025 CStdn 10.7198
ai20 6 2026 Cabc 39.4686
ai20 6 2026 Cofl 41.9846
ai20 6 2026 CLCI 15.9924
ai20 6 2026 CUCI 62.9833
ai20 6 2026 CMedian 27.3932
ai20 6 2026 CMean 32.0922
ai20 6 2026 CStdn 16.5321
ai20 6 2027 Cabc 39.4686
ai20 6 2027 Cofl 41.9846
ai20 6 2027 CLCI 13.9892
ai20 6 2027 CUCI 74.3335
ai20 6 2027 CMedian 30.8338
ai20 6 2027 CMean 35.9603
ai20 6 2027 CStdn 20.3027
ai20 6 2028 Cabc 39.4686
ai20 6 2028 Cofl 41.9846
ai20 6 2028 CLCI 12.9177
ai20 6 2028 CUCI 79.4648
ai20 6 2028 CMedian 33.5323
ai20 6 2028 CMean 38.6683
ai20 6 2028 CStdn 22.3671
ai20 6 2029 Cabc 39.4686
ai20 6 2029 Cofl 41.9846
ai20 6 2029 CLCI 13.3494
ai20 6 2029 CUCI 81.9683
ai20 6 2029 CMedian 34.8416
ai20 6 2029 CMean 40.1313
ai20 6 2029 CStdn 23.3739
ai20 6 2030 Cabc 39.4686
ai20 6 2030 Cofl 41.9846
ai20 6 2030 CLCI 13.33
ai20 6 2030 CUCI 83.7504
ai20 6 2030 CMedian 35.5381
ai20 6 2030 CMean 40.8825
ai20 6 2030 CStdn 23.7657
ai20 6 2031 Cabc 39.4686
ai20 6 2031 Cofl 41.9846
ai20 6 2031 CLCI 12.9108
ai20 6 2031 CUCI 83.8899
ai20 6 2031 CMedian 35.7837
ai20 6 2031 CMean 40.9952
ai20 6 2031 CStdn 23.6266
ai20 6 2032 Cabc 39.4686
ai20 6 2032 Cofl 41.9846
ai20 6 2032 CLCI 12.8748
ai20 6 2032 CUCI 82.3575
ai20 6 2032 CMedian 36.5646
ai20 6 2032 CMean 40.8459
ai20 6 2032 CStdn 22.9687
ai20 6 2033 Cabc 39.4686
ai20 6 2033 Cofl 41.9846
ai20 6 2033 CLCI 13.1653
ai20 6 2033 CUCI 82.7104
ai20 6 2033 CMedian 35.2718
ai20 6 2033 CMean 40.3896
ai20 6 2033 CStdn 22.6635
ai20 6 2034 Cabc 39.4686
ai20 6 2034 Cofl 41.9846
ai20 6 2034 CLCI 13.1747
ai20 6 2034 CUCI 82.4036
ai20 6 2034 CMedian 34.536
ai20 6 2034 CMean 39.9543
ai20 6 2034 CStdn 22.5763
ai20 6 2020 SSBF100 169.979
ai20 6 2020 SSBFabc 67.9916
ai20 6 2020 SSBFofl 59.4927
ai20 6 2020 SSBLCI 82.0091
ai20 6 2020 SSBUCI 82.0091
ai20 6 2020 SSBMedian 82.0091
ai20 6 2020 SSBMean 82.0091
ai20 6 2021 SSBF100 169.979
ai20 6 2021 SSBFabc 67.9916
ai20 6 2021 SSBFofl 59.4927
ai20 6 2021 SSBLCI 69.7015
ai20 6 2021 SSBUCI 69.7015
ai20 6 2021 SSBMedian 69.7015
ai20 6 2021 SSBMean 69.7015
ai20 6 2022 SSBF100 169.979
ai20 6 2022 SSBFabc 67.9916
ai20 6 2022 SSBFofl 59.4927
ai20 6 2022 SSBLCI 56.0675
ai20 6 2022 SSBUCI 56.0962
ai20 6 2022 SSBMedian 56.0706
ai20 6 2022 SSBMean 56.0748
ai20 6 2023 SSBF100 169.979
ai20 6 2023 SSBFabc 67.9916
ai20 6 2023 SSBFofl 59.4927
ai20 6 2023 SSBLCI 50.3121
ai20 6 2023 SSBUCI 51.5508
ai20 6 2023 SSBMedian 50.452
ai20 6 2023 SSBMean 50.6299
ai20 6 2024 SSBF100 169.979
ai20 6 2024 SSBFabc 67.9916
ai20 6 2024 SSBFofl 59.4927
ai20 6 2024 SSBLCI 46.3029
ai20 6 2024 SSBUCI 64.2894
ai20 6 2024 SSBMedian 48.4971
ai20 6 2024 SSBMean 51.0413
ai20 6 2025 SSBF100 169.979
ai20 6 2025 SSBFabc 67.9916
ai20 6 2025 SSBFofl 59.4927
ai20 6 2025 SSBLCI 41.5908
ai20 6 2025 SSBUCI 83.7403
ai20 6 2025 SSBMedian 48.9098
ai20 6 2025 SSBMean 53.954
ai20 6 2026 SSBF100 169.979
ai20 6 2026 SSBFabc 67.9916
ai20 6 2026 SSBFofl 59.4927
ai20 6 2026 SSBLCI 38.0215
ai20 6 2026 SSBUCI 102.671
ai20 6 2026 SSBMedian 51.7261
ai20 6 2026 SSBMean 58.0373
ai20 6 2027 SSBF100 169.979
ai20 6 2027 SSBFabc 67.9916
ai20 6 2027 SSBFofl 59.4927
ai20 6 2027 SSBLCI 35.9006
ai20 6 2027 SSBUCI 111.031
ai20 6 2027 SSBMedian 55.058
ai20 6 2027 SSBMean 61.5681
ai20 6 2028 SSBF100 169.979
ai20 6 2028 SSBFabc 67.9916
ai20 6 2028 SSBFofl 59.4927
ai20 6 2028 SSBLCI 35.3686
ai20 6 2028 SSBUCI 116.323
ai20 6 2028 SSBMedian 56.3522
ai20 6 2028 SSBMean 63.9827
ai20 6 2029 SSBF100 169.979
ai20 6 2029 SSBFabc 67.9916
ai20 6 2029 SSBFofl 59.4927
ai20 6 2029 SSBLCI 35.8795
ai20 6 2029 SSBUCI 118.05
ai20 6 2029 SSBMedian 57.9573
ai20 6 2029 SSBMean 65.3038
ai20 6 2030 SSBF100 169.979
ai20 6 2030 SSBFabc 67.9916
ai20 6 2030 SSBFofl 59.4927
ai20 6 2030 SSBLCI 35.8199
ai20 6 2030 SSBUCI 119.019
ai20 6 2030 SSBMedian 58.3946
ai20 6 2030 SSBMean 65.8415
ai20 6 2031 SSBF100 169.979
ai20 6 2031 SSBFabc 67.9916
ai20 6 2031 SSBFofl 59.4927
ai20 6 2031 SSBLCI 35.6038
ai20 6 2031 SSBUCI 117.244
ai20 6 2031 SSBMedian 58.9826
ai20 6 2031 SSBMean 65.8583
ai20 6 2032 SSBF100 169.979
ai20 6 2032 SSBFabc 67.9916
ai20 6 2032 SSBFofl 59.4927
ai20 6 2032 SSBLCI 35.3126
ai20 6 2032 SSBUCI 118.545
ai20 6 2032 SSBMedian 58.8015
ai20 6 2032 SSBMean 65.7004
ai20 6 2033 SSBF100 169.979
ai20 6 2033 SSBFabc 67.9916
ai20 6 2033 SSBFofl 59.4927
ai20 6 2033 SSBLCI 35.8413
ai20 6 2033 SSBUCI 118.067
ai20 6 2033 SSBMedian 57.9055
ai20 6 2033 SSBMean 65.1255
ai20 6 2034 SSBF100 169.979
ai20 6 2034 SSBFabc 67.9916
ai20 6 2034 SSBFofl 59.4927
ai20 6 2034 SSBLCI 35.6579
ai20 6 2034 SSBUCI 116.376
ai20 6 2034 SSBMedian 57.7811
ai20 6 2034 SSBMean 64.4541
ai20 6 2020 F0 0 
ai20 6 2020 Fabc 0.272039
ai20 6 2020 Fofl 0.334037
ai20 6 2020  F_LCI 0.0172015
ai20 6 2020  F_UCI 0.0172015
ai20 6 2020  F_Median 0.0172015
ai20 6 2020  F_Mean 0.0172015
ai20 6 2021 F0 0 
ai20 6 2021 Fabc 0.272039
ai20 6 2021 Fofl 0.334037
ai20 6 2021  F_LCI 0.334037
ai20 6 2021  F_UCI 0.334037
ai20 6 2021  F_Median 0.334037
ai20 6 2021  F_Mean 0.334037
ai20 6 2022 F0 0 
ai20 6 2022 Fabc 0.272039
ai20 6 2022 Fofl 0.334037
ai20 6 2022  F_LCI 0.272372
ai20 6 2022  F_UCI 0.272522
ai20 6 2022  F_Median 0.272389
ai20 6 2022  F_Mean 0.27241
ai20 6 2023 F0 0 
ai20 6 2023 Fabc 0.272039
ai20 6 2023 Fofl 0.334037
ai20 6 2023  F_LCI 0.242553
ai20 6 2023  F_UCI 0.248971
ai20 6 2023  F_Median 0.243278
ai20 6 2023  F_Mean 0.2442
ai20 6 2024 F0 0 
ai20 6 2024 Fabc 0.272039
ai20 6 2024 Fofl 0.334037
ai20 6 2024  F_LCI 0.221805
ai20 6 2024  F_UCI 0.314962
ai20 6 2024  F_Median 0.233167
ai20 6 2024  F_Mean 0.24401
ai20 6 2025 F0 0 
ai20 6 2025 Fabc 0.272039
ai20 6 2025 Fofl 0.334037
ai20 6 2025  F_LCI 0.197426
ai20 6 2025  F_UCI 0.334037
ai20 6 2025  F_Median 0.235308
ai20 6 2025  F_Mean 0.24891
ai20 6 2026 F0 0 
ai20 6 2026 Fabc 0.272039
ai20 6 2026 Fofl 0.334037
ai20 6 2026  F_LCI 0.178966
ai20 6 2026  F_UCI 0.334037
ai20 6 2026  F_Median 0.249895
ai20 6 2026  F_Mean 0.256853
ai20 6 2027 F0 0 
ai20 6 2027 Fabc 0.272039
ai20 6 2027 Fofl 0.334037
ai20 6 2027  F_LCI 0.167999
ai20 6 2027  F_UCI 0.334037
ai20 6 2027  F_Median 0.267142
ai20 6 2027  F_Mean 0.265357
ai20 6 2028 F0 0 
ai20 6 2028 Fabc 0.272039
ai20 6 2028 Fofl 0.334037
ai20 6 2028  F_LCI 0.165262
ai20 6 2028  F_UCI 0.334037
ai20 6 2028  F_Median 0.273848
ai20 6 2028  F_Mean 0.2698
ai20 6 2029 F0 0 
ai20 6 2029 Fabc 0.272039
ai20 6 2029 Fofl 0.334037
ai20 6 2029  F_LCI 0.167926
ai20 6 2029  F_UCI 0.334037
ai20 6 2029  F_Median 0.282161
ai20 6 2029  F_Mean 0.271883
ai20 6 2030 F0 0 
ai20 6 2030 Fabc 0.272039
ai20 6 2030 Fofl 0.334037
ai20 6 2030  F_LCI 0.167558
ai20 6 2030  F_UCI 0.334037
ai20 6 2030  F_Median 0.284437
ai20 6 2030  F_Mean 0.273942
ai20 6 2031 F0 0 
ai20 6 2031 Fabc 0.272039
ai20 6 2031 Fofl 0.334037
ai20 6 2031  F_LCI 0.166476
ai20 6 2031  F_UCI 0.334037
ai20 6 2031  F_Median 0.287487
ai20 6 2031  F_Mean 0.27436
ai20 6 2032 F0 0 
ai20 6 2032 Fabc 0.272039
ai20 6 2032 Fofl 0.334037
ai20 6 2032  F_LCI 0.164967
ai20 6 2032  F_UCI 0.334037
ai20 6 2032  F_Median 0.286555
ai20 6 2032  F_Mean 0.274501
ai20 6 2033 F0 0 
ai20 6 2033 Fabc 0.272039
ai20 6 2033 Fofl 0.334037
ai20 6 2033  F_LCI 0.167666
ai20 6 2033  F_UCI 0.334037
ai20 6 2033  F_Median 0.281904
ai20 6 2033  F_Mean 0.273008
ai20 6 2034 F0 0 
ai20 6 2034 Fabc 0.272039
ai20 6 2034 Fofl 0.334037
ai20 6 2034  F_LCI 0.166759
ai20 6 2034  F_UCI 0.334037
ai20 6 2034  F_Median 0.281244
ai20 6 2034  F_Mean 0.27234
ai20 7 2020 Cabc 39.4686
ai20 7 2020 Cofl 41.9846
ai20 7 2020 CLCI 3.205
ai20 7 2020 CUCI 3.205
ai20 7 2020 CMedian 3.205
ai20 7 2020 CMean 3.205
ai20 7 2020 CStdn 4.66294e-14
ai20 7 2021 Cabc 39.4686
ai20 7 2021 Cofl 41.9846
ai20 7 2021 CLCI 45.1259
ai20 7 2021 CUCI 45.4069
ai20 7 2021 CMedian 45.1569
ai20 7 2021 CMean 45.1972
ai20 7 2021 CStdn 0.115199
ai20 7 2022 Cabc 39.4686
ai20 7 2022 Cofl 41.9846
ai20 7 2022 CLCI 31.9543
ai20 7 2022 CUCI 32.6878
ai20 7 2022 CMedian 32.0719
ai20 7 2022 CMean 32.1703
ai20 7 2022 CStdn 0.291041
ai20 7 2023 Cabc 39.4686
ai20 7 2023 Cofl 41.9846
ai20 7 2023 CLCI 29.4248
ai20 7 2023 CUCI 32.3104
ai20 7 2023 CMedian 29.8959
ai20 7 2023 CMean 30.2734
ai20 7 2023 CStdn 1.18896
ai20 7 2024 Cabc 39.4686
ai20 7 2024 Cofl 41.9846
ai20 7 2024 CLCI 23.5942
ai20 7 2024 CUCI 39.4206
ai20 7 2024 CMedian 25.6857
ai20 7 2024 CMean 27.6613
ai20 7 2024 CStdn 5.37366
ai20 7 2025 Cabc 39.4686
ai20 7 2025 Cofl 41.9846
ai20 7 2025 CLCI 19.3478
ai20 7 2025 CUCI 49.2376
ai20 7 2025 CMedian 25.2053
ai20 7 2025 CMean 28.9399
ai20 7 2025 CStdn 10.6959
ai20 7 2026 Cabc 39.4686
ai20 7 2026 Cofl 41.9846
ai20 7 2026 CLCI 16.4325
ai20 7 2026 CUCI 63.4996
ai20 7 2026 CMedian 27.8842
ai20 7 2026 CMean 32.556
ai20 7 2026 CStdn 16.5216
ai20 7 2027 Cabc 39.4686
ai20 7 2027 Cofl 41.9846
ai20 7 2027 CLCI 14.202
ai20 7 2027 CUCI 74.4995
ai20 7 2027 CMedian 31.1044
ai20 7 2027 CMean 36.1745
ai20 7 2027 CStdn 20.3005
ai20 7 2028 Cabc 39.4686
ai20 7 2028 Cofl 41.9846
ai20 7 2028 CLCI 13.0184
ai20 7 2028 CUCI 79.5241
ai20 7 2028 CMedian 33.6445
ai20 7 2028 CMean 38.7574
ai20 7 2028 CStdn 22.3657
ai20 7 2029 Cabc 39.4686
ai20 7 2029 Cofl 41.9846
ai20 7 2029 CLCI 13.4125
ai20 7 2029 CUCI 81.9927
ai20 7 2029 CMedian 34.8563
ai20 7 2029 CMean 40.1617
ai20 7 2029 CStdn 23.3709
ai20 7 2030 Cabc 39.4686
ai20 7 2030 Cofl 41.9846
ai20 7 2030 CLCI 13.3421
ai20 7 2030 CUCI 83.7415
ai20 7 2030 CMedian 35.5234
ai20 7 2030 CMean 40.8894
ai20 7 2030 CStdn 23.7633
ai20 7 2031 Cabc 39.4686
ai20 7 2031 Cofl 41.9846
ai20 7 2031 CLCI 12.9068
ai20 7 2031 CUCI 83.8747
ai20 7 2031 CMedian 35.7782
ai20 7 2031 CMean 40.9944
ai20 7 2031 CStdn 23.6254
ai20 7 2032 Cabc 39.4686
ai20 7 2032 Cofl 41.9846
ai20 7 2032 CLCI 12.8709
ai20 7 2032 CUCI 82.3529
ai20 7 2032 CMedian 36.5607
ai20 7 2032 CMean 40.8436
ai20 7 2032 CStdn 22.9679
ai20 7 2033 Cabc 39.4686
ai20 7 2033 Cofl 41.9846
ai20 7 2033 CLCI 13.1643
ai20 7 2033 CUCI 82.7077
ai20 7 2033 CMedian 35.2681
ai20 7 2033 CMean 40.3875
ai20 7 2033 CStdn 22.663
ai20 7 2034 Cabc 39.4686
ai20 7 2034 Cofl 41.9846
ai20 7 2034 CLCI 13.1778
ai20 7 2034 CUCI 82.4006
ai20 7 2034 CMedian 34.5329
ai20 7 2034 CMean 39.953
ai20 7 2034 CStdn 22.576
ai20 7 2020 SSBF100 169.979
ai20 7 2020 SSBFabc 67.9916
ai20 7 2020 SSBFofl 59.4927
ai20 7 2020 SSBLCI 82.0091
ai20 7 2020 SSBUCI 82.0091
ai20 7 2020 SSBMedian 82.0091
ai20 7 2020 SSBMean 82.0091
ai20 7 2021 SSBF100 169.979
ai20 7 2021 SSBFabc 67.9916
ai20 7 2021 SSBFofl 59.4927
ai20 7 2021 SSBLCI 71.8952
ai20 7 2021 SSBUCI 71.8952
ai20 7 2021 SSBMedian 71.8952
ai20 7 2021 SSBMean 71.8952
ai20 7 2022 SSBF100 169.979
ai20 7 2022 SSBFabc 67.9916
ai20 7 2022 SSBFofl 59.4927
ai20 7 2022 SSBLCI 59.725
ai20 7 2022 SSBUCI 59.7543
ai20 7 2022 SSBMedian 59.7283
ai20 7 2022 SSBMean 59.7325
ai20 7 2023 SSBF100 169.979
ai20 7 2023 SSBFabc 67.9916
ai20 7 2023 SSBFofl 59.4927
ai20 7 2023 SSBLCI 53.0981
ai20 7 2023 SSBUCI 54.33
ai20 7 2023 SSBMedian 53.2373
ai20 7 2023 SSBMean 53.4142
ai20 7 2024 SSBF100 169.979
ai20 7 2024 SSBFabc 67.9916
ai20 7 2024 SSBFofl 59.4927
ai20 7 2024 SSBLCI 47.9018
ai20 7 2024 SSBUCI 65.8045
ai20 7 2024 SSBMedian 50.0854
ai20 7 2024 SSBMean 52.6269
ai20 7 2025 SSBF100 169.979
ai20 7 2025 SSBFabc 67.9916
ai20 7 2025 SSBFofl 59.4927
ai20 7 2025 SSBLCI 42.4901
ai20 7 2025 SSBUCI 84.5651
ai20 7 2025 SSBMedian 49.7654
ai20 7 2025 SSBMean 54.819
ai20 7 2026 SSBF100 169.979
ai20 7 2026 SSBFabc 67.9916
ai20 7 2026 SSBFofl 59.4927
ai20 7 2026 SSBLCI 38.5182
ai20 7 2026 SSBUCI 103.335
ai20 7 2026 SSBMedian 52.1185
ai20 7 2026 SSBMean 58.4845
ai20 7 2027 SSBF100 169.979
ai20 7 2027 SSBFabc 67.9916
ai20 7 2027 SSBFofl 59.4927
ai20 7 2027 SSBLCI 36.1618
ai20 7 2027 SSBUCI 111.282
ai20 7 2027 SSBMedian 55.2333
ai20 7 2027 SSBMean 61.7822
ai20 7 2028 SSBF100 169.979
ai20 7 2028 SSBFabc 67.9916
ai20 7 2028 SSBFofl 59.4927
ai20 7 2028 SSBLCI 35.5039
ai20 7 2028 SSBUCI 116.4
ai20 7 2028 SSBMedian 56.4225
ai20 7 2028 SSBMean 64.0744
ai20 7 2029 SSBF100 169.979
ai20 7 2029 SSBFabc 67.9916
ai20 7 2029 SSBFofl 59.4927
ai20 7 2029 SSBLCI 35.9572
ai20 7 2029 SSBUCI 118.08
ai20 7 2029 SSBMedian 57.9653
ai20 7 2029 SSBMean 65.3377
ai20 7 2030 SSBF100 169.979
ai20 7 2030 SSBFabc 67.9916
ai20 7 2030 SSBFofl 59.4927
ai20 7 2030 SSBLCI 35.8152
ai20 7 2030 SSBUCI 119.017
ai20 7 2030 SSBMedian 58.3873
ai20 7 2030 SSBMean 65.8508
ai20 7 2031 SSBF100 169.979
ai20 7 2031 SSBFabc 67.9916
ai20 7 2031 SSBFofl 59.4927
ai20 7 2031 SSBLCI 35.6067
ai20 7 2031 SSBUCI 117.233
ai20 7 2031 SSBMedian 58.9744
ai20 7 2031 SSBMean 65.8587
ai20 7 2032 SSBF100 169.979
ai20 7 2032 SSBFabc 67.9916
ai20 7 2032 SSBFofl 59.4927
ai20 7 2032 SSBLCI 35.3101
ai20 7 2032 SSBUCI 118.536
ai20 7 2032 SSBMedian 58.7979
ai20 7 2032 SSBMean 65.6986
ai20 7 2033 SSBF100 169.979
ai20 7 2033 SSBFabc 67.9916
ai20 7 2033 SSBFofl 59.4927
ai20 7 2033 SSBLCI 35.8382
ai20 7 2033 SSBUCI 118.072
ai20 7 2033 SSBMedian 57.9045
ai20 7 2033 SSBMean 65.1237
ai20 7 2034 SSBF100 169.979
ai20 7 2034 SSBFabc 67.9916
ai20 7 2034 SSBFofl 59.4927
ai20 7 2034 SSBLCI 35.6569
ai20 7 2034 SSBUCI 116.375
ai20 7 2034 SSBMedian 57.7793
ai20 7 2034 SSBMean 64.4529
ai20 7 2020 F0 0 
ai20 7 2020 Fabc 0.272039
ai20 7 2020 Fofl 0.334037
ai20 7 2020  F_LCI 0.0172015
ai20 7 2020  F_UCI 0.0172015
ai20 7 2020  F_Median 0.0172015
ai20 7 2020  F_Mean 0.0172015
ai20 7 2021 F0 0 
ai20 7 2021 Fabc 0.272039
ai20 7 2021 Fofl 0.334037
ai20 7 2021  F_LCI 0.272039
ai20 7 2021  F_UCI 0.272039
ai20 7 2021  F_Median 0.272039
ai20 7 2021  F_Mean 0.272039
ai20 7 2022 F0 0 
ai20 7 2022 Fabc 0.272039
ai20 7 2022 Fofl 0.334037
ai20 7 2022  F_LCI 0.237151
ai20 7 2022  F_UCI 0.237275
ai20 7 2022  F_Median 0.237165
ai20 7 2022  F_Mean 0.237183
ai20 7 2023 F0 0 
ai20 7 2023 Fabc 0.272039
ai20 7 2023 Fofl 0.334037
ai20 7 2023  F_LCI 0.256981
ai20 7 2023  F_UCI 0.263366
ai20 7 2023  F_Median 0.257703
ai20 7 2023  F_Mean 0.25862
ai20 7 2024 F0 0 
ai20 7 2024 Fabc 0.272039
ai20 7 2024 Fofl 0.334037
ai20 7 2024  F_LCI 0.230077
ai20 7 2024  F_UCI 0.32282
ai20 7 2024  F_Median 0.241386
ai20 7 2024  F_Mean 0.251886
ai20 7 2025 F0 0 
ai20 7 2025 Fabc 0.272039
ai20 7 2025 Fofl 0.334037
ai20 7 2025  F_LCI 0.202075
ai20 7 2025  F_UCI 0.334037
ai20 7 2025  F_Median 0.239735
ai20 7 2025  F_Mean 0.252796
ai20 7 2026 F0 0 
ai20 7 2026 Fabc 0.272039
ai20 7 2026 Fofl 0.334037
ai20 7 2026  F_LCI 0.181533
ai20 7 2026  F_UCI 0.334037
ai20 7 2026  F_Median 0.251912
ai20 7 2026  F_Mean 0.258666
ai20 7 2027 F0 0 
ai20 7 2027 Fabc 0.272039
ai20 7 2027 Fofl 0.334037
ai20 7 2027  F_LCI 0.169349
ai20 7 2027  F_UCI 0.334037
ai20 7 2027  F_Median 0.26805
ai20 7 2027  F_Mean 0.266145
ai20 7 2028 F0 0 
ai20 7 2028 Fabc 0.272039
ai20 7 2028 Fofl 0.334037
ai20 7 2028  F_LCI 0.165961
ai20 7 2028  F_UCI 0.334037
ai20 7 2028  F_Median 0.274214
ai20 7 2028  F_Mean 0.270121
ai20 7 2029 F0 0 
ai20 7 2029 Fabc 0.272039
ai20 7 2029 Fofl 0.334037
ai20 7 2029  F_LCI 0.168327
ai20 7 2029  F_UCI 0.334037
ai20 7 2029  F_Median 0.282211
ai20 7 2029  F_Mean 0.271998
ai20 7 2030 F0 0 
ai20 7 2030 Fabc 0.272039
ai20 7 2030 Fofl 0.334037
ai20 7 2030  F_LCI 0.167559
ai20 7 2030  F_UCI 0.334037
ai20 7 2030  F_Median 0.2844
ai20 7 2030  F_Mean 0.273976
ai20 7 2031 F0 0 
ai20 7 2031 Fabc 0.272039
ai20 7 2031 Fofl 0.334037
ai20 7 2031  F_LCI 0.166491
ai20 7 2031  F_UCI 0.334037
ai20 7 2031  F_Median 0.287444
ai20 7 2031  F_Mean 0.274364
ai20 7 2032 F0 0 
ai20 7 2032 Fabc 0.272039
ai20 7 2032 Fofl 0.334037
ai20 7 2032  F_LCI 0.164954
ai20 7 2032  F_UCI 0.334037
ai20 7 2032  F_Median 0.286537
ai20 7 2032  F_Mean 0.274498
ai20 7 2033 F0 0 
ai20 7 2033 Fabc 0.272039
ai20 7 2033 Fofl 0.334037
ai20 7 2033  F_LCI 0.16765
ai20 7 2033  F_UCI 0.334037
ai20 7 2033  F_Median 0.281899
ai20 7 2033  F_Mean 0.273003
ai20 7 2034 F0 0 
ai20 7 2034 Fabc 0.272039
ai20 7 2034 Fofl 0.334037
ai20 7 2034  F_LCI 0.166753
ai20 7 2034  F_UCI 0.334037
ai20 7 2034  F_Median 0.281234
ai20 7 2034  F_Mean 0.272337
