Stock Alt Year Catch ABC OFL SSB TotBiom
Model_1_goa_re_2021.dat 1 2023 2.023 0.72914 0.875631 7.68781 24.4221
Model_1_goa_re_2021.dat 1 2024 2.024 0.662395 0.795489 6.98524 22.7212
Model_1_goa_re_2021.dat 1 2025 0 0.602704 0.723819 6.63667 21.0618
Model_1_goa_re_2021.dat 1 2026 0.624173 0.624173 0.749602 6.66937 21.4722
Model_1_goa_re_2021.dat 1 2027 0.630738 0.630738 0.757458 6.56793 21.2675
Model_1_goa_re_2021.dat 1 2028 0.615866 0.615866 0.739602 6.46944 21.0745
Model_1_goa_re_2021.dat 1 2029 0.601669 0.601669 0.722561 6.37249 20.9161
Model_1_goa_re_2021.dat 1 2030 0.591117 0.591117 0.709894 6.27776 20.789
Model_1_goa_re_2021.dat 1 2031 0.582698 0.582698 0.699788 6.18708 20.6881
Model_1_goa_re_2021.dat 1 2032 0.575195 0.575195 0.690781 6.10524 20.6109
Model_1_goa_re_2021.dat 1 2033 0.569624 0.569624 0.684095 6.02755 20.5545
Model_1_goa_re_2021.dat 1 2034 0.565768 0.565768 0.679455 5.96416 20.5163
Model_1_goa_re_2021.dat 1 2035 0.562178 0.562178 0.67388 5.91474 20.4907
Model_1_goa_re_2021.dat 1 2036 0.558603 0.558603 0.669264 5.88342 20.4757
Model_1_goa_re_2021.dat 2 2023 2.023 0.72914 0.875631 7.68781 24.4221
Model_1_goa_re_2021.dat 2 2024 2.024 0.662395 0.795489 6.98524 22.7212
Model_1_goa_re_2021.dat 2 2025 0 0.602704 0.723819 6.63667 21.0618
Model_1_goa_re_2021.dat 2 2026 0.624173 0.624173 0.749602 6.66937 21.4722
Model_1_goa_re_2021.dat 2 2027 0.630738 0.630738 0.757458 6.56793 21.2675
Model_1_goa_re_2021.dat 2 2028 0.615866 0.615866 0.739602 6.46944 21.0745
Model_1_goa_re_2021.dat 2 2029 0.601669 0.601669 0.722561 6.37249 20.9161
Model_1_goa_re_2021.dat 2 2030 0.591117 0.591117 0.709894 6.27776 20.789
Model_1_goa_re_2021.dat 2 2031 0.582698 0.582698 0.699788 6.18708 20.6881
Model_1_goa_re_2021.dat 2 2032 0.575195 0.575195 0.690781 6.10524 20.6109
Model_1_goa_re_2021.dat 2 2033 0.569624 0.569624 0.684095 6.02755 20.5545
Model_1_goa_re_2021.dat 2 2034 0.565768 0.565768 0.679455 5.96416 20.5163
Model_1_goa_re_2021.dat 2 2035 0.562178 0.562178 0.67388 5.91474 20.4907
Model_1_goa_re_2021.dat 2 2036 0.558603 0.558603 0.669264 5.88342 20.4757
Model_1_goa_re_2021.dat 3 2023 2.023 0.72914 0.875631 7.68781 24.4221
Model_1_goa_re_2021.dat 3 2024 2.024 0.662395 0.795489 6.98524 22.7212
Model_1_goa_re_2021.dat 3 2025 0 0.602704 0.723819 6.63667 21.0618
Model_1_goa_re_2021.dat 3 2026 0.427042 0.624173 0.749602 6.70255 21.4722
Model_1_goa_re_2021.dat 3 2027 0.436443 0.637875 0.766027 6.6789 21.4649
Model_1_goa_re_2021.dat 3 2028 0.431 0.629925 0.756485 6.65603 21.4632
Model_1_goa_re_2021.dat 3 2029 0.425692 0.622177 0.747188 6.63169 21.4832
Model_1_goa_re_2021.dat 3 2030 0.422577 0.61763 0.741732 6.60621 21.522
Model_1_goa_re_2021.dat 3 2031 0.42066 0.614832 0.738375 6.58123 21.5759
Model_1_goa_re_2021.dat 3 2032 0.419127 0.612597 0.735694 6.56169 21.6436
Model_1_goa_re_2021.dat 3 2033 0.418695 0.611968 0.734942 6.54237 21.7226
Model_1_goa_re_2021.dat 3 2034 0.419234 0.612759 0.735894 6.53435 21.8115
Model_1_goa_re_2021.dat 3 2035 0.420555 0.614691 0.738215 6.53733 21.9053
Model_1_goa_re_2021.dat 3 2036 0.422657 0.617764 0.741906 6.55561 22.0018
Model_1_goa_re_2021.dat 4 2023 2.023 0.72914 0.875631 7.68781 24.4221
Model_1_goa_re_2021.dat 4 2024 2.024 0.662395 0.795489 6.98524 22.7212
Model_1_goa_re_2021.dat 4 2025 0 0.602704 0.723819 6.63667 21.0618
Model_1_goa_re_2021.dat 4 2026 2.1399e-06 0.624173 0.749602 6.7737 21.4722
Model_1_goa_re_2021.dat 4 2027 2.24034e-06 0.65334 0.784598 6.92133 21.8924
Model_1_goa_re_2021.dat 4 2028 2.26644e-06 0.660962 0.793755 7.0714 22.3208
Model_1_goa_re_2021.dat 4 2029 2.2915e-06 0.668294 0.802566 7.21962 22.7574
Model_1_goa_re_2021.dat 4 2030 2.32594e-06 0.678352 0.814648 7.36517 23.1989
Model_1_goa_re_2021.dat 4 2031 2.36505e-06 0.689763 0.828352 7.50892 23.6436
Model_1_goa_re_2021.dat 4 2032 2.4048e-06 0.701366 0.842289 7.65567 24.091
Model_1_goa_re_2021.dat 4 2033 2.44888e-06 0.714227 0.857736 7.79848 24.5391
Model_1_goa_re_2021.dat 4 2034 2.49673e-06 0.728185 0.874499 7.95013 24.9874
Model_1_goa_re_2021.dat 4 2035 2.54747e-06 0.742983 0.892269 8.11045 25.4319
Model_1_goa_re_2021.dat 4 2036 2.60122e-06 0.758653 0.911087 8.28489 25.8713
Model_1_goa_re_2021.dat 5 2023 2.023 0.72914 0.875631 7.68781 24.4221
Model_1_goa_re_2021.dat 5 2024 2.024 0.662395 0.795489 6.98524 22.7212
Model_1_goa_re_2021.dat 5 2025 0 0.602704 0.723819 6.63667 21.0618
Model_1_goa_re_2021.dat 5 2026 0 0.624173 0.749602 6.7737 21.4722
Model_1_goa_re_2021.dat 5 2027 0 0.65334 0.784598 6.92133 21.8924
Model_1_goa_re_2021.dat 5 2028 0 0.660962 0.793755 7.07141 22.3208
Model_1_goa_re_2021.dat 5 2029 0 0.668295 0.802566 7.21962 22.7574
Model_1_goa_re_2021.dat 5 2030 0 0.678353 0.814648 7.36518 23.1989
Model_1_goa_re_2021.dat 5 2031 0 0.689763 0.828353 7.50892 23.6436
Model_1_goa_re_2021.dat 5 2032 0 0.701366 0.84229 7.65568 24.091
Model_1_goa_re_2021.dat 5 2033 0 0.714228 0.857737 7.79848 24.5391
Model_1_goa_re_2021.dat 5 2034 0 0.728186 0.874499 7.95014 24.9875
Model_1_goa_re_2021.dat 5 2035 0 0.742983 0.89227 8.11046 25.4319
Model_1_goa_re_2021.dat 5 2036 0 0.758654 0.911088 8.2849 25.8713
Model_1_goa_re_2021.dat 6 2023 0.87563 0.72914 0.875631 7.89054 24.4221
Model_1_goa_re_2021.dat 6 2024 0.845147 0.703749 0.845148 7.66119 23.8678
Model_1_goa_re_2021.dat 6 2025 0.823573 0.685776 0.823573 7.44117 23.3651
Model_1_goa_re_2021.dat 6 2026 0.812146 0.676257 0.812146 7.24582 22.9072
Model_1_goa_re_2021.dat 6 2027 0.81069 0.675068 0.81069 7.06384 22.483
Model_1_goa_re_2021.dat 6 2028 0.783844 0.652709 0.783844 6.88675 22.081
Model_1_goa_re_2021.dat 6 2029 0.758475 0.631577 0.758475 6.71406 21.7285
Model_1_goa_re_2021.dat 6 2030 0.738087 0.614595 0.738087 6.54716 21.4217
Model_1_goa_re_2021.dat 6 2031 0.720752 0.600157 0.720752 6.38816 21.1541
Model_1_goa_re_2021.dat 6 2032 0.704985 0.587024 0.704985 6.24213 20.9223
Model_1_goa_re_2021.dat 6 2033 0.69201 0.576216 0.69201 6.10367 20.7228
Model_1_goa_re_2021.dat 6 2034 0.681543 0.567498 0.681543 5.98286 20.5521
Model_1_goa_re_2021.dat 6 2035 0.669184 0.558515 0.669184 5.88051 20.4035
Model_1_goa_re_2021.dat 6 2036 0.654333 0.546469 0.654333 5.80126 20.2773
Model_1_goa_re_2021.dat 7 2023 0.729139 0.72914 0.875631 7.91592 24.4221
Model_1_goa_re_2021.dat 7 2024 0.709032 0.709032 0.851493 7.74449 24.0142
Model_1_goa_re_2021.dat 7 2025 0.835703 0.695878 0.835703 7.55406 23.6448
Model_1_goa_re_2021.dat 7 2026 0.82355 0.685755 0.82355 7.35346 23.1693
Model_1_goa_re_2021.dat 7 2027 0.821409 0.683995 0.821409 7.16611 22.7282
Model_1_goa_re_2021.dat 7 2028 0.793874 0.661062 0.793874 6.98354 22.3101
Model_1_goa_re_2021.dat 7 2029 0.767854 0.639387 0.767854 6.80534 21.9423
Model_1_goa_re_2021.dat 7 2030 0.746848 0.621891 0.746848 6.63299 21.6209
Model_1_goa_re_2021.dat 7 2031 0.728924 0.606963 0.728924 6.46866 21.3395
Model_1_goa_re_2021.dat 7 2032 0.712594 0.59336 0.712594 6.31751 21.0948
Model_1_goa_re_2021.dat 7 2033 0.699085 0.582108 0.699085 6.174 20.8831
Model_1_goa_re_2021.dat 7 2034 0.688114 0.57297 0.688114 6.04834 20.7009
Model_1_goa_re_2021.dat 7 2035 0.678986 0.565572 0.678986 5.94077 20.5416
Model_1_goa_re_2021.dat 7 2036 0.66559 0.555621 0.66559 5.85542 20.4016
