Alternative 1 Catch
     Model_1_goa_re_2021.dat 
Equil_Fabc 0.574153 
Year 
2022 2.022 
2023 2.023 
2024 2.024 
2025  NA 
2026 0.624173 
2027 0.630738 
2028 0.615866 
2029 0.601669 
2030 0.591117 
2031 0.582698 
2032 0.575195 
2033 0.569624 
2034 0.565768 
2035 0.562178 
2036 0.558603 

Alternative 1 ABCs
     Model_1_goa_re_2021.dat 

Year 
2022 0.791748 
2023 0.72914 
2024 0.662395 
2025 0.602704 
2026 0.624173 
2027 0.630738 
2028 0.615866 
2029 0.601669 
2030 0.591117 
2031 0.582698 
2032 0.575195 
2033 0.569624 
2034 0.565768 
2035 0.562178 
2036 0.558603 

Alternative 1 TACs
     Model_1_goa_re_2021.dat 

Year 
2022  NA 
2023  NA 
2024  NA 
2025  NA 
2026 0.624173 
2027 0.630738 
2028 0.615866 
2029 0.601669 
2030 0.591117 
2031 0.582698 
2032 0.575195 
2033 0.569624 
2034 0.565768 
2035 0.562178 
2036 0.558603 

Alternative 1 Sp_Biomass
     Model_1_goa_re_2021.dat 
Equil_Fabc 5.91051 
Year 
2022 8.3975 
2023 7.68781 
2024 6.98524 
2025 6.63667 
2026 6.66937 
2027 6.56793 
2028 6.46944 
2029 6.37249 
2030 6.27776 
2031 6.18708 
2032 6.10524 
2033 6.02755 
2034 5.96416 
2035 5.91474 
2036 5.88342 

Alternative 1 Fishing Mortality
     Model_1_goa_re_2021.dat 
Equil_Fabc 0.0381281 
Year 
2022 0.100323 
2023 0.109469 
2024 0.121214 
2025  NA 
2026 0.0381281 
2027 0.0381281 
2028 0.0381281 
2029 0.0381281 
2030 0.0381281 
2031 0.0381281 
2032 0.0381281 
2033 0.0381281 
2034 0.0381281 
2035 0.0380487 
2036 0.0378691 

Alternative 1 Biomass
     Model_1_goa_re_2021.dat 

Year 
2022 26.1606 
2023 24.4221 
2024 22.7212 
2025 21.0618 
2026 21.4722 
2027 21.2675 
2028 21.0745 
2029 20.9161 
2030 20.789 
2031 20.6881 
2032 20.6109 
2033 20.5545 
2034 20.5163 
2035 20.4907 
2036 20.4757 

Alternative 1 Implied SPR rate 
     Model_1_goa_re_2021.dat 
Equil_Fabc 0.4 
Year 
2022 0.173462 
2023 0.158137 
2024 0.141477 
2025 1 
2026 0.4 
2027 0.4 
2028 0.4 
2029 0.4 
2030 0.4 
2031 0.4 
2032 0.4 
2033 0.4 
2034 0.4 
2035 0.400568 
2036 0.401859 

  Model_1_goa_re_2021.dat 
EquilAvgAgeF0  24.2723 
EquilAvgAgeFabc  15.4863 
AvgAgeYr2036 276.412 
Alternative 2 Catch
     Model_1_goa_re_2021.dat 
Equil_Fabc 0.574153 
Year 
2022 2.022 
2023 2.023 
2024 2.024 
2025  NA 
2026 0.624173 
2027 0.630738 
2028 0.615866 
2029 0.601669 
2030 0.591117 
2031 0.582698 
2032 0.575195 
2033 0.569624 
2034 0.565768 
2035 0.562178 
2036 0.558603 

Alternative 2 ABCs
     Model_1_goa_re_2021.dat 

Year 
2022 0.791748 
2023 0.72914 
2024 0.662395 
2025 0.602704 
2026 0.624173 
2027 0.630738 
2028 0.615866 
2029 0.601669 
2030 0.591117 
2031 0.582698 
2032 0.575195 
2033 0.569624 
2034 0.565768 
2035 0.562178 
2036 0.558603 

Alternative 2 TACs
     Model_1_goa_re_2021.dat 

Year 
2022  NA 
2023  NA 
2024  NA 
2025  NA 
2026 0.624173 
2027 0.630738 
2028 0.615866 
2029 0.601669 
2030 0.591117 
2031 0.582698 
2032 0.575195 
2033 0.569624 
2034 0.565768 
2035 0.562178 
2036 0.558603 

Alternative 2 Sp_Biomass
     Model_1_goa_re_2021.dat 
Equil_Fabc 5.91051 
Year 
2022 8.3975 
2023 7.68781 
2024 6.98524 
2025 6.63667 
2026 6.66937 
2027 6.56793 
2028 6.46944 
2029 6.37249 
2030 6.27776 
2031 6.18708 
2032 6.10524 
2033 6.02755 
2034 5.96416 
2035 5.91474 
2036 5.88342 

Alternative 2 Fishing Mortality
     Model_1_goa_re_2021.dat 
Equil_Fabc 0.0381281 
Year 
2022 0.100323 
2023 0.109469 
2024 0.121214 
2025  NA 
2026 0.0381281 
2027 0.0381281 
2028 0.0381281 
2029 0.0381281 
2030 0.0381281 
2031 0.0381281 
2032 0.0381281 
2033 0.0381281 
2034 0.0381281 
2035 0.0380487 
2036 0.0378691 

Alternative 2 Biomass
     Model_1_goa_re_2021.dat 

Year 
2022 26.1606 
2023 24.4221 
2024 22.7212 
2025 21.0618 
2026 21.4722 
2027 21.2675 
2028 21.0745 
2029 20.9161 
2030 20.789 
2031 20.6881 
2032 20.6109 
2033 20.5545 
2034 20.5163 
2035 20.4907 
2036 20.4757 

Alternative 2 Implied SPR rate 
     Model_1_goa_re_2021.dat 
Equil_Fabc 0.4 
Year 
2022 0.173462 
2023 0.158137 
2024 0.141477 
2025 1 
2026 0.4 
2027 0.4 
2028 0.4 
2029 0.4 
2030 0.4 
2031 0.4 
2032 0.4 
2033 0.4 
2034 0.4 
2035 0.400568 
2036 0.401859 

  Model_1_goa_re_2021.dat 
EquilAvgAgeF0  24.2723 
EquilAvgAgeFabc  15.4863 
AvgAgeYr2036 276.412 
Alternative 3 Catch
     Model_1_goa_re_2021.dat 
Equil_Fabc 0.574153 
Year 
2022 2.022 
2023 2.023 
2024 2.024 
2025  NA 
2026 0.427042 
2027 0.436443 
2028 0.431 
2029 0.425692 
2030 0.422577 
2031 0.42066 
2032 0.419127 
2033 0.418695 
2034 0.419234 
2035 0.420555 
2036 0.422657 

Alternative 3 ABCs
     Model_1_goa_re_2021.dat 

Year 
2022 0.791748 
2023 0.72914 
2024 0.662395 
2025 0.602704 
2026 0.624173 
2027 0.637875 
2028 0.629925 
2029 0.622177 
2030 0.61763 
2031 0.614832 
2032 0.612597 
2033 0.611968 
2034 0.612759 
2035 0.614691 
2036 0.617764 

Alternative 3 TACs
     Model_1_goa_re_2021.dat 

Year 
2022  NA 
2023  NA 
2024  NA 
2025  NA 
2026 0.427042 
2027 0.436443 
2028 0.431 
2029 0.425692 
2030 0.422577 
2031 0.42066 
2032 0.419127 
2033 0.418695 
2034 0.419234 
2035 0.420555 
2036 0.422657 

Alternative 3 Sp_Biomass
     Model_1_goa_re_2021.dat 
Equil_Fabc 5.91051 
Year 
2022 8.3975 
2023 7.68781 
2024 6.98524 
2025 6.63667 
2026 6.70255 
2027 6.6789 
2028 6.65603 
2029 6.63169 
2030 6.60621 
2031 6.58123 
2032 6.56169 
2033 6.54237 
2034 6.53435 
2035 6.53733 
2036 6.55561 

Alternative 3 Fishing Mortality
     Model_1_goa_re_2021.dat 
Equil_Fabc 0.0381281 
Year 
2022 0.100323 
2023 0.109469 
2024 0.121214 
2025  NA 
2026 0.0259344 
2027 0.0259344 
2028 0.0259344 
2029 0.0259344 
2030 0.0259344 
2031 0.0259344 
2032 0.0259344 
2033 0.0259344 
2034 0.0259344 
2035 0.0259344 
2036 0.0259344 

Alternative 3 Biomass
     Model_1_goa_re_2021.dat 

Year 
2022 26.1606 
2023 24.4221 
2024 22.7212 
2025 21.0618 
2026 21.4722 
2027 21.4649 
2028 21.4632 
2029 21.4832 
2030 21.522 
2031 21.5759 
2032 21.6436 
2033 21.7226 
2034 21.8115 
2035 21.9053 
2036 22.0018 

Alternative 3 Implied SPR rate 
     Model_1_goa_re_2021.dat 
Equil_Fabc 0.4 
Year 
2022 0.173462 
2023 0.158137 
2024 0.141477 
2025 1 
2026 0.505871 
2027 0.505871 
2028 0.505871 
2029 0.505871 
2030 0.505871 
2031 0.505871 
2032 0.505871 
2033 0.505871 
2034 0.505871 
2035 0.505871 
2036 0.505871 

  Model_1_goa_re_2021.dat 
EquilAvgAgeF0  24.2723 
EquilAvgAgeFabc  15.4863 
AvgAgeYr2036 281.649 
Alternative 4 Catch
     Model_1_goa_re_2021.dat 
Equil_Fabc 0.574153 
Year 
2022 2.022 
2023 2.023 
2024 2.024 
2025  NA 
2026 2.1399e-06 
2027 2.24034e-06 
2028 2.26644e-06 
2029 2.2915e-06 
2030 2.32594e-06 
2031 2.36505e-06 
2032 2.4048e-06 
2033 2.44888e-06 
2034 2.49673e-06 
2035 2.54747e-06 
2036 2.60122e-06 

Alternative 4 ABCs
     Model_1_goa_re_2021.dat 

Year 
2022 0.791748 
2023 0.72914 
2024 0.662395 
2025 0.602704 
2026 0.624173 
2027 0.65334 
2028 0.660962 
2029 0.668294 
2030 0.678352 
2031 0.689763 
2032 0.701366 
2033 0.714227 
2034 0.728185 
2035 0.742983 
2036 0.758653 

Alternative 4 TACs
     Model_1_goa_re_2021.dat 

Year 
2022  NA 
2023  NA 
2024  NA 
2025  NA 
2026 2.1399e-06 
2027 2.24034e-06 
2028 2.26644e-06 
2029 2.2915e-06 
2030 2.32594e-06 
2031 2.36505e-06 
2032 2.4048e-06 
2033 2.44888e-06 
2034 2.49673e-06 
2035 2.54747e-06 
2036 2.60122e-06 

Alternative 4 Sp_Biomass
     Model_1_goa_re_2021.dat 
Equil_Fabc 5.91051 
Year 
2022 8.3975 
2023 7.68781 
2024 6.98524 
2025 6.63667 
2026 6.7737 
2027 6.92133 
2028 7.0714 
2029 7.21962 
2030 7.36517 
2031 7.50892 
2032 7.65567 
2033 7.79848 
2034 7.95013 
2035 8.11045 
2036 8.28489 

Alternative 4 Fishing Mortality
     Model_1_goa_re_2021.dat 
Equil_Fabc 0.0381281 
Year 
2022 0.100323 
2023 0.109469 
2024 0.121214 
2025  NA 
2026  NA 
2027  NA 
2028  NA 
2029  NA 
2030  NA 
2031  NA 
2032  NA 
2033  NA 
2034  NA 
2035  NA 
2036  NA 

Alternative 4 Biomass
     Model_1_goa_re_2021.dat 

Year 
2022 26.1606 
2023 24.4221 
2024 22.7212 
2025 21.0618 
2026 21.4722 
2027 21.8924 
2028 22.3208 
2029 22.7574 
2030 23.1989 
2031 23.6436 
2032 24.091 
2033 24.5391 
2034 24.9874 
2035 25.4319 
2036 25.8713 

Alternative 4 Implied SPR rate 
     Model_1_goa_re_2021.dat 
Equil_Fabc 0.4 
Year 
2022 0.173462 
2023 0.158137 
2024 0.141477 
2025 1 
2026 0.999996 
2027 0.999996 
2028 0.999996 
2029 0.999996 
2030 0.999996 
2031 0.999996 
2032 0.999996 
2033 0.999996 
2034 0.999996 
2035 0.999996 
2036 0.999996 

  Model_1_goa_re_2021.dat 
EquilAvgAgeF0  24.2723 
EquilAvgAgeFabc  15.4863 
AvgAgeYr2036 293.209 
Alternative 5 Catch
     Model_1_goa_re_2021.dat 
Equil_Fabc 0.574153 
Year 
2022 2.022 
2023 2.023 
2024 2.024 
2025  NA 
2026  NA 
2027  NA 
2028  NA 
2029  NA 
2030  NA 
2031  NA 
2032  NA 
2033  NA 
2034  NA 
2035  NA 
2036  NA 

Alternative 5 ABCs
     Model_1_goa_re_2021.dat 

Year 
2022 0.791748 
2023 0.72914 
2024 0.662395 
2025 0.602704 
2026 0.624173 
2027 0.65334 
2028 0.660962 
2029 0.668295 
2030 0.678353 
2031 0.689763 
2032 0.701366 
2033 0.714228 
2034 0.728186 
2035 0.742983 
2036 0.758654 

Alternative 5 TACs
     Model_1_goa_re_2021.dat 

Year 
2022  NA 
2023  NA 
2024  NA 
2025  NA 
2026  NA 
2027  NA 
2028  NA 
2029  NA 
2030  NA 
2031  NA 
2032  NA 
2033  NA 
2034  NA 
2035  NA 
2036  NA 

Alternative 5 Sp_Biomass
     Model_1_goa_re_2021.dat 
Equil_Fabc 5.91051 
Year 
2022 8.3975 
2023 7.68781 
2024 6.98524 
2025 6.63667 
2026 6.7737 
2027 6.92133 
2028 7.07141 
2029 7.21962 
2030 7.36518 
2031 7.50892 
2032 7.65568 
2033 7.79848 
2034 7.95014 
2035 8.11046 
2036 8.2849 

Alternative 5 Fishing Mortality
     Model_1_goa_re_2021.dat 
Equil_Fabc 0.0381281 
Year 
2022 0.100323 
2023 0.109469 
2024 0.121214 
2025  NA 
2026  NA 
2027  NA 
2028  NA 
2029  NA 
2030  NA 
2031  NA 
2032  NA 
2033  NA 
2034  NA 
2035  NA 
2036  NA 

Alternative 5 Biomass
     Model_1_goa_re_2021.dat 

Year 
2022 26.1606 
2023 24.4221 
2024 22.7212 
2025 21.0618 
2026 21.4722 
2027 21.8924 
2028 22.3208 
2029 22.7574 
2030 23.1989 
2031 23.6436 
2032 24.091 
2033 24.5391 
2034 24.9875 
2035 25.4319 
2036 25.8713 

Alternative 5 Implied SPR rate 
     Model_1_goa_re_2021.dat 
Equil_Fabc 0.4 
Year 
2022 0.173462 
2023 0.158137 
2024 0.141477 
2025 1 
2026 1 
2027 1 
2028 1 
2029 1 
2030 1 
2031 1 
2032 1 
2033 1 
2034 1 
2035 1 
2036 1 

  Model_1_goa_re_2021.dat 
EquilAvgAgeF0  24.2723 
EquilAvgAgeFabc  15.4863 
AvgAgeYr2036 293.209 
Alternative 6 Catch
     Model_1_goa_re_2021.dat 
Equil_Fabc 0.574153 
Year 
2022 2.022 
2023 0.87563 
2024 0.845147 
2025 0.823573 
2026 0.812146 
2027 0.81069 
2028 0.783844 
2029 0.758475 
2030 0.738087 
2031 0.720752 
2032 0.704985 
2033 0.69201 
2034 0.681543 
2035 0.669184 
2036 0.654333 

Alternative 6 ABCs
     Model_1_goa_re_2021.dat 

Year 
2022 0.791748 
2023 0.72914 
2024 0.703749 
2025 0.685776 
2026 0.676257 
2027 0.675068 
2028 0.652709 
2029 0.631577 
2030 0.614595 
2031 0.600157 
2032 0.587024 
2033 0.576216 
2034 0.567498 
2035 0.558515 
2036 0.546469 

Alternative 6 TACs
     Model_1_goa_re_2021.dat 

Year 
2022  NA 
2023 0.875631 
2024 0.845148 
2025 0.823573 
2026 0.812146 
2027 0.81069 
2028 0.783844 
2029 0.758475 
2030 0.738087 
2031 0.720752 
2032 0.704985 
2033 0.69201 
2034 0.681543 
2035 0.669184 
2036 0.654333 

Alternative 6 Sp_Biomass
     Model_1_goa_re_2021.dat 
Equil_Fabc 5.91051 
Year 
2022 8.3975 
2023 7.89054 
2024 7.66119 
2025 7.44117 
2026 7.24582 
2027 7.06384 
2028 6.88675 
2029 6.71406 
2030 6.54716 
2031 6.38816 
2032 6.24213 
2033 6.10367 
2034 5.98286 
2035 5.88051 
2036 5.80126 

Alternative 6 Fishing Mortality
     Model_1_goa_re_2021.dat 
Equil_Fabc 0.0381281 
Year 
2022 0.100323 
2023 0.0459617 
2024 0.0459617 
2025 0.0459617 
2026 0.0459618 
2027 0.0459618 
2028 0.0459618 
2029 0.0459618 
2030 0.0459618 
2031 0.0459618 
2032 0.0459618 
2033 0.0459618 
2034 0.0459618 
2035 0.045681 
2036 0.0450598 

Alternative 6 Biomass
     Model_1_goa_re_2021.dat 

Year 
2022 26.1606 
2023 24.4221 
2024 23.8678 
2025 23.3651 
2026 22.9072 
2027 22.483 
2028 22.081 
2029 21.7285 
2030 21.4217 
2031 21.1541 
2032 20.9223 
2033 20.7228 
2034 20.5521 
2035 20.4035 
2036 20.2773 

Alternative 6 Implied SPR rate 
     Model_1_goa_re_2021.dat 
Equil_Fabc 0.4 
Year 
2022 0.173462 
2023 0.35 
2024 0.35 
2025 0.35 
2026 0.35 
2027 0.35 
2028 0.35 
2029 0.35 
2030 0.35 
2031 0.35 
2032 0.35 
2033 0.35 
2034 0.35 
2035 0.351613 
2036 0.355227 

  Model_1_goa_re_2021.dat 
EquilAvgAgeF0  24.2723 
EquilAvgAgeFabc  15.4863 
AvgAgeYr2036 280.951 
Alternative 7 Catch
     Model_1_goa_re_2021.dat 
Equil_Fabc 0.574153 
Year 
2022 2.022 
2023 0.729139 
2024 0.709032 
2025 0.835703 
2026 0.82355 
2027 0.821409 
2028 0.793874 
2029 0.767854 
2030 0.746848 
2031 0.728924 
2032 0.712594 
2033 0.699085 
2034 0.688114 
2035 0.678986 
2036 0.66559 

Alternative 7 ABCs
     Model_1_goa_re_2021.dat 

Year 
2022 0.791748 
2023 0.72914 
2024 0.709032 
2025 0.695878 
2026 0.685755 
2027 0.683995 
2028 0.661062 
2029 0.639387 
2030 0.621891 
2031 0.606963 
2032 0.59336 
2033 0.582108 
2034 0.57297 
2035 0.565572 
2036 0.555621 

Alternative 7 TACs
     Model_1_goa_re_2021.dat 

Year 
2022  NA 
2023 0.875631 
2024 0.851493 
2025 0.835703 
2026 0.82355 
2027 0.821409 
2028 0.793874 
2029 0.767854 
2030 0.746848 
2031 0.728924 
2032 0.712594 
2033 0.699085 
2034 0.688114 
2035 0.678986 
2036 0.66559 

Alternative 7 Sp_Biomass
     Model_1_goa_re_2021.dat 
Equil_Fabc 5.91051 
Year 
2022 8.3975 
2023 7.91592 
2024 7.74449 
2025 7.55406 
2026 7.35346 
2027 7.16611 
2028 6.98354 
2029 6.80534 
2030 6.63299 
2031 6.46866 
2032 6.31751 
2033 6.174 
2034 6.04834 
2035 5.94077 
2036 5.85542 

Alternative 7 Fishing Mortality
     Model_1_goa_re_2021.dat 
Equil_Fabc 0.0381281 
Year 
2022 0.100323 
2023 0.0381281 
2024 0.0381281 
2025 0.0459617 
2026 0.0459618 
2027 0.0459618 
2028 0.0459618 
2029 0.0459618 
2030 0.0459618 
2031 0.0459618 
2032 0.0459618 
2033 0.0459618 
2034 0.0459618 
2035 0.0459408 
2036 0.0454705 

Alternative 7 Biomass
     Model_1_goa_re_2021.dat 

Year 
2022 26.1606 
2023 24.4221 
2024 24.0142 
2025 23.6448 
2026 23.1693 
2027 22.7282 
2028 22.3101 
2029 21.9423 
2030 21.6209 
2031 21.3395 
2032 21.0948 
2033 20.8831 
2034 20.7009 
2035 20.5416 
2036 20.4016 

Alternative 7 Implied SPR rate 
     Model_1_goa_re_2021.dat 
Equil_Fabc 0.4 
Year 
2022 0.173462 
2023 0.4 
2024 0.4 
2025 0.35 
2026 0.35 
2027 0.35 
2028 0.35 
2029 0.35 
2030 0.35 
2031 0.35 
2032 0.35 
2033 0.35 
2034 0.35 
2035 0.350119 
2036 0.352834 

  Model_1_goa_re_2021.dat 
EquilAvgAgeF0  24.2723 
EquilAvgAgeFabc  15.4863 
AvgAgeYr2036 282.227 
