Alternative 1 Catch
     ai20 
Equil_Fabc 41.2434 
Year 
2020 3.205 
2021 1.656 
2022 19 
2023 19 
2024 19 
2025 19 
2026 19 
2027 19 
2028 19 
2029 19 
2030 19 
2031 19 
2032 19 
2033 19 
2034 70.2003 

Alternative 1 ABCs
     ai20 

Year 
2020 51.6715 
2021 51.1964 
2022 50.7522 
2023 47.1551 
2024 45.5345 
2025 45.9343 
2026 48.5717 
2027 52.5676 
2028 56.967 
2029 60.6786 
2030 63.7578 
2031 66.1436 
2032 68.0055 
2033 69.2982 
2034 70.2003 

Alternative 1 TACs
     ai20 

Year 
2020  NA 
2021  NA 
2022  NA 
2023  NA 
2024  NA 
2025  NA 
2026  NA 
2027  NA 
2028  NA 
2029  NA 
2030  NA 
2031  NA 
2032  NA 
2033  NA 
2034 70.2003 

Alternative 1 Sp_Biomass
     ai20 
Equil_Fabc 74.1899 
Year 
2020 90.0294 
2021 89.8293 
2022 88.2937 
2023 83.8386 
2024 83.9649 
2025 86.7171 
2026 92.3425 
2027 99.0621 
2028 105.716 
2029 111.837 
2030 117.076 
2031 121.257 
2032 124.597 
2033 126.682 
2034 123.981 

Alternative 1 Fishing Mortality
     ai20 
Equil_Fabc 0.31335 
Year 
2020 0.0172015 
2021 0.00893152 
2022 0.107784 
2023 0.116695 
2024 0.121985 
2025 0.121578 
2026 0.117962 
2027 0.11506 
2028 0.11256 
2029 0.109992 
2030 0.107798 
2031 0.10617 
2032 0.104892 
2033 0.103724 
2034 0.293271 

Alternative 1 Biomass
     ai20 

Year 
2020 282.589 
2021 292.783 
2022 308.525 
2023 315.214 
2024 328.62 
2025 345.16 
2026 363.224 
2027 380.831 
2028 395.859 
2029 408.937 
2030 418.359 
2031 425.694 
2032 431.734 
2033 436.27 
2034 440.686 

Alternative 1 Implied SPR rate 
     ai20 
Equil_Fabc 0.4 
Year 
2020 0.92296 
2021 0.958461 
2022 0.656985 
2023 0.638979 
2024 0.629015 
2025 0.631006 
2026 0.640699 
2027 0.65028 
2028 0.659789 
2029 0.668487 
2030 0.675686 
2031 0.681429 
2032 0.686182 
2033 0.689783 
2034 0.425303 

  ai20 
EquilAvgAgeF0  5.06443 
EquilAvgAgeFabc  3.48285 
AvgAgeYr2034 4.30093 
Alternative 2 Catch
     ai20 
Equil_Fabc 41.2434 
Year 
2020 3.205 
2021 1.656 
2022 19 
2023 19 
2024 19 
2025 19 
2026 19 
2027 19 
2028 19 
2029 19 
2030 19 
2031 19 
2032 19 
2033 19 
2034 70.2003 

Alternative 2 ABCs
     ai20 

Year 
2020 0.0516715 
2021 0.0511529 
2022 0.0505464 
2023 0.0465595 
2024 0.0439028 
2025 0.0410315 
2026 0.0380884 
2027 0.0418226 
2028 0.0474168 
2029 0.0570978 
2030 0.0676471 
2031 0.0771551 
2032 0.0841048 
2033 0.0879951 
2034 0.0895509 

Alternative 2 TACs
     ai20 

Year 
2020  NA 
2021  NA 
2022  NA 
2023  NA 
2024  NA 
2025  NA 
2026  NA 
2027  NA 
2028  NA 
2029  NA 
2030  NA 
2031  NA 
2032  NA 
2033  NA 
2034 70.2003 

Alternative 2 Sp_Biomass
     ai20 
Equil_Fabc 74.1899 
Year 
2020 90.0294 
2021 89.8293 
2022 88.2937 
2023 83.8386 
2024 83.9649 
2025 86.7171 
2026 92.3425 
2027 99.0621 
2028 105.716 
2029 111.837 
2030 117.076 
2031 121.257 
2032 124.597 
2033 126.682 
2034 123.981 

Alternative 2 Fishing Mortality
     ai20 
Equil_Fabc 0.31335 
Year 
2020 0.0172015 
2021 0.00893152 
2022 0.107784 
2023 0.116695 
2024 0.121985 
2025 0.121578 
2026 0.117962 
2027 0.11506 
2028 0.11256 
2029 0.109992 
2030 0.107798 
2031 0.10617 
2032 0.104892 
2033 0.103724 
2034 0.293271 

Alternative 2 Biomass
     ai20 

Year 
2020 282.589 
2021 292.783 
2022 308.525 
2023 315.214 
2024 328.62 
2025 345.16 
2026 363.224 
2027 380.831 
2028 395.859 
2029 408.937 
2030 418.359 
2031 425.694 
2032 431.734 
2033 436.27 
2034 440.686 

Alternative 2 Implied SPR rate 
     ai20 
Equil_Fabc 0.4 
Year 
2020 0.92296 
2021 0.958461 
2022 0.656985 
2023 0.638979 
2024 0.629015 
2025 0.631006 
2026 0.640699 
2027 0.65028 
2028 0.659789 
2029 0.668487 
2030 0.675686 
2031 0.681429 
2032 0.686182 
2033 0.689783 
2034 0.425303 

  ai20 
EquilAvgAgeF0  5.06443 
EquilAvgAgeFabc  3.48285 
AvgAgeYr2034 4.30093 
Alternative 3 Catch
     ai20 
Equil_Fabc 41.2434 
Year 
2020 3.205 
2021 1.656 
2022 19 
2023 19 
2024 19 
2025 19 
2026 19 
2027 19 
2028 19 
2029 19 
2030 19 
2031 19 
2032 19 
2033 19 
2034 5.33304 

Alternative 3 ABCs
     ai20 

Year 
2020 51.6715 
2021 51.1964 
2022 50.7522 
2023 47.1551 
2024 45.5345 
2025 45.9343 
2026 48.5717 
2027 52.5676 
2028 56.967 
2029 60.6786 
2030 63.7578 
2031 66.1436 
2032 68.0055 
2033 69.2982 
2034 70.2003 

Alternative 3 TACs
     ai20 

Year 
2020  NA 
2021  NA 
2022  NA 
2023  NA 
2024  NA 
2025  NA 
2026  NA 
2027  NA 
2028  NA 
2029  NA 
2030  NA 
2031  NA 
2032  NA 
2033  NA 
2034 5.33304 

Alternative 3 Sp_Biomass
     ai20 
Equil_Fabc 74.1899 
Year 
2020 90.0294 
2021 89.8293 
2022 88.2937 
2023 83.8386 
2024 83.9649 
2025 86.7171 
2026 92.3425 
2027 99.0621 
2028 105.716 
2029 111.837 
2030 117.076 
2031 121.257 
2032 124.597 
2033 126.682 
2034 128.849 

Alternative 3 Fishing Mortality
     ai20 
Equil_Fabc 0.31335 
Year 
2020 0.0172015 
2021 0.00893152 
2022 0.107784 
2023 0.116695 
2024 0.121985 
2025 0.121578 
2026 0.117962 
2027 0.11506 
2028 0.11256 
2029 0.109992 
2030 0.107798 
2031 0.10617 
2032 0.104892 
2033 0.103724 
2034 0.0207545 

Alternative 3 Biomass
     ai20 

Year 
2020 282.589 
2021 292.783 
2022 308.525 
2023 315.214 
2024 328.62 
2025 345.16 
2026 363.224 
2027 380.831 
2028 395.859 
2029 408.937 
2030 418.359 
2031 425.694 
2032 431.734 
2033 436.27 
2034 440.686 

Alternative 3 Implied SPR rate 
     ai20 
Equil_Fabc 0.4 
Year 
2020 0.92296 
2021 0.958461 
2022 0.656985 
2023 0.638979 
2024 0.629015 
2025 0.631006 
2026 0.640699 
2027 0.65028 
2028 0.659789 
2029 0.668487 
2030 0.675686 
2031 0.681429 
2032 0.686182 
2033 0.689783 
2034 0.908504 

  ai20 
EquilAvgAgeF0  5.06443 
EquilAvgAgeFabc  3.48285 
AvgAgeYr2034 4.57832 
Alternative 4 Catch
     ai20 
Equil_Fabc 41.2434 
Year 
2020 3.205 
2021 1.656 
2022 19 
2023 19 
2024 19 
2025 19 
2026 19 
2027 19 
2028 19 
2029 19 
2030 19 
2031 19 
2032 19 
2033 19 
2034 33.6139 

Alternative 4 ABCs
     ai20 

Year 
2020 51.6715 
2021 51.1964 
2022 50.7522 
2023 47.1551 
2024 45.5345 
2025 45.9343 
2026 48.5717 
2027 52.5676 
2028 56.967 
2029 60.6786 
2030 63.7578 
2031 66.1436 
2032 68.0055 
2033 69.2982 
2034 70.2003 

Alternative 4 TACs
     ai20 

Year 
2020  NA 
2021  NA 
2022  NA 
2023  NA 
2024  NA 
2025  NA 
2026  NA 
2027  NA 
2028  NA 
2029  NA 
2030  NA 
2031  NA 
2032  NA 
2033  NA 
2034 33.6139 

Alternative 4 Sp_Biomass
     ai20 
Equil_Fabc 74.1899 
Year 
2020 90.0294 
2021 89.8293 
2022 88.2937 
2023 83.8386 
2024 83.9649 
2025 86.7171 
2026 92.3425 
2027 99.0621 
2028 105.716 
2029 111.837 
2030 117.076 
2031 121.257 
2032 124.597 
2033 126.682 
2034 126.841 

Alternative 4 Fishing Mortality
     ai20 
Equil_Fabc 0.31335 
Year 
2020 0.0172015 
2021 0.00893152 
2022 0.107784 
2023 0.116695 
2024 0.121985 
2025 0.121578 
2026 0.117962 
2027 0.11506 
2028 0.11256 
2029 0.109992 
2030 0.107798 
2031 0.10617 
2032 0.104892 
2033 0.103724 
2034 0.1349 

Alternative 4 Biomass
     ai20 

Year 
2020 282.589 
2021 292.783 
2022 308.525 
2023 315.214 
2024 328.62 
2025 345.16 
2026 363.224 
2027 380.831 
2028 395.859 
2029 408.937 
2030 418.359 
2031 425.694 
2032 431.734 
2033 436.27 
2034 440.686 

Alternative 4 Implied SPR rate 
     ai20 
Equil_Fabc 0.4 
Year 
2020 0.92296 
2021 0.958461 
2022 0.656985 
2023 0.638979 
2024 0.629015 
2025 0.631006 
2026 0.640699 
2027 0.65028 
2028 0.659789 
2029 0.668487 
2030 0.675686 
2031 0.681429 
2032 0.686182 
2033 0.689783 
2034 0.6084 

  ai20 
EquilAvgAgeF0  5.06443 
EquilAvgAgeFabc  3.48285 
AvgAgeYr2034 4.46031 
Alternative 5 Catch
     ai20 
Equil_Fabc 41.2434 
Year 
2020 3.205 
2021 1.656 
2022 19 
2023 19 
2024 19 
2025 19 
2026 19 
2027 19 
2028 19 
2029 19 
2030 19 
2031 19 
2032 19 
2033 19 
2034  NA 

Alternative 5 ABCs
     ai20 

Year 
2020 51.6715 
2021 51.1964 
2022 50.7522 
2023 47.1551 
2024 45.5345 
2025 45.9343 
2026 48.5717 
2027 52.5676 
2028 56.967 
2029 60.6786 
2030 63.7578 
2031 66.1436 
2032 68.0055 
2033 69.2982 
2034 70.2003 

Alternative 5 TACs
     ai20 

Year 
2020  NA 
2021  NA 
2022  NA 
2023  NA 
2024  NA 
2025  NA 
2026  NA 
2027  NA 
2028  NA 
2029  NA 
2030  NA 
2031  NA 
2032  NA 
2033  NA 
2034  NA 

Alternative 5 Sp_Biomass
     ai20 
Equil_Fabc 74.1899 
Year 
2020 90.0294 
2021 89.8293 
2022 88.2937 
2023 83.8386 
2024 83.9649 
2025 86.7171 
2026 92.3425 
2027 99.0621 
2028 105.716 
2029 111.837 
2030 117.076 
2031 121.257 
2032 124.597 
2033 126.682 
2034 129.21 

Alternative 5 Fishing Mortality
     ai20 
Equil_Fabc 0.31335 
Year 
2020 0.0172015 
2021 0.00893152 
2022 0.107784 
2023 0.116695 
2024 0.121985 
2025 0.121578 
2026 0.117962 
2027 0.11506 
2028 0.11256 
2029 0.109992 
2030 0.107798 
2031 0.10617 
2032 0.104892 
2033 0.103724 
2034  NA 

Alternative 5 Biomass
     ai20 

Year 
2020 282.589 
2021 292.783 
2022 308.525 
2023 315.214 
2024 328.62 
2025 345.16 
2026 363.224 
2027 380.831 
2028 395.859 
2029 408.937 
2030 418.359 
2031 425.694 
2032 431.734 
2033 436.27 
2034 440.686 

Alternative 5 Implied SPR rate 
     ai20 
Equil_Fabc 0.4 
Year 
2020 0.92296 
2021 0.958461 
2022 0.656985 
2023 0.638979 
2024 0.629015 
2025 0.631006 
2026 0.640699 
2027 0.65028 
2028 0.659789 
2029 0.668487 
2030 0.675686 
2031 0.681429 
2032 0.686182 
2033 0.689783 
2034 1 

  ai20 
EquilAvgAgeF0  5.06443 
EquilAvgAgeFabc  3.48285 
AvgAgeYr2034 4.59999 
Alternative 6 Catch
     ai20 
Equil_Fabc 41.2434 
Year 
2020 3.205 
2021 61.8014 
2022 39.7285 
2023 28.6379 
2024 27.1916 
2025 29.6472 
2026 34.209 
2027 38.3338 
2028 41.0335 
2029 42.3643 
2030 42.9646 
2031 42.916 
2032 42.6505 
2033 42.1073 
2034 41.6144 

Alternative 6 ABCs
     ai20 

Year 
2020 51.6715 
2021 51.1964 
2022 33.0228 
2023 23.6569 
2024 22.4013 
2025 24.3883 
2026 28.1072 
2027 31.3225 
2028 33.4183 
2029 34.6167 
2030 35.1444 
2031 35.0649 
2032 34.8118 
2033 34.4712 
2034 33.9801 

Alternative 6 TACs
     ai20 

Year 
2020  NA 
2021 61.8014 
2022 39.7285 
2023 28.6379 
2024 27.1916 
2025 29.6472 
2026 34.209 
2027 38.3339 
2028 41.0335 
2029 42.3643 
2030 42.9647 
2031 42.916 
2032 42.6505 
2033 42.1074 
2034 41.6144 

Alternative 6 Sp_Biomass
     ai20 
Equil_Fabc 74.1899 
Year 
2020 90.0294 
2021 85.0319 
2022 63.9604 
2023 55.262 
2024 55.2529 
2025 58.6183 
2026 63.4847 
2027 67.573 
2028 70.2453 
2029 71.5728 
2030 72.0142 
2031 71.8851 
2032 71.6093 
2033 70.892 
2034 70.1114 

Alternative 6 Fishing Mortality
     ai20 
Equil_Fabc 0.31335 
Year 
2020 0.0172015 
2021 0.390068 
2022 0.333454 
2023 0.285313 
2024 0.282252 
2025 0.288057 
2026 0.298267 
2027 0.30871 
2028 0.313785 
2029 0.315828 
2030 0.317908 
2031 0.317985 
2032 0.317846 
2033 0.315911 
2034 0.314979 

Alternative 6 Biomass
     ai20 

Year 
2020 282.589 
2021 292.783 
2022 254.47 
2023 249.418 
2024 262.498 
2025 279.942 
2026 295.884 
2027 306.876 
2028 312.32 
2029 314.569 
2030 313.427 
2031 311.282 
2032 309.441 
2033 307.817 
2034 307.847 

Alternative 6 Implied SPR rate 
     ai20 
Equil_Fabc 0.4 
Year 
2020 0.92296 
2021 0.35 
2022 0.385507 
2023 0.422238 
2024 0.426623 
2025 0.42478 
2026 0.418971 
2027 0.41171 
2028 0.408011 
2029 0.406481 
2030 0.404874 
2031 0.404919 
2032 0.405119 
2033 0.406459 
2034 0.407005 

  ai20 
EquilAvgAgeF0  5.06443 
EquilAvgAgeFabc  3.48285 
AvgAgeYr2034 3.66675 
Alternative 7 Catch
     ai20 
Equil_Fabc 41.2434 
Year 
2020 3.205 
2021 51.1964 
2022 36.9047 
2023 33.2906 
2024 29.3778 
2025 30.6648 
2026 34.6493 
2027 38.4965 
2028 41.0763 
2029 42.3628 
2030 42.9522 
2031 42.9051 
2032 42.6436 
2033 42.1036 
2034 41.6126 

Alternative 7 ABCs
     ai20 

Year 
2020 51.6715 
2021 51.1964 
2022 36.9047 
2023 27.5687 
2024 24.2311 
2025 25.239 
2026 28.519 
2027 31.4969 
2028 33.4621 
2029 34.6146 
2030 35.1538 
2031 35.056 
2032 34.8062 
2033 34.4681 
2034 33.9787 

Alternative 7 TACs
     ai20 

Year 
2020  NA 
2021 61.8014 
2022 44.308 
2023 33.2907 
2024 29.3778 
2025 30.6648 
2026 34.6493 
2027 38.4965 
2028 41.0764 
2029 42.3628 
2030 42.9522 
2031 42.9052 
2032 42.6436 
2033 42.1036 
2034 41.6126 

Alternative 7 Sp_Biomass
     ai20 
Equil_Fabc 74.1899 
Year 
2020 90.0294 
2021 85.9751 
2022 68.1713 
2023 59.4494 
2024 57.3732 
2025 59.6514 
2026 63.9513 
2027 67.7554 
2028 70.298 
2029 71.5762 
2030 72.0037 
2031 71.8745 
2032 71.6022 
2033 70.8879 
2034 70.1094 

Alternative 7 Fishing Mortality
     ai20 
Equil_Fabc 0.31335 
Year 
2020 0.0172015 
2021 0.313349 
2022 0.286592 
2023 0.308488 
2024 0.293489 
2025 0.293017 
2026 0.300281 
2027 0.309429 
2028 0.31399 
2029 0.315852 
2030 0.31788 
2031 0.317954 
2032 0.317825 
2033 0.315898 
2034 0.314973 

Alternative 7 Biomass
     ai20 

Year 
2020 282.589 
2021 292.783 
2022 263.987 
2023 260.326 
2024 267.695 
2025 282.292 
2026 296.842 
2027 307.197 
2028 312.38 
2029 314.543 
2030 313.388 
2031 311.252 
2032 309.423 
2033 307.807 
2034 307.843 

Alternative 7 Implied SPR rate 
     ai20 
Equil_Fabc 0.4 
Year 
2020 0.92296 
2021 0.4 
2022 0.42115 
2023 0.403693 
2024 0.417048 
2025 0.420337 
2026 0.4171 
2027 0.411022 
2028 0.407804 
2029 0.40645 
2030 0.404895 
2031 0.404945 
2032 0.405138 
2033 0.40647 
2034 0.40701 

  ai20 
EquilAvgAgeF0  5.06443 
EquilAvgAgeFabc  3.48285 
AvgAgeYr2034 3.66674 
