ai20 1 2020 Cabc 41.2434
ai20 1 2020 Cofl 43.6051
ai20 1 2020 CLCI 3.205
ai20 1 2020 CUCI 3.205
ai20 1 2020 CMedian 3.205
ai20 1 2020 CMean 3.205
ai20 1 2020 CStdn 4.66294e-014
ai20 1 2021 Cabc 41.2434
ai20 1 2021 Cofl 43.6051
ai20 1 2021 CLCI 1.656
ai20 1 2021 CUCI 1.656
ai20 1 2021 CMedian 1.656
ai20 1 2021 CMean 1.656
ai20 1 2021 CStdn 1.86968e-007
ai20 1 2022 Cabc 41.2434
ai20 1 2022 Cofl 43.6051
ai20 1 2022 CLCI 19
ai20 1 2022 CUCI 19
ai20 1 2022 CMedian 19
ai20 1 2022 CMean 19
ai20 1 2022 CStdn 6.07245e-007
ai20 1 2023 Cabc 41.2434
ai20 1 2023 Cofl 43.6051
ai20 1 2023 CLCI 19
ai20 1 2023 CUCI 19
ai20 1 2023 CMedian 19
ai20 1 2023 CMean 19
ai20 1 2023 CStdn 6.964e-007
ai20 1 2024 Cabc 41.2434
ai20 1 2024 Cofl 43.6051
ai20 1 2024 CLCI 19
ai20 1 2024 CUCI 19
ai20 1 2024 CMedian 19
ai20 1 2024 CMean 19
ai20 1 2024 CStdn 1.07516e-006
ai20 1 2025 Cabc 41.2434
ai20 1 2025 Cofl 43.6051
ai20 1 2025 CLCI 19
ai20 1 2025 CUCI 19
ai20 1 2025 CMedian 19
ai20 1 2025 CMean 19
ai20 1 2025 CStdn 2.37265e-006
ai20 1 2026 Cabc 41.2434
ai20 1 2026 Cofl 43.6051
ai20 1 2026 CLCI 19
ai20 1 2026 CUCI 19
ai20 1 2026 CMedian 19
ai20 1 2026 CMean 19
ai20 1 2026 CStdn 4.13894e-006
ai20 1 2027 Cabc 41.2434
ai20 1 2027 Cofl 43.6051
ai20 1 2027 CLCI 19
ai20 1 2027 CUCI 19
ai20 1 2027 CMedian 19
ai20 1 2027 CMean 19
ai20 1 2027 CStdn 4.78519e-006
ai20 1 2028 Cabc 41.2434
ai20 1 2028 Cofl 43.6051
ai20 1 2028 CLCI 19
ai20 1 2028 CUCI 19
ai20 1 2028 CMedian 19
ai20 1 2028 CMean 19
ai20 1 2028 CStdn 5.14076e-006
ai20 1 2029 Cabc 41.2434
ai20 1 2029 Cofl 43.6051
ai20 1 2029 CLCI 19
ai20 1 2029 CUCI 19
ai20 1 2029 CMedian 19
ai20 1 2029 CMean 19
ai20 1 2029 CStdn 4.87487e-006
ai20 1 2030 Cabc 41.2434
ai20 1 2030 Cofl 43.6051
ai20 1 2030 CLCI 19
ai20 1 2030 CUCI 19
ai20 1 2030 CMedian 19
ai20 1 2030 CMean 19
ai20 1 2030 CStdn 4.91562e-006
ai20 1 2031 Cabc 41.2434
ai20 1 2031 Cofl 43.6051
ai20 1 2031 CLCI 19
ai20 1 2031 CUCI 19
ai20 1 2031 CMedian 19
ai20 1 2031 CMean 19
ai20 1 2031 CStdn 4.76446e-006
ai20 1 2032 Cabc 41.2434
ai20 1 2032 Cofl 43.6051
ai20 1 2032 CLCI 19
ai20 1 2032 CUCI 19
ai20 1 2032 CMedian 19
ai20 1 2032 CMean 19
ai20 1 2032 CStdn 4.97872e-006
ai20 1 2033 Cabc 41.2434
ai20 1 2033 Cofl 43.6051
ai20 1 2033 CLCI 19
ai20 1 2033 CUCI 19
ai20 1 2033 CMedian 19
ai20 1 2033 CMean 19
ai20 1 2033 CStdn 4.94239e-006
ai20 1 2034 Cabc 41.2434
ai20 1 2034 Cofl 43.6051
ai20 1 2034 CLCI 15.004
ai20 1 2034 CUCI 139.782
ai20 1 2034 CMedian 64.891
ai20 1 2034 CMean 70.2003
ai20 1 2034 CStdn 38.8117
ai20 1 2020 SSBF100 185.475
ai20 1 2020 SSBFabc 74.1899
ai20 1 2020 SSBFofl 64.9161
ai20 1 2020 SSBLCI 90.0294
ai20 1 2020 SSBUCI 90.0294
ai20 1 2020 SSBMedian 90.0294
ai20 1 2020 SSBMean 90.0294
ai20 1 2021 SSBF100 185.475
ai20 1 2021 SSBFabc 74.1899
ai20 1 2021 SSBFofl 64.9161
ai20 1 2021 SSBLCI 89.8292
ai20 1 2021 SSBUCI 89.8298
ai20 1 2021 SSBMedian 89.8292
ai20 1 2021 SSBMean 89.8293
ai20 1 2022 SSBF100 185.475
ai20 1 2022 SSBFabc 74.1899
ai20 1 2022 SSBFofl 64.9161
ai20 1 2022 SSBLCI 88.2768
ai20 1 2022 SSBUCI 88.3388
ai20 1 2022 SSBMedian 88.285
ai20 1 2022 SSBMean 88.2937
ai20 1 2023 SSBF100 185.475
ai20 1 2023 SSBFabc 74.1899
ai20 1 2023 SSBFofl 64.9161
ai20 1 2023 SSBLCI 83.3893
ai20 1 2023 SSBUCI 85.1264
ai20 1 2023 SSBMedian 83.5919
ai20 1 2023 SSBMean 83.8386
ai20 1 2024 SSBF100 185.475
ai20 1 2024 SSBFabc 74.1899
ai20 1 2024 SSBFofl 64.9161
ai20 1 2024 SSBLCI 77.7716
ai20 1 2024 SSBUCI 101.43
ai20 1 2024 SSBMedian 80.6833
ai20 1 2024 SSBMean 83.9649
ai20 1 2025 SSBF100 185.475
ai20 1 2025 SSBFabc 74.1899
ai20 1 2025 SSBFofl 64.9161
ai20 1 2025 SSBLCI 69.4602
ai20 1 2025 SSBUCI 127.428
ai20 1 2025 SSBMedian 79.5729
ai20 1 2025 SSBMean 86.7171
ai20 1 2026 SSBF100 185.475
ai20 1 2026 SSBFabc 74.1899
ai20 1 2026 SSBFofl 64.9161
ai20 1 2026 SSBLCI 61.6191
ai20 1 2026 SSBUCI 160.176
ai20 1 2026 SSBMedian 82.4974
ai20 1 2026 SSBMean 92.3425
ai20 1 2027 SSBF100 185.475
ai20 1 2027 SSBFabc 74.1899
ai20 1 2027 SSBFofl 64.9161
ai20 1 2027 SSBLCI 55.5707
ai20 1 2027 SSBUCI 182.426
ai20 1 2027 SSBMedian 87.9873
ai20 1 2027 SSBMean 99.0621
ai20 1 2028 SSBF100 185.475
ai20 1 2028 SSBFabc 74.1899
ai20 1 2028 SSBFofl 64.9161
ai20 1 2028 SSBLCI 51.0267
ai20 1 2028 SSBUCI 197.129
ai20 1 2028 SSBMedian 93.357
ai20 1 2028 SSBMean 105.716
ai20 1 2029 SSBF100 185.475
ai20 1 2029 SSBFabc 74.1899
ai20 1 2029 SSBFofl 64.9161
ai20 1 2029 SSBLCI 47.6876
ai20 1 2029 SSBUCI 219.725
ai20 1 2029 SSBMedian 99.7166
ai20 1 2029 SSBMean 111.837
ai20 1 2030 SSBF100 185.475
ai20 1 2030 SSBFabc 74.1899
ai20 1 2030 SSBFofl 64.9161
ai20 1 2030 SSBLCI 48.8091
ai20 1 2030 SSBUCI 226.027
ai20 1 2030 SSBMedian 103.78
ai20 1 2030 SSBMean 117.076
ai20 1 2031 SSBF100 185.475
ai20 1 2031 SSBFabc 74.1899
ai20 1 2031 SSBFofl 64.9161
ai20 1 2031 SSBLCI 47.2573
ai20 1 2031 SSBUCI 232.846
ai20 1 2031 SSBMedian 109.373
ai20 1 2031 SSBMean 121.257
ai20 1 2032 SSBF100 185.475
ai20 1 2032 SSBFabc 74.1899
ai20 1 2032 SSBFofl 64.9161
ai20 1 2032 SSBLCI 45.4113
ai20 1 2032 SSBUCI 238.635
ai20 1 2032 SSBMedian 112.13
ai20 1 2032 SSBMean 124.597
ai20 1 2033 SSBF100 185.475
ai20 1 2033 SSBFabc 74.1899
ai20 1 2033 SSBFofl 64.9161
ai20 1 2033 SSBLCI 44.4536
ai20 1 2033 SSBUCI 243.903
ai20 1 2033 SSBMedian 115.502
ai20 1 2033 SSBMean 126.682
ai20 1 2034 SSBF100 185.475
ai20 1 2034 SSBFabc 74.1899
ai20 1 2034 SSBFofl 64.9161
ai20 1 2034 SSBLCI 44.0066
ai20 1 2034 SSBUCI 240.506
ai20 1 2034 SSBMedian 113.916
ai20 1 2034 SSBMean 123.981
ai20 1 2020 F0 0 
ai20 1 2020 Fabc 0.31335
ai20 1 2020 Fofl 0.390068
ai20 1 2020  F_LCI 0.0172015
ai20 1 2020  F_UCI 0.0172015
ai20 1 2020  F_Median 0.0172015
ai20 1 2020  F_Mean 0.0172015
ai20 1 2021 F0 0 
ai20 1 2021 Fabc 0.31335
ai20 1 2021 Fofl 0.390068
ai20 1 2021  F_LCI 0.00889418
ai20 1 2021  F_UCI 0.00894418
ai20 1 2021  F_Median 0.00893864
ai20 1 2021  F_Mean 0.00893152
ai20 1 2022 F0 0 
ai20 1 2022 Fabc 0.31335
ai20 1 2022 Fofl 0.390068
ai20 1 2022  F_LCI 0.106411
ai20 1 2022  F_UCI 0.108358
ai20 1 2022  F_Median 0.10804
ai20 1 2022  F_Mean 0.107784
ai20 1 2023 F0 0 
ai20 1 2023 Fabc 0.31335
ai20 1 2023 Fofl 0.390068
ai20 1 2023  F_LCI 0.112123
ai20 1 2023  F_UCI 0.118726
ai20 1 2023  F_Median 0.117465
ai20 1 2023  F_Mean 0.116695
ai20 1 2024 F0 0 
ai20 1 2024 Fabc 0.31335
ai20 1 2024 Fofl 0.390068
ai20 1 2024  F_LCI 0.108008
ai20 1 2024  F_UCI 0.128455
ai20 1 2024  F_Median 0.124257
ai20 1 2024  F_Mean 0.121985
ai20 1 2025 F0 0 
ai20 1 2025 Fabc 0.31335
ai20 1 2025 Fofl 0.390068
ai20 1 2025  F_LCI 0.0905296
ai20 1 2025  F_UCI 0.138428
ai20 1 2025  F_Median 0.12573
ai20 1 2025  F_Mean 0.121578
ai20 1 2026 F0 0 
ai20 1 2026 Fabc 0.31335
ai20 1 2026 Fofl 0.390068
ai20 1 2026  F_LCI 0.0690522
ai20 1 2026  F_UCI 0.15175
ai20 1 2026  F_Median 0.122035
ai20 1 2026  F_Mean 0.117962
ai20 1 2027 F0 0 
ai20 1 2027 Fabc 0.31335
ai20 1 2027 Fofl 0.390068
ai20 1 2027  F_LCI 0.0545637
ai20 1 2027  F_UCI 0.170861
ai20 1 2027  F_Median 0.115144
ai20 1 2027  F_Mean 0.11506
ai20 1 2028 F0 0 
ai20 1 2028 Fabc 0.31335
ai20 1 2028 Fofl 0.390068
ai20 1 2028  F_LCI 0.0481654
ai20 1 2028  F_UCI 0.194174
ai20 1 2028  F_Median 0.107389
ai20 1 2028  F_Mean 0.11256
ai20 1 2029 F0 0 
ai20 1 2029 Fabc 0.31335
ai20 1 2029 Fofl 0.390068
ai20 1 2029  F_LCI 0.0444114
ai20 1 2029  F_UCI 0.210996
ai20 1 2029  F_Median 0.100661
ai20 1 2029  F_Mean 0.109992
ai20 1 2030 F0 0 
ai20 1 2030 Fabc 0.31335
ai20 1 2030 Fofl 0.390068
ai20 1 2030  F_LCI 0.0409569
ai20 1 2030  F_UCI 0.217504
ai20 1 2030  F_Median 0.094433
ai20 1 2030  F_Mean 0.107798
ai20 1 2031 F0 0 
ai20 1 2031 Fabc 0.31335
ai20 1 2031 Fofl 0.390068
ai20 1 2031  F_LCI 0.0401127
ai20 1 2031  F_UCI 0.215853
ai20 1 2031  F_Median 0.0910952
ai20 1 2031  F_Mean 0.10617
ai20 1 2032 F0 0 
ai20 1 2032 Fabc 0.31335
ai20 1 2032 Fofl 0.390068
ai20 1 2032  F_LCI 0.0394144
ai20 1 2032  F_UCI 0.225059
ai20 1 2032  F_Median 0.0875293
ai20 1 2032  F_Mean 0.104892
ai20 1 2033 F0 0 
ai20 1 2033 Fabc 0.31335
ai20 1 2033 Fofl 0.390068
ai20 1 2033  F_LCI 0.0381967
ai20 1 2033  F_UCI 0.227719
ai20 1 2033  F_Median 0.0845872
ai20 1 2033  F_Mean 0.103724
ai20 1 2034 F0 0 
ai20 1 2034 Fabc 0.31335
ai20 1 2034 Fofl 0.390068
ai20 1 2034  F_LCI 0.179157
ai20 1 2034  F_UCI 0.31335
ai20 1 2034  F_Median 0.31335
ai20 1 2034  F_Mean 0.293271
ai20 2 2020 Cabc 41.2434
ai20 2 2020 Cofl 43.6051
ai20 2 2020 CLCI 3.205
ai20 2 2020 CUCI 3.205
ai20 2 2020 CMedian 3.205
ai20 2 2020 CMean 3.205
ai20 2 2020 CStdn 4.66294e-014
ai20 2 2021 Cabc 41.2434
ai20 2 2021 Cofl 43.6051
ai20 2 2021 CLCI 1.656
ai20 2 2021 CUCI 1.656
ai20 2 2021 CMedian 1.656
ai20 2 2021 CMean 1.656
ai20 2 2021 CStdn 1.86968e-007
ai20 2 2022 Cabc 41.2434
ai20 2 2022 Cofl 43.6051
ai20 2 2022 CLCI 19
ai20 2 2022 CUCI 19
ai20 2 2022 CMedian 19
ai20 2 2022 CMean 19
ai20 2 2022 CStdn 6.07245e-007
ai20 2 2023 Cabc 41.2434
ai20 2 2023 Cofl 43.6051
ai20 2 2023 CLCI 19
ai20 2 2023 CUCI 19
ai20 2 2023 CMedian 19
ai20 2 2023 CMean 19
ai20 2 2023 CStdn 6.964e-007
ai20 2 2024 Cabc 41.2434
ai20 2 2024 Cofl 43.6051
ai20 2 2024 CLCI 19
ai20 2 2024 CUCI 19
ai20 2 2024 CMedian 19
ai20 2 2024 CMean 19
ai20 2 2024 CStdn 1.07516e-006
ai20 2 2025 Cabc 41.2434
ai20 2 2025 Cofl 43.6051
ai20 2 2025 CLCI 19
ai20 2 2025 CUCI 19
ai20 2 2025 CMedian 19
ai20 2 2025 CMean 19
ai20 2 2025 CStdn 2.37265e-006
ai20 2 2026 Cabc 41.2434
ai20 2 2026 Cofl 43.6051
ai20 2 2026 CLCI 19
ai20 2 2026 CUCI 19
ai20 2 2026 CMedian 19
ai20 2 2026 CMean 19
ai20 2 2026 CStdn 4.13894e-006
ai20 2 2027 Cabc 41.2434
ai20 2 2027 Cofl 43.6051
ai20 2 2027 CLCI 19
ai20 2 2027 CUCI 19
ai20 2 2027 CMedian 19
ai20 2 2027 CMean 19
ai20 2 2027 CStdn 4.78519e-006
ai20 2 2028 Cabc 41.2434
ai20 2 2028 Cofl 43.6051
ai20 2 2028 CLCI 19
ai20 2 2028 CUCI 19
ai20 2 2028 CMedian 19
ai20 2 2028 CMean 19
ai20 2 2028 CStdn 5.14076e-006
ai20 2 2029 Cabc 41.2434
ai20 2 2029 Cofl 43.6051
ai20 2 2029 CLCI 19
ai20 2 2029 CUCI 19
ai20 2 2029 CMedian 19
ai20 2 2029 CMean 19
ai20 2 2029 CStdn 4.87487e-006
ai20 2 2030 Cabc 41.2434
ai20 2 2030 Cofl 43.6051
ai20 2 2030 CLCI 19
ai20 2 2030 CUCI 19
ai20 2 2030 CMedian 19
ai20 2 2030 CMean 19
ai20 2 2030 CStdn 4.91562e-006
ai20 2 2031 Cabc 41.2434
ai20 2 2031 Cofl 43.6051
ai20 2 2031 CLCI 19
ai20 2 2031 CUCI 19
ai20 2 2031 CMedian 19
ai20 2 2031 CMean 19
ai20 2 2031 CStdn 4.76446e-006
ai20 2 2032 Cabc 41.2434
ai20 2 2032 Cofl 43.6051
ai20 2 2032 CLCI 19
ai20 2 2032 CUCI 19
ai20 2 2032 CMedian 19
ai20 2 2032 CMean 19
ai20 2 2032 CStdn 4.97872e-006
ai20 2 2033 Cabc 41.2434
ai20 2 2033 Cofl 43.6051
ai20 2 2033 CLCI 19
ai20 2 2033 CUCI 19
ai20 2 2033 CMedian 19
ai20 2 2033 CMean 19
ai20 2 2033 CStdn 4.94239e-006
ai20 2 2034 Cabc 41.2434
ai20 2 2034 Cofl 43.6051
ai20 2 2034 CLCI 15.004
ai20 2 2034 CUCI 139.782
ai20 2 2034 CMedian 64.891
ai20 2 2034 CMean 70.2003
ai20 2 2034 CStdn 38.8117
ai20 2 2020 SSBF100 185.475
ai20 2 2020 SSBFabc 74.1899
ai20 2 2020 SSBFofl 64.9161
ai20 2 2020 SSBLCI 90.0294
ai20 2 2020 SSBUCI 90.0294
ai20 2 2020 SSBMedian 90.0294
ai20 2 2020 SSBMean 90.0294
ai20 2 2021 SSBF100 185.475
ai20 2 2021 SSBFabc 74.1899
ai20 2 2021 SSBFofl 64.9161
ai20 2 2021 SSBLCI 89.8292
ai20 2 2021 SSBUCI 89.8298
ai20 2 2021 SSBMedian 89.8292
ai20 2 2021 SSBMean 89.8293
ai20 2 2022 SSBF100 185.475
ai20 2 2022 SSBFabc 74.1899
ai20 2 2022 SSBFofl 64.9161
ai20 2 2022 SSBLCI 88.2768
ai20 2 2022 SSBUCI 88.3388
ai20 2 2022 SSBMedian 88.285
ai20 2 2022 SSBMean 88.2937
ai20 2 2023 SSBF100 185.475
ai20 2 2023 SSBFabc 74.1899
ai20 2 2023 SSBFofl 64.9161
ai20 2 2023 SSBLCI 83.3893
ai20 2 2023 SSBUCI 85.1264
ai20 2 2023 SSBMedian 83.5919
ai20 2 2023 SSBMean 83.8386
ai20 2 2024 SSBF100 185.475
ai20 2 2024 SSBFabc 74.1899
ai20 2 2024 SSBFofl 64.9161
ai20 2 2024 SSBLCI 77.7716
ai20 2 2024 SSBUCI 101.43
ai20 2 2024 SSBMedian 80.6833
ai20 2 2024 SSBMean 83.9649
ai20 2 2025 SSBF100 185.475
ai20 2 2025 SSBFabc 74.1899
ai20 2 2025 SSBFofl 64.9161
ai20 2 2025 SSBLCI 69.4602
ai20 2 2025 SSBUCI 127.428
ai20 2 2025 SSBMedian 79.5729
ai20 2 2025 SSBMean 86.7171
ai20 2 2026 SSBF100 185.475
ai20 2 2026 SSBFabc 74.1899
ai20 2 2026 SSBFofl 64.9161
ai20 2 2026 SSBLCI 61.6191
ai20 2 2026 SSBUCI 160.176
ai20 2 2026 SSBMedian 82.4974
ai20 2 2026 SSBMean 92.3425
ai20 2 2027 SSBF100 185.475
ai20 2 2027 SSBFabc 74.1899
ai20 2 2027 SSBFofl 64.9161
ai20 2 2027 SSBLCI 55.5707
ai20 2 2027 SSBUCI 182.426
ai20 2 2027 SSBMedian 87.9873
ai20 2 2027 SSBMean 99.0621
ai20 2 2028 SSBF100 185.475
ai20 2 2028 SSBFabc 74.1899
ai20 2 2028 SSBFofl 64.9161
ai20 2 2028 SSBLCI 51.0267
ai20 2 2028 SSBUCI 197.129
ai20 2 2028 SSBMedian 93.357
ai20 2 2028 SSBMean 105.716
ai20 2 2029 SSBF100 185.475
ai20 2 2029 SSBFabc 74.1899
ai20 2 2029 SSBFofl 64.9161
ai20 2 2029 SSBLCI 47.6876
ai20 2 2029 SSBUCI 219.725
ai20 2 2029 SSBMedian 99.7166
ai20 2 2029 SSBMean 111.837
ai20 2 2030 SSBF100 185.475
ai20 2 2030 SSBFabc 74.1899
ai20 2 2030 SSBFofl 64.9161
ai20 2 2030 SSBLCI 48.8091
ai20 2 2030 SSBUCI 226.027
ai20 2 2030 SSBMedian 103.78
ai20 2 2030 SSBMean 117.076
ai20 2 2031 SSBF100 185.475
ai20 2 2031 SSBFabc 74.1899
ai20 2 2031 SSBFofl 64.9161
ai20 2 2031 SSBLCI 47.2573
ai20 2 2031 SSBUCI 232.846
ai20 2 2031 SSBMedian 109.373
ai20 2 2031 SSBMean 121.257
ai20 2 2032 SSBF100 185.475
ai20 2 2032 SSBFabc 74.1899
ai20 2 2032 SSBFofl 64.9161
ai20 2 2032 SSBLCI 45.4113
ai20 2 2032 SSBUCI 238.635
ai20 2 2032 SSBMedian 112.13
ai20 2 2032 SSBMean 124.597
ai20 2 2033 SSBF100 185.475
ai20 2 2033 SSBFabc 74.1899
ai20 2 2033 SSBFofl 64.9161
ai20 2 2033 SSBLCI 44.4536
ai20 2 2033 SSBUCI 243.903
ai20 2 2033 SSBMedian 115.502
ai20 2 2033 SSBMean 126.682
ai20 2 2034 SSBF100 185.475
ai20 2 2034 SSBFabc 74.1899
ai20 2 2034 SSBFofl 64.9161
ai20 2 2034 SSBLCI 44.0066
ai20 2 2034 SSBUCI 240.506
ai20 2 2034 SSBMedian 113.916
ai20 2 2034 SSBMean 123.981
ai20 2 2020 F0 0 
ai20 2 2020 Fabc 0.31335
ai20 2 2020 Fofl 0.390068
ai20 2 2020  F_LCI 0.0172015
ai20 2 2020  F_UCI 0.0172015
ai20 2 2020  F_Median 0.0172015
ai20 2 2020  F_Mean 0.0172015
ai20 2 2021 F0 0 
ai20 2 2021 Fabc 0.31335
ai20 2 2021 Fofl 0.390068
ai20 2 2021  F_LCI 0.00889418
ai20 2 2021  F_UCI 0.00894418
ai20 2 2021  F_Median 0.00893864
ai20 2 2021  F_Mean 0.00893152
ai20 2 2022 F0 0 
ai20 2 2022 Fabc 0.31335
ai20 2 2022 Fofl 0.390068
ai20 2 2022  F_LCI 0.106411
ai20 2 2022  F_UCI 0.108358
ai20 2 2022  F_Median 0.10804
ai20 2 2022  F_Mean 0.107784
ai20 2 2023 F0 0 
ai20 2 2023 Fabc 0.31335
ai20 2 2023 Fofl 0.390068
ai20 2 2023  F_LCI 0.112123
ai20 2 2023  F_UCI 0.118726
ai20 2 2023  F_Median 0.117465
ai20 2 2023  F_Mean 0.116695
ai20 2 2024 F0 0 
ai20 2 2024 Fabc 0.31335
ai20 2 2024 Fofl 0.390068
ai20 2 2024  F_LCI 0.108008
ai20 2 2024  F_UCI 0.128455
ai20 2 2024  F_Median 0.124257
ai20 2 2024  F_Mean 0.121985
ai20 2 2025 F0 0 
ai20 2 2025 Fabc 0.31335
ai20 2 2025 Fofl 0.390068
ai20 2 2025  F_LCI 0.0905296
ai20 2 2025  F_UCI 0.138428
ai20 2 2025  F_Median 0.12573
ai20 2 2025  F_Mean 0.121578
ai20 2 2026 F0 0 
ai20 2 2026 Fabc 0.31335
ai20 2 2026 Fofl 0.390068
ai20 2 2026  F_LCI 0.0690522
ai20 2 2026  F_UCI 0.15175
ai20 2 2026  F_Median 0.122035
ai20 2 2026  F_Mean 0.117962
ai20 2 2027 F0 0 
ai20 2 2027 Fabc 0.31335
ai20 2 2027 Fofl 0.390068
ai20 2 2027  F_LCI 0.0545637
ai20 2 2027  F_UCI 0.170861
ai20 2 2027  F_Median 0.115144
ai20 2 2027  F_Mean 0.11506
ai20 2 2028 F0 0 
ai20 2 2028 Fabc 0.31335
ai20 2 2028 Fofl 0.390068
ai20 2 2028  F_LCI 0.0481654
ai20 2 2028  F_UCI 0.194174
ai20 2 2028  F_Median 0.107389
ai20 2 2028  F_Mean 0.11256
ai20 2 2029 F0 0 
ai20 2 2029 Fabc 0.31335
ai20 2 2029 Fofl 0.390068
ai20 2 2029  F_LCI 0.0444114
ai20 2 2029  F_UCI 0.210996
ai20 2 2029  F_Median 0.100661
ai20 2 2029  F_Mean 0.109992
ai20 2 2030 F0 0 
ai20 2 2030 Fabc 0.31335
ai20 2 2030 Fofl 0.390068
ai20 2 2030  F_LCI 0.0409569
ai20 2 2030  F_UCI 0.217504
ai20 2 2030  F_Median 0.094433
ai20 2 2030  F_Mean 0.107798
ai20 2 2031 F0 0 
ai20 2 2031 Fabc 0.31335
ai20 2 2031 Fofl 0.390068
ai20 2 2031  F_LCI 0.0401127
ai20 2 2031  F_UCI 0.215853
ai20 2 2031  F_Median 0.0910952
ai20 2 2031  F_Mean 0.10617
ai20 2 2032 F0 0 
ai20 2 2032 Fabc 0.31335
ai20 2 2032 Fofl 0.390068
ai20 2 2032  F_LCI 0.0394144
ai20 2 2032  F_UCI 0.225059
ai20 2 2032  F_Median 0.0875293
ai20 2 2032  F_Mean 0.104892
ai20 2 2033 F0 0 
ai20 2 2033 Fabc 0.31335
ai20 2 2033 Fofl 0.390068
ai20 2 2033  F_LCI 0.0381967
ai20 2 2033  F_UCI 0.227719
ai20 2 2033  F_Median 0.0845872
ai20 2 2033  F_Mean 0.103724
ai20 2 2034 F0 0 
ai20 2 2034 Fabc 0.31335
ai20 2 2034 Fofl 0.390068
ai20 2 2034  F_LCI 0.179157
ai20 2 2034  F_UCI 0.31335
ai20 2 2034  F_Median 0.31335
ai20 2 2034  F_Mean 0.293271
ai20 3 2020 Cabc 41.2434
ai20 3 2020 Cofl 43.6051
ai20 3 2020 CLCI 3.205
ai20 3 2020 CUCI 3.205
ai20 3 2020 CMedian 3.205
ai20 3 2020 CMean 3.205
ai20 3 2020 CStdn 4.66294e-014
ai20 3 2021 Cabc 41.2434
ai20 3 2021 Cofl 43.6051
ai20 3 2021 CLCI 1.656
ai20 3 2021 CUCI 1.656
ai20 3 2021 CMedian 1.656
ai20 3 2021 CMean 1.656
ai20 3 2021 CStdn 1.86968e-007
ai20 3 2022 Cabc 41.2434
ai20 3 2022 Cofl 43.6051
ai20 3 2022 CLCI 19
ai20 3 2022 CUCI 19
ai20 3 2022 CMedian 19
ai20 3 2022 CMean 19
ai20 3 2022 CStdn 6.07245e-007
ai20 3 2023 Cabc 41.2434
ai20 3 2023 Cofl 43.6051
ai20 3 2023 CLCI 19
ai20 3 2023 CUCI 19
ai20 3 2023 CMedian 19
ai20 3 2023 CMean 19
ai20 3 2023 CStdn 6.964e-007
ai20 3 2024 Cabc 41.2434
ai20 3 2024 Cofl 43.6051
ai20 3 2024 CLCI 19
ai20 3 2024 CUCI 19
ai20 3 2024 CMedian 19
ai20 3 2024 CMean 19
ai20 3 2024 CStdn 1.07516e-006
ai20 3 2025 Cabc 41.2434
ai20 3 2025 Cofl 43.6051
ai20 3 2025 CLCI 19
ai20 3 2025 CUCI 19
ai20 3 2025 CMedian 19
ai20 3 2025 CMean 19
ai20 3 2025 CStdn 2.37265e-006
ai20 3 2026 Cabc 41.2434
ai20 3 2026 Cofl 43.6051
ai20 3 2026 CLCI 19
ai20 3 2026 CUCI 19
ai20 3 2026 CMedian 19
ai20 3 2026 CMean 19
ai20 3 2026 CStdn 4.13894e-006
ai20 3 2027 Cabc 41.2434
ai20 3 2027 Cofl 43.6051
ai20 3 2027 CLCI 19
ai20 3 2027 CUCI 19
ai20 3 2027 CMedian 19
ai20 3 2027 CMean 19
ai20 3 2027 CStdn 4.78519e-006
ai20 3 2028 Cabc 41.2434
ai20 3 2028 Cofl 43.6051
ai20 3 2028 CLCI 19
ai20 3 2028 CUCI 19
ai20 3 2028 CMedian 19
ai20 3 2028 CMean 19
ai20 3 2028 CStdn 5.14076e-006
ai20 3 2029 Cabc 41.2434
ai20 3 2029 Cofl 43.6051
ai20 3 2029 CLCI 19
ai20 3 2029 CUCI 19
ai20 3 2029 CMedian 19
ai20 3 2029 CMean 19
ai20 3 2029 CStdn 4.87487e-006
ai20 3 2030 Cabc 41.2434
ai20 3 2030 Cofl 43.6051
ai20 3 2030 CLCI 19
ai20 3 2030 CUCI 19
ai20 3 2030 CMedian 19
ai20 3 2030 CMean 19
ai20 3 2030 CStdn 4.91562e-006
ai20 3 2031 Cabc 41.2434
ai20 3 2031 Cofl 43.6051
ai20 3 2031 CLCI 19
ai20 3 2031 CUCI 19
ai20 3 2031 CMedian 19
ai20 3 2031 CMean 19
ai20 3 2031 CStdn 4.76446e-006
ai20 3 2032 Cabc 41.2434
ai20 3 2032 Cofl 43.6051
ai20 3 2032 CLCI 19
ai20 3 2032 CUCI 19
ai20 3 2032 CMedian 19
ai20 3 2032 CMean 19
ai20 3 2032 CStdn 4.97872e-006
ai20 3 2033 Cabc 41.2434
ai20 3 2033 Cofl 43.6051
ai20 3 2033 CLCI 19
ai20 3 2033 CUCI 19
ai20 3 2033 CMedian 19
ai20 3 2033 CMean 19
ai20 3 2033 CStdn 4.94239e-006
ai20 3 2034 Cabc 41.2434
ai20 3 2034 Cofl 43.6051
ai20 3 2034 CLCI 1.80947
ai20 3 2034 CUCI 10.431
ai20 3 2034 CMedian 4.84569
ai20 3 2034 CMean 5.33304
ai20 3 2034 CStdn 2.76158
ai20 3 2020 SSBF100 185.475
ai20 3 2020 SSBFabc 74.1899
ai20 3 2020 SSBFofl 64.9161
ai20 3 2020 SSBLCI 90.0294
ai20 3 2020 SSBUCI 90.0294
ai20 3 2020 SSBMedian 90.0294
ai20 3 2020 SSBMean 90.0294
ai20 3 2021 SSBF100 185.475
ai20 3 2021 SSBFabc 74.1899
ai20 3 2021 SSBFofl 64.9161
ai20 3 2021 SSBLCI 89.8292
ai20 3 2021 SSBUCI 89.8298
ai20 3 2021 SSBMedian 89.8292
ai20 3 2021 SSBMean 89.8293
ai20 3 2022 SSBF100 185.475
ai20 3 2022 SSBFabc 74.1899
ai20 3 2022 SSBFofl 64.9161
ai20 3 2022 SSBLCI 88.2768
ai20 3 2022 SSBUCI 88.3388
ai20 3 2022 SSBMedian 88.285
ai20 3 2022 SSBMean 88.2937
ai20 3 2023 SSBF100 185.475
ai20 3 2023 SSBFabc 74.1899
ai20 3 2023 SSBFofl 64.9161
ai20 3 2023 SSBLCI 83.3893
ai20 3 2023 SSBUCI 85.1264
ai20 3 2023 SSBMedian 83.5919
ai20 3 2023 SSBMean 83.8386
ai20 3 2024 SSBF100 185.475
ai20 3 2024 SSBFabc 74.1899
ai20 3 2024 SSBFofl 64.9161
ai20 3 2024 SSBLCI 77.7716
ai20 3 2024 SSBUCI 101.43
ai20 3 2024 SSBMedian 80.6833
ai20 3 2024 SSBMean 83.9649
ai20 3 2025 SSBF100 185.475
ai20 3 2025 SSBFabc 74.1899
ai20 3 2025 SSBFofl 64.9161
ai20 3 2025 SSBLCI 69.4602
ai20 3 2025 SSBUCI 127.428
ai20 3 2025 SSBMedian 79.5729
ai20 3 2025 SSBMean 86.7171
ai20 3 2026 SSBF100 185.475
ai20 3 2026 SSBFabc 74.1899
ai20 3 2026 SSBFofl 64.9161
ai20 3 2026 SSBLCI 61.6191
ai20 3 2026 SSBUCI 160.176
ai20 3 2026 SSBMedian 82.4974
ai20 3 2026 SSBMean 92.3425
ai20 3 2027 SSBF100 185.475
ai20 3 2027 SSBFabc 74.1899
ai20 3 2027 SSBFofl 64.9161
ai20 3 2027 SSBLCI 55.5707
ai20 3 2027 SSBUCI 182.426
ai20 3 2027 SSBMedian 87.9873
ai20 3 2027 SSBMean 99.0621
ai20 3 2028 SSBF100 185.475
ai20 3 2028 SSBFabc 74.1899
ai20 3 2028 SSBFofl 64.9161
ai20 3 2028 SSBLCI 51.0267
ai20 3 2028 SSBUCI 197.129
ai20 3 2028 SSBMedian 93.357
ai20 3 2028 SSBMean 105.716
ai20 3 2029 SSBF100 185.475
ai20 3 2029 SSBFabc 74.1899
ai20 3 2029 SSBFofl 64.9161
ai20 3 2029 SSBLCI 47.6876
ai20 3 2029 SSBUCI 219.725
ai20 3 2029 SSBMedian 99.7166
ai20 3 2029 SSBMean 111.837
ai20 3 2030 SSBF100 185.475
ai20 3 2030 SSBFabc 74.1899
ai20 3 2030 SSBFofl 64.9161
ai20 3 2030 SSBLCI 48.8091
ai20 3 2030 SSBUCI 226.027
ai20 3 2030 SSBMedian 103.78
ai20 3 2030 SSBMean 117.076
ai20 3 2031 SSBF100 185.475
ai20 3 2031 SSBFabc 74.1899
ai20 3 2031 SSBFofl 64.9161
ai20 3 2031 SSBLCI 47.2573
ai20 3 2031 SSBUCI 232.846
ai20 3 2031 SSBMedian 109.373
ai20 3 2031 SSBMean 121.257
ai20 3 2032 SSBF100 185.475
ai20 3 2032 SSBFabc 74.1899
ai20 3 2032 SSBFofl 64.9161
ai20 3 2032 SSBLCI 45.4113
ai20 3 2032 SSBUCI 238.635
ai20 3 2032 SSBMedian 112.13
ai20 3 2032 SSBMean 124.597
ai20 3 2033 SSBF100 185.475
ai20 3 2033 SSBFabc 74.1899
ai20 3 2033 SSBFofl 64.9161
ai20 3 2033 SSBLCI 44.4536
ai20 3 2033 SSBUCI 243.903
ai20 3 2033 SSBMedian 115.502
ai20 3 2033 SSBMean 126.682
ai20 3 2034 SSBF100 185.475
ai20 3 2034 SSBFabc 74.1899
ai20 3 2034 SSBFofl 64.9161
ai20 3 2034 SSBLCI 44.8656
ai20 3 2034 SSBUCI 250.357
ai20 3 2034 SSBMedian 117.922
ai20 3 2034 SSBMean 128.849
ai20 3 2020 F0 0 
ai20 3 2020 Fabc 0.31335
ai20 3 2020 Fofl 0.390068
ai20 3 2020  F_LCI 0.0172015
ai20 3 2020  F_UCI 0.0172015
ai20 3 2020  F_Median 0.0172015
ai20 3 2020  F_Mean 0.0172015
ai20 3 2021 F0 0 
ai20 3 2021 Fabc 0.31335
ai20 3 2021 Fofl 0.390068
ai20 3 2021  F_LCI 0.00889418
ai20 3 2021  F_UCI 0.00894418
ai20 3 2021  F_Median 0.00893864
ai20 3 2021  F_Mean 0.00893152
ai20 3 2022 F0 0 
ai20 3 2022 Fabc 0.31335
ai20 3 2022 Fofl 0.390068
ai20 3 2022  F_LCI 0.106411
ai20 3 2022  F_UCI 0.108358
ai20 3 2022  F_Median 0.10804
ai20 3 2022  F_Mean 0.107784
ai20 3 2023 F0 0 
ai20 3 2023 Fabc 0.31335
ai20 3 2023 Fofl 0.390068
ai20 3 2023  F_LCI 0.112123
ai20 3 2023  F_UCI 0.118726
ai20 3 2023  F_Median 0.117465
ai20 3 2023  F_Mean 0.116695
ai20 3 2024 F0 0 
ai20 3 2024 Fabc 0.31335
ai20 3 2024 Fofl 0.390068
ai20 3 2024  F_LCI 0.108008
ai20 3 2024  F_UCI 0.128455
ai20 3 2024  F_Median 0.124257
ai20 3 2024  F_Mean 0.121985
ai20 3 2025 F0 0 
ai20 3 2025 Fabc 0.31335
ai20 3 2025 Fofl 0.390068
ai20 3 2025  F_LCI 0.0905296
ai20 3 2025  F_UCI 0.138428
ai20 3 2025  F_Median 0.12573
ai20 3 2025  F_Mean 0.121578
ai20 3 2026 F0 0 
ai20 3 2026 Fabc 0.31335
ai20 3 2026 Fofl 0.390068
ai20 3 2026  F_LCI 0.0690522
ai20 3 2026  F_UCI 0.15175
ai20 3 2026  F_Median 0.122035
ai20 3 2026  F_Mean 0.117962
ai20 3 2027 F0 0 
ai20 3 2027 Fabc 0.31335
ai20 3 2027 Fofl 0.390068
ai20 3 2027  F_LCI 0.0545637
ai20 3 2027  F_UCI 0.170861
ai20 3 2027  F_Median 0.115144
ai20 3 2027  F_Mean 0.11506
ai20 3 2028 F0 0 
ai20 3 2028 Fabc 0.31335
ai20 3 2028 Fofl 0.390068
ai20 3 2028  F_LCI 0.0481654
ai20 3 2028  F_UCI 0.194174
ai20 3 2028  F_Median 0.107389
ai20 3 2028  F_Mean 0.11256
ai20 3 2029 F0 0 
ai20 3 2029 Fabc 0.31335
ai20 3 2029 Fofl 0.390068
ai20 3 2029  F_LCI 0.0444114
ai20 3 2029  F_UCI 0.210996
ai20 3 2029  F_Median 0.100661
ai20 3 2029  F_Mean 0.109992
ai20 3 2030 F0 0 
ai20 3 2030 Fabc 0.31335
ai20 3 2030 Fofl 0.390068
ai20 3 2030  F_LCI 0.0409569
ai20 3 2030  F_UCI 0.217504
ai20 3 2030  F_Median 0.094433
ai20 3 2030  F_Mean 0.107798
ai20 3 2031 F0 0 
ai20 3 2031 Fabc 0.31335
ai20 3 2031 Fofl 0.390068
ai20 3 2031  F_LCI 0.0401127
ai20 3 2031  F_UCI 0.215853
ai20 3 2031  F_Median 0.0910952
ai20 3 2031  F_Mean 0.10617
ai20 3 2032 F0 0 
ai20 3 2032 Fabc 0.31335
ai20 3 2032 Fofl 0.390068
ai20 3 2032  F_LCI 0.0394144
ai20 3 2032  F_UCI 0.225059
ai20 3 2032  F_Median 0.0875293
ai20 3 2032  F_Mean 0.104892
ai20 3 2033 F0 0 
ai20 3 2033 Fabc 0.31335
ai20 3 2033 Fofl 0.390068
ai20 3 2033  F_LCI 0.0381967
ai20 3 2033  F_UCI 0.227719
ai20 3 2033  F_Median 0.0845872
ai20 3 2033  F_Mean 0.103724
ai20 3 2034 F0 0 
ai20 3 2034 Fabc 0.31335
ai20 3 2034 Fofl 0.390068
ai20 3 2034  F_LCI 0.0207545
ai20 3 2034  F_UCI 0.0207545
ai20 3 2034  F_Median 0.0207545
ai20 3 2034  F_Mean 0.0207545
ai20 4 2020 Cabc 41.2434
ai20 4 2020 Cofl 43.6051
ai20 4 2020 CLCI 3.205
ai20 4 2020 CUCI 3.205
ai20 4 2020 CMedian 3.205
ai20 4 2020 CMean 3.205
ai20 4 2020 CStdn 4.66294e-014
ai20 4 2021 Cabc 41.2434
ai20 4 2021 Cofl 43.6051
ai20 4 2021 CLCI 1.656
ai20 4 2021 CUCI 1.656
ai20 4 2021 CMedian 1.656
ai20 4 2021 CMean 1.656
ai20 4 2021 CStdn 1.86968e-007
ai20 4 2022 Cabc 41.2434
ai20 4 2022 Cofl 43.6051
ai20 4 2022 CLCI 19
ai20 4 2022 CUCI 19
ai20 4 2022 CMedian 19
ai20 4 2022 CMean 19
ai20 4 2022 CStdn 6.07245e-007
ai20 4 2023 Cabc 41.2434
ai20 4 2023 Cofl 43.6051
ai20 4 2023 CLCI 19
ai20 4 2023 CUCI 19
ai20 4 2023 CMedian 19
ai20 4 2023 CMean 19
ai20 4 2023 CStdn 6.964e-007
ai20 4 2024 Cabc 41.2434
ai20 4 2024 Cofl 43.6051
ai20 4 2024 CLCI 19
ai20 4 2024 CUCI 19
ai20 4 2024 CMedian 19
ai20 4 2024 CMean 19
ai20 4 2024 CStdn 1.07516e-006
ai20 4 2025 Cabc 41.2434
ai20 4 2025 Cofl 43.6051
ai20 4 2025 CLCI 19
ai20 4 2025 CUCI 19
ai20 4 2025 CMedian 19
ai20 4 2025 CMean 19
ai20 4 2025 CStdn 2.37265e-006
ai20 4 2026 Cabc 41.2434
ai20 4 2026 Cofl 43.6051
ai20 4 2026 CLCI 19
ai20 4 2026 CUCI 19
ai20 4 2026 CMedian 19
ai20 4 2026 CMean 19
ai20 4 2026 CStdn 4.13894e-006
ai20 4 2027 Cabc 41.2434
ai20 4 2027 Cofl 43.6051
ai20 4 2027 CLCI 19
ai20 4 2027 CUCI 19
ai20 4 2027 CMedian 19
ai20 4 2027 CMean 19
ai20 4 2027 CStdn 4.78519e-006
ai20 4 2028 Cabc 41.2434
ai20 4 2028 Cofl 43.6051
ai20 4 2028 CLCI 19
ai20 4 2028 CUCI 19
ai20 4 2028 CMedian 19
ai20 4 2028 CMean 19
ai20 4 2028 CStdn 5.14076e-006
ai20 4 2029 Cabc 41.2434
ai20 4 2029 Cofl 43.6051
ai20 4 2029 CLCI 19
ai20 4 2029 CUCI 19
ai20 4 2029 CMedian 19
ai20 4 2029 CMean 19
ai20 4 2029 CStdn 4.87487e-006
ai20 4 2030 Cabc 41.2434
ai20 4 2030 Cofl 43.6051
ai20 4 2030 CLCI 19
ai20 4 2030 CUCI 19
ai20 4 2030 CMedian 19
ai20 4 2030 CMean 19
ai20 4 2030 CStdn 4.91562e-006
ai20 4 2031 Cabc 41.2434
ai20 4 2031 Cofl 43.6051
ai20 4 2031 CLCI 19
ai20 4 2031 CUCI 19
ai20 4 2031 CMedian 19
ai20 4 2031 CMean 19
ai20 4 2031 CStdn 4.76446e-006
ai20 4 2032 Cabc 41.2434
ai20 4 2032 Cofl 43.6051
ai20 4 2032 CLCI 19
ai20 4 2032 CUCI 19
ai20 4 2032 CMedian 19
ai20 4 2032 CMean 19
ai20 4 2032 CStdn 4.97872e-006
ai20 4 2033 Cabc 41.2434
ai20 4 2033 Cofl 43.6051
ai20 4 2033 CLCI 19
ai20 4 2033 CUCI 19
ai20 4 2033 CMedian 19
ai20 4 2033 CMean 19
ai20 4 2033 CStdn 4.94239e-006
ai20 4 2034 Cabc 41.2434
ai20 4 2034 Cofl 43.6051
ai20 4 2034 CLCI 11.4929
ai20 4 2034 CUCI 65.9917
ai20 4 2034 CMedian 30.7729
ai20 4 2034 CMean 33.6139
ai20 4 2034 CStdn 17.7175
ai20 4 2020 SSBF100 185.475
ai20 4 2020 SSBFabc 74.1899
ai20 4 2020 SSBFofl 64.9161
ai20 4 2020 SSBLCI 90.0294
ai20 4 2020 SSBUCI 90.0294
ai20 4 2020 SSBMedian 90.0294
ai20 4 2020 SSBMean 90.0294
ai20 4 2021 SSBF100 185.475
ai20 4 2021 SSBFabc 74.1899
ai20 4 2021 SSBFofl 64.9161
ai20 4 2021 SSBLCI 89.8292
ai20 4 2021 SSBUCI 89.8298
ai20 4 2021 SSBMedian 89.8292
ai20 4 2021 SSBMean 89.8293
ai20 4 2022 SSBF100 185.475
ai20 4 2022 SSBFabc 74.1899
ai20 4 2022 SSBFofl 64.9161
ai20 4 2022 SSBLCI 88.2768
ai20 4 2022 SSBUCI 88.3388
ai20 4 2022 SSBMedian 88.285
ai20 4 2022 SSBMean 88.2937
ai20 4 2023 SSBF100 185.475
ai20 4 2023 SSBFabc 74.1899
ai20 4 2023 SSBFofl 64.9161
ai20 4 2023 SSBLCI 83.3893
ai20 4 2023 SSBUCI 85.1264
ai20 4 2023 SSBMedian 83.5919
ai20 4 2023 SSBMean 83.8386
ai20 4 2024 SSBF100 185.475
ai20 4 2024 SSBFabc 74.1899
ai20 4 2024 SSBFofl 64.9161
ai20 4 2024 SSBLCI 77.7716
ai20 4 2024 SSBUCI 101.43
ai20 4 2024 SSBMedian 80.6833
ai20 4 2024 SSBMean 83.9649
ai20 4 2025 SSBF100 185.475
ai20 4 2025 SSBFabc 74.1899
ai20 4 2025 SSBFofl 64.9161
ai20 4 2025 SSBLCI 69.4602
ai20 4 2025 SSBUCI 127.428
ai20 4 2025 SSBMedian 79.5729
ai20 4 2025 SSBMean 86.7171
ai20 4 2026 SSBF100 185.475
ai20 4 2026 SSBFabc 74.1899
ai20 4 2026 SSBFofl 64.9161
ai20 4 2026 SSBLCI 61.6191
ai20 4 2026 SSBUCI 160.176
ai20 4 2026 SSBMedian 82.4974
ai20 4 2026 SSBMean 92.3425
ai20 4 2027 SSBF100 185.475
ai20 4 2027 SSBFabc 74.1899
ai20 4 2027 SSBFofl 64.9161
ai20 4 2027 SSBLCI 55.5707
ai20 4 2027 SSBUCI 182.426
ai20 4 2027 SSBMedian 87.9873
ai20 4 2027 SSBMean 99.0621
ai20 4 2028 SSBF100 185.475
ai20 4 2028 SSBFabc 74.1899
ai20 4 2028 SSBFofl 64.9161
ai20 4 2028 SSBLCI 51.0267
ai20 4 2028 SSBUCI 197.129
ai20 4 2028 SSBMedian 93.357
ai20 4 2028 SSBMean 105.716
ai20 4 2029 SSBF100 185.475
ai20 4 2029 SSBFabc 74.1899
ai20 4 2029 SSBFofl 64.9161
ai20 4 2029 SSBLCI 47.6876
ai20 4 2029 SSBUCI 219.725
ai20 4 2029 SSBMedian 99.7166
ai20 4 2029 SSBMean 111.837
ai20 4 2030 SSBF100 185.475
ai20 4 2030 SSBFabc 74.1899
ai20 4 2030 SSBFofl 64.9161
ai20 4 2030 SSBLCI 48.8091
ai20 4 2030 SSBUCI 226.027
ai20 4 2030 SSBMedian 103.78
ai20 4 2030 SSBMean 117.076
ai20 4 2031 SSBF100 185.475
ai20 4 2031 SSBFabc 74.1899
ai20 4 2031 SSBFofl 64.9161
ai20 4 2031 SSBLCI 47.2573
ai20 4 2031 SSBUCI 232.846
ai20 4 2031 SSBMedian 109.373
ai20 4 2031 SSBMean 121.257
ai20 4 2032 SSBF100 185.475
ai20 4 2032 SSBFabc 74.1899
ai20 4 2032 SSBFofl 64.9161
ai20 4 2032 SSBLCI 45.4113
ai20 4 2032 SSBUCI 238.635
ai20 4 2032 SSBMedian 112.13
ai20 4 2032 SSBMean 124.597
ai20 4 2033 SSBF100 185.475
ai20 4 2033 SSBFabc 74.1899
ai20 4 2033 SSBFofl 64.9161
ai20 4 2033 SSBLCI 44.4536
ai20 4 2033 SSBUCI 243.903
ai20 4 2033 SSBMedian 115.502
ai20 4 2033 SSBMean 126.682
ai20 4 2034 SSBF100 185.475
ai20 4 2034 SSBFabc 74.1899
ai20 4 2034 SSBFofl 64.9161
ai20 4 2034 SSBLCI 44.2291
ai20 4 2034 SSBUCI 246.473
ai20 4 2034 SSBMedian 116.301
ai20 4 2034 SSBMean 126.841
ai20 4 2020 F0 0 
ai20 4 2020 Fabc 0.31335
ai20 4 2020 Fofl 0.390068
ai20 4 2020  F_LCI 0.0172015
ai20 4 2020  F_UCI 0.0172015
ai20 4 2020  F_Median 0.0172015
ai20 4 2020  F_Mean 0.0172015
ai20 4 2021 F0 0 
ai20 4 2021 Fabc 0.31335
ai20 4 2021 Fofl 0.390068
ai20 4 2021  F_LCI 0.00889418
ai20 4 2021  F_UCI 0.00894418
ai20 4 2021  F_Median 0.00893864
ai20 4 2021  F_Mean 0.00893152
ai20 4 2022 F0 0 
ai20 4 2022 Fabc 0.31335
ai20 4 2022 Fofl 0.390068
ai20 4 2022  F_LCI 0.106411
ai20 4 2022  F_UCI 0.108358
ai20 4 2022  F_Median 0.10804
ai20 4 2022  F_Mean 0.107784
ai20 4 2023 F0 0 
ai20 4 2023 Fabc 0.31335
ai20 4 2023 Fofl 0.390068
ai20 4 2023  F_LCI 0.112123
ai20 4 2023  F_UCI 0.118726
ai20 4 2023  F_Median 0.117465
ai20 4 2023  F_Mean 0.116695
ai20 4 2024 F0 0 
ai20 4 2024 Fabc 0.31335
ai20 4 2024 Fofl 0.390068
ai20 4 2024  F_LCI 0.108008
ai20 4 2024  F_UCI 0.128455
ai20 4 2024  F_Median 0.124257
ai20 4 2024  F_Mean 0.121985
ai20 4 2025 F0 0 
ai20 4 2025 Fabc 0.31335
ai20 4 2025 Fofl 0.390068
ai20 4 2025  F_LCI 0.0905296
ai20 4 2025  F_UCI 0.138428
ai20 4 2025  F_Median 0.12573
ai20 4 2025  F_Mean 0.121578
ai20 4 2026 F0 0 
ai20 4 2026 Fabc 0.31335
ai20 4 2026 Fofl 0.390068
ai20 4 2026  F_LCI 0.0690522
ai20 4 2026  F_UCI 0.15175
ai20 4 2026  F_Median 0.122035
ai20 4 2026  F_Mean 0.117962
ai20 4 2027 F0 0 
ai20 4 2027 Fabc 0.31335
ai20 4 2027 Fofl 0.390068
ai20 4 2027  F_LCI 0.0545637
ai20 4 2027  F_UCI 0.170861
ai20 4 2027  F_Median 0.115144
ai20 4 2027  F_Mean 0.11506
ai20 4 2028 F0 0 
ai20 4 2028 Fabc 0.31335
ai20 4 2028 Fofl 0.390068
ai20 4 2028  F_LCI 0.0481654
ai20 4 2028  F_UCI 0.194174
ai20 4 2028  F_Median 0.107389
ai20 4 2028  F_Mean 0.11256
ai20 4 2029 F0 0 
ai20 4 2029 Fabc 0.31335
ai20 4 2029 Fofl 0.390068
ai20 4 2029  F_LCI 0.0444114
ai20 4 2029  F_UCI 0.210996
ai20 4 2029  F_Median 0.100661
ai20 4 2029  F_Mean 0.109992
ai20 4 2030 F0 0 
ai20 4 2030 Fabc 0.31335
ai20 4 2030 Fofl 0.390068
ai20 4 2030  F_LCI 0.0409569
ai20 4 2030  F_UCI 0.217504
ai20 4 2030  F_Median 0.094433
ai20 4 2030  F_Mean 0.107798
ai20 4 2031 F0 0 
ai20 4 2031 Fabc 0.31335
ai20 4 2031 Fofl 0.390068
ai20 4 2031  F_LCI 0.0401127
ai20 4 2031  F_UCI 0.215853
ai20 4 2031  F_Median 0.0910952
ai20 4 2031  F_Mean 0.10617
ai20 4 2032 F0 0 
ai20 4 2032 Fabc 0.31335
ai20 4 2032 Fofl 0.390068
ai20 4 2032  F_LCI 0.0394144
ai20 4 2032  F_UCI 0.225059
ai20 4 2032  F_Median 0.0875293
ai20 4 2032  F_Mean 0.104892
ai20 4 2033 F0 0 
ai20 4 2033 Fabc 0.31335
ai20 4 2033 Fofl 0.390068
ai20 4 2033  F_LCI 0.0381967
ai20 4 2033  F_UCI 0.227719
ai20 4 2033  F_Median 0.0845872
ai20 4 2033  F_Mean 0.103724
ai20 4 2034 F0 0 
ai20 4 2034 Fabc 0.31335
ai20 4 2034 Fofl 0.390068
ai20 4 2034  F_LCI 0.137793
ai20 4 2034  F_UCI 0.137793
ai20 4 2034  F_Median 0.137793
ai20 4 2034  F_Mean 0.1349
ai20 5 2020 Cabc 41.2434
ai20 5 2020 Cofl 43.6051
ai20 5 2020 CLCI 3.205
ai20 5 2020 CUCI 3.205
ai20 5 2020 CMedian 3.205
ai20 5 2020 CMean 3.205
ai20 5 2020 CStdn 4.66294e-014
ai20 5 2021 Cabc 41.2434
ai20 5 2021 Cofl 43.6051
ai20 5 2021 CLCI 1.656
ai20 5 2021 CUCI 1.656
ai20 5 2021 CMedian 1.656
ai20 5 2021 CMean 1.656
ai20 5 2021 CStdn 1.86968e-007
ai20 5 2022 Cabc 41.2434
ai20 5 2022 Cofl 43.6051
ai20 5 2022 CLCI 19
ai20 5 2022 CUCI 19
ai20 5 2022 CMedian 19
ai20 5 2022 CMean 19
ai20 5 2022 CStdn 6.07245e-007
ai20 5 2023 Cabc 41.2434
ai20 5 2023 Cofl 43.6051
ai20 5 2023 CLCI 19
ai20 5 2023 CUCI 19
ai20 5 2023 CMedian 19
ai20 5 2023 CMean 19
ai20 5 2023 CStdn 6.964e-007
ai20 5 2024 Cabc 41.2434
ai20 5 2024 Cofl 43.6051
ai20 5 2024 CLCI 19
ai20 5 2024 CUCI 19
ai20 5 2024 CMedian 19
ai20 5 2024 CMean 19
ai20 5 2024 CStdn 1.07516e-006
ai20 5 2025 Cabc 41.2434
ai20 5 2025 Cofl 43.6051
ai20 5 2025 CLCI 19
ai20 5 2025 CUCI 19
ai20 5 2025 CMedian 19
ai20 5 2025 CMean 19
ai20 5 2025 CStdn 2.37265e-006
ai20 5 2026 Cabc 41.2434
ai20 5 2026 Cofl 43.6051
ai20 5 2026 CLCI 19
ai20 5 2026 CUCI 19
ai20 5 2026 CMedian 19
ai20 5 2026 CMean 19
ai20 5 2026 CStdn 4.13894e-006
ai20 5 2027 Cabc 41.2434
ai20 5 2027 Cofl 43.6051
ai20 5 2027 CLCI 19
ai20 5 2027 CUCI 19
ai20 5 2027 CMedian 19
ai20 5 2027 CMean 19
ai20 5 2027 CStdn 4.78519e-006
ai20 5 2028 Cabc 41.2434
ai20 5 2028 Cofl 43.6051
ai20 5 2028 CLCI 19
ai20 5 2028 CUCI 19
ai20 5 2028 CMedian 19
ai20 5 2028 CMean 19
ai20 5 2028 CStdn 5.14076e-006
ai20 5 2029 Cabc 41.2434
ai20 5 2029 Cofl 43.6051
ai20 5 2029 CLCI 19
ai20 5 2029 CUCI 19
ai20 5 2029 CMedian 19
ai20 5 2029 CMean 19
ai20 5 2029 CStdn 4.87487e-006
ai20 5 2030 Cabc 41.2434
ai20 5 2030 Cofl 43.6051
ai20 5 2030 CLCI 19
ai20 5 2030 CUCI 19
ai20 5 2030 CMedian 19
ai20 5 2030 CMean 19
ai20 5 2030 CStdn 4.91562e-006
ai20 5 2031 Cabc 41.2434
ai20 5 2031 Cofl 43.6051
ai20 5 2031 CLCI 19
ai20 5 2031 CUCI 19
ai20 5 2031 CMedian 19
ai20 5 2031 CMean 19
ai20 5 2031 CStdn 4.76446e-006
ai20 5 2032 Cabc 41.2434
ai20 5 2032 Cofl 43.6051
ai20 5 2032 CLCI 19
ai20 5 2032 CUCI 19
ai20 5 2032 CMedian 19
ai20 5 2032 CMean 19
ai20 5 2032 CStdn 4.97872e-006
ai20 5 2033 Cabc 41.2434
ai20 5 2033 Cofl 43.6051
ai20 5 2033 CLCI 19
ai20 5 2033 CUCI 19
ai20 5 2033 CMedian 19
ai20 5 2033 CMean 19
ai20 5 2033 CStdn 4.94239e-006
ai20 5 2034 Cabc 41.2434
ai20 5 2034 Cofl 43.6051
ai20 5 2034 CLCI 0
ai20 5 2034 CUCI 0
ai20 5 2034 CMedian 0
ai20 5 2034 CMean 0
ai20 5 2034 CStdn 0
ai20 5 2020 SSBF100 185.475
ai20 5 2020 SSBFabc 74.1899
ai20 5 2020 SSBFofl 64.9161
ai20 5 2020 SSBLCI 90.0294
ai20 5 2020 SSBUCI 90.0294
ai20 5 2020 SSBMedian 90.0294
ai20 5 2020 SSBMean 90.0294
ai20 5 2021 SSBF100 185.475
ai20 5 2021 SSBFabc 74.1899
ai20 5 2021 SSBFofl 64.9161
ai20 5 2021 SSBLCI 89.8292
ai20 5 2021 SSBUCI 89.8298
ai20 5 2021 SSBMedian 89.8292
ai20 5 2021 SSBMean 89.8293
ai20 5 2022 SSBF100 185.475
ai20 5 2022 SSBFabc 74.1899
ai20 5 2022 SSBFofl 64.9161
ai20 5 2022 SSBLCI 88.2768
ai20 5 2022 SSBUCI 88.3388
ai20 5 2022 SSBMedian 88.285
ai20 5 2022 SSBMean 88.2937
ai20 5 2023 SSBF100 185.475
ai20 5 2023 SSBFabc 74.1899
ai20 5 2023 SSBFofl 64.9161
ai20 5 2023 SSBLCI 83.3893
ai20 5 2023 SSBUCI 85.1264
ai20 5 2023 SSBMedian 83.5919
ai20 5 2023 SSBMean 83.8386
ai20 5 2024 SSBF100 185.475
ai20 5 2024 SSBFabc 74.1899
ai20 5 2024 SSBFofl 64.9161
ai20 5 2024 SSBLCI 77.7716
ai20 5 2024 SSBUCI 101.43
ai20 5 2024 SSBMedian 80.6833
ai20 5 2024 SSBMean 83.9649
ai20 5 2025 SSBF100 185.475
ai20 5 2025 SSBFabc 74.1899
ai20 5 2025 SSBFofl 64.9161
ai20 5 2025 SSBLCI 69.4602
ai20 5 2025 SSBUCI 127.428
ai20 5 2025 SSBMedian 79.5729
ai20 5 2025 SSBMean 86.7171
ai20 5 2026 SSBF100 185.475
ai20 5 2026 SSBFabc 74.1899
ai20 5 2026 SSBFofl 64.9161
ai20 5 2026 SSBLCI 61.6191
ai20 5 2026 SSBUCI 160.176
ai20 5 2026 SSBMedian 82.4974
ai20 5 2026 SSBMean 92.3425
ai20 5 2027 SSBF100 185.475
ai20 5 2027 SSBFabc 74.1899
ai20 5 2027 SSBFofl 64.9161
ai20 5 2027 SSBLCI 55.5707
ai20 5 2027 SSBUCI 182.426
ai20 5 2027 SSBMedian 87.9873
ai20 5 2027 SSBMean 99.0621
ai20 5 2028 SSBF100 185.475
ai20 5 2028 SSBFabc 74.1899
ai20 5 2028 SSBFofl 64.9161
ai20 5 2028 SSBLCI 51.0267
ai20 5 2028 SSBUCI 197.129
ai20 5 2028 SSBMedian 93.357
ai20 5 2028 SSBMean 105.716
ai20 5 2029 SSBF100 185.475
ai20 5 2029 SSBFabc 74.1899
ai20 5 2029 SSBFofl 64.9161
ai20 5 2029 SSBLCI 47.6876
ai20 5 2029 SSBUCI 219.725
ai20 5 2029 SSBMedian 99.7166
ai20 5 2029 SSBMean 111.837
ai20 5 2030 SSBF100 185.475
ai20 5 2030 SSBFabc 74.1899
ai20 5 2030 SSBFofl 64.9161
ai20 5 2030 SSBLCI 48.8091
ai20 5 2030 SSBUCI 226.027
ai20 5 2030 SSBMedian 103.78
ai20 5 2030 SSBMean 117.076
ai20 5 2031 SSBF100 185.475
ai20 5 2031 SSBFabc 74.1899
ai20 5 2031 SSBFofl 64.9161
ai20 5 2031 SSBLCI 47.2573
ai20 5 2031 SSBUCI 232.846
ai20 5 2031 SSBMedian 109.373
ai20 5 2031 SSBMean 121.257
ai20 5 2032 SSBF100 185.475
ai20 5 2032 SSBFabc 74.1899
ai20 5 2032 SSBFofl 64.9161
ai20 5 2032 SSBLCI 45.4113
ai20 5 2032 SSBUCI 238.635
ai20 5 2032 SSBMedian 112.13
ai20 5 2032 SSBMean 124.597
ai20 5 2033 SSBF100 185.475
ai20 5 2033 SSBFabc 74.1899
ai20 5 2033 SSBFofl 64.9161
ai20 5 2033 SSBLCI 44.4536
ai20 5 2033 SSBUCI 243.903
ai20 5 2033 SSBMedian 115.502
ai20 5 2033 SSBMean 126.682
ai20 5 2034 SSBF100 185.475
ai20 5 2034 SSBFabc 74.1899
ai20 5 2034 SSBFofl 64.9161
ai20 5 2034 SSBLCI 44.9795
ai20 5 2034 SSBUCI 251
ai20 5 2034 SSBMedian 118.212
ai20 5 2034 SSBMean 129.21
ai20 5 2020 F0 0 
ai20 5 2020 Fabc 0.31335
ai20 5 2020 Fofl 0.390068
ai20 5 2020  F_LCI 0.0172015
ai20 5 2020  F_UCI 0.0172015
ai20 5 2020  F_Median 0.0172015
ai20 5 2020  F_Mean 0.0172015
ai20 5 2021 F0 0 
ai20 5 2021 Fabc 0.31335
ai20 5 2021 Fofl 0.390068
ai20 5 2021  F_LCI 0.00889418
ai20 5 2021  F_UCI 0.00894418
ai20 5 2021  F_Median 0.00893864
ai20 5 2021  F_Mean 0.00893152
ai20 5 2022 F0 0 
ai20 5 2022 Fabc 0.31335
ai20 5 2022 Fofl 0.390068
ai20 5 2022  F_LCI 0.106411
ai20 5 2022  F_UCI 0.108358
ai20 5 2022  F_Median 0.10804
ai20 5 2022  F_Mean 0.107784
ai20 5 2023 F0 0 
ai20 5 2023 Fabc 0.31335
ai20 5 2023 Fofl 0.390068
ai20 5 2023  F_LCI 0.112123
ai20 5 2023  F_UCI 0.118726
ai20 5 2023  F_Median 0.117465
ai20 5 2023  F_Mean 0.116695
ai20 5 2024 F0 0 
ai20 5 2024 Fabc 0.31335
ai20 5 2024 Fofl 0.390068
ai20 5 2024  F_LCI 0.108008
ai20 5 2024  F_UCI 0.128455
ai20 5 2024  F_Median 0.124257
ai20 5 2024  F_Mean 0.121985
ai20 5 2025 F0 0 
ai20 5 2025 Fabc 0.31335
ai20 5 2025 Fofl 0.390068
ai20 5 2025  F_LCI 0.0905296
ai20 5 2025  F_UCI 0.138428
ai20 5 2025  F_Median 0.12573
ai20 5 2025  F_Mean 0.121578
ai20 5 2026 F0 0 
ai20 5 2026 Fabc 0.31335
ai20 5 2026 Fofl 0.390068
ai20 5 2026  F_LCI 0.0690522
ai20 5 2026  F_UCI 0.15175
ai20 5 2026  F_Median 0.122035
ai20 5 2026  F_Mean 0.117962
ai20 5 2027 F0 0 
ai20 5 2027 Fabc 0.31335
ai20 5 2027 Fofl 0.390068
ai20 5 2027  F_LCI 0.0545637
ai20 5 2027  F_UCI 0.170861
ai20 5 2027  F_Median 0.115144
ai20 5 2027  F_Mean 0.11506
ai20 5 2028 F0 0 
ai20 5 2028 Fabc 0.31335
ai20 5 2028 Fofl 0.390068
ai20 5 2028  F_LCI 0.0481654
ai20 5 2028  F_UCI 0.194174
ai20 5 2028  F_Median 0.107389
ai20 5 2028  F_Mean 0.11256
ai20 5 2029 F0 0 
ai20 5 2029 Fabc 0.31335
ai20 5 2029 Fofl 0.390068
ai20 5 2029  F_LCI 0.0444114
ai20 5 2029  F_UCI 0.210996
ai20 5 2029  F_Median 0.100661
ai20 5 2029  F_Mean 0.109992
ai20 5 2030 F0 0 
ai20 5 2030 Fabc 0.31335
ai20 5 2030 Fofl 0.390068
ai20 5 2030  F_LCI 0.0409569
ai20 5 2030  F_UCI 0.217504
ai20 5 2030  F_Median 0.094433
ai20 5 2030  F_Mean 0.107798
ai20 5 2031 F0 0 
ai20 5 2031 Fabc 0.31335
ai20 5 2031 Fofl 0.390068
ai20 5 2031  F_LCI 0.0401127
ai20 5 2031  F_UCI 0.215853
ai20 5 2031  F_Median 0.0910952
ai20 5 2031  F_Mean 0.10617
ai20 5 2032 F0 0 
ai20 5 2032 Fabc 0.31335
ai20 5 2032 Fofl 0.390068
ai20 5 2032  F_LCI 0.0394144
ai20 5 2032  F_UCI 0.225059
ai20 5 2032  F_Median 0.0875293
ai20 5 2032  F_Mean 0.104892
ai20 5 2033 F0 0 
ai20 5 2033 Fabc 0.31335
ai20 5 2033 Fofl 0.390068
ai20 5 2033  F_LCI 0.0381967
ai20 5 2033  F_UCI 0.227719
ai20 5 2033  F_Median 0.0845872
ai20 5 2033  F_Mean 0.103724
ai20 5 2034 F0 0 
ai20 5 2034 Fabc 0.31335
ai20 5 2034 Fofl 0.390068
ai20 5 2034  F_LCI 0
ai20 5 2034  F_UCI 0
ai20 5 2034  F_Median 0
ai20 5 2034  F_Mean 0
ai20 6 2020 Cabc 41.2434
ai20 6 2020 Cofl 43.6051
ai20 6 2020 CLCI 3.205
ai20 6 2020 CUCI 3.205
ai20 6 2020 CMedian 3.205
ai20 6 2020 CMean 3.205
ai20 6 2020 CStdn 4.66294e-014
ai20 6 2021 Cabc 41.2434
ai20 6 2021 Cofl 43.6051
ai20 6 2021 CLCI 61.6992
ai20 6 2021 CUCI 62.1018
ai20 6 2021 CMedian 61.7436
ai20 6 2021 CMean 61.8014
ai20 6 2021 CStdn 0.165057
ai20 6 2022 Cabc 41.2434
ai20 6 2022 Cofl 43.6051
ai20 6 2022 CLCI 39.4259
ai20 6 2022 CUCI 40.4525
ai20 6 2022 CMedian 39.5908
ai20 6 2022 CMean 39.7285
ai20 6 2022 CStdn 0.407471
ai20 6 2023 Cabc 41.2434
ai20 6 2023 Cofl 43.6051
ai20 6 2023 CLCI 27.7089
ai20 6 2023 CUCI 30.8662
ai20 6 2023 CMedian 28.2257
ai20 6 2023 CMean 28.6379
ai20 6 2023 CStdn 1.30524
ai20 6 2024 Cabc 41.2434
ai20 6 2024 Cofl 43.6051
ai20 6 2024 CLCI 22.6749
ai20 6 2024 CUCI 40.3067
ai20 6 2024 CMedian 24.9737
ai20 6 2024 CMean 27.1916
ai20 6 2024 CStdn 6.06585
ai20 6 2025 Cabc 41.2434
ai20 6 2025 Cofl 43.6051
ai20 6 2025 CLCI 18.9531
ai20 6 2025 CUCI 52.6045
ai20 6 2025 CMedian 25.4424
ai20 6 2025 CMean 29.6472
ai20 6 2025 CStdn 11.9986
ai20 6 2026 Cabc 41.2434
ai20 6 2026 Cofl 43.6051
ai20 6 2026 CLCI 16.3608
ai20 6 2026 CUCI 68.2548
ai20 6 2026 CMedian 29.0272
ai20 6 2026 CMean 34.209
ai20 6 2026 CStdn 18.2388
ai20 6 2027 Cabc 41.2434
ai20 6 2027 Cofl 43.6051
ai20 6 2027 CLCI 14.3522
ai20 6 2027 CUCI 80.3222
ai20 6 2027 CMedian 32.7156
ai20 6 2027 CMean 38.3338
ai20 6 2027 CStdn 22.0241
ai20 6 2028 Cabc 41.2434
ai20 6 2028 Cofl 43.6051
ai20 6 2028 CLCI 13.2859
ai20 6 2028 CUCI 84.1705
ai20 6 2028 CMedian 35.6353
ai20 6 2028 CMean 41.0335
ai20 6 2028 CStdn 23.9712
ai20 6 2029 Cabc 41.2434
ai20 6 2029 Cofl 43.6051
ai20 6 2029 CLCI 14.0252
ai20 6 2029 CUCI 86.6931
ai20 6 2029 CMedian 36.7527
ai20 6 2029 CMean 42.3643
ai20 6 2029 CStdn 24.9469
ai20 6 2030 Cabc 41.2434
ai20 6 2030 Cofl 43.6051
ai20 6 2030 CLCI 13.8151
ai20 6 2030 CUCI 87.7278
ai20 6 2030 CMedian 36.9738
ai20 6 2030 CMean 42.9646
ai20 6 2030 CStdn 25.2569
ai20 6 2031 Cabc 41.2434
ai20 6 2031 Cofl 43.6051
ai20 6 2031 CLCI 13.3903
ai20 6 2031 CUCI 88.7416
ai20 6 2031 CMedian 37.258
ai20 6 2031 CMean 42.916
ai20 6 2031 CStdn 25.0087
ai20 6 2032 Cabc 41.2434
ai20 6 2032 Cofl 43.6051
ai20 6 2032 CLCI 13.2799
ai20 6 2032 CUCI 87.3322
ai20 6 2032 CMedian 37.8461
ai20 6 2032 CMean 42.6505
ai20 6 2032 CStdn 24.2729
ai20 6 2033 Cabc 41.2434
ai20 6 2033 Cofl 43.6051
ai20 6 2033 CLCI 13.6155
ai20 6 2033 CUCI 86.2736
ai20 6 2033 CMedian 36.1729
ai20 6 2033 CMean 42.1073
ai20 6 2033 CStdn 23.9935
ai20 6 2034 Cabc 41.2434
ai20 6 2034 Cofl 43.6051
ai20 6 2034 CLCI 13.4596
ai20 6 2034 CUCI 87.7447
ai20 6 2034 CMedian 35.7459
ai20 6 2034 CMean 41.6144
ai20 6 2034 CStdn 23.9488
ai20 6 2020 SSBF100 185.475
ai20 6 2020 SSBFabc 74.1899
ai20 6 2020 SSBFofl 64.9161
ai20 6 2020 SSBLCI 90.0294
ai20 6 2020 SSBUCI 90.0294
ai20 6 2020 SSBMedian 90.0294
ai20 6 2020 SSBMean 90.0294
ai20 6 2021 SSBF100 185.475
ai20 6 2021 SSBFabc 74.1899
ai20 6 2021 SSBFofl 64.9161
ai20 6 2021 SSBLCI 85.0319
ai20 6 2021 SSBUCI 85.0319
ai20 6 2021 SSBMedian 85.0319
ai20 6 2021 SSBMean 85.0319
ai20 6 2022 SSBF100 185.475
ai20 6 2022 SSBFabc 74.1899
ai20 6 2022 SSBFofl 64.9161
ai20 6 2022 SSBLCI 63.9518
ai20 6 2022 SSBUCI 63.986
ai20 6 2022 SSBMedian 63.9555
ai20 6 2022 SSBMean 63.9604
ai20 6 2023 SSBF100 185.475
ai20 6 2023 SSBFabc 74.1899
ai20 6 2023 SSBFofl 64.9161
ai20 6 2023 SSBLCI 54.8874
ai20 6 2023 SSBUCI 56.3473
ai20 6 2023 SSBMedian 55.0523
ai20 6 2023 SSBMean 55.262
ai20 6 2024 SSBF100 185.475
ai20 6 2024 SSBFabc 74.1899
ai20 6 2024 SSBFofl 64.9161
ai20 6 2024 SSBLCI 49.69
ai20 6 2024 SSBUCI 70.9658
ai20 6 2024 SSBMedian 52.2726
ai20 6 2024 SSBMean 55.2529
ai20 6 2025 SSBF100 185.475
ai20 6 2025 SSBFabc 74.1899
ai20 6 2025 SSBFofl 64.9161
ai20 6 2025 SSBLCI 44.1966
ai20 6 2025 SSBUCI 92.9135
ai20 6 2025 SSBMedian 52.7804
ai20 6 2025 SSBMean 58.6183
ai20 6 2026 SSBF100 185.475
ai20 6 2026 SSBFabc 74.1899
ai20 6 2026 SSBFofl 64.9161
ai20 6 2026 SSBLCI 40.2282
ai20 6 2026 SSBUCI 114.895
ai20 6 2026 SSBMedian 56.1699
ai20 6 2026 SSBMean 63.4847
ai20 6 2027 SSBF100 185.475
ai20 6 2027 SSBFabc 74.1899
ai20 6 2027 SSBFofl 64.9161
ai20 6 2027 SSBLCI 37.9331
ai20 6 2027 SSBUCI 124.644
ai20 6 2027 SSBMedian 60.0881
ai20 6 2027 SSBMean 67.573
ai20 6 2028 SSBF100 185.475
ai20 6 2028 SSBFabc 74.1899
ai20 6 2028 SSBFofl 64.9161
ai20 6 2028 SSBLCI 37.5255
ai20 6 2028 SSBUCI 129.204
ai20 6 2028 SSBMedian 61.5624
ai20 6 2028 SSBMean 70.2453
ai20 6 2029 SSBF100 185.475
ai20 6 2029 SSBFabc 74.1899
ai20 6 2029 SSBFofl 64.9161
ai20 6 2029 SSBLCI 38.1836
ai20 6 2029 SSBUCI 131.751
ai20 6 2029 SSBMedian 63.1101
ai20 6 2029 SSBMean 71.5728
ai20 6 2030 SSBF100 185.475
ai20 6 2030 SSBFabc 74.1899
ai20 6 2030 SSBFofl 64.9161
ai20 6 2030 SSBLCI 37.9342
ai20 6 2030 SSBUCI 133.045
ai20 6 2030 SSBMedian 63.7437
ai20 6 2030 SSBMean 72.0142
ai20 6 2031 SSBF100 185.475
ai20 6 2031 SSBFabc 74.1899
ai20 6 2031 SSBFofl 64.9161
ai20 6 2031 SSBLCI 37.6504
ai20 6 2031 SSBUCI 130.151
ai20 6 2031 SSBMedian 64.1499
ai20 6 2031 SSBMean 71.8851
ai20 6 2032 SSBF100 185.475
ai20 6 2032 SSBFabc 74.1899
ai20 6 2032 SSBFofl 64.9161
ai20 6 2032 SSBLCI 37.3648
ai20 6 2032 SSBUCI 132.061
ai20 6 2032 SSBMedian 63.8119
ai20 6 2032 SSBMean 71.6093
ai20 6 2033 SSBF100 185.475
ai20 6 2033 SSBFabc 74.1899
ai20 6 2033 SSBFofl 64.9161
ai20 6 2033 SSBLCI 37.8528
ai20 6 2033 SSBUCI 129.681
ai20 6 2033 SSBMedian 62.829
ai20 6 2033 SSBMean 70.892
ai20 6 2034 SSBF100 185.475
ai20 6 2034 SSBFabc 74.1899
ai20 6 2034 SSBFofl 64.9161
ai20 6 2034 SSBLCI 37.4594
ai20 6 2034 SSBUCI 129.53
ai20 6 2034 SSBMedian 62.1617
ai20 6 2034 SSBMean 70.1114
ai20 6 2020 F0 0 
ai20 6 2020 Fabc 0.31335
ai20 6 2020 Fofl 0.390068
ai20 6 2020  F_LCI 0.0172015
ai20 6 2020  F_UCI 0.0172015
ai20 6 2020  F_Median 0.0172015
ai20 6 2020  F_Mean 0.0172015
ai20 6 2021 F0 0 
ai20 6 2021 Fabc 0.31335
ai20 6 2021 Fofl 0.390068
ai20 6 2021  F_LCI 0.390068
ai20 6 2021  F_UCI 0.390068
ai20 6 2021  F_Median 0.390068
ai20 6 2021  F_Mean 0.390068
ai20 6 2022 F0 0 
ai20 6 2022 Fabc 0.31335
ai20 6 2022 Fofl 0.390068
ai20 6 2022  F_LCI 0.333405
ai20 6 2022  F_UCI 0.333595
ai20 6 2022  F_Median 0.333426
ai20 6 2022  F_Mean 0.333454
ai20 6 2023 F0 0 
ai20 6 2023 Fabc 0.31335
ai20 6 2023 Fofl 0.390068
ai20 6 2023  F_LCI 0.28324
ai20 6 2023  F_UCI 0.29132
ai20 6 2023  F_Median 0.284153
ai20 6 2023  F_Mean 0.285313
ai20 6 2024 F0 0 
ai20 6 2024 Fabc 0.31335
ai20 6 2024 Fofl 0.390068
ai20 6 2024  F_LCI 0.254475
ai20 6 2024  F_UCI 0.372224
ai20 6 2024  F_Median 0.268768
ai20 6 2024  F_Mean 0.282252
ai20 6 2025 F0 0 
ai20 6 2025 Fabc 0.31335
ai20 6 2025 Fofl 0.390068
ai20 6 2025  F_LCI 0.224072
ai20 6 2025  F_UCI 0.390068
ai20 6 2025  F_Median 0.271579
ai20 6 2025  F_Mean 0.288057
ai20 6 2026 F0 0 
ai20 6 2026 Fabc 0.31335
ai20 6 2026 Fofl 0.390068
ai20 6 2026  F_LCI 0.202109
ai20 6 2026  F_UCI 0.390068
ai20 6 2026  F_Median 0.290338
ai20 6 2026  F_Mean 0.298267
ai20 6 2027 F0 0 
ai20 6 2027 Fabc 0.31335
ai20 6 2027 Fofl 0.390068
ai20 6 2027  F_LCI 0.189408
ai20 6 2027  F_UCI 0.390068
ai20 6 2027  F_Median 0.312022
ai20 6 2027  F_Mean 0.30871
ai20 6 2028 F0 0 
ai20 6 2028 Fabc 0.31335
ai20 6 2028 Fofl 0.390068
ai20 6 2028  F_LCI 0.187152
ai20 6 2028  F_UCI 0.390068
ai20 6 2028  F_Median 0.320182
ai20 6 2028  F_Mean 0.313785
ai20 6 2029 F0 0 
ai20 6 2029 Fabc 0.31335
ai20 6 2029 Fofl 0.390068
ai20 6 2029  F_LCI 0.190794
ai20 6 2029  F_UCI 0.390068
ai20 6 2029  F_Median 0.328747
ai20 6 2029  F_Mean 0.315828
ai20 6 2030 F0 0 
ai20 6 2030 Fabc 0.31335
ai20 6 2030 Fofl 0.390068
ai20 6 2030  F_LCI 0.189414
ai20 6 2030  F_UCI 0.390068
ai20 6 2030  F_Median 0.332254
ai20 6 2030  F_Mean 0.317908
ai20 6 2031 F0 0 
ai20 6 2031 Fabc 0.31335
ai20 6 2031 Fofl 0.390068
ai20 6 2031  F_LCI 0.187843
ai20 6 2031  F_UCI 0.390068
ai20 6 2031  F_Median 0.334502
ai20 6 2031  F_Mean 0.317985
ai20 6 2032 F0 0 
ai20 6 2032 Fabc 0.31335
ai20 6 2032 Fofl 0.390068
ai20 6 2032  F_LCI 0.186262
ai20 6 2032  F_UCI 0.390068
ai20 6 2032  F_Median 0.332632
ai20 6 2032  F_Mean 0.317846
ai20 6 2033 F0 0 
ai20 6 2033 Fabc 0.31335
ai20 6 2033 Fofl 0.390068
ai20 6 2033  F_LCI 0.188963
ai20 6 2033  F_UCI 0.390068
ai20 6 2033  F_Median 0.327192
ai20 6 2033  F_Mean 0.315911
ai20 6 2034 F0 0 
ai20 6 2034 Fabc 0.31335
ai20 6 2034 Fofl 0.390068
ai20 6 2034  F_LCI 0.186786
ai20 6 2034  F_UCI 0.390068
ai20 6 2034  F_Median 0.323499
ai20 6 2034  F_Mean 0.314979
ai20 7 2020 Cabc 41.2434
ai20 7 2020 Cofl 43.6051
ai20 7 2020 CLCI 3.205
ai20 7 2020 CUCI 3.205
ai20 7 2020 CMedian 3.205
ai20 7 2020 CMean 3.205
ai20 7 2020 CStdn 4.66294e-014
ai20 7 2021 Cabc 41.2434
ai20 7 2021 Cofl 43.6051
ai20 7 2021 CLCI 51.1143
ai20 7 2021 CUCI 51.4378
ai20 7 2021 CMedian 51.1499
ai20 7 2021 CMean 51.1964
ai20 7 2021 CStdn 0.132658
ai20 7 2022 Cabc 41.2434
ai20 7 2022 Cofl 43.6051
ai20 7 2022 CLCI 36.6442
ai20 7 2022 CUCI 37.5285
ai20 7 2022 CMedian 36.7861
ai20 7 2022 CMean 36.9047
ai20 7 2022 CStdn 0.350956
ai20 7 2023 Cabc 41.2434
ai20 7 2023 Cofl 43.6051
ai20 7 2023 CLCI 32.2889
ai20 7 2023 CUCI 35.6918
ai20 7 2023 CMedian 32.8473
ai20 7 2023 CMean 33.2906
ai20 7 2023 CStdn 1.4034
ai20 7 2024 Cabc 41.2434
ai20 7 2024 Cofl 43.6051
ai20 7 2024 CLCI 24.7592
ai20 7 2024 CUCI 42.97
ai20 7 2024 CMedian 27.1489
ai20 7 2024 CMean 29.3778
ai20 7 2024 CStdn 6.05545
ai20 7 2025 Cabc 41.2434
ai20 7 2025 Cofl 43.6051
ai20 7 2025 CLCI 19.9051
ai20 7 2025 CUCI 53.3205
ai20 7 2025 CMedian 26.5043
ai20 7 2025 CMean 30.6648
ai20 7 2025 CStdn 11.9665
ai20 7 2026 Cabc 41.2434
ai20 7 2026 Cofl 43.6051
ai20 7 2026 CLCI 16.788
ai20 7 2026 CUCI 68.6232
ai20 7 2026 CMedian 29.4744
ai20 7 2026 CMean 34.6493
ai20 7 2026 CStdn 18.2254
ai20 7 2027 Cabc 41.2434
ai20 7 2027 Cofl 43.6051
ai20 7 2027 CLCI 14.5312
ai20 7 2027 CUCI 80.6445
ai20 7 2027 CMedian 32.9134
ai20 7 2027 CMean 38.4965
ai20 7 2027 CStdn 22.0206
ai20 7 2028 Cabc 41.2434
ai20 7 2028 Cofl 43.6051
ai20 7 2028 CLCI 13.3553
ai20 7 2028 CUCI 84.1959
ai20 7 2028 CMedian 35.6345
ai20 7 2028 CMean 41.0763
ai20 7 2028 CStdn 23.9673
ai20 7 2029 Cabc 41.2434
ai20 7 2029 Cofl 43.6051
ai20 7 2029 CLCI 14.0323
ai20 7 2029 CUCI 86.6553
ai20 7 2029 CMedian 36.7171
ai20 7 2029 CMean 42.3628
ai20 7 2029 CStdn 24.9411
ai20 7 2030 Cabc 41.2434
ai20 7 2030 Cofl 43.6051
ai20 7 2030 CLCI 13.8186
ai20 7 2030 CUCI 87.7211
ai20 7 2030 CMedian 36.9798
ai20 7 2030 CMean 42.9522
ai20 7 2030 CStdn 25.2525
ai20 7 2031 Cabc 41.2434
ai20 7 2031 Cofl 43.6051
ai20 7 2031 CLCI 13.3824
ai20 7 2031 CUCI 88.7344
ai20 7 2031 CMedian 37.237
ai20 7 2031 CMean 42.9051
ai20 7 2031 CStdn 25.0064
ai20 7 2032 Cabc 41.2434
ai20 7 2032 Cofl 43.6051
ai20 7 2032 CLCI 13.2746
ai20 7 2032 CUCI 87.3276
ai20 7 2032 CMedian 37.8454
ai20 7 2032 CMean 42.6436
ai20 7 2032 CStdn 24.2717
ai20 7 2033 Cabc 41.2434
ai20 7 2033 Cofl 43.6051
ai20 7 2033 CLCI 13.6126
ai20 7 2033 CUCI 86.2668
ai20 7 2033 CMedian 36.1705
ai20 7 2033 CMean 42.1036
ai20 7 2033 CStdn 23.9929
ai20 7 2034 Cabc 41.2434
ai20 7 2034 Cofl 43.6051
ai20 7 2034 CLCI 13.4608
ai20 7 2034 CUCI 87.7444
ai20 7 2034 CMedian 35.745
ai20 7 2034 CMean 41.6126
ai20 7 2034 CStdn 23.9485
ai20 7 2020 SSBF100 185.475
ai20 7 2020 SSBFabc 74.1899
ai20 7 2020 SSBFofl 64.9161
ai20 7 2020 SSBLCI 90.0294
ai20 7 2020 SSBUCI 90.0294
ai20 7 2020 SSBMedian 90.0294
ai20 7 2020 SSBMean 90.0294
ai20 7 2021 SSBF100 185.475
ai20 7 2021 SSBFabc 74.1899
ai20 7 2021 SSBFofl 64.9161
ai20 7 2021 SSBLCI 85.9751
ai20 7 2021 SSBUCI 85.9751
ai20 7 2021 SSBMedian 85.9751
ai20 7 2021 SSBMean 85.9751
ai20 7 2022 SSBF100 185.475
ai20 7 2022 SSBFabc 74.1899
ai20 7 2022 SSBFofl 64.9161
ai20 7 2022 SSBLCI 68.1626
ai20 7 2022 SSBUCI 68.1971
ai20 7 2022 SSBMedian 68.1664
ai20 7 2022 SSBMean 68.1713
ai20 7 2023 SSBF100 185.475
ai20 7 2023 SSBFabc 74.1899
ai20 7 2023 SSBFofl 64.9161
ai20 7 2023 SSBLCI 59.0752
ai20 7 2023 SSBUCI 60.5338
ai20 7 2023 SSBMedian 59.2399
ai20 7 2023 SSBMean 59.4494
ai20 7 2024 SSBF100 185.475
ai20 7 2024 SSBFabc 74.1899
ai20 7 2024 SSBFofl 64.9161
ai20 7 2024 SSBLCI 51.8179
ai20 7 2024 SSBUCI 73.0472
ai20 7 2024 SSBMedian 54.3946
ai20 7 2024 SSBMean 57.3732
ai20 7 2025 SSBF100 185.475
ai20 7 2025 SSBFabc 74.1899
ai20 7 2025 SSBFofl 64.9161
ai20 7 2025 SSBLCI 45.2682
ai20 7 2025 SSBUCI 93.8248
ai20 7 2025 SSBMedian 53.8046
ai20 7 2025 SSBMean 59.6514
ai20 7 2026 SSBF100 185.475
ai20 7 2026 SSBFabc 74.1899
ai20 7 2026 SSBFofl 64.9161
ai20 7 2026 SSBLCI 40.7571
ai20 7 2026 SSBUCI 115.651
ai20 7 2026 SSBMedian 56.6248
ai20 7 2026 SSBMean 63.9513
ai20 7 2027 SSBF100 185.475
ai20 7 2027 SSBFabc 74.1899
ai20 7 2027 SSBFofl 64.9161
ai20 7 2027 SSBLCI 38.1741
ai20 7 2027 SSBUCI 124.85
ai20 7 2027 SSBMedian 60.2097
ai20 7 2027 SSBMean 67.7554
ai20 7 2028 SSBF100 185.475
ai20 7 2028 SSBFabc 74.1899
ai20 7 2028 SSBFofl 64.9161
ai20 7 2028 SSBLCI 37.6114
ai20 7 2028 SSBUCI 129.372
ai20 7 2028 SSBMedian 61.6088
ai20 7 2028 SSBMean 70.298
ai20 7 2029 SSBF100 185.475
ai20 7 2029 SSBFabc 74.1899
ai20 7 2029 SSBFofl 64.9161
ai20 7 2029 SSBLCI 38.2428
ai20 7 2029 SSBUCI 131.788
ai20 7 2029 SSBMedian 63.0848
ai20 7 2029 SSBMean 71.5762
ai20 7 2030 SSBF100 185.475
ai20 7 2030 SSBFabc 74.1899
ai20 7 2030 SSBFofl 64.9161
ai20 7 2030 SSBLCI 37.9281
ai20 7 2030 SSBUCI 133.025
ai20 7 2030 SSBMedian 63.732
ai20 7 2030 SSBMean 72.0037
ai20 7 2031 SSBF100 185.475
ai20 7 2031 SSBFabc 74.1899
ai20 7 2031 SSBFofl 64.9161
ai20 7 2031 SSBLCI 37.6417
ai20 7 2031 SSBUCI 130.116
ai20 7 2031 SSBMedian 64.1326
ai20 7 2031 SSBMean 71.8745
ai20 7 2032 SSBF100 185.475
ai20 7 2032 SSBFabc 74.1899
ai20 7 2032 SSBFofl 64.9161
ai20 7 2032 SSBLCI 37.3569
ai20 7 2032 SSBUCI 132.048
ai20 7 2032 SSBMedian 63.8046
ai20 7 2032 SSBMean 71.6022
ai20 7 2033 SSBF100 185.475
ai20 7 2033 SSBFabc 74.1899
ai20 7 2033 SSBFofl 64.9161
ai20 7 2033 SSBLCI 37.848
ai20 7 2033 SSBUCI 129.676
ai20 7 2033 SSBMedian 62.8221
ai20 7 2033 SSBMean 70.8879
ai20 7 2034 SSBF100 185.475
ai20 7 2034 SSBFabc 74.1899
ai20 7 2034 SSBFofl 64.9161
ai20 7 2034 SSBLCI 37.4615
ai20 7 2034 SSBUCI 129.529
ai20 7 2034 SSBMedian 62.1607
ai20 7 2034 SSBMean 70.1094
ai20 7 2020 F0 0 
ai20 7 2020 Fabc 0.31335
ai20 7 2020 Fofl 0.390068
ai20 7 2020  F_LCI 0.0172015
ai20 7 2020  F_UCI 0.0172015
ai20 7 2020  F_Median 0.0172015
ai20 7 2020  F_Mean 0.0172015
ai20 7 2021 F0 0 
ai20 7 2021 Fabc 0.31335
ai20 7 2021 Fofl 0.390068
ai20 7 2021  F_LCI 0.313349
ai20 7 2021  F_UCI 0.31335
ai20 7 2021  F_Median 0.313349
ai20 7 2021  F_Mean 0.313349
ai20 7 2022 F0 0 
ai20 7 2022 Fabc 0.31335
ai20 7 2022 Fofl 0.390068
ai20 7 2022  F_LCI 0.286553
ai20 7 2022  F_UCI 0.286706
ai20 7 2022  F_Median 0.28657
ai20 7 2022  F_Mean 0.286592
ai20 7 2023 F0 0 
ai20 7 2023 Fabc 0.31335
ai20 7 2023 Fofl 0.390068
ai20 7 2023  F_LCI 0.306417
ai20 7 2023  F_UCI 0.314489
ai20 7 2023  F_Median 0.307329
ai20 7 2023  F_Mean 0.308488
ai20 7 2024 F0 0 
ai20 7 2024 Fabc 0.31335
ai20 7 2024 Fofl 0.390068
ai20 7 2024  F_LCI 0.266252
ai20 7 2024  F_UCI 0.383743
ai20 7 2024  F_Median 0.280513
ai20 7 2024  F_Mean 0.293489
ai20 7 2025 F0 0 
ai20 7 2025 Fabc 0.31335
ai20 7 2025 Fofl 0.390068
ai20 7 2025  F_LCI 0.230003
ai20 7 2025  F_UCI 0.390068
ai20 7 2025  F_Median 0.277247
ai20 7 2025  F_Mean 0.293017
ai20 7 2026 F0 0 
ai20 7 2026 Fabc 0.31335
ai20 7 2026 Fofl 0.390068
ai20 7 2026  F_LCI 0.205037
ai20 7 2026  F_UCI 0.390068
ai20 7 2026  F_Median 0.292856
ai20 7 2026  F_Mean 0.300281
ai20 7 2027 F0 0 
ai20 7 2027 Fabc 0.31335
ai20 7 2027 Fofl 0.390068
ai20 7 2027  F_LCI 0.190741
ai20 7 2027  F_UCI 0.390068
ai20 7 2027  F_Median 0.312695
ai20 7 2027  F_Mean 0.309429
ai20 7 2028 F0 0 
ai20 7 2028 Fabc 0.31335
ai20 7 2028 Fofl 0.390068
ai20 7 2028  F_LCI 0.187627
ai20 7 2028  F_UCI 0.390068
ai20 7 2028  F_Median 0.320438
ai20 7 2028  F_Mean 0.31399
ai20 7 2029 F0 0 
ai20 7 2029 Fabc 0.31335
ai20 7 2029 Fofl 0.390068
ai20 7 2029  F_LCI 0.191121
ai20 7 2029  F_UCI 0.390068
ai20 7 2029  F_Median 0.328607
ai20 7 2029  F_Mean 0.315852
ai20 7 2030 F0 0 
ai20 7 2030 Fabc 0.31335
ai20 7 2030 Fofl 0.390068
ai20 7 2030  F_LCI 0.18938
ai20 7 2030  F_UCI 0.390068
ai20 7 2030  F_Median 0.33219
ai20 7 2030  F_Mean 0.31788
ai20 7 2031 F0 0 
ai20 7 2031 Fabc 0.31335
ai20 7 2031 Fofl 0.390068
ai20 7 2031  F_LCI 0.187795
ai20 7 2031  F_UCI 0.390068
ai20 7 2031  F_Median 0.334406
ai20 7 2031  F_Mean 0.317954
ai20 7 2032 F0 0 
ai20 7 2032 Fabc 0.31335
ai20 7 2032 Fofl 0.390068
ai20 7 2032  F_LCI 0.186219
ai20 7 2032  F_UCI 0.390068
ai20 7 2032  F_Median 0.332592
ai20 7 2032  F_Mean 0.317825
ai20 7 2033 F0 0 
ai20 7 2033 Fabc 0.31335
ai20 7 2033 Fofl 0.390068
ai20 7 2033  F_LCI 0.188937
ai20 7 2033  F_UCI 0.390068
ai20 7 2033  F_Median 0.327154
ai20 7 2033  F_Mean 0.315898
ai20 7 2034 F0 0 
ai20 7 2034 Fabc 0.31335
ai20 7 2034 Fofl 0.390068
ai20 7 2034  F_LCI 0.186798
ai20 7 2034  F_UCI 0.390068
ai20 7 2034  F_Median 0.323494
ai20 7 2034  F_Mean 0.314973
