Alternative 1 Catch
     M16.2 
Equil_Fabc 93.4271 
Year 
2019 55 
2020 91.5909 
2021 83.4168 
2022 81.2599 
2023 82.7142 
2024 86.4407 
2025 90.2358 
2026 90.6231 
2027 89.2646 
2028 89.7718 
2029 85.8475 
2030 84.1707 
2031 85.9997 
2032 88.156 

Alternative 1 ABCs
     M16.2 

Year 
2019 93.0461 
2020 91.5909 
2021 83.4168 
2022 81.2599 
2023 82.7142 
2024 86.4407 
2025 90.2358 
2026 90.6231 
2027 89.2646 
2028 89.7718 
2029 85.8475 
2030 84.1707 
2031 85.9997 
2032 88.156 

Alternative 1 TACs
     M16.2 

Year 
2019  NA 
2020 91.5909 
2021 83.4168 
2022 81.2599 
2023 82.7142 
2024 86.4407 
2025 90.2358 
2026 90.6231 
2027 89.2646 
2028 89.7718 
2029 85.8475 
2030 84.1707 
2031 85.9997 
2032 88.156 

Alternative 1 Sp_Biomass
     M16.2 
Equil_Fabc 135.654 
Year 
2019 172.699 
2020 156.365 
2021 138.988 
2022 130.572 
2023 132.76 
2024 135.646 
2025 139.308 
2026 140.853 
2027 139.953 
2028 138.966 
2029 137.81 
2030 134.566 
2031 134.817 
2032 137.48 

Alternative 1 Fishing Mortality
     M16.2 
Equil_Fabc 0.299118 
Year 
2019 0.169251 
2020 0.299118 
2021 0.299118 
2022 0.283857 
2023 0.277145 
2024 0.274793 
2025 0.276218 
2026 0.277163 
2027 0.277315 
2028 0.277872 
2029 0.277299 
2030 0.274664 
2031 0.27364 
2032 0.275204 

Alternative 1 Biomass
     M16.2 

Year 
2019 671.538 
2020 663.092 
2021 641.936 
2022 648.279 
2023 666.551 
2024 680.03 
2025 684.989 
2026 683.363 
2027 675.291 
2028 664.548 
2029 656.375 
2030 660.062 
2031 672.619 
2032 686.076 

Alternative 1 Implied SPR rate 
     M16.2 
Equil_Fabc 0.4 
Year 
2019 0.571974 
2020 0.4 
2021 0.4 
2022 0.416245 
2023 0.42439 
2024 0.427611 
2025 0.426162 
2026 0.425193 
2027 0.424896 
2028 0.424058 
2029 0.424662 
2030 0.427533 
2031 0.428777 
2032 0.427138 

  M16.2 
EquilAvgAgeF0  3.71599 
EquilAvgAgeFabc  2.73852 
AvgAgeYr2032 39.94 
Alternative 2 Catch
     M16.2 
Equil_Fabc 93.4271 
Year 
2019 55 
2020 55 
2021 85.6474 
2022 80.0497 
2023 81.481 
2024 84.8302 
2025 88.2599 
2026 88.6725 
2027 86.7868 
2028 86.8109 
2029 82.8978 
2030 80.8165 
2031 83.1444 
2032 85.3388 

Alternative 2 ABCs
     M16.2 

Year 
2019 93.0461 
2020 91.5909 
2021 89.9155 
2022 88.9852 
2023 88.8297 
2024 91.3383 
2025 94.5175 
2026 94.562 
2027 92.9345 
2028 93.462 
2029 89.5972 
2030 88.2176 
2031 90.1845 
2032 92.0248 

Alternative 2 TACs
     M16.2 

Year 
2019  NA 
2020  NA 
2021 85.6474 
2022 80.0497 
2023 81.481 
2024 84.8302 
2025 88.2599 
2026 88.6725 
2027 86.7868 
2028 86.8109 
2029 82.8978 
2030 80.8165 
2031 83.1444 
2032 85.3388 

Alternative 2 Sp_Biomass
     M16.2 
Equil_Fabc 135.654 
Year 
2019 172.699 
2020 164.831 
2021 152.142 
2022 141.945 
2023 142.531 
2024 144.131 
2025 146.903 
2026 147.786 
2027 146.484 
2028 145.378 
2029 144.254 
2030 141.11 
2031 141.407 
2032 144.056 

Alternative 2 Fishing Mortality
     M16.2 
Equil_Fabc 0.299118 
Year 
2019 0.169251 
2020 0.171864 
2021 0.283372 
2022 0.262547 
2023 0.258762 
2024 0.25772 
2025 0.259777 
2026 0.261171 
2027 0.260105 
2028 0.259061 
2029 0.25775 
2030 0.253901 
2031 0.25445 
2032 0.256292 

Alternative 2 Biomass
     M16.2 

Year 
2019 671.538 
2020 663.092 
2021 678.357 
2022 675.883 
2023 690.031 
2024 700.092 
2025 702.691 
2026 699.485 
2027 690.133 
2028 678.918 
2029 670.846 
2030 674.578 
2031 687.649 
2032 701.066 

Alternative 2 Implied SPR rate 
     M16.2 
Equil_Fabc 0.4 
Year 
2019 0.571974 
2020 0.567557 
2021 0.416547 
2022 0.440335 
2023 0.446071 
2024 0.448262 
2025 0.446107 
2026 0.444653 
2027 0.445729 
2028 0.446653 
2029 0.448139 
2030 0.452576 
2031 0.452163 
2032 0.450043 

  M16.2 
EquilAvgAgeF0  3.71599 
EquilAvgAgeFabc  2.73852 
AvgAgeYr2032 40.58 
Alternative 3 Catch
     M16.2 
Equil_Fabc 93.4271 
Year 
2019 55 
2020 21.972 
2021 22.9884 
2022 25.1371 
2023 27.141 
2024 29.0683 
2025 30.8665 
2026 31.5903 
2027 31.6852 
2028 31.9977 
2029 31.1494 
2030 30.823 
2031 31.2718 
2032 31.6482 

Alternative 3 ABCs
     M16.2 

Year 
2019 93.0461 
2020 91.5909 
2021 95.8205 
2022 104.911 
2023 113.216 
2024 121.245 
2025 128.544 
2026 131.541 
2027 131.922 
2028 133.274 
2029 129.809 
2030 128.552 
2031 130.412 
2032 132.087 

Alternative 3 TACs
     M16.2 

Year 
2019  NA 
2020 21.972 
2021 22.9884 
2022 25.1371 
2023 27.141 
2024 29.0683 
2025 30.8665 
2026 31.5903 
2027 31.6852 
2028 31.9977 
2029 31.1494 
2030 30.823 
2031 31.2718 
2032 31.6482 

Alternative 3 Sp_Biomass
     M16.2 
Equil_Fabc 135.654 
Year 
2019 172.699 
2020 172.246 
2021 178.883 
2022 187.933 
2023 204.044 
2024 218.526 
2025 232.755 
2026 243.393 
2027 249.057 
2028 252.347 
2029 254.127 
2030 251.95 
2031 252.124 
2032 255.903 

Alternative 3 Fishing Mortality
     M16.2 
Equil_Fabc 0.299118 
Year 
2019 0.169251 
2020 0.0661399 
2021 0.0661399 
2022 0.0661399 
2023 0.0661399 
2024 0.0661399 
2025 0.0661399 
2026 0.0661399 
2027 0.0661399 
2028 0.0661399 
2029 0.0661399 
2030 0.0661399 
2031 0.0661399 
2032 0.0661399 

Alternative 3 Biomass
     M16.2 

Year 
2019 671.538 
2020 663.092 
2021 711.357 
2022 765.033 
2023 818.224 
2024 857.863 
2025 886.244 
2026 904.736 
2027 911.27 
2028 910.095 
2029 909.507 
2030 915.369 
2031 928.444 
2032 944.221 

Alternative 3 Implied SPR rate 
     M16.2 
Equil_Fabc 0.4 
Year 
2019 0.571974 
2020 0.792742 
2021 0.792742 
2022 0.792742 
2023 0.792742 
2024 0.792742 
2025 0.792742 
2026 0.792742 
2027 0.792742 
2028 0.792742 
2029 0.792742 
2030 0.792742 
2031 0.792742 
2032 0.792742 

  M16.2 
EquilAvgAgeF0  3.71599 
EquilAvgAgeFabc  2.73852 
AvgAgeYr2032 46.06 
Alternative 4 Catch
     M16.2 
Equil_Fabc 93.4271 
Year 
2019 55 
2020 27.33 
2021 28.3059 
2022 30.7698 
2023 33.0776 
2024 35.332 
2025 37.4308 
2026 38.2266 
2027 38.2808 
2028 38.6309 
2029 37.5515 
2030 37.1465 
2031 37.6973 
2032 38.1633 

Alternative 4 ABCs
     M16.2 

Year 
2019 93.0461 
2020 91.5909 
2021 94.8602 
2022 103.243 
2023 110.934 
2024 118.474 
2025 125.312 
2026 127.919 
2027 128.093 
2028 129.331 
2029 125.791 
2030 124.536 
2031 126.371 
2032 128.026 

Alternative 4 TACs
     M16.2 

Year 
2019  NA 
2020 27.33 
2021 28.3059 
2022 30.7698 
2023 33.0776 
2024 35.332 
2025 37.4308 
2026 38.2266 
2027 38.2808 
2028 38.6309 
2029 37.5515 
2030 37.1465 
2031 37.6973 
2032 38.1633 

Alternative 4 Sp_Biomass
     M16.2 
Equil_Fabc 135.654 
Year 
2019 172.699 
2020 171.057 
2021 175.654 
2022 182.912 
2023 197.389 
2024 210.403 
2025 223.273 
2026 232.722 
2027 237.465 
2028 240.09 
2029 241.386 
2030 238.912 
2031 238.946 
2032 242.528 

Alternative 4 Fishing Mortality
     M16.2 
Equil_Fabc 0.299118 
Year 
2019 0.169251 
2020 0.0827567 
2021 0.0827567 
2022 0.0827567 
2023 0.0827567 
2024 0.0827567 
2025 0.0827567 
2026 0.0827567 
2027 0.0827567 
2028 0.0827567 
2029 0.0827567 
2030 0.0827567 
2031 0.0827567 
2032 0.0827567 

Alternative 4 Biomass
     M16.2 

Year 
2019 671.538 
2020 663.092 
2021 705.996 
2022 755.392 
2023 804.771 
2024 841.172 
2025 866.599 
2026 882.51 
2027 887.043 
2028 884.391 
2029 882.641 
2030 887.88 
2031 900.56 
2032 915.876 

Alternative 4 Implied SPR rate 
     M16.2 
Equil_Fabc 0.4 
Year 
2019 0.571974 
2020 0.75 
2021 0.75 
2022 0.75 
2023 0.75 
2024 0.75 
2025 0.75 
2026 0.75 
2027 0.75 
2028 0.75 
2029 0.75 
2030 0.75 
2031 0.75 
2032 0.75 

  M16.2 
EquilAvgAgeF0  3.71599 
EquilAvgAgeFabc  2.73852 
AvgAgeYr2032 45.4752 
Alternative 5 Catch
     M16.2 
Equil_Fabc 93.4271 
Year 
2019 55 
2020  NA 
2021  NA 
2022  NA 
2023  NA 
2024  NA 
2025  NA 
2026  NA 
2027  NA 
2028  NA 
2029  NA 
2030  NA 
2031  NA 
2032  NA 

Alternative 5 ABCs
     M16.2 

Year 
2019 93.0461 
2020 91.5909 
2021 99.7676 
2022 111.957 
2023 123.054 
2024 133.346 
2025 142.761 
2026 147.477 
2027 149 
2028 151.096 
2029 148.09 
2030 146.975 
2031 149.017 
2032 150.833 

Alternative 5 TACs
     M16.2 

Year 
2019  NA 
2020  NA 
2021  NA 
2022  NA 
2023  NA 
2024  NA 
2025  NA 
2026  NA 
2027  NA 
2028  NA 
2029  NA 
2030  NA 
2031  NA 
2032  NA 

Alternative 5 Sp_Biomass
     M16.2 
Equil_Fabc 135.654 
Year 
2019 172.699 
2020 177.069 
2021 192.396 
2022 209.532 
2023 233.295 
2024 254.875 
2025 275.796 
2026 292.409 
2027 302.865 
2028 309.76 
2029 314.226 
2030 313.854 
2031 315.008 
2032 319.932 

Alternative 5 Fishing Mortality
     M16.2 
Equil_Fabc 0.299118 
Year 
2019 0.169251 
2020  NA 
2021  NA 
2022  NA 
2023  NA 
2024  NA 
2025  NA 
2026  NA 
2027  NA 
2028  NA 
2029  NA 
2030  NA 
2031  NA 
2032  NA 

Alternative 5 Biomass
     M16.2 

Year 
2019 671.538 
2020 663.092 
2021 733.372 
2022 805.729 
2023 876.253 
2024 931.228 
2025 973.886 
2026 1005.16 
2027 1021.98 
2028 1028.71 
2029 1034.42 
2030 1044.13 
2031 1059.74 
2032 1078.16 

Alternative 5 Implied SPR rate 
     M16.2 
Equil_Fabc 0.4 
Year 
2019 0.571974 
2020 1 
2021 1 
2022 1 
2023 1 
2024 1 
2025 1 
2026 1 
2027 1 
2028 1 
2029 1 
2030 1 
2031 1 
2032 1 

  M16.2 
EquilAvgAgeF0  3.71599 
EquilAvgAgeFabc  2.73852 
AvgAgeYr2032 48.6181 
Alternative 6 Catch
     M16.2 
Equil_Fabc 93.4271 
Year 
2019 55 
2020 106.142 
2021 91.2689 
2022 85.8429 
2023 88.4238 
2024 92.849 
2025 96.7574 
2026 96.88 
2027 94.8543 
2028 95.0347 
2029 90.5276 
2030 88.5287 
2031 91.3069 
2032 93.8552 

Alternative 6 ABCs
     M16.2 

Year 
2019 93.0461 
2020 91.5909 
2021 80.0755 
2022 75.0007 
2023 77.0347 
2024 80.7269 
2025 84.13 
2026 84.1999 
2027 82.5122 
2028 82.7063 
2029 78.8049 
2030 77.1451 
2031 79.4745 
2032 81.6577 

Alternative 6 TACs
     M16.2 

Year 
2019  NA 
2020 106.142 
2021 91.2689 
2022 85.8429 
2023 88.4238 
2024 92.849 
2025 96.7574 
2026 96.88 
2027 94.8543 
2028 95.0347 
2029 90.5276 
2030 88.5287 
2031 91.3069 
2032 93.8552 

Alternative 6 Sp_Biomass
     M16.2 
Equil_Fabc 135.654 
Year 
2019 172.699 
2020 152.919 
2021 131.787 
2022 122.116 
2023 123.575 
2024 125.6 
2025 128.298 
2026 129.045 
2027 127.72 
2028 126.68 
2029 125.611 
2030 122.709 
2031 123.211 
2032 125.746 

Alternative 6 Fishing Mortality
     M16.2 
Equil_Fabc 0.299118 
Year 
2019 0.169251 
2020 0.353092 
2021 0.342657 
2022 0.314594 
2023 0.310636 
2024 0.30964 
2025 0.312224 
2026 0.313472 
2027 0.312651 
2028 0.311548 
2029 0.310156 
2030 0.305868 
2031 0.306631 
2032 0.308963 

Alternative 6 Biomass
     M16.2 

Year 
2019 671.538 
2020 663.092 
2021 627.497 
2022 628.602 
2023 645.721 
2024 657.379 
2025 660.007 
2026 656.446 
2027 647.156 
2028 636.15 
2029 628.09 
2030 632.596 
2031 646.058 
2032 659.235 

Alternative 6 Implied SPR rate 
     M16.2 
Equil_Fabc 0.4 
Year 
2019 0.571974 
2020 0.35 
2021 0.358934 
2022 0.385092 
2023 0.390325 
2024 0.392202 
2025 0.389881 
2026 0.388766 
2027 0.389397 
2028 0.390182 
2029 0.391515 
2030 0.39555 
2031 0.395096 
2032 0.392862 

  M16.2 
EquilAvgAgeF0  3.71599 
EquilAvgAgeFabc  2.73852 
AvgAgeYr2032 39.1588 
Alternative 7 Catch
     M16.2 
Equil_Fabc 93.4271 
Year 
2019 55 
2020 91.5909 
2021 83.4168 
2022 93.0055 
2023 91.3843 
2024 93.9578 
2025 97.1524 
2026 97.0014 
2027 94.9187 
2028 95.0862 
2029 90.5534 
2030 88.539 
2031 91.3102 
2032 93.8564 

Alternative 7 ABCs
     M16.2 

Year 
2019 93.0461 
2020 91.5909 
2021 83.4168 
2022 81.2599 
2023 79.5385 
2024 81.6802 
2025 84.4608 
2026 84.2955 
2027 82.5637 
2028 82.7498 
2029 78.8253 
2030 77.1537 
2031 79.4764 
2032 81.6579 

Alternative 7 TACs
     M16.2 

Year 
2019  NA 
2020 106.142 
2021 96.596 
2022 93.0055 
2023 91.3843 
2024 93.9578 
2025 97.1524 
2026 97.0014 
2027 94.9187 
2028 95.0862 
2029 90.5534 
2030 88.539 
2031 91.3102 
2032 93.8564 

Alternative 7 Sp_Biomass
     M16.2 
Equil_Fabc 135.654 
Year 
2019 172.699 
2020 156.365 
2021 138.988 
2022 128.136 
2023 126.757 
2024 127.181 
2025 129.137 
2026 129.487 
2027 127.961 
2028 126.822 
2029 125.69 
2030 122.747 
2031 123.228 
2032 125.754 

Alternative 7 Fishing Mortality
     M16.2 
Equil_Fabc 0.299118 
Year 
2019 0.169251 
2020 0.299118 
2021 0.299118 
2022 0.329629 
2023 0.317248 
2024 0.312374 
2025 0.313549 
2026 0.314133 
2027 0.313024 
2028 0.311799 
2029 0.310289 
2030 0.305928 
2031 0.306655 
2032 0.308975 

Alternative 7 Biomass
     M16.2 

Year 
2019 671.538 
2020 663.092 
2021 641.936 
2022 648.279 
2023 654.526 
2024 661.329 
2025 661.925 
2026 657.399 
2027 647.693 
2028 636.478 
2029 628.268 
2030 632.677 
2031 646.094 
2032 659.251 

Alternative 7 Implied SPR rate 
     M16.2 
Equil_Fabc 0.4 
Year 
2019 0.571974 
2020 0.4 
2021 0.4 
2022 0.370844 
2023 0.383639 
2024 0.389305 
2025 0.38848 
2026 0.388068 
2027 0.389007 
2028 0.389923 
2029 0.391376 
2030 0.395488 
2031 0.395071 
2032 0.392851 

  M16.2 
EquilAvgAgeF0  3.71599 
EquilAvgAgeFabc  2.73852 
AvgAgeYr2032 39.3025 
