M16.2 1 2019 Cabc 93.4271
M16.2 1 2019 Cofl 100.821
M16.2 1 2019 CLCI 55
M16.2 1 2019 CUCI 55
M16.2 1 2019 CMedian 55
M16.2 1 2019 CMean 55
M16.2 1 2019 CStdn 2.13163e-14
M16.2 1 2020 Cabc 93.4271
M16.2 1 2020 Cofl 100.821
M16.2 1 2020 CLCI 91.568
M16.2 1 2020 CUCI 91.6295
M16.2 1 2020 CMedian 91.5845
M16.2 1 2020 CMean 91.5909
M16.2 1 2020 CStdn 0.0223944
M16.2 1 2021 Cabc 93.4271
M16.2 1 2021 Cofl 100.821
M16.2 1 2021 CLCI 82.4696
M16.2 1 2021 CUCI 85.0254
M16.2 1 2021 CMedian 83.1571
M16.2 1 2021 CMean 83.4168
M16.2 1 2021 CStdn 0.932686
M16.2 1 2022 Cabc 93.4271
M16.2 1 2022 Cofl 100.821
M16.2 1 2022 CLCI 61.0498
M16.2 1 2022 CUCI 112.917
M16.2 1 2022 CMedian 76.1672
M16.2 1 2022 CMean 81.2599
M16.2 1 2022 CStdn 18.2798
M16.2 1 2023 Cabc 93.4271
M16.2 1 2023 Cofl 100.821
M16.2 1 2023 CLCI 48.9971
M16.2 1 2023 CUCI 122.678
M16.2 1 2023 CMedian 77.2802
M16.2 1 2023 CMean 82.7142
M16.2 1 2023 CStdn 24.3421
M16.2 1 2024 Cabc 93.4271
M16.2 1 2024 Cofl 100.821
M16.2 1 2024 CLCI 47.796
M16.2 1 2024 CUCI 129.952
M16.2 1 2024 CMedian 80.0666
M16.2 1 2024 CMean 86.4407
M16.2 1 2024 CStdn 29.6677
M16.2 1 2025 Cabc 93.4271
M16.2 1 2025 Cofl 100.821
M16.2 1 2025 CLCI 44.4457
M16.2 1 2025 CUCI 131.931
M16.2 1 2025 CMedian 86.7475
M16.2 1 2025 CMean 90.2358
M16.2 1 2025 CStdn 29.7799
M16.2 1 2026 Cabc 93.4271
M16.2 1 2026 Cofl 100.821
M16.2 1 2026 CLCI 44.0702
M16.2 1 2026 CUCI 137.863
M16.2 1 2026 CMedian 88.2728
M16.2 1 2026 CMean 90.6231
M16.2 1 2026 CStdn 29.436
M16.2 1 2027 Cabc 93.4271
M16.2 1 2027 Cofl 100.821
M16.2 1 2027 CLCI 47.9098
M16.2 1 2027 CUCI 128.546
M16.2 1 2027 CMedian 88.8781
M16.2 1 2027 CMean 89.2646
M16.2 1 2027 CStdn 29.0795
M16.2 1 2028 Cabc 93.4271
M16.2 1 2028 Cofl 100.821
M16.2 1 2028 CLCI 52.2036
M16.2 1 2028 CUCI 133.485
M16.2 1 2028 CMedian 86.2007
M16.2 1 2028 CMean 89.7718
M16.2 1 2028 CStdn 28.151
M16.2 1 2029 Cabc 93.4271
M16.2 1 2029 Cofl 100.821
M16.2 1 2029 CLCI 47.0257
M16.2 1 2029 CUCI 127.359
M16.2 1 2029 CMedian 82.8602
M16.2 1 2029 CMean 85.8475
M16.2 1 2029 CStdn 26.3269
M16.2 1 2030 Cabc 93.4271
M16.2 1 2030 Cofl 100.821
M16.2 1 2030 CLCI 51.9271
M16.2 1 2030 CUCI 128.053
M16.2 1 2030 CMedian 80.1826
M16.2 1 2030 CMean 84.1707
M16.2 1 2030 CStdn 24.921
M16.2 1 2031 Cabc 93.4271
M16.2 1 2031 Cofl 100.821
M16.2 1 2031 CLCI 49.1623
M16.2 1 2031 CUCI 138.638
M16.2 1 2031 CMedian 81.5151
M16.2 1 2031 CMean 85.9997
M16.2 1 2031 CStdn 27.5229
M16.2 1 2032 Cabc 93.4271
M16.2 1 2032 Cofl 100.821
M16.2 1 2032 CLCI 48.9628
M16.2 1 2032 CUCI 138.218
M16.2 1 2032 CMedian 86.8633
M16.2 1 2032 CMean 88.156
M16.2 1 2032 CStdn 28.9606
M16.2 1 2019 SSBF100 339.135
M16.2 1 2019 SSBFabc 135.654
M16.2 1 2019 SSBFofl 118.697
M16.2 1 2019 SSBLCI 172.699
M16.2 1 2019 SSBUCI 172.699
M16.2 1 2019 SSBMedian 172.699
M16.2 1 2019 SSBMean 172.699
M16.2 1 2020 SSBF100 339.135
M16.2 1 2020 SSBFabc 135.654
M16.2 1 2020 SSBFofl 118.697
M16.2 1 2020 SSBLCI 156.319
M16.2 1 2020 SSBUCI 156.444
M16.2 1 2020 SSBMedian 156.352
M16.2 1 2020 SSBMean 156.365
M16.2 1 2021 SSBF100 339.135
M16.2 1 2021 SSBFabc 135.654
M16.2 1 2021 SSBFofl 118.697
M16.2 1 2021 SSBLCI 138.063
M16.2 1 2021 SSBUCI 140.518
M16.2 1 2021 SSBMedian 138.755
M16.2 1 2021 SSBMean 138.988
M16.2 1 2022 SSBF100 339.135
M16.2 1 2022 SSBFabc 135.654
M16.2 1 2022 SSBFofl 118.697
M16.2 1 2022 SSBLCI 122.029
M16.2 1 2022 SSBUCI 144.684
M16.2 1 2022 SSBMedian 128.377
M16.2 1 2022 SSBMean 130.572
M16.2 1 2023 SSBF100 339.135
M16.2 1 2023 SSBFabc 135.654
M16.2 1 2023 SSBFofl 118.697
M16.2 1 2023 SSBLCI 108.395
M16.2 1 2023 SSBUCI 167.349
M16.2 1 2023 SSBMedian 128.395
M16.2 1 2023 SSBMean 132.76
M16.2 1 2024 SSBF100 339.135
M16.2 1 2024 SSBFabc 135.654
M16.2 1 2024 SSBFofl 118.697
M16.2 1 2024 SSBLCI 103.465
M16.2 1 2024 SSBUCI 181.769
M16.2 1 2024 SSBMedian 130.445
M16.2 1 2024 SSBMean 135.646
M16.2 1 2025 SSBF100 339.135
M16.2 1 2025 SSBFabc 135.654
M16.2 1 2025 SSBFofl 118.697
M16.2 1 2025 SSBLCI 100.581
M16.2 1 2025 SSBUCI 189.994
M16.2 1 2025 SSBMedian 130.749
M16.2 1 2025 SSBMean 139.308
M16.2 1 2026 SSBF100 339.135
M16.2 1 2026 SSBFabc 135.654
M16.2 1 2026 SSBFofl 118.697
M16.2 1 2026 SSBLCI 97.7616
M16.2 1 2026 SSBUCI 188.526
M16.2 1 2026 SSBMedian 133.451
M16.2 1 2026 SSBMean 140.853
M16.2 1 2027 SSBF100 339.135
M16.2 1 2027 SSBFabc 135.654
M16.2 1 2027 SSBFofl 118.697
M16.2 1 2027 SSBLCI 99.6601
M16.2 1 2027 SSBUCI 190.321
M16.2 1 2027 SSBMedian 133.081
M16.2 1 2027 SSBMean 139.953
M16.2 1 2028 SSBF100 339.135
M16.2 1 2028 SSBFabc 135.654
M16.2 1 2028 SSBFofl 118.697
M16.2 1 2028 SSBLCI 104.338
M16.2 1 2028 SSBUCI 179.712
M16.2 1 2028 SSBMedian 132.049
M16.2 1 2028 SSBMean 138.966
M16.2 1 2029 SSBF100 339.135
M16.2 1 2029 SSBFabc 135.654
M16.2 1 2029 SSBFofl 118.697
M16.2 1 2029 SSBLCI 106.103
M16.2 1 2029 SSBUCI 185.22
M16.2 1 2029 SSBMedian 131.114
M16.2 1 2029 SSBMean 137.81
M16.2 1 2030 SSBF100 339.135
M16.2 1 2030 SSBFabc 135.654
M16.2 1 2030 SSBFofl 118.697
M16.2 1 2030 SSBLCI 104.879
M16.2 1 2030 SSBUCI 177.155
M16.2 1 2030 SSBMedian 128.227
M16.2 1 2030 SSBMean 134.566
M16.2 1 2031 SSBF100 339.135
M16.2 1 2031 SSBFabc 135.654
M16.2 1 2031 SSBFofl 118.697
M16.2 1 2031 SSBLCI 103.998
M16.2 1 2031 SSBUCI 182.274
M16.2 1 2031 SSBMedian 126.352
M16.2 1 2031 SSBMean 134.817
M16.2 1 2032 SSBF100 339.135
M16.2 1 2032 SSBFabc 135.654
M16.2 1 2032 SSBFofl 118.697
M16.2 1 2032 SSBLCI 103.084
M16.2 1 2032 SSBUCI 198.288
M16.2 1 2032 SSBMedian 131.665
M16.2 1 2032 SSBMean 137.48
M16.2 1 2019 F0 0 
M16.2 1 2019 Fabc 0.299118
M16.2 1 2019 Fofl 0.353092
M16.2 1 2019  F_LCI 0.169251
M16.2 1 2019  F_UCI 0.169251
M16.2 1 2019  F_Median 0.169251
M16.2 1 2019  F_Mean 0.169251
M16.2 1 2020 F0 0 
M16.2 1 2020 Fabc 0.299118
M16.2 1 2020 Fofl 0.353092
M16.2 1 2020  F_LCI 0.299118
M16.2 1 2020  F_UCI 0.299118
M16.2 1 2020  F_Median 0.299118
M16.2 1 2020  F_Mean 0.299118
M16.2 1 2021 F0 0 
M16.2 1 2021 Fabc 0.299118
M16.2 1 2021 Fofl 0.353092
M16.2 1 2021  F_LCI 0.299118
M16.2 1 2021  F_UCI 0.299118
M16.2 1 2021  F_Median 0.299118
M16.2 1 2021  F_Mean 0.299118
M16.2 1 2022 F0 0 
M16.2 1 2022 Fabc 0.299118
M16.2 1 2022 Fofl 0.353092
M16.2 1 2022  F_LCI 0.267436
M16.2 1 2022  F_UCI 0.299118
M16.2 1 2022  F_Median 0.282194
M16.2 1 2022  F_Mean 0.283857
M16.2 1 2023 F0 0 
M16.2 1 2023 Fabc 0.299118
M16.2 1 2023 Fofl 0.353092
M16.2 1 2023  F_LCI 0.235772
M16.2 1 2023  F_UCI 0.299118
M16.2 1 2023  F_Median 0.282237
M16.2 1 2023  F_Mean 0.277145
M16.2 1 2024 F0 0 
M16.2 1 2024 Fabc 0.299118
M16.2 1 2024 Fofl 0.353092
M16.2 1 2024  F_LCI 0.224325
M16.2 1 2024  F_UCI 0.299118
M16.2 1 2024  F_Median 0.286999
M16.2 1 2024  F_Mean 0.274793
M16.2 1 2025 F0 0 
M16.2 1 2025 Fabc 0.299118
M16.2 1 2025 Fofl 0.353092
M16.2 1 2025  F_LCI 0.217625
M16.2 1 2025  F_UCI 0.299118
M16.2 1 2025  F_Median 0.287703
M16.2 1 2025  F_Mean 0.276218
M16.2 1 2026 F0 0 
M16.2 1 2026 Fabc 0.299118
M16.2 1 2026 Fofl 0.353092
M16.2 1 2026  F_LCI 0.211094
M16.2 1 2026  F_UCI 0.299118
M16.2 1 2026  F_Median 0.29399
M16.2 1 2026  F_Mean 0.277163
M16.2 1 2027 F0 0 
M16.2 1 2027 Fabc 0.299118
M16.2 1 2027 Fofl 0.353092
M16.2 1 2027  F_LCI 0.215497
M16.2 1 2027  F_UCI 0.299118
M16.2 1 2027  F_Median 0.293127
M16.2 1 2027  F_Mean 0.277315
M16.2 1 2028 F0 0 
M16.2 1 2028 Fabc 0.299118
M16.2 1 2028 Fofl 0.353092
M16.2 1 2028  F_LCI 0.226345
M16.2 1 2028  F_UCI 0.299118
M16.2 1 2028  F_Median 0.290726
M16.2 1 2028  F_Mean 0.277872
M16.2 1 2029 F0 0 
M16.2 1 2029 Fabc 0.299118
M16.2 1 2029 Fofl 0.353092
M16.2 1 2029  F_LCI 0.230452
M16.2 1 2029  F_UCI 0.299118
M16.2 1 2029  F_Median 0.288552
M16.2 1 2029  F_Mean 0.277299
M16.2 1 2030 F0 0 
M16.2 1 2030 Fabc 0.299118
M16.2 1 2030 Fofl 0.353092
M16.2 1 2030  F_LCI 0.227596
M16.2 1 2030  F_UCI 0.299118
M16.2 1 2030  F_Median 0.281831
M16.2 1 2030  F_Mean 0.274664
M16.2 1 2031 F0 0 
M16.2 1 2031 Fabc 0.299118
M16.2 1 2031 Fofl 0.353092
M16.2 1 2031  F_LCI 0.225563
M16.2 1 2031  F_UCI 0.299118
M16.2 1 2031  F_Median 0.277477
M16.2 1 2031  F_Mean 0.27364
M16.2 1 2032 F0 0 
M16.2 1 2032 Fabc 0.299118
M16.2 1 2032 Fofl 0.353092
M16.2 1 2032  F_LCI 0.223434
M16.2 1 2032  F_UCI 0.299118
M16.2 1 2032  F_Median 0.289833
M16.2 1 2032  F_Mean 0.275204
M16.2 2 2019 Cabc 93.4271
M16.2 2 2019 Cofl 100.821
M16.2 2 2019 CLCI 55
M16.2 2 2019 CUCI 55
M16.2 2 2019 CMedian 55
M16.2 2 2019 CMean 55
M16.2 2 2019 CStdn 2.13163e-14
M16.2 2 2020 Cabc 93.4271
M16.2 2 2020 Cofl 100.821
M16.2 2 2020 CLCI 55
M16.2 2 2020 CUCI 55
M16.2 2 2020 CMedian 55
M16.2 2 2020 CMean 55
M16.2 2 2020 CStdn 5.58628e-08
M16.2 2 2021 Cabc 93.4271
M16.2 2 2021 Cofl 100.821
M16.2 2 2021 CLCI 84.3028
M16.2 2 2021 CUCI 87.9202
M16.2 2 2021 CMedian 85.2912
M16.2 2 2021 CMean 85.6474
M16.2 2 2021 CStdn 1.32245
M16.2 2 2022 Cabc 93.4271
M16.2 2 2022 Cofl 100.821
M16.2 2 2022 CLCI 60.6994
M16.2 2 2022 CUCI 113.998
M16.2 2 2022 CMedian 74.6281
M16.2 2 2022 CMean 80.0497
M16.2 2 2022 CStdn 18.8404
M16.2 2 2023 Cabc 93.4271
M16.2 2 2023 Cofl 100.821
M16.2 2 2023 CLCI 47.9513
M16.2 2 2023 CUCI 125.352
M16.2 2 2023 CMedian 74.2115
M16.2 2 2023 CMean 81.481
M16.2 2 2023 CStdn 25.6444
M16.2 2 2024 Cabc 93.4271
M16.2 2 2024 Cofl 100.821
M16.2 2 2024 CLCI 45.8154
M16.2 2 2024 CUCI 132.264
M16.2 2 2024 CMedian 76.5046
M16.2 2 2024 CMean 84.8302
M16.2 2 2024 CStdn 31.289
M16.2 2 2025 Cabc 93.4271
M16.2 2 2025 Cofl 100.821
M16.2 2 2025 CLCI 42.3722
M16.2 2 2025 CUCI 133.258
M16.2 2 2025 CMedian 80.5365
M16.2 2 2025 CMean 88.2599
M16.2 2 2025 CStdn 31.3313
M16.2 2 2026 Cabc 93.4271
M16.2 2 2026 Cofl 100.821
M16.2 2 2026 CLCI 41.687
M16.2 2 2026 CUCI 139.037
M16.2 2 2026 CMedian 82.9403
M16.2 2 2026 CMean 88.6725
M16.2 2 2026 CStdn 31.4058
M16.2 2 2027 Cabc 93.4271
M16.2 2 2027 Cofl 100.821
M16.2 2 2027 CLCI 46.165
M16.2 2 2027 CUCI 130.728
M16.2 2 2027 CMedian 82.5488
M16.2 2 2027 CMean 86.7868
M16.2 2 2027 CStdn 30.7507
M16.2 2 2028 Cabc 93.4271
M16.2 2 2028 Cofl 100.821
M16.2 2 2028 CLCI 49.5004
M16.2 2 2028 CUCI 134.651
M16.2 2 2028 CMedian 79.7871
M16.2 2 2028 CMean 86.8109
M16.2 2 2028 CStdn 29.9786
M16.2 2 2029 Cabc 93.4271
M16.2 2 2029 Cofl 100.821
M16.2 2 2029 CLCI 45.2227
M16.2 2 2029 CUCI 130.562
M16.2 2 2029 CMedian 76.8496
M16.2 2 2029 CMean 82.8978
M16.2 2 2029 CStdn 27.9695
M16.2 2 2030 Cabc 93.4271
M16.2 2 2030 Cofl 100.821
M16.2 2 2030 CLCI 48.2947
M16.2 2 2030 CUCI 129.602
M16.2 2 2030 CMedian 75.0033
M16.2 2 2030 CMean 80.8165
M16.2 2 2030 CStdn 26.1392
M16.2 2 2031 Cabc 93.4271
M16.2 2 2031 Cofl 100.821
M16.2 2 2031 CLCI 46.2594
M16.2 2 2031 CUCI 139.851
M16.2 2 2031 CMedian 74.3016
M16.2 2 2031 CMean 83.1444
M16.2 2 2031 CStdn 29.0248
M16.2 2 2032 Cabc 93.4271
M16.2 2 2032 Cofl 100.821
M16.2 2 2032 CLCI 46.2727
M16.2 2 2032 CUCI 140.068
M16.2 2 2032 CMedian 78.6248
M16.2 2 2032 CMean 85.3388
M16.2 2 2032 CStdn 30.4631
M16.2 2 2019 SSBF100 339.135
M16.2 2 2019 SSBFabc 135.654
M16.2 2 2019 SSBFofl 118.697
M16.2 2 2019 SSBLCI 172.699
M16.2 2 2019 SSBUCI 172.699
M16.2 2 2019 SSBMedian 172.699
M16.2 2 2019 SSBMean 172.699
M16.2 2 2020 SSBF100 339.135
M16.2 2 2020 SSBFabc 135.654
M16.2 2 2020 SSBFofl 118.697
M16.2 2 2020 SSBLCI 164.782
M16.2 2 2020 SSBUCI 164.915
M16.2 2 2020 SSBMedian 164.817
M16.2 2 2020 SSBMean 164.831
M16.2 2 2021 SSBF100 339.135
M16.2 2 2021 SSBFabc 135.654
M16.2 2 2021 SSBFofl 118.697
M16.2 2 2021 SSBLCI 151.315
M16.2 2 2021 SSBUCI 153.509
M16.2 2 2021 SSBMedian 151.933
M16.2 2 2021 SSBMean 152.142
M16.2 2 2022 SSBF100 339.135
M16.2 2 2022 SSBFabc 135.654
M16.2 2 2022 SSBFofl 118.697
M16.2 2 2022 SSBLCI 133.524
M16.2 2 2022 SSBUCI 155.159
M16.2 2 2022 SSBMedian 139.881
M16.2 2 2022 SSBMean 141.945
M16.2 2 2023 SSBF100 339.135
M16.2 2 2023 SSBFabc 135.654
M16.2 2 2023 SSBFofl 118.697
M16.2 2 2023 SSBLCI 118.092
M16.2 2 2023 SSBUCI 174.958
M16.2 2 2023 SSBMedian 138.641
M16.2 2 2023 SSBMean 142.531
M16.2 2 2024 SSBF100 339.135
M16.2 2 2024 SSBFabc 135.654
M16.2 2 2024 SSBFofl 118.697
M16.2 2 2024 SSBLCI 111.87
M16.2 2 2024 SSBUCI 190.521
M16.2 2 2024 SSBMedian 140.297
M16.2 2 2024 SSBMean 144.131
M16.2 2 2025 SSBF100 339.135
M16.2 2 2025 SSBFabc 135.654
M16.2 2 2025 SSBFofl 118.697
M16.2 2 2025 SSBLCI 108.515
M16.2 2 2025 SSBUCI 194.29
M16.2 2 2025 SSBMedian 140.242
M16.2 2 2025 SSBMean 146.903
M16.2 2 2026 SSBF100 339.135
M16.2 2 2026 SSBFabc 135.654
M16.2 2 2026 SSBFofl 118.697
M16.2 2 2026 SSBLCI 104.871
M16.2 2 2026 SSBUCI 196.809
M16.2 2 2026 SSBMedian 142.102
M16.2 2 2026 SSBMean 147.786
M16.2 2 2027 SSBF100 339.135
M16.2 2 2027 SSBFabc 135.654
M16.2 2 2027 SSBFofl 118.697
M16.2 2 2027 SSBLCI 106.602
M16.2 2 2027 SSBUCI 194.132
M16.2 2 2027 SSBMedian 141.756
M16.2 2 2027 SSBMean 146.484
M16.2 2 2028 SSBF100 339.135
M16.2 2 2028 SSBFabc 135.654
M16.2 2 2028 SSBFofl 118.697
M16.2 2 2028 SSBLCI 110.827
M16.2 2 2028 SSBUCI 180.989
M16.2 2 2028 SSBMedian 137.642
M16.2 2 2028 SSBMean 145.378
M16.2 2 2029 SSBF100 339.135
M16.2 2 2029 SSBFabc 135.654
M16.2 2 2029 SSBFofl 118.697
M16.2 2 2029 SSBLCI 113.217
M16.2 2 2029 SSBUCI 188.892
M16.2 2 2029 SSBMedian 137.654
M16.2 2 2029 SSBMean 144.254
M16.2 2 2030 SSBF100 339.135
M16.2 2 2030 SSBFabc 135.654
M16.2 2 2030 SSBFofl 118.697
M16.2 2 2030 SSBLCI 112.781
M16.2 2 2030 SSBUCI 182.064
M16.2 2 2030 SSBMedian 136.855
M16.2 2 2030 SSBMean 141.11
M16.2 2 2031 SSBF100 339.135
M16.2 2 2031 SSBFabc 135.654
M16.2 2 2031 SSBFofl 118.697
M16.2 2 2031 SSBLCI 111.302
M16.2 2 2031 SSBUCI 187.362
M16.2 2 2031 SSBMedian 135.017
M16.2 2 2031 SSBMean 141.407
M16.2 2 2032 SSBF100 339.135
M16.2 2 2032 SSBFabc 135.654
M16.2 2 2032 SSBFofl 118.697
M16.2 2 2032 SSBLCI 110.624
M16.2 2 2032 SSBUCI 198.718
M16.2 2 2032 SSBMedian 138.969
M16.2 2 2032 SSBMean 144.056
M16.2 2 2019 F0 0 
M16.2 2 2019 Fabc 0.299118
M16.2 2 2019 Fofl 0.353092
M16.2 2 2019  F_LCI 0.169251
M16.2 2 2019  F_UCI 0.169251
M16.2 2 2019  F_Median 0.169251
M16.2 2 2019  F_Mean 0.169251
M16.2 2 2020 F0 0 
M16.2 2 2020 Fabc 0.299118
M16.2 2 2020 Fofl 0.353092
M16.2 2 2020  F_LCI 0.171787
M16.2 2 2020  F_UCI 0.171907
M16.2 2 2020  F_Median 0.171874
M16.2 2 2020  F_Mean 0.171864
M16.2 2 2021 F0 0 
M16.2 2 2021 Fabc 0.299118
M16.2 2 2021 Fofl 0.353092
M16.2 2 2021  F_LCI 0.281742
M16.2 2 2021  F_UCI 0.286066
M16.2 2 2021  F_Median 0.282961
M16.2 2 2021  F_Mean 0.283372
M16.2 2 2022 F0 0 
M16.2 2 2022 Fabc 0.299118
M16.2 2 2022 Fofl 0.353092
M16.2 2 2022  F_LCI 0.246726
M16.2 2 2022  F_UCI 0.289318
M16.2 2 2022  F_Median 0.259234
M16.2 2 2022  F_Mean 0.262547
M16.2 2 2023 F0 0 
M16.2 2 2023 Fabc 0.299118
M16.2 2 2023 Fofl 0.353092
M16.2 2 2023  F_LCI 0.216378
M16.2 2 2023  F_UCI 0.299118
M16.2 2 2023  F_Median 0.256797
M16.2 2 2023  F_Mean 0.258762
M16.2 2 2024 F0 0 
M16.2 2 2024 Fabc 0.299118
M16.2 2 2024 Fofl 0.353092
M16.2 2 2024  F_LCI 0.204146
M16.2 2 2024  F_UCI 0.299118
M16.2 2 2024  F_Median 0.26005
M16.2 2 2024  F_Mean 0.25772
M16.2 2 2025 F0 0 
M16.2 2 2025 Fabc 0.299118
M16.2 2 2025 Fofl 0.353092
M16.2 2 2025  F_LCI 0.197546
M16.2 2 2025  F_UCI 0.299118
M16.2 2 2025  F_Median 0.25993
M16.2 2 2025  F_Mean 0.259777
M16.2 2 2026 F0 0 
M16.2 2 2026 Fabc 0.299118
M16.2 2 2026 Fofl 0.353092
M16.2 2 2026  F_LCI 0.190395
M16.2 2 2026  F_UCI 0.299118
M16.2 2 2026  F_Median 0.263591
M16.2 2 2026  F_Mean 0.261171
M16.2 2 2027 F0 0 
M16.2 2 2027 Fabc 0.299118
M16.2 2 2027 Fofl 0.353092
M16.2 2 2027  F_LCI 0.193793
M16.2 2 2027  F_UCI 0.299118
M16.2 2 2027  F_Median 0.26292
M16.2 2 2027  F_Mean 0.260105
M16.2 2 2028 F0 0 
M16.2 2 2028 Fabc 0.299118
M16.2 2 2028 Fofl 0.353092
M16.2 2 2028  F_LCI 0.20209
M16.2 2 2028  F_UCI 0.299118
M16.2 2 2028  F_Median 0.254817
M16.2 2 2028  F_Mean 0.259061
M16.2 2 2029 F0 0 
M16.2 2 2029 Fabc 0.299118
M16.2 2 2029 Fofl 0.353092
M16.2 2 2029  F_LCI 0.206797
M16.2 2 2029  F_UCI 0.299118
M16.2 2 2029  F_Median 0.254834
M16.2 2 2029  F_Mean 0.25775
M16.2 2 2030 F0 0 
M16.2 2 2030 Fabc 0.299118
M16.2 2 2030 Fofl 0.353092
M16.2 2 2030  F_LCI 0.205941
M16.2 2 2030  F_UCI 0.299118
M16.2 2 2030  F_Median 0.253257
M16.2 2 2030  F_Mean 0.253901
M16.2 2 2031 F0 0 
M16.2 2 2031 Fabc 0.299118
M16.2 2 2031 Fofl 0.353092
M16.2 2 2031  F_LCI 0.203029
M16.2 2 2031  F_UCI 0.299118
M16.2 2 2031  F_Median 0.249664
M16.2 2 2031  F_Mean 0.25445
M16.2 2 2032 F0 0 
M16.2 2 2032 Fabc 0.299118
M16.2 2 2032 Fofl 0.353092
M16.2 2 2032  F_LCI 0.201689
M16.2 2 2032  F_UCI 0.299118
M16.2 2 2032  F_Median 0.257438
M16.2 2 2032  F_Mean 0.256292
M16.2 3 2019 Cabc 93.4271
M16.2 3 2019 Cofl 100.821
M16.2 3 2019 CLCI 55
M16.2 3 2019 CUCI 55
M16.2 3 2019 CMedian 55
M16.2 3 2019 CMean 55
M16.2 3 2019 CStdn 2.13163e-14
M16.2 3 2020 Cabc 93.4271
M16.2 3 2020 Cofl 100.821
M16.2 3 2020 CLCI 21.9669
M16.2 3 2020 CUCI 21.9805
M16.2 3 2020 CMedian 21.9706
M16.2 3 2020 CMean 21.972
M16.2 3 2020 CStdn 0.0049532
M16.2 3 2021 Cabc 93.4271
M16.2 3 2021 Cofl 100.821
M16.2 3 2021 CLCI 22.7779
M16.2 3 2021 CUCI 23.3459
M16.2 3 2021 CMedian 22.9307
M16.2 3 2021 CMean 22.9884
M16.2 3 2021 CStdn 0.207275
M16.2 3 2022 Cabc 93.4271
M16.2 3 2022 Cofl 100.821
M16.2 3 2022 CLCI 21.0381
M16.2 3 2022 CUCI 31.893
M16.2 3 2022 CMedian 24.1026
M16.2 3 2022 CMean 25.1371
M16.2 3 2022 CStdn 3.91941
M16.2 3 2023 Cabc 93.4271
M16.2 3 2023 Cofl 100.821
M16.2 3 2023 CLCI 19.972
M16.2 3 2023 CUCI 35.794
M16.2 3 2023 CMedian 25.8367
M16.2 3 2023 CMean 27.141
M16.2 3 2023 CStdn 5.58158
M16.2 3 2024 Cabc 93.4271
M16.2 3 2024 Cofl 100.821
M16.2 3 2024 CLCI 20.3363
M16.2 3 2024 CUCI 39.7951
M16.2 3 2024 CMedian 27.4566
M16.2 3 2024 CMean 29.0683
M16.2 3 2024 CStdn 7.06421
M16.2 3 2025 Cabc 93.4271
M16.2 3 2025 Cofl 100.821
M16.2 3 2025 CLCI 20.0906
M16.2 3 2025 CUCI 43.5103
M16.2 3 2025 CMedian 29.3804
M16.2 3 2025 CMean 30.8665
M16.2 3 2025 CStdn 7.72236
M16.2 3 2026 Cabc 93.4271
M16.2 3 2026 Cofl 100.821
M16.2 3 2026 CLCI 19.5457
M16.2 3 2026 CUCI 44.5789
M16.2 3 2026 CMedian 31.0731
M16.2 3 2026 CMean 31.5903
M16.2 3 2026 CStdn 7.81199
M16.2 3 2027 Cabc 93.4271
M16.2 3 2027 Cofl 100.821
M16.2 3 2027 CLCI 21.2203
M16.2 3 2027 CUCI 43.0089
M16.2 3 2027 CMedian 30.7963
M16.2 3 2027 CMean 31.6852
M16.2 3 2027 CStdn 7.89984
M16.2 3 2028 Cabc 93.4271
M16.2 3 2028 Cofl 100.821
M16.2 3 2028 CLCI 22.0717
M16.2 3 2028 CUCI 45.014
M16.2 3 2028 CMedian 30.4342
M16.2 3 2028 CMean 31.9977
M16.2 3 2028 CStdn 7.80269
M16.2 3 2029 Cabc 93.4271
M16.2 3 2029 Cofl 100.821
M16.2 3 2029 CLCI 21.6206
M16.2 3 2029 CUCI 44.3654
M16.2 3 2029 CMedian 28.9992
M16.2 3 2029 CMean 31.1494
M16.2 3 2029 CStdn 7.55502
M16.2 3 2030 Cabc 93.4271
M16.2 3 2030 Cofl 100.821
M16.2 3 2030 CLCI 22.3547
M16.2 3 2030 CUCI 42.6649
M16.2 3 2030 CMedian 29.1422
M16.2 3 2030 CMean 30.823
M16.2 3 2030 CStdn 7.02017
M16.2 3 2031 Cabc 93.4271
M16.2 3 2031 Cofl 100.821
M16.2 3 2031 CLCI 22.2286
M16.2 3 2031 CUCI 44.2052
M16.2 3 2031 CMedian 29.3971
M16.2 3 2031 CMean 31.2718
M16.2 3 2031 CStdn 7.27649
M16.2 3 2032 Cabc 93.4271
M16.2 3 2032 Cofl 100.821
M16.2 3 2032 CLCI 22.2201
M16.2 3 2032 CUCI 45.4411
M16.2 3 2032 CMedian 29.7513
M16.2 3 2032 CMean 31.6482
M16.2 3 2032 CStdn 7.65557
M16.2 3 2019 SSBF100 339.135
M16.2 3 2019 SSBFabc 135.654
M16.2 3 2019 SSBFofl 118.697
M16.2 3 2019 SSBLCI 172.699
M16.2 3 2019 SSBUCI 172.699
M16.2 3 2019 SSBMedian 172.699
M16.2 3 2019 SSBMean 172.699
M16.2 3 2020 SSBF100 339.135
M16.2 3 2020 SSBFabc 135.654
M16.2 3 2020 SSBFofl 118.697
M16.2 3 2020 SSBLCI 172.199
M16.2 3 2020 SSBUCI 172.324
M16.2 3 2020 SSBMedian 172.233
M16.2 3 2020 SSBMean 172.246
M16.2 3 2021 SSBF100 339.135
M16.2 3 2021 SSBFabc 135.654
M16.2 3 2021 SSBFofl 118.697
M16.2 3 2021 SSBLCI 177.952
M16.2 3 2021 SSBUCI 180.422
M16.2 3 2021 SSBMedian 178.648
M16.2 3 2021 SSBMean 178.883
M16.2 3 2022 SSBF100 339.135
M16.2 3 2022 SSBFabc 135.654
M16.2 3 2022 SSBFofl 118.697
M16.2 3 2022 SSBLCI 177.659
M16.2 3 2022 SSBUCI 204.397
M16.2 3 2022 SSBMedian 185.3
M16.2 3 2022 SSBMean 187.933
M16.2 3 2023 SSBF100 339.135
M16.2 3 2023 SSBFabc 135.654
M16.2 3 2023 SSBFofl 118.697
M16.2 3 2023 SSBLCI 169.546
M16.2 3 2023 SSBUCI 252.878
M16.2 3 2023 SSBMedian 197.91
M16.2 3 2023 SSBMean 204.044
M16.2 3 2024 SSBF100 339.135
M16.2 3 2024 SSBFabc 135.654
M16.2 3 2024 SSBFofl 118.697
M16.2 3 2024 SSBLCI 166.706
M16.2 3 2024 SSBUCI 290.111
M16.2 3 2024 SSBMedian 212.234
M16.2 3 2024 SSBMean 218.526
M16.2 3 2025 SSBF100 339.135
M16.2 3 2025 SSBFabc 135.654
M16.2 3 2025 SSBFofl 118.697
M16.2 3 2025 SSBLCI 166.417
M16.2 3 2025 SSBUCI 309.158
M16.2 3 2025 SSBMedian 218.991
M16.2 3 2025 SSBMean 232.755
M16.2 3 2026 SSBF100 339.135
M16.2 3 2026 SSBFabc 135.654
M16.2 3 2026 SSBFofl 118.697
M16.2 3 2026 SSBLCI 162.527
M16.2 3 2026 SSBUCI 327.416
M16.2 3 2026 SSBMedian 235.7
M16.2 3 2026 SSBMean 243.393
M16.2 3 2027 SSBF100 339.135
M16.2 3 2027 SSBFabc 135.654
M16.2 3 2027 SSBFofl 118.697
M16.2 3 2027 SSBLCI 164.194
M16.2 3 2027 SSBUCI 334.09
M16.2 3 2027 SSBMedian 240.638
M16.2 3 2027 SSBMean 249.057
M16.2 3 2028 SSBF100 339.135
M16.2 3 2028 SSBFabc 135.654
M16.2 3 2028 SSBFofl 118.697
M16.2 3 2028 SSBLCI 177.641
M16.2 3 2028 SSBUCI 334.641
M16.2 3 2028 SSBMedian 243.331
M16.2 3 2028 SSBMean 252.347
M16.2 3 2029 SSBF100 339.135
M16.2 3 2029 SSBFabc 135.654
M16.2 3 2029 SSBFofl 118.697
M16.2 3 2029 SSBLCI 183.155
M16.2 3 2029 SSBUCI 341.978
M16.2 3 2029 SSBMedian 241.431
M16.2 3 2029 SSBMean 254.127
M16.2 3 2030 SSBF100 339.135
M16.2 3 2030 SSBFabc 135.654
M16.2 3 2030 SSBFofl 118.697
M16.2 3 2030 SSBLCI 186.616
M16.2 3 2030 SSBUCI 335.858
M16.2 3 2030 SSBMedian 239.203
M16.2 3 2030 SSBMean 251.95
M16.2 3 2031 SSBF100 339.135
M16.2 3 2031 SSBFabc 135.654
M16.2 3 2031 SSBFofl 118.697
M16.2 3 2031 SSBLCI 185.915
M16.2 3 2031 SSBUCI 330.098
M16.2 3 2031 SSBMedian 237.731
M16.2 3 2031 SSBMean 252.124
M16.2 3 2032 SSBF100 339.135
M16.2 3 2032 SSBFabc 135.654
M16.2 3 2032 SSBFofl 118.697
M16.2 3 2032 SSBLCI 192.822
M16.2 3 2032 SSBUCI 346.426
M16.2 3 2032 SSBMedian 242.823
M16.2 3 2032 SSBMean 255.903
M16.2 3 2019 F0 0 
M16.2 3 2019 Fabc 0.299118
M16.2 3 2019 Fofl 0.353092
M16.2 3 2019  F_LCI 0.169251
M16.2 3 2019  F_UCI 0.169251
M16.2 3 2019  F_Median 0.169251
M16.2 3 2019  F_Mean 0.169251
M16.2 3 2020 F0 0 
M16.2 3 2020 Fabc 0.299118
M16.2 3 2020 Fofl 0.353092
M16.2 3 2020  F_LCI 0.0661399
M16.2 3 2020  F_UCI 0.0661399
M16.2 3 2020  F_Median 0.0661399
M16.2 3 2020  F_Mean 0.0661399
M16.2 3 2021 F0 0 
M16.2 3 2021 Fabc 0.299118
M16.2 3 2021 Fofl 0.353092
M16.2 3 2021  F_LCI 0.0661399
M16.2 3 2021  F_UCI 0.0661399
M16.2 3 2021  F_Median 0.0661399
M16.2 3 2021  F_Mean 0.0661399
M16.2 3 2022 F0 0 
M16.2 3 2022 Fabc 0.299118
M16.2 3 2022 Fofl 0.353092
M16.2 3 2022  F_LCI 0.0661399
M16.2 3 2022  F_UCI 0.0661399
M16.2 3 2022  F_Median 0.0661399
M16.2 3 2022  F_Mean 0.0661399
M16.2 3 2023 F0 0 
M16.2 3 2023 Fabc 0.299118
M16.2 3 2023 Fofl 0.353092
M16.2 3 2023  F_LCI 0.0661399
M16.2 3 2023  F_UCI 0.0661399
M16.2 3 2023  F_Median 0.0661399
M16.2 3 2023  F_Mean 0.0661399
M16.2 3 2024 F0 0 
M16.2 3 2024 Fabc 0.299118
M16.2 3 2024 Fofl 0.353092
M16.2 3 2024  F_LCI 0.0661399
M16.2 3 2024  F_UCI 0.0661399
M16.2 3 2024  F_Median 0.0661399
M16.2 3 2024  F_Mean 0.0661399
M16.2 3 2025 F0 0 
M16.2 3 2025 Fabc 0.299118
M16.2 3 2025 Fofl 0.353092
M16.2 3 2025  F_LCI 0.0661399
M16.2 3 2025  F_UCI 0.0661399
M16.2 3 2025  F_Median 0.0661399
M16.2 3 2025  F_Mean 0.0661399
M16.2 3 2026 F0 0 
M16.2 3 2026 Fabc 0.299118
M16.2 3 2026 Fofl 0.353092
M16.2 3 2026  F_LCI 0.0661399
M16.2 3 2026  F_UCI 0.0661399
M16.2 3 2026  F_Median 0.0661399
M16.2 3 2026  F_Mean 0.0661399
M16.2 3 2027 F0 0 
M16.2 3 2027 Fabc 0.299118
M16.2 3 2027 Fofl 0.353092
M16.2 3 2027  F_LCI 0.0661399
M16.2 3 2027  F_UCI 0.0661399
M16.2 3 2027  F_Median 0.0661399
M16.2 3 2027  F_Mean 0.0661399
M16.2 3 2028 F0 0 
M16.2 3 2028 Fabc 0.299118
M16.2 3 2028 Fofl 0.353092
M16.2 3 2028  F_LCI 0.0661399
M16.2 3 2028  F_UCI 0.0661399
M16.2 3 2028  F_Median 0.0661399
M16.2 3 2028  F_Mean 0.0661399
M16.2 3 2029 F0 0 
M16.2 3 2029 Fabc 0.299118
M16.2 3 2029 Fofl 0.353092
M16.2 3 2029  F_LCI 0.0661399
M16.2 3 2029  F_UCI 0.0661399
M16.2 3 2029  F_Median 0.0661399
M16.2 3 2029  F_Mean 0.0661399
M16.2 3 2030 F0 0 
M16.2 3 2030 Fabc 0.299118
M16.2 3 2030 Fofl 0.353092
M16.2 3 2030  F_LCI 0.0661399
M16.2 3 2030  F_UCI 0.0661399
M16.2 3 2030  F_Median 0.0661399
M16.2 3 2030  F_Mean 0.0661399
M16.2 3 2031 F0 0 
M16.2 3 2031 Fabc 0.299118
M16.2 3 2031 Fofl 0.353092
M16.2 3 2031  F_LCI 0.0661399
M16.2 3 2031  F_UCI 0.0661399
M16.2 3 2031  F_Median 0.0661399
M16.2 3 2031  F_Mean 0.0661399
M16.2 3 2032 F0 0 
M16.2 3 2032 Fabc 0.299118
M16.2 3 2032 Fofl 0.353092
M16.2 3 2032  F_LCI 0.0661399
M16.2 3 2032  F_UCI 0.0661399
M16.2 3 2032  F_Median 0.0661399
M16.2 3 2032  F_Mean 0.0661399
M16.2 4 2019 Cabc 93.4271
M16.2 4 2019 Cofl 100.821
M16.2 4 2019 CLCI 55
M16.2 4 2019 CUCI 55
M16.2 4 2019 CMedian 55
M16.2 4 2019 CMean 55
M16.2 4 2019 CStdn 2.13163e-14
M16.2 4 2020 Cabc 93.4271
M16.2 4 2020 Cofl 100.821
M16.2 4 2020 CLCI 27.3237
M16.2 4 2020 CUCI 27.3407
M16.2 4 2020 CMedian 27.3283
M16.2 4 2020 CMean 27.33
M16.2 4 2020 CStdn 0.0061975
M16.2 4 2021 Cabc 93.4271
M16.2 4 2021 Cofl 100.821
M16.2 4 2021 CLCI 28.0426
M16.2 4 2021 CUCI 28.753
M16.2 4 2021 CMedian 28.2337
M16.2 4 2021 CMean 28.3059
M16.2 4 2021 CStdn 0.259257
M16.2 4 2022 Cabc 93.4271
M16.2 4 2022 Cofl 100.821
M16.2 4 2022 CLCI 25.6693
M16.2 4 2022 CUCI 39.1737
M16.2 4 2022 CMedian 29.4817
M16.2 4 2022 CMean 30.7698
M16.2 4 2022 CStdn 4.87555
M16.2 4 2023 Cabc 93.4271
M16.2 4 2023 Cofl 100.821
M16.2 4 2023 CLCI 24.2084
M16.2 4 2023 CUCI 43.8089
M16.2 4 2023 CMedian 31.4924
M16.2 4 2023 CMean 33.0776
M16.2 4 2023 CStdn 6.88828
M16.2 4 2024 Cabc 93.4271
M16.2 4 2024 Cofl 100.821
M16.2 4 2024 CLCI 24.5529
M16.2 4 2024 CUCI 48.1925
M16.2 4 2024 CMedian 33.3059
M16.2 4 2024 CMean 35.332
M16.2 4 2024 CStdn 8.69507
M16.2 4 2025 Cabc 93.4271
M16.2 4 2025 Cofl 100.821
M16.2 4 2025 CLCI 24.2187
M16.2 4 2025 CUCI 52.958
M16.2 4 2025 CMedian 35.8351
M16.2 4 2025 CMean 37.4308
M16.2 4 2025 CStdn 9.43905
M16.2 4 2026 Cabc 93.4271
M16.2 4 2026 Cofl 100.821
M16.2 4 2026 CLCI 23.5973
M16.2 4 2026 CUCI 53.6878
M16.2 4 2026 CMedian 37.5618
M16.2 4 2026 CMean 38.2266
M16.2 4 2026 CStdn 9.52201
M16.2 4 2027 Cabc 93.4271
M16.2 4 2027 Cofl 100.821
M16.2 4 2027 CLCI 25.7142
M16.2 4 2027 CUCI 51.9202
M16.2 4 2027 CMedian 37.1539
M16.2 4 2027 CMean 38.2808
M16.2 4 2027 CStdn 9.61854
M16.2 4 2028 Cabc 93.4271
M16.2 4 2028 Cofl 100.821
M16.2 4 2028 CLCI 26.7372
M16.2 4 2028 CUCI 54.4052
M16.2 4 2028 CMedian 36.7364
M16.2 4 2028 CMean 38.6309
M16.2 4 2028 CStdn 9.48896
M16.2 4 2029 Cabc 93.4271
M16.2 4 2029 Cofl 100.821
M16.2 4 2029 CLCI 26.2747
M16.2 4 2029 CUCI 53.4709
M16.2 4 2029 CMedian 34.9087
M16.2 4 2029 CMean 37.5515
M16.2 4 2029 CStdn 9.16041
M16.2 4 2030 Cabc 93.4271
M16.2 4 2030 Cofl 100.821
M16.2 4 2030 CLCI 26.8505
M16.2 4 2030 CUCI 51.5368
M16.2 4 2030 CMedian 34.9592
M16.2 4 2030 CMean 37.1465
M16.2 4 2030 CStdn 8.50455
M16.2 4 2031 Cabc 93.4271
M16.2 4 2031 Cofl 100.821
M16.2 4 2031 CLCI 26.6425
M16.2 4 2031 CUCI 53.613
M16.2 4 2031 CMedian 35.4686
M16.2 4 2031 CMean 37.6973
M16.2 4 2031 CStdn 8.85376
M16.2 4 2032 Cabc 93.4271
M16.2 4 2032 Cofl 100.821
M16.2 4 2032 CLCI 26.7646
M16.2 4 2032 CUCI 55.2563
M16.2 4 2032 CMedian 35.7721
M16.2 4 2032 CMean 38.1633
M16.2 4 2032 CStdn 9.32615
M16.2 4 2019 SSBF100 339.135
M16.2 4 2019 SSBFabc 135.654
M16.2 4 2019 SSBFofl 118.697
M16.2 4 2019 SSBLCI 172.699
M16.2 4 2019 SSBUCI 172.699
M16.2 4 2019 SSBMedian 172.699
M16.2 4 2019 SSBMean 172.699
M16.2 4 2020 SSBF100 339.135
M16.2 4 2020 SSBFabc 135.654
M16.2 4 2020 SSBFofl 118.697
M16.2 4 2020 SSBLCI 171.01
M16.2 4 2020 SSBUCI 171.135
M16.2 4 2020 SSBMedian 171.044
M16.2 4 2020 SSBMean 171.057
M16.2 4 2021 SSBF100 339.135
M16.2 4 2021 SSBFabc 135.654
M16.2 4 2021 SSBFofl 118.697
M16.2 4 2021 SSBLCI 174.724
M16.2 4 2021 SSBUCI 177.192
M16.2 4 2021 SSBMedian 175.42
M16.2 4 2021 SSBMean 175.654
M16.2 4 2022 SSBF100 339.135
M16.2 4 2022 SSBFabc 135.654
M16.2 4 2022 SSBFofl 118.697
M16.2 4 2022 SSBLCI 172.707
M16.2 4 2022 SSBUCI 199.259
M16.2 4 2022 SSBMedian 180.307
M16.2 4 2022 SSBMean 182.912
M16.2 4 2023 SSBF100 339.135
M16.2 4 2023 SSBFabc 135.654
M16.2 4 2023 SSBFofl 118.697
M16.2 4 2023 SSBLCI 163.482
M16.2 4 2023 SSBUCI 245.251
M16.2 4 2023 SSBMedian 191.398
M16.2 4 2023 SSBMean 197.389
M16.2 4 2024 SSBF100 339.135
M16.2 4 2024 SSBFabc 135.654
M16.2 4 2024 SSBFofl 118.697
M16.2 4 2024 SSBLCI 159.821
M16.2 4 2024 SSBUCI 279.695
M16.2 4 2024 SSBMedian 204.122
M16.2 4 2024 SSBMean 210.403
M16.2 4 2025 SSBF100 339.135
M16.2 4 2025 SSBFabc 135.654
M16.2 4 2025 SSBFofl 118.697
M16.2 4 2025 SSBLCI 158.842
M16.2 4 2025 SSBUCI 297.824
M16.2 4 2025 SSBMedian 210.078
M16.2 4 2025 SSBMean 223.273
M16.2 4 2026 SSBF100 339.135
M16.2 4 2026 SSBFabc 135.654
M16.2 4 2026 SSBFofl 118.697
M16.2 4 2026 SSBLCI 153.919
M16.2 4 2026 SSBUCI 313.259
M16.2 4 2026 SSBMedian 225.37
M16.2 4 2026 SSBMean 232.722
M16.2 4 2027 SSBF100 339.135
M16.2 4 2027 SSBFabc 135.654
M16.2 4 2027 SSBFofl 118.697
M16.2 4 2027 SSBLCI 155.906
M16.2 4 2027 SSBUCI 318.696
M16.2 4 2027 SSBMedian 229.045
M16.2 4 2027 SSBMean 237.465
M16.2 4 2028 SSBF100 339.135
M16.2 4 2028 SSBFabc 135.654
M16.2 4 2028 SSBFofl 118.697
M16.2 4 2028 SSBLCI 167.723
M16.2 4 2028 SSBUCI 320.228
M16.2 4 2028 SSBMedian 232.479
M16.2 4 2028 SSBMean 240.09
M16.2 4 2029 SSBF100 339.135
M16.2 4 2029 SSBFabc 135.654
M16.2 4 2029 SSBFofl 118.697
M16.2 4 2029 SSBLCI 172.888
M16.2 4 2029 SSBUCI 326.851
M16.2 4 2029 SSBMedian 228.823
M16.2 4 2029 SSBMean 241.386
M16.2 4 2030 SSBF100 339.135
M16.2 4 2030 SSBFabc 135.654
M16.2 4 2030 SSBFofl 118.697
M16.2 4 2030 SSBLCI 177.137
M16.2 4 2030 SSBUCI 318.659
M16.2 4 2030 SSBMedian 227.467
M16.2 4 2030 SSBMean 238.912
M16.2 4 2031 SSBF100 339.135
M16.2 4 2031 SSBFabc 135.654
M16.2 4 2031 SSBFofl 118.697
M16.2 4 2031 SSBLCI 176.929
M16.2 4 2031 SSBUCI 312.633
M16.2 4 2031 SSBMedian 225.101
M16.2 4 2031 SSBMean 238.946
M16.2 4 2032 SSBF100 339.135
M16.2 4 2032 SSBFabc 135.654
M16.2 4 2032 SSBFofl 118.697
M16.2 4 2032 SSBLCI 182.341
M16.2 4 2032 SSBUCI 330.933
M16.2 4 2032 SSBMedian 229.807
M16.2 4 2032 SSBMean 242.528
M16.2 4 2019 F0 0 
M16.2 4 2019 Fabc 0.299118
M16.2 4 2019 Fofl 0.353092
M16.2 4 2019  F_LCI 0.169251
M16.2 4 2019  F_UCI 0.169251
M16.2 4 2019  F_Median 0.169251
M16.2 4 2019  F_Mean 0.169251
M16.2 4 2020 F0 0 
M16.2 4 2020 Fabc 0.299118
M16.2 4 2020 Fofl 0.353092
M16.2 4 2020  F_LCI 0.0827567
M16.2 4 2020  F_UCI 0.0827567
M16.2 4 2020  F_Median 0.0827567
M16.2 4 2020  F_Mean 0.0827567
M16.2 4 2021 F0 0 
M16.2 4 2021 Fabc 0.299118
M16.2 4 2021 Fofl 0.353092
M16.2 4 2021  F_LCI 0.0827567
M16.2 4 2021  F_UCI 0.0827567
M16.2 4 2021  F_Median 0.0827567
M16.2 4 2021  F_Mean 0.0827567
M16.2 4 2022 F0 0 
M16.2 4 2022 Fabc 0.299118
M16.2 4 2022 Fofl 0.353092
M16.2 4 2022  F_LCI 0.0827567
M16.2 4 2022  F_UCI 0.0827567
M16.2 4 2022  F_Median 0.0827567
M16.2 4 2022  F_Mean 0.0827567
M16.2 4 2023 F0 0 
M16.2 4 2023 Fabc 0.299118
M16.2 4 2023 Fofl 0.353092
M16.2 4 2023  F_LCI 0.0827567
M16.2 4 2023  F_UCI 0.0827567
M16.2 4 2023  F_Median 0.0827567
M16.2 4 2023  F_Mean 0.0827567
M16.2 4 2024 F0 0 
M16.2 4 2024 Fabc 0.299118
M16.2 4 2024 Fofl 0.353092
M16.2 4 2024  F_LCI 0.0827567
M16.2 4 2024  F_UCI 0.0827567
M16.2 4 2024  F_Median 0.0827567
M16.2 4 2024  F_Mean 0.0827567
M16.2 4 2025 F0 0 
M16.2 4 2025 Fabc 0.299118
M16.2 4 2025 Fofl 0.353092
M16.2 4 2025  F_LCI 0.0827567
M16.2 4 2025  F_UCI 0.0827567
M16.2 4 2025  F_Median 0.0827567
M16.2 4 2025  F_Mean 0.0827567
M16.2 4 2026 F0 0 
M16.2 4 2026 Fabc 0.299118
M16.2 4 2026 Fofl 0.353092
M16.2 4 2026  F_LCI 0.0827567
M16.2 4 2026  F_UCI 0.0827567
M16.2 4 2026  F_Median 0.0827567
M16.2 4 2026  F_Mean 0.0827567
M16.2 4 2027 F0 0 
M16.2 4 2027 Fabc 0.299118
M16.2 4 2027 Fofl 0.353092
M16.2 4 2027  F_LCI 0.0827567
M16.2 4 2027  F_UCI 0.0827567
M16.2 4 2027  F_Median 0.0827567
M16.2 4 2027  F_Mean 0.0827567
M16.2 4 2028 F0 0 
M16.2 4 2028 Fabc 0.299118
M16.2 4 2028 Fofl 0.353092
M16.2 4 2028  F_LCI 0.0827567
M16.2 4 2028  F_UCI 0.0827567
M16.2 4 2028  F_Median 0.0827567
M16.2 4 2028  F_Mean 0.0827567
M16.2 4 2029 F0 0 
M16.2 4 2029 Fabc 0.299118
M16.2 4 2029 Fofl 0.353092
M16.2 4 2029  F_LCI 0.0827567
M16.2 4 2029  F_UCI 0.0827567
M16.2 4 2029  F_Median 0.0827567
M16.2 4 2029  F_Mean 0.0827567
M16.2 4 2030 F0 0 
M16.2 4 2030 Fabc 0.299118
M16.2 4 2030 Fofl 0.353092
M16.2 4 2030  F_LCI 0.0827567
M16.2 4 2030  F_UCI 0.0827567
M16.2 4 2030  F_Median 0.0827567
M16.2 4 2030  F_Mean 0.0827567
M16.2 4 2031 F0 0 
M16.2 4 2031 Fabc 0.299118
M16.2 4 2031 Fofl 0.353092
M16.2 4 2031  F_LCI 0.0827567
M16.2 4 2031  F_UCI 0.0827567
M16.2 4 2031  F_Median 0.0827567
M16.2 4 2031  F_Mean 0.0827567
M16.2 4 2032 F0 0 
M16.2 4 2032 Fabc 0.299118
M16.2 4 2032 Fofl 0.353092
M16.2 4 2032  F_LCI 0.0827567
M16.2 4 2032  F_UCI 0.0827567
M16.2 4 2032  F_Median 0.0827567
M16.2 4 2032  F_Mean 0.0827567
M16.2 5 2019 Cabc 93.4271
M16.2 5 2019 Cofl 100.821
M16.2 5 2019 CLCI 55
M16.2 5 2019 CUCI 55
M16.2 5 2019 CMedian 55
M16.2 5 2019 CMean 55
M16.2 5 2019 CStdn 2.13163e-14
M16.2 5 2020 Cabc 93.4271
M16.2 5 2020 Cofl 100.821
M16.2 5 2020 CLCI 0
M16.2 5 2020 CUCI 0
M16.2 5 2020 CMedian 0
M16.2 5 2020 CMean 0
M16.2 5 2020 CStdn 0
M16.2 5 2021 Cabc 93.4271
M16.2 5 2021 Cofl 100.821
M16.2 5 2021 CLCI 0
M16.2 5 2021 CUCI 0
M16.2 5 2021 CMedian 0
M16.2 5 2021 CMean 0
M16.2 5 2021 CStdn 0
M16.2 5 2022 Cabc 93.4271
M16.2 5 2022 Cofl 100.821
M16.2 5 2022 CLCI 0
M16.2 5 2022 CUCI 0
M16.2 5 2022 CMedian 0
M16.2 5 2022 CMean 0
M16.2 5 2022 CStdn 0
M16.2 5 2023 Cabc 93.4271
M16.2 5 2023 Cofl 100.821
M16.2 5 2023 CLCI 0
M16.2 5 2023 CUCI 0
M16.2 5 2023 CMedian 0
M16.2 5 2023 CMean 0
M16.2 5 2023 CStdn 0
M16.2 5 2024 Cabc 93.4271
M16.2 5 2024 Cofl 100.821
M16.2 5 2024 CLCI 0
M16.2 5 2024 CUCI 0
M16.2 5 2024 CMedian 0
M16.2 5 2024 CMean 0
M16.2 5 2024 CStdn 0
M16.2 5 2025 Cabc 93.4271
M16.2 5 2025 Cofl 100.821
M16.2 5 2025 CLCI 0
M16.2 5 2025 CUCI 0
M16.2 5 2025 CMedian 0
M16.2 5 2025 CMean 0
M16.2 5 2025 CStdn 0
M16.2 5 2026 Cabc 93.4271
M16.2 5 2026 Cofl 100.821
M16.2 5 2026 CLCI 0
M16.2 5 2026 CUCI 0
M16.2 5 2026 CMedian 0
M16.2 5 2026 CMean 0
M16.2 5 2026 CStdn 0
M16.2 5 2027 Cabc 93.4271
M16.2 5 2027 Cofl 100.821
M16.2 5 2027 CLCI 0
M16.2 5 2027 CUCI 0
M16.2 5 2027 CMedian 0
M16.2 5 2027 CMean 0
M16.2 5 2027 CStdn 0
M16.2 5 2028 Cabc 93.4271
M16.2 5 2028 Cofl 100.821
M16.2 5 2028 CLCI 0
M16.2 5 2028 CUCI 0
M16.2 5 2028 CMedian 0
M16.2 5 2028 CMean 0
M16.2 5 2028 CStdn 0
M16.2 5 2029 Cabc 93.4271
M16.2 5 2029 Cofl 100.821
M16.2 5 2029 CLCI 0
M16.2 5 2029 CUCI 0
M16.2 5 2029 CMedian 0
M16.2 5 2029 CMean 0
M16.2 5 2029 CStdn 0
M16.2 5 2030 Cabc 93.4271
M16.2 5 2030 Cofl 100.821
M16.2 5 2030 CLCI 0
M16.2 5 2030 CUCI 0
M16.2 5 2030 CMedian 0
M16.2 5 2030 CMean 0
M16.2 5 2030 CStdn 0
M16.2 5 2031 Cabc 93.4271
M16.2 5 2031 Cofl 100.821
M16.2 5 2031 CLCI 0
M16.2 5 2031 CUCI 0
M16.2 5 2031 CMedian 0
M16.2 5 2031 CMean 0
M16.2 5 2031 CStdn 0
M16.2 5 2032 Cabc 93.4271
M16.2 5 2032 Cofl 100.821
M16.2 5 2032 CLCI 0
M16.2 5 2032 CUCI 0
M16.2 5 2032 CMedian 0
M16.2 5 2032 CMean 0
M16.2 5 2032 CStdn 0
M16.2 5 2019 SSBF100 339.135
M16.2 5 2019 SSBFabc 135.654
M16.2 5 2019 SSBFofl 118.697
M16.2 5 2019 SSBLCI 172.699
M16.2 5 2019 SSBUCI 172.699
M16.2 5 2019 SSBMedian 172.699
M16.2 5 2019 SSBMean 172.699
M16.2 5 2020 SSBF100 339.135
M16.2 5 2020 SSBFabc 135.654
M16.2 5 2020 SSBFofl 118.697
M16.2 5 2020 SSBLCI 177.022
M16.2 5 2020 SSBUCI 177.147
M16.2 5 2020 SSBMedian 177.056
M16.2 5 2020 SSBMean 177.069
M16.2 5 2021 SSBF100 339.135
M16.2 5 2021 SSBFabc 135.654
M16.2 5 2021 SSBFofl 118.697
M16.2 5 2021 SSBLCI 191.464
M16.2 5 2021 SSBUCI 193.938
M16.2 5 2021 SSBMedian 192.161
M16.2 5 2021 SSBMean 192.396
M16.2 5 2022 SSBF100 339.135
M16.2 5 2022 SSBFabc 135.654
M16.2 5 2022 SSBFofl 118.697
M16.2 5 2022 SSBLCI 198.977
M16.2 5 2022 SSBUCI 226.469
M16.2 5 2022 SSBMedian 206.809
M16.2 5 2022 SSBMean 209.532
M16.2 5 2023 SSBF100 339.135
M16.2 5 2023 SSBFabc 135.654
M16.2 5 2023 SSBFofl 118.697
M16.2 5 2023 SSBLCI 196.331
M16.2 5 2023 SSBUCI 286.19
M16.2 5 2023 SSBMedian 226.56
M16.2 5 2023 SSBMean 233.295
M16.2 5 2024 SSBF100 339.135
M16.2 5 2024 SSBFabc 135.654
M16.2 5 2024 SSBFofl 118.697
M16.2 5 2024 SSBLCI 197.569
M16.2 5 2024 SSBUCI 331.608
M16.2 5 2024 SSBMedian 248.547
M16.2 5 2024 SSBMean 254.875
M16.2 5 2025 SSBF100 339.135
M16.2 5 2025 SSBFabc 135.654
M16.2 5 2025 SSBFofl 118.697
M16.2 5 2025 SSBLCI 201.306
M16.2 5 2025 SSBUCI 365.18
M16.2 5 2025 SSBMedian 260.255
M16.2 5 2025 SSBMean 275.796
M16.2 5 2026 SSBF100 339.135
M16.2 5 2026 SSBFabc 135.654
M16.2 5 2026 SSBFofl 118.697
M16.2 5 2026 SSBLCI 202.805
M16.2 5 2026 SSBUCI 386.676
M16.2 5 2026 SSBMedian 288.232
M16.2 5 2026 SSBMean 292.409
M16.2 5 2027 SSBF100 339.135
M16.2 5 2027 SSBFabc 135.654
M16.2 5 2027 SSBFofl 118.697
M16.2 5 2027 SSBLCI 203.145
M16.2 5 2027 SSBUCI 408.997
M16.2 5 2027 SSBMedian 296.645
M16.2 5 2027 SSBMean 302.865
M16.2 5 2028 SSBF100 339.135
M16.2 5 2028 SSBFabc 135.654
M16.2 5 2028 SSBFofl 118.697
M16.2 5 2028 SSBLCI 223.127
M16.2 5 2028 SSBUCI 407.885
M16.2 5 2028 SSBMedian 303.645
M16.2 5 2028 SSBMean 309.76
M16.2 5 2029 SSBF100 339.135
M16.2 5 2029 SSBFabc 135.654
M16.2 5 2029 SSBFofl 118.697
M16.2 5 2029 SSBLCI 226.613
M16.2 5 2029 SSBUCI 413.359
M16.2 5 2029 SSBMedian 299.753
M16.2 5 2029 SSBMean 314.226
M16.2 5 2030 SSBF100 339.135
M16.2 5 2030 SSBFabc 135.654
M16.2 5 2030 SSBFofl 118.697
M16.2 5 2030 SSBLCI 232.181
M16.2 5 2030 SSBUCI 415.889
M16.2 5 2030 SSBMedian 296.687
M16.2 5 2030 SSBMean 313.854
M16.2 5 2031 SSBF100 339.135
M16.2 5 2031 SSBFabc 135.654
M16.2 5 2031 SSBFofl 118.697
M16.2 5 2031 SSBLCI 231.673
M16.2 5 2031 SSBUCI 413.623
M16.2 5 2031 SSBMedian 298.747
M16.2 5 2031 SSBMean 315.008
M16.2 5 2032 SSBF100 339.135
M16.2 5 2032 SSBFabc 135.654
M16.2 5 2032 SSBFofl 118.697
M16.2 5 2032 SSBLCI 243.697
M16.2 5 2032 SSBUCI 426.214
M16.2 5 2032 SSBMedian 306.53
M16.2 5 2032 SSBMean 319.932
M16.2 5 2019 F0 0 
M16.2 5 2019 Fabc 0.299118
M16.2 5 2019 Fofl 0.353092
M16.2 5 2019  F_LCI 0.169251
M16.2 5 2019  F_UCI 0.169251
M16.2 5 2019  F_Median 0.169251
M16.2 5 2019  F_Mean 0.169251
M16.2 5 2020 F0 0 
M16.2 5 2020 Fabc 0.299118
M16.2 5 2020 Fofl 0.353092
M16.2 5 2020  F_LCI 0
M16.2 5 2020  F_UCI 0
M16.2 5 2020  F_Median 0
M16.2 5 2020  F_Mean 0
M16.2 5 2021 F0 0 
M16.2 5 2021 Fabc 0.299118
M16.2 5 2021 Fofl 0.353092
M16.2 5 2021  F_LCI 0
M16.2 5 2021  F_UCI 0
M16.2 5 2021  F_Median 0
M16.2 5 2021  F_Mean 0
M16.2 5 2022 F0 0 
M16.2 5 2022 Fabc 0.299118
M16.2 5 2022 Fofl 0.353092
M16.2 5 2022  F_LCI 0
M16.2 5 2022  F_UCI 0
M16.2 5 2022  F_Median 0
M16.2 5 2022  F_Mean 0
M16.2 5 2023 F0 0 
M16.2 5 2023 Fabc 0.299118
M16.2 5 2023 Fofl 0.353092
M16.2 5 2023  F_LCI 0
M16.2 5 2023  F_UCI 0
M16.2 5 2023  F_Median 0
M16.2 5 2023  F_Mean 0
M16.2 5 2024 F0 0 
M16.2 5 2024 Fabc 0.299118
M16.2 5 2024 Fofl 0.353092
M16.2 5 2024  F_LCI 0
M16.2 5 2024  F_UCI 0
M16.2 5 2024  F_Median 0
M16.2 5 2024  F_Mean 0
M16.2 5 2025 F0 0 
M16.2 5 2025 Fabc 0.299118
M16.2 5 2025 Fofl 0.353092
M16.2 5 2025  F_LCI 0
M16.2 5 2025  F_UCI 0
M16.2 5 2025  F_Median 0
M16.2 5 2025  F_Mean 0
M16.2 5 2026 F0 0 
M16.2 5 2026 Fabc 0.299118
M16.2 5 2026 Fofl 0.353092
M16.2 5 2026  F_LCI 0
M16.2 5 2026  F_UCI 0
M16.2 5 2026  F_Median 0
M16.2 5 2026  F_Mean 0
M16.2 5 2027 F0 0 
M16.2 5 2027 Fabc 0.299118
M16.2 5 2027 Fofl 0.353092
M16.2 5 2027  F_LCI 0
M16.2 5 2027  F_UCI 0
M16.2 5 2027  F_Median 0
M16.2 5 2027  F_Mean 0
M16.2 5 2028 F0 0 
M16.2 5 2028 Fabc 0.299118
M16.2 5 2028 Fofl 0.353092
M16.2 5 2028  F_LCI 0
M16.2 5 2028  F_UCI 0
M16.2 5 2028  F_Median 0
M16.2 5 2028  F_Mean 0
M16.2 5 2029 F0 0 
M16.2 5 2029 Fabc 0.299118
M16.2 5 2029 Fofl 0.353092
M16.2 5 2029  F_LCI 0
M16.2 5 2029  F_UCI 0
M16.2 5 2029  F_Median 0
M16.2 5 2029  F_Mean 0
M16.2 5 2030 F0 0 
M16.2 5 2030 Fabc 0.299118
M16.2 5 2030 Fofl 0.353092
M16.2 5 2030  F_LCI 0
M16.2 5 2030  F_UCI 0
M16.2 5 2030  F_Median 0
M16.2 5 2030  F_Mean 0
M16.2 5 2031 F0 0 
M16.2 5 2031 Fabc 0.299118
M16.2 5 2031 Fofl 0.353092
M16.2 5 2031  F_LCI 0
M16.2 5 2031  F_UCI 0
M16.2 5 2031  F_Median 0
M16.2 5 2031  F_Mean 0
M16.2 5 2032 F0 0 
M16.2 5 2032 Fabc 0.299118
M16.2 5 2032 Fofl 0.353092
M16.2 5 2032  F_LCI 0
M16.2 5 2032  F_UCI 0
M16.2 5 2032  F_Median 0
M16.2 5 2032  F_Mean 0
M16.2 6 2019 Cabc 93.4271
M16.2 6 2019 Cofl 100.821
M16.2 6 2019 CLCI 55
M16.2 6 2019 CUCI 55
M16.2 6 2019 CMedian 55
M16.2 6 2019 CMean 55
M16.2 6 2019 CStdn 2.13163e-14
M16.2 6 2020 Cabc 93.4271
M16.2 6 2020 Cofl 100.821
M16.2 6 2020 CLCI 106.115
M16.2 6 2020 CUCI 106.188
M16.2 6 2020 CMedian 106.135
M16.2 6 2020 CMean 106.142
M16.2 6 2020 CStdn 0.0264337
M16.2 6 2021 Cabc 93.4271
M16.2 6 2021 Cofl 100.821
M16.2 6 2021 CLCI 89.6648
M16.2 6 2021 CUCI 93.9836
M16.2 6 2021 CMedian 90.8441
M16.2 6 2021 CMean 91.2689
M16.2 6 2021 CStdn 1.5762
M16.2 6 2022 Cabc 93.4271
M16.2 6 2022 Cofl 100.821
M16.2 6 2022 CLCI 63.2612
M16.2 6 2022 CUCI 126.007
M16.2 6 2022 CMedian 79.5763
M16.2 6 2022 CMean 85.8429
M16.2 6 2022 CStdn 21.6759
M16.2 6 2023 Cabc 93.4271
M16.2 6 2023 Cofl 100.821
M16.2 6 2023 CLCI 50.7051
M16.2 6 2023 CUCI 137.123
M16.2 6 2023 CMedian 81.0514
M16.2 6 2023 CMean 88.4238
M16.2 6 2023 CStdn 28.4986
M16.2 6 2024 Cabc 93.4271
M16.2 6 2024 Cofl 100.821
M16.2 6 2024 CLCI 49.9059
M16.2 6 2024 CUCI 144.074
M16.2 6 2024 CMedian 83.1449
M16.2 6 2024 CMean 92.849
M16.2 6 2024 CStdn 34.5214
M16.2 6 2025 Cabc 93.4271
M16.2 6 2025 Cofl 100.821
M16.2 6 2025 CLCI 46.159
M16.2 6 2025 CUCI 144.441
M16.2 6 2025 CMedian 88.2614
M16.2 6 2025 CMean 96.7574
M16.2 6 2025 CStdn 34.008
M16.2 6 2026 Cabc 93.4271
M16.2 6 2026 Cofl 100.821
M16.2 6 2026 CLCI 46.2506
M16.2 6 2026 CUCI 148.523
M16.2 6 2026 CMedian 92.254
M16.2 6 2026 CMean 96.88
M16.2 6 2026 CStdn 33.8718
M16.2 6 2027 Cabc 93.4271
M16.2 6 2027 Cofl 100.821
M16.2 6 2027 CLCI 49.3082
M16.2 6 2027 CUCI 141.435
M16.2 6 2027 CMedian 90.4481
M16.2 6 2027 CMean 94.8543
M16.2 6 2027 CStdn 33.2651
M16.2 6 2028 Cabc 93.4271
M16.2 6 2028 Cofl 100.821
M16.2 6 2028 CLCI 53.0411
M16.2 6 2028 CUCI 146.798
M16.2 6 2028 CMedian 89.9263
M16.2 6 2028 CMean 95.0347
M16.2 6 2028 CStdn 32.3576
M16.2 6 2029 Cabc 93.4271
M16.2 6 2029 Cofl 100.821
M16.2 6 2029 CLCI 49.6732
M16.2 6 2029 CUCI 142.544
M16.2 6 2029 CMedian 84.7141
M16.2 6 2029 CMean 90.5276
M16.2 6 2029 CStdn 29.8994
M16.2 6 2030 Cabc 93.4271
M16.2 6 2030 Cofl 100.821
M16.2 6 2030 CLCI 54.0694
M16.2 6 2030 CUCI 139.392
M16.2 6 2030 CMedian 80.9995
M16.2 6 2030 CMean 88.5287
M16.2 6 2030 CStdn 28.1802
M16.2 6 2031 Cabc 93.4271
M16.2 6 2031 Cofl 100.821
M16.2 6 2031 CLCI 51.8473
M16.2 6 2031 CUCI 150.973
M16.2 6 2031 CMedian 81.5156
M16.2 6 2031 CMean 91.3069
M16.2 6 2031 CStdn 31.6862
M16.2 6 2032 Cabc 93.4271
M16.2 6 2032 Cofl 100.821
M16.2 6 2032 CLCI 51.548
M16.2 6 2032 CUCI 154.555
M16.2 6 2032 CMedian 86.5843
M16.2 6 2032 CMean 93.8552
M16.2 6 2032 CStdn 33.2372
M16.2 6 2019 SSBF100 339.135
M16.2 6 2019 SSBFabc 135.654
M16.2 6 2019 SSBFofl 118.697
M16.2 6 2019 SSBLCI 172.699
M16.2 6 2019 SSBUCI 172.699
M16.2 6 2019 SSBMedian 172.699
M16.2 6 2019 SSBMean 172.699
M16.2 6 2020 SSBF100 339.135
M16.2 6 2020 SSBFabc 135.654
M16.2 6 2020 SSBFofl 118.697
M16.2 6 2020 SSBLCI 152.872
M16.2 6 2020 SSBUCI 152.997
M16.2 6 2020 SSBMedian 152.906
M16.2 6 2020 SSBMean 152.919
M16.2 6 2021 SSBF100 339.135
M16.2 6 2021 SSBFabc 135.654
M16.2 6 2021 SSBFofl 118.697
M16.2 6 2021 SSBLCI 130.982
M16.2 6 2021 SSBUCI 133.116
M16.2 6 2021 SSBMedian 131.583
M16.2 6 2021 SSBMean 131.787
M16.2 6 2022 SSBF100 339.135
M16.2 6 2022 SSBFabc 135.654
M16.2 6 2022 SSBFofl 118.697
M16.2 6 2022 SSBLCI 114.028
M16.2 6 2022 SSBUCI 134.686
M16.2 6 2022 SSBMedian 120.127
M16.2 6 2022 SSBMean 122.116
M16.2 6 2023 SSBF100 339.135
M16.2 6 2023 SSBFabc 135.654
M16.2 6 2023 SSBFofl 118.697
M16.2 6 2023 SSBLCI 100.901
M16.2 6 2023 SSBUCI 153.324
M16.2 6 2023 SSBMedian 120.088
M16.2 6 2023 SSBMean 123.575
M16.2 6 2024 SSBF100 339.135
M16.2 6 2024 SSBFabc 135.654
M16.2 6 2024 SSBFofl 118.697
M16.2 6 2024 SSBLCI 96.5823
M16.2 6 2024 SSBUCI 169.637
M16.2 6 2024 SSBMedian 120.8
M16.2 6 2024 SSBMean 125.6
M16.2 6 2025 SSBF100 339.135
M16.2 6 2025 SSBFabc 135.654
M16.2 6 2025 SSBFofl 118.697
M16.2 6 2025 SSBLCI 93.6628
M16.2 6 2025 SSBUCI 172.517
M16.2 6 2025 SSBMedian 121.749
M16.2 6 2025 SSBMean 128.298
M16.2 6 2026 SSBF100 339.135
M16.2 6 2026 SSBFabc 135.654
M16.2 6 2026 SSBFofl 118.697
M16.2 6 2026 SSBLCI 91.5314
M16.2 6 2026 SSBUCI 173.455
M16.2 6 2026 SSBMedian 122.062
M16.2 6 2026 SSBMean 129.045
M16.2 6 2027 SSBF100 339.135
M16.2 6 2027 SSBFabc 135.654
M16.2 6 2027 SSBFofl 118.697
M16.2 6 2027 SSBLCI 93.4862
M16.2 6 2027 SSBUCI 171.216
M16.2 6 2027 SSBMedian 121.574
M16.2 6 2027 SSBMean 127.72
M16.2 6 2028 SSBF100 339.135
M16.2 6 2028 SSBFabc 135.654
M16.2 6 2028 SSBFofl 118.697
M16.2 6 2028 SSBLCI 98.4962
M16.2 6 2028 SSBUCI 158.415
M16.2 6 2028 SSBMedian 120.889
M16.2 6 2028 SSBMean 126.68
M16.2 6 2029 SSBF100 339.135
M16.2 6 2029 SSBFabc 135.654
M16.2 6 2029 SSBFofl 118.697
M16.2 6 2029 SSBLCI 98.3677
M16.2 6 2029 SSBUCI 167.388
M16.2 6 2029 SSBMedian 119.641
M16.2 6 2029 SSBMean 125.611
M16.2 6 2030 SSBF100 339.135
M16.2 6 2030 SSBFabc 135.654
M16.2 6 2030 SSBFofl 118.697
M16.2 6 2030 SSBLCI 97.5839
M16.2 6 2030 SSBUCI 160.57
M16.2 6 2030 SSBMedian 118.495
M16.2 6 2030 SSBMean 122.709
M16.2 6 2031 SSBF100 339.135
M16.2 6 2031 SSBFabc 135.654
M16.2 6 2031 SSBFofl 118.697
M16.2 6 2031 SSBLCI 97.3778
M16.2 6 2031 SSBUCI 166.386
M16.2 6 2031 SSBMedian 116.908
M16.2 6 2031 SSBMean 123.211
M16.2 6 2032 SSBF100 339.135
M16.2 6 2032 SSBFabc 135.654
M16.2 6 2032 SSBFofl 118.697
M16.2 6 2032 SSBLCI 95.3316
M16.2 6 2032 SSBUCI 171.399
M16.2 6 2032 SSBMedian 121.258
M16.2 6 2032 SSBMean 125.746
M16.2 6 2019 F0 0 
M16.2 6 2019 Fabc 0.299118
M16.2 6 2019 Fofl 0.353092
M16.2 6 2019  F_LCI 0.169251
M16.2 6 2019  F_UCI 0.169251
M16.2 6 2019  F_Median 0.169251
M16.2 6 2019  F_Mean 0.169251
M16.2 6 2020 F0 0 
M16.2 6 2020 Fabc 0.299118
M16.2 6 2020 Fofl 0.353092
M16.2 6 2020  F_LCI 0.353092
M16.2 6 2020  F_UCI 0.353092
M16.2 6 2020  F_Median 0.353092
M16.2 6 2020  F_Mean 0.353092
M16.2 6 2021 F0 0 
M16.2 6 2021 Fabc 0.299118
M16.2 6 2021 Fofl 0.353092
M16.2 6 2021  F_LCI 0.340448
M16.2 6 2021  F_UCI 0.346313
M16.2 6 2021  F_Median 0.342103
M16.2 6 2021  F_Mean 0.342657
M16.2 6 2022 F0 0 
M16.2 6 2022 Fabc 0.299118
M16.2 6 2022 Fofl 0.353092
M16.2 6 2022  F_LCI 0.293826
M16.2 6 2022  F_UCI 0.350507
M16.2 6 2022  F_Median 0.310581
M16.2 6 2022  F_Mean 0.314594
M16.2 6 2023 F0 0 
M16.2 6 2023 Fabc 0.299118
M16.2 6 2023 Fofl 0.353092
M16.2 6 2023  F_LCI 0.257807
M16.2 6 2023  F_UCI 0.353092
M16.2 6 2023  F_Median 0.310474
M16.2 6 2023  F_Mean 0.310636
M16.2 6 2024 F0 0 
M16.2 6 2024 Fabc 0.299118
M16.2 6 2024 Fofl 0.353092
M16.2 6 2024  F_LCI 0.245962
M16.2 6 2024  F_UCI 0.353092
M16.2 6 2024  F_Median 0.312438
M16.2 6 2024  F_Mean 0.30964
M16.2 6 2025 F0 0 
M16.2 6 2025 Fabc 0.299118
M16.2 6 2025 Fofl 0.353092
M16.2 6 2025  F_LCI 0.237954
M16.2 6 2025  F_UCI 0.353092
M16.2 6 2025  F_Median 0.315048
M16.2 6 2025  F_Mean 0.312224
M16.2 6 2026 F0 0 
M16.2 6 2026 Fabc 0.299118
M16.2 6 2026 Fofl 0.353092
M16.2 6 2026  F_LCI 0.232124
M16.2 6 2026  F_UCI 0.353092
M16.2 6 2026  F_Median 0.315921
M16.2 6 2026  F_Mean 0.313472
M16.2 6 2027 F0 0 
M16.2 6 2027 Fabc 0.299118
M16.2 6 2027 Fofl 0.353092
M16.2 6 2027  F_LCI 0.237478
M16.2 6 2027  F_UCI 0.353092
M16.2 6 2027  F_Median 0.314575
M16.2 6 2027  F_Mean 0.312651
M16.2 6 2028 F0 0 
M16.2 6 2028 Fabc 0.299118
M16.2 6 2028 Fofl 0.353092
M16.2 6 2028  F_LCI 0.251204
M16.2 6 2028  F_UCI 0.353092
M16.2 6 2028  F_Median 0.312682
M16.2 6 2028  F_Mean 0.311548
M16.2 6 2029 F0 0 
M16.2 6 2029 Fabc 0.299118
M16.2 6 2029 Fofl 0.353092
M16.2 6 2029  F_LCI 0.25086
M16.2 6 2029  F_UCI 0.353092
M16.2 6 2029  F_Median 0.309252
M16.2 6 2029  F_Mean 0.310156
M16.2 6 2030 F0 0 
M16.2 6 2030 Fabc 0.299118
M16.2 6 2030 Fofl 0.353092
M16.2 6 2030  F_LCI 0.248698
M16.2 6 2030  F_UCI 0.353092
M16.2 6 2030  F_Median 0.3061
M16.2 6 2030  F_Mean 0.305868
M16.2 6 2031 F0 0 
M16.2 6 2031 Fabc 0.299118
M16.2 6 2031 Fofl 0.353092
M16.2 6 2031  F_LCI 0.24813
M16.2 6 2031  F_UCI 0.353092
M16.2 6 2031  F_Median 0.301739
M16.2 6 2031  F_Mean 0.306631
M16.2 6 2032 F0 0 
M16.2 6 2032 Fabc 0.299118
M16.2 6 2032 Fofl 0.353092
M16.2 6 2032  F_LCI 0.242539
M16.2 6 2032  F_UCI 0.353092
M16.2 6 2032  F_Median 0.3137
M16.2 6 2032  F_Mean 0.308963
M16.2 7 2019 Cabc 93.4271
M16.2 7 2019 Cofl 100.821
M16.2 7 2019 CLCI 55
M16.2 7 2019 CUCI 55
M16.2 7 2019 CMedian 55
M16.2 7 2019 CMean 55
M16.2 7 2019 CStdn 2.13163e-14
M16.2 7 2020 Cabc 93.4271
M16.2 7 2020 Cofl 100.821
M16.2 7 2020 CLCI 91.568
M16.2 7 2020 CUCI 91.6295
M16.2 7 2020 CMedian 91.5845
M16.2 7 2020 CMean 91.5909
M16.2 7 2020 CStdn 0.0223944
M16.2 7 2021 Cabc 93.4271
M16.2 7 2021 Cofl 100.821
M16.2 7 2021 CLCI 82.4696
M16.2 7 2021 CUCI 85.0254
M16.2 7 2021 CMedian 83.1571
M16.2 7 2021 CMean 83.4168
M16.2 7 2021 CStdn 0.932686
M16.2 7 2022 Cabc 93.4271
M16.2 7 2022 Cofl 100.821
M16.2 7 2022 CLCI 69.7325
M16.2 7 2022 CUCI 130.986
M16.2 7 2022 CMedian 86.9196
M16.2 7 2022 CMean 93.0055
M16.2 7 2022 CStdn 21.4433
M16.2 7 2023 Cabc 93.4271
M16.2 7 2023 Cofl 100.821
M16.2 7 2023 CLCI 53.5796
M16.2 7 2023 CUCI 138.857
M16.2 7 2023 CMedian 84.4531
M16.2 7 2023 CMean 91.3843
M16.2 7 2023 CStdn 28.2706
M16.2 7 2024 Cabc 93.4271
M16.2 7 2024 Cofl 100.821
M16.2 7 2024 CLCI 51.0203
M16.2 7 2024 CUCI 144.76
M16.2 7 2024 CMedian 84.2378
M16.2 7 2024 CMean 93.9578
M16.2 7 2024 CStdn 34.3526
M16.2 7 2025 Cabc 93.4271
M16.2 7 2025 Cofl 100.821
M16.2 7 2025 CLCI 46.5455
M16.2 7 2025 CUCI 144.742
M16.2 7 2025 CMedian 88.6608
M16.2 7 2025 CMean 97.1524
M16.2 7 2025 CStdn 33.9446
M16.2 7 2026 Cabc 93.4271
M16.2 7 2026 Cofl 100.821
M16.2 7 2026 CLCI 46.3825
M16.2 7 2026 CUCI 148.503
M16.2 7 2026 CMedian 92.3703
M16.2 7 2026 CMean 97.0014
M16.2 7 2026 CStdn 33.819
M16.2 7 2027 Cabc 93.4271
M16.2 7 2027 Cofl 100.821
M16.2 7 2027 CLCI 49.2988
M16.2 7 2027 CUCI 141.384
M16.2 7 2027 CMedian 90.6215
M16.2 7 2027 CMean 94.9187
M16.2 7 2027 CStdn 33.24
M16.2 7 2028 Cabc 93.4271
M16.2 7 2028 Cofl 100.821
M16.2 7 2028 CLCI 53.1111
M16.2 7 2028 CUCI 146.789
M16.2 7 2028 CMedian 89.9489
M16.2 7 2028 CMean 95.0862
M16.2 7 2028 CStdn 32.3408
M16.2 7 2029 Cabc 93.4271
M16.2 7 2029 Cofl 100.821
M16.2 7 2029 CLCI 49.687
M16.2 7 2029 CUCI 142.526
M16.2 7 2029 CMedian 84.726
M16.2 7 2029 CMean 90.5534
M16.2 7 2029 CStdn 29.8938
M16.2 7 2030 Cabc 93.4271
M16.2 7 2030 Cofl 100.821
M16.2 7 2030 CLCI 54.0707
M16.2 7 2030 CUCI 139.404
M16.2 7 2030 CMedian 81.0425
M16.2 7 2030 CMean 88.539
M16.2 7 2030 CStdn 28.1823
M16.2 7 2031 Cabc 93.4271
M16.2 7 2031 Cofl 100.821
M16.2 7 2031 CLCI 51.844
M16.2 7 2031 CUCI 150.984
M16.2 7 2031 CMedian 81.5114
M16.2 7 2031 CMean 91.3102
M16.2 7 2031 CStdn 31.6885
M16.2 7 2032 Cabc 93.4271
M16.2 7 2032 Cofl 100.821
M16.2 7 2032 CLCI 51.5467
M16.2 7 2032 CUCI 154.559
M16.2 7 2032 CMedian 86.591
M16.2 7 2032 CMean 93.8564
M16.2 7 2032 CStdn 33.2382
M16.2 7 2019 SSBF100 339.135
M16.2 7 2019 SSBFabc 135.654
M16.2 7 2019 SSBFofl 118.697
M16.2 7 2019 SSBLCI 172.699
M16.2 7 2019 SSBUCI 172.699
M16.2 7 2019 SSBMedian 172.699
M16.2 7 2019 SSBMean 172.699
M16.2 7 2020 SSBF100 339.135
M16.2 7 2020 SSBFabc 135.654
M16.2 7 2020 SSBFofl 118.697
M16.2 7 2020 SSBLCI 156.319
M16.2 7 2020 SSBUCI 156.444
M16.2 7 2020 SSBMedian 156.352
M16.2 7 2020 SSBMean 156.365
M16.2 7 2021 SSBF100 339.135
M16.2 7 2021 SSBFabc 135.654
M16.2 7 2021 SSBFofl 118.697
M16.2 7 2021 SSBLCI 138.063
M16.2 7 2021 SSBUCI 140.518
M16.2 7 2021 SSBMedian 138.755
M16.2 7 2021 SSBMean 138.988
M16.2 7 2022 SSBF100 339.135
M16.2 7 2022 SSBFabc 135.654
M16.2 7 2022 SSBFofl 118.697
M16.2 7 2022 SSBLCI 119.901
M16.2 7 2022 SSBUCI 141.539
M16.2 7 2022 SSBMedian 126.048
M16.2 7 2022 SSBMean 128.136
M16.2 7 2023 SSBF100 339.135
M16.2 7 2023 SSBFabc 135.654
M16.2 7 2023 SSBFofl 118.697
M16.2 7 2023 SSBLCI 104.103
M16.2 7 2023 SSBUCI 157.936
M16.2 7 2023 SSBMedian 123.067
M16.2 7 2023 SSBMean 126.757
M16.2 7 2024 SSBF100 339.135
M16.2 7 2024 SSBFabc 135.654
M16.2 7 2024 SSBFofl 118.697
M16.2 7 2024 SSBLCI 98.2142
M16.2 7 2024 SSBUCI 170.893
M16.2 7 2024 SSBMedian 122.273
M16.2 7 2024 SSBMean 127.181
M16.2 7 2025 SSBF100 339.135
M16.2 7 2025 SSBFabc 135.654
M16.2 7 2025 SSBFofl 118.697
M16.2 7 2025 SSBLCI 94.4037
M16.2 7 2025 SSBUCI 173.748
M16.2 7 2025 SSBMedian 122.404
M16.2 7 2025 SSBMean 129.137
M16.2 7 2026 SSBF100 339.135
M16.2 7 2026 SSBFabc 135.654
M16.2 7 2026 SSBFofl 118.697
M16.2 7 2026 SSBLCI 91.9298
M16.2 7 2026 SSBUCI 174.023
M16.2 7 2026 SSBMedian 122.586
M16.2 7 2026 SSBMean 129.487
M16.2 7 2027 SSBF100 339.135
M16.2 7 2027 SSBFabc 135.654
M16.2 7 2027 SSBFofl 118.697
M16.2 7 2027 SSBLCI 93.6717
M16.2 7 2027 SSBUCI 171.462
M16.2 7 2027 SSBMedian 122.04
M16.2 7 2027 SSBMean 127.961
M16.2 7 2028 SSBF100 339.135
M16.2 7 2028 SSBFabc 135.654
M16.2 7 2028 SSBFofl 118.697
M16.2 7 2028 SSBLCI 98.6233
M16.2 7 2028 SSBUCI 158.768
M16.2 7 2028 SSBMedian 120.953
M16.2 7 2028 SSBMean 126.822
M16.2 7 2029 SSBF100 339.135
M16.2 7 2029 SSBFabc 135.654
M16.2 7 2029 SSBFofl 118.697
M16.2 7 2029 SSBLCI 98.4438
M16.2 7 2029 SSBUCI 167.518
M16.2 7 2029 SSBMedian 119.695
M16.2 7 2029 SSBMean 125.69
M16.2 7 2030 SSBF100 339.135
M16.2 7 2030 SSBFabc 135.654
M16.2 7 2030 SSBFofl 118.697
M16.2 7 2030 SSBLCI 97.6017
M16.2 7 2030 SSBUCI 160.592
M16.2 7 2030 SSBMedian 118.52
M16.2 7 2030 SSBMean 122.747
M16.2 7 2031 SSBF100 339.135
M16.2 7 2031 SSBFabc 135.654
M16.2 7 2031 SSBFofl 118.697
M16.2 7 2031 SSBLCI 97.3834
M16.2 7 2031 SSBUCI 166.407
M16.2 7 2031 SSBMedian 116.909
M16.2 7 2031 SSBMean 123.228
M16.2 7 2032 SSBF100 339.135
M16.2 7 2032 SSBFabc 135.654
M16.2 7 2032 SSBFofl 118.697
M16.2 7 2032 SSBLCI 95.3306
M16.2 7 2032 SSBUCI 171.423
M16.2 7 2032 SSBMedian 121.271
M16.2 7 2032 SSBMean 125.754
M16.2 7 2019 F0 0 
M16.2 7 2019 Fabc 0.299118
M16.2 7 2019 Fofl 0.353092
M16.2 7 2019  F_LCI 0.169251
M16.2 7 2019  F_UCI 0.169251
M16.2 7 2019  F_Median 0.169251
M16.2 7 2019  F_Mean 0.169251
M16.2 7 2020 F0 0 
M16.2 7 2020 Fabc 0.299118
M16.2 7 2020 Fofl 0.353092
M16.2 7 2020  F_LCI 0.299118
M16.2 7 2020  F_UCI 0.299118
M16.2 7 2020  F_Median 0.299118
M16.2 7 2020  F_Mean 0.299118
M16.2 7 2021 F0 0 
M16.2 7 2021 Fabc 0.299118
M16.2 7 2021 Fofl 0.353092
M16.2 7 2021  F_LCI 0.299118
M16.2 7 2021  F_UCI 0.299118
M16.2 7 2021  F_Median 0.299118
M16.2 7 2021  F_Mean 0.299118
M16.2 7 2022 F0 0 
M16.2 7 2022 Fabc 0.299118
M16.2 7 2022 Fofl 0.353092
M16.2 7 2022  F_LCI 0.309963
M16.2 7 2022  F_UCI 0.353092
M16.2 7 2022  F_Median 0.326864
M16.2 7 2022  F_Mean 0.329629
M16.2 7 2023 F0 0 
M16.2 7 2023 Fabc 0.299118
M16.2 7 2023 Fofl 0.353092
M16.2 7 2023  F_LCI 0.266588
M16.2 7 2023  F_UCI 0.353092
M16.2 7 2023  F_Median 0.318665
M16.2 7 2023  F_Mean 0.317248
M16.2 7 2024 F0 0 
M16.2 7 2024 Fabc 0.299118
M16.2 7 2024 Fofl 0.353092
M16.2 7 2024  F_LCI 0.250437
M16.2 7 2024  F_UCI 0.353092
M16.2 7 2024  F_Median 0.316487
M16.2 7 2024  F_Mean 0.312374
M16.2 7 2025 F0 0 
M16.2 7 2025 Fabc 0.299118
M16.2 7 2025 Fofl 0.353092
M16.2 7 2025  F_LCI 0.239986
M16.2 7 2025  F_UCI 0.353092
M16.2 7 2025  F_Median 0.316863
M16.2 7 2025  F_Mean 0.313549
M16.2 7 2026 F0 0 
M16.2 7 2026 Fabc 0.299118
M16.2 7 2026 Fofl 0.353092
M16.2 7 2026  F_LCI 0.233217
M16.2 7 2026  F_UCI 0.353092
M16.2 7 2026  F_Median 0.317364
M16.2 7 2026  F_Mean 0.314133
M16.2 7 2027 F0 0 
M16.2 7 2027 Fabc 0.299118
M16.2 7 2027 Fofl 0.353092
M16.2 7 2027  F_LCI 0.237987
M16.2 7 2027  F_UCI 0.353092
M16.2 7 2027  F_Median 0.315858
M16.2 7 2027  F_Mean 0.313024
M16.2 7 2028 F0 0 
M16.2 7 2028 Fabc 0.299118
M16.2 7 2028 Fofl 0.353092
M16.2 7 2028  F_LCI 0.251553
M16.2 7 2028  F_UCI 0.353092
M16.2 7 2028  F_Median 0.312857
M16.2 7 2028  F_Mean 0.311799
M16.2 7 2029 F0 0 
M16.2 7 2029 Fabc 0.299118
M16.2 7 2029 Fofl 0.353092
M16.2 7 2029  F_LCI 0.251069
M16.2 7 2029  F_UCI 0.353092
M16.2 7 2029  F_Median 0.309401
M16.2 7 2029  F_Mean 0.310289
M16.2 7 2030 F0 0 
M16.2 7 2030 Fabc 0.299118
M16.2 7 2030 Fofl 0.353092
M16.2 7 2030  F_LCI 0.248747
M16.2 7 2030  F_UCI 0.353092
M16.2 7 2030  F_Median 0.306169
M16.2 7 2030  F_Mean 0.305928
M16.2 7 2031 F0 0 
M16.2 7 2031 Fabc 0.299118
M16.2 7 2031 Fofl 0.353092
M16.2 7 2031  F_LCI 0.248159
M16.2 7 2031  F_UCI 0.353092
M16.2 7 2031  F_Median 0.301742
M16.2 7 2031  F_Mean 0.306655
M16.2 7 2032 F0 0 
M16.2 7 2032 Fabc 0.299118
M16.2 7 2032 Fofl 0.353092
M16.2 7 2032  F_LCI 0.242536
M16.2 7 2032  F_UCI 0.353092
M16.2 7 2032  F_Median 0.313735
M16.2 7 2032  F_Mean 0.308975
