
SB0 SB40 SB35 MeanRec HarMeanRec Bnow
339.135 135.654 118.697 0.347746 0.508438 220.237 
CV Recruit
0.606546 
Alternative 1 Alternative  Stock: M16.2
Catch M16.2
Year C0 Cabc Cofl LowCI_Catch Median_Catch Mean_Catch UpperCI_Catch Stdev_Catch 
2019  0 93.4271 100.821 55 55 55 55 2.13163e-14 
2020  0 93.4271 100.821 91.568 91.5845 91.5909 91.6295 0.0223944 
2021  0 93.4271 100.821 82.4696 83.1571 83.4168 85.0254 0.932686 
2022  0 93.4271 100.821 61.0498 76.1672 81.2599 112.917 18.2798 
2023  0 93.4271 100.821 48.9971 77.2802 82.7142 122.678 24.3421 
2024  0 93.4271 100.821 47.796 80.0666 86.4407 129.952 29.6677 
2025  0 93.4271 100.821 44.4457 86.7475 90.2358 131.931 29.7799 
2026  0 93.4271 100.821 44.0702 88.2728 90.6231 137.863 29.436 
2027  0 93.4271 100.821 47.9098 88.8781 89.2646 128.546 29.0795 
2028  0 93.4271 100.821 52.2036 86.2007 89.7718 133.485 28.151 
2029  0 93.4271 100.821 47.0257 82.8602 85.8475 127.359 26.3269 
2030  0 93.4271 100.821 51.9271 80.1826 84.1707 128.053 24.921 
2031  0 93.4271 100.821 49.1623 81.5151 85.9997 138.638 27.5229 
2032  0 93.4271 100.821 48.9628 86.8633 88.156 138.218 28.9606 

Spawning_Biomass M16.2
Year SSB100 SSBabc SSBofl LowCI_SSB Median_SSB Mean_SSB UpperCI_SSB Stdev_SSB 
2019 339.135 135.654 118.697 172.699 172.699 172.699 172.699 2.84217e-13 
2020 339.135 135.654 118.697 156.319 156.352 156.365 156.444 0.0455782 
2021 339.135 135.654 118.697 138.063 138.755 138.988 140.518 0.886789 
2022 339.135 135.654 118.697 122.029 128.377 130.572 144.684 8.22977 
2023 339.135 135.654 118.697 108.395 128.395 132.76 167.349 21.18 
2024 339.135 135.654 118.697 103.465 130.445 135.646 181.769 26.5352 
2025 339.135 135.654 118.697 100.581 130.749 139.308 189.994 30.5558 
2026 339.135 135.654 118.697 97.7616 133.451 140.853 188.526 29.6261 
2027 339.135 135.654 118.697 99.6601 133.081 139.953 190.321 29.857 
2028 339.135 135.654 118.697 104.338 132.049 138.966 179.712 29.9011 
2029 339.135 135.654 118.697 106.103 131.114 137.81 185.22 28.812 
2030 339.135 135.654 118.697 104.879 128.227 134.566 177.155 25.9553 
2031 339.135 135.654 118.697 103.998 126.352 134.817 182.274 26.1226 
2032 339.135 135.654 118.697 103.084 131.665 137.48 198.288 28.9634 

Fishing_mortalityM16.2
Year F0 Fabc Fofl LowCI_F Median_F Mean_F UpperCI_F Stdev_F 
2019  0 0.299118 0.353092 0.169251 0.169251 0.169251 0.169251 3.05311e-16 
2020  0 0.299118 0.353092 0.299118 0.299118 0.299118 0.299118 3.88578e-16 
2021  0 0.299118 0.353092 0.299118 0.299118 0.299118 0.299118 3.88578e-16 
2022  0 0.299118 0.353092 0.267436 0.282194 0.283857 0.299118 0.0105895 
2023  0 0.299118 0.353092 0.235772 0.282237 0.277145 0.299118 0.0219783 
2024  0 0.299118 0.353092 0.224325 0.286999 0.274793 0.299118 0.0273425 
2025  0 0.299118 0.353092 0.217625 0.287703 0.276218 0.299118 0.0283489 
2026  0 0.299118 0.353092 0.211094 0.29399 0.277163 0.299118 0.0288605 
2027  0 0.299118 0.353092 0.215497 0.293127 0.277315 0.299118 0.0279326 
2028  0 0.299118 0.353092 0.226345 0.290726 0.277872 0.299118 0.0261941 
2029  0 0.299118 0.353092 0.230452 0.288552 0.277299 0.299118 0.0259227 
2030  0 0.299118 0.353092 0.227596 0.281831 0.274664 0.299118 0.0254351 
2031  0 0.299118 0.353092 0.225563 0.277477 0.27364 0.299118 0.0262625 
2032  0 0.299118 0.353092 0.223434 0.289833 0.275204 0.299118 0.0272925 

Total_BiomassM16.2
Year B100 Babc Bofl LowCI_Biom Median_Biom Mean_Biom UpperCI_Biom Stdev_Biom 
2019 1116.28 677.661 638.321 671.538 671.538 671.538 671.538 2.27374e-13 
2020 1116.28 677.661 638.321 634.834 655.292 663.092 710.826 27.6877 
2021 1116.28 677.661 638.321 555.155 626.001 641.936 765.898 74.0658 
2022 1116.28 677.661 638.321 493.138 628.826 648.279 862.995 120.522 
2023 1116.28 677.661 638.321 472.177 630.242 666.551 914.144 148.787 
2024 1116.28 677.661 638.321 434.332 644.005 680.03 927.011 158.995 
2025 1116.28 677.661 638.321 445.303 661.077 684.989 938.161 157.446 
2026 1116.28 677.661 638.321 478.069 655.257 683.363 930.526 158.534 
2027 1116.28 677.661 638.321 489.692 639.565 675.291 909.797 156.76 
2028 1116.28 677.661 638.321 487.691 628.828 664.548 918.566 147.446 
2029 1116.28 677.661 638.321 497.243 622.17 656.375 905.544 138.082 
2030 1116.28 677.661 638.321 483.571 618.433 660.062 938.017 145.095 
2031 1116.28 677.661 638.321 484.37 643.624 672.619 949.564 153.804 
2032 1116.28 677.661 638.321 499.298 664.437 686.076 953.697 150.238 
Alternative 2 Alternative  Stock: M16.2
Catch M16.2
Year C0 Cabc Cofl LowCI_Catch Median_Catch Mean_Catch UpperCI_Catch Stdev_Catch 
2019  0 93.4271 100.821 55 55 55 55 2.13163e-14 
2020  0 93.4271 100.821 55 55 55 55 5.58628e-08 
2021  0 93.4271 100.821 84.3028 85.2912 85.6474 87.9202 1.32245 
2022  0 93.4271 100.821 60.6994 74.6281 80.0497 113.998 18.8404 
2023  0 93.4271 100.821 47.9513 74.2115 81.481 125.352 25.6444 
2024  0 93.4271 100.821 45.8154 76.5046 84.8302 132.264 31.289 
2025  0 93.4271 100.821 42.3722 80.5365 88.2599 133.258 31.3313 
2026  0 93.4271 100.821 41.687 82.9403 88.6725 139.037 31.4058 
2027  0 93.4271 100.821 46.165 82.5488 86.7868 130.728 30.7507 
2028  0 93.4271 100.821 49.5004 79.7871 86.8109 134.651 29.9786 
2029  0 93.4271 100.821 45.2227 76.8496 82.8978 130.562 27.9695 
2030  0 93.4271 100.821 48.2947 75.0033 80.8165 129.602 26.1392 
2031  0 93.4271 100.821 46.2594 74.3016 83.1444 139.851 29.0248 
2032  0 93.4271 100.821 46.2727 78.6248 85.3388 140.068 30.4631 

Spawning_Biomass M16.2
Year SSB100 SSBabc SSBofl LowCI_SSB Median_SSB Mean_SSB UpperCI_SSB Stdev_SSB 
2019 339.135 135.654 118.697 172.699 172.699 172.699 172.699 2.84217e-13 
2020 339.135 135.654 118.697 164.782 164.817 164.831 164.915 0.0485149 
2021 339.135 135.654 118.697 151.315 151.933 152.142 153.509 0.792634 
2022 339.135 135.654 118.697 133.524 139.881 141.945 155.159 7.88152 
2023 339.135 135.654 118.697 118.092 138.641 142.531 174.958 20.5025 
2024 339.135 135.654 118.697 111.87 140.297 144.131 190.521 25.5645 
2025 339.135 135.654 118.697 108.515 140.242 146.903 194.29 29.34 
2026 339.135 135.654 118.697 104.871 142.102 147.786 196.809 28.2714 
2027 339.135 135.654 118.697 106.602 141.756 146.484 194.132 28.5229 
2028 339.135 135.654 118.697 110.827 137.642 145.378 180.989 28.5208 
2029 339.135 135.654 118.697 113.217 137.654 144.254 188.892 27.1515 
2030 339.135 135.654 118.697 112.781 136.855 141.11 182.064 24.0468 
2031 339.135 135.654 118.697 111.302 135.017 141.407 187.362 24.2852 
2032 339.135 135.654 118.697 110.624 138.969 144.056 198.718 27.2162 

Fishing_mortalityM16.2
Year F0 Fabc Fofl LowCI_F Median_F Mean_F UpperCI_F Stdev_F 
2019  0 0.299118 0.353092 0.169251 0.169251 0.169251 0.169251 3.05311e-16 
2020  0 0.299118 0.353092 0.171787 0.171874 0.171864 0.171907 4.27662e-05 
2021  0 0.299118 0.353092 0.281742 0.282961 0.283372 0.286066 0.00156193 
2022  0 0.299118 0.353092 0.246726 0.259234 0.262547 0.289318 0.0127406 
2023  0 0.299118 0.353092 0.216378 0.256797 0.258762 0.299118 0.0267203 
2024  0 0.299118 0.353092 0.204146 0.26005 0.25772 0.299118 0.033306 
2025  0 0.299118 0.353092 0.197546 0.25993 0.259777 0.299118 0.0350406 
2026  0 0.299118 0.353092 0.190395 0.263591 0.261171 0.299118 0.0361245 
2027  0 0.299118 0.353092 0.193793 0.26292 0.260105 0.299118 0.0350482 
2028  0 0.299118 0.353092 0.20209 0.254817 0.259061 0.299118 0.0331685 
2029  0 0.299118 0.353092 0.206797 0.254834 0.25775 0.299118 0.0326657 
2030  0 0.299118 0.353092 0.205941 0.253257 0.253901 0.299118 0.0313581 
2031  0 0.299118 0.353092 0.203029 0.249664 0.25445 0.299118 0.0330395 
2032  0 0.299118 0.353092 0.201689 0.257438 0.256292 0.299118 0.0336857 

Total_BiomassM16.2
Year B100 Babc Bofl LowCI_Biom Median_Biom Mean_Biom UpperCI_Biom Stdev_Biom 
2019 1116.28 677.661 638.321 671.538 671.538 671.538 671.538 2.27374e-13 
2020 1116.28 677.661 638.321 634.834 655.292 663.092 710.826 27.6877 
2021 1116.28 677.661 638.321 591.538 662.411 678.357 802.386 74.1009 
2022 1116.28 677.661 638.321 521.007 656.702 675.883 890.419 120.258 
2023 1116.28 677.661 638.321 495.159 654.477 690.031 937.343 148.592 
2024 1116.28 677.661 638.321 453.519 660.726 700.092 950.082 158.361 
2025 1116.28 677.661 638.321 461.15 674.66 702.691 955.411 156.455 
2026 1116.28 677.661 638.321 498.826 672.708 699.485 952.18 157.961 
2027 1116.28 677.661 638.321 507.596 656.672 690.133 925.715 155.529 
2028 1116.28 677.661 638.321 509.144 645.812 678.918 923.628 145.301 
2029 1116.28 677.661 638.321 515.45 643.574 670.846 916.341 134.897 
2030 1116.28 677.661 638.321 500.9 638.921 674.578 948.164 141.741 
2031 1116.28 677.661 638.321 500.796 659.54 687.649 951.175 151.054 
2032 1116.28 677.661 638.321 518.51 680.633 701.066 959.638 147.34 
Alternative 3 Alternative  Stock: M16.2
Catch M16.2
Year C0 Cabc Cofl LowCI_Catch Median_Catch Mean_Catch UpperCI_Catch Stdev_Catch 
2019  0 93.4271 100.821 55 55 55 55 2.13163e-14 
2020  0 93.4271 100.821 21.9669 21.9706 21.972 21.9805 0.0049532 
2021  0 93.4271 100.821 22.7779 22.9307 22.9884 23.3459 0.207275 
2022  0 93.4271 100.821 21.0381 24.1026 25.1371 31.893 3.91941 
2023  0 93.4271 100.821 19.972 25.8367 27.141 35.794 5.58158 
2024  0 93.4271 100.821 20.3363 27.4566 29.0683 39.7951 7.06421 
2025  0 93.4271 100.821 20.0906 29.3804 30.8665 43.5103 7.72236 
2026  0 93.4271 100.821 19.5457 31.0731 31.5903 44.5789 7.81199 
2027  0 93.4271 100.821 21.2203 30.7963 31.6852 43.0089 7.89984 
2028  0 93.4271 100.821 22.0717 30.4342 31.9977 45.014 7.80269 
2029  0 93.4271 100.821 21.6206 28.9992 31.1494 44.3654 7.55502 
2030  0 93.4271 100.821 22.3547 29.1422 30.823 42.6649 7.02017 
2031  0 93.4271 100.821 22.2286 29.3971 31.2718 44.2052 7.27649 
2032  0 93.4271 100.821 22.2201 29.7513 31.6482 45.4411 7.65557 

Spawning_Biomass M16.2
Year SSB100 SSBabc SSBofl LowCI_SSB Median_SSB Mean_SSB UpperCI_SSB Stdev_SSB 
2019 339.135 135.654 118.697 172.699 172.699 172.699 172.699 2.84217e-13 
2020 339.135 135.654 118.697 172.199 172.233 172.246 172.324 0.0455941 
2021 339.135 135.654 118.697 177.952 178.648 178.883 180.422 0.892195 
2022 339.135 135.654 118.697 177.659 185.3 187.933 204.397 9.57687 
2023 339.135 135.654 118.697 169.546 197.91 204.044 252.878 29.1991 
2024 339.135 135.654 118.697 166.706 212.234 218.526 290.111 40.7469 
2025 339.135 135.654 118.697 166.417 218.991 232.755 309.158 49.7548 
2026 339.135 135.654 118.697 162.527 235.7 243.393 327.416 52.6404 
2027 339.135 135.654 118.697 164.194 240.638 249.057 334.09 53.7987 
2028 339.135 135.654 118.697 177.641 243.331 252.347 334.641 54.6344 
2029 339.135 135.654 118.697 183.155 241.431 254.127 341.978 54.5681 
2030 339.135 135.654 118.697 186.616 239.203 251.95 335.858 52.725 
2031 339.135 135.654 118.697 185.915 237.731 252.124 330.098 51.5105 
2032 339.135 135.654 118.697 192.822 242.823 255.903 346.426 54.6157 

Fishing_mortalityM16.2
Year F0 Fabc Fofl LowCI_F Median_F Mean_F UpperCI_F Stdev_F 
2019  0 0.299118 0.353092 0.169251 0.169251 0.169251 0.169251 3.05311e-16 
2020  0 0.299118 0.353092 0.0661399 0.0661399 0.0661399 0.0661399 1.52656e-16 
2021  0 0.299118 0.353092 0.0661399 0.0661399 0.0661399 0.0661399 1.52656e-16 
2022  0 0.299118 0.353092 0.0661399 0.0661399 0.0661399 0.0661399 1.52656e-16 
2023  0 0.299118 0.353092 0.0661399 0.0661399 0.0661399 0.0661399 1.52656e-16 
2024  0 0.299118 0.353092 0.0661399 0.0661399 0.0661399 0.0661399 1.52656e-16 
2025  0 0.299118 0.353092 0.0661399 0.0661399 0.0661399 0.0661399 1.52656e-16 
2026  0 0.299118 0.353092 0.0661399 0.0661399 0.0661399 0.0661399 1.52656e-16 
2027  0 0.299118 0.353092 0.0661399 0.0661399 0.0661399 0.0661399 1.52656e-16 
2028  0 0.299118 0.353092 0.0661399 0.0661399 0.0661399 0.0661399 1.52656e-16 
2029  0 0.299118 0.353092 0.0661399 0.0661399 0.0661399 0.0661399 1.52656e-16 
2030  0 0.299118 0.353092 0.0661399 0.0661399 0.0661399 0.0661399 1.52656e-16 
2031  0 0.299118 0.353092 0.0661399 0.0661399 0.0661399 0.0661399 1.52656e-16 
2032  0 0.299118 0.353092 0.0661399 0.0661399 0.0661399 0.0661399 1.52656e-16 

Total_BiomassM16.2
Year B100 Babc Bofl LowCI_Biom Median_Biom Mean_Biom UpperCI_Biom Stdev_Biom 
2019 1116.28 677.661 638.321 671.538 671.538 671.538 671.538 2.27374e-13 
2020 1116.28 677.661 638.321 634.834 655.292 663.092 710.826 27.6877 
2021 1116.28 677.661 638.321 624.531 695.41 711.357 835.401 74.1079 
2022 1116.28 677.661 638.321 609.024 744.648 765.033 980.361 121.367 
2023 1116.28 677.661 638.321 614.673 786.894 818.224 1070.83 159.719 
2024 1116.28 677.661 638.321 603.897 843.866 857.863 1137.95 178.888 
2025 1116.28 677.661 638.321 589.446 854.163 886.244 1200.64 185.584 
2026 1116.28 677.661 638.321 639.91 893.284 904.736 1198.99 189.685 
2027 1116.28 677.661 638.321 666.816 878.959 911.27 1196.97 192.586 
2028 1116.28 677.661 638.321 679.485 845.899 910.095 1235 188.552 
2029 1116.28 677.661 638.321 674.485 862.248 909.507 1171.84 183.579 
2030 1116.28 677.661 638.321 687.705 874.067 915.369 1218.96 187.099 
2031 1116.28 677.661 638.321 702.237 879.888 928.444 1282.88 194.531 
2032 1116.28 677.661 638.321 711.081 910.754 944.221 1292.8 195.153 
Alternative 4 Alternative  Stock: M16.2
Catch M16.2
Year C0 Cabc Cofl LowCI_Catch Median_Catch Mean_Catch UpperCI_Catch Stdev_Catch 
2019  0 93.4271 100.821 55 55 55 55 2.13163e-14 
2020  0 93.4271 100.821 27.3237 27.3283 27.33 27.3407 0.0061975 
2021  0 93.4271 100.821 28.0426 28.2337 28.3059 28.753 0.259257 
2022  0 93.4271 100.821 25.6693 29.4817 30.7698 39.1737 4.87555 
2023  0 93.4271 100.821 24.2084 31.4924 33.0776 43.8089 6.88828 
2024  0 93.4271 100.821 24.5529 33.3059 35.332 48.1925 8.69507 
2025  0 93.4271 100.821 24.2187 35.8351 37.4308 52.958 9.43905 
2026  0 93.4271 100.821 23.5973 37.5618 38.2266 53.6878 9.52201 
2027  0 93.4271 100.821 25.7142 37.1539 38.2808 51.9202 9.61854 
2028  0 93.4271 100.821 26.7372 36.7364 38.6309 54.4052 9.48896 
2029  0 93.4271 100.821 26.2747 34.9087 37.5515 53.4709 9.16041 
2030  0 93.4271 100.821 26.8505 34.9592 37.1465 51.5368 8.50455 
2031  0 93.4271 100.821 26.6425 35.4686 37.6973 53.613 8.85376 
2032  0 93.4271 100.821 26.7646 35.7721 38.1633 55.2563 9.32615 

Spawning_Biomass M16.2
Year SSB100 SSBabc SSBofl LowCI_SSB Median_SSB Mean_SSB UpperCI_SSB Stdev_SSB 
2019 339.135 135.654 118.697 172.699 172.699 172.699 172.699 2.84217e-13 
2020 339.135 135.654 118.697 171.01 171.044 171.057 171.135 0.045593 
2021 339.135 135.654 118.697 174.724 175.42 175.654 177.192 0.891808 
2022 339.135 135.654 118.697 172.707 180.307 182.912 199.259 9.50935 
2023 339.135 135.654 118.697 163.482 191.398 197.389 245.251 28.6642 
2024 339.135 135.654 118.697 159.821 204.122 210.403 279.695 39.7257 
2025 339.135 135.654 118.697 158.842 210.078 223.273 297.824 48.2926 
2026 339.135 135.654 118.697 153.919 225.37 232.722 313.259 50.7712 
2027 339.135 135.654 118.697 155.906 229.045 237.465 318.696 51.7534 
2028 339.135 135.654 118.697 167.723 232.479 240.09 320.228 52.4602 
2029 339.135 135.654 118.697 172.888 228.823 241.386 326.851 52.2754 
2030 339.135 135.654 118.697 177.137 227.467 238.912 318.659 50.3071 
2031 339.135 135.654 118.697 176.929 225.101 238.946 312.633 49.1647 
2032 339.135 135.654 118.697 182.341 229.807 242.528 330.933 52.2752 

Fishing_mortalityM16.2
Year F0 Fabc Fofl LowCI_F Median_F Mean_F UpperCI_F Stdev_F 
2019  0 0.299118 0.353092 0.169251 0.169251 0.169251 0.169251 3.05311e-16 
2020  0 0.299118 0.353092 0.0827567 0.0827567 0.0827567 0.0827567 1.38778e-17 
2021  0 0.299118 0.353092 0.0827567 0.0827567 0.0827567 0.0827567 1.38778e-17 
2022  0 0.299118 0.353092 0.0827567 0.0827567 0.0827567 0.0827567 1.38778e-17 
2023  0 0.299118 0.353092 0.0827567 0.0827567 0.0827567 0.0827567 1.38778e-17 
2024  0 0.299118 0.353092 0.0827567 0.0827567 0.0827567 0.0827567 1.38778e-17 
2025  0 0.299118 0.353092 0.0827567 0.0827567 0.0827567 0.0827567 1.38778e-17 
2026  0 0.299118 0.353092 0.0827567 0.0827567 0.0827567 0.0827567 1.38778e-17 
2027  0 0.299118 0.353092 0.0827567 0.0827567 0.0827567 0.0827567 1.38778e-17 
2028  0 0.299118 0.353092 0.0827567 0.0827567 0.0827567 0.0827567 1.38778e-17 
2029  0 0.299118 0.353092 0.0827567 0.0827567 0.0827567 0.0827567 1.38778e-17 
2030  0 0.299118 0.353092 0.0827567 0.0827567 0.0827567 0.0827567 1.38778e-17 
2031  0 0.299118 0.353092 0.0827567 0.0827567 0.0827567 0.0827567 1.38778e-17 
2032  0 0.299118 0.353092 0.0827567 0.0827567 0.0827567 0.0827567 1.38778e-17 

Total_BiomassM16.2
Year B100 Babc Bofl LowCI_Biom Median_Biom Mean_Biom UpperCI_Biom Stdev_Biom 
2019 1116.28 677.661 638.321 671.538 671.538 671.538 671.538 2.27374e-13 
2020 1116.28 677.661 638.321 634.834 655.292 663.092 710.826 27.6877 
2021 1116.28 677.661 638.321 619.173 690.05 705.996 830.034 74.1049 
2022 1116.28 677.661 638.321 599.446 735.074 755.392 970.677 121.306 
2023 1116.28 677.661 638.321 601.769 774.382 804.771 1056.29 158.941 
2024 1116.28 677.661 638.321 587.302 826.677 841.172 1118.56 177.427 
2025 1116.28 677.661 638.321 572.981 836.419 866.599 1179.15 183.382 
2026 1116.28 677.661 638.321 625.349 874.744 882.51 1167.66 187.054 
2027 1116.28 677.661 638.321 641.184 849.99 887.043 1163.74 189.485 
2028 1116.28 677.661 638.321 661.134 823.173 884.391 1203.6 184.941 
2029 1116.28 677.661 638.321 650.261 835.942 882.641 1136.71 179.516 
2030 1116.28 677.661 638.321 664.18 844.369 887.88 1196.64 183.067 
2031 1116.28 677.661 638.321 677.393 852.148 900.56 1244.07 190.616 
2032 1116.28 677.661 638.321 686.728 882.852 915.876 1257.91 190.993 
Alternative 5 Alternative  Stock: M16.2
Catch M16.2
Year C0 Cabc Cofl LowCI_Catch Median_Catch Mean_Catch UpperCI_Catch Stdev_Catch 
2019  0 93.4271 100.821 55 55 55 55 2.13163e-14 
2020  0 93.4271 100.821 0 0 0 0 0 
2021  0 93.4271 100.821 0 0 0 0 0 
2022  0 93.4271 100.821 0 0 0 0 0 
2023  0 93.4271 100.821 0 0 0 0 0 
2024  0 93.4271 100.821 0 0 0 0 0 
2025  0 93.4271 100.821 0 0 0 0 0 
2026  0 93.4271 100.821 0 0 0 0 0 
2027  0 93.4271 100.821 0 0 0 0 0 
2028  0 93.4271 100.821 0 0 0 0 0 
2029  0 93.4271 100.821 0 0 0 0 0 
2030  0 93.4271 100.821 0 0 0 0 0 
2031  0 93.4271 100.821 0 0 0 0 0 
2032  0 93.4271 100.821 0 0 0 0 0 

Spawning_Biomass M16.2
Year SSB100 SSBabc SSBofl LowCI_SSB Median_SSB Mean_SSB UpperCI_SSB Stdev_SSB 
2019 339.135 135.654 118.697 172.699 172.699 172.699 172.699 2.84217e-13 
2020 339.135 135.654 118.697 177.022 177.056 177.069 177.147 0.0455987 
2021 339.135 135.654 118.697 191.464 192.161 192.396 193.938 0.893735 
2022 339.135 135.654 118.697 198.977 206.809 209.532 226.469 9.85038 
2023 339.135 135.654 118.697 196.331 226.56 233.295 286.19 31.4347 
2024 339.135 135.654 118.697 197.569 248.547 254.875 331.608 45.1424 
2025 339.135 135.654 118.697 201.306 260.255 275.796 365.18 56.1755 
2026 339.135 135.654 118.697 202.805 288.232 292.409 386.676 61.0675 
2027 339.135 135.654 118.697 203.145 296.645 302.865 408.997 63.2294 
2028 339.135 135.654 118.697 223.127 303.645 309.76 407.885 64.7478 
2029 339.135 135.654 118.697 226.613 299.753 314.226 413.359 65.2736 
2030 339.135 135.654 118.697 232.181 296.687 313.854 415.889 64.0891 
2031 339.135 135.654 118.697 231.673 298.747 315.008 413.623 62.679 
2032 339.135 135.654 118.697 243.697 306.53 319.932 426.214 65.7715 

Fishing_mortalityM16.2
Year F0 Fabc Fofl LowCI_F Median_F Mean_F UpperCI_F Stdev_F 
2019  0 0.299118 0.353092 0.169251 0.169251 0.169251 0.169251 3.05311e-16 
2020  0 0.299118 0.353092 0 0 0 0 0 
2021  0 0.299118 0.353092 0 0 0 0 0 
2022  0 0.299118 0.353092 0 0 0 0 0 
2023  0 0.299118 0.353092 0 0 0 0 0 
2024  0 0.299118 0.353092 0 0 0 0 0 
2025  0 0.299118 0.353092 0 0 0 0 0 
2026  0 0.299118 0.353092 0 0 0 0 0 
2027  0 0.299118 0.353092 0 0 0 0 0 
2028  0 0.299118 0.353092 0 0 0 0 0 
2029  0 0.299118 0.353092 0 0 0 0 0 
2030  0 0.299118 0.353092 0 0 0 0 0 
2031  0 0.299118 0.353092 0 0 0 0 0 
2032  0 0.299118 0.353092 0 0 0 0 0 

Total_BiomassM16.2
Year B100 Babc Bofl LowCI_Biom Median_Biom Mean_Biom UpperCI_Biom Stdev_Biom 
2019 1116.28 677.661 638.321 671.538 671.538 671.538 671.538 2.27374e-13 
2020 1116.28 677.661 638.321 634.834 655.292 663.092 710.826 27.6877 
2021 1116.28 677.661 638.321 646.533 717.421 733.372 857.438 74.1199 
2022 1116.28 677.661 638.321 649.473 785.078 805.729 1021.23 121.609 
2023 1116.28 677.661 638.321 670.153 841.079 876.253 1133.31 162.961 
2024 1116.28 677.661 638.321 674.743 919.245 931.228 1225.23 185.14 
2025 1116.28 677.661 638.321 663.689 945.703 973.886 1291.8 195.201 
2026 1116.28 677.661 638.321 706.76 982.839 1005.16 1310.69 201.612 
2027 1116.28 677.661 638.321 760.133 986.072 1021.98 1333.97 206.824 
2028 1116.28 677.661 638.321 761.581 976.312 1028.71 1379.13 205.231 
2029 1116.28 677.661 638.321 776.63 979.546 1034.42 1335.42 202.448 
2030 1116.28 677.661 638.321 792.39 993.965 1044.13 1363.74 206.276 
2031 1116.28 677.661 638.321 815.956 1004 1059.74 1444.73 213.315 
2032 1116.28 677.661 638.321 826.385 1035.88 1078.16 1457.13 215.001 
Alternative 6 Alternative  Stock: M16.2
Catch M16.2
Year C0 Cabc Cofl LowCI_Catch Median_Catch Mean_Catch UpperCI_Catch Stdev_Catch 
2019  0 93.4271 100.821 55 55 55 55 2.13163e-14 
2020  0 93.4271 100.821 106.115 106.135 106.142 106.188 0.0264337 
2021  0 93.4271 100.821 89.6648 90.8441 91.2689 93.9836 1.5762 
2022  0 93.4271 100.821 63.2612 79.5763 85.8429 126.007 21.6759 
2023  0 93.4271 100.821 50.7051 81.0514 88.4238 137.123 28.4986 
2024  0 93.4271 100.821 49.9059 83.1449 92.849 144.074 34.5214 
2025  0 93.4271 100.821 46.159 88.2614 96.7574 144.441 34.008 
2026  0 93.4271 100.821 46.2506 92.254 96.88 148.523 33.8718 
2027  0 93.4271 100.821 49.3082 90.4481 94.8543 141.435 33.2651 
2028  0 93.4271 100.821 53.0411 89.9263 95.0347 146.798 32.3576 
2029  0 93.4271 100.821 49.6732 84.7141 90.5276 142.544 29.8994 
2030  0 93.4271 100.821 54.0694 80.9995 88.5287 139.392 28.1802 
2031  0 93.4271 100.821 51.8473 81.5156 91.3069 150.973 31.6862 
2032  0 93.4271 100.821 51.548 86.5843 93.8552 154.555 33.2372 

Spawning_Biomass M16.2
Year SSB100 SSBabc SSBofl LowCI_SSB Median_SSB Mean_SSB UpperCI_SSB Stdev_SSB 
2019 339.135 135.654 118.697 172.699 172.699 172.699 172.699 2.84217e-13 
2020 339.135 135.654 118.697 152.872 152.906 152.919 152.997 0.0455745 
2021 339.135 135.654 118.697 130.982 131.583 131.787 133.116 0.771524 
2022 339.135 135.654 118.697 114.028 120.127 122.116 134.686 7.62857 
2023 339.135 135.654 118.697 100.901 120.088 123.575 153.324 19.1478 
2024 339.135 135.654 118.697 96.5823 120.8 125.6 169.637 23.4973 
2025 339.135 135.654 118.697 93.6628 121.749 128.298 172.517 26.747 
2026 339.135 135.654 118.697 91.5314 122.062 129.045 173.455 25.465 
2027 339.135 135.654 118.697 93.4862 121.574 127.72 171.216 25.8561 
2028 339.135 135.654 118.697 98.4962 120.889 126.68 158.415 25.7647 
2029 339.135 135.654 118.697 98.3677 119.641 125.611 167.388 24.3273 
2030 339.135 135.654 118.697 97.5839 118.495 122.709 160.57 21.307 
2031 339.135 135.654 118.697 97.3778 116.908 123.211 166.386 21.9013 
2032 339.135 135.654 118.697 95.3316 121.258 125.746 171.399 24.6444 

Fishing_mortalityM16.2
Year F0 Fabc Fofl LowCI_F Median_F Mean_F UpperCI_F Stdev_F 
2019  0 0.299118 0.353092 0.169251 0.169251 0.169251 0.169251 3.05311e-16 
2020  0 0.299118 0.353092 0.353092 0.353092 0.353092 0.353092 1.66533e-16 
2021  0 0.299118 0.353092 0.340448 0.342103 0.342657 0.346313 0.00210371 
2022  0 0.299118 0.353092 0.293826 0.310581 0.314594 0.350507 0.0159844 
2023  0 0.299118 0.353092 0.257807 0.310474 0.310636 0.353092 0.0318393 
2024  0 0.299118 0.353092 0.245962 0.312438 0.30964 0.353092 0.0385012 
2025  0 0.299118 0.353092 0.237954 0.315048 0.312224 0.353092 0.0398043 
2026  0 0.299118 0.353092 0.232124 0.315921 0.313472 0.353092 0.0403639 
2027  0 0.299118 0.353092 0.237478 0.314575 0.312651 0.353092 0.0393322 
2028  0 0.299118 0.353092 0.251204 0.312682 0.311548 0.353092 0.0374088 
2029  0 0.299118 0.353092 0.25086 0.309252 0.310156 0.353092 0.0371374 
2030  0 0.299118 0.353092 0.248698 0.3061 0.305868 0.353092 0.0355932 
2031  0 0.299118 0.353092 0.24813 0.301739 0.306631 0.353092 0.0378847 
2032  0 0.299118 0.353092 0.242539 0.3137 0.308963 0.353092 0.0384787 

Total_BiomassM16.2
Year B100 Babc Bofl LowCI_Biom Median_Biom Mean_Biom UpperCI_Biom Stdev_Biom 
2019 1116.28 677.661 638.321 671.538 671.538 671.538 671.538 2.27374e-13 
2020 1116.28 677.661 638.321 634.834 655.292 663.092 710.826 27.6877 
2021 1116.28 677.661 638.321 540.727 611.565 627.497 751.441 74.056 
2022 1116.28 677.661 638.321 474.041 609.761 628.602 842.916 119.951 
2023 1116.28 677.661 638.321 454.214 610.35 645.721 892.803 146.46 
2024 1116.28 677.661 638.321 418.538 616.721 657.379 906.626 155.058 
2025 1116.28 677.661 638.321 431.986 635.698 660.007 913.971 152.282 
2026 1116.28 677.661 638.321 459.16 626.318 656.446 901.68 153.846 
2027 1116.28 677.661 638.321 467.02 617.403 647.156 874.168 151.015 
2028 1116.28 677.661 638.321 466.334 606.67 636.15 873.001 140.354 
2029 1116.28 677.661 638.321 476.593 602.104 628.09 862.943 129.744 
2030 1116.28 677.661 638.321 467.694 598.108 632.596 900.192 137.94 
2031 1116.28 677.661 638.321 470.449 617.516 646.058 890.616 147.105 
2032 1116.28 677.661 638.321 481.656 635.626 659.235 907.78 142.665 
Alternative 7 Alternative  Stock: M16.2
Catch M16.2
Year C0 Cabc Cofl LowCI_Catch Median_Catch Mean_Catch UpperCI_Catch Stdev_Catch 
2019  0 93.4271 100.821 55 55 55 55 2.13163e-14 
2020  0 93.4271 100.821 91.568 91.5845 91.5909 91.6295 0.0223944 
2021  0 93.4271 100.821 82.4696 83.1571 83.4168 85.0254 0.932686 
2022  0 93.4271 100.821 69.7325 86.9196 93.0055 130.986 21.4433 
2023  0 93.4271 100.821 53.5796 84.4531 91.3843 138.857 28.2706 
2024  0 93.4271 100.821 51.0203 84.2378 93.9578 144.76 34.3526 
2025  0 93.4271 100.821 46.5455 88.6608 97.1524 144.742 33.9446 
2026  0 93.4271 100.821 46.3825 92.3703 97.0014 148.503 33.819 
2027  0 93.4271 100.821 49.2988 90.6215 94.9187 141.384 33.24 
2028  0 93.4271 100.821 53.1111 89.9489 95.0862 146.789 32.3408 
2029  0 93.4271 100.821 49.687 84.726 90.5534 142.526 29.8938 
2030  0 93.4271 100.821 54.0707 81.0425 88.539 139.404 28.1823 
2031  0 93.4271 100.821 51.844 81.5114 91.3102 150.984 31.6885 
2032  0 93.4271 100.821 51.5467 86.591 93.8564 154.559 33.2382 

Spawning_Biomass M16.2
Year SSB100 SSBabc SSBofl LowCI_SSB Median_SSB Mean_SSB UpperCI_SSB Stdev_SSB 
2019 339.135 135.654 118.697 172.699 172.699 172.699 172.699 2.84217e-13 
2020 339.135 135.654 118.697 156.319 156.352 156.365 156.444 0.0455782 
2021 339.135 135.654 118.697 138.063 138.755 138.988 140.518 0.886789 
2022 339.135 135.654 118.697 119.901 126.048 128.136 141.539 7.91596 
2023 339.135 135.654 118.697 104.103 123.067 126.757 157.936 19.498 
2024 339.135 135.654 118.697 98.2142 122.273 127.181 170.893 23.7379 
2025 339.135 135.654 118.697 94.4037 122.404 129.137 173.748 26.8858 
2026 339.135 135.654 118.697 91.9298 122.586 129.487 174.023 25.5533 
2027 339.135 135.654 118.697 93.6717 122.04 127.961 171.462 25.8955 
2028 339.135 135.654 118.697 98.6233 120.953 126.822 158.768 25.785 
2029 339.135 135.654 118.697 98.4438 119.695 125.69 167.518 24.3457 
2030 339.135 135.654 118.697 97.6017 118.52 122.747 160.592 21.3229 
2031 339.135 135.654 118.697 97.3834 116.909 123.228 166.407 21.9117 
2032 339.135 135.654 118.697 95.3306 121.271 125.754 171.423 24.6499 

Fishing_mortalityM16.2
Year F0 Fabc Fofl LowCI_F Median_F Mean_F UpperCI_F Stdev_F 
2019  0 0.299118 0.353092 0.169251 0.169251 0.169251 0.169251 3.05311e-16 
2020  0 0.299118 0.353092 0.299118 0.299118 0.299118 0.299118 3.88578e-16 
2021  0 0.299118 0.353092 0.299118 0.299118 0.299118 0.299118 3.88578e-16 
2022  0 0.299118 0.353092 0.309963 0.326864 0.329629 0.353092 0.0134809 
2023  0 0.299118 0.353092 0.266588 0.318665 0.317248 0.353092 0.0295155 
2024  0 0.299118 0.353092 0.250437 0.316487 0.312374 0.353092 0.0370762 
2025  0 0.299118 0.353092 0.239986 0.316863 0.313549 0.353092 0.0391186 
2026  0 0.299118 0.353092 0.233217 0.317364 0.314133 0.353092 0.040026 
2027  0 0.299118 0.353092 0.237987 0.315858 0.313024 0.353092 0.0391689 
2028  0 0.299118 0.353092 0.251553 0.312857 0.311799 0.353092 0.0373149 
2029  0 0.299118 0.353092 0.251069 0.309401 0.310289 0.353092 0.0370794 
2030  0 0.299118 0.353092 0.248747 0.306169 0.305928 0.353092 0.0355775 
2031  0 0.299118 0.353092 0.248159 0.301742 0.306655 0.353092 0.0378843 
2032  0 0.299118 0.353092 0.242536 0.313735 0.308975 0.353092 0.0384829 

Total_BiomassM16.2
Year B100 Babc Bofl LowCI_Biom Median_Biom Mean_Biom UpperCI_Biom Stdev_Biom 
2019 1116.28 677.661 638.321 671.538 671.538 671.538 671.538 2.27374e-13 
2020 1116.28 677.661 638.321 634.834 655.292 663.092 710.826 27.6877 
2021 1116.28 677.661 638.321 555.155 626.001 641.936 765.898 74.0658 
2022 1116.28 677.661 638.321 493.138 628.826 648.279 862.995 120.522 
2023 1116.28 677.661 638.321 463.041 618.652 654.526 904.584 146.777 
2024 1116.28 677.661 638.321 422.704 620.24 661.329 909.698 155.276 
2025 1116.28 677.661 638.321 434.243 637.066 661.925 914.974 152.403 
2026 1116.28 677.661 638.321 459.653 627.154 657.399 902.375 153.879 
2027 1116.28 677.661 638.321 467.538 617.606 647.693 874.469 151.049 
2028 1116.28 677.661 638.321 466.442 607.883 636.478 873.672 140.398 
2029 1116.28 677.661 638.321 476.77 602.179 628.268 863.389 129.794 
2030 1116.28 677.661 638.321 467.717 598.142 632.677 900.278 137.978 
2031 1116.28 677.661 638.321 470.448 617.519 646.094 890.615 147.127 
2032 1116.28 677.661 638.321 481.65 635.635 659.251 907.784 142.678 
