Stock Alt Year Catch ABC OFL SSB TotBiom
Model_Proj 1 2023 7882.72 7882.72 9335.95 23118.9 63708.9
Model_Proj 1 2024 6810.01 6810.01 8030.58 21649.5 58409.8
Model_Proj 1 2025 6082.06 6082.06 7175.62 21103.9 54747.7
Model_Proj 1 2026 5191.86 5191.86 6134.11 19496.3 53935.1
Model_Proj 1 2027 4603.11 4603.11 5448.15 17876.1 55901.3
Model_Proj 1 2028 4458.24 4458.24 5284.16 16808 59582.8
Model_Proj 1 2029 4855.28 4855.28 5756.36 16803.1 63989
Model_Proj 1 2030 5667.47 5667.47 6718.43 18328.1 68199.3
Model_Proj 1 2031 6404.52 6404.52 7590.75 20101.6 71354.1
Model_Proj 1 2032 6990.43 6990.43 8283.51 21586.3 73572
Model_Proj 1 2033 7376.93 7376.93 8741.12 22701 74883.4
Model_Proj 1 2034 7605.15 7605.15 9010.51 23505.8 75532.5
Model_Proj 1 2035 7707.86 7707.86 9131.34 23909.2 75862.2
Model_Proj 2 2023 663.216 7882.72 9335.95 23780.1 63708.9
Model_Proj 2 2024 663.216 8221.83 9735.63 25821.2 64961.7
Model_Proj 2 2025 1943.25 8404.22 9948.52 28167.7 66106.7
Model_Proj 2 2026 1943.25 8314.78 9841.14 28241.9 67635.5
Model_Proj 2 2027 1943.25 8336.53 9868.74 27513 70760.7
Model_Proj 2 2028 1943.25 8598.61 10183.2 26775.6 74858.3
Model_Proj 2 2029 1943.25 9082.01 10759.3 26851.5 79463.3
Model_Proj 2 2030 1943.25 9697.69 11488.4 28653.1 84202.8
Model_Proj 2 2031 1943.25 10334.8 12240.1 31137 88576
Model_Proj 2 2032 1943.25 10972.4 12994.8 33686.1 92556.9
Model_Proj 2 2033 1943.25 11557.3 13686.7 36103.3 95957.7
Model_Proj 2 2034 1943.25 12060.2 14280.9 38340.8 98778.7
Model_Proj 2 2035 1943.25 12491.7 14790.1 40157.9 101184
Model_Proj 3 2023 54.3692 7882.72 9335.95 23832.6 63708.9
Model_Proj 3 2024 57.3642 8308.42 9837.98 26182.5 65515.7
Model_Proj 3 2025 59.2691 8570.55 10145.1 28959.3 67145
Model_Proj 3 2026 60.4843 8737.13 10340.1 30011.8 70248.3
Model_Proj 3 2027 62.192 8988.3 10638.6 30175 74742.1
Model_Proj 3 2028 65.2734 9448.27 11186.5 30206.1 80014.5
Model_Proj 3 2029 69.6788 10099.5 11960.8 30920.6 85620.5
Model_Proj 3 2030 74.8894 10861.3 12864.4 33277.7 91208.3
Model_Proj 3 2031 80.3771 11656.6 13806.1 36251.8 96295.9
Model_Proj 3 2032 85.6628 12416.8 14705 39226.9 100873
Model_Proj 3 2033 90.4464 13099.7 15511.2 42009.7 104767
Model_Proj 3 2034 94.5796 13686.8 16203.7 44561.9 107990
Model_Proj 3 2035 98.0165 14173.3 16777.3 46640.4 110720
Model_Proj 4 2023 2074.3 7882.72 9335.95 23656.7 63708.9
Model_Proj 4 2024 2111.96 8021.46 9498.78 24980.6 63678.7
Model_Proj 4 2025 2111.88 8013.14 9486.39 26706.6 63660.6
Model_Proj 4 2026 2093.05 7937.41 9395.43 26783.8 65343.9
Model_Proj 4 2027 2103.21 7981.91 9450.08 26115.4 68647.7
Model_Proj 4 2028 2175.2 8268.22 9793.21 25456 72906.1
Model_Proj 4 2029 2303.15 8766.03 10386.4 25587 77590.3
Model_Proj 4 2030 2463.11 9354.64 11077.4 27371.8 82279.9
Model_Proj 4 2031 2632.5 9954.08 11788.4 29742.2 86457.8
Model_Proj 4 2032 2792.41 10550.7 12495.8 32088.6 90108.1
Model_Proj 4 2033 2932.06 11073.5 13114.8 34229.1 93072
Model_Proj 4 2034 3047.08 11498.4 13616.5 36130.5 95386.5
Model_Proj 4 2035 3137.11 11842.5 14022.9 37579.9 97252.9
Model_Proj 5 2023 0 7882.72 9335.95 23837.2 63708.9
Model_Proj 5 2024 0 8316.16 9847.13 26215.1 65565.1
Model_Proj 5 2025 0 8585.88 10163.2 29021.6 67240.7
Model_Proj 5 2026 0 8759.55 10366.6 30102.6 70385.5
Model_Proj 5 2027 0 9017.05 10672.5 30291.4 74915.7
Model_Proj 5 2028 0 9482.56 11227 30344.8 80220.5
Model_Proj 5 2029 0 10138.9 12007.3 31078.9 85856.5
Model_Proj 5 2030 0 10905.5 12916.6 33455.5 91473.8
Model_Proj 5 2031 0 11705.8 13864.3 36449.9 96591.2
Model_Proj 5 2032 0 12471.1 14769.1 39445.9 101199
Model_Proj 5 2033 0 13159.6 15581.9 42250.1 105123
Model_Proj 5 2034 0 13752 16280.8 44824 108376
Model_Proj 5 2035 0 14243.7 16860.4 46923.7 111134
Model_Proj 6 2023 9335.95 7882.72 9335.95 22976.2 63708.9
Model_Proj 6 2024 7567.43 6413.02 7567.43 20860.6 57094.9
Model_Proj 6 2025 6534.98 5533.48 6534.98 19983.4 52897.8
Model_Proj 6 2026 5456.74 4613.07 5456.74 18229.8 51898.5
Model_Proj 6 2027 4794.86 4046.18 4794.86 16596.3 53880.8
Model_Proj 6 2028 4655.66 3923.33 4655.66 15575.9 57649.1
Model_Proj 6 2029 5132.48 4324.45 5132.48 15628.1 62127.9
Model_Proj 6 2030 6117.32 5156.95 6117.32 17159.2 66326.9
Model_Proj 6 2031 6978.07 5885.28 6978.07 18847.1 69309.1
Model_Proj 6 2032 7632.84 6439.35 7632.84 20182.5 71253.9
Model_Proj 6 2033 8047.19 6789.7 8047.19 21118.5 72255.6
Model_Proj 6 2034 8246.99 6959.55 8246.99 21738.4 72604.3
Model_Proj 6 2035 8305.11 7009.19 8305.11 21987 72696.8
Model_Proj 7 2023 7882.72 7882.72 9335.95 23118.9 63708.9
Model_Proj 7 2024 6810.01 6810.01 8030.58 21649.5 58409.8
Model_Proj 7 2025 7175.62 6082.06 7175.62 20994.5 54747.7
Model_Proj 7 2026 5816.74 4920.66 5816.74 18868.5 52947.7
Model_Proj 7 2027 4997.73 4219.13 4997.73 16986.9 54458.9
Model_Proj 7 2028 4771.67 4022.09 4771.67 15805.8 57950
Model_Proj 7 2029 5196.52 4379.02 5196.52 15755 62265.6
Model_Proj 7 2030 6145.79 5181.23 6145.79 17219.8 66372.7
Model_Proj 7 2031 6987.47 5893.31 6987.47 18869.7 69311.3
Model_Proj 7 2032 7633.29 6439.78 7633.29 20186.2 71239.6
Model_Proj 7 2033 8044.48 6787.44 8044.48 21114.5 72238.4
Model_Proj 7 2034 8243.71 6956.78 8243.71 21732.5 72589.6
Model_Proj 7 2035 8302.32 7006.84 8302.32 21981.6 72685.9
