Alternative 1 Catch
     Model_Proj 
Equil_Fabc 8424.03 
Year 
2022 663.216 
2023 7882.72 
2024 6810.01 
2025 6082.06 
2026 5191.86 
2027 4603.11 
2028 4458.24 
2029 4855.28 
2030 5667.47 
2031 6404.52 
2032 6990.43 
2033 7376.93 
2034 7605.15 
2035 7707.86 

Alternative 1 ABCs
     Model_Proj 

Year 
2022 7336.85 
2023 7882.72 
2024 6810.01 
2025 6082.06 
2026 5191.86 
2027 4603.11 
2028 4458.24 
2029 4855.28 
2030 5667.47 
2031 6404.52 
2032 6990.43 
2033 7376.93 
2034 7605.15 
2035 7707.86 

Alternative 1 TACs
     Model_Proj 

Year 
2022  NA 
2023 7882.72 
2024 6810.01 
2025 6082.06 
2026 5191.86 
2027 4603.11 
2028 4458.24 
2029 4855.28 
2030 5667.47 
2031 6404.52 
2032 6990.43 
2033 7376.93 
2034 7605.15 
2035 7707.86 

Alternative 1 Sp_Biomass
     Model_Proj 
Equil_Fabc 22924.7 
Year 
2022 23229.4 
2023 23118.9 
2024 21649.5 
2025 21103.9 
2026 19496.3 
2027 17876.1 
2028 16808 
2029 16803.1 
2030 18328.1 
2031 20101.6 
2032 21586.3 
2033 22701 
2034 23505.8 
2035 23909.2 

Alternative 1 Fishing Mortality
     Model_Proj 
Equil_Fabc 0.224798 
Year 
2022 0.0186437 
2023 0.224798 
2024 0.211635 
2025 0.206004 
2026 0.18941 
2027 0.172685 
2028 0.161661 
2029 0.161377 
2030 0.171201 
2031 0.180671 
2032 0.188365 
2033 0.193061 
2034 0.195816 
2035 0.197218 

Alternative 1 Biomass
     Model_Proj 

Year 
2022 61826.4 
2023 63708.9 
2024 58409.8 
2025 54747.7 
2026 53935.1 
2027 55901.3 
2028 59582.8 
2029 63989 
2030 68199.3 
2031 71354.1 
2032 73572 
2033 74883.4 
2034 75532.5 
2035 75862.2 

Alternative 1 Implied SPR rate 
     Model_Proj 
Equil_Fabc 0.4 
Year 
2022 0.902128 
2023 0.4 
2024 0.41662 
2025 0.424076 
2026 0.447356 
2027 0.473011 
2028 0.491281 
2029 0.492632 
2030 0.479022 
2031 0.465346 
2032 0.45389 
2033 0.446873 
2034 0.442941 
2035 0.440659 

  Model_Proj 
EquilAvgAgeF0  5.51328 
EquilAvgAgeFabc  4.15051 
AvgAgeYr2035 60.324 
Alternative 2 Catch
     Model_Proj 
Equil_Fabc 8424.03 
Year 
2022 663.216 
2023 663.216 
2024 663.216 
2025 1943.25 
2026 1943.25 
2027 1943.25 
2028 1943.25 
2029 1943.25 
2030 1943.25 
2031 1943.25 
2032 1943.25 
2033 1943.25 
2034 1943.25 
2035 1943.25 

Alternative 2 ABCs
     Model_Proj 

Year 
2022 7336.85 
2023 7882.72 
2024 8221.83 
2025 8404.22 
2026 8314.78 
2027 8336.53 
2028 8598.61 
2029 9082.01 
2030 9697.69 
2031 10334.8 
2032 10972.4 
2033 11557.3 
2034 12060.2 
2035 12491.7 

Alternative 2 TACs
     Model_Proj 

Year 
2022  NA 
2023  NA 
2024  NA 
2025 8404.22 
2026 8314.78 
2027 8336.53 
2028 8598.61 
2029 9082.01 
2030 9697.69 
2031 10334.8 
2032 10972.4 
2033 11557.3 
2034 12060.2 
2035 12491.7 

Alternative 2 Sp_Biomass
     Model_Proj 
Equil_Fabc 22924.7 
Year 
2022 23229.4 
2023 23780.1 
2024 25821.2 
2025 28167.7 
2026 28241.9 
2027 27513 
2028 26775.6 
2029 26851.5 
2030 28653.1 
2031 31137 
2032 33686.1 
2033 36103.3 
2034 38340.8 
2035 40157.9 

Alternative 2 Fishing Mortality
     Model_Proj 
Equil_Fabc 0.224798 
Year 
2022 0.0186437 
2023 0.0176162 
2024 0.0168706 
2025 0.0488477 
2026 0.0493562 
2027 0.0493799 
2028 0.0484417 
2029 0.0467708 
2030 0.0447341 
2031 0.0426505 
2032 0.0407652 
2033 0.0391138 
2034 0.037674 
2035 0.0364748 

Alternative 2 Biomass
     Model_Proj 

Year 
2022 61826.4 
2023 63708.9 
2024 64961.7 
2025 66106.7 
2026 67635.5 
2027 70760.7 
2028 74858.3 
2029 79463.3 
2030 84202.8 
2031 88576 
2032 92556.9 
2033 95957.7 
2034 98778.7 
2035 101184 

Alternative 2 Implied SPR rate 
     Model_Proj 
Equil_Fabc 0.4 
Year 
2022 0.902128 
2023 0.907081 
2024 0.910705 
2025 0.775054 
2026 0.773185 
2027 0.773177 
2028 0.776947 
2029 0.783675 
2030 0.791919 
2031 0.800425 
2032 0.808202 
2033 0.815012 
2034 0.820896 
2035 0.825772 

  Model_Proj 
EquilAvgAgeF0  5.51328 
EquilAvgAgeFabc  4.15051 
AvgAgeYr2035 66.7485 
Alternative 3 Catch
     Model_Proj 
Equil_Fabc 8424.03 
Year 
2022 663.216 
2023 54.3692 
2024 57.3642 
2025 59.2691 
2026 60.4843 
2027 62.192 
2028 65.2734 
2029 69.6788 
2030 74.8894 
2031 80.3771 
2032 85.6628 
2033 90.4464 
2034 94.5796 
2035 98.0165 

Alternative 3 ABCs
     Model_Proj 

Year 
2022 7336.85 
2023 7882.72 
2024 8308.42 
2025 8570.55 
2026 8737.13 
2027 8988.3 
2028 9448.27 
2029 10099.5 
2030 10861.3 
2031 11656.6 
2032 12416.8 
2033 13099.7 
2034 13686.8 
2035 14173.3 

Alternative 3 TACs
     Model_Proj 

Year 
2022  NA 
2023 54.3692 
2024 57.3642 
2025 59.2691 
2026 60.4843 
2027 62.192 
2028 65.2734 
2029 69.6788 
2030 74.8894 
2031 80.3771 
2032 85.6628 
2033 90.4464 
2034 94.5796 
2035 98.0165 

Alternative 3 Sp_Biomass
     Model_Proj 
Equil_Fabc 22924.7 
Year 
2022 23229.4 
2023 23832.6 
2024 26182.5 
2025 28959.3 
2026 30011.8 
2027 30175 
2028 30206.1 
2029 30920.6 
2030 33277.7 
2031 36251.8 
2032 39226.9 
2033 42009.7 
2034 44561.9 
2035 46640.4 

Alternative 3 Fishing Mortality
     Model_Proj 
Equil_Fabc 0.224798 
Year 
2022 0.0186437 
2023 0.001436 
2024 0.001436 
2025 0.001436 
2026 0.001436 
2027 0.001436 
2028 0.001436 
2029 0.001436 
2030 0.001436 
2031 0.001436 
2032 0.001436 
2033 0.001436 
2034 0.001436 
2035 0.001436 

Alternative 3 Biomass
     Model_Proj 

Year 
2022 61826.4 
2023 63708.9 
2024 65515.7 
2025 67145 
2026 70248.3 
2027 74742.1 
2028 80014.5 
2029 85620.5 
2030 91208.3 
2031 96295.9 
2032 100873 
2033 104767 
2034 107990 
2035 110720 

Alternative 3 Implied SPR rate 
     Model_Proj 
Equil_Fabc 0.4 
Year 
2022 0.902128 
2023 0.991811 
2024 0.991811 
2025 0.991811 
2026 0.991811 
2027 0.991811 
2028 0.991811 
2029 0.991811 
2030 0.991811 
2031 0.991811 
2032 0.991811 
2033 0.991811 
2034 0.991811 
2035 0.991811 

  Model_Proj 
EquilAvgAgeF0  5.51328 
EquilAvgAgeFabc  4.15051 
AvgAgeYr2035 68.9966 
Alternative 4 Catch
     Model_Proj 
Equil_Fabc 8424.03 
Year 
2022 663.216 
2023 2074.3 
2024 2111.96 
2025 2111.88 
2026 2093.05 
2027 2103.21 
2028 2175.2 
2029 2303.15 
2030 2463.11 
2031 2632.5 
2032 2792.41 
2033 2932.06 
2034 3047.08 
2035 3137.11 

Alternative 4 ABCs
     Model_Proj 

Year 
2022 7336.85 
2023 7882.72 
2024 8021.46 
2025 8013.14 
2026 7937.41 
2027 7981.91 
2028 8268.22 
2029 8766.03 
2030 9354.64 
2031 9954.08 
2032 10550.7 
2033 11073.5 
2034 11498.4 
2035 11842.5 

Alternative 4 TACs
     Model_Proj 

Year 
2022  NA 
2023 2074.3 
2024 2111.96 
2025 2111.88 
2026 2093.05 
2027 2103.21 
2028 2175.2 
2029 2303.15 
2030 2463.11 
2031 2632.5 
2032 2792.41 
2033 2932.06 
2034 3047.08 
2035 3137.11 

Alternative 4 Sp_Biomass
     Model_Proj 
Equil_Fabc 22924.7 
Year 
2022 23229.4 
2023 23656.7 
2024 24980.6 
2025 26706.6 
2026 26783.8 
2027 26115.4 
2028 25456 
2029 25587 
2030 27371.8 
2031 29742.2 
2032 32088.6 
2033 34229.1 
2034 36130.5 
2035 37579.9 

Alternative 4 Fishing Mortality
     Model_Proj 
Equil_Fabc 0.224798 
Year 
2022 0.0186437 
2023 0.0558349 
2024 0.0558349 
2025 0.0558349 
2026 0.0558349 
2027 0.0558349 
2028 0.0558349 
2029 0.0558349 
2030 0.0558349 
2031 0.0558349 
2032 0.0558349 
2033 0.0558349 
2034 0.0558349 
2035 0.0558349 

Alternative 4 Biomass
     Model_Proj 

Year 
2022 61826.4 
2023 63708.9 
2024 63678.7 
2025 63660.6 
2026 65343.9 
2027 68647.7 
2028 72906.1 
2029 77590.3 
2030 82279.9 
2031 86457.8 
2032 90108.1 
2033 93072 
2034 95386.5 
2035 97252.9 

Alternative 4 Implied SPR rate 
     Model_Proj 
Equil_Fabc 0.4 
Year 
2022 0.902128 
2023 0.75 
2024 0.75 
2025 0.75 
2026 0.75 
2027 0.75 
2028 0.75 
2029 0.75 
2030 0.75 
2031 0.75 
2032 0.75 
2033 0.75 
2034 0.75 
2035 0.75 

  Model_Proj 
EquilAvgAgeF0  5.51328 
EquilAvgAgeFabc  4.15051 
AvgAgeYr2035 65.8484 
Alternative 5 Catch
     Model_Proj 
Equil_Fabc 8424.03 
Year 
2022 663.216 
2023  NA 
2024  NA 
2025  NA 
2026  NA 
2027  NA 
2028  NA 
2029  NA 
2030  NA 
2031  NA 
2032  NA 
2033  NA 
2034  NA 
2035  NA 

Alternative 5 ABCs
     Model_Proj 

Year 
2022 7336.85 
2023 7882.72 
2024 8316.16 
2025 8585.88 
2026 8759.55 
2027 9017.05 
2028 9482.56 
2029 10138.9 
2030 10905.5 
2031 11705.8 
2032 12471.1 
2033 13159.6 
2034 13752 
2035 14243.7 

Alternative 5 TACs
     Model_Proj 

Year 
2022  NA 
2023  NA 
2024  NA 
2025  NA 
2026  NA 
2027  NA 
2028  NA 
2029  NA 
2030  NA 
2031  NA 
2032  NA 
2033  NA 
2034  NA 
2035  NA 

Alternative 5 Sp_Biomass
     Model_Proj 
Equil_Fabc 22924.7 
Year 
2022 23229.4 
2023 23837.2 
2024 26215.1 
2025 29021.6 
2026 30102.6 
2027 30291.4 
2028 30344.8 
2029 31078.9 
2030 33455.5 
2031 36449.9 
2032 39445.9 
2033 42250.1 
2034 44824 
2035 46923.7 

Alternative 5 Fishing Mortality
     Model_Proj 
Equil_Fabc 0.224798 
Year 
2022 0.0186437 
2023  NA 
2024  NA 
2025  NA 
2026  NA 
2027  NA 
2028  NA 
2029  NA 
2030  NA 
2031  NA 
2032  NA 
2033  NA 
2034  NA 
2035  NA 

Alternative 5 Biomass
     Model_Proj 

Year 
2022 61826.4 
2023 63708.9 
2024 65565.1 
2025 67240.7 
2026 70385.5 
2027 74915.7 
2028 80220.5 
2029 85856.5 
2030 91473.8 
2031 96591.2 
2032 101199 
2033 105123 
2034 108376 
2035 111134 

Alternative 5 Implied SPR rate 
     Model_Proj 
Equil_Fabc 0.4 
Year 
2022 0.902128 
2023 1 
2024 1 
2025 1 
2026 1 
2027 1 
2028 1 
2029 1 
2030 1 
2031 1 
2032 1 
2033 1 
2034 1 
2035 1 

  Model_Proj 
EquilAvgAgeF0  5.51328 
EquilAvgAgeFabc  4.15051 
AvgAgeYr2035 69.0897 
Alternative 6 Catch
     Model_Proj 
Equil_Fabc 8424.03 
Year 
2022 663.216 
2023 9335.95 
2024 7567.43 
2025 6534.98 
2026 5456.74 
2027 4794.86 
2028 4655.66 
2029 5132.48 
2030 6117.32 
2031 6978.07 
2032 7632.84 
2033 8047.19 
2034 8246.99 
2035 8305.11 

Alternative 6 ABCs
     Model_Proj 

Year 
2022 7336.85 
2023 7882.72 
2024 6413.02 
2025 5533.48 
2026 4613.07 
2027 4046.18 
2028 3923.33 
2029 4324.45 
2030 5156.95 
2031 5885.28 
2032 6439.35 
2033 6789.7 
2034 6959.55 
2035 7009.19 

Alternative 6 TACs
     Model_Proj 

Year 
2022  NA 
2023 9335.95 
2024 7567.43 
2025 6534.98 
2026 5456.74 
2027 4794.86 
2028 4655.66 
2029 5132.48 
2030 6117.32 
2031 6978.07 
2032 7632.84 
2033 8047.19 
2034 8246.99 
2035 8305.11 

Alternative 6 Sp_Biomass
     Model_Proj 
Equil_Fabc 22924.7 
Year 
2022 23229.4 
2023 22976.2 
2024 20860.6 
2025 19983.4 
2026 18229.8 
2027 16596.3 
2028 15575.9 
2029 15628.1 
2030 17159.2 
2031 18847.1 
2032 20182.5 
2033 21118.5 
2034 21738.4 
2035 21987 

Alternative 6 Fishing Mortality
     Model_Proj 
Equil_Fabc 0.224798 
Year 
2022 0.0186437 
2023 0.270339 
2024 0.244718 
2025 0.233829 
2026 0.21206 
2027 0.191783 
2028 0.179117 
2029 0.179567 
2030 0.193253 
2031 0.206223 
2032 0.216325 
2033 0.22273 
2034 0.225727 
2035 0.226856 

Alternative 6 Biomass
     Model_Proj 

Year 
2022 61826.4 
2023 63708.9 
2024 57094.9 
2025 52897.8 
2026 51898.5 
2027 53880.8 
2028 57649.1 
2029 62127.9 
2030 66326.9 
2031 69309.1 
2032 71253.9 
2033 72255.6 
2034 72604.3 
2035 72696.8 

Alternative 6 Implied SPR rate 
     Model_Proj 
Equil_Fabc 0.4 
Year 
2022 0.902128 
2023 0.35 
2024 0.376805 
2025 0.389207 
2026 0.416065 
2027 0.4439 
2028 0.462873 
2029 0.463258 
2030 0.446667 
2031 0.43039 
2032 0.417327 
2033 0.409174 
2034 0.40546 
2035 0.403716 

  Model_Proj 
EquilAvgAgeF0  5.51328 
EquilAvgAgeFabc  4.15051 
AvgAgeYr2035 59.4699 
Alternative 7 Catch
     Model_Proj 
Equil_Fabc 8424.03 
Year 
2022 663.216 
2023 7882.72 
2024 6810.01 
2025 7175.62 
2026 5816.74 
2027 4997.73 
2028 4771.67 
2029 5196.52 
2030 6145.79 
2031 6987.47 
2032 7633.29 
2033 8044.48 
2034 8243.71 
2035 8302.32 

Alternative 7 ABCs
     Model_Proj 

Year 
2022 7336.85 
2023 7882.72 
2024 6810.01 
2025 6082.06 
2026 4920.66 
2027 4219.13 
2028 4022.09 
2029 4379.02 
2030 5181.23 
2031 5893.31 
2032 6439.78 
2033 6787.44 
2034 6956.78 
2035 7006.84 

Alternative 7 TACs
     Model_Proj 

Year 
2022  NA 
2023 9335.95 
2024 8030.58 
2025 7175.62 
2026 5816.74 
2027 4997.73 
2028 4771.67 
2029 5196.52 
2030 6145.79 
2031 6987.47 
2032 7633.29 
2033 8044.48 
2034 8243.71 
2035 8302.32 

Alternative 7 Sp_Biomass
     Model_Proj 
Equil_Fabc 22924.7 
Year 
2022 23229.4 
2023 23118.9 
2024 21649.5 
2025 20994.5 
2026 18868.5 
2027 16986.9 
2028 15805.8 
2029 15755 
2030 17219.8 
2031 18869.7 
2032 20186.2 
2033 21114.5 
2034 21732.5 
2035 21981.6 

Alternative 7 Fishing Mortality
     Model_Proj 
Equil_Fabc 0.224798 
Year 
2022 0.0186437 
2023 0.224798 
2024 0.211635 
2025 0.246381 
2026 0.219989 
2027 0.196633 
2028 0.181971 
2029 0.181136 
2030 0.193969 
2031 0.206497 
2032 0.216397 
2033 0.222724 
2034 0.225695 
2035 0.226822 

Alternative 7 Biomass
     Model_Proj 

Year 
2022 61826.4 
2023 63708.9 
2024 58409.8 
2025 54747.7 
2026 52947.7 
2027 54458.9 
2028 57950 
2029 62265.6 
2030 66372.7 
2031 69311.3 
2032 71239.6 
2033 72238.4 
2034 72589.6 
2035 72685.9 

Alternative 7 Implied SPR rate 
     Model_Proj 
Equil_Fabc 0.4 
Year 
2022 0.902128 
2023 0.4 
2024 0.41662 
2025 0.374966 
2026 0.405945 
2027 0.436973 
2028 0.458485 
2029 0.460821 
2030 0.445566 
2031 0.429966 
2032 0.417209 
2033 0.409174 
2034 0.405499 
2035 0.40376 

  Model_Proj 
EquilAvgAgeF0  5.51328 
EquilAvgAgeFabc  4.15051 
AvgAgeYr2035 59.6712 
