Model_Proj 1 2022 Cabc 8424.03
Model_Proj 1 2022 Cofl 9122.43
Model_Proj 1 2022 CLCI 663.216
Model_Proj 1 2022 CUCI 663.216
Model_Proj 1 2022 CMedian 663.216
Model_Proj 1 2022 CMean 663.216
Model_Proj 1 2022 CStdn 6.59384e-12
Model_Proj 1 2023 Cabc 8424.03
Model_Proj 1 2023 Cofl 9122.43
Model_Proj 1 2023 CLCI 7882.72
Model_Proj 1 2023 CUCI 7882.72
Model_Proj 1 2023 CMedian 7882.72
Model_Proj 1 2023 CMean 7882.72
Model_Proj 1 2023 CStdn 1.00044e-10
Model_Proj 1 2024 Cabc 8424.03
Model_Proj 1 2024 Cofl 9122.43
Model_Proj 1 2024 CLCI 6809.74
Model_Proj 1 2024 CUCI 6810.7
Model_Proj 1 2024 CMedian 6809.89
Model_Proj 1 2024 CMean 6810.01
Model_Proj 1 2024 CStdn 0.349182
Model_Proj 1 2025 Cabc 8424.03
Model_Proj 1 2025 Cofl 9122.43
Model_Proj 1 2025 CLCI 6080.18
Model_Proj 1 2025 CUCI 6086.5
Model_Proj 1 2025 CMedian 6081.27
Model_Proj 1 2025 CMean 6082.06
Model_Proj 1 2025 CStdn 2.33756
Model_Proj 1 2026 Cabc 8424.03
Model_Proj 1 2026 Cofl 9122.43
Model_Proj 1 2026 CLCI 5137.72
Model_Proj 1 2026 CUCI 5329.44
Model_Proj 1 2026 CMedian 5168.85
Model_Proj 1 2026 CMean 5191.86
Model_Proj 1 2026 CStdn 69.7972
Model_Proj 1 2027 Cabc 8424.03
Model_Proj 1 2027 Cofl 9122.43
Model_Proj 1 2027 CLCI 4315.99
Model_Proj 1 2027 CUCI 5273.97
Model_Proj 1 2027 CMedian 4486.66
Model_Proj 1 2027 CMean 4603.11
Model_Proj 1 2027 CStdn 349.819
Model_Proj 1 2028 Cabc 8424.03
Model_Proj 1 2028 Cofl 9122.43
Model_Proj 1 2028 CLCI 3725.67
Model_Proj 1 2028 CUCI 6052.28
Model_Proj 1 2028 CMedian 4205.64
Model_Proj 1 2028 CMean 4458.24
Model_Proj 1 2028 CStdn 827.731
Model_Proj 1 2029 Cabc 8424.03
Model_Proj 1 2029 Cofl 9122.43
Model_Proj 1 2029 CLCI 3284.95
Model_Proj 1 2029 CUCI 8220.83
Model_Proj 1 2029 CMedian 4322.45
Model_Proj 1 2029 CMean 4855.28
Model_Proj 1 2029 CStdn 1772.78
Model_Proj 1 2030 Cabc 8424.03
Model_Proj 1 2030 Cofl 9122.43
Model_Proj 1 2030 CLCI 2961.65
Model_Proj 1 2030 CUCI 10912.3
Model_Proj 1 2030 CMedian 4867.06
Model_Proj 1 2030 CMean 5667.47
Model_Proj 1 2030 CStdn 2686.27
Model_Proj 1 2031 Cabc 8424.03
Model_Proj 1 2031 Cofl 9122.43
Model_Proj 1 2031 CLCI 2815.13
Model_Proj 1 2031 CUCI 11865
Model_Proj 1 2031 CMedian 5674.75
Model_Proj 1 2031 CMean 6404.52
Model_Proj 1 2031 CStdn 3077.64
Model_Proj 1 2032 Cabc 8424.03
Model_Proj 1 2032 Cofl 9122.43
Model_Proj 1 2032 CLCI 2776.93
Model_Proj 1 2032 CUCI 12992.7
Model_Proj 1 2032 CMedian 6368.99
Model_Proj 1 2032 CMean 6990.43
Model_Proj 1 2032 CStdn 3289.73
Model_Proj 1 2033 Cabc 8424.03
Model_Proj 1 2033 Cofl 9122.43
Model_Proj 1 2033 CLCI 2718.94
Model_Proj 1 2033 CUCI 13616.7
Model_Proj 1 2033 CMedian 7082.46
Model_Proj 1 2033 CMean 7376.93
Model_Proj 1 2033 CStdn 3407.45
Model_Proj 1 2034 Cabc 8424.03
Model_Proj 1 2034 Cofl 9122.43
Model_Proj 1 2034 CLCI 2864.1
Model_Proj 1 2034 CUCI 13458.5
Model_Proj 1 2034 CMedian 7367.5
Model_Proj 1 2034 CMean 7605.15
Model_Proj 1 2034 CStdn 3452.44
Model_Proj 1 2035 Cabc 8424.03
Model_Proj 1 2035 Cofl 9122.43
Model_Proj 1 2035 CLCI 2984.45
Model_Proj 1 2035 CUCI 13841.8
Model_Proj 1 2035 CMedian 7386.74
Model_Proj 1 2035 CMean 7707.86
Model_Proj 1 2035 CStdn 3420.16
Model_Proj 1 2022 SSBF100 57311.6
Model_Proj 1 2022 SSBFabc 22924.7
Model_Proj 1 2022 SSBFofl 20059.1
Model_Proj 1 2022 SSBLCI 23229.4
Model_Proj 1 2022 SSBUCI 23229.4
Model_Proj 1 2022 SSBMedian 23229.4
Model_Proj 1 2022 SSBMean 23229.4
Model_Proj 1 2023 SSBF100 57311.6
Model_Proj 1 2023 SSBFabc 22924.7
Model_Proj 1 2023 SSBFofl 20059.1
Model_Proj 1 2023 SSBLCI 23118.9
Model_Proj 1 2023 SSBUCI 23118.9
Model_Proj 1 2023 SSBMedian 23118.9
Model_Proj 1 2023 SSBMean 23118.9
Model_Proj 1 2024 SSBF100 57311.6
Model_Proj 1 2024 SSBFabc 22924.7
Model_Proj 1 2024 SSBFofl 20059.1
Model_Proj 1 2024 SSBLCI 21649.5
Model_Proj 1 2024 SSBUCI 21649.5
Model_Proj 1 2024 SSBMedian 21649.5
Model_Proj 1 2024 SSBMean 21649.5
Model_Proj 1 2025 SSBF100 57311.6
Model_Proj 1 2025 SSBFabc 22924.7
Model_Proj 1 2025 SSBFofl 20059.1
Model_Proj 1 2025 SSBLCI 21103.9
Model_Proj 1 2025 SSBUCI 21103.9
Model_Proj 1 2025 SSBMedian 21103.9
Model_Proj 1 2025 SSBMean 21103.9
Model_Proj 1 2026 SSBF100 57311.6
Model_Proj 1 2026 SSBFabc 22924.7
Model_Proj 1 2026 SSBFofl 20059.1
Model_Proj 1 2026 SSBLCI 19496.3
Model_Proj 1 2026 SSBUCI 19496.3
Model_Proj 1 2026 SSBMedian 19496.3
Model_Proj 1 2026 SSBMean 19496.3
Model_Proj 1 2027 SSBF100 57311.6
Model_Proj 1 2027 SSBFabc 22924.7
Model_Proj 1 2027 SSBFofl 20059.1
Model_Proj 1 2027 SSBLCI 17876.1
Model_Proj 1 2027 SSBUCI 17876.1
Model_Proj 1 2027 SSBMedian 17876.1
Model_Proj 1 2027 SSBMean 17876.1
Model_Proj 1 2028 SSBF100 57311.6
Model_Proj 1 2028 SSBFabc 22924.7
Model_Proj 1 2028 SSBFofl 20059.1
Model_Proj 1 2028 SSBLCI 16724.8
Model_Proj 1 2028 SSBUCI 17022.4
Model_Proj 1 2028 SSBMedian 16772
Model_Proj 1 2028 SSBMean 16808
Model_Proj 1 2029 SSBF100 57311.6
Model_Proj 1 2029 SSBFabc 22924.7
Model_Proj 1 2029 SSBFofl 20059.1
Model_Proj 1 2029 SSBLCI 15643.9
Model_Proj 1 2029 SSBUCI 19675.3
Model_Proj 1 2029 SSBMedian 16313.7
Model_Proj 1 2029 SSBMean 16803.1
Model_Proj 1 2030 SSBF100 57311.6
Model_Proj 1 2030 SSBFabc 22924.7
Model_Proj 1 2030 SSBFofl 20059.1
Model_Proj 1 2030 SSBLCI 14362.7
Model_Proj 1 2030 SSBUCI 26856.8
Model_Proj 1 2030 SSBMedian 16969
Model_Proj 1 2030 SSBMean 18328.1
Model_Proj 1 2031 SSBF100 57311.6
Model_Proj 1 2031 SSBFabc 22924.7
Model_Proj 1 2031 SSBFofl 20059.1
Model_Proj 1 2031 SSBLCI 13722.5
Model_Proj 1 2031 SSBUCI 32052.7
Model_Proj 1 2031 SSBMedian 18442.4
Model_Proj 1 2031 SSBMean 20101.6
Model_Proj 1 2032 SSBF100 57311.6
Model_Proj 1 2032 SSBFabc 22924.7
Model_Proj 1 2032 SSBFofl 20059.1
Model_Proj 1 2032 SSBLCI 13645.8
Model_Proj 1 2032 SSBUCI 34858.4
Model_Proj 1 2032 SSBMedian 19902.4
Model_Proj 1 2032 SSBMean 21586.3
Model_Proj 1 2033 SSBF100 57311.6
Model_Proj 1 2033 SSBFabc 22924.7
Model_Proj 1 2033 SSBFofl 20059.1
Model_Proj 1 2033 SSBLCI 13615.8
Model_Proj 1 2033 SSBUCI 37807.4
Model_Proj 1 2033 SSBMedian 20843
Model_Proj 1 2033 SSBMean 22701
Model_Proj 1 2034 SSBF100 57311.6
Model_Proj 1 2034 SSBFabc 22924.7
Model_Proj 1 2034 SSBFofl 20059.1
Model_Proj 1 2034 SSBLCI 13583.9
Model_Proj 1 2034 SSBUCI 39401
Model_Proj 1 2034 SSBMedian 21601.7
Model_Proj 1 2034 SSBMean 23505.8
Model_Proj 1 2035 SSBF100 57311.6
Model_Proj 1 2035 SSBFabc 22924.7
Model_Proj 1 2035 SSBFofl 20059.1
Model_Proj 1 2035 SSBLCI 13721.3
Model_Proj 1 2035 SSBUCI 40370.7
Model_Proj 1 2035 SSBMedian 21951.2
Model_Proj 1 2035 SSBMean 23909.2
Model_Proj 1 2022 F0 0 
Model_Proj 1 2022 Fabc 0.224798
Model_Proj 1 2022 Fofl 0.270339
Model_Proj 1 2022  F_LCI 0.0186437
Model_Proj 1 2022  F_UCI 0.0186437
Model_Proj 1 2022  F_Median 0.0186437
Model_Proj 1 2022  F_Mean 0.0186437
Model_Proj 1 2023 F0 0 
Model_Proj 1 2023 Fabc 0.224798
Model_Proj 1 2023 Fofl 0.270339
Model_Proj 1 2023  F_LCI 0.224798
Model_Proj 1 2023  F_UCI 0.224798
Model_Proj 1 2023  F_Median 0.224798
Model_Proj 1 2023  F_Mean 0.224798
Model_Proj 1 2024 F0 0 
Model_Proj 1 2024 Fabc 0.224798
Model_Proj 1 2024 Fofl 0.270339
Model_Proj 1 2024  F_LCI 0.211635
Model_Proj 1 2024  F_UCI 0.211635
Model_Proj 1 2024  F_Median 0.211635
Model_Proj 1 2024  F_Mean 0.211635
Model_Proj 1 2025 F0 0 
Model_Proj 1 2025 Fabc 0.224798
Model_Proj 1 2025 Fofl 0.270339
Model_Proj 1 2025  F_LCI 0.206004
Model_Proj 1 2025  F_UCI 0.206004
Model_Proj 1 2025  F_Median 0.206004
Model_Proj 1 2025  F_Mean 0.206004
Model_Proj 1 2026 F0 0 
Model_Proj 1 2026 Fabc 0.224798
Model_Proj 1 2026 Fofl 0.270339
Model_Proj 1 2026  F_LCI 0.18941
Model_Proj 1 2026  F_UCI 0.18941
Model_Proj 1 2026  F_Median 0.18941
Model_Proj 1 2026  F_Mean 0.18941
Model_Proj 1 2027 F0 0 
Model_Proj 1 2027 Fabc 0.224798
Model_Proj 1 2027 Fofl 0.270339
Model_Proj 1 2027  F_LCI 0.172685
Model_Proj 1 2027  F_UCI 0.172685
Model_Proj 1 2027  F_Median 0.172685
Model_Proj 1 2027  F_Mean 0.172685
Model_Proj 1 2028 F0 0 
Model_Proj 1 2028 Fabc 0.224798
Model_Proj 1 2028 Fofl 0.270339
Model_Proj 1 2028  F_LCI 0.160802
Model_Proj 1 2028  F_UCI 0.163874
Model_Proj 1 2028  F_Median 0.161289
Model_Proj 1 2028  F_Mean 0.161661
Model_Proj 1 2029 F0 0 
Model_Proj 1 2029 Fabc 0.224798
Model_Proj 1 2029 Fofl 0.270339
Model_Proj 1 2029  F_LCI 0.149645
Model_Proj 1 2029  F_UCI 0.191257
Model_Proj 1 2029  F_Median 0.156559
Model_Proj 1 2029  F_Mean 0.161377
Model_Proj 1 2030 F0 0 
Model_Proj 1 2030 Fabc 0.224798
Model_Proj 1 2030 Fofl 0.270339
Model_Proj 1 2030  F_LCI 0.13642
Model_Proj 1 2030  F_UCI 0.224798
Model_Proj 1 2030  F_Median 0.163323
Model_Proj 1 2030  F_Mean 0.171201
Model_Proj 1 2031 F0 0 
Model_Proj 1 2031 Fabc 0.224798
Model_Proj 1 2031 Fofl 0.270339
Model_Proj 1 2031  F_LCI 0.129812
Model_Proj 1 2031  F_UCI 0.224798
Model_Proj 1 2031  F_Median 0.178531
Model_Proj 1 2031  F_Mean 0.180671
Model_Proj 1 2032 F0 0 
Model_Proj 1 2032 Fabc 0.224798
Model_Proj 1 2032 Fofl 0.270339
Model_Proj 1 2032  F_LCI 0.12902
Model_Proj 1 2032  F_UCI 0.224798
Model_Proj 1 2032  F_Median 0.193601
Model_Proj 1 2032  F_Mean 0.188365
Model_Proj 1 2033 F0 0 
Model_Proj 1 2033 Fabc 0.224798
Model_Proj 1 2033 Fofl 0.270339
Model_Proj 1 2033  F_LCI 0.128711
Model_Proj 1 2033  F_UCI 0.224798
Model_Proj 1 2033  F_Median 0.20331
Model_Proj 1 2033  F_Mean 0.193061
Model_Proj 1 2034 F0 0 
Model_Proj 1 2034 Fabc 0.224798
Model_Proj 1 2034 Fofl 0.270339
Model_Proj 1 2034  F_LCI 0.128381
Model_Proj 1 2034  F_UCI 0.224798
Model_Proj 1 2034  F_Median 0.211142
Model_Proj 1 2034  F_Mean 0.195816
Model_Proj 1 2035 F0 0 
Model_Proj 1 2035 Fabc 0.224798
Model_Proj 1 2035 Fofl 0.270339
Model_Proj 1 2035  F_LCI 0.129799
Model_Proj 1 2035  F_UCI 0.224798
Model_Proj 1 2035  F_Median 0.214749
Model_Proj 1 2035  F_Mean 0.197218
Model_Proj 2 2022 Cabc 8424.03
Model_Proj 2 2022 Cofl 9122.43
Model_Proj 2 2022 CLCI 663.216
Model_Proj 2 2022 CUCI 663.216
Model_Proj 2 2022 CMedian 663.216
Model_Proj 2 2022 CMean 663.216
Model_Proj 2 2022 CStdn 6.59384e-12
Model_Proj 2 2023 Cabc 8424.03
Model_Proj 2 2023 Cofl 9122.43
Model_Proj 2 2023 CLCI 663.216
Model_Proj 2 2023 CUCI 663.216
Model_Proj 2 2023 CMedian 663.216
Model_Proj 2 2023 CMean 663.216
Model_Proj 2 2023 CStdn 6.59384e-12
Model_Proj 2 2024 Cabc 8424.03
Model_Proj 2 2024 Cofl 9122.43
Model_Proj 2 2024 CLCI 663.216
Model_Proj 2 2024 CUCI 663.216
Model_Proj 2 2024 CMedian 663.216
Model_Proj 2 2024 CMean 663.216
Model_Proj 2 2024 CStdn 8.46981e-07
Model_Proj 2 2025 Cabc 8424.03
Model_Proj 2 2025 Cofl 9122.43
Model_Proj 2 2025 CLCI 1943.25
Model_Proj 2 2025 CUCI 1943.25
Model_Proj 2 2025 CMedian 1943.25
Model_Proj 2 2025 CMean 1943.25
Model_Proj 2 2025 CStdn 5.35212e-06
Model_Proj 2 2026 Cabc 8424.03
Model_Proj 2 2026 Cofl 9122.43
Model_Proj 2 2026 CLCI 1943.25
Model_Proj 2 2026 CUCI 1943.25
Model_Proj 2 2026 CMedian 1943.25
Model_Proj 2 2026 CMean 1943.25
Model_Proj 2 2026 CStdn 0.000132091
Model_Proj 2 2027 Cabc 8424.03
Model_Proj 2 2027 Cofl 9122.43
Model_Proj 2 2027 CLCI 1943.25
Model_Proj 2 2027 CUCI 1943.25
Model_Proj 2 2027 CMedian 1943.25
Model_Proj 2 2027 CMean 1943.25
Model_Proj 2 2027 CStdn 0.00036193
Model_Proj 2 2028 Cabc 8424.03
Model_Proj 2 2028 Cofl 9122.43
Model_Proj 2 2028 CLCI 1943.25
Model_Proj 2 2028 CUCI 1943.25
Model_Proj 2 2028 CMedian 1943.25
Model_Proj 2 2028 CMean 1943.25
Model_Proj 2 2028 CStdn 0.000473131
Model_Proj 2 2029 Cabc 8424.03
Model_Proj 2 2029 Cofl 9122.43
Model_Proj 2 2029 CLCI 1943.25
Model_Proj 2 2029 CUCI 1943.25
Model_Proj 2 2029 CMedian 1943.25
Model_Proj 2 2029 CMean 1943.25
Model_Proj 2 2029 CStdn 0.000499378
Model_Proj 2 2030 Cabc 8424.03
Model_Proj 2 2030 Cofl 9122.43
Model_Proj 2 2030 CLCI 1943.25
Model_Proj 2 2030 CUCI 1943.25
Model_Proj 2 2030 CMedian 1943.25
Model_Proj 2 2030 CMean 1943.25
Model_Proj 2 2030 CStdn 0.000502886
Model_Proj 2 2031 Cabc 8424.03
Model_Proj 2 2031 Cofl 9122.43
Model_Proj 2 2031 CLCI 1943.25
Model_Proj 2 2031 CUCI 1943.25
Model_Proj 2 2031 CMedian 1943.25
Model_Proj 2 2031 CMean 1943.25
Model_Proj 2 2031 CStdn 0.000500194
Model_Proj 2 2032 Cabc 8424.03
Model_Proj 2 2032 Cofl 9122.43
Model_Proj 2 2032 CLCI 1943.25
Model_Proj 2 2032 CUCI 1943.25
Model_Proj 2 2032 CMedian 1943.25
Model_Proj 2 2032 CMean 1943.25
Model_Proj 2 2032 CStdn 0.00053313
Model_Proj 2 2033 Cabc 8424.03
Model_Proj 2 2033 Cofl 9122.43
Model_Proj 2 2033 CLCI 1943.25
Model_Proj 2 2033 CUCI 1943.25
Model_Proj 2 2033 CMedian 1943.25
Model_Proj 2 2033 CMean 1943.25
Model_Proj 2 2033 CStdn 0.00057241
Model_Proj 2 2034 Cabc 8424.03
Model_Proj 2 2034 Cofl 9122.43
Model_Proj 2 2034 CLCI 1943.25
Model_Proj 2 2034 CUCI 1943.25
Model_Proj 2 2034 CMedian 1943.25
Model_Proj 2 2034 CMean 1943.25
Model_Proj 2 2034 CStdn 0.00059354
Model_Proj 2 2035 Cabc 8424.03
Model_Proj 2 2035 Cofl 9122.43
Model_Proj 2 2035 CLCI 1943.25
Model_Proj 2 2035 CUCI 1943.25
Model_Proj 2 2035 CMedian 1943.25
Model_Proj 2 2035 CMean 1943.25
Model_Proj 2 2035 CStdn 0.000614175
Model_Proj 2 2022 SSBF100 57311.6
Model_Proj 2 2022 SSBFabc 22924.7
Model_Proj 2 2022 SSBFofl 20059.1
Model_Proj 2 2022 SSBLCI 23229.4
Model_Proj 2 2022 SSBUCI 23229.4
Model_Proj 2 2022 SSBMedian 23229.4
Model_Proj 2 2022 SSBMean 23229.4
Model_Proj 2 2023 SSBF100 57311.6
Model_Proj 2 2023 SSBFabc 22924.7
Model_Proj 2 2023 SSBFofl 20059.1
Model_Proj 2 2023 SSBLCI 23780.1
Model_Proj 2 2023 SSBUCI 23780.1
Model_Proj 2 2023 SSBMedian 23780.1
Model_Proj 2 2023 SSBMean 23780.1
Model_Proj 2 2024 SSBF100 57311.6
Model_Proj 2 2024 SSBFabc 22924.7
Model_Proj 2 2024 SSBFofl 20059.1
Model_Proj 2 2024 SSBLCI 25821.2
Model_Proj 2 2024 SSBUCI 25821.2
Model_Proj 2 2024 SSBMedian 25821.2
Model_Proj 2 2024 SSBMean 25821.2
Model_Proj 2 2025 SSBF100 57311.6
Model_Proj 2 2025 SSBFabc 22924.7
Model_Proj 2 2025 SSBFofl 20059.1
Model_Proj 2 2025 SSBLCI 28167.6
Model_Proj 2 2025 SSBUCI 28167.8
Model_Proj 2 2025 SSBMedian 28167.6
Model_Proj 2 2025 SSBMean 28167.7
Model_Proj 2 2026 SSBF100 57311.6
Model_Proj 2 2026 SSBFabc 22924.7
Model_Proj 2 2026 SSBFofl 20059.1
Model_Proj 2 2026 SSBLCI 28240.3
Model_Proj 2 2026 SSBUCI 28245.9
Model_Proj 2 2026 SSBMedian 28241.2
Model_Proj 2 2026 SSBMean 28241.9
Model_Proj 2 2027 SSBF100 57311.6
Model_Proj 2 2027 SSBFabc 22924.7
Model_Proj 2 2027 SSBFofl 20059.1
Model_Proj 2 2027 SSBLCI 27497.4
Model_Proj 2 2027 SSBUCI 27549.6
Model_Proj 2 2027 SSBMedian 27506.9
Model_Proj 2 2027 SSBMean 27513
Model_Proj 2 2028 SSBF100 57311.6
Model_Proj 2 2028 SSBFabc 22924.7
Model_Proj 2 2028 SSBFofl 20059.1
Model_Proj 2 2028 SSBLCI 26619.2
Model_Proj 2 2028 SSBUCI 27146.8
Model_Proj 2 2028 SSBMedian 26713.3
Model_Proj 2 2028 SSBMean 26775.6
Model_Proj 2 2029 SSBF100 57311.6
Model_Proj 2 2029 SSBFabc 22924.7
Model_Proj 2 2029 SSBFofl 20059.1
Model_Proj 2 2029 SSBLCI 25389.3
Model_Proj 2 2029 SSBUCI 30356.4
Model_Proj 2 2029 SSBMedian 26253.1
Model_Proj 2 2029 SSBMean 26851.5
Model_Proj 2 2030 SSBF100 57311.6
Model_Proj 2 2030 SSBFabc 22924.7
Model_Proj 2 2030 SSBFofl 20059.1
Model_Proj 2 2030 SSBLCI 23630.4
Model_Proj 2 2030 SSBUCI 39801.6
Model_Proj 2 2030 SSBMedian 26862.7
Model_Proj 2 2030 SSBMean 28653.1
Model_Proj 2 2031 SSBF100 57311.6
Model_Proj 2 2031 SSBFabc 22924.7
Model_Proj 2 2031 SSBFofl 20059.1
Model_Proj 2 2031 SSBLCI 22286.7
Model_Proj 2 2031 SSBUCI 48114.3
Model_Proj 2 2031 SSBMedian 28736.7
Model_Proj 2 2031 SSBMean 31137
Model_Proj 2 2032 SSBF100 57311.6
Model_Proj 2 2032 SSBFabc 22924.7
Model_Proj 2 2032 SSBFofl 20059.1
Model_Proj 2 2032 SSBLCI 21555.1
Model_Proj 2 2032 SSBUCI 53836
Model_Proj 2 2032 SSBMedian 31180.6
Model_Proj 2 2032 SSBMean 33686.1
Model_Proj 2 2033 SSBF100 57311.6
Model_Proj 2 2033 SSBFabc 22924.7
Model_Proj 2 2033 SSBFofl 20059.1
Model_Proj 2 2033 SSBLCI 21129.1
Model_Proj 2 2033 SSBUCI 59014.9
Model_Proj 2 2033 SSBMedian 33429.5
Model_Proj 2 2033 SSBMean 36103.3
Model_Proj 2 2034 SSBF100 57311.6
Model_Proj 2 2034 SSBFabc 22924.7
Model_Proj 2 2034 SSBFofl 20059.1
Model_Proj 2 2034 SSBLCI 20711.4
Model_Proj 2 2034 SSBUCI 64592.3
Model_Proj 2 2034 SSBMedian 35661.9
Model_Proj 2 2034 SSBMean 38340.8
Model_Proj 2 2035 SSBF100 57311.6
Model_Proj 2 2035 SSBFabc 22924.7
Model_Proj 2 2035 SSBFofl 20059.1
Model_Proj 2 2035 SSBLCI 20809
Model_Proj 2 2035 SSBUCI 68372.3
Model_Proj 2 2035 SSBMedian 37937
Model_Proj 2 2035 SSBMean 40157.9
Model_Proj 2 2022 F0 0 
Model_Proj 2 2022 Fabc 0.224798
Model_Proj 2 2022 Fofl 0.270339
Model_Proj 2 2022  F_LCI 0.0186437
Model_Proj 2 2022  F_UCI 0.0186437
Model_Proj 2 2022  F_Median 0.0186437
Model_Proj 2 2022  F_Mean 0.0186437
Model_Proj 2 2023 F0 0 
Model_Proj 2 2023 Fabc 0.224798
Model_Proj 2 2023 Fofl 0.270339
Model_Proj 2 2023  F_LCI 0.0176162
Model_Proj 2 2023  F_UCI 0.0176162
Model_Proj 2 2023  F_Median 0.0176162
Model_Proj 2 2023  F_Mean 0.0176162
Model_Proj 2 2024 F0 0 
Model_Proj 2 2024 Fabc 0.224798
Model_Proj 2 2024 Fofl 0.270339
Model_Proj 2 2024  F_LCI 0.0168692
Model_Proj 2 2024  F_UCI 0.0168711
Model_Proj 2 2024  F_Median 0.0168708
Model_Proj 2 2024  F_Mean 0.0168706
Model_Proj 2 2025 F0 0 
Model_Proj 2 2025 Fabc 0.224798
Model_Proj 2 2025 Fofl 0.270339
Model_Proj 2 2025  F_LCI 0.04882
Model_Proj 2 2025  F_UCI 0.0488592
Model_Proj 2 2025  F_Median 0.0488525
Model_Proj 2 2025  F_Mean 0.0488477
Model_Proj 2 2026 F0 0 
Model_Proj 2 2026 Fabc 0.224798
Model_Proj 2 2026 Fofl 0.270339
Model_Proj 2 2026  F_LCI 0.0484295
Model_Proj 2 2026  F_UCI 0.04972
Model_Proj 2 2026  F_Median 0.0495078
Model_Proj 2 2026  F_Mean 0.0493562
Model_Proj 2 2027 F0 0 
Model_Proj 2 2027 Fabc 0.224798
Model_Proj 2 2027 Fofl 0.270339
Model_Proj 2 2027  F_LCI 0.0446419
Model_Proj 2 2027  F_UCI 0.0515071
Model_Proj 2 2027  F_Median 0.0501451
Model_Proj 2 2027  F_Mean 0.0493799
Model_Proj 2 2028 F0 0 
Model_Proj 2 2028 Fabc 0.224798
Model_Proj 2 2028 Fofl 0.270339
Model_Proj 2 2028  F_LCI 0.0381456
Model_Proj 2 2028  F_UCI 0.0540361
Model_Proj 2 2028  F_Median 0.0497477
Model_Proj 2 2028  F_Mean 0.0484417
Model_Proj 2 2029 F0 0 
Model_Proj 2 2029 Fabc 0.224798
Model_Proj 2 2029 Fofl 0.270339
Model_Proj 2 2029  F_LCI 0.0321575
Model_Proj 2 2029  F_UCI 0.0568975
Model_Proj 2 2029  F_Median 0.0479737
Model_Proj 2 2029  F_Mean 0.0467708
Model_Proj 2 2030 F0 0 
Model_Proj 2 2030 Fabc 0.224798
Model_Proj 2 2030 Fofl 0.270339
Model_Proj 2 2030  F_LCI 0.0283258
Model_Proj 2 2030  F_UCI 0.0590878
Model_Proj 2 2030  F_Median 0.0452367
Model_Proj 2 2030  F_Mean 0.0447341
Model_Proj 2 2031 F0 0 
Model_Proj 2 2031 Fabc 0.224798
Model_Proj 2 2031 Fofl 0.270339
Model_Proj 2 2031  F_LCI 0.0255029
Model_Proj 2 2031  F_UCI 0.0606372
Model_Proj 2 2031  F_Median 0.0423303
Model_Proj 2 2031  F_Mean 0.0426505
Model_Proj 2 2032 F0 0 
Model_Proj 2 2032 Fabc 0.224798
Model_Proj 2 2032 Fofl 0.270339
Model_Proj 2 2032  F_LCI 0.023354
Model_Proj 2 2032  F_UCI 0.0619154
Model_Proj 2 2032  F_Median 0.0396215
Model_Proj 2 2032  F_Mean 0.0407652
Model_Proj 2 2033 F0 0 
Model_Proj 2 2033 Fabc 0.224798
Model_Proj 2 2033 Fofl 0.270339
Model_Proj 2 2033  F_LCI 0.0216972
Model_Proj 2 2033  F_UCI 0.0622575
Model_Proj 2 2033  F_Median 0.0370261
Model_Proj 2 2033  F_Mean 0.0391138
Model_Proj 2 2034 F0 0 
Model_Proj 2 2034 Fabc 0.224798
Model_Proj 2 2034 Fofl 0.270339
Model_Proj 2 2034  F_LCI 0.0207073
Model_Proj 2 2034  F_UCI 0.0614467
Model_Proj 2 2034  F_Median 0.0354071
Model_Proj 2 2034  F_Mean 0.037674
Model_Proj 2 2035 F0 0 
Model_Proj 2 2035 Fabc 0.224798
Model_Proj 2 2035 Fofl 0.270339
Model_Proj 2 2035  F_LCI 0.0197313
Model_Proj 2 2035  F_UCI 0.0598429
Model_Proj 2 2035  F_Median 0.0344688
Model_Proj 2 2035  F_Mean 0.0364748
Model_Proj 3 2022 Cabc 8424.03
Model_Proj 3 2022 Cofl 9122.43
Model_Proj 3 2022 CLCI 663.216
Model_Proj 3 2022 CUCI 663.216
Model_Proj 3 2022 CMedian 663.216
Model_Proj 3 2022 CMean 663.216
Model_Proj 3 2022 CStdn 6.59384e-12
Model_Proj 3 2023 Cabc 8424.03
Model_Proj 3 2023 Cofl 9122.43
Model_Proj 3 2023 CLCI 54.3692
Model_Proj 3 2023 CUCI 54.3692
Model_Proj 3 2023 CMedian 54.3692
Model_Proj 3 2023 CMean 54.3692
Model_Proj 3 2023 CStdn 1.25056e-12
Model_Proj 3 2024 Cabc 8424.03
Model_Proj 3 2024 Cofl 9122.43
Model_Proj 3 2024 CLCI 57.3624
Model_Proj 3 2024 CUCI 57.3689
Model_Proj 3 2024 CMedian 57.3634
Model_Proj 3 2024 CMean 57.3642
Model_Proj 3 2024 CStdn 0.00236959
Model_Proj 3 2025 Cabc 8424.03
Model_Proj 3 2025 Cofl 9122.43
Model_Proj 3 2025 CLCI 59.256
Model_Proj 3 2025 CUCI 59.3001
Model_Proj 3 2025 CMedian 59.2636
Model_Proj 3 2025 CMean 59.2691
Model_Proj 3 2025 CStdn 0.0163057
Model_Proj 3 2026 Cabc 8424.03
Model_Proj 3 2026 Cofl 9122.43
Model_Proj 3 2026 CLCI 60.0719
Model_Proj 3 2026 CUCI 61.5324
Model_Proj 3 2026 CMedian 60.309
Model_Proj 3 2026 CMean 60.4843
Model_Proj 3 2026 CStdn 0.531724
Model_Proj 3 2027 Cabc 8424.03
Model_Proj 3 2027 Cofl 9122.43
Model_Proj 3 2027 CLCI 59.7505
Model_Proj 3 2027 CUCI 67.9053
Model_Proj 3 2027 CMedian 61.2019
Model_Proj 3 2027 CMean 62.192
Model_Proj 3 2027 CStdn 2.97474
Model_Proj 3 2028 Cabc 8424.03
Model_Proj 3 2028 Cofl 9122.43
Model_Proj 3 2028 CLCI 58.6256
Model_Proj 3 2028 CUCI 79.75
Model_Proj 3 2028 CMedian 63.0266
Model_Proj 3 2028 CMean 65.2734
Model_Proj 3 2028 CStdn 7.403
Model_Proj 3 2029 Cabc 8424.03
Model_Proj 3 2029 Cofl 9122.43
Model_Proj 3 2029 CLCI 57.2761
Model_Proj 3 2029 CUCI 93.9007
Model_Proj 3 2029 CMedian 66.2207
Model_Proj 3 2029 CMean 69.6788
Model_Proj 3 2029 CStdn 12.5805
Model_Proj 3 2030 Cabc 8424.03
Model_Proj 3 2030 Cofl 9122.43
Model_Proj 3 2030 CLCI 56.4411
Model_Proj 3 2030 CUCI 106.86
Model_Proj 3 2030 CMedian 70.6427
Model_Proj 3 2030 CMean 74.8894
Model_Proj 3 2030 CStdn 17.4147
Model_Proj 3 2031 Cabc 8424.03
Model_Proj 3 2031 Cofl 9122.43
Model_Proj 3 2031 CLCI 56.1277
Model_Proj 3 2031 CUCI 118.486
Model_Proj 3 2031 CMedian 75.7213
Model_Proj 3 2031 CMean 80.3771
Model_Proj 3 2031 CStdn 21.4644
Model_Proj 3 2032 Cabc 8424.03
Model_Proj 3 2032 Cofl 9122.43
Model_Proj 3 2032 CLCI 55.7009
Model_Proj 3 2032 CUCI 129.157
Model_Proj 3 2032 CMedian 80.9709
Model_Proj 3 2032 CMean 85.6628
Model_Proj 3 2032 CStdn 24.7805
Model_Proj 3 2033 Cabc 8424.03
Model_Proj 3 2033 Cofl 9122.43
Model_Proj 3 2033 CLCI 55.8919
Model_Proj 3 2033 CUCI 139.167
Model_Proj 3 2033 CMedian 86.5425
Model_Proj 3 2033 CMean 90.4464
Model_Proj 3 2033 CStdn 27.3548
Model_Proj 3 2034 Cabc 8424.03
Model_Proj 3 2034 Cofl 9122.43
Model_Proj 3 2034 CLCI 57.0956
Model_Proj 3 2034 CUCI 146.548
Model_Proj 3 2034 CMedian 90.5019
Model_Proj 3 2034 CMean 94.5796
Model_Proj 3 2034 CStdn 29.1335
Model_Proj 3 2035 Cabc 8424.03
Model_Proj 3 2035 Cofl 9122.43
Model_Proj 3 2035 CLCI 58.757
Model_Proj 3 2035 CUCI 151.94
Model_Proj 3 2035 CMedian 93.1464
Model_Proj 3 2035 CMean 98.0165
Model_Proj 3 2035 CStdn 30.266
Model_Proj 3 2022 SSBF100 57311.6
Model_Proj 3 2022 SSBFabc 22924.7
Model_Proj 3 2022 SSBFofl 20059.1
Model_Proj 3 2022 SSBLCI 23229.4
Model_Proj 3 2022 SSBUCI 23229.4
Model_Proj 3 2022 SSBMedian 23229.4
Model_Proj 3 2022 SSBMean 23229.4
Model_Proj 3 2023 SSBF100 57311.6
Model_Proj 3 2023 SSBFabc 22924.7
Model_Proj 3 2023 SSBFofl 20059.1
Model_Proj 3 2023 SSBLCI 23832.6
Model_Proj 3 2023 SSBUCI 23832.6
Model_Proj 3 2023 SSBMedian 23832.6
Model_Proj 3 2023 SSBMean 23832.6
Model_Proj 3 2024 SSBF100 57311.6
Model_Proj 3 2024 SSBFabc 22924.7
Model_Proj 3 2024 SSBFofl 20059.1
Model_Proj 3 2024 SSBLCI 26182.5
Model_Proj 3 2024 SSBUCI 26182.5
Model_Proj 3 2024 SSBMedian 26182.5
Model_Proj 3 2024 SSBMean 26182.5
Model_Proj 3 2025 SSBF100 57311.6
Model_Proj 3 2025 SSBFabc 22924.7
Model_Proj 3 2025 SSBFofl 20059.1
Model_Proj 3 2025 SSBLCI 28959.3
Model_Proj 3 2025 SSBUCI 28959.3
Model_Proj 3 2025 SSBMedian 28959.3
Model_Proj 3 2025 SSBMean 28959.3
Model_Proj 3 2026 SSBF100 57311.6
Model_Proj 3 2026 SSBFabc 22924.7
Model_Proj 3 2026 SSBFofl 20059.1
Model_Proj 3 2026 SSBLCI 30011.8
Model_Proj 3 2026 SSBUCI 30011.8
Model_Proj 3 2026 SSBMedian 30011.8
Model_Proj 3 2026 SSBMean 30011.8
Model_Proj 3 2027 SSBF100 57311.6
Model_Proj 3 2027 SSBFabc 22924.7
Model_Proj 3 2027 SSBFofl 20059.1
Model_Proj 3 2027 SSBLCI 30175
Model_Proj 3 2027 SSBUCI 30175
Model_Proj 3 2027 SSBMedian 30175
Model_Proj 3 2027 SSBMean 30175
Model_Proj 3 2028 SSBF100 57311.6
Model_Proj 3 2028 SSBFabc 22924.7
Model_Proj 3 2028 SSBFofl 20059.1
Model_Proj 3 2028 SSBLCI 30117.4
Model_Proj 3 2028 SSBUCI 30434.6
Model_Proj 3 2028 SSBMedian 30167.8
Model_Proj 3 2028 SSBMean 30206.1
Model_Proj 3 2029 SSBF100 57311.6
Model_Proj 3 2029 SSBFabc 22924.7
Model_Proj 3 2029 SSBFofl 20059.1
Model_Proj 3 2029 SSBLCI 29615
Model_Proj 3 2029 SSBUCI 34173.4
Model_Proj 3 2029 SSBMedian 30368.1
Model_Proj 3 2029 SSBMean 30920.6
Model_Proj 3 2030 SSBF100 57311.6
Model_Proj 3 2030 SSBFabc 22924.7
Model_Proj 3 2030 SSBFofl 20059.1
Model_Proj 3 2030 SSBLCI 28406.6
Model_Proj 3 2030 SSBUCI 44240
Model_Proj 3 2030 SSBMedian 31504.1
Model_Proj 3 2030 SSBMean 33277.7
Model_Proj 3 2031 SSBF100 57311.6
Model_Proj 3 2031 SSBFabc 22924.7
Model_Proj 3 2031 SSBFofl 20059.1
Model_Proj 3 2031 SSBLCI 27530.8
Model_Proj 3 2031 SSBUCI 53206.2
Model_Proj 3 2031 SSBMedian 33846
Model_Proj 3 2031 SSBMean 36251.8
Model_Proj 3 2032 SSBF100 57311.6
Model_Proj 3 2032 SSBFabc 22924.7
Model_Proj 3 2032 SSBFofl 20059.1
Model_Proj 3 2032 SSBLCI 27259.3
Model_Proj 3 2032 SSBUCI 59092.4
Model_Proj 3 2032 SSBMedian 36748.4
Model_Proj 3 2032 SSBMean 39226.9
Model_Proj 3 2033 SSBF100 57311.6
Model_Proj 3 2033 SSBFabc 22924.7
Model_Proj 3 2033 SSBFofl 20059.1
Model_Proj 3 2033 SSBLCI 27216.8
Model_Proj 3 2033 SSBUCI 64921.5
Model_Proj 3 2033 SSBMedian 39312.7
Model_Proj 3 2033 SSBMean 42009.7
Model_Proj 3 2034 SSBF100 57311.6
Model_Proj 3 2034 SSBFabc 22924.7
Model_Proj 3 2034 SSBFofl 20059.1
Model_Proj 3 2034 SSBLCI 27049.1
Model_Proj 3 2034 SSBUCI 70744.4
Model_Proj 3 2034 SSBMedian 41821.9
Model_Proj 3 2034 SSBMean 44561.9
Model_Proj 3 2035 SSBF100 57311.6
Model_Proj 3 2035 SSBFabc 22924.7
Model_Proj 3 2035 SSBFofl 20059.1
Model_Proj 3 2035 SSBLCI 27415.9
Model_Proj 3 2035 SSBUCI 74857.1
Model_Proj 3 2035 SSBMedian 44360.6
Model_Proj 3 2035 SSBMean 46640.4
Model_Proj 3 2022 F0 0 
Model_Proj 3 2022 Fabc 0.224798
Model_Proj 3 2022 Fofl 0.270339
Model_Proj 3 2022  F_LCI 0.0186437
Model_Proj 3 2022  F_UCI 0.0186437
Model_Proj 3 2022  F_Median 0.0186437
Model_Proj 3 2022  F_Mean 0.0186437
Model_Proj 3 2023 F0 0 
Model_Proj 3 2023 Fabc 0.224798
Model_Proj 3 2023 Fofl 0.270339
Model_Proj 3 2023  F_LCI 0.001436
Model_Proj 3 2023  F_UCI 0.001436
Model_Proj 3 2023  F_Median 0.001436
Model_Proj 3 2023  F_Mean 0.001436
Model_Proj 3 2024 F0 0 
Model_Proj 3 2024 Fabc 0.224798
Model_Proj 3 2024 Fofl 0.270339
Model_Proj 3 2024  F_LCI 0.001436
Model_Proj 3 2024  F_UCI 0.001436
Model_Proj 3 2024  F_Median 0.001436
Model_Proj 3 2024  F_Mean 0.001436
Model_Proj 3 2025 F0 0 
Model_Proj 3 2025 Fabc 0.224798
Model_Proj 3 2025 Fofl 0.270339
Model_Proj 3 2025  F_LCI 0.001436
Model_Proj 3 2025  F_UCI 0.001436
Model_Proj 3 2025  F_Median 0.001436
Model_Proj 3 2025  F_Mean 0.001436
Model_Proj 3 2026 F0 0 
Model_Proj 3 2026 Fabc 0.224798
Model_Proj 3 2026 Fofl 0.270339
Model_Proj 3 2026  F_LCI 0.001436
Model_Proj 3 2026  F_UCI 0.001436
Model_Proj 3 2026  F_Median 0.001436
Model_Proj 3 2026  F_Mean 0.001436
Model_Proj 3 2027 F0 0 
Model_Proj 3 2027 Fabc 0.224798
Model_Proj 3 2027 Fofl 0.270339
Model_Proj 3 2027  F_LCI 0.001436
Model_Proj 3 2027  F_UCI 0.001436
Model_Proj 3 2027  F_Median 0.001436
Model_Proj 3 2027  F_Mean 0.001436
Model_Proj 3 2028 F0 0 
Model_Proj 3 2028 Fabc 0.224798
Model_Proj 3 2028 Fofl 0.270339
Model_Proj 3 2028  F_LCI 0.001436
Model_Proj 3 2028  F_UCI 0.001436
Model_Proj 3 2028  F_Median 0.001436
Model_Proj 3 2028  F_Mean 0.001436
Model_Proj 3 2029 F0 0 
Model_Proj 3 2029 Fabc 0.224798
Model_Proj 3 2029 Fofl 0.270339
Model_Proj 3 2029  F_LCI 0.001436
Model_Proj 3 2029  F_UCI 0.001436
Model_Proj 3 2029  F_Median 0.001436
Model_Proj 3 2029  F_Mean 0.001436
Model_Proj 3 2030 F0 0 
Model_Proj 3 2030 Fabc 0.224798
Model_Proj 3 2030 Fofl 0.270339
Model_Proj 3 2030  F_LCI 0.001436
Model_Proj 3 2030  F_UCI 0.001436
Model_Proj 3 2030  F_Median 0.001436
Model_Proj 3 2030  F_Mean 0.001436
Model_Proj 3 2031 F0 0 
Model_Proj 3 2031 Fabc 0.224798
Model_Proj 3 2031 Fofl 0.270339
Model_Proj 3 2031  F_LCI 0.001436
Model_Proj 3 2031  F_UCI 0.001436
Model_Proj 3 2031  F_Median 0.001436
Model_Proj 3 2031  F_Mean 0.001436
Model_Proj 3 2032 F0 0 
Model_Proj 3 2032 Fabc 0.224798
Model_Proj 3 2032 Fofl 0.270339
Model_Proj 3 2032  F_LCI 0.001436
Model_Proj 3 2032  F_UCI 0.001436
Model_Proj 3 2032  F_Median 0.001436
Model_Proj 3 2032  F_Mean 0.001436
Model_Proj 3 2033 F0 0 
Model_Proj 3 2033 Fabc 0.224798
Model_Proj 3 2033 Fofl 0.270339
Model_Proj 3 2033  F_LCI 0.001436
Model_Proj 3 2033  F_UCI 0.001436
Model_Proj 3 2033  F_Median 0.001436
Model_Proj 3 2033  F_Mean 0.001436
Model_Proj 3 2034 F0 0 
Model_Proj 3 2034 Fabc 0.224798
Model_Proj 3 2034 Fofl 0.270339
Model_Proj 3 2034  F_LCI 0.001436
Model_Proj 3 2034  F_UCI 0.001436
Model_Proj 3 2034  F_Median 0.001436
Model_Proj 3 2034  F_Mean 0.001436
Model_Proj 3 2035 F0 0 
Model_Proj 3 2035 Fabc 0.224798
Model_Proj 3 2035 Fofl 0.270339
Model_Proj 3 2035  F_LCI 0.001436
Model_Proj 3 2035  F_UCI 0.001436
Model_Proj 3 2035  F_Median 0.001436
Model_Proj 3 2035  F_Mean 0.001436
Model_Proj 4 2022 Cabc 8424.03
Model_Proj 4 2022 Cofl 9122.43
Model_Proj 4 2022 CLCI 663.216
Model_Proj 4 2022 CUCI 663.216
Model_Proj 4 2022 CMedian 663.216
Model_Proj 4 2022 CMean 663.216
Model_Proj 4 2022 CStdn 6.59384e-12
Model_Proj 4 2023 Cabc 8424.03
Model_Proj 4 2023 Cofl 9122.43
Model_Proj 4 2023 CLCI 2074.3
Model_Proj 4 2023 CUCI 2074.3
Model_Proj 4 2023 CMedian 2074.3
Model_Proj 4 2023 CMean 2074.3
Model_Proj 4 2023 CStdn 2.95586e-11
Model_Proj 4 2024 Cabc 8424.03
Model_Proj 4 2024 Cofl 9122.43
Model_Proj 4 2024 CLCI 2111.89
Model_Proj 4 2024 CUCI 2112.14
Model_Proj 4 2024 CMedian 2111.93
Model_Proj 4 2024 CMean 2111.96
Model_Proj 4 2024 CStdn 0.0921322
Model_Proj 4 2025 Cabc 8424.03
Model_Proj 4 2025 Cofl 9122.43
Model_Proj 4 2025 CLCI 2111.37
Model_Proj 4 2025 CUCI 2113.09
Model_Proj 4 2025 CMedian 2111.67
Model_Proj 4 2025 CMean 2111.88
Model_Proj 4 2025 CStdn 0.633889
Model_Proj 4 2026 Cabc 8424.03
Model_Proj 4 2026 Cofl 9122.43
Model_Proj 4 2026 CLCI 2077.03
Model_Proj 4 2026 CUCI 2133.74
Model_Proj 4 2026 CMedian 2086.24
Model_Proj 4 2026 CMean 2093.05
Model_Proj 4 2026 CStdn 20.6462
Model_Proj 4 2027 Cabc 8424.03
Model_Proj 4 2027 Cofl 9122.43
Model_Proj 4 2027 CLCI 2008.92
Model_Proj 4 2027 CUCI 2323.74
Model_Proj 4 2027 CMedian 2064.94
Model_Proj 4 2027 CMean 2103.21
Model_Proj 4 2027 CStdn 114.876
Model_Proj 4 2028 Cabc 8424.03
Model_Proj 4 2028 Cofl 9122.43
Model_Proj 4 2028 CLCI 1920.93
Model_Proj 4 2028 CUCI 2726.74
Model_Proj 4 2028 CMedian 2088.37
Model_Proj 4 2028 CMean 2175.2
Model_Proj 4 2028 CStdn 282.603
Model_Proj 4 2029 Cabc 8424.03
Model_Proj 4 2029 Cofl 9122.43
Model_Proj 4 2029 CLCI 1835.6
Model_Proj 4 2029 CUCI 3221.51
Model_Proj 4 2029 CMedian 2175.71
Model_Proj 4 2029 CMean 2303.15
Model_Proj 4 2029 CStdn 472.54
Model_Proj 4 2030 Cabc 8424.03
Model_Proj 4 2030 Cofl 9122.43
Model_Proj 4 2030 CLCI 1778.53
Model_Proj 4 2030 CUCI 3646.83
Model_Proj 4 2030 CMedian 2304.26
Model_Proj 4 2030 CMean 2463.11
Model_Proj 4 2030 CStdn 641.861
Model_Proj 4 2031 Cabc 8424.03
Model_Proj 4 2031 Cofl 9122.43
Model_Proj 4 2031 CLCI 1750.11
Model_Proj 4 2031 CUCI 4017.89
Model_Proj 4 2031 CMedian 2458.79
Model_Proj 4 2031 CMean 2632.5
Model_Proj 4 2031 CStdn 776.085
Model_Proj 4 2032 Cabc 8424.03
Model_Proj 4 2032 Cofl 9122.43
Model_Proj 4 2032 CLCI 1726.62
Model_Proj 4 2032 CUCI 4321.5
Model_Proj 4 2032 CMedian 2622.95
Model_Proj 4 2032 CMean 2792.41
Model_Proj 4 2032 CStdn 880.861
Model_Proj 4 2033 Cabc 8424.03
Model_Proj 4 2033 Cofl 9122.43
Model_Proj 4 2033 CLCI 1719.73
Model_Proj 4 2033 CUCI 4689.87
Model_Proj 4 2033 CMedian 2799.96
Model_Proj 4 2033 CMean 2932.06
Model_Proj 4 2033 CStdn 957.798
Model_Proj 4 2034 Cabc 8424.03
Model_Proj 4 2034 Cofl 9122.43
Model_Proj 4 2034 CLCI 1756.07
Model_Proj 4 2034 CUCI 4822.45
Model_Proj 4 2034 CMedian 2909.87
Model_Proj 4 2034 CMean 3047.08
Model_Proj 4 2034 CStdn 1005.69
Model_Proj 4 2035 Cabc 8424.03
Model_Proj 4 2035 Cofl 9122.43
Model_Proj 4 2035 CLCI 1803.26
Model_Proj 4 2035 CUCI 4989.86
Model_Proj 4 2035 CMedian 2980.36
Model_Proj 4 2035 CMean 3137.11
Model_Proj 4 2035 CStdn 1031.4
Model_Proj 4 2022 SSBF100 57311.6
Model_Proj 4 2022 SSBFabc 22924.7
Model_Proj 4 2022 SSBFofl 20059.1
Model_Proj 4 2022 SSBLCI 23229.4
Model_Proj 4 2022 SSBUCI 23229.4
Model_Proj 4 2022 SSBMedian 23229.4
Model_Proj 4 2022 SSBMean 23229.4
Model_Proj 4 2023 SSBF100 57311.6
Model_Proj 4 2023 SSBFabc 22924.7
Model_Proj 4 2023 SSBFofl 20059.1
Model_Proj 4 2023 SSBLCI 23656.7
Model_Proj 4 2023 SSBUCI 23656.7
Model_Proj 4 2023 SSBMedian 23656.7
Model_Proj 4 2023 SSBMean 23656.7
Model_Proj 4 2024 SSBF100 57311.6
Model_Proj 4 2024 SSBFabc 22924.7
Model_Proj 4 2024 SSBFofl 20059.1
Model_Proj 4 2024 SSBLCI 24980.6
Model_Proj 4 2024 SSBUCI 24980.6
Model_Proj 4 2024 SSBMedian 24980.6
Model_Proj 4 2024 SSBMean 24980.6
Model_Proj 4 2025 SSBF100 57311.6
Model_Proj 4 2025 SSBFabc 22924.7
Model_Proj 4 2025 SSBFofl 20059.1
Model_Proj 4 2025 SSBLCI 26706.6
Model_Proj 4 2025 SSBUCI 26706.6
Model_Proj 4 2025 SSBMedian 26706.6
Model_Proj 4 2025 SSBMean 26706.6
Model_Proj 4 2026 SSBF100 57311.6
Model_Proj 4 2026 SSBFabc 22924.7
Model_Proj 4 2026 SSBFofl 20059.1
Model_Proj 4 2026 SSBLCI 26783.8
Model_Proj 4 2026 SSBUCI 26783.8
Model_Proj 4 2026 SSBMedian 26783.8
Model_Proj 4 2026 SSBMean 26783.8
Model_Proj 4 2027 SSBF100 57311.6
Model_Proj 4 2027 SSBFabc 22924.7
Model_Proj 4 2027 SSBFofl 20059.1
Model_Proj 4 2027 SSBLCI 26115.4
Model_Proj 4 2027 SSBUCI 26115.4
Model_Proj 4 2027 SSBMedian 26115.4
Model_Proj 4 2027 SSBMean 26115.4
Model_Proj 4 2028 SSBF100 57311.6
Model_Proj 4 2028 SSBFabc 22924.7
Model_Proj 4 2028 SSBFofl 20059.1
Model_Proj 4 2028 SSBLCI 25368.4
Model_Proj 4 2028 SSBUCI 25681.5
Model_Proj 4 2028 SSBMedian 25418.1
Model_Proj 4 2028 SSBMean 25456
Model_Proj 4 2029 SSBF100 57311.6
Model_Proj 4 2029 SSBFabc 22924.7
Model_Proj 4 2029 SSBFofl 20059.1
Model_Proj 4 2029 SSBLCI 24318.8
Model_Proj 4 2029 SSBUCI 28743.9
Model_Proj 4 2029 SSBMedian 25050.6
Model_Proj 4 2029 SSBMean 25587
Model_Proj 4 2030 SSBF100 57311.6
Model_Proj 4 2030 SSBFabc 22924.7
Model_Proj 4 2030 SSBFofl 20059.1
Model_Proj 4 2030 SSBLCI 22732.1
Model_Proj 4 2030 SSBUCI 37739.6
Model_Proj 4 2030 SSBMedian 25695.3
Model_Proj 4 2030 SSBMean 27371.8
Model_Proj 4 2031 SSBF100 57311.6
Model_Proj 4 2031 SSBFabc 22924.7
Model_Proj 4 2031 SSBFofl 20059.1
Model_Proj 4 2031 SSBLCI 21609.4
Model_Proj 4 2031 SSBUCI 45391.2
Model_Proj 4 2031 SSBMedian 27529.1
Model_Proj 4 2031 SSBMean 29742.2
Model_Proj 4 2032 SSBF100 57311.6
Model_Proj 4 2032 SSBFabc 22924.7
Model_Proj 4 2032 SSBFofl 20059.1
Model_Proj 4 2032 SSBLCI 21158.1
Model_Proj 4 2032 SSBUCI 50225.8
Model_Proj 4 2032 SSBMedian 29833.9
Model_Proj 4 2032 SSBMean 32088.6
Model_Proj 4 2033 SSBF100 57311.6
Model_Proj 4 2033 SSBFabc 22924.7
Model_Proj 4 2033 SSBFofl 20059.1
Model_Proj 4 2033 SSBLCI 20882.9
Model_Proj 4 2033 SSBUCI 54820
Model_Proj 4 2033 SSBMedian 31796.7
Model_Proj 4 2033 SSBMean 34229.1
Model_Proj 4 2034 SSBF100 57311.6
Model_Proj 4 2034 SSBFabc 22924.7
Model_Proj 4 2034 SSBFofl 20059.1
Model_Proj 4 2034 SSBLCI 20576.2
Model_Proj 4 2034 SSBUCI 59430.7
Model_Proj 4 2034 SSBMedian 33746.4
Model_Proj 4 2034 SSBMean 36130.5
Model_Proj 4 2035 SSBF100 57311.6
Model_Proj 4 2035 SSBFabc 22924.7
Model_Proj 4 2035 SSBFofl 20059.1
Model_Proj 4 2035 SSBLCI 20661.4
Model_Proj 4 2035 SSBUCI 62630.8
Model_Proj 4 2035 SSBMedian 35734.7
Model_Proj 4 2035 SSBMean 37579.9
Model_Proj 4 2022 F0 0 
Model_Proj 4 2022 Fabc 0.224798
Model_Proj 4 2022 Fofl 0.270339
Model_Proj 4 2022  F_LCI 0.0186437
Model_Proj 4 2022  F_UCI 0.0186437
Model_Proj 4 2022  F_Median 0.0186437
Model_Proj 4 2022  F_Mean 0.0186437
Model_Proj 4 2023 F0 0 
Model_Proj 4 2023 Fabc 0.224798
Model_Proj 4 2023 Fofl 0.270339
Model_Proj 4 2023  F_LCI 0.0558349
Model_Proj 4 2023  F_UCI 0.0558349
Model_Proj 4 2023  F_Median 0.0558349
Model_Proj 4 2023  F_Mean 0.0558349
Model_Proj 4 2024 F0 0 
Model_Proj 4 2024 Fabc 0.224798
Model_Proj 4 2024 Fofl 0.270339
Model_Proj 4 2024  F_LCI 0.0558349
Model_Proj 4 2024  F_UCI 0.0558349
Model_Proj 4 2024  F_Median 0.0558349
Model_Proj 4 2024  F_Mean 0.0558349
Model_Proj 4 2025 F0 0 
Model_Proj 4 2025 Fabc 0.224798
Model_Proj 4 2025 Fofl 0.270339
Model_Proj 4 2025  F_LCI 0.0558349
Model_Proj 4 2025  F_UCI 0.0558349
Model_Proj 4 2025  F_Median 0.0558349
Model_Proj 4 2025  F_Mean 0.0558349
Model_Proj 4 2026 F0 0 
Model_Proj 4 2026 Fabc 0.224798
Model_Proj 4 2026 Fofl 0.270339
Model_Proj 4 2026  F_LCI 0.0558349
Model_Proj 4 2026  F_UCI 0.0558349
Model_Proj 4 2026  F_Median 0.0558349
Model_Proj 4 2026  F_Mean 0.0558349
Model_Proj 4 2027 F0 0 
Model_Proj 4 2027 Fabc 0.224798
Model_Proj 4 2027 Fofl 0.270339
Model_Proj 4 2027  F_LCI 0.0558349
Model_Proj 4 2027  F_UCI 0.0558349
Model_Proj 4 2027  F_Median 0.0558349
Model_Proj 4 2027  F_Mean 0.0558349
Model_Proj 4 2028 F0 0 
Model_Proj 4 2028 Fabc 0.224798
Model_Proj 4 2028 Fofl 0.270339
Model_Proj 4 2028  F_LCI 0.0558349
Model_Proj 4 2028  F_UCI 0.0558349
Model_Proj 4 2028  F_Median 0.0558349
Model_Proj 4 2028  F_Mean 0.0558349
Model_Proj 4 2029 F0 0 
Model_Proj 4 2029 Fabc 0.224798
Model_Proj 4 2029 Fofl 0.270339
Model_Proj 4 2029  F_LCI 0.0558349
Model_Proj 4 2029  F_UCI 0.0558349
Model_Proj 4 2029  F_Median 0.0558349
Model_Proj 4 2029  F_Mean 0.0558349
Model_Proj 4 2030 F0 0 
Model_Proj 4 2030 Fabc 0.224798
Model_Proj 4 2030 Fofl 0.270339
Model_Proj 4 2030  F_LCI 0.0558349
Model_Proj 4 2030  F_UCI 0.0558349
Model_Proj 4 2030  F_Median 0.0558349
Model_Proj 4 2030  F_Mean 0.0558349
Model_Proj 4 2031 F0 0 
Model_Proj 4 2031 Fabc 0.224798
Model_Proj 4 2031 Fofl 0.270339
Model_Proj 4 2031  F_LCI 0.0558349
Model_Proj 4 2031  F_UCI 0.0558349
Model_Proj 4 2031  F_Median 0.0558349
Model_Proj 4 2031  F_Mean 0.0558349
Model_Proj 4 2032 F0 0 
Model_Proj 4 2032 Fabc 0.224798
Model_Proj 4 2032 Fofl 0.270339
Model_Proj 4 2032  F_LCI 0.0558349
Model_Proj 4 2032  F_UCI 0.0558349
Model_Proj 4 2032  F_Median 0.0558349
Model_Proj 4 2032  F_Mean 0.0558349
Model_Proj 4 2033 F0 0 
Model_Proj 4 2033 Fabc 0.224798
Model_Proj 4 2033 Fofl 0.270339
Model_Proj 4 2033  F_LCI 0.0558349
Model_Proj 4 2033  F_UCI 0.0558349
Model_Proj 4 2033  F_Median 0.0558349
Model_Proj 4 2033  F_Mean 0.0558349
Model_Proj 4 2034 F0 0 
Model_Proj 4 2034 Fabc 0.224798
Model_Proj 4 2034 Fofl 0.270339
Model_Proj 4 2034  F_LCI 0.0558349
Model_Proj 4 2034  F_UCI 0.0558349
Model_Proj 4 2034  F_Median 0.0558349
Model_Proj 4 2034  F_Mean 0.0558349
Model_Proj 4 2035 F0 0 
Model_Proj 4 2035 Fabc 0.224798
Model_Proj 4 2035 Fofl 0.270339
Model_Proj 4 2035  F_LCI 0.0558349
Model_Proj 4 2035  F_UCI 0.0558349
Model_Proj 4 2035  F_Median 0.0558349
Model_Proj 4 2035  F_Mean 0.0558349
Model_Proj 5 2022 Cabc 8424.03
Model_Proj 5 2022 Cofl 9122.43
Model_Proj 5 2022 CLCI 663.216
Model_Proj 5 2022 CUCI 663.216
Model_Proj 5 2022 CMedian 663.216
Model_Proj 5 2022 CMean 663.216
Model_Proj 5 2022 CStdn 6.59384e-12
Model_Proj 5 2023 Cabc 8424.03
Model_Proj 5 2023 Cofl 9122.43
Model_Proj 5 2023 CLCI 0
Model_Proj 5 2023 CUCI 0
Model_Proj 5 2023 CMedian 0
Model_Proj 5 2023 CMean 0
Model_Proj 5 2023 CStdn 0
Model_Proj 5 2024 Cabc 8424.03
Model_Proj 5 2024 Cofl 9122.43
Model_Proj 5 2024 CLCI 0
Model_Proj 5 2024 CUCI 0
Model_Proj 5 2024 CMedian 0
Model_Proj 5 2024 CMean 0
Model_Proj 5 2024 CStdn 0
Model_Proj 5 2025 Cabc 8424.03
Model_Proj 5 2025 Cofl 9122.43
Model_Proj 5 2025 CLCI 0
Model_Proj 5 2025 CUCI 0
Model_Proj 5 2025 CMedian 0
Model_Proj 5 2025 CMean 0
Model_Proj 5 2025 CStdn 0
Model_Proj 5 2026 Cabc 8424.03
Model_Proj 5 2026 Cofl 9122.43
Model_Proj 5 2026 CLCI 0
Model_Proj 5 2026 CUCI 0
Model_Proj 5 2026 CMedian 0
Model_Proj 5 2026 CMean 0
Model_Proj 5 2026 CStdn 0
Model_Proj 5 2027 Cabc 8424.03
Model_Proj 5 2027 Cofl 9122.43
Model_Proj 5 2027 CLCI 0
Model_Proj 5 2027 CUCI 0
Model_Proj 5 2027 CMedian 0
Model_Proj 5 2027 CMean 0
Model_Proj 5 2027 CStdn 0
Model_Proj 5 2028 Cabc 8424.03
Model_Proj 5 2028 Cofl 9122.43
Model_Proj 5 2028 CLCI 0
Model_Proj 5 2028 CUCI 0
Model_Proj 5 2028 CMedian 0
Model_Proj 5 2028 CMean 0
Model_Proj 5 2028 CStdn 0
Model_Proj 5 2029 Cabc 8424.03
Model_Proj 5 2029 Cofl 9122.43
Model_Proj 5 2029 CLCI 0
Model_Proj 5 2029 CUCI 0
Model_Proj 5 2029 CMedian 0
Model_Proj 5 2029 CMean 0
Model_Proj 5 2029 CStdn 0
Model_Proj 5 2030 Cabc 8424.03
Model_Proj 5 2030 Cofl 9122.43
Model_Proj 5 2030 CLCI 0
Model_Proj 5 2030 CUCI 0
Model_Proj 5 2030 CMedian 0
Model_Proj 5 2030 CMean 0
Model_Proj 5 2030 CStdn 0
Model_Proj 5 2031 Cabc 8424.03
Model_Proj 5 2031 Cofl 9122.43
Model_Proj 5 2031 CLCI 0
Model_Proj 5 2031 CUCI 0
Model_Proj 5 2031 CMedian 0
Model_Proj 5 2031 CMean 0
Model_Proj 5 2031 CStdn 0
Model_Proj 5 2032 Cabc 8424.03
Model_Proj 5 2032 Cofl 9122.43
Model_Proj 5 2032 CLCI 0
Model_Proj 5 2032 CUCI 0
Model_Proj 5 2032 CMedian 0
Model_Proj 5 2032 CMean 0
Model_Proj 5 2032 CStdn 0
Model_Proj 5 2033 Cabc 8424.03
Model_Proj 5 2033 Cofl 9122.43
Model_Proj 5 2033 CLCI 0
Model_Proj 5 2033 CUCI 0
Model_Proj 5 2033 CMedian 0
Model_Proj 5 2033 CMean 0
Model_Proj 5 2033 CStdn 0
Model_Proj 5 2034 Cabc 8424.03
Model_Proj 5 2034 Cofl 9122.43
Model_Proj 5 2034 CLCI 0
Model_Proj 5 2034 CUCI 0
Model_Proj 5 2034 CMedian 0
Model_Proj 5 2034 CMean 0
Model_Proj 5 2034 CStdn 0
Model_Proj 5 2035 Cabc 8424.03
Model_Proj 5 2035 Cofl 9122.43
Model_Proj 5 2035 CLCI 0
Model_Proj 5 2035 CUCI 0
Model_Proj 5 2035 CMedian 0
Model_Proj 5 2035 CMean 0
Model_Proj 5 2035 CStdn 0
Model_Proj 5 2022 SSBF100 57311.6
Model_Proj 5 2022 SSBFabc 22924.7
Model_Proj 5 2022 SSBFofl 20059.1
Model_Proj 5 2022 SSBLCI 23229.4
Model_Proj 5 2022 SSBUCI 23229.4
Model_Proj 5 2022 SSBMedian 23229.4
Model_Proj 5 2022 SSBMean 23229.4
Model_Proj 5 2023 SSBF100 57311.6
Model_Proj 5 2023 SSBFabc 22924.7
Model_Proj 5 2023 SSBFofl 20059.1
Model_Proj 5 2023 SSBLCI 23837.2
Model_Proj 5 2023 SSBUCI 23837.2
Model_Proj 5 2023 SSBMedian 23837.2
Model_Proj 5 2023 SSBMean 23837.2
Model_Proj 5 2024 SSBF100 57311.6
Model_Proj 5 2024 SSBFabc 22924.7
Model_Proj 5 2024 SSBFofl 20059.1
Model_Proj 5 2024 SSBLCI 26215.1
Model_Proj 5 2024 SSBUCI 26215.1
Model_Proj 5 2024 SSBMedian 26215.1
Model_Proj 5 2024 SSBMean 26215.1
Model_Proj 5 2025 SSBF100 57311.6
Model_Proj 5 2025 SSBFabc 22924.7
Model_Proj 5 2025 SSBFofl 20059.1
Model_Proj 5 2025 SSBLCI 29021.6
Model_Proj 5 2025 SSBUCI 29021.6
Model_Proj 5 2025 SSBMedian 29021.6
Model_Proj 5 2025 SSBMean 29021.6
Model_Proj 5 2026 SSBF100 57311.6
Model_Proj 5 2026 SSBFabc 22924.7
Model_Proj 5 2026 SSBFofl 20059.1
Model_Proj 5 2026 SSBLCI 30102.6
Model_Proj 5 2026 SSBUCI 30102.6
Model_Proj 5 2026 SSBMedian 30102.6
Model_Proj 5 2026 SSBMean 30102.6
Model_Proj 5 2027 SSBF100 57311.6
Model_Proj 5 2027 SSBFabc 22924.7
Model_Proj 5 2027 SSBFofl 20059.1
Model_Proj 5 2027 SSBLCI 30291.4
Model_Proj 5 2027 SSBUCI 30291.4
Model_Proj 5 2027 SSBMedian 30291.4
Model_Proj 5 2027 SSBMean 30291.4
Model_Proj 5 2028 SSBF100 57311.6
Model_Proj 5 2028 SSBFabc 22924.7
Model_Proj 5 2028 SSBFofl 20059.1
Model_Proj 5 2028 SSBLCI 30256.1
Model_Proj 5 2028 SSBUCI 30573.4
Model_Proj 5 2028 SSBMedian 30306.5
Model_Proj 5 2028 SSBMean 30344.8
Model_Proj 5 2029 SSBF100 57311.6
Model_Proj 5 2029 SSBFabc 22924.7
Model_Proj 5 2029 SSBFofl 20059.1
Model_Proj 5 2029 SSBLCI 29772.3
Model_Proj 5 2029 SSBUCI 34334.3
Model_Proj 5 2029 SSBMedian 30526.1
Model_Proj 5 2029 SSBMean 31078.9
Model_Proj 5 2030 SSBF100 57311.6
Model_Proj 5 2030 SSBFabc 22924.7
Model_Proj 5 2030 SSBFofl 20059.1
Model_Proj 5 2030 SSBLCI 28578.2
Model_Proj 5 2030 SSBUCI 44431.6
Model_Proj 5 2030 SSBMedian 31678.5
Model_Proj 5 2030 SSBMean 33455.5
Model_Proj 5 2031 SSBF100 57311.6
Model_Proj 5 2031 SSBFabc 22924.7
Model_Proj 5 2031 SSBFofl 20059.1
Model_Proj 5 2031 SSBLCI 27712.7
Model_Proj 5 2031 SSBUCI 53447.5
Model_Proj 5 2031 SSBMedian 34038.6
Model_Proj 5 2031 SSBMean 36449.9
Model_Proj 5 2032 SSBF100 57311.6
Model_Proj 5 2032 SSBFabc 22924.7
Model_Proj 5 2032 SSBFofl 20059.1
Model_Proj 5 2032 SSBLCI 27450.6
Model_Proj 5 2032 SSBUCI 59329.9
Model_Proj 5 2032 SSBMedian 36960.3
Model_Proj 5 2032 SSBMean 39445.9
Model_Proj 5 2033 SSBF100 57311.6
Model_Proj 5 2033 SSBFabc 22924.7
Model_Proj 5 2033 SSBFofl 20059.1
Model_Proj 5 2033 SSBLCI 27419.2
Model_Proj 5 2033 SSBUCI 65249.6
Model_Proj 5 2033 SSBMedian 39536.5
Model_Proj 5 2033 SSBMean 42250.1
Model_Proj 5 2034 SSBF100 57311.6
Model_Proj 5 2034 SSBFabc 22924.7
Model_Proj 5 2034 SSBFofl 20059.1
Model_Proj 5 2034 SSBLCI 27255.7
Model_Proj 5 2034 SSBUCI 71074.2
Model_Proj 5 2034 SSBMedian 42076
Model_Proj 5 2034 SSBMean 44824
Model_Proj 5 2035 SSBF100 57311.6
Model_Proj 5 2035 SSBFabc 22924.7
Model_Proj 5 2035 SSBFofl 20059.1
Model_Proj 5 2035 SSBLCI 27619.6
Model_Proj 5 2035 SSBUCI 75218.5
Model_Proj 5 2035 SSBMedian 44634.3
Model_Proj 5 2035 SSBMean 46923.7
Model_Proj 5 2022 F0 0 
Model_Proj 5 2022 Fabc 0.224798
Model_Proj 5 2022 Fofl 0.270339
Model_Proj 5 2022  F_LCI 0.0186437
Model_Proj 5 2022  F_UCI 0.0186437
Model_Proj 5 2022  F_Median 0.0186437
Model_Proj 5 2022  F_Mean 0.0186437
Model_Proj 5 2023 F0 0 
Model_Proj 5 2023 Fabc 0.224798
Model_Proj 5 2023 Fofl 0.270339
Model_Proj 5 2023  F_LCI 0
Model_Proj 5 2023  F_UCI 0
Model_Proj 5 2023  F_Median 0
Model_Proj 5 2023  F_Mean 0
Model_Proj 5 2024 F0 0 
Model_Proj 5 2024 Fabc 0.224798
Model_Proj 5 2024 Fofl 0.270339
Model_Proj 5 2024  F_LCI 0
Model_Proj 5 2024  F_UCI 0
Model_Proj 5 2024  F_Median 0
Model_Proj 5 2024  F_Mean 0
Model_Proj 5 2025 F0 0 
Model_Proj 5 2025 Fabc 0.224798
Model_Proj 5 2025 Fofl 0.270339
Model_Proj 5 2025  F_LCI 0
Model_Proj 5 2025  F_UCI 0
Model_Proj 5 2025  F_Median 0
Model_Proj 5 2025  F_Mean 0
Model_Proj 5 2026 F0 0 
Model_Proj 5 2026 Fabc 0.224798
Model_Proj 5 2026 Fofl 0.270339
Model_Proj 5 2026  F_LCI 0
Model_Proj 5 2026  F_UCI 0
Model_Proj 5 2026  F_Median 0
Model_Proj 5 2026  F_Mean 0
Model_Proj 5 2027 F0 0 
Model_Proj 5 2027 Fabc 0.224798
Model_Proj 5 2027 Fofl 0.270339
Model_Proj 5 2027  F_LCI 0
Model_Proj 5 2027  F_UCI 0
Model_Proj 5 2027  F_Median 0
Model_Proj 5 2027  F_Mean 0
Model_Proj 5 2028 F0 0 
Model_Proj 5 2028 Fabc 0.224798
Model_Proj 5 2028 Fofl 0.270339
Model_Proj 5 2028  F_LCI 0
Model_Proj 5 2028  F_UCI 0
Model_Proj 5 2028  F_Median 0
Model_Proj 5 2028  F_Mean 0
Model_Proj 5 2029 F0 0 
Model_Proj 5 2029 Fabc 0.224798
Model_Proj 5 2029 Fofl 0.270339
Model_Proj 5 2029  F_LCI 0
Model_Proj 5 2029  F_UCI 0
Model_Proj 5 2029  F_Median 0
Model_Proj 5 2029  F_Mean 0
Model_Proj 5 2030 F0 0 
Model_Proj 5 2030 Fabc 0.224798
Model_Proj 5 2030 Fofl 0.270339
Model_Proj 5 2030  F_LCI 0
Model_Proj 5 2030  F_UCI 0
Model_Proj 5 2030  F_Median 0
Model_Proj 5 2030  F_Mean 0
Model_Proj 5 2031 F0 0 
Model_Proj 5 2031 Fabc 0.224798
Model_Proj 5 2031 Fofl 0.270339
Model_Proj 5 2031  F_LCI 0
Model_Proj 5 2031  F_UCI 0
Model_Proj 5 2031  F_Median 0
Model_Proj 5 2031  F_Mean 0
Model_Proj 5 2032 F0 0 
Model_Proj 5 2032 Fabc 0.224798
Model_Proj 5 2032 Fofl 0.270339
Model_Proj 5 2032  F_LCI 0
Model_Proj 5 2032  F_UCI 0
Model_Proj 5 2032  F_Median 0
Model_Proj 5 2032  F_Mean 0
Model_Proj 5 2033 F0 0 
Model_Proj 5 2033 Fabc 0.224798
Model_Proj 5 2033 Fofl 0.270339
Model_Proj 5 2033  F_LCI 0
Model_Proj 5 2033  F_UCI 0
Model_Proj 5 2033  F_Median 0
Model_Proj 5 2033  F_Mean 0
Model_Proj 5 2034 F0 0 
Model_Proj 5 2034 Fabc 0.224798
Model_Proj 5 2034 Fofl 0.270339
Model_Proj 5 2034  F_LCI 0
Model_Proj 5 2034  F_UCI 0
Model_Proj 5 2034  F_Median 0
Model_Proj 5 2034  F_Mean 0
Model_Proj 5 2035 F0 0 
Model_Proj 5 2035 Fabc 0.224798
Model_Proj 5 2035 Fofl 0.270339
Model_Proj 5 2035  F_LCI 0
Model_Proj 5 2035  F_UCI 0
Model_Proj 5 2035  F_Median 0
Model_Proj 5 2035  F_Mean 0
Model_Proj 6 2022 Cabc 8424.03
Model_Proj 6 2022 Cofl 9122.43
Model_Proj 6 2022 CLCI 663.216
Model_Proj 6 2022 CUCI 663.216
Model_Proj 6 2022 CMedian 663.216
Model_Proj 6 2022 CMean 663.216
Model_Proj 6 2022 CStdn 6.59384e-12
Model_Proj 6 2023 Cabc 8424.03
Model_Proj 6 2023 Cofl 9122.43
Model_Proj 6 2023 CLCI 9335.95
Model_Proj 6 2023 CUCI 9335.95
Model_Proj 6 2023 CMedian 9335.95
Model_Proj 6 2023 CMean 9335.95
Model_Proj 6 2023 CStdn 1.87356e-10
Model_Proj 6 2024 Cabc 8424.03
Model_Proj 6 2024 Cofl 9122.43
Model_Proj 6 2024 CLCI 7567.12
Model_Proj 6 2024 CUCI 7568.23
Model_Proj 6 2024 CMedian 7567.3
Model_Proj 6 2024 CMean 7567.43
Model_Proj 6 2024 CStdn 0.403758
Model_Proj 6 2025 Cabc 8424.03
Model_Proj 6 2025 Cofl 9122.43
Model_Proj 6 2025 CLCI 6532.84
Model_Proj 6 2025 CUCI 6540.02
Model_Proj 6 2025 CMedian 6534.08
Model_Proj 6 2025 CMean 6534.98
Model_Proj 6 2025 CStdn 2.65303
Model_Proj 6 2026 Cabc 8424.03
Model_Proj 6 2026 Cofl 9122.43
Model_Proj 6 2026 CLCI 5396.16
Model_Proj 6 2026 CUCI 5610.67
Model_Proj 6 2026 CMedian 5430.99
Model_Proj 6 2026 CMean 5456.74
Model_Proj 6 2026 CStdn 78.0971
Model_Proj 6 2027 Cabc 8424.03
Model_Proj 6 2027 Cofl 9122.43
Model_Proj 6 2027 CLCI 4476.81
Model_Proj 6 2027 CUCI 5537.86
Model_Proj 6 2027 CMedian 4665.95
Model_Proj 6 2027 CMean 4794.86
Model_Proj 6 2027 CStdn 387.506
Model_Proj 6 2028 Cabc 8424.03
Model_Proj 6 2028 Cofl 9122.43
Model_Proj 6 2028 CLCI 3848.06
Model_Proj 6 2028 CUCI 6419.08
Model_Proj 6 2028 CMedian 4376.01
Model_Proj 6 2028 CMean 4655.66
Model_Proj 6 2028 CStdn 912.96
Model_Proj 6 2029 Cabc 8424.03
Model_Proj 6 2029 Cofl 9122.43
Model_Proj 6 2029 CLCI 3394.15
Model_Proj 6 2029 CUCI 8860.63
Model_Proj 6 2029 CMedian 4537.43
Model_Proj 6 2029 CMean 5132.48
Model_Proj 6 2029 CStdn 1998.88
Model_Proj 6 2030 Cabc 8424.03
Model_Proj 6 2030 Cofl 9122.43
Model_Proj 6 2030 CLCI 3070.38
Model_Proj 6 2030 CUCI 12421.1
Model_Proj 6 2030 CMedian 5155.38
Model_Proj 6 2030 CMean 6117.32
Model_Proj 6 2030 CStdn 3127.6
Model_Proj 6 2031 Cabc 8424.03
Model_Proj 6 2031 Cofl 9122.43
Model_Proj 6 2031 CLCI 2936.62
Model_Proj 6 2031 CUCI 13419.4
Model_Proj 6 2031 CMedian 6094.01
Model_Proj 6 2031 CMean 6978.07
Model_Proj 6 2031 CStdn 3557.9
Model_Proj 6 2032 Cabc 8424.03
Model_Proj 6 2032 Cofl 9122.43
Model_Proj 6 2032 CLCI 2931.65
Model_Proj 6 2032 CUCI 14589.1
Model_Proj 6 2032 CMedian 6768.96
Model_Proj 6 2032 CMean 7632.84
Model_Proj 6 2032 CStdn 3790.48
Model_Proj 6 2033 Cabc 8424.03
Model_Proj 6 2033 Cofl 9122.43
Model_Proj 6 2033 CLCI 2877.38
Model_Proj 6 2033 CUCI 15379.7
Model_Proj 6 2033 CMedian 7488.16
Model_Proj 6 2033 CMean 8047.19
Model_Proj 6 2033 CStdn 3912.72
Model_Proj 6 2034 Cabc 8424.03
Model_Proj 6 2034 Cofl 9122.43
Model_Proj 6 2034 CLCI 3031.01
Model_Proj 6 2034 CUCI 15054.5
Model_Proj 6 2034 CMedian 7708.78
Model_Proj 6 2034 CMean 8246.99
Model_Proj 6 2034 CStdn 3948.99
Model_Proj 6 2035 Cabc 8424.03
Model_Proj 6 2035 Cofl 9122.43
Model_Proj 6 2035 CLCI 3163.12
Model_Proj 6 2035 CUCI 15345.2
Model_Proj 6 2035 CMedian 7684.28
Model_Proj 6 2035 CMean 8305.11
Model_Proj 6 2035 CStdn 3899.45
Model_Proj 6 2022 SSBF100 57311.6
Model_Proj 6 2022 SSBFabc 22924.7
Model_Proj 6 2022 SSBFofl 20059.1
Model_Proj 6 2022 SSBLCI 23229.4
Model_Proj 6 2022 SSBUCI 23229.4
Model_Proj 6 2022 SSBMedian 23229.4
Model_Proj 6 2022 SSBMean 23229.4
Model_Proj 6 2023 SSBF100 57311.6
Model_Proj 6 2023 SSBFabc 22924.7
Model_Proj 6 2023 SSBFofl 20059.1
Model_Proj 6 2023 SSBLCI 22976.2
Model_Proj 6 2023 SSBUCI 22976.2
Model_Proj 6 2023 SSBMedian 22976.2
Model_Proj 6 2023 SSBMean 22976.2
Model_Proj 6 2024 SSBF100 57311.6
Model_Proj 6 2024 SSBFabc 22924.7
Model_Proj 6 2024 SSBFofl 20059.1
Model_Proj 6 2024 SSBLCI 20860.6
Model_Proj 6 2024 SSBUCI 20860.6
Model_Proj 6 2024 SSBMedian 20860.6
Model_Proj 6 2024 SSBMean 20860.6
Model_Proj 6 2025 SSBF100 57311.6
Model_Proj 6 2025 SSBFabc 22924.7
Model_Proj 6 2025 SSBFofl 20059.1
Model_Proj 6 2025 SSBLCI 19983.4
Model_Proj 6 2025 SSBUCI 19983.4
Model_Proj 6 2025 SSBMedian 19983.4
Model_Proj 6 2025 SSBMean 19983.4
Model_Proj 6 2026 SSBF100 57311.6
Model_Proj 6 2026 SSBFabc 22924.7
Model_Proj 6 2026 SSBFofl 20059.1
Model_Proj 6 2026 SSBLCI 18229.8
Model_Proj 6 2026 SSBUCI 18229.8
Model_Proj 6 2026 SSBMedian 18229.8
Model_Proj 6 2026 SSBMean 18229.8
Model_Proj 6 2027 SSBF100 57311.6
Model_Proj 6 2027 SSBFabc 22924.7
Model_Proj 6 2027 SSBFofl 20059.1
Model_Proj 6 2027 SSBLCI 16596.3
Model_Proj 6 2027 SSBUCI 16596.3
Model_Proj 6 2027 SSBMedian 16596.3
Model_Proj 6 2027 SSBMean 16596.3
Model_Proj 6 2028 SSBF100 57311.6
Model_Proj 6 2028 SSBFabc 22924.7
Model_Proj 6 2028 SSBFofl 20059.1
Model_Proj 6 2028 SSBLCI 15493.3
Model_Proj 6 2028 SSBUCI 15788.8
Model_Proj 6 2028 SSBMedian 15540.2
Model_Proj 6 2028 SSBMean 15575.9
Model_Proj 6 2029 SSBF100 57311.6
Model_Proj 6 2029 SSBFabc 22924.7
Model_Proj 6 2029 SSBFofl 20059.1
Model_Proj 6 2029 SSBLCI 14484.4
Model_Proj 6 2029 SSBUCI 18460.9
Model_Proj 6 2029 SSBMedian 15145.5
Model_Proj 6 2029 SSBMean 15628.1
Model_Proj 6 2030 SSBF100 57311.6
Model_Proj 6 2030 SSBFabc 22924.7
Model_Proj 6 2030 SSBFofl 20059.1
Model_Proj 6 2030 SSBLCI 13295.3
Model_Proj 6 2030 SSBUCI 25395.2
Model_Proj 6 2030 SSBMedian 15842
Model_Proj 6 2030 SSBMean 17159.2
Model_Proj 6 2031 SSBF100 57311.6
Model_Proj 6 2031 SSBFabc 22924.7
Model_Proj 6 2031 SSBFofl 20059.1
Model_Proj 6 2031 SSBLCI 12734.7
Model_Proj 6 2031 SSBUCI 29891.8
Model_Proj 6 2031 SSBMedian 17330
Model_Proj 6 2031 SSBMean 18847.1
Model_Proj 6 2032 SSBF100 57311.6
Model_Proj 6 2032 SSBFabc 22924.7
Model_Proj 6 2032 SSBFofl 20059.1
Model_Proj 6 2032 SSBLCI 12738.2
Model_Proj 6 2032 SSBUCI 32391.7
Model_Proj 6 2032 SSBMedian 18611.5
Model_Proj 6 2032 SSBMean 20182.5
Model_Proj 6 2033 SSBF100 57311.6
Model_Proj 6 2033 SSBFabc 22924.7
Model_Proj 6 2033 SSBFofl 20059.1
Model_Proj 6 2033 SSBLCI 12714.6
Model_Proj 6 2033 SSBUCI 34878.4
Model_Proj 6 2033 SSBMedian 19508.7
Model_Proj 6 2033 SSBMean 21118.5
Model_Proj 6 2034 SSBF100 57311.6
Model_Proj 6 2034 SSBFabc 22924.7
Model_Proj 6 2034 SSBFofl 20059.1
Model_Proj 6 2034 SSBLCI 12702.3
Model_Proj 6 2034 SSBUCI 36508.1
Model_Proj 6 2034 SSBMedian 20053.7
Model_Proj 6 2034 SSBMean 21738.4
Model_Proj 6 2035 SSBF100 57311.6
Model_Proj 6 2035 SSBFabc 22924.7
Model_Proj 6 2035 SSBFofl 20059.1
Model_Proj 6 2035 SSBLCI 12866.6
Model_Proj 6 2035 SSBUCI 36450
Model_Proj 6 2035 SSBMedian 20179.6
Model_Proj 6 2035 SSBMean 21987
Model_Proj 6 2022 F0 0 
Model_Proj 6 2022 Fabc 0.224798
Model_Proj 6 2022 Fofl 0.270339
Model_Proj 6 2022  F_LCI 0.0186437
Model_Proj 6 2022  F_UCI 0.0186437
Model_Proj 6 2022  F_Median 0.0186437
Model_Proj 6 2022  F_Mean 0.0186437
Model_Proj 6 2023 F0 0 
Model_Proj 6 2023 Fabc 0.224798
Model_Proj 6 2023 Fofl 0.270339
Model_Proj 6 2023  F_LCI 0.270339
Model_Proj 6 2023  F_UCI 0.270339
Model_Proj 6 2023  F_Median 0.270339
Model_Proj 6 2023  F_Mean 0.270339
Model_Proj 6 2024 F0 0 
Model_Proj 6 2024 Fabc 0.224798
Model_Proj 6 2024 Fofl 0.270339
Model_Proj 6 2024  F_LCI 0.244718
Model_Proj 6 2024  F_UCI 0.244718
Model_Proj 6 2024  F_Median 0.244718
Model_Proj 6 2024  F_Mean 0.244718
Model_Proj 6 2025 F0 0 
Model_Proj 6 2025 Fabc 0.224798
Model_Proj 6 2025 Fofl 0.270339
Model_Proj 6 2025  F_LCI 0.233829
Model_Proj 6 2025  F_UCI 0.233829
Model_Proj 6 2025  F_Median 0.233829
Model_Proj 6 2025  F_Mean 0.233829
Model_Proj 6 2026 F0 0 
Model_Proj 6 2026 Fabc 0.224798
Model_Proj 6 2026 Fofl 0.270339
Model_Proj 6 2026  F_LCI 0.21206
Model_Proj 6 2026  F_UCI 0.21206
Model_Proj 6 2026  F_Median 0.21206
Model_Proj 6 2026  F_Mean 0.21206
Model_Proj 6 2027 F0 0 
Model_Proj 6 2027 Fabc 0.224798
Model_Proj 6 2027 Fofl 0.270339
Model_Proj 6 2027  F_LCI 0.191783
Model_Proj 6 2027  F_UCI 0.191783
Model_Proj 6 2027  F_Median 0.191783
Model_Proj 6 2027  F_Mean 0.191783
Model_Proj 6 2028 F0 0 
Model_Proj 6 2028 Fabc 0.224798
Model_Proj 6 2028 Fofl 0.270339
Model_Proj 6 2028  F_LCI 0.178092
Model_Proj 6 2028  F_UCI 0.18176
Model_Proj 6 2028  F_Median 0.178674
Model_Proj 6 2028  F_Mean 0.179117
Model_Proj 6 2029 F0 0 
Model_Proj 6 2029 Fabc 0.224798
Model_Proj 6 2029 Fofl 0.270339
Model_Proj 6 2029  F_LCI 0.165567
Model_Proj 6 2029  F_UCI 0.214929
Model_Proj 6 2029  F_Median 0.173775
Model_Proj 6 2029  F_Mean 0.179567
Model_Proj 6 2030 F0 0 
Model_Proj 6 2030 Fabc 0.224798
Model_Proj 6 2030 Fofl 0.270339
Model_Proj 6 2030  F_LCI 0.150807
Model_Proj 6 2030  F_UCI 0.270339
Model_Proj 6 2030  F_Median 0.18242
Model_Proj 6 2030  F_Mean 0.193253
Model_Proj 6 2031 F0 0 
Model_Proj 6 2031 Fabc 0.224798
Model_Proj 6 2031 Fofl 0.270339
Model_Proj 6 2031  F_LCI 0.143849
Model_Proj 6 2031  F_UCI 0.270339
Model_Proj 6 2031  F_Median 0.200891
Model_Proj 6 2031  F_Mean 0.206223
Model_Proj 6 2032 F0 0 
Model_Proj 6 2032 Fabc 0.224798
Model_Proj 6 2032 Fofl 0.270339
Model_Proj 6 2032  F_LCI 0.143893
Model_Proj 6 2032  F_UCI 0.270339
Model_Proj 6 2032  F_Median 0.216798
Model_Proj 6 2032  F_Mean 0.216325
Model_Proj 6 2033 F0 0 
Model_Proj 6 2033 Fabc 0.224798
Model_Proj 6 2033 Fofl 0.270339
Model_Proj 6 2033  F_LCI 0.1436
Model_Proj 6 2033  F_UCI 0.270339
Model_Proj 6 2033  F_Median 0.227936
Model_Proj 6 2033  F_Mean 0.22273
Model_Proj 6 2034 F0 0 
Model_Proj 6 2034 Fabc 0.224798
Model_Proj 6 2034 Fofl 0.270339
Model_Proj 6 2034  F_LCI 0.143447
Model_Proj 6 2034  F_UCI 0.270339
Model_Proj 6 2034  F_Median 0.234702
Model_Proj 6 2034  F_Mean 0.225727
Model_Proj 6 2035 F0 0 
Model_Proj 6 2035 Fabc 0.224798
Model_Proj 6 2035 Fofl 0.270339
Model_Proj 6 2035  F_LCI 0.145486
Model_Proj 6 2035  F_UCI 0.270339
Model_Proj 6 2035  F_Median 0.236265
Model_Proj 6 2035  F_Mean 0.226856
Model_Proj 7 2022 Cabc 8424.03
Model_Proj 7 2022 Cofl 9122.43
Model_Proj 7 2022 CLCI 663.216
Model_Proj 7 2022 CUCI 663.216
Model_Proj 7 2022 CMedian 663.216
Model_Proj 7 2022 CMean 663.216
Model_Proj 7 2022 CStdn 6.59384e-12
Model_Proj 7 2023 Cabc 8424.03
Model_Proj 7 2023 Cofl 9122.43
Model_Proj 7 2023 CLCI 7882.72
Model_Proj 7 2023 CUCI 7882.72
Model_Proj 7 2023 CMedian 7882.72
Model_Proj 7 2023 CMean 7882.72
Model_Proj 7 2023 CStdn 1.00044e-10
Model_Proj 7 2024 Cabc 8424.03
Model_Proj 7 2024 Cofl 9122.43
Model_Proj 7 2024 CLCI 6809.74
Model_Proj 7 2024 CUCI 6810.7
Model_Proj 7 2024 CMedian 6809.89
Model_Proj 7 2024 CMean 6810.01
Model_Proj 7 2024 CStdn 0.349182
Model_Proj 7 2025 Cabc 8424.03
Model_Proj 7 2025 Cofl 9122.43
Model_Proj 7 2025 CLCI 7173.37
Model_Proj 7 2025 CUCI 7180.94
Model_Proj 7 2025 CMedian 7174.68
Model_Proj 7 2025 CMean 7175.62
Model_Proj 7 2025 CStdn 2.79549
Model_Proj 7 2026 Cabc 8424.03
Model_Proj 7 2026 Cofl 9122.43
Model_Proj 7 2026 CLCI 5753.91
Model_Proj 7 2026 CUCI 5976.4
Model_Proj 7 2026 CMedian 5790.04
Model_Proj 7 2026 CMean 5816.74
Model_Proj 7 2026 CStdn 81.0025
Model_Proj 7 2027 Cabc 8424.03
Model_Proj 7 2027 Cofl 9122.43
Model_Proj 7 2027 CLCI 4671.87
Model_Proj 7 2027 CUCI 5758.92
Model_Proj 7 2027 CMedian 4865.68
Model_Proj 7 2027 CMean 4997.73
Model_Proj 7 2027 CStdn 397.013
Model_Proj 7 2028 Cabc 8424.03
Model_Proj 7 2028 Cofl 9122.43
Model_Proj 7 2028 CLCI 3952.45
Model_Proj 7 2028 CUCI 6563.49
Model_Proj 7 2028 CMedian 4487.77
Model_Proj 7 2028 CMean 4771.67
Model_Proj 7 2028 CStdn 925.624
Model_Proj 7 2029 Cabc 8424.03
Model_Proj 7 2029 Cofl 9122.43
Model_Proj 7 2029 CLCI 3448.38
Model_Proj 7 2029 CUCI 8940.44
Model_Proj 7 2029 CMedian 4601.43
Model_Proj 7 2029 CMean 5196.52
Model_Proj 7 2029 CStdn 2004.48
Model_Proj 7 2030 Cabc 8424.03
Model_Proj 7 2030 Cofl 9122.43
Model_Proj 7 2030 CLCI 3097.78
Model_Proj 7 2030 CUCI 12419.6
Model_Proj 7 2030 CMedian 5186.75
Model_Proj 7 2030 CMean 6145.79
Model_Proj 7 2030 CStdn 3122.37
Model_Proj 7 2031 Cabc 8424.03
Model_Proj 7 2031 Cofl 9122.43
Model_Proj 7 2031 CLCI 2948.2
Model_Proj 7 2031 CUCI 13416.2
Model_Proj 7 2031 CMedian 6104.62
Model_Proj 7 2031 CMean 6987.47
Model_Proj 7 2031 CStdn 3552.78
Model_Proj 7 2032 Cabc 8424.03
Model_Proj 7 2032 Cofl 9122.43
Model_Proj 7 2032 CLCI 2938.21
Model_Proj 7 2032 CUCI 14579.6
Model_Proj 7 2032 CMedian 6771.38
Model_Proj 7 2032 CMean 7633.29
Model_Proj 7 2032 CStdn 3786.99
Model_Proj 7 2033 Cabc 8424.03
Model_Proj 7 2033 Cofl 9122.43
Model_Proj 7 2033 CLCI 2880.46
Model_Proj 7 2033 CUCI 15372.2
Model_Proj 7 2033 CMedian 7482.17
Model_Proj 7 2033 CMean 8044.48
Model_Proj 7 2033 CStdn 3910.79
Model_Proj 7 2034 Cabc 8424.03
Model_Proj 7 2034 Cofl 9122.43
Model_Proj 7 2034 CLCI 3030.68
Model_Proj 7 2034 CUCI 15046.9
Model_Proj 7 2034 CMedian 7702.88
Model_Proj 7 2034 CMean 8243.71
Model_Proj 7 2034 CStdn 3948.1
Model_Proj 7 2035 Cabc 8424.03
Model_Proj 7 2035 Cofl 9122.43
Model_Proj 7 2035 CLCI 3163.18
Model_Proj 7 2035 CUCI 15341.5
Model_Proj 7 2035 CMedian 7682.3
Model_Proj 7 2035 CMean 8302.32
Model_Proj 7 2035 CStdn 3899.09
Model_Proj 7 2022 SSBF100 57311.6
Model_Proj 7 2022 SSBFabc 22924.7
Model_Proj 7 2022 SSBFofl 20059.1
Model_Proj 7 2022 SSBLCI 23229.4
Model_Proj 7 2022 SSBUCI 23229.4
Model_Proj 7 2022 SSBMedian 23229.4
Model_Proj 7 2022 SSBMean 23229.4
Model_Proj 7 2023 SSBF100 57311.6
Model_Proj 7 2023 SSBFabc 22924.7
Model_Proj 7 2023 SSBFofl 20059.1
Model_Proj 7 2023 SSBLCI 23118.9
Model_Proj 7 2023 SSBUCI 23118.9
Model_Proj 7 2023 SSBMedian 23118.9
Model_Proj 7 2023 SSBMean 23118.9
Model_Proj 7 2024 SSBF100 57311.6
Model_Proj 7 2024 SSBFabc 22924.7
Model_Proj 7 2024 SSBFofl 20059.1
Model_Proj 7 2024 SSBLCI 21649.5
Model_Proj 7 2024 SSBUCI 21649.5
Model_Proj 7 2024 SSBMedian 21649.5
Model_Proj 7 2024 SSBMean 21649.5
Model_Proj 7 2025 SSBF100 57311.6
Model_Proj 7 2025 SSBFabc 22924.7
Model_Proj 7 2025 SSBFofl 20059.1
Model_Proj 7 2025 SSBLCI 20994.5
Model_Proj 7 2025 SSBUCI 20994.5
Model_Proj 7 2025 SSBMedian 20994.5
Model_Proj 7 2025 SSBMean 20994.5
Model_Proj 7 2026 SSBF100 57311.6
Model_Proj 7 2026 SSBFabc 22924.7
Model_Proj 7 2026 SSBFofl 20059.1
Model_Proj 7 2026 SSBLCI 18868.5
Model_Proj 7 2026 SSBUCI 18868.5
Model_Proj 7 2026 SSBMedian 18868.5
Model_Proj 7 2026 SSBMean 18868.5
Model_Proj 7 2027 SSBF100 57311.6
Model_Proj 7 2027 SSBFabc 22924.7
Model_Proj 7 2027 SSBFofl 20059.1
Model_Proj 7 2027 SSBLCI 16986.9
Model_Proj 7 2027 SSBUCI 16986.9
Model_Proj 7 2027 SSBMedian 16986.9
Model_Proj 7 2027 SSBMean 16986.9
Model_Proj 7 2028 SSBF100 57311.6
Model_Proj 7 2028 SSBFabc 22924.7
Model_Proj 7 2028 SSBFofl 20059.1
Model_Proj 7 2028 SSBLCI 15723.3
Model_Proj 7 2028 SSBUCI 16018.4
Model_Proj 7 2028 SSBMedian 15770.2
Model_Proj 7 2028 SSBMean 15805.8
Model_Proj 7 2029 SSBF100 57311.6
Model_Proj 7 2029 SSBFabc 22924.7
Model_Proj 7 2029 SSBFofl 20059.1
Model_Proj 7 2029 SSBLCI 14613.8
Model_Proj 7 2029 SSBUCI 18581.1
Model_Proj 7 2029 SSBMedian 15273.5
Model_Proj 7 2029 SSBMean 15755
Model_Proj 7 2030 SSBF100 57311.6
Model_Proj 7 2030 SSBFabc 22924.7
Model_Proj 7 2030 SSBFofl 20059.1
Model_Proj 7 2030 SSBLCI 13365.3
Model_Proj 7 2030 SSBUCI 25430.8
Model_Proj 7 2030 SSBMedian 15905.2
Model_Proj 7 2030 SSBMean 17219.8
Model_Proj 7 2031 SSBF100 57311.6
Model_Proj 7 2031 SSBFabc 22924.7
Model_Proj 7 2031 SSBFofl 20059.1
Model_Proj 7 2031 SSBLCI 12771.1
Model_Proj 7 2031 SSBUCI 29897.7
Model_Proj 7 2031 SSBMedian 17358.5
Model_Proj 7 2031 SSBMean 18869.7
Model_Proj 7 2032 SSBF100 57311.6
Model_Proj 7 2032 SSBFabc 22924.7
Model_Proj 7 2032 SSBFofl 20059.1
Model_Proj 7 2032 SSBLCI 12756.3
Model_Proj 7 2032 SSBUCI 32387.6
Model_Proj 7 2032 SSBMedian 18625.9
Model_Proj 7 2032 SSBMean 20186.2
Model_Proj 7 2033 SSBF100 57311.6
Model_Proj 7 2033 SSBFabc 22924.7
Model_Proj 7 2033 SSBFofl 20059.1
Model_Proj 7 2033 SSBLCI 12720.2
Model_Proj 7 2033 SSBUCI 34873.7
Model_Proj 7 2033 SSBMedian 19502.1
Model_Proj 7 2033 SSBMean 21114.5
Model_Proj 7 2034 SSBF100 57311.6
Model_Proj 7 2034 SSBFabc 22924.7
Model_Proj 7 2034 SSBFofl 20059.1
Model_Proj 7 2034 SSBLCI 12700.6
Model_Proj 7 2034 SSBUCI 36498.4
Model_Proj 7 2034 SSBMedian 20047.8
Model_Proj 7 2034 SSBMean 21732.5
Model_Proj 7 2035 SSBF100 57311.6
Model_Proj 7 2035 SSBFabc 22924.7
Model_Proj 7 2035 SSBFofl 20059.1
Model_Proj 7 2035 SSBLCI 12865
Model_Proj 7 2035 SSBUCI 36440.5
Model_Proj 7 2035 SSBMedian 20175.5
Model_Proj 7 2035 SSBMean 21981.6
Model_Proj 7 2022 F0 0 
Model_Proj 7 2022 Fabc 0.224798
Model_Proj 7 2022 Fofl 0.270339
Model_Proj 7 2022  F_LCI 0.0186437
Model_Proj 7 2022  F_UCI 0.0186437
Model_Proj 7 2022  F_Median 0.0186437
Model_Proj 7 2022  F_Mean 0.0186437
Model_Proj 7 2023 F0 0 
Model_Proj 7 2023 Fabc 0.224798
Model_Proj 7 2023 Fofl 0.270339
Model_Proj 7 2023  F_LCI 0.224798
Model_Proj 7 2023  F_UCI 0.224798
Model_Proj 7 2023  F_Median 0.224798
Model_Proj 7 2023  F_Mean 0.224798
Model_Proj 7 2024 F0 0 
Model_Proj 7 2024 Fabc 0.224798
Model_Proj 7 2024 Fofl 0.270339
Model_Proj 7 2024  F_LCI 0.211635
Model_Proj 7 2024  F_UCI 0.211635
Model_Proj 7 2024  F_Median 0.211635
Model_Proj 7 2024  F_Mean 0.211635
Model_Proj 7 2025 F0 0 
Model_Proj 7 2025 Fabc 0.224798
Model_Proj 7 2025 Fofl 0.270339
Model_Proj 7 2025  F_LCI 0.246381
Model_Proj 7 2025  F_UCI 0.246381
Model_Proj 7 2025  F_Median 0.246381
Model_Proj 7 2025  F_Mean 0.246381
Model_Proj 7 2026 F0 0 
Model_Proj 7 2026 Fabc 0.224798
Model_Proj 7 2026 Fofl 0.270339
Model_Proj 7 2026  F_LCI 0.219989
Model_Proj 7 2026  F_UCI 0.219989
Model_Proj 7 2026  F_Median 0.219989
Model_Proj 7 2026  F_Mean 0.219989
Model_Proj 7 2027 F0 0 
Model_Proj 7 2027 Fabc 0.224798
Model_Proj 7 2027 Fofl 0.270339
Model_Proj 7 2027  F_LCI 0.196633
Model_Proj 7 2027  F_UCI 0.196633
Model_Proj 7 2027  F_Median 0.196633
Model_Proj 7 2027  F_Mean 0.196633
Model_Proj 7 2028 F0 0 
Model_Proj 7 2028 Fabc 0.224798
Model_Proj 7 2028 Fofl 0.270339
Model_Proj 7 2028  F_LCI 0.180947
Model_Proj 7 2028  F_UCI 0.18461
Model_Proj 7 2028  F_Median 0.181528
Model_Proj 7 2028  F_Mean 0.181971
Model_Proj 7 2029 F0 0 
Model_Proj 7 2029 Fabc 0.224798
Model_Proj 7 2029 Fofl 0.270339
Model_Proj 7 2029  F_LCI 0.167174
Model_Proj 7 2029  F_UCI 0.216421
Model_Proj 7 2029  F_Median 0.175363
Model_Proj 7 2029  F_Mean 0.181136
Model_Proj 7 2030 F0 0 
Model_Proj 7 2030 Fabc 0.224798
Model_Proj 7 2030 Fofl 0.270339
Model_Proj 7 2030  F_LCI 0.151676
Model_Proj 7 2030  F_UCI 0.270339
Model_Proj 7 2030  F_Median 0.183205
Model_Proj 7 2030  F_Mean 0.193969
Model_Proj 7 2031 F0 0 
Model_Proj 7 2031 Fabc 0.224798
Model_Proj 7 2031 Fofl 0.270339
Model_Proj 7 2031  F_LCI 0.144301
Model_Proj 7 2031  F_UCI 0.270339
Model_Proj 7 2031  F_Median 0.201245
Model_Proj 7 2031  F_Mean 0.206497
Model_Proj 7 2032 F0 0 
Model_Proj 7 2032 Fabc 0.224798
Model_Proj 7 2032 Fofl 0.270339
Model_Proj 7 2032  F_LCI 0.144117
Model_Proj 7 2032  F_UCI 0.270339
Model_Proj 7 2032  F_Median 0.216978
Model_Proj 7 2032  F_Mean 0.216397
Model_Proj 7 2033 F0 0 
Model_Proj 7 2033 Fabc 0.224798
Model_Proj 7 2033 Fofl 0.270339
Model_Proj 7 2033  F_LCI 0.143669
Model_Proj 7 2033  F_UCI 0.270339
Model_Proj 7 2033  F_Median 0.227855
Model_Proj 7 2033  F_Mean 0.222724
Model_Proj 7 2034 F0 0 
Model_Proj 7 2034 Fabc 0.224798
Model_Proj 7 2034 Fofl 0.270339
Model_Proj 7 2034  F_LCI 0.143426
Model_Proj 7 2034  F_UCI 0.270339
Model_Proj 7 2034  F_Median 0.234628
Model_Proj 7 2034  F_Mean 0.225695
Model_Proj 7 2035 F0 0 
Model_Proj 7 2035 Fabc 0.224798
Model_Proj 7 2035 Fofl 0.270339
Model_Proj 7 2035  F_LCI 0.145466
Model_Proj 7 2035  F_UCI 0.270339
Model_Proj 7 2035  F_Median 0.236214
Model_Proj 7 2035  F_Mean 0.226822
