
SB0 SB40 SB35 MeanRec HarMeanRec Bnow
57311.6 22924.7 20059.1 82816.7 70358.3 24079 
CV Recruit
1.16368 
Alternative 1 Alternative  Stock: Model_Proj
Catch Model_Proj
Year C0 Cabc Cofl LowCI_Catch Median_Catch Mean_Catch UpperCI_Catch Stdev_Catch 
2022  0 8424.03 9122.43 663.216 663.216 663.216 663.216 6.59384e-12 
2023  0 8424.03 9122.43 7882.72 7882.72 7882.72 7882.72 1.00044e-10 
2024  0 8424.03 9122.43 6809.74 6809.89 6810.01 6810.7 0.349182 
2025  0 8424.03 9122.43 6080.18 6081.27 6082.06 6086.5 2.33756 
2026  0 8424.03 9122.43 5137.72 5168.85 5191.86 5329.44 69.7972 
2027  0 8424.03 9122.43 4315.99 4486.66 4603.11 5273.97 349.819 
2028  0 8424.03 9122.43 3725.67 4205.64 4458.24 6052.28 827.731 
2029  0 8424.03 9122.43 3284.95 4322.45 4855.28 8220.83 1772.78 
2030  0 8424.03 9122.43 2961.65 4867.06 5667.47 10912.3 2686.27 
2031  0 8424.03 9122.43 2815.13 5674.75 6404.52 11865 3077.64 
2032  0 8424.03 9122.43 2776.93 6368.99 6990.43 12992.7 3289.73 
2033  0 8424.03 9122.43 2718.94 7082.46 7376.93 13616.7 3407.45 
2034  0 8424.03 9122.43 2864.1 7367.5 7605.15 13458.5 3452.44 
2035  0 8424.03 9122.43 2984.45 7386.74 7707.86 13841.8 3420.16 

Spawning_Biomass Model_Proj
Year SSB100 SSBabc SSBofl LowCI_SSB Median_SSB Mean_SSB UpperCI_SSB Stdev_SSB 
2022 57311.6 22924.7 20059.1 23229.4 23229.4 23229.4 23229.4 5.09317e-11 
2023 57311.6 22924.7 20059.1 23118.9 23118.9 23118.9 23118.9 2.80124e-10 
2024 57311.6 22924.7 20059.1 21649.5 21649.5 21649.5 21649.5 1.89175e-10 
2025 57311.6 22924.7 20059.1 21103.9 21103.9 21103.9 21103.9 7.63976e-11 
2026 57311.6 22924.7 20059.1 19496.3 19496.3 19496.3 19496.3 3.4197e-10 
2027 57311.6 22924.7 20059.1 17876.1 17876.1 17876.1 17876.1 1.70985e-10 
2028 57311.6 22924.7 20059.1 16724.8 16772 16808 17022.4 108.363 
2029 57311.6 22924.7 20059.1 15643.9 16313.7 16803.1 19675.3 1481.32 
2030 57311.6 22924.7 20059.1 14362.7 16969 18328.1 26856.8 4519.25 
2031 57311.6 22924.7 20059.1 13722.5 18442.4 20101.6 32052.7 6573.92 
2032 57311.6 22924.7 20059.1 13645.8 19902.4 21586.3 34858.4 7468.47 
2033 57311.6 22924.7 20059.1 13615.8 20843 22701 37807.4 7933.87 
2034 57311.6 22924.7 20059.1 13583.9 21601.7 23505.8 39401 8479 
2035 57311.6 22924.7 20059.1 13721.3 21951.2 23909.2 40370.7 8706.45 

Fishing_mortalityModel_Proj
Year F0 Fabc Fofl LowCI_F Median_F Mean_F UpperCI_F Stdev_F 
2022  0 0.224798 0.270339 0.0186437 0.0186437 0.0186437 0.0186437 1.38778e-16 
2023  0 0.224798 0.270339 0.224798 0.224798 0.224798 0.224798 3.94129e-15 
2024  0 0.224798 0.270339 0.211635 0.211635 0.211635 0.211635 3.21965e-15 
2025  0 0.224798 0.270339 0.206004 0.206004 0.206004 0.206004 1.91513e-15 
2026  0 0.224798 0.270339 0.18941 0.18941 0.18941 0.18941 2.16493e-15 
2027  0 0.224798 0.270339 0.172685 0.172685 0.172685 0.172685 3.80251e-15 
2028  0 0.224798 0.270339 0.160802 0.161289 0.161661 0.163874 0.00111853 
2029  0 0.224798 0.270339 0.149645 0.156559 0.161377 0.191257 0.0138273 
2030  0 0.224798 0.270339 0.13642 0.163323 0.171201 0.224798 0.0288243 
2031  0 0.224798 0.270339 0.129812 0.178531 0.180671 0.224798 0.0338024 
2032  0 0.224798 0.270339 0.12902 0.193601 0.188365 0.224798 0.0345807 
2033  0 0.224798 0.270339 0.128711 0.20331 0.193061 0.224798 0.0341198 
2034  0 0.224798 0.270339 0.128381 0.211142 0.195816 0.224798 0.0342329 
2035  0 0.224798 0.270339 0.129799 0.214749 0.197218 0.224798 0.0332864 

Total_BiomassModel_Proj
Year B100 Babc Bofl LowCI_Biom Median_Biom Mean_Biom UpperCI_Biom Stdev_Biom 
2022 124508 75790.4 71226.2 61826.4 61826.4 61826.4 61826.4 8.07631e-10 
2023 124508 75790.4 71226.2 63018.1 63410.1 63708.9 65489.2 899.758 
2024 124508 75790.4 71226.2 56892.8 57901.3 58409.8 61526.5 1642.11 
2025 124508 75790.4 71226.2 51994.4 53997.2 54747.7 60262.1 2738.3 
2026 124508 75790.4 71226.2 47389.1 51921.9 53935.1 67267.3 6838.75 
2027 124508 75790.4 71226.2 43728.7 52668.5 55901.3 79400.3 12118.8 
2028 124508 75790.4 71226.2 41481.9 55497 59582.8 90456.4 16768.7 
2029 124508 75790.4 71226.2 40639.2 59888.5 63989 99852.3 20375.9 
2030 124508 75790.4 71226.2 40266.7 63568.5 68199.3 107951 22843.3 
2031 124508 75790.4 71226.2 40121.2 67524.8 71354.1 116909 24417.6 
2032 124508 75790.4 71226.2 40867.5 69808.8 73572 118812 25220.3 
2033 124508 75790.4 71226.2 42103.9 70544.6 74883.4 120937 25399 
2034 124508 75790.4 71226.2 43712.1 70336.9 75532.5 123064 25346.1 
2035 124508 75790.4 71226.2 44072.7 70698.1 75862.2 124902 25367.3 
Alternative 2 Alternative  Stock: Model_Proj
Catch Model_Proj
Year C0 Cabc Cofl LowCI_Catch Median_Catch Mean_Catch UpperCI_Catch Stdev_Catch 
2022  0 8424.03 9122.43 663.216 663.216 663.216 663.216 6.59384e-12 
2023  0 8424.03 9122.43 663.216 663.216 663.216 663.216 6.59384e-12 
2024  0 8424.03 9122.43 663.216 663.216 663.216 663.216 8.46981e-07 
2025  0 8424.03 9122.43 1943.25 1943.25 1943.25 1943.25 5.35212e-06 
2026  0 8424.03 9122.43 1943.25 1943.25 1943.25 1943.25 0.000132091 
2027  0 8424.03 9122.43 1943.25 1943.25 1943.25 1943.25 0.00036193 
2028  0 8424.03 9122.43 1943.25 1943.25 1943.25 1943.25 0.000473131 
2029  0 8424.03 9122.43 1943.25 1943.25 1943.25 1943.25 0.000499378 
2030  0 8424.03 9122.43 1943.25 1943.25 1943.25 1943.25 0.000502886 
2031  0 8424.03 9122.43 1943.25 1943.25 1943.25 1943.25 0.000500194 
2032  0 8424.03 9122.43 1943.25 1943.25 1943.25 1943.25 0.00053313 
2033  0 8424.03 9122.43 1943.25 1943.25 1943.25 1943.25 0.00057241 
2034  0 8424.03 9122.43 1943.25 1943.25 1943.25 1943.25 0.00059354 
2035  0 8424.03 9122.43 1943.25 1943.25 1943.25 1943.25 0.000614175 

Spawning_Biomass Model_Proj
Year SSB100 SSBabc SSBofl LowCI_SSB Median_SSB Mean_SSB UpperCI_SSB Stdev_SSB 
2022 57311.6 22924.7 20059.1 23229.4 23229.4 23229.4 23229.4 5.09317e-11 
2023 57311.6 22924.7 20059.1 23780.1 23780.1 23780.1 23780.1 5.56611e-10 
2024 57311.6 22924.7 20059.1 25821.2 25821.2 25821.2 25821.2 0.00243437 
2025 57311.6 22924.7 20059.1 28167.6 28167.6 28167.7 28167.8 0.0667708 
2026 57311.6 22924.7 20059.1 28240.3 28241.2 28241.9 28245.9 2.03344 
2027 57311.6 22924.7 20059.1 27497.4 27506.9 27513 27549.6 18.3245 
2028 57311.6 22924.7 20059.1 26619.2 26713.3 26775.6 27146.8 186.057 
2029 57311.6 22924.7 20059.1 25389.3 26253.1 26851.5 30356.4 1802.41 
2030 57311.6 22924.7 20059.1 23630.4 26862.7 28653.1 39801.6 5764.25 
2031 57311.6 22924.7 20059.1 22286.7 28736.7 31137 48114.3 9120.25 
2032 57311.6 22924.7 20059.1 21555.1 31180.6 33686.1 53836 11292.9 
2033 57311.6 22924.7 20059.1 21129.1 33429.5 36103.3 59014.9 12864.3 
2034 57311.6 22924.7 20059.1 20711.4 35661.9 38340.8 64592.3 14287.3 
2035 57311.6 22924.7 20059.1 20809 37937 40157.9 68372.3 15293.5 

Fishing_mortalityModel_Proj
Year F0 Fabc Fofl LowCI_F Median_F Mean_F UpperCI_F Stdev_F 
2022  0 0.224798 0.270339 0.0186437 0.0186437 0.0186437 0.0186437 1.38778e-16 
2023  0 0.224798 0.270339 0.0176162 0.0176162 0.0176162 0.0176162 1.14492e-16 
2024  0 0.224798 0.270339 0.0168692 0.0168708 0.0168706 0.0168711 7.12266e-07 
2025  0 0.224798 0.270339 0.04882 0.0488525 0.0488477 0.0488592 1.41993e-05 
2026  0 0.224798 0.270339 0.0484295 0.0495078 0.0493562 0.04972 0.000458429 
2027  0 0.224798 0.270339 0.0446419 0.0501451 0.0493799 0.0515071 0.00231383 
2028  0 0.224798 0.270339 0.0381456 0.0497477 0.0484417 0.0540361 0.00501788 
2029  0 0.224798 0.270339 0.0321575 0.0479737 0.0467708 0.0568975 0.00750264 
2030  0 0.224798 0.270339 0.0283258 0.0452367 0.0447341 0.0590878 0.00943081 
2031  0 0.224798 0.270339 0.0255029 0.0423303 0.0426505 0.0606372 0.0108549 
2032  0 0.224798 0.270339 0.023354 0.0396215 0.0407652 0.0619154 0.011872 
2033  0 0.224798 0.270339 0.0216972 0.0370261 0.0391138 0.0622575 0.0124363 
2034  0 0.224798 0.270339 0.0207073 0.0354071 0.037674 0.0614467 0.0125757 
2035  0 0.224798 0.270339 0.0197313 0.0344688 0.0364748 0.0598429 0.0124914 

Total_BiomassModel_Proj
Year B100 Babc Bofl LowCI_Biom Median_Biom Mean_Biom UpperCI_Biom Stdev_Biom 
2022 124508 75790.4 71226.2 61826.4 61826.4 61826.4 61826.4 8.07631e-10 
2023 124508 75790.4 71226.2 63018.1 63410.1 63708.9 65489.2 899.758 
2024 124508 75790.4 71226.2 63444.8 64453.3 64961.7 68078.5 1642.11 
2025 124508 75790.4 71226.2 63353.1 65356.1 66106.7 71621.2 2738.55 
2026 124508 75790.4 71226.2 61086.5 65622.4 67635.5 80976.3 6842.44 
2027 124508 75790.4 71226.2 58550.7 67489.4 70760.7 94381.5 12188 
2028 124508 75790.4 71226.2 56444.1 70648.8 74858.3 106786 17115.7 
2029 124508 75790.4 71226.2 55300.2 75230 79463.3 116843 21319 
2030 124508 75790.4 71226.2 54100 79505.8 84202.8 127909 24846.2 
2031 124508 75790.4 71226.2 53677.5 84500.3 88576 138621 27784.9 
2032 124508 75790.4 71226.2 54342.1 88711 92556.9 146880 29884 
2033 124508 75790.4 71226.2 55457.1 91355.9 95957.7 152263 31243.5 
2034 124508 75790.4 71226.2 57275.7 94149.1 98778.7 156026 32225 
2035 124508 75790.4 71226.2 58935.4 96105.2 101184 161696 33004.9 
Alternative 3 Alternative  Stock: Model_Proj
Catch Model_Proj
Year C0 Cabc Cofl LowCI_Catch Median_Catch Mean_Catch UpperCI_Catch Stdev_Catch 
2022  0 8424.03 9122.43 663.216 663.216 663.216 663.216 6.59384e-12 
2023  0 8424.03 9122.43 54.3692 54.3692 54.3692 54.3692 1.25056e-12 
2024  0 8424.03 9122.43 57.3624 57.3634 57.3642 57.3689 0.00236959 
2025  0 8424.03 9122.43 59.256 59.2636 59.2691 59.3001 0.0163057 
2026  0 8424.03 9122.43 60.0719 60.309 60.4843 61.5324 0.531724 
2027  0 8424.03 9122.43 59.7505 61.2019 62.192 67.9053 2.97474 
2028  0 8424.03 9122.43 58.6256 63.0266 65.2734 79.75 7.403 
2029  0 8424.03 9122.43 57.2761 66.2207 69.6788 93.9007 12.5805 
2030  0 8424.03 9122.43 56.4411 70.6427 74.8894 106.86 17.4147 
2031  0 8424.03 9122.43 56.1277 75.7213 80.3771 118.486 21.4644 
2032  0 8424.03 9122.43 55.7009 80.9709 85.6628 129.157 24.7805 
2033  0 8424.03 9122.43 55.8919 86.5425 90.4464 139.167 27.3548 
2034  0 8424.03 9122.43 57.0956 90.5019 94.5796 146.548 29.1335 
2035  0 8424.03 9122.43 58.757 93.1464 98.0165 151.94 30.266 

Spawning_Biomass Model_Proj
Year SSB100 SSBabc SSBofl LowCI_SSB Median_SSB Mean_SSB UpperCI_SSB Stdev_SSB 
2022 57311.6 22924.7 20059.1 23229.4 23229.4 23229.4 23229.4 5.09317e-11 
2023 57311.6 22924.7 20059.1 23832.6 23832.6 23832.6 23832.6 5.60249e-10 
2024 57311.6 22924.7 20059.1 26182.5 26182.5 26182.5 26182.5 4.11092e-10 
2025 57311.6 22924.7 20059.1 28959.3 28959.3 28959.3 28959.3 5.45697e-10 
2026 57311.6 22924.7 20059.1 30011.8 30011.8 30011.8 30011.8 2.43745e-10 
2027 57311.6 22924.7 20059.1 30175 30175 30175 30175 8.07631e-10 
2028 57311.6 22924.7 20059.1 30117.4 30167.8 30206.1 30434.6 115.488 
2029 57311.6 22924.7 20059.1 29615 30368.1 30920.6 34173.4 1673.22 
2030 57311.6 22924.7 20059.1 28406.6 31504.1 33277.7 44240 5650.34 
2031 57311.6 22924.7 20059.1 27530.8 33846 36251.8 53206.2 9037.79 
2032 57311.6 22924.7 20059.1 27259.3 36748.4 39226.9 59092.4 11234 
2033 57311.6 22924.7 20059.1 27216.8 39312.7 42009.7 64921.5 12819.1 
2034 57311.6 22924.7 20059.1 27049.1 41821.9 44561.9 70744.4 14254.1 
2035 57311.6 22924.7 20059.1 27415.9 44360.6 46640.4 74857.1 15275.3 

Fishing_mortalityModel_Proj
Year F0 Fabc Fofl LowCI_F Median_F Mean_F UpperCI_F Stdev_F 
2022  0 0.224798 0.270339 0.0186437 0.0186437 0.0186437 0.0186437 1.38778e-16 
2023  0 0.224798 0.270339 0.001436 0.001436 0.001436 0.001436 6.07153e-18 
2024  0 0.224798 0.270339 0.001436 0.001436 0.001436 0.001436 6.07153e-18 
2025  0 0.224798 0.270339 0.001436 0.001436 0.001436 0.001436 6.07153e-18 
2026  0 0.224798 0.270339 0.001436 0.001436 0.001436 0.001436 6.07153e-18 
2027  0 0.224798 0.270339 0.001436 0.001436 0.001436 0.001436 6.07153e-18 
2028  0 0.224798 0.270339 0.001436 0.001436 0.001436 0.001436 6.07153e-18 
2029  0 0.224798 0.270339 0.001436 0.001436 0.001436 0.001436 6.07153e-18 
2030  0 0.224798 0.270339 0.001436 0.001436 0.001436 0.001436 6.07153e-18 
2031  0 0.224798 0.270339 0.001436 0.001436 0.001436 0.001436 6.07153e-18 
2032  0 0.224798 0.270339 0.001436 0.001436 0.001436 0.001436 6.07153e-18 
2033  0 0.224798 0.270339 0.001436 0.001436 0.001436 0.001436 6.07153e-18 
2034  0 0.224798 0.270339 0.001436 0.001436 0.001436 0.001436 6.07153e-18 
2035  0 0.224798 0.270339 0.001436 0.001436 0.001436 0.001436 6.07153e-18 

Total_BiomassModel_Proj
Year B100 Babc Bofl LowCI_Biom Median_Biom Mean_Biom UpperCI_Biom Stdev_Biom 
2022 124508 75790.4 71226.2 61826.4 61826.4 61826.4 61826.4 8.07631e-10 
2023 124508 75790.4 71226.2 63018.1 63410.1 63708.9 65489.2 899.758 
2024 124508 75790.4 71226.2 63998.7 65007.2 65515.7 68632.4 1642.11 
2025 124508 75790.4 71226.2 64391.4 66394.4 67145 72659.5 2738.54 
2026 124508 75790.4 71226.2 63699 68235.2 70248.3 83589.9 6842.75 
2027 124508 75790.4 71226.2 62529.5 71468.3 74742.1 98363.3 12192.5 
2028 124508 75790.4 71226.2 61581.6 75797.2 80014.5 111995 17132.4 
2029 124508 75790.4 71226.2 61422.1 81368.9 85620.5 123032 21355 
2030 124508 75790.4 71226.2 61029.6 86535.8 91208.3 134960 24902.4 
2031 124508 75790.4 71226.2 61292.9 92179 96295.9 146446 27858 
2032 124508 75790.4 71226.2 62529.2 97070.9 100873 155457 29968.6 
2033 124508 75790.4 71226.2 64141.4 100166 104767 161236 31333.9 
2034 124508 75790.4 71226.2 66402.4 103361 107990 165409 32315.1 
2035 124508 75790.4 71226.2 68278.9 105610 110720 171274 33089.1 
Alternative 4 Alternative  Stock: Model_Proj
Catch Model_Proj
Year C0 Cabc Cofl LowCI_Catch Median_Catch Mean_Catch UpperCI_Catch Stdev_Catch 
2022  0 8424.03 9122.43 663.216 663.216 663.216 663.216 6.59384e-12 
2023  0 8424.03 9122.43 2074.3 2074.3 2074.3 2074.3 2.95586e-11 
2024  0 8424.03 9122.43 2111.89 2111.93 2111.96 2112.14 0.0921322 
2025  0 8424.03 9122.43 2111.37 2111.67 2111.88 2113.09 0.633889 
2026  0 8424.03 9122.43 2077.03 2086.24 2093.05 2133.74 20.6462 
2027  0 8424.03 9122.43 2008.92 2064.94 2103.21 2323.74 114.876 
2028  0 8424.03 9122.43 1920.93 2088.37 2175.2 2726.74 282.603 
2029  0 8424.03 9122.43 1835.6 2175.71 2303.15 3221.51 472.54 
2030  0 8424.03 9122.43 1778.53 2304.26 2463.11 3646.83 641.861 
2031  0 8424.03 9122.43 1750.11 2458.79 2632.5 4017.89 776.085 
2032  0 8424.03 9122.43 1726.62 2622.95 2792.41 4321.5 880.861 
2033  0 8424.03 9122.43 1719.73 2799.96 2932.06 4689.87 957.798 
2034  0 8424.03 9122.43 1756.07 2909.87 3047.08 4822.45 1005.69 
2035  0 8424.03 9122.43 1803.26 2980.36 3137.11 4989.86 1031.4 

Spawning_Biomass Model_Proj
Year SSB100 SSBabc SSBofl LowCI_SSB Median_SSB Mean_SSB UpperCI_SSB Stdev_SSB 
2022 57311.6 22924.7 20059.1 23229.4 23229.4 23229.4 23229.4 5.09317e-11 
2023 57311.6 22924.7 20059.1 23656.7 23656.7 23656.7 23656.7 7.27596e-11 
2024 57311.6 22924.7 20059.1 24980.6 24980.6 24980.6 24980.6 5.20231e-10 
2025 57311.6 22924.7 20059.1 26706.6 26706.6 26706.6 26706.6 3.4197e-10 
2026 57311.6 22924.7 20059.1 26783.8 26783.8 26783.8 26783.8 5.34783e-10 
2027 57311.6 22924.7 20059.1 26115.4 26115.4 26115.4 26115.4 3.89264e-10 
2028 57311.6 22924.7 20059.1 25368.4 25418.1 25456 25681.5 114.01 
2029 57311.6 22924.7 20059.1 24318.8 25050.6 25587 28743.9 1624.42 
2030 57311.6 22924.7 20059.1 22732.1 25695.3 27371.8 37739.6 5362.54 
2031 57311.6 22924.7 20059.1 21609.4 27529.1 29742.2 45391.2 8406.08 
2032 57311.6 22924.7 20059.1 21158.1 29833.9 32088.6 50225.8 10238.7 
2033 57311.6 22924.7 20059.1 20882.9 31796.7 34229.1 54820 11478.4 
2034 57311.6 22924.7 20059.1 20576.2 33746.4 36130.5 59430.7 12603.6 
2035 57311.6 22924.7 20059.1 20661.4 35734.7 37579.9 62630.8 13334.8 

Fishing_mortalityModel_Proj
Year F0 Fabc Fofl LowCI_F Median_F Mean_F UpperCI_F Stdev_F 
2022  0 0.224798 0.270339 0.0186437 0.0186437 0.0186437 0.0186437 1.38778e-16 
2023  0 0.224798 0.270339 0.0558349 0.0558349 0.0558349 0.0558349 1.07553e-15 
2024  0 0.224798 0.270339 0.0558349 0.0558349 0.0558349 0.0558349 1.07553e-15 
2025  0 0.224798 0.270339 0.0558349 0.0558349 0.0558349 0.0558349 1.07553e-15 
2026  0 0.224798 0.270339 0.0558349 0.0558349 0.0558349 0.0558349 1.07553e-15 
2027  0 0.224798 0.270339 0.0558349 0.0558349 0.0558349 0.0558349 1.07553e-15 
2028  0 0.224798 0.270339 0.0558349 0.0558349 0.0558349 0.0558349 1.07553e-15 
2029  0 0.224798 0.270339 0.0558349 0.0558349 0.0558349 0.0558349 1.07553e-15 
2030  0 0.224798 0.270339 0.0558349 0.0558349 0.0558349 0.0558349 1.07553e-15 
2031  0 0.224798 0.270339 0.0558349 0.0558349 0.0558349 0.0558349 1.07553e-15 
2032  0 0.224798 0.270339 0.0558349 0.0558349 0.0558349 0.0558349 1.07553e-15 
2033  0 0.224798 0.270339 0.0558349 0.0558349 0.0558349 0.0558349 1.07553e-15 
2034  0 0.224798 0.270339 0.0558349 0.0558349 0.0558349 0.0558349 1.07553e-15 
2035  0 0.224798 0.270339 0.0558349 0.0558349 0.0558349 0.0558349 1.07553e-15 

Total_BiomassModel_Proj
Year B100 Babc Bofl LowCI_Biom Median_Biom Mean_Biom UpperCI_Biom Stdev_Biom 
2022 124508 75790.4 71226.2 61826.4 61826.4 61826.4 61826.4 8.07631e-10 
2023 124508 75790.4 71226.2 63018.1 63410.1 63708.9 65489.2 899.758 
2024 124508 75790.4 71226.2 62161.7 63170.2 63678.7 66795.4 1642.11 
2025 124508 75790.4 71226.2 60907.1 62910 63660.6 69175.1 2738.48 
2026 124508 75790.4 71226.2 58795.5 63330.8 65343.9 78683 6841.69 
2027 124508 75790.4 71226.2 56446.7 65385.8 68647.7 92270.4 12171.3 
2028 124508 75790.4 71226.2 54590.9 68686.9 72906.1 104642 17017.4 
2029 124508 75790.4 71226.2 53649.6 73449.5 77590.3 114780 21028.3 
2030 124508 75790.4 71226.2 52712.7 77605.3 82279.9 125753 24260.4 
2031 124508 75790.4 71226.2 52683 82676 86457.8 134347 26847.7 
2032 124508 75790.4 71226.2 53553.8 86280.4 90108.1 141304 28573.6 
2033 124508 75790.4 71226.2 54819.2 88586.7 93072 146284 29557.3 
2034 124508 75790.4 71226.2 56695 91010.7 95386.5 148933 30187.2 
2035 124508 75790.4 71226.2 58015.8 91790.5 97252.9 153198 30678.3 
Alternative 5 Alternative  Stock: Model_Proj
Catch Model_Proj
Year C0 Cabc Cofl LowCI_Catch Median_Catch Mean_Catch UpperCI_Catch Stdev_Catch 
2022  0 8424.03 9122.43 663.216 663.216 663.216 663.216 6.59384e-12 
2023  0 8424.03 9122.43 0 0 0 0 0 
2024  0 8424.03 9122.43 0 0 0 0 0 
2025  0 8424.03 9122.43 0 0 0 0 0 
2026  0 8424.03 9122.43 0 0 0 0 0 
2027  0 8424.03 9122.43 0 0 0 0 0 
2028  0 8424.03 9122.43 0 0 0 0 0 
2029  0 8424.03 9122.43 0 0 0 0 0 
2030  0 8424.03 9122.43 0 0 0 0 0 
2031  0 8424.03 9122.43 0 0 0 0 0 
2032  0 8424.03 9122.43 0 0 0 0 0 
2033  0 8424.03 9122.43 0 0 0 0 0 
2034  0 8424.03 9122.43 0 0 0 0 0 
2035  0 8424.03 9122.43 0 0 0 0 0 

Spawning_Biomass Model_Proj
Year SSB100 SSBabc SSBofl LowCI_SSB Median_SSB Mean_SSB UpperCI_SSB Stdev_SSB 
2022 57311.6 22924.7 20059.1 23229.4 23229.4 23229.4 23229.4 5.09317e-11 
2023 57311.6 22924.7 20059.1 23837.2 23837.2 23837.2 23837.2 4.98403e-10 
2024 57311.6 22924.7 20059.1 26215.1 26215.1 26215.1 26215.1 4.25644e-10 
2025 57311.6 22924.7 20059.1 29021.6 29021.6 29021.6 29021.6 2.14641e-10 
2026 57311.6 22924.7 20059.1 30102.6 30102.6 30102.6 30102.6 2.94676e-10 
2027 57311.6 22924.7 20059.1 30291.4 30291.4 30291.4 30291.4 6.69388e-10 
2028 57311.6 22924.7 20059.1 30256.1 30306.5 30344.8 30573.4 115.527 
2029 57311.6 22924.7 20059.1 29772.3 30526.1 31078.9 34334.3 1674.53 
2030 57311.6 22924.7 20059.1 28578.2 31678.5 33455.5 44431.6 5658.15 
2031 57311.6 22924.7 20059.1 27712.7 34038.6 36449.9 53447.5 9055.17 
2032 57311.6 22924.7 20059.1 27450.6 36960.3 39445.9 59329.9 11261.8 
2033 57311.6 22924.7 20059.1 27419.2 39536.5 42250.1 65249.6 12857.1 
2034 57311.6 22924.7 20059.1 27255.7 42076 44824 71074.2 14301.6 
2035 57311.6 22924.7 20059.1 27619.6 44634.3 46923.7 75218.5 15331.9 

Fishing_mortalityModel_Proj
Year F0 Fabc Fofl LowCI_F Median_F Mean_F UpperCI_F Stdev_F 
2022  0 0.224798 0.270339 0.0186437 0.0186437 0.0186437 0.0186437 1.38778e-16 
2023  0 0.224798 0.270339 0 0 0 0 0 
2024  0 0.224798 0.270339 0 0 0 0 0 
2025  0 0.224798 0.270339 0 0 0 0 0 
2026  0 0.224798 0.270339 0 0 0 0 0 
2027  0 0.224798 0.270339 0 0 0 0 0 
2028  0 0.224798 0.270339 0 0 0 0 0 
2029  0 0.224798 0.270339 0 0 0 0 0 
2030  0 0.224798 0.270339 0 0 0 0 0 
2031  0 0.224798 0.270339 0 0 0 0 0 
2032  0 0.224798 0.270339 0 0 0 0 0 
2033  0 0.224798 0.270339 0 0 0 0 0 
2034  0 0.224798 0.270339 0 0 0 0 0 
2035  0 0.224798 0.270339 0 0 0 0 0 

Total_BiomassModel_Proj
Year B100 Babc Bofl LowCI_Biom Median_Biom Mean_Biom UpperCI_Biom Stdev_Biom 
2022 124508 75790.4 71226.2 61826.4 61826.4 61826.4 61826.4 8.07631e-10 
2023 124508 75790.4 71226.2 63018.1 63410.1 63708.9 65489.2 899.758 
2024 124508 75790.4 71226.2 64048.2 65056.7 65565.1 68681.9 1642.11 
2025 124508 75790.4 71226.2 64487.1 66490.1 67240.7 72755.2 2738.54 
2026 124508 75790.4 71226.2 63836.3 68372.5 70385.5 83727.2 6842.78 
2027 124508 75790.4 71226.2 62702.8 71641.7 74915.7 98536.9 12193.1 
2028 124508 75790.4 71226.2 61784.4 76001.8 80220.5 112211 17135.5 
2029 124508 75790.4 71226.2 61650.4 81603.6 85856.5 123272 21363.7 
2030 124508 75790.4 71226.2 61274.8 86782.8 91473.8 135231 24919.9 
2031 124508 75790.4 71226.2 61554.2 92458.7 96591.2 146766 27886 
2032 124508 75790.4 71226.2 62804.5 97394 101199 155942 30007.9 
2033 124508 75790.4 71226.2 64434.2 100534 105123 161662 31384.7 
2034 124508 75790.4 71226.2 66701.1 103724 108376 166139 32376.8 
2035 124508 75790.4 71226.2 68551.7 106060 111134 171745 33160 
Alternative 6 Alternative  Stock: Model_Proj
Catch Model_Proj
Year C0 Cabc Cofl LowCI_Catch Median_Catch Mean_Catch UpperCI_Catch Stdev_Catch 
2022  0 8424.03 9122.43 663.216 663.216 663.216 663.216 6.59384e-12 
2023  0 8424.03 9122.43 9335.95 9335.95 9335.95 9335.95 1.87356e-10 
2024  0 8424.03 9122.43 7567.12 7567.3 7567.43 7568.23 0.403758 
2025  0 8424.03 9122.43 6532.84 6534.08 6534.98 6540.02 2.65303 
2026  0 8424.03 9122.43 5396.16 5430.99 5456.74 5610.67 78.0971 
2027  0 8424.03 9122.43 4476.81 4665.95 4794.86 5537.86 387.506 
2028  0 8424.03 9122.43 3848.06 4376.01 4655.66 6419.08 912.96 
2029  0 8424.03 9122.43 3394.15 4537.43 5132.48 8860.63 1998.88 
2030  0 8424.03 9122.43 3070.38 5155.38 6117.32 12421.1 3127.6 
2031  0 8424.03 9122.43 2936.62 6094.01 6978.07 13419.4 3557.9 
2032  0 8424.03 9122.43 2931.65 6768.96 7632.84 14589.1 3790.48 
2033  0 8424.03 9122.43 2877.38 7488.16 8047.19 15379.7 3912.72 
2034  0 8424.03 9122.43 3031.01 7708.78 8246.99 15054.5 3948.99 
2035  0 8424.03 9122.43 3163.12 7684.28 8305.11 15345.2 3899.45 

Spawning_Biomass Model_Proj
Year SSB100 SSBabc SSBofl LowCI_SSB Median_SSB Mean_SSB UpperCI_SSB Stdev_SSB 
2022 57311.6 22924.7 20059.1 23229.4 23229.4 23229.4 23229.4 5.09317e-11 
2023 57311.6 22924.7 20059.1 22976.2 22976.2 22976.2 22976.2 5.34783e-10 
2024 57311.6 22924.7 20059.1 20860.6 20860.6 20860.6 20860.6 1.20053e-10 
2025 57311.6 22924.7 20059.1 19983.4 19983.4 19983.4 19983.4 2.76486e-10 
2026 57311.6 22924.7 20059.1 18229.8 18229.8 18229.8 18229.8 5.82077e-11 
2027 57311.6 22924.7 20059.1 16596.3 16596.3 16596.3 16596.3 2.61934e-10 
2028 57311.6 22924.7 20059.1 15493.3 15540.2 15575.9 15788.8 107.599 
2029 57311.6 22924.7 20059.1 14484.4 15145.5 15628.1 18460.9 1459.59 
2030 57311.6 22924.7 20059.1 13295.3 15842 17159.2 25395.2 4376.14 
2031 57311.6 22924.7 20059.1 12734.7 17330 18847.1 29891.8 6230.36 
2032 57311.6 22924.7 20059.1 12738.2 18611.5 20182.5 32391.7 6941.9 
2033 57311.6 22924.7 20059.1 12714.6 19508.7 21118.5 34878.4 7269.46 
2034 57311.6 22924.7 20059.1 12702.3 20053.7 21738.4 36508.1 7722.78 
2035 57311.6 22924.7 20059.1 12866.6 20179.6 21987 36450 7867.64 

Fishing_mortalityModel_Proj
Year F0 Fabc Fofl LowCI_F Median_F Mean_F UpperCI_F Stdev_F 
2022  0 0.224798 0.270339 0.0186437 0.0186437 0.0186437 0.0186437 1.38778e-16 
2023  0 0.224798 0.270339 0.270339 0.270339 0.270339 0.270339 4.55191e-15 
2024  0 0.224798 0.270339 0.244718 0.244718 0.244718 0.244718 4.10783e-15 
2025  0 0.224798 0.270339 0.233829 0.233829 0.233829 0.233829 4.44089e-16 
2026  0 0.224798 0.270339 0.21206 0.21206 0.21206 0.21206 3.55271e-15 
2027  0 0.224798 0.270339 0.191783 0.191783 0.191783 0.191783 2.55351e-15 
2028  0 0.224798 0.270339 0.178092 0.178674 0.179117 0.18176 0.00133567 
2029  0 0.224798 0.270339 0.165567 0.173775 0.179567 0.214929 0.0167731 
2030  0 0.224798 0.270339 0.150807 0.18242 0.193253 0.270339 0.0369542 
2031  0 0.224798 0.270339 0.143849 0.200891 0.206223 0.270339 0.043699 
2032  0 0.224798 0.270339 0.143893 0.216798 0.216325 0.270339 0.0448564 
2033  0 0.224798 0.270339 0.1436 0.227936 0.22273 0.270339 0.0448949 
2034  0 0.224798 0.270339 0.143447 0.234702 0.225727 0.270339 0.0448994 
2035  0 0.224798 0.270339 0.145486 0.236265 0.226856 0.270339 0.0438109 

Total_BiomassModel_Proj
Year B100 Babc Bofl LowCI_Biom Median_Biom Mean_Biom UpperCI_Biom Stdev_Biom 
2022 124508 75790.4 71226.2 61826.4 61826.4 61826.4 61826.4 8.07631e-10 
2023 124508 75790.4 71226.2 63018.1 63410.1 63708.9 65489.2 899.758 
2024 124508 75790.4 71226.2 55577.9 56586.4 57094.9 60211.7 1642.11 
2025 124508 75790.4 71226.2 50144.4 52147.2 52897.8 58412 2738.26 
2026 124508 75790.4 71226.2 45352.9 49885.2 51898.5 65229.4 6838.19 
2027 124508 75790.4 71226.2 41713.1 50652.9 53880.8 77355.1 12109.8 
2028 124508 75790.4 71226.2 39583.1 53594.8 57649.1 88379.5 16728.4 
2029 124508 75790.4 71226.2 38896.6 58021.4 62127.9 97741.9 20273.1 
2030 124508 75790.4 71226.2 38613 61857.7 66326.9 106208 22617.8 
2031 124508 75790.4 71226.2 38654.3 65557 69309.1 114042 23992.8 
2032 124508 75790.4 71226.2 39403 67603.5 71253.9 115425 24642.6 
2033 124508 75790.4 71226.2 40608.9 67972 72255.6 117250 24687.4 
2034 124508 75790.4 71226.2 42227.6 67411.3 72604.3 119761 24523.3 
2035 124508 75790.4 71226.2 42683.6 67143.7 72696.8 120159 24473.7 
Alternative 7 Alternative  Stock: Model_Proj
Catch Model_Proj
Year C0 Cabc Cofl LowCI_Catch Median_Catch Mean_Catch UpperCI_Catch Stdev_Catch 
2022  0 8424.03 9122.43 663.216 663.216 663.216 663.216 6.59384e-12 
2023  0 8424.03 9122.43 7882.72 7882.72 7882.72 7882.72 1.00044e-10 
2024  0 8424.03 9122.43 6809.74 6809.89 6810.01 6810.7 0.349182 
2025  0 8424.03 9122.43 7173.37 7174.68 7175.62 7180.94 2.79549 
2026  0 8424.03 9122.43 5753.91 5790.04 5816.74 5976.4 81.0025 
2027  0 8424.03 9122.43 4671.87 4865.68 4997.73 5758.92 397.013 
2028  0 8424.03 9122.43 3952.45 4487.77 4771.67 6563.49 925.624 
2029  0 8424.03 9122.43 3448.38 4601.43 5196.52 8940.44 2004.48 
2030  0 8424.03 9122.43 3097.78 5186.75 6145.79 12419.6 3122.37 
2031  0 8424.03 9122.43 2948.2 6104.62 6987.47 13416.2 3552.78 
2032  0 8424.03 9122.43 2938.21 6771.38 7633.29 14579.6 3786.99 
2033  0 8424.03 9122.43 2880.46 7482.17 8044.48 15372.2 3910.79 
2034  0 8424.03 9122.43 3030.68 7702.88 8243.71 15046.9 3948.1 
2035  0 8424.03 9122.43 3163.18 7682.3 8302.32 15341.5 3899.09 

Spawning_Biomass Model_Proj
Year SSB100 SSBabc SSBofl LowCI_SSB Median_SSB Mean_SSB UpperCI_SSB Stdev_SSB 
2022 57311.6 22924.7 20059.1 23229.4 23229.4 23229.4 23229.4 5.09317e-11 
2023 57311.6 22924.7 20059.1 23118.9 23118.9 23118.9 23118.9 2.80124e-10 
2024 57311.6 22924.7 20059.1 21649.5 21649.5 21649.5 21649.5 1.89175e-10 
2025 57311.6 22924.7 20059.1 20994.5 20994.5 20994.5 20994.5 2.03727e-10 
2026 57311.6 22924.7 20059.1 18868.5 18868.5 18868.5 18868.5 1.09139e-10 
2027 57311.6 22924.7 20059.1 16986.9 16986.9 16986.9 16986.9 2.40107e-10 
2028 57311.6 22924.7 20059.1 15723.3 15770.2 15805.8 16018.4 107.427 
2029 57311.6 22924.7 20059.1 14613.8 15273.5 15755 18581.1 1456.37 
2030 57311.6 22924.7 20059.1 13365.3 15905.2 17219.8 25430.8 4365.58 
2031 57311.6 22924.7 20059.1 12771.1 17358.5 18869.7 29897.7 6219.09 
2032 57311.6 22924.7 20059.1 12756.3 18625.9 20186.2 32387.6 6933.05 
2033 57311.6 22924.7 20059.1 12720.2 19502.1 21114.5 34873.7 7263.44 
2034 57311.6 22924.7 20059.1 12700.6 20047.8 21732.5 36498.4 7719.13 
2035 57311.6 22924.7 20059.1 12865 20175.5 21981.6 36440.5 7865.51 

Fishing_mortalityModel_Proj
Year F0 Fabc Fofl LowCI_F Median_F Mean_F UpperCI_F Stdev_F 
2022  0 0.224798 0.270339 0.0186437 0.0186437 0.0186437 0.0186437 1.38778e-16 
2023  0 0.224798 0.270339 0.224798 0.224798 0.224798 0.224798 3.94129e-15 
2024  0 0.224798 0.270339 0.211635 0.211635 0.211635 0.211635 3.21965e-15 
2025  0 0.224798 0.270339 0.246381 0.246381 0.246381 0.246381 1.66533e-15 
2026  0 0.224798 0.270339 0.219989 0.219989 0.219989 0.219989 2.94209e-15 
2027  0 0.224798 0.270339 0.196633 0.196633 0.196633 0.196633 3.52496e-15 
2028  0 0.224798 0.270339 0.180947 0.181528 0.181971 0.18461 0.00133353 
2029  0 0.224798 0.270339 0.167174 0.175363 0.181136 0.216421 0.0167049 
2030  0 0.224798 0.270339 0.151676 0.183205 0.193969 0.270339 0.036751 
2031  0 0.224798 0.270339 0.144301 0.201245 0.206497 0.270339 0.0435552 
2032  0 0.224798 0.270339 0.144117 0.216978 0.216397 0.270339 0.0447844 
2033  0 0.224798 0.270339 0.143669 0.227855 0.222724 0.270339 0.0448724 
2034  0 0.224798 0.270339 0.143426 0.234628 0.225695 0.270339 0.0448999 
2035  0 0.224798 0.270339 0.145466 0.236214 0.226822 0.270339 0.0438197 

Total_BiomassModel_Proj
Year B100 Babc Bofl LowCI_Biom Median_Biom Mean_Biom UpperCI_Biom Stdev_Biom 
2022 124508 75790.4 71226.2 61826.4 61826.4 61826.4 61826.4 8.07631e-10 
2023 124508 75790.4 71226.2 63018.1 63410.1 63708.9 65489.2 899.758 
2024 124508 75790.4 71226.2 56892.8 57901.3 58409.8 61526.5 1642.11 
2025 124508 75790.4 71226.2 51994.4 53997.2 54747.7 60262.1 2738.3 
2026 124508 75790.4 71226.2 46402.3 50934.5 52947.7 66278.5 6838.11 
2027 124508 75790.4 71226.2 42292.8 51232.6 54458.9 77925.2 12106.9 
2028 124508 75790.4 71226.2 39893.5 53904.2 57950 88641.7 16717.5 
2029 124508 75790.4 71226.2 39054.4 58167.2 62265.6 97816.1 20253.1 
2030 124508 75790.4 71226.2 38683.6 61913.7 66372.7 106173 22595.4 
2031 124508 75790.4 71226.2 38691.1 65587.2 69311.3 114029 23976.7 
2032 124508 75790.4 71226.2 39418.6 67607.2 71239.6 115393 24632.5 
2033 124508 75790.4 71226.2 40610.5 67950.6 72238.4 117213 24681.7 
2034 124508 75790.4 71226.2 42220.9 67399.4 72589.6 119739 24520.3 
2035 124508 75790.4 71226.2 42675.4 67134.1 72685.9 120146 24472.2 
