Alternative 1 Catch
     GOA_SABLE 
Equil_Fabc 16.5922 
Year 
2022 0.999999 
2023 27.16 
2024 31.4847 
2025 7.76427 
2026 7.84822 
2027 8.37421 
2028 9.35267 
2029 10.6329 
2030 11.9091 
2031 12.9772 
2032 13.8646 
2033 14.5493 
2034 15.0399 
2035 15.4146 
2036 15.7798 

Alternative 1 ABCs
     GOA_SABLE 

Year 
2022 12.8097 
2023 12.6551 
2024 9.98126 
2025 7.76427 
2026 7.84822 
2027 8.37421 
2028 9.35267 
2029 10.6329 
2030 11.9091 
2031 12.9772 
2032 13.8646 
2033 14.5493 
2034 15.0399 
2035 15.4146 
2036 15.7798 

Alternative 1 TACs
     GOA_SABLE 

Year 
2022  NA 
2023  NA 
2024  NA 
2025 7.76427 
2026 7.84822 
2027 8.37421 
2028 9.35267 
2029 10.6329 
2030 11.9091 
2031 12.9772 
2032 13.8646 
2033 14.5493 
2034 15.0399 
2035 15.4146 
2036 15.7798 

Alternative 1 Sp_Biomass
     GOA_SABLE 
Equil_Fabc 97.4492 
Year 
2022 73.1477 
2023 69.7145 
2024 57.8062 
2025 46.9544 
2026 45.0257 
2027 45.4983 
2028 48.7903 
2029 54.5337 
2030 61.6964 
2031 69.1782 
2032 76.1141 
2033 82.0716 
2034 86.8995 
2035 90.6257 
2036 93.4562 

Alternative 1 Fishing Mortality
     GOA_SABLE 
Equil_Fabc 0.0371005 
Year 
2022 0.00209605 
2023 0.0573473 
2024 0.0710483 
2025 0.0168618 
2026 0.0160208 
2027 0.0159302 
2028 0.0166769 
2029 0.0180922 
2030 0.0197977 
2031 0.0214257 
2032 0.0229371 
2033 0.0242368 
2034 0.0253094 
2035 0.026216 
2036 0.0269817 

Alternative 1 Biomass
     GOA_SABLE 

Year 
2022 418.508 
2023 436.479 
2024 426.249 
2025 411.406 
2026 420.928 
2027 429.16 
2028 436.535 
2029 440.903 
2030 442.714 
2031 444.911 
2032 440.816 
2033 437.577 
2034 436.575 
2035 434.084 
2036 434.904 

Alternative 1 Implied SPR rate 
     GOA_SABLE 
Equil_Fabc 0.4 
Year 
2022 0.936263 
2023 0.278088 
2024 0.226034 
2025 0.625312 
2026 0.640297 
2027 0.644804 
2028 0.637378 
2029 0.62073 
2030 0.599873 
2031 0.579249 
2032 0.560182 
2033 0.543826 
2034 0.530196 
2035 0.518729 
2036 0.509024 

  GOA_SABLE 
EquilAvgAgeF0  9.03167 
EquilAvgAgeFabc  5.639 
AvgAgeYr2036 114.456 
Alternative 2 Catch
     GOA_SABLE 
Equil_Fabc 16.5922 
Year 
2022 0.999999 
2023 27.16 
2024 31.4847 
2025 7.76427 
2026 7.84822 
2027 8.37421 
2028 9.35267 
2029 10.6329 
2030 11.9091 
2031 12.9772 
2032 13.8646 
2033 14.5493 
2034 15.0399 
2035 15.4146 
2036 15.7798 

Alternative 2 ABCs
     GOA_SABLE 

Year 
2022 12.8097 
2023 12.6551 
2024 9.98126 
2025 7.76427 
2026 7.84822 
2027 8.37421 
2028 9.35267 
2029 10.6329 
2030 11.9091 
2031 12.9772 
2032 13.8646 
2033 14.5493 
2034 15.0399 
2035 15.4146 
2036 15.7798 

Alternative 2 TACs
     GOA_SABLE 

Year 
2022  NA 
2023  NA 
2024  NA 
2025 7.76427 
2026 7.84822 
2027 8.37421 
2028 9.35267 
2029 10.6329 
2030 11.9091 
2031 12.9772 
2032 13.8646 
2033 14.5493 
2034 15.0399 
2035 15.4146 
2036 15.7798 

Alternative 2 Sp_Biomass
     GOA_SABLE 
Equil_Fabc 97.4492 
Year 
2022 73.1477 
2023 69.7145 
2024 57.8062 
2025 46.9544 
2026 45.0257 
2027 45.4983 
2028 48.7903 
2029 54.5337 
2030 61.6964 
2031 69.1782 
2032 76.1141 
2033 82.0716 
2034 86.8995 
2035 90.6257 
2036 93.4562 

Alternative 2 Fishing Mortality
     GOA_SABLE 
Equil_Fabc 0.0371005 
Year 
2022 0.00209605 
2023 0.0573473 
2024 0.0710483 
2025 0.0168618 
2026 0.0160208 
2027 0.0159302 
2028 0.0166769 
2029 0.0180922 
2030 0.0197977 
2031 0.0214257 
2032 0.0229371 
2033 0.0242368 
2034 0.0253094 
2035 0.026216 
2036 0.0269817 

Alternative 2 Biomass
     GOA_SABLE 

Year 
2022 418.508 
2023 436.479 
2024 426.249 
2025 411.406 
2026 420.928 
2027 429.16 
2028 436.535 
2029 440.903 
2030 442.714 
2031 444.911 
2032 440.816 
2033 437.577 
2034 436.575 
2035 434.084 
2036 434.904 

Alternative 2 Implied SPR rate 
     GOA_SABLE 
Equil_Fabc 0.4 
Year 
2022 0.936263 
2023 0.278088 
2024 0.226034 
2025 0.625312 
2026 0.640297 
2027 0.644804 
2028 0.637378 
2029 0.62073 
2030 0.599873 
2031 0.579249 
2032 0.560182 
2033 0.543826 
2034 0.530196 
2035 0.518729 
2036 0.509024 

  GOA_SABLE 
EquilAvgAgeF0  9.03167 
EquilAvgAgeFabc  5.639 
AvgAgeYr2036 114.456 
Alternative 3 Catch
     GOA_SABLE 
Equil_Fabc 16.5922 
Year 
2022 0.999999 
2023 27.16 
2024 31.4847 
2025 23.787 
2026 23.2388 
2027 22.8503 
2028 22.605 
2029 22.4095 
2030 22.2268 
2031 22.1155 
2032 21.884 
2033 21.6619 
2034 21.5282 
2035 21.428 
2036 21.4789 

Alternative 3 ABCs
     GOA_SABLE 

Year 
2022 12.8097 
2023 12.6551 
2024 9.98126 
2025 7.76427 
2026 6.83726 
2027 6.53771 
2028 6.73769 
2029 7.29961 
2030 7.9383 
2031 8.5181 
2032 8.97296 
2033 9.33964 
2034 9.58534 
2035 9.741 
2036 9.89941 

Alternative 3 TACs
     GOA_SABLE 

Year 
2022  NA 
2023  NA 
2024  NA 
2025 23.787 
2026 23.2388 
2027 22.8503 
2028 22.605 
2029 22.4095 
2030 22.2268 
2031 22.1155 
2032 21.884 
2033 21.6619 
2034 21.5282 
2035 21.428 
2036 21.4789 

Alternative 3 Sp_Biomass
     GOA_SABLE 
Equil_Fabc 97.4492 
Year 
2022 73.1477 
2023 69.7145 
2024 57.8062 
2025 46.9544 
2026 41.1033 
2027 38.2849 
2028 38.4773 
2029 40.9963 
2030 44.7776 
2031 48.8934 
2032 52.6753 
2033 55.8528 
2034 58.3541 
2035 60.2152 
2036 61.6127 

Alternative 3 Fishing Mortality
     GOA_SABLE 
Equil_Fabc 0.0371005 
Year 
2022 0.00209605 
2023 0.0573473 
2024 0.0710483 
2025 0.0549517 
2026 0.0549517 
2027 0.0549517 
2028 0.0549517 
2029 0.0549517 
2030 0.0549517 
2031 0.0549517 
2032 0.0549517 
2033 0.0549517 
2034 0.0549517 
2035 0.0549517 
2036 0.0549517 

Alternative 3 Biomass
     GOA_SABLE 

Year 
2022 418.508 
2023 436.479 
2024 426.249 
2025 411.406 
2026 405.219 
2027 398.988 
2028 393.476 
2029 386.851 
2030 379.794 
2031 375.177 
2032 365.951 
2033 359.149 
2034 355.862 
2035 351.972 
2036 352.051 

Alternative 3 Implied SPR rate 
     GOA_SABLE 
Equil_Fabc 0.4 
Year 
2022 0.936263 
2023 0.278088 
2024 0.226034 
2025 0.288755 
2026 0.288755 
2027 0.288755 
2028 0.288755 
2029 0.288755 
2030 0.288755 
2031 0.288755 
2032 0.288755 
2033 0.288755 
2034 0.288755 
2035 0.288755 
2036 0.288755 

  GOA_SABLE 
EquilAvgAgeF0  9.03167 
EquilAvgAgeFabc  5.639 
AvgAgeYr2036 104.122 
Alternative 4 Catch
     GOA_SABLE 
Equil_Fabc 16.5922 
Year 
2022 0.999999 
2023 27.16 
2024 31.4847 
2025 4.35349 
2026 4.50212 
2027 4.6644 
2028 4.84168 
2029 5.0199 
2030 5.19253 
2031 5.36801 
2032 5.5117 
2033 5.64573 
2034 5.78193 
2035 5.91057 
2036 6.05412 

Alternative 4 ABCs
     GOA_SABLE 

Year 
2022 12.8097 
2023 12.6551 
2024 9.98126 
2025 7.76427 
2026 8.08731 
2027 8.83086 
2028 10.0713 
2029 11.6556 
2030 13.2781 
2031 14.7348 
2032 16.0938 
2033 17.2683 
2034 18.2557 
2035 19.1194 
2036 19.9929 

Alternative 4 TACs
     GOA_SABLE 

Year 
2022  NA 
2023  NA 
2024  NA 
2025 4.35349 
2026 4.50212 
2027 4.6644 
2028 4.84168 
2029 5.0199 
2030 5.19253 
2031 5.36801 
2032 5.5117 
2033 5.64573 
2034 5.78193 
2035 5.91057 
2036 6.05412 

Alternative 4 Sp_Biomass
     GOA_SABLE 
Equil_Fabc 97.4492 
Year 
2022 73.1477 
2023 69.7145 
2024 57.8062 
2025 46.9544 
2026 45.8427 
2027 47.0894 
2028 51.406 
2029 58.7098 
2030 68.1413 
2031 78.6035 
2032 89.093 
2033 99.0003 
2034 107.987 
2035 115.914 
2036 122.868 

Alternative 4 Fishing Mortality
     GOA_SABLE 
Equil_Fabc 0.0371005 
Year 
2022 0.00209605 
2023 0.0573473 
2024 0.0710483 
2025 0.00976191 
2026 0.00976191 
2027 0.00976191 
2028 0.00976191 
2029 0.00976191 
2030 0.00976097 
2031 0.00975512 
2032 0.00974764 
2033 0.00974546 
2034 0.00974684 
2035 0.00975019 
2036 0.0097559 

Alternative 4 Biomass
     GOA_SABLE 

Year 
2022 418.508 
2023 436.479 
2024 426.249 
2025 411.406 
2026 424.327 
2027 435.817 
2028 446.711 
2029 455.258 
2030 462.141 
2031 470.221 
2032 472.529 
2033 476.002 
2034 481.783 
2035 485.922 
2036 493.107 

Alternative 4 Implied SPR rate 
     GOA_SABLE 
Equil_Fabc 0.4 
Year 
2022 0.936263 
2023 0.278088 
2024 0.226034 
2025 0.749998 
2026 0.749998 
2027 0.749998 
2028 0.749998 
2029 0.749998 
2030 0.750018 
2031 0.750139 
2032 0.750296 
2033 0.750344 
2034 0.750316 
2035 0.750244 
2036 0.750123 

  GOA_SABLE 
EquilAvgAgeF0  9.03167 
EquilAvgAgeFabc  5.639 
AvgAgeYr2036 117.258 
Alternative 5 Catch
     GOA_SABLE 
Equil_Fabc 16.5922 
Year 
2022 0.999999 
2023 27.16 
2024 31.4847 
2025  NA 
2026  NA 
2027  NA 
2028  NA 
2029  NA 
2030  NA 
2031  NA 
2032  NA 
2033  NA 
2034  NA 
2035  NA 
2036  NA 

Alternative 5 ABCs
     GOA_SABLE 

Year 
2022 12.8097 
2023 12.6551 
2024 9.98126 
2025 7.76427 
2026 8.3851 
2027 9.4272 
2028 10.9942 
2029 12.8894 
2030 14.796 
2031 16.5713 
2032 18.2357 
2033 19.6654 
2034 20.9263 
2035 22.0573 
2036 23.1882 

Alternative 5 TACs
     GOA_SABLE 

Year 
2022  NA 
2023  NA 
2024  NA 
2025  NA 
2026  NA 
2027  NA 
2028  NA 
2029  NA 
2030  NA 
2031  NA 
2032  NA 
2033  NA 
2034  NA 
2035  NA 
2036  NA 

Alternative 5 Sp_Biomass
     GOA_SABLE 
Equil_Fabc 97.4492 
Year 
2022 73.1477 
2023 69.7145 
2024 57.8062 
2025 46.9544 
2026 46.9387 
2027 49.2586 
2028 54.7758 
2029 63.5596 
2030 74.8245 
2031 87.4522 
2032 100.359 
2033 112.84 
2034 124.468 
2035 135.036 
2036 144.578 

Alternative 5 Fishing Mortality
     GOA_SABLE 
Equil_Fabc 0.0371005 
Year 
2022 0.00209605 
2023 0.0573473 
2024 0.0710483 
2025  NA 
2026  NA 
2027  NA 
2028  NA 
2029  NA 
2030  NA 
2031  NA 
2032  NA 
2033  NA 
2034  NA 
2035  NA 
2036  NA 

Alternative 5 Biomass
     GOA_SABLE 

Year 
2022 418.508 
2023 436.479 
2024 426.249 
2025 411.406 
2026 428.611 
2027 444.368 
2028 459.498 
2029 472.235 
2030 483.239 
2031 495.341 
2032 501.56 
2033 508.782 
2034 518.134 
2035 525.672 
2036 536.082 

Alternative 5 Implied SPR rate 
     GOA_SABLE 
Equil_Fabc 0.4 
Year 
2022 0.936263 
2023 0.278088 
2024 0.226034 
2025 1 
2026 1 
2027 1 
2028 1 
2029 1 
2030 1 
2031 1 
2032 1 
2033 1 
2034 1 
2035 1 
2036 1 

  GOA_SABLE 
EquilAvgAgeF0  9.03167 
EquilAvgAgeFabc  5.639 
AvgAgeYr2036 120.628 
Alternative 6 Catch
     GOA_SABLE 
Equil_Fabc 16.5922 
Year 
2022 0.999999 
2023 14.9858 
2024 13.1285 
2025 11.9271 
2026 11.4244 
2027 11.5597 
2028 12.2963 
2029 13.3971 
2030 14.5178 
2031 15.4417 
2032 16.1851 
2033 16.7241 
2034 17.0841 
2035 17.3326 
2036 17.601 

Alternative 6 ABCs
     GOA_SABLE 

Year 
2022 12.8097 
2023 12.6551 
2024 11.0809 
2025 10.0637 
2026 9.63907 
2027 9.75482 
2028 10.3798 
2029 11.3136 
2030 12.2645 
2031 13.0485 
2032 13.6798 
2033 14.1379 
2034 14.4442 
2035 14.6556 
2036 14.8835 

Alternative 6 TACs
     GOA_SABLE 

Year 
2022  NA 
2023 14.9858 
2024 13.1285 
2025 11.9271 
2026 11.4244 
2027 11.5597 
2028 12.2963 
2029 13.3971 
2030 14.5178 
2031 15.4417 
2032 16.1851 
2033 16.7241 
2034 17.0841 
2035 17.3326 
2036 17.601 

Alternative 6 Sp_Biomass
     GOA_SABLE 
Equil_Fabc 97.4492 
Year 
2022 73.1477 
2023 69.7145 
2024 61.7629 
2025 55.7536 
2026 52.0039 
2027 50.9979 
2028 52.9707 
2029 57.3958 
2030 63.1676 
2031 69.2087 
2032 74.728 
2033 79.3637 
2034 83.0115 
2035 85.7152 
2036 87.6849 

Alternative 6 Fishing Mortality
     GOA_SABLE 
Equil_Fabc 0.0371005 
Year 
2022 0.00209605 
2023 0.0308802 
2024 0.0270934 
2025 0.02423 
2026 0.0223696 
2027 0.0215653 
2028 0.0218564 
2029 0.0229847 
2030 0.0245076 
2031 0.0260134 
2032 0.0274388 
2033 0.0286621 
2034 0.0296845 
2035 0.0305314 
2036 0.0312512 

Alternative 6 Biomass
     GOA_SABLE 

Year 
2022 418.508 
2023 436.479 
2024 438.178 
2025 440.633 
2026 444.551 
2027 447.755 
2028 450.565 
2029 450.745 
2030 448.731 
2031 447.473 
2032 440.295 
2033 434.344 
2034 430.994 
2035 426.487 
2036 425.596 

Alternative 6 Implied SPR rate 
     GOA_SABLE 
Equil_Fabc 0.4 
Year 
2022 0.936263 
2023 0.453963 
2024 0.49241 
2025 0.52531 
2026 0.549753 
2027 0.563126 
2028 0.563904 
2029 0.554719 
2030 0.540259 
2031 0.524757 
2032 0.509814 
2033 0.496763 
2034 0.485616 
2035 0.476237 
2036 0.46819 

  GOA_SABLE 
EquilAvgAgeF0  9.03167 
EquilAvgAgeFabc  5.639 
AvgAgeYr2036 117.037 
Alternative 7 Catch
     GOA_SABLE 
Equil_Fabc 16.5922 
Year 
2022 0.999999 
2023 12.6551 
2024 11.3023 
2025 12.3468 
2026 11.7595 
2027 11.8279 
2028 12.5138 
2029 13.5679 
2030 14.6494 
2031 15.5412 
2032 16.2599 
2033 16.779 
2034 17.1244 
2035 17.3622 
2036 17.6226 

Alternative 7 ABCs
     GOA_SABLE 

Year 
2022 12.8097 
2023 12.6551 
2024 11.3023 
2025 10.4186 
2026 9.92232 
2027 9.98154 
2028 10.5637 
2029 11.458 
2030 12.3758 
2031 13.1326 
2032 13.743 
2033 14.1843 
2034 14.4782 
2035 14.6806 
2036 14.9017 

Alternative 7 TACs
     GOA_SABLE 

Year 
2022  NA 
2023 14.9858 
2024 13.3902 
2025 12.3468 
2026 11.7595 
2027 11.8279 
2028 12.5138 
2029 13.5679 
2030 14.6494 
2031 15.5412 
2032 16.2599 
2033 16.779 
2034 17.1244 
2035 17.3622 
2036 17.6226 

Alternative 7 Sp_Biomass
     GOA_SABLE 
Equil_Fabc 97.4492 
Year 
2022 73.1477 
2023 69.7145 
2024 62.5257 
2025 56.9848 
2026 53.019 
2027 51.8464 
2028 53.6844 
2029 57.99 
2030 63.6493 
2031 69.5855 
2032 75.0125 
2033 79.5713 
2034 83.1585 
2035 85.816 
2036 87.7517 

Alternative 7 Fishing Mortality
     GOA_SABLE 
Equil_Fabc 0.0371005 
Year 
2022 0.00209605 
2023 0.0259857 
2024 0.0231048 
2025 0.0248153 
2026 0.0228452 
2027 0.0219519 
2028 0.0221709 
2029 0.0232332 
2030 0.0246994 
2031 0.0261571 
2032 0.0275456 
2033 0.0287393 
2034 0.0297399 
2035 0.0305708 
2036 0.0312785 

Alternative 7 Biomass
     GOA_SABLE 

Year 
2022 418.508 
2023 436.479 
2024 440.471 
2025 444.617 
2026 447.925 
2027 450.597 
2028 452.944 
2029 452.723 
2030 450.369 
2031 448.83 
2032 441.419 
2033 435.278 
2034 431.774 
2035 427.141 
2036 426.148 

Alternative 7 Implied SPR rate 
     GOA_SABLE 
Equil_Fabc 0.4 
Year 
2022 0.936263 
2023 0.504414 
2024 0.538255 
2025 0.518448 
2026 0.543744 
2027 0.558003 
2028 0.559671 
2029 0.551365 
2030 0.537687 
2031 0.522842 
2032 0.508408 
2033 0.495752 
2034 0.484896 
2035 0.47573 
2036 0.467841 

  GOA_SABLE 
EquilAvgAgeF0  9.03167 
EquilAvgAgeFabc  5.639 
AvgAgeYr2036 117.492 
