
SB0 SB40 SB35 MeanRec HarMeanRec Bnow
243.623 97.4492 85.268 10.2619 1.99523 73.1477 
CV Recruit
3.04737 
Alternative 1 Alternative  Stock: GOA_SABLE
Catch GOA_SABLE
Year C0 Cabc Cofl LowCI_Catch Median_Catch Mean_Catch UpperCI_Catch Stdev_Catch 
2022  0 16.5922 17.8164 0.999999 0.999999 0.999999 0.999999 1.88738e-14 
2023  0 16.5922 17.8164 27.16 27.16 27.16 27.16 3.71563e-06 
2024  0 16.5922 17.8164 31.4846 31.4847 31.4847 31.4847 8.0562e-06 
2025  0 16.5922 17.8164 5.96099 6.45422 7.76427 12.5389 4.55385 
2026  0 16.5922 17.8164 4.97931 5.87101 7.84822 15.1032 6.66376 
2027  0 16.5922 17.8164 4.14398 5.52217 8.37421 21.0155 8.6742 
2028  0 16.5922 17.8164 3.5103 5.49769 9.35267 30.0497 10.4519 
2029  0 16.5922 17.8164 3.04299 5.86716 10.6329 35.21 11.9835 
2030  0 16.5922 17.8164 2.72258 6.6275 11.9091 38.4435 13.0221 
2031  0 16.5922 17.8164 2.53011 7.63386 12.9772 39.4188 13.4614 
2032  0 16.5922 17.8164 2.45484 8.40495 13.8646 40.3629 13.7205 
2033  0 16.5922 17.8164 2.44424 9.22287 14.5493 41.8138 13.8589 
2034  0 16.5922 17.8164 2.48391 9.95644 15.0399 42.5526 13.7814 
2035  0 16.5922 17.8164 2.53218 10.867 15.4146 42.916 13.6481 
2036  0 16.5922 17.8164 2.59181 11.6328 15.7798 41.6813 13.5461 

Spawning_Biomass GOA_SABLE
Year SSB100 SSBabc SSBofl LowCI_SSB Median_SSB Mean_SSB UpperCI_SSB Stdev_SSB 
2022 243.623 97.4492 85.268 73.1477 73.1477 73.1477 73.1477 3.69482e-13 
2023 243.623 97.4492 85.268 69.4742 69.5134 69.7145 70.4777 0.74258 
2024 243.623 97.4492 85.268 56.8013 57.0593 57.8062 61.1765 2.42994 
2025 243.623 97.4492 85.268 44.2341 45.0823 46.9544 55.2562 5.72339 
2026 243.623 97.4492 85.268 40.0003 41.7887 45.0257 58.5766 10.0741 
2027 243.623 97.4492 85.268 36.3455 39.9274 45.4983 69.3836 17.2481 
2028 243.623 97.4492 85.268 33.4481 39.9307 48.7903 87.2815 26.8301 
2029 243.623 97.4492 85.268 31.3621 41.8035 54.5337 116.975 37.2303 
2030 243.623 97.4492 85.268 30.0408 45.4322 61.6964 141.206 46.6417 
2031 243.623 97.4492 85.268 29.5077 50.862 69.1782 164.303 54.1881 
2032 243.623 97.4492 85.268 30.0618 57.3851 76.1141 186.521 59.7331 
2033 243.623 97.4492 85.268 30.9655 62.6508 82.0716 202.122 63.3497 
2034 243.623 97.4492 85.268 32.001 66.7054 86.8995 208.101 65.229 
2035 243.623 97.4492 85.268 33.2922 69.575 90.6257 214.212 65.9158 
2036 243.623 97.4492 85.268 35.1969 72.7172 93.4562 225.201 65.9339 

Fishing_mortalityGOA_SABLE
Year F0 Fabc Fofl LowCI_F Median_F Mean_F UpperCI_F Stdev_F 
2022  0 0.0371005 0.0440885 0.00209605 0.00209605 0.00209605 0.00209605 4.46691e-17 
2023  0 0.0371005 0.0440885 0.05204 0.0583998 0.0573473 0.058667 0.00325796 
2024  0 0.0371005 0.0440885 0.0561054 0.0740205 0.0710483 0.0757062 0.00760664 
2025  0 0.0371005 0.0440885 0.0157743 0.0161143 0.0168618 0.0201915 0.00226789 
2026  0 0.0371005 0.0440885 0.0140776 0.0147943 0.0160208 0.0215222 0.00353847 
2027  0 0.0371005 0.0440885 0.012613 0.0140484 0.0159302 0.0258531 0.0049642 
2028  0 0.0371005 0.0440885 0.0114518 0.0140497 0.0166769 0.0330258 0.00650591 
2029  0 0.0371005 0.0440885 0.0106158 0.0148003 0.0180922 0.0371005 0.00798182 
2030  0 0.0371005 0.0440885 0.0100863 0.0162545 0.0197977 0.0371005 0.00904231 
2031  0 0.0371005 0.0440885 0.00987266 0.0184305 0.0214257 0.0371005 0.00951368 
2032  0 0.0371005 0.0440885 0.0100947 0.0210447 0.0229371 0.0371005 0.00970791 
2033  0 0.0371005 0.0440885 0.0104569 0.0231549 0.0242368 0.0371005 0.00970666 
2034  0 0.0371005 0.0440885 0.0108719 0.0247798 0.0253094 0.0371005 0.00954725 
2035  0 0.0371005 0.0440885 0.0113893 0.0259298 0.026216 0.0371005 0.00933089 
2036  0 0.0371005 0.0440885 0.0121526 0.0271891 0.0269817 0.0371005 0.00905428 

Total_BiomassGOA_SABLE
Year B100 Babc Bofl LowCI_Biom Median_Biom Mean_Biom UpperCI_Biom Stdev_Biom 
2022 616.74 329.383 303.459 418.508 418.508 418.508 418.508 4.83169e-12 
2023 616.74 329.383 303.459 415.285 418.744 436.479 503.8 65.5015 
2024 616.74 329.383 303.459 379.898 392.543 426.249 571.142 104.729 
2025 616.74 329.383 303.459 337.508 363.626 411.406 632.652 137.688 
2026 616.74 329.383 303.459 319.312 363.19 420.928 707.929 165.363 
2027 616.74 329.383 303.459 300.213 363.57 429.16 787.487 192.15 
2028 616.74 329.383 303.459 285.057 362.436 436.535 849.944 213.48 
2029 616.74 329.383 303.459 269.055 365.382 440.903 860.438 224.655 
2030 616.74 329.383 303.459 257.372 365.924 442.714 869.102 231.989 
2031 616.74 329.383 303.459 245.359 365.909 444.911 914.837 238.058 
2032 616.74 329.383 303.459 233.058 360.158 440.816 914.667 238.826 
2033 616.74 329.383 303.459 223.703 359.705 437.577 915.077 240.957 
2034 616.74 329.383 303.459 215.34 364.147 436.575 906.505 241.83 
2035 616.74 329.383 303.459 209.174 359.16 434.084 910.607 242.562 
2036 616.74 329.383 303.459 198.52 359.72 434.904 945.701 248.025 
Alternative 2 Alternative  Stock: GOA_SABLE
Catch GOA_SABLE
Year C0 Cabc Cofl LowCI_Catch Median_Catch Mean_Catch UpperCI_Catch Stdev_Catch 
2022  0 16.5922 17.8164 0.999999 0.999999 0.999999 0.999999 1.88738e-14 
2023  0 16.5922 17.8164 27.16 27.16 27.16 27.16 3.71563e-06 
2024  0 16.5922 17.8164 31.4846 31.4847 31.4847 31.4847 8.0562e-06 
2025  0 16.5922 17.8164 5.96099 6.45422 7.76427 12.5389 4.55385 
2026  0 16.5922 17.8164 4.97931 5.87101 7.84822 15.1032 6.66376 
2027  0 16.5922 17.8164 4.14398 5.52217 8.37421 21.0155 8.6742 
2028  0 16.5922 17.8164 3.5103 5.49769 9.35267 30.0497 10.4519 
2029  0 16.5922 17.8164 3.04299 5.86716 10.6329 35.21 11.9835 
2030  0 16.5922 17.8164 2.72258 6.6275 11.9091 38.4435 13.0221 
2031  0 16.5922 17.8164 2.53011 7.63386 12.9772 39.4188 13.4614 
2032  0 16.5922 17.8164 2.45484 8.40495 13.8646 40.3629 13.7205 
2033  0 16.5922 17.8164 2.44424 9.22287 14.5493 41.8138 13.8589 
2034  0 16.5922 17.8164 2.48391 9.95644 15.0399 42.5526 13.7814 
2035  0 16.5922 17.8164 2.53218 10.867 15.4146 42.916 13.6481 
2036  0 16.5922 17.8164 2.59181 11.6328 15.7798 41.6813 13.5461 

Spawning_Biomass GOA_SABLE
Year SSB100 SSBabc SSBofl LowCI_SSB Median_SSB Mean_SSB UpperCI_SSB Stdev_SSB 
2022 243.623 97.4492 85.268 73.1477 73.1477 73.1477 73.1477 3.69482e-13 
2023 243.623 97.4492 85.268 69.4742 69.5134 69.7145 70.4777 0.74258 
2024 243.623 97.4492 85.268 56.8013 57.0593 57.8062 61.1765 2.42994 
2025 243.623 97.4492 85.268 44.2341 45.0823 46.9544 55.2562 5.72339 
2026 243.623 97.4492 85.268 40.0003 41.7887 45.0257 58.5766 10.0741 
2027 243.623 97.4492 85.268 36.3455 39.9274 45.4983 69.3836 17.2481 
2028 243.623 97.4492 85.268 33.4481 39.9307 48.7903 87.2815 26.8301 
2029 243.623 97.4492 85.268 31.3621 41.8035 54.5337 116.975 37.2303 
2030 243.623 97.4492 85.268 30.0408 45.4322 61.6964 141.206 46.6417 
2031 243.623 97.4492 85.268 29.5077 50.862 69.1782 164.303 54.1881 
2032 243.623 97.4492 85.268 30.0618 57.3851 76.1141 186.521 59.7331 
2033 243.623 97.4492 85.268 30.9655 62.6508 82.0716 202.122 63.3497 
2034 243.623 97.4492 85.268 32.001 66.7054 86.8995 208.101 65.229 
2035 243.623 97.4492 85.268 33.2922 69.575 90.6257 214.212 65.9158 
2036 243.623 97.4492 85.268 35.1969 72.7172 93.4562 225.201 65.9339 

Fishing_mortalityGOA_SABLE
Year F0 Fabc Fofl LowCI_F Median_F Mean_F UpperCI_F Stdev_F 
2022  0 0.0371005 0.0440885 0.00209605 0.00209605 0.00209605 0.00209605 4.46691e-17 
2023  0 0.0371005 0.0440885 0.05204 0.0583998 0.0573473 0.058667 0.00325796 
2024  0 0.0371005 0.0440885 0.0561054 0.0740205 0.0710483 0.0757062 0.00760664 
2025  0 0.0371005 0.0440885 0.0157743 0.0161143 0.0168618 0.0201915 0.00226789 
2026  0 0.0371005 0.0440885 0.0140776 0.0147943 0.0160208 0.0215222 0.00353847 
2027  0 0.0371005 0.0440885 0.012613 0.0140484 0.0159302 0.0258531 0.0049642 
2028  0 0.0371005 0.0440885 0.0114518 0.0140497 0.0166769 0.0330258 0.00650591 
2029  0 0.0371005 0.0440885 0.0106158 0.0148003 0.0180922 0.0371005 0.00798182 
2030  0 0.0371005 0.0440885 0.0100863 0.0162545 0.0197977 0.0371005 0.00904231 
2031  0 0.0371005 0.0440885 0.00987266 0.0184305 0.0214257 0.0371005 0.00951368 
2032  0 0.0371005 0.0440885 0.0100947 0.0210447 0.0229371 0.0371005 0.00970791 
2033  0 0.0371005 0.0440885 0.0104569 0.0231549 0.0242368 0.0371005 0.00970666 
2034  0 0.0371005 0.0440885 0.0108719 0.0247798 0.0253094 0.0371005 0.00954725 
2035  0 0.0371005 0.0440885 0.0113893 0.0259298 0.026216 0.0371005 0.00933089 
2036  0 0.0371005 0.0440885 0.0121526 0.0271891 0.0269817 0.0371005 0.00905428 

Total_BiomassGOA_SABLE
Year B100 Babc Bofl LowCI_Biom Median_Biom Mean_Biom UpperCI_Biom Stdev_Biom 
2022 616.74 329.383 303.459 418.508 418.508 418.508 418.508 4.83169e-12 
2023 616.74 329.383 303.459 415.285 418.744 436.479 503.8 65.5015 
2024 616.74 329.383 303.459 379.898 392.543 426.249 571.142 104.729 
2025 616.74 329.383 303.459 337.508 363.626 411.406 632.652 137.688 
2026 616.74 329.383 303.459 319.312 363.19 420.928 707.929 165.363 
2027 616.74 329.383 303.459 300.213 363.57 429.16 787.487 192.15 
2028 616.74 329.383 303.459 285.057 362.436 436.535 849.944 213.48 
2029 616.74 329.383 303.459 269.055 365.382 440.903 860.438 224.655 
2030 616.74 329.383 303.459 257.372 365.924 442.714 869.102 231.989 
2031 616.74 329.383 303.459 245.359 365.909 444.911 914.837 238.058 
2032 616.74 329.383 303.459 233.058 360.158 440.816 914.667 238.826 
2033 616.74 329.383 303.459 223.703 359.705 437.577 915.077 240.957 
2034 616.74 329.383 303.459 215.34 364.147 436.575 906.505 241.83 
2035 616.74 329.383 303.459 209.174 359.16 434.084 910.607 242.562 
2036 616.74 329.383 303.459 198.52 359.72 434.904 945.701 248.025 
Alternative 3 Alternative  Stock: GOA_SABLE
Catch GOA_SABLE
Year C0 Cabc Cofl LowCI_Catch Median_Catch Mean_Catch UpperCI_Catch Stdev_Catch 
2022  0 16.5922 17.8164 0.999999 0.999999 0.999999 0.999999 1.88738e-14 
2023  0 16.5922 17.8164 27.16 27.16 27.16 27.16 3.71563e-06 
2024  0 16.5922 17.8164 31.4846 31.4847 31.4847 31.4847 8.0562e-06 
2025  0 16.5922 17.8164 20.2117 21.4382 23.787 33.8706 7.02334 
2026  0 16.5922 17.8164 17.9403 20.1431 23.2388 38.2245 9.15806 
2027  0 16.5922 17.8164 15.7782 18.9814 22.8503 41.2611 11.1302 
2028  0 16.5922 17.8164 13.9472 18.1538 22.605 46.1025 12.7427 
2029  0 16.5922 17.8164 12.2849 17.7661 22.4095 48.6887 13.9189 
2030  0 16.5922 17.8164 11.0263 17.2671 22.2268 48.9413 14.6397 
2031  0 16.5922 17.8164 9.96974 17.0399 22.1155 49.7705 15.054 
2032  0 16.5922 17.8164 9.10839 16.6487 21.884 51.5396 15.2756 
2033  0 16.5922 17.8164 8.49918 16.387 21.6619 51.8451 15.3567 
2034  0 16.5922 17.8164 7.99617 16.7795 21.5282 52.8729 15.2913 
2035  0 16.5922 17.8164 7.46945 16.8516 21.428 50.5103 15.2657 
2036  0 16.5922 17.8164 7.04529 16.8995 21.4789 50.4113 15.3239 

Spawning_Biomass GOA_SABLE
Year SSB100 SSBabc SSBofl LowCI_SSB Median_SSB Mean_SSB UpperCI_SSB Stdev_SSB 
2022 243.623 97.4492 85.268 73.1477 73.1477 73.1477 73.1477 3.69482e-13 
2023 243.623 97.4492 85.268 69.4742 69.5134 69.7145 70.4777 0.74258 
2024 243.623 97.4492 85.268 56.8013 57.0593 57.8062 61.1765 2.42994 
2025 243.623 97.4492 85.268 44.2341 45.0823 46.9544 55.2562 5.72339 
2026 243.623 97.4492 85.268 36.2075 37.9645 41.1033 54.1497 9.89515 
2027 243.623 97.4492 85.268 29.6992 32.9773 38.2849 60.6824 16.4578 
2028 243.623 97.4492 85.268 24.7083 30.3883 38.4773 74.661 24.7461 
2029 243.623 97.4492 85.268 20.9943 29.7173 40.9963 95.8546 33.1921 
2030 243.623 97.4492 85.268 18.4575 31.064 44.7776 113.616 40.3246 
2031 243.623 97.4492 85.268 16.8486 33.4537 48.8934 132.619 45.6514 
2032 243.623 97.4492 85.268 16.338 36.384 52.6753 146.326 49.2851 
2033 243.623 97.4492 85.268 16.0752 38.6336 55.8528 152.076 51.4221 
2034 243.623 97.4492 85.268 15.9611 40.4548 58.3541 155.723 52.2997 
2035 243.623 97.4492 85.268 16.3703 41.7884 60.2152 161.872 52.4197 
2036 243.623 97.4492 85.268 16.6645 44.7426 61.6127 168.571 52.1667 

Fishing_mortalityGOA_SABLE
Year F0 Fabc Fofl LowCI_F Median_F Mean_F UpperCI_F Stdev_F 
2022  0 0.0371005 0.0440885 0.00209605 0.00209605 0.00209605 0.00209605 4.46691e-17 
2023  0 0.0371005 0.0440885 0.05204 0.0583998 0.0573473 0.058667 0.00325796 
2024  0 0.0371005 0.0440885 0.0561054 0.0740205 0.0710483 0.0757062 0.00760664 
2025  0 0.0371005 0.0440885 0.0549517 0.0549517 0.0549517 0.0549517 1.33227e-15 
2026  0 0.0371005 0.0440885 0.0549517 0.0549517 0.0549517 0.0549517 1.33227e-15 
2027  0 0.0371005 0.0440885 0.0549517 0.0549517 0.0549517 0.0549517 1.33227e-15 
2028  0 0.0371005 0.0440885 0.0549517 0.0549517 0.0549517 0.0549517 1.33227e-15 
2029  0 0.0371005 0.0440885 0.0549517 0.0549517 0.0549517 0.0549517 1.33227e-15 
2030  0 0.0371005 0.0440885 0.0549517 0.0549517 0.0549517 0.0549517 1.33227e-15 
2031  0 0.0371005 0.0440885 0.0549517 0.0549517 0.0549517 0.0549517 1.33227e-15 
2032  0 0.0371005 0.0440885 0.0549517 0.0549517 0.0549517 0.0549517 1.33227e-15 
2033  0 0.0371005 0.0440885 0.0549517 0.0549517 0.0549517 0.0549517 1.33227e-15 
2034  0 0.0371005 0.0440885 0.0549517 0.0549517 0.0549517 0.0549517 1.33227e-15 
2035  0 0.0371005 0.0440885 0.0549517 0.0549517 0.0549517 0.0549517 1.33227e-15 
2036  0 0.0371005 0.0440885 0.0549517 0.0549517 0.0549517 0.0549517 1.33227e-15 

Total_BiomassGOA_SABLE
Year B100 Babc Bofl LowCI_Biom Median_Biom Mean_Biom UpperCI_Biom Stdev_Biom 
2022 616.74 329.383 303.459 418.508 418.508 418.508 418.508 4.83169e-12 
2023 616.74 329.383 303.459 415.285 418.744 436.479 503.8 65.5015 
2024 616.74 329.383 303.459 379.898 392.543 426.249 571.142 104.729 
2025 616.74 329.383 303.459 337.508 363.626 411.406 632.652 137.688 
2026 616.74 329.383 303.459 305.72 348.515 405.219 683.775 162.378 
2027 616.74 329.383 303.459 275.28 335.821 398.988 737.133 185.778 
2028 616.74 329.383 303.459 250.795 321.63 393.476 787.623 203.822 
2029 616.74 329.383 303.459 226.561 315.091 386.851 781.135 211.691 
2030 616.74 329.383 303.459 209.844 307.186 379.794 781.666 216.69 
2031 616.74 329.383 303.459 192.768 300.19 375.177 809.478 221.193 
2032 616.74 329.383 303.459 177.972 290.703 365.951 815.699 220.13 
2033 616.74 329.383 303.459 165.687 287.355 359.149 796.497 221.222 
2034 616.74 329.383 303.459 155.241 290.174 355.862 786.276 221.829 
2035 616.74 329.383 303.459 147.333 281.999 351.972 787.117 222.248 
2036 616.74 329.383 303.459 137.909 285.163 352.051 824.949 227.869 
Alternative 4 Alternative  Stock: GOA_SABLE
Catch GOA_SABLE
Year C0 Cabc Cofl LowCI_Catch Median_Catch Mean_Catch UpperCI_Catch Stdev_Catch 
2022  0 16.5922 17.8164 0.999999 0.999999 0.999999 0.999999 1.88738e-14 
2023  0 16.5922 17.8164 27.16 27.16 27.16 27.16 3.71563e-06 
2024  0 16.5922 17.8164 31.4846 31.4847 31.4847 31.4847 8.0562e-06 
2025  0 16.5922 17.8164 3.70271 3.9251 4.35349 6.19787 1.28041 
2026  0 16.5922 17.8164 3.49212 3.90916 4.50212 7.29416 1.75636 
2027  0 16.5922 17.8164 3.25524 3.8899 4.6644 8.48725 2.24153 
2028  0 16.5922 17.8164 3.04319 3.89439 4.84168 9.71643 2.68792 
2029  0 16.5922 17.8164 2.82555 3.97663 5.0199 10.589 3.07193 
2030  0 16.5922 17.8164 2.64639 4.0673 5.19253 11.6399 3.37495 
2031  0 16.5922 17.8164 2.50877 4.14265 5.36801 12.2966 3.61036 
2032  0 16.5922 17.8164 2.38976 4.20319 5.5117 12.677 3.7928 
2033  0 16.5922 17.8164 2.27963 4.29505 5.64573 13.4493 3.92878 
2034  0 16.5922 17.8164 2.23933 4.43326 5.78193 13.5783 4.01271 
2035  0 16.5922 17.8164 2.18424 4.66597 5.91057 14.1339 4.07866 
2036  0 16.5922 17.8164 2.11846 4.82978 6.05412 14.4193 4.13591 

Spawning_Biomass GOA_SABLE
Year SSB100 SSBabc SSBofl LowCI_SSB Median_SSB Mean_SSB UpperCI_SSB Stdev_SSB 
2022 243.623 97.4492 85.268 73.1477 73.1477 73.1477 73.1477 3.69482e-13 
2023 243.623 97.4492 85.268 69.4742 69.5134 69.7145 70.4777 0.74258 
2024 243.623 97.4492 85.268 56.8013 57.0593 57.8062 61.1765 2.42994 
2025 243.623 97.4492 85.268 44.2341 45.0823 46.9544 55.2562 5.72339 
2026 243.623 97.4492 85.268 40.6166 42.4439 45.8427 59.9983 10.6197 
2027 243.623 97.4492 85.268 37.306 41.0606 47.0894 72.4769 19.0088 
2028 243.623 97.4492 85.268 34.5725 41.3669 51.406 93.2165 30.885 
2029 243.623 97.4492 85.268 32.4758 43.7053 58.7098 128.504 44.7806 
2030 243.623 97.4492 85.268 31.1674 47.9939 68.1413 171.613 58.5847 
2031 243.623 97.4492 85.268 30.5007 54.1234 78.6035 200.65 70.919 
2032 243.623 97.4492 85.268 31.0543 61.8146 89.093 237.87 81.2263 
2033 243.623 97.4492 85.268 32.1084 68.9573 99.0003 267.741 89.2732 
2034 243.623 97.4492 85.268 33.2407 76.2408 107.987 283.249 95.0124 
2035 243.623 97.4492 85.268 35.0469 82.4418 115.914 298.221 98.8477 
2036 243.623 97.4492 85.268 35.8516 87.8049 122.868 319.151 101.357 

Fishing_mortalityGOA_SABLE
Year F0 Fabc Fofl LowCI_F Median_F Mean_F UpperCI_F Stdev_F 
2022  0 0.0371005 0.0440885 0.00209605 0.00209605 0.00209605 0.00209605 4.46691e-17 
2023  0 0.0371005 0.0440885 0.05204 0.0583998 0.0573473 0.058667 0.00325796 
2024  0 0.0371005 0.0440885 0.0561054 0.0740205 0.0710483 0.0757062 0.00760664 
2025  0 0.0371005 0.0440885 0.00976191 0.00976191 0.00976191 0.00976191 3.98986e-17 
2026  0 0.0371005 0.0440885 0.00976191 0.00976191 0.00976191 0.00976191 3.98986e-17 
2027  0 0.0371005 0.0440885 0.00976191 0.00976191 0.00976191 0.00976191 3.98986e-17 
2028  0 0.0371005 0.0440885 0.00976191 0.00976191 0.00976191 0.00976191 3.98986e-17 
2029  0 0.0371005 0.0440885 0.00976191 0.00976191 0.00976191 0.00976191 3.98986e-17 
2030  0 0.0371005 0.0440885 0.00976191 0.00976191 0.00976097 0.00976191 1.97152e-05 
2031  0 0.0371005 0.0440885 0.00976191 0.00976191 0.00975512 0.00976191 6.74866e-05 
2032  0 0.0371005 0.0440885 0.00976191 0.00976191 0.00974764 0.00976191 0.000119027 
2033  0 0.0371005 0.0440885 0.00976191 0.00976191 0.00974546 0.00976191 0.000145997 
2034  0 0.0371005 0.0440885 0.00976191 0.00976191 0.00974684 0.00976191 0.00014633 
2035  0 0.0371005 0.0440885 0.00976191 0.00976191 0.00975019 0.00976191 0.000119637 
2036  0 0.0371005 0.0440885 0.00976191 0.00976191 0.0097559 0.00976191 6.8603e-05 

Total_BiomassGOA_SABLE
Year B100 Babc Bofl LowCI_Biom Median_Biom Mean_Biom UpperCI_Biom Stdev_Biom 
2022 616.74 329.383 303.459 418.508 418.508 418.508 418.508 4.83169e-12 
2023 616.74 329.383 303.459 415.285 418.744 436.479 503.8 65.5015 
2024 616.74 329.383 303.459 379.898 392.543 426.249 571.142 104.729 
2025 616.74 329.383 303.459 337.508 363.626 411.406 632.652 137.688 
2026 616.74 329.383 303.459 321.464 365.808 424.327 715.821 168.273 
2027 616.74 329.383 303.459 303.747 368.156 435.817 801.314 199.173 
2028 616.74 329.383 303.459 289.226 369.216 446.711 883.269 225.364 
2029 616.74 329.383 303.459 273.113 373.775 455.258 936.255 242.358 
2030 616.74 329.383 303.459 261.801 375.533 462.141 957.739 255.686 
2031 616.74 329.383 303.459 249.455 379.296 470.221 991.114 267.43 
2032 616.74 329.383 303.459 237.9 379.736 472.529 1008.61 273.824 
2033 616.74 329.383 303.459 228.741 380.783 476.002 1037.66 280.75 
2034 616.74 329.383 303.459 222.198 392.902 481.783 1043.79 285.212 
2035 616.74 329.383 303.459 213.434 394.044 485.922 1067.73 289.169 
2036 616.74 329.383 303.459 205.087 404.237 493.107 1099.81 296.309 
Alternative 5 Alternative  Stock: GOA_SABLE
Catch GOA_SABLE
Year C0 Cabc Cofl LowCI_Catch Median_Catch Mean_Catch UpperCI_Catch Stdev_Catch 
2022  0 16.5922 17.8164 0.999999 0.999999 0.999999 0.999999 1.88738e-14 
2023  0 16.5922 17.8164 27.16 27.16 27.16 27.16 3.71563e-06 
2024  0 16.5922 17.8164 31.4846 31.4847 31.4847 31.4847 8.0562e-06 
2025  0 16.5922 17.8164 0 0 0 0 0 
2026  0 16.5922 17.8164 0 0 0 0 0 
2027  0 16.5922 17.8164 0 0 0 0 0 
2028  0 16.5922 17.8164 0 0 0 0 0 
2029  0 16.5922 17.8164 0 0 0 0 0 
2030  0 16.5922 17.8164 0 0 0 0 0 
2031  0 16.5922 17.8164 0 0 0 0 0 
2032  0 16.5922 17.8164 0 0 0 0 0 
2033  0 16.5922 17.8164 0 0 0 0 0 
2034  0 16.5922 17.8164 0 0 0 0 0 
2035  0 16.5922 17.8164 0 0 0 0 0 
2036  0 16.5922 17.8164 0 0 0 0 0 

Spawning_Biomass GOA_SABLE
Year SSB100 SSBabc SSBofl LowCI_SSB Median_SSB Mean_SSB UpperCI_SSB Stdev_SSB 
2022 243.623 97.4492 85.268 73.1477 73.1477 73.1477 73.1477 3.69482e-13 
2023 243.623 97.4492 85.268 69.4742 69.5134 69.7145 70.4777 0.74258 
2024 243.623 97.4492 85.268 56.8013 57.0593 57.8062 61.1765 2.42994 
2025 243.623 97.4492 85.268 44.2341 45.0823 46.9544 55.2562 5.72339 
2026 243.623 97.4492 85.268 41.6369 43.49 46.9387 61.3462 10.7837 
2027 243.623 97.4492 85.268 39.1936 43.0185 49.2586 75.5643 19.6132 
2028 243.623 97.4492 85.268 37.2027 44.2084 54.7758 97.8886 32.4117 
2029 243.623 97.4492 85.268 35.7634 47.5545 63.5596 136.694 47.8101 
2030 243.623 97.4492 85.268 34.9961 52.8657 74.8245 187.335 63.6015 
2031 243.623 97.4492 85.268 34.8867 60.6211 87.4522 220.188 78.2023 
2032 243.623 97.4492 85.268 35.8311 69.8309 100.359 265.15 90.8625 
2033 243.623 97.4492 85.268 37.6567 79.0214 112.84 303.871 101.198 
2034 243.623 97.4492 85.268 39.4078 87.1975 124.468 323.334 109.043 
2035 243.623 97.4492 85.268 41.4271 96.0769 135.036 354.172 114.717 
2036 243.623 97.4492 85.268 43.1667 103.793 144.578 369.986 118.797 

Fishing_mortalityGOA_SABLE
Year F0 Fabc Fofl LowCI_F Median_F Mean_F UpperCI_F Stdev_F 
2022  0 0.0371005 0.0440885 0.00209605 0.00209605 0.00209605 0.00209605 4.46691e-17 
2023  0 0.0371005 0.0440885 0.05204 0.0583998 0.0573473 0.058667 0.00325796 
2024  0 0.0371005 0.0440885 0.0561054 0.0740205 0.0710483 0.0757062 0.00760664 
2025  0 0.0371005 0.0440885 0 0 0 0 0 
2026  0 0.0371005 0.0440885 0 0 0 0 0 
2027  0 0.0371005 0.0440885 0 0 0 0 0 
2028  0 0.0371005 0.0440885 0 0 0 0 0 
2029  0 0.0371005 0.0440885 0 0 0 0 0 
2030  0 0.0371005 0.0440885 0 0 0 0 0 
2031  0 0.0371005 0.0440885 0 0 0 0 0 
2032  0 0.0371005 0.0440885 0 0 0 0 0 
2033  0 0.0371005 0.0440885 0 0 0 0 0 
2034  0 0.0371005 0.0440885 0 0 0 0 0 
2035  0 0.0371005 0.0440885 0 0 0 0 0 
2036  0 0.0371005 0.0440885 0 0 0 0 0 

Total_BiomassGOA_SABLE
Year B100 Babc Bofl LowCI_Biom Median_Biom Mean_Biom UpperCI_Biom Stdev_Biom 
2022 616.74 329.383 303.459 418.508 418.508 418.508 418.508 4.83169e-12 
2023 616.74 329.383 303.459 415.285 418.744 436.479 503.8 65.5015 
2024 616.74 329.383 303.459 379.898 392.543 426.249 571.142 104.729 
2025 616.74 329.383 303.459 337.508 363.626 411.406 632.652 137.688 
2026 616.74 329.383 303.459 324.999 369.71 428.611 721.811 169.594 
2027 616.74 329.383 303.459 310.449 375.128 444.368 816.069 202.289 
2028 616.74 329.383 303.459 298.562 380.005 459.498 912.585 230.585 
2029 616.74 329.383 303.459 284.834 388.843 472.235 956.596 250.076 
2030 616.74 329.383 303.459 275.243 393.115 483.239 1004.79 265.913 
2031 616.74 329.383 303.459 264.584 398.88 495.341 1031.1 280.08 
2032 616.74 329.383 303.459 254.485 403.153 501.56 1062.47 289.034 
2033 616.74 329.383 303.459 246.258 405.061 508.782 1102.17 298.225 
2034 616.74 329.383 303.459 242.053 424.973 518.134 1123.82 304.552 
2035 616.74 329.383 303.459 232.461 426.823 525.672 1150.41 310.262 
2036 616.74 329.383 303.459 226.51 441.927 536.082 1189.47 318.638 
Alternative 6 Alternative  Stock: GOA_SABLE
Catch GOA_SABLE
Year C0 Cabc Cofl LowCI_Catch Median_Catch Mean_Catch UpperCI_Catch Stdev_Catch 
2022  0 16.5922 17.8164 0.999999 0.999999 0.999999 0.999999 1.88738e-14 
2023  0 16.5922 17.8164 14.5339 14.6053 14.9858 16.3838 1.44879 
2024  0 16.5922 17.8164 11.9634 12.2484 13.1285 16.5816 2.97213 
2025  0 16.5922 17.8164 9.73175 10.3794 11.9271 17.7799 5.19191 
2026  0 16.5922 17.8164 7.85722 9.02743 11.4244 20.9711 7.76592 
2027  0 16.5922 17.8164 6.34602 8.14873 11.5597 27.3304 10.099 
2028  0 16.5922 17.8164 5.2187 7.78491 12.2963 35.7341 12.1222 
2029  0 16.5922 17.8164 4.39731 7.93027 13.3971 41.4567 13.7663 
2030  0 16.5922 17.8164 3.79896 8.53462 14.5178 44.1531 14.8478 
2031  0 16.5922 17.8164 3.44105 9.45802 15.4417 44.641 15.2675 
2032  0 16.5922 17.8164 3.24138 10.1421 16.1851 46.2036 15.5083 
2033  0 16.5922 17.8164 3.12225 10.7516 16.7241 47.947 15.6191 
2034  0 16.5922 17.8164 3.06247 11.3327 17.0841 47.998 15.4981 
2035  0 16.5922 17.8164 3.06588 12.1584 17.3326 48.1183 15.3245 
2036  0 16.5922 17.8164 3.03184 12.7341 17.601 46.7415 15.1988 

Spawning_Biomass GOA_SABLE
Year SSB100 SSBabc SSBofl LowCI_SSB Median_SSB Mean_SSB UpperCI_SSB Stdev_SSB 
2022 243.623 97.4492 85.268 73.1477 73.1477 73.1477 73.1477 3.69482e-13 
2023 243.623 97.4492 85.268 69.4742 69.5134 69.7145 70.4777 0.74258 
2024 243.623 97.4492 85.268 60.9568 61.1577 61.7629 64.3227 1.94269 
2025 243.623 97.4492 85.268 53.7141 54.3536 55.7536 61.6484 4.38318 
2026 243.623 97.4492 85.268 47.5458 49.1784 52.0039 64.0881 8.86376 
2027 243.623 97.4492 85.268 42.3814 45.7636 50.9979 73.5102 15.9615 
2028 243.623 97.4492 85.268 38.2989 44.5858 52.9707 90.5471 25.1883 
2029 243.623 97.4492 85.268 35.2685 45.3502 57.3958 116.866 34.9401 
2030 243.623 97.4492 85.268 33.1517 48.0448 63.1676 135.829 43.5019 
2031 243.623 97.4492 85.268 31.9262 52.4486 69.2087 158.742 50.1361 
2032 243.623 97.4492 85.268 31.9072 58.0014 74.728 177.833 54.8272 
2033 243.623 97.4492 85.268 32.2647 61.9074 79.3637 187.564 57.7279 
2034 243.623 97.4492 85.268 32.8269 64.9715 83.0115 191.943 59.0704 
2035 243.623 97.4492 85.268 33.7681 66.5184 85.7152 200.594 59.403 
2036 243.623 97.4492 85.268 34.8661 69.8905 87.6849 204.928 59.2042 

Fishing_mortalityGOA_SABLE
Year F0 Fabc Fofl LowCI_F Median_F Mean_F UpperCI_F Stdev_F 
2022  0 0.0371005 0.0440885 0.00209605 0.00209605 0.00209605 0.00209605 4.46691e-17 
2023  0 0.0371005 0.0440885 0.0307658 0.0307844 0.0308802 0.0312437 0.000353648 
2024  0 0.0371005 0.0440885 0.0267095 0.0268052 0.0270934 0.0283125 0.000925189 
2025  0 0.0371005 0.0440885 0.0232603 0.0235648 0.02423 0.0270389 0.00207175 
2026  0 0.0371005 0.0440885 0.0203226 0.0211002 0.0223696 0.0282007 0.00368888 
2027  0 0.0371005 0.0440885 0.0178632 0.0194739 0.0215653 0.0326879 0.00542425 
2028  0 0.0371005 0.0440885 0.0159189 0.018913 0.0218564 0.0408015 0.00727353 
2029  0 0.0371005 0.0440885 0.0144757 0.019277 0.0229847 0.0440885 0.00898934 
2030  0 0.0371005 0.0440885 0.0134676 0.0205603 0.0245076 0.0440885 0.0102318 
2031  0 0.0371005 0.0440885 0.012884 0.0226575 0.0260134 0.0440885 0.0108328 
2032  0 0.0371005 0.0440885 0.0128749 0.025302 0.0274388 0.0440885 0.0111284 
2033  0 0.0371005 0.0440885 0.0130452 0.0271622 0.0286621 0.0440885 0.0111942 
2034  0 0.0371005 0.0440885 0.0133129 0.0286214 0.0296845 0.0440885 0.0110994 
2035  0 0.0371005 0.0440885 0.0137612 0.0293581 0.0305314 0.0440885 0.0109117 
2036  0 0.0371005 0.0440885 0.0142841 0.030964 0.0312512 0.0440885 0.0106633 

Total_BiomassGOA_SABLE
Year B100 Babc Bofl LowCI_Biom Median_Biom Mean_Biom UpperCI_Biom Stdev_Biom 
2022 616.74 329.383 303.459 418.508 418.508 418.508 418.508 4.83169e-12 
2023 616.74 329.383 303.459 415.285 418.744 436.479 503.8 65.5015 
2024 616.74 329.383 303.459 392.197 404.745 438.178 581.163 103.702 
2025 616.74 329.383 303.459 367.92 393.823 440.633 662.899 134.582 
2026 616.74 329.383 303.459 344.32 387.905 444.551 719.453 162.128 
2027 616.74 329.383 303.459 320.8 383.523 447.755 799.416 188.221 
2028 616.74 329.383 303.459 302.036 377.775 450.565 852.37 208.662 
2029 616.74 329.383 303.459 282.913 377.397 450.745 857.417 218.7 
2030 616.74 329.383 303.459 268.486 374.526 448.731 868.027 225.061 
2031 616.74 329.383 303.459 254.513 370.908 447.473 896.49 230.358 
2032 616.74 329.383 303.459 239.691 360.66 440.295 903.701 230.326 
2033 616.74 329.383 303.459 229.603 357.665 434.344 902.343 231.884 
2034 616.74 329.383 303.459 219.288 361.224 430.994 883.799 232.487 
2035 616.74 329.383 303.459 210.196 356.253 426.487 876.877 232.968 
2036 616.74 329.383 303.459 200.181 353.124 425.596 924.815 238.499 
Alternative 7 Alternative  Stock: GOA_SABLE
Catch GOA_SABLE
Year C0 Cabc Cofl LowCI_Catch Median_Catch Mean_Catch UpperCI_Catch Stdev_Catch 
2022  0 16.5922 17.8164 0.999999 0.999999 0.999999 0.999999 1.88738e-14 
2023  0 16.5922 17.8164 12.2739 12.3341 12.6551 13.8343 1.22211 
2024  0 16.5922 17.8164 10.3044 10.5479 11.3023 14.2507 2.54706 
2025  0 16.5922 17.8164 10.0933 10.7577 12.3468 18.3092 5.32098 
2026  0 16.5922 17.8164 8.12679 9.32384 11.7595 21.4709 7.85618 
2027  0 16.5922 17.8164 6.54825 8.38244 11.8279 27.803 10.1588 
2028  0 16.5922 17.8164 5.37159 7.97358 12.5138 35.9375 12.1708 
2029  0 16.5922 17.8164 4.5138 8.09478 13.5679 41.6679 13.7934 
2030  0 16.5922 17.8164 3.88853 8.65252 14.6494 44.2465 14.86 
2031  0 16.5922 17.8164 3.51277 9.58286 15.5412 44.9777 15.2716 
2032  0 16.5922 17.8164 3.29924 10.2143 16.2599 46.2291 15.5092 
2033  0 16.5922 17.8164 3.16418 10.8209 16.779 47.9723 15.6174 
2034  0 16.5922 17.8164 3.10065 11.3844 17.1244 47.9952 15.4943 
2035  0 16.5922 17.8164 3.09676 12.1804 17.3622 48.121 15.3208 
2036  0 16.5922 17.8164 3.05165 12.7692 17.6226 46.7521 15.1954 

Spawning_Biomass GOA_SABLE
Year SSB100 SSBabc SSBofl LowCI_SSB Median_SSB Mean_SSB UpperCI_SSB Stdev_SSB 
2022 243.623 97.4492 85.268 73.1477 73.1477 73.1477 73.1477 3.69482e-13 
2023 243.623 97.4492 85.268 69.4742 69.5134 69.7145 70.4777 0.74258 
2024 243.623 97.4492 85.268 61.7146 61.9173 62.5257 65.104 1.95746 
2025 243.623 97.4492 85.268 54.9221 55.566 56.9848 62.971 4.44565 
2026 243.623 97.4492 85.268 48.5319 50.1793 53.019 65.1421 8.94413 
2027 243.623 97.4492 85.268 43.1927 46.5833 51.8464 74.553 16.0723 
2028 243.623 97.4492 85.268 38.9699 45.2584 53.6844 91.1474 25.3293 
2029 243.623 97.4492 85.268 35.8256 45.902 57.99 117.237 35.0882 
2030 243.623 97.4492 85.268 33.6262 48.5028 63.6493 137.005 43.6275 
2031 243.623 97.4492 85.268 32.3107 52.8662 69.5855 158.854 50.2208 
2032 243.623 97.4492 85.268 32.2215 58.2406 75.0125 177.935 54.8706 
2033 243.623 97.4492 85.268 32.5242 62.0659 79.5713 188.158 57.7395 
2034 243.623 97.4492 85.268 33.0359 65.1295 83.1585 192.472 59.0617 
2035 243.623 97.4492 85.268 33.9237 66.5946 85.816 200.625 59.3831 
2036 243.623 97.4492 85.268 35.0086 69.9052 87.7517 204.883 59.1795 

Fishing_mortalityGOA_SABLE
Year F0 Fabc Fofl LowCI_F Median_F Mean_F UpperCI_F Stdev_F 
2022  0 0.0371005 0.0440885 0.00209605 0.00209605 0.00209605 0.00209605 4.46691e-17 
2023  0 0.0371005 0.0440885 0.0258894 0.0259051 0.0259857 0.0262916 0.000297596 
2024  0 0.0371005 0.0440885 0.0227797 0.022861 0.0231048 0.0241381 0.000784465 
2025  0 0.0371005 0.0440885 0.0238355 0.0241422 0.0248153 0.0276687 0.00209241 
2026  0 0.0371005 0.0440885 0.0207923 0.0215768 0.0228452 0.0287027 0.00367949 
2027  0 0.0371005 0.0440885 0.0182496 0.0198643 0.0219519 0.0331845 0.00539414 
2028  0 0.0371005 0.0440885 0.0162385 0.0192333 0.0221709 0.0410874 0.00723931 
2029  0 0.0371005 0.0440885 0.0147411 0.0195398 0.0232332 0.0440885 0.00894331 
2030  0 0.0371005 0.0440885 0.0136936 0.0207784 0.0246994 0.0440885 0.0101808 
2031  0 0.0371005 0.0440885 0.0130671 0.0228564 0.0261571 0.0440885 0.0107799 
2032  0 0.0371005 0.0440885 0.0130247 0.0254159 0.0275456 0.0440885 0.0110813 
2033  0 0.0371005 0.0440885 0.0131688 0.0272377 0.0287393 0.0440885 0.011153 
2034  0 0.0371005 0.0440885 0.0134125 0.0286967 0.0297399 0.0440885 0.0110658 
2035  0 0.0371005 0.0440885 0.0138353 0.0293944 0.0305708 0.0440885 0.0108854 
2036  0 0.0371005 0.0440885 0.014352 0.0309711 0.0312785 0.0440885 0.0106434 

Total_BiomassGOA_SABLE
Year B100 Babc Bofl LowCI_Biom Median_Biom Mean_Biom UpperCI_Biom Stdev_Biom 
2022 616.74 329.383 303.459 418.508 418.508 418.508 418.508 4.83169e-12 
2023 616.74 329.383 303.459 415.285 418.744 436.479 503.8 65.5015 
2024 616.74 329.383 303.459 394.403 406.977 440.471 584.017 103.917 
2025 616.74 329.383 303.459 371.61 397.595 444.617 666.649 135.215 
2026 616.74 329.383 303.459 347.45 391.097 447.925 725.158 162.603 
2027 616.74 329.383 303.459 323.455 386.258 450.597 802.972 188.562 
2028 616.74 329.383 303.459 304.308 380.29 452.944 854.774 208.881 
2029 616.74 329.383 303.459 284.883 379.348 452.723 859.218 218.819 
2030 616.74 329.383 303.459 270.154 376.131 450.369 869.166 225.111 
2031 616.74 329.383 303.459 255.967 372.149 448.83 897.514 230.366 
2032 616.74 329.383 303.459 240.928 361.908 441.419 904.638 230.305 
2033 616.74 329.383 303.459 230.639 358.657 435.278 902.947 231.846 
2034 616.74 329.383 303.459 220.178 362.212 431.774 884.407 232.441 
2035 616.74 329.383 303.459 210.98 356.942 427.141 877.569 232.922 
2036 616.74 329.383 303.459 200.772 353.666 426.148 925.342 238.456 
