GOA_SABLE 1 2022 Cabc 16.5922
GOA_SABLE 1 2022 Cofl 17.8164
GOA_SABLE 1 2022 CLCI 0.999999
GOA_SABLE 1 2022 CUCI 0.999999
GOA_SABLE 1 2022 CMedian 0.999999
GOA_SABLE 1 2022 CMean 0.999999
GOA_SABLE 1 2022 CStdn 1.88738e-14
GOA_SABLE 1 2023 Cabc 16.5922
GOA_SABLE 1 2023 Cofl 17.8164
GOA_SABLE 1 2023 CLCI 27.16
GOA_SABLE 1 2023 CUCI 27.16
GOA_SABLE 1 2023 CMedian 27.16
GOA_SABLE 1 2023 CMean 27.16
GOA_SABLE 1 2023 CStdn 3.71563e-06
GOA_SABLE 1 2024 Cabc 16.5922
GOA_SABLE 1 2024 Cofl 17.8164
GOA_SABLE 1 2024 CLCI 31.4846
GOA_SABLE 1 2024 CUCI 31.4847
GOA_SABLE 1 2024 CMedian 31.4847
GOA_SABLE 1 2024 CMean 31.4847
GOA_SABLE 1 2024 CStdn 8.0562e-06
GOA_SABLE 1 2025 Cabc 16.5922
GOA_SABLE 1 2025 Cofl 17.8164
GOA_SABLE 1 2025 CLCI 5.96099
GOA_SABLE 1 2025 CUCI 12.5389
GOA_SABLE 1 2025 CMedian 6.45422
GOA_SABLE 1 2025 CMean 7.76427
GOA_SABLE 1 2025 CStdn 4.55385
GOA_SABLE 1 2026 Cabc 16.5922
GOA_SABLE 1 2026 Cofl 17.8164
GOA_SABLE 1 2026 CLCI 4.97931
GOA_SABLE 1 2026 CUCI 15.1032
GOA_SABLE 1 2026 CMedian 5.87101
GOA_SABLE 1 2026 CMean 7.84822
GOA_SABLE 1 2026 CStdn 6.66376
GOA_SABLE 1 2027 Cabc 16.5922
GOA_SABLE 1 2027 Cofl 17.8164
GOA_SABLE 1 2027 CLCI 4.14398
GOA_SABLE 1 2027 CUCI 21.0155
GOA_SABLE 1 2027 CMedian 5.52217
GOA_SABLE 1 2027 CMean 8.37421
GOA_SABLE 1 2027 CStdn 8.6742
GOA_SABLE 1 2028 Cabc 16.5922
GOA_SABLE 1 2028 Cofl 17.8164
GOA_SABLE 1 2028 CLCI 3.5103
GOA_SABLE 1 2028 CUCI 30.0497
GOA_SABLE 1 2028 CMedian 5.49769
GOA_SABLE 1 2028 CMean 9.35267
GOA_SABLE 1 2028 CStdn 10.4519
GOA_SABLE 1 2029 Cabc 16.5922
GOA_SABLE 1 2029 Cofl 17.8164
GOA_SABLE 1 2029 CLCI 3.04299
GOA_SABLE 1 2029 CUCI 35.21
GOA_SABLE 1 2029 CMedian 5.86716
GOA_SABLE 1 2029 CMean 10.6329
GOA_SABLE 1 2029 CStdn 11.9835
GOA_SABLE 1 2030 Cabc 16.5922
GOA_SABLE 1 2030 Cofl 17.8164
GOA_SABLE 1 2030 CLCI 2.72258
GOA_SABLE 1 2030 CUCI 38.4435
GOA_SABLE 1 2030 CMedian 6.6275
GOA_SABLE 1 2030 CMean 11.9091
GOA_SABLE 1 2030 CStdn 13.0221
GOA_SABLE 1 2031 Cabc 16.5922
GOA_SABLE 1 2031 Cofl 17.8164
GOA_SABLE 1 2031 CLCI 2.53011
GOA_SABLE 1 2031 CUCI 39.4188
GOA_SABLE 1 2031 CMedian 7.63386
GOA_SABLE 1 2031 CMean 12.9772
GOA_SABLE 1 2031 CStdn 13.4614
GOA_SABLE 1 2032 Cabc 16.5922
GOA_SABLE 1 2032 Cofl 17.8164
GOA_SABLE 1 2032 CLCI 2.45484
GOA_SABLE 1 2032 CUCI 40.3629
GOA_SABLE 1 2032 CMedian 8.40495
GOA_SABLE 1 2032 CMean 13.8646
GOA_SABLE 1 2032 CStdn 13.7205
GOA_SABLE 1 2033 Cabc 16.5922
GOA_SABLE 1 2033 Cofl 17.8164
GOA_SABLE 1 2033 CLCI 2.44424
GOA_SABLE 1 2033 CUCI 41.8138
GOA_SABLE 1 2033 CMedian 9.22287
GOA_SABLE 1 2033 CMean 14.5493
GOA_SABLE 1 2033 CStdn 13.8589
GOA_SABLE 1 2034 Cabc 16.5922
GOA_SABLE 1 2034 Cofl 17.8164
GOA_SABLE 1 2034 CLCI 2.48391
GOA_SABLE 1 2034 CUCI 42.5526
GOA_SABLE 1 2034 CMedian 9.95644
GOA_SABLE 1 2034 CMean 15.0399
GOA_SABLE 1 2034 CStdn 13.7814
GOA_SABLE 1 2035 Cabc 16.5922
GOA_SABLE 1 2035 Cofl 17.8164
GOA_SABLE 1 2035 CLCI 2.53218
GOA_SABLE 1 2035 CUCI 42.916
GOA_SABLE 1 2035 CMedian 10.867
GOA_SABLE 1 2035 CMean 15.4146
GOA_SABLE 1 2035 CStdn 13.6481
GOA_SABLE 1 2036 Cabc 16.5922
GOA_SABLE 1 2036 Cofl 17.8164
GOA_SABLE 1 2036 CLCI 2.59181
GOA_SABLE 1 2036 CUCI 41.6813
GOA_SABLE 1 2036 CMedian 11.6328
GOA_SABLE 1 2036 CMean 15.7798
GOA_SABLE 1 2036 CStdn 13.5461
GOA_SABLE 1 2022 SSBF100 243.623
GOA_SABLE 1 2022 SSBFabc 97.4492
GOA_SABLE 1 2022 SSBFofl 85.268
GOA_SABLE 1 2022 SSBLCI 73.1477
GOA_SABLE 1 2022 SSBUCI 73.1477
GOA_SABLE 1 2022 SSBMedian 73.1477
GOA_SABLE 1 2022 SSBMean 73.1477
GOA_SABLE 1 2023 SSBF100 243.623
GOA_SABLE 1 2023 SSBFabc 97.4492
GOA_SABLE 1 2023 SSBFofl 85.268
GOA_SABLE 1 2023 SSBLCI 69.4742
GOA_SABLE 1 2023 SSBUCI 70.4777
GOA_SABLE 1 2023 SSBMedian 69.5134
GOA_SABLE 1 2023 SSBMean 69.7145
GOA_SABLE 1 2024 SSBF100 243.623
GOA_SABLE 1 2024 SSBFabc 97.4492
GOA_SABLE 1 2024 SSBFofl 85.268
GOA_SABLE 1 2024 SSBLCI 56.8013
GOA_SABLE 1 2024 SSBUCI 61.1765
GOA_SABLE 1 2024 SSBMedian 57.0593
GOA_SABLE 1 2024 SSBMean 57.8062
GOA_SABLE 1 2025 SSBF100 243.623
GOA_SABLE 1 2025 SSBFabc 97.4492
GOA_SABLE 1 2025 SSBFofl 85.268
GOA_SABLE 1 2025 SSBLCI 44.2341
GOA_SABLE 1 2025 SSBUCI 55.2562
GOA_SABLE 1 2025 SSBMedian 45.0823
GOA_SABLE 1 2025 SSBMean 46.9544
GOA_SABLE 1 2026 SSBF100 243.623
GOA_SABLE 1 2026 SSBFabc 97.4492
GOA_SABLE 1 2026 SSBFofl 85.268
GOA_SABLE 1 2026 SSBLCI 40.0003
GOA_SABLE 1 2026 SSBUCI 58.5766
GOA_SABLE 1 2026 SSBMedian 41.7887
GOA_SABLE 1 2026 SSBMean 45.0257
GOA_SABLE 1 2027 SSBF100 243.623
GOA_SABLE 1 2027 SSBFabc 97.4492
GOA_SABLE 1 2027 SSBFofl 85.268
GOA_SABLE 1 2027 SSBLCI 36.3455
GOA_SABLE 1 2027 SSBUCI 69.3836
GOA_SABLE 1 2027 SSBMedian 39.9274
GOA_SABLE 1 2027 SSBMean 45.4983
GOA_SABLE 1 2028 SSBF100 243.623
GOA_SABLE 1 2028 SSBFabc 97.4492
GOA_SABLE 1 2028 SSBFofl 85.268
GOA_SABLE 1 2028 SSBLCI 33.4481
GOA_SABLE 1 2028 SSBUCI 87.2815
GOA_SABLE 1 2028 SSBMedian 39.9307
GOA_SABLE 1 2028 SSBMean 48.7903
GOA_SABLE 1 2029 SSBF100 243.623
GOA_SABLE 1 2029 SSBFabc 97.4492
GOA_SABLE 1 2029 SSBFofl 85.268
GOA_SABLE 1 2029 SSBLCI 31.3621
GOA_SABLE 1 2029 SSBUCI 116.975
GOA_SABLE 1 2029 SSBMedian 41.8035
GOA_SABLE 1 2029 SSBMean 54.5337
GOA_SABLE 1 2030 SSBF100 243.623
GOA_SABLE 1 2030 SSBFabc 97.4492
GOA_SABLE 1 2030 SSBFofl 85.268
GOA_SABLE 1 2030 SSBLCI 30.0408
GOA_SABLE 1 2030 SSBUCI 141.206
GOA_SABLE 1 2030 SSBMedian 45.4322
GOA_SABLE 1 2030 SSBMean 61.6964
GOA_SABLE 1 2031 SSBF100 243.623
GOA_SABLE 1 2031 SSBFabc 97.4492
GOA_SABLE 1 2031 SSBFofl 85.268
GOA_SABLE 1 2031 SSBLCI 29.5077
GOA_SABLE 1 2031 SSBUCI 164.303
GOA_SABLE 1 2031 SSBMedian 50.862
GOA_SABLE 1 2031 SSBMean 69.1782
GOA_SABLE 1 2032 SSBF100 243.623
GOA_SABLE 1 2032 SSBFabc 97.4492
GOA_SABLE 1 2032 SSBFofl 85.268
GOA_SABLE 1 2032 SSBLCI 30.0618
GOA_SABLE 1 2032 SSBUCI 186.521
GOA_SABLE 1 2032 SSBMedian 57.3851
GOA_SABLE 1 2032 SSBMean 76.1141
GOA_SABLE 1 2033 SSBF100 243.623
GOA_SABLE 1 2033 SSBFabc 97.4492
GOA_SABLE 1 2033 SSBFofl 85.268
GOA_SABLE 1 2033 SSBLCI 30.9655
GOA_SABLE 1 2033 SSBUCI 202.122
GOA_SABLE 1 2033 SSBMedian 62.6508
GOA_SABLE 1 2033 SSBMean 82.0716
GOA_SABLE 1 2034 SSBF100 243.623
GOA_SABLE 1 2034 SSBFabc 97.4492
GOA_SABLE 1 2034 SSBFofl 85.268
GOA_SABLE 1 2034 SSBLCI 32.001
GOA_SABLE 1 2034 SSBUCI 208.101
GOA_SABLE 1 2034 SSBMedian 66.7054
GOA_SABLE 1 2034 SSBMean 86.8995
GOA_SABLE 1 2035 SSBF100 243.623
GOA_SABLE 1 2035 SSBFabc 97.4492
GOA_SABLE 1 2035 SSBFofl 85.268
GOA_SABLE 1 2035 SSBLCI 33.2922
GOA_SABLE 1 2035 SSBUCI 214.212
GOA_SABLE 1 2035 SSBMedian 69.575
GOA_SABLE 1 2035 SSBMean 90.6257
GOA_SABLE 1 2036 SSBF100 243.623
GOA_SABLE 1 2036 SSBFabc 97.4492
GOA_SABLE 1 2036 SSBFofl 85.268
GOA_SABLE 1 2036 SSBLCI 35.1969
GOA_SABLE 1 2036 SSBUCI 225.201
GOA_SABLE 1 2036 SSBMedian 72.7172
GOA_SABLE 1 2036 SSBMean 93.4562
GOA_SABLE 1 2022 F0 0 
GOA_SABLE 1 2022 Fabc 0.0371005
GOA_SABLE 1 2022 Fofl 0.0440885
GOA_SABLE 1 2022  F_LCI 0.00209605
GOA_SABLE 1 2022  F_UCI 0.00209605
GOA_SABLE 1 2022  F_Median 0.00209605
GOA_SABLE 1 2022  F_Mean 0.00209605
GOA_SABLE 1 2023 F0 0 
GOA_SABLE 1 2023 Fabc 0.0371005
GOA_SABLE 1 2023 Fofl 0.0440885
GOA_SABLE 1 2023  F_LCI 0.05204
GOA_SABLE 1 2023  F_UCI 0.058667
GOA_SABLE 1 2023  F_Median 0.0583998
GOA_SABLE 1 2023  F_Mean 0.0573473
GOA_SABLE 1 2024 F0 0 
GOA_SABLE 1 2024 Fabc 0.0371005
GOA_SABLE 1 2024 Fofl 0.0440885
GOA_SABLE 1 2024  F_LCI 0.0561054
GOA_SABLE 1 2024  F_UCI 0.0757062
GOA_SABLE 1 2024  F_Median 0.0740205
GOA_SABLE 1 2024  F_Mean 0.0710483
GOA_SABLE 1 2025 F0 0 
GOA_SABLE 1 2025 Fabc 0.0371005
GOA_SABLE 1 2025 Fofl 0.0440885
GOA_SABLE 1 2025  F_LCI 0.0157743
GOA_SABLE 1 2025  F_UCI 0.0201915
GOA_SABLE 1 2025  F_Median 0.0161143
GOA_SABLE 1 2025  F_Mean 0.0168618
GOA_SABLE 1 2026 F0 0 
GOA_SABLE 1 2026 Fabc 0.0371005
GOA_SABLE 1 2026 Fofl 0.0440885
GOA_SABLE 1 2026  F_LCI 0.0140776
GOA_SABLE 1 2026  F_UCI 0.0215222
GOA_SABLE 1 2026  F_Median 0.0147943
GOA_SABLE 1 2026  F_Mean 0.0160208
GOA_SABLE 1 2027 F0 0 
GOA_SABLE 1 2027 Fabc 0.0371005
GOA_SABLE 1 2027 Fofl 0.0440885
GOA_SABLE 1 2027  F_LCI 0.012613
GOA_SABLE 1 2027  F_UCI 0.0258531
GOA_SABLE 1 2027  F_Median 0.0140484
GOA_SABLE 1 2027  F_Mean 0.0159302
GOA_SABLE 1 2028 F0 0 
GOA_SABLE 1 2028 Fabc 0.0371005
GOA_SABLE 1 2028 Fofl 0.0440885
GOA_SABLE 1 2028  F_LCI 0.0114518
GOA_SABLE 1 2028  F_UCI 0.0330258
GOA_SABLE 1 2028  F_Median 0.0140497
GOA_SABLE 1 2028  F_Mean 0.0166769
GOA_SABLE 1 2029 F0 0 
GOA_SABLE 1 2029 Fabc 0.0371005
GOA_SABLE 1 2029 Fofl 0.0440885
GOA_SABLE 1 2029  F_LCI 0.0106158
GOA_SABLE 1 2029  F_UCI 0.0371005
GOA_SABLE 1 2029  F_Median 0.0148003
GOA_SABLE 1 2029  F_Mean 0.0180922
GOA_SABLE 1 2030 F0 0 
GOA_SABLE 1 2030 Fabc 0.0371005
GOA_SABLE 1 2030 Fofl 0.0440885
GOA_SABLE 1 2030  F_LCI 0.0100863
GOA_SABLE 1 2030  F_UCI 0.0371005
GOA_SABLE 1 2030  F_Median 0.0162545
GOA_SABLE 1 2030  F_Mean 0.0197977
GOA_SABLE 1 2031 F0 0 
GOA_SABLE 1 2031 Fabc 0.0371005
GOA_SABLE 1 2031 Fofl 0.0440885
GOA_SABLE 1 2031  F_LCI 0.00987266
GOA_SABLE 1 2031  F_UCI 0.0371005
GOA_SABLE 1 2031  F_Median 0.0184305
GOA_SABLE 1 2031  F_Mean 0.0214257
GOA_SABLE 1 2032 F0 0 
GOA_SABLE 1 2032 Fabc 0.0371005
GOA_SABLE 1 2032 Fofl 0.0440885
GOA_SABLE 1 2032  F_LCI 0.0100947
GOA_SABLE 1 2032  F_UCI 0.0371005
GOA_SABLE 1 2032  F_Median 0.0210447
GOA_SABLE 1 2032  F_Mean 0.0229371
GOA_SABLE 1 2033 F0 0 
GOA_SABLE 1 2033 Fabc 0.0371005
GOA_SABLE 1 2033 Fofl 0.0440885
GOA_SABLE 1 2033  F_LCI 0.0104569
GOA_SABLE 1 2033  F_UCI 0.0371005
GOA_SABLE 1 2033  F_Median 0.0231549
GOA_SABLE 1 2033  F_Mean 0.0242368
GOA_SABLE 1 2034 F0 0 
GOA_SABLE 1 2034 Fabc 0.0371005
GOA_SABLE 1 2034 Fofl 0.0440885
GOA_SABLE 1 2034  F_LCI 0.0108719
GOA_SABLE 1 2034  F_UCI 0.0371005
GOA_SABLE 1 2034  F_Median 0.0247798
GOA_SABLE 1 2034  F_Mean 0.0253094
GOA_SABLE 1 2035 F0 0 
GOA_SABLE 1 2035 Fabc 0.0371005
GOA_SABLE 1 2035 Fofl 0.0440885
GOA_SABLE 1 2035  F_LCI 0.0113893
GOA_SABLE 1 2035  F_UCI 0.0371005
GOA_SABLE 1 2035  F_Median 0.0259298
GOA_SABLE 1 2035  F_Mean 0.026216
GOA_SABLE 1 2036 F0 0 
GOA_SABLE 1 2036 Fabc 0.0371005
GOA_SABLE 1 2036 Fofl 0.0440885
GOA_SABLE 1 2036  F_LCI 0.0121526
GOA_SABLE 1 2036  F_UCI 0.0371005
GOA_SABLE 1 2036  F_Median 0.0271891
GOA_SABLE 1 2036  F_Mean 0.0269817
GOA_SABLE 2 2022 Cabc 16.5922
GOA_SABLE 2 2022 Cofl 17.8164
GOA_SABLE 2 2022 CLCI 0.999999
GOA_SABLE 2 2022 CUCI 0.999999
GOA_SABLE 2 2022 CMedian 0.999999
GOA_SABLE 2 2022 CMean 0.999999
GOA_SABLE 2 2022 CStdn 1.88738e-14
GOA_SABLE 2 2023 Cabc 16.5922
GOA_SABLE 2 2023 Cofl 17.8164
GOA_SABLE 2 2023 CLCI 27.16
GOA_SABLE 2 2023 CUCI 27.16
GOA_SABLE 2 2023 CMedian 27.16
GOA_SABLE 2 2023 CMean 27.16
GOA_SABLE 2 2023 CStdn 3.71563e-06
GOA_SABLE 2 2024 Cabc 16.5922
GOA_SABLE 2 2024 Cofl 17.8164
GOA_SABLE 2 2024 CLCI 31.4846
GOA_SABLE 2 2024 CUCI 31.4847
GOA_SABLE 2 2024 CMedian 31.4847
GOA_SABLE 2 2024 CMean 31.4847
GOA_SABLE 2 2024 CStdn 8.0562e-06
GOA_SABLE 2 2025 Cabc 16.5922
GOA_SABLE 2 2025 Cofl 17.8164
GOA_SABLE 2 2025 CLCI 5.96099
GOA_SABLE 2 2025 CUCI 12.5389
GOA_SABLE 2 2025 CMedian 6.45422
GOA_SABLE 2 2025 CMean 7.76427
GOA_SABLE 2 2025 CStdn 4.55385
GOA_SABLE 2 2026 Cabc 16.5922
GOA_SABLE 2 2026 Cofl 17.8164
GOA_SABLE 2 2026 CLCI 4.97931
GOA_SABLE 2 2026 CUCI 15.1032
GOA_SABLE 2 2026 CMedian 5.87101
GOA_SABLE 2 2026 CMean 7.84822
GOA_SABLE 2 2026 CStdn 6.66376
GOA_SABLE 2 2027 Cabc 16.5922
GOA_SABLE 2 2027 Cofl 17.8164
GOA_SABLE 2 2027 CLCI 4.14398
GOA_SABLE 2 2027 CUCI 21.0155
GOA_SABLE 2 2027 CMedian 5.52217
GOA_SABLE 2 2027 CMean 8.37421
GOA_SABLE 2 2027 CStdn 8.6742
GOA_SABLE 2 2028 Cabc 16.5922
GOA_SABLE 2 2028 Cofl 17.8164
GOA_SABLE 2 2028 CLCI 3.5103
GOA_SABLE 2 2028 CUCI 30.0497
GOA_SABLE 2 2028 CMedian 5.49769
GOA_SABLE 2 2028 CMean 9.35267
GOA_SABLE 2 2028 CStdn 10.4519
GOA_SABLE 2 2029 Cabc 16.5922
GOA_SABLE 2 2029 Cofl 17.8164
GOA_SABLE 2 2029 CLCI 3.04299
GOA_SABLE 2 2029 CUCI 35.21
GOA_SABLE 2 2029 CMedian 5.86716
GOA_SABLE 2 2029 CMean 10.6329
GOA_SABLE 2 2029 CStdn 11.9835
GOA_SABLE 2 2030 Cabc 16.5922
GOA_SABLE 2 2030 Cofl 17.8164
GOA_SABLE 2 2030 CLCI 2.72258
GOA_SABLE 2 2030 CUCI 38.4435
GOA_SABLE 2 2030 CMedian 6.6275
GOA_SABLE 2 2030 CMean 11.9091
GOA_SABLE 2 2030 CStdn 13.0221
GOA_SABLE 2 2031 Cabc 16.5922
GOA_SABLE 2 2031 Cofl 17.8164
GOA_SABLE 2 2031 CLCI 2.53011
GOA_SABLE 2 2031 CUCI 39.4188
GOA_SABLE 2 2031 CMedian 7.63386
GOA_SABLE 2 2031 CMean 12.9772
GOA_SABLE 2 2031 CStdn 13.4614
GOA_SABLE 2 2032 Cabc 16.5922
GOA_SABLE 2 2032 Cofl 17.8164
GOA_SABLE 2 2032 CLCI 2.45484
GOA_SABLE 2 2032 CUCI 40.3629
GOA_SABLE 2 2032 CMedian 8.40495
GOA_SABLE 2 2032 CMean 13.8646
GOA_SABLE 2 2032 CStdn 13.7205
GOA_SABLE 2 2033 Cabc 16.5922
GOA_SABLE 2 2033 Cofl 17.8164
GOA_SABLE 2 2033 CLCI 2.44424
GOA_SABLE 2 2033 CUCI 41.8138
GOA_SABLE 2 2033 CMedian 9.22287
GOA_SABLE 2 2033 CMean 14.5493
GOA_SABLE 2 2033 CStdn 13.8589
GOA_SABLE 2 2034 Cabc 16.5922
GOA_SABLE 2 2034 Cofl 17.8164
GOA_SABLE 2 2034 CLCI 2.48391
GOA_SABLE 2 2034 CUCI 42.5526
GOA_SABLE 2 2034 CMedian 9.95644
GOA_SABLE 2 2034 CMean 15.0399
GOA_SABLE 2 2034 CStdn 13.7814
GOA_SABLE 2 2035 Cabc 16.5922
GOA_SABLE 2 2035 Cofl 17.8164
GOA_SABLE 2 2035 CLCI 2.53218
GOA_SABLE 2 2035 CUCI 42.916
GOA_SABLE 2 2035 CMedian 10.867
GOA_SABLE 2 2035 CMean 15.4146
GOA_SABLE 2 2035 CStdn 13.6481
GOA_SABLE 2 2036 Cabc 16.5922
GOA_SABLE 2 2036 Cofl 17.8164
GOA_SABLE 2 2036 CLCI 2.59181
GOA_SABLE 2 2036 CUCI 41.6813
GOA_SABLE 2 2036 CMedian 11.6328
GOA_SABLE 2 2036 CMean 15.7798
GOA_SABLE 2 2036 CStdn 13.5461
GOA_SABLE 2 2022 SSBF100 243.623
GOA_SABLE 2 2022 SSBFabc 97.4492
GOA_SABLE 2 2022 SSBFofl 85.268
GOA_SABLE 2 2022 SSBLCI 73.1477
GOA_SABLE 2 2022 SSBUCI 73.1477
GOA_SABLE 2 2022 SSBMedian 73.1477
GOA_SABLE 2 2022 SSBMean 73.1477
GOA_SABLE 2 2023 SSBF100 243.623
GOA_SABLE 2 2023 SSBFabc 97.4492
GOA_SABLE 2 2023 SSBFofl 85.268
GOA_SABLE 2 2023 SSBLCI 69.4742
GOA_SABLE 2 2023 SSBUCI 70.4777
GOA_SABLE 2 2023 SSBMedian 69.5134
GOA_SABLE 2 2023 SSBMean 69.7145
GOA_SABLE 2 2024 SSBF100 243.623
GOA_SABLE 2 2024 SSBFabc 97.4492
GOA_SABLE 2 2024 SSBFofl 85.268
GOA_SABLE 2 2024 SSBLCI 56.8013
GOA_SABLE 2 2024 SSBUCI 61.1765
GOA_SABLE 2 2024 SSBMedian 57.0593
GOA_SABLE 2 2024 SSBMean 57.8062
GOA_SABLE 2 2025 SSBF100 243.623
GOA_SABLE 2 2025 SSBFabc 97.4492
GOA_SABLE 2 2025 SSBFofl 85.268
GOA_SABLE 2 2025 SSBLCI 44.2341
GOA_SABLE 2 2025 SSBUCI 55.2562
GOA_SABLE 2 2025 SSBMedian 45.0823
GOA_SABLE 2 2025 SSBMean 46.9544
GOA_SABLE 2 2026 SSBF100 243.623
GOA_SABLE 2 2026 SSBFabc 97.4492
GOA_SABLE 2 2026 SSBFofl 85.268
GOA_SABLE 2 2026 SSBLCI 40.0003
GOA_SABLE 2 2026 SSBUCI 58.5766
GOA_SABLE 2 2026 SSBMedian 41.7887
GOA_SABLE 2 2026 SSBMean 45.0257
GOA_SABLE 2 2027 SSBF100 243.623
GOA_SABLE 2 2027 SSBFabc 97.4492
GOA_SABLE 2 2027 SSBFofl 85.268
GOA_SABLE 2 2027 SSBLCI 36.3455
GOA_SABLE 2 2027 SSBUCI 69.3836
GOA_SABLE 2 2027 SSBMedian 39.9274
GOA_SABLE 2 2027 SSBMean 45.4983
GOA_SABLE 2 2028 SSBF100 243.623
GOA_SABLE 2 2028 SSBFabc 97.4492
GOA_SABLE 2 2028 SSBFofl 85.268
GOA_SABLE 2 2028 SSBLCI 33.4481
GOA_SABLE 2 2028 SSBUCI 87.2815
GOA_SABLE 2 2028 SSBMedian 39.9307
GOA_SABLE 2 2028 SSBMean 48.7903
GOA_SABLE 2 2029 SSBF100 243.623
GOA_SABLE 2 2029 SSBFabc 97.4492
GOA_SABLE 2 2029 SSBFofl 85.268
GOA_SABLE 2 2029 SSBLCI 31.3621
GOA_SABLE 2 2029 SSBUCI 116.975
GOA_SABLE 2 2029 SSBMedian 41.8035
GOA_SABLE 2 2029 SSBMean 54.5337
GOA_SABLE 2 2030 SSBF100 243.623
GOA_SABLE 2 2030 SSBFabc 97.4492
GOA_SABLE 2 2030 SSBFofl 85.268
GOA_SABLE 2 2030 SSBLCI 30.0408
GOA_SABLE 2 2030 SSBUCI 141.206
GOA_SABLE 2 2030 SSBMedian 45.4322
GOA_SABLE 2 2030 SSBMean 61.6964
GOA_SABLE 2 2031 SSBF100 243.623
GOA_SABLE 2 2031 SSBFabc 97.4492
GOA_SABLE 2 2031 SSBFofl 85.268
GOA_SABLE 2 2031 SSBLCI 29.5077
GOA_SABLE 2 2031 SSBUCI 164.303
GOA_SABLE 2 2031 SSBMedian 50.862
GOA_SABLE 2 2031 SSBMean 69.1782
GOA_SABLE 2 2032 SSBF100 243.623
GOA_SABLE 2 2032 SSBFabc 97.4492
GOA_SABLE 2 2032 SSBFofl 85.268
GOA_SABLE 2 2032 SSBLCI 30.0618
GOA_SABLE 2 2032 SSBUCI 186.521
GOA_SABLE 2 2032 SSBMedian 57.3851
GOA_SABLE 2 2032 SSBMean 76.1141
GOA_SABLE 2 2033 SSBF100 243.623
GOA_SABLE 2 2033 SSBFabc 97.4492
GOA_SABLE 2 2033 SSBFofl 85.268
GOA_SABLE 2 2033 SSBLCI 30.9655
GOA_SABLE 2 2033 SSBUCI 202.122
GOA_SABLE 2 2033 SSBMedian 62.6508
GOA_SABLE 2 2033 SSBMean 82.0716
GOA_SABLE 2 2034 SSBF100 243.623
GOA_SABLE 2 2034 SSBFabc 97.4492
GOA_SABLE 2 2034 SSBFofl 85.268
GOA_SABLE 2 2034 SSBLCI 32.001
GOA_SABLE 2 2034 SSBUCI 208.101
GOA_SABLE 2 2034 SSBMedian 66.7054
GOA_SABLE 2 2034 SSBMean 86.8995
GOA_SABLE 2 2035 SSBF100 243.623
GOA_SABLE 2 2035 SSBFabc 97.4492
GOA_SABLE 2 2035 SSBFofl 85.268
GOA_SABLE 2 2035 SSBLCI 33.2922
GOA_SABLE 2 2035 SSBUCI 214.212
GOA_SABLE 2 2035 SSBMedian 69.575
GOA_SABLE 2 2035 SSBMean 90.6257
GOA_SABLE 2 2036 SSBF100 243.623
GOA_SABLE 2 2036 SSBFabc 97.4492
GOA_SABLE 2 2036 SSBFofl 85.268
GOA_SABLE 2 2036 SSBLCI 35.1969
GOA_SABLE 2 2036 SSBUCI 225.201
GOA_SABLE 2 2036 SSBMedian 72.7172
GOA_SABLE 2 2036 SSBMean 93.4562
GOA_SABLE 2 2022 F0 0 
GOA_SABLE 2 2022 Fabc 0.0371005
GOA_SABLE 2 2022 Fofl 0.0440885
GOA_SABLE 2 2022  F_LCI 0.00209605
GOA_SABLE 2 2022  F_UCI 0.00209605
GOA_SABLE 2 2022  F_Median 0.00209605
GOA_SABLE 2 2022  F_Mean 0.00209605
GOA_SABLE 2 2023 F0 0 
GOA_SABLE 2 2023 Fabc 0.0371005
GOA_SABLE 2 2023 Fofl 0.0440885
GOA_SABLE 2 2023  F_LCI 0.05204
GOA_SABLE 2 2023  F_UCI 0.058667
GOA_SABLE 2 2023  F_Median 0.0583998
GOA_SABLE 2 2023  F_Mean 0.0573473
GOA_SABLE 2 2024 F0 0 
GOA_SABLE 2 2024 Fabc 0.0371005
GOA_SABLE 2 2024 Fofl 0.0440885
GOA_SABLE 2 2024  F_LCI 0.0561054
GOA_SABLE 2 2024  F_UCI 0.0757062
GOA_SABLE 2 2024  F_Median 0.0740205
GOA_SABLE 2 2024  F_Mean 0.0710483
GOA_SABLE 2 2025 F0 0 
GOA_SABLE 2 2025 Fabc 0.0371005
GOA_SABLE 2 2025 Fofl 0.0440885
GOA_SABLE 2 2025  F_LCI 0.0157743
GOA_SABLE 2 2025  F_UCI 0.0201915
GOA_SABLE 2 2025  F_Median 0.0161143
GOA_SABLE 2 2025  F_Mean 0.0168618
GOA_SABLE 2 2026 F0 0 
GOA_SABLE 2 2026 Fabc 0.0371005
GOA_SABLE 2 2026 Fofl 0.0440885
GOA_SABLE 2 2026  F_LCI 0.0140776
GOA_SABLE 2 2026  F_UCI 0.0215222
GOA_SABLE 2 2026  F_Median 0.0147943
GOA_SABLE 2 2026  F_Mean 0.0160208
GOA_SABLE 2 2027 F0 0 
GOA_SABLE 2 2027 Fabc 0.0371005
GOA_SABLE 2 2027 Fofl 0.0440885
GOA_SABLE 2 2027  F_LCI 0.012613
GOA_SABLE 2 2027  F_UCI 0.0258531
GOA_SABLE 2 2027  F_Median 0.0140484
GOA_SABLE 2 2027  F_Mean 0.0159302
GOA_SABLE 2 2028 F0 0 
GOA_SABLE 2 2028 Fabc 0.0371005
GOA_SABLE 2 2028 Fofl 0.0440885
GOA_SABLE 2 2028  F_LCI 0.0114518
GOA_SABLE 2 2028  F_UCI 0.0330258
GOA_SABLE 2 2028  F_Median 0.0140497
GOA_SABLE 2 2028  F_Mean 0.0166769
GOA_SABLE 2 2029 F0 0 
GOA_SABLE 2 2029 Fabc 0.0371005
GOA_SABLE 2 2029 Fofl 0.0440885
GOA_SABLE 2 2029  F_LCI 0.0106158
GOA_SABLE 2 2029  F_UCI 0.0371005
GOA_SABLE 2 2029  F_Median 0.0148003
GOA_SABLE 2 2029  F_Mean 0.0180922
GOA_SABLE 2 2030 F0 0 
GOA_SABLE 2 2030 Fabc 0.0371005
GOA_SABLE 2 2030 Fofl 0.0440885
GOA_SABLE 2 2030  F_LCI 0.0100863
GOA_SABLE 2 2030  F_UCI 0.0371005
GOA_SABLE 2 2030  F_Median 0.0162545
GOA_SABLE 2 2030  F_Mean 0.0197977
GOA_SABLE 2 2031 F0 0 
GOA_SABLE 2 2031 Fabc 0.0371005
GOA_SABLE 2 2031 Fofl 0.0440885
GOA_SABLE 2 2031  F_LCI 0.00987266
GOA_SABLE 2 2031  F_UCI 0.0371005
GOA_SABLE 2 2031  F_Median 0.0184305
GOA_SABLE 2 2031  F_Mean 0.0214257
GOA_SABLE 2 2032 F0 0 
GOA_SABLE 2 2032 Fabc 0.0371005
GOA_SABLE 2 2032 Fofl 0.0440885
GOA_SABLE 2 2032  F_LCI 0.0100947
GOA_SABLE 2 2032  F_UCI 0.0371005
GOA_SABLE 2 2032  F_Median 0.0210447
GOA_SABLE 2 2032  F_Mean 0.0229371
GOA_SABLE 2 2033 F0 0 
GOA_SABLE 2 2033 Fabc 0.0371005
GOA_SABLE 2 2033 Fofl 0.0440885
GOA_SABLE 2 2033  F_LCI 0.0104569
GOA_SABLE 2 2033  F_UCI 0.0371005
GOA_SABLE 2 2033  F_Median 0.0231549
GOA_SABLE 2 2033  F_Mean 0.0242368
GOA_SABLE 2 2034 F0 0 
GOA_SABLE 2 2034 Fabc 0.0371005
GOA_SABLE 2 2034 Fofl 0.0440885
GOA_SABLE 2 2034  F_LCI 0.0108719
GOA_SABLE 2 2034  F_UCI 0.0371005
GOA_SABLE 2 2034  F_Median 0.0247798
GOA_SABLE 2 2034  F_Mean 0.0253094
GOA_SABLE 2 2035 F0 0 
GOA_SABLE 2 2035 Fabc 0.0371005
GOA_SABLE 2 2035 Fofl 0.0440885
GOA_SABLE 2 2035  F_LCI 0.0113893
GOA_SABLE 2 2035  F_UCI 0.0371005
GOA_SABLE 2 2035  F_Median 0.0259298
GOA_SABLE 2 2035  F_Mean 0.026216
GOA_SABLE 2 2036 F0 0 
GOA_SABLE 2 2036 Fabc 0.0371005
GOA_SABLE 2 2036 Fofl 0.0440885
GOA_SABLE 2 2036  F_LCI 0.0121526
GOA_SABLE 2 2036  F_UCI 0.0371005
GOA_SABLE 2 2036  F_Median 0.0271891
GOA_SABLE 2 2036  F_Mean 0.0269817
GOA_SABLE 3 2022 Cabc 16.5922
GOA_SABLE 3 2022 Cofl 17.8164
GOA_SABLE 3 2022 CLCI 0.999999
GOA_SABLE 3 2022 CUCI 0.999999
GOA_SABLE 3 2022 CMedian 0.999999
GOA_SABLE 3 2022 CMean 0.999999
GOA_SABLE 3 2022 CStdn 1.88738e-14
GOA_SABLE 3 2023 Cabc 16.5922
GOA_SABLE 3 2023 Cofl 17.8164
GOA_SABLE 3 2023 CLCI 27.16
GOA_SABLE 3 2023 CUCI 27.16
GOA_SABLE 3 2023 CMedian 27.16
GOA_SABLE 3 2023 CMean 27.16
GOA_SABLE 3 2023 CStdn 3.71563e-06
GOA_SABLE 3 2024 Cabc 16.5922
GOA_SABLE 3 2024 Cofl 17.8164
GOA_SABLE 3 2024 CLCI 31.4846
GOA_SABLE 3 2024 CUCI 31.4847
GOA_SABLE 3 2024 CMedian 31.4847
GOA_SABLE 3 2024 CMean 31.4847
GOA_SABLE 3 2024 CStdn 8.0562e-06
GOA_SABLE 3 2025 Cabc 16.5922
GOA_SABLE 3 2025 Cofl 17.8164
GOA_SABLE 3 2025 CLCI 20.2117
GOA_SABLE 3 2025 CUCI 33.8706
GOA_SABLE 3 2025 CMedian 21.4382
GOA_SABLE 3 2025 CMean 23.787
GOA_SABLE 3 2025 CStdn 7.02334
GOA_SABLE 3 2026 Cabc 16.5922
GOA_SABLE 3 2026 Cofl 17.8164
GOA_SABLE 3 2026 CLCI 17.9403
GOA_SABLE 3 2026 CUCI 38.2245
GOA_SABLE 3 2026 CMedian 20.1431
GOA_SABLE 3 2026 CMean 23.2388
GOA_SABLE 3 2026 CStdn 9.15806
GOA_SABLE 3 2027 Cabc 16.5922
GOA_SABLE 3 2027 Cofl 17.8164
GOA_SABLE 3 2027 CLCI 15.7782
GOA_SABLE 3 2027 CUCI 41.2611
GOA_SABLE 3 2027 CMedian 18.9814
GOA_SABLE 3 2027 CMean 22.8503
GOA_SABLE 3 2027 CStdn 11.1302
GOA_SABLE 3 2028 Cabc 16.5922
GOA_SABLE 3 2028 Cofl 17.8164
GOA_SABLE 3 2028 CLCI 13.9472
GOA_SABLE 3 2028 CUCI 46.1025
GOA_SABLE 3 2028 CMedian 18.1538
GOA_SABLE 3 2028 CMean 22.605
GOA_SABLE 3 2028 CStdn 12.7427
GOA_SABLE 3 2029 Cabc 16.5922
GOA_SABLE 3 2029 Cofl 17.8164
GOA_SABLE 3 2029 CLCI 12.2849
GOA_SABLE 3 2029 CUCI 48.6887
GOA_SABLE 3 2029 CMedian 17.7661
GOA_SABLE 3 2029 CMean 22.4095
GOA_SABLE 3 2029 CStdn 13.9189
GOA_SABLE 3 2030 Cabc 16.5922
GOA_SABLE 3 2030 Cofl 17.8164
GOA_SABLE 3 2030 CLCI 11.0263
GOA_SABLE 3 2030 CUCI 48.9413
GOA_SABLE 3 2030 CMedian 17.2671
GOA_SABLE 3 2030 CMean 22.2268
GOA_SABLE 3 2030 CStdn 14.6397
GOA_SABLE 3 2031 Cabc 16.5922
GOA_SABLE 3 2031 Cofl 17.8164
GOA_SABLE 3 2031 CLCI 9.96974
GOA_SABLE 3 2031 CUCI 49.7705
GOA_SABLE 3 2031 CMedian 17.0399
GOA_SABLE 3 2031 CMean 22.1155
GOA_SABLE 3 2031 CStdn 15.054
GOA_SABLE 3 2032 Cabc 16.5922
GOA_SABLE 3 2032 Cofl 17.8164
GOA_SABLE 3 2032 CLCI 9.10839
GOA_SABLE 3 2032 CUCI 51.5396
GOA_SABLE 3 2032 CMedian 16.6487
GOA_SABLE 3 2032 CMean 21.884
GOA_SABLE 3 2032 CStdn 15.2756
GOA_SABLE 3 2033 Cabc 16.5922
GOA_SABLE 3 2033 Cofl 17.8164
GOA_SABLE 3 2033 CLCI 8.49918
GOA_SABLE 3 2033 CUCI 51.8451
GOA_SABLE 3 2033 CMedian 16.387
GOA_SABLE 3 2033 CMean 21.6619
GOA_SABLE 3 2033 CStdn 15.3567
GOA_SABLE 3 2034 Cabc 16.5922
GOA_SABLE 3 2034 Cofl 17.8164
GOA_SABLE 3 2034 CLCI 7.99617
GOA_SABLE 3 2034 CUCI 52.8729
GOA_SABLE 3 2034 CMedian 16.7795
GOA_SABLE 3 2034 CMean 21.5282
GOA_SABLE 3 2034 CStdn 15.2913
GOA_SABLE 3 2035 Cabc 16.5922
GOA_SABLE 3 2035 Cofl 17.8164
GOA_SABLE 3 2035 CLCI 7.46945
GOA_SABLE 3 2035 CUCI 50.5103
GOA_SABLE 3 2035 CMedian 16.8516
GOA_SABLE 3 2035 CMean 21.428
GOA_SABLE 3 2035 CStdn 15.2657
GOA_SABLE 3 2036 Cabc 16.5922
GOA_SABLE 3 2036 Cofl 17.8164
GOA_SABLE 3 2036 CLCI 7.04529
GOA_SABLE 3 2036 CUCI 50.4113
GOA_SABLE 3 2036 CMedian 16.8995
GOA_SABLE 3 2036 CMean 21.4789
GOA_SABLE 3 2036 CStdn 15.3239
GOA_SABLE 3 2022 SSBF100 243.623
GOA_SABLE 3 2022 SSBFabc 97.4492
GOA_SABLE 3 2022 SSBFofl 85.268
GOA_SABLE 3 2022 SSBLCI 73.1477
GOA_SABLE 3 2022 SSBUCI 73.1477
GOA_SABLE 3 2022 SSBMedian 73.1477
GOA_SABLE 3 2022 SSBMean 73.1477
GOA_SABLE 3 2023 SSBF100 243.623
GOA_SABLE 3 2023 SSBFabc 97.4492
GOA_SABLE 3 2023 SSBFofl 85.268
GOA_SABLE 3 2023 SSBLCI 69.4742
GOA_SABLE 3 2023 SSBUCI 70.4777
GOA_SABLE 3 2023 SSBMedian 69.5134
GOA_SABLE 3 2023 SSBMean 69.7145
GOA_SABLE 3 2024 SSBF100 243.623
GOA_SABLE 3 2024 SSBFabc 97.4492
GOA_SABLE 3 2024 SSBFofl 85.268
GOA_SABLE 3 2024 SSBLCI 56.8013
GOA_SABLE 3 2024 SSBUCI 61.1765
GOA_SABLE 3 2024 SSBMedian 57.0593
GOA_SABLE 3 2024 SSBMean 57.8062
GOA_SABLE 3 2025 SSBF100 243.623
GOA_SABLE 3 2025 SSBFabc 97.4492
GOA_SABLE 3 2025 SSBFofl 85.268
GOA_SABLE 3 2025 SSBLCI 44.2341
GOA_SABLE 3 2025 SSBUCI 55.2562
GOA_SABLE 3 2025 SSBMedian 45.0823
GOA_SABLE 3 2025 SSBMean 46.9544
GOA_SABLE 3 2026 SSBF100 243.623
GOA_SABLE 3 2026 SSBFabc 97.4492
GOA_SABLE 3 2026 SSBFofl 85.268
GOA_SABLE 3 2026 SSBLCI 36.2075
GOA_SABLE 3 2026 SSBUCI 54.1497
GOA_SABLE 3 2026 SSBMedian 37.9645
GOA_SABLE 3 2026 SSBMean 41.1033
GOA_SABLE 3 2027 SSBF100 243.623
GOA_SABLE 3 2027 SSBFabc 97.4492
GOA_SABLE 3 2027 SSBFofl 85.268
GOA_SABLE 3 2027 SSBLCI 29.6992
GOA_SABLE 3 2027 SSBUCI 60.6824
GOA_SABLE 3 2027 SSBMedian 32.9773
GOA_SABLE 3 2027 SSBMean 38.2849
GOA_SABLE 3 2028 SSBF100 243.623
GOA_SABLE 3 2028 SSBFabc 97.4492
GOA_SABLE 3 2028 SSBFofl 85.268
GOA_SABLE 3 2028 SSBLCI 24.7083
GOA_SABLE 3 2028 SSBUCI 74.661
GOA_SABLE 3 2028 SSBMedian 30.3883
GOA_SABLE 3 2028 SSBMean 38.4773
GOA_SABLE 3 2029 SSBF100 243.623
GOA_SABLE 3 2029 SSBFabc 97.4492
GOA_SABLE 3 2029 SSBFofl 85.268
GOA_SABLE 3 2029 SSBLCI 20.9943
GOA_SABLE 3 2029 SSBUCI 95.8546
GOA_SABLE 3 2029 SSBMedian 29.7173
GOA_SABLE 3 2029 SSBMean 40.9963
GOA_SABLE 3 2030 SSBF100 243.623
GOA_SABLE 3 2030 SSBFabc 97.4492
GOA_SABLE 3 2030 SSBFofl 85.268
GOA_SABLE 3 2030 SSBLCI 18.4575
GOA_SABLE 3 2030 SSBUCI 113.616
GOA_SABLE 3 2030 SSBMedian 31.064
GOA_SABLE 3 2030 SSBMean 44.7776
GOA_SABLE 3 2031 SSBF100 243.623
GOA_SABLE 3 2031 SSBFabc 97.4492
GOA_SABLE 3 2031 SSBFofl 85.268
GOA_SABLE 3 2031 SSBLCI 16.8486
GOA_SABLE 3 2031 SSBUCI 132.619
GOA_SABLE 3 2031 SSBMedian 33.4537
GOA_SABLE 3 2031 SSBMean 48.8934
GOA_SABLE 3 2032 SSBF100 243.623
GOA_SABLE 3 2032 SSBFabc 97.4492
GOA_SABLE 3 2032 SSBFofl 85.268
GOA_SABLE 3 2032 SSBLCI 16.338
GOA_SABLE 3 2032 SSBUCI 146.326
GOA_SABLE 3 2032 SSBMedian 36.384
GOA_SABLE 3 2032 SSBMean 52.6753
GOA_SABLE 3 2033 SSBF100 243.623
GOA_SABLE 3 2033 SSBFabc 97.4492
GOA_SABLE 3 2033 SSBFofl 85.268
GOA_SABLE 3 2033 SSBLCI 16.0752
GOA_SABLE 3 2033 SSBUCI 152.076
GOA_SABLE 3 2033 SSBMedian 38.6336
GOA_SABLE 3 2033 SSBMean 55.8528
GOA_SABLE 3 2034 SSBF100 243.623
GOA_SABLE 3 2034 SSBFabc 97.4492
GOA_SABLE 3 2034 SSBFofl 85.268
GOA_SABLE 3 2034 SSBLCI 15.9611
GOA_SABLE 3 2034 SSBUCI 155.723
GOA_SABLE 3 2034 SSBMedian 40.4548
GOA_SABLE 3 2034 SSBMean 58.3541
GOA_SABLE 3 2035 SSBF100 243.623
GOA_SABLE 3 2035 SSBFabc 97.4492
GOA_SABLE 3 2035 SSBFofl 85.268
GOA_SABLE 3 2035 SSBLCI 16.3703
GOA_SABLE 3 2035 SSBUCI 161.872
GOA_SABLE 3 2035 SSBMedian 41.7884
GOA_SABLE 3 2035 SSBMean 60.2152
GOA_SABLE 3 2036 SSBF100 243.623
GOA_SABLE 3 2036 SSBFabc 97.4492
GOA_SABLE 3 2036 SSBFofl 85.268
GOA_SABLE 3 2036 SSBLCI 16.6645
GOA_SABLE 3 2036 SSBUCI 168.571
GOA_SABLE 3 2036 SSBMedian 44.7426
GOA_SABLE 3 2036 SSBMean 61.6127
GOA_SABLE 3 2022 F0 0 
GOA_SABLE 3 2022 Fabc 0.0371005
GOA_SABLE 3 2022 Fofl 0.0440885
GOA_SABLE 3 2022  F_LCI 0.00209605
GOA_SABLE 3 2022  F_UCI 0.00209605
GOA_SABLE 3 2022  F_Median 0.00209605
GOA_SABLE 3 2022  F_Mean 0.00209605
GOA_SABLE 3 2023 F0 0 
GOA_SABLE 3 2023 Fabc 0.0371005
GOA_SABLE 3 2023 Fofl 0.0440885
GOA_SABLE 3 2023  F_LCI 0.05204
GOA_SABLE 3 2023  F_UCI 0.058667
GOA_SABLE 3 2023  F_Median 0.0583998
GOA_SABLE 3 2023  F_Mean 0.0573473
GOA_SABLE 3 2024 F0 0 
GOA_SABLE 3 2024 Fabc 0.0371005
GOA_SABLE 3 2024 Fofl 0.0440885
GOA_SABLE 3 2024  F_LCI 0.0561054
GOA_SABLE 3 2024  F_UCI 0.0757062
GOA_SABLE 3 2024  F_Median 0.0740205
GOA_SABLE 3 2024  F_Mean 0.0710483
GOA_SABLE 3 2025 F0 0 
GOA_SABLE 3 2025 Fabc 0.0371005
GOA_SABLE 3 2025 Fofl 0.0440885
GOA_SABLE 3 2025  F_LCI 0.0549517
GOA_SABLE 3 2025  F_UCI 0.0549517
GOA_SABLE 3 2025  F_Median 0.0549517
GOA_SABLE 3 2025  F_Mean 0.0549517
GOA_SABLE 3 2026 F0 0 
GOA_SABLE 3 2026 Fabc 0.0371005
GOA_SABLE 3 2026 Fofl 0.0440885
GOA_SABLE 3 2026  F_LCI 0.0549517
GOA_SABLE 3 2026  F_UCI 0.0549517
GOA_SABLE 3 2026  F_Median 0.0549517
GOA_SABLE 3 2026  F_Mean 0.0549517
GOA_SABLE 3 2027 F0 0 
GOA_SABLE 3 2027 Fabc 0.0371005
GOA_SABLE 3 2027 Fofl 0.0440885
GOA_SABLE 3 2027  F_LCI 0.0549517
GOA_SABLE 3 2027  F_UCI 0.0549517
GOA_SABLE 3 2027  F_Median 0.0549517
GOA_SABLE 3 2027  F_Mean 0.0549517
GOA_SABLE 3 2028 F0 0 
GOA_SABLE 3 2028 Fabc 0.0371005
GOA_SABLE 3 2028 Fofl 0.0440885
GOA_SABLE 3 2028  F_LCI 0.0549517
GOA_SABLE 3 2028  F_UCI 0.0549517
GOA_SABLE 3 2028  F_Median 0.0549517
GOA_SABLE 3 2028  F_Mean 0.0549517
GOA_SABLE 3 2029 F0 0 
GOA_SABLE 3 2029 Fabc 0.0371005
GOA_SABLE 3 2029 Fofl 0.0440885
GOA_SABLE 3 2029  F_LCI 0.0549517
GOA_SABLE 3 2029  F_UCI 0.0549517
GOA_SABLE 3 2029  F_Median 0.0549517
GOA_SABLE 3 2029  F_Mean 0.0549517
GOA_SABLE 3 2030 F0 0 
GOA_SABLE 3 2030 Fabc 0.0371005
GOA_SABLE 3 2030 Fofl 0.0440885
GOA_SABLE 3 2030  F_LCI 0.0549517
GOA_SABLE 3 2030  F_UCI 0.0549517
GOA_SABLE 3 2030  F_Median 0.0549517
GOA_SABLE 3 2030  F_Mean 0.0549517
GOA_SABLE 3 2031 F0 0 
GOA_SABLE 3 2031 Fabc 0.0371005
GOA_SABLE 3 2031 Fofl 0.0440885
GOA_SABLE 3 2031  F_LCI 0.0549517
GOA_SABLE 3 2031  F_UCI 0.0549517
GOA_SABLE 3 2031  F_Median 0.0549517
GOA_SABLE 3 2031  F_Mean 0.0549517
GOA_SABLE 3 2032 F0 0 
GOA_SABLE 3 2032 Fabc 0.0371005
GOA_SABLE 3 2032 Fofl 0.0440885
GOA_SABLE 3 2032  F_LCI 0.0549517
GOA_SABLE 3 2032  F_UCI 0.0549517
GOA_SABLE 3 2032  F_Median 0.0549517
GOA_SABLE 3 2032  F_Mean 0.0549517
GOA_SABLE 3 2033 F0 0 
GOA_SABLE 3 2033 Fabc 0.0371005
GOA_SABLE 3 2033 Fofl 0.0440885
GOA_SABLE 3 2033  F_LCI 0.0549517
GOA_SABLE 3 2033  F_UCI 0.0549517
GOA_SABLE 3 2033  F_Median 0.0549517
GOA_SABLE 3 2033  F_Mean 0.0549517
GOA_SABLE 3 2034 F0 0 
GOA_SABLE 3 2034 Fabc 0.0371005
GOA_SABLE 3 2034 Fofl 0.0440885
GOA_SABLE 3 2034  F_LCI 0.0549517
GOA_SABLE 3 2034  F_UCI 0.0549517
GOA_SABLE 3 2034  F_Median 0.0549517
GOA_SABLE 3 2034  F_Mean 0.0549517
GOA_SABLE 3 2035 F0 0 
GOA_SABLE 3 2035 Fabc 0.0371005
GOA_SABLE 3 2035 Fofl 0.0440885
GOA_SABLE 3 2035  F_LCI 0.0549517
GOA_SABLE 3 2035  F_UCI 0.0549517
GOA_SABLE 3 2035  F_Median 0.0549517
GOA_SABLE 3 2035  F_Mean 0.0549517
GOA_SABLE 3 2036 F0 0 
GOA_SABLE 3 2036 Fabc 0.0371005
GOA_SABLE 3 2036 Fofl 0.0440885
GOA_SABLE 3 2036  F_LCI 0.0549517
GOA_SABLE 3 2036  F_UCI 0.0549517
GOA_SABLE 3 2036  F_Median 0.0549517
GOA_SABLE 3 2036  F_Mean 0.0549517
GOA_SABLE 4 2022 Cabc 16.5922
GOA_SABLE 4 2022 Cofl 17.8164
GOA_SABLE 4 2022 CLCI 0.999999
GOA_SABLE 4 2022 CUCI 0.999999
GOA_SABLE 4 2022 CMedian 0.999999
GOA_SABLE 4 2022 CMean 0.999999
GOA_SABLE 4 2022 CStdn 1.88738e-14
GOA_SABLE 4 2023 Cabc 16.5922
GOA_SABLE 4 2023 Cofl 17.8164
GOA_SABLE 4 2023 CLCI 27.16
GOA_SABLE 4 2023 CUCI 27.16
GOA_SABLE 4 2023 CMedian 27.16
GOA_SABLE 4 2023 CMean 27.16
GOA_SABLE 4 2023 CStdn 3.71563e-06
GOA_SABLE 4 2024 Cabc 16.5922
GOA_SABLE 4 2024 Cofl 17.8164
GOA_SABLE 4 2024 CLCI 31.4846
GOA_SABLE 4 2024 CUCI 31.4847
GOA_SABLE 4 2024 CMedian 31.4847
GOA_SABLE 4 2024 CMean 31.4847
GOA_SABLE 4 2024 CStdn 8.0562e-06
GOA_SABLE 4 2025 Cabc 16.5922
GOA_SABLE 4 2025 Cofl 17.8164
GOA_SABLE 4 2025 CLCI 3.70271
GOA_SABLE 4 2025 CUCI 6.19787
GOA_SABLE 4 2025 CMedian 3.9251
GOA_SABLE 4 2025 CMean 4.35349
GOA_SABLE 4 2025 CStdn 1.28041
GOA_SABLE 4 2026 Cabc 16.5922
GOA_SABLE 4 2026 Cofl 17.8164
GOA_SABLE 4 2026 CLCI 3.49212
GOA_SABLE 4 2026 CUCI 7.29416
GOA_SABLE 4 2026 CMedian 3.90916
GOA_SABLE 4 2026 CMean 4.50212
GOA_SABLE 4 2026 CStdn 1.75636
GOA_SABLE 4 2027 Cabc 16.5922
GOA_SABLE 4 2027 Cofl 17.8164
GOA_SABLE 4 2027 CLCI 3.25524
GOA_SABLE 4 2027 CUCI 8.48725
GOA_SABLE 4 2027 CMedian 3.8899
GOA_SABLE 4 2027 CMean 4.6644
GOA_SABLE 4 2027 CStdn 2.24153
GOA_SABLE 4 2028 Cabc 16.5922
GOA_SABLE 4 2028 Cofl 17.8164
GOA_SABLE 4 2028 CLCI 3.04319
GOA_SABLE 4 2028 CUCI 9.71643
GOA_SABLE 4 2028 CMedian 3.89439
GOA_SABLE 4 2028 CMean 4.84168
GOA_SABLE 4 2028 CStdn 2.68792
GOA_SABLE 4 2029 Cabc 16.5922
GOA_SABLE 4 2029 Cofl 17.8164
GOA_SABLE 4 2029 CLCI 2.82555
GOA_SABLE 4 2029 CUCI 10.589
GOA_SABLE 4 2029 CMedian 3.97663
GOA_SABLE 4 2029 CMean 5.0199
GOA_SABLE 4 2029 CStdn 3.07193
GOA_SABLE 4 2030 Cabc 16.5922
GOA_SABLE 4 2030 Cofl 17.8164
GOA_SABLE 4 2030 CLCI 2.64639
GOA_SABLE 4 2030 CUCI 11.6399
GOA_SABLE 4 2030 CMedian 4.0673
GOA_SABLE 4 2030 CMean 5.19253
GOA_SABLE 4 2030 CStdn 3.37495
GOA_SABLE 4 2031 Cabc 16.5922
GOA_SABLE 4 2031 Cofl 17.8164
GOA_SABLE 4 2031 CLCI 2.50877
GOA_SABLE 4 2031 CUCI 12.2966
GOA_SABLE 4 2031 CMedian 4.14265
GOA_SABLE 4 2031 CMean 5.36801
GOA_SABLE 4 2031 CStdn 3.61036
GOA_SABLE 4 2032 Cabc 16.5922
GOA_SABLE 4 2032 Cofl 17.8164
GOA_SABLE 4 2032 CLCI 2.38976
GOA_SABLE 4 2032 CUCI 12.677
GOA_SABLE 4 2032 CMedian 4.20319
GOA_SABLE 4 2032 CMean 5.5117
GOA_SABLE 4 2032 CStdn 3.7928
GOA_SABLE 4 2033 Cabc 16.5922
GOA_SABLE 4 2033 Cofl 17.8164
GOA_SABLE 4 2033 CLCI 2.27963
GOA_SABLE 4 2033 CUCI 13.4493
GOA_SABLE 4 2033 CMedian 4.29505
GOA_SABLE 4 2033 CMean 5.64573
GOA_SABLE 4 2033 CStdn 3.92878
GOA_SABLE 4 2034 Cabc 16.5922
GOA_SABLE 4 2034 Cofl 17.8164
GOA_SABLE 4 2034 CLCI 2.23933
GOA_SABLE 4 2034 CUCI 13.5783
GOA_SABLE 4 2034 CMedian 4.43326
GOA_SABLE 4 2034 CMean 5.78193
GOA_SABLE 4 2034 CStdn 4.01271
GOA_SABLE 4 2035 Cabc 16.5922
GOA_SABLE 4 2035 Cofl 17.8164
GOA_SABLE 4 2035 CLCI 2.18424
GOA_SABLE 4 2035 CUCI 14.1339
GOA_SABLE 4 2035 CMedian 4.66597
GOA_SABLE 4 2035 CMean 5.91057
GOA_SABLE 4 2035 CStdn 4.07866
GOA_SABLE 4 2036 Cabc 16.5922
GOA_SABLE 4 2036 Cofl 17.8164
GOA_SABLE 4 2036 CLCI 2.11846
GOA_SABLE 4 2036 CUCI 14.4193
GOA_SABLE 4 2036 CMedian 4.82978
GOA_SABLE 4 2036 CMean 6.05412
GOA_SABLE 4 2036 CStdn 4.13591
GOA_SABLE 4 2022 SSBF100 243.623
GOA_SABLE 4 2022 SSBFabc 97.4492
GOA_SABLE 4 2022 SSBFofl 85.268
GOA_SABLE 4 2022 SSBLCI 73.1477
GOA_SABLE 4 2022 SSBUCI 73.1477
GOA_SABLE 4 2022 SSBMedian 73.1477
GOA_SABLE 4 2022 SSBMean 73.1477
GOA_SABLE 4 2023 SSBF100 243.623
GOA_SABLE 4 2023 SSBFabc 97.4492
GOA_SABLE 4 2023 SSBFofl 85.268
GOA_SABLE 4 2023 SSBLCI 69.4742
GOA_SABLE 4 2023 SSBUCI 70.4777
GOA_SABLE 4 2023 SSBMedian 69.5134
GOA_SABLE 4 2023 SSBMean 69.7145
GOA_SABLE 4 2024 SSBF100 243.623
GOA_SABLE 4 2024 SSBFabc 97.4492
GOA_SABLE 4 2024 SSBFofl 85.268
GOA_SABLE 4 2024 SSBLCI 56.8013
GOA_SABLE 4 2024 SSBUCI 61.1765
GOA_SABLE 4 2024 SSBMedian 57.0593
GOA_SABLE 4 2024 SSBMean 57.8062
GOA_SABLE 4 2025 SSBF100 243.623
GOA_SABLE 4 2025 SSBFabc 97.4492
GOA_SABLE 4 2025 SSBFofl 85.268
GOA_SABLE 4 2025 SSBLCI 44.2341
GOA_SABLE 4 2025 SSBUCI 55.2562
GOA_SABLE 4 2025 SSBMedian 45.0823
GOA_SABLE 4 2025 SSBMean 46.9544
GOA_SABLE 4 2026 SSBF100 243.623
GOA_SABLE 4 2026 SSBFabc 97.4492
GOA_SABLE 4 2026 SSBFofl 85.268
GOA_SABLE 4 2026 SSBLCI 40.6166
GOA_SABLE 4 2026 SSBUCI 59.9983
GOA_SABLE 4 2026 SSBMedian 42.4439
GOA_SABLE 4 2026 SSBMean 45.8427
GOA_SABLE 4 2027 SSBF100 243.623
GOA_SABLE 4 2027 SSBFabc 97.4492
GOA_SABLE 4 2027 SSBFofl 85.268
GOA_SABLE 4 2027 SSBLCI 37.306
GOA_SABLE 4 2027 SSBUCI 72.4769
GOA_SABLE 4 2027 SSBMedian 41.0606
GOA_SABLE 4 2027 SSBMean 47.0894
GOA_SABLE 4 2028 SSBF100 243.623
GOA_SABLE 4 2028 SSBFabc 97.4492
GOA_SABLE 4 2028 SSBFofl 85.268
GOA_SABLE 4 2028 SSBLCI 34.5725
GOA_SABLE 4 2028 SSBUCI 93.2165
GOA_SABLE 4 2028 SSBMedian 41.3669
GOA_SABLE 4 2028 SSBMean 51.406
GOA_SABLE 4 2029 SSBF100 243.623
GOA_SABLE 4 2029 SSBFabc 97.4492
GOA_SABLE 4 2029 SSBFofl 85.268
GOA_SABLE 4 2029 SSBLCI 32.4758
GOA_SABLE 4 2029 SSBUCI 128.504
GOA_SABLE 4 2029 SSBMedian 43.7053
GOA_SABLE 4 2029 SSBMean 58.7098
GOA_SABLE 4 2030 SSBF100 243.623
GOA_SABLE 4 2030 SSBFabc 97.4492
GOA_SABLE 4 2030 SSBFofl 85.268
GOA_SABLE 4 2030 SSBLCI 31.1674
GOA_SABLE 4 2030 SSBUCI 171.613
GOA_SABLE 4 2030 SSBMedian 47.9939
GOA_SABLE 4 2030 SSBMean 68.1413
GOA_SABLE 4 2031 SSBF100 243.623
GOA_SABLE 4 2031 SSBFabc 97.4492
GOA_SABLE 4 2031 SSBFofl 85.268
GOA_SABLE 4 2031 SSBLCI 30.5007
GOA_SABLE 4 2031 SSBUCI 200.65
GOA_SABLE 4 2031 SSBMedian 54.1234
GOA_SABLE 4 2031 SSBMean 78.6035
GOA_SABLE 4 2032 SSBF100 243.623
GOA_SABLE 4 2032 SSBFabc 97.4492
GOA_SABLE 4 2032 SSBFofl 85.268
GOA_SABLE 4 2032 SSBLCI 31.0543
GOA_SABLE 4 2032 SSBUCI 237.87
GOA_SABLE 4 2032 SSBMedian 61.8146
GOA_SABLE 4 2032 SSBMean 89.093
GOA_SABLE 4 2033 SSBF100 243.623
GOA_SABLE 4 2033 SSBFabc 97.4492
GOA_SABLE 4 2033 SSBFofl 85.268
GOA_SABLE 4 2033 SSBLCI 32.1084
GOA_SABLE 4 2033 SSBUCI 267.741
GOA_SABLE 4 2033 SSBMedian 68.9573
GOA_SABLE 4 2033 SSBMean 99.0003
GOA_SABLE 4 2034 SSBF100 243.623
GOA_SABLE 4 2034 SSBFabc 97.4492
GOA_SABLE 4 2034 SSBFofl 85.268
GOA_SABLE 4 2034 SSBLCI 33.2407
GOA_SABLE 4 2034 SSBUCI 283.249
GOA_SABLE 4 2034 SSBMedian 76.2408
GOA_SABLE 4 2034 SSBMean 107.987
GOA_SABLE 4 2035 SSBF100 243.623
GOA_SABLE 4 2035 SSBFabc 97.4492
GOA_SABLE 4 2035 SSBFofl 85.268
GOA_SABLE 4 2035 SSBLCI 35.0469
GOA_SABLE 4 2035 SSBUCI 298.221
GOA_SABLE 4 2035 SSBMedian 82.4418
GOA_SABLE 4 2035 SSBMean 115.914
GOA_SABLE 4 2036 SSBF100 243.623
GOA_SABLE 4 2036 SSBFabc 97.4492
GOA_SABLE 4 2036 SSBFofl 85.268
GOA_SABLE 4 2036 SSBLCI 35.8516
GOA_SABLE 4 2036 SSBUCI 319.151
GOA_SABLE 4 2036 SSBMedian 87.8049
GOA_SABLE 4 2036 SSBMean 122.868
GOA_SABLE 4 2022 F0 0 
GOA_SABLE 4 2022 Fabc 0.0371005
GOA_SABLE 4 2022 Fofl 0.0440885
GOA_SABLE 4 2022  F_LCI 0.00209605
GOA_SABLE 4 2022  F_UCI 0.00209605
GOA_SABLE 4 2022  F_Median 0.00209605
GOA_SABLE 4 2022  F_Mean 0.00209605
GOA_SABLE 4 2023 F0 0 
GOA_SABLE 4 2023 Fabc 0.0371005
GOA_SABLE 4 2023 Fofl 0.0440885
GOA_SABLE 4 2023  F_LCI 0.05204
GOA_SABLE 4 2023  F_UCI 0.058667
GOA_SABLE 4 2023  F_Median 0.0583998
GOA_SABLE 4 2023  F_Mean 0.0573473
GOA_SABLE 4 2024 F0 0 
GOA_SABLE 4 2024 Fabc 0.0371005
GOA_SABLE 4 2024 Fofl 0.0440885
GOA_SABLE 4 2024  F_LCI 0.0561054
GOA_SABLE 4 2024  F_UCI 0.0757062
GOA_SABLE 4 2024  F_Median 0.0740205
GOA_SABLE 4 2024  F_Mean 0.0710483
GOA_SABLE 4 2025 F0 0 
GOA_SABLE 4 2025 Fabc 0.0371005
GOA_SABLE 4 2025 Fofl 0.0440885
GOA_SABLE 4 2025  F_LCI 0.00976191
GOA_SABLE 4 2025  F_UCI 0.00976191
GOA_SABLE 4 2025  F_Median 0.00976191
GOA_SABLE 4 2025  F_Mean 0.00976191
GOA_SABLE 4 2026 F0 0 
GOA_SABLE 4 2026 Fabc 0.0371005
GOA_SABLE 4 2026 Fofl 0.0440885
GOA_SABLE 4 2026  F_LCI 0.00976191
GOA_SABLE 4 2026  F_UCI 0.00976191
GOA_SABLE 4 2026  F_Median 0.00976191
GOA_SABLE 4 2026  F_Mean 0.00976191
GOA_SABLE 4 2027 F0 0 
GOA_SABLE 4 2027 Fabc 0.0371005
GOA_SABLE 4 2027 Fofl 0.0440885
GOA_SABLE 4 2027  F_LCI 0.00976191
GOA_SABLE 4 2027  F_UCI 0.00976191
GOA_SABLE 4 2027  F_Median 0.00976191
GOA_SABLE 4 2027  F_Mean 0.00976191
GOA_SABLE 4 2028 F0 0 
GOA_SABLE 4 2028 Fabc 0.0371005
GOA_SABLE 4 2028 Fofl 0.0440885
GOA_SABLE 4 2028  F_LCI 0.00976191
GOA_SABLE 4 2028  F_UCI 0.00976191
GOA_SABLE 4 2028  F_Median 0.00976191
GOA_SABLE 4 2028  F_Mean 0.00976191
GOA_SABLE 4 2029 F0 0 
GOA_SABLE 4 2029 Fabc 0.0371005
GOA_SABLE 4 2029 Fofl 0.0440885
GOA_SABLE 4 2029  F_LCI 0.00976191
GOA_SABLE 4 2029  F_UCI 0.00976191
GOA_SABLE 4 2029  F_Median 0.00976191
GOA_SABLE 4 2029  F_Mean 0.00976191
GOA_SABLE 4 2030 F0 0 
GOA_SABLE 4 2030 Fabc 0.0371005
GOA_SABLE 4 2030 Fofl 0.0440885
GOA_SABLE 4 2030  F_LCI 0.00976191
GOA_SABLE 4 2030  F_UCI 0.00976191
GOA_SABLE 4 2030  F_Median 0.00976191
GOA_SABLE 4 2030  F_Mean 0.00976097
GOA_SABLE 4 2031 F0 0 
GOA_SABLE 4 2031 Fabc 0.0371005
GOA_SABLE 4 2031 Fofl 0.0440885
GOA_SABLE 4 2031  F_LCI 0.00976191
GOA_SABLE 4 2031  F_UCI 0.00976191
GOA_SABLE 4 2031  F_Median 0.00976191
GOA_SABLE 4 2031  F_Mean 0.00975512
GOA_SABLE 4 2032 F0 0 
GOA_SABLE 4 2032 Fabc 0.0371005
GOA_SABLE 4 2032 Fofl 0.0440885
GOA_SABLE 4 2032  F_LCI 0.00976191
GOA_SABLE 4 2032  F_UCI 0.00976191
GOA_SABLE 4 2032  F_Median 0.00976191
GOA_SABLE 4 2032  F_Mean 0.00974764
GOA_SABLE 4 2033 F0 0 
GOA_SABLE 4 2033 Fabc 0.0371005
GOA_SABLE 4 2033 Fofl 0.0440885
GOA_SABLE 4 2033  F_LCI 0.00976191
GOA_SABLE 4 2033  F_UCI 0.00976191
GOA_SABLE 4 2033  F_Median 0.00976191
GOA_SABLE 4 2033  F_Mean 0.00974546
GOA_SABLE 4 2034 F0 0 
GOA_SABLE 4 2034 Fabc 0.0371005
GOA_SABLE 4 2034 Fofl 0.0440885
GOA_SABLE 4 2034  F_LCI 0.00976191
GOA_SABLE 4 2034  F_UCI 0.00976191
GOA_SABLE 4 2034  F_Median 0.00976191
GOA_SABLE 4 2034  F_Mean 0.00974684
GOA_SABLE 4 2035 F0 0 
GOA_SABLE 4 2035 Fabc 0.0371005
GOA_SABLE 4 2035 Fofl 0.0440885
GOA_SABLE 4 2035  F_LCI 0.00976191
GOA_SABLE 4 2035  F_UCI 0.00976191
GOA_SABLE 4 2035  F_Median 0.00976191
GOA_SABLE 4 2035  F_Mean 0.00975019
GOA_SABLE 4 2036 F0 0 
GOA_SABLE 4 2036 Fabc 0.0371005
GOA_SABLE 4 2036 Fofl 0.0440885
GOA_SABLE 4 2036  F_LCI 0.00976191
GOA_SABLE 4 2036  F_UCI 0.00976191
GOA_SABLE 4 2036  F_Median 0.00976191
GOA_SABLE 4 2036  F_Mean 0.0097559
GOA_SABLE 5 2022 Cabc 16.5922
GOA_SABLE 5 2022 Cofl 17.8164
GOA_SABLE 5 2022 CLCI 0.999999
GOA_SABLE 5 2022 CUCI 0.999999
GOA_SABLE 5 2022 CMedian 0.999999
GOA_SABLE 5 2022 CMean 0.999999
GOA_SABLE 5 2022 CStdn 1.88738e-14
GOA_SABLE 5 2023 Cabc 16.5922
GOA_SABLE 5 2023 Cofl 17.8164
GOA_SABLE 5 2023 CLCI 27.16
GOA_SABLE 5 2023 CUCI 27.16
GOA_SABLE 5 2023 CMedian 27.16
GOA_SABLE 5 2023 CMean 27.16
GOA_SABLE 5 2023 CStdn 3.71563e-06
GOA_SABLE 5 2024 Cabc 16.5922
GOA_SABLE 5 2024 Cofl 17.8164
GOA_SABLE 5 2024 CLCI 31.4846
GOA_SABLE 5 2024 CUCI 31.4847
GOA_SABLE 5 2024 CMedian 31.4847
GOA_SABLE 5 2024 CMean 31.4847
GOA_SABLE 5 2024 CStdn 8.0562e-06
GOA_SABLE 5 2025 Cabc 16.5922
GOA_SABLE 5 2025 Cofl 17.8164
GOA_SABLE 5 2025 CLCI 0
GOA_SABLE 5 2025 CUCI 0
GOA_SABLE 5 2025 CMedian 0
GOA_SABLE 5 2025 CMean 0
GOA_SABLE 5 2025 CStdn 0
GOA_SABLE 5 2026 Cabc 16.5922
GOA_SABLE 5 2026 Cofl 17.8164
GOA_SABLE 5 2026 CLCI 0
GOA_SABLE 5 2026 CUCI 0
GOA_SABLE 5 2026 CMedian 0
GOA_SABLE 5 2026 CMean 0
GOA_SABLE 5 2026 CStdn 0
GOA_SABLE 5 2027 Cabc 16.5922
GOA_SABLE 5 2027 Cofl 17.8164
GOA_SABLE 5 2027 CLCI 0
GOA_SABLE 5 2027 CUCI 0
GOA_SABLE 5 2027 CMedian 0
GOA_SABLE 5 2027 CMean 0
GOA_SABLE 5 2027 CStdn 0
GOA_SABLE 5 2028 Cabc 16.5922
GOA_SABLE 5 2028 Cofl 17.8164
GOA_SABLE 5 2028 CLCI 0
GOA_SABLE 5 2028 CUCI 0
GOA_SABLE 5 2028 CMedian 0
GOA_SABLE 5 2028 CMean 0
GOA_SABLE 5 2028 CStdn 0
GOA_SABLE 5 2029 Cabc 16.5922
GOA_SABLE 5 2029 Cofl 17.8164
GOA_SABLE 5 2029 CLCI 0
GOA_SABLE 5 2029 CUCI 0
GOA_SABLE 5 2029 CMedian 0
GOA_SABLE 5 2029 CMean 0
GOA_SABLE 5 2029 CStdn 0
GOA_SABLE 5 2030 Cabc 16.5922
GOA_SABLE 5 2030 Cofl 17.8164
GOA_SABLE 5 2030 CLCI 0
GOA_SABLE 5 2030 CUCI 0
GOA_SABLE 5 2030 CMedian 0
GOA_SABLE 5 2030 CMean 0
GOA_SABLE 5 2030 CStdn 0
GOA_SABLE 5 2031 Cabc 16.5922
GOA_SABLE 5 2031 Cofl 17.8164
GOA_SABLE 5 2031 CLCI 0
GOA_SABLE 5 2031 CUCI 0
GOA_SABLE 5 2031 CMedian 0
GOA_SABLE 5 2031 CMean 0
GOA_SABLE 5 2031 CStdn 0
GOA_SABLE 5 2032 Cabc 16.5922
GOA_SABLE 5 2032 Cofl 17.8164
GOA_SABLE 5 2032 CLCI 0
GOA_SABLE 5 2032 CUCI 0
GOA_SABLE 5 2032 CMedian 0
GOA_SABLE 5 2032 CMean 0
GOA_SABLE 5 2032 CStdn 0
GOA_SABLE 5 2033 Cabc 16.5922
GOA_SABLE 5 2033 Cofl 17.8164
GOA_SABLE 5 2033 CLCI 0
GOA_SABLE 5 2033 CUCI 0
GOA_SABLE 5 2033 CMedian 0
GOA_SABLE 5 2033 CMean 0
GOA_SABLE 5 2033 CStdn 0
GOA_SABLE 5 2034 Cabc 16.5922
GOA_SABLE 5 2034 Cofl 17.8164
GOA_SABLE 5 2034 CLCI 0
GOA_SABLE 5 2034 CUCI 0
GOA_SABLE 5 2034 CMedian 0
GOA_SABLE 5 2034 CMean 0
GOA_SABLE 5 2034 CStdn 0
GOA_SABLE 5 2035 Cabc 16.5922
GOA_SABLE 5 2035 Cofl 17.8164
GOA_SABLE 5 2035 CLCI 0
GOA_SABLE 5 2035 CUCI 0
GOA_SABLE 5 2035 CMedian 0
GOA_SABLE 5 2035 CMean 0
GOA_SABLE 5 2035 CStdn 0
GOA_SABLE 5 2036 Cabc 16.5922
GOA_SABLE 5 2036 Cofl 17.8164
GOA_SABLE 5 2036 CLCI 0
GOA_SABLE 5 2036 CUCI 0
GOA_SABLE 5 2036 CMedian 0
GOA_SABLE 5 2036 CMean 0
GOA_SABLE 5 2036 CStdn 0
GOA_SABLE 5 2022 SSBF100 243.623
GOA_SABLE 5 2022 SSBFabc 97.4492
GOA_SABLE 5 2022 SSBFofl 85.268
GOA_SABLE 5 2022 SSBLCI 73.1477
GOA_SABLE 5 2022 SSBUCI 73.1477
GOA_SABLE 5 2022 SSBMedian 73.1477
GOA_SABLE 5 2022 SSBMean 73.1477
GOA_SABLE 5 2023 SSBF100 243.623
GOA_SABLE 5 2023 SSBFabc 97.4492
GOA_SABLE 5 2023 SSBFofl 85.268
GOA_SABLE 5 2023 SSBLCI 69.4742
GOA_SABLE 5 2023 SSBUCI 70.4777
GOA_SABLE 5 2023 SSBMedian 69.5134
GOA_SABLE 5 2023 SSBMean 69.7145
GOA_SABLE 5 2024 SSBF100 243.623
GOA_SABLE 5 2024 SSBFabc 97.4492
GOA_SABLE 5 2024 SSBFofl 85.268
GOA_SABLE 5 2024 SSBLCI 56.8013
GOA_SABLE 5 2024 SSBUCI 61.1765
GOA_SABLE 5 2024 SSBMedian 57.0593
GOA_SABLE 5 2024 SSBMean 57.8062
GOA_SABLE 5 2025 SSBF100 243.623
GOA_SABLE 5 2025 SSBFabc 97.4492
GOA_SABLE 5 2025 SSBFofl 85.268
GOA_SABLE 5 2025 SSBLCI 44.2341
GOA_SABLE 5 2025 SSBUCI 55.2562
GOA_SABLE 5 2025 SSBMedian 45.0823
GOA_SABLE 5 2025 SSBMean 46.9544
GOA_SABLE 5 2026 SSBF100 243.623
GOA_SABLE 5 2026 SSBFabc 97.4492
GOA_SABLE 5 2026 SSBFofl 85.268
GOA_SABLE 5 2026 SSBLCI 41.6369
GOA_SABLE 5 2026 SSBUCI 61.3462
GOA_SABLE 5 2026 SSBMedian 43.49
GOA_SABLE 5 2026 SSBMean 46.9387
GOA_SABLE 5 2027 SSBF100 243.623
GOA_SABLE 5 2027 SSBFabc 97.4492
GOA_SABLE 5 2027 SSBFofl 85.268
GOA_SABLE 5 2027 SSBLCI 39.1936
GOA_SABLE 5 2027 SSBUCI 75.5643
GOA_SABLE 5 2027 SSBMedian 43.0185
GOA_SABLE 5 2027 SSBMean 49.2586
GOA_SABLE 5 2028 SSBF100 243.623
GOA_SABLE 5 2028 SSBFabc 97.4492
GOA_SABLE 5 2028 SSBFofl 85.268
GOA_SABLE 5 2028 SSBLCI 37.2027
GOA_SABLE 5 2028 SSBUCI 97.8886
GOA_SABLE 5 2028 SSBMedian 44.2084
GOA_SABLE 5 2028 SSBMean 54.7758
GOA_SABLE 5 2029 SSBF100 243.623
GOA_SABLE 5 2029 SSBFabc 97.4492
GOA_SABLE 5 2029 SSBFofl 85.268
GOA_SABLE 5 2029 SSBLCI 35.7634
GOA_SABLE 5 2029 SSBUCI 136.694
GOA_SABLE 5 2029 SSBMedian 47.5545
GOA_SABLE 5 2029 SSBMean 63.5596
GOA_SABLE 5 2030 SSBF100 243.623
GOA_SABLE 5 2030 SSBFabc 97.4492
GOA_SABLE 5 2030 SSBFofl 85.268
GOA_SABLE 5 2030 SSBLCI 34.9961
GOA_SABLE 5 2030 SSBUCI 187.335
GOA_SABLE 5 2030 SSBMedian 52.8657
GOA_SABLE 5 2030 SSBMean 74.8245
GOA_SABLE 5 2031 SSBF100 243.623
GOA_SABLE 5 2031 SSBFabc 97.4492
GOA_SABLE 5 2031 SSBFofl 85.268
GOA_SABLE 5 2031 SSBLCI 34.8867
GOA_SABLE 5 2031 SSBUCI 220.188
GOA_SABLE 5 2031 SSBMedian 60.6211
GOA_SABLE 5 2031 SSBMean 87.4522
GOA_SABLE 5 2032 SSBF100 243.623
GOA_SABLE 5 2032 SSBFabc 97.4492
GOA_SABLE 5 2032 SSBFofl 85.268
GOA_SABLE 5 2032 SSBLCI 35.8311
GOA_SABLE 5 2032 SSBUCI 265.15
GOA_SABLE 5 2032 SSBMedian 69.8309
GOA_SABLE 5 2032 SSBMean 100.359
GOA_SABLE 5 2033 SSBF100 243.623
GOA_SABLE 5 2033 SSBFabc 97.4492
GOA_SABLE 5 2033 SSBFofl 85.268
GOA_SABLE 5 2033 SSBLCI 37.6567
GOA_SABLE 5 2033 SSBUCI 303.871
GOA_SABLE 5 2033 SSBMedian 79.0214
GOA_SABLE 5 2033 SSBMean 112.84
GOA_SABLE 5 2034 SSBF100 243.623
GOA_SABLE 5 2034 SSBFabc 97.4492
GOA_SABLE 5 2034 SSBFofl 85.268
GOA_SABLE 5 2034 SSBLCI 39.4078
GOA_SABLE 5 2034 SSBUCI 323.334
GOA_SABLE 5 2034 SSBMedian 87.1975
GOA_SABLE 5 2034 SSBMean 124.468
GOA_SABLE 5 2035 SSBF100 243.623
GOA_SABLE 5 2035 SSBFabc 97.4492
GOA_SABLE 5 2035 SSBFofl 85.268
GOA_SABLE 5 2035 SSBLCI 41.4271
GOA_SABLE 5 2035 SSBUCI 354.172
GOA_SABLE 5 2035 SSBMedian 96.0769
GOA_SABLE 5 2035 SSBMean 135.036
GOA_SABLE 5 2036 SSBF100 243.623
GOA_SABLE 5 2036 SSBFabc 97.4492
GOA_SABLE 5 2036 SSBFofl 85.268
GOA_SABLE 5 2036 SSBLCI 43.1667
GOA_SABLE 5 2036 SSBUCI 369.986
GOA_SABLE 5 2036 SSBMedian 103.793
GOA_SABLE 5 2036 SSBMean 144.578
GOA_SABLE 5 2022 F0 0 
GOA_SABLE 5 2022 Fabc 0.0371005
GOA_SABLE 5 2022 Fofl 0.0440885
GOA_SABLE 5 2022  F_LCI 0.00209605
GOA_SABLE 5 2022  F_UCI 0.00209605
GOA_SABLE 5 2022  F_Median 0.00209605
GOA_SABLE 5 2022  F_Mean 0.00209605
GOA_SABLE 5 2023 F0 0 
GOA_SABLE 5 2023 Fabc 0.0371005
GOA_SABLE 5 2023 Fofl 0.0440885
GOA_SABLE 5 2023  F_LCI 0.05204
GOA_SABLE 5 2023  F_UCI 0.058667
GOA_SABLE 5 2023  F_Median 0.0583998
GOA_SABLE 5 2023  F_Mean 0.0573473
GOA_SABLE 5 2024 F0 0 
GOA_SABLE 5 2024 Fabc 0.0371005
GOA_SABLE 5 2024 Fofl 0.0440885
GOA_SABLE 5 2024  F_LCI 0.0561054
GOA_SABLE 5 2024  F_UCI 0.0757062
GOA_SABLE 5 2024  F_Median 0.0740205
GOA_SABLE 5 2024  F_Mean 0.0710483
GOA_SABLE 5 2025 F0 0 
GOA_SABLE 5 2025 Fabc 0.0371005
GOA_SABLE 5 2025 Fofl 0.0440885
GOA_SABLE 5 2025  F_LCI 0
GOA_SABLE 5 2025  F_UCI 0
GOA_SABLE 5 2025  F_Median 0
GOA_SABLE 5 2025  F_Mean 0
GOA_SABLE 5 2026 F0 0 
GOA_SABLE 5 2026 Fabc 0.0371005
GOA_SABLE 5 2026 Fofl 0.0440885
GOA_SABLE 5 2026  F_LCI 0
GOA_SABLE 5 2026  F_UCI 0
GOA_SABLE 5 2026  F_Median 0
GOA_SABLE 5 2026  F_Mean 0
GOA_SABLE 5 2027 F0 0 
GOA_SABLE 5 2027 Fabc 0.0371005
GOA_SABLE 5 2027 Fofl 0.0440885
GOA_SABLE 5 2027  F_LCI 0
GOA_SABLE 5 2027  F_UCI 0
GOA_SABLE 5 2027  F_Median 0
GOA_SABLE 5 2027  F_Mean 0
GOA_SABLE 5 2028 F0 0 
GOA_SABLE 5 2028 Fabc 0.0371005
GOA_SABLE 5 2028 Fofl 0.0440885
GOA_SABLE 5 2028  F_LCI 0
GOA_SABLE 5 2028  F_UCI 0
GOA_SABLE 5 2028  F_Median 0
GOA_SABLE 5 2028  F_Mean 0
GOA_SABLE 5 2029 F0 0 
GOA_SABLE 5 2029 Fabc 0.0371005
GOA_SABLE 5 2029 Fofl 0.0440885
GOA_SABLE 5 2029  F_LCI 0
GOA_SABLE 5 2029  F_UCI 0
GOA_SABLE 5 2029  F_Median 0
GOA_SABLE 5 2029  F_Mean 0
GOA_SABLE 5 2030 F0 0 
GOA_SABLE 5 2030 Fabc 0.0371005
GOA_SABLE 5 2030 Fofl 0.0440885
GOA_SABLE 5 2030  F_LCI 0
GOA_SABLE 5 2030  F_UCI 0
GOA_SABLE 5 2030  F_Median 0
GOA_SABLE 5 2030  F_Mean 0
GOA_SABLE 5 2031 F0 0 
GOA_SABLE 5 2031 Fabc 0.0371005
GOA_SABLE 5 2031 Fofl 0.0440885
GOA_SABLE 5 2031  F_LCI 0
GOA_SABLE 5 2031  F_UCI 0
GOA_SABLE 5 2031  F_Median 0
GOA_SABLE 5 2031  F_Mean 0
GOA_SABLE 5 2032 F0 0 
GOA_SABLE 5 2032 Fabc 0.0371005
GOA_SABLE 5 2032 Fofl 0.0440885
GOA_SABLE 5 2032  F_LCI 0
GOA_SABLE 5 2032  F_UCI 0
GOA_SABLE 5 2032  F_Median 0
GOA_SABLE 5 2032  F_Mean 0
GOA_SABLE 5 2033 F0 0 
GOA_SABLE 5 2033 Fabc 0.0371005
GOA_SABLE 5 2033 Fofl 0.0440885
GOA_SABLE 5 2033  F_LCI 0
GOA_SABLE 5 2033  F_UCI 0
GOA_SABLE 5 2033  F_Median 0
GOA_SABLE 5 2033  F_Mean 0
GOA_SABLE 5 2034 F0 0 
GOA_SABLE 5 2034 Fabc 0.0371005
GOA_SABLE 5 2034 Fofl 0.0440885
GOA_SABLE 5 2034  F_LCI 0
GOA_SABLE 5 2034  F_UCI 0
GOA_SABLE 5 2034  F_Median 0
GOA_SABLE 5 2034  F_Mean 0
GOA_SABLE 5 2035 F0 0 
GOA_SABLE 5 2035 Fabc 0.0371005
GOA_SABLE 5 2035 Fofl 0.0440885
GOA_SABLE 5 2035  F_LCI 0
GOA_SABLE 5 2035  F_UCI 0
GOA_SABLE 5 2035  F_Median 0
GOA_SABLE 5 2035  F_Mean 0
GOA_SABLE 5 2036 F0 0 
GOA_SABLE 5 2036 Fabc 0.0371005
GOA_SABLE 5 2036 Fofl 0.0440885
GOA_SABLE 5 2036  F_LCI 0
GOA_SABLE 5 2036  F_UCI 0
GOA_SABLE 5 2036  F_Median 0
GOA_SABLE 5 2036  F_Mean 0
GOA_SABLE 6 2022 Cabc 16.5922
GOA_SABLE 6 2022 Cofl 17.8164
GOA_SABLE 6 2022 CLCI 0.999999
GOA_SABLE 6 2022 CUCI 0.999999
GOA_SABLE 6 2022 CMedian 0.999999
GOA_SABLE 6 2022 CMean 0.999999
GOA_SABLE 6 2022 CStdn 1.88738e-14
GOA_SABLE 6 2023 Cabc 16.5922
GOA_SABLE 6 2023 Cofl 17.8164
GOA_SABLE 6 2023 CLCI 14.5339
GOA_SABLE 6 2023 CUCI 16.3838
GOA_SABLE 6 2023 CMedian 14.6053
GOA_SABLE 6 2023 CMean 14.9858
GOA_SABLE 6 2023 CStdn 1.44879
GOA_SABLE 6 2024 Cabc 16.5922
GOA_SABLE 6 2024 Cofl 17.8164
GOA_SABLE 6 2024 CLCI 11.9634
GOA_SABLE 6 2024 CUCI 16.5816
GOA_SABLE 6 2024 CMedian 12.2484
GOA_SABLE 6 2024 CMean 13.1285
GOA_SABLE 6 2024 CStdn 2.97213
GOA_SABLE 6 2025 Cabc 16.5922
GOA_SABLE 6 2025 Cofl 17.8164
GOA_SABLE 6 2025 CLCI 9.73175
GOA_SABLE 6 2025 CUCI 17.7799
GOA_SABLE 6 2025 CMedian 10.3794
GOA_SABLE 6 2025 CMean 11.9271
GOA_SABLE 6 2025 CStdn 5.19191
GOA_SABLE 6 2026 Cabc 16.5922
GOA_SABLE 6 2026 Cofl 17.8164
GOA_SABLE 6 2026 CLCI 7.85722
GOA_SABLE 6 2026 CUCI 20.9711
GOA_SABLE 6 2026 CMedian 9.02743
GOA_SABLE 6 2026 CMean 11.4244
GOA_SABLE 6 2026 CStdn 7.76592
GOA_SABLE 6 2027 Cabc 16.5922
GOA_SABLE 6 2027 Cofl 17.8164
GOA_SABLE 6 2027 CLCI 6.34602
GOA_SABLE 6 2027 CUCI 27.3304
GOA_SABLE 6 2027 CMedian 8.14873
GOA_SABLE 6 2027 CMean 11.5597
GOA_SABLE 6 2027 CStdn 10.099
GOA_SABLE 6 2028 Cabc 16.5922
GOA_SABLE 6 2028 Cofl 17.8164
GOA_SABLE 6 2028 CLCI 5.2187
GOA_SABLE 6 2028 CUCI 35.7341
GOA_SABLE 6 2028 CMedian 7.78491
GOA_SABLE 6 2028 CMean 12.2963
GOA_SABLE 6 2028 CStdn 12.1222
GOA_SABLE 6 2029 Cabc 16.5922
GOA_SABLE 6 2029 Cofl 17.8164
GOA_SABLE 6 2029 CLCI 4.39731
GOA_SABLE 6 2029 CUCI 41.4567
GOA_SABLE 6 2029 CMedian 7.93027
GOA_SABLE 6 2029 CMean 13.3971
GOA_SABLE 6 2029 CStdn 13.7663
GOA_SABLE 6 2030 Cabc 16.5922
GOA_SABLE 6 2030 Cofl 17.8164
GOA_SABLE 6 2030 CLCI 3.79896
GOA_SABLE 6 2030 CUCI 44.1531
GOA_SABLE 6 2030 CMedian 8.53462
GOA_SABLE 6 2030 CMean 14.5178
GOA_SABLE 6 2030 CStdn 14.8478
GOA_SABLE 6 2031 Cabc 16.5922
GOA_SABLE 6 2031 Cofl 17.8164
GOA_SABLE 6 2031 CLCI 3.44105
GOA_SABLE 6 2031 CUCI 44.641
GOA_SABLE 6 2031 CMedian 9.45802
GOA_SABLE 6 2031 CMean 15.4417
GOA_SABLE 6 2031 CStdn 15.2675
GOA_SABLE 6 2032 Cabc 16.5922
GOA_SABLE 6 2032 Cofl 17.8164
GOA_SABLE 6 2032 CLCI 3.24138
GOA_SABLE 6 2032 CUCI 46.2036
GOA_SABLE 6 2032 CMedian 10.1421
GOA_SABLE 6 2032 CMean 16.1851
GOA_SABLE 6 2032 CStdn 15.5083
GOA_SABLE 6 2033 Cabc 16.5922
GOA_SABLE 6 2033 Cofl 17.8164
GOA_SABLE 6 2033 CLCI 3.12225
GOA_SABLE 6 2033 CUCI 47.947
GOA_SABLE 6 2033 CMedian 10.7516
GOA_SABLE 6 2033 CMean 16.7241
GOA_SABLE 6 2033 CStdn 15.6191
GOA_SABLE 6 2034 Cabc 16.5922
GOA_SABLE 6 2034 Cofl 17.8164
GOA_SABLE 6 2034 CLCI 3.06247
GOA_SABLE 6 2034 CUCI 47.998
GOA_SABLE 6 2034 CMedian 11.3327
GOA_SABLE 6 2034 CMean 17.0841
GOA_SABLE 6 2034 CStdn 15.4981
GOA_SABLE 6 2035 Cabc 16.5922
GOA_SABLE 6 2035 Cofl 17.8164
GOA_SABLE 6 2035 CLCI 3.06588
GOA_SABLE 6 2035 CUCI 48.1183
GOA_SABLE 6 2035 CMedian 12.1584
GOA_SABLE 6 2035 CMean 17.3326
GOA_SABLE 6 2035 CStdn 15.3245
GOA_SABLE 6 2036 Cabc 16.5922
GOA_SABLE 6 2036 Cofl 17.8164
GOA_SABLE 6 2036 CLCI 3.03184
GOA_SABLE 6 2036 CUCI 46.7415
GOA_SABLE 6 2036 CMedian 12.7341
GOA_SABLE 6 2036 CMean 17.601
GOA_SABLE 6 2036 CStdn 15.1988
GOA_SABLE 6 2022 SSBF100 243.623
GOA_SABLE 6 2022 SSBFabc 97.4492
GOA_SABLE 6 2022 SSBFofl 85.268
GOA_SABLE 6 2022 SSBLCI 73.1477
GOA_SABLE 6 2022 SSBUCI 73.1477
GOA_SABLE 6 2022 SSBMedian 73.1477
GOA_SABLE 6 2022 SSBMean 73.1477
GOA_SABLE 6 2023 SSBF100 243.623
GOA_SABLE 6 2023 SSBFabc 97.4492
GOA_SABLE 6 2023 SSBFofl 85.268
GOA_SABLE 6 2023 SSBLCI 69.4742
GOA_SABLE 6 2023 SSBUCI 70.4777
GOA_SABLE 6 2023 SSBMedian 69.5134
GOA_SABLE 6 2023 SSBMean 69.7145
GOA_SABLE 6 2024 SSBF100 243.623
GOA_SABLE 6 2024 SSBFabc 97.4492
GOA_SABLE 6 2024 SSBFofl 85.268
GOA_SABLE 6 2024 SSBLCI 60.9568
GOA_SABLE 6 2024 SSBUCI 64.3227
GOA_SABLE 6 2024 SSBMedian 61.1577
GOA_SABLE 6 2024 SSBMean 61.7629
GOA_SABLE 6 2025 SSBF100 243.623
GOA_SABLE 6 2025 SSBFabc 97.4492
GOA_SABLE 6 2025 SSBFofl 85.268
GOA_SABLE 6 2025 SSBLCI 53.7141
GOA_SABLE 6 2025 SSBUCI 61.6484
GOA_SABLE 6 2025 SSBMedian 54.3536
GOA_SABLE 6 2025 SSBMean 55.7536
GOA_SABLE 6 2026 SSBF100 243.623
GOA_SABLE 6 2026 SSBFabc 97.4492
GOA_SABLE 6 2026 SSBFofl 85.268
GOA_SABLE 6 2026 SSBLCI 47.5458
GOA_SABLE 6 2026 SSBUCI 64.0881
GOA_SABLE 6 2026 SSBMedian 49.1784
GOA_SABLE 6 2026 SSBMean 52.0039
GOA_SABLE 6 2027 SSBF100 243.623
GOA_SABLE 6 2027 SSBFabc 97.4492
GOA_SABLE 6 2027 SSBFofl 85.268
GOA_SABLE 6 2027 SSBLCI 42.3814
GOA_SABLE 6 2027 SSBUCI 73.5102
GOA_SABLE 6 2027 SSBMedian 45.7636
GOA_SABLE 6 2027 SSBMean 50.9979
GOA_SABLE 6 2028 SSBF100 243.623
GOA_SABLE 6 2028 SSBFabc 97.4492
GOA_SABLE 6 2028 SSBFofl 85.268
GOA_SABLE 6 2028 SSBLCI 38.2989
GOA_SABLE 6 2028 SSBUCI 90.5471
GOA_SABLE 6 2028 SSBMedian 44.5858
GOA_SABLE 6 2028 SSBMean 52.9707
GOA_SABLE 6 2029 SSBF100 243.623
GOA_SABLE 6 2029 SSBFabc 97.4492
GOA_SABLE 6 2029 SSBFofl 85.268
GOA_SABLE 6 2029 SSBLCI 35.2685
GOA_SABLE 6 2029 SSBUCI 116.866
GOA_SABLE 6 2029 SSBMedian 45.3502
GOA_SABLE 6 2029 SSBMean 57.3958
GOA_SABLE 6 2030 SSBF100 243.623
GOA_SABLE 6 2030 SSBFabc 97.4492
GOA_SABLE 6 2030 SSBFofl 85.268
GOA_SABLE 6 2030 SSBLCI 33.1517
GOA_SABLE 6 2030 SSBUCI 135.829
GOA_SABLE 6 2030 SSBMedian 48.0448
GOA_SABLE 6 2030 SSBMean 63.1676
GOA_SABLE 6 2031 SSBF100 243.623
GOA_SABLE 6 2031 SSBFabc 97.4492
GOA_SABLE 6 2031 SSBFofl 85.268
GOA_SABLE 6 2031 SSBLCI 31.9262
GOA_SABLE 6 2031 SSBUCI 158.742
GOA_SABLE 6 2031 SSBMedian 52.4486
GOA_SABLE 6 2031 SSBMean 69.2087
GOA_SABLE 6 2032 SSBF100 243.623
GOA_SABLE 6 2032 SSBFabc 97.4492
GOA_SABLE 6 2032 SSBFofl 85.268
GOA_SABLE 6 2032 SSBLCI 31.9072
GOA_SABLE 6 2032 SSBUCI 177.833
GOA_SABLE 6 2032 SSBMedian 58.0014
GOA_SABLE 6 2032 SSBMean 74.728
GOA_SABLE 6 2033 SSBF100 243.623
GOA_SABLE 6 2033 SSBFabc 97.4492
GOA_SABLE 6 2033 SSBFofl 85.268
GOA_SABLE 6 2033 SSBLCI 32.2647
GOA_SABLE 6 2033 SSBUCI 187.564
GOA_SABLE 6 2033 SSBMedian 61.9074
GOA_SABLE 6 2033 SSBMean 79.3637
GOA_SABLE 6 2034 SSBF100 243.623
GOA_SABLE 6 2034 SSBFabc 97.4492
GOA_SABLE 6 2034 SSBFofl 85.268
GOA_SABLE 6 2034 SSBLCI 32.8269
GOA_SABLE 6 2034 SSBUCI 191.943
GOA_SABLE 6 2034 SSBMedian 64.9715
GOA_SABLE 6 2034 SSBMean 83.0115
GOA_SABLE 6 2035 SSBF100 243.623
GOA_SABLE 6 2035 SSBFabc 97.4492
GOA_SABLE 6 2035 SSBFofl 85.268
GOA_SABLE 6 2035 SSBLCI 33.7681
GOA_SABLE 6 2035 SSBUCI 200.594
GOA_SABLE 6 2035 SSBMedian 66.5184
GOA_SABLE 6 2035 SSBMean 85.7152
GOA_SABLE 6 2036 SSBF100 243.623
GOA_SABLE 6 2036 SSBFabc 97.4492
GOA_SABLE 6 2036 SSBFofl 85.268
GOA_SABLE 6 2036 SSBLCI 34.8661
GOA_SABLE 6 2036 SSBUCI 204.928
GOA_SABLE 6 2036 SSBMedian 69.8905
GOA_SABLE 6 2036 SSBMean 87.6849
GOA_SABLE 6 2022 F0 0 
GOA_SABLE 6 2022 Fabc 0.0371005
GOA_SABLE 6 2022 Fofl 0.0440885
GOA_SABLE 6 2022  F_LCI 0.00209605
GOA_SABLE 6 2022  F_UCI 0.00209605
GOA_SABLE 6 2022  F_Median 0.00209605
GOA_SABLE 6 2022  F_Mean 0.00209605
GOA_SABLE 6 2023 F0 0 
GOA_SABLE 6 2023 Fabc 0.0371005
GOA_SABLE 6 2023 Fofl 0.0440885
GOA_SABLE 6 2023  F_LCI 0.0307658
GOA_SABLE 6 2023  F_UCI 0.0312437
GOA_SABLE 6 2023  F_Median 0.0307844
GOA_SABLE 6 2023  F_Mean 0.0308802
GOA_SABLE 6 2024 F0 0 
GOA_SABLE 6 2024 Fabc 0.0371005
GOA_SABLE 6 2024 Fofl 0.0440885
GOA_SABLE 6 2024  F_LCI 0.0267095
GOA_SABLE 6 2024  F_UCI 0.0283125
GOA_SABLE 6 2024  F_Median 0.0268052
GOA_SABLE 6 2024  F_Mean 0.0270934
GOA_SABLE 6 2025 F0 0 
GOA_SABLE 6 2025 Fabc 0.0371005
GOA_SABLE 6 2025 Fofl 0.0440885
GOA_SABLE 6 2025  F_LCI 0.0232603
GOA_SABLE 6 2025  F_UCI 0.0270389
GOA_SABLE 6 2025  F_Median 0.0235648
GOA_SABLE 6 2025  F_Mean 0.02423
GOA_SABLE 6 2026 F0 0 
GOA_SABLE 6 2026 Fabc 0.0371005
GOA_SABLE 6 2026 Fofl 0.0440885
GOA_SABLE 6 2026  F_LCI 0.0203226
GOA_SABLE 6 2026  F_UCI 0.0282007
GOA_SABLE 6 2026  F_Median 0.0211002
GOA_SABLE 6 2026  F_Mean 0.0223696
GOA_SABLE 6 2027 F0 0 
GOA_SABLE 6 2027 Fabc 0.0371005
GOA_SABLE 6 2027 Fofl 0.0440885
GOA_SABLE 6 2027  F_LCI 0.0178632
GOA_SABLE 6 2027  F_UCI 0.0326879
GOA_SABLE 6 2027  F_Median 0.0194739
GOA_SABLE 6 2027  F_Mean 0.0215653
GOA_SABLE 6 2028 F0 0 
GOA_SABLE 6 2028 Fabc 0.0371005
GOA_SABLE 6 2028 Fofl 0.0440885
GOA_SABLE 6 2028  F_LCI 0.0159189
GOA_SABLE 6 2028  F_UCI 0.0408015
GOA_SABLE 6 2028  F_Median 0.018913
GOA_SABLE 6 2028  F_Mean 0.0218564
GOA_SABLE 6 2029 F0 0 
GOA_SABLE 6 2029 Fabc 0.0371005
GOA_SABLE 6 2029 Fofl 0.0440885
GOA_SABLE 6 2029  F_LCI 0.0144757
GOA_SABLE 6 2029  F_UCI 0.0440885
GOA_SABLE 6 2029  F_Median 0.019277
GOA_SABLE 6 2029  F_Mean 0.0229847
GOA_SABLE 6 2030 F0 0 
GOA_SABLE 6 2030 Fabc 0.0371005
GOA_SABLE 6 2030 Fofl 0.0440885
GOA_SABLE 6 2030  F_LCI 0.0134676
GOA_SABLE 6 2030  F_UCI 0.0440885
GOA_SABLE 6 2030  F_Median 0.0205603
GOA_SABLE 6 2030  F_Mean 0.0245076
GOA_SABLE 6 2031 F0 0 
GOA_SABLE 6 2031 Fabc 0.0371005
GOA_SABLE 6 2031 Fofl 0.0440885
GOA_SABLE 6 2031  F_LCI 0.012884
GOA_SABLE 6 2031  F_UCI 0.0440885
GOA_SABLE 6 2031  F_Median 0.0226575
GOA_SABLE 6 2031  F_Mean 0.0260134
GOA_SABLE 6 2032 F0 0 
GOA_SABLE 6 2032 Fabc 0.0371005
GOA_SABLE 6 2032 Fofl 0.0440885
GOA_SABLE 6 2032  F_LCI 0.0128749
GOA_SABLE 6 2032  F_UCI 0.0440885
GOA_SABLE 6 2032  F_Median 0.025302
GOA_SABLE 6 2032  F_Mean 0.0274388
GOA_SABLE 6 2033 F0 0 
GOA_SABLE 6 2033 Fabc 0.0371005
GOA_SABLE 6 2033 Fofl 0.0440885
GOA_SABLE 6 2033  F_LCI 0.0130452
GOA_SABLE 6 2033  F_UCI 0.0440885
GOA_SABLE 6 2033  F_Median 0.0271622
GOA_SABLE 6 2033  F_Mean 0.0286621
GOA_SABLE 6 2034 F0 0 
GOA_SABLE 6 2034 Fabc 0.0371005
GOA_SABLE 6 2034 Fofl 0.0440885
GOA_SABLE 6 2034  F_LCI 0.0133129
GOA_SABLE 6 2034  F_UCI 0.0440885
GOA_SABLE 6 2034  F_Median 0.0286214
GOA_SABLE 6 2034  F_Mean 0.0296845
GOA_SABLE 6 2035 F0 0 
GOA_SABLE 6 2035 Fabc 0.0371005
GOA_SABLE 6 2035 Fofl 0.0440885
GOA_SABLE 6 2035  F_LCI 0.0137612
GOA_SABLE 6 2035  F_UCI 0.0440885
GOA_SABLE 6 2035  F_Median 0.0293581
GOA_SABLE 6 2035  F_Mean 0.0305314
GOA_SABLE 6 2036 F0 0 
GOA_SABLE 6 2036 Fabc 0.0371005
GOA_SABLE 6 2036 Fofl 0.0440885
GOA_SABLE 6 2036  F_LCI 0.0142841
GOA_SABLE 6 2036  F_UCI 0.0440885
GOA_SABLE 6 2036  F_Median 0.030964
GOA_SABLE 6 2036  F_Mean 0.0312512
GOA_SABLE 7 2022 Cabc 16.5922
GOA_SABLE 7 2022 Cofl 17.8164
GOA_SABLE 7 2022 CLCI 0.999999
GOA_SABLE 7 2022 CUCI 0.999999
GOA_SABLE 7 2022 CMedian 0.999999
GOA_SABLE 7 2022 CMean 0.999999
GOA_SABLE 7 2022 CStdn 1.88738e-14
GOA_SABLE 7 2023 Cabc 16.5922
GOA_SABLE 7 2023 Cofl 17.8164
GOA_SABLE 7 2023 CLCI 12.2739
GOA_SABLE 7 2023 CUCI 13.8343
GOA_SABLE 7 2023 CMedian 12.3341
GOA_SABLE 7 2023 CMean 12.6551
GOA_SABLE 7 2023 CStdn 1.22211
GOA_SABLE 7 2024 Cabc 16.5922
GOA_SABLE 7 2024 Cofl 17.8164
GOA_SABLE 7 2024 CLCI 10.3044
GOA_SABLE 7 2024 CUCI 14.2507
GOA_SABLE 7 2024 CMedian 10.5479
GOA_SABLE 7 2024 CMean 11.3023
GOA_SABLE 7 2024 CStdn 2.54706
GOA_SABLE 7 2025 Cabc 16.5922
GOA_SABLE 7 2025 Cofl 17.8164
GOA_SABLE 7 2025 CLCI 10.0933
GOA_SABLE 7 2025 CUCI 18.3092
GOA_SABLE 7 2025 CMedian 10.7577
GOA_SABLE 7 2025 CMean 12.3468
GOA_SABLE 7 2025 CStdn 5.32098
GOA_SABLE 7 2026 Cabc 16.5922
GOA_SABLE 7 2026 Cofl 17.8164
GOA_SABLE 7 2026 CLCI 8.12679
GOA_SABLE 7 2026 CUCI 21.4709
GOA_SABLE 7 2026 CMedian 9.32384
GOA_SABLE 7 2026 CMean 11.7595
GOA_SABLE 7 2026 CStdn 7.85618
GOA_SABLE 7 2027 Cabc 16.5922
GOA_SABLE 7 2027 Cofl 17.8164
GOA_SABLE 7 2027 CLCI 6.54825
GOA_SABLE 7 2027 CUCI 27.803
GOA_SABLE 7 2027 CMedian 8.38244
GOA_SABLE 7 2027 CMean 11.8279
GOA_SABLE 7 2027 CStdn 10.1588
GOA_SABLE 7 2028 Cabc 16.5922
GOA_SABLE 7 2028 Cofl 17.8164
GOA_SABLE 7 2028 CLCI 5.37159
GOA_SABLE 7 2028 CUCI 35.9375
GOA_SABLE 7 2028 CMedian 7.97358
GOA_SABLE 7 2028 CMean 12.5138
GOA_SABLE 7 2028 CStdn 12.1708
GOA_SABLE 7 2029 Cabc 16.5922
GOA_SABLE 7 2029 Cofl 17.8164
GOA_SABLE 7 2029 CLCI 4.5138
GOA_SABLE 7 2029 CUCI 41.6679
GOA_SABLE 7 2029 CMedian 8.09478
GOA_SABLE 7 2029 CMean 13.5679
GOA_SABLE 7 2029 CStdn 13.7934
GOA_SABLE 7 2030 Cabc 16.5922
GOA_SABLE 7 2030 Cofl 17.8164
GOA_SABLE 7 2030 CLCI 3.88853
GOA_SABLE 7 2030 CUCI 44.2465
GOA_SABLE 7 2030 CMedian 8.65252
GOA_SABLE 7 2030 CMean 14.6494
GOA_SABLE 7 2030 CStdn 14.86
GOA_SABLE 7 2031 Cabc 16.5922
GOA_SABLE 7 2031 Cofl 17.8164
GOA_SABLE 7 2031 CLCI 3.51277
GOA_SABLE 7 2031 CUCI 44.9777
GOA_SABLE 7 2031 CMedian 9.58286
GOA_SABLE 7 2031 CMean 15.5412
GOA_SABLE 7 2031 CStdn 15.2716
GOA_SABLE 7 2032 Cabc 16.5922
GOA_SABLE 7 2032 Cofl 17.8164
GOA_SABLE 7 2032 CLCI 3.29924
GOA_SABLE 7 2032 CUCI 46.2291
GOA_SABLE 7 2032 CMedian 10.2143
GOA_SABLE 7 2032 CMean 16.2599
GOA_SABLE 7 2032 CStdn 15.5092
GOA_SABLE 7 2033 Cabc 16.5922
GOA_SABLE 7 2033 Cofl 17.8164
GOA_SABLE 7 2033 CLCI 3.16418
GOA_SABLE 7 2033 CUCI 47.9723
GOA_SABLE 7 2033 CMedian 10.8209
GOA_SABLE 7 2033 CMean 16.779
GOA_SABLE 7 2033 CStdn 15.6174
GOA_SABLE 7 2034 Cabc 16.5922
GOA_SABLE 7 2034 Cofl 17.8164
GOA_SABLE 7 2034 CLCI 3.10065
GOA_SABLE 7 2034 CUCI 47.9952
GOA_SABLE 7 2034 CMedian 11.3844
GOA_SABLE 7 2034 CMean 17.1244
GOA_SABLE 7 2034 CStdn 15.4943
GOA_SABLE 7 2035 Cabc 16.5922
GOA_SABLE 7 2035 Cofl 17.8164
GOA_SABLE 7 2035 CLCI 3.09676
GOA_SABLE 7 2035 CUCI 48.121
GOA_SABLE 7 2035 CMedian 12.1804
GOA_SABLE 7 2035 CMean 17.3622
GOA_SABLE 7 2035 CStdn 15.3208
GOA_SABLE 7 2036 Cabc 16.5922
GOA_SABLE 7 2036 Cofl 17.8164
GOA_SABLE 7 2036 CLCI 3.05165
GOA_SABLE 7 2036 CUCI 46.7521
GOA_SABLE 7 2036 CMedian 12.7692
GOA_SABLE 7 2036 CMean 17.6226
GOA_SABLE 7 2036 CStdn 15.1954
GOA_SABLE 7 2022 SSBF100 243.623
GOA_SABLE 7 2022 SSBFabc 97.4492
GOA_SABLE 7 2022 SSBFofl 85.268
GOA_SABLE 7 2022 SSBLCI 73.1477
GOA_SABLE 7 2022 SSBUCI 73.1477
GOA_SABLE 7 2022 SSBMedian 73.1477
GOA_SABLE 7 2022 SSBMean 73.1477
GOA_SABLE 7 2023 SSBF100 243.623
GOA_SABLE 7 2023 SSBFabc 97.4492
GOA_SABLE 7 2023 SSBFofl 85.268
GOA_SABLE 7 2023 SSBLCI 69.4742
GOA_SABLE 7 2023 SSBUCI 70.4777
GOA_SABLE 7 2023 SSBMedian 69.5134
GOA_SABLE 7 2023 SSBMean 69.7145
GOA_SABLE 7 2024 SSBF100 243.623
GOA_SABLE 7 2024 SSBFabc 97.4492
GOA_SABLE 7 2024 SSBFofl 85.268
GOA_SABLE 7 2024 SSBLCI 61.7146
GOA_SABLE 7 2024 SSBUCI 65.104
GOA_SABLE 7 2024 SSBMedian 61.9173
GOA_SABLE 7 2024 SSBMean 62.5257
GOA_SABLE 7 2025 SSBF100 243.623
GOA_SABLE 7 2025 SSBFabc 97.4492
GOA_SABLE 7 2025 SSBFofl 85.268
GOA_SABLE 7 2025 SSBLCI 54.9221
GOA_SABLE 7 2025 SSBUCI 62.971
GOA_SABLE 7 2025 SSBMedian 55.566
GOA_SABLE 7 2025 SSBMean 56.9848
GOA_SABLE 7 2026 SSBF100 243.623
GOA_SABLE 7 2026 SSBFabc 97.4492
GOA_SABLE 7 2026 SSBFofl 85.268
GOA_SABLE 7 2026 SSBLCI 48.5319
GOA_SABLE 7 2026 SSBUCI 65.1421
GOA_SABLE 7 2026 SSBMedian 50.1793
GOA_SABLE 7 2026 SSBMean 53.019
GOA_SABLE 7 2027 SSBF100 243.623
GOA_SABLE 7 2027 SSBFabc 97.4492
GOA_SABLE 7 2027 SSBFofl 85.268
GOA_SABLE 7 2027 SSBLCI 43.1927
GOA_SABLE 7 2027 SSBUCI 74.553
GOA_SABLE 7 2027 SSBMedian 46.5833
GOA_SABLE 7 2027 SSBMean 51.8464
GOA_SABLE 7 2028 SSBF100 243.623
GOA_SABLE 7 2028 SSBFabc 97.4492
GOA_SABLE 7 2028 SSBFofl 85.268
GOA_SABLE 7 2028 SSBLCI 38.9699
GOA_SABLE 7 2028 SSBUCI 91.1474
GOA_SABLE 7 2028 SSBMedian 45.2584
GOA_SABLE 7 2028 SSBMean 53.6844
GOA_SABLE 7 2029 SSBF100 243.623
GOA_SABLE 7 2029 SSBFabc 97.4492
GOA_SABLE 7 2029 SSBFofl 85.268
GOA_SABLE 7 2029 SSBLCI 35.8256
GOA_SABLE 7 2029 SSBUCI 117.237
GOA_SABLE 7 2029 SSBMedian 45.902
GOA_SABLE 7 2029 SSBMean 57.99
GOA_SABLE 7 2030 SSBF100 243.623
GOA_SABLE 7 2030 SSBFabc 97.4492
GOA_SABLE 7 2030 SSBFofl 85.268
GOA_SABLE 7 2030 SSBLCI 33.6262
GOA_SABLE 7 2030 SSBUCI 137.005
GOA_SABLE 7 2030 SSBMedian 48.5028
GOA_SABLE 7 2030 SSBMean 63.6493
GOA_SABLE 7 2031 SSBF100 243.623
GOA_SABLE 7 2031 SSBFabc 97.4492
GOA_SABLE 7 2031 SSBFofl 85.268
GOA_SABLE 7 2031 SSBLCI 32.3107
GOA_SABLE 7 2031 SSBUCI 158.854
GOA_SABLE 7 2031 SSBMedian 52.8662
GOA_SABLE 7 2031 SSBMean 69.5855
GOA_SABLE 7 2032 SSBF100 243.623
GOA_SABLE 7 2032 SSBFabc 97.4492
GOA_SABLE 7 2032 SSBFofl 85.268
GOA_SABLE 7 2032 SSBLCI 32.2215
GOA_SABLE 7 2032 SSBUCI 177.935
GOA_SABLE 7 2032 SSBMedian 58.2406
GOA_SABLE 7 2032 SSBMean 75.0125
GOA_SABLE 7 2033 SSBF100 243.623
GOA_SABLE 7 2033 SSBFabc 97.4492
GOA_SABLE 7 2033 SSBFofl 85.268
GOA_SABLE 7 2033 SSBLCI 32.5242
GOA_SABLE 7 2033 SSBUCI 188.158
GOA_SABLE 7 2033 SSBMedian 62.0659
GOA_SABLE 7 2033 SSBMean 79.5713
GOA_SABLE 7 2034 SSBF100 243.623
GOA_SABLE 7 2034 SSBFabc 97.4492
GOA_SABLE 7 2034 SSBFofl 85.268
GOA_SABLE 7 2034 SSBLCI 33.0359
GOA_SABLE 7 2034 SSBUCI 192.472
GOA_SABLE 7 2034 SSBMedian 65.1295
GOA_SABLE 7 2034 SSBMean 83.1585
GOA_SABLE 7 2035 SSBF100 243.623
GOA_SABLE 7 2035 SSBFabc 97.4492
GOA_SABLE 7 2035 SSBFofl 85.268
GOA_SABLE 7 2035 SSBLCI 33.9237
GOA_SABLE 7 2035 SSBUCI 200.625
GOA_SABLE 7 2035 SSBMedian 66.5946
GOA_SABLE 7 2035 SSBMean 85.816
GOA_SABLE 7 2036 SSBF100 243.623
GOA_SABLE 7 2036 SSBFabc 97.4492
GOA_SABLE 7 2036 SSBFofl 85.268
GOA_SABLE 7 2036 SSBLCI 35.0086
GOA_SABLE 7 2036 SSBUCI 204.883
GOA_SABLE 7 2036 SSBMedian 69.9052
GOA_SABLE 7 2036 SSBMean 87.7517
GOA_SABLE 7 2022 F0 0 
GOA_SABLE 7 2022 Fabc 0.0371005
GOA_SABLE 7 2022 Fofl 0.0440885
GOA_SABLE 7 2022  F_LCI 0.00209605
GOA_SABLE 7 2022  F_UCI 0.00209605
GOA_SABLE 7 2022  F_Median 0.00209605
GOA_SABLE 7 2022  F_Mean 0.00209605
GOA_SABLE 7 2023 F0 0 
GOA_SABLE 7 2023 Fabc 0.0371005
GOA_SABLE 7 2023 Fofl 0.0440885
GOA_SABLE 7 2023  F_LCI 0.0258894
GOA_SABLE 7 2023  F_UCI 0.0262916
GOA_SABLE 7 2023  F_Median 0.0259051
GOA_SABLE 7 2023  F_Mean 0.0259857
GOA_SABLE 7 2024 F0 0 
GOA_SABLE 7 2024 Fabc 0.0371005
GOA_SABLE 7 2024 Fofl 0.0440885
GOA_SABLE 7 2024  F_LCI 0.0227797
GOA_SABLE 7 2024  F_UCI 0.0241381
GOA_SABLE 7 2024  F_Median 0.022861
GOA_SABLE 7 2024  F_Mean 0.0231048
GOA_SABLE 7 2025 F0 0 
GOA_SABLE 7 2025 Fabc 0.0371005
GOA_SABLE 7 2025 Fofl 0.0440885
GOA_SABLE 7 2025  F_LCI 0.0238355
GOA_SABLE 7 2025  F_UCI 0.0276687
GOA_SABLE 7 2025  F_Median 0.0241422
GOA_SABLE 7 2025  F_Mean 0.0248153
GOA_SABLE 7 2026 F0 0 
GOA_SABLE 7 2026 Fabc 0.0371005
GOA_SABLE 7 2026 Fofl 0.0440885
GOA_SABLE 7 2026  F_LCI 0.0207923
GOA_SABLE 7 2026  F_UCI 0.0287027
GOA_SABLE 7 2026  F_Median 0.0215768
GOA_SABLE 7 2026  F_Mean 0.0228452
GOA_SABLE 7 2027 F0 0 
GOA_SABLE 7 2027 Fabc 0.0371005
GOA_SABLE 7 2027 Fofl 0.0440885
GOA_SABLE 7 2027  F_LCI 0.0182496
GOA_SABLE 7 2027  F_UCI 0.0331845
GOA_SABLE 7 2027  F_Median 0.0198643
GOA_SABLE 7 2027  F_Mean 0.0219519
GOA_SABLE 7 2028 F0 0 
GOA_SABLE 7 2028 Fabc 0.0371005
GOA_SABLE 7 2028 Fofl 0.0440885
GOA_SABLE 7 2028  F_LCI 0.0162385
GOA_SABLE 7 2028  F_UCI 0.0410874
GOA_SABLE 7 2028  F_Median 0.0192333
GOA_SABLE 7 2028  F_Mean 0.0221709
GOA_SABLE 7 2029 F0 0 
GOA_SABLE 7 2029 Fabc 0.0371005
GOA_SABLE 7 2029 Fofl 0.0440885
GOA_SABLE 7 2029  F_LCI 0.0147411
GOA_SABLE 7 2029  F_UCI 0.0440885
GOA_SABLE 7 2029  F_Median 0.0195398
GOA_SABLE 7 2029  F_Mean 0.0232332
GOA_SABLE 7 2030 F0 0 
GOA_SABLE 7 2030 Fabc 0.0371005
GOA_SABLE 7 2030 Fofl 0.0440885
GOA_SABLE 7 2030  F_LCI 0.0136936
GOA_SABLE 7 2030  F_UCI 0.0440885
GOA_SABLE 7 2030  F_Median 0.0207784
GOA_SABLE 7 2030  F_Mean 0.0246994
GOA_SABLE 7 2031 F0 0 
GOA_SABLE 7 2031 Fabc 0.0371005
GOA_SABLE 7 2031 Fofl 0.0440885
GOA_SABLE 7 2031  F_LCI 0.0130671
GOA_SABLE 7 2031  F_UCI 0.0440885
GOA_SABLE 7 2031  F_Median 0.0228564
GOA_SABLE 7 2031  F_Mean 0.0261571
GOA_SABLE 7 2032 F0 0 
GOA_SABLE 7 2032 Fabc 0.0371005
GOA_SABLE 7 2032 Fofl 0.0440885
GOA_SABLE 7 2032  F_LCI 0.0130247
GOA_SABLE 7 2032  F_UCI 0.0440885
GOA_SABLE 7 2032  F_Median 0.0254159
GOA_SABLE 7 2032  F_Mean 0.0275456
GOA_SABLE 7 2033 F0 0 
GOA_SABLE 7 2033 Fabc 0.0371005
GOA_SABLE 7 2033 Fofl 0.0440885
GOA_SABLE 7 2033  F_LCI 0.0131688
GOA_SABLE 7 2033  F_UCI 0.0440885
GOA_SABLE 7 2033  F_Median 0.0272377
GOA_SABLE 7 2033  F_Mean 0.0287393
GOA_SABLE 7 2034 F0 0 
GOA_SABLE 7 2034 Fabc 0.0371005
GOA_SABLE 7 2034 Fofl 0.0440885
GOA_SABLE 7 2034  F_LCI 0.0134125
GOA_SABLE 7 2034  F_UCI 0.0440885
GOA_SABLE 7 2034  F_Median 0.0286967
GOA_SABLE 7 2034  F_Mean 0.0297399
GOA_SABLE 7 2035 F0 0 
GOA_SABLE 7 2035 Fabc 0.0371005
GOA_SABLE 7 2035 Fofl 0.0440885
GOA_SABLE 7 2035  F_LCI 0.0138353
GOA_SABLE 7 2035  F_UCI 0.0440885
GOA_SABLE 7 2035  F_Median 0.0293944
GOA_SABLE 7 2035  F_Mean 0.0305708
GOA_SABLE 7 2036 F0 0 
GOA_SABLE 7 2036 Fabc 0.0371005
GOA_SABLE 7 2036 Fofl 0.0440885
GOA_SABLE 7 2036  F_LCI 0.014352
GOA_SABLE 7 2036  F_UCI 0.0440885
GOA_SABLE 7 2036  F_Median 0.0309711
GOA_SABLE 7 2036  F_Mean 0.0312785
