Alternative 1 Catch
     GOA_SABLE 
Equil_Fabc 24.2176 
Year 
2023 27.16 
2024 31.4847 
2025 30.8158 
2026 46.9053 
2027 44.4405 
2028 41.8809 
2029 39.4129 
2030 37.1397 
2031 35.1581 
2032 33.4877 
2033 32.067 
2034 30.845 
2035 29.795 
2036 28.8986 

Alternative 1 ABCs
     GOA_SABLE 

Year 
2023  NA 
2024  NA 
2025  NA 
2026 46.9053 
2027 44.4405 
2028 41.8809 
2029 39.4129 
2030 37.1397 
2031 35.1581 
2032 33.4877 
2033 32.067 
2034 30.845 
2035 29.795 
2036 28.8986 

Alternative 1 TACs
     GOA_SABLE 

Year 
2023  NA 
2024  NA 
2025  NA 
2026 46.9053 
2027 44.4405 
2028 41.8809 
2029 39.4129 
2030 37.1397 
2031 35.1581 
2032 33.4877 
2033 32.067 
2034 30.845 
2035 29.795 
2036 28.8986 

Alternative 1 Sp_Biomass
     GOA_SABLE 
Equil_Fabc 119.96 
Year 
2023 156.651 
2024 185.079 
2025 209.5 
2026 228.076 
2027 232.195 
2028 229.131 
2029 220.989 
2030 210.221 
2031 198.75 
2032 187.708 
2033 177.638 
2034 168.764 
2035 161.12 
2036 154.62 

Alternative 1 Fishing Mortality
     GOA_SABLE 
Equil_Fabc 0.0860583 
Year 
2023 0.0506596 
2024 0.0564671 
2025 0.0550227 
2026 0.0860583 
2027 0.0860583 
2028 0.0860583 
2029 0.0860583 
2030 0.0860583 
2031 0.0860583 
2032 0.0860583 
2033 0.0860583 
2034 0.0860583 
2035 0.0860424 
2036 0.0859301 

Alternative 1 Biomass
     GOA_SABLE 

Year 
2023 695.093 
2024 700.353 
2025 691.26 
2026 676.307 
2027 642.363 
2028 607.906 
2029 575.669 
2030 547.39 
2031 523.653 
2032 502.942 
2033 483.659 
2034 467.741 
2035 453.923 
2036 442.515 

Alternative 1 Implied SPR rate 
     GOA_SABLE 
Equil_Fabc 0.4 
Year 
2023 0.87092 
2024 0.85742 
2025 0.860762 
2026 0.792359 
2027 0.792359 
2028 0.792359 
2029 0.792359 
2030 0.792359 
2031 0.792359 
2032 0.792359 
2033 0.792359 
2034 0.792359 
2035 0.792393 
2036 0.79263 

  GOA_SABLE 
EquilAvgAgeF0  9.03167 
EquilAvgAgeFabc  5.7419 
AvgAgeYr2036 6.71604 
Alternative 2 Catch
     GOA_SABLE 
Equil_Fabc 24.2176 
Year 
2023 27.16 
2024 31.4847 
2025 30.8158 
2026 46.9053 
2027 44.4405 
2028 41.8809 
2029 39.4129 
2030 37.1397 
2031 35.1581 
2032 33.4877 
2033 32.067 
2034 30.845 
2035 29.795 
2036 28.8986 

Alternative 2 ABCs
     GOA_SABLE 

Year 
2023  NA 
2024  NA 
2025  NA 
2026 46.9053 
2027 44.4405 
2028 41.8809 
2029 39.4129 
2030 37.1397 
2031 35.1581 
2032 33.4877 
2033 32.067 
2034 30.845 
2035 29.795 
2036 28.8986 

Alternative 2 TACs
     GOA_SABLE 

Year 
2023  NA 
2024  NA 
2025  NA 
2026 46.9053 
2027 44.4405 
2028 41.8809 
2029 39.4129 
2030 37.1397 
2031 35.1581 
2032 33.4877 
2033 32.067 
2034 30.845 
2035 29.795 
2036 28.8986 

Alternative 2 Sp_Biomass
     GOA_SABLE 
Equil_Fabc 119.96 
Year 
2023 156.651 
2024 185.079 
2025 209.5 
2026 228.076 
2027 232.195 
2028 229.131 
2029 220.989 
2030 210.221 
2031 198.75 
2032 187.708 
2033 177.638 
2034 168.764 
2035 161.12 
2036 154.62 

Alternative 2 Fishing Mortality
     GOA_SABLE 
Equil_Fabc 0.0860583 
Year 
2023 0.0506596 
2024 0.0564671 
2025 0.0550227 
2026 0.0860583 
2027 0.0860583 
2028 0.0860583 
2029 0.0860583 
2030 0.0860583 
2031 0.0860583 
2032 0.0860583 
2033 0.0860583 
2034 0.0860583 
2035 0.0860424 
2036 0.0859301 

Alternative 2 Biomass
     GOA_SABLE 

Year 
2023 695.093 
2024 700.353 
2025 691.26 
2026 676.307 
2027 642.363 
2028 607.906 
2029 575.669 
2030 547.39 
2031 523.653 
2032 502.942 
2033 483.659 
2034 467.741 
2035 453.923 
2036 442.515 

Alternative 2 Implied SPR rate 
     GOA_SABLE 
Equil_Fabc 0.4 
Year 
2023 0.87092 
2024 0.85742 
2025 0.860762 
2026 0.792359 
2027 0.792359 
2028 0.792359 
2029 0.792359 
2030 0.792359 
2031 0.792359 
2032 0.792359 
2033 0.792359 
2034 0.792359 
2035 0.792393 
2036 0.79263 

  GOA_SABLE 
EquilAvgAgeF0  9.03167 
EquilAvgAgeFabc  5.7419 
AvgAgeYr2036 6.71604 
Alternative 3 Catch
     GOA_SABLE 
Equil_Fabc 24.2176 
Year 
2023 27.16 
2024 31.4847 
2025 30.8158 
2026 23.9117 
2027 23.5413 
2028 22.9998 
2029 22.3734 
2030 21.7208 
2031 21.105 
2032 20.5544 
2033 20.0563 
2034 19.6003 
2035 19.1865 
2036 18.8249 

Alternative 3 ABCs
     GOA_SABLE 

Year 
2023  NA 
2024  NA 
2025  NA 
2026 23.9117 
2027 23.5413 
2028 22.9998 
2029 22.3734 
2030 21.7208 
2031 21.105 
2032 20.5544 
2033 20.0563 
2034 19.6003 
2035 19.1865 
2036 18.8249 

Alternative 3 TACs
     GOA_SABLE 

Year 
2023  NA 
2024  NA 
2025  NA 
2026 23.9117 
2027 23.5413 
2028 22.9998 
2029 22.3734 
2030 21.7208 
2031 21.105 
2032 20.5544 
2033 20.0563 
2034 19.6003 
2035 19.1865 
2036 18.8249 

Alternative 3 Sp_Biomass
     GOA_SABLE 
Equil_Fabc 119.96 
Year 
2023 156.651 
2024 185.079 
2025 209.5 
2026 228.076 
2027 242.031 
2028 248.838 
2029 249.807 
2030 246.962 
2031 242.113 
2032 236.442 
2033 230.623 
2034 225.05 
2035 219.926 
2036 215.328 

Alternative 3 Fishing Mortality
     GOA_SABLE 
Equil_Fabc 0.0860583 
Year 
2023 0.0506596 
2024 0.0564671 
2025 0.0550227 
2026 0.0430291 
2027 0.0430291 
2028 0.0430291 
2029 0.0430291 
2030 0.0430291 
2031 0.0430291 
2032 0.0430291 
2033 0.0430291 
2034 0.0430291 
2035 0.0430291 
2036 0.0430291 

Alternative 3 Biomass
     GOA_SABLE 

Year 
2023 695.093 
2024 700.353 
2025 691.26 
2026 676.307 
2027 665.808 
2028 651.437 
2029 635.922 
2030 621.235 
2031 608.316 
2032 596.08 
2033 583.353 
2034 572.427 
2035 562.331 
2036 553.621 

Alternative 3 Implied SPR rate 
     GOA_SABLE 
Equil_Fabc 0.4 
Year 
2023 0.87092 
2024 0.85742 
2025 0.860762 
2026 0.889045 
2027 0.889045 
2028 0.889045 
2029 0.889045 
2030 0.889045 
2031 0.889045 
2032 0.889045 
2033 0.889045 
2034 0.889045 
2035 0.889045 
2036 0.889045 

  GOA_SABLE 
EquilAvgAgeF0  9.03167 
EquilAvgAgeFabc  5.7419 
AvgAgeYr2036 7.63809 
Alternative 4 Catch
     GOA_SABLE 
Equil_Fabc 24.2176 
Year 
2023 27.16 
2024 31.4847 
2025 30.8158 
2026 30.3732 
2027 29.5861 
2028 28.6172 
2029 27.5813 
2030 26.5531 
2031 25.6096 
2032 24.7817 
2033 24.0479 
2034 23.3899 
2035 22.8039 
2036 22.2992 

Alternative 4 ABCs
     GOA_SABLE 

Year 
2023  NA 
2024  NA 
2025  NA 
2026 30.3732 
2027 29.5861 
2028 28.6172 
2029 27.5813 
2030 26.5531 
2031 25.6096 
2032 24.7817 
2033 24.0479 
2034 23.3899 
2035 22.8039 
2036 22.2992 

Alternative 4 TACs
     GOA_SABLE 

Year 
2023  NA 
2024  NA 
2025  NA 
2026 30.3732 
2027 29.5861 
2028 28.6172 
2029 27.5813 
2030 26.5531 
2031 25.6096 
2032 24.7817 
2033 24.0479 
2034 23.3899 
2035 22.8039 
2036 22.2992 

Alternative 4 Sp_Biomass
     GOA_SABLE 
Equil_Fabc 119.96 
Year 
2023 156.651 
2024 185.079 
2025 209.5 
2026 228.076 
2027 239.265 
2028 243.212 
2029 241.46 
2030 236.171 
2031 229.205 
2032 221.75 
2033 214.46 
2034 207.69 
2035 201.604 
2036 196.237 

Alternative 4 Fishing Mortality
     GOA_SABLE 
Equil_Fabc 0.0860583 
Year 
2023 0.0506596 
2024 0.0564671 
2025 0.0550227 
2026 0.0549517 
2027 0.0549517 
2028 0.0549517 
2029 0.0549517 
2030 0.0549517 
2031 0.0549517 
2032 0.0549517 
2033 0.0549517 
2034 0.0549517 
2035 0.0549517 
2036 0.0549517 

Alternative 4 Biomass
     GOA_SABLE 

Year 
2023 695.093 
2024 700.353 
2025 691.26 
2026 676.307 
2027 659.219 
2028 639.03 
2029 618.515 
2030 599.623 
2031 583.233 
2032 568.166 
2033 553.153 
2034 540.399 
2035 528.862 
2036 519.031 

Alternative 4 Implied SPR rate 
     GOA_SABLE 
Equil_Fabc 0.4 
Year 
2023 0.87092 
2024 0.85742 
2025 0.860762 
2026 0.860918 
2027 0.860918 
2028 0.860918 
2029 0.860918 
2030 0.860918 
2031 0.860918 
2032 0.860918 
2033 0.860918 
2034 0.860918 
2035 0.860918 
2036 0.860918 

  GOA_SABLE 
EquilAvgAgeF0  9.03167 
EquilAvgAgeFabc  5.7419 
AvgAgeYr2036 7.37362 
Alternative 5 Catch
     GOA_SABLE 
Equil_Fabc 24.2176 
Year 
2023 27.16 
2024 31.4847 
2025 30.8158 
2026  NA 
2027  NA 
2028  NA 
2029  NA 
2030  NA 
2031  NA 
2032  NA 
2033  NA 
2034  NA 
2035  NA 
2036  NA 

Alternative 5 ABCs
     GOA_SABLE 

Year 
2023  NA 
2024  NA 
2025  NA 
2026  NA 
2027  NA 
2028  NA 
2029  NA 
2030  NA 
2031  NA 
2032  NA 
2033  NA 
2034  NA 
2035  NA 
2036  NA 

Alternative 5 TACs
     GOA_SABLE 

Year 
2023  NA 
2024  NA 
2025  NA 
2026  NA 
2027  NA 
2028  NA 
2029  NA 
2030  NA 
2031  NA 
2032  NA 
2033  NA 
2034  NA 
2035  NA 
2036  NA 

Alternative 5 Sp_Biomass
     GOA_SABLE 
Equil_Fabc 119.96 
Year 
2023 156.651 
2024 185.079 
2025 209.5 
2026 228.076 
2027 252.287 
2028 270.257 
2029 282.436 
2030 290.261 
2031 295.226 
2032 298.378 
2033 300.361 
2034 301.603 
2035 302.397 
2036 302.923 

Alternative 5 Fishing Mortality
     GOA_SABLE 
Equil_Fabc 0.0860583 
Year 
2023 0.0506596 
2024 0.0564671 
2025 0.0550227 
2026  NA 
2027  NA 
2028  NA 
2029  NA 
2030  NA 
2031  NA 
2032  NA 
2033  NA 
2034  NA 
2035  NA 
2036  NA 

Alternative 5 Biomass
     GOA_SABLE 

Year 
2023 695.093 
2024 700.353 
2025 691.26 
2026 676.307 
2027 690.204 
2028 698.545 
2029 703.671 
2030 707.398 
2031 710.675 
2032 712.551 
2033 712.052 
2034 711.664 
2035 710.593 
2036 709.569 

Alternative 5 Implied SPR rate 
     GOA_SABLE 
Equil_Fabc 0.4 
Year 
2023 0.87092 
2024 0.85742 
2025 0.860762 
2026 1 
2027 1 
2028 1 
2029 1 
2030 1 
2031 1 
2032 1 
2033 1 
2034 1 
2035 1 
2036 1 

  GOA_SABLE 
EquilAvgAgeF0  9.03167 
EquilAvgAgeFabc  5.7419 
AvgAgeYr2036 8.63484 
Alternative 6 Catch
     GOA_SABLE 
Equil_Fabc 24.2176 
Year 
2023 27.16 
2024 55.3852 
2025 53.4894 
2026 50.735 
2027 47.6655 
2028 44.6181 
2029 41.7718 
2030 39.2162 
2031 37.0397 
2032 35.2455 
2033 33.7456 
2034 32.4091 
2035 31.1105 
2036 29.9553 

Alternative 6 ABCs
     GOA_SABLE 

Year 
2023 53.1409 
2024 55.3852 
2025 53.4894 
2026 50.735 
2027 47.6655 
2028 44.6181 
2029 41.7718 
2030 39.2162 
2031 37.0397 
2032 35.2455 
2033 33.7456 
2034 32.4091 
2035 31.1105 
2036 29.9553 

Alternative 6 TACs
     GOA_SABLE 

Year 
2023  NA 
2024 55.3852 
2025 53.4894 
2026 50.735 
2027 47.6655 
2028 44.6181 
2029 41.7718 
2030 39.2162 
2031 37.0397 
2032 35.2455 
2033 33.7456 
2034 32.4091 
2035 31.1105 
2036 29.9553 

Alternative 6 Sp_Biomass
     GOA_SABLE 
Equil_Fabc 119.96 
Year 
2023 156.651 
2024 185.079 
2025 200.643 
2026 208.963 
2027 209.876 
2028 204.562 
2029 195.179 
2030 184.019 
2031 172.764 
2032 162.314 
2033 153.037 
2034 145.043 
2035 138.318 
2036 132.794 

Alternative 6 Fishing Mortality
     GOA_SABLE 
Equil_Fabc 0.0860583 
Year 
2023 0.0506596 
2024 0.101302 
2025 0.101302 
2026 0.101302 
2027 0.101302 
2028 0.101302 
2029 0.101302 
2030 0.101302 
2031 0.101302 
2032 0.101302 
2033 0.101295 
2034 0.101003 
2035 0.0999981 
2036 0.0987033 

Alternative 6 Biomass
     GOA_SABLE 

Year 
2023 695.093 
2024 700.353 
2025 666.475 
2026 629.092 
2027 593.348 
2028 558.272 
2029 526.299 
2030 498.904 
2031 476.456 
2032 457.259 
2033 439.579 
2034 425.266 
2035 413.069 
2036 403.423 

Alternative 6 Implied SPR rate 
     GOA_SABLE 
Equil_Fabc 0.4 
Year 
2023 0.87092 
2024 0.76114 
2025 0.76114 
2026 0.76114 
2027 0.76114 
2028 0.76114 
2029 0.76114 
2030 0.76114 
2031 0.76114 
2032 0.76114 
2033 0.761155 
2034 0.761746 
2035 0.763787 
2036 0.766438 

  GOA_SABLE 
EquilAvgAgeF0  9.03167 
EquilAvgAgeFabc  5.7419 
AvgAgeYr2036 6.28823 
Alternative 7 Catch
     GOA_SABLE 
Equil_Fabc 24.2176 
Year 
2023 27.16 
2024 47.3669 
2025 46.3607 
2026 52.0685 
2027 48.8325 
2028 45.6183 
2029 42.6161 
2030 39.9211 
2031 37.6233 
2032 35.7259 
2033 34.1407 
2034 32.7626 
2035 31.4433 
2036 30.2505 

Alternative 7 ABCs
     GOA_SABLE 

Year 
2023 53.1409 
2024 55.3852 
2025 54.204 
2026 52.0685 
2027 48.8325 
2028 45.6183 
2029 42.6161 
2030 39.9211 
2031 37.6233 
2032 35.7259 
2033 34.1407 
2034 32.7626 
2035 31.4433 
2036 30.2505 

Alternative 7 TACs
     GOA_SABLE 

Year 
2023  NA 
2024 55.3852 
2025 54.204 
2026 52.0685 
2027 48.8325 
2028 45.6183 
2029 42.6161 
2030 39.9211 
2031 37.6233 
2032 35.7259 
2033 34.1407 
2034 32.7626 
2035 31.4433 
2036 30.2505 

Alternative 7 Sp_Biomass
     GOA_SABLE 
Equil_Fabc 119.96 
Year 
2023 156.651 
2024 185.079 
2025 203.611 
2026 215.17 
2027 216.024 
2028 210.398 
2029 200.513 
2030 188.748 
2031 176.858 
2032 165.801 
2033 155.973 
2034 147.498 
2035 140.347 
2036 134.448 

Alternative 7 Fishing Mortality
     GOA_SABLE 
Equil_Fabc 0.0860583 
Year 
2023 0.0506596 
2024 0.0860582 
2025 0.0860582 
2026 0.101302 
2027 0.101302 
2028 0.101302 
2029 0.101302 
2030 0.101302 
2031 0.101302 
2032 0.101302 
2033 0.101301 
2034 0.10114 
2035 0.100315 
2036 0.099094 

Alternative 7 Biomass
     GOA_SABLE 

Year 
2023 695.093 
2024 700.353 
2025 674.788 
2026 644.438 
2027 606.651 
2028 569.653 
2029 535.938 
2030 507.006 
2031 483.225 
2032 462.891 
2033 444.249 
2034 429.128 
2035 416.227 
2036 405.951 

Alternative 7 Implied SPR rate 
     GOA_SABLE 
Equil_Fabc 0.4 
Year 
2023 0.87092 
2024 0.792359 
2025 0.792359 
2026 0.76114 
2027 0.76114 
2028 0.76114 
2029 0.76114 
2030 0.76114 
2031 0.76114 
2032 0.76114 
2033 0.761143 
2034 0.761468 
2035 0.763142 
2036 0.765637 

  GOA_SABLE 
EquilAvgAgeF0  9.03167 
EquilAvgAgeFabc  5.7419 
AvgAgeYr2036 6.32976 
