GOA_SABLE 1 2023 Cabc 24.2176
GOA_SABLE 1 2023 Cofl 25.8934
GOA_SABLE 1 2023 CLCI 27.16
GOA_SABLE 1 2023 CUCI 27.16
GOA_SABLE 1 2023 CMedian 27.16
GOA_SABLE 1 2023 CMean 27.16
GOA_SABLE 1 2024 Cabc 24.2176
GOA_SABLE 1 2024 Cofl 25.8934
GOA_SABLE 1 2024 CLCI 31.4847
GOA_SABLE 1 2024 CUCI 31.4847
GOA_SABLE 1 2024 CMedian 31.4847
GOA_SABLE 1 2024 CMean 31.4847
GOA_SABLE 1 2025 Cabc 24.2176
GOA_SABLE 1 2025 Cofl 25.8934
GOA_SABLE 1 2025 CLCI 30.8158
GOA_SABLE 1 2025 CUCI 30.8158
GOA_SABLE 1 2025 CMedian 30.8158
GOA_SABLE 1 2025 CMean 30.8158
GOA_SABLE 1 2026 Cabc 24.2176
GOA_SABLE 1 2026 Cofl 25.8934
GOA_SABLE 1 2026 CLCI 44.2253
GOA_SABLE 1 2026 CUCI 51.4593
GOA_SABLE 1 2026 CMedian 46.3296
GOA_SABLE 1 2026 CMean 46.9053
GOA_SABLE 1 2027 Cabc 24.2176
GOA_SABLE 1 2027 Cofl 25.8934
GOA_SABLE 1 2027 CLCI 40.8183
GOA_SABLE 1 2027 CUCI 49.9923
GOA_SABLE 1 2027 CMedian 43.7434
GOA_SABLE 1 2027 CMean 44.4405
GOA_SABLE 1 2028 Cabc 24.2176
GOA_SABLE 1 2028 Cofl 25.8934
GOA_SABLE 1 2028 CLCI 37.2404
GOA_SABLE 1 2028 CUCI 49.0064
GOA_SABLE 1 2028 CMedian 40.8761
GOA_SABLE 1 2028 CMean 41.8809
GOA_SABLE 1 2029 Cabc 24.2176
GOA_SABLE 1 2029 Cofl 25.8934
GOA_SABLE 1 2029 CLCI 33.9176
GOA_SABLE 1 2029 CUCI 47.462
GOA_SABLE 1 2029 CMedian 38.4333
GOA_SABLE 1 2029 CMean 39.4129
GOA_SABLE 1 2030 Cabc 24.2176
GOA_SABLE 1 2030 Cofl 25.8934
GOA_SABLE 1 2030 CLCI 31.0227
GOA_SABLE 1 2030 CUCI 45.5842
GOA_SABLE 1 2030 CMedian 36.3212
GOA_SABLE 1 2030 CMean 37.1397
GOA_SABLE 1 2031 Cabc 24.2176
GOA_SABLE 1 2031 Cofl 25.8934
GOA_SABLE 1 2031 CLCI 28.6364
GOA_SABLE 1 2031 CUCI 44.3666
GOA_SABLE 1 2031 CMedian 34.3268
GOA_SABLE 1 2031 CMean 35.1581
GOA_SABLE 1 2032 Cabc 24.2176
GOA_SABLE 1 2032 Cofl 25.8934
GOA_SABLE 1 2032 CLCI 26.6008
GOA_SABLE 1 2032 CUCI 42.7944
GOA_SABLE 1 2032 CMedian 32.7215
GOA_SABLE 1 2032 CMean 33.4877
GOA_SABLE 1 2033 Cabc 24.2176
GOA_SABLE 1 2033 Cofl 25.8934
GOA_SABLE 1 2033 CLCI 24.8922
GOA_SABLE 1 2033 CUCI 42.132
GOA_SABLE 1 2033 CMedian 31.356
GOA_SABLE 1 2033 CMean 32.067
GOA_SABLE 1 2034 Cabc 24.2176
GOA_SABLE 1 2034 Cofl 25.8934
GOA_SABLE 1 2034 CLCI 23.4552
GOA_SABLE 1 2034 CUCI 40.8188
GOA_SABLE 1 2034 CMedian 29.8307
GOA_SABLE 1 2034 CMean 30.845
GOA_SABLE 1 2035 Cabc 24.2176
GOA_SABLE 1 2035 Cofl 25.8934
GOA_SABLE 1 2035 CLCI 22.2282
GOA_SABLE 1 2035 CUCI 39.6556
GOA_SABLE 1 2035 CMedian 28.5134
GOA_SABLE 1 2035 CMean 29.795
GOA_SABLE 1 2036 Cabc 24.2176
GOA_SABLE 1 2036 Cofl 25.8934
GOA_SABLE 1 2036 CLCI 21.2168
GOA_SABLE 1 2036 CUCI 39.7596
GOA_SABLE 1 2036 CMedian 27.7762
GOA_SABLE 1 2036 CMean 28.8986
GOA_SABLE 1 2023 SSBF100 299.901
GOA_SABLE 1 2023 SSBFabc 119.96
GOA_SABLE 1 2023 SSBFofl 104.965
GOA_SABLE 1 2023 SSBLCI 156.651
GOA_SABLE 1 2023 SSBUCI 156.651
GOA_SABLE 1 2023 SSBMedian 156.651
GOA_SABLE 1 2023 SSBMean 156.651
GOA_SABLE 1 2024 SSBF100 299.901
GOA_SABLE 1 2024 SSBFabc 119.96
GOA_SABLE 1 2024 SSBFofl 104.965
GOA_SABLE 1 2024 SSBLCI 184.806
GOA_SABLE 1 2024 SSBUCI 185.709
GOA_SABLE 1 2024 SSBMedian 184.972
GOA_SABLE 1 2024 SSBMean 185.079
GOA_SABLE 1 2025 SSBF100 299.901
GOA_SABLE 1 2025 SSBFabc 119.96
GOA_SABLE 1 2025 SSBFofl 104.965
GOA_SABLE 1 2025 SSBLCI 208.571
GOA_SABLE 1 2025 SSBUCI 211.266
GOA_SABLE 1 2025 SSBMedian 209.254
GOA_SABLE 1 2025 SSBMean 209.5
GOA_SABLE 1 2026 SSBF100 299.901
GOA_SABLE 1 2026 SSBFabc 119.96
GOA_SABLE 1 2026 SSBFofl 104.965
GOA_SABLE 1 2026 SSBLCI 225.718
GOA_SABLE 1 2026 SSBUCI 232.226
GOA_SABLE 1 2026 SSBMedian 227.504
GOA_SABLE 1 2026 SSBMean 228.076
GOA_SABLE 1 2027 SSBF100 299.901
GOA_SABLE 1 2027 SSBFabc 119.96
GOA_SABLE 1 2027 SSBFofl 104.965
GOA_SABLE 1 2027 SSBLCI 227.905
GOA_SABLE 1 2027 SSBUCI 239.631
GOA_SABLE 1 2027 SSBMedian 231.254
GOA_SABLE 1 2027 SSBMean 232.195
GOA_SABLE 1 2028 SSBF100 299.901
GOA_SABLE 1 2028 SSBFabc 119.96
GOA_SABLE 1 2028 SSBFofl 104.965
GOA_SABLE 1 2028 SSBLCI 221.858
GOA_SABLE 1 2028 SSBUCI 241.536
GOA_SABLE 1 2028 SSBMedian 227.362
GOA_SABLE 1 2028 SSBMean 229.131
GOA_SABLE 1 2029 SSBF100 299.901
GOA_SABLE 1 2029 SSBFabc 119.96
GOA_SABLE 1 2029 SSBFofl 104.965
GOA_SABLE 1 2029 SSBLCI 209.458
GOA_SABLE 1 2029 SSBUCI 239.366
GOA_SABLE 1 2029 SSBMedian 218.222
GOA_SABLE 1 2029 SSBMean 220.989
GOA_SABLE 1 2030 SSBF100 299.901
GOA_SABLE 1 2030 SSBFabc 119.96
GOA_SABLE 1 2030 SSBFofl 104.965
GOA_SABLE 1 2030 SSBLCI 194.16
GOA_SABLE 1 2030 SSBUCI 236.082
GOA_SABLE 1 2030 SSBMedian 206.44
GOA_SABLE 1 2030 SSBMean 210.221
GOA_SABLE 1 2031 SSBF100 299.901
GOA_SABLE 1 2031 SSBFabc 119.96
GOA_SABLE 1 2031 SSBFofl 104.965
GOA_SABLE 1 2031 SSBLCI 177.714
GOA_SABLE 1 2031 SSBUCI 231.283
GOA_SABLE 1 2031 SSBMedian 194.181
GOA_SABLE 1 2031 SSBMean 198.75
GOA_SABLE 1 2032 SSBF100 299.901
GOA_SABLE 1 2032 SSBFabc 119.96
GOA_SABLE 1 2032 SSBFofl 104.965
GOA_SABLE 1 2032 SSBLCI 162.848
GOA_SABLE 1 2032 SSBUCI 223.853
GOA_SABLE 1 2032 SSBMedian 183.401
GOA_SABLE 1 2032 SSBMean 187.708
GOA_SABLE 1 2033 SSBF100 299.901
GOA_SABLE 1 2033 SSBFabc 119.96
GOA_SABLE 1 2033 SSBFofl 104.965
GOA_SABLE 1 2033 SSBLCI 150.316
GOA_SABLE 1 2033 SSBUCI 216.077
GOA_SABLE 1 2033 SSBMedian 174.348
GOA_SABLE 1 2033 SSBMean 177.638
GOA_SABLE 1 2034 SSBF100 299.901
GOA_SABLE 1 2034 SSBFabc 119.96
GOA_SABLE 1 2034 SSBFofl 104.965
GOA_SABLE 1 2034 SSBLCI 139.234
GOA_SABLE 1 2034 SSBUCI 210.078
GOA_SABLE 1 2034 SSBMedian 164.835
GOA_SABLE 1 2034 SSBMean 168.764
GOA_SABLE 1 2035 SSBF100 299.901
GOA_SABLE 1 2035 SSBFabc 119.96
GOA_SABLE 1 2035 SSBFofl 104.965
GOA_SABLE 1 2035 SSBLCI 129.512
GOA_SABLE 1 2035 SSBUCI 202.576
GOA_SABLE 1 2035 SSBMedian 157.591
GOA_SABLE 1 2035 SSBMean 161.12
GOA_SABLE 1 2036 SSBF100 299.901
GOA_SABLE 1 2036 SSBFabc 119.96
GOA_SABLE 1 2036 SSBFofl 104.965
GOA_SABLE 1 2036 SSBLCI 122.181
GOA_SABLE 1 2036 SSBUCI 199.324
GOA_SABLE 1 2036 SSBMedian 151.41
GOA_SABLE 1 2036 SSBMean 154.62
GOA_SABLE 1 2023 F0 0 
GOA_SABLE 1 2023 Fabc 0.0860583
GOA_SABLE 1 2023 Fofl 0.101302
GOA_SABLE 1 2023  F_LCI 0.0506596
GOA_SABLE 1 2023  F_UCI 0.0506596
GOA_SABLE 1 2023  F_Median 0.0506596
GOA_SABLE 1 2023  F_Mean 0.0506596
GOA_SABLE 1 2024 F0 0 
GOA_SABLE 1 2024 Fabc 0.0860583
GOA_SABLE 1 2024 Fofl 0.101302
GOA_SABLE 1 2024  F_LCI 0.0552551
GOA_SABLE 1 2024  F_UCI 0.0569566
GOA_SABLE 1 2024  F_Median 0.0566486
GOA_SABLE 1 2024  F_Mean 0.0564671
GOA_SABLE 1 2025 F0 0 
GOA_SABLE 1 2025 Fabc 0.0860583
GOA_SABLE 1 2025 Fofl 0.101302
GOA_SABLE 1 2025  F_LCI 0.0521064
GOA_SABLE 1 2025  F_UCI 0.0566012
GOA_SABLE 1 2025  F_Median 0.0553686
GOA_SABLE 1 2025  F_Mean 0.0550227
GOA_SABLE 1 2026 F0 0 
GOA_SABLE 1 2026 Fabc 0.0860583
GOA_SABLE 1 2026 Fofl 0.101302
GOA_SABLE 1 2026  F_LCI 0.0860583
GOA_SABLE 1 2026  F_UCI 0.0860583
GOA_SABLE 1 2026  F_Median 0.0860583
GOA_SABLE 1 2026  F_Mean 0.0860583
GOA_SABLE 1 2027 F0 0 
GOA_SABLE 1 2027 Fabc 0.0860583
GOA_SABLE 1 2027 Fofl 0.101302
GOA_SABLE 1 2027  F_LCI 0.0860583
GOA_SABLE 1 2027  F_UCI 0.0860583
GOA_SABLE 1 2027  F_Median 0.0860583
GOA_SABLE 1 2027  F_Mean 0.0860583
GOA_SABLE 1 2028 F0 0 
GOA_SABLE 1 2028 Fabc 0.0860583
GOA_SABLE 1 2028 Fofl 0.101302
GOA_SABLE 1 2028  F_LCI 0.0860583
GOA_SABLE 1 2028  F_UCI 0.0860583
GOA_SABLE 1 2028  F_Median 0.0860583
GOA_SABLE 1 2028  F_Mean 0.0860583
GOA_SABLE 1 2029 F0 0 
GOA_SABLE 1 2029 Fabc 0.0860583
GOA_SABLE 1 2029 Fofl 0.101302
GOA_SABLE 1 2029  F_LCI 0.0860583
GOA_SABLE 1 2029  F_UCI 0.0860583
GOA_SABLE 1 2029  F_Median 0.0860583
GOA_SABLE 1 2029  F_Mean 0.0860583
GOA_SABLE 1 2030 F0 0 
GOA_SABLE 1 2030 Fabc 0.0860583
GOA_SABLE 1 2030 Fofl 0.101302
GOA_SABLE 1 2030  F_LCI 0.0860583
GOA_SABLE 1 2030  F_UCI 0.0860583
GOA_SABLE 1 2030  F_Median 0.0860583
GOA_SABLE 1 2030  F_Mean 0.0860583
GOA_SABLE 1 2031 F0 0 
GOA_SABLE 1 2031 Fabc 0.0860583
GOA_SABLE 1 2031 Fofl 0.101302
GOA_SABLE 1 2031  F_LCI 0.0860583
GOA_SABLE 1 2031  F_UCI 0.0860583
GOA_SABLE 1 2031  F_Median 0.0860583
GOA_SABLE 1 2031  F_Mean 0.0860583
GOA_SABLE 1 2032 F0 0 
GOA_SABLE 1 2032 Fabc 0.0860583
GOA_SABLE 1 2032 Fofl 0.101302
GOA_SABLE 1 2032  F_LCI 0.0860583
GOA_SABLE 1 2032  F_UCI 0.0860583
GOA_SABLE 1 2032  F_Median 0.0860583
GOA_SABLE 1 2032  F_Mean 0.0860583
GOA_SABLE 1 2033 F0 0 
GOA_SABLE 1 2033 Fabc 0.0860583
GOA_SABLE 1 2033 Fofl 0.101302
GOA_SABLE 1 2033  F_LCI 0.0860583
GOA_SABLE 1 2033  F_UCI 0.0860583
GOA_SABLE 1 2033  F_Median 0.0860583
GOA_SABLE 1 2033  F_Mean 0.0860583
GOA_SABLE 1 2034 F0 0 
GOA_SABLE 1 2034 Fabc 0.0860583
GOA_SABLE 1 2034 Fofl 0.101302
GOA_SABLE 1 2034  F_LCI 0.0860583
GOA_SABLE 1 2034  F_UCI 0.0860583
GOA_SABLE 1 2034  F_Median 0.0860583
GOA_SABLE 1 2034  F_Mean 0.0860583
GOA_SABLE 1 2035 F0 0 
GOA_SABLE 1 2035 Fabc 0.0860583
GOA_SABLE 1 2035 Fofl 0.101302
GOA_SABLE 1 2035  F_LCI 0.0860583
GOA_SABLE 1 2035  F_UCI 0.0860583
GOA_SABLE 1 2035  F_Median 0.0860583
GOA_SABLE 1 2035  F_Mean 0.0860424
GOA_SABLE 1 2036 F0 0 
GOA_SABLE 1 2036 Fabc 0.0860583
GOA_SABLE 1 2036 Fofl 0.101302
GOA_SABLE 1 2036  F_LCI 0.0860583
GOA_SABLE 1 2036  F_UCI 0.0860583
GOA_SABLE 1 2036  F_Median 0.0860583
GOA_SABLE 1 2036  F_Mean 0.0859301
GOA_SABLE 2 2023 Cabc 24.2176
GOA_SABLE 2 2023 Cofl 25.8934
GOA_SABLE 2 2023 CLCI 27.16
GOA_SABLE 2 2023 CUCI 27.16
GOA_SABLE 2 2023 CMedian 27.16
GOA_SABLE 2 2023 CMean 27.16
GOA_SABLE 2 2024 Cabc 24.2176
GOA_SABLE 2 2024 Cofl 25.8934
GOA_SABLE 2 2024 CLCI 31.4847
GOA_SABLE 2 2024 CUCI 31.4847
GOA_SABLE 2 2024 CMedian 31.4847
GOA_SABLE 2 2024 CMean 31.4847
GOA_SABLE 2 2025 Cabc 24.2176
GOA_SABLE 2 2025 Cofl 25.8934
GOA_SABLE 2 2025 CLCI 30.8158
GOA_SABLE 2 2025 CUCI 30.8158
GOA_SABLE 2 2025 CMedian 30.8158
GOA_SABLE 2 2025 CMean 30.8158
GOA_SABLE 2 2026 Cabc 24.2176
GOA_SABLE 2 2026 Cofl 25.8934
GOA_SABLE 2 2026 CLCI 44.2253
GOA_SABLE 2 2026 CUCI 51.4593
GOA_SABLE 2 2026 CMedian 46.3296
GOA_SABLE 2 2026 CMean 46.9053
GOA_SABLE 2 2027 Cabc 24.2176
GOA_SABLE 2 2027 Cofl 25.8934
GOA_SABLE 2 2027 CLCI 40.8183
GOA_SABLE 2 2027 CUCI 49.9923
GOA_SABLE 2 2027 CMedian 43.7434
GOA_SABLE 2 2027 CMean 44.4405
GOA_SABLE 2 2028 Cabc 24.2176
GOA_SABLE 2 2028 Cofl 25.8934
GOA_SABLE 2 2028 CLCI 37.2404
GOA_SABLE 2 2028 CUCI 49.0064
GOA_SABLE 2 2028 CMedian 40.8761
GOA_SABLE 2 2028 CMean 41.8809
GOA_SABLE 2 2029 Cabc 24.2176
GOA_SABLE 2 2029 Cofl 25.8934
GOA_SABLE 2 2029 CLCI 33.9176
GOA_SABLE 2 2029 CUCI 47.462
GOA_SABLE 2 2029 CMedian 38.4333
GOA_SABLE 2 2029 CMean 39.4129
GOA_SABLE 2 2030 Cabc 24.2176
GOA_SABLE 2 2030 Cofl 25.8934
GOA_SABLE 2 2030 CLCI 31.0227
GOA_SABLE 2 2030 CUCI 45.5842
GOA_SABLE 2 2030 CMedian 36.3212
GOA_SABLE 2 2030 CMean 37.1397
GOA_SABLE 2 2031 Cabc 24.2176
GOA_SABLE 2 2031 Cofl 25.8934
GOA_SABLE 2 2031 CLCI 28.6364
GOA_SABLE 2 2031 CUCI 44.3666
GOA_SABLE 2 2031 CMedian 34.3268
GOA_SABLE 2 2031 CMean 35.1581
GOA_SABLE 2 2032 Cabc 24.2176
GOA_SABLE 2 2032 Cofl 25.8934
GOA_SABLE 2 2032 CLCI 26.6008
GOA_SABLE 2 2032 CUCI 42.7944
GOA_SABLE 2 2032 CMedian 32.7215
GOA_SABLE 2 2032 CMean 33.4877
GOA_SABLE 2 2033 Cabc 24.2176
GOA_SABLE 2 2033 Cofl 25.8934
GOA_SABLE 2 2033 CLCI 24.8922
GOA_SABLE 2 2033 CUCI 42.132
GOA_SABLE 2 2033 CMedian 31.356
GOA_SABLE 2 2033 CMean 32.067
GOA_SABLE 2 2034 Cabc 24.2176
GOA_SABLE 2 2034 Cofl 25.8934
GOA_SABLE 2 2034 CLCI 23.4552
GOA_SABLE 2 2034 CUCI 40.8188
GOA_SABLE 2 2034 CMedian 29.8307
GOA_SABLE 2 2034 CMean 30.845
GOA_SABLE 2 2035 Cabc 24.2176
GOA_SABLE 2 2035 Cofl 25.8934
GOA_SABLE 2 2035 CLCI 22.2282
GOA_SABLE 2 2035 CUCI 39.6556
GOA_SABLE 2 2035 CMedian 28.5134
GOA_SABLE 2 2035 CMean 29.795
GOA_SABLE 2 2036 Cabc 24.2176
GOA_SABLE 2 2036 Cofl 25.8934
GOA_SABLE 2 2036 CLCI 21.2168
GOA_SABLE 2 2036 CUCI 39.7596
GOA_SABLE 2 2036 CMedian 27.7762
GOA_SABLE 2 2036 CMean 28.8986
GOA_SABLE 2 2023 SSBF100 299.901
GOA_SABLE 2 2023 SSBFabc 119.96
GOA_SABLE 2 2023 SSBFofl 104.965
GOA_SABLE 2 2023 SSBLCI 156.651
GOA_SABLE 2 2023 SSBUCI 156.651
GOA_SABLE 2 2023 SSBMedian 156.651
GOA_SABLE 2 2023 SSBMean 156.651
GOA_SABLE 2 2024 SSBF100 299.901
GOA_SABLE 2 2024 SSBFabc 119.96
GOA_SABLE 2 2024 SSBFofl 104.965
GOA_SABLE 2 2024 SSBLCI 184.806
GOA_SABLE 2 2024 SSBUCI 185.709
GOA_SABLE 2 2024 SSBMedian 184.972
GOA_SABLE 2 2024 SSBMean 185.079
GOA_SABLE 2 2025 SSBF100 299.901
GOA_SABLE 2 2025 SSBFabc 119.96
GOA_SABLE 2 2025 SSBFofl 104.965
GOA_SABLE 2 2025 SSBLCI 208.571
GOA_SABLE 2 2025 SSBUCI 211.266
GOA_SABLE 2 2025 SSBMedian 209.254
GOA_SABLE 2 2025 SSBMean 209.5
GOA_SABLE 2 2026 SSBF100 299.901
GOA_SABLE 2 2026 SSBFabc 119.96
GOA_SABLE 2 2026 SSBFofl 104.965
GOA_SABLE 2 2026 SSBLCI 225.718
GOA_SABLE 2 2026 SSBUCI 232.226
GOA_SABLE 2 2026 SSBMedian 227.504
GOA_SABLE 2 2026 SSBMean 228.076
GOA_SABLE 2 2027 SSBF100 299.901
GOA_SABLE 2 2027 SSBFabc 119.96
GOA_SABLE 2 2027 SSBFofl 104.965
GOA_SABLE 2 2027 SSBLCI 227.905
GOA_SABLE 2 2027 SSBUCI 239.631
GOA_SABLE 2 2027 SSBMedian 231.254
GOA_SABLE 2 2027 SSBMean 232.195
GOA_SABLE 2 2028 SSBF100 299.901
GOA_SABLE 2 2028 SSBFabc 119.96
GOA_SABLE 2 2028 SSBFofl 104.965
GOA_SABLE 2 2028 SSBLCI 221.858
GOA_SABLE 2 2028 SSBUCI 241.536
GOA_SABLE 2 2028 SSBMedian 227.362
GOA_SABLE 2 2028 SSBMean 229.131
GOA_SABLE 2 2029 SSBF100 299.901
GOA_SABLE 2 2029 SSBFabc 119.96
GOA_SABLE 2 2029 SSBFofl 104.965
GOA_SABLE 2 2029 SSBLCI 209.458
GOA_SABLE 2 2029 SSBUCI 239.366
GOA_SABLE 2 2029 SSBMedian 218.222
GOA_SABLE 2 2029 SSBMean 220.989
GOA_SABLE 2 2030 SSBF100 299.901
GOA_SABLE 2 2030 SSBFabc 119.96
GOA_SABLE 2 2030 SSBFofl 104.965
GOA_SABLE 2 2030 SSBLCI 194.16
GOA_SABLE 2 2030 SSBUCI 236.082
GOA_SABLE 2 2030 SSBMedian 206.44
GOA_SABLE 2 2030 SSBMean 210.221
GOA_SABLE 2 2031 SSBF100 299.901
GOA_SABLE 2 2031 SSBFabc 119.96
GOA_SABLE 2 2031 SSBFofl 104.965
GOA_SABLE 2 2031 SSBLCI 177.714
GOA_SABLE 2 2031 SSBUCI 231.283
GOA_SABLE 2 2031 SSBMedian 194.181
GOA_SABLE 2 2031 SSBMean 198.75
GOA_SABLE 2 2032 SSBF100 299.901
GOA_SABLE 2 2032 SSBFabc 119.96
GOA_SABLE 2 2032 SSBFofl 104.965
GOA_SABLE 2 2032 SSBLCI 162.848
GOA_SABLE 2 2032 SSBUCI 223.853
GOA_SABLE 2 2032 SSBMedian 183.401
GOA_SABLE 2 2032 SSBMean 187.708
GOA_SABLE 2 2033 SSBF100 299.901
GOA_SABLE 2 2033 SSBFabc 119.96
GOA_SABLE 2 2033 SSBFofl 104.965
GOA_SABLE 2 2033 SSBLCI 150.316
GOA_SABLE 2 2033 SSBUCI 216.077
GOA_SABLE 2 2033 SSBMedian 174.348
GOA_SABLE 2 2033 SSBMean 177.638
GOA_SABLE 2 2034 SSBF100 299.901
GOA_SABLE 2 2034 SSBFabc 119.96
GOA_SABLE 2 2034 SSBFofl 104.965
GOA_SABLE 2 2034 SSBLCI 139.234
GOA_SABLE 2 2034 SSBUCI 210.078
GOA_SABLE 2 2034 SSBMedian 164.835
GOA_SABLE 2 2034 SSBMean 168.764
GOA_SABLE 2 2035 SSBF100 299.901
GOA_SABLE 2 2035 SSBFabc 119.96
GOA_SABLE 2 2035 SSBFofl 104.965
GOA_SABLE 2 2035 SSBLCI 129.512
GOA_SABLE 2 2035 SSBUCI 202.576
GOA_SABLE 2 2035 SSBMedian 157.591
GOA_SABLE 2 2035 SSBMean 161.12
GOA_SABLE 2 2036 SSBF100 299.901
GOA_SABLE 2 2036 SSBFabc 119.96
GOA_SABLE 2 2036 SSBFofl 104.965
GOA_SABLE 2 2036 SSBLCI 122.181
GOA_SABLE 2 2036 SSBUCI 199.324
GOA_SABLE 2 2036 SSBMedian 151.41
GOA_SABLE 2 2036 SSBMean 154.62
GOA_SABLE 2 2023 F0 0 
GOA_SABLE 2 2023 Fabc 0.0860583
GOA_SABLE 2 2023 Fofl 0.101302
GOA_SABLE 2 2023  F_LCI 0.0506596
GOA_SABLE 2 2023  F_UCI 0.0506596
GOA_SABLE 2 2023  F_Median 0.0506596
GOA_SABLE 2 2023  F_Mean 0.0506596
GOA_SABLE 2 2024 F0 0 
GOA_SABLE 2 2024 Fabc 0.0860583
GOA_SABLE 2 2024 Fofl 0.101302
GOA_SABLE 2 2024  F_LCI 0.0552551
GOA_SABLE 2 2024  F_UCI 0.0569566
GOA_SABLE 2 2024  F_Median 0.0566486
GOA_SABLE 2 2024  F_Mean 0.0564671
GOA_SABLE 2 2025 F0 0 
GOA_SABLE 2 2025 Fabc 0.0860583
GOA_SABLE 2 2025 Fofl 0.101302
GOA_SABLE 2 2025  F_LCI 0.0521064
GOA_SABLE 2 2025  F_UCI 0.0566012
GOA_SABLE 2 2025  F_Median 0.0553686
GOA_SABLE 2 2025  F_Mean 0.0550227
GOA_SABLE 2 2026 F0 0 
GOA_SABLE 2 2026 Fabc 0.0860583
GOA_SABLE 2 2026 Fofl 0.101302
GOA_SABLE 2 2026  F_LCI 0.0860583
GOA_SABLE 2 2026  F_UCI 0.0860583
GOA_SABLE 2 2026  F_Median 0.0860583
GOA_SABLE 2 2026  F_Mean 0.0860583
GOA_SABLE 2 2027 F0 0 
GOA_SABLE 2 2027 Fabc 0.0860583
GOA_SABLE 2 2027 Fofl 0.101302
GOA_SABLE 2 2027  F_LCI 0.0860583
GOA_SABLE 2 2027  F_UCI 0.0860583
GOA_SABLE 2 2027  F_Median 0.0860583
GOA_SABLE 2 2027  F_Mean 0.0860583
GOA_SABLE 2 2028 F0 0 
GOA_SABLE 2 2028 Fabc 0.0860583
GOA_SABLE 2 2028 Fofl 0.101302
GOA_SABLE 2 2028  F_LCI 0.0860583
GOA_SABLE 2 2028  F_UCI 0.0860583
GOA_SABLE 2 2028  F_Median 0.0860583
GOA_SABLE 2 2028  F_Mean 0.0860583
GOA_SABLE 2 2029 F0 0 
GOA_SABLE 2 2029 Fabc 0.0860583
GOA_SABLE 2 2029 Fofl 0.101302
GOA_SABLE 2 2029  F_LCI 0.0860583
GOA_SABLE 2 2029  F_UCI 0.0860583
GOA_SABLE 2 2029  F_Median 0.0860583
GOA_SABLE 2 2029  F_Mean 0.0860583
GOA_SABLE 2 2030 F0 0 
GOA_SABLE 2 2030 Fabc 0.0860583
GOA_SABLE 2 2030 Fofl 0.101302
GOA_SABLE 2 2030  F_LCI 0.0860583
GOA_SABLE 2 2030  F_UCI 0.0860583
GOA_SABLE 2 2030  F_Median 0.0860583
GOA_SABLE 2 2030  F_Mean 0.0860583
GOA_SABLE 2 2031 F0 0 
GOA_SABLE 2 2031 Fabc 0.0860583
GOA_SABLE 2 2031 Fofl 0.101302
GOA_SABLE 2 2031  F_LCI 0.0860583
GOA_SABLE 2 2031  F_UCI 0.0860583
GOA_SABLE 2 2031  F_Median 0.0860583
GOA_SABLE 2 2031  F_Mean 0.0860583
GOA_SABLE 2 2032 F0 0 
GOA_SABLE 2 2032 Fabc 0.0860583
GOA_SABLE 2 2032 Fofl 0.101302
GOA_SABLE 2 2032  F_LCI 0.0860583
GOA_SABLE 2 2032  F_UCI 0.0860583
GOA_SABLE 2 2032  F_Median 0.0860583
GOA_SABLE 2 2032  F_Mean 0.0860583
GOA_SABLE 2 2033 F0 0 
GOA_SABLE 2 2033 Fabc 0.0860583
GOA_SABLE 2 2033 Fofl 0.101302
GOA_SABLE 2 2033  F_LCI 0.0860583
GOA_SABLE 2 2033  F_UCI 0.0860583
GOA_SABLE 2 2033  F_Median 0.0860583
GOA_SABLE 2 2033  F_Mean 0.0860583
GOA_SABLE 2 2034 F0 0 
GOA_SABLE 2 2034 Fabc 0.0860583
GOA_SABLE 2 2034 Fofl 0.101302
GOA_SABLE 2 2034  F_LCI 0.0860583
GOA_SABLE 2 2034  F_UCI 0.0860583
GOA_SABLE 2 2034  F_Median 0.0860583
GOA_SABLE 2 2034  F_Mean 0.0860583
GOA_SABLE 2 2035 F0 0 
GOA_SABLE 2 2035 Fabc 0.0860583
GOA_SABLE 2 2035 Fofl 0.101302
GOA_SABLE 2 2035  F_LCI 0.0860583
GOA_SABLE 2 2035  F_UCI 0.0860583
GOA_SABLE 2 2035  F_Median 0.0860583
GOA_SABLE 2 2035  F_Mean 0.0860424
GOA_SABLE 2 2036 F0 0 
GOA_SABLE 2 2036 Fabc 0.0860583
GOA_SABLE 2 2036 Fofl 0.101302
GOA_SABLE 2 2036  F_LCI 0.0860583
GOA_SABLE 2 2036  F_UCI 0.0860583
GOA_SABLE 2 2036  F_Median 0.0860583
GOA_SABLE 2 2036  F_Mean 0.0859301
GOA_SABLE 3 2023 Cabc 24.2176
GOA_SABLE 3 2023 Cofl 25.8934
GOA_SABLE 3 2023 CLCI 27.16
GOA_SABLE 3 2023 CUCI 27.16
GOA_SABLE 3 2023 CMedian 27.16
GOA_SABLE 3 2023 CMean 27.16
GOA_SABLE 3 2024 Cabc 24.2176
GOA_SABLE 3 2024 Cofl 25.8934
GOA_SABLE 3 2024 CLCI 31.4847
GOA_SABLE 3 2024 CUCI 31.4847
GOA_SABLE 3 2024 CMedian 31.4847
GOA_SABLE 3 2024 CMean 31.4847
GOA_SABLE 3 2025 Cabc 24.2176
GOA_SABLE 3 2025 Cofl 25.8934
GOA_SABLE 3 2025 CLCI 30.8158
GOA_SABLE 3 2025 CUCI 30.8158
GOA_SABLE 3 2025 CMedian 30.8158
GOA_SABLE 3 2025 CMean 30.8158
GOA_SABLE 3 2026 Cabc 24.2176
GOA_SABLE 3 2026 Cofl 25.8934
GOA_SABLE 3 2026 CLCI 22.5535
GOA_SABLE 3 2026 CUCI 26.2164
GOA_SABLE 3 2026 CMedian 23.6197
GOA_SABLE 3 2026 CMean 23.9117
GOA_SABLE 3 2027 Cabc 24.2176
GOA_SABLE 3 2027 Cofl 25.8934
GOA_SABLE 3 2027 CLCI 21.6526
GOA_SABLE 3 2027 CUCI 26.4454
GOA_SABLE 3 2027 CMedian 23.18
GOA_SABLE 3 2027 CMean 23.5413
GOA_SABLE 3 2028 Cabc 24.2176
GOA_SABLE 3 2028 Cofl 25.8934
GOA_SABLE 3 2028 CLCI 20.5209
GOA_SABLE 3 2028 CUCI 26.8129
GOA_SABLE 3 2028 CMedian 22.4593
GOA_SABLE 3 2028 CMean 22.9998
GOA_SABLE 3 2029 Cabc 24.2176
GOA_SABLE 3 2029 Cofl 25.8934
GOA_SABLE 3 2029 CLCI 19.3786
GOA_SABLE 3 2029 CUCI 26.7581
GOA_SABLE 3 2029 CMedian 21.8372
GOA_SABLE 3 2029 CMean 22.3734
GOA_SABLE 3 2030 Cabc 24.2176
GOA_SABLE 3 2030 Cofl 25.8934
GOA_SABLE 3 2030 CLCI 18.3071
GOA_SABLE 3 2030 CUCI 26.6013
GOA_SABLE 3 2030 CMedian 21.2155
GOA_SABLE 3 2030 CMean 21.7208
GOA_SABLE 3 2031 Cabc 24.2176
GOA_SABLE 3 2031 Cofl 25.8934
GOA_SABLE 3 2031 CLCI 17.3794
GOA_SABLE 3 2031 CUCI 26.1867
GOA_SABLE 3 2031 CMedian 20.5911
GOA_SABLE 3 2031 CMean 21.105
GOA_SABLE 3 2032 Cabc 24.2176
GOA_SABLE 3 2032 Cofl 25.8934
GOA_SABLE 3 2032 CLCI 16.5346
GOA_SABLE 3 2032 CUCI 25.9379
GOA_SABLE 3 2032 CMedian 20.1253
GOA_SABLE 3 2032 CMean 20.5544
GOA_SABLE 3 2033 Cabc 24.2176
GOA_SABLE 3 2033 Cofl 25.8934
GOA_SABLE 3 2033 CLCI 15.825
GOA_SABLE 3 2033 CUCI 25.923
GOA_SABLE 3 2033 CMedian 19.56
GOA_SABLE 3 2033 CMean 20.0563
GOA_SABLE 3 2034 Cabc 24.2176
GOA_SABLE 3 2034 Cofl 25.8934
GOA_SABLE 3 2034 CLCI 15.2626
GOA_SABLE 3 2034 CUCI 25.427
GOA_SABLE 3 2034 CMedian 19.0512
GOA_SABLE 3 2034 CMean 19.6003
GOA_SABLE 3 2035 Cabc 24.2176
GOA_SABLE 3 2035 Cofl 25.8934
GOA_SABLE 3 2035 CLCI 14.6179
GOA_SABLE 3 2035 CUCI 25.0922
GOA_SABLE 3 2035 CMedian 18.5242
GOA_SABLE 3 2035 CMean 19.1865
GOA_SABLE 3 2036 Cabc 24.2176
GOA_SABLE 3 2036 Cofl 25.8934
GOA_SABLE 3 2036 CLCI 14.2361
GOA_SABLE 3 2036 CUCI 25.0517
GOA_SABLE 3 2036 CMedian 18.1435
GOA_SABLE 3 2036 CMean 18.8249
GOA_SABLE 3 2023 SSBF100 299.901
GOA_SABLE 3 2023 SSBFabc 119.96
GOA_SABLE 3 2023 SSBFofl 104.965
GOA_SABLE 3 2023 SSBLCI 156.651
GOA_SABLE 3 2023 SSBUCI 156.651
GOA_SABLE 3 2023 SSBMedian 156.651
GOA_SABLE 3 2023 SSBMean 156.651
GOA_SABLE 3 2024 SSBF100 299.901
GOA_SABLE 3 2024 SSBFabc 119.96
GOA_SABLE 3 2024 SSBFofl 104.965
GOA_SABLE 3 2024 SSBLCI 184.806
GOA_SABLE 3 2024 SSBUCI 185.709
GOA_SABLE 3 2024 SSBMedian 184.972
GOA_SABLE 3 2024 SSBMean 185.079
GOA_SABLE 3 2025 SSBF100 299.901
GOA_SABLE 3 2025 SSBFabc 119.96
GOA_SABLE 3 2025 SSBFofl 104.965
GOA_SABLE 3 2025 SSBLCI 208.571
GOA_SABLE 3 2025 SSBUCI 211.266
GOA_SABLE 3 2025 SSBMedian 209.254
GOA_SABLE 3 2025 SSBMean 209.5
GOA_SABLE 3 2026 SSBF100 299.901
GOA_SABLE 3 2026 SSBFabc 119.96
GOA_SABLE 3 2026 SSBFofl 104.965
GOA_SABLE 3 2026 SSBLCI 225.718
GOA_SABLE 3 2026 SSBUCI 232.226
GOA_SABLE 3 2026 SSBMedian 227.504
GOA_SABLE 3 2026 SSBMean 228.076
GOA_SABLE 3 2027 SSBF100 299.901
GOA_SABLE 3 2027 SSBFabc 119.96
GOA_SABLE 3 2027 SSBFofl 104.965
GOA_SABLE 3 2027 SSBLCI 237.582
GOA_SABLE 3 2027 SSBUCI 249.715
GOA_SABLE 3 2027 SSBMedian 241.066
GOA_SABLE 3 2027 SSBMean 242.031
GOA_SABLE 3 2028 SSBF100 299.901
GOA_SABLE 3 2028 SSBFabc 119.96
GOA_SABLE 3 2028 SSBFofl 104.965
GOA_SABLE 3 2028 SSBLCI 241.009
GOA_SABLE 3 2028 SSBUCI 262.339
GOA_SABLE 3 2028 SSBMedian 246.969
GOA_SABLE 3 2028 SSBMean 248.838
GOA_SABLE 3 2029 SSBF100 299.901
GOA_SABLE 3 2029 SSBFabc 119.96
GOA_SABLE 3 2029 SSBFofl 104.965
GOA_SABLE 3 2029 SSBLCI 237.076
GOA_SABLE 3 2029 SSBUCI 270.544
GOA_SABLE 3 2029 SSBMedian 246.792
GOA_SABLE 3 2029 SSBMean 249.807
GOA_SABLE 3 2030 SSBF100 299.901
GOA_SABLE 3 2030 SSBFabc 119.96
GOA_SABLE 3 2030 SSBFofl 104.965
GOA_SABLE 3 2030 SSBLCI 228.289
GOA_SABLE 3 2030 SSBUCI 276.73
GOA_SABLE 3 2030 SSBMedian 242.809
GOA_SABLE 3 2030 SSBMean 246.962
GOA_SABLE 3 2031 SSBF100 299.901
GOA_SABLE 3 2031 SSBFabc 119.96
GOA_SABLE 3 2031 SSBFofl 104.965
GOA_SABLE 3 2031 SSBLCI 217.163
GOA_SABLE 3 2031 SSBUCI 280.429
GOA_SABLE 3 2031 SSBMedian 236.511
GOA_SABLE 3 2031 SSBMean 242.113
GOA_SABLE 3 2032 SSBF100 299.901
GOA_SABLE 3 2032 SSBFabc 119.96
GOA_SABLE 3 2032 SSBFofl 104.965
GOA_SABLE 3 2032 SSBLCI 205.944
GOA_SABLE 3 2032 SSBUCI 282.371
GOA_SABLE 3 2032 SSBMedian 230.862
GOA_SABLE 3 2032 SSBMean 236.442
GOA_SABLE 3 2033 SSBF100 299.901
GOA_SABLE 3 2033 SSBFabc 119.96
GOA_SABLE 3 2033 SSBFofl 104.965
GOA_SABLE 3 2033 SSBLCI 196.063
GOA_SABLE 3 2033 SSBUCI 278.292
GOA_SABLE 3 2033 SSBMedian 226.204
GOA_SABLE 3 2033 SSBMean 230.623
GOA_SABLE 3 2034 SSBF100 299.901
GOA_SABLE 3 2034 SSBFabc 119.96
GOA_SABLE 3 2034 SSBFofl 104.965
GOA_SABLE 3 2034 SSBLCI 186.858
GOA_SABLE 3 2034 SSBUCI 277.551
GOA_SABLE 3 2034 SSBMedian 220.593
GOA_SABLE 3 2034 SSBMean 225.05
GOA_SABLE 3 2035 SSBF100 299.901
GOA_SABLE 3 2035 SSBFabc 119.96
GOA_SABLE 3 2035 SSBFofl 104.965
GOA_SABLE 3 2035 SSBLCI 178.709
GOA_SABLE 3 2035 SSBUCI 273.333
GOA_SABLE 3 2035 SSBMedian 214.904
GOA_SABLE 3 2035 SSBMean 219.926
GOA_SABLE 3 2036 SSBF100 299.901
GOA_SABLE 3 2036 SSBFabc 119.96
GOA_SABLE 3 2036 SSBFofl 104.965
GOA_SABLE 3 2036 SSBLCI 172.339
GOA_SABLE 3 2036 SSBUCI 272.151
GOA_SABLE 3 2036 SSBMedian 211.23
GOA_SABLE 3 2036 SSBMean 215.328
GOA_SABLE 3 2023 F0 0 
GOA_SABLE 3 2023 Fabc 0.0860583
GOA_SABLE 3 2023 Fofl 0.101302
GOA_SABLE 3 2023  F_LCI 0.0506596
GOA_SABLE 3 2023  F_UCI 0.0506596
GOA_SABLE 3 2023  F_Median 0.0506596
GOA_SABLE 3 2023  F_Mean 0.0506596
GOA_SABLE 3 2024 F0 0 
GOA_SABLE 3 2024 Fabc 0.0860583
GOA_SABLE 3 2024 Fofl 0.101302
GOA_SABLE 3 2024  F_LCI 0.0552551
GOA_SABLE 3 2024  F_UCI 0.0569566
GOA_SABLE 3 2024  F_Median 0.0566486
GOA_SABLE 3 2024  F_Mean 0.0564671
GOA_SABLE 3 2025 F0 0 
GOA_SABLE 3 2025 Fabc 0.0860583
GOA_SABLE 3 2025 Fofl 0.101302
GOA_SABLE 3 2025  F_LCI 0.0521064
GOA_SABLE 3 2025  F_UCI 0.0566012
GOA_SABLE 3 2025  F_Median 0.0553686
GOA_SABLE 3 2025  F_Mean 0.0550227
GOA_SABLE 3 2026 F0 0 
GOA_SABLE 3 2026 Fabc 0.0860583
GOA_SABLE 3 2026 Fofl 0.101302
GOA_SABLE 3 2026  F_LCI 0.0430291
GOA_SABLE 3 2026  F_UCI 0.0430291
GOA_SABLE 3 2026  F_Median 0.0430291
GOA_SABLE 3 2026  F_Mean 0.0430291
GOA_SABLE 3 2027 F0 0 
GOA_SABLE 3 2027 Fabc 0.0860583
GOA_SABLE 3 2027 Fofl 0.101302
GOA_SABLE 3 2027  F_LCI 0.0430291
GOA_SABLE 3 2027  F_UCI 0.0430291
GOA_SABLE 3 2027  F_Median 0.0430291
GOA_SABLE 3 2027  F_Mean 0.0430291
GOA_SABLE 3 2028 F0 0 
GOA_SABLE 3 2028 Fabc 0.0860583
GOA_SABLE 3 2028 Fofl 0.101302
GOA_SABLE 3 2028  F_LCI 0.0430291
GOA_SABLE 3 2028  F_UCI 0.0430291
GOA_SABLE 3 2028  F_Median 0.0430291
GOA_SABLE 3 2028  F_Mean 0.0430291
GOA_SABLE 3 2029 F0 0 
GOA_SABLE 3 2029 Fabc 0.0860583
GOA_SABLE 3 2029 Fofl 0.101302
GOA_SABLE 3 2029  F_LCI 0.0430291
GOA_SABLE 3 2029  F_UCI 0.0430291
GOA_SABLE 3 2029  F_Median 0.0430291
GOA_SABLE 3 2029  F_Mean 0.0430291
GOA_SABLE 3 2030 F0 0 
GOA_SABLE 3 2030 Fabc 0.0860583
GOA_SABLE 3 2030 Fofl 0.101302
GOA_SABLE 3 2030  F_LCI 0.0430291
GOA_SABLE 3 2030  F_UCI 0.0430291
GOA_SABLE 3 2030  F_Median 0.0430291
GOA_SABLE 3 2030  F_Mean 0.0430291
GOA_SABLE 3 2031 F0 0 
GOA_SABLE 3 2031 Fabc 0.0860583
GOA_SABLE 3 2031 Fofl 0.101302
GOA_SABLE 3 2031  F_LCI 0.0430291
GOA_SABLE 3 2031  F_UCI 0.0430291
GOA_SABLE 3 2031  F_Median 0.0430291
GOA_SABLE 3 2031  F_Mean 0.0430291
GOA_SABLE 3 2032 F0 0 
GOA_SABLE 3 2032 Fabc 0.0860583
GOA_SABLE 3 2032 Fofl 0.101302
GOA_SABLE 3 2032  F_LCI 0.0430291
GOA_SABLE 3 2032  F_UCI 0.0430291
GOA_SABLE 3 2032  F_Median 0.0430291
GOA_SABLE 3 2032  F_Mean 0.0430291
GOA_SABLE 3 2033 F0 0 
GOA_SABLE 3 2033 Fabc 0.0860583
GOA_SABLE 3 2033 Fofl 0.101302
GOA_SABLE 3 2033  F_LCI 0.0430291
GOA_SABLE 3 2033  F_UCI 0.0430291
GOA_SABLE 3 2033  F_Median 0.0430291
GOA_SABLE 3 2033  F_Mean 0.0430291
GOA_SABLE 3 2034 F0 0 
GOA_SABLE 3 2034 Fabc 0.0860583
GOA_SABLE 3 2034 Fofl 0.101302
GOA_SABLE 3 2034  F_LCI 0.0430291
GOA_SABLE 3 2034  F_UCI 0.0430291
GOA_SABLE 3 2034  F_Median 0.0430291
GOA_SABLE 3 2034  F_Mean 0.0430291
GOA_SABLE 3 2035 F0 0 
GOA_SABLE 3 2035 Fabc 0.0860583
GOA_SABLE 3 2035 Fofl 0.101302
GOA_SABLE 3 2035  F_LCI 0.0430291
GOA_SABLE 3 2035  F_UCI 0.0430291
GOA_SABLE 3 2035  F_Median 0.0430291
GOA_SABLE 3 2035  F_Mean 0.0430291
GOA_SABLE 3 2036 F0 0 
GOA_SABLE 3 2036 Fabc 0.0860583
GOA_SABLE 3 2036 Fofl 0.101302
GOA_SABLE 3 2036  F_LCI 0.0430291
GOA_SABLE 3 2036  F_UCI 0.0430291
GOA_SABLE 3 2036  F_Median 0.0430291
GOA_SABLE 3 2036  F_Mean 0.0430291
GOA_SABLE 4 2023 Cabc 24.2176
GOA_SABLE 4 2023 Cofl 25.8934
GOA_SABLE 4 2023 CLCI 27.16
GOA_SABLE 4 2023 CUCI 27.16
GOA_SABLE 4 2023 CMedian 27.16
GOA_SABLE 4 2023 CMean 27.16
GOA_SABLE 4 2024 Cabc 24.2176
GOA_SABLE 4 2024 Cofl 25.8934
GOA_SABLE 4 2024 CLCI 31.4847
GOA_SABLE 4 2024 CUCI 31.4847
GOA_SABLE 4 2024 CMedian 31.4847
GOA_SABLE 4 2024 CMean 31.4847
GOA_SABLE 4 2025 Cabc 24.2176
GOA_SABLE 4 2025 Cofl 25.8934
GOA_SABLE 4 2025 CLCI 30.8158
GOA_SABLE 4 2025 CUCI 30.8158
GOA_SABLE 4 2025 CMedian 30.8158
GOA_SABLE 4 2025 CMean 30.8158
GOA_SABLE 4 2026 Cabc 24.2176
GOA_SABLE 4 2026 Cofl 25.8934
GOA_SABLE 4 2026 CLCI 28.6452
GOA_SABLE 4 2026 CUCI 33.3096
GOA_SABLE 4 2026 CMedian 30.0017
GOA_SABLE 4 2026 CMean 30.3732
GOA_SABLE 4 2027 Cabc 24.2176
GOA_SABLE 4 2027 Cofl 25.8934
GOA_SABLE 4 2027 CLCI 27.2045
GOA_SABLE 4 2027 CUCI 33.2428
GOA_SABLE 4 2027 CMedian 29.1294
GOA_SABLE 4 2027 CMean 29.5861
GOA_SABLE 4 2028 Cabc 24.2176
GOA_SABLE 4 2028 Cofl 25.8934
GOA_SABLE 4 2028 CLCI 25.5062
GOA_SABLE 4 2028 CUCI 33.4172
GOA_SABLE 4 2028 CMedian 27.9489
GOA_SABLE 4 2028 CMean 28.6172
GOA_SABLE 4 2029 Cabc 24.2176
GOA_SABLE 4 2029 Cofl 25.8934
GOA_SABLE 4 2029 CLCI 23.8476
GOA_SABLE 4 2029 CUCI 33.0589
GOA_SABLE 4 2029 CMedian 26.9139
GOA_SABLE 4 2029 CMean 27.5813
GOA_SABLE 4 2030 Cabc 24.2176
GOA_SABLE 4 2030 Cofl 25.8934
GOA_SABLE 4 2030 CLCI 22.3401
GOA_SABLE 4 2030 CUCI 32.508
GOA_SABLE 4 2030 CMedian 25.9302
GOA_SABLE 4 2030 CMean 26.5531
GOA_SABLE 4 2031 Cabc 24.2176
GOA_SABLE 4 2031 Cofl 25.8934
GOA_SABLE 4 2031 CLCI 21.0252
GOA_SABLE 4 2031 CUCI 31.9362
GOA_SABLE 4 2031 CMedian 25.0046
GOA_SABLE 4 2031 CMean 25.6096
GOA_SABLE 4 2032 Cabc 24.2176
GOA_SABLE 4 2032 Cofl 25.8934
GOA_SABLE 4 2032 CLCI 19.869
GOA_SABLE 4 2032 CUCI 31.4446
GOA_SABLE 4 2032 CMedian 24.2402
GOA_SABLE 4 2032 CMean 24.7817
GOA_SABLE 4 2033 Cabc 24.2176
GOA_SABLE 4 2033 Cofl 25.8934
GOA_SABLE 4 2033 CLCI 18.8655
GOA_SABLE 4 2033 CUCI 31.2001
GOA_SABLE 4 2033 CMedian 23.4241
GOA_SABLE 4 2033 CMean 24.0479
GOA_SABLE 4 2034 Cabc 24.2176
GOA_SABLE 4 2034 Cofl 25.8934
GOA_SABLE 4 2034 CLCI 18.099
GOA_SABLE 4 2034 CUCI 30.4016
GOA_SABLE 4 2034 CMedian 22.666
GOA_SABLE 4 2034 CMean 23.3899
GOA_SABLE 4 2035 Cabc 24.2176
GOA_SABLE 4 2035 Cofl 25.8934
GOA_SABLE 4 2035 CLCI 17.2784
GOA_SABLE 4 2035 CUCI 30.0042
GOA_SABLE 4 2035 CMedian 21.9589
GOA_SABLE 4 2035 CMean 22.8039
GOA_SABLE 4 2036 Cabc 24.2176
GOA_SABLE 4 2036 Cofl 25.8934
GOA_SABLE 4 2036 CLCI 16.7605
GOA_SABLE 4 2036 CUCI 29.9368
GOA_SABLE 4 2036 CMedian 21.4875
GOA_SABLE 4 2036 CMean 22.2992
GOA_SABLE 4 2023 SSBF100 299.901
GOA_SABLE 4 2023 SSBFabc 119.96
GOA_SABLE 4 2023 SSBFofl 104.965
GOA_SABLE 4 2023 SSBLCI 156.651
GOA_SABLE 4 2023 SSBUCI 156.651
GOA_SABLE 4 2023 SSBMedian 156.651
GOA_SABLE 4 2023 SSBMean 156.651
GOA_SABLE 4 2024 SSBF100 299.901
GOA_SABLE 4 2024 SSBFabc 119.96
GOA_SABLE 4 2024 SSBFofl 104.965
GOA_SABLE 4 2024 SSBLCI 184.806
GOA_SABLE 4 2024 SSBUCI 185.709
GOA_SABLE 4 2024 SSBMedian 184.972
GOA_SABLE 4 2024 SSBMean 185.079
GOA_SABLE 4 2025 SSBF100 299.901
GOA_SABLE 4 2025 SSBFabc 119.96
GOA_SABLE 4 2025 SSBFofl 104.965
GOA_SABLE 4 2025 SSBLCI 208.571
GOA_SABLE 4 2025 SSBUCI 211.266
GOA_SABLE 4 2025 SSBMedian 209.254
GOA_SABLE 4 2025 SSBMean 209.5
GOA_SABLE 4 2026 SSBF100 299.901
GOA_SABLE 4 2026 SSBFabc 119.96
GOA_SABLE 4 2026 SSBFofl 104.965
GOA_SABLE 4 2026 SSBLCI 225.718
GOA_SABLE 4 2026 SSBUCI 232.226
GOA_SABLE 4 2026 SSBMedian 227.504
GOA_SABLE 4 2026 SSBMean 228.076
GOA_SABLE 4 2027 SSBF100 299.901
GOA_SABLE 4 2027 SSBFabc 119.96
GOA_SABLE 4 2027 SSBFofl 104.965
GOA_SABLE 4 2027 SSBLCI 234.86
GOA_SABLE 4 2027 SSBUCI 246.879
GOA_SABLE 4 2027 SSBMedian 238.304
GOA_SABLE 4 2027 SSBMean 239.265
GOA_SABLE 4 2028 SSBF100 299.901
GOA_SABLE 4 2028 SSBFabc 119.96
GOA_SABLE 4 2028 SSBFofl 104.965
GOA_SABLE 4 2028 SSBLCI 235.558
GOA_SABLE 4 2028 SSBUCI 256.4
GOA_SABLE 4 2028 SSBMedian 241.37
GOA_SABLE 4 2028 SSBMean 243.212
GOA_SABLE 4 2029 SSBF100 299.901
GOA_SABLE 4 2029 SSBFabc 119.96
GOA_SABLE 4 2029 SSBFofl 104.965
GOA_SABLE 4 2029 SSBLCI 229.075
GOA_SABLE 4 2029 SSBUCI 261.461
GOA_SABLE 4 2029 SSBMedian 238.54
GOA_SABLE 4 2029 SSBMean 241.46
GOA_SABLE 4 2030 SSBF100 299.901
GOA_SABLE 4 2030 SSBFabc 119.96
GOA_SABLE 4 2030 SSBFofl 104.965
GOA_SABLE 4 2030 SSBLCI 218.262
GOA_SABLE 4 2030 SSBUCI 264.874
GOA_SABLE 4 2030 SSBMedian 232.113
GOA_SABLE 4 2030 SSBMean 236.171
GOA_SABLE 4 2031 SSBF100 299.901
GOA_SABLE 4 2031 SSBFabc 119.96
GOA_SABLE 4 2031 SSBFofl 104.965
GOA_SABLE 4 2031 SSBLCI 205.366
GOA_SABLE 4 2031 SSBUCI 265.535
GOA_SABLE 4 2031 SSBMedian 223.884
GOA_SABLE 4 2031 SSBMean 229.205
GOA_SABLE 4 2032 SSBF100 299.901
GOA_SABLE 4 2032 SSBFabc 119.96
GOA_SABLE 4 2032 SSBFofl 104.965
GOA_SABLE 4 2032 SSBLCI 193.081
GOA_SABLE 4 2032 SSBUCI 264.49
GOA_SABLE 4 2032 SSBMedian 216.647
GOA_SABLE 4 2032 SSBMean 221.75
GOA_SABLE 4 2033 SSBF100 299.901
GOA_SABLE 4 2033 SSBFabc 119.96
GOA_SABLE 4 2033 SSBFofl 104.965
GOA_SABLE 4 2033 SSBLCI 182.149
GOA_SABLE 4 2033 SSBUCI 260.395
GOA_SABLE 4 2033 SSBMedian 210.42
GOA_SABLE 4 2033 SSBMean 214.46
GOA_SABLE 4 2034 SSBF100 299.901
GOA_SABLE 4 2034 SSBFabc 119.96
GOA_SABLE 4 2034 SSBFofl 104.965
GOA_SABLE 4 2034 SSBLCI 171.958
GOA_SABLE 4 2034 SSBUCI 256.713
GOA_SABLE 4 2034 SSBMedian 203.444
GOA_SABLE 4 2034 SSBMean 207.69
GOA_SABLE 4 2035 SSBF100 299.901
GOA_SABLE 4 2035 SSBFabc 119.96
GOA_SABLE 4 2035 SSBFofl 104.965
GOA_SABLE 4 2035 SSBLCI 163.363
GOA_SABLE 4 2035 SSBUCI 250.849
GOA_SABLE 4 2035 SSBMedian 197.216
GOA_SABLE 4 2035 SSBMean 201.604
GOA_SABLE 4 2036 SSBF100 299.901
GOA_SABLE 4 2036 SSBFabc 119.96
GOA_SABLE 4 2036 SSBFofl 104.965
GOA_SABLE 4 2036 SSBLCI 156.6
GOA_SABLE 4 2036 SSBUCI 248.378
GOA_SABLE 4 2036 SSBMedian 192.577
GOA_SABLE 4 2036 SSBMean 196.237
GOA_SABLE 4 2023 F0 0 
GOA_SABLE 4 2023 Fabc 0.0860583
GOA_SABLE 4 2023 Fofl 0.101302
GOA_SABLE 4 2023  F_LCI 0.0506596
GOA_SABLE 4 2023  F_UCI 0.0506596
GOA_SABLE 4 2023  F_Median 0.0506596
GOA_SABLE 4 2023  F_Mean 0.0506596
GOA_SABLE 4 2024 F0 0 
GOA_SABLE 4 2024 Fabc 0.0860583
GOA_SABLE 4 2024 Fofl 0.101302
GOA_SABLE 4 2024  F_LCI 0.0552551
GOA_SABLE 4 2024  F_UCI 0.0569566
GOA_SABLE 4 2024  F_Median 0.0566486
GOA_SABLE 4 2024  F_Mean 0.0564671
GOA_SABLE 4 2025 F0 0 
GOA_SABLE 4 2025 Fabc 0.0860583
GOA_SABLE 4 2025 Fofl 0.101302
GOA_SABLE 4 2025  F_LCI 0.0521064
GOA_SABLE 4 2025  F_UCI 0.0566012
GOA_SABLE 4 2025  F_Median 0.0553686
GOA_SABLE 4 2025  F_Mean 0.0550227
GOA_SABLE 4 2026 F0 0 
GOA_SABLE 4 2026 Fabc 0.0860583
GOA_SABLE 4 2026 Fofl 0.101302
GOA_SABLE 4 2026  F_LCI 0.0549517
GOA_SABLE 4 2026  F_UCI 0.0549517
GOA_SABLE 4 2026  F_Median 0.0549517
GOA_SABLE 4 2026  F_Mean 0.0549517
GOA_SABLE 4 2027 F0 0 
GOA_SABLE 4 2027 Fabc 0.0860583
GOA_SABLE 4 2027 Fofl 0.101302
GOA_SABLE 4 2027  F_LCI 0.0549517
GOA_SABLE 4 2027  F_UCI 0.0549517
GOA_SABLE 4 2027  F_Median 0.0549517
GOA_SABLE 4 2027  F_Mean 0.0549517
GOA_SABLE 4 2028 F0 0 
GOA_SABLE 4 2028 Fabc 0.0860583
GOA_SABLE 4 2028 Fofl 0.101302
GOA_SABLE 4 2028  F_LCI 0.0549517
GOA_SABLE 4 2028  F_UCI 0.0549517
GOA_SABLE 4 2028  F_Median 0.0549517
GOA_SABLE 4 2028  F_Mean 0.0549517
GOA_SABLE 4 2029 F0 0 
GOA_SABLE 4 2029 Fabc 0.0860583
GOA_SABLE 4 2029 Fofl 0.101302
GOA_SABLE 4 2029  F_LCI 0.0549517
GOA_SABLE 4 2029  F_UCI 0.0549517
GOA_SABLE 4 2029  F_Median 0.0549517
GOA_SABLE 4 2029  F_Mean 0.0549517
GOA_SABLE 4 2030 F0 0 
GOA_SABLE 4 2030 Fabc 0.0860583
GOA_SABLE 4 2030 Fofl 0.101302
GOA_SABLE 4 2030  F_LCI 0.0549517
GOA_SABLE 4 2030  F_UCI 0.0549517
GOA_SABLE 4 2030  F_Median 0.0549517
GOA_SABLE 4 2030  F_Mean 0.0549517
GOA_SABLE 4 2031 F0 0 
GOA_SABLE 4 2031 Fabc 0.0860583
GOA_SABLE 4 2031 Fofl 0.101302
GOA_SABLE 4 2031  F_LCI 0.0549517
GOA_SABLE 4 2031  F_UCI 0.0549517
GOA_SABLE 4 2031  F_Median 0.0549517
GOA_SABLE 4 2031  F_Mean 0.0549517
GOA_SABLE 4 2032 F0 0 
GOA_SABLE 4 2032 Fabc 0.0860583
GOA_SABLE 4 2032 Fofl 0.101302
GOA_SABLE 4 2032  F_LCI 0.0549517
GOA_SABLE 4 2032  F_UCI 0.0549517
GOA_SABLE 4 2032  F_Median 0.0549517
GOA_SABLE 4 2032  F_Mean 0.0549517
GOA_SABLE 4 2033 F0 0 
GOA_SABLE 4 2033 Fabc 0.0860583
GOA_SABLE 4 2033 Fofl 0.101302
GOA_SABLE 4 2033  F_LCI 0.0549517
GOA_SABLE 4 2033  F_UCI 0.0549517
GOA_SABLE 4 2033  F_Median 0.0549517
GOA_SABLE 4 2033  F_Mean 0.0549517
GOA_SABLE 4 2034 F0 0 
GOA_SABLE 4 2034 Fabc 0.0860583
GOA_SABLE 4 2034 Fofl 0.101302
GOA_SABLE 4 2034  F_LCI 0.0549517
GOA_SABLE 4 2034  F_UCI 0.0549517
GOA_SABLE 4 2034  F_Median 0.0549517
GOA_SABLE 4 2034  F_Mean 0.0549517
GOA_SABLE 4 2035 F0 0 
GOA_SABLE 4 2035 Fabc 0.0860583
GOA_SABLE 4 2035 Fofl 0.101302
GOA_SABLE 4 2035  F_LCI 0.0549517
GOA_SABLE 4 2035  F_UCI 0.0549517
GOA_SABLE 4 2035  F_Median 0.0549517
GOA_SABLE 4 2035  F_Mean 0.0549517
GOA_SABLE 4 2036 F0 0 
GOA_SABLE 4 2036 Fabc 0.0860583
GOA_SABLE 4 2036 Fofl 0.101302
GOA_SABLE 4 2036  F_LCI 0.0549517
GOA_SABLE 4 2036  F_UCI 0.0549517
GOA_SABLE 4 2036  F_Median 0.0549517
GOA_SABLE 4 2036  F_Mean 0.0549517
GOA_SABLE 5 2023 Cabc 24.2176
GOA_SABLE 5 2023 Cofl 25.8934
GOA_SABLE 5 2023 CLCI 27.16
GOA_SABLE 5 2023 CUCI 27.16
GOA_SABLE 5 2023 CMedian 27.16
GOA_SABLE 5 2023 CMean 27.16
GOA_SABLE 5 2024 Cabc 24.2176
GOA_SABLE 5 2024 Cofl 25.8934
GOA_SABLE 5 2024 CLCI 31.4847
GOA_SABLE 5 2024 CUCI 31.4847
GOA_SABLE 5 2024 CMedian 31.4847
GOA_SABLE 5 2024 CMean 31.4847
GOA_SABLE 5 2025 Cabc 24.2176
GOA_SABLE 5 2025 Cofl 25.8934
GOA_SABLE 5 2025 CLCI 30.8158
GOA_SABLE 5 2025 CUCI 30.8158
GOA_SABLE 5 2025 CMedian 30.8158
GOA_SABLE 5 2025 CMean 30.8158
GOA_SABLE 5 2026 Cabc 24.2176
GOA_SABLE 5 2026 Cofl 25.8934
GOA_SABLE 5 2026 CLCI 0
GOA_SABLE 5 2026 CUCI 0
GOA_SABLE 5 2026 CMedian 0
GOA_SABLE 5 2026 CMean 0
GOA_SABLE 5 2027 Cabc 24.2176
GOA_SABLE 5 2027 Cofl 25.8934
GOA_SABLE 5 2027 CLCI 0
GOA_SABLE 5 2027 CUCI 0
GOA_SABLE 5 2027 CMedian 0
GOA_SABLE 5 2027 CMean 0
GOA_SABLE 5 2028 Cabc 24.2176
GOA_SABLE 5 2028 Cofl 25.8934
GOA_SABLE 5 2028 CLCI 0
GOA_SABLE 5 2028 CUCI 0
GOA_SABLE 5 2028 CMedian 0
GOA_SABLE 5 2028 CMean 0
GOA_SABLE 5 2029 Cabc 24.2176
GOA_SABLE 5 2029 Cofl 25.8934
GOA_SABLE 5 2029 CLCI 0
GOA_SABLE 5 2029 CUCI 0
GOA_SABLE 5 2029 CMedian 0
GOA_SABLE 5 2029 CMean 0
GOA_SABLE 5 2030 Cabc 24.2176
GOA_SABLE 5 2030 Cofl 25.8934
GOA_SABLE 5 2030 CLCI 0
GOA_SABLE 5 2030 CUCI 0
GOA_SABLE 5 2030 CMedian 0
GOA_SABLE 5 2030 CMean 0
GOA_SABLE 5 2031 Cabc 24.2176
GOA_SABLE 5 2031 Cofl 25.8934
GOA_SABLE 5 2031 CLCI 0
GOA_SABLE 5 2031 CUCI 0
GOA_SABLE 5 2031 CMedian 0
GOA_SABLE 5 2031 CMean 0
GOA_SABLE 5 2032 Cabc 24.2176
GOA_SABLE 5 2032 Cofl 25.8934
GOA_SABLE 5 2032 CLCI 0
GOA_SABLE 5 2032 CUCI 0
GOA_SABLE 5 2032 CMedian 0
GOA_SABLE 5 2032 CMean 0
GOA_SABLE 5 2033 Cabc 24.2176
GOA_SABLE 5 2033 Cofl 25.8934
GOA_SABLE 5 2033 CLCI 0
GOA_SABLE 5 2033 CUCI 0
GOA_SABLE 5 2033 CMedian 0
GOA_SABLE 5 2033 CMean 0
GOA_SABLE 5 2034 Cabc 24.2176
GOA_SABLE 5 2034 Cofl 25.8934
GOA_SABLE 5 2034 CLCI 0
GOA_SABLE 5 2034 CUCI 0
GOA_SABLE 5 2034 CMedian 0
GOA_SABLE 5 2034 CMean 0
GOA_SABLE 5 2035 Cabc 24.2176
GOA_SABLE 5 2035 Cofl 25.8934
GOA_SABLE 5 2035 CLCI 0
GOA_SABLE 5 2035 CUCI 0
GOA_SABLE 5 2035 CMedian 0
GOA_SABLE 5 2035 CMean 0
GOA_SABLE 5 2036 Cabc 24.2176
GOA_SABLE 5 2036 Cofl 25.8934
GOA_SABLE 5 2036 CLCI 0
GOA_SABLE 5 2036 CUCI 0
GOA_SABLE 5 2036 CMedian 0
GOA_SABLE 5 2036 CMean 0
GOA_SABLE 5 2023 SSBF100 299.901
GOA_SABLE 5 2023 SSBFabc 119.96
GOA_SABLE 5 2023 SSBFofl 104.965
GOA_SABLE 5 2023 SSBLCI 156.651
GOA_SABLE 5 2023 SSBUCI 156.651
GOA_SABLE 5 2023 SSBMedian 156.651
GOA_SABLE 5 2023 SSBMean 156.651
GOA_SABLE 5 2024 SSBF100 299.901
GOA_SABLE 5 2024 SSBFabc 119.96
GOA_SABLE 5 2024 SSBFofl 104.965
GOA_SABLE 5 2024 SSBLCI 184.806
GOA_SABLE 5 2024 SSBUCI 185.709
GOA_SABLE 5 2024 SSBMedian 184.972
GOA_SABLE 5 2024 SSBMean 185.079
GOA_SABLE 5 2025 SSBF100 299.901
GOA_SABLE 5 2025 SSBFabc 119.96
GOA_SABLE 5 2025 SSBFofl 104.965
GOA_SABLE 5 2025 SSBLCI 208.571
GOA_SABLE 5 2025 SSBUCI 211.266
GOA_SABLE 5 2025 SSBMedian 209.254
GOA_SABLE 5 2025 SSBMean 209.5
GOA_SABLE 5 2026 SSBF100 299.901
GOA_SABLE 5 2026 SSBFabc 119.96
GOA_SABLE 5 2026 SSBFofl 104.965
GOA_SABLE 5 2026 SSBLCI 225.718
GOA_SABLE 5 2026 SSBUCI 232.226
GOA_SABLE 5 2026 SSBMedian 227.504
GOA_SABLE 5 2026 SSBMean 228.076
GOA_SABLE 5 2027 SSBF100 299.901
GOA_SABLE 5 2027 SSBFabc 119.96
GOA_SABLE 5 2027 SSBFofl 104.965
GOA_SABLE 5 2027 SSBLCI 247.671
GOA_SABLE 5 2027 SSBUCI 260.228
GOA_SABLE 5 2027 SSBMedian 251.284
GOA_SABLE 5 2027 SSBMean 252.287
GOA_SABLE 5 2028 SSBF100 299.901
GOA_SABLE 5 2028 SSBFabc 119.96
GOA_SABLE 5 2028 SSBFofl 104.965
GOA_SABLE 5 2028 SSBLCI 261.763
GOA_SABLE 5 2028 SSBUCI 284.952
GOA_SABLE 5 2028 SSBMedian 268.331
GOA_SABLE 5 2028 SSBMean 270.257
GOA_SABLE 5 2029 SSBF100 299.901
GOA_SABLE 5 2029 SSBFabc 119.96
GOA_SABLE 5 2029 SSBFofl 104.965
GOA_SABLE 5 2029 SSBLCI 268.366
GOA_SABLE 5 2029 SSBUCI 305.932
GOA_SABLE 5 2029 SSBMedian 279.048
GOA_SABLE 5 2029 SSBMean 282.436
GOA_SABLE 5 2030 SSBF100 299.901
GOA_SABLE 5 2030 SSBFabc 119.96
GOA_SABLE 5 2030 SSBFofl 104.965
GOA_SABLE 5 2030 SSBLCI 268.931
GOA_SABLE 5 2030 SSBUCI 324.937
GOA_SABLE 5 2030 SSBMedian 285.422
GOA_SABLE 5 2030 SSBMean 290.261
GOA_SABLE 5 2031 SSBF100 299.901
GOA_SABLE 5 2031 SSBFabc 119.96
GOA_SABLE 5 2031 SSBFofl 104.965
GOA_SABLE 5 2031 SSBLCI 265.74
GOA_SABLE 5 2031 SSBUCI 341.774
GOA_SABLE 5 2031 SSBMedian 288.813
GOA_SABLE 5 2031 SSBMean 295.226
GOA_SABLE 5 2032 SSBF100 299.901
GOA_SABLE 5 2032 SSBFabc 119.96
GOA_SABLE 5 2032 SSBFofl 104.965
GOA_SABLE 5 2032 SSBLCI 260.749
GOA_SABLE 5 2032 SSBUCI 353.364
GOA_SABLE 5 2032 SSBMedian 291.458
GOA_SABLE 5 2032 SSBMean 298.378
GOA_SABLE 5 2033 SSBF100 299.901
GOA_SABLE 5 2033 SSBFabc 119.96
GOA_SABLE 5 2033 SSBFofl 104.965
GOA_SABLE 5 2033 SSBLCI 256.572
GOA_SABLE 5 2033 SSBUCI 361.27
GOA_SABLE 5 2033 SSBMedian 293.404
GOA_SABLE 5 2033 SSBMean 300.361
GOA_SABLE 5 2034 SSBF100 299.901
GOA_SABLE 5 2034 SSBFabc 119.96
GOA_SABLE 5 2034 SSBFofl 104.965
GOA_SABLE 5 2034 SSBLCI 252.269
GOA_SABLE 5 2034 SSBUCI 369.48
GOA_SABLE 5 2034 SSBMedian 296.242
GOA_SABLE 5 2034 SSBMean 301.603
GOA_SABLE 5 2035 SSBF100 299.901
GOA_SABLE 5 2035 SSBFabc 119.96
GOA_SABLE 5 2035 SSBFofl 104.965
GOA_SABLE 5 2035 SSBLCI 248.525
GOA_SABLE 5 2035 SSBUCI 376.829
GOA_SABLE 5 2035 SSBMedian 295.747
GOA_SABLE 5 2035 SSBMean 302.397
GOA_SABLE 5 2036 SSBF100 299.901
GOA_SABLE 5 2036 SSBFabc 119.96
GOA_SABLE 5 2036 SSBFofl 104.965
GOA_SABLE 5 2036 SSBLCI 244.761
GOA_SABLE 5 2036 SSBUCI 377.944
GOA_SABLE 5 2036 SSBMedian 297.022
GOA_SABLE 5 2036 SSBMean 302.923
GOA_SABLE 5 2023 F0 0 
GOA_SABLE 5 2023 Fabc 0.0860583
GOA_SABLE 5 2023 Fofl 0.101302
GOA_SABLE 5 2023  F_LCI 0.0506596
GOA_SABLE 5 2023  F_UCI 0.0506596
GOA_SABLE 5 2023  F_Median 0.0506596
GOA_SABLE 5 2023  F_Mean 0.0506596
GOA_SABLE 5 2024 F0 0 
GOA_SABLE 5 2024 Fabc 0.0860583
GOA_SABLE 5 2024 Fofl 0.101302
GOA_SABLE 5 2024  F_LCI 0.0552551
GOA_SABLE 5 2024  F_UCI 0.0569566
GOA_SABLE 5 2024  F_Median 0.0566486
GOA_SABLE 5 2024  F_Mean 0.0564671
GOA_SABLE 5 2025 F0 0 
GOA_SABLE 5 2025 Fabc 0.0860583
GOA_SABLE 5 2025 Fofl 0.101302
GOA_SABLE 5 2025  F_LCI 0.0521064
GOA_SABLE 5 2025  F_UCI 0.0566012
GOA_SABLE 5 2025  F_Median 0.0553686
GOA_SABLE 5 2025  F_Mean 0.0550227
GOA_SABLE 5 2026 F0 0 
GOA_SABLE 5 2026 Fabc 0.0860583
GOA_SABLE 5 2026 Fofl 0.101302
GOA_SABLE 5 2026  F_LCI 0
GOA_SABLE 5 2026  F_UCI 0
GOA_SABLE 5 2026  F_Median 0
GOA_SABLE 5 2026  F_Mean 0
GOA_SABLE 5 2027 F0 0 
GOA_SABLE 5 2027 Fabc 0.0860583
GOA_SABLE 5 2027 Fofl 0.101302
GOA_SABLE 5 2027  F_LCI 0
GOA_SABLE 5 2027  F_UCI 0
GOA_SABLE 5 2027  F_Median 0
GOA_SABLE 5 2027  F_Mean 0
GOA_SABLE 5 2028 F0 0 
GOA_SABLE 5 2028 Fabc 0.0860583
GOA_SABLE 5 2028 Fofl 0.101302
GOA_SABLE 5 2028  F_LCI 0
GOA_SABLE 5 2028  F_UCI 0
GOA_SABLE 5 2028  F_Median 0
GOA_SABLE 5 2028  F_Mean 0
GOA_SABLE 5 2029 F0 0 
GOA_SABLE 5 2029 Fabc 0.0860583
GOA_SABLE 5 2029 Fofl 0.101302
GOA_SABLE 5 2029  F_LCI 0
GOA_SABLE 5 2029  F_UCI 0
GOA_SABLE 5 2029  F_Median 0
GOA_SABLE 5 2029  F_Mean 0
GOA_SABLE 5 2030 F0 0 
GOA_SABLE 5 2030 Fabc 0.0860583
GOA_SABLE 5 2030 Fofl 0.101302
GOA_SABLE 5 2030  F_LCI 0
GOA_SABLE 5 2030  F_UCI 0
GOA_SABLE 5 2030  F_Median 0
GOA_SABLE 5 2030  F_Mean 0
GOA_SABLE 5 2031 F0 0 
GOA_SABLE 5 2031 Fabc 0.0860583
GOA_SABLE 5 2031 Fofl 0.101302
GOA_SABLE 5 2031  F_LCI 0
GOA_SABLE 5 2031  F_UCI 0
GOA_SABLE 5 2031  F_Median 0
GOA_SABLE 5 2031  F_Mean 0
GOA_SABLE 5 2032 F0 0 
GOA_SABLE 5 2032 Fabc 0.0860583
GOA_SABLE 5 2032 Fofl 0.101302
GOA_SABLE 5 2032  F_LCI 0
GOA_SABLE 5 2032  F_UCI 0
GOA_SABLE 5 2032  F_Median 0
GOA_SABLE 5 2032  F_Mean 0
GOA_SABLE 5 2033 F0 0 
GOA_SABLE 5 2033 Fabc 0.0860583
GOA_SABLE 5 2033 Fofl 0.101302
GOA_SABLE 5 2033  F_LCI 0
GOA_SABLE 5 2033  F_UCI 0
GOA_SABLE 5 2033  F_Median 0
GOA_SABLE 5 2033  F_Mean 0
GOA_SABLE 5 2034 F0 0 
GOA_SABLE 5 2034 Fabc 0.0860583
GOA_SABLE 5 2034 Fofl 0.101302
GOA_SABLE 5 2034  F_LCI 0
GOA_SABLE 5 2034  F_UCI 0
GOA_SABLE 5 2034  F_Median 0
GOA_SABLE 5 2034  F_Mean 0
GOA_SABLE 5 2035 F0 0 
GOA_SABLE 5 2035 Fabc 0.0860583
GOA_SABLE 5 2035 Fofl 0.101302
GOA_SABLE 5 2035  F_LCI 0
GOA_SABLE 5 2035  F_UCI 0
GOA_SABLE 5 2035  F_Median 0
GOA_SABLE 5 2035  F_Mean 0
GOA_SABLE 5 2036 F0 0 
GOA_SABLE 5 2036 Fabc 0.0860583
GOA_SABLE 5 2036 Fofl 0.101302
GOA_SABLE 5 2036  F_LCI 0
GOA_SABLE 5 2036  F_UCI 0
GOA_SABLE 5 2036  F_Median 0
GOA_SABLE 5 2036  F_Mean 0
GOA_SABLE 6 2023 Cabc 24.2176
GOA_SABLE 6 2023 Cofl 25.8934
GOA_SABLE 6 2023 CLCI 27.16
GOA_SABLE 6 2023 CUCI 27.16
GOA_SABLE 6 2023 CMedian 27.16
GOA_SABLE 6 2023 CMean 27.16
GOA_SABLE 6 2024 Cabc 24.2176
GOA_SABLE 6 2024 Cofl 25.8934
GOA_SABLE 6 2024 CLCI 54.9052
GOA_SABLE 6 2024 CUCI 56.492
GOA_SABLE 6 2024 CMedian 55.1957
GOA_SABLE 6 2024 CMean 55.3852
GOA_SABLE 6 2025 Cabc 24.2176
GOA_SABLE 6 2025 Cofl 25.8934
GOA_SABLE 6 2025 CLCI 51.9458
GOA_SABLE 6 2025 CUCI 56.3736
GOA_SABLE 6 2025 CMedian 53.0951
GOA_SABLE 6 2025 CMean 53.4894
GOA_SABLE 6 2026 Cabc 24.2176
GOA_SABLE 6 2026 Cofl 25.8934
GOA_SABLE 6 2026 CLCI 47.7526
GOA_SABLE 6 2026 CUCI 55.6073
GOA_SABLE 6 2026 CMedian 50.123
GOA_SABLE 6 2026 CMean 50.735
GOA_SABLE 6 2027 Cabc 24.2176
GOA_SABLE 6 2027 Cofl 25.8934
GOA_SABLE 6 2027 CLCI 43.603
GOA_SABLE 6 2027 CUCI 53.8131
GOA_SABLE 6 2027 CMedian 46.9076
GOA_SABLE 6 2027 CMean 47.6655
GOA_SABLE 6 2028 Cabc 24.2176
GOA_SABLE 6 2028 Cofl 25.8934
GOA_SABLE 6 2028 CLCI 39.4119
GOA_SABLE 6 2028 CUCI 52.5078
GOA_SABLE 6 2028 CMedian 43.4507
GOA_SABLE 6 2028 CMean 44.6181
GOA_SABLE 6 2029 Cabc 24.2176
GOA_SABLE 6 2029 Cofl 25.8934
GOA_SABLE 6 2029 CLCI 35.6045
GOA_SABLE 6 2029 CUCI 50.5833
GOA_SABLE 6 2029 CMedian 40.722
GOA_SABLE 6 2029 CMean 41.7718
GOA_SABLE 6 2030 Cabc 24.2176
GOA_SABLE 6 2030 Cofl 25.8934
GOA_SABLE 6 2030 CLCI 32.3283
GOA_SABLE 6 2030 CUCI 48.6242
GOA_SABLE 6 2030 CMedian 38.3317
GOA_SABLE 6 2030 CMean 39.2162
GOA_SABLE 6 2031 Cabc 24.2176
GOA_SABLE 6 2031 Cofl 25.8934
GOA_SABLE 6 2031 CLCI 29.7476
GOA_SABLE 6 2031 CUCI 47.163
GOA_SABLE 6 2031 CMedian 36.1391
GOA_SABLE 6 2031 CMean 37.0397
GOA_SABLE 6 2032 Cabc 24.2176
GOA_SABLE 6 2032 Cofl 25.8934
GOA_SABLE 6 2032 CLCI 27.5299
GOA_SABLE 6 2032 CUCI 45.3987
GOA_SABLE 6 2032 CMedian 34.4226
GOA_SABLE 6 2032 CMean 35.2455
GOA_SABLE 6 2033 Cabc 24.2176
GOA_SABLE 6 2033 Cofl 25.8934
GOA_SABLE 6 2033 CLCI 25.81
GOA_SABLE 6 2033 CUCI 44.8814
GOA_SABLE 6 2033 CMedian 33.0079
GOA_SABLE 6 2033 CMean 33.7456
GOA_SABLE 6 2034 Cabc 24.2176
GOA_SABLE 6 2034 Cofl 25.8934
GOA_SABLE 6 2034 CLCI 23.9084
GOA_SABLE 6 2034 CUCI 43.6679
GOA_SABLE 6 2034 CMedian 31.2951
GOA_SABLE 6 2034 CMean 32.4091
GOA_SABLE 6 2035 Cabc 24.2176
GOA_SABLE 6 2035 Cofl 25.8934
GOA_SABLE 6 2035 CLCI 21.51
GOA_SABLE 6 2035 CUCI 42.4693
GOA_SABLE 6 2035 CMedian 29.823
GOA_SABLE 6 2035 CMean 31.1105
GOA_SABLE 6 2036 Cabc 24.2176
GOA_SABLE 6 2036 Cofl 25.8934
GOA_SABLE 6 2036 CLCI 19.7683
GOA_SABLE 6 2036 CUCI 42.6757
GOA_SABLE 6 2036 CMedian 29.0138
GOA_SABLE 6 2036 CMean 29.9553
GOA_SABLE 6 2023 SSBF100 299.901
GOA_SABLE 6 2023 SSBFabc 119.96
GOA_SABLE 6 2023 SSBFofl 104.965
GOA_SABLE 6 2023 SSBLCI 156.651
GOA_SABLE 6 2023 SSBUCI 156.651
GOA_SABLE 6 2023 SSBMedian 156.651
GOA_SABLE 6 2023 SSBMean 156.651
GOA_SABLE 6 2024 SSBF100 299.901
GOA_SABLE 6 2024 SSBFabc 119.96
GOA_SABLE 6 2024 SSBFofl 104.965
GOA_SABLE 6 2024 SSBLCI 184.806
GOA_SABLE 6 2024 SSBUCI 185.709
GOA_SABLE 6 2024 SSBMedian 184.972
GOA_SABLE 6 2024 SSBMean 185.079
GOA_SABLE 6 2025 SSBF100 299.901
GOA_SABLE 6 2025 SSBFabc 119.96
GOA_SABLE 6 2025 SSBFofl 104.965
GOA_SABLE 6 2025 SSBLCI 199.818
GOA_SABLE 6 2025 SSBUCI 202.153
GOA_SABLE 6 2025 SSBMedian 200.429
GOA_SABLE 6 2025 SSBMean 200.643
GOA_SABLE 6 2026 SSBF100 299.901
GOA_SABLE 6 2026 SSBFabc 119.96
GOA_SABLE 6 2026 SSBFofl 104.965
GOA_SABLE 6 2026 SSBLCI 207.091
GOA_SABLE 6 2026 SSBUCI 212.223
GOA_SABLE 6 2026 SSBMedian 208.547
GOA_SABLE 6 2026 SSBMean 208.963
GOA_SABLE 6 2027 SSBF100 299.901
GOA_SABLE 6 2027 SSBFabc 119.96
GOA_SABLE 6 2027 SSBFofl 104.965
GOA_SABLE 6 2027 SSBLCI 206.085
GOA_SABLE 6 2027 SSBUCI 216.269
GOA_SABLE 6 2027 SSBMedian 209.069
GOA_SABLE 6 2027 SSBMean 209.876
GOA_SABLE 6 2028 SSBF100 299.901
GOA_SABLE 6 2028 SSBFabc 119.96
GOA_SABLE 6 2028 SSBFofl 104.965
GOA_SABLE 6 2028 SSBLCI 198.066
GOA_SABLE 6 2028 SSBUCI 215.486
GOA_SABLE 6 2028 SSBMedian 203.076
GOA_SABLE 6 2028 SSBMean 204.562
GOA_SABLE 6 2029 SSBF100 299.901
GOA_SABLE 6 2029 SSBFabc 119.96
GOA_SABLE 6 2029 SSBFofl 104.965
GOA_SABLE 6 2029 SSBLCI 184.616
GOA_SABLE 6 2029 SSBUCI 211.654
GOA_SABLE 6 2029 SSBMedian 192.608
GOA_SABLE 6 2029 SSBMean 195.179
GOA_SABLE 6 2030 SSBF100 299.901
GOA_SABLE 6 2030 SSBFabc 119.96
GOA_SABLE 6 2030 SSBFofl 104.965
GOA_SABLE 6 2030 SSBLCI 169.134
GOA_SABLE 6 2030 SSBUCI 208.263
GOA_SABLE 6 2030 SSBMedian 180.632
GOA_SABLE 6 2030 SSBMean 184.019
GOA_SABLE 6 2031 SSBF100 299.901
GOA_SABLE 6 2031 SSBFabc 119.96
GOA_SABLE 6 2031 SSBFofl 104.965
GOA_SABLE 6 2031 SSBLCI 153.52
GOA_SABLE 6 2031 SSBUCI 202.12
GOA_SABLE 6 2031 SSBMedian 168.639
GOA_SABLE 6 2031 SSBMean 172.764
GOA_SABLE 6 2032 SSBF100 299.901
GOA_SABLE 6 2032 SSBFabc 119.96
GOA_SABLE 6 2032 SSBFofl 104.965
GOA_SABLE 6 2032 SSBLCI 139.549
GOA_SABLE 6 2032 SSBUCI 194.027
GOA_SABLE 6 2032 SSBMedian 158.422
GOA_SABLE 6 2032 SSBMean 162.314
GOA_SABLE 6 2033 SSBF100 299.901
GOA_SABLE 6 2033 SSBFabc 119.96
GOA_SABLE 6 2033 SSBFofl 104.965
GOA_SABLE 6 2033 SSBLCI 127.874
GOA_SABLE 6 2033 SSBUCI 187.502
GOA_SABLE 6 2033 SSBMedian 150.198
GOA_SABLE 6 2033 SSBMean 153.037
GOA_SABLE 6 2034 SSBF100 299.901
GOA_SABLE 6 2034 SSBFabc 119.96
GOA_SABLE 6 2034 SSBFofl 104.965
GOA_SABLE 6 2034 SSBLCI 117.856
GOA_SABLE 6 2034 SSBUCI 182.54
GOA_SABLE 6 2034 SSBMedian 141.64
GOA_SABLE 6 2034 SSBMean 145.043
GOA_SABLE 6 2035 SSBF100 299.901
GOA_SABLE 6 2035 SSBFabc 119.96
GOA_SABLE 6 2035 SSBFofl 104.965
GOA_SABLE 6 2035 SSBLCI 109.92
GOA_SABLE 6 2035 SSBUCI 176.422
GOA_SABLE 6 2035 SSBMedian 135.278
GOA_SABLE 6 2035 SSBMean 138.318
GOA_SABLE 6 2036 SSBF100 299.901
GOA_SABLE 6 2036 SSBFabc 119.96
GOA_SABLE 6 2036 SSBFofl 104.965
GOA_SABLE 6 2036 SSBLCI 104.161
GOA_SABLE 6 2036 SSBUCI 173.023
GOA_SABLE 6 2036 SSBMedian 129.569
GOA_SABLE 6 2036 SSBMean 132.794
GOA_SABLE 6 2023 F0 0 
GOA_SABLE 6 2023 Fabc 0.0860583
GOA_SABLE 6 2023 Fofl 0.101302
GOA_SABLE 6 2023  F_LCI 0.0506596
GOA_SABLE 6 2023  F_UCI 0.0506596
GOA_SABLE 6 2023  F_Median 0.0506596
GOA_SABLE 6 2023  F_Mean 0.0506596
GOA_SABLE 6 2024 F0 0 
GOA_SABLE 6 2024 Fabc 0.0860583
GOA_SABLE 6 2024 Fofl 0.101302
GOA_SABLE 6 2024  F_LCI 0.101302
GOA_SABLE 6 2024  F_UCI 0.101302
GOA_SABLE 6 2024  F_Median 0.101302
GOA_SABLE 6 2024  F_Mean 0.101302
GOA_SABLE 6 2025 F0 0 
GOA_SABLE 6 2025 Fabc 0.0860583
GOA_SABLE 6 2025 Fofl 0.101302
GOA_SABLE 6 2025  F_LCI 0.101302
GOA_SABLE 6 2025  F_UCI 0.101302
GOA_SABLE 6 2025  F_Median 0.101302
GOA_SABLE 6 2025  F_Mean 0.101302
GOA_SABLE 6 2026 F0 0 
GOA_SABLE 6 2026 Fabc 0.0860583
GOA_SABLE 6 2026 Fofl 0.101302
GOA_SABLE 6 2026  F_LCI 0.101302
GOA_SABLE 6 2026  F_UCI 0.101302
GOA_SABLE 6 2026  F_Median 0.101302
GOA_SABLE 6 2026  F_Mean 0.101302
GOA_SABLE 6 2027 F0 0 
GOA_SABLE 6 2027 Fabc 0.0860583
GOA_SABLE 6 2027 Fofl 0.101302
GOA_SABLE 6 2027  F_LCI 0.101302
GOA_SABLE 6 2027  F_UCI 0.101302
GOA_SABLE 6 2027  F_Median 0.101302
GOA_SABLE 6 2027  F_Mean 0.101302
GOA_SABLE 6 2028 F0 0 
GOA_SABLE 6 2028 Fabc 0.0860583
GOA_SABLE 6 2028 Fofl 0.101302
GOA_SABLE 6 2028  F_LCI 0.101302
GOA_SABLE 6 2028  F_UCI 0.101302
GOA_SABLE 6 2028  F_Median 0.101302
GOA_SABLE 6 2028  F_Mean 0.101302
GOA_SABLE 6 2029 F0 0 
GOA_SABLE 6 2029 Fabc 0.0860583
GOA_SABLE 6 2029 Fofl 0.101302
GOA_SABLE 6 2029  F_LCI 0.101302
GOA_SABLE 6 2029  F_UCI 0.101302
GOA_SABLE 6 2029  F_Median 0.101302
GOA_SABLE 6 2029  F_Mean 0.101302
GOA_SABLE 6 2030 F0 0 
GOA_SABLE 6 2030 Fabc 0.0860583
GOA_SABLE 6 2030 Fofl 0.101302
GOA_SABLE 6 2030  F_LCI 0.101302
GOA_SABLE 6 2030  F_UCI 0.101302
GOA_SABLE 6 2030  F_Median 0.101302
GOA_SABLE 6 2030  F_Mean 0.101302
GOA_SABLE 6 2031 F0 0 
GOA_SABLE 6 2031 Fabc 0.0860583
GOA_SABLE 6 2031 Fofl 0.101302
GOA_SABLE 6 2031  F_LCI 0.101302
GOA_SABLE 6 2031  F_UCI 0.101302
GOA_SABLE 6 2031  F_Median 0.101302
GOA_SABLE 6 2031  F_Mean 0.101302
GOA_SABLE 6 2032 F0 0 
GOA_SABLE 6 2032 Fabc 0.0860583
GOA_SABLE 6 2032 Fofl 0.101302
GOA_SABLE 6 2032  F_LCI 0.101302
GOA_SABLE 6 2032  F_UCI 0.101302
GOA_SABLE 6 2032  F_Median 0.101302
GOA_SABLE 6 2032  F_Mean 0.101302
GOA_SABLE 6 2033 F0 0 
GOA_SABLE 6 2033 Fabc 0.0860583
GOA_SABLE 6 2033 Fofl 0.101302
GOA_SABLE 6 2033  F_LCI 0.101302
GOA_SABLE 6 2033  F_UCI 0.101302
GOA_SABLE 6 2033  F_Median 0.101302
GOA_SABLE 6 2033  F_Mean 0.101295
GOA_SABLE 6 2034 F0 0 
GOA_SABLE 6 2034 Fabc 0.0860583
GOA_SABLE 6 2034 Fofl 0.101302
GOA_SABLE 6 2034  F_LCI 0.0994319
GOA_SABLE 6 2034  F_UCI 0.101302
GOA_SABLE 6 2034  F_Median 0.101302
GOA_SABLE 6 2034  F_Mean 0.101003
GOA_SABLE 6 2035 F0 0 
GOA_SABLE 6 2035 Fabc 0.0860583
GOA_SABLE 6 2035 Fofl 0.101302
GOA_SABLE 6 2035  F_LCI 0.0923777
GOA_SABLE 6 2035  F_UCI 0.101302
GOA_SABLE 6 2035  F_Median 0.101302
GOA_SABLE 6 2035  F_Mean 0.0999981
GOA_SABLE 6 2036 F0 0 
GOA_SABLE 6 2036 Fabc 0.0860583
GOA_SABLE 6 2036 Fofl 0.101302
GOA_SABLE 6 2036  F_LCI 0.0872584
GOA_SABLE 6 2036  F_UCI 0.101302
GOA_SABLE 6 2036  F_Median 0.101302
GOA_SABLE 6 2036  F_Mean 0.0987033
GOA_SABLE 7 2023 Cabc 24.2176
GOA_SABLE 7 2023 Cofl 25.8934
GOA_SABLE 7 2023 CLCI 27.16
GOA_SABLE 7 2023 CUCI 27.16
GOA_SABLE 7 2023 CMedian 27.16
GOA_SABLE 7 2023 CMean 27.16
GOA_SABLE 7 2024 Cabc 24.2176
GOA_SABLE 7 2024 Cofl 25.8934
GOA_SABLE 7 2024 CLCI 46.9585
GOA_SABLE 7 2024 CUCI 48.3086
GOA_SABLE 7 2024 CMedian 47.2056
GOA_SABLE 7 2024 CMean 47.3669
GOA_SABLE 7 2025 Cabc 24.2176
GOA_SABLE 7 2025 Cofl 25.8934
GOA_SABLE 7 2025 CLCI 45.0414
GOA_SABLE 7 2025 CUCI 48.8297
GOA_SABLE 7 2025 CMedian 46.025
GOA_SABLE 7 2025 CMean 46.3607
GOA_SABLE 7 2026 Cabc 24.2176
GOA_SABLE 7 2026 Cofl 25.8934
GOA_SABLE 7 2026 CLCI 49.0637
GOA_SABLE 7 2026 CUCI 57.008
GOA_SABLE 7 2026 CMedian 51.4455
GOA_SABLE 7 2026 CMean 52.0685
GOA_SABLE 7 2027 Cabc 24.2176
GOA_SABLE 7 2027 Cofl 25.8934
GOA_SABLE 7 2027 CLCI 44.7463
GOA_SABLE 7 2027 CUCI 55.0022
GOA_SABLE 7 2027 CMedian 48.0671
GOA_SABLE 7 2027 CMean 48.8325
GOA_SABLE 7 2028 Cabc 24.2176
GOA_SABLE 7 2028 Cofl 25.8934
GOA_SABLE 7 2028 CLCI 40.3801
GOA_SABLE 7 2028 CUCI 53.5831
GOA_SABLE 7 2028 CMedian 44.4563
GOA_SABLE 7 2028 CMean 45.6183
GOA_SABLE 7 2029 Cabc 24.2176
GOA_SABLE 7 2029 Cofl 25.8934
GOA_SABLE 7 2029 CLCI 36.4282
GOA_SABLE 7 2029 CUCI 51.4733
GOA_SABLE 7 2029 CMedian 41.5519
GOA_SABLE 7 2029 CMean 42.6161
GOA_SABLE 7 2030 Cabc 24.2176
GOA_SABLE 7 2030 Cofl 25.8934
GOA_SABLE 7 2030 CLCI 33.0204
GOA_SABLE 7 2030 CUCI 49.3561
GOA_SABLE 7 2030 CMedian 39.0429
GOA_SABLE 7 2030 CMean 39.9211
GOA_SABLE 7 2031 Cabc 24.2176
GOA_SABLE 7 2031 Cofl 25.8934
GOA_SABLE 7 2031 CLCI 30.3213
GOA_SABLE 7 2031 CUCI 47.843
GOA_SABLE 7 2031 CMedian 36.7294
GOA_SABLE 7 2031 CMean 37.6233
GOA_SABLE 7 2032 Cabc 24.2176
GOA_SABLE 7 2032 Cofl 25.8934
GOA_SABLE 7 2032 CLCI 28.0053
GOA_SABLE 7 2032 CUCI 45.9005
GOA_SABLE 7 2032 CMedian 34.9036
GOA_SABLE 7 2032 CMean 35.7259
GOA_SABLE 7 2033 Cabc 24.2176
GOA_SABLE 7 2033 Cofl 25.8934
GOA_SABLE 7 2033 CLCI 26.1957
GOA_SABLE 7 2033 CUCI 45.2882
GOA_SABLE 7 2033 CMedian 33.3908
GOA_SABLE 7 2033 CMean 34.1407
GOA_SABLE 7 2034 Cabc 24.2176
GOA_SABLE 7 2034 Cofl 25.8934
GOA_SABLE 7 2034 CLCI 24.368
GOA_SABLE 7 2034 CUCI 43.9981
GOA_SABLE 7 2034 CMedian 31.6084
GOA_SABLE 7 2034 CMean 32.7626
GOA_SABLE 7 2035 Cabc 24.2176
GOA_SABLE 7 2035 Cofl 25.8934
GOA_SABLE 7 2035 CLCI 22.0691
GOA_SABLE 7 2035 CUCI 42.7258
GOA_SABLE 7 2035 CMedian 30.09
GOA_SABLE 7 2035 CMean 31.4433
GOA_SABLE 7 2036 Cabc 24.2176
GOA_SABLE 7 2036 Cofl 25.8934
GOA_SABLE 7 2036 CLCI 20.1507
GOA_SABLE 7 2036 CUCI 42.8976
GOA_SABLE 7 2036 CMedian 29.2586
GOA_SABLE 7 2036 CMean 30.2505
GOA_SABLE 7 2023 SSBF100 299.901
GOA_SABLE 7 2023 SSBFabc 119.96
GOA_SABLE 7 2023 SSBFofl 104.965
GOA_SABLE 7 2023 SSBLCI 156.651
GOA_SABLE 7 2023 SSBUCI 156.651
GOA_SABLE 7 2023 SSBMedian 156.651
GOA_SABLE 7 2023 SSBMean 156.651
GOA_SABLE 7 2024 SSBF100 299.901
GOA_SABLE 7 2024 SSBFabc 119.96
GOA_SABLE 7 2024 SSBFofl 104.965
GOA_SABLE 7 2024 SSBLCI 184.806
GOA_SABLE 7 2024 SSBUCI 185.709
GOA_SABLE 7 2024 SSBMedian 184.972
GOA_SABLE 7 2024 SSBMean 185.079
GOA_SABLE 7 2025 SSBF100 299.901
GOA_SABLE 7 2025 SSBFabc 119.96
GOA_SABLE 7 2025 SSBFofl 104.965
GOA_SABLE 7 2025 SSBLCI 202.784
GOA_SABLE 7 2025 SSBUCI 205.127
GOA_SABLE 7 2025 SSBMedian 203.396
GOA_SABLE 7 2025 SSBMean 203.611
GOA_SABLE 7 2026 SSBF100 299.901
GOA_SABLE 7 2026 SSBFabc 119.96
GOA_SABLE 7 2026 SSBFofl 104.965
GOA_SABLE 7 2026 SSBLCI 213.283
GOA_SABLE 7 2026 SSBUCI 218.477
GOA_SABLE 7 2026 SSBMedian 214.752
GOA_SABLE 7 2026 SSBMean 215.17
GOA_SABLE 7 2027 SSBF100 299.901
GOA_SABLE 7 2027 SSBFabc 119.96
GOA_SABLE 7 2027 SSBFofl 104.965
GOA_SABLE 7 2027 SSBLCI 212.2
GOA_SABLE 7 2027 SSBUCI 222.504
GOA_SABLE 7 2027 SSBMedian 215.208
GOA_SABLE 7 2027 SSBMean 216.024
GOA_SABLE 7 2028 SSBF100 299.901
GOA_SABLE 7 2028 SSBFabc 119.96
GOA_SABLE 7 2028 SSBFofl 104.965
GOA_SABLE 7 2028 SSBLCI 203.846
GOA_SABLE 7 2028 SSBUCI 221.466
GOA_SABLE 7 2028 SSBMedian 208.892
GOA_SABLE 7 2028 SSBMean 210.398
GOA_SABLE 7 2029 SSBF100 299.901
GOA_SABLE 7 2029 SSBFabc 119.96
GOA_SABLE 7 2029 SSBFofl 104.965
GOA_SABLE 7 2029 SSBLCI 189.871
GOA_SABLE 7 2029 SSBUCI 217.234
GOA_SABLE 7 2029 SSBMedian 197.899
GOA_SABLE 7 2029 SSBMean 200.513
GOA_SABLE 7 2030 SSBF100 299.901
GOA_SABLE 7 2030 SSBFabc 119.96
GOA_SABLE 7 2030 SSBFofl 104.965
GOA_SABLE 7 2030 SSBLCI 173.813
GOA_SABLE 7 2030 SSBUCI 213.158
GOA_SABLE 7 2030 SSBMedian 185.429
GOA_SABLE 7 2030 SSBMean 188.748
GOA_SABLE 7 2031 SSBF100 299.901
GOA_SABLE 7 2031 SSBFabc 119.96
GOA_SABLE 7 2031 SSBFofl 104.965
GOA_SABLE 7 2031 SSBLCI 157.51
GOA_SABLE 7 2031 SSBUCI 206.389
GOA_SABLE 7 2031 SSBMedian 172.713
GOA_SABLE 7 2031 SSBMean 176.858
GOA_SABLE 7 2032 SSBF100 299.901
GOA_SABLE 7 2032 SSBFabc 119.96
GOA_SABLE 7 2032 SSBFofl 104.965
GOA_SABLE 7 2032 SSBLCI 142.974
GOA_SABLE 7 2032 SSBUCI 197.91
GOA_SABLE 7 2032 SSBMedian 161.844
GOA_SABLE 7 2032 SSBMean 165.801
GOA_SABLE 7 2033 SSBF100 299.901
GOA_SABLE 7 2033 SSBFabc 119.96
GOA_SABLE 7 2033 SSBFofl 104.965
GOA_SABLE 7 2033 SSBLCI 130.764
GOA_SABLE 7 2033 SSBUCI 190.703
GOA_SABLE 7 2033 SSBMedian 153.065
GOA_SABLE 7 2033 SSBMean 155.973
GOA_SABLE 7 2034 SSBF100 299.901
GOA_SABLE 7 2034 SSBFabc 119.96
GOA_SABLE 7 2034 SSBFofl 104.965
GOA_SABLE 7 2034 SSBLCI 120.242
GOA_SABLE 7 2034 SSBUCI 185.265
GOA_SABLE 7 2034 SSBMedian 144.082
GOA_SABLE 7 2034 SSBMean 147.498
GOA_SABLE 7 2035 SSBF100 299.901
GOA_SABLE 7 2035 SSBFabc 119.96
GOA_SABLE 7 2035 SSBFofl 104.965
GOA_SABLE 7 2035 SSBLCI 111.726
GOA_SABLE 7 2035 SSBUCI 178.594
GOA_SABLE 7 2035 SSBMedian 137.317
GOA_SABLE 7 2035 SSBMean 140.347
GOA_SABLE 7 2036 SSBF100 299.901
GOA_SABLE 7 2036 SSBFabc 119.96
GOA_SABLE 7 2036 SSBFofl 104.965
GOA_SABLE 7 2036 SSBLCI 105.597
GOA_SABLE 7 2036 SSBUCI 174.674
GOA_SABLE 7 2036 SSBMedian 131.274
GOA_SABLE 7 2036 SSBMean 134.448
GOA_SABLE 7 2023 F0 0 
GOA_SABLE 7 2023 Fabc 0.0860583
GOA_SABLE 7 2023 Fofl 0.101302
GOA_SABLE 7 2023  F_LCI 0.0506596
GOA_SABLE 7 2023  F_UCI 0.0506596
GOA_SABLE 7 2023  F_Median 0.0506596
GOA_SABLE 7 2023  F_Mean 0.0506596
GOA_SABLE 7 2024 F0 0 
GOA_SABLE 7 2024 Fabc 0.0860583
GOA_SABLE 7 2024 Fofl 0.101302
GOA_SABLE 7 2024  F_LCI 0.0860582
GOA_SABLE 7 2024  F_UCI 0.0860582
GOA_SABLE 7 2024  F_Median 0.0860582
GOA_SABLE 7 2024  F_Mean 0.0860582
GOA_SABLE 7 2025 F0 0 
GOA_SABLE 7 2025 Fabc 0.0860583
GOA_SABLE 7 2025 Fofl 0.101302
GOA_SABLE 7 2025  F_LCI 0.0860582
GOA_SABLE 7 2025  F_UCI 0.0860583
GOA_SABLE 7 2025  F_Median 0.0860582
GOA_SABLE 7 2025  F_Mean 0.0860582
GOA_SABLE 7 2026 F0 0 
GOA_SABLE 7 2026 Fabc 0.0860583
GOA_SABLE 7 2026 Fofl 0.101302
GOA_SABLE 7 2026  F_LCI 0.101302
GOA_SABLE 7 2026  F_UCI 0.101302
GOA_SABLE 7 2026  F_Median 0.101302
GOA_SABLE 7 2026  F_Mean 0.101302
GOA_SABLE 7 2027 F0 0 
GOA_SABLE 7 2027 Fabc 0.0860583
GOA_SABLE 7 2027 Fofl 0.101302
GOA_SABLE 7 2027  F_LCI 0.101302
GOA_SABLE 7 2027  F_UCI 0.101302
GOA_SABLE 7 2027  F_Median 0.101302
GOA_SABLE 7 2027  F_Mean 0.101302
GOA_SABLE 7 2028 F0 0 
GOA_SABLE 7 2028 Fabc 0.0860583
GOA_SABLE 7 2028 Fofl 0.101302
GOA_SABLE 7 2028  F_LCI 0.101302
GOA_SABLE 7 2028  F_UCI 0.101302
GOA_SABLE 7 2028  F_Median 0.101302
GOA_SABLE 7 2028  F_Mean 0.101302
GOA_SABLE 7 2029 F0 0 
GOA_SABLE 7 2029 Fabc 0.0860583
GOA_SABLE 7 2029 Fofl 0.101302
GOA_SABLE 7 2029  F_LCI 0.101302
GOA_SABLE 7 2029  F_UCI 0.101302
GOA_SABLE 7 2029  F_Median 0.101302
GOA_SABLE 7 2029  F_Mean 0.101302
GOA_SABLE 7 2030 F0 0 
GOA_SABLE 7 2030 Fabc 0.0860583
GOA_SABLE 7 2030 Fofl 0.101302
GOA_SABLE 7 2030  F_LCI 0.101302
GOA_SABLE 7 2030  F_UCI 0.101302
GOA_SABLE 7 2030  F_Median 0.101302
GOA_SABLE 7 2030  F_Mean 0.101302
GOA_SABLE 7 2031 F0 0 
GOA_SABLE 7 2031 Fabc 0.0860583
GOA_SABLE 7 2031 Fofl 0.101302
GOA_SABLE 7 2031  F_LCI 0.101302
GOA_SABLE 7 2031  F_UCI 0.101302
GOA_SABLE 7 2031  F_Median 0.101302
GOA_SABLE 7 2031  F_Mean 0.101302
GOA_SABLE 7 2032 F0 0 
GOA_SABLE 7 2032 Fabc 0.0860583
GOA_SABLE 7 2032 Fofl 0.101302
GOA_SABLE 7 2032  F_LCI 0.101302
GOA_SABLE 7 2032  F_UCI 0.101302
GOA_SABLE 7 2032  F_Median 0.101302
GOA_SABLE 7 2032  F_Mean 0.101302
GOA_SABLE 7 2033 F0 0 
GOA_SABLE 7 2033 Fabc 0.0860583
GOA_SABLE 7 2033 Fofl 0.101302
GOA_SABLE 7 2033  F_LCI 0.101302
GOA_SABLE 7 2033  F_UCI 0.101302
GOA_SABLE 7 2033  F_Median 0.101302
GOA_SABLE 7 2033  F_Mean 0.101301
GOA_SABLE 7 2034 F0 0 
GOA_SABLE 7 2034 Fabc 0.0860583
GOA_SABLE 7 2034 Fofl 0.101302
GOA_SABLE 7 2034  F_LCI 0.101302
GOA_SABLE 7 2034  F_UCI 0.101302
GOA_SABLE 7 2034  F_Median 0.101302
GOA_SABLE 7 2034  F_Mean 0.10114
GOA_SABLE 7 2035 F0 0 
GOA_SABLE 7 2035 Fabc 0.0860583
GOA_SABLE 7 2035 Fofl 0.101302
GOA_SABLE 7 2035  F_LCI 0.0939827
GOA_SABLE 7 2035  F_UCI 0.101302
GOA_SABLE 7 2035  F_Median 0.101302
GOA_SABLE 7 2035  F_Mean 0.100315
GOA_SABLE 7 2036 F0 0 
GOA_SABLE 7 2036 Fabc 0.0860583
GOA_SABLE 7 2036 Fofl 0.101302
GOA_SABLE 7 2036  F_LCI 0.0885351
GOA_SABLE 7 2036  F_UCI 0.101302
GOA_SABLE 7 2036  F_Median 0.101302
GOA_SABLE 7 2036  F_Mean 0.099094
