Alternative 1 Catch
     bsai_akp 
Equil_Fabc 25293.4 
Year 
2021 15862 
2022 11253 
2023 18054 
2024 18054 
2025 37559.7 
2026 37727.9 
2027 37700.7 
2028 37257.8 
2029 36352.1 
2030 35108 
2031 33738.7 
2032 32428 
2033 31264.4 
2034 30251.3 

Alternative 1 ABCs
     bsai_akp 

Year 
2021 33028.7 
2022 32797 
2023 34052.8 
2024 35493.7 
2025 37559.7 
2026 37727.9 
2027 37700.7 
2028 37257.8 
2029 36352.1 
2030 35108 
2031 33738.7 
2032 32428 
2033 31264.4 
2034 30251.3 

Alternative 1 TACs
     bsai_akp 

Year 
2021  NA 
2022  NA 
2023  NA 
2024  NA 
2025 37559.7 
2026 37727.9 
2027 37700.7 
2028 37257.8 
2029 36352.1 
2030 35108 
2031 33738.7 
2032 32428 
2033 31264.4 
2034 30251.3 

Alternative 1 Sp_Biomass
     bsai_akp 
Equil_Fabc 114635 
Year 
2021 143363 
2022 143425 
2023 149724 
2024 158087 
2025 166827 
2026 168338 
2027 168434 
2028 166108 
2029 161264 
2030 154914 
2031 148228 
2032 142114 
2033 136955 
2034 132749 

Alternative 1 Fishing Mortality
     bsai_akp 
Equil_Fabc 0.140028 
Year 
2021 0.0651529 
2022 0.0462319 
2023 0.0722739 
2024 0.0693007 
2025 0.140028 
2026 0.140028 
2027 0.140028 
2028 0.140028 
2029 0.140028 
2030 0.140028 
2031 0.140028 
2032 0.140028 
2033 0.139974 
2034 0.139748 

Alternative 1 Biomass
     bsai_akp 

Year 
2021 429307 
2022 443769 
2023 462892 
2024 473125 
2025 481959 
2026 468882 
2027 455985 
2028 441953 
2029 427339 
2030 414010 
2031 401580 
2032 391068 
2033 382227 
2034 374148 

Alternative 1 Implied SPR rate 
     bsai_akp 
Equil_Fabc 0.4 
Year 
2021 0.601753 
2022 0.684042 
2023 0.575221 
2024 0.58604 
2025 0.4 
2026 0.4 
2027 0.4 
2028 0.4 
2029 0.4 
2030 0.4 
2031 0.4 
2032 0.4 
2033 0.400102 
2034 0.400534 

  bsai_akp 
EquilAvgAgeF0  7.79062 
EquilAvgAgeFabc  5.35076 
AvgAgeYr2034 5.67048 
Alternative 2 Catch
     bsai_akp 
Equil_Fabc 25293.4 
Year 
2021 15862 
2022 11253 
2023 18054 
2024 18054 
2025 37559.7 
2026 37727.9 
2027 37700.7 
2028 37257.8 
2029 36352.1 
2030 35108 
2031 33738.7 
2032 32428 
2033 31264.4 
2034 30251.3 

Alternative 2 ABCs
     bsai_akp 

Year 
2021 33028.7 
2022 32797 
2023 34052.8 
2024 35493.7 
2025 37559.7 
2026 37727.9 
2027 37700.7 
2028 37257.8 
2029 36352.1 
2030 35108 
2031 33738.7 
2032 32428 
2033 31264.4 
2034 30251.3 

Alternative 2 TACs
     bsai_akp 

Year 
2021  NA 
2022  NA 
2023  NA 
2024  NA 
2025 37559.7 
2026 37727.9 
2027 37700.7 
2028 37257.8 
2029 36352.1 
2030 35108 
2031 33738.7 
2032 32428 
2033 31264.4 
2034 30251.3 

Alternative 2 Sp_Biomass
     bsai_akp 
Equil_Fabc 114635 
Year 
2021 143363 
2022 143425 
2023 149724 
2024 158087 
2025 166827 
2026 168338 
2027 168434 
2028 166108 
2029 161264 
2030 154914 
2031 148228 
2032 142114 
2033 136955 
2034 132749 

Alternative 2 Fishing Mortality
     bsai_akp 
Equil_Fabc 0.140028 
Year 
2021 0.0651529 
2022 0.0462319 
2023 0.0722739 
2024 0.0693007 
2025 0.140028 
2026 0.140028 
2027 0.140028 
2028 0.140028 
2029 0.140028 
2030 0.140028 
2031 0.140028 
2032 0.140028 
2033 0.139974 
2034 0.139748 

Alternative 2 Biomass
     bsai_akp 

Year 
2021 429307 
2022 443769 
2023 462892 
2024 473125 
2025 481959 
2026 468882 
2027 455985 
2028 441953 
2029 427339 
2030 414010 
2031 401580 
2032 391068 
2033 382227 
2034 374148 

Alternative 2 Implied SPR rate 
     bsai_akp 
Equil_Fabc 0.4 
Year 
2021 0.601753 
2022 0.684042 
2023 0.575221 
2024 0.58604 
2025 0.4 
2026 0.4 
2027 0.4 
2028 0.4 
2029 0.4 
2030 0.4 
2031 0.4 
2032 0.4 
2033 0.400102 
2034 0.400534 

  bsai_akp 
EquilAvgAgeF0  7.79062 
EquilAvgAgeFabc  5.35076 
AvgAgeYr2034 5.67048 
Alternative 3 Catch
     bsai_akp 
Equil_Fabc 25293.4 
Year 
2021 15862 
2022 11253 
2023 18054 
2024 18054 
2025 13341.5 
2026 14339 
2027 15251.8 
2028 15978.1 
2029 16470.3 
2030 16740.2 
2031 16846.1 
2032 16854.1 
2033 16810.8 
2034 16742.7 

Alternative 3 ABCs
     bsai_akp 

Year 
2021 11771.8 
2022 11674.8 
2023 12107.3 
2024 12609.4 
2025 13341.5 
2026 14339 
2027 15251.8 
2028 15978.1 
2029 16470.3 
2030 16740.2 
2031 16846.1 
2032 16854.1 
2033 16810.8 
2034 16742.7 

Alternative 3 TACs
     bsai_akp 

Year 
2021  NA 
2022  NA 
2023  NA 
2024  NA 
2025 13341.5 
2026 14339 
2027 15251.8 
2028 15978.1 
2029 16470.3 
2030 16740.2 
2031 16846.1 
2032 16854.1 
2033 16810.8 
2034 16742.7 

Alternative 3 Sp_Biomass
     bsai_akp 
Equil_Fabc 114635 
Year 
2021 143363 
2022 143425 
2023 149724 
2024 158087 
2025 169978 
2026 183660 
2027 195709 
2028 204687 
2029 210012 
2030 212311 
2031 212588 
2032 211869 
2033 210760 
2034 209530 

Alternative 3 Fishing Mortality
     bsai_akp 
Equil_Fabc 0.140028 
Year 
2021 0.0651529 
2022 0.0462319 
2023 0.0722739 
2024 0.0693007 
2025 0.048 
2026 0.048 
2027 0.048 
2028 0.048 
2029 0.048 
2030 0.048 
2031 0.048 
2032 0.048 
2033 0.048 
2034 0.048 

Alternative 3 Biomass
     bsai_akp 

Year 
2021 429307 
2022 443769 
2023 462892 
2024 473125 
2025 481959 
2026 491672 
2027 499843 
2028 504922 
2029 507180 
2030 508246 
2031 507655 
2032 506603 
2033 505108 
2034 502612 

Alternative 3 Implied SPR rate 
     bsai_akp 
Equil_Fabc 0.4 
Year 
2021 0.601753 
2022 0.684042 
2023 0.575221 
2024 0.58604 
2025 0.675521 
2026 0.675521 
2027 0.675521 
2028 0.675521 
2029 0.675521 
2030 0.675521 
2031 0.675521 
2032 0.675521 
2033 0.675521 
2034 0.675521 

  bsai_akp 
EquilAvgAgeF0  7.79062 
EquilAvgAgeFabc  5.35076 
AvgAgeYr2034 6.75646 
Alternative 4 Catch
     bsai_akp 
Equil_Fabc 25293.4 
Year 
2021 15862 
2022 11253 
2023 18054 
2024 18054 
2025 18110.4 
2026 19212.5 
2027 20188.5 
2028 20908.4 
2029 21317.3 
2030 21443.1 
2031 21372.6 
2032 21198.7 
2033 20984.3 
2034 20762.5 

Alternative 4 ABCs
     bsai_akp 

Year 
2021 15969.2 
2022 15841.4 
2023 16432 
2024 17116.2 
2025 18110.4 
2026 19212.5 
2027 20188.5 
2028 20908.4 
2029 21317.3 
2030 21443.1 
2031 21372.6 
2032 21198.7 
2033 20984.3 
2034 20762.5 

Alternative 4 TACs
     bsai_akp 

Year 
2021  NA 
2022  NA 
2023  NA 
2024  NA 
2025 18110.4 
2026 19212.5 
2027 20188.5 
2028 20908.4 
2029 21317.3 
2030 21443.1 
2031 21372.6 
2032 21198.7 
2033 20984.3 
2034 20762.5 

Alternative 4 Sp_Biomass
     bsai_akp 
Equil_Fabc 114635 
Year 
2021 143363 
2022 143425 
2023 149724 
2024 158087 
2025 169370 
2026 180611 
2027 190120 
2028 196557 
2029 199460 
2030 199563 
2031 197936 
2032 195613 
2033 193184 
2034 190878 

Alternative 4 Fishing Mortality
     bsai_akp 
Equil_Fabc 0.140028 
Year 
2021 0.0651529 
2022 0.0462319 
2023 0.0722739 
2024 0.0693007 
2025 0.0656059 
2026 0.0656059 
2027 0.0656059 
2028 0.0656059 
2029 0.0656059 
2030 0.0656059 
2031 0.0656059 
2032 0.0656059 
2033 0.0656059 
2034 0.0656059 

Alternative 4 Biomass
     bsai_akp 

Year 
2021 429307 
2022 443769 
2023 462892 
2024 473125 
2025 481959 
2026 487185 
2027 490966 
2028 491831 
2029 490145 
2030 487628 
2031 483881 
2032 480108 
2033 476318 
2034 471911 

Alternative 4 Implied SPR rate 
     bsai_akp 
Equil_Fabc 0.4 
Year 
2021 0.601753 
2022 0.684042 
2023 0.575221 
2024 0.58604 
2025 0.6 
2026 0.6 
2027 0.6 
2028 0.6 
2029 0.6 
2030 0.6 
2031 0.6 
2032 0.6 
2033 0.6 
2034 0.6 

  bsai_akp 
EquilAvgAgeF0  7.79062 
EquilAvgAgeFabc  5.35076 
AvgAgeYr2034 6.50974 
Alternative 5 Catch
     bsai_akp 
Equil_Fabc 25293.4 
Year 
2021 15862 
2022 11253 
2023 18054 
2024 18054 
2025  NA 
2026  NA 
2027  NA 
2028  NA 
2029  NA 
2030  NA 
2031  NA 
2032  NA 
2033  NA 
2034  NA 

Alternative 5 ABCs
     bsai_akp 

Year 
2021  NA 
2022  NA 
2023  NA 
2024  NA 
2025  NA 
2026  NA 
2027  NA 
2028  NA 
2029  NA 
2030  NA 
2031  NA 
2032  NA 
2033  NA 
2034  NA 

Alternative 5 TACs
     bsai_akp 

Year 
2021  NA 
2022  NA 
2023  NA 
2024  NA 
2025  NA 
2026  NA 
2027  NA 
2028  NA 
2029  NA 
2030  NA 
2031  NA 
2032  NA 
2033  NA 
2034  NA 

Alternative 5 Sp_Biomass
     bsai_akp 
Equil_Fabc 114635 
Year 
2021 143363 
2022 143425 
2023 149724 
2024 158087 
2025 171647 
2026 192270 
2027 211928 
2028 228908 
2029 242275 
2030 252304 
2031 259728 
2032 265467 
2033 270102 
2034 273938 

Alternative 5 Fishing Mortality
     bsai_akp 
Equil_Fabc 0.140028 
Year 
2021 0.0651529 
2022 0.0462319 
2023 0.0722739 
2024 0.0693007 
2025  NA 
2026  NA 
2027  NA 
2028  NA 
2029  NA 
2030  NA 
2031  NA 
2032  NA 
2033  NA 
2034  NA 

Alternative 5 Biomass
     bsai_akp 

Year 
2021 429307 
2022 443769 
2023 462892 
2024 473125 
2025 481959 
2026 504223 
2027 525311 
2028 543436 
2029 558569 
2030 572011 
2031 583014 
2032 592627 
2033 600785 
2034 606941 

Alternative 5 Implied SPR rate 
     bsai_akp 
Equil_Fabc 0.4 
Year 
2021 0.601753 
2022 0.684042 
2023 0.575221 
2024 0.58604 
2025 1 
2026 1 
2027 1 
2028 1 
2029 1 
2030 1 
2031 1 
2032 1 
2033 1 
2034 1 

  bsai_akp 
EquilAvgAgeF0  7.79062 
EquilAvgAgeFabc  5.35076 
AvgAgeYr2034 7.53531 
Alternative 6 Catch
     bsai_akp 
Equil_Fabc 25293.4 
Year 
2021 15862 
2022 39425.6 
2023 37255.7 
2024 36638.1 
2025 36901.3 
2026 37398.3 
2027 37670.5 
2028 37445.7 
2029 36662.1 
2030 35471.9 
2031 34043 
2032 32479.5 
2033 31063 
2034 29919.8 

Alternative 6 ABCs
     bsai_akp 

Year 
2021 39688.1 
2022 39425.6 
2023 37255.7 
2024 36638.1 
2025 36901.3 
2026 37398.3 
2027 37670.5 
2028 37445.7 
2029 36662.1 
2030 35471.9 
2031 34043 
2032 32479.5 
2033 31063 
2034 29919.8 

Alternative 6 TACs
     bsai_akp 

Year 
2021  NA 
2022 39425.6 
2023 37255.7 
2024 36638.1 
2025 36901.3 
2026 37398.3 
2027 37670.5 
2028 37445.7 
2029 36662.1 
2030 35471.9 
2031 34043 
2032 32479.5 
2033 31063 
2034 29919.8 

Alternative 6 Sp_Biomass
     bsai_akp 
Equil_Fabc 114635 
Year 
2021 143363 
2022 139656 
2023 133480 
2024 133043 
2025 135694 
2026 138246 
2027 139507 
2028 138399 
2029 134801 
2030 129731 
2031 124369 
2032 119632 
2033 115932 
2034 113215 

Alternative 6 Fishing Mortality
     bsai_akp 
Equil_Fabc 0.140028 
Year 
2021 0.0651529 
2022 0.170414 
2023 0.170414 
2024 0.170414 
2025 0.170414 
2026 0.170414 
2027 0.170414 
2028 0.170414 
2029 0.170414 
2030 0.170371 
2031 0.169737 
2032 0.167729 
2033 0.165216 
2034 0.1629 

Alternative 6 Biomass
     bsai_akp 

Year 
2021 429307 
2022 443769 
2023 436843 
2024 430476 
2025 423944 
2026 414298 
2027 404528 
2028 393331 
2029 381292 
2030 370362 
2031 360211 
2032 351934 
2033 345460 
2034 339857 

Alternative 6 Implied SPR rate 
     bsai_akp 
Equil_Fabc 0.4 
Year 
2021 0.601753 
2022 0.35 
2023 0.35 
2024 0.35 
2025 0.35 
2026 0.35 
2027 0.35 
2028 0.35 
2029 0.35 
2030 0.350062 
2031 0.351021 
2032 0.354114 
2033 0.358047 
2034 0.361712 

  bsai_akp 
EquilAvgAgeF0  7.79062 
EquilAvgAgeFabc  5.35076 
AvgAgeYr2034 5.36564 
Alternative 7 Catch
     bsai_akp 
Equil_Fabc 25293.4 
Year 
2021 15862 
2022 32797 
2023 31696.5 
2024 38189.3 
2025 38215.1 
2026 38497.5 
2027 38575.8 
2028 38179.5 
2029 37248.5 
2030 35938.7 
2031 34437.8 
2032 32820.8 
2033 31333.7 
2034 30122 

Alternative 7 ABCs
     bsai_akp 

Year 
2021 39688.1 
2022 39425.6 
2023 38122.2 
2024 38189.3 
2025 38215.1 
2026 38497.5 
2027 38575.8 
2028 38179.5 
2029 37248.5 
2030 35938.7 
2031 34437.8 
2032 32820.8 
2033 31333.7 
2034 30122 

Alternative 7 TACs
     bsai_akp 

Year 
2021  NA 
2022 39425.6 
2023 38122.2 
2024 38189.3 
2025 38215.1 
2026 38497.5 
2027 38575.8 
2028 38179.5 
2029 37248.5 
2030 35938.7 
2031 34437.8 
2032 32820.8 
2033 31333.7 
2034 30122 

Alternative 7 Sp_Biomass
     bsai_akp 
Equil_Fabc 114635 
Year 
2021 143363 
2022 140568 
2023 137435 
2024 138641 
2025 140433 
2026 142192 
2027 142727 
2028 140980 
2029 136838 
2030 131319 
2031 125589 
2032 120545 
2033 116592 
2034 113678 

Alternative 7 Fishing Mortality
     bsai_akp 
Equil_Fabc 0.140028 
Year 
2021 0.0651529 
2022 0.140028 
2023 0.140028 
2024 0.170414 
2025 0.170414 
2026 0.170414 
2027 0.170414 
2028 0.170414 
2029 0.170414 
2030 0.170395 
2031 0.169943 
2032 0.168144 
2033 0.165657 
2034 0.163279 

Alternative 7 Biomass
     bsai_akp 

Year 
2021 429307 
2022 443769 
2023 442974 
2024 441507 
2025 433003 
2026 421653 
2027 410431 
2028 398018 
2029 384979 
2030 373239 
2031 362436 
2032 353616 
2033 346685 
2034 340721 

Alternative 7 Implied SPR rate 
     bsai_akp 
Equil_Fabc 0.4 
Year 
2021 0.601753 
2022 0.4 
2023 0.4 
2024 0.35 
2025 0.35 
2026 0.35 
2027 0.35 
2028 0.35 
2029 0.35 
2030 0.350027 
2031 0.35071 
2032 0.353473 
2033 0.357354 
2034 0.361109 

  bsai_akp 
EquilAvgAgeF0  7.79062 
EquilAvgAgeFabc  5.35076 
AvgAgeYr2034 5.37331 
