bsai_akp 1 2021 Cabc 25293.4
bsai_akp 1 2021 Cofl 26616.5
bsai_akp 1 2021 CLCI 15862
bsai_akp 1 2021 CUCI 15862
bsai_akp 1 2021 CMedian 15862
bsai_akp 1 2021 CMean 15862
bsai_akp 1 2021 CStdn 1.45519e-11
bsai_akp 1 2022 Cabc 25293.4
bsai_akp 1 2022 Cofl 26616.5
bsai_akp 1 2022 CLCI 11253
bsai_akp 1 2022 CUCI 11253
bsai_akp 1 2022 CMedian 11253
bsai_akp 1 2022 CMean 11253
bsai_akp 1 2022 CStdn 0.000104605
bsai_akp 1 2023 Cabc 25293.4
bsai_akp 1 2023 Cofl 26616.5
bsai_akp 1 2023 CLCI 18054
bsai_akp 1 2023 CUCI 18054
bsai_akp 1 2023 CMedian 18054
bsai_akp 1 2023 CMean 18054
bsai_akp 1 2023 CStdn 0.000103571
bsai_akp 1 2024 Cabc 25293.4
bsai_akp 1 2024 Cofl 26616.5
bsai_akp 1 2024 CLCI 18054
bsai_akp 1 2024 CUCI 18054
bsai_akp 1 2024 CMedian 18054
bsai_akp 1 2024 CMean 18054
bsai_akp 1 2024 CStdn 5.18128e-05
bsai_akp 1 2025 Cabc 25293.4
bsai_akp 1 2025 Cofl 26616.5
bsai_akp 1 2025 CLCI 37393.3
bsai_akp 1 2025 CUCI 37770.8
bsai_akp 1 2025 CMedian 37540
bsai_akp 1 2025 CMean 37559.7
bsai_akp 1 2025 CStdn 123.966
bsai_akp 1 2026 Cabc 25293.4
bsai_akp 1 2026 Cofl 26616.5
bsai_akp 1 2026 CLCI 37369.6
bsai_akp 1 2026 CUCI 38180.2
bsai_akp 1 2026 CMedian 37681.3
bsai_akp 1 2026 CMean 37727.9
bsai_akp 1 2026 CStdn 261.226
bsai_akp 1 2027 Cabc 25293.4
bsai_akp 1 2027 Cofl 26616.5
bsai_akp 1 2027 CLCI 37004.9
bsai_akp 1 2027 CUCI 38598.7
bsai_akp 1 2027 CMedian 37608.3
bsai_akp 1 2027 CMean 37700.7
bsai_akp 1 2027 CStdn 507.576
bsai_akp 1 2028 Cabc 25293.4
bsai_akp 1 2028 Cofl 26616.5
bsai_akp 1 2028 CLCI 36074.2
bsai_akp 1 2028 CUCI 38687.2
bsai_akp 1 2028 CMedian 37119
bsai_akp 1 2028 CMean 37257.8
bsai_akp 1 2028 CStdn 865.347
bsai_akp 1 2029 Cabc 25293.4
bsai_akp 1 2029 Cofl 26616.5
bsai_akp 1 2029 CLCI 34595.9
bsai_akp 1 2029 CUCI 38321.8
bsai_akp 1 2029 CMedian 36139.6
bsai_akp 1 2029 CMean 36352.1
bsai_akp 1 2029 CStdn 1275.56
bsai_akp 1 2030 Cabc 25293.4
bsai_akp 1 2030 Cofl 26616.5
bsai_akp 1 2030 CLCI 32667.6
bsai_akp 1 2030 CUCI 37530.6
bsai_akp 1 2030 CMedian 34920.2
bsai_akp 1 2030 CMean 35108
bsai_akp 1 2030 CStdn 1659.93
bsai_akp 1 2031 Cabc 25293.4
bsai_akp 1 2031 Cofl 26616.5
bsai_akp 1 2031 CLCI 30706.4
bsai_akp 1 2031 CUCI 36503.7
bsai_akp 1 2031 CMedian 33553.4
bsai_akp 1 2031 CMean 33738.7
bsai_akp 1 2031 CStdn 1977.68
bsai_akp 1 2032 Cabc 25293.4
bsai_akp 1 2032 Cofl 26616.5
bsai_akp 1 2032 CLCI 28741.9
bsai_akp 1 2032 CUCI 35615.4
bsai_akp 1 2032 CMedian 32260.6
bsai_akp 1 2032 CMean 32428
bsai_akp 1 2032 CStdn 2233.89
bsai_akp 1 2033 Cabc 25293.4
bsai_akp 1 2033 Cofl 26616.5
bsai_akp 1 2033 CLCI 27179.4
bsai_akp 1 2033 CUCI 34894.8
bsai_akp 1 2033 CMedian 31207.5
bsai_akp 1 2033 CMean 31264.4
bsai_akp 1 2033 CStdn 2455.86
bsai_akp 1 2034 Cabc 25293.4
bsai_akp 1 2034 Cofl 26616.5
bsai_akp 1 2034 CLCI 25716.4
bsai_akp 1 2034 CUCI 34080.2
bsai_akp 1 2034 CMedian 30170.3
bsai_akp 1 2034 CMean 30251.3
bsai_akp 1 2034 CStdn 2662.59
bsai_akp 1 2021 SSBF100 286587
bsai_akp 1 2021 SSBFabc 114635
bsai_akp 1 2021 SSBFofl 100306
bsai_akp 1 2021 SSBLCI 143363
bsai_akp 1 2021 SSBUCI 143363
bsai_akp 1 2021 SSBMedian 143363
bsai_akp 1 2021 SSBMean 143363
bsai_akp 1 2022 SSBF100 286587
bsai_akp 1 2022 SSBFabc 114635
bsai_akp 1 2022 SSBFofl 100306
bsai_akp 1 2022 SSBLCI 143424
bsai_akp 1 2022 SSBUCI 143425
bsai_akp 1 2022 SSBMedian 143424
bsai_akp 1 2022 SSBMean 143425
bsai_akp 1 2023 SSBF100 286587
bsai_akp 1 2023 SSBFabc 114635
bsai_akp 1 2023 SSBFofl 100306
bsai_akp 1 2023 SSBLCI 149674
bsai_akp 1 2023 SSBUCI 149792
bsai_akp 1 2023 SSBMedian 149716
bsai_akp 1 2023 SSBMean 149724
bsai_akp 1 2024 SSBF100 286587
bsai_akp 1 2024 SSBFabc 114635
bsai_akp 1 2024 SSBFofl 100306
bsai_akp 1 2024 SSBLCI 157881
bsai_akp 1 2024 SSBUCI 158311
bsai_akp 1 2024 SSBMedian 158053
bsai_akp 1 2024 SSBMean 158087
bsai_akp 1 2025 SSBF100 286587
bsai_akp 1 2025 SSBFabc 114635
bsai_akp 1 2025 SSBFofl 100306
bsai_akp 1 2025 SSBLCI 166252
bsai_akp 1 2025 SSBUCI 167531
bsai_akp 1 2025 SSBMedian 166733
bsai_akp 1 2025 SSBMean 166827
bsai_akp 1 2026 SSBF100 286587
bsai_akp 1 2026 SSBFabc 114635
bsai_akp 1 2026 SSBFofl 100306
bsai_akp 1 2026 SSBLCI 166843
bsai_akp 1 2026 SSBUCI 170255
bsai_akp 1 2026 SSBMedian 168124
bsai_akp 1 2026 SSBMean 168338
bsai_akp 1 2027 SSBF100 286587
bsai_akp 1 2027 SSBFabc 114635
bsai_akp 1 2027 SSBFofl 100306
bsai_akp 1 2027 SSBLCI 165251
bsai_akp 1 2027 SSBUCI 172464
bsai_akp 1 2027 SSBMedian 168018
bsai_akp 1 2027 SSBMean 168434
bsai_akp 1 2028 SSBF100 286587
bsai_akp 1 2028 SSBFabc 114635
bsai_akp 1 2028 SSBFofl 100306
bsai_akp 1 2028 SSBLCI 160440
bsai_akp 1 2028 SSBUCI 173181
bsai_akp 1 2028 SSBMedian 165288
bsai_akp 1 2028 SSBMean 166108
bsai_akp 1 2029 SSBF100 286587
bsai_akp 1 2029 SSBFabc 114635
bsai_akp 1 2029 SSBFofl 100306
bsai_akp 1 2029 SSBLCI 152894
bsai_akp 1 2029 SSBUCI 170950
bsai_akp 1 2029 SSBMedian 160178
bsai_akp 1 2029 SSBMean 161264
bsai_akp 1 2030 SSBF100 286587
bsai_akp 1 2030 SSBFabc 114635
bsai_akp 1 2030 SSBFofl 100306
bsai_akp 1 2030 SSBLCI 143233
bsai_akp 1 2030 SSBUCI 166422
bsai_akp 1 2030 SSBMedian 154098
bsai_akp 1 2030 SSBMean 154914
bsai_akp 1 2031 SSBF100 286587
bsai_akp 1 2031 SSBFabc 114635
bsai_akp 1 2031 SSBFofl 100306
bsai_akp 1 2031 SSBLCI 133708
bsai_akp 1 2031 SSBUCI 161070
bsai_akp 1 2031 SSBMedian 147523
bsai_akp 1 2031 SSBMean 148228
bsai_akp 1 2032 SSBF100 286587
bsai_akp 1 2032 SSBFabc 114635
bsai_akp 1 2032 SSBFofl 100306
bsai_akp 1 2032 SSBLCI 124817
bsai_akp 1 2032 SSBUCI 157494
bsai_akp 1 2032 SSBMedian 141104
bsai_akp 1 2032 SSBMean 142114
bsai_akp 1 2033 SSBF100 286587
bsai_akp 1 2033 SSBFabc 114635
bsai_akp 1 2033 SSBFofl 100306
bsai_akp 1 2033 SSBLCI 117935
bsai_akp 1 2033 SSBUCI 152964
bsai_akp 1 2033 SSBMedian 136650
bsai_akp 1 2033 SSBMean 136955
bsai_akp 1 2034 SSBF100 286587
bsai_akp 1 2034 SSBFabc 114635
bsai_akp 1 2034 SSBFofl 100306
bsai_akp 1 2034 SSBLCI 113298
bsai_akp 1 2034 SSBUCI 150894
bsai_akp 1 2034 SSBMedian 131623
bsai_akp 1 2034 SSBMean 132749
bsai_akp 1 2021 F0 0 
bsai_akp 1 2021 Fabc 0.140028
bsai_akp 1 2021 Fofl 0.170414
bsai_akp 1 2021  F_LCI 0.0651529
bsai_akp 1 2021  F_UCI 0.0651529
bsai_akp 1 2021  F_Median 0.0651529
bsai_akp 1 2021  F_Mean 0.0651529
bsai_akp 1 2022 F0 0 
bsai_akp 1 2022 Fabc 0.140028
bsai_akp 1 2022 Fofl 0.170414
bsai_akp 1 2022  F_LCI 0.0462118
bsai_akp 1 2022  F_UCI 0.0462463
bsai_akp 1 2022  F_Median 0.0462342
bsai_akp 1 2022  F_Mean 0.0462319
bsai_akp 1 2023 F0 0 
bsai_akp 1 2023 Fabc 0.140028
bsai_akp 1 2023 Fofl 0.170414
bsai_akp 1 2023  F_LCI 0.0721877
bsai_akp 1 2023  F_UCI 0.0723358
bsai_akp 1 2023  F_Median 0.0722838
bsai_akp 1 2023  F_Mean 0.0722739
bsai_akp 1 2024 F0 0 
bsai_akp 1 2024 Fabc 0.140028
bsai_akp 1 2024 Fofl 0.170414
bsai_akp 1 2024  F_LCI 0.0691094
bsai_akp 1 2024  F_UCI 0.0694348
bsai_akp 1 2024  F_Median 0.0693148
bsai_akp 1 2024  F_Mean 0.0693007
bsai_akp 1 2025 F0 0 
bsai_akp 1 2025 Fabc 0.140028
bsai_akp 1 2025 Fofl 0.170414
bsai_akp 1 2025  F_LCI 0.140028
bsai_akp 1 2025  F_UCI 0.140028
bsai_akp 1 2025  F_Median 0.140028
bsai_akp 1 2025  F_Mean 0.140028
bsai_akp 1 2026 F0 0 
bsai_akp 1 2026 Fabc 0.140028
bsai_akp 1 2026 Fofl 0.170414
bsai_akp 1 2026  F_LCI 0.140028
bsai_akp 1 2026  F_UCI 0.140028
bsai_akp 1 2026  F_Median 0.140028
bsai_akp 1 2026  F_Mean 0.140028
bsai_akp 1 2027 F0 0 
bsai_akp 1 2027 Fabc 0.140028
bsai_akp 1 2027 Fofl 0.170414
bsai_akp 1 2027  F_LCI 0.140028
bsai_akp 1 2027  F_UCI 0.140028
bsai_akp 1 2027  F_Median 0.140028
bsai_akp 1 2027  F_Mean 0.140028
bsai_akp 1 2028 F0 0 
bsai_akp 1 2028 Fabc 0.140028
bsai_akp 1 2028 Fofl 0.170414
bsai_akp 1 2028  F_LCI 0.140028
bsai_akp 1 2028  F_UCI 0.140028
bsai_akp 1 2028  F_Median 0.140028
bsai_akp 1 2028  F_Mean 0.140028
bsai_akp 1 2029 F0 0 
bsai_akp 1 2029 Fabc 0.140028
bsai_akp 1 2029 Fofl 0.170414
bsai_akp 1 2029  F_LCI 0.140028
bsai_akp 1 2029  F_UCI 0.140028
bsai_akp 1 2029  F_Median 0.140028
bsai_akp 1 2029  F_Mean 0.140028
bsai_akp 1 2030 F0 0 
bsai_akp 1 2030 Fabc 0.140028
bsai_akp 1 2030 Fofl 0.170414
bsai_akp 1 2030  F_LCI 0.140028
bsai_akp 1 2030  F_UCI 0.140028
bsai_akp 1 2030  F_Median 0.140028
bsai_akp 1 2030  F_Mean 0.140028
bsai_akp 1 2031 F0 0 
bsai_akp 1 2031 Fabc 0.140028
bsai_akp 1 2031 Fofl 0.170414
bsai_akp 1 2031  F_LCI 0.140028
bsai_akp 1 2031  F_UCI 0.140028
bsai_akp 1 2031  F_Median 0.140028
bsai_akp 1 2031  F_Mean 0.140028
bsai_akp 1 2032 F0 0 
bsai_akp 1 2032 Fabc 0.140028
bsai_akp 1 2032 Fofl 0.170414
bsai_akp 1 2032  F_LCI 0.140028
bsai_akp 1 2032  F_UCI 0.140028
bsai_akp 1 2032  F_Median 0.140028
bsai_akp 1 2032  F_Mean 0.140028
bsai_akp 1 2033 F0 0 
bsai_akp 1 2033 Fabc 0.140028
bsai_akp 1 2033 Fofl 0.170414
bsai_akp 1 2033  F_LCI 0.140028
bsai_akp 1 2033  F_UCI 0.140028
bsai_akp 1 2033  F_Median 0.140028
bsai_akp 1 2033  F_Mean 0.139974
bsai_akp 1 2034 F0 0 
bsai_akp 1 2034 Fabc 0.140028
bsai_akp 1 2034 Fofl 0.170414
bsai_akp 1 2034  F_LCI 0.138308
bsai_akp 1 2034  F_UCI 0.140028
bsai_akp 1 2034  F_Median 0.140028
bsai_akp 1 2034  F_Mean 0.139748
bsai_akp 2 2021 Cabc 25293.4
bsai_akp 2 2021 Cofl 26616.5
bsai_akp 2 2021 CLCI 15862
bsai_akp 2 2021 CUCI 15862
bsai_akp 2 2021 CMedian 15862
bsai_akp 2 2021 CMean 15862
bsai_akp 2 2021 CStdn 1.45519e-11
bsai_akp 2 2022 Cabc 25293.4
bsai_akp 2 2022 Cofl 26616.5
bsai_akp 2 2022 CLCI 11253
bsai_akp 2 2022 CUCI 11253
bsai_akp 2 2022 CMedian 11253
bsai_akp 2 2022 CMean 11253
bsai_akp 2 2022 CStdn 0.000104605
bsai_akp 2 2023 Cabc 25293.4
bsai_akp 2 2023 Cofl 26616.5
bsai_akp 2 2023 CLCI 18054
bsai_akp 2 2023 CUCI 18054
bsai_akp 2 2023 CMedian 18054
bsai_akp 2 2023 CMean 18054
bsai_akp 2 2023 CStdn 0.000103571
bsai_akp 2 2024 Cabc 25293.4
bsai_akp 2 2024 Cofl 26616.5
bsai_akp 2 2024 CLCI 18054
bsai_akp 2 2024 CUCI 18054
bsai_akp 2 2024 CMedian 18054
bsai_akp 2 2024 CMean 18054
bsai_akp 2 2024 CStdn 5.18128e-05
bsai_akp 2 2025 Cabc 25293.4
bsai_akp 2 2025 Cofl 26616.5
bsai_akp 2 2025 CLCI 37393.3
bsai_akp 2 2025 CUCI 37770.8
bsai_akp 2 2025 CMedian 37540
bsai_akp 2 2025 CMean 37559.7
bsai_akp 2 2025 CStdn 123.966
bsai_akp 2 2026 Cabc 25293.4
bsai_akp 2 2026 Cofl 26616.5
bsai_akp 2 2026 CLCI 37369.6
bsai_akp 2 2026 CUCI 38180.2
bsai_akp 2 2026 CMedian 37681.3
bsai_akp 2 2026 CMean 37727.9
bsai_akp 2 2026 CStdn 261.226
bsai_akp 2 2027 Cabc 25293.4
bsai_akp 2 2027 Cofl 26616.5
bsai_akp 2 2027 CLCI 37004.9
bsai_akp 2 2027 CUCI 38598.7
bsai_akp 2 2027 CMedian 37608.3
bsai_akp 2 2027 CMean 37700.7
bsai_akp 2 2027 CStdn 507.576
bsai_akp 2 2028 Cabc 25293.4
bsai_akp 2 2028 Cofl 26616.5
bsai_akp 2 2028 CLCI 36074.2
bsai_akp 2 2028 CUCI 38687.2
bsai_akp 2 2028 CMedian 37119
bsai_akp 2 2028 CMean 37257.8
bsai_akp 2 2028 CStdn 865.347
bsai_akp 2 2029 Cabc 25293.4
bsai_akp 2 2029 Cofl 26616.5
bsai_akp 2 2029 CLCI 34595.9
bsai_akp 2 2029 CUCI 38321.8
bsai_akp 2 2029 CMedian 36139.6
bsai_akp 2 2029 CMean 36352.1
bsai_akp 2 2029 CStdn 1275.56
bsai_akp 2 2030 Cabc 25293.4
bsai_akp 2 2030 Cofl 26616.5
bsai_akp 2 2030 CLCI 32667.6
bsai_akp 2 2030 CUCI 37530.6
bsai_akp 2 2030 CMedian 34920.2
bsai_akp 2 2030 CMean 35108
bsai_akp 2 2030 CStdn 1659.93
bsai_akp 2 2031 Cabc 25293.4
bsai_akp 2 2031 Cofl 26616.5
bsai_akp 2 2031 CLCI 30706.4
bsai_akp 2 2031 CUCI 36503.7
bsai_akp 2 2031 CMedian 33553.4
bsai_akp 2 2031 CMean 33738.7
bsai_akp 2 2031 CStdn 1977.68
bsai_akp 2 2032 Cabc 25293.4
bsai_akp 2 2032 Cofl 26616.5
bsai_akp 2 2032 CLCI 28741.9
bsai_akp 2 2032 CUCI 35615.4
bsai_akp 2 2032 CMedian 32260.6
bsai_akp 2 2032 CMean 32428
bsai_akp 2 2032 CStdn 2233.89
bsai_akp 2 2033 Cabc 25293.4
bsai_akp 2 2033 Cofl 26616.5
bsai_akp 2 2033 CLCI 27179.4
bsai_akp 2 2033 CUCI 34894.8
bsai_akp 2 2033 CMedian 31207.5
bsai_akp 2 2033 CMean 31264.4
bsai_akp 2 2033 CStdn 2455.86
bsai_akp 2 2034 Cabc 25293.4
bsai_akp 2 2034 Cofl 26616.5
bsai_akp 2 2034 CLCI 25716.4
bsai_akp 2 2034 CUCI 34080.2
bsai_akp 2 2034 CMedian 30170.3
bsai_akp 2 2034 CMean 30251.3
bsai_akp 2 2034 CStdn 2662.59
bsai_akp 2 2021 SSBF100 286587
bsai_akp 2 2021 SSBFabc 114635
bsai_akp 2 2021 SSBFofl 100306
bsai_akp 2 2021 SSBLCI 143363
bsai_akp 2 2021 SSBUCI 143363
bsai_akp 2 2021 SSBMedian 143363
bsai_akp 2 2021 SSBMean 143363
bsai_akp 2 2022 SSBF100 286587
bsai_akp 2 2022 SSBFabc 114635
bsai_akp 2 2022 SSBFofl 100306
bsai_akp 2 2022 SSBLCI 143424
bsai_akp 2 2022 SSBUCI 143425
bsai_akp 2 2022 SSBMedian 143424
bsai_akp 2 2022 SSBMean 143425
bsai_akp 2 2023 SSBF100 286587
bsai_akp 2 2023 SSBFabc 114635
bsai_akp 2 2023 SSBFofl 100306
bsai_akp 2 2023 SSBLCI 149674
bsai_akp 2 2023 SSBUCI 149792
bsai_akp 2 2023 SSBMedian 149716
bsai_akp 2 2023 SSBMean 149724
bsai_akp 2 2024 SSBF100 286587
bsai_akp 2 2024 SSBFabc 114635
bsai_akp 2 2024 SSBFofl 100306
bsai_akp 2 2024 SSBLCI 157881
bsai_akp 2 2024 SSBUCI 158311
bsai_akp 2 2024 SSBMedian 158053
bsai_akp 2 2024 SSBMean 158087
bsai_akp 2 2025 SSBF100 286587
bsai_akp 2 2025 SSBFabc 114635
bsai_akp 2 2025 SSBFofl 100306
bsai_akp 2 2025 SSBLCI 166252
bsai_akp 2 2025 SSBUCI 167531
bsai_akp 2 2025 SSBMedian 166733
bsai_akp 2 2025 SSBMean 166827
bsai_akp 2 2026 SSBF100 286587
bsai_akp 2 2026 SSBFabc 114635
bsai_akp 2 2026 SSBFofl 100306
bsai_akp 2 2026 SSBLCI 166843
bsai_akp 2 2026 SSBUCI 170255
bsai_akp 2 2026 SSBMedian 168124
bsai_akp 2 2026 SSBMean 168338
bsai_akp 2 2027 SSBF100 286587
bsai_akp 2 2027 SSBFabc 114635
bsai_akp 2 2027 SSBFofl 100306
bsai_akp 2 2027 SSBLCI 165251
bsai_akp 2 2027 SSBUCI 172464
bsai_akp 2 2027 SSBMedian 168018
bsai_akp 2 2027 SSBMean 168434
bsai_akp 2 2028 SSBF100 286587
bsai_akp 2 2028 SSBFabc 114635
bsai_akp 2 2028 SSBFofl 100306
bsai_akp 2 2028 SSBLCI 160440
bsai_akp 2 2028 SSBUCI 173181
bsai_akp 2 2028 SSBMedian 165288
bsai_akp 2 2028 SSBMean 166108
bsai_akp 2 2029 SSBF100 286587
bsai_akp 2 2029 SSBFabc 114635
bsai_akp 2 2029 SSBFofl 100306
bsai_akp 2 2029 SSBLCI 152894
bsai_akp 2 2029 SSBUCI 170950
bsai_akp 2 2029 SSBMedian 160178
bsai_akp 2 2029 SSBMean 161264
bsai_akp 2 2030 SSBF100 286587
bsai_akp 2 2030 SSBFabc 114635
bsai_akp 2 2030 SSBFofl 100306
bsai_akp 2 2030 SSBLCI 143233
bsai_akp 2 2030 SSBUCI 166422
bsai_akp 2 2030 SSBMedian 154098
bsai_akp 2 2030 SSBMean 154914
bsai_akp 2 2031 SSBF100 286587
bsai_akp 2 2031 SSBFabc 114635
bsai_akp 2 2031 SSBFofl 100306
bsai_akp 2 2031 SSBLCI 133708
bsai_akp 2 2031 SSBUCI 161070
bsai_akp 2 2031 SSBMedian 147523
bsai_akp 2 2031 SSBMean 148228
bsai_akp 2 2032 SSBF100 286587
bsai_akp 2 2032 SSBFabc 114635
bsai_akp 2 2032 SSBFofl 100306
bsai_akp 2 2032 SSBLCI 124817
bsai_akp 2 2032 SSBUCI 157494
bsai_akp 2 2032 SSBMedian 141104
bsai_akp 2 2032 SSBMean 142114
bsai_akp 2 2033 SSBF100 286587
bsai_akp 2 2033 SSBFabc 114635
bsai_akp 2 2033 SSBFofl 100306
bsai_akp 2 2033 SSBLCI 117935
bsai_akp 2 2033 SSBUCI 152964
bsai_akp 2 2033 SSBMedian 136650
bsai_akp 2 2033 SSBMean 136955
bsai_akp 2 2034 SSBF100 286587
bsai_akp 2 2034 SSBFabc 114635
bsai_akp 2 2034 SSBFofl 100306
bsai_akp 2 2034 SSBLCI 113298
bsai_akp 2 2034 SSBUCI 150894
bsai_akp 2 2034 SSBMedian 131623
bsai_akp 2 2034 SSBMean 132749
bsai_akp 2 2021 F0 0 
bsai_akp 2 2021 Fabc 0.140028
bsai_akp 2 2021 Fofl 0.170414
bsai_akp 2 2021  F_LCI 0.0651529
bsai_akp 2 2021  F_UCI 0.0651529
bsai_akp 2 2021  F_Median 0.0651529
bsai_akp 2 2021  F_Mean 0.0651529
bsai_akp 2 2022 F0 0 
bsai_akp 2 2022 Fabc 0.140028
bsai_akp 2 2022 Fofl 0.170414
bsai_akp 2 2022  F_LCI 0.0462118
bsai_akp 2 2022  F_UCI 0.0462463
bsai_akp 2 2022  F_Median 0.0462342
bsai_akp 2 2022  F_Mean 0.0462319
bsai_akp 2 2023 F0 0 
bsai_akp 2 2023 Fabc 0.140028
bsai_akp 2 2023 Fofl 0.170414
bsai_akp 2 2023  F_LCI 0.0721877
bsai_akp 2 2023  F_UCI 0.0723358
bsai_akp 2 2023  F_Median 0.0722838
bsai_akp 2 2023  F_Mean 0.0722739
bsai_akp 2 2024 F0 0 
bsai_akp 2 2024 Fabc 0.140028
bsai_akp 2 2024 Fofl 0.170414
bsai_akp 2 2024  F_LCI 0.0691094
bsai_akp 2 2024  F_UCI 0.0694348
bsai_akp 2 2024  F_Median 0.0693148
bsai_akp 2 2024  F_Mean 0.0693007
bsai_akp 2 2025 F0 0 
bsai_akp 2 2025 Fabc 0.140028
bsai_akp 2 2025 Fofl 0.170414
bsai_akp 2 2025  F_LCI 0.140028
bsai_akp 2 2025  F_UCI 0.140028
bsai_akp 2 2025  F_Median 0.140028
bsai_akp 2 2025  F_Mean 0.140028
bsai_akp 2 2026 F0 0 
bsai_akp 2 2026 Fabc 0.140028
bsai_akp 2 2026 Fofl 0.170414
bsai_akp 2 2026  F_LCI 0.140028
bsai_akp 2 2026  F_UCI 0.140028
bsai_akp 2 2026  F_Median 0.140028
bsai_akp 2 2026  F_Mean 0.140028
bsai_akp 2 2027 F0 0 
bsai_akp 2 2027 Fabc 0.140028
bsai_akp 2 2027 Fofl 0.170414
bsai_akp 2 2027  F_LCI 0.140028
bsai_akp 2 2027  F_UCI 0.140028
bsai_akp 2 2027  F_Median 0.140028
bsai_akp 2 2027  F_Mean 0.140028
bsai_akp 2 2028 F0 0 
bsai_akp 2 2028 Fabc 0.140028
bsai_akp 2 2028 Fofl 0.170414
bsai_akp 2 2028  F_LCI 0.140028
bsai_akp 2 2028  F_UCI 0.140028
bsai_akp 2 2028  F_Median 0.140028
bsai_akp 2 2028  F_Mean 0.140028
bsai_akp 2 2029 F0 0 
bsai_akp 2 2029 Fabc 0.140028
bsai_akp 2 2029 Fofl 0.170414
bsai_akp 2 2029  F_LCI 0.140028
bsai_akp 2 2029  F_UCI 0.140028
bsai_akp 2 2029  F_Median 0.140028
bsai_akp 2 2029  F_Mean 0.140028
bsai_akp 2 2030 F0 0 
bsai_akp 2 2030 Fabc 0.140028
bsai_akp 2 2030 Fofl 0.170414
bsai_akp 2 2030  F_LCI 0.140028
bsai_akp 2 2030  F_UCI 0.140028
bsai_akp 2 2030  F_Median 0.140028
bsai_akp 2 2030  F_Mean 0.140028
bsai_akp 2 2031 F0 0 
bsai_akp 2 2031 Fabc 0.140028
bsai_akp 2 2031 Fofl 0.170414
bsai_akp 2 2031  F_LCI 0.140028
bsai_akp 2 2031  F_UCI 0.140028
bsai_akp 2 2031  F_Median 0.140028
bsai_akp 2 2031  F_Mean 0.140028
bsai_akp 2 2032 F0 0 
bsai_akp 2 2032 Fabc 0.140028
bsai_akp 2 2032 Fofl 0.170414
bsai_akp 2 2032  F_LCI 0.140028
bsai_akp 2 2032  F_UCI 0.140028
bsai_akp 2 2032  F_Median 0.140028
bsai_akp 2 2032  F_Mean 0.140028
bsai_akp 2 2033 F0 0 
bsai_akp 2 2033 Fabc 0.140028
bsai_akp 2 2033 Fofl 0.170414
bsai_akp 2 2033  F_LCI 0.140028
bsai_akp 2 2033  F_UCI 0.140028
bsai_akp 2 2033  F_Median 0.140028
bsai_akp 2 2033  F_Mean 0.139974
bsai_akp 2 2034 F0 0 
bsai_akp 2 2034 Fabc 0.140028
bsai_akp 2 2034 Fofl 0.170414
bsai_akp 2 2034  F_LCI 0.138308
bsai_akp 2 2034  F_UCI 0.140028
bsai_akp 2 2034  F_Median 0.140028
bsai_akp 2 2034  F_Mean 0.139748
bsai_akp 3 2021 Cabc 25293.4
bsai_akp 3 2021 Cofl 26616.5
bsai_akp 3 2021 CLCI 15862
bsai_akp 3 2021 CUCI 15862
bsai_akp 3 2021 CMedian 15862
bsai_akp 3 2021 CMean 15862
bsai_akp 3 2021 CStdn 1.45519e-11
bsai_akp 3 2022 Cabc 25293.4
bsai_akp 3 2022 Cofl 26616.5
bsai_akp 3 2022 CLCI 11253
bsai_akp 3 2022 CUCI 11253
bsai_akp 3 2022 CMedian 11253
bsai_akp 3 2022 CMean 11253
bsai_akp 3 2022 CStdn 0.000104605
bsai_akp 3 2023 Cabc 25293.4
bsai_akp 3 2023 Cofl 26616.5
bsai_akp 3 2023 CLCI 18054
bsai_akp 3 2023 CUCI 18054
bsai_akp 3 2023 CMedian 18054
bsai_akp 3 2023 CMean 18054
bsai_akp 3 2023 CStdn 0.000103571
bsai_akp 3 2024 Cabc 25293.4
bsai_akp 3 2024 Cofl 26616.5
bsai_akp 3 2024 CLCI 18054
bsai_akp 3 2024 CUCI 18054
bsai_akp 3 2024 CMedian 18054
bsai_akp 3 2024 CMean 18054
bsai_akp 3 2024 CStdn 5.18128e-05
bsai_akp 3 2025 Cabc 25293.4
bsai_akp 3 2025 Cofl 26616.5
bsai_akp 3 2025 CLCI 13284.2
bsai_akp 3 2025 CUCI 13414.2
bsai_akp 3 2025 CMedian 13334.7
bsai_akp 3 2025 CMean 13341.5
bsai_akp 3 2025 CStdn 42.6995
bsai_akp 3 2026 Cabc 25293.4
bsai_akp 3 2026 Cofl 26616.5
bsai_akp 3 2026 CLCI 14214.4
bsai_akp 3 2026 CUCI 14496
bsai_akp 3 2026 CMedian 14323.1
bsai_akp 3 2026 CMean 14339
bsai_akp 3 2026 CStdn 90.8994
bsai_akp 3 2027 Cabc 25293.4
bsai_akp 3 2027 Cofl 26616.5
bsai_akp 3 2027 CLCI 15006.1
bsai_akp 3 2027 CUCI 15572.2
bsai_akp 3 2027 CMedian 15219
bsai_akp 3 2027 CMean 15251.8
bsai_akp 3 2027 CStdn 179.57
bsai_akp 3 2028 Cabc 25293.4
bsai_akp 3 2028 Cofl 26616.5
bsai_akp 3 2028 CLCI 15546
bsai_akp 3 2028 CUCI 16504.6
bsai_akp 3 2028 CMedian 15931.9
bsai_akp 3 2028 CMean 15978.1
bsai_akp 3 2028 CStdn 314.351
bsai_akp 3 2029 Cabc 25293.4
bsai_akp 3 2029 Cofl 26616.5
bsai_akp 3 2029 CLCI 15823.3
bsai_akp 3 2029 CUCI 17221.3
bsai_akp 3 2029 CMedian 16383.6
bsai_akp 3 2029 CMean 16470.3
bsai_akp 3 2029 CStdn 480.24
bsai_akp 3 2030 Cabc 25293.4
bsai_akp 3 2030 Cofl 26616.5
bsai_akp 3 2030 CLCI 15815.1
bsai_akp 3 2030 CUCI 17712.5
bsai_akp 3 2030 CMedian 16680.4
bsai_akp 3 2030 CMean 16740.2
bsai_akp 3 2030 CStdn 650.744
bsai_akp 3 2031 Cabc 25293.4
bsai_akp 3 2031 Cofl 26616.5
bsai_akp 3 2031 CLCI 15657.5
bsai_akp 3 2031 CUCI 18079.2
bsai_akp 3 2031 CMedian 16764.2
bsai_akp 3 2031 CMean 16846.1
bsai_akp 3 2031 CStdn 806.869
bsai_akp 3 2032 Cabc 25293.4
bsai_akp 3 2032 Cofl 26616.5
bsai_akp 3 2032 CLCI 15334.4
bsai_akp 3 2032 CUCI 18113
bsai_akp 3 2032 CMedian 16804.6
bsai_akp 3 2032 CMean 16854.1
bsai_akp 3 2032 CStdn 944.705
bsai_akp 3 2033 Cabc 25293.4
bsai_akp 3 2033 Cofl 26616.5
bsai_akp 3 2033 CLCI 15024.9
bsai_akp 3 2033 CUCI 18543.7
bsai_akp 3 2033 CMedian 16719.9
bsai_akp 3 2033 CMean 16810.8
bsai_akp 3 2033 CStdn 1062.6
bsai_akp 3 2034 Cabc 25293.4
bsai_akp 3 2034 Cofl 26616.5
bsai_akp 3 2034 CLCI 14850.4
bsai_akp 3 2034 CUCI 18470.2
bsai_akp 3 2034 CMedian 16688.7
bsai_akp 3 2034 CMean 16742.7
bsai_akp 3 2034 CStdn 1155.88
bsai_akp 3 2021 SSBF100 286587
bsai_akp 3 2021 SSBFabc 114635
bsai_akp 3 2021 SSBFofl 100306
bsai_akp 3 2021 SSBLCI 143363
bsai_akp 3 2021 SSBUCI 143363
bsai_akp 3 2021 SSBMedian 143363
bsai_akp 3 2021 SSBMean 143363
bsai_akp 3 2022 SSBF100 286587
bsai_akp 3 2022 SSBFabc 114635
bsai_akp 3 2022 SSBFofl 100306
bsai_akp 3 2022 SSBLCI 143424
bsai_akp 3 2022 SSBUCI 143425
bsai_akp 3 2022 SSBMedian 143424
bsai_akp 3 2022 SSBMean 143425
bsai_akp 3 2023 SSBF100 286587
bsai_akp 3 2023 SSBFabc 114635
bsai_akp 3 2023 SSBFofl 100306
bsai_akp 3 2023 SSBLCI 149674
bsai_akp 3 2023 SSBUCI 149792
bsai_akp 3 2023 SSBMedian 149716
bsai_akp 3 2023 SSBMean 149724
bsai_akp 3 2024 SSBF100 286587
bsai_akp 3 2024 SSBFabc 114635
bsai_akp 3 2024 SSBFofl 100306
bsai_akp 3 2024 SSBLCI 157881
bsai_akp 3 2024 SSBUCI 158311
bsai_akp 3 2024 SSBMedian 158053
bsai_akp 3 2024 SSBMean 158087
bsai_akp 3 2025 SSBF100 286587
bsai_akp 3 2025 SSBFabc 114635
bsai_akp 3 2025 SSBFofl 100306
bsai_akp 3 2025 SSBLCI 169402
bsai_akp 3 2025 SSBUCI 170684
bsai_akp 3 2025 SSBMedian 169883
bsai_akp 3 2025 SSBMean 169978
bsai_akp 3 2026 SSBF100 286587
bsai_akp 3 2026 SSBFabc 114635
bsai_akp 3 2026 SSBFofl 100306
bsai_akp 3 2026 SSBLCI 182148
bsai_akp 3 2026 SSBUCI 185600
bsai_akp 3 2026 SSBMedian 183443
bsai_akp 3 2026 SSBMean 183660
bsai_akp 3 2027 SSBF100 286587
bsai_akp 3 2027 SSBFabc 114635
bsai_akp 3 2027 SSBFofl 100306
bsai_akp 3 2027 SSBLCI 192449
bsai_akp 3 2027 SSBUCI 199824
bsai_akp 3 2027 SSBMedian 195291
bsai_akp 3 2027 SSBMean 195709
bsai_akp 3 2028 SSBF100 286587
bsai_akp 3 2028 SSBFabc 114635
bsai_akp 3 2028 SSBFofl 100306
bsai_akp 3 2028 SSBLCI 198717
bsai_akp 3 2028 SSBUCI 212180
bsai_akp 3 2028 SSBMedian 203871
bsai_akp 3 2028 SSBMean 204687
bsai_akp 3 2029 SSBF100 286587
bsai_akp 3 2029 SSBFabc 114635
bsai_akp 3 2029 SSBFofl 100306
bsai_akp 3 2029 SSBLCI 200879
bsai_akp 3 2029 SSBUCI 220812
bsai_akp 3 2029 SSBMedian 208809
bsai_akp 3 2029 SSBMean 210012
bsai_akp 3 2030 SSBF100 286587
bsai_akp 3 2030 SSBFabc 114635
bsai_akp 3 2030 SSBFofl 100306
bsai_akp 3 2030 SSBLCI 199476
bsai_akp 3 2030 SSBUCI 225706
bsai_akp 3 2030 SSBMedian 211326
bsai_akp 3 2030 SSBMean 212311
bsai_akp 3 2031 SSBF100 286587
bsai_akp 3 2031 SSBFabc 114635
bsai_akp 3 2031 SSBFofl 100306
bsai_akp 3 2031 SSBLCI 196114
bsai_akp 3 2031 SSBUCI 229200
bsai_akp 3 2031 SSBMedian 211604
bsai_akp 3 2031 SSBMean 212588
bsai_akp 3 2032 SSBF100 286587
bsai_akp 3 2032 SSBFabc 114635
bsai_akp 3 2032 SSBFofl 100306
bsai_akp 3 2032 SSBLCI 190940
bsai_akp 3 2032 SSBUCI 228955
bsai_akp 3 2032 SSBMedian 211092
bsai_akp 3 2032 SSBMean 211869
bsai_akp 3 2033 SSBF100 286587
bsai_akp 3 2033 SSBFabc 114635
bsai_akp 3 2033 SSBFofl 100306
bsai_akp 3 2033 SSBLCI 186780
bsai_akp 3 2033 SSBUCI 233138
bsai_akp 3 2033 SSBMedian 209692
bsai_akp 3 2033 SSBMean 210760
bsai_akp 3 2034 SSBF100 286587
bsai_akp 3 2034 SSBFabc 114635
bsai_akp 3 2034 SSBFofl 100306
bsai_akp 3 2034 SSBLCI 184322
bsai_akp 3 2034 SSBUCI 231504
bsai_akp 3 2034 SSBMedian 208921
bsai_akp 3 2034 SSBMean 209530
bsai_akp 3 2021 F0 0 
bsai_akp 3 2021 Fabc 0.140028
bsai_akp 3 2021 Fofl 0.170414
bsai_akp 3 2021  F_LCI 0.0651529
bsai_akp 3 2021  F_UCI 0.0651529
bsai_akp 3 2021  F_Median 0.0651529
bsai_akp 3 2021  F_Mean 0.0651529
bsai_akp 3 2022 F0 0 
bsai_akp 3 2022 Fabc 0.140028
bsai_akp 3 2022 Fofl 0.170414
bsai_akp 3 2022  F_LCI 0.0462118
bsai_akp 3 2022  F_UCI 0.0462463
bsai_akp 3 2022  F_Median 0.0462342
bsai_akp 3 2022  F_Mean 0.0462319
bsai_akp 3 2023 F0 0 
bsai_akp 3 2023 Fabc 0.140028
bsai_akp 3 2023 Fofl 0.170414
bsai_akp 3 2023  F_LCI 0.0721877
bsai_akp 3 2023  F_UCI 0.0723358
bsai_akp 3 2023  F_Median 0.0722838
bsai_akp 3 2023  F_Mean 0.0722739
bsai_akp 3 2024 F0 0 
bsai_akp 3 2024 Fabc 0.140028
bsai_akp 3 2024 Fofl 0.170414
bsai_akp 3 2024  F_LCI 0.0691094
bsai_akp 3 2024  F_UCI 0.0694348
bsai_akp 3 2024  F_Median 0.0693148
bsai_akp 3 2024  F_Mean 0.0693007
bsai_akp 3 2025 F0 0 
bsai_akp 3 2025 Fabc 0.140028
bsai_akp 3 2025 Fofl 0.170414
bsai_akp 3 2025  F_LCI 0.048
bsai_akp 3 2025  F_UCI 0.048
bsai_akp 3 2025  F_Median 0.048
bsai_akp 3 2025  F_Mean 0.048
bsai_akp 3 2026 F0 0 
bsai_akp 3 2026 Fabc 0.140028
bsai_akp 3 2026 Fofl 0.170414
bsai_akp 3 2026  F_LCI 0.048
bsai_akp 3 2026  F_UCI 0.048
bsai_akp 3 2026  F_Median 0.048
bsai_akp 3 2026  F_Mean 0.048
bsai_akp 3 2027 F0 0 
bsai_akp 3 2027 Fabc 0.140028
bsai_akp 3 2027 Fofl 0.170414
bsai_akp 3 2027  F_LCI 0.048
bsai_akp 3 2027  F_UCI 0.048
bsai_akp 3 2027  F_Median 0.048
bsai_akp 3 2027  F_Mean 0.048
bsai_akp 3 2028 F0 0 
bsai_akp 3 2028 Fabc 0.140028
bsai_akp 3 2028 Fofl 0.170414
bsai_akp 3 2028  F_LCI 0.048
bsai_akp 3 2028  F_UCI 0.048
bsai_akp 3 2028  F_Median 0.048
bsai_akp 3 2028  F_Mean 0.048
bsai_akp 3 2029 F0 0 
bsai_akp 3 2029 Fabc 0.140028
bsai_akp 3 2029 Fofl 0.170414
bsai_akp 3 2029  F_LCI 0.048
bsai_akp 3 2029  F_UCI 0.048
bsai_akp 3 2029  F_Median 0.048
bsai_akp 3 2029  F_Mean 0.048
bsai_akp 3 2030 F0 0 
bsai_akp 3 2030 Fabc 0.140028
bsai_akp 3 2030 Fofl 0.170414
bsai_akp 3 2030  F_LCI 0.048
bsai_akp 3 2030  F_UCI 0.048
bsai_akp 3 2030  F_Median 0.048
bsai_akp 3 2030  F_Mean 0.048
bsai_akp 3 2031 F0 0 
bsai_akp 3 2031 Fabc 0.140028
bsai_akp 3 2031 Fofl 0.170414
bsai_akp 3 2031  F_LCI 0.048
bsai_akp 3 2031  F_UCI 0.048
bsai_akp 3 2031  F_Median 0.048
bsai_akp 3 2031  F_Mean 0.048
bsai_akp 3 2032 F0 0 
bsai_akp 3 2032 Fabc 0.140028
bsai_akp 3 2032 Fofl 0.170414
bsai_akp 3 2032  F_LCI 0.048
bsai_akp 3 2032  F_UCI 0.048
bsai_akp 3 2032  F_Median 0.048
bsai_akp 3 2032  F_Mean 0.048
bsai_akp 3 2033 F0 0 
bsai_akp 3 2033 Fabc 0.140028
bsai_akp 3 2033 Fofl 0.170414
bsai_akp 3 2033  F_LCI 0.048
bsai_akp 3 2033  F_UCI 0.048
bsai_akp 3 2033  F_Median 0.048
bsai_akp 3 2033  F_Mean 0.048
bsai_akp 3 2034 F0 0 
bsai_akp 3 2034 Fabc 0.140028
bsai_akp 3 2034 Fofl 0.170414
bsai_akp 3 2034  F_LCI 0.048
bsai_akp 3 2034  F_UCI 0.048
bsai_akp 3 2034  F_Median 0.048
bsai_akp 3 2034  F_Mean 0.048
bsai_akp 4 2021 Cabc 25293.4
bsai_akp 4 2021 Cofl 26616.5
bsai_akp 4 2021 CLCI 15862
bsai_akp 4 2021 CUCI 15862
bsai_akp 4 2021 CMedian 15862
bsai_akp 4 2021 CMean 15862
bsai_akp 4 2021 CStdn 1.45519e-11
bsai_akp 4 2022 Cabc 25293.4
bsai_akp 4 2022 Cofl 26616.5
bsai_akp 4 2022 CLCI 11253
bsai_akp 4 2022 CUCI 11253
bsai_akp 4 2022 CMedian 11253
bsai_akp 4 2022 CMean 11253
bsai_akp 4 2022 CStdn 0.000104605
bsai_akp 4 2023 Cabc 25293.4
bsai_akp 4 2023 Cofl 26616.5
bsai_akp 4 2023 CLCI 18054
bsai_akp 4 2023 CUCI 18054
bsai_akp 4 2023 CMedian 18054
bsai_akp 4 2023 CMean 18054
bsai_akp 4 2023 CStdn 0.000103571
bsai_akp 4 2024 Cabc 25293.4
bsai_akp 4 2024 Cofl 26616.5
bsai_akp 4 2024 CLCI 18054
bsai_akp 4 2024 CUCI 18054
bsai_akp 4 2024 CMedian 18054
bsai_akp 4 2024 CMean 18054
bsai_akp 4 2024 CStdn 5.18128e-05
bsai_akp 4 2025 Cabc 25293.4
bsai_akp 4 2025 Cofl 26616.5
bsai_akp 4 2025 CLCI 18032.2
bsai_akp 4 2025 CUCI 18209.7
bsai_akp 4 2025 CMedian 18101.2
bsai_akp 4 2025 CMean 18110.4
bsai_akp 4 2025 CStdn 58.3072
bsai_akp 4 2026 Cabc 25293.4
bsai_akp 4 2026 Cofl 26616.5
bsai_akp 4 2026 CLCI 19042.6
bsai_akp 4 2026 CUCI 19426.5
bsai_akp 4 2026 CMedian 19190.7
bsai_akp 4 2026 CMean 19212.5
bsai_akp 4 2026 CStdn 123.882
bsai_akp 4 2027 Cabc 25293.4
bsai_akp 4 2027 Cofl 26616.5
bsai_akp 4 2027 CLCI 19854.6
bsai_akp 4 2027 CUCI 20623.1
bsai_akp 4 2027 CMedian 20144
bsai_akp 4 2027 CMean 20188.5
bsai_akp 4 2027 CStdn 243.95
bsai_akp 4 2028 Cabc 25293.4
bsai_akp 4 2028 Cofl 26616.5
bsai_akp 4 2028 CLCI 20324.8
bsai_akp 4 2028 CUCI 21618.2
bsai_akp 4 2028 CMedian 20844.8
bsai_akp 4 2028 CMean 20908.4
bsai_akp 4 2028 CStdn 424.881
bsai_akp 4 2029 Cabc 25293.4
bsai_akp 4 2029 Cofl 26616.5
bsai_akp 4 2029 CLCI 20445.3
bsai_akp 4 2029 CUCI 22323
bsai_akp 4 2029 CMedian 21201.3
bsai_akp 4 2029 CMean 21317.3
bsai_akp 4 2029 CStdn 644.601
bsai_akp 4 2030 Cabc 25293.4
bsai_akp 4 2030 Cofl 26616.5
bsai_akp 4 2030 CLCI 20203.2
bsai_akp 4 2030 CUCI 22732.2
bsai_akp 4 2030 CMedian 21360.7
bsai_akp 4 2030 CMean 21443.1
bsai_akp 4 2030 CStdn 866.514
bsai_akp 4 2031 Cabc 25293.4
bsai_akp 4 2031 Cofl 26616.5
bsai_akp 4 2031 CLCI 19789.9
bsai_akp 4 2031 CUCI 22975.1
bsai_akp 4 2031 CMedian 21268.5
bsai_akp 4 2031 CMean 21372.6
bsai_akp 4 2031 CStdn 1065.78
bsai_akp 4 2032 Cabc 25293.4
bsai_akp 4 2032 Cofl 26616.5
bsai_akp 4 2032 CLCI 19191.4
bsai_akp 4 2032 CUCI 22836.9
bsai_akp 4 2032 CMedian 21129.6
bsai_akp 4 2032 CMean 21198.7
bsai_akp 4 2032 CStdn 1238.54
bsai_akp 4 2033 Cabc 25293.4
bsai_akp 4 2033 Cofl 26616.5
bsai_akp 4 2033 CLCI 18656.2
bsai_akp 4 2033 CUCI 23205.2
bsai_akp 4 2033 CMedian 20873.6
bsai_akp 4 2033 CMean 20984.3
bsai_akp 4 2033 CStdn 1383.53
bsai_akp 4 2034 Cabc 25293.4
bsai_akp 4 2034 Cofl 26616.5
bsai_akp 4 2034 CLCI 18330.3
bsai_akp 4 2034 CUCI 22948.8
bsai_akp 4 2034 CMedian 20705.2
bsai_akp 4 2034 CMean 20762.5
bsai_akp 4 2034 CStdn 1494.83
bsai_akp 4 2021 SSBF100 286587
bsai_akp 4 2021 SSBFabc 114635
bsai_akp 4 2021 SSBFofl 100306
bsai_akp 4 2021 SSBLCI 143363
bsai_akp 4 2021 SSBUCI 143363
bsai_akp 4 2021 SSBMedian 143363
bsai_akp 4 2021 SSBMean 143363
bsai_akp 4 2022 SSBF100 286587
bsai_akp 4 2022 SSBFabc 114635
bsai_akp 4 2022 SSBFofl 100306
bsai_akp 4 2022 SSBLCI 143424
bsai_akp 4 2022 SSBUCI 143425
bsai_akp 4 2022 SSBMedian 143424
bsai_akp 4 2022 SSBMean 143425
bsai_akp 4 2023 SSBF100 286587
bsai_akp 4 2023 SSBFabc 114635
bsai_akp 4 2023 SSBFofl 100306
bsai_akp 4 2023 SSBLCI 149674
bsai_akp 4 2023 SSBUCI 149792
bsai_akp 4 2023 SSBMedian 149716
bsai_akp 4 2023 SSBMean 149724
bsai_akp 4 2024 SSBF100 286587
bsai_akp 4 2024 SSBFabc 114635
bsai_akp 4 2024 SSBFofl 100306
bsai_akp 4 2024 SSBLCI 157881
bsai_akp 4 2024 SSBUCI 158311
bsai_akp 4 2024 SSBMedian 158053
bsai_akp 4 2024 SSBMean 158087
bsai_akp 4 2025 SSBF100 286587
bsai_akp 4 2025 SSBFabc 114635
bsai_akp 4 2025 SSBFofl 100306
bsai_akp 4 2025 SSBLCI 168794
bsai_akp 4 2025 SSBUCI 170076
bsai_akp 4 2025 SSBMedian 169276
bsai_akp 4 2025 SSBMean 169370
bsai_akp 4 2026 SSBF100 286587
bsai_akp 4 2026 SSBFabc 114635
bsai_akp 4 2026 SSBFofl 100306
bsai_akp 4 2026 SSBLCI 179103
bsai_akp 4 2026 SSBUCI 182547
bsai_akp 4 2026 SSBMedian 180395
bsai_akp 4 2026 SSBMean 180611
bsai_akp 4 2027 SSBF100 286587
bsai_akp 4 2027 SSBFabc 114635
bsai_akp 4 2027 SSBFofl 100306
bsai_akp 4 2027 SSBLCI 186874
bsai_akp 4 2027 SSBUCI 194218
bsai_akp 4 2027 SSBMedian 189702
bsai_akp 4 2027 SSBMean 190120
bsai_akp 4 2028 SSBF100 286587
bsai_akp 4 2028 SSBFabc 114635
bsai_akp 4 2028 SSBFofl 100306
bsai_akp 4 2028 SSBLCI 190646
bsai_akp 4 2028 SSBUCI 203952
bsai_akp 4 2028 SSBMedian 195757
bsai_akp 4 2028 SSBMean 196557
bsai_akp 4 2029 SSBF100 286587
bsai_akp 4 2029 SSBFabc 114635
bsai_akp 4 2029 SSBFofl 100306
bsai_akp 4 2029 SSBLCI 190498
bsai_akp 4 2029 SSBUCI 209961
bsai_akp 4 2029 SSBMedian 198281
bsai_akp 4 2029 SSBMean 199460
bsai_akp 4 2030 SSBF100 286587
bsai_akp 4 2030 SSBFabc 114635
bsai_akp 4 2030 SSBFofl 100306
bsai_akp 4 2030 SSBLCI 186958
bsai_akp 4 2030 SSBUCI 212572
bsai_akp 4 2030 SSBMedian 198776
bsai_akp 4 2030 SSBMean 199563
bsai_akp 4 2031 SSBF100 286587
bsai_akp 4 2031 SSBFabc 114635
bsai_akp 4 2031 SSBFofl 100306
bsai_akp 4 2031 SSBLCI 181861
bsai_akp 4 2031 SSBUCI 213748
bsai_akp 4 2031 SSBMedian 197029
bsai_akp 4 2031 SSBMean 197936
bsai_akp 4 2032 SSBF100 286587
bsai_akp 4 2032 SSBFabc 114635
bsai_akp 4 2032 SSBFofl 100306
bsai_akp 4 2032 SSBLCI 175449
bsai_akp 4 2032 SSBUCI 211925
bsai_akp 4 2032 SSBMedian 194935
bsai_akp 4 2032 SSBMean 195613
bsai_akp 4 2033 SSBF100 286587
bsai_akp 4 2033 SSBFabc 114635
bsai_akp 4 2033 SSBFofl 100306
bsai_akp 4 2033 SSBLCI 170272
bsai_akp 4 2033 SSBUCI 214166
bsai_akp 4 2033 SSBMedian 192488
bsai_akp 4 2033 SSBMean 193184
bsai_akp 4 2034 SSBF100 286587
bsai_akp 4 2034 SSBFabc 114635
bsai_akp 4 2034 SSBFofl 100306
bsai_akp 4 2034 SSBLCI 167125
bsai_akp 4 2034 SSBUCI 211960
bsai_akp 4 2034 SSBMedian 190170
bsai_akp 4 2034 SSBMean 190878
bsai_akp 4 2021 F0 0 
bsai_akp 4 2021 Fabc 0.140028
bsai_akp 4 2021 Fofl 0.170414
bsai_akp 4 2021  F_LCI 0.0651529
bsai_akp 4 2021  F_UCI 0.0651529
bsai_akp 4 2021  F_Median 0.0651529
bsai_akp 4 2021  F_Mean 0.0651529
bsai_akp 4 2022 F0 0 
bsai_akp 4 2022 Fabc 0.140028
bsai_akp 4 2022 Fofl 0.170414
bsai_akp 4 2022  F_LCI 0.0462118
bsai_akp 4 2022  F_UCI 0.0462463
bsai_akp 4 2022  F_Median 0.0462342
bsai_akp 4 2022  F_Mean 0.0462319
bsai_akp 4 2023 F0 0 
bsai_akp 4 2023 Fabc 0.140028
bsai_akp 4 2023 Fofl 0.170414
bsai_akp 4 2023  F_LCI 0.0721877
bsai_akp 4 2023  F_UCI 0.0723358
bsai_akp 4 2023  F_Median 0.0722838
bsai_akp 4 2023  F_Mean 0.0722739
bsai_akp 4 2024 F0 0 
bsai_akp 4 2024 Fabc 0.140028
bsai_akp 4 2024 Fofl 0.170414
bsai_akp 4 2024  F_LCI 0.0691094
bsai_akp 4 2024  F_UCI 0.0694348
bsai_akp 4 2024  F_Median 0.0693148
bsai_akp 4 2024  F_Mean 0.0693007
bsai_akp 4 2025 F0 0 
bsai_akp 4 2025 Fabc 0.140028
bsai_akp 4 2025 Fofl 0.170414
bsai_akp 4 2025  F_LCI 0.0656059
bsai_akp 4 2025  F_UCI 0.0656059
bsai_akp 4 2025  F_Median 0.0656059
bsai_akp 4 2025  F_Mean 0.0656059
bsai_akp 4 2026 F0 0 
bsai_akp 4 2026 Fabc 0.140028
bsai_akp 4 2026 Fofl 0.170414
bsai_akp 4 2026  F_LCI 0.0656059
bsai_akp 4 2026  F_UCI 0.0656059
bsai_akp 4 2026  F_Median 0.0656059
bsai_akp 4 2026  F_Mean 0.0656059
bsai_akp 4 2027 F0 0 
bsai_akp 4 2027 Fabc 0.140028
bsai_akp 4 2027 Fofl 0.170414
bsai_akp 4 2027  F_LCI 0.0656059
bsai_akp 4 2027  F_UCI 0.0656059
bsai_akp 4 2027  F_Median 0.0656059
bsai_akp 4 2027  F_Mean 0.0656059
bsai_akp 4 2028 F0 0 
bsai_akp 4 2028 Fabc 0.140028
bsai_akp 4 2028 Fofl 0.170414
bsai_akp 4 2028  F_LCI 0.0656059
bsai_akp 4 2028  F_UCI 0.0656059
bsai_akp 4 2028  F_Median 0.0656059
bsai_akp 4 2028  F_Mean 0.0656059
bsai_akp 4 2029 F0 0 
bsai_akp 4 2029 Fabc 0.140028
bsai_akp 4 2029 Fofl 0.170414
bsai_akp 4 2029  F_LCI 0.0656059
bsai_akp 4 2029  F_UCI 0.0656059
bsai_akp 4 2029  F_Median 0.0656059
bsai_akp 4 2029  F_Mean 0.0656059
bsai_akp 4 2030 F0 0 
bsai_akp 4 2030 Fabc 0.140028
bsai_akp 4 2030 Fofl 0.170414
bsai_akp 4 2030  F_LCI 0.0656059
bsai_akp 4 2030  F_UCI 0.0656059
bsai_akp 4 2030  F_Median 0.0656059
bsai_akp 4 2030  F_Mean 0.0656059
bsai_akp 4 2031 F0 0 
bsai_akp 4 2031 Fabc 0.140028
bsai_akp 4 2031 Fofl 0.170414
bsai_akp 4 2031  F_LCI 0.0656059
bsai_akp 4 2031  F_UCI 0.0656059
bsai_akp 4 2031  F_Median 0.0656059
bsai_akp 4 2031  F_Mean 0.0656059
bsai_akp 4 2032 F0 0 
bsai_akp 4 2032 Fabc 0.140028
bsai_akp 4 2032 Fofl 0.170414
bsai_akp 4 2032  F_LCI 0.0656059
bsai_akp 4 2032  F_UCI 0.0656059
bsai_akp 4 2032  F_Median 0.0656059
bsai_akp 4 2032  F_Mean 0.0656059
bsai_akp 4 2033 F0 0 
bsai_akp 4 2033 Fabc 0.140028
bsai_akp 4 2033 Fofl 0.170414
bsai_akp 4 2033  F_LCI 0.0656059
bsai_akp 4 2033  F_UCI 0.0656059
bsai_akp 4 2033  F_Median 0.0656059
bsai_akp 4 2033  F_Mean 0.0656059
bsai_akp 4 2034 F0 0 
bsai_akp 4 2034 Fabc 0.140028
bsai_akp 4 2034 Fofl 0.170414
bsai_akp 4 2034  F_LCI 0.0656059
bsai_akp 4 2034  F_UCI 0.0656059
bsai_akp 4 2034  F_Median 0.0656059
bsai_akp 4 2034  F_Mean 0.0656059
bsai_akp 5 2021 Cabc 25293.4
bsai_akp 5 2021 Cofl 26616.5
bsai_akp 5 2021 CLCI 15862
bsai_akp 5 2021 CUCI 15862
bsai_akp 5 2021 CMedian 15862
bsai_akp 5 2021 CMean 15862
bsai_akp 5 2021 CStdn 1.45519e-11
bsai_akp 5 2022 Cabc 25293.4
bsai_akp 5 2022 Cofl 26616.5
bsai_akp 5 2022 CLCI 11253
bsai_akp 5 2022 CUCI 11253
bsai_akp 5 2022 CMedian 11253
bsai_akp 5 2022 CMean 11253
bsai_akp 5 2022 CStdn 0.000104605
bsai_akp 5 2023 Cabc 25293.4
bsai_akp 5 2023 Cofl 26616.5
bsai_akp 5 2023 CLCI 18054
bsai_akp 5 2023 CUCI 18054
bsai_akp 5 2023 CMedian 18054
bsai_akp 5 2023 CMean 18054
bsai_akp 5 2023 CStdn 0.000103571
bsai_akp 5 2024 Cabc 25293.4
bsai_akp 5 2024 Cofl 26616.5
bsai_akp 5 2024 CLCI 18054
bsai_akp 5 2024 CUCI 18054
bsai_akp 5 2024 CMedian 18054
bsai_akp 5 2024 CMean 18054
bsai_akp 5 2024 CStdn 5.18128e-05
bsai_akp 5 2025 Cabc 25293.4
bsai_akp 5 2025 Cofl 26616.5
bsai_akp 5 2025 CLCI 0
bsai_akp 5 2025 CUCI 0
bsai_akp 5 2025 CMedian 0
bsai_akp 5 2025 CMean 0
bsai_akp 5 2025 CStdn 0
bsai_akp 5 2026 Cabc 25293.4
bsai_akp 5 2026 Cofl 26616.5
bsai_akp 5 2026 CLCI 0
bsai_akp 5 2026 CUCI 0
bsai_akp 5 2026 CMedian 0
bsai_akp 5 2026 CMean 0
bsai_akp 5 2026 CStdn 0
bsai_akp 5 2027 Cabc 25293.4
bsai_akp 5 2027 Cofl 26616.5
bsai_akp 5 2027 CLCI 0
bsai_akp 5 2027 CUCI 0
bsai_akp 5 2027 CMedian 0
bsai_akp 5 2027 CMean 0
bsai_akp 5 2027 CStdn 0
bsai_akp 5 2028 Cabc 25293.4
bsai_akp 5 2028 Cofl 26616.5
bsai_akp 5 2028 CLCI 0
bsai_akp 5 2028 CUCI 0
bsai_akp 5 2028 CMedian 0
bsai_akp 5 2028 CMean 0
bsai_akp 5 2028 CStdn 0
bsai_akp 5 2029 Cabc 25293.4
bsai_akp 5 2029 Cofl 26616.5
bsai_akp 5 2029 CLCI 0
bsai_akp 5 2029 CUCI 0
bsai_akp 5 2029 CMedian 0
bsai_akp 5 2029 CMean 0
bsai_akp 5 2029 CStdn 0
bsai_akp 5 2030 Cabc 25293.4
bsai_akp 5 2030 Cofl 26616.5
bsai_akp 5 2030 CLCI 0
bsai_akp 5 2030 CUCI 0
bsai_akp 5 2030 CMedian 0
bsai_akp 5 2030 CMean 0
bsai_akp 5 2030 CStdn 0
bsai_akp 5 2031 Cabc 25293.4
bsai_akp 5 2031 Cofl 26616.5
bsai_akp 5 2031 CLCI 0
bsai_akp 5 2031 CUCI 0
bsai_akp 5 2031 CMedian 0
bsai_akp 5 2031 CMean 0
bsai_akp 5 2031 CStdn 0
bsai_akp 5 2032 Cabc 25293.4
bsai_akp 5 2032 Cofl 26616.5
bsai_akp 5 2032 CLCI 0
bsai_akp 5 2032 CUCI 0
bsai_akp 5 2032 CMedian 0
bsai_akp 5 2032 CMean 0
bsai_akp 5 2032 CStdn 0
bsai_akp 5 2033 Cabc 25293.4
bsai_akp 5 2033 Cofl 26616.5
bsai_akp 5 2033 CLCI 0
bsai_akp 5 2033 CUCI 0
bsai_akp 5 2033 CMedian 0
bsai_akp 5 2033 CMean 0
bsai_akp 5 2033 CStdn 0
bsai_akp 5 2034 Cabc 25293.4
bsai_akp 5 2034 Cofl 26616.5
bsai_akp 5 2034 CLCI 0
bsai_akp 5 2034 CUCI 0
bsai_akp 5 2034 CMedian 0
bsai_akp 5 2034 CMean 0
bsai_akp 5 2034 CStdn 0
bsai_akp 5 2021 SSBF100 286587
bsai_akp 5 2021 SSBFabc 114635
bsai_akp 5 2021 SSBFofl 100306
bsai_akp 5 2021 SSBLCI 143363
bsai_akp 5 2021 SSBUCI 143363
bsai_akp 5 2021 SSBMedian 143363
bsai_akp 5 2021 SSBMean 143363
bsai_akp 5 2022 SSBF100 286587
bsai_akp 5 2022 SSBFabc 114635
bsai_akp 5 2022 SSBFofl 100306
bsai_akp 5 2022 SSBLCI 143424
bsai_akp 5 2022 SSBUCI 143425
bsai_akp 5 2022 SSBMedian 143424
bsai_akp 5 2022 SSBMean 143425
bsai_akp 5 2023 SSBF100 286587
bsai_akp 5 2023 SSBFabc 114635
bsai_akp 5 2023 SSBFofl 100306
bsai_akp 5 2023 SSBLCI 149674
bsai_akp 5 2023 SSBUCI 149792
bsai_akp 5 2023 SSBMedian 149716
bsai_akp 5 2023 SSBMean 149724
bsai_akp 5 2024 SSBF100 286587
bsai_akp 5 2024 SSBFabc 114635
bsai_akp 5 2024 SSBFofl 100306
bsai_akp 5 2024 SSBLCI 157881
bsai_akp 5 2024 SSBUCI 158311
bsai_akp 5 2024 SSBMedian 158053
bsai_akp 5 2024 SSBMean 158087
bsai_akp 5 2025 SSBF100 286587
bsai_akp 5 2025 SSBFabc 114635
bsai_akp 5 2025 SSBFofl 100306
bsai_akp 5 2025 SSBLCI 171070
bsai_akp 5 2025 SSBUCI 172353
bsai_akp 5 2025 SSBMedian 171552
bsai_akp 5 2025 SSBMean 171647
bsai_akp 5 2026 SSBF100 286587
bsai_akp 5 2026 SSBFabc 114635
bsai_akp 5 2026 SSBFofl 100306
bsai_akp 5 2026 SSBLCI 190750
bsai_akp 5 2026 SSBUCI 194222
bsai_akp 5 2026 SSBMedian 192050
bsai_akp 5 2026 SSBMean 192270
bsai_akp 5 2027 SSBF100 286587
bsai_akp 5 2027 SSBFabc 114635
bsai_akp 5 2027 SSBFofl 100306
bsai_akp 5 2027 SSBLCI 208627
bsai_akp 5 2027 SSBUCI 216088
bsai_akp 5 2027 SSBMedian 211509
bsai_akp 5 2027 SSBMean 211928
bsai_akp 5 2028 SSBF100 286587
bsai_akp 5 2028 SSBFabc 114635
bsai_akp 5 2028 SSBFofl 100306
bsai_akp 5 2028 SSBLCI 222774
bsai_akp 5 2028 SSBUCI 236674
bsai_akp 5 2028 SSBMedian 228046
bsai_akp 5 2028 SSBMean 228908
bsai_akp 5 2029 SSBF100 286587
bsai_akp 5 2029 SSBFabc 114635
bsai_akp 5 2029 SSBFofl 100306
bsai_akp 5 2029 SSBLCI 232659
bsai_akp 5 2029 SSBUCI 253897
bsai_akp 5 2029 SSBMedian 241007
bsai_akp 5 2029 SSBMean 242275
bsai_akp 5 2030 SSBF100 286587
bsai_akp 5 2030 SSBFabc 114635
bsai_akp 5 2030 SSBFofl 100306
bsai_akp 5 2030 SSBLCI 238808
bsai_akp 5 2030 SSBUCI 266815
bsai_akp 5 2030 SSBMedian 250944
bsai_akp 5 2030 SSBMean 252304
bsai_akp 5 2031 SSBF100 286587
bsai_akp 5 2031 SSBFabc 114635
bsai_akp 5 2031 SSBFofl 100306
bsai_akp 5 2031 SSBLCI 242096
bsai_akp 5 2031 SSBUCI 278737
bsai_akp 5 2031 SSBMedian 258515
bsai_akp 5 2031 SSBMean 259728
bsai_akp 5 2032 SSBF100 286587
bsai_akp 5 2032 SSBFabc 114635
bsai_akp 5 2032 SSBFofl 100306
bsai_akp 5 2032 SSBLCI 242544
bsai_akp 5 2032 SSBUCI 284930
bsai_akp 5 2032 SSBMedian 264682
bsai_akp 5 2032 SSBMean 265467
bsai_akp 5 2033 SSBF100 286587
bsai_akp 5 2033 SSBFabc 114635
bsai_akp 5 2033 SSBFofl 100306
bsai_akp 5 2033 SSBLCI 242866
bsai_akp 5 2033 SSBUCI 296068
bsai_akp 5 2033 SSBMedian 268715
bsai_akp 5 2033 SSBMean 270102
bsai_akp 5 2034 SSBF100 286587
bsai_akp 5 2034 SSBFabc 114635
bsai_akp 5 2034 SSBFofl 100306
bsai_akp 5 2034 SSBLCI 244224
bsai_akp 5 2034 SSBUCI 301095
bsai_akp 5 2034 SSBMedian 273171
bsai_akp 5 2034 SSBMean 273938
bsai_akp 5 2021 F0 0 
bsai_akp 5 2021 Fabc 0.140028
bsai_akp 5 2021 Fofl 0.170414
bsai_akp 5 2021  F_LCI 0.0651529
bsai_akp 5 2021  F_UCI 0.0651529
bsai_akp 5 2021  F_Median 0.0651529
bsai_akp 5 2021  F_Mean 0.0651529
bsai_akp 5 2022 F0 0 
bsai_akp 5 2022 Fabc 0.140028
bsai_akp 5 2022 Fofl 0.170414
bsai_akp 5 2022  F_LCI 0.0462118
bsai_akp 5 2022  F_UCI 0.0462463
bsai_akp 5 2022  F_Median 0.0462342
bsai_akp 5 2022  F_Mean 0.0462319
bsai_akp 5 2023 F0 0 
bsai_akp 5 2023 Fabc 0.140028
bsai_akp 5 2023 Fofl 0.170414
bsai_akp 5 2023  F_LCI 0.0721877
bsai_akp 5 2023  F_UCI 0.0723358
bsai_akp 5 2023  F_Median 0.0722838
bsai_akp 5 2023  F_Mean 0.0722739
bsai_akp 5 2024 F0 0 
bsai_akp 5 2024 Fabc 0.140028
bsai_akp 5 2024 Fofl 0.170414
bsai_akp 5 2024  F_LCI 0.0691094
bsai_akp 5 2024  F_UCI 0.0694348
bsai_akp 5 2024  F_Median 0.0693148
bsai_akp 5 2024  F_Mean 0.0693007
bsai_akp 5 2025 F0 0 
bsai_akp 5 2025 Fabc 0.140028
bsai_akp 5 2025 Fofl 0.170414
bsai_akp 5 2025  F_LCI 0
bsai_akp 5 2025  F_UCI 0
bsai_akp 5 2025  F_Median 0
bsai_akp 5 2025  F_Mean 0
bsai_akp 5 2026 F0 0 
bsai_akp 5 2026 Fabc 0.140028
bsai_akp 5 2026 Fofl 0.170414
bsai_akp 5 2026  F_LCI 0
bsai_akp 5 2026  F_UCI 0
bsai_akp 5 2026  F_Median 0
bsai_akp 5 2026  F_Mean 0
bsai_akp 5 2027 F0 0 
bsai_akp 5 2027 Fabc 0.140028
bsai_akp 5 2027 Fofl 0.170414
bsai_akp 5 2027  F_LCI 0
bsai_akp 5 2027  F_UCI 0
bsai_akp 5 2027  F_Median 0
bsai_akp 5 2027  F_Mean 0
bsai_akp 5 2028 F0 0 
bsai_akp 5 2028 Fabc 0.140028
bsai_akp 5 2028 Fofl 0.170414
bsai_akp 5 2028  F_LCI 0
bsai_akp 5 2028  F_UCI 0
bsai_akp 5 2028  F_Median 0
bsai_akp 5 2028  F_Mean 0
bsai_akp 5 2029 F0 0 
bsai_akp 5 2029 Fabc 0.140028
bsai_akp 5 2029 Fofl 0.170414
bsai_akp 5 2029  F_LCI 0
bsai_akp 5 2029  F_UCI 0
bsai_akp 5 2029  F_Median 0
bsai_akp 5 2029  F_Mean 0
bsai_akp 5 2030 F0 0 
bsai_akp 5 2030 Fabc 0.140028
bsai_akp 5 2030 Fofl 0.170414
bsai_akp 5 2030  F_LCI 0
bsai_akp 5 2030  F_UCI 0
bsai_akp 5 2030  F_Median 0
bsai_akp 5 2030  F_Mean 0
bsai_akp 5 2031 F0 0 
bsai_akp 5 2031 Fabc 0.140028
bsai_akp 5 2031 Fofl 0.170414
bsai_akp 5 2031  F_LCI 0
bsai_akp 5 2031  F_UCI 0
bsai_akp 5 2031  F_Median 0
bsai_akp 5 2031  F_Mean 0
bsai_akp 5 2032 F0 0 
bsai_akp 5 2032 Fabc 0.140028
bsai_akp 5 2032 Fofl 0.170414
bsai_akp 5 2032  F_LCI 0
bsai_akp 5 2032  F_UCI 0
bsai_akp 5 2032  F_Median 0
bsai_akp 5 2032  F_Mean 0
bsai_akp 5 2033 F0 0 
bsai_akp 5 2033 Fabc 0.140028
bsai_akp 5 2033 Fofl 0.170414
bsai_akp 5 2033  F_LCI 0
bsai_akp 5 2033  F_UCI 0
bsai_akp 5 2033  F_Median 0
bsai_akp 5 2033  F_Mean 0
bsai_akp 5 2034 F0 0 
bsai_akp 5 2034 Fabc 0.140028
bsai_akp 5 2034 Fofl 0.170414
bsai_akp 5 2034  F_LCI 0
bsai_akp 5 2034  F_UCI 0
bsai_akp 5 2034  F_Median 0
bsai_akp 5 2034  F_Mean 0
bsai_akp 6 2021 Cabc 25293.4
bsai_akp 6 2021 Cofl 26616.5
bsai_akp 6 2021 CLCI 15862
bsai_akp 6 2021 CUCI 15862
bsai_akp 6 2021 CMedian 15862
bsai_akp 6 2021 CMean 15862
bsai_akp 6 2021 CStdn 1.45519e-11
bsai_akp 6 2022 Cabc 25293.4
bsai_akp 6 2022 Cofl 26616.5
bsai_akp 6 2022 CLCI 39412.8
bsai_akp 6 2022 CUCI 39442.7
bsai_akp 6 2022 CMedian 39423.5
bsai_akp 6 2022 CMean 39425.6
bsai_akp 6 2022 CStdn 10.0513
bsai_akp 6 2023 Cabc 25293.4
bsai_akp 6 2023 Cofl 26616.5
bsai_akp 6 2023 CLCI 37220.1
bsai_akp 6 2023 CUCI 37299.5
bsai_akp 6 2023 CMedian 37249.6
bsai_akp 6 2023 CMean 37255.7
bsai_akp 6 2023 CStdn 26.2976
bsai_akp 6 2024 Cabc 25293.4
bsai_akp 6 2024 Cofl 26616.5
bsai_akp 6 2024 CLCI 36550.3
bsai_akp 6 2024 CUCI 36741.1
bsai_akp 6 2024 CMedian 36627.6
bsai_akp 6 2024 CMean 36638.1
bsai_akp 6 2024 CStdn 62.5649
bsai_akp 6 2025 Cabc 25293.4
bsai_akp 6 2025 Cofl 26616.5
bsai_akp 6 2025 CLCI 36707
bsai_akp 6 2025 CUCI 37147.4
bsai_akp 6 2025 CMedian 36877.7
bsai_akp 6 2025 CMean 36901.3
bsai_akp 6 2025 CStdn 144.483
bsai_akp 6 2026 Cabc 25293.4
bsai_akp 6 2026 Cofl 26616.5
bsai_akp 6 2026 CLCI 36973
bsai_akp 6 2026 CUCI 37937
bsai_akp 6 2026 CMedian 37341.5
bsai_akp 6 2026 CMean 37398.3
bsai_akp 6 2026 CStdn 309.838
bsai_akp 6 2027 Cabc 25293.4
bsai_akp 6 2027 Cofl 26616.5
bsai_akp 6 2027 CLCI 36841.9
bsai_akp 6 2027 CUCI 38731.9
bsai_akp 6 2027 CMedian 37560.8
bsai_akp 6 2027 CMean 37670.5
bsai_akp 6 2027 CStdn 603.769
bsai_akp 6 2028 Cabc 25293.4
bsai_akp 6 2028 Cofl 26616.5
bsai_akp 6 2028 CLCI 36048.7
bsai_akp 6 2028 CUCI 39124.8
bsai_akp 6 2028 CMedian 37274.2
bsai_akp 6 2028 CMean 37445.7
bsai_akp 6 2028 CStdn 1024.21
bsai_akp 6 2029 Cabc 25293.4
bsai_akp 6 2029 Cofl 26616.5
bsai_akp 6 2029 CLCI 34584.2
bsai_akp 6 2029 CUCI 38957.9
bsai_akp 6 2029 CMedian 36414.4
bsai_akp 6 2029 CMean 36662.1
bsai_akp 6 2029 CStdn 1495.55
bsai_akp 6 2030 Cabc 25293.4
bsai_akp 6 2030 Cofl 26616.5
bsai_akp 6 2030 CLCI 32619.2
bsai_akp 6 2030 CUCI 38259.2
bsai_akp 6 2030 CMedian 35244.2
bsai_akp 6 2030 CMean 35471.9
bsai_akp 6 2030 CStdn 1942.64
bsai_akp 6 2031 Cabc 25293.4
bsai_akp 6 2031 Cofl 26616.5
bsai_akp 6 2031 CLCI 29564.1
bsai_akp 6 2031 CUCI 37210.1
bsai_akp 6 2031 CMedian 33968.4
bsai_akp 6 2031 CMean 34043
bsai_akp 6 2031 CStdn 2485.56
bsai_akp 6 2032 Cabc 25293.4
bsai_akp 6 2032 Cofl 26616.5
bsai_akp 6 2032 CLCI 26256.1
bsai_akp 6 2032 CUCI 36720.7
bsai_akp 6 2032 CMedian 32637.4
bsai_akp 6 2032 CMean 32479.5
bsai_akp 6 2032 CStdn 3154.86
bsai_akp 6 2033 Cabc 25293.4
bsai_akp 6 2033 Cofl 26616.5
bsai_akp 6 2033 CLCI 24216.7
bsai_akp 6 2033 CUCI 35758.7
bsai_akp 6 2033 CMedian 31776.7
bsai_akp 6 2033 CMean 31063
bsai_akp 6 2033 CStdn 3613.25
bsai_akp 6 2034 Cabc 25293.4
bsai_akp 6 2034 Cofl 26616.5
bsai_akp 6 2034 CLCI 23384.6
bsai_akp 6 2034 CUCI 35256
bsai_akp 6 2034 CMedian 29888.7
bsai_akp 6 2034 CMean 29919.8
bsai_akp 6 2034 CStdn 3824.4
bsai_akp 6 2021 SSBF100 286587
bsai_akp 6 2021 SSBFabc 114635
bsai_akp 6 2021 SSBFofl 100306
bsai_akp 6 2021 SSBLCI 143363
bsai_akp 6 2021 SSBUCI 143363
bsai_akp 6 2021 SSBMedian 143363
bsai_akp 6 2021 SSBMean 143363
bsai_akp 6 2022 SSBF100 286587
bsai_akp 6 2022 SSBFabc 114635
bsai_akp 6 2022 SSBFofl 100306
bsai_akp 6 2022 SSBLCI 139656
bsai_akp 6 2022 SSBUCI 139656
bsai_akp 6 2022 SSBMedian 139656
bsai_akp 6 2022 SSBMean 139656
bsai_akp 6 2023 SSBF100 286587
bsai_akp 6 2023 SSBFabc 114635
bsai_akp 6 2023 SSBFofl 100306
bsai_akp 6 2023 SSBLCI 133433
bsai_akp 6 2023 SSBUCI 133543
bsai_akp 6 2023 SSBMedian 133472
bsai_akp 6 2023 SSBMean 133480
bsai_akp 6 2024 SSBF100 286587
bsai_akp 6 2024 SSBFabc 114635
bsai_akp 6 2024 SSBFofl 100306
bsai_akp 6 2024 SSBLCI 132852
bsai_akp 6 2024 SSBUCI 133252
bsai_akp 6 2024 SSBMedian 133011
bsai_akp 6 2024 SSBMean 133043
bsai_akp 6 2025 SSBF100 286587
bsai_akp 6 2025 SSBFabc 114635
bsai_akp 6 2025 SSBFofl 100306
bsai_akp 6 2025 SSBLCI 135147
bsai_akp 6 2025 SSBUCI 136363
bsai_akp 6 2025 SSBMedian 135604
bsai_akp 6 2025 SSBMean 135694
bsai_akp 6 2026 SSBF100 286587
bsai_akp 6 2026 SSBFabc 114635
bsai_akp 6 2026 SSBFofl 100306
bsai_akp 6 2026 SSBLCI 136786
bsai_akp 6 2026 SSBUCI 140119
bsai_akp 6 2026 SSBMedian 138038
bsai_akp 6 2026 SSBMean 138246
bsai_akp 6 2027 SSBF100 286587
bsai_akp 6 2027 SSBFabc 114635
bsai_akp 6 2027 SSBFofl 100306
bsai_akp 6 2027 SSBLCI 136384
bsai_akp 6 2027 SSBUCI 143474
bsai_akp 6 2027 SSBMedian 139093
bsai_akp 6 2027 SSBMean 139507
bsai_akp 6 2028 SSBF100 286587
bsai_akp 6 2028 SSBFabc 114635
bsai_akp 6 2028 SSBFofl 100306
bsai_akp 6 2028 SSBLCI 132868
bsai_akp 6 2028 SSBUCI 145355
bsai_akp 6 2028 SSBMedian 137584
bsai_akp 6 2028 SSBMean 138399
bsai_akp 6 2029 SSBF100 286587
bsai_akp 6 2029 SSBFabc 114635
bsai_akp 6 2029 SSBFofl 100306
bsai_akp 6 2029 SSBLCI 126639
bsai_akp 6 2029 SSBUCI 144116
bsai_akp 6 2029 SSBMedian 133759
bsai_akp 6 2029 SSBMean 134801
bsai_akp 6 2030 SSBF100 286587
bsai_akp 6 2030 SSBFabc 114635
bsai_akp 6 2030 SSBFofl 100306
bsai_akp 6 2030 SSBLCI 118555
bsai_akp 6 2030 SSBUCI 140614
bsai_akp 6 2030 SSBMedian 128887
bsai_akp 6 2030 SSBMean 129731
bsai_akp 6 2031 SSBF100 286587
bsai_akp 6 2031 SSBFabc 114635
bsai_akp 6 2031 SSBFofl 100306
bsai_akp 6 2031 SSBLCI 110584
bsai_akp 6 2031 SSBUCI 136056
bsai_akp 6 2031 SSBMedian 123847
bsai_akp 6 2031 SSBMean 124369
bsai_akp 6 2032 SSBF100 286587
bsai_akp 6 2032 SSBFabc 114635
bsai_akp 6 2032 SSBFofl 100306
bsai_akp 6 2032 SSBLCI 104191
bsai_akp 6 2032 SSBUCI 134688
bsai_akp 6 2032 SSBMedian 118877
bsai_akp 6 2032 SSBMean 119632
bsai_akp 6 2033 SSBF100 286587
bsai_akp 6 2033 SSBFabc 114635
bsai_akp 6 2033 SSBFofl 100306
bsai_akp 6 2033 SSBLCI 100122
bsai_akp 6 2033 SSBUCI 130616
bsai_akp 6 2033 SSBMedian 114774
bsai_akp 6 2033 SSBMean 115932
bsai_akp 6 2034 SSBF100 286587
bsai_akp 6 2034 SSBFabc 114635
bsai_akp 6 2034 SSBFofl 100306
bsai_akp 6 2034 SSBLCI 98627.9
bsai_akp 6 2034 SSBUCI 129538
bsai_akp 6 2034 SSBMedian 111750
bsai_akp 6 2034 SSBMean 113215
bsai_akp 6 2021 F0 0 
bsai_akp 6 2021 Fabc 0.140028
bsai_akp 6 2021 Fofl 0.170414
bsai_akp 6 2021  F_LCI 0.0651529
bsai_akp 6 2021  F_UCI 0.0651529
bsai_akp 6 2021  F_Median 0.0651529
bsai_akp 6 2021  F_Mean 0.0651529
bsai_akp 6 2022 F0 0 
bsai_akp 6 2022 Fabc 0.140028
bsai_akp 6 2022 Fofl 0.170414
bsai_akp 6 2022  F_LCI 0.170414
bsai_akp 6 2022  F_UCI 0.170414
bsai_akp 6 2022  F_Median 0.170414
bsai_akp 6 2022  F_Mean 0.170414
bsai_akp 6 2023 F0 0 
bsai_akp 6 2023 Fabc 0.140028
bsai_akp 6 2023 Fofl 0.170414
bsai_akp 6 2023  F_LCI 0.170414
bsai_akp 6 2023  F_UCI 0.170414
bsai_akp 6 2023  F_Median 0.170414
bsai_akp 6 2023  F_Mean 0.170414
bsai_akp 6 2024 F0 0 
bsai_akp 6 2024 Fabc 0.140028
bsai_akp 6 2024 Fofl 0.170414
bsai_akp 6 2024  F_LCI 0.170414
bsai_akp 6 2024  F_UCI 0.170414
bsai_akp 6 2024  F_Median 0.170414
bsai_akp 6 2024  F_Mean 0.170414
bsai_akp 6 2025 F0 0 
bsai_akp 6 2025 Fabc 0.140028
bsai_akp 6 2025 Fofl 0.170414
bsai_akp 6 2025  F_LCI 0.170414
bsai_akp 6 2025  F_UCI 0.170414
bsai_akp 6 2025  F_Median 0.170414
bsai_akp 6 2025  F_Mean 0.170414
bsai_akp 6 2026 F0 0 
bsai_akp 6 2026 Fabc 0.140028
bsai_akp 6 2026 Fofl 0.170414
bsai_akp 6 2026  F_LCI 0.170414
bsai_akp 6 2026  F_UCI 0.170414
bsai_akp 6 2026  F_Median 0.170414
bsai_akp 6 2026  F_Mean 0.170414
bsai_akp 6 2027 F0 0 
bsai_akp 6 2027 Fabc 0.140028
bsai_akp 6 2027 Fofl 0.170414
bsai_akp 6 2027  F_LCI 0.170414
bsai_akp 6 2027  F_UCI 0.170414
bsai_akp 6 2027  F_Median 0.170414
bsai_akp 6 2027  F_Mean 0.170414
bsai_akp 6 2028 F0 0 
bsai_akp 6 2028 Fabc 0.140028
bsai_akp 6 2028 Fofl 0.170414
bsai_akp 6 2028  F_LCI 0.170414
bsai_akp 6 2028  F_UCI 0.170414
bsai_akp 6 2028  F_Median 0.170414
bsai_akp 6 2028  F_Mean 0.170414
bsai_akp 6 2029 F0 0 
bsai_akp 6 2029 Fabc 0.140028
bsai_akp 6 2029 Fofl 0.170414
bsai_akp 6 2029  F_LCI 0.170414
bsai_akp 6 2029  F_UCI 0.170414
bsai_akp 6 2029  F_Median 0.170414
bsai_akp 6 2029  F_Mean 0.170414
bsai_akp 6 2030 F0 0 
bsai_akp 6 2030 Fabc 0.140028
bsai_akp 6 2030 Fofl 0.170414
bsai_akp 6 2030  F_LCI 0.170414
bsai_akp 6 2030  F_UCI 0.170414
bsai_akp 6 2030  F_Median 0.170414
bsai_akp 6 2030  F_Mean 0.170371
bsai_akp 6 2031 F0 0 
bsai_akp 6 2031 Fabc 0.140028
bsai_akp 6 2031 Fofl 0.170414
bsai_akp 6 2031  F_LCI 0.164075
bsai_akp 6 2031  F_UCI 0.170414
bsai_akp 6 2031  F_Median 0.170414
bsai_akp 6 2031  F_Mean 0.169737
bsai_akp 6 2032 F0 0 
bsai_akp 6 2032 Fabc 0.140028
bsai_akp 6 2032 Fofl 0.170414
bsai_akp 6 2032  F_LCI 0.154071
bsai_akp 6 2032  F_UCI 0.170414
bsai_akp 6 2032  F_Median 0.170414
bsai_akp 6 2032  F_Mean 0.167729
bsai_akp 6 2033 F0 0 
bsai_akp 6 2033 Fabc 0.140028
bsai_akp 6 2033 Fofl 0.170414
bsai_akp 6 2033  F_LCI 0.147704
bsai_akp 6 2033  F_UCI 0.170414
bsai_akp 6 2033  F_Median 0.170414
bsai_akp 6 2033  F_Mean 0.165216
bsai_akp 6 2034 F0 0 
bsai_akp 6 2034 Fabc 0.140028
bsai_akp 6 2034 Fofl 0.170414
bsai_akp 6 2034  F_LCI 0.145366
bsai_akp 6 2034  F_UCI 0.170414
bsai_akp 6 2034  F_Median 0.165901
bsai_akp 6 2034  F_Mean 0.1629
bsai_akp 7 2021 Cabc 25293.4
bsai_akp 7 2021 Cofl 26616.5
bsai_akp 7 2021 CLCI 15862
bsai_akp 7 2021 CUCI 15862
bsai_akp 7 2021 CMedian 15862
bsai_akp 7 2021 CMean 15862
bsai_akp 7 2021 CStdn 1.45519e-11
bsai_akp 7 2022 Cabc 25293.4
bsai_akp 7 2022 Cofl 26616.5
bsai_akp 7 2022 CLCI 32786.5
bsai_akp 7 2022 CUCI 32811
bsai_akp 7 2022 CMedian 32795.3
bsai_akp 7 2022 CMean 32797
bsai_akp 7 2022 CStdn 8.261
bsai_akp 7 2023 Cabc 25293.4
bsai_akp 7 2023 Cofl 26616.5
bsai_akp 7 2023 CLCI 31667.2
bsai_akp 7 2023 CUCI 31732.5
bsai_akp 7 2023 CMedian 31691.4
bsai_akp 7 2023 CMean 31696.5
bsai_akp 7 2023 CStdn 21.626
bsai_akp 7 2024 Cabc 25293.4
bsai_akp 7 2024 Cofl 26616.5
bsai_akp 7 2024 CLCI 38101.4
bsai_akp 7 2024 CUCI 38292.4
bsai_akp 7 2024 CMedian 38178.8
bsai_akp 7 2024 CMean 38189.3
bsai_akp 7 2024 CStdn 62.6339
bsai_akp 7 2025 Cabc 25293.4
bsai_akp 7 2025 Cofl 26616.5
bsai_akp 7 2025 CLCI 38020.7
bsai_akp 7 2025 CUCI 38461.4
bsai_akp 7 2025 CMedian 38191.5
bsai_akp 7 2025 CMean 38215.1
bsai_akp 7 2025 CStdn 144.627
bsai_akp 7 2026 Cabc 25293.4
bsai_akp 7 2026 Cofl 26616.5
bsai_akp 7 2026 CLCI 38071.9
bsai_akp 7 2026 CUCI 39036.6
bsai_akp 7 2026 CMedian 38440.8
bsai_akp 7 2026 CMean 38497.5
bsai_akp 7 2026 CStdn 310.121
bsai_akp 7 2027 Cabc 25293.4
bsai_akp 7 2027 Cofl 26616.5
bsai_akp 7 2027 CLCI 37746.6
bsai_akp 7 2027 CUCI 39638.5
bsai_akp 7 2027 CMedian 38466.1
bsai_akp 7 2027 CMean 38575.8
bsai_akp 7 2027 CStdn 604.272
bsai_akp 7 2028 Cabc 25293.4
bsai_akp 7 2028 Cofl 26616.5
bsai_akp 7 2028 CLCI 36781.2
bsai_akp 7 2028 CUCI 39860.3
bsai_akp 7 2028 CMedian 38008.2
bsai_akp 7 2028 CMean 38179.5
bsai_akp 7 2028 CStdn 1024.98
bsai_akp 7 2029 Cabc 25293.4
bsai_akp 7 2029 Cofl 26616.5
bsai_akp 7 2029 CLCI 35169.8
bsai_akp 7 2029 CUCI 39546.2
bsai_akp 7 2029 CMedian 36999.7
bsai_akp 7 2029 CMean 37248.5
bsai_akp 7 2029 CStdn 1496.51
bsai_akp 7 2030 Cabc 25293.4
bsai_akp 7 2030 Cofl 26616.5
bsai_akp 7 2030 CLCI 33080
bsai_akp 7 2030 CUCI 38724.2
bsai_akp 7 2030 CMedian 35707.1
bsai_akp 7 2030 CMean 35938.7
bsai_akp 7 2030 CStdn 1933.29
bsai_akp 7 2031 Cabc 25293.4
bsai_akp 7 2031 Cofl 26616.5
bsai_akp 7 2031 CLCI 30227
bsai_akp 7 2031 CUCI 37575
bsai_akp 7 2031 CMedian 34330.2
bsai_akp 7 2031 CMean 34437.8
bsai_akp 7 2031 CStdn 2432.17
bsai_akp 7 2032 Cabc 25293.4
bsai_akp 7 2032 Cofl 26616.5
bsai_akp 7 2032 CLCI 26667.1
bsai_akp 7 2032 CUCI 37000
bsai_akp 7 2032 CMedian 32916.8
bsai_akp 7 2032 CMean 32820.8
bsai_akp 7 2032 CStdn 3094.63
bsai_akp 7 2033 Cabc 25293.4
bsai_akp 7 2033 Cofl 26616.5
bsai_akp 7 2033 CLCI 24474.2
bsai_akp 7 2033 CUCI 35975.7
bsai_akp 7 2033 CMedian 31994.3
bsai_akp 7 2033 CMean 31333.7
bsai_akp 7 2033 CStdn 3581.01
bsai_akp 7 2034 Cabc 25293.4
bsai_akp 7 2034 Cofl 26616.5
bsai_akp 7 2034 CLCI 23549.6
bsai_akp 7 2034 CUCI 35421.2
bsai_akp 7 2034 CMedian 30141.4
bsai_akp 7 2034 CMean 30122
bsai_akp 7 2034 CStdn 3814.91
bsai_akp 7 2021 SSBF100 286587
bsai_akp 7 2021 SSBFabc 114635
bsai_akp 7 2021 SSBFofl 100306
bsai_akp 7 2021 SSBLCI 143363
bsai_akp 7 2021 SSBUCI 143363
bsai_akp 7 2021 SSBMedian 143363
bsai_akp 7 2021 SSBMean 143363
bsai_akp 7 2022 SSBF100 286587
bsai_akp 7 2022 SSBFabc 114635
bsai_akp 7 2022 SSBFofl 100306
bsai_akp 7 2022 SSBLCI 140568
bsai_akp 7 2022 SSBUCI 140568
bsai_akp 7 2022 SSBMedian 140568
bsai_akp 7 2022 SSBMean 140568
bsai_akp 7 2023 SSBF100 286587
bsai_akp 7 2023 SSBFabc 114635
bsai_akp 7 2023 SSBFofl 100306
bsai_akp 7 2023 SSBLCI 137388
bsai_akp 7 2023 SSBUCI 137498
bsai_akp 7 2023 SSBMedian 137428
bsai_akp 7 2023 SSBMean 137435
bsai_akp 7 2024 SSBF100 286587
bsai_akp 7 2024 SSBFabc 114635
bsai_akp 7 2024 SSBFofl 100306
bsai_akp 7 2024 SSBLCI 138449
bsai_akp 7 2024 SSBUCI 138849
bsai_akp 7 2024 SSBMedian 138609
bsai_akp 7 2024 SSBMean 138641
bsai_akp 7 2025 SSBF100 286587
bsai_akp 7 2025 SSBFabc 114635
bsai_akp 7 2025 SSBFofl 100306
bsai_akp 7 2025 SSBLCI 139886
bsai_akp 7 2025 SSBUCI 141103
bsai_akp 7 2025 SSBMedian 140344
bsai_akp 7 2025 SSBMean 140433
bsai_akp 7 2026 SSBF100 286587
bsai_akp 7 2026 SSBFabc 114635
bsai_akp 7 2026 SSBFofl 100306
bsai_akp 7 2026 SSBLCI 140730
bsai_akp 7 2026 SSBUCI 144066
bsai_akp 7 2026 SSBMedian 141984
bsai_akp 7 2026 SSBMean 142192
bsai_akp 7 2027 SSBF100 286587
bsai_akp 7 2027 SSBFabc 114635
bsai_akp 7 2027 SSBFofl 100306
bsai_akp 7 2027 SSBLCI 139602
bsai_akp 7 2027 SSBUCI 146696
bsai_akp 7 2027 SSBMedian 142313
bsai_akp 7 2027 SSBMean 142727
bsai_akp 7 2028 SSBF100 286587
bsai_akp 7 2028 SSBFabc 114635
bsai_akp 7 2028 SSBFofl 100306
bsai_akp 7 2028 SSBLCI 135446
bsai_akp 7 2028 SSBUCI 147938
bsai_akp 7 2028 SSBMedian 140165
bsai_akp 7 2028 SSBMean 140980
bsai_akp 7 2029 SSBF100 286587
bsai_akp 7 2029 SSBFabc 114635
bsai_akp 7 2029 SSBFofl 100306
bsai_akp 7 2029 SSBLCI 128674
bsai_akp 7 2029 SSBUCI 146160
bsai_akp 7 2029 SSBMedian 135796
bsai_akp 7 2029 SSBMean 136838
bsai_akp 7 2030 SSBF100 286587
bsai_akp 7 2030 SSBFabc 114635
bsai_akp 7 2030 SSBFofl 100306
bsai_akp 7 2030 SSBLCI 120139
bsai_akp 7 2030 SSBUCI 142210
bsai_akp 7 2030 SSBMedian 130476
bsai_akp 7 2030 SSBMean 131319
bsai_akp 7 2031 SSBF100 286587
bsai_akp 7 2031 SSBFabc 114635
bsai_akp 7 2031 SSBFofl 100306
bsai_akp 7 2031 SSBLCI 111765
bsai_akp 7 2031 SSBUCI 137292
bsai_akp 7 2031 SSBMedian 125074
bsai_akp 7 2031 SSBMean 125589
bsai_akp 7 2032 SSBF100 286587
bsai_akp 7 2032 SSBFabc 114635
bsai_akp 7 2032 SSBFofl 100306
bsai_akp 7 2032 SSBLCI 104958
bsai_akp 7 2032 SSBUCI 135626
bsai_akp 7 2032 SSBMedian 119822
bsai_akp 7 2032 SSBMean 120545
bsai_akp 7 2033 SSBF100 286587
bsai_akp 7 2033 SSBFabc 114635
bsai_akp 7 2033 SSBFofl 100306
bsai_akp 7 2033 SSBLCI 100614
bsai_akp 7 2033 SSBUCI 131334
bsai_akp 7 2033 SSBMedian 115496
bsai_akp 7 2033 SSBMean 116592
bsai_akp 7 2034 SSBF100 286587
bsai_akp 7 2034 SSBFabc 114635
bsai_akp 7 2034 SSBFofl 100306
bsai_akp 7 2034 SSBLCI 98943.3
bsai_akp 7 2034 SSBUCI 130083
bsai_akp 7 2034 SSBMedian 112188
bsai_akp 7 2034 SSBMean 113678
bsai_akp 7 2021 F0 0 
bsai_akp 7 2021 Fabc 0.140028
bsai_akp 7 2021 Fofl 0.170414
bsai_akp 7 2021  F_LCI 0.0651529
bsai_akp 7 2021  F_UCI 0.0651529
bsai_akp 7 2021  F_Median 0.0651529
bsai_akp 7 2021  F_Mean 0.0651529
bsai_akp 7 2022 F0 0 
bsai_akp 7 2022 Fabc 0.140028
bsai_akp 7 2022 Fofl 0.170414
bsai_akp 7 2022  F_LCI 0.140028
bsai_akp 7 2022  F_UCI 0.140028
bsai_akp 7 2022  F_Median 0.140028
bsai_akp 7 2022  F_Mean 0.140028
bsai_akp 7 2023 F0 0 
bsai_akp 7 2023 Fabc 0.140028
bsai_akp 7 2023 Fofl 0.170414
bsai_akp 7 2023  F_LCI 0.140028
bsai_akp 7 2023  F_UCI 0.140028
bsai_akp 7 2023  F_Median 0.140028
bsai_akp 7 2023  F_Mean 0.140028
bsai_akp 7 2024 F0 0 
bsai_akp 7 2024 Fabc 0.140028
bsai_akp 7 2024 Fofl 0.170414
bsai_akp 7 2024  F_LCI 0.170414
bsai_akp 7 2024  F_UCI 0.170414
bsai_akp 7 2024  F_Median 0.170414
bsai_akp 7 2024  F_Mean 0.170414
bsai_akp 7 2025 F0 0 
bsai_akp 7 2025 Fabc 0.140028
bsai_akp 7 2025 Fofl 0.170414
bsai_akp 7 2025  F_LCI 0.170414
bsai_akp 7 2025  F_UCI 0.170414
bsai_akp 7 2025  F_Median 0.170414
bsai_akp 7 2025  F_Mean 0.170414
bsai_akp 7 2026 F0 0 
bsai_akp 7 2026 Fabc 0.140028
bsai_akp 7 2026 Fofl 0.170414
bsai_akp 7 2026  F_LCI 0.170414
bsai_akp 7 2026  F_UCI 0.170414
bsai_akp 7 2026  F_Median 0.170414
bsai_akp 7 2026  F_Mean 0.170414
bsai_akp 7 2027 F0 0 
bsai_akp 7 2027 Fabc 0.140028
bsai_akp 7 2027 Fofl 0.170414
bsai_akp 7 2027  F_LCI 0.170414
bsai_akp 7 2027  F_UCI 0.170414
bsai_akp 7 2027  F_Median 0.170414
bsai_akp 7 2027  F_Mean 0.170414
bsai_akp 7 2028 F0 0 
bsai_akp 7 2028 Fabc 0.140028
bsai_akp 7 2028 Fofl 0.170414
bsai_akp 7 2028  F_LCI 0.170414
bsai_akp 7 2028  F_UCI 0.170414
bsai_akp 7 2028  F_Median 0.170414
bsai_akp 7 2028  F_Mean 0.170414
bsai_akp 7 2029 F0 0 
bsai_akp 7 2029 Fabc 0.140028
bsai_akp 7 2029 Fofl 0.170414
bsai_akp 7 2029  F_LCI 0.170414
bsai_akp 7 2029  F_UCI 0.170414
bsai_akp 7 2029  F_Median 0.170414
bsai_akp 7 2029  F_Mean 0.170414
bsai_akp 7 2030 F0 0 
bsai_akp 7 2030 Fabc 0.140028
bsai_akp 7 2030 Fofl 0.170414
bsai_akp 7 2030  F_LCI 0.170414
bsai_akp 7 2030  F_UCI 0.170414
bsai_akp 7 2030  F_Median 0.170414
bsai_akp 7 2030  F_Mean 0.170395
bsai_akp 7 2031 F0 0 
bsai_akp 7 2031 Fabc 0.140028
bsai_akp 7 2031 Fofl 0.170414
bsai_akp 7 2031  F_LCI 0.165925
bsai_akp 7 2031  F_UCI 0.170414
bsai_akp 7 2031  F_Median 0.170414
bsai_akp 7 2031  F_Mean 0.169943
bsai_akp 7 2032 F0 0 
bsai_akp 7 2032 Fabc 0.140028
bsai_akp 7 2032 Fofl 0.170414
bsai_akp 7 2032  F_LCI 0.155271
bsai_akp 7 2032  F_UCI 0.170414
bsai_akp 7 2032  F_Median 0.170414
bsai_akp 7 2032  F_Mean 0.168144
bsai_akp 7 2033 F0 0 
bsai_akp 7 2033 Fabc 0.140028
bsai_akp 7 2033 Fofl 0.170414
bsai_akp 7 2033  F_LCI 0.148474
bsai_akp 7 2033  F_UCI 0.170414
bsai_akp 7 2033  F_Median 0.170414
bsai_akp 7 2033  F_Mean 0.165657
bsai_akp 7 2034 F0 0 
bsai_akp 7 2034 Fabc 0.140028
bsai_akp 7 2034 Fofl 0.170414
bsai_akp 7 2034  F_LCI 0.145859
bsai_akp 7 2034  F_UCI 0.170414
bsai_akp 7 2034  F_Median 0.166586
bsai_akp 7 2034  F_Mean 0.163279
