Alternative 1 Catch
     BSAI_YFINSS 
Equil_Fabc 329.289 
Year 
2021 146.5 
2022 150 
2023 133.271 
2024 124.721 
2025 122.275 
2026 127.847 
2027 136.396 
2028 143.3 
2029 149.29 
2030 160.996 
2031 183.829 
2032 212.458 
2033 239.183 
2034 261.454 

Alternative 1 ABCs
     BSAI_YFINSS 

Year 
2021 145.768 
2022 142.531 
2023 133.271 
2024 124.721 
2025 122.275 
2026 127.847 
2027 136.396 
2028 143.3 
2029 149.29 
2030 160.996 
2031 183.829 
2032 212.458 
2033 239.183 
2034 261.454 

Alternative 1 TACs
     BSAI_YFINSS 

Year 
2021  NA 
2022  NA 
2023 133.271 
2024 124.721 
2025 122.275 
2026 127.847 
2027 136.396 
2028 143.3 
2029 149.29 
2030 160.996 
2031 183.829 
2032 212.458 
2033 239.183 
2034 261.454 

Alternative 1 Sp_Biomass
     BSAI_YFINSS 
Equil_Fabc 1259.56 
Year 
2021 851.554 
2022 845.501 
2023 823.83 
2024 794.886 
2025 778.264 
2026 791.553 
2027 818.656 
2028 842.176 
2029 857.009 
2030 877.364 
2031 926.348 
2032 997.921 
2033 1070.02 
2034 1130.46 

Alternative 1 Fishing Mortality
     BSAI_YFINSS 
Equil_Fabc 0.14054 
Year 
2021 0.0931161 
2022 0.0970769 
2023 0.0893624 
2024 0.0859629 
2025 0.0840107 
2026 0.0855716 
2027 0.0887548 
2028 0.0915173 
2029 0.0932594 
2030 0.0956343 
2031 0.100953 
2032 0.107488 
2033 0.113403 
2034 0.11755 

Alternative 1 Biomass
     BSAI_YFINSS 

Year 
2021 2705.75 
2022 2659.68 
2023 2625.06 
2024 2701.63 
2025 2823.74 
2026 2969.04 
2027 3083.13 
2028 3222.29 
2029 3405.9 
2030 3633.03 
2031 3884.98 
2032 4104.72 
2033 4275.62 
2034 4399.14 

Alternative 1 Implied SPR rate 
     BSAI_YFINSS 
Equil_Fabc 0.4 
Year 
2021 0.509452 
2022 0.498341 
2023 0.520398 
2024 0.530679 
2025 0.536749 
2026 0.531886 
2027 0.52221 
2028 0.51407 
2029 0.509138 
2030 0.502899 
2031 0.489845 
2032 0.474337 
2033 0.460739 
2034 0.451261 

  BSAI_YFINSS 
EquilAvgAgeF0  8.04108 
EquilAvgAgeFabc  6.04642 
AvgAgeYr2034 86.8679 
Alternative 2 Catch
     BSAI_YFINSS 
Equil_Fabc 329.289 
Year 
2021 146.5 
2022 150 
2023 133.271 
2024 124.721 
2025 122.275 
2026 127.847 
2027 136.396 
2028 143.3 
2029 149.29 
2030 160.996 
2031 183.829 
2032 212.458 
2033 239.183 
2034 261.454 

Alternative 2 ABCs
     BSAI_YFINSS 

Year 
2021 145.768 
2022 142.531 
2023 133.271 
2024 124.721 
2025 122.275 
2026 127.847 
2027 136.396 
2028 143.3 
2029 149.29 
2030 160.996 
2031 183.829 
2032 212.458 
2033 239.183 
2034 261.454 

Alternative 2 TACs
     BSAI_YFINSS 

Year 
2021  NA 
2022  NA 
2023 133.271 
2024 124.721 
2025 122.275 
2026 127.847 
2027 136.396 
2028 143.3 
2029 149.29 
2030 160.996 
2031 183.829 
2032 212.458 
2033 239.183 
2034 261.454 

Alternative 2 Sp_Biomass
     BSAI_YFINSS 
Equil_Fabc 1259.56 
Year 
2021 851.554 
2022 845.501 
2023 823.83 
2024 794.886 
2025 778.264 
2026 791.553 
2027 818.656 
2028 842.176 
2029 857.009 
2030 877.364 
2031 926.348 
2032 997.921 
2033 1070.02 
2034 1130.46 

Alternative 2 Fishing Mortality
     BSAI_YFINSS 
Equil_Fabc 0.14054 
Year 
2021 0.0931161 
2022 0.0970769 
2023 0.0893624 
2024 0.0859629 
2025 0.0840107 
2026 0.0855716 
2027 0.0887548 
2028 0.0915173 
2029 0.0932594 
2030 0.0956343 
2031 0.100953 
2032 0.107488 
2033 0.113403 
2034 0.11755 

Alternative 2 Biomass
     BSAI_YFINSS 

Year 
2021 2705.75 
2022 2659.68 
2023 2625.06 
2024 2701.63 
2025 2823.74 
2026 2969.04 
2027 3083.13 
2028 3222.29 
2029 3405.9 
2030 3633.03 
2031 3884.98 
2032 4104.72 
2033 4275.62 
2034 4399.14 

Alternative 2 Implied SPR rate 
     BSAI_YFINSS 
Equil_Fabc 0.4 
Year 
2021 0.509452 
2022 0.498341 
2023 0.520398 
2024 0.530679 
2025 0.536749 
2026 0.531886 
2027 0.52221 
2028 0.51407 
2029 0.509138 
2030 0.502899 
2031 0.489845 
2032 0.474337 
2033 0.460739 
2034 0.451261 

  BSAI_YFINSS 
EquilAvgAgeF0  8.04108 
EquilAvgAgeFabc  6.04642 
AvgAgeYr2034 86.8679 
Alternative 3 Catch
     BSAI_YFINSS 
Equil_Fabc 329.289 
Year 
2021 146.5 
2022 150 
2023 79.0665 
2024 79.1272 
2025 81.1238 
2026 84.7026 
2027 88.5456 
2028 91.7355 
2029 95.1865 
2030 100.691 
2031 108.513 
2032 118.084 
2033 127.565 
2034 137.12 

Alternative 3 ABCs
     BSAI_YFINSS 

Year 
2021 145.768 
2022 142.531 
2023 133.271 
2024 132.605 
2025 136.473 
2026 147.822 
2027 162.555 
2028 176.246 
2029 189.455 
2030 209.066 
2031 239.843 
2032 276.184 
2033 309.362 
2034 339.808 

Alternative 3 TACs
     BSAI_YFINSS 

Year 
2021  NA 
2022  NA 
2023 79.0665 
2024 79.1272 
2025 81.1238 
2026 84.7026 
2027 88.5456 
2028 91.7355 
2029 95.1865 
2030 100.691 
2031 108.513 
2032 118.084 
2033 127.565 
2034 137.12 

Alternative 3 Sp_Biomass
     BSAI_YFINSS 
Equil_Fabc 1259.56 
Year 
2021 851.554 
2022 845.501 
2023 832.95 
2024 828.29 
2025 830.999 
2026 861.168 
2027 905.45 
2028 947.71 
2029 981.205 
2030 1019.48 
2031 1088.74 
2032 1187.66 
2033 1294.43 
2034 1395.27 

Alternative 3 Fishing Mortality
     BSAI_YFINSS 
Equil_Fabc 0.14054 
Year 
2021 0.0931161 
2022 0.0970769 
2023 0.0522 
2024 0.0522 
2025 0.0522 
2026 0.0522 
2027 0.0522 
2028 0.0522 
2029 0.0522 
2030 0.0522 
2031 0.0522 
2032 0.0522 
2033 0.0522 
2034 0.0522 

Alternative 3 Biomass
     BSAI_YFINSS 

Year 
2021 2705.75 
2022 2659.68 
2023 2625.06 
2024 2755 
2025 2918.49 
2026 3098.32 
2027 3245.67 
2028 3419.35 
2029 3638.62 
2030 3901.42 
2031 4193.5 
2032 4466.56 
2033 4704.04 
2034 4905.08 

Alternative 3 Implied SPR rate 
     BSAI_YFINSS 
Equil_Fabc 0.4 
Year 
2021 0.509452 
2022 0.498341 
2023 0.65642 
2024 0.65642 
2025 0.65642 
2026 0.65642 
2027 0.65642 
2028 0.65642 
2029 0.65642 
2030 0.65642 
2031 0.65642 
2032 0.65642 
2033 0.65642 
2034 0.65642 

  BSAI_YFINSS 
EquilAvgAgeF0  8.04108 
EquilAvgAgeFabc  6.04642 
AvgAgeYr2034 89.5352 
Alternative 4 Catch
     BSAI_YFINSS 
Equil_Fabc 329.289 
Year 
2021 146.5 
2022 150 
2023 99.0754 
2024 98.0789 
2025 99.6272 
2026 103.253 
2027 107.258 
2028 110.494 
2029 114.105 
2030 120.355 
2031 129.541 
2032 140.875 
2033 152.076 
2034 163.299 

Alternative 4 ABCs
     BSAI_YFINSS 

Year 
2021 145.768 
2022 142.531 
2023 133.271 
2024 129.667 
2025 130.832 
2026 139.483 
2027 151.44 
2028 162.355 
2029 172.835 
2030 189.601 
2031 218.084 
2032 252.968 
2033 285.739 
2034 315.748 

Alternative 4 TACs
     BSAI_YFINSS 

Year 
2021  NA 
2022  NA 
2023 99.0754 
2024 98.0789 
2025 99.6272 
2026 103.253 
2027 107.258 
2028 110.494 
2029 114.105 
2030 120.355 
2031 129.541 
2032 140.875 
2033 152.076 
2034 163.299 

Alternative 4 Sp_Biomass
     BSAI_YFINSS 
Equil_Fabc 1259.56 
Year 
2021 851.554 
2022 845.501 
2023 829.604 
2024 815.608 
2025 809.976 
2026 832.52 
2027 869.581 
2028 904.766 
2029 931.801 
2030 964.335 
2031 1027.93 
2032 1120.57 
2033 1220.76 
2034 1314.72 

Alternative 4 Fishing Mortality
     BSAI_YFINSS 
Equil_Fabc 0.14054 
Year 
2021 0.0931161 
2022 0.0970769 
2023 0.0657829 
2024 0.0657829 
2025 0.0657829 
2026 0.0657829 
2027 0.0657829 
2028 0.0657829 
2029 0.0657829 
2030 0.0657829 
2031 0.0657829 
2032 0.0657829 
2033 0.0657829 
2034 0.0657829 

Alternative 4 Biomass
     BSAI_YFINSS 

Year 
2021 2705.75 
2022 2659.68 
2023 2625.06 
2024 2735.3 
2025 2881.42 
2026 3045.37 
2027 3178.24 
2028 3338.75 
2029 3545.82 
2030 3797.23 
2031 4077.8 
2032 4338.43 
2033 4563.39 
2034 4751.66 

Alternative 4 Implied SPR rate 
     BSAI_YFINSS 
Equil_Fabc 0.4 
Year 
2021 0.509452 
2022 0.498341 
2023 0.6 
2024 0.6 
2025 0.6 
2026 0.6 
2027 0.6 
2028 0.6 
2029 0.6 
2030 0.6 
2031 0.6 
2032 0.6 
2033 0.6 
2034 0.6 

  BSAI_YFINSS 
EquilAvgAgeF0  8.04108 
EquilAvgAgeFabc  6.04642 
AvgAgeYr2034 88.6035 
Alternative 5 Catch
     BSAI_YFINSS 
Equil_Fabc 329.289 
Year 
2021 146.5 
2022 150 
2023  NA 
2024  NA 
2025  NA 
2026  NA 
2027  NA 
2028  NA 
2029  NA 
2030  NA 
2031  NA 
2032  NA 
2033  NA 
2034  NA 

Alternative 5 ABCs
     BSAI_YFINSS 

Year 
2021 145.768 
2022 142.531 
2023 133.271 
2024 144.533 
2025 160.593 
2026 185.162 
2027 214.384 
2028 243.456 
2029 272.559 
2030 306.296 
2031 341.253 
2032 376.089 
2033 409.022 
2034 442.245 

Alternative 5 TACs
     BSAI_YFINSS 

Year 
2021  NA 
2022  NA 
2023  NA 
2024  NA 
2025  NA 
2026  NA 
2027  NA 
2028  NA 
2029  NA 
2030  NA 
2031  NA 
2032  NA 
2033  NA 
2034  NA 

Alternative 5 Sp_Biomass
     BSAI_YFINSS 
Equil_Fabc 1259.56 
Year 
2021 851.554 
2022 845.501 
2023 845.936 
2024 879.013 
2025 917.597 
2026 982.496 
2027 1061.23 
2028 1138.55 
2029 1205.63 
2030 1275.28 
2031 1376.21 
2032 1509.84 
2033 1652.53 
2034 1790.84 

Alternative 5 Fishing Mortality
     BSAI_YFINSS 
Equil_Fabc 0.14054 
Year 
2021 0.0931161 
2022 0.0970769 
2023  NA 
2024  NA 
2025  NA 
2026  NA 
2027  NA 
2028  NA 
2029  NA 
2030  NA 
2031  NA 
2032  NA 
2033  NA 
2034  NA 

Alternative 5 Biomass
     BSAI_YFINSS 

Year 
2021 2705.75 
2022 2659.68 
2023 2625.06 
2024 2832.86 
2025 3069.07 
2026 3319.03 
2027 3533.59 
2028 3771.47 
2029 4052.91 
2030 4375.93 
2031 4729.54 
2032 5069.1 
2033 5373.61 
2034 5643.2 

Alternative 5 Implied SPR rate 
     BSAI_YFINSS 
Equil_Fabc 0.4 
Year 
2021 0.509452 
2022 0.498341 
2023 1 
2024 1 
2025 1 
2026 1 
2027 1 
2028 1 
2029 1 
2030 1 
2031 1 
2032 1 
2033 1 
2034 1 

  BSAI_YFINSS 
EquilAvgAgeF0  8.04108 
EquilAvgAgeFabc  6.04642 
AvgAgeYr2034 93.7001 
Alternative 6 Catch
     BSAI_YFINSS 
Equil_Fabc 329.289 
Year 
2021 146.5 
2022 170.867 
2023 156.189 
2024 142.413 
2025 137.069 
2026 141.679 
2027 149.939 
2028 156.382 
2029 161.961 
2030 174.346 
2031 199.713 
2032 232.157 
2033 262.267 
2034 286.871 

Alternative 6 ABCs
     BSAI_YFINSS 

Year 
2021 145.768 
2022 142.531 
2023 130.243 
2024 118.678 
2025 114.145 
2026 117.962 
2027 124.875 
2028 130.29 
2029 134.96 
2030 145.284 
2031 166.48 
2032 193.572 
2033 218.766 
2034 239.3 

Alternative 6 TACs
     BSAI_YFINSS 

Year 
2021  NA 
2022 170.867 
2023 156.189 
2024 142.413 
2025 137.069 
2026 141.679 
2027 149.939 
2028 156.382 
2029 161.961 
2030 174.346 
2031 199.713 
2032 232.157 
2033 262.267 
2034 286.871 

Alternative 6 Sp_Biomass
     BSAI_YFINSS 
Equil_Fabc 1259.56 
Year 
2021 851.554 
2022 842.014 
2023 810.144 
2024 771.623 
2025 748.35 
2026 756.615 
2027 779.419 
2028 798.9 
2029 810.408 
2030 828.147 
2031 874.277 
2032 941.591 
2033 1007.94 
2034 1061.47 

Alternative 6 Fishing Mortality
     BSAI_YFINSS 
Equil_Fabc 0.14054 
Year 
2021 0.0931161 
2022 0.111222 
2023 0.106672 
2024 0.101172 
2025 0.0978494 
2026 0.0990295 
2027 0.102285 
2028 0.105066 
2029 0.10671 
2030 0.109239 
2031 0.115454 
2032 0.123461 
2033 0.130858 
2034 0.136109 

Alternative 6 Biomass
     BSAI_YFINSS 

Year 
2021 2705.75 
2022 2659.68 
2023 2604.68 
2024 2660.19 
2025 2767.78 
2026 2902.21 
2027 3007.55 
2028 3139.26 
2029 3316.41 
2030 3537.92 
2031 3783.63 
2032 3994.64 
2033 4154.13 
2034 4263.97 

Alternative 6 Implied SPR rate 
     BSAI_YFINSS 
Equil_Fabc 0.4 
Year 
2021 0.509452 
2022 0.461973 
2023 0.473141 
2024 0.487299 
2025 0.496224 
2026 0.493021 
2027 0.484373 
2028 0.477205 
2029 0.47316 
2030 0.467458 
2031 0.454398 
2032 0.438269 
2033 0.423874 
2034 0.413753 

  BSAI_YFINSS 
EquilAvgAgeF0  8.04108 
EquilAvgAgeFabc  6.04642 
AvgAgeYr2034 85.9133 
Alternative 7 Catch
     BSAI_YFINSS 
Equil_Fabc 329.289 
Year 
2021 146.5 
2022 142.531 
2023 134.363 
2024 150.636 
2025 143.365 
2026 146.604 
2027 153.737 
2028 159.216 
2029 164.02 
2030 175.83 
2031 200.764 
2032 232.86 
2033 262.709 
2034 287.131 

Alternative 7 ABCs
     BSAI_YFINSS 

Year 
2021 145.768 
2022 142.531 
2023 134.363 
2024 125.58 
2025 119.426 
2026 122.092 
2027 128.062 
2028 132.67 
2029 136.689 
2030 146.53 
2031 167.365 
2032 194.162 
2033 219.138 
2034 239.518 

Alternative 7 TACs
     BSAI_YFINSS 

Year 
2021  NA 
2022 170.867 
2023 161.093 
2024 150.636 
2025 143.365 
2026 146.604 
2027 153.737 
2028 159.216 
2029 164.02 
2030 175.83 
2031 200.764 
2032 232.86 
2033 262.709 
2034 287.131 

Alternative 7 Sp_Biomass
     BSAI_YFINSS 
Equil_Fabc 1259.56 
Year 
2021 851.554 
2022 846.744 
2023 827.146 
2024 793.329 
2025 765.343 
2026 769.762 
2027 789.326 
2028 806.183 
2029 815.623 
2030 831.793 
2031 876.762 
2032 943.22 
2033 1008.95 
2034 1062.07 

Alternative 7 Fishing Mortality
     BSAI_YFINSS 
Equil_Fabc 0.14054 
Year 
2021 0.0931161 
2022 0.0920537 
2023 0.0897519 
2024 0.104271 
2025 0.100275 
2026 0.100906 
2027 0.1037 
2028 0.106106 
2029 0.107454 
2030 0.109759 
2031 0.115805 
2032 0.123681 
2033 0.130989 
2034 0.136183 

Alternative 7 Biomass
     BSAI_YFINSS 

Year 
2021 2705.75 
2022 2659.68 
2023 2632.36 
2024 2707.31 
2025 2803.28 
2026 2928.82 
2027 3027.05 
2028 3153.23 
2029 3326.23 
2030 3544.66 
2031 3788.09 
2032 3997.49 
2033 4155.85 
2034 4264.96 

Alternative 7 Implied SPR rate 
     BSAI_YFINSS 
Equil_Fabc 0.4 
Year 
2021 0.509452 
2022 0.512508 
2023 0.519243 
2024 0.47923 
2025 0.489679 
2026 0.488002 
2027 0.4807 
2028 0.474571 
2029 0.471299 
2030 0.466182 
2031 0.453571 
2032 0.437769 
2033 0.423587 
2034 0.413593 

  BSAI_YFINSS 
EquilAvgAgeF0  8.04108 
EquilAvgAgeFabc  6.04642 
AvgAgeYr2034 86.103 
