Alternative 1 Catch
     fm_projection_model_output 
Equil_Fabc 86.5366 
Year 
2022 16.0143 
2023 40.76 
2024 68.837 
2025 86.8677 
2026 102.226 
2027 115.284 
2028 123.228 
2029 120.399 
2030 113.075 
2031 104.095 
2032 96.9626 
2033 91.6485 
2034 87.7588 
2035 84.8218 

Alternative 1 ABCs
     fm_projection_model_output 

Year 
2022 46.4652 
2023 55.0776 
2024 68.837 
2025 86.8677 
2026 102.226 
2027 115.284 
2028 123.228 
2029 120.399 
2030 113.075 
2031 104.095 
2032 96.9626 
2033 91.6485 
2034 87.7588 
2035 84.8218 

Alternative 1 TACs
     fm_projection_model_output 

Year 
2022  NA 
2023  NA 
2024 68.837 
2025 86.8677 
2026 102.226 
2027 115.284 
2028 123.228 
2029 120.399 
2030 113.075 
2031 104.095 
2032 96.9626 
2033 91.6485 
2034 87.7588 
2035 84.8218 

Alternative 1 Sp_Biomass
     fm_projection_model_output 
Equil_Fabc 315.479 
Year 
2022 250.337 
2023 260.109 
2024 281.154 
2025 307.899 
2026 343.853 
2027 395.845 
2028 455.428 
2029 467.181 
2030 446.244 
2031 422.449 
2032 395.701 
2033 376.423 
2034 362.375 
2035 352.542 

Alternative 1 Fishing Mortality
     fm_projection_model_output 
Equil_Fabc 0.188734 
Year 
2022 0.0487004 
2023 0.111912 
2024 0.167118 
2025 0.18396 
2026 0.188734 
2027 0.188734 
2028 0.188734 
2029 0.188734 
2030 0.188734 
2031 0.188734 
2032 0.188506 
2033 0.181208 
2034 0.172317 
2035 0.165532 

Alternative 1 Biomass
     fm_projection_model_output 

Year 
2022 1237.04 
2023 1407.71 
2024 1532.65 
2025 1625.16 
2026 1636.48 
2027 1588.72 
2028 1535.22 
2029 1452.17 
2030 1401.19 
2031 1362.01 
2032 1318.27 
2033 1292.49 
2034 1267.39 
2035 1244.83 

Alternative 1 Implied SPR rate 
     fm_projection_model_output 
Equil_Fabc 0.4 
Year 
2022 0.725742 
2023 0.531646 
2024 0.430034 
2025 0.406269 
2026 0.4 
2027 0.4 
2028 0.4 
2029 0.4 
2030 0.4 
2031 0.4 
2032 0.400299 
2033 0.410627 
2034 0.424712 
2035 0.436657 

  fm_projection_model_output 
EquilAvgAgeF0  6.82173 
EquilAvgAgeFabc  5.11752 
AvgAgeYr2035 86.747 
Alternative 2 Catch
     fm_projection_model_output 
Equil_Fabc 86.5366 
Year 
2022 16.0143 
2023 40.76 
2024 68.837 
2025 86.8677 
2026 102.226 
2027 115.284 
2028 123.228 
2029 120.399 
2030 113.075 
2031 104.095 
2032 96.9626 
2033 91.6485 
2034 87.7588 
2035 84.8218 

Alternative 2 ABCs
     fm_projection_model_output 

Year 
2022 46.4652 
2023 55.0776 
2024 68.837 
2025 86.8677 
2026 102.226 
2027 115.284 
2028 123.228 
2029 120.399 
2030 113.075 
2031 104.095 
2032 96.9626 
2033 91.6485 
2034 87.7588 
2035 84.8218 

Alternative 2 TACs
     fm_projection_model_output 

Year 
2022  NA 
2023  NA 
2024 68.837 
2025 86.8677 
2026 102.226 
2027 115.284 
2028 123.228 
2029 120.399 
2030 113.075 
2031 104.095 
2032 96.9626 
2033 91.6485 
2034 87.7588 
2035 84.8218 

Alternative 2 Sp_Biomass
     fm_projection_model_output 
Equil_Fabc 315.479 
Year 
2022 250.337 
2023 260.109 
2024 281.154 
2025 307.899 
2026 343.853 
2027 395.845 
2028 455.428 
2029 467.181 
2030 446.244 
2031 422.449 
2032 395.701 
2033 376.423 
2034 362.375 
2035 352.542 

Alternative 2 Fishing Mortality
     fm_projection_model_output 
Equil_Fabc 0.188734 
Year 
2022 0.0487004 
2023 0.111912 
2024 0.167118 
2025 0.18396 
2026 0.188734 
2027 0.188734 
2028 0.188734 
2029 0.188734 
2030 0.188734 
2031 0.188734 
2032 0.188506 
2033 0.181208 
2034 0.172317 
2035 0.165532 

Alternative 2 Biomass
     fm_projection_model_output 

Year 
2022 1237.04 
2023 1407.71 
2024 1532.65 
2025 1625.16 
2026 1636.48 
2027 1588.72 
2028 1535.22 
2029 1452.17 
2030 1401.19 
2031 1362.01 
2032 1318.27 
2033 1292.49 
2034 1267.39 
2035 1244.83 

Alternative 2 Implied SPR rate 
     fm_projection_model_output 
Equil_Fabc 0.4 
Year 
2022 0.725742 
2023 0.531646 
2024 0.430034 
2025 0.406269 
2026 0.4 
2027 0.4 
2028 0.4 
2029 0.4 
2030 0.4 
2031 0.4 
2032 0.400299 
2033 0.410627 
2034 0.424712 
2035 0.436657 

  fm_projection_model_output 
EquilAvgAgeF0  6.82173 
EquilAvgAgeFabc  5.11752 
AvgAgeYr2035 86.747 
Alternative 3 Catch
     fm_projection_model_output 
Equil_Fabc 86.5366 
Year 
2022 16.0143 
2023 40.76 
2024 29.7225 
2025 36.1064 
2026 43.5373 
2027 51.2248 
2028 57.1575 
2029 58.7109 
2030 58.1017 
2031 55.8305 
2032 53.5578 
2033 52.8441 
2034 52.5332 
2035 52.0008 

Alternative 3 ABCs
     fm_projection_model_output 

Year 
2022 46.4652 
2023 55.0776 
2024 68.837 
2025 93.8181 
2026 113.091 
2027 132.852 
2028 147.863 
2029 151.503 
2030 149.698 
2031 143.805 
2032 137.994 
2033 136.201 
2034 135.415 
2035 134.043 

Alternative 3 TACs
     fm_projection_model_output 

Year 
2022  NA 
2023  NA 
2024 29.7225 
2025 36.1064 
2026 43.5373 
2027 51.2248 
2028 57.1575 
2029 58.7109 
2030 58.1017 
2031 55.8305 
2032 53.5578 
2033 52.8441 
2034 52.5332 
2035 52.0008 

Alternative 3 Sp_Biomass
     fm_projection_model_output 
Equil_Fabc 315.479 
Year 
2022 250.337 
2023 260.109 
2024 282.943 
2025 330.123 
2026 390.094 
2027 468.557 
2028 557.919 
2029 601.225 
2030 608.052 
2031 606.669 
2032 593.369 
2033 581.672 
2034 567.571 
2035 553.509 

Alternative 3 Fishing Mortality
     fm_projection_model_output 
Equil_Fabc 0.188734 
Year 
2022 0.0487004 
2023 0.111912 
2024 0.0698939 
2025 0.0698939 
2026 0.0698939 
2027 0.0698939 
2028 0.0698939 
2029 0.0698939 
2030 0.0698939 
2031 0.0698939 
2032 0.0698939 
2033 0.0698939 
2034 0.0698939 
2035 0.0698939 

Alternative 3 Biomass
     fm_projection_model_output 

Year 
2022 1237.04 
2023 1407.71 
2024 1532.65 
2025 1667.45 
2026 1728.14 
2027 1732.38 
2028 1730.48 
2029 1690.9 
2030 1677.11 
2031 1662.28 
2032 1629.72 
2033 1617.11 
2034 1593.35 
2035 1564.01 

Alternative 3 Implied SPR rate 
     fm_projection_model_output 
Equil_Fabc 0.4 
Year 
2022 0.725742 
2023 0.531646 
2024 0.647052 
2025 0.647052 
2026 0.647052 
2027 0.647052 
2028 0.647052 
2029 0.647052 
2030 0.647052 
2031 0.647052 
2032 0.647052 
2033 0.647052 
2034 0.647052 
2035 0.647052 

  fm_projection_model_output 
EquilAvgAgeF0  6.82173 
EquilAvgAgeFabc  5.11752 
AvgAgeYr2035 94.0093 
Alternative 4 Catch
     fm_projection_model_output 
Equil_Fabc 86.5366 
Year 
2022 16.0143 
2023 40.76 
2024 36.0178 
2025 43.3894 
2026 51.983 
2027 60.8321 
2028 67.4999 
2029 68.8755 
2030 67.6773 
2031 64.6279 
2032 61.7064 
2033 60.6702 
2034 60.1545 
2035 59.4238 

Alternative 4 ABCs
     fm_projection_model_output 

Year 
2022 46.4652 
2023 55.0776 
2024 68.837 
2025 93.038 
2026 111.44 
2027 130.237 
2028 144.193 
2029 146.812 
2030 144.066 
2031 137.547 
2032 131.372 
2033 129.209 
2034 128.126 
2035 126.468 

Alternative 4 TACs
     fm_projection_model_output 

Year 
2022  NA 
2023  NA 
2024 36.0178 
2025 43.3894 
2026 51.983 
2027 60.8321 
2028 67.4999 
2029 68.8755 
2030 67.6773 
2031 64.6279 
2032 61.7064 
2033 60.6702 
2034 60.1545 
2035 59.4238 

Alternative 4 Sp_Biomass
     fm_projection_model_output 
Equil_Fabc 315.479 
Year 
2022 250.337 
2023 260.109 
2024 282.661 
2025 326.566 
2026 383.032 
2027 457.587 
2028 542.399 
2029 580.703 
2030 582.858 
2031 577.353 
2032 561.104 
2033 547.267 
2034 532.06 
2035 517.522 

Alternative 4 Fishing Mortality
     fm_projection_model_output 
Equil_Fabc 0.188734 
Year 
2022 0.0487004 
2023 0.111912 
2024 0.0851251 
2025 0.0851251 
2026 0.0851251 
2027 0.0851251 
2028 0.0851251 
2029 0.0851251 
2030 0.0851251 
2031 0.0851251 
2032 0.0851251 
2033 0.0851251 
2034 0.0851251 
2035 0.0851251 

Alternative 4 Biomass
     fm_projection_model_output 

Year 
2022 1237.04 
2023 1407.71 
2024 1532.65 
2025 1660.64 
2026 1714.31 
2027 1711.15 
2028 1701.53 
2029 1654.93 
2030 1634.68 
2031 1615.04 
2032 1579.52 
2033 1563.59 
2034 1538.06 
2035 1508.11 

Alternative 4 Implied SPR rate 
     fm_projection_model_output 
Equil_Fabc 0.4 
Year 
2022 0.725742 
2023 0.531646 
2024 0.6 
2025 0.6 
2026 0.6 
2027 0.6 
2028 0.6 
2029 0.6 
2030 0.6 
2031 0.6 
2032 0.6 
2033 0.6 
2034 0.6 
2035 0.6 

  fm_projection_model_output 
EquilAvgAgeF0  6.82173 
EquilAvgAgeFabc  5.11752 
AvgAgeYr2035 92.8535 
Alternative 5 Catch
     fm_projection_model_output 
Equil_Fabc 86.5366 
Year 
2022 16.0143 
2023 40.76 
2024  NA 
2025  NA 
2026  NA 
2027  NA 
2028  NA 
2029  NA 
2030  NA 
2031  NA 
2032  NA 
2033  NA 
2034  NA 
2035  NA 

Alternative 5 ABCs
     fm_projection_model_output 

Year 
2022 46.4652 
2023 55.0776 
2024 68.837 
2025 97.5145 
2026 121.139 
2027 145.93 
2028 166.625 
2029 176.037 
2030 179.892 
2031 178.288 
2032 175.534 
2033 176.898 
2034 178.877 
2035 179.6 

Alternative 5 TACs
     fm_projection_model_output 

Year 
2022  NA 
2023  NA 
2024  NA 
2025  NA 
2026  NA 
2027  NA 
2028  NA 
2029  NA 
2030  NA 
2031  NA 
2032  NA 
2033  NA 
2034  NA 
2035  NA 

Alternative 5 Sp_Biomass
     fm_projection_model_output 
Equil_Fabc 315.479 
Year 
2022 250.337 
2023 260.109 
2024 284.236 
2025 347.082 
2026 424.842 
2027 524.076 
2028 638.38 
2029 710.033 
2030 744.76 
2031 769.833 
2032 778.033 
2033 784.301 
2034 782.747 
2035 777.589 

Alternative 5 Fishing Mortality
     fm_projection_model_output 
Equil_Fabc 0.188734 
Year 
2022 0.0487004 
2023 0.111912 
2024  NA 
2025  NA 
2026  NA 
2027  NA 
2028  NA 
2029  NA 
2030  NA 
2031  NA 
2032  NA 
2033  NA 
2034  NA 
2035  NA 

Alternative 5 Biomass
     fm_projection_model_output 

Year 
2022 1237.04 
2023 1407.71 
2024 1532.65 
2025 1699.65 
2026 1795.3 
2027 1838.1 
2028 1878.08 
2029 1878.96 
2030 1904.6 
2031 1922.34 
2032 1913.65 
2033 1927.85 
2034 1922.59 
2035 1905.08 

Alternative 5 Implied SPR rate 
     fm_projection_model_output 
Equil_Fabc 0.4 
Year 
2022 0.725742 
2023 0.531646 
2024 1 
2025 1 
2026 1 
2027 1 
2028 1 
2029 1 
2030 1 
2031 1 
2032 1 
2033 1 
2034 1 
2035 1 

  fm_projection_model_output 
EquilAvgAgeF0  6.82173 
EquilAvgAgeFabc  5.11752 
AvgAgeYr2035 100.247 
Alternative 6 Catch
     fm_projection_model_output 
Equil_Fabc 86.5366 
Year 
2022 16.0143 
2023 66.9704 
2024 76.09 
2025 95.2796 
2026 118.663 
2027 132.533 
2028 139.983 
2029 134.644 
2030 124.4 
2031 113.185 
2032 101.467 
2033 94.6874 
2034 91.4529 
2035 89.2004 

Alternative 6 ABCs
     fm_projection_model_output 

Year 
2022 46.4652 
2023 55.0776 
2024 62.5478 
2025 78.3888 
2026 97.4866 
2027 108.934 
2028 115.167 
2029 110.875 
2030 102.485 
2031 93.2321 
2032 83.5907 
2033 77.9472 
2034 75.2513 
2035 73.3872 

Alternative 6 TACs
     fm_projection_model_output 

Year 
2022  NA 
2023 66.9705 
2024 76.09 
2025 95.2796 
2026 118.663 
2027 132.533 
2028 139.983 
2029 134.644 
2030 124.4 
2031 113.185 
2032 101.467 
2033 94.6874 
2034 91.4529 
2035 89.2004 

Alternative 6 Sp_Biomass
     fm_projection_model_output 
Equil_Fabc 315.479 
Year 
2022 250.337 
2023 258.714 
2024 266.211 
2025 290.172 
2026 323.287 
2027 369.353 
2028 422.087 
2029 426.668 
2030 400.147 
2031 372.772 
2032 345.454 
2033 329.057 
2034 319.125 
2035 312.757 

Alternative 6 Fishing Mortality
     fm_projection_model_output 
Equil_Fabc 0.188734 
Year 
2022 0.0487004 
2023 0.188773 
2024 0.194598 
2025 0.213217 
2026 0.232881 
2027 0.232881 
2028 0.232881 
2029 0.232881 
2030 0.232881 
2031 0.232881 
2032 0.221502 
2033 0.207253 
2034 0.19723 
2035 0.190296 

Alternative 6 Biomass
     fm_projection_model_output 

Year 
2022 1237.04 
2023 1407.71 
2024 1503.82 
2025 1591.23 
2026 1597.32 
2027 1536.77 
2028 1470.95 
2029 1378.81 
2030 1321.21 
2031 1279.45 
2032 1236.77 
2033 1214.82 
2034 1196.03 
2035 1179.15 

Alternative 6 Implied SPR rate 
     fm_projection_model_output 
Equil_Fabc 0.4 
Year 
2022 0.725742 
2023 0.39995 
2024 0.392556 
2025 0.370646 
2026 0.35 
2027 0.35 
2028 0.35 
2029 0.35 
2030 0.35 
2031 0.35 
2032 0.362305 
2033 0.379922 
2034 0.394345 
2035 0.405383 

  fm_projection_model_output 
EquilAvgAgeF0  6.82173 
EquilAvgAgeFabc  5.11752 
AvgAgeYr2035 84.7232 
Alternative 7 Catch
     fm_projection_model_output 
Equil_Fabc 86.5366 
Year 
2022 16.0143 
2023 55.0776 
2024 65.3597 
2025 102.095 
2026 120.775 
2027 134.082 
2028 141.082 
2029 135.416 
2030 124.945 
2031 113.566 
2032 101.852 
2033 94.9279 
2034 91.5976 
2035 89.2909 

Alternative 7 ABCs
     fm_projection_model_output 

Year 
2022 46.4652 
2023 55.0776 
2024 65.3597 
2025 84.0568 
2026 99.2301 
2027 110.214 
2028 116.075 
2029 111.513 
2030 102.936 
2031 93.5475 
2032 83.9085 
2033 78.1465 
2034 75.3712 
2035 73.4622 

Alternative 7 TACs
     fm_projection_model_output 

Year 
2022  NA 
2023 66.9705 
2024 79.4773 
2025 102.095 
2026 120.775 
2027 134.082 
2028 141.082 
2029 135.416 
2030 124.945 
2031 113.566 
2032 101.852 
2033 94.9279 
2034 91.5976 
2035 89.2909 

Alternative 7 Sp_Biomass
     fm_projection_model_output 
Equil_Fabc 315.479 
Year 
2022 250.337 
2023 259.355 
2024 273.312 
2025 301.464 
2026 330.77 
2027 375.016 
2028 426.275 
2029 429.706 
2030 402.276 
2031 374.262 
2032 346.487 
2033 329.709 
2034 319.542 
2035 313.029 

Alternative 7 Fishing Mortality
     fm_projection_model_output 
Equil_Fabc 0.188734 
Year 
2022 0.0487004 
2023 0.153391 
2024 0.16218 
2025 0.22199 
2026 0.232881 
2027 0.232881 
2028 0.232881 
2029 0.232881 
2030 0.232881 
2031 0.232881 
2032 0.221906 
2033 0.207543 
2034 0.197412 
2035 0.190417 

Alternative 7 Biomass
     fm_projection_model_output 

Year 
2022 1237.04 
2023 1407.71 
2024 1516.89 
2025 1614.65 
2026 1611.16 
2027 1546.71 
2028 1477.96 
2029 1383.75 
2030 1324.67 
2031 1281.86 
2032 1238.44 
2033 1215.87 
2034 1196.7 
2035 1179.58 

Alternative 7 Implied SPR rate 
     fm_projection_model_output 
Equil_Fabc 0.4 
Year 
2022 0.725742 
2023 0.45154 
2024 0.437534 
2025 0.361143 
2026 0.35 
2027 0.35 
2028 0.35 
2029 0.35 
2030 0.35 
2031 0.35 
2032 0.361847 
2033 0.379551 
2034 0.394085 
2035 0.405196 

  fm_projection_model_output 
EquilAvgAgeF0  6.82173 
EquilAvgAgeFabc  5.11752 
AvgAgeYr2035 84.8958 
