fm_projection_model_output 1 2022 Cabc 43.2683
fm_projection_model_output 1 2022 Cofl 47.7071
fm_projection_model_output 1 2022 CLCI 16.0143
fm_projection_model_output 1 2022 CUCI 16.0143
fm_projection_model_output 1 2022 CMedian 16.0143
fm_projection_model_output 1 2022 CMean 16.0143
fm_projection_model_output 1 2022 CStdn 1.7053e-13
fm_projection_model_output 1 2023 Cabc 43.2683
fm_projection_model_output 1 2023 Cofl 47.7071
fm_projection_model_output 1 2023 CLCI 40.76
fm_projection_model_output 1 2023 CUCI 40.76
fm_projection_model_output 1 2023 CMedian 40.76
fm_projection_model_output 1 2023 CMean 40.76
fm_projection_model_output 1 2023 CStdn 3.55271e-14
fm_projection_model_output 1 2024 Cabc 43.2683
fm_projection_model_output 1 2024 Cofl 47.7071
fm_projection_model_output 1 2024 CLCI 77.1967
fm_projection_model_output 1 2024 CUCI 77.1987
fm_projection_model_output 1 2024 CMedian 77.1971
fm_projection_model_output 1 2024 CMean 77.1973
fm_projection_model_output 1 2024 CStdn 0.00071672
fm_projection_model_output 1 2025 Cabc 43.2683
fm_projection_model_output 1 2025 Cofl 47.7071
fm_projection_model_output 1 2025 CLCI 87.9367
fm_projection_model_output 1 2025 CUCI 87.9745
fm_projection_model_output 1 2025 CMedian 87.9435
fm_projection_model_output 1 2025 CMean 87.9478
fm_projection_model_output 1 2025 CStdn 0.0132747
fm_projection_model_output 1 2026 Cabc 43.2683
fm_projection_model_output 1 2026 Cofl 47.7071
fm_projection_model_output 1 2026 CLCI 100.986
fm_projection_model_output 1 2026 CUCI 101.154
fm_projection_model_output 1 2026 CMedian 101.021
fm_projection_model_output 1 2026 CMean 101.04
fm_projection_model_output 1 2026 CStdn 0.0595174
fm_projection_model_output 1 2027 Cabc 43.2683
fm_projection_model_output 1 2027 Cofl 47.7071
fm_projection_model_output 1 2027 CLCI 113.889
fm_projection_model_output 1 2027 CUCI 114.567
fm_projection_model_output 1 2027 CMedian 114.036
fm_projection_model_output 1 2027 CMean 114.108
fm_projection_model_output 1 2027 CStdn 0.236596
fm_projection_model_output 1 2028 Cabc 43.2683
fm_projection_model_output 1 2028 Cofl 47.7071
fm_projection_model_output 1 2028 CLCI 120.766
fm_projection_model_output 1 2028 CUCI 123.137
fm_projection_model_output 1 2028 CMedian 121.295
fm_projection_model_output 1 2028 CMean 121.544
fm_projection_model_output 1 2028 CStdn 0.832417
fm_projection_model_output 1 2029 Cabc 43.2683
fm_projection_model_output 1 2029 Cofl 47.7071
fm_projection_model_output 1 2029 CLCI 114.788
fm_projection_model_output 1 2029 CUCI 121.464
fm_projection_model_output 1 2029 CMedian 116.316
fm_projection_model_output 1 2029 CMean 116.982
fm_projection_model_output 1 2029 CStdn 2.26882
fm_projection_model_output 1 2030 Cabc 43.2683
fm_projection_model_output 1 2030 Cofl 47.7071
fm_projection_model_output 1 2030 CLCI 101.154
fm_projection_model_output 1 2030 CUCI 115.298
fm_projection_model_output 1 2030 CMedian 104.62
fm_projection_model_output 1 2030 CMean 105.992
fm_projection_model_output 1 2030 CStdn 4.72301
fm_projection_model_output 1 2031 Cabc 43.2683
fm_projection_model_output 1 2031 Cofl 47.7071
fm_projection_model_output 1 2031 CLCI 82.7983
fm_projection_model_output 1 2031 CUCI 106.306
fm_projection_model_output 1 2031 CMedian 89.3946
fm_projection_model_output 1 2031 CMean 91.2784
fm_projection_model_output 1 2031 CStdn 7.79307
fm_projection_model_output 1 2032 Cabc 43.2683
fm_projection_model_output 1 2032 Cofl 47.7071
fm_projection_model_output 1 2032 CLCI 65.9878
fm_projection_model_output 1 2032 CUCI 95.7631
fm_projection_model_output 1 2032 CMedian 75.7674
fm_projection_model_output 1 2032 CMean 77.7809
fm_projection_model_output 1 2032 CStdn 10.2284
fm_projection_model_output 1 2033 Cabc 43.2683
fm_projection_model_output 1 2033 Cofl 47.7071
fm_projection_model_output 1 2033 CLCI 53.9269
fm_projection_model_output 1 2033 CUCI 89.394
fm_projection_model_output 1 2033 CMedian 66.2297
fm_projection_model_output 1 2033 CMean 68.3992
fm_projection_model_output 1 2033 CStdn 11.8152
fm_projection_model_output 1 2034 Cabc 43.2683
fm_projection_model_output 1 2034 Cofl 47.7071
fm_projection_model_output 1 2034 CLCI 45.0935
fm_projection_model_output 1 2034 CUCI 83.6822
fm_projection_model_output 1 2034 CMedian 59.5466
fm_projection_model_output 1 2034 CMean 61.5849
fm_projection_model_output 1 2034 CStdn 12.7928
fm_projection_model_output 1 2035 Cabc 43.2683
fm_projection_model_output 1 2035 Cofl 47.7071
fm_projection_model_output 1 2035 CLCI 38.8869
fm_projection_model_output 1 2035 CUCI 80.5779
fm_projection_model_output 1 2035 CMedian 54.3868
fm_projection_model_output 1 2035 CMean 56.3509
fm_projection_model_output 1 2035 CStdn 13.3724
fm_projection_model_output 1 2022 SSBF100 394.349
fm_projection_model_output 1 2022 SSBFabc 157.74
fm_projection_model_output 1 2022 SSBFofl 138.022
fm_projection_model_output 1 2022 SSBLCI 250.337
fm_projection_model_output 1 2022 SSBUCI 250.337
fm_projection_model_output 1 2022 SSBMedian 250.337
fm_projection_model_output 1 2022 SSBMean 250.337
fm_projection_model_output 1 2023 SSBF100 394.349
fm_projection_model_output 1 2023 SSBFabc 157.74
fm_projection_model_output 1 2023 SSBFofl 138.022
fm_projection_model_output 1 2023 SSBLCI 260.109
fm_projection_model_output 1 2023 SSBUCI 260.109
fm_projection_model_output 1 2023 SSBMedian 260.109
fm_projection_model_output 1 2023 SSBMean 260.109
fm_projection_model_output 1 2024 SSBF100 394.349
fm_projection_model_output 1 2024 SSBFabc 157.74
fm_projection_model_output 1 2024 SSBFofl 138.022
fm_projection_model_output 1 2024 SSBLCI 280.758
fm_projection_model_output 1 2024 SSBUCI 280.758
fm_projection_model_output 1 2024 SSBMedian 280.758
fm_projection_model_output 1 2024 SSBMean 280.758
fm_projection_model_output 1 2025 SSBF100 394.349
fm_projection_model_output 1 2025 SSBFabc 157.74
fm_projection_model_output 1 2025 SSBFofl 138.022
fm_projection_model_output 1 2025 SSBLCI 303.608
fm_projection_model_output 1 2025 SSBUCI 303.608
fm_projection_model_output 1 2025 SSBMedian 303.608
fm_projection_model_output 1 2025 SSBMean 303.608
fm_projection_model_output 1 2026 SSBF100 394.349
fm_projection_model_output 1 2026 SSBFabc 157.74
fm_projection_model_output 1 2026 SSBFofl 138.022
fm_projection_model_output 1 2026 SSBLCI 339.319
fm_projection_model_output 1 2026 SSBUCI 339.319
fm_projection_model_output 1 2026 SSBMedian 339.319
fm_projection_model_output 1 2026 SSBMean 339.319
fm_projection_model_output 1 2027 SSBF100 394.349
fm_projection_model_output 1 2027 SSBFabc 157.74
fm_projection_model_output 1 2027 SSBFofl 138.022
fm_projection_model_output 1 2027 SSBLCI 392.052
fm_projection_model_output 1 2027 SSBUCI 392.115
fm_projection_model_output 1 2027 SSBMedian 392.063
fm_projection_model_output 1 2027 SSBMean 392.071
fm_projection_model_output 1 2028 SSBF100 394.349
fm_projection_model_output 1 2028 SSBFabc 157.74
fm_projection_model_output 1 2028 SSBFofl 138.022
fm_projection_model_output 1 2028 SSBLCI 451.896
fm_projection_model_output 1 2028 SSBUCI 452.698
fm_projection_model_output 1 2028 SSBMedian 452.042
fm_projection_model_output 1 2028 SSBMean 452.135
fm_projection_model_output 1 2029 SSBF100 394.349
fm_projection_model_output 1 2029 SSBFabc 157.74
fm_projection_model_output 1 2029 SSBFofl 138.022
fm_projection_model_output 1 2029 SSBLCI 459.903
fm_projection_model_output 1 2029 SSBUCI 467.437
fm_projection_model_output 1 2029 SSBMedian 461.32
fm_projection_model_output 1 2029 SSBMean 462.198
fm_projection_model_output 1 2030 SSBF100 394.349
fm_projection_model_output 1 2030 SSBFabc 157.74
fm_projection_model_output 1 2030 SSBFofl 138.022
fm_projection_model_output 1 2030 SSBLCI 426.085
fm_projection_model_output 1 2030 SSBUCI 451.219
fm_projection_model_output 1 2030 SSBMedian 431.714
fm_projection_model_output 1 2030 SSBMean 434.347
fm_projection_model_output 1 2031 SSBF100 394.349
fm_projection_model_output 1 2031 SSBFabc 157.74
fm_projection_model_output 1 2031 SSBFofl 138.022
fm_projection_model_output 1 2031 SSBLCI 372.538
fm_projection_model_output 1 2031 SSBUCI 435.326
fm_projection_model_output 1 2031 SSBMedian 387.4
fm_projection_model_output 1 2031 SSBMean 393.525
fm_projection_model_output 1 2032 SSBF100 394.349
fm_projection_model_output 1 2032 SSBFabc 157.74
fm_projection_model_output 1 2032 SSBFofl 138.022
fm_projection_model_output 1 2032 SSBLCI 310.005
fm_projection_model_output 1 2032 SSBUCI 404.934
fm_projection_model_output 1 2032 SSBMedian 336.938
fm_projection_model_output 1 2032 SSBMean 344.452
fm_projection_model_output 1 2033 SSBF100 394.349
fm_projection_model_output 1 2033 SSBFabc 157.74
fm_projection_model_output 1 2033 SSBFofl 138.022
fm_projection_model_output 1 2033 SSBLCI 255.837
fm_projection_model_output 1 2033 SSBUCI 369.793
fm_projection_model_output 1 2033 SSBMedian 293.52
fm_projection_model_output 1 2033 SSBMean 301.226
fm_projection_model_output 1 2034 SSBF100 394.349
fm_projection_model_output 1 2034 SSBFabc 157.74
fm_projection_model_output 1 2034 SSBFofl 138.022
fm_projection_model_output 1 2034 SSBLCI 207.427
fm_projection_model_output 1 2034 SSBUCI 339.576
fm_projection_model_output 1 2034 SSBMedian 253.983
fm_projection_model_output 1 2034 SSBMean 262.775
fm_projection_model_output 1 2035 SSBF100 394.349
fm_projection_model_output 1 2035 SSBFabc 157.74
fm_projection_model_output 1 2035 SSBFofl 138.022
fm_projection_model_output 1 2035 SSBLCI 168.39
fm_projection_model_output 1 2035 SSBUCI 318.976
fm_projection_model_output 1 2035 SSBMedian 223.973
fm_projection_model_output 1 2035 SSBMean 231.899
fm_projection_model_output 1 2022 F0 0 
fm_projection_model_output 1 2022 Fabc 0.188734
fm_projection_model_output 1 2022 Fofl 0.232881
fm_projection_model_output 1 2022  F_LCI 0.0487004
fm_projection_model_output 1 2022  F_UCI 0.0487004
fm_projection_model_output 1 2022  F_Median 0.0487004
fm_projection_model_output 1 2022  F_Mean 0.0487004
fm_projection_model_output 1 2023 F0 0 
fm_projection_model_output 1 2023 Fabc 0.188734
fm_projection_model_output 1 2023 Fofl 0.232881
fm_projection_model_output 1 2023  F_LCI 0.111912
fm_projection_model_output 1 2023  F_UCI 0.111912
fm_projection_model_output 1 2023  F_Median 0.111912
fm_projection_model_output 1 2023  F_Mean 0.111912
fm_projection_model_output 1 2024 F0 0 
fm_projection_model_output 1 2024 Fabc 0.188734
fm_projection_model_output 1 2024 Fofl 0.232881
fm_projection_model_output 1 2024  F_LCI 0.188734
fm_projection_model_output 1 2024  F_UCI 0.188734
fm_projection_model_output 1 2024  F_Median 0.188734
fm_projection_model_output 1 2024  F_Mean 0.188734
fm_projection_model_output 1 2025 F0 0 
fm_projection_model_output 1 2025 Fabc 0.188734
fm_projection_model_output 1 2025 Fofl 0.232881
fm_projection_model_output 1 2025  F_LCI 0.188734
fm_projection_model_output 1 2025  F_UCI 0.188734
fm_projection_model_output 1 2025  F_Median 0.188734
fm_projection_model_output 1 2025  F_Mean 0.188734
fm_projection_model_output 1 2026 F0 0 
fm_projection_model_output 1 2026 Fabc 0.188734
fm_projection_model_output 1 2026 Fofl 0.232881
fm_projection_model_output 1 2026  F_LCI 0.188734
fm_projection_model_output 1 2026  F_UCI 0.188734
fm_projection_model_output 1 2026  F_Median 0.188734
fm_projection_model_output 1 2026  F_Mean 0.188734
fm_projection_model_output 1 2027 F0 0 
fm_projection_model_output 1 2027 Fabc 0.188734
fm_projection_model_output 1 2027 Fofl 0.232881
fm_projection_model_output 1 2027  F_LCI 0.188734
fm_projection_model_output 1 2027  F_UCI 0.188734
fm_projection_model_output 1 2027  F_Median 0.188734
fm_projection_model_output 1 2027  F_Mean 0.188734
fm_projection_model_output 1 2028 F0 0 
fm_projection_model_output 1 2028 Fabc 0.188734
fm_projection_model_output 1 2028 Fofl 0.232881
fm_projection_model_output 1 2028  F_LCI 0.188734
fm_projection_model_output 1 2028  F_UCI 0.188734
fm_projection_model_output 1 2028  F_Median 0.188734
fm_projection_model_output 1 2028  F_Mean 0.188734
fm_projection_model_output 1 2029 F0 0 
fm_projection_model_output 1 2029 Fabc 0.188734
fm_projection_model_output 1 2029 Fofl 0.232881
fm_projection_model_output 1 2029  F_LCI 0.188734
fm_projection_model_output 1 2029  F_UCI 0.188734
fm_projection_model_output 1 2029  F_Median 0.188734
fm_projection_model_output 1 2029  F_Mean 0.188734
fm_projection_model_output 1 2030 F0 0 
fm_projection_model_output 1 2030 Fabc 0.188734
fm_projection_model_output 1 2030 Fofl 0.232881
fm_projection_model_output 1 2030  F_LCI 0.188734
fm_projection_model_output 1 2030  F_UCI 0.188734
fm_projection_model_output 1 2030  F_Median 0.188734
fm_projection_model_output 1 2030  F_Mean 0.188734
fm_projection_model_output 1 2031 F0 0 
fm_projection_model_output 1 2031 Fabc 0.188734
fm_projection_model_output 1 2031 Fofl 0.232881
fm_projection_model_output 1 2031  F_LCI 0.188734
fm_projection_model_output 1 2031  F_UCI 0.188734
fm_projection_model_output 1 2031  F_Median 0.188734
fm_projection_model_output 1 2031  F_Mean 0.188734
fm_projection_model_output 1 2032 F0 0 
fm_projection_model_output 1 2032 Fabc 0.188734
fm_projection_model_output 1 2032 Fofl 0.232881
fm_projection_model_output 1 2032  F_LCI 0.188734
fm_projection_model_output 1 2032  F_UCI 0.188734
fm_projection_model_output 1 2032  F_Median 0.188734
fm_projection_model_output 1 2032  F_Mean 0.188734
fm_projection_model_output 1 2033 F0 0 
fm_projection_model_output 1 2033 Fabc 0.188734
fm_projection_model_output 1 2033 Fofl 0.232881
fm_projection_model_output 1 2033  F_LCI 0.188734
fm_projection_model_output 1 2033  F_UCI 0.188734
fm_projection_model_output 1 2033  F_Median 0.188734
fm_projection_model_output 1 2033  F_Mean 0.188734
fm_projection_model_output 1 2034 F0 0 
fm_projection_model_output 1 2034 Fabc 0.188734
fm_projection_model_output 1 2034 Fofl 0.232881
fm_projection_model_output 1 2034  F_LCI 0.188734
fm_projection_model_output 1 2034  F_UCI 0.188734
fm_projection_model_output 1 2034  F_Median 0.188734
fm_projection_model_output 1 2034  F_Mean 0.188734
fm_projection_model_output 1 2035 F0 0 
fm_projection_model_output 1 2035 Fabc 0.188734
fm_projection_model_output 1 2035 Fofl 0.232881
fm_projection_model_output 1 2035  F_LCI 0.188734
fm_projection_model_output 1 2035  F_UCI 0.188734
fm_projection_model_output 1 2035  F_Median 0.188734
fm_projection_model_output 1 2035  F_Mean 0.188677
fm_projection_model_output 2 2022 Cabc 43.2683
fm_projection_model_output 2 2022 Cofl 47.7071
fm_projection_model_output 2 2022 CLCI 16.0143
fm_projection_model_output 2 2022 CUCI 16.0143
fm_projection_model_output 2 2022 CMedian 16.0143
fm_projection_model_output 2 2022 CMean 16.0143
fm_projection_model_output 2 2022 CStdn 1.7053e-13
fm_projection_model_output 2 2023 Cabc 43.2683
fm_projection_model_output 2 2023 Cofl 47.7071
fm_projection_model_output 2 2023 CLCI 40.76
fm_projection_model_output 2 2023 CUCI 40.76
fm_projection_model_output 2 2023 CMedian 40.76
fm_projection_model_output 2 2023 CMean 40.76
fm_projection_model_output 2 2023 CStdn 3.55271e-14
fm_projection_model_output 2 2024 Cabc 43.2683
fm_projection_model_output 2 2024 Cofl 47.7071
fm_projection_model_output 2 2024 CLCI 77.1967
fm_projection_model_output 2 2024 CUCI 77.1987
fm_projection_model_output 2 2024 CMedian 77.1971
fm_projection_model_output 2 2024 CMean 77.1973
fm_projection_model_output 2 2024 CStdn 0.00071672
fm_projection_model_output 2 2025 Cabc 43.2683
fm_projection_model_output 2 2025 Cofl 47.7071
fm_projection_model_output 2 2025 CLCI 87.9367
fm_projection_model_output 2 2025 CUCI 87.9745
fm_projection_model_output 2 2025 CMedian 87.9435
fm_projection_model_output 2 2025 CMean 87.9478
fm_projection_model_output 2 2025 CStdn 0.0132747
fm_projection_model_output 2 2026 Cabc 43.2683
fm_projection_model_output 2 2026 Cofl 47.7071
fm_projection_model_output 2 2026 CLCI 100.986
fm_projection_model_output 2 2026 CUCI 101.154
fm_projection_model_output 2 2026 CMedian 101.021
fm_projection_model_output 2 2026 CMean 101.04
fm_projection_model_output 2 2026 CStdn 0.0595174
fm_projection_model_output 2 2027 Cabc 43.2683
fm_projection_model_output 2 2027 Cofl 47.7071
fm_projection_model_output 2 2027 CLCI 113.889
fm_projection_model_output 2 2027 CUCI 114.567
fm_projection_model_output 2 2027 CMedian 114.036
fm_projection_model_output 2 2027 CMean 114.108
fm_projection_model_output 2 2027 CStdn 0.236596
fm_projection_model_output 2 2028 Cabc 43.2683
fm_projection_model_output 2 2028 Cofl 47.7071
fm_projection_model_output 2 2028 CLCI 120.766
fm_projection_model_output 2 2028 CUCI 123.137
fm_projection_model_output 2 2028 CMedian 121.295
fm_projection_model_output 2 2028 CMean 121.544
fm_projection_model_output 2 2028 CStdn 0.832417
fm_projection_model_output 2 2029 Cabc 43.2683
fm_projection_model_output 2 2029 Cofl 47.7071
fm_projection_model_output 2 2029 CLCI 114.788
fm_projection_model_output 2 2029 CUCI 121.464
fm_projection_model_output 2 2029 CMedian 116.316
fm_projection_model_output 2 2029 CMean 116.982
fm_projection_model_output 2 2029 CStdn 2.26882
fm_projection_model_output 2 2030 Cabc 43.2683
fm_projection_model_output 2 2030 Cofl 47.7071
fm_projection_model_output 2 2030 CLCI 101.154
fm_projection_model_output 2 2030 CUCI 115.298
fm_projection_model_output 2 2030 CMedian 104.62
fm_projection_model_output 2 2030 CMean 105.992
fm_projection_model_output 2 2030 CStdn 4.72301
fm_projection_model_output 2 2031 Cabc 43.2683
fm_projection_model_output 2 2031 Cofl 47.7071
fm_projection_model_output 2 2031 CLCI 82.7983
fm_projection_model_output 2 2031 CUCI 106.306
fm_projection_model_output 2 2031 CMedian 89.3946
fm_projection_model_output 2 2031 CMean 91.2784
fm_projection_model_output 2 2031 CStdn 7.79307
fm_projection_model_output 2 2032 Cabc 43.2683
fm_projection_model_output 2 2032 Cofl 47.7071
fm_projection_model_output 2 2032 CLCI 65.9878
fm_projection_model_output 2 2032 CUCI 95.7631
fm_projection_model_output 2 2032 CMedian 75.7674
fm_projection_model_output 2 2032 CMean 77.7809
fm_projection_model_output 2 2032 CStdn 10.2284
fm_projection_model_output 2 2033 Cabc 43.2683
fm_projection_model_output 2 2033 Cofl 47.7071
fm_projection_model_output 2 2033 CLCI 53.9269
fm_projection_model_output 2 2033 CUCI 89.394
fm_projection_model_output 2 2033 CMedian 66.2297
fm_projection_model_output 2 2033 CMean 68.3992
fm_projection_model_output 2 2033 CStdn 11.8152
fm_projection_model_output 2 2034 Cabc 43.2683
fm_projection_model_output 2 2034 Cofl 47.7071
fm_projection_model_output 2 2034 CLCI 45.0935
fm_projection_model_output 2 2034 CUCI 83.6822
fm_projection_model_output 2 2034 CMedian 59.5466
fm_projection_model_output 2 2034 CMean 61.5849
fm_projection_model_output 2 2034 CStdn 12.7928
fm_projection_model_output 2 2035 Cabc 43.2683
fm_projection_model_output 2 2035 Cofl 47.7071
fm_projection_model_output 2 2035 CLCI 38.8869
fm_projection_model_output 2 2035 CUCI 80.5779
fm_projection_model_output 2 2035 CMedian 54.3868
fm_projection_model_output 2 2035 CMean 56.3509
fm_projection_model_output 2 2035 CStdn 13.3724
fm_projection_model_output 2 2022 SSBF100 394.349
fm_projection_model_output 2 2022 SSBFabc 157.74
fm_projection_model_output 2 2022 SSBFofl 138.022
fm_projection_model_output 2 2022 SSBLCI 250.337
fm_projection_model_output 2 2022 SSBUCI 250.337
fm_projection_model_output 2 2022 SSBMedian 250.337
fm_projection_model_output 2 2022 SSBMean 250.337
fm_projection_model_output 2 2023 SSBF100 394.349
fm_projection_model_output 2 2023 SSBFabc 157.74
fm_projection_model_output 2 2023 SSBFofl 138.022
fm_projection_model_output 2 2023 SSBLCI 260.109
fm_projection_model_output 2 2023 SSBUCI 260.109
fm_projection_model_output 2 2023 SSBMedian 260.109
fm_projection_model_output 2 2023 SSBMean 260.109
fm_projection_model_output 2 2024 SSBF100 394.349
fm_projection_model_output 2 2024 SSBFabc 157.74
fm_projection_model_output 2 2024 SSBFofl 138.022
fm_projection_model_output 2 2024 SSBLCI 280.758
fm_projection_model_output 2 2024 SSBUCI 280.758
fm_projection_model_output 2 2024 SSBMedian 280.758
fm_projection_model_output 2 2024 SSBMean 280.758
fm_projection_model_output 2 2025 SSBF100 394.349
fm_projection_model_output 2 2025 SSBFabc 157.74
fm_projection_model_output 2 2025 SSBFofl 138.022
fm_projection_model_output 2 2025 SSBLCI 303.608
fm_projection_model_output 2 2025 SSBUCI 303.608
fm_projection_model_output 2 2025 SSBMedian 303.608
fm_projection_model_output 2 2025 SSBMean 303.608
fm_projection_model_output 2 2026 SSBF100 394.349
fm_projection_model_output 2 2026 SSBFabc 157.74
fm_projection_model_output 2 2026 SSBFofl 138.022
fm_projection_model_output 2 2026 SSBLCI 339.319
fm_projection_model_output 2 2026 SSBUCI 339.319
fm_projection_model_output 2 2026 SSBMedian 339.319
fm_projection_model_output 2 2026 SSBMean 339.319
fm_projection_model_output 2 2027 SSBF100 394.349
fm_projection_model_output 2 2027 SSBFabc 157.74
fm_projection_model_output 2 2027 SSBFofl 138.022
fm_projection_model_output 2 2027 SSBLCI 392.052
fm_projection_model_output 2 2027 SSBUCI 392.115
fm_projection_model_output 2 2027 SSBMedian 392.063
fm_projection_model_output 2 2027 SSBMean 392.071
fm_projection_model_output 2 2028 SSBF100 394.349
fm_projection_model_output 2 2028 SSBFabc 157.74
fm_projection_model_output 2 2028 SSBFofl 138.022
fm_projection_model_output 2 2028 SSBLCI 451.896
fm_projection_model_output 2 2028 SSBUCI 452.698
fm_projection_model_output 2 2028 SSBMedian 452.042
fm_projection_model_output 2 2028 SSBMean 452.135
fm_projection_model_output 2 2029 SSBF100 394.349
fm_projection_model_output 2 2029 SSBFabc 157.74
fm_projection_model_output 2 2029 SSBFofl 138.022
fm_projection_model_output 2 2029 SSBLCI 459.903
fm_projection_model_output 2 2029 SSBUCI 467.437
fm_projection_model_output 2 2029 SSBMedian 461.32
fm_projection_model_output 2 2029 SSBMean 462.198
fm_projection_model_output 2 2030 SSBF100 394.349
fm_projection_model_output 2 2030 SSBFabc 157.74
fm_projection_model_output 2 2030 SSBFofl 138.022
fm_projection_model_output 2 2030 SSBLCI 426.085
fm_projection_model_output 2 2030 SSBUCI 451.219
fm_projection_model_output 2 2030 SSBMedian 431.714
fm_projection_model_output 2 2030 SSBMean 434.347
fm_projection_model_output 2 2031 SSBF100 394.349
fm_projection_model_output 2 2031 SSBFabc 157.74
fm_projection_model_output 2 2031 SSBFofl 138.022
fm_projection_model_output 2 2031 SSBLCI 372.538
fm_projection_model_output 2 2031 SSBUCI 435.326
fm_projection_model_output 2 2031 SSBMedian 387.4
fm_projection_model_output 2 2031 SSBMean 393.525
fm_projection_model_output 2 2032 SSBF100 394.349
fm_projection_model_output 2 2032 SSBFabc 157.74
fm_projection_model_output 2 2032 SSBFofl 138.022
fm_projection_model_output 2 2032 SSBLCI 310.005
fm_projection_model_output 2 2032 SSBUCI 404.934
fm_projection_model_output 2 2032 SSBMedian 336.938
fm_projection_model_output 2 2032 SSBMean 344.452
fm_projection_model_output 2 2033 SSBF100 394.349
fm_projection_model_output 2 2033 SSBFabc 157.74
fm_projection_model_output 2 2033 SSBFofl 138.022
fm_projection_model_output 2 2033 SSBLCI 255.837
fm_projection_model_output 2 2033 SSBUCI 369.793
fm_projection_model_output 2 2033 SSBMedian 293.52
fm_projection_model_output 2 2033 SSBMean 301.226
fm_projection_model_output 2 2034 SSBF100 394.349
fm_projection_model_output 2 2034 SSBFabc 157.74
fm_projection_model_output 2 2034 SSBFofl 138.022
fm_projection_model_output 2 2034 SSBLCI 207.427
fm_projection_model_output 2 2034 SSBUCI 339.576
fm_projection_model_output 2 2034 SSBMedian 253.983
fm_projection_model_output 2 2034 SSBMean 262.775
fm_projection_model_output 2 2035 SSBF100 394.349
fm_projection_model_output 2 2035 SSBFabc 157.74
fm_projection_model_output 2 2035 SSBFofl 138.022
fm_projection_model_output 2 2035 SSBLCI 168.39
fm_projection_model_output 2 2035 SSBUCI 318.976
fm_projection_model_output 2 2035 SSBMedian 223.973
fm_projection_model_output 2 2035 SSBMean 231.899
fm_projection_model_output 2 2022 F0 0 
fm_projection_model_output 2 2022 Fabc 0.188734
fm_projection_model_output 2 2022 Fofl 0.232881
fm_projection_model_output 2 2022  F_LCI 0.0487004
fm_projection_model_output 2 2022  F_UCI 0.0487004
fm_projection_model_output 2 2022  F_Median 0.0487004
fm_projection_model_output 2 2022  F_Mean 0.0487004
fm_projection_model_output 2 2023 F0 0 
fm_projection_model_output 2 2023 Fabc 0.188734
fm_projection_model_output 2 2023 Fofl 0.232881
fm_projection_model_output 2 2023  F_LCI 0.111912
fm_projection_model_output 2 2023  F_UCI 0.111912
fm_projection_model_output 2 2023  F_Median 0.111912
fm_projection_model_output 2 2023  F_Mean 0.111912
fm_projection_model_output 2 2024 F0 0 
fm_projection_model_output 2 2024 Fabc 0.188734
fm_projection_model_output 2 2024 Fofl 0.232881
fm_projection_model_output 2 2024  F_LCI 0.188734
fm_projection_model_output 2 2024  F_UCI 0.188734
fm_projection_model_output 2 2024  F_Median 0.188734
fm_projection_model_output 2 2024  F_Mean 0.188734
fm_projection_model_output 2 2025 F0 0 
fm_projection_model_output 2 2025 Fabc 0.188734
fm_projection_model_output 2 2025 Fofl 0.232881
fm_projection_model_output 2 2025  F_LCI 0.188734
fm_projection_model_output 2 2025  F_UCI 0.188734
fm_projection_model_output 2 2025  F_Median 0.188734
fm_projection_model_output 2 2025  F_Mean 0.188734
fm_projection_model_output 2 2026 F0 0 
fm_projection_model_output 2 2026 Fabc 0.188734
fm_projection_model_output 2 2026 Fofl 0.232881
fm_projection_model_output 2 2026  F_LCI 0.188734
fm_projection_model_output 2 2026  F_UCI 0.188734
fm_projection_model_output 2 2026  F_Median 0.188734
fm_projection_model_output 2 2026  F_Mean 0.188734
fm_projection_model_output 2 2027 F0 0 
fm_projection_model_output 2 2027 Fabc 0.188734
fm_projection_model_output 2 2027 Fofl 0.232881
fm_projection_model_output 2 2027  F_LCI 0.188734
fm_projection_model_output 2 2027  F_UCI 0.188734
fm_projection_model_output 2 2027  F_Median 0.188734
fm_projection_model_output 2 2027  F_Mean 0.188734
fm_projection_model_output 2 2028 F0 0 
fm_projection_model_output 2 2028 Fabc 0.188734
fm_projection_model_output 2 2028 Fofl 0.232881
fm_projection_model_output 2 2028  F_LCI 0.188734
fm_projection_model_output 2 2028  F_UCI 0.188734
fm_projection_model_output 2 2028  F_Median 0.188734
fm_projection_model_output 2 2028  F_Mean 0.188734
fm_projection_model_output 2 2029 F0 0 
fm_projection_model_output 2 2029 Fabc 0.188734
fm_projection_model_output 2 2029 Fofl 0.232881
fm_projection_model_output 2 2029  F_LCI 0.188734
fm_projection_model_output 2 2029  F_UCI 0.188734
fm_projection_model_output 2 2029  F_Median 0.188734
fm_projection_model_output 2 2029  F_Mean 0.188734
fm_projection_model_output 2 2030 F0 0 
fm_projection_model_output 2 2030 Fabc 0.188734
fm_projection_model_output 2 2030 Fofl 0.232881
fm_projection_model_output 2 2030  F_LCI 0.188734
fm_projection_model_output 2 2030  F_UCI 0.188734
fm_projection_model_output 2 2030  F_Median 0.188734
fm_projection_model_output 2 2030  F_Mean 0.188734
fm_projection_model_output 2 2031 F0 0 
fm_projection_model_output 2 2031 Fabc 0.188734
fm_projection_model_output 2 2031 Fofl 0.232881
fm_projection_model_output 2 2031  F_LCI 0.188734
fm_projection_model_output 2 2031  F_UCI 0.188734
fm_projection_model_output 2 2031  F_Median 0.188734
fm_projection_model_output 2 2031  F_Mean 0.188734
fm_projection_model_output 2 2032 F0 0 
fm_projection_model_output 2 2032 Fabc 0.188734
fm_projection_model_output 2 2032 Fofl 0.232881
fm_projection_model_output 2 2032  F_LCI 0.188734
fm_projection_model_output 2 2032  F_UCI 0.188734
fm_projection_model_output 2 2032  F_Median 0.188734
fm_projection_model_output 2 2032  F_Mean 0.188734
fm_projection_model_output 2 2033 F0 0 
fm_projection_model_output 2 2033 Fabc 0.188734
fm_projection_model_output 2 2033 Fofl 0.232881
fm_projection_model_output 2 2033  F_LCI 0.188734
fm_projection_model_output 2 2033  F_UCI 0.188734
fm_projection_model_output 2 2033  F_Median 0.188734
fm_projection_model_output 2 2033  F_Mean 0.188734
fm_projection_model_output 2 2034 F0 0 
fm_projection_model_output 2 2034 Fabc 0.188734
fm_projection_model_output 2 2034 Fofl 0.232881
fm_projection_model_output 2 2034  F_LCI 0.188734
fm_projection_model_output 2 2034  F_UCI 0.188734
fm_projection_model_output 2 2034  F_Median 0.188734
fm_projection_model_output 2 2034  F_Mean 0.188734
fm_projection_model_output 2 2035 F0 0 
fm_projection_model_output 2 2035 Fabc 0.188734
fm_projection_model_output 2 2035 Fofl 0.232881
fm_projection_model_output 2 2035  F_LCI 0.188734
fm_projection_model_output 2 2035  F_UCI 0.188734
fm_projection_model_output 2 2035  F_Median 0.188734
fm_projection_model_output 2 2035  F_Mean 0.188677
fm_projection_model_output 3 2022 Cabc 43.2683
fm_projection_model_output 3 2022 Cofl 47.7071
fm_projection_model_output 3 2022 CLCI 16.0143
fm_projection_model_output 3 2022 CUCI 16.0143
fm_projection_model_output 3 2022 CMedian 16.0143
fm_projection_model_output 3 2022 CMean 16.0143
fm_projection_model_output 3 2022 CStdn 1.7053e-13
fm_projection_model_output 3 2023 Cabc 43.2683
fm_projection_model_output 3 2023 Cofl 47.7071
fm_projection_model_output 3 2023 CLCI 40.76
fm_projection_model_output 3 2023 CUCI 40.76
fm_projection_model_output 3 2023 CMedian 40.76
fm_projection_model_output 3 2023 CMean 40.76
fm_projection_model_output 3 2023 CStdn 3.55271e-14
fm_projection_model_output 3 2024 Cabc 43.2683
fm_projection_model_output 3 2024 Cofl 47.7071
fm_projection_model_output 3 2024 CLCI 29.7221
fm_projection_model_output 3 2024 CUCI 29.7228
fm_projection_model_output 3 2024 CMedian 29.7222
fm_projection_model_output 3 2024 CMean 29.7223
fm_projection_model_output 3 2024 CStdn 0.000265435
fm_projection_model_output 3 2025 Cabc 43.2683
fm_projection_model_output 3 2025 Cofl 47.7071
fm_projection_model_output 3 2025 CLCI 36.0977
fm_projection_model_output 3 2025 CUCI 36.1117
fm_projection_model_output 3 2025 CMedian 36.1002
fm_projection_model_output 3 2025 CMean 36.1018
fm_projection_model_output 3 2025 CStdn 0.00491718
fm_projection_model_output 3 2026 Cabc 43.2683
fm_projection_model_output 3 2026 Cofl 47.7071
fm_projection_model_output 3 2026 CLCI 43.4937
fm_projection_model_output 3 2026 CUCI 43.556
fm_projection_model_output 3 2026 CMedian 43.5066
fm_projection_model_output 3 2026 CMean 43.5136
fm_projection_model_output 3 2026 CStdn 0.022059
fm_projection_model_output 3 2027 Cabc 43.2683
fm_projection_model_output 3 2027 Cofl 47.7071
fm_projection_model_output 3 2027 CLCI 51.0434
fm_projection_model_output 3 2027 CUCI 51.295
fm_projection_model_output 3 2027 CMedian 51.0978
fm_projection_model_output 3 2027 CMean 51.1248
fm_projection_model_output 3 2027 CStdn 0.0878594
fm_projection_model_output 3 2028 Cabc 43.2683
fm_projection_model_output 3 2028 Cofl 47.7071
fm_projection_model_output 3 2028 CLCI 56.4987
fm_projection_model_output 3 2028 CUCI 57.3848
fm_projection_model_output 3 2028 CMedian 56.6959
fm_projection_model_output 3 2028 CMean 56.789
fm_projection_model_output 3 2028 CStdn 0.310974
fm_projection_model_output 3 2029 Cabc 43.2683
fm_projection_model_output 3 2029 Cofl 47.7071
fm_projection_model_output 3 2029 CLCI 56.7869
fm_projection_model_output 3 2029 CUCI 59.3018
fm_projection_model_output 3 2029 CMedian 57.3643
fm_projection_model_output 3 2029 CMean 57.6159
fm_projection_model_output 3 2029 CStdn 0.860974
fm_projection_model_output 3 2030 Cabc 43.2683
fm_projection_model_output 3 2030 Cofl 47.7071
fm_projection_model_output 3 2030 CLCI 53.6357
fm_projection_model_output 3 2030 CUCI 59.211
fm_projection_model_output 3 2030 CMedian 54.9793
fm_projection_model_output 3 2030 CMean 55.5112
fm_projection_model_output 3 2030 CStdn 1.84543
fm_projection_model_output 3 2031 Cabc 43.2683
fm_projection_model_output 3 2031 Cofl 47.7071
fm_projection_model_output 3 2031 CLCI 47.4085
fm_projection_model_output 3 2031 CUCI 56.7772
fm_projection_model_output 3 2031 CMedian 50.0037
fm_projection_model_output 3 2031 CMean 50.8195
fm_projection_model_output 3 2031 CStdn 3.17363
fm_projection_model_output 3 2032 Cabc 43.2683
fm_projection_model_output 3 2032 Cofl 47.7071
fm_projection_model_output 3 2032 CLCI 40.7158
fm_projection_model_output 3 2032 CUCI 53.3984
fm_projection_model_output 3 2032 CMedian 44.8235
fm_projection_model_output 3 2032 CMean 45.6801
fm_projection_model_output 3 2032 CStdn 4.33198
fm_projection_model_output 3 2033 Cabc 43.2683
fm_projection_model_output 3 2033 Cofl 47.7071
fm_projection_model_output 3 2033 CLCI 35.7053
fm_projection_model_output 3 2033 CUCI 51.0248
fm_projection_model_output 3 2033 CMedian 41.0302
fm_projection_model_output 3 2033 CMean 41.9454
fm_projection_model_output 3 2033 CStdn 5.2069
fm_projection_model_output 3 2034 Cabc 43.2683
fm_projection_model_output 3 2034 Cofl 47.7071
fm_projection_model_output 3 2034 CLCI 31.4539
fm_projection_model_output 3 2034 CUCI 49.1831
fm_projection_model_output 3 2034 CMedian 38.1319
fm_projection_model_output 3 2034 CMean 38.9403
fm_projection_model_output 3 2034 CStdn 5.81363
fm_projection_model_output 3 2035 Cabc 43.2683
fm_projection_model_output 3 2035 Cofl 47.7071
fm_projection_model_output 3 2035 CLCI 28.2345
fm_projection_model_output 3 2035 CUCI 47.4178
fm_projection_model_output 3 2035 CMedian 35.4911
fm_projection_model_output 3 2035 CMean 36.3116
fm_projection_model_output 3 2035 CStdn 6.19131
fm_projection_model_output 3 2022 SSBF100 394.349
fm_projection_model_output 3 2022 SSBFabc 157.74
fm_projection_model_output 3 2022 SSBFofl 138.022
fm_projection_model_output 3 2022 SSBLCI 250.337
fm_projection_model_output 3 2022 SSBUCI 250.337
fm_projection_model_output 3 2022 SSBMedian 250.337
fm_projection_model_output 3 2022 SSBMean 250.337
fm_projection_model_output 3 2023 SSBF100 394.349
fm_projection_model_output 3 2023 SSBFabc 157.74
fm_projection_model_output 3 2023 SSBFofl 138.022
fm_projection_model_output 3 2023 SSBLCI 260.109
fm_projection_model_output 3 2023 SSBUCI 260.109
fm_projection_model_output 3 2023 SSBMedian 260.109
fm_projection_model_output 3 2023 SSBMean 260.109
fm_projection_model_output 3 2024 SSBF100 394.349
fm_projection_model_output 3 2024 SSBFabc 157.74
fm_projection_model_output 3 2024 SSBFofl 138.022
fm_projection_model_output 3 2024 SSBLCI 282.943
fm_projection_model_output 3 2024 SSBUCI 282.943
fm_projection_model_output 3 2024 SSBMedian 282.943
fm_projection_model_output 3 2024 SSBMean 282.943
fm_projection_model_output 3 2025 SSBF100 394.349
fm_projection_model_output 3 2025 SSBFabc 157.74
fm_projection_model_output 3 2025 SSBFofl 138.022
fm_projection_model_output 3 2025 SSBLCI 330.123
fm_projection_model_output 3 2025 SSBUCI 330.123
fm_projection_model_output 3 2025 SSBMedian 330.123
fm_projection_model_output 3 2025 SSBMean 330.123
fm_projection_model_output 3 2026 SSBF100 394.349
fm_projection_model_output 3 2026 SSBFabc 157.74
fm_projection_model_output 3 2026 SSBFofl 138.022
fm_projection_model_output 3 2026 SSBLCI 390.094
fm_projection_model_output 3 2026 SSBUCI 390.094
fm_projection_model_output 3 2026 SSBMedian 390.094
fm_projection_model_output 3 2026 SSBMean 390.094
fm_projection_model_output 3 2027 SSBF100 394.349
fm_projection_model_output 3 2027 SSBFabc 157.74
fm_projection_model_output 3 2027 SSBFofl 138.022
fm_projection_model_output 3 2027 SSBLCI 468.519
fm_projection_model_output 3 2027 SSBUCI 468.582
fm_projection_model_output 3 2027 SSBMedian 468.53
fm_projection_model_output 3 2027 SSBMean 468.537
fm_projection_model_output 3 2028 SSBF100 394.349
fm_projection_model_output 3 2028 SSBFabc 157.74
fm_projection_model_output 3 2028 SSBFofl 138.022
fm_projection_model_output 3 2028 SSBLCI 557.409
fm_projection_model_output 3 2028 SSBUCI 558.213
fm_projection_model_output 3 2028 SSBMedian 557.556
fm_projection_model_output 3 2028 SSBMean 557.649
fm_projection_model_output 3 2029 SSBF100 394.349
fm_projection_model_output 3 2029 SSBFabc 157.74
fm_projection_model_output 3 2029 SSBFofl 138.022
fm_projection_model_output 3 2029 SSBLCI 596.263
fm_projection_model_output 3 2029 SSBUCI 603.868
fm_projection_model_output 3 2029 SSBMedian 597.694
fm_projection_model_output 3 2029 SSBMean 598.579
fm_projection_model_output 3 2030 SSBF100 394.349
fm_projection_model_output 3 2030 SSBFabc 157.74
fm_projection_model_output 3 2030 SSBFofl 138.022
fm_projection_model_output 3 2030 SSBLCI 589.275
fm_projection_model_output 3 2030 SSBUCI 615.015
fm_projection_model_output 3 2030 SSBMedian 595.025
fm_projection_model_output 3 2030 SSBMean 597.716
fm_projection_model_output 3 2031 SSBF100 394.349
fm_projection_model_output 3 2031 SSBFabc 157.74
fm_projection_model_output 3 2031 SSBFofl 138.022
fm_projection_model_output 3 2031 SSBLCI 555.911
fm_projection_model_output 3 2031 SSBUCI 622.063
fm_projection_model_output 3 2031 SSBMedian 571.321
fm_projection_model_output 3 2031 SSBMean 577.862
fm_projection_model_output 3 2032 SSBF100 394.349
fm_projection_model_output 3 2032 SSBFabc 157.74
fm_projection_model_output 3 2032 SSBFofl 138.022
fm_projection_model_output 3 2032 SSBLCI 501.937
fm_projection_model_output 3 2032 SSBUCI 605.807
fm_projection_model_output 3 2032 SSBMedian 530.803
fm_projection_model_output 3 2032 SSBMean 539.299
fm_projection_model_output 3 2033 SSBF100 394.349
fm_projection_model_output 3 2033 SSBFabc 157.74
fm_projection_model_output 3 2033 SSBFofl 138.022
fm_projection_model_output 3 2033 SSBLCI 447.399
fm_projection_model_output 3 2033 SSBUCI 577.203
fm_projection_model_output 3 2033 SSBMedian 490.05
fm_projection_model_output 3 2033 SSBMean 498.931
fm_projection_model_output 3 2034 SSBF100 394.349
fm_projection_model_output 3 2034 SSBFabc 157.74
fm_projection_model_output 3 2034 SSBFofl 138.022
fm_projection_model_output 3 2034 SSBLCI 390.054
fm_projection_model_output 3 2034 SSBUCI 549.528
fm_projection_model_output 3 2034 SSBMedian 444.662
fm_projection_model_output 3 2034 SSBMean 454.838
fm_projection_model_output 3 2035 SSBF100 394.349
fm_projection_model_output 3 2035 SSBFabc 157.74
fm_projection_model_output 3 2035 SSBFofl 138.022
fm_projection_model_output 3 2035 SSBLCI 336.623
fm_projection_model_output 3 2035 SSBUCI 519.083
fm_projection_model_output 3 2035 SSBMedian 404.679
fm_projection_model_output 3 2035 SSBMean 413.575
fm_projection_model_output 3 2022 F0 0 
fm_projection_model_output 3 2022 Fabc 0.188734
fm_projection_model_output 3 2022 Fofl 0.232881
fm_projection_model_output 3 2022  F_LCI 0.0487004
fm_projection_model_output 3 2022  F_UCI 0.0487004
fm_projection_model_output 3 2022  F_Median 0.0487004
fm_projection_model_output 3 2022  F_Mean 0.0487004
fm_projection_model_output 3 2023 F0 0 
fm_projection_model_output 3 2023 Fabc 0.188734
fm_projection_model_output 3 2023 Fofl 0.232881
fm_projection_model_output 3 2023  F_LCI 0.111912
fm_projection_model_output 3 2023  F_UCI 0.111912
fm_projection_model_output 3 2023  F_Median 0.111912
fm_projection_model_output 3 2023  F_Mean 0.111912
fm_projection_model_output 3 2024 F0 0 
fm_projection_model_output 3 2024 Fabc 0.188734
fm_projection_model_output 3 2024 Fofl 0.232881
fm_projection_model_output 3 2024  F_LCI 0.0698939
fm_projection_model_output 3 2024  F_UCI 0.0698939
fm_projection_model_output 3 2024  F_Median 0.0698939
fm_projection_model_output 3 2024  F_Mean 0.0698939
fm_projection_model_output 3 2025 F0 0 
fm_projection_model_output 3 2025 Fabc 0.188734
fm_projection_model_output 3 2025 Fofl 0.232881
fm_projection_model_output 3 2025  F_LCI 0.0698939
fm_projection_model_output 3 2025  F_UCI 0.0698939
fm_projection_model_output 3 2025  F_Median 0.0698939
fm_projection_model_output 3 2025  F_Mean 0.0698939
fm_projection_model_output 3 2026 F0 0 
fm_projection_model_output 3 2026 Fabc 0.188734
fm_projection_model_output 3 2026 Fofl 0.232881
fm_projection_model_output 3 2026  F_LCI 0.0698939
fm_projection_model_output 3 2026  F_UCI 0.0698939
fm_projection_model_output 3 2026  F_Median 0.0698939
fm_projection_model_output 3 2026  F_Mean 0.0698939
fm_projection_model_output 3 2027 F0 0 
fm_projection_model_output 3 2027 Fabc 0.188734
fm_projection_model_output 3 2027 Fofl 0.232881
fm_projection_model_output 3 2027  F_LCI 0.0698939
fm_projection_model_output 3 2027  F_UCI 0.0698939
fm_projection_model_output 3 2027  F_Median 0.0698939
fm_projection_model_output 3 2027  F_Mean 0.0698939
fm_projection_model_output 3 2028 F0 0 
fm_projection_model_output 3 2028 Fabc 0.188734
fm_projection_model_output 3 2028 Fofl 0.232881
fm_projection_model_output 3 2028  F_LCI 0.0698939
fm_projection_model_output 3 2028  F_UCI 0.0698939
fm_projection_model_output 3 2028  F_Median 0.0698939
fm_projection_model_output 3 2028  F_Mean 0.0698939
fm_projection_model_output 3 2029 F0 0 
fm_projection_model_output 3 2029 Fabc 0.188734
fm_projection_model_output 3 2029 Fofl 0.232881
fm_projection_model_output 3 2029  F_LCI 0.0698939
fm_projection_model_output 3 2029  F_UCI 0.0698939
fm_projection_model_output 3 2029  F_Median 0.0698939
fm_projection_model_output 3 2029  F_Mean 0.0698939
fm_projection_model_output 3 2030 F0 0 
fm_projection_model_output 3 2030 Fabc 0.188734
fm_projection_model_output 3 2030 Fofl 0.232881
fm_projection_model_output 3 2030  F_LCI 0.0698939
fm_projection_model_output 3 2030  F_UCI 0.0698939
fm_projection_model_output 3 2030  F_Median 0.0698939
fm_projection_model_output 3 2030  F_Mean 0.0698939
fm_projection_model_output 3 2031 F0 0 
fm_projection_model_output 3 2031 Fabc 0.188734
fm_projection_model_output 3 2031 Fofl 0.232881
fm_projection_model_output 3 2031  F_LCI 0.0698939
fm_projection_model_output 3 2031  F_UCI 0.0698939
fm_projection_model_output 3 2031  F_Median 0.0698939
fm_projection_model_output 3 2031  F_Mean 0.0698939
fm_projection_model_output 3 2032 F0 0 
fm_projection_model_output 3 2032 Fabc 0.188734
fm_projection_model_output 3 2032 Fofl 0.232881
fm_projection_model_output 3 2032  F_LCI 0.0698939
fm_projection_model_output 3 2032  F_UCI 0.0698939
fm_projection_model_output 3 2032  F_Median 0.0698939
fm_projection_model_output 3 2032  F_Mean 0.0698939
fm_projection_model_output 3 2033 F0 0 
fm_projection_model_output 3 2033 Fabc 0.188734
fm_projection_model_output 3 2033 Fofl 0.232881
fm_projection_model_output 3 2033  F_LCI 0.0698939
fm_projection_model_output 3 2033  F_UCI 0.0698939
fm_projection_model_output 3 2033  F_Median 0.0698939
fm_projection_model_output 3 2033  F_Mean 0.0698939
fm_projection_model_output 3 2034 F0 0 
fm_projection_model_output 3 2034 Fabc 0.188734
fm_projection_model_output 3 2034 Fofl 0.232881
fm_projection_model_output 3 2034  F_LCI 0.0698939
fm_projection_model_output 3 2034  F_UCI 0.0698939
fm_projection_model_output 3 2034  F_Median 0.0698939
fm_projection_model_output 3 2034  F_Mean 0.0698939
fm_projection_model_output 3 2035 F0 0 
fm_projection_model_output 3 2035 Fabc 0.188734
fm_projection_model_output 3 2035 Fofl 0.232881
fm_projection_model_output 3 2035  F_LCI 0.0698939
fm_projection_model_output 3 2035  F_UCI 0.0698939
fm_projection_model_output 3 2035  F_Median 0.0698939
fm_projection_model_output 3 2035  F_Mean 0.0698939
fm_projection_model_output 4 2022 Cabc 43.2683
fm_projection_model_output 4 2022 Cofl 47.7071
fm_projection_model_output 4 2022 CLCI 16.0143
fm_projection_model_output 4 2022 CUCI 16.0143
fm_projection_model_output 4 2022 CMedian 16.0143
fm_projection_model_output 4 2022 CMean 16.0143
fm_projection_model_output 4 2022 CStdn 1.7053e-13
fm_projection_model_output 4 2023 Cabc 43.2683
fm_projection_model_output 4 2023 Cofl 47.7071
fm_projection_model_output 4 2023 CLCI 40.76
fm_projection_model_output 4 2023 CUCI 40.76
fm_projection_model_output 4 2023 CMedian 40.76
fm_projection_model_output 4 2023 CMean 40.76
fm_projection_model_output 4 2023 CStdn 3.55271e-14
fm_projection_model_output 4 2024 Cabc 43.2683
fm_projection_model_output 4 2024 Cofl 47.7071
fm_projection_model_output 4 2024 CLCI 36.0172
fm_projection_model_output 4 2024 CUCI 36.0181
fm_projection_model_output 4 2024 CMedian 36.0174
fm_projection_model_output 4 2024 CMean 36.0175
fm_projection_model_output 4 2024 CStdn 0.000323277
fm_projection_model_output 4 2025 Cabc 43.2683
fm_projection_model_output 4 2025 Cofl 47.7071
fm_projection_model_output 4 2025 CLCI 43.3788
fm_projection_model_output 4 2025 CUCI 43.3959
fm_projection_model_output 4 2025 CMedian 43.3819
fm_projection_model_output 4 2025 CMean 43.3838
fm_projection_model_output 4 2025 CStdn 0.00598855
fm_projection_model_output 4 2026 Cabc 43.2683
fm_projection_model_output 4 2026 Cofl 47.7071
fm_projection_model_output 4 2026 CLCI 51.9299
fm_projection_model_output 4 2026 CUCI 52.0059
fm_projection_model_output 4 2026 CMedian 51.9457
fm_projection_model_output 4 2026 CMean 51.9542
fm_projection_model_output 4 2026 CStdn 0.0268633
fm_projection_model_output 4 2027 Cabc 43.2683
fm_projection_model_output 4 2027 Cofl 47.7071
fm_projection_model_output 4 2027 CLCI 60.6112
fm_projection_model_output 4 2027 CUCI 60.9176
fm_projection_model_output 4 2027 CMedian 60.6775
fm_projection_model_output 4 2027 CMean 60.7103
fm_projection_model_output 4 2027 CStdn 0.106968
fm_projection_model_output 4 2028 Cabc 43.2683
fm_projection_model_output 4 2028 Cofl 47.7071
fm_projection_model_output 4 2028 CLCI 66.6983
fm_projection_model_output 4 2028 CUCI 67.7763
fm_projection_model_output 4 2028 CMedian 66.9383
fm_projection_model_output 4 2028 CMean 67.0515
fm_projection_model_output 4 2028 CStdn 0.378317
fm_projection_model_output 4 2029 Cabc 43.2683
fm_projection_model_output 4 2029 Cofl 47.7071
fm_projection_model_output 4 2029 CLCI 66.5384
fm_projection_model_output 4 2029 CUCI 69.5978
fm_projection_model_output 4 2029 CMedian 67.24
fm_projection_model_output 4 2029 CMean 67.5453
fm_projection_model_output 4 2029 CStdn 1.04531
fm_projection_model_output 4 2030 Cabc 43.2683
fm_projection_model_output 4 2030 Cofl 47.7071
fm_projection_model_output 4 2030 CLCI 62.2674
fm_projection_model_output 4 2030 CUCI 69.0051
fm_projection_model_output 4 2030 CMedian 63.8945
fm_projection_model_output 4 2030 CMean 64.54
fm_projection_model_output 4 2030 CStdn 2.23205
fm_projection_model_output 4 2031 Cabc 43.2683
fm_projection_model_output 4 2031 Cofl 47.7071
fm_projection_model_output 4 2031 CLCI 54.4796
fm_projection_model_output 4 2031 CUCI 65.7621
fm_projection_model_output 4 2031 CMedian 57.6034
fm_projection_model_output 4 2031 CMean 58.5854
fm_projection_model_output 4 2031 CStdn 3.81765
fm_projection_model_output 4 2032 Cabc 43.2683
fm_projection_model_output 4 2032 Cofl 47.7071
fm_projection_model_output 4 2032 CLCI 46.3039
fm_projection_model_output 4 2032 CUCI 61.4643
fm_projection_model_output 4 2032 CMedian 51.2157
fm_projection_model_output 4 2032 CMean 52.2496
fm_projection_model_output 4 2032 CStdn 5.18385
fm_projection_model_output 4 2033 Cabc 43.2683
fm_projection_model_output 4 2033 Cofl 47.7071
fm_projection_model_output 4 2033 CLCI 40.2197
fm_projection_model_output 4 2033 CUCI 58.5497
fm_projection_model_output 4 2033 CMedian 46.561
fm_projection_model_output 4 2033 CMean 47.6526
fm_projection_model_output 4 2033 CStdn 6.19657
fm_projection_model_output 4 2034 Cabc 43.2683
fm_projection_model_output 4 2034 Cofl 47.7071
fm_projection_model_output 4 2034 CLCI 35.1089
fm_projection_model_output 4 2034 CUCI 56.0241
fm_projection_model_output 4 2034 CMedian 43.0288
fm_projection_model_output 4 2034 CMean 43.9993
fm_projection_model_output 4 2034 CStdn 6.88761
fm_projection_model_output 4 2035 Cabc 43.2683
fm_projection_model_output 4 2035 Cofl 47.7071
fm_projection_model_output 4 2035 CLCI 31.294
fm_projection_model_output 4 2035 CUCI 54.1555
fm_projection_model_output 4 2035 CMedian 39.8463
fm_projection_model_output 4 2035 CMean 40.8631
fm_projection_model_output 4 2035 CStdn 7.31268
fm_projection_model_output 4 2022 SSBF100 394.349
fm_projection_model_output 4 2022 SSBFabc 157.74
fm_projection_model_output 4 2022 SSBFofl 138.022
fm_projection_model_output 4 2022 SSBLCI 250.337
fm_projection_model_output 4 2022 SSBUCI 250.337
fm_projection_model_output 4 2022 SSBMedian 250.337
fm_projection_model_output 4 2022 SSBMean 250.337
fm_projection_model_output 4 2023 SSBF100 394.349
fm_projection_model_output 4 2023 SSBFabc 157.74
fm_projection_model_output 4 2023 SSBFofl 138.022
fm_projection_model_output 4 2023 SSBLCI 260.109
fm_projection_model_output 4 2023 SSBUCI 260.109
fm_projection_model_output 4 2023 SSBMedian 260.109
fm_projection_model_output 4 2023 SSBMean 260.109
fm_projection_model_output 4 2024 SSBF100 394.349
fm_projection_model_output 4 2024 SSBFabc 157.74
fm_projection_model_output 4 2024 SSBFofl 138.022
fm_projection_model_output 4 2024 SSBLCI 282.661
fm_projection_model_output 4 2024 SSBUCI 282.661
fm_projection_model_output 4 2024 SSBMedian 282.661
fm_projection_model_output 4 2024 SSBMean 282.661
fm_projection_model_output 4 2025 SSBF100 394.349
fm_projection_model_output 4 2025 SSBFabc 157.74
fm_projection_model_output 4 2025 SSBFofl 138.022
fm_projection_model_output 4 2025 SSBLCI 326.566
fm_projection_model_output 4 2025 SSBUCI 326.566
fm_projection_model_output 4 2025 SSBMedian 326.566
fm_projection_model_output 4 2025 SSBMean 326.566
fm_projection_model_output 4 2026 SSBF100 394.349
fm_projection_model_output 4 2026 SSBFabc 157.74
fm_projection_model_output 4 2026 SSBFofl 138.022
fm_projection_model_output 4 2026 SSBLCI 383.032
fm_projection_model_output 4 2026 SSBUCI 383.032
fm_projection_model_output 4 2026 SSBMedian 383.032
fm_projection_model_output 4 2026 SSBMean 383.032
fm_projection_model_output 4 2027 SSBF100 394.349
fm_projection_model_output 4 2027 SSBFabc 157.74
fm_projection_model_output 4 2027 SSBFofl 138.022
fm_projection_model_output 4 2027 SSBLCI 457.549
fm_projection_model_output 4 2027 SSBUCI 457.612
fm_projection_model_output 4 2027 SSBMedian 457.56
fm_projection_model_output 4 2027 SSBMean 457.567
fm_projection_model_output 4 2028 SSBF100 394.349
fm_projection_model_output 4 2028 SSBFabc 157.74
fm_projection_model_output 4 2028 SSBFofl 138.022
fm_projection_model_output 4 2028 SSBLCI 541.889
fm_projection_model_output 4 2028 SSBUCI 542.693
fm_projection_model_output 4 2028 SSBMedian 542.036
fm_projection_model_output 4 2028 SSBMean 542.129
fm_projection_model_output 4 2029 SSBF100 394.349
fm_projection_model_output 4 2029 SSBFabc 157.74
fm_projection_model_output 4 2029 SSBFofl 138.022
fm_projection_model_output 4 2029 SSBLCI 575.746
fm_projection_model_output 4 2029 SSBUCI 583.342
fm_projection_model_output 4 2029 SSBMedian 577.176
fm_projection_model_output 4 2029 SSBMean 578.059
fm_projection_model_output 4 2030 SSBF100 394.349
fm_projection_model_output 4 2030 SSBFabc 157.74
fm_projection_model_output 4 2030 SSBFofl 138.022
fm_projection_model_output 4 2030 SSBLCI 564.131
fm_projection_model_output 4 2030 SSBUCI 589.792
fm_projection_model_output 4 2030 SSBMedian 569.865
fm_projection_model_output 4 2030 SSBMean 572.549
fm_projection_model_output 4 2031 SSBF100 394.349
fm_projection_model_output 4 2031 SSBFabc 157.74
fm_projection_model_output 4 2031 SSBFofl 138.022
fm_projection_model_output 4 2031 SSBLCI 526.874
fm_projection_model_output 4 2031 SSBUCI 592.587
fm_projection_model_output 4 2031 SSBMedian 542.236
fm_projection_model_output 4 2031 SSBMean 548.701
fm_projection_model_output 4 2032 SSBF100 394.349
fm_projection_model_output 4 2032 SSBFabc 157.74
fm_projection_model_output 4 2032 SSBFofl 138.022
fm_projection_model_output 4 2032 SSBLCI 470.593
fm_projection_model_output 4 2032 SSBUCI 573.082
fm_projection_model_output 4 2032 SSBMedian 499.109
fm_projection_model_output 4 2032 SSBMean 507.539
fm_projection_model_output 4 2033 SSBF100 394.349
fm_projection_model_output 4 2033 SSBFabc 157.74
fm_projection_model_output 4 2033 SSBFofl 138.022
fm_projection_model_output 4 2033 SSBLCI 415.07
fm_projection_model_output 4 2033 SSBUCI 542.549
fm_projection_model_output 4 2033 SSBMedian 457.02
fm_projection_model_output 4 2033 SSBMean 465.682
fm_projection_model_output 4 2034 SSBF100 394.349
fm_projection_model_output 4 2034 SSBFabc 157.74
fm_projection_model_output 4 2034 SSBFofl 138.022
fm_projection_model_output 4 2034 SSBLCI 358.042
fm_projection_model_output 4 2034 SSBUCI 513.778
fm_projection_model_output 4 2034 SSBMedian 411.506
fm_projection_model_output 4 2034 SSBMean 421.5
fm_projection_model_output 4 2035 SSBF100 394.349
fm_projection_model_output 4 2035 SSBFabc 157.74
fm_projection_model_output 4 2035 SSBFofl 138.022
fm_projection_model_output 4 2035 SSBLCI 306.117
fm_projection_model_output 4 2035 SSBUCI 483.272
fm_projection_model_output 4 2035 SSBMedian 372.282
fm_projection_model_output 4 2035 SSBMean 381.06
fm_projection_model_output 4 2022 F0 0 
fm_projection_model_output 4 2022 Fabc 0.188734
fm_projection_model_output 4 2022 Fofl 0.232881
fm_projection_model_output 4 2022  F_LCI 0.0487004
fm_projection_model_output 4 2022  F_UCI 0.0487004
fm_projection_model_output 4 2022  F_Median 0.0487004
fm_projection_model_output 4 2022  F_Mean 0.0487004
fm_projection_model_output 4 2023 F0 0 
fm_projection_model_output 4 2023 Fabc 0.188734
fm_projection_model_output 4 2023 Fofl 0.232881
fm_projection_model_output 4 2023  F_LCI 0.111912
fm_projection_model_output 4 2023  F_UCI 0.111912
fm_projection_model_output 4 2023  F_Median 0.111912
fm_projection_model_output 4 2023  F_Mean 0.111912
fm_projection_model_output 4 2024 F0 0 
fm_projection_model_output 4 2024 Fabc 0.188734
fm_projection_model_output 4 2024 Fofl 0.232881
fm_projection_model_output 4 2024  F_LCI 0.0851251
fm_projection_model_output 4 2024  F_UCI 0.0851251
fm_projection_model_output 4 2024  F_Median 0.0851251
fm_projection_model_output 4 2024  F_Mean 0.0851251
fm_projection_model_output 4 2025 F0 0 
fm_projection_model_output 4 2025 Fabc 0.188734
fm_projection_model_output 4 2025 Fofl 0.232881
fm_projection_model_output 4 2025  F_LCI 0.0851251
fm_projection_model_output 4 2025  F_UCI 0.0851251
fm_projection_model_output 4 2025  F_Median 0.0851251
fm_projection_model_output 4 2025  F_Mean 0.0851251
fm_projection_model_output 4 2026 F0 0 
fm_projection_model_output 4 2026 Fabc 0.188734
fm_projection_model_output 4 2026 Fofl 0.232881
fm_projection_model_output 4 2026  F_LCI 0.0851251
fm_projection_model_output 4 2026  F_UCI 0.0851251
fm_projection_model_output 4 2026  F_Median 0.0851251
fm_projection_model_output 4 2026  F_Mean 0.0851251
fm_projection_model_output 4 2027 F0 0 
fm_projection_model_output 4 2027 Fabc 0.188734
fm_projection_model_output 4 2027 Fofl 0.232881
fm_projection_model_output 4 2027  F_LCI 0.0851251
fm_projection_model_output 4 2027  F_UCI 0.0851251
fm_projection_model_output 4 2027  F_Median 0.0851251
fm_projection_model_output 4 2027  F_Mean 0.0851251
fm_projection_model_output 4 2028 F0 0 
fm_projection_model_output 4 2028 Fabc 0.188734
fm_projection_model_output 4 2028 Fofl 0.232881
fm_projection_model_output 4 2028  F_LCI 0.0851251
fm_projection_model_output 4 2028  F_UCI 0.0851251
fm_projection_model_output 4 2028  F_Median 0.0851251
fm_projection_model_output 4 2028  F_Mean 0.0851251
fm_projection_model_output 4 2029 F0 0 
fm_projection_model_output 4 2029 Fabc 0.188734
fm_projection_model_output 4 2029 Fofl 0.232881
fm_projection_model_output 4 2029  F_LCI 0.0851251
fm_projection_model_output 4 2029  F_UCI 0.0851251
fm_projection_model_output 4 2029  F_Median 0.0851251
fm_projection_model_output 4 2029  F_Mean 0.0851251
fm_projection_model_output 4 2030 F0 0 
fm_projection_model_output 4 2030 Fabc 0.188734
fm_projection_model_output 4 2030 Fofl 0.232881
fm_projection_model_output 4 2030  F_LCI 0.0851251
fm_projection_model_output 4 2030  F_UCI 0.0851251
fm_projection_model_output 4 2030  F_Median 0.0851251
fm_projection_model_output 4 2030  F_Mean 0.0851251
fm_projection_model_output 4 2031 F0 0 
fm_projection_model_output 4 2031 Fabc 0.188734
fm_projection_model_output 4 2031 Fofl 0.232881
fm_projection_model_output 4 2031  F_LCI 0.0851251
fm_projection_model_output 4 2031  F_UCI 0.0851251
fm_projection_model_output 4 2031  F_Median 0.0851251
fm_projection_model_output 4 2031  F_Mean 0.0851251
fm_projection_model_output 4 2032 F0 0 
fm_projection_model_output 4 2032 Fabc 0.188734
fm_projection_model_output 4 2032 Fofl 0.232881
fm_projection_model_output 4 2032  F_LCI 0.0851251
fm_projection_model_output 4 2032  F_UCI 0.0851251
fm_projection_model_output 4 2032  F_Median 0.0851251
fm_projection_model_output 4 2032  F_Mean 0.0851251
fm_projection_model_output 4 2033 F0 0 
fm_projection_model_output 4 2033 Fabc 0.188734
fm_projection_model_output 4 2033 Fofl 0.232881
fm_projection_model_output 4 2033  F_LCI 0.0851251
fm_projection_model_output 4 2033  F_UCI 0.0851251
fm_projection_model_output 4 2033  F_Median 0.0851251
fm_projection_model_output 4 2033  F_Mean 0.0851251
fm_projection_model_output 4 2034 F0 0 
fm_projection_model_output 4 2034 Fabc 0.188734
fm_projection_model_output 4 2034 Fofl 0.232881
fm_projection_model_output 4 2034  F_LCI 0.0851251
fm_projection_model_output 4 2034  F_UCI 0.0851251
fm_projection_model_output 4 2034  F_Median 0.0851251
fm_projection_model_output 4 2034  F_Mean 0.0851251
fm_projection_model_output 4 2035 F0 0 
fm_projection_model_output 4 2035 Fabc 0.188734
fm_projection_model_output 4 2035 Fofl 0.232881
fm_projection_model_output 4 2035  F_LCI 0.0851251
fm_projection_model_output 4 2035  F_UCI 0.0851251
fm_projection_model_output 4 2035  F_Median 0.0851251
fm_projection_model_output 4 2035  F_Mean 0.0851251
fm_projection_model_output 5 2022 Cabc 43.2683
fm_projection_model_output 5 2022 Cofl 47.7071
fm_projection_model_output 5 2022 CLCI 16.0143
fm_projection_model_output 5 2022 CUCI 16.0143
fm_projection_model_output 5 2022 CMedian 16.0143
fm_projection_model_output 5 2022 CMean 16.0143
fm_projection_model_output 5 2022 CStdn 1.7053e-13
fm_projection_model_output 5 2023 Cabc 43.2683
fm_projection_model_output 5 2023 Cofl 47.7071
fm_projection_model_output 5 2023 CLCI 40.76
fm_projection_model_output 5 2023 CUCI 40.76
fm_projection_model_output 5 2023 CMedian 40.76
fm_projection_model_output 5 2023 CMean 40.76
fm_projection_model_output 5 2023 CStdn 3.55271e-14
fm_projection_model_output 5 2024 Cabc 43.2683
fm_projection_model_output 5 2024 Cofl 47.7071
fm_projection_model_output 5 2024 CLCI 0
fm_projection_model_output 5 2024 CUCI 0
fm_projection_model_output 5 2024 CMedian 0
fm_projection_model_output 5 2024 CMean 0
fm_projection_model_output 5 2024 CStdn 0
fm_projection_model_output 5 2025 Cabc 43.2683
fm_projection_model_output 5 2025 Cofl 47.7071
fm_projection_model_output 5 2025 CLCI 0
fm_projection_model_output 5 2025 CUCI 0
fm_projection_model_output 5 2025 CMedian 0
fm_projection_model_output 5 2025 CMean 0
fm_projection_model_output 5 2025 CStdn 0
fm_projection_model_output 5 2026 Cabc 43.2683
fm_projection_model_output 5 2026 Cofl 47.7071
fm_projection_model_output 5 2026 CLCI 0
fm_projection_model_output 5 2026 CUCI 0
fm_projection_model_output 5 2026 CMedian 0
fm_projection_model_output 5 2026 CMean 0
fm_projection_model_output 5 2026 CStdn 0
fm_projection_model_output 5 2027 Cabc 43.2683
fm_projection_model_output 5 2027 Cofl 47.7071
fm_projection_model_output 5 2027 CLCI 0
fm_projection_model_output 5 2027 CUCI 0
fm_projection_model_output 5 2027 CMedian 0
fm_projection_model_output 5 2027 CMean 0
fm_projection_model_output 5 2027 CStdn 0
fm_projection_model_output 5 2028 Cabc 43.2683
fm_projection_model_output 5 2028 Cofl 47.7071
fm_projection_model_output 5 2028 CLCI 0
fm_projection_model_output 5 2028 CUCI 0
fm_projection_model_output 5 2028 CMedian 0
fm_projection_model_output 5 2028 CMean 0
fm_projection_model_output 5 2028 CStdn 0
fm_projection_model_output 5 2029 Cabc 43.2683
fm_projection_model_output 5 2029 Cofl 47.7071
fm_projection_model_output 5 2029 CLCI 0
fm_projection_model_output 5 2029 CUCI 0
fm_projection_model_output 5 2029 CMedian 0
fm_projection_model_output 5 2029 CMean 0
fm_projection_model_output 5 2029 CStdn 0
fm_projection_model_output 5 2030 Cabc 43.2683
fm_projection_model_output 5 2030 Cofl 47.7071
fm_projection_model_output 5 2030 CLCI 0
fm_projection_model_output 5 2030 CUCI 0
fm_projection_model_output 5 2030 CMedian 0
fm_projection_model_output 5 2030 CMean 0
fm_projection_model_output 5 2030 CStdn 0
fm_projection_model_output 5 2031 Cabc 43.2683
fm_projection_model_output 5 2031 Cofl 47.7071
fm_projection_model_output 5 2031 CLCI 0
fm_projection_model_output 5 2031 CUCI 0
fm_projection_model_output 5 2031 CMedian 0
fm_projection_model_output 5 2031 CMean 0
fm_projection_model_output 5 2031 CStdn 0
fm_projection_model_output 5 2032 Cabc 43.2683
fm_projection_model_output 5 2032 Cofl 47.7071
fm_projection_model_output 5 2032 CLCI 0
fm_projection_model_output 5 2032 CUCI 0
fm_projection_model_output 5 2032 CMedian 0
fm_projection_model_output 5 2032 CMean 0
fm_projection_model_output 5 2032 CStdn 0
fm_projection_model_output 5 2033 Cabc 43.2683
fm_projection_model_output 5 2033 Cofl 47.7071
fm_projection_model_output 5 2033 CLCI 0
fm_projection_model_output 5 2033 CUCI 0
fm_projection_model_output 5 2033 CMedian 0
fm_projection_model_output 5 2033 CMean 0
fm_projection_model_output 5 2033 CStdn 0
fm_projection_model_output 5 2034 Cabc 43.2683
fm_projection_model_output 5 2034 Cofl 47.7071
fm_projection_model_output 5 2034 CLCI 0
fm_projection_model_output 5 2034 CUCI 0
fm_projection_model_output 5 2034 CMedian 0
fm_projection_model_output 5 2034 CMean 0
fm_projection_model_output 5 2034 CStdn 0
fm_projection_model_output 5 2035 Cabc 43.2683
fm_projection_model_output 5 2035 Cofl 47.7071
fm_projection_model_output 5 2035 CLCI 0
fm_projection_model_output 5 2035 CUCI 0
fm_projection_model_output 5 2035 CMedian 0
fm_projection_model_output 5 2035 CMean 0
fm_projection_model_output 5 2035 CStdn 0
fm_projection_model_output 5 2022 SSBF100 394.349
fm_projection_model_output 5 2022 SSBFabc 157.74
fm_projection_model_output 5 2022 SSBFofl 138.022
fm_projection_model_output 5 2022 SSBLCI 250.337
fm_projection_model_output 5 2022 SSBUCI 250.337
fm_projection_model_output 5 2022 SSBMedian 250.337
fm_projection_model_output 5 2022 SSBMean 250.337
fm_projection_model_output 5 2023 SSBF100 394.349
fm_projection_model_output 5 2023 SSBFabc 157.74
fm_projection_model_output 5 2023 SSBFofl 138.022
fm_projection_model_output 5 2023 SSBLCI 260.109
fm_projection_model_output 5 2023 SSBUCI 260.109
fm_projection_model_output 5 2023 SSBMedian 260.109
fm_projection_model_output 5 2023 SSBMean 260.109
fm_projection_model_output 5 2024 SSBF100 394.349
fm_projection_model_output 5 2024 SSBFabc 157.74
fm_projection_model_output 5 2024 SSBFofl 138.022
fm_projection_model_output 5 2024 SSBLCI 284.236
fm_projection_model_output 5 2024 SSBUCI 284.236
fm_projection_model_output 5 2024 SSBMedian 284.236
fm_projection_model_output 5 2024 SSBMean 284.236
fm_projection_model_output 5 2025 SSBF100 394.349
fm_projection_model_output 5 2025 SSBFabc 157.74
fm_projection_model_output 5 2025 SSBFofl 138.022
fm_projection_model_output 5 2025 SSBLCI 347.082
fm_projection_model_output 5 2025 SSBUCI 347.082
fm_projection_model_output 5 2025 SSBMedian 347.082
fm_projection_model_output 5 2025 SSBMean 347.082
fm_projection_model_output 5 2026 SSBF100 394.349
fm_projection_model_output 5 2026 SSBFabc 157.74
fm_projection_model_output 5 2026 SSBFofl 138.022
fm_projection_model_output 5 2026 SSBLCI 424.842
fm_projection_model_output 5 2026 SSBUCI 424.842
fm_projection_model_output 5 2026 SSBMedian 424.842
fm_projection_model_output 5 2026 SSBMean 424.842
fm_projection_model_output 5 2027 SSBF100 394.349
fm_projection_model_output 5 2027 SSBFabc 157.74
fm_projection_model_output 5 2027 SSBFofl 138.022
fm_projection_model_output 5 2027 SSBLCI 524.038
fm_projection_model_output 5 2027 SSBUCI 524.101
fm_projection_model_output 5 2027 SSBMedian 524.049
fm_projection_model_output 5 2027 SSBMean 524.057
fm_projection_model_output 5 2028 SSBF100 394.349
fm_projection_model_output 5 2028 SSBFabc 157.74
fm_projection_model_output 5 2028 SSBFofl 138.022
fm_projection_model_output 5 2028 SSBLCI 637.87
fm_projection_model_output 5 2028 SSBUCI 638.675
fm_projection_model_output 5 2028 SSBMedian 638.016
fm_projection_model_output 5 2028 SSBMean 638.11
fm_projection_model_output 5 2029 SSBF100 394.349
fm_projection_model_output 5 2029 SSBFabc 157.74
fm_projection_model_output 5 2029 SSBFofl 138.022
fm_projection_model_output 5 2029 SSBLCI 705.044
fm_projection_model_output 5 2029 SSBUCI 712.692
fm_projection_model_output 5 2029 SSBMedian 706.484
fm_projection_model_output 5 2029 SSBMean 707.373
fm_projection_model_output 5 2030 SSBF100 394.349
fm_projection_model_output 5 2030 SSBFabc 157.74
fm_projection_model_output 5 2030 SSBFofl 138.022
fm_projection_model_output 5 2030 SSBLCI 725.754
fm_projection_model_output 5 2030 SSBUCI 751.857
fm_projection_model_output 5 2030 SSBMedian 731.577
fm_projection_model_output 5 2030 SSBMean 734.302
fm_projection_model_output 5 2031 SSBF100 394.349
fm_projection_model_output 5 2031 SSBFabc 157.74
fm_projection_model_output 5 2031 SSBFofl 138.022
fm_projection_model_output 5 2031 SSBLCI 717.756
fm_projection_model_output 5 2031 SSBUCI 785.314
fm_projection_model_output 5 2031 SSBMedian 733.48
fm_projection_model_output 5 2031 SSBMean 740.301
fm_projection_model_output 5 2032 SSBF100 394.349
fm_projection_model_output 5 2032 SSBFabc 157.74
fm_projection_model_output 5 2032 SSBFofl 138.022
fm_projection_model_output 5 2032 SSBLCI 682.245
fm_projection_model_output 5 2032 SSBUCI 791.952
fm_projection_model_output 5 2032 SSBMedian 712.268
fm_projection_model_output 5 2032 SSBMean 721.569
fm_projection_model_output 5 2033 SSBF100 394.349
fm_projection_model_output 5 2033 SSBFabc 157.74
fm_projection_model_output 5 2033 SSBFofl 138.022
fm_projection_model_output 5 2033 SSBLCI 640.299
fm_projection_model_output 5 2033 SSBUCI 781.86
fm_projection_model_output 5 2033 SSBMedian 686.301
fm_projection_model_output 5 2033 SSBMean 695.959
fm_projection_model_output 5 2034 SSBF100 394.349
fm_projection_model_output 5 2034 SSBFabc 157.74
fm_projection_model_output 5 2034 SSBFofl 138.022
fm_projection_model_output 5 2034 SSBLCI 587.739
fm_projection_model_output 5 2034 SSBUCI 763.329
fm_projection_model_output 5 2034 SSBMedian 648.379
fm_projection_model_output 5 2034 SSBMean 659.228
fm_projection_model_output 5 2035 SSBF100 394.349
fm_projection_model_output 5 2035 SSBFabc 157.74
fm_projection_model_output 5 2035 SSBFofl 138.022
fm_projection_model_output 5 2035 SSBLCI 532.815
fm_projection_model_output 5 2035 SSBUCI 740.153
fm_projection_model_output 5 2035 SSBMedian 609.464
fm_projection_model_output 5 2035 SSBMean 619.987
fm_projection_model_output 5 2022 F0 0 
fm_projection_model_output 5 2022 Fabc 0.188734
fm_projection_model_output 5 2022 Fofl 0.232881
fm_projection_model_output 5 2022  F_LCI 0.0487004
fm_projection_model_output 5 2022  F_UCI 0.0487004
fm_projection_model_output 5 2022  F_Median 0.0487004
fm_projection_model_output 5 2022  F_Mean 0.0487004
fm_projection_model_output 5 2023 F0 0 
fm_projection_model_output 5 2023 Fabc 0.188734
fm_projection_model_output 5 2023 Fofl 0.232881
fm_projection_model_output 5 2023  F_LCI 0.111912
fm_projection_model_output 5 2023  F_UCI 0.111912
fm_projection_model_output 5 2023  F_Median 0.111912
fm_projection_model_output 5 2023  F_Mean 0.111912
fm_projection_model_output 5 2024 F0 0 
fm_projection_model_output 5 2024 Fabc 0.188734
fm_projection_model_output 5 2024 Fofl 0.232881
fm_projection_model_output 5 2024  F_LCI 0
fm_projection_model_output 5 2024  F_UCI 0
fm_projection_model_output 5 2024  F_Median 0
fm_projection_model_output 5 2024  F_Mean 0
fm_projection_model_output 5 2025 F0 0 
fm_projection_model_output 5 2025 Fabc 0.188734
fm_projection_model_output 5 2025 Fofl 0.232881
fm_projection_model_output 5 2025  F_LCI 0
fm_projection_model_output 5 2025  F_UCI 0
fm_projection_model_output 5 2025  F_Median 0
fm_projection_model_output 5 2025  F_Mean 0
fm_projection_model_output 5 2026 F0 0 
fm_projection_model_output 5 2026 Fabc 0.188734
fm_projection_model_output 5 2026 Fofl 0.232881
fm_projection_model_output 5 2026  F_LCI 0
fm_projection_model_output 5 2026  F_UCI 0
fm_projection_model_output 5 2026  F_Median 0
fm_projection_model_output 5 2026  F_Mean 0
fm_projection_model_output 5 2027 F0 0 
fm_projection_model_output 5 2027 Fabc 0.188734
fm_projection_model_output 5 2027 Fofl 0.232881
fm_projection_model_output 5 2027  F_LCI 0
fm_projection_model_output 5 2027  F_UCI 0
fm_projection_model_output 5 2027  F_Median 0
fm_projection_model_output 5 2027  F_Mean 0
fm_projection_model_output 5 2028 F0 0 
fm_projection_model_output 5 2028 Fabc 0.188734
fm_projection_model_output 5 2028 Fofl 0.232881
fm_projection_model_output 5 2028  F_LCI 0
fm_projection_model_output 5 2028  F_UCI 0
fm_projection_model_output 5 2028  F_Median 0
fm_projection_model_output 5 2028  F_Mean 0
fm_projection_model_output 5 2029 F0 0 
fm_projection_model_output 5 2029 Fabc 0.188734
fm_projection_model_output 5 2029 Fofl 0.232881
fm_projection_model_output 5 2029  F_LCI 0
fm_projection_model_output 5 2029  F_UCI 0
fm_projection_model_output 5 2029  F_Median 0
fm_projection_model_output 5 2029  F_Mean 0
fm_projection_model_output 5 2030 F0 0 
fm_projection_model_output 5 2030 Fabc 0.188734
fm_projection_model_output 5 2030 Fofl 0.232881
fm_projection_model_output 5 2030  F_LCI 0
fm_projection_model_output 5 2030  F_UCI 0
fm_projection_model_output 5 2030  F_Median 0
fm_projection_model_output 5 2030  F_Mean 0
fm_projection_model_output 5 2031 F0 0 
fm_projection_model_output 5 2031 Fabc 0.188734
fm_projection_model_output 5 2031 Fofl 0.232881
fm_projection_model_output 5 2031  F_LCI 0
fm_projection_model_output 5 2031  F_UCI 0
fm_projection_model_output 5 2031  F_Median 0
fm_projection_model_output 5 2031  F_Mean 0
fm_projection_model_output 5 2032 F0 0 
fm_projection_model_output 5 2032 Fabc 0.188734
fm_projection_model_output 5 2032 Fofl 0.232881
fm_projection_model_output 5 2032  F_LCI 0
fm_projection_model_output 5 2032  F_UCI 0
fm_projection_model_output 5 2032  F_Median 0
fm_projection_model_output 5 2032  F_Mean 0
fm_projection_model_output 5 2033 F0 0 
fm_projection_model_output 5 2033 Fabc 0.188734
fm_projection_model_output 5 2033 Fofl 0.232881
fm_projection_model_output 5 2033  F_LCI 0
fm_projection_model_output 5 2033  F_UCI 0
fm_projection_model_output 5 2033  F_Median 0
fm_projection_model_output 5 2033  F_Mean 0
fm_projection_model_output 5 2034 F0 0 
fm_projection_model_output 5 2034 Fabc 0.188734
fm_projection_model_output 5 2034 Fofl 0.232881
fm_projection_model_output 5 2034  F_LCI 0
fm_projection_model_output 5 2034  F_UCI 0
fm_projection_model_output 5 2034  F_Median 0
fm_projection_model_output 5 2034  F_Mean 0
fm_projection_model_output 5 2035 F0 0 
fm_projection_model_output 5 2035 Fabc 0.188734
fm_projection_model_output 5 2035 Fofl 0.232881
fm_projection_model_output 5 2035  F_LCI 0
fm_projection_model_output 5 2035  F_UCI 0
fm_projection_model_output 5 2035  F_Median 0
fm_projection_model_output 5 2035  F_Mean 0
fm_projection_model_output 6 2022 Cabc 43.2683
fm_projection_model_output 6 2022 Cofl 47.7071
fm_projection_model_output 6 2022 CLCI 16.0143
fm_projection_model_output 6 2022 CUCI 16.0143
fm_projection_model_output 6 2022 CMedian 16.0143
fm_projection_model_output 6 2022 CMean 16.0143
fm_projection_model_output 6 2022 CStdn 1.7053e-13
fm_projection_model_output 6 2023 Cabc 43.2683
fm_projection_model_output 6 2023 Cofl 47.7071
fm_projection_model_output 6 2023 CLCI 81.3974
fm_projection_model_output 6 2023 CUCI 81.3974
fm_projection_model_output 6 2023 CMedian 81.3974
fm_projection_model_output 6 2023 CMean 81.3974
fm_projection_model_output 6 2023 CStdn 8.52651e-14
fm_projection_model_output 6 2024 Cabc 43.2683
fm_projection_model_output 6 2024 Cofl 47.7071
fm_projection_model_output 6 2024 CLCI 87.79
fm_projection_model_output 6 2024 CUCI 87.7925
fm_projection_model_output 6 2024 CMedian 87.7905
fm_projection_model_output 6 2024 CMean 87.7907
fm_projection_model_output 6 2024 CStdn 0.000884326
fm_projection_model_output 6 2025 Cabc 43.2683
fm_projection_model_output 6 2025 Cofl 47.7071
fm_projection_model_output 6 2025 CLCI 99.6138
fm_projection_model_output 6 2025 CUCI 99.6605
fm_projection_model_output 6 2025 CMedian 99.6223
fm_projection_model_output 6 2025 CMean 99.6276
fm_projection_model_output 6 2025 CStdn 0.0163779
fm_projection_model_output 6 2026 Cabc 43.2683
fm_projection_model_output 6 2026 Cofl 47.7071
fm_projection_model_output 6 2026 CLCI 114.312
fm_projection_model_output 6 2026 CUCI 114.52
fm_projection_model_output 6 2026 CMedian 114.355
fm_projection_model_output 6 2026 CMean 114.379
fm_projection_model_output 6 2026 CStdn 0.0734151
fm_projection_model_output 6 2027 Cabc 43.2683
fm_projection_model_output 6 2027 Cofl 47.7071
fm_projection_model_output 6 2027 CLCI 128.668
fm_projection_model_output 6 2027 CUCI 129.504
fm_projection_model_output 6 2027 CMedian 128.849
fm_projection_model_output 6 2027 CMean 128.938
fm_projection_model_output 6 2027 CStdn 0.291634
fm_projection_model_output 6 2028 Cabc 43.2683
fm_projection_model_output 6 2028 Cofl 47.7071
fm_projection_model_output 6 2028 CLCI 135.396
fm_projection_model_output 6 2028 CUCI 138.313
fm_projection_model_output 6 2028 CMedian 136.048
fm_projection_model_output 6 2028 CMean 136.354
fm_projection_model_output 6 2028 CStdn 1.02378
fm_projection_model_output 6 2029 Cabc 43.2683
fm_projection_model_output 6 2029 Cofl 47.7071
fm_projection_model_output 6 2029 CLCI 126.675
fm_projection_model_output 6 2029 CUCI 134.847
fm_projection_model_output 6 2029 CMedian 128.544
fm_projection_model_output 6 2029 CMean 129.359
fm_projection_model_output 6 2029 CStdn 2.77433
fm_projection_model_output 6 2030 Cabc 43.2683
fm_projection_model_output 6 2030 Cofl 47.7071
fm_projection_model_output 6 2030 CLCI 109.151
fm_projection_model_output 6 2030 CUCI 126.214
fm_projection_model_output 6 2030 CMedian 113.391
fm_projection_model_output 6 2030 CMean 115.028
fm_projection_model_output 6 2030 CStdn 5.71439
fm_projection_model_output 6 2031 Cabc 43.2683
fm_projection_model_output 6 2031 Cofl 47.7071
fm_projection_model_output 6 2031 CLCI 87.1837
fm_projection_model_output 6 2031 CUCI 115.233
fm_projection_model_output 6 2031 CMedian 95.065
fm_projection_model_output 6 2031 CMean 97.2733
fm_projection_model_output 6 2031 CStdn 9.29113
fm_projection_model_output 6 2032 Cabc 43.2683
fm_projection_model_output 6 2032 Cofl 47.7071
fm_projection_model_output 6 2032 CLCI 67.8715
fm_projection_model_output 6 2032 CUCI 102.765
fm_projection_model_output 6 2032 CMedian 79.3252
fm_projection_model_output 6 2032 CMean 81.7318
fm_projection_model_output 6 2032 CStdn 12.0296
fm_projection_model_output 6 2033 Cabc 43.2683
fm_projection_model_output 6 2033 Cofl 47.7071
fm_projection_model_output 6 2033 CLCI 54.359
fm_projection_model_output 6 2033 CUCI 95.0552
fm_projection_model_output 6 2033 CMedian 68.5949
fm_projection_model_output 6 2033 CMean 71.2184
fm_projection_model_output 6 2033 CStdn 13.7179
fm_projection_model_output 6 2034 Cabc 43.2683
fm_projection_model_output 6 2034 Cofl 47.7071
fm_projection_model_output 6 2034 CLCI 44.8343
fm_projection_model_output 6 2034 CUCI 89.589
fm_projection_model_output 6 2034 CMedian 61.6668
fm_projection_model_output 6 2034 CMean 63.8633
fm_projection_model_output 6 2034 CStdn 14.7388
fm_projection_model_output 6 2035 Cabc 43.2683
fm_projection_model_output 6 2035 Cofl 47.7071
fm_projection_model_output 6 2035 CLCI 33.5464
fm_projection_model_output 6 2035 CUCI 86.6859
fm_projection_model_output 6 2035 CMedian 56.3378
fm_projection_model_output 6 2035 CMean 57.7052
fm_projection_model_output 6 2035 CStdn 16.3089
fm_projection_model_output 6 2022 SSBF100 394.349
fm_projection_model_output 6 2022 SSBFabc 157.74
fm_projection_model_output 6 2022 SSBFofl 138.022
fm_projection_model_output 6 2022 SSBLCI 250.337
fm_projection_model_output 6 2022 SSBUCI 250.337
fm_projection_model_output 6 2022 SSBMedian 250.337
fm_projection_model_output 6 2022 SSBMean 250.337
fm_projection_model_output 6 2023 SSBF100 394.349
fm_projection_model_output 6 2023 SSBFabc 157.74
fm_projection_model_output 6 2023 SSBFofl 138.022
fm_projection_model_output 6 2023 SSBLCI 257.918
fm_projection_model_output 6 2023 SSBUCI 257.918
fm_projection_model_output 6 2023 SSBMedian 257.918
fm_projection_model_output 6 2023 SSBMean 257.918
fm_projection_model_output 6 2024 SSBF100 394.349
fm_projection_model_output 6 2024 SSBFabc 157.74
fm_projection_model_output 6 2024 SSBFofl 138.022
fm_projection_model_output 6 2024 SSBLCI 257.718
fm_projection_model_output 6 2024 SSBUCI 257.718
fm_projection_model_output 6 2024 SSBMedian 257.718
fm_projection_model_output 6 2024 SSBMean 257.718
fm_projection_model_output 6 2025 SSBF100 394.349
fm_projection_model_output 6 2025 SSBFabc 157.74
fm_projection_model_output 6 2025 SSBFofl 138.022
fm_projection_model_output 6 2025 SSBLCI 276.762
fm_projection_model_output 6 2025 SSBUCI 276.762
fm_projection_model_output 6 2025 SSBMedian 276.762
fm_projection_model_output 6 2025 SSBMean 276.762
fm_projection_model_output 6 2026 SSBF100 394.349
fm_projection_model_output 6 2026 SSBFabc 157.74
fm_projection_model_output 6 2026 SSBFofl 138.022
fm_projection_model_output 6 2026 SSBLCI 309.161
fm_projection_model_output 6 2026 SSBUCI 309.161
fm_projection_model_output 6 2026 SSBMedian 309.161
fm_projection_model_output 6 2026 SSBMean 309.161
fm_projection_model_output 6 2027 SSBF100 394.349
fm_projection_model_output 6 2027 SSBFabc 157.74
fm_projection_model_output 6 2027 SSBFofl 138.022
fm_projection_model_output 6 2027 SSBLCI 358.115
fm_projection_model_output 6 2027 SSBUCI 358.178
fm_projection_model_output 6 2027 SSBMedian 358.127
fm_projection_model_output 6 2027 SSBMean 358.134
fm_projection_model_output 6 2028 SSBF100 394.349
fm_projection_model_output 6 2028 SSBFabc 157.74
fm_projection_model_output 6 2028 SSBFofl 138.022
fm_projection_model_output 6 2028 SSBLCI 412.93
fm_projection_model_output 6 2028 SSBUCI 413.73
fm_projection_model_output 6 2028 SSBMedian 413.075
fm_projection_model_output 6 2028 SSBMean 413.168
fm_projection_model_output 6 2029 SSBF100 394.349
fm_projection_model_output 6 2029 SSBFabc 157.74
fm_projection_model_output 6 2029 SSBFofl 138.022
fm_projection_model_output 6 2029 SSBLCI 415.287
fm_projection_model_output 6 2029 SSBUCI 422.795
fm_projection_model_output 6 2029 SSBMedian 416.699
fm_projection_model_output 6 2029 SSBMean 417.574
fm_projection_model_output 6 2030 SSBF100 394.349
fm_projection_model_output 6 2030 SSBFabc 157.74
fm_projection_model_output 6 2030 SSBFofl 138.022
fm_projection_model_output 6 2030 SSBLCI 377.239
fm_projection_model_output 6 2030 SSBUCI 402.194
fm_projection_model_output 6 2030 SSBMedian 382.824
fm_projection_model_output 6 2030 SSBMean 385.436
fm_projection_model_output 6 2031 SSBF100 394.349
fm_projection_model_output 6 2031 SSBFabc 157.74
fm_projection_model_output 6 2031 SSBFofl 138.022
fm_projection_model_output 6 2031 SSBLCI 321.656
fm_projection_model_output 6 2031 SSBUCI 383.225
fm_projection_model_output 6 2031 SSBMedian 336.34
fm_projection_model_output 6 2031 SSBMean 342.28
fm_projection_model_output 6 2032 SSBF100 394.349
fm_projection_model_output 6 2032 SSBFabc 157.74
fm_projection_model_output 6 2032 SSBFofl 138.022
fm_projection_model_output 6 2032 SSBLCI 260.554
fm_projection_model_output 6 2032 SSBUCI 351.82
fm_projection_model_output 6 2032 SSBMedian 286.623
fm_projection_model_output 6 2032 SSBMean 293.928
fm_projection_model_output 6 2033 SSBF100 394.349
fm_projection_model_output 6 2033 SSBFabc 157.74
fm_projection_model_output 6 2033 SSBFofl 138.022
fm_projection_model_output 6 2033 SSBLCI 209.429
fm_projection_model_output 6 2033 SSBUCI 318.098
fm_projection_model_output 6 2033 SSBMedian 246.162
fm_projection_model_output 6 2033 SSBMean 253.27
fm_projection_model_output 6 2034 SSBF100 394.349
fm_projection_model_output 6 2034 SSBFabc 157.74
fm_projection_model_output 6 2034 SSBFofl 138.022
fm_projection_model_output 6 2034 SSBLCI 166.925
fm_projection_model_output 6 2034 SSBUCI 292.528
fm_projection_model_output 6 2034 SSBMedian 211.134
fm_projection_model_output 6 2034 SSBMean 219.055
fm_projection_model_output 6 2035 SSBF100 394.349
fm_projection_model_output 6 2035 SSBFabc 157.74
fm_projection_model_output 6 2035 SSBFofl 138.022
fm_projection_model_output 6 2035 SSBLCI 133.806
fm_projection_model_output 6 2035 SSBUCI 273.999
fm_projection_model_output 6 2035 SSBMedian 185.684
fm_projection_model_output 6 2035 SSBMean 192.972
fm_projection_model_output 6 2022 F0 0 
fm_projection_model_output 6 2022 Fabc 0.188734
fm_projection_model_output 6 2022 Fofl 0.232881
fm_projection_model_output 6 2022  F_LCI 0.0487004
fm_projection_model_output 6 2022  F_UCI 0.0487004
fm_projection_model_output 6 2022  F_Median 0.0487004
fm_projection_model_output 6 2022  F_Mean 0.0487004
fm_projection_model_output 6 2023 F0 0 
fm_projection_model_output 6 2023 Fabc 0.188734
fm_projection_model_output 6 2023 Fofl 0.232881
fm_projection_model_output 6 2023  F_LCI 0.232881
fm_projection_model_output 6 2023  F_UCI 0.232881
fm_projection_model_output 6 2023  F_Median 0.232881
fm_projection_model_output 6 2023  F_Mean 0.232881
fm_projection_model_output 6 2024 F0 0 
fm_projection_model_output 6 2024 Fabc 0.188734
fm_projection_model_output 6 2024 Fofl 0.232881
fm_projection_model_output 6 2024  F_LCI 0.232881
fm_projection_model_output 6 2024  F_UCI 0.232881
fm_projection_model_output 6 2024  F_Median 0.232881
fm_projection_model_output 6 2024  F_Mean 0.232881
fm_projection_model_output 6 2025 F0 0 
fm_projection_model_output 6 2025 Fabc 0.188734
fm_projection_model_output 6 2025 Fofl 0.232881
fm_projection_model_output 6 2025  F_LCI 0.232881
fm_projection_model_output 6 2025  F_UCI 0.232881
fm_projection_model_output 6 2025  F_Median 0.232881
fm_projection_model_output 6 2025  F_Mean 0.232881
fm_projection_model_output 6 2026 F0 0 
fm_projection_model_output 6 2026 Fabc 0.188734
fm_projection_model_output 6 2026 Fofl 0.232881
fm_projection_model_output 6 2026  F_LCI 0.232881
fm_projection_model_output 6 2026  F_UCI 0.232881
fm_projection_model_output 6 2026  F_Median 0.232881
fm_projection_model_output 6 2026  F_Mean 0.232881
fm_projection_model_output 6 2027 F0 0 
fm_projection_model_output 6 2027 Fabc 0.188734
fm_projection_model_output 6 2027 Fofl 0.232881
fm_projection_model_output 6 2027  F_LCI 0.232881
fm_projection_model_output 6 2027  F_UCI 0.232881
fm_projection_model_output 6 2027  F_Median 0.232881
fm_projection_model_output 6 2027  F_Mean 0.232881
fm_projection_model_output 6 2028 F0 0 
fm_projection_model_output 6 2028 Fabc 0.188734
fm_projection_model_output 6 2028 Fofl 0.232881
fm_projection_model_output 6 2028  F_LCI 0.232881
fm_projection_model_output 6 2028  F_UCI 0.232881
fm_projection_model_output 6 2028  F_Median 0.232881
fm_projection_model_output 6 2028  F_Mean 0.232881
fm_projection_model_output 6 2029 F0 0 
fm_projection_model_output 6 2029 Fabc 0.188734
fm_projection_model_output 6 2029 Fofl 0.232881
fm_projection_model_output 6 2029  F_LCI 0.232881
fm_projection_model_output 6 2029  F_UCI 0.232881
fm_projection_model_output 6 2029  F_Median 0.232881
fm_projection_model_output 6 2029  F_Mean 0.232881
fm_projection_model_output 6 2030 F0 0 
fm_projection_model_output 6 2030 Fabc 0.188734
fm_projection_model_output 6 2030 Fofl 0.232881
fm_projection_model_output 6 2030  F_LCI 0.232881
fm_projection_model_output 6 2030  F_UCI 0.232881
fm_projection_model_output 6 2030  F_Median 0.232881
fm_projection_model_output 6 2030  F_Mean 0.232881
fm_projection_model_output 6 2031 F0 0 
fm_projection_model_output 6 2031 Fabc 0.188734
fm_projection_model_output 6 2031 Fofl 0.232881
fm_projection_model_output 6 2031  F_LCI 0.232881
fm_projection_model_output 6 2031  F_UCI 0.232881
fm_projection_model_output 6 2031  F_Median 0.232881
fm_projection_model_output 6 2031  F_Mean 0.232881
fm_projection_model_output 6 2032 F0 0 
fm_projection_model_output 6 2032 Fabc 0.188734
fm_projection_model_output 6 2032 Fofl 0.232881
fm_projection_model_output 6 2032  F_LCI 0.232881
fm_projection_model_output 6 2032  F_UCI 0.232881
fm_projection_model_output 6 2032  F_Median 0.232881
fm_projection_model_output 6 2032  F_Mean 0.232881
fm_projection_model_output 6 2033 F0 0 
fm_projection_model_output 6 2033 Fabc 0.188734
fm_projection_model_output 6 2033 Fofl 0.232881
fm_projection_model_output 6 2033  F_LCI 0.232881
fm_projection_model_output 6 2033  F_UCI 0.232881
fm_projection_model_output 6 2033  F_Median 0.232881
fm_projection_model_output 6 2033  F_Mean 0.232881
fm_projection_model_output 6 2034 F0 0 
fm_projection_model_output 6 2034 Fabc 0.188734
fm_projection_model_output 6 2034 Fofl 0.232881
fm_projection_model_output 6 2034  F_LCI 0.232881
fm_projection_model_output 6 2034  F_UCI 0.232881
fm_projection_model_output 6 2034  F_Median 0.232881
fm_projection_model_output 6 2034  F_Mean 0.232805
fm_projection_model_output 6 2035 F0 0 
fm_projection_model_output 6 2035 Fabc 0.188734
fm_projection_model_output 6 2035 Fofl 0.232881
fm_projection_model_output 6 2035  F_LCI 0.195687
fm_projection_model_output 6 2035  F_UCI 0.232881
fm_projection_model_output 6 2035  F_Median 0.232881
fm_projection_model_output 6 2035  F_Mean 0.227897
fm_projection_model_output 7 2022 Cabc 43.2683
fm_projection_model_output 7 2022 Cofl 47.7071
fm_projection_model_output 7 2022 CLCI 16.0143
fm_projection_model_output 7 2022 CUCI 16.0143
fm_projection_model_output 7 2022 CMedian 16.0143
fm_projection_model_output 7 2022 CMean 16.0143
fm_projection_model_output 7 2022 CStdn 1.7053e-13
fm_projection_model_output 7 2023 Cabc 43.2683
fm_projection_model_output 7 2023 Cofl 47.7071
fm_projection_model_output 7 2023 CLCI 66.9576
fm_projection_model_output 7 2023 CUCI 66.9576
fm_projection_model_output 7 2023 CMedian 66.9576
fm_projection_model_output 7 2023 CMean 66.9576
fm_projection_model_output 7 2023 CStdn 6.82121e-13
fm_projection_model_output 7 2024 Cabc 43.2683
fm_projection_model_output 7 2024 Cofl 47.7071
fm_projection_model_output 7 2024 CLCI 73.9358
fm_projection_model_output 7 2024 CUCI 73.9378
fm_projection_model_output 7 2024 CMedian 73.9361
fm_projection_model_output 7 2024 CMean 73.9364
fm_projection_model_output 7 2024 CStdn 0.000716706
fm_projection_model_output 7 2025 Cabc 43.2683
fm_projection_model_output 7 2025 Cofl 47.7071
fm_projection_model_output 7 2025 CLCI 103.727
fm_projection_model_output 7 2025 CUCI 103.774
fm_projection_model_output 7 2025 CMedian 103.736
fm_projection_model_output 7 2025 CMean 103.741
fm_projection_model_output 7 2025 CStdn 0.0163786
fm_projection_model_output 7 2026 Cabc 43.2683
fm_projection_model_output 7 2026 Cofl 47.7071
fm_projection_model_output 7 2026 CLCI 117.593
fm_projection_model_output 7 2026 CUCI 117.8
fm_projection_model_output 7 2026 CMedian 117.636
fm_projection_model_output 7 2026 CMean 117.659
fm_projection_model_output 7 2026 CStdn 0.0734183
fm_projection_model_output 7 2027 Cabc 43.2683
fm_projection_model_output 7 2027 Cofl 47.7071
fm_projection_model_output 7 2027 CLCI 131.15
fm_projection_model_output 7 2027 CUCI 131.985
fm_projection_model_output 7 2027 CMedian 131.33
fm_projection_model_output 7 2027 CMean 131.42
fm_projection_model_output 7 2027 CStdn 0.291646
fm_projection_model_output 7 2028 Cabc 43.2683
fm_projection_model_output 7 2028 Cofl 47.7071
fm_projection_model_output 7 2028 CLCI 137.197
fm_projection_model_output 7 2028 CUCI 140.114
fm_projection_model_output 7 2028 CMedian 137.849
fm_projection_model_output 7 2028 CMean 138.155
fm_projection_model_output 7 2028 CStdn 1.02382
fm_projection_model_output 7 2029 Cabc 43.2683
fm_projection_model_output 7 2029 Cofl 47.7071
fm_projection_model_output 7 2029 CLCI 127.956
fm_projection_model_output 7 2029 CUCI 136.128
fm_projection_model_output 7 2029 CMedian 129.825
fm_projection_model_output 7 2029 CMean 130.641
fm_projection_model_output 7 2029 CStdn 2.77444
fm_projection_model_output 7 2030 Cabc 43.2683
fm_projection_model_output 7 2030 Cofl 47.7071
fm_projection_model_output 7 2030 CLCI 110.061
fm_projection_model_output 7 2030 CUCI 127.124
fm_projection_model_output 7 2030 CMedian 114.301
fm_projection_model_output 7 2030 CMean 115.938
fm_projection_model_output 7 2030 CStdn 5.7146
fm_projection_model_output 7 2031 Cabc 43.2683
fm_projection_model_output 7 2031 Cofl 47.7071
fm_projection_model_output 7 2031 CLCI 87.8205
fm_projection_model_output 7 2031 CUCI 115.871
fm_projection_model_output 7 2031 CMedian 95.7018
fm_projection_model_output 7 2031 CMean 97.9104
fm_projection_model_output 7 2031 CStdn 9.29142
fm_projection_model_output 7 2032 Cabc 43.2683
fm_projection_model_output 7 2032 Cofl 47.7071
fm_projection_model_output 7 2032 CLCI 68.315
fm_projection_model_output 7 2032 CUCI 103.21
fm_projection_model_output 7 2032 CMedian 79.7687
fm_projection_model_output 7 2032 CMean 82.1755
fm_projection_model_output 7 2032 CStdn 12.0299
fm_projection_model_output 7 2033 Cabc 43.2683
fm_projection_model_output 7 2033 Cofl 47.7071
fm_projection_model_output 7 2033 CLCI 54.6675
fm_projection_model_output 7 2033 CUCI 95.365
fm_projection_model_output 7 2033 CMedian 68.9042
fm_projection_model_output 7 2033 CMean 71.5272
fm_projection_model_output 7 2033 CStdn 13.7181
fm_projection_model_output 7 2034 Cabc 43.2683
fm_projection_model_output 7 2034 Cofl 47.7071
fm_projection_model_output 7 2034 CLCI 45.0502
fm_projection_model_output 7 2034 CUCI 89.805
fm_projection_model_output 7 2034 CMedian 61.8826
fm_projection_model_output 7 2034 CMean 64.082
fm_projection_model_output 7 2034 CStdn 14.7347
fm_projection_model_output 7 2035 Cabc 43.2683
fm_projection_model_output 7 2035 Cofl 47.7071
fm_projection_model_output 7 2035 CLCI 33.8215
fm_projection_model_output 7 2035 CUCI 86.8372
fm_projection_model_output 7 2035 CMedian 56.4892
fm_projection_model_output 7 2035 CMean 57.8878
fm_projection_model_output 7 2035 CStdn 16.2748
fm_projection_model_output 7 2022 SSBF100 394.349
fm_projection_model_output 7 2022 SSBFabc 157.74
fm_projection_model_output 7 2022 SSBFofl 138.022
fm_projection_model_output 7 2022 SSBLCI 250.337
fm_projection_model_output 7 2022 SSBUCI 250.337
fm_projection_model_output 7 2022 SSBMedian 250.337
fm_projection_model_output 7 2022 SSBMean 250.337
fm_projection_model_output 7 2023 SSBF100 394.349
fm_projection_model_output 7 2023 SSBFabc 157.74
fm_projection_model_output 7 2023 SSBFofl 138.022
fm_projection_model_output 7 2023 SSBLCI 258.715
fm_projection_model_output 7 2023 SSBUCI 258.715
fm_projection_model_output 7 2023 SSBMedian 258.715
fm_projection_model_output 7 2023 SSBMean 258.715
fm_projection_model_output 7 2024 SSBF100 394.349
fm_projection_model_output 7 2024 SSBFabc 157.74
fm_projection_model_output 7 2024 SSBFofl 138.022
fm_projection_model_output 7 2024 SSBLCI 266.319
fm_projection_model_output 7 2024 SSBUCI 266.319
fm_projection_model_output 7 2024 SSBMedian 266.319
fm_projection_model_output 7 2024 SSBMean 266.319
fm_projection_model_output 7 2025 SSBF100 394.349
fm_projection_model_output 7 2025 SSBFabc 157.74
fm_projection_model_output 7 2025 SSBFofl 138.022
fm_projection_model_output 7 2025 SSBLCI 290.886
fm_projection_model_output 7 2025 SSBUCI 290.886
fm_projection_model_output 7 2025 SSBMedian 290.886
fm_projection_model_output 7 2025 SSBMean 290.886
fm_projection_model_output 7 2026 SSBF100 394.349
fm_projection_model_output 7 2026 SSBFabc 157.74
fm_projection_model_output 7 2026 SSBFofl 138.022
fm_projection_model_output 7 2026 SSBLCI 320.425
fm_projection_model_output 7 2026 SSBUCI 320.425
fm_projection_model_output 7 2026 SSBMedian 320.425
fm_projection_model_output 7 2026 SSBMean 320.425
fm_projection_model_output 7 2027 SSBF100 394.349
fm_projection_model_output 7 2027 SSBFabc 157.74
fm_projection_model_output 7 2027 SSBFofl 138.022
fm_projection_model_output 7 2027 SSBLCI 366.862
fm_projection_model_output 7 2027 SSBUCI 366.925
fm_projection_model_output 7 2027 SSBMedian 366.874
fm_projection_model_output 7 2027 SSBMean 366.881
fm_projection_model_output 7 2028 SSBF100 394.349
fm_projection_model_output 7 2028 SSBFabc 157.74
fm_projection_model_output 7 2028 SSBFofl 138.022
fm_projection_model_output 7 2028 SSBLCI 419.557
fm_projection_model_output 7 2028 SSBUCI 420.357
fm_projection_model_output 7 2028 SSBMedian 419.703
fm_projection_model_output 7 2028 SSBMean 419.796
fm_projection_model_output 7 2029 SSBF100 394.349
fm_projection_model_output 7 2029 SSBFabc 157.74
fm_projection_model_output 7 2029 SSBFofl 138.022
fm_projection_model_output 7 2029 SSBLCI 420.181
fm_projection_model_output 7 2029 SSBUCI 427.689
fm_projection_model_output 7 2029 SSBMedian 421.593
fm_projection_model_output 7 2029 SSBMean 422.468
fm_projection_model_output 7 2030 SSBF100 394.349
fm_projection_model_output 7 2030 SSBFabc 157.74
fm_projection_model_output 7 2030 SSBFofl 138.022
fm_projection_model_output 7 2030 SSBLCI 380.716
fm_projection_model_output 7 2030 SSBUCI 405.671
fm_projection_model_output 7 2030 SSBMedian 386.301
fm_projection_model_output 7 2030 SSBMean 388.912
fm_projection_model_output 7 2031 SSBF100 394.349
fm_projection_model_output 7 2031 SSBFabc 157.74
fm_projection_model_output 7 2031 SSBFofl 138.022
fm_projection_model_output 7 2031 SSBLCI 324.103
fm_projection_model_output 7 2031 SSBUCI 385.676
fm_projection_model_output 7 2031 SSBMedian 338.788
fm_projection_model_output 7 2031 SSBMean 344.728
fm_projection_model_output 7 2032 SSBF100 394.349
fm_projection_model_output 7 2032 SSBFabc 157.74
fm_projection_model_output 7 2032 SSBFofl 138.022
fm_projection_model_output 7 2032 SSBLCI 262.268
fm_projection_model_output 7 2032 SSBUCI 353.539
fm_projection_model_output 7 2032 SSBMedian 288.337
fm_projection_model_output 7 2032 SSBMean 295.643
fm_projection_model_output 7 2033 SSBF100 394.349
fm_projection_model_output 7 2033 SSBFabc 157.74
fm_projection_model_output 7 2033 SSBFofl 138.022
fm_projection_model_output 7 2033 SSBLCI 210.634
fm_projection_model_output 7 2033 SSBUCI 319.306
fm_projection_model_output 7 2033 SSBMedian 247.368
fm_projection_model_output 7 2033 SSBMean 254.476
fm_projection_model_output 7 2034 SSBF100 394.349
fm_projection_model_output 7 2034 SSBFabc 157.74
fm_projection_model_output 7 2034 SSBFofl 138.022
fm_projection_model_output 7 2034 SSBLCI 167.779
fm_projection_model_output 7 2034 SSBUCI 293.383
fm_projection_model_output 7 2034 SSBMedian 211.989
fm_projection_model_output 7 2034 SSBMean 219.909
fm_projection_model_output 7 2035 SSBF100 394.349
fm_projection_model_output 7 2035 SSBFabc 157.74
fm_projection_model_output 7 2035 SSBFofl 138.022
fm_projection_model_output 7 2035 SSBLCI 134.405
fm_projection_model_output 7 2035 SSBUCI 274.607
fm_projection_model_output 7 2035 SSBMedian 186.29
fm_projection_model_output 7 2035 SSBMean 193.575
fm_projection_model_output 7 2022 F0 0 
fm_projection_model_output 7 2022 Fabc 0.188734
fm_projection_model_output 7 2022 Fofl 0.232881
fm_projection_model_output 7 2022  F_LCI 0.0487004
fm_projection_model_output 7 2022  F_UCI 0.0487004
fm_projection_model_output 7 2022  F_Median 0.0487004
fm_projection_model_output 7 2022  F_Mean 0.0487004
fm_projection_model_output 7 2023 F0 0 
fm_projection_model_output 7 2023 Fabc 0.188734
fm_projection_model_output 7 2023 Fofl 0.232881
fm_projection_model_output 7 2023  F_LCI 0.188734
fm_projection_model_output 7 2023  F_UCI 0.188734
fm_projection_model_output 7 2023  F_Median 0.188734
fm_projection_model_output 7 2023  F_Mean 0.188734
fm_projection_model_output 7 2024 F0 0 
fm_projection_model_output 7 2024 Fabc 0.188734
fm_projection_model_output 7 2024 Fofl 0.232881
fm_projection_model_output 7 2024  F_LCI 0.188734
fm_projection_model_output 7 2024  F_UCI 0.188734
fm_projection_model_output 7 2024  F_Median 0.188734
fm_projection_model_output 7 2024  F_Mean 0.188734
fm_projection_model_output 7 2025 F0 0 
fm_projection_model_output 7 2025 Fabc 0.188734
fm_projection_model_output 7 2025 Fofl 0.232881
fm_projection_model_output 7 2025  F_LCI 0.232881
fm_projection_model_output 7 2025  F_UCI 0.232881
fm_projection_model_output 7 2025  F_Median 0.232881
fm_projection_model_output 7 2025  F_Mean 0.232881
fm_projection_model_output 7 2026 F0 0 
fm_projection_model_output 7 2026 Fabc 0.188734
fm_projection_model_output 7 2026 Fofl 0.232881
fm_projection_model_output 7 2026  F_LCI 0.232881
fm_projection_model_output 7 2026  F_UCI 0.232881
fm_projection_model_output 7 2026  F_Median 0.232881
fm_projection_model_output 7 2026  F_Mean 0.232881
fm_projection_model_output 7 2027 F0 0 
fm_projection_model_output 7 2027 Fabc 0.188734
fm_projection_model_output 7 2027 Fofl 0.232881
fm_projection_model_output 7 2027  F_LCI 0.232881
fm_projection_model_output 7 2027  F_UCI 0.232881
fm_projection_model_output 7 2027  F_Median 0.232881
fm_projection_model_output 7 2027  F_Mean 0.232881
fm_projection_model_output 7 2028 F0 0 
fm_projection_model_output 7 2028 Fabc 0.188734
fm_projection_model_output 7 2028 Fofl 0.232881
fm_projection_model_output 7 2028  F_LCI 0.232881
fm_projection_model_output 7 2028  F_UCI 0.232881
fm_projection_model_output 7 2028  F_Median 0.232881
fm_projection_model_output 7 2028  F_Mean 0.232881
fm_projection_model_output 7 2029 F0 0 
fm_projection_model_output 7 2029 Fabc 0.188734
fm_projection_model_output 7 2029 Fofl 0.232881
fm_projection_model_output 7 2029  F_LCI 0.232881
fm_projection_model_output 7 2029  F_UCI 0.232881
fm_projection_model_output 7 2029  F_Median 0.232881
fm_projection_model_output 7 2029  F_Mean 0.232881
fm_projection_model_output 7 2030 F0 0 
fm_projection_model_output 7 2030 Fabc 0.188734
fm_projection_model_output 7 2030 Fofl 0.232881
fm_projection_model_output 7 2030  F_LCI 0.232881
fm_projection_model_output 7 2030  F_UCI 0.232881
fm_projection_model_output 7 2030  F_Median 0.232881
fm_projection_model_output 7 2030  F_Mean 0.232881
fm_projection_model_output 7 2031 F0 0 
fm_projection_model_output 7 2031 Fabc 0.188734
fm_projection_model_output 7 2031 Fofl 0.232881
fm_projection_model_output 7 2031  F_LCI 0.232881
fm_projection_model_output 7 2031  F_UCI 0.232881
fm_projection_model_output 7 2031  F_Median 0.232881
fm_projection_model_output 7 2031  F_Mean 0.232881
fm_projection_model_output 7 2032 F0 0 
fm_projection_model_output 7 2032 Fabc 0.188734
fm_projection_model_output 7 2032 Fofl 0.232881
fm_projection_model_output 7 2032  F_LCI 0.232881
fm_projection_model_output 7 2032  F_UCI 0.232881
fm_projection_model_output 7 2032  F_Median 0.232881
fm_projection_model_output 7 2032  F_Mean 0.232881
fm_projection_model_output 7 2033 F0 0 
fm_projection_model_output 7 2033 Fabc 0.188734
fm_projection_model_output 7 2033 Fofl 0.232881
fm_projection_model_output 7 2033  F_LCI 0.232881
fm_projection_model_output 7 2033  F_UCI 0.232881
fm_projection_model_output 7 2033  F_Median 0.232881
fm_projection_model_output 7 2033  F_Mean 0.232881
fm_projection_model_output 7 2034 F0 0 
fm_projection_model_output 7 2034 Fabc 0.188734
fm_projection_model_output 7 2034 Fofl 0.232881
fm_projection_model_output 7 2034  F_LCI 0.232881
fm_projection_model_output 7 2034  F_UCI 0.232881
fm_projection_model_output 7 2034  F_Median 0.232881
fm_projection_model_output 7 2034  F_Mean 0.232822
fm_projection_model_output 7 2035 F0 0 
fm_projection_model_output 7 2035 Fabc 0.188734
fm_projection_model_output 7 2035 Fofl 0.232881
fm_projection_model_output 7 2035  F_LCI 0.196617
fm_projection_model_output 7 2035  F_UCI 0.232881
fm_projection_model_output 7 2035  F_Median 0.232881
fm_projection_model_output 7 2035  F_Mean 0.228102
