Alternative 1 Catch
     GOA_SABLE 
Equil_Fabc 24.2176 
Year 
2023 27.16 
2024 47.3669 
2025 46.3607 
2026 44.5359 
2027 42.3364 
2028 40.0511 
2029 37.8453 
2030 35.8119 
2031 34.0425 
2032 32.5562 
2033 31.2925 
2034 30.2028 
2035 29.2535 
2036 28.4289 

Alternative 1 ABCs
     GOA_SABLE 

Year 
2023  NA 
2024 47.3669 
2025 46.3607 
2026 44.5359 
2027 42.3364 
2028 40.0511 
2029 37.8453 
2030 35.8119 
2031 34.0425 
2032 32.5562 
2033 31.2925 
2034 30.2028 
2035 29.2535 
2036 28.4289 

Alternative 1 TACs
     GOA_SABLE 

Year 
2023  NA 
2024 47.3669 
2025 46.3607 
2026 44.5359 
2027 42.3364 
2028 40.0511 
2029 37.8453 
2030 35.8119 
2031 34.0425 
2032 32.5562 
2033 31.2925 
2034 30.2028 
2035 29.2535 
2036 28.4289 

Alternative 1 Sp_Biomass
     GOA_SABLE 
Equil_Fabc 119.96 
Year 
2023 156.651 
2024 185.079 
2025 203.611 
2026 215.17 
2027 219.22 
2028 216.63 
2029 209.391 
2030 199.787 
2031 189.583 
2032 179.79 
2033 170.874 
2034 163.029 
2035 156.28 
2036 150.553 

Alternative 1 Fishing Mortality
     GOA_SABLE 
Equil_Fabc 0.0860583 
Year 
2023 0.0506596 
2024 0.0860583 
2025 0.0860583 
2026 0.0860583 
2027 0.0860583 
2028 0.0860583 
2029 0.0860583 
2030 0.0860583 
2031 0.0860583 
2032 0.0860583 
2033 0.0860583 
2034 0.0860572 
2035 0.0859955 
2036 0.0857897 

Alternative 1 Biomass
     GOA_SABLE 

Year 
2023 695.093 
2024 700.353 
2025 674.788 
2026 644.438 
2027 614.334 
2028 583.572 
2029 554.754 
2030 529.552 
2031 508.528 
2032 490.177 
2033 472.922 
2034 458.732 
2035 446.379 
2036 436.217 

Alternative 1 Implied SPR rate 
     GOA_SABLE 
Equil_Fabc 0.4 
Year 
2023 0.87092 
2024 0.792359 
2025 0.792359 
2026 0.792359 
2027 0.792359 
2028 0.792359 
2029 0.792359 
2030 0.792359 
2031 0.792359 
2032 0.792359 
2033 0.792359 
2034 0.792361 
2035 0.792492 
2036 0.792929 

  GOA_SABLE 
EquilAvgAgeF0  9.03167 
EquilAvgAgeFabc  5.7419 
AvgAgeYr2036 6.62197 
Alternative 2 Catch
     GOA_SABLE 
Equil_Fabc 24.2176 
Year 
2023 27.16 
2024 47.3669 
2025 46.3607 
2026 44.5359 
2027 42.3364 
2028 40.0511 
2029 37.8453 
2030 35.8119 
2031 34.0425 
2032 32.5562 
2033 31.2925 
2034 30.2028 
2035 29.2535 
2036 28.4289 

Alternative 2 ABCs
     GOA_SABLE 

Year 
2023  NA 
2024 47.3669 
2025 46.3607 
2026 44.5359 
2027 42.3364 
2028 40.0511 
2029 37.8453 
2030 35.8119 
2031 34.0425 
2032 32.5562 
2033 31.2925 
2034 30.2028 
2035 29.2535 
2036 28.4289 

Alternative 2 TACs
     GOA_SABLE 

Year 
2023  NA 
2024 47.3669 
2025 46.3607 
2026 44.5359 
2027 42.3364 
2028 40.0511 
2029 37.8453 
2030 35.8119 
2031 34.0425 
2032 32.5562 
2033 31.2925 
2034 30.2028 
2035 29.2535 
2036 28.4289 

Alternative 2 Sp_Biomass
     GOA_SABLE 
Equil_Fabc 119.96 
Year 
2023 156.651 
2024 185.079 
2025 203.611 
2026 215.17 
2027 219.22 
2028 216.63 
2029 209.391 
2030 199.787 
2031 189.583 
2032 179.79 
2033 170.874 
2034 163.029 
2035 156.28 
2036 150.553 

Alternative 2 Fishing Mortality
     GOA_SABLE 
Equil_Fabc 0.0860583 
Year 
2023 0.0506596 
2024 0.0860583 
2025 0.0860583 
2026 0.0860583 
2027 0.0860583 
2028 0.0860583 
2029 0.0860583 
2030 0.0860583 
2031 0.0860583 
2032 0.0860583 
2033 0.0860583 
2034 0.0860572 
2035 0.0859955 
2036 0.0857897 

Alternative 2 Biomass
     GOA_SABLE 

Year 
2023 695.093 
2024 700.353 
2025 674.788 
2026 644.438 
2027 614.334 
2028 583.572 
2029 554.754 
2030 529.552 
2031 508.528 
2032 490.177 
2033 472.922 
2034 458.732 
2035 446.379 
2036 436.217 

Alternative 2 Implied SPR rate 
     GOA_SABLE 
Equil_Fabc 0.4 
Year 
2023 0.87092 
2024 0.792359 
2025 0.792359 
2026 0.792359 
2027 0.792359 
2028 0.792359 
2029 0.792359 
2030 0.792359 
2031 0.792359 
2032 0.792359 
2033 0.792359 
2034 0.792361 
2035 0.792492 
2036 0.792929 

  GOA_SABLE 
EquilAvgAgeF0  9.03167 
EquilAvgAgeFabc  5.7419 
AvgAgeYr2036 6.62197 
Alternative 3 Catch
     GOA_SABLE 
Equil_Fabc 24.2176 
Year 
2023 27.16 
2024 24.1377 
2025 24.5347 
2026 24.4359 
2027 24.0256 
2028 23.4382 
2029 22.7644 
2030 22.0656 
2031 21.4066 
2032 20.8165 
2033 20.2831 
2034 19.7959 
2035 19.3547 
2036 18.9693 

Alternative 3 ABCs
     GOA_SABLE 

Year 
2023  NA 
2024 24.1377 
2025 24.5347 
2026 24.4359 
2027 24.0256 
2028 23.4382 
2029 22.7644 
2030 22.0656 
2031 21.4066 
2032 20.8165 
2033 20.2831 
2034 19.7959 
2035 19.3547 
2036 18.9693 

Alternative 3 TACs
     GOA_SABLE 

Year 
2023  NA 
2024 24.1377 
2025 24.5347 
2026 24.4359 
2027 24.0256 
2028 23.4382 
2029 22.7644 
2030 22.0656 
2031 21.4066 
2032 20.8165 
2033 20.2831 
2034 19.7959 
2035 19.3547 
2036 18.9693 

Alternative 3 Sp_Biomass
     GOA_SABLE 
Equil_Fabc 119.96 
Year 
2023 156.651 
2024 185.079 
2025 212.231 
2026 233.714 
2027 247.936 
2028 254.761 
2029 255.525 
2030 252.312 
2031 247 
2032 240.832 
2033 234.523 
2034 228.487 
2035 222.941 
2036 217.962 

Alternative 3 Fishing Mortality
     GOA_SABLE 
Equil_Fabc 0.0860583 
Year 
2023 0.0506596 
2024 0.0430291 
2025 0.0430291 
2026 0.0430291 
2027 0.0430291 
2028 0.0430291 
2029 0.0430291 
2030 0.0430291 
2031 0.0430291 
2032 0.0430291 
2033 0.0430291 
2034 0.0430291 
2035 0.0430291 
2036 0.0430291 

Alternative 3 Biomass
     GOA_SABLE 

Year 
2023 695.093 
2024 700.353 
2025 698.881 
2026 690.108 
2027 678.441 
2028 662.858 
2029 646.147 
2030 630.319 
2031 616.338 
2032 603.129 
2033 589.524 
2034 577.813 
2035 567.021 
2036 557.697 

Alternative 3 Implied SPR rate 
     GOA_SABLE 
Equil_Fabc 0.4 
Year 
2023 0.87092 
2024 0.889045 
2025 0.889045 
2026 0.889045 
2027 0.889045 
2028 0.889045 
2029 0.889045 
2030 0.889045 
2031 0.889045 
2032 0.889045 
2033 0.889045 
2034 0.889045 
2035 0.889045 
2036 0.889045 

  GOA_SABLE 
EquilAvgAgeF0  9.03167 
EquilAvgAgeFabc  5.7419 
AvgAgeYr2036 7.68635 
Alternative 4 Catch
     GOA_SABLE 
Equil_Fabc 24.2176 
Year 
2023 27.16 
2024 30.6635 
2025 30.8429 
2026 30.4117 
2027 29.6208 
2028 28.6479 
2029 27.6081 
2030 26.5763 
2031 25.6295 
2032 24.7988 
2033 24.0625 
2034 23.4023 
2035 22.8144 
2036 22.3081 

Alternative 4 ABCs
     GOA_SABLE 

Year 
2023  NA 
2024 30.6635 
2025 30.8429 
2026 30.4117 
2027 29.6208 
2028 28.6479 
2029 27.6081 
2030 26.5763 
2031 25.6295 
2032 24.7988 
2033 24.0625 
2034 23.4023 
2035 22.8144 
2036 22.3081 

Alternative 4 TACs
     GOA_SABLE 

Year 
2023  NA 
2024 30.6635 
2025 30.8429 
2026 30.4117 
2027 29.6208 
2028 28.6479 
2029 27.6081 
2030 26.5763 
2031 25.6295 
2032 24.7988 
2033 24.0625 
2034 23.4023 
2035 22.8144 
2036 22.3081 

Alternative 4 Sp_Biomass
     GOA_SABLE 
Equil_Fabc 119.96 
Year 
2023 156.651 
2024 185.079 
2025 209.806 
2026 228.42 
2027 239.618 
2028 243.557 
2029 241.784 
2030 236.465 
2031 229.467 
2032 221.98 
2033 214.66 
2034 207.863 
2035 201.754 
2036 196.367 

Alternative 4 Fishing Mortality
     GOA_SABLE 
Equil_Fabc 0.0860583 
Year 
2023 0.0506596 
2024 0.0549517 
2025 0.0549517 
2026 0.0549517 
2027 0.0549517 
2028 0.0549517 
2029 0.0549517 
2030 0.0549517 
2031 0.0549517 
2032 0.0549517 
2033 0.0549517 
2034 0.0549517 
2035 0.0549517 
2036 0.0549517 

Alternative 4 Biomass
     GOA_SABLE 

Year 
2023 695.093 
2024 700.353 
2025 692.111 
2026 677.096 
2027 659.926 
2028 639.657 
2029 619.067 
2030 600.106 
2031 583.653 
2032 568.53 
2033 553.467 
2034 540.67 
2035 529.094 
2036 519.231 

Alternative 4 Implied SPR rate 
     GOA_SABLE 
Equil_Fabc 0.4 
Year 
2023 0.87092 
2024 0.860918 
2025 0.860918 
2026 0.860918 
2027 0.860918 
2028 0.860918 
2029 0.860918 
2030 0.860918 
2031 0.860918 
2032 0.860918 
2033 0.860918 
2034 0.860918 
2035 0.860918 
2036 0.860918 

  GOA_SABLE 
EquilAvgAgeF0  9.03167 
EquilAvgAgeFabc  5.7419 
AvgAgeYr2036 7.37641 
Alternative 5 Catch
     GOA_SABLE 
Equil_Fabc 24.2176 
Year 
2023 27.16 
2024  NA 
2025  NA 
2026  NA 
2027  NA 
2028  NA 
2029  NA 
2030  NA 
2031  NA 
2032  NA 
2033  NA 
2034  NA 
2035  NA 
2036  NA 

Alternative 5 ABCs
     GOA_SABLE 

Year 
2023  NA 
2024  NA 
2025  NA 
2026  NA 
2027  NA 
2028  NA 
2029  NA 
2030  NA 
2031  NA 
2032  NA 
2033  NA 
2034  NA 
2035  NA 
2036  NA 

Alternative 5 TACs
     GOA_SABLE 

Year 
2023  NA 
2024  NA 
2025  NA 
2026  NA 
2027  NA 
2028  NA 
2029  NA 
2030  NA 
2031  NA 
2032  NA 
2033  NA 
2034  NA 
2035  NA 
2036  NA 

Alternative 5 Sp_Biomass
     GOA_SABLE 
Equil_Fabc 119.96 
Year 
2023 156.651 
2024 185.079 
2025 221.218 
2026 253.874 
2027 280.471 
2028 299.745 
2029 312.126 
2030 319.224 
2031 322.802 
2032 324.179 
2033 324.211 
2034 323.472 
2035 322.336 
2036 321.029 

Alternative 5 Fishing Mortality
     GOA_SABLE 
Equil_Fabc 0.0860583 
Year 
2023 0.0506596 
2024  NA 
2025  NA 
2026  NA 
2027  NA 
2028  NA 
2029  NA 
2030  NA 
2031  NA 
2032  NA 
2033  NA 
2034  NA 
2035  NA 
2036  NA 

Alternative 5 Biomass
     GOA_SABLE 

Year 
2023 695.093 
2024 700.353 
2025 723.93 
2026 739.477 
2027 750.459 
2028 755.333 
2029 756.673 
2030 756.479 
2031 755.834 
2032 753.885 
2033 749.724 
2034 745.877 
2035 741.576 
2036 737.561 

Alternative 5 Implied SPR rate 
     GOA_SABLE 
Equil_Fabc 0.4 
Year 
2023 0.87092 
2024 1 
2025 1 
2026 1 
2027 1 
2028 1 
2029 1 
2030 1 
2031 1 
2032 1 
2033 1 
2034 1 
2035 1 
2036 1 

  GOA_SABLE 
EquilAvgAgeF0  9.03167 
EquilAvgAgeFabc  5.7419 
AvgAgeYr2036 8.88095 
Alternative 6 Catch
     GOA_SABLE 
Equil_Fabc 24.2176 
Year 
2023 27.16 
2024 55.3852 
2025 53.4894 
2026 50.735 
2027 47.6655 
2028 44.6181 
2029 41.7718 
2030 39.2162 
2031 37.0397 
2032 35.2455 
2033 33.7456 
2034 32.4091 
2035 31.1105 
2036 29.9553 

Alternative 6 ABCs
     GOA_SABLE 

Year 
2023 53.1409 
2024 55.3852 
2025 53.4894 
2026 50.735 
2027 47.6655 
2028 44.6181 
2029 41.7718 
2030 39.2162 
2031 37.0397 
2032 35.2455 
2033 33.7456 
2034 32.4091 
2035 31.1105 
2036 29.9553 

Alternative 6 TACs
     GOA_SABLE 

Year 
2023  NA 
2024 55.3852 
2025 53.4894 
2026 50.735 
2027 47.6655 
2028 44.6181 
2029 41.7718 
2030 39.2162 
2031 37.0397 
2032 35.2455 
2033 33.7456 
2034 32.4091 
2035 31.1105 
2036 29.9553 

Alternative 6 Sp_Biomass
     GOA_SABLE 
Equil_Fabc 119.96 
Year 
2023 156.651 
2024 185.079 
2025 200.643 
2026 208.963 
2027 209.876 
2028 204.562 
2029 195.179 
2030 184.019 
2031 172.764 
2032 162.314 
2033 153.037 
2034 145.043 
2035 138.318 
2036 132.794 

Alternative 6 Fishing Mortality
     GOA_SABLE 
Equil_Fabc 0.0860583 
Year 
2023 0.0506596 
2024 0.101302 
2025 0.101302 
2026 0.101302 
2027 0.101302 
2028 0.101302 
2029 0.101302 
2030 0.101302 
2031 0.101302 
2032 0.101302 
2033 0.101295 
2034 0.101003 
2035 0.0999981 
2036 0.0987033 

Alternative 6 Biomass
     GOA_SABLE 

Year 
2023 695.093 
2024 700.353 
2025 666.475 
2026 629.092 
2027 593.348 
2028 558.272 
2029 526.299 
2030 498.904 
2031 476.456 
2032 457.259 
2033 439.579 
2034 425.266 
2035 413.069 
2036 403.423 

Alternative 6 Implied SPR rate 
     GOA_SABLE 
Equil_Fabc 0.4 
Year 
2023 0.87092 
2024 0.76114 
2025 0.76114 
2026 0.76114 
2027 0.76114 
2028 0.76114 
2029 0.76114 
2030 0.76114 
2031 0.76114 
2032 0.76114 
2033 0.761155 
2034 0.761746 
2035 0.763787 
2036 0.766438 

  GOA_SABLE 
EquilAvgAgeF0  9.03167 
EquilAvgAgeFabc  5.7419 
AvgAgeYr2036 6.28823 
Alternative 7 Catch
     GOA_SABLE 
Equil_Fabc 24.2176 
Year 
2023 27.16 
2024 47.3669 
2025 46.3607 
2026 52.0685 
2027 48.8325 
2028 45.6183 
2029 42.6161 
2030 39.9211 
2031 37.6233 
2032 35.7259 
2033 34.1407 
2034 32.7625 
2035 31.4433 
2036 30.2505 

Alternative 7 ABCs
     GOA_SABLE 

Year 
2023 53.1409 
2024 55.3852 
2025 54.204 
2026 52.0685 
2027 48.8325 
2028 45.6183 
2029 42.6161 
2030 39.9211 
2031 37.6233 
2032 35.7259 
2033 34.1407 
2034 32.7625 
2035 31.4433 
2036 30.2505 

Alternative 7 TACs
     GOA_SABLE 

Year 
2023  NA 
2024 55.3852 
2025 54.204 
2026 52.0685 
2027 48.8325 
2028 45.6183 
2029 42.6161 
2030 39.9211 
2031 37.6233 
2032 35.7259 
2033 34.1407 
2034 32.7625 
2035 31.4433 
2036 30.2505 

Alternative 7 Sp_Biomass
     GOA_SABLE 
Equil_Fabc 119.96 
Year 
2023 156.651 
2024 185.079 
2025 203.611 
2026 215.17 
2027 216.024 
2028 210.397 
2029 200.513 
2030 188.748 
2031 176.858 
2032 165.801 
2033 155.973 
2034 147.498 
2035 140.347 
2036 134.448 

Alternative 7 Fishing Mortality
     GOA_SABLE 
Equil_Fabc 0.0860583 
Year 
2023 0.0506596 
2024 0.0860583 
2025 0.0860583 
2026 0.101302 
2027 0.101302 
2028 0.101302 
2029 0.101302 
2030 0.101302 
2031 0.101302 
2032 0.101302 
2033 0.101301 
2034 0.10114 
2035 0.100315 
2036 0.099094 

Alternative 7 Biomass
     GOA_SABLE 

Year 
2023 695.093 
2024 700.353 
2025 674.788 
2026 644.438 
2027 606.651 
2028 569.652 
2029 535.938 
2030 507.006 
2031 483.225 
2032 462.891 
2033 444.249 
2034 429.128 
2035 416.227 
2036 405.951 

Alternative 7 Implied SPR rate 
     GOA_SABLE 
Equil_Fabc 0.4 
Year 
2023 0.87092 
2024 0.792359 
2025 0.792359 
2026 0.76114 
2027 0.76114 
2028 0.76114 
2029 0.76114 
2030 0.76114 
2031 0.76114 
2032 0.76114 
2033 0.761143 
2034 0.761468 
2035 0.763142 
2036 0.765637 

  GOA_SABLE 
EquilAvgAgeF0  9.03167 
EquilAvgAgeFabc  5.7419 
AvgAgeYr2036 6.32976 
