GOA_SABLE 1 2023 Cabc 24.2176
GOA_SABLE 1 2023 Cofl 25.8934
GOA_SABLE 1 2023 CLCI 27.16
GOA_SABLE 1 2023 CUCI 27.16
GOA_SABLE 1 2023 CMedian 27.16
GOA_SABLE 1 2023 CMean 27.16
GOA_SABLE 1 2024 Cabc 24.2176
GOA_SABLE 1 2024 Cofl 25.8934
GOA_SABLE 1 2024 CLCI 46.9585
GOA_SABLE 1 2024 CUCI 48.3086
GOA_SABLE 1 2024 CMedian 47.2056
GOA_SABLE 1 2024 CMean 47.3669
GOA_SABLE 1 2025 Cabc 24.2176
GOA_SABLE 1 2025 Cofl 25.8934
GOA_SABLE 1 2025 CLCI 45.0414
GOA_SABLE 1 2025 CUCI 48.8297
GOA_SABLE 1 2025 CMedian 46.025
GOA_SABLE 1 2025 CMean 46.3607
GOA_SABLE 1 2026 Cabc 24.2176
GOA_SABLE 1 2026 Cofl 25.8934
GOA_SABLE 1 2026 CLCI 41.9714
GOA_SABLE 1 2026 CUCI 48.7596
GOA_SABLE 1 2026 CMedian 44.002
GOA_SABLE 1 2026 CMean 44.5359
GOA_SABLE 1 2027 Cabc 24.2176
GOA_SABLE 1 2027 Cofl 25.8934
GOA_SABLE 1 2027 CLCI 38.8176
GOA_SABLE 1 2027 CUCI 47.6573
GOA_SABLE 1 2027 CMedian 41.6812
GOA_SABLE 1 2027 CMean 42.3364
GOA_SABLE 1 2028 Cabc 24.2176
GOA_SABLE 1 2028 Cofl 25.8934
GOA_SABLE 1 2028 CLCI 35.4906
GOA_SABLE 1 2028 CUCI 47.0193
GOA_SABLE 1 2028 CMedian 39.0603
GOA_SABLE 1 2028 CMean 40.0511
GOA_SABLE 1 2029 Cabc 24.2176
GOA_SABLE 1 2029 Cofl 25.8934
GOA_SABLE 1 2029 CLCI 32.4295
GOA_SABLE 1 2029 CUCI 45.7026
GOA_SABLE 1 2029 CMedian 36.8882
GOA_SABLE 1 2029 CMean 37.8453
GOA_SABLE 1 2030 Cabc 24.2176
GOA_SABLE 1 2030 Cofl 25.8934
GOA_SABLE 1 2030 CLCI 29.7386
GOA_SABLE 1 2030 CUCI 44.152
GOA_SABLE 1 2030 CMedian 34.9995
GOA_SABLE 1 2030 CMean 35.8119
GOA_SABLE 1 2031 Cabc 24.2176
GOA_SABLE 1 2031 Cofl 25.8934
GOA_SABLE 1 2031 CLCI 27.5714
GOA_SABLE 1 2031 CUCI 43.187
GOA_SABLE 1 2031 CMedian 33.2626
GOA_SABLE 1 2031 CMean 34.0425
GOA_SABLE 1 2032 Cabc 24.2176
GOA_SABLE 1 2032 Cofl 25.8934
GOA_SABLE 1 2032 CLCI 25.6998
GOA_SABLE 1 2032 CUCI 41.7849
GOA_SABLE 1 2032 CMedian 31.76
GOA_SABLE 1 2032 CMean 32.5562
GOA_SABLE 1 2033 Cabc 24.2176
GOA_SABLE 1 2033 Cofl 25.8934
GOA_SABLE 1 2033 CLCI 24.1667
GOA_SABLE 1 2033 CUCI 41.3317
GOA_SABLE 1 2033 CMedian 30.6081
GOA_SABLE 1 2033 CMean 31.2925
GOA_SABLE 1 2034 Cabc 24.2176
GOA_SABLE 1 2034 Cofl 25.8934
GOA_SABLE 1 2034 CLCI 22.8378
GOA_SABLE 1 2034 CUCI 40.1453
GOA_SABLE 1 2034 CMedian 29.1994
GOA_SABLE 1 2034 CMean 30.2028
GOA_SABLE 1 2035 Cabc 24.2176
GOA_SABLE 1 2035 Cofl 25.8934
GOA_SABLE 1 2035 CLCI 21.7245
GOA_SABLE 1 2035 CUCI 39.0908
GOA_SABLE 1 2035 CMedian 28.004
GOA_SABLE 1 2035 CMean 29.2535
GOA_SABLE 1 2036 Cabc 24.2176
GOA_SABLE 1 2036 Cofl 25.8934
GOA_SABLE 1 2036 CLCI 20.5989
GOA_SABLE 1 2036 CUCI 39.3403
GOA_SABLE 1 2036 CMedian 27.3313
GOA_SABLE 1 2036 CMean 28.4289
GOA_SABLE 1 2023 SSBF100 299.901
GOA_SABLE 1 2023 SSBFabc 119.96
GOA_SABLE 1 2023 SSBFofl 104.965
GOA_SABLE 1 2023 SSBLCI 156.651
GOA_SABLE 1 2023 SSBUCI 156.651
GOA_SABLE 1 2023 SSBMedian 156.651
GOA_SABLE 1 2023 SSBMean 156.651
GOA_SABLE 1 2024 SSBF100 299.901
GOA_SABLE 1 2024 SSBFabc 119.96
GOA_SABLE 1 2024 SSBFofl 104.965
GOA_SABLE 1 2024 SSBLCI 184.806
GOA_SABLE 1 2024 SSBUCI 185.709
GOA_SABLE 1 2024 SSBMedian 184.972
GOA_SABLE 1 2024 SSBMean 185.079
GOA_SABLE 1 2025 SSBF100 299.901
GOA_SABLE 1 2025 SSBFabc 119.96
GOA_SABLE 1 2025 SSBFofl 104.965
GOA_SABLE 1 2025 SSBLCI 202.784
GOA_SABLE 1 2025 SSBUCI 205.127
GOA_SABLE 1 2025 SSBMedian 203.396
GOA_SABLE 1 2025 SSBMean 203.611
GOA_SABLE 1 2026 SSBF100 299.901
GOA_SABLE 1 2026 SSBFabc 119.96
GOA_SABLE 1 2026 SSBFofl 104.965
GOA_SABLE 1 2026 SSBLCI 213.283
GOA_SABLE 1 2026 SSBUCI 218.477
GOA_SABLE 1 2026 SSBMedian 214.752
GOA_SABLE 1 2026 SSBMean 215.17
GOA_SABLE 1 2027 SSBF100 299.901
GOA_SABLE 1 2027 SSBFabc 119.96
GOA_SABLE 1 2027 SSBFofl 104.965
GOA_SABLE 1 2027 SSBLCI 215.353
GOA_SABLE 1 2027 SSBUCI 225.794
GOA_SABLE 1 2027 SSBMedian 218.398
GOA_SABLE 1 2027 SSBMean 219.22
GOA_SABLE 1 2028 SSBF100 299.901
GOA_SABLE 1 2028 SSBFabc 119.96
GOA_SABLE 1 2028 SSBFofl 104.965
GOA_SABLE 1 2028 SSBLCI 209.929
GOA_SABLE 1 2028 SSBUCI 228.009
GOA_SABLE 1 2028 SSBMedian 215.082
GOA_SABLE 1 2028 SSBMean 216.63
GOA_SABLE 1 2029 SSBF100 299.901
GOA_SABLE 1 2029 SSBFabc 119.96
GOA_SABLE 1 2029 SSBFofl 104.965
GOA_SABLE 1 2029 SSBLCI 198.379
GOA_SABLE 1 2029 SSBUCI 226.859
GOA_SABLE 1 2029 SSBMedian 206.695
GOA_SABLE 1 2029 SSBMean 209.391
GOA_SABLE 1 2030 SSBF100 299.901
GOA_SABLE 1 2030 SSBFabc 119.96
GOA_SABLE 1 2030 SSBFofl 104.965
GOA_SABLE 1 2030 SSBLCI 184.165
GOA_SABLE 1 2030 SSBUCI 225.272
GOA_SABLE 1 2030 SSBMedian 196.181
GOA_SABLE 1 2030 SSBMean 199.787
GOA_SABLE 1 2031 SSBF100 299.901
GOA_SABLE 1 2031 SSBFabc 119.96
GOA_SABLE 1 2031 SSBFofl 104.965
GOA_SABLE 1 2031 SSBLCI 168.974
GOA_SABLE 1 2031 SSBUCI 221.25
GOA_SABLE 1 2031 SSBMedian 185.208
GOA_SABLE 1 2031 SSBMean 189.583
GOA_SABLE 1 2032 SSBF100 299.901
GOA_SABLE 1 2032 SSBFabc 119.96
GOA_SABLE 1 2032 SSBFofl 104.965
GOA_SABLE 1 2032 SSBLCI 155.306
GOA_SABLE 1 2032 SSBUCI 215.104
GOA_SABLE 1 2032 SSBMedian 175.621
GOA_SABLE 1 2032 SSBMean 179.79
GOA_SABLE 1 2033 SSBF100 299.901
GOA_SABLE 1 2033 SSBFabc 119.96
GOA_SABLE 1 2033 SSBFofl 104.965
GOA_SABLE 1 2033 SSBLCI 143.736
GOA_SABLE 1 2033 SSBUCI 208.892
GOA_SABLE 1 2033 SSBMedian 167.346
GOA_SABLE 1 2033 SSBMean 170.874
GOA_SABLE 1 2034 SSBF100 299.901
GOA_SABLE 1 2034 SSBFabc 119.96
GOA_SABLE 1 2034 SSBFofl 104.965
GOA_SABLE 1 2034 SSBLCI 133.821
GOA_SABLE 1 2034 SSBUCI 204.067
GOA_SABLE 1 2034 SSBMedian 159.493
GOA_SABLE 1 2034 SSBMean 163.029
GOA_SABLE 1 2035 SSBF100 299.901
GOA_SABLE 1 2035 SSBFabc 119.96
GOA_SABLE 1 2035 SSBFofl 104.965
GOA_SABLE 1 2035 SSBLCI 124.78
GOA_SABLE 1 2035 SSBUCI 197.776
GOA_SABLE 1 2035 SSBMedian 152.862
GOA_SABLE 1 2035 SSBMean 156.28
GOA_SABLE 1 2036 SSBF100 299.901
GOA_SABLE 1 2036 SSBFabc 119.96
GOA_SABLE 1 2036 SSBFofl 104.965
GOA_SABLE 1 2036 SSBLCI 118.098
GOA_SABLE 1 2036 SSBUCI 194.935
GOA_SABLE 1 2036 SSBMedian 147.397
GOA_SABLE 1 2036 SSBMean 150.553
GOA_SABLE 1 2023 F0 0 
GOA_SABLE 1 2023 Fabc 0.0860583
GOA_SABLE 1 2023 Fofl 0.101302
GOA_SABLE 1 2023  F_LCI 0.0506596
GOA_SABLE 1 2023  F_UCI 0.0506596
GOA_SABLE 1 2023  F_Median 0.0506596
GOA_SABLE 1 2023  F_Mean 0.0506596
GOA_SABLE 1 2024 F0 0 
GOA_SABLE 1 2024 Fabc 0.0860583
GOA_SABLE 1 2024 Fofl 0.101302
GOA_SABLE 1 2024  F_LCI 0.0860583
GOA_SABLE 1 2024  F_UCI 0.0860583
GOA_SABLE 1 2024  F_Median 0.0860583
GOA_SABLE 1 2024  F_Mean 0.0860583
GOA_SABLE 1 2025 F0 0 
GOA_SABLE 1 2025 Fabc 0.0860583
GOA_SABLE 1 2025 Fofl 0.101302
GOA_SABLE 1 2025  F_LCI 0.0860583
GOA_SABLE 1 2025  F_UCI 0.0860583
GOA_SABLE 1 2025  F_Median 0.0860583
GOA_SABLE 1 2025  F_Mean 0.0860583
GOA_SABLE 1 2026 F0 0 
GOA_SABLE 1 2026 Fabc 0.0860583
GOA_SABLE 1 2026 Fofl 0.101302
GOA_SABLE 1 2026  F_LCI 0.0860583
GOA_SABLE 1 2026  F_UCI 0.0860583
GOA_SABLE 1 2026  F_Median 0.0860583
GOA_SABLE 1 2026  F_Mean 0.0860583
GOA_SABLE 1 2027 F0 0 
GOA_SABLE 1 2027 Fabc 0.0860583
GOA_SABLE 1 2027 Fofl 0.101302
GOA_SABLE 1 2027  F_LCI 0.0860583
GOA_SABLE 1 2027  F_UCI 0.0860583
GOA_SABLE 1 2027  F_Median 0.0860583
GOA_SABLE 1 2027  F_Mean 0.0860583
GOA_SABLE 1 2028 F0 0 
GOA_SABLE 1 2028 Fabc 0.0860583
GOA_SABLE 1 2028 Fofl 0.101302
GOA_SABLE 1 2028  F_LCI 0.0860583
GOA_SABLE 1 2028  F_UCI 0.0860583
GOA_SABLE 1 2028  F_Median 0.0860583
GOA_SABLE 1 2028  F_Mean 0.0860583
GOA_SABLE 1 2029 F0 0 
GOA_SABLE 1 2029 Fabc 0.0860583
GOA_SABLE 1 2029 Fofl 0.101302
GOA_SABLE 1 2029  F_LCI 0.0860583
GOA_SABLE 1 2029  F_UCI 0.0860583
GOA_SABLE 1 2029  F_Median 0.0860583
GOA_SABLE 1 2029  F_Mean 0.0860583
GOA_SABLE 1 2030 F0 0 
GOA_SABLE 1 2030 Fabc 0.0860583
GOA_SABLE 1 2030 Fofl 0.101302
GOA_SABLE 1 2030  F_LCI 0.0860583
GOA_SABLE 1 2030  F_UCI 0.0860583
GOA_SABLE 1 2030  F_Median 0.0860583
GOA_SABLE 1 2030  F_Mean 0.0860583
GOA_SABLE 1 2031 F0 0 
GOA_SABLE 1 2031 Fabc 0.0860583
GOA_SABLE 1 2031 Fofl 0.101302
GOA_SABLE 1 2031  F_LCI 0.0860583
GOA_SABLE 1 2031  F_UCI 0.0860583
GOA_SABLE 1 2031  F_Median 0.0860583
GOA_SABLE 1 2031  F_Mean 0.0860583
GOA_SABLE 1 2032 F0 0 
GOA_SABLE 1 2032 Fabc 0.0860583
GOA_SABLE 1 2032 Fofl 0.101302
GOA_SABLE 1 2032  F_LCI 0.0860583
GOA_SABLE 1 2032  F_UCI 0.0860583
GOA_SABLE 1 2032  F_Median 0.0860583
GOA_SABLE 1 2032  F_Mean 0.0860583
GOA_SABLE 1 2033 F0 0 
GOA_SABLE 1 2033 Fabc 0.0860583
GOA_SABLE 1 2033 Fofl 0.101302
GOA_SABLE 1 2033  F_LCI 0.0860583
GOA_SABLE 1 2033  F_UCI 0.0860583
GOA_SABLE 1 2033  F_Median 0.0860583
GOA_SABLE 1 2033  F_Mean 0.0860583
GOA_SABLE 1 2034 F0 0 
GOA_SABLE 1 2034 Fabc 0.0860583
GOA_SABLE 1 2034 Fofl 0.101302
GOA_SABLE 1 2034  F_LCI 0.0860583
GOA_SABLE 1 2034  F_UCI 0.0860583
GOA_SABLE 1 2034  F_Median 0.0860583
GOA_SABLE 1 2034  F_Mean 0.0860572
GOA_SABLE 1 2035 F0 0 
GOA_SABLE 1 2035 Fabc 0.0860583
GOA_SABLE 1 2035 Fofl 0.101302
GOA_SABLE 1 2035  F_LCI 0.0860583
GOA_SABLE 1 2035  F_UCI 0.0860583
GOA_SABLE 1 2035  F_Median 0.0860583
GOA_SABLE 1 2035  F_Mean 0.0859955
GOA_SABLE 1 2036 F0 0 
GOA_SABLE 1 2036 Fabc 0.0860583
GOA_SABLE 1 2036 Fofl 0.101302
GOA_SABLE 1 2036  F_LCI 0.084652
GOA_SABLE 1 2036  F_UCI 0.0860583
GOA_SABLE 1 2036  F_Median 0.0860583
GOA_SABLE 1 2036  F_Mean 0.0857897
GOA_SABLE 2 2023 Cabc 24.2176
GOA_SABLE 2 2023 Cofl 25.8934
GOA_SABLE 2 2023 CLCI 27.16
GOA_SABLE 2 2023 CUCI 27.16
GOA_SABLE 2 2023 CMedian 27.16
GOA_SABLE 2 2023 CMean 27.16
GOA_SABLE 2 2024 Cabc 24.2176
GOA_SABLE 2 2024 Cofl 25.8934
GOA_SABLE 2 2024 CLCI 46.9585
GOA_SABLE 2 2024 CUCI 48.3086
GOA_SABLE 2 2024 CMedian 47.2056
GOA_SABLE 2 2024 CMean 47.3669
GOA_SABLE 2 2025 Cabc 24.2176
GOA_SABLE 2 2025 Cofl 25.8934
GOA_SABLE 2 2025 CLCI 45.0414
GOA_SABLE 2 2025 CUCI 48.8297
GOA_SABLE 2 2025 CMedian 46.025
GOA_SABLE 2 2025 CMean 46.3607
GOA_SABLE 2 2026 Cabc 24.2176
GOA_SABLE 2 2026 Cofl 25.8934
GOA_SABLE 2 2026 CLCI 41.9714
GOA_SABLE 2 2026 CUCI 48.7596
GOA_SABLE 2 2026 CMedian 44.002
GOA_SABLE 2 2026 CMean 44.5359
GOA_SABLE 2 2027 Cabc 24.2176
GOA_SABLE 2 2027 Cofl 25.8934
GOA_SABLE 2 2027 CLCI 38.8176
GOA_SABLE 2 2027 CUCI 47.6573
GOA_SABLE 2 2027 CMedian 41.6812
GOA_SABLE 2 2027 CMean 42.3364
GOA_SABLE 2 2028 Cabc 24.2176
GOA_SABLE 2 2028 Cofl 25.8934
GOA_SABLE 2 2028 CLCI 35.4906
GOA_SABLE 2 2028 CUCI 47.0193
GOA_SABLE 2 2028 CMedian 39.0603
GOA_SABLE 2 2028 CMean 40.0511
GOA_SABLE 2 2029 Cabc 24.2176
GOA_SABLE 2 2029 Cofl 25.8934
GOA_SABLE 2 2029 CLCI 32.4295
GOA_SABLE 2 2029 CUCI 45.7026
GOA_SABLE 2 2029 CMedian 36.8882
GOA_SABLE 2 2029 CMean 37.8453
GOA_SABLE 2 2030 Cabc 24.2176
GOA_SABLE 2 2030 Cofl 25.8934
GOA_SABLE 2 2030 CLCI 29.7386
GOA_SABLE 2 2030 CUCI 44.152
GOA_SABLE 2 2030 CMedian 34.9995
GOA_SABLE 2 2030 CMean 35.8119
GOA_SABLE 2 2031 Cabc 24.2176
GOA_SABLE 2 2031 Cofl 25.8934
GOA_SABLE 2 2031 CLCI 27.5714
GOA_SABLE 2 2031 CUCI 43.187
GOA_SABLE 2 2031 CMedian 33.2626
GOA_SABLE 2 2031 CMean 34.0425
GOA_SABLE 2 2032 Cabc 24.2176
GOA_SABLE 2 2032 Cofl 25.8934
GOA_SABLE 2 2032 CLCI 25.6998
GOA_SABLE 2 2032 CUCI 41.7849
GOA_SABLE 2 2032 CMedian 31.76
GOA_SABLE 2 2032 CMean 32.5562
GOA_SABLE 2 2033 Cabc 24.2176
GOA_SABLE 2 2033 Cofl 25.8934
GOA_SABLE 2 2033 CLCI 24.1667
GOA_SABLE 2 2033 CUCI 41.3317
GOA_SABLE 2 2033 CMedian 30.6081
GOA_SABLE 2 2033 CMean 31.2925
GOA_SABLE 2 2034 Cabc 24.2176
GOA_SABLE 2 2034 Cofl 25.8934
GOA_SABLE 2 2034 CLCI 22.8378
GOA_SABLE 2 2034 CUCI 40.1453
GOA_SABLE 2 2034 CMedian 29.1994
GOA_SABLE 2 2034 CMean 30.2028
GOA_SABLE 2 2035 Cabc 24.2176
GOA_SABLE 2 2035 Cofl 25.8934
GOA_SABLE 2 2035 CLCI 21.7245
GOA_SABLE 2 2035 CUCI 39.0908
GOA_SABLE 2 2035 CMedian 28.004
GOA_SABLE 2 2035 CMean 29.2535
GOA_SABLE 2 2036 Cabc 24.2176
GOA_SABLE 2 2036 Cofl 25.8934
GOA_SABLE 2 2036 CLCI 20.5989
GOA_SABLE 2 2036 CUCI 39.3403
GOA_SABLE 2 2036 CMedian 27.3313
GOA_SABLE 2 2036 CMean 28.4289
GOA_SABLE 2 2023 SSBF100 299.901
GOA_SABLE 2 2023 SSBFabc 119.96
GOA_SABLE 2 2023 SSBFofl 104.965
GOA_SABLE 2 2023 SSBLCI 156.651
GOA_SABLE 2 2023 SSBUCI 156.651
GOA_SABLE 2 2023 SSBMedian 156.651
GOA_SABLE 2 2023 SSBMean 156.651
GOA_SABLE 2 2024 SSBF100 299.901
GOA_SABLE 2 2024 SSBFabc 119.96
GOA_SABLE 2 2024 SSBFofl 104.965
GOA_SABLE 2 2024 SSBLCI 184.806
GOA_SABLE 2 2024 SSBUCI 185.709
GOA_SABLE 2 2024 SSBMedian 184.972
GOA_SABLE 2 2024 SSBMean 185.079
GOA_SABLE 2 2025 SSBF100 299.901
GOA_SABLE 2 2025 SSBFabc 119.96
GOA_SABLE 2 2025 SSBFofl 104.965
GOA_SABLE 2 2025 SSBLCI 202.784
GOA_SABLE 2 2025 SSBUCI 205.127
GOA_SABLE 2 2025 SSBMedian 203.396
GOA_SABLE 2 2025 SSBMean 203.611
GOA_SABLE 2 2026 SSBF100 299.901
GOA_SABLE 2 2026 SSBFabc 119.96
GOA_SABLE 2 2026 SSBFofl 104.965
GOA_SABLE 2 2026 SSBLCI 213.283
GOA_SABLE 2 2026 SSBUCI 218.477
GOA_SABLE 2 2026 SSBMedian 214.752
GOA_SABLE 2 2026 SSBMean 215.17
GOA_SABLE 2 2027 SSBF100 299.901
GOA_SABLE 2 2027 SSBFabc 119.96
GOA_SABLE 2 2027 SSBFofl 104.965
GOA_SABLE 2 2027 SSBLCI 215.353
GOA_SABLE 2 2027 SSBUCI 225.794
GOA_SABLE 2 2027 SSBMedian 218.398
GOA_SABLE 2 2027 SSBMean 219.22
GOA_SABLE 2 2028 SSBF100 299.901
GOA_SABLE 2 2028 SSBFabc 119.96
GOA_SABLE 2 2028 SSBFofl 104.965
GOA_SABLE 2 2028 SSBLCI 209.929
GOA_SABLE 2 2028 SSBUCI 228.009
GOA_SABLE 2 2028 SSBMedian 215.082
GOA_SABLE 2 2028 SSBMean 216.63
GOA_SABLE 2 2029 SSBF100 299.901
GOA_SABLE 2 2029 SSBFabc 119.96
GOA_SABLE 2 2029 SSBFofl 104.965
GOA_SABLE 2 2029 SSBLCI 198.379
GOA_SABLE 2 2029 SSBUCI 226.859
GOA_SABLE 2 2029 SSBMedian 206.695
GOA_SABLE 2 2029 SSBMean 209.391
GOA_SABLE 2 2030 SSBF100 299.901
GOA_SABLE 2 2030 SSBFabc 119.96
GOA_SABLE 2 2030 SSBFofl 104.965
GOA_SABLE 2 2030 SSBLCI 184.165
GOA_SABLE 2 2030 SSBUCI 225.272
GOA_SABLE 2 2030 SSBMedian 196.181
GOA_SABLE 2 2030 SSBMean 199.787
GOA_SABLE 2 2031 SSBF100 299.901
GOA_SABLE 2 2031 SSBFabc 119.96
GOA_SABLE 2 2031 SSBFofl 104.965
GOA_SABLE 2 2031 SSBLCI 168.974
GOA_SABLE 2 2031 SSBUCI 221.25
GOA_SABLE 2 2031 SSBMedian 185.208
GOA_SABLE 2 2031 SSBMean 189.583
GOA_SABLE 2 2032 SSBF100 299.901
GOA_SABLE 2 2032 SSBFabc 119.96
GOA_SABLE 2 2032 SSBFofl 104.965
GOA_SABLE 2 2032 SSBLCI 155.306
GOA_SABLE 2 2032 SSBUCI 215.104
GOA_SABLE 2 2032 SSBMedian 175.621
GOA_SABLE 2 2032 SSBMean 179.79
GOA_SABLE 2 2033 SSBF100 299.901
GOA_SABLE 2 2033 SSBFabc 119.96
GOA_SABLE 2 2033 SSBFofl 104.965
GOA_SABLE 2 2033 SSBLCI 143.736
GOA_SABLE 2 2033 SSBUCI 208.892
GOA_SABLE 2 2033 SSBMedian 167.346
GOA_SABLE 2 2033 SSBMean 170.874
GOA_SABLE 2 2034 SSBF100 299.901
GOA_SABLE 2 2034 SSBFabc 119.96
GOA_SABLE 2 2034 SSBFofl 104.965
GOA_SABLE 2 2034 SSBLCI 133.821
GOA_SABLE 2 2034 SSBUCI 204.067
GOA_SABLE 2 2034 SSBMedian 159.493
GOA_SABLE 2 2034 SSBMean 163.029
GOA_SABLE 2 2035 SSBF100 299.901
GOA_SABLE 2 2035 SSBFabc 119.96
GOA_SABLE 2 2035 SSBFofl 104.965
GOA_SABLE 2 2035 SSBLCI 124.78
GOA_SABLE 2 2035 SSBUCI 197.776
GOA_SABLE 2 2035 SSBMedian 152.862
GOA_SABLE 2 2035 SSBMean 156.28
GOA_SABLE 2 2036 SSBF100 299.901
GOA_SABLE 2 2036 SSBFabc 119.96
GOA_SABLE 2 2036 SSBFofl 104.965
GOA_SABLE 2 2036 SSBLCI 118.098
GOA_SABLE 2 2036 SSBUCI 194.935
GOA_SABLE 2 2036 SSBMedian 147.397
GOA_SABLE 2 2036 SSBMean 150.553
GOA_SABLE 2 2023 F0 0 
GOA_SABLE 2 2023 Fabc 0.0860583
GOA_SABLE 2 2023 Fofl 0.101302
GOA_SABLE 2 2023  F_LCI 0.0506596
GOA_SABLE 2 2023  F_UCI 0.0506596
GOA_SABLE 2 2023  F_Median 0.0506596
GOA_SABLE 2 2023  F_Mean 0.0506596
GOA_SABLE 2 2024 F0 0 
GOA_SABLE 2 2024 Fabc 0.0860583
GOA_SABLE 2 2024 Fofl 0.101302
GOA_SABLE 2 2024  F_LCI 0.0860583
GOA_SABLE 2 2024  F_UCI 0.0860583
GOA_SABLE 2 2024  F_Median 0.0860583
GOA_SABLE 2 2024  F_Mean 0.0860583
GOA_SABLE 2 2025 F0 0 
GOA_SABLE 2 2025 Fabc 0.0860583
GOA_SABLE 2 2025 Fofl 0.101302
GOA_SABLE 2 2025  F_LCI 0.0860583
GOA_SABLE 2 2025  F_UCI 0.0860583
GOA_SABLE 2 2025  F_Median 0.0860583
GOA_SABLE 2 2025  F_Mean 0.0860583
GOA_SABLE 2 2026 F0 0 
GOA_SABLE 2 2026 Fabc 0.0860583
GOA_SABLE 2 2026 Fofl 0.101302
GOA_SABLE 2 2026  F_LCI 0.0860583
GOA_SABLE 2 2026  F_UCI 0.0860583
GOA_SABLE 2 2026  F_Median 0.0860583
GOA_SABLE 2 2026  F_Mean 0.0860583
GOA_SABLE 2 2027 F0 0 
GOA_SABLE 2 2027 Fabc 0.0860583
GOA_SABLE 2 2027 Fofl 0.101302
GOA_SABLE 2 2027  F_LCI 0.0860583
GOA_SABLE 2 2027  F_UCI 0.0860583
GOA_SABLE 2 2027  F_Median 0.0860583
GOA_SABLE 2 2027  F_Mean 0.0860583
GOA_SABLE 2 2028 F0 0 
GOA_SABLE 2 2028 Fabc 0.0860583
GOA_SABLE 2 2028 Fofl 0.101302
GOA_SABLE 2 2028  F_LCI 0.0860583
GOA_SABLE 2 2028  F_UCI 0.0860583
GOA_SABLE 2 2028  F_Median 0.0860583
GOA_SABLE 2 2028  F_Mean 0.0860583
GOA_SABLE 2 2029 F0 0 
GOA_SABLE 2 2029 Fabc 0.0860583
GOA_SABLE 2 2029 Fofl 0.101302
GOA_SABLE 2 2029  F_LCI 0.0860583
GOA_SABLE 2 2029  F_UCI 0.0860583
GOA_SABLE 2 2029  F_Median 0.0860583
GOA_SABLE 2 2029  F_Mean 0.0860583
GOA_SABLE 2 2030 F0 0 
GOA_SABLE 2 2030 Fabc 0.0860583
GOA_SABLE 2 2030 Fofl 0.101302
GOA_SABLE 2 2030  F_LCI 0.0860583
GOA_SABLE 2 2030  F_UCI 0.0860583
GOA_SABLE 2 2030  F_Median 0.0860583
GOA_SABLE 2 2030  F_Mean 0.0860583
GOA_SABLE 2 2031 F0 0 
GOA_SABLE 2 2031 Fabc 0.0860583
GOA_SABLE 2 2031 Fofl 0.101302
GOA_SABLE 2 2031  F_LCI 0.0860583
GOA_SABLE 2 2031  F_UCI 0.0860583
GOA_SABLE 2 2031  F_Median 0.0860583
GOA_SABLE 2 2031  F_Mean 0.0860583
GOA_SABLE 2 2032 F0 0 
GOA_SABLE 2 2032 Fabc 0.0860583
GOA_SABLE 2 2032 Fofl 0.101302
GOA_SABLE 2 2032  F_LCI 0.0860583
GOA_SABLE 2 2032  F_UCI 0.0860583
GOA_SABLE 2 2032  F_Median 0.0860583
GOA_SABLE 2 2032  F_Mean 0.0860583
GOA_SABLE 2 2033 F0 0 
GOA_SABLE 2 2033 Fabc 0.0860583
GOA_SABLE 2 2033 Fofl 0.101302
GOA_SABLE 2 2033  F_LCI 0.0860583
GOA_SABLE 2 2033  F_UCI 0.0860583
GOA_SABLE 2 2033  F_Median 0.0860583
GOA_SABLE 2 2033  F_Mean 0.0860583
GOA_SABLE 2 2034 F0 0 
GOA_SABLE 2 2034 Fabc 0.0860583
GOA_SABLE 2 2034 Fofl 0.101302
GOA_SABLE 2 2034  F_LCI 0.0860583
GOA_SABLE 2 2034  F_UCI 0.0860583
GOA_SABLE 2 2034  F_Median 0.0860583
GOA_SABLE 2 2034  F_Mean 0.0860572
GOA_SABLE 2 2035 F0 0 
GOA_SABLE 2 2035 Fabc 0.0860583
GOA_SABLE 2 2035 Fofl 0.101302
GOA_SABLE 2 2035  F_LCI 0.0860583
GOA_SABLE 2 2035  F_UCI 0.0860583
GOA_SABLE 2 2035  F_Median 0.0860583
GOA_SABLE 2 2035  F_Mean 0.0859955
GOA_SABLE 2 2036 F0 0 
GOA_SABLE 2 2036 Fabc 0.0860583
GOA_SABLE 2 2036 Fofl 0.101302
GOA_SABLE 2 2036  F_LCI 0.084652
GOA_SABLE 2 2036  F_UCI 0.0860583
GOA_SABLE 2 2036  F_Median 0.0860583
GOA_SABLE 2 2036  F_Mean 0.0857897
GOA_SABLE 3 2023 Cabc 24.2176
GOA_SABLE 3 2023 Cofl 25.8934
GOA_SABLE 3 2023 CLCI 27.16
GOA_SABLE 3 2023 CUCI 27.16
GOA_SABLE 3 2023 CMedian 27.16
GOA_SABLE 3 2023 CMean 27.16
GOA_SABLE 3 2024 Cabc 24.2176
GOA_SABLE 3 2024 Cofl 25.8934
GOA_SABLE 3 2024 CLCI 23.9326
GOA_SABLE 3 2024 CUCI 24.6107
GOA_SABLE 3 2024 CMedian 24.0567
GOA_SABLE 3 2024 CMean 24.1377
GOA_SABLE 3 2025 Cabc 24.2176
GOA_SABLE 3 2025 Cofl 25.8934
GOA_SABLE 3 2025 CLCI 23.8636
GOA_SABLE 3 2025 CUCI 25.7962
GOA_SABLE 3 2025 CMedian 24.3657
GOA_SABLE 3 2025 CMean 24.5347
GOA_SABLE 3 2026 Cabc 24.2176
GOA_SABLE 3 2026 Cofl 25.8934
GOA_SABLE 3 2026 CLCI 23.1087
GOA_SABLE 3 2026 CUCI 26.6716
GOA_SABLE 3 2026 CMedian 24.1512
GOA_SABLE 3 2026 CMean 24.4359
GOA_SABLE 3 2027 Cabc 24.2176
GOA_SABLE 3 2027 Cofl 25.8934
GOA_SABLE 3 2027 CLCI 22.1659
GOA_SABLE 3 2027 CUCI 26.8669
GOA_SABLE 3 2027 CMedian 23.6747
GOA_SABLE 3 2027 CMean 24.0256
GOA_SABLE 3 2028 Cabc 24.2176
GOA_SABLE 3 2028 Cofl 25.8934
GOA_SABLE 3 2028 CLCI 20.9793
GOA_SABLE 3 2028 CUCI 27.2308
GOA_SABLE 3 2028 CMedian 22.9022
GOA_SABLE 3 2028 CMean 23.4382
GOA_SABLE 3 2029 Cabc 24.2176
GOA_SABLE 3 2029 Cofl 25.8934
GOA_SABLE 3 2029 CLCI 19.7854
GOA_SABLE 3 2029 CUCI 27.1253
GOA_SABLE 3 2029 CMedian 22.2248
GOA_SABLE 3 2029 CMean 22.7644
GOA_SABLE 3 2030 Cabc 24.2176
GOA_SABLE 3 2030 Cofl 25.8934
GOA_SABLE 3 2030 CLCI 18.6695
GOA_SABLE 3 2030 CUCI 26.9389
GOA_SABLE 3 2030 CMedian 21.568
GOA_SABLE 3 2030 CMean 22.0656
GOA_SABLE 3 2031 Cabc 24.2176
GOA_SABLE 3 2031 Cofl 25.8934
GOA_SABLE 3 2031 CLCI 17.6858
GOA_SABLE 3 2031 CUCI 26.4636
GOA_SABLE 3 2031 CMedian 20.8994
GOA_SABLE 3 2031 CMean 21.4066
GOA_SABLE 3 2032 Cabc 24.2176
GOA_SABLE 3 2032 Cofl 25.8934
GOA_SABLE 3 2032 CLCI 16.8113
GOA_SABLE 3 2032 CUCI 26.1905
GOA_SABLE 3 2032 CMedian 20.3869
GOA_SABLE 3 2032 CMean 20.8165
GOA_SABLE 3 2033 Cabc 24.2176
GOA_SABLE 3 2033 Cofl 25.8934
GOA_SABLE 3 2033 CLCI 16.0619
GOA_SABLE 3 2033 CUCI 26.1031
GOA_SABLE 3 2033 CMedian 19.7846
GOA_SABLE 3 2033 CMean 20.2831
GOA_SABLE 3 2034 Cabc 24.2176
GOA_SABLE 3 2034 Cofl 25.8934
GOA_SABLE 3 2034 CLCI 15.465
GOA_SABLE 3 2034 CUCI 25.6023
GOA_SABLE 3 2034 CMedian 19.2452
GOA_SABLE 3 2034 CMean 19.7959
GOA_SABLE 3 2035 Cabc 24.2176
GOA_SABLE 3 2035 Cofl 25.8934
GOA_SABLE 3 2035 CLCI 14.7937
GOA_SABLE 3 2035 CUCI 25.255
GOA_SABLE 3 2035 CMedian 18.6887
GOA_SABLE 3 2035 CMean 19.3547
GOA_SABLE 3 2036 Cabc 24.2176
GOA_SABLE 3 2036 Cofl 25.8934
GOA_SABLE 3 2036 CLCI 14.3832
GOA_SABLE 3 2036 CUCI 25.1921
GOA_SABLE 3 2036 CMedian 18.2936
GOA_SABLE 3 2036 CMean 18.9693
GOA_SABLE 3 2023 SSBF100 299.901
GOA_SABLE 3 2023 SSBFabc 119.96
GOA_SABLE 3 2023 SSBFofl 104.965
GOA_SABLE 3 2023 SSBLCI 156.651
GOA_SABLE 3 2023 SSBUCI 156.651
GOA_SABLE 3 2023 SSBMedian 156.651
GOA_SABLE 3 2023 SSBMean 156.651
GOA_SABLE 3 2024 SSBF100 299.901
GOA_SABLE 3 2024 SSBFabc 119.96
GOA_SABLE 3 2024 SSBFofl 104.965
GOA_SABLE 3 2024 SSBLCI 184.806
GOA_SABLE 3 2024 SSBUCI 185.709
GOA_SABLE 3 2024 SSBMedian 184.972
GOA_SABLE 3 2024 SSBMean 185.079
GOA_SABLE 3 2025 SSBF100 299.901
GOA_SABLE 3 2025 SSBFabc 119.96
GOA_SABLE 3 2025 SSBFofl 104.965
GOA_SABLE 3 2025 SSBLCI 211.398
GOA_SABLE 3 2025 SSBUCI 213.761
GOA_SABLE 3 2025 SSBMedian 212.014
GOA_SABLE 3 2025 SSBMean 212.231
GOA_SABLE 3 2026 SSBF100 299.901
GOA_SABLE 3 2026 SSBFabc 119.96
GOA_SABLE 3 2026 SSBFofl 104.965
GOA_SABLE 3 2026 SSBLCI 231.773
GOA_SABLE 3 2026 SSBUCI 237.155
GOA_SABLE 3 2026 SSBMedian 233.275
GOA_SABLE 3 2026 SSBMean 233.714
GOA_SABLE 3 2027 SSBF100 299.901
GOA_SABLE 3 2027 SSBFabc 119.96
GOA_SABLE 3 2027 SSBFofl 104.965
GOA_SABLE 3 2027 SSBLCI 243.869
GOA_SABLE 3 2027 SSBUCI 254.956
GOA_SABLE 3 2027 SSBMedian 247.064
GOA_SABLE 3 2027 SSBMean 247.936
GOA_SABLE 3 2028 SSBF100 299.901
GOA_SABLE 3 2028 SSBFabc 119.96
GOA_SABLE 3 2028 SSBFofl 104.965
GOA_SABLE 3 2028 SSBLCI 247.356
GOA_SABLE 3 2028 SSBUCI 267.319
GOA_SABLE 3 2028 SSBMedian 253.007
GOA_SABLE 3 2028 SSBMean 254.761
GOA_SABLE 3 2029 SSBF100 299.901
GOA_SABLE 3 2029 SSBFabc 119.96
GOA_SABLE 3 2029 SSBFofl 104.965
GOA_SABLE 3 2029 SSBLCI 243.108
GOA_SABLE 3 2029 SSBUCI 275.38
GOA_SABLE 3 2029 SSBMedian 252.626
GOA_SABLE 3 2029 SSBMean 255.525
GOA_SABLE 3 2030 SSBF100 299.901
GOA_SABLE 3 2030 SSBFabc 119.96
GOA_SABLE 3 2030 SSBFofl 104.965
GOA_SABLE 3 2030 SSBLCI 233.929
GOA_SABLE 3 2030 SSBUCI 281.434
GOA_SABLE 3 2030 SSBMedian 248.161
GOA_SABLE 3 2030 SSBMean 252.312
GOA_SABLE 3 2031 SSBF100 299.901
GOA_SABLE 3 2031 SSBFabc 119.96
GOA_SABLE 3 2031 SSBFofl 104.965
GOA_SABLE 3 2031 SSBLCI 222.235
GOA_SABLE 3 2031 SSBUCI 284.659
GOA_SABLE 3 2031 SSBMedian 241.462
GOA_SABLE 3 2031 SSBMean 247
GOA_SABLE 3 2032 SSBF100 299.901
GOA_SABLE 3 2032 SSBFabc 119.96
GOA_SABLE 3 2032 SSBFofl 104.965
GOA_SABLE 3 2032 SSBLCI 210.578
GOA_SABLE 3 2032 SSBUCI 285.946
GOA_SABLE 3 2032 SSBMedian 235.341
GOA_SABLE 3 2032 SSBMean 240.832
GOA_SABLE 3 2033 SSBF100 299.901
GOA_SABLE 3 2033 SSBFabc 119.96
GOA_SABLE 3 2033 SSBFofl 104.965
GOA_SABLE 3 2033 SSBLCI 200.129
GOA_SABLE 3 2033 SSBUCI 282.202
GOA_SABLE 3 2033 SSBMedian 230.272
GOA_SABLE 3 2033 SSBMean 234.523
GOA_SABLE 3 2034 SSBF100 299.901
GOA_SABLE 3 2034 SSBFabc 119.96
GOA_SABLE 3 2034 SSBFofl 104.965
GOA_SABLE 3 2034 SSBLCI 190.342
GOA_SABLE 3 2034 SSBUCI 280.888
GOA_SABLE 3 2034 SSBMedian 223.967
GOA_SABLE 3 2034 SSBMean 228.487
GOA_SABLE 3 2035 SSBF100 299.901
GOA_SABLE 3 2035 SSBFabc 119.96
GOA_SABLE 3 2035 SSBFofl 104.965
GOA_SABLE 3 2035 SSBLCI 181.776
GOA_SABLE 3 2035 SSBUCI 276.296
GOA_SABLE 3 2035 SSBMedian 217.944
GOA_SABLE 3 2035 SSBMean 222.941
GOA_SABLE 3 2036 SSBF100 299.901
GOA_SABLE 3 2036 SSBFabc 119.96
GOA_SABLE 3 2036 SSBFofl 104.965
GOA_SABLE 3 2036 SSBLCI 175.079
GOA_SABLE 3 2036 SSBUCI 274.415
GOA_SABLE 3 2036 SSBMedian 213.83
GOA_SABLE 3 2036 SSBMean 217.962
GOA_SABLE 3 2023 F0 0 
GOA_SABLE 3 2023 Fabc 0.0860583
GOA_SABLE 3 2023 Fofl 0.101302
GOA_SABLE 3 2023  F_LCI 0.0506596
GOA_SABLE 3 2023  F_UCI 0.0506596
GOA_SABLE 3 2023  F_Median 0.0506596
GOA_SABLE 3 2023  F_Mean 0.0506596
GOA_SABLE 3 2024 F0 0 
GOA_SABLE 3 2024 Fabc 0.0860583
GOA_SABLE 3 2024 Fofl 0.101302
GOA_SABLE 3 2024  F_LCI 0.0430291
GOA_SABLE 3 2024  F_UCI 0.0430291
GOA_SABLE 3 2024  F_Median 0.0430291
GOA_SABLE 3 2024  F_Mean 0.0430291
GOA_SABLE 3 2025 F0 0 
GOA_SABLE 3 2025 Fabc 0.0860583
GOA_SABLE 3 2025 Fofl 0.101302
GOA_SABLE 3 2025  F_LCI 0.0430291
GOA_SABLE 3 2025  F_UCI 0.0430291
GOA_SABLE 3 2025  F_Median 0.0430291
GOA_SABLE 3 2025  F_Mean 0.0430291
GOA_SABLE 3 2026 F0 0 
GOA_SABLE 3 2026 Fabc 0.0860583
GOA_SABLE 3 2026 Fofl 0.101302
GOA_SABLE 3 2026  F_LCI 0.0430291
GOA_SABLE 3 2026  F_UCI 0.0430291
GOA_SABLE 3 2026  F_Median 0.0430291
GOA_SABLE 3 2026  F_Mean 0.0430291
GOA_SABLE 3 2027 F0 0 
GOA_SABLE 3 2027 Fabc 0.0860583
GOA_SABLE 3 2027 Fofl 0.101302
GOA_SABLE 3 2027  F_LCI 0.0430291
GOA_SABLE 3 2027  F_UCI 0.0430291
GOA_SABLE 3 2027  F_Median 0.0430291
GOA_SABLE 3 2027  F_Mean 0.0430291
GOA_SABLE 3 2028 F0 0 
GOA_SABLE 3 2028 Fabc 0.0860583
GOA_SABLE 3 2028 Fofl 0.101302
GOA_SABLE 3 2028  F_LCI 0.0430291
GOA_SABLE 3 2028  F_UCI 0.0430291
GOA_SABLE 3 2028  F_Median 0.0430291
GOA_SABLE 3 2028  F_Mean 0.0430291
GOA_SABLE 3 2029 F0 0 
GOA_SABLE 3 2029 Fabc 0.0860583
GOA_SABLE 3 2029 Fofl 0.101302
GOA_SABLE 3 2029  F_LCI 0.0430291
GOA_SABLE 3 2029  F_UCI 0.0430291
GOA_SABLE 3 2029  F_Median 0.0430291
GOA_SABLE 3 2029  F_Mean 0.0430291
GOA_SABLE 3 2030 F0 0 
GOA_SABLE 3 2030 Fabc 0.0860583
GOA_SABLE 3 2030 Fofl 0.101302
GOA_SABLE 3 2030  F_LCI 0.0430291
GOA_SABLE 3 2030  F_UCI 0.0430291
GOA_SABLE 3 2030  F_Median 0.0430291
GOA_SABLE 3 2030  F_Mean 0.0430291
GOA_SABLE 3 2031 F0 0 
GOA_SABLE 3 2031 Fabc 0.0860583
GOA_SABLE 3 2031 Fofl 0.101302
GOA_SABLE 3 2031  F_LCI 0.0430291
GOA_SABLE 3 2031  F_UCI 0.0430291
GOA_SABLE 3 2031  F_Median 0.0430291
GOA_SABLE 3 2031  F_Mean 0.0430291
GOA_SABLE 3 2032 F0 0 
GOA_SABLE 3 2032 Fabc 0.0860583
GOA_SABLE 3 2032 Fofl 0.101302
GOA_SABLE 3 2032  F_LCI 0.0430291
GOA_SABLE 3 2032  F_UCI 0.0430291
GOA_SABLE 3 2032  F_Median 0.0430291
GOA_SABLE 3 2032  F_Mean 0.0430291
GOA_SABLE 3 2033 F0 0 
GOA_SABLE 3 2033 Fabc 0.0860583
GOA_SABLE 3 2033 Fofl 0.101302
GOA_SABLE 3 2033  F_LCI 0.0430291
GOA_SABLE 3 2033  F_UCI 0.0430291
GOA_SABLE 3 2033  F_Median 0.0430291
GOA_SABLE 3 2033  F_Mean 0.0430291
GOA_SABLE 3 2034 F0 0 
GOA_SABLE 3 2034 Fabc 0.0860583
GOA_SABLE 3 2034 Fofl 0.101302
GOA_SABLE 3 2034  F_LCI 0.0430291
GOA_SABLE 3 2034  F_UCI 0.0430291
GOA_SABLE 3 2034  F_Median 0.0430291
GOA_SABLE 3 2034  F_Mean 0.0430291
GOA_SABLE 3 2035 F0 0 
GOA_SABLE 3 2035 Fabc 0.0860583
GOA_SABLE 3 2035 Fofl 0.101302
GOA_SABLE 3 2035  F_LCI 0.0430291
GOA_SABLE 3 2035  F_UCI 0.0430291
GOA_SABLE 3 2035  F_Median 0.0430291
GOA_SABLE 3 2035  F_Mean 0.0430291
GOA_SABLE 3 2036 F0 0 
GOA_SABLE 3 2036 Fabc 0.0860583
GOA_SABLE 3 2036 Fofl 0.101302
GOA_SABLE 3 2036  F_LCI 0.0430291
GOA_SABLE 3 2036  F_UCI 0.0430291
GOA_SABLE 3 2036  F_Median 0.0430291
GOA_SABLE 3 2036  F_Mean 0.0430291
GOA_SABLE 4 2023 Cabc 24.2176
GOA_SABLE 4 2023 Cofl 25.8934
GOA_SABLE 4 2023 CLCI 27.16
GOA_SABLE 4 2023 CUCI 27.16
GOA_SABLE 4 2023 CMedian 27.16
GOA_SABLE 4 2023 CMean 27.16
GOA_SABLE 4 2024 Cabc 24.2176
GOA_SABLE 4 2024 Cofl 25.8934
GOA_SABLE 4 2024 CLCI 30.4019
GOA_SABLE 4 2024 CUCI 31.2668
GOA_SABLE 4 2024 CMedian 30.5602
GOA_SABLE 4 2024 CMean 30.6635
GOA_SABLE 4 2025 Cabc 24.2176
GOA_SABLE 4 2025 Cofl 25.8934
GOA_SABLE 4 2025 CLCI 29.9899
GOA_SABLE 4 2025 CUCI 32.4443
GOA_SABLE 4 2025 CMedian 30.6275
GOA_SABLE 4 2025 CMean 30.8429
GOA_SABLE 4 2026 Cabc 24.2176
GOA_SABLE 4 2026 Cofl 25.8934
GOA_SABLE 4 2026 CLCI 28.7329
GOA_SABLE 4 2026 CUCI 33.2222
GOA_SABLE 4 2026 CMedian 30.0511
GOA_SABLE 4 2026 CMean 30.4117
GOA_SABLE 4 2027 Cabc 24.2176
GOA_SABLE 4 2027 Cofl 25.8934
GOA_SABLE 4 2027 CLCI 27.2823
GOA_SABLE 4 2027 CUCI 33.2058
GOA_SABLE 4 2027 CMedian 29.1803
GOA_SABLE 4 2027 CMean 29.6208
GOA_SABLE 4 2028 Cabc 24.2176
GOA_SABLE 4 2028 Cofl 25.8934
GOA_SABLE 4 2028 CLCI 25.5733
GOA_SABLE 4 2028 CUCI 33.3287
GOA_SABLE 4 2028 CMedian 27.9741
GOA_SABLE 4 2028 CMean 28.6479
GOA_SABLE 4 2029 Cabc 24.2176
GOA_SABLE 4 2029 Cofl 25.8934
GOA_SABLE 4 2029 CLCI 23.9038
GOA_SABLE 4 2029 CUCI 33.0409
GOA_SABLE 4 2029 CMedian 26.934
GOA_SABLE 4 2029 CMean 27.6081
GOA_SABLE 4 2030 Cabc 24.2176
GOA_SABLE 4 2030 Cofl 25.8934
GOA_SABLE 4 2030 CLCI 22.3841
GOA_SABLE 4 2030 CUCI 32.5133
GOA_SABLE 4 2030 CMedian 25.9644
GOA_SABLE 4 2030 CMean 26.5763
GOA_SABLE 4 2031 Cabc 24.2176
GOA_SABLE 4 2031 Cofl 25.8934
GOA_SABLE 4 2031 CLCI 21.0607
GOA_SABLE 4 2031 CUCI 31.9598
GOA_SABLE 4 2031 CMedian 25.042
GOA_SABLE 4 2031 CMean 25.6295
GOA_SABLE 4 2032 Cabc 24.2176
GOA_SABLE 4 2032 Cofl 25.8934
GOA_SABLE 4 2032 CLCI 19.9081
GOA_SABLE 4 2032 CUCI 31.4785
GOA_SABLE 4 2032 CMedian 24.258
GOA_SABLE 4 2032 CMean 24.7988
GOA_SABLE 4 2033 Cabc 24.2176
GOA_SABLE 4 2033 Cofl 25.8934
GOA_SABLE 4 2033 CLCI 18.897
GOA_SABLE 4 2033 CUCI 31.1738
GOA_SABLE 4 2033 CMedian 23.4496
GOA_SABLE 4 2033 CMean 24.0625
GOA_SABLE 4 2034 Cabc 24.2176
GOA_SABLE 4 2034 Cofl 25.8934
GOA_SABLE 4 2034 CLCI 18.1198
GOA_SABLE 4 2034 CUCI 30.4078
GOA_SABLE 4 2034 CMedian 22.6646
GOA_SABLE 4 2034 CMean 23.4023
GOA_SABLE 4 2035 Cabc 24.2176
GOA_SABLE 4 2035 Cofl 25.8934
GOA_SABLE 4 2035 CLCI 17.2975
GOA_SABLE 4 2035 CUCI 29.9951
GOA_SABLE 4 2035 CMedian 21.9624
GOA_SABLE 4 2035 CMean 22.8144
GOA_SABLE 4 2036 Cabc 24.2176
GOA_SABLE 4 2036 Cofl 25.8934
GOA_SABLE 4 2036 CLCI 16.7741
GOA_SABLE 4 2036 CUCI 29.9246
GOA_SABLE 4 2036 CMedian 21.4891
GOA_SABLE 4 2036 CMean 22.3081
GOA_SABLE 4 2023 SSBF100 299.901
GOA_SABLE 4 2023 SSBFabc 119.96
GOA_SABLE 4 2023 SSBFofl 104.965
GOA_SABLE 4 2023 SSBLCI 156.651
GOA_SABLE 4 2023 SSBUCI 156.651
GOA_SABLE 4 2023 SSBMedian 156.651
GOA_SABLE 4 2023 SSBMean 156.651
GOA_SABLE 4 2024 SSBF100 299.901
GOA_SABLE 4 2024 SSBFabc 119.96
GOA_SABLE 4 2024 SSBFofl 104.965
GOA_SABLE 4 2024 SSBLCI 184.806
GOA_SABLE 4 2024 SSBUCI 185.709
GOA_SABLE 4 2024 SSBMedian 184.972
GOA_SABLE 4 2024 SSBMean 185.079
GOA_SABLE 4 2025 SSBF100 299.901
GOA_SABLE 4 2025 SSBFabc 119.96
GOA_SABLE 4 2025 SSBFofl 104.965
GOA_SABLE 4 2025 SSBLCI 208.975
GOA_SABLE 4 2025 SSBUCI 211.333
GOA_SABLE 4 2025 SSBMedian 209.59
GOA_SABLE 4 2025 SSBMean 209.806
GOA_SABLE 4 2026 SSBF100 299.901
GOA_SABLE 4 2026 SSBFabc 119.96
GOA_SABLE 4 2026 SSBFofl 104.965
GOA_SABLE 4 2026 SSBLCI 226.494
GOA_SABLE 4 2026 SSBUCI 231.823
GOA_SABLE 4 2026 SSBMedian 227.992
GOA_SABLE 4 2026 SSBMean 228.42
GOA_SABLE 4 2027 SSBF100 299.901
GOA_SABLE 4 2027 SSBFabc 119.96
GOA_SABLE 4 2027 SSBFofl 104.965
GOA_SABLE 4 2027 SSBLCI 235.604
GOA_SABLE 4 2027 SSBUCI 246.536
GOA_SABLE 4 2027 SSBMedian 238.761
GOA_SABLE 4 2027 SSBMean 239.618
GOA_SABLE 4 2028 SSBF100 299.901
GOA_SABLE 4 2028 SSBFabc 119.96
GOA_SABLE 4 2028 SSBFofl 104.965
GOA_SABLE 4 2028 SSBLCI 236.333
GOA_SABLE 4 2028 SSBUCI 255.687
GOA_SABLE 4 2028 SSBMedian 241.859
GOA_SABLE 4 2028 SSBMean 243.557
GOA_SABLE 4 2029 SSBF100 299.901
GOA_SABLE 4 2029 SSBFabc 119.96
GOA_SABLE 4 2029 SSBFofl 104.965
GOA_SABLE 4 2029 SSBLCI 229.781
GOA_SABLE 4 2029 SSBUCI 260.934
GOA_SABLE 4 2029 SSBMedian 238.874
GOA_SABLE 4 2029 SSBMean 241.784
GOA_SABLE 4 2030 SSBF100 299.901
GOA_SABLE 4 2030 SSBFabc 119.96
GOA_SABLE 4 2030 SSBFofl 104.965
GOA_SABLE 4 2030 SSBLCI 218.926
GOA_SABLE 4 2030 SSBUCI 264.649
GOA_SABLE 4 2030 SSBMedian 232.42
GOA_SABLE 4 2030 SSBMean 236.465
GOA_SABLE 4 2031 SSBF100 299.901
GOA_SABLE 4 2031 SSBFabc 119.96
GOA_SABLE 4 2031 SSBFofl 104.965
GOA_SABLE 4 2031 SSBLCI 205.883
GOA_SABLE 4 2031 SSBUCI 265.379
GOA_SABLE 4 2031 SSBMedian 224.277
GOA_SABLE 4 2031 SSBMean 229.467
GOA_SABLE 4 2032 SSBF100 299.901
GOA_SABLE 4 2032 SSBFabc 119.96
GOA_SABLE 4 2032 SSBFofl 104.965
GOA_SABLE 4 2032 SSBLCI 193.528
GOA_SABLE 4 2032 SSBUCI 263.543
GOA_SABLE 4 2032 SSBMedian 216.976
GOA_SABLE 4 2032 SSBMean 221.98
GOA_SABLE 4 2033 SSBF100 299.901
GOA_SABLE 4 2033 SSBFabc 119.96
GOA_SABLE 4 2033 SSBFofl 104.965
GOA_SABLE 4 2033 SSBLCI 182.672
GOA_SABLE 4 2033 SSBUCI 260.309
GOA_SABLE 4 2033 SSBMedian 210.681
GOA_SABLE 4 2033 SSBMean 214.66
GOA_SABLE 4 2034 SSBF100 299.901
GOA_SABLE 4 2034 SSBFabc 119.96
GOA_SABLE 4 2034 SSBFofl 104.965
GOA_SABLE 4 2034 SSBLCI 172.202
GOA_SABLE 4 2034 SSBUCI 256.228
GOA_SABLE 4 2034 SSBMedian 203.512
GOA_SABLE 4 2034 SSBMean 207.863
GOA_SABLE 4 2035 SSBF100 299.901
GOA_SABLE 4 2035 SSBFabc 119.96
GOA_SABLE 4 2035 SSBFofl 104.965
GOA_SABLE 4 2035 SSBLCI 163.574
GOA_SABLE 4 2035 SSBUCI 251.028
GOA_SABLE 4 2035 SSBMedian 197.382
GOA_SABLE 4 2035 SSBMean 201.754
GOA_SABLE 4 2036 SSBF100 299.901
GOA_SABLE 4 2036 SSBFabc 119.96
GOA_SABLE 4 2036 SSBFofl 104.965
GOA_SABLE 4 2036 SSBLCI 156.797
GOA_SABLE 4 2036 SSBUCI 248.572
GOA_SABLE 4 2036 SSBMedian 192.712
GOA_SABLE 4 2036 SSBMean 196.367
GOA_SABLE 4 2023 F0 0 
GOA_SABLE 4 2023 Fabc 0.0860583
GOA_SABLE 4 2023 Fofl 0.101302
GOA_SABLE 4 2023  F_LCI 0.0506596
GOA_SABLE 4 2023  F_UCI 0.0506596
GOA_SABLE 4 2023  F_Median 0.0506596
GOA_SABLE 4 2023  F_Mean 0.0506596
GOA_SABLE 4 2024 F0 0 
GOA_SABLE 4 2024 Fabc 0.0860583
GOA_SABLE 4 2024 Fofl 0.101302
GOA_SABLE 4 2024  F_LCI 0.0549517
GOA_SABLE 4 2024  F_UCI 0.0549517
GOA_SABLE 4 2024  F_Median 0.0549517
GOA_SABLE 4 2024  F_Mean 0.0549517
GOA_SABLE 4 2025 F0 0 
GOA_SABLE 4 2025 Fabc 0.0860583
GOA_SABLE 4 2025 Fofl 0.101302
GOA_SABLE 4 2025  F_LCI 0.0549517
GOA_SABLE 4 2025  F_UCI 0.0549517
GOA_SABLE 4 2025  F_Median 0.0549517
GOA_SABLE 4 2025  F_Mean 0.0549517
GOA_SABLE 4 2026 F0 0 
GOA_SABLE 4 2026 Fabc 0.0860583
GOA_SABLE 4 2026 Fofl 0.101302
GOA_SABLE 4 2026  F_LCI 0.0549517
GOA_SABLE 4 2026  F_UCI 0.0549517
GOA_SABLE 4 2026  F_Median 0.0549517
GOA_SABLE 4 2026  F_Mean 0.0549517
GOA_SABLE 4 2027 F0 0 
GOA_SABLE 4 2027 Fabc 0.0860583
GOA_SABLE 4 2027 Fofl 0.101302
GOA_SABLE 4 2027  F_LCI 0.0549517
GOA_SABLE 4 2027  F_UCI 0.0549517
GOA_SABLE 4 2027  F_Median 0.0549517
GOA_SABLE 4 2027  F_Mean 0.0549517
GOA_SABLE 4 2028 F0 0 
GOA_SABLE 4 2028 Fabc 0.0860583
GOA_SABLE 4 2028 Fofl 0.101302
GOA_SABLE 4 2028  F_LCI 0.0549517
GOA_SABLE 4 2028  F_UCI 0.0549517
GOA_SABLE 4 2028  F_Median 0.0549517
GOA_SABLE 4 2028  F_Mean 0.0549517
GOA_SABLE 4 2029 F0 0 
GOA_SABLE 4 2029 Fabc 0.0860583
GOA_SABLE 4 2029 Fofl 0.101302
GOA_SABLE 4 2029  F_LCI 0.0549517
GOA_SABLE 4 2029  F_UCI 0.0549517
GOA_SABLE 4 2029  F_Median 0.0549517
GOA_SABLE 4 2029  F_Mean 0.0549517
GOA_SABLE 4 2030 F0 0 
GOA_SABLE 4 2030 Fabc 0.0860583
GOA_SABLE 4 2030 Fofl 0.101302
GOA_SABLE 4 2030  F_LCI 0.0549517
GOA_SABLE 4 2030  F_UCI 0.0549517
GOA_SABLE 4 2030  F_Median 0.0549517
GOA_SABLE 4 2030  F_Mean 0.0549517
GOA_SABLE 4 2031 F0 0 
GOA_SABLE 4 2031 Fabc 0.0860583
GOA_SABLE 4 2031 Fofl 0.101302
GOA_SABLE 4 2031  F_LCI 0.0549517
GOA_SABLE 4 2031  F_UCI 0.0549517
GOA_SABLE 4 2031  F_Median 0.0549517
GOA_SABLE 4 2031  F_Mean 0.0549517
GOA_SABLE 4 2032 F0 0 
GOA_SABLE 4 2032 Fabc 0.0860583
GOA_SABLE 4 2032 Fofl 0.101302
GOA_SABLE 4 2032  F_LCI 0.0549517
GOA_SABLE 4 2032  F_UCI 0.0549517
GOA_SABLE 4 2032  F_Median 0.0549517
GOA_SABLE 4 2032  F_Mean 0.0549517
GOA_SABLE 4 2033 F0 0 
GOA_SABLE 4 2033 Fabc 0.0860583
GOA_SABLE 4 2033 Fofl 0.101302
GOA_SABLE 4 2033  F_LCI 0.0549517
GOA_SABLE 4 2033  F_UCI 0.0549517
GOA_SABLE 4 2033  F_Median 0.0549517
GOA_SABLE 4 2033  F_Mean 0.0549517
GOA_SABLE 4 2034 F0 0 
GOA_SABLE 4 2034 Fabc 0.0860583
GOA_SABLE 4 2034 Fofl 0.101302
GOA_SABLE 4 2034  F_LCI 0.0549517
GOA_SABLE 4 2034  F_UCI 0.0549517
GOA_SABLE 4 2034  F_Median 0.0549517
GOA_SABLE 4 2034  F_Mean 0.0549517
GOA_SABLE 4 2035 F0 0 
GOA_SABLE 4 2035 Fabc 0.0860583
GOA_SABLE 4 2035 Fofl 0.101302
GOA_SABLE 4 2035  F_LCI 0.0549517
GOA_SABLE 4 2035  F_UCI 0.0549517
GOA_SABLE 4 2035  F_Median 0.0549517
GOA_SABLE 4 2035  F_Mean 0.0549517
GOA_SABLE 4 2036 F0 0 
GOA_SABLE 4 2036 Fabc 0.0860583
GOA_SABLE 4 2036 Fofl 0.101302
GOA_SABLE 4 2036  F_LCI 0.0549517
GOA_SABLE 4 2036  F_UCI 0.0549517
GOA_SABLE 4 2036  F_Median 0.0549517
GOA_SABLE 4 2036  F_Mean 0.0549517
GOA_SABLE 5 2023 Cabc 24.2176
GOA_SABLE 5 2023 Cofl 25.8934
GOA_SABLE 5 2023 CLCI 27.16
GOA_SABLE 5 2023 CUCI 27.16
GOA_SABLE 5 2023 CMedian 27.16
GOA_SABLE 5 2023 CMean 27.16
GOA_SABLE 5 2024 Cabc 24.2176
GOA_SABLE 5 2024 Cofl 25.8934
GOA_SABLE 5 2024 CLCI 0
GOA_SABLE 5 2024 CUCI 0
GOA_SABLE 5 2024 CMedian 0
GOA_SABLE 5 2024 CMean 0
GOA_SABLE 5 2025 Cabc 24.2176
GOA_SABLE 5 2025 Cofl 25.8934
GOA_SABLE 5 2025 CLCI 0
GOA_SABLE 5 2025 CUCI 0
GOA_SABLE 5 2025 CMedian 0
GOA_SABLE 5 2025 CMean 0
GOA_SABLE 5 2026 Cabc 24.2176
GOA_SABLE 5 2026 Cofl 25.8934
GOA_SABLE 5 2026 CLCI 0
GOA_SABLE 5 2026 CUCI 0
GOA_SABLE 5 2026 CMedian 0
GOA_SABLE 5 2026 CMean 0
GOA_SABLE 5 2027 Cabc 24.2176
GOA_SABLE 5 2027 Cofl 25.8934
GOA_SABLE 5 2027 CLCI 0
GOA_SABLE 5 2027 CUCI 0
GOA_SABLE 5 2027 CMedian 0
GOA_SABLE 5 2027 CMean 0
GOA_SABLE 5 2028 Cabc 24.2176
GOA_SABLE 5 2028 Cofl 25.8934
GOA_SABLE 5 2028 CLCI 0
GOA_SABLE 5 2028 CUCI 0
GOA_SABLE 5 2028 CMedian 0
GOA_SABLE 5 2028 CMean 0
GOA_SABLE 5 2029 Cabc 24.2176
GOA_SABLE 5 2029 Cofl 25.8934
GOA_SABLE 5 2029 CLCI 0
GOA_SABLE 5 2029 CUCI 0
GOA_SABLE 5 2029 CMedian 0
GOA_SABLE 5 2029 CMean 0
GOA_SABLE 5 2030 Cabc 24.2176
GOA_SABLE 5 2030 Cofl 25.8934
GOA_SABLE 5 2030 CLCI 0
GOA_SABLE 5 2030 CUCI 0
GOA_SABLE 5 2030 CMedian 0
GOA_SABLE 5 2030 CMean 0
GOA_SABLE 5 2031 Cabc 24.2176
GOA_SABLE 5 2031 Cofl 25.8934
GOA_SABLE 5 2031 CLCI 0
GOA_SABLE 5 2031 CUCI 0
GOA_SABLE 5 2031 CMedian 0
GOA_SABLE 5 2031 CMean 0
GOA_SABLE 5 2032 Cabc 24.2176
GOA_SABLE 5 2032 Cofl 25.8934
GOA_SABLE 5 2032 CLCI 0
GOA_SABLE 5 2032 CUCI 0
GOA_SABLE 5 2032 CMedian 0
GOA_SABLE 5 2032 CMean 0
GOA_SABLE 5 2033 Cabc 24.2176
GOA_SABLE 5 2033 Cofl 25.8934
GOA_SABLE 5 2033 CLCI 0
GOA_SABLE 5 2033 CUCI 0
GOA_SABLE 5 2033 CMedian 0
GOA_SABLE 5 2033 CMean 0
GOA_SABLE 5 2034 Cabc 24.2176
GOA_SABLE 5 2034 Cofl 25.8934
GOA_SABLE 5 2034 CLCI 0
GOA_SABLE 5 2034 CUCI 0
GOA_SABLE 5 2034 CMedian 0
GOA_SABLE 5 2034 CMean 0
GOA_SABLE 5 2035 Cabc 24.2176
GOA_SABLE 5 2035 Cofl 25.8934
GOA_SABLE 5 2035 CLCI 0
GOA_SABLE 5 2035 CUCI 0
GOA_SABLE 5 2035 CMedian 0
GOA_SABLE 5 2035 CMean 0
GOA_SABLE 5 2036 Cabc 24.2176
GOA_SABLE 5 2036 Cofl 25.8934
GOA_SABLE 5 2036 CLCI 0
GOA_SABLE 5 2036 CUCI 0
GOA_SABLE 5 2036 CMedian 0
GOA_SABLE 5 2036 CMean 0
GOA_SABLE 5 2023 SSBF100 299.901
GOA_SABLE 5 2023 SSBFabc 119.96
GOA_SABLE 5 2023 SSBFofl 104.965
GOA_SABLE 5 2023 SSBLCI 156.651
GOA_SABLE 5 2023 SSBUCI 156.651
GOA_SABLE 5 2023 SSBMedian 156.651
GOA_SABLE 5 2023 SSBMean 156.651
GOA_SABLE 5 2024 SSBF100 299.901
GOA_SABLE 5 2024 SSBFabc 119.96
GOA_SABLE 5 2024 SSBFofl 104.965
GOA_SABLE 5 2024 SSBLCI 184.806
GOA_SABLE 5 2024 SSBUCI 185.709
GOA_SABLE 5 2024 SSBMedian 184.972
GOA_SABLE 5 2024 SSBMean 185.079
GOA_SABLE 5 2025 SSBF100 299.901
GOA_SABLE 5 2025 SSBFabc 119.96
GOA_SABLE 5 2025 SSBFofl 104.965
GOA_SABLE 5 2025 SSBLCI 220.379
GOA_SABLE 5 2025 SSBUCI 222.764
GOA_SABLE 5 2025 SSBMedian 221
GOA_SABLE 5 2025 SSBMean 221.218
GOA_SABLE 5 2026 SSBF100 299.901
GOA_SABLE 5 2026 SSBFabc 119.96
GOA_SABLE 5 2026 SSBFofl 104.965
GOA_SABLE 5 2026 SSBLCI 251.875
GOA_SABLE 5 2026 SSBUCI 257.453
GOA_SABLE 5 2026 SSBMedian 253.408
GOA_SABLE 5 2026 SSBMean 253.874
GOA_SABLE 5 2027 SSBF100 299.901
GOA_SABLE 5 2027 SSBFabc 119.96
GOA_SABLE 5 2027 SSBFofl 104.965
GOA_SABLE 5 2027 SSBLCI 276.2
GOA_SABLE 5 2027 SSBUCI 287.869
GOA_SABLE 5 2027 SSBMedian 279.519
GOA_SABLE 5 2027 SSBMean 280.471
GOA_SABLE 5 2028 SSBF100 299.901
GOA_SABLE 5 2028 SSBFabc 119.96
GOA_SABLE 5 2028 SSBFofl 104.965
GOA_SABLE 5 2028 SSBLCI 291.525
GOA_SABLE 5 2028 SSBUCI 313.973
GOA_SABLE 5 2028 SSBMedian 297.824
GOA_SABLE 5 2028 SSBMean 299.745
GOA_SABLE 5 2029 SSBF100 299.901
GOA_SABLE 5 2029 SSBFabc 119.96
GOA_SABLE 5 2029 SSBFofl 104.965
GOA_SABLE 5 2029 SSBLCI 298.099
GOA_SABLE 5 2029 SSBUCI 335.627
GOA_SABLE 5 2029 SSBMedian 308.749
GOA_SABLE 5 2029 SSBMean 312.126
GOA_SABLE 5 2030 SSBF100 299.901
GOA_SABLE 5 2030 SSBFabc 119.96
GOA_SABLE 5 2030 SSBFofl 104.965
GOA_SABLE 5 2030 SSBLCI 297.866
GOA_SABLE 5 2030 SSBUCI 353.984
GOA_SABLE 5 2030 SSBMedian 314.355
GOA_SABLE 5 2030 SSBMean 319.224
GOA_SABLE 5 2031 SSBF100 299.901
GOA_SABLE 5 2031 SSBFabc 119.96
GOA_SABLE 5 2031 SSBFofl 104.965
GOA_SABLE 5 2031 SSBLCI 293.109
GOA_SABLE 5 2031 SSBUCI 369.542
GOA_SABLE 5 2031 SSBMedian 316.25
GOA_SABLE 5 2031 SSBMean 322.802
GOA_SABLE 5 2032 SSBF100 299.901
GOA_SABLE 5 2032 SSBFabc 119.96
GOA_SABLE 5 2032 SSBFofl 104.965
GOA_SABLE 5 2032 SSBLCI 286.404
GOA_SABLE 5 2032 SSBUCI 379.628
GOA_SABLE 5 2032 SSBMedian 317.035
GOA_SABLE 5 2032 SSBMean 324.179
GOA_SABLE 5 2033 SSBF100 299.901
GOA_SABLE 5 2033 SSBFabc 119.96
GOA_SABLE 5 2033 SSBFofl 104.965
GOA_SABLE 5 2033 SSBLCI 280.212
GOA_SABLE 5 2033 SSBUCI 385.254
GOA_SABLE 5 2033 SSBMedian 317.143
GOA_SABLE 5 2033 SSBMean 324.211
GOA_SABLE 5 2034 SSBF100 299.901
GOA_SABLE 5 2034 SSBFabc 119.96
GOA_SABLE 5 2034 SSBFofl 104.965
GOA_SABLE 5 2034 SSBLCI 273.98
GOA_SABLE 5 2034 SSBUCI 391.709
GOA_SABLE 5 2034 SSBMedian 317.984
GOA_SABLE 5 2034 SSBMean 323.472
GOA_SABLE 5 2035 SSBF100 299.901
GOA_SABLE 5 2035 SSBFabc 119.96
GOA_SABLE 5 2035 SSBFofl 104.965
GOA_SABLE 5 2035 SSBLCI 268.246
GOA_SABLE 5 2035 SSBUCI 396.582
GOA_SABLE 5 2035 SSBMedian 315.665
GOA_SABLE 5 2035 SSBMean 322.336
GOA_SABLE 5 2036 SSBF100 299.901
GOA_SABLE 5 2036 SSBFabc 119.96
GOA_SABLE 5 2036 SSBFofl 104.965
GOA_SABLE 5 2036 SSBLCI 262.574
GOA_SABLE 5 2036 SSBUCI 396.013
GOA_SABLE 5 2036 SSBMedian 314.978
GOA_SABLE 5 2036 SSBMean 321.029
GOA_SABLE 5 2023 F0 0 
GOA_SABLE 5 2023 Fabc 0.0860583
GOA_SABLE 5 2023 Fofl 0.101302
GOA_SABLE 5 2023  F_LCI 0.0506596
GOA_SABLE 5 2023  F_UCI 0.0506596
GOA_SABLE 5 2023  F_Median 0.0506596
GOA_SABLE 5 2023  F_Mean 0.0506596
GOA_SABLE 5 2024 F0 0 
GOA_SABLE 5 2024 Fabc 0.0860583
GOA_SABLE 5 2024 Fofl 0.101302
GOA_SABLE 5 2024  F_LCI 0
GOA_SABLE 5 2024  F_UCI 0
GOA_SABLE 5 2024  F_Median 0
GOA_SABLE 5 2024  F_Mean 0
GOA_SABLE 5 2025 F0 0 
GOA_SABLE 5 2025 Fabc 0.0860583
GOA_SABLE 5 2025 Fofl 0.101302
GOA_SABLE 5 2025  F_LCI 0
GOA_SABLE 5 2025  F_UCI 0
GOA_SABLE 5 2025  F_Median 0
GOA_SABLE 5 2025  F_Mean 0
GOA_SABLE 5 2026 F0 0 
GOA_SABLE 5 2026 Fabc 0.0860583
GOA_SABLE 5 2026 Fofl 0.101302
GOA_SABLE 5 2026  F_LCI 0
GOA_SABLE 5 2026  F_UCI 0
GOA_SABLE 5 2026  F_Median 0
GOA_SABLE 5 2026  F_Mean 0
GOA_SABLE 5 2027 F0 0 
GOA_SABLE 5 2027 Fabc 0.0860583
GOA_SABLE 5 2027 Fofl 0.101302
GOA_SABLE 5 2027  F_LCI 0
GOA_SABLE 5 2027  F_UCI 0
GOA_SABLE 5 2027  F_Median 0
GOA_SABLE 5 2027  F_Mean 0
GOA_SABLE 5 2028 F0 0 
GOA_SABLE 5 2028 Fabc 0.0860583
GOA_SABLE 5 2028 Fofl 0.101302
GOA_SABLE 5 2028  F_LCI 0
GOA_SABLE 5 2028  F_UCI 0
GOA_SABLE 5 2028  F_Median 0
GOA_SABLE 5 2028  F_Mean 0
GOA_SABLE 5 2029 F0 0 
GOA_SABLE 5 2029 Fabc 0.0860583
GOA_SABLE 5 2029 Fofl 0.101302
GOA_SABLE 5 2029  F_LCI 0
GOA_SABLE 5 2029  F_UCI 0
GOA_SABLE 5 2029  F_Median 0
GOA_SABLE 5 2029  F_Mean 0
GOA_SABLE 5 2030 F0 0 
GOA_SABLE 5 2030 Fabc 0.0860583
GOA_SABLE 5 2030 Fofl 0.101302
GOA_SABLE 5 2030  F_LCI 0
GOA_SABLE 5 2030  F_UCI 0
GOA_SABLE 5 2030  F_Median 0
GOA_SABLE 5 2030  F_Mean 0
GOA_SABLE 5 2031 F0 0 
GOA_SABLE 5 2031 Fabc 0.0860583
GOA_SABLE 5 2031 Fofl 0.101302
GOA_SABLE 5 2031  F_LCI 0
GOA_SABLE 5 2031  F_UCI 0
GOA_SABLE 5 2031  F_Median 0
GOA_SABLE 5 2031  F_Mean 0
GOA_SABLE 5 2032 F0 0 
GOA_SABLE 5 2032 Fabc 0.0860583
GOA_SABLE 5 2032 Fofl 0.101302
GOA_SABLE 5 2032  F_LCI 0
GOA_SABLE 5 2032  F_UCI 0
GOA_SABLE 5 2032  F_Median 0
GOA_SABLE 5 2032  F_Mean 0
GOA_SABLE 5 2033 F0 0 
GOA_SABLE 5 2033 Fabc 0.0860583
GOA_SABLE 5 2033 Fofl 0.101302
GOA_SABLE 5 2033  F_LCI 0
GOA_SABLE 5 2033  F_UCI 0
GOA_SABLE 5 2033  F_Median 0
GOA_SABLE 5 2033  F_Mean 0
GOA_SABLE 5 2034 F0 0 
GOA_SABLE 5 2034 Fabc 0.0860583
GOA_SABLE 5 2034 Fofl 0.101302
GOA_SABLE 5 2034  F_LCI 0
GOA_SABLE 5 2034  F_UCI 0
GOA_SABLE 5 2034  F_Median 0
GOA_SABLE 5 2034  F_Mean 0
GOA_SABLE 5 2035 F0 0 
GOA_SABLE 5 2035 Fabc 0.0860583
GOA_SABLE 5 2035 Fofl 0.101302
GOA_SABLE 5 2035  F_LCI 0
GOA_SABLE 5 2035  F_UCI 0
GOA_SABLE 5 2035  F_Median 0
GOA_SABLE 5 2035  F_Mean 0
GOA_SABLE 5 2036 F0 0 
GOA_SABLE 5 2036 Fabc 0.0860583
GOA_SABLE 5 2036 Fofl 0.101302
GOA_SABLE 5 2036  F_LCI 0
GOA_SABLE 5 2036  F_UCI 0
GOA_SABLE 5 2036  F_Median 0
GOA_SABLE 5 2036  F_Mean 0
GOA_SABLE 6 2023 Cabc 24.2176
GOA_SABLE 6 2023 Cofl 25.8934
GOA_SABLE 6 2023 CLCI 27.16
GOA_SABLE 6 2023 CUCI 27.16
GOA_SABLE 6 2023 CMedian 27.16
GOA_SABLE 6 2023 CMean 27.16
GOA_SABLE 6 2024 Cabc 24.2176
GOA_SABLE 6 2024 Cofl 25.8934
GOA_SABLE 6 2024 CLCI 54.9052
GOA_SABLE 6 2024 CUCI 56.492
GOA_SABLE 6 2024 CMedian 55.1957
GOA_SABLE 6 2024 CMean 55.3852
GOA_SABLE 6 2025 Cabc 24.2176
GOA_SABLE 6 2025 Cofl 25.8934
GOA_SABLE 6 2025 CLCI 51.9458
GOA_SABLE 6 2025 CUCI 56.3736
GOA_SABLE 6 2025 CMedian 53.0951
GOA_SABLE 6 2025 CMean 53.4894
GOA_SABLE 6 2026 Cabc 24.2176
GOA_SABLE 6 2026 Cofl 25.8934
GOA_SABLE 6 2026 CLCI 47.7526
GOA_SABLE 6 2026 CUCI 55.6073
GOA_SABLE 6 2026 CMedian 50.123
GOA_SABLE 6 2026 CMean 50.735
GOA_SABLE 6 2027 Cabc 24.2176
GOA_SABLE 6 2027 Cofl 25.8934
GOA_SABLE 6 2027 CLCI 43.603
GOA_SABLE 6 2027 CUCI 53.8131
GOA_SABLE 6 2027 CMedian 46.9076
GOA_SABLE 6 2027 CMean 47.6655
GOA_SABLE 6 2028 Cabc 24.2176
GOA_SABLE 6 2028 Cofl 25.8934
GOA_SABLE 6 2028 CLCI 39.4119
GOA_SABLE 6 2028 CUCI 52.5078
GOA_SABLE 6 2028 CMedian 43.4507
GOA_SABLE 6 2028 CMean 44.6181
GOA_SABLE 6 2029 Cabc 24.2176
GOA_SABLE 6 2029 Cofl 25.8934
GOA_SABLE 6 2029 CLCI 35.6045
GOA_SABLE 6 2029 CUCI 50.5833
GOA_SABLE 6 2029 CMedian 40.722
GOA_SABLE 6 2029 CMean 41.7718
GOA_SABLE 6 2030 Cabc 24.2176
GOA_SABLE 6 2030 Cofl 25.8934
GOA_SABLE 6 2030 CLCI 32.3283
GOA_SABLE 6 2030 CUCI 48.6242
GOA_SABLE 6 2030 CMedian 38.3317
GOA_SABLE 6 2030 CMean 39.2162
GOA_SABLE 6 2031 Cabc 24.2176
GOA_SABLE 6 2031 Cofl 25.8934
GOA_SABLE 6 2031 CLCI 29.7476
GOA_SABLE 6 2031 CUCI 47.163
GOA_SABLE 6 2031 CMedian 36.1391
GOA_SABLE 6 2031 CMean 37.0397
GOA_SABLE 6 2032 Cabc 24.2176
GOA_SABLE 6 2032 Cofl 25.8934
GOA_SABLE 6 2032 CLCI 27.5299
GOA_SABLE 6 2032 CUCI 45.3987
GOA_SABLE 6 2032 CMedian 34.4226
GOA_SABLE 6 2032 CMean 35.2455
GOA_SABLE 6 2033 Cabc 24.2176
GOA_SABLE 6 2033 Cofl 25.8934
GOA_SABLE 6 2033 CLCI 25.81
GOA_SABLE 6 2033 CUCI 44.8814
GOA_SABLE 6 2033 CMedian 33.0079
GOA_SABLE 6 2033 CMean 33.7456
GOA_SABLE 6 2034 Cabc 24.2176
GOA_SABLE 6 2034 Cofl 25.8934
GOA_SABLE 6 2034 CLCI 23.9084
GOA_SABLE 6 2034 CUCI 43.6679
GOA_SABLE 6 2034 CMedian 31.2951
GOA_SABLE 6 2034 CMean 32.4091
GOA_SABLE 6 2035 Cabc 24.2176
GOA_SABLE 6 2035 Cofl 25.8934
GOA_SABLE 6 2035 CLCI 21.51
GOA_SABLE 6 2035 CUCI 42.4693
GOA_SABLE 6 2035 CMedian 29.823
GOA_SABLE 6 2035 CMean 31.1105
GOA_SABLE 6 2036 Cabc 24.2176
GOA_SABLE 6 2036 Cofl 25.8934
GOA_SABLE 6 2036 CLCI 19.7683
GOA_SABLE 6 2036 CUCI 42.6757
GOA_SABLE 6 2036 CMedian 29.0138
GOA_SABLE 6 2036 CMean 29.9553
GOA_SABLE 6 2023 SSBF100 299.901
GOA_SABLE 6 2023 SSBFabc 119.96
GOA_SABLE 6 2023 SSBFofl 104.965
GOA_SABLE 6 2023 SSBLCI 156.651
GOA_SABLE 6 2023 SSBUCI 156.651
GOA_SABLE 6 2023 SSBMedian 156.651
GOA_SABLE 6 2023 SSBMean 156.651
GOA_SABLE 6 2024 SSBF100 299.901
GOA_SABLE 6 2024 SSBFabc 119.96
GOA_SABLE 6 2024 SSBFofl 104.965
GOA_SABLE 6 2024 SSBLCI 184.806
GOA_SABLE 6 2024 SSBUCI 185.709
GOA_SABLE 6 2024 SSBMedian 184.972
GOA_SABLE 6 2024 SSBMean 185.079
GOA_SABLE 6 2025 SSBF100 299.901
GOA_SABLE 6 2025 SSBFabc 119.96
GOA_SABLE 6 2025 SSBFofl 104.965
GOA_SABLE 6 2025 SSBLCI 199.818
GOA_SABLE 6 2025 SSBUCI 202.153
GOA_SABLE 6 2025 SSBMedian 200.429
GOA_SABLE 6 2025 SSBMean 200.643
GOA_SABLE 6 2026 SSBF100 299.901
GOA_SABLE 6 2026 SSBFabc 119.96
GOA_SABLE 6 2026 SSBFofl 104.965
GOA_SABLE 6 2026 SSBLCI 207.091
GOA_SABLE 6 2026 SSBUCI 212.223
GOA_SABLE 6 2026 SSBMedian 208.547
GOA_SABLE 6 2026 SSBMean 208.963
GOA_SABLE 6 2027 SSBF100 299.901
GOA_SABLE 6 2027 SSBFabc 119.96
GOA_SABLE 6 2027 SSBFofl 104.965
GOA_SABLE 6 2027 SSBLCI 206.085
GOA_SABLE 6 2027 SSBUCI 216.269
GOA_SABLE 6 2027 SSBMedian 209.069
GOA_SABLE 6 2027 SSBMean 209.876
GOA_SABLE 6 2028 SSBF100 299.901
GOA_SABLE 6 2028 SSBFabc 119.96
GOA_SABLE 6 2028 SSBFofl 104.965
GOA_SABLE 6 2028 SSBLCI 198.066
GOA_SABLE 6 2028 SSBUCI 215.486
GOA_SABLE 6 2028 SSBMedian 203.076
GOA_SABLE 6 2028 SSBMean 204.562
GOA_SABLE 6 2029 SSBF100 299.901
GOA_SABLE 6 2029 SSBFabc 119.96
GOA_SABLE 6 2029 SSBFofl 104.965
GOA_SABLE 6 2029 SSBLCI 184.616
GOA_SABLE 6 2029 SSBUCI 211.654
GOA_SABLE 6 2029 SSBMedian 192.608
GOA_SABLE 6 2029 SSBMean 195.179
GOA_SABLE 6 2030 SSBF100 299.901
GOA_SABLE 6 2030 SSBFabc 119.96
GOA_SABLE 6 2030 SSBFofl 104.965
GOA_SABLE 6 2030 SSBLCI 169.134
GOA_SABLE 6 2030 SSBUCI 208.263
GOA_SABLE 6 2030 SSBMedian 180.632
GOA_SABLE 6 2030 SSBMean 184.019
GOA_SABLE 6 2031 SSBF100 299.901
GOA_SABLE 6 2031 SSBFabc 119.96
GOA_SABLE 6 2031 SSBFofl 104.965
GOA_SABLE 6 2031 SSBLCI 153.52
GOA_SABLE 6 2031 SSBUCI 202.12
GOA_SABLE 6 2031 SSBMedian 168.639
GOA_SABLE 6 2031 SSBMean 172.764
GOA_SABLE 6 2032 SSBF100 299.901
GOA_SABLE 6 2032 SSBFabc 119.96
GOA_SABLE 6 2032 SSBFofl 104.965
GOA_SABLE 6 2032 SSBLCI 139.549
GOA_SABLE 6 2032 SSBUCI 194.027
GOA_SABLE 6 2032 SSBMedian 158.422
GOA_SABLE 6 2032 SSBMean 162.314
GOA_SABLE 6 2033 SSBF100 299.901
GOA_SABLE 6 2033 SSBFabc 119.96
GOA_SABLE 6 2033 SSBFofl 104.965
GOA_SABLE 6 2033 SSBLCI 127.874
GOA_SABLE 6 2033 SSBUCI 187.502
GOA_SABLE 6 2033 SSBMedian 150.198
GOA_SABLE 6 2033 SSBMean 153.037
GOA_SABLE 6 2034 SSBF100 299.901
GOA_SABLE 6 2034 SSBFabc 119.96
GOA_SABLE 6 2034 SSBFofl 104.965
GOA_SABLE 6 2034 SSBLCI 117.856
GOA_SABLE 6 2034 SSBUCI 182.54
GOA_SABLE 6 2034 SSBMedian 141.64
GOA_SABLE 6 2034 SSBMean 145.043
GOA_SABLE 6 2035 SSBF100 299.901
GOA_SABLE 6 2035 SSBFabc 119.96
GOA_SABLE 6 2035 SSBFofl 104.965
GOA_SABLE 6 2035 SSBLCI 109.92
GOA_SABLE 6 2035 SSBUCI 176.422
GOA_SABLE 6 2035 SSBMedian 135.278
GOA_SABLE 6 2035 SSBMean 138.318
GOA_SABLE 6 2036 SSBF100 299.901
GOA_SABLE 6 2036 SSBFabc 119.96
GOA_SABLE 6 2036 SSBFofl 104.965
GOA_SABLE 6 2036 SSBLCI 104.161
GOA_SABLE 6 2036 SSBUCI 173.023
GOA_SABLE 6 2036 SSBMedian 129.569
GOA_SABLE 6 2036 SSBMean 132.794
GOA_SABLE 6 2023 F0 0 
GOA_SABLE 6 2023 Fabc 0.0860583
GOA_SABLE 6 2023 Fofl 0.101302
GOA_SABLE 6 2023  F_LCI 0.0506596
GOA_SABLE 6 2023  F_UCI 0.0506596
GOA_SABLE 6 2023  F_Median 0.0506596
GOA_SABLE 6 2023  F_Mean 0.0506596
GOA_SABLE 6 2024 F0 0 
GOA_SABLE 6 2024 Fabc 0.0860583
GOA_SABLE 6 2024 Fofl 0.101302
GOA_SABLE 6 2024  F_LCI 0.101302
GOA_SABLE 6 2024  F_UCI 0.101302
GOA_SABLE 6 2024  F_Median 0.101302
GOA_SABLE 6 2024  F_Mean 0.101302
GOA_SABLE 6 2025 F0 0 
GOA_SABLE 6 2025 Fabc 0.0860583
GOA_SABLE 6 2025 Fofl 0.101302
GOA_SABLE 6 2025  F_LCI 0.101302
GOA_SABLE 6 2025  F_UCI 0.101302
GOA_SABLE 6 2025  F_Median 0.101302
GOA_SABLE 6 2025  F_Mean 0.101302
GOA_SABLE 6 2026 F0 0 
GOA_SABLE 6 2026 Fabc 0.0860583
GOA_SABLE 6 2026 Fofl 0.101302
GOA_SABLE 6 2026  F_LCI 0.101302
GOA_SABLE 6 2026  F_UCI 0.101302
GOA_SABLE 6 2026  F_Median 0.101302
GOA_SABLE 6 2026  F_Mean 0.101302
GOA_SABLE 6 2027 F0 0 
GOA_SABLE 6 2027 Fabc 0.0860583
GOA_SABLE 6 2027 Fofl 0.101302
GOA_SABLE 6 2027  F_LCI 0.101302
GOA_SABLE 6 2027  F_UCI 0.101302
GOA_SABLE 6 2027  F_Median 0.101302
GOA_SABLE 6 2027  F_Mean 0.101302
GOA_SABLE 6 2028 F0 0 
GOA_SABLE 6 2028 Fabc 0.0860583
GOA_SABLE 6 2028 Fofl 0.101302
GOA_SABLE 6 2028  F_LCI 0.101302
GOA_SABLE 6 2028  F_UCI 0.101302
GOA_SABLE 6 2028  F_Median 0.101302
GOA_SABLE 6 2028  F_Mean 0.101302
GOA_SABLE 6 2029 F0 0 
GOA_SABLE 6 2029 Fabc 0.0860583
GOA_SABLE 6 2029 Fofl 0.101302
GOA_SABLE 6 2029  F_LCI 0.101302
GOA_SABLE 6 2029  F_UCI 0.101302
GOA_SABLE 6 2029  F_Median 0.101302
GOA_SABLE 6 2029  F_Mean 0.101302
GOA_SABLE 6 2030 F0 0 
GOA_SABLE 6 2030 Fabc 0.0860583
GOA_SABLE 6 2030 Fofl 0.101302
GOA_SABLE 6 2030  F_LCI 0.101302
GOA_SABLE 6 2030  F_UCI 0.101302
GOA_SABLE 6 2030  F_Median 0.101302
GOA_SABLE 6 2030  F_Mean 0.101302
GOA_SABLE 6 2031 F0 0 
GOA_SABLE 6 2031 Fabc 0.0860583
GOA_SABLE 6 2031 Fofl 0.101302
GOA_SABLE 6 2031  F_LCI 0.101302
GOA_SABLE 6 2031  F_UCI 0.101302
GOA_SABLE 6 2031  F_Median 0.101302
GOA_SABLE 6 2031  F_Mean 0.101302
GOA_SABLE 6 2032 F0 0 
GOA_SABLE 6 2032 Fabc 0.0860583
GOA_SABLE 6 2032 Fofl 0.101302
GOA_SABLE 6 2032  F_LCI 0.101302
GOA_SABLE 6 2032  F_UCI 0.101302
GOA_SABLE 6 2032  F_Median 0.101302
GOA_SABLE 6 2032  F_Mean 0.101302
GOA_SABLE 6 2033 F0 0 
GOA_SABLE 6 2033 Fabc 0.0860583
GOA_SABLE 6 2033 Fofl 0.101302
GOA_SABLE 6 2033  F_LCI 0.101302
GOA_SABLE 6 2033  F_UCI 0.101302
GOA_SABLE 6 2033  F_Median 0.101302
GOA_SABLE 6 2033  F_Mean 0.101295
GOA_SABLE 6 2034 F0 0 
GOA_SABLE 6 2034 Fabc 0.0860583
GOA_SABLE 6 2034 Fofl 0.101302
GOA_SABLE 6 2034  F_LCI 0.0994319
GOA_SABLE 6 2034  F_UCI 0.101302
GOA_SABLE 6 2034  F_Median 0.101302
GOA_SABLE 6 2034  F_Mean 0.101003
GOA_SABLE 6 2035 F0 0 
GOA_SABLE 6 2035 Fabc 0.0860583
GOA_SABLE 6 2035 Fofl 0.101302
GOA_SABLE 6 2035  F_LCI 0.0923777
GOA_SABLE 6 2035  F_UCI 0.101302
GOA_SABLE 6 2035  F_Median 0.101302
GOA_SABLE 6 2035  F_Mean 0.0999981
GOA_SABLE 6 2036 F0 0 
GOA_SABLE 6 2036 Fabc 0.0860583
GOA_SABLE 6 2036 Fofl 0.101302
GOA_SABLE 6 2036  F_LCI 0.0872584
GOA_SABLE 6 2036  F_UCI 0.101302
GOA_SABLE 6 2036  F_Median 0.101302
GOA_SABLE 6 2036  F_Mean 0.0987033
GOA_SABLE 7 2023 Cabc 24.2176
GOA_SABLE 7 2023 Cofl 25.8934
GOA_SABLE 7 2023 CLCI 27.16
GOA_SABLE 7 2023 CUCI 27.16
GOA_SABLE 7 2023 CMedian 27.16
GOA_SABLE 7 2023 CMean 27.16
GOA_SABLE 7 2024 Cabc 24.2176
GOA_SABLE 7 2024 Cofl 25.8934
GOA_SABLE 7 2024 CLCI 46.9585
GOA_SABLE 7 2024 CUCI 48.3086
GOA_SABLE 7 2024 CMedian 47.2056
GOA_SABLE 7 2024 CMean 47.3669
GOA_SABLE 7 2025 Cabc 24.2176
GOA_SABLE 7 2025 Cofl 25.8934
GOA_SABLE 7 2025 CLCI 45.0414
GOA_SABLE 7 2025 CUCI 48.8297
GOA_SABLE 7 2025 CMedian 46.025
GOA_SABLE 7 2025 CMean 46.3607
GOA_SABLE 7 2026 Cabc 24.2176
GOA_SABLE 7 2026 Cofl 25.8934
GOA_SABLE 7 2026 CLCI 49.0637
GOA_SABLE 7 2026 CUCI 57.008
GOA_SABLE 7 2026 CMedian 51.4455
GOA_SABLE 7 2026 CMean 52.0685
GOA_SABLE 7 2027 Cabc 24.2176
GOA_SABLE 7 2027 Cofl 25.8934
GOA_SABLE 7 2027 CLCI 44.7463
GOA_SABLE 7 2027 CUCI 55.0022
GOA_SABLE 7 2027 CMedian 48.0671
GOA_SABLE 7 2027 CMean 48.8325
GOA_SABLE 7 2028 Cabc 24.2176
GOA_SABLE 7 2028 Cofl 25.8934
GOA_SABLE 7 2028 CLCI 40.3801
GOA_SABLE 7 2028 CUCI 53.5831
GOA_SABLE 7 2028 CMedian 44.4563
GOA_SABLE 7 2028 CMean 45.6183
GOA_SABLE 7 2029 Cabc 24.2176
GOA_SABLE 7 2029 Cofl 25.8934
GOA_SABLE 7 2029 CLCI 36.4282
GOA_SABLE 7 2029 CUCI 51.4732
GOA_SABLE 7 2029 CMedian 41.5519
GOA_SABLE 7 2029 CMean 42.6161
GOA_SABLE 7 2030 Cabc 24.2176
GOA_SABLE 7 2030 Cofl 25.8934
GOA_SABLE 7 2030 CLCI 33.0204
GOA_SABLE 7 2030 CUCI 49.3561
GOA_SABLE 7 2030 CMedian 39.0429
GOA_SABLE 7 2030 CMean 39.9211
GOA_SABLE 7 2031 Cabc 24.2176
GOA_SABLE 7 2031 Cofl 25.8934
GOA_SABLE 7 2031 CLCI 30.3213
GOA_SABLE 7 2031 CUCI 47.843
GOA_SABLE 7 2031 CMedian 36.7294
GOA_SABLE 7 2031 CMean 37.6233
GOA_SABLE 7 2032 Cabc 24.2176
GOA_SABLE 7 2032 Cofl 25.8934
GOA_SABLE 7 2032 CLCI 28.0053
GOA_SABLE 7 2032 CUCI 45.9005
GOA_SABLE 7 2032 CMedian 34.9036
GOA_SABLE 7 2032 CMean 35.7259
GOA_SABLE 7 2033 Cabc 24.2176
GOA_SABLE 7 2033 Cofl 25.8934
GOA_SABLE 7 2033 CLCI 26.1957
GOA_SABLE 7 2033 CUCI 45.2882
GOA_SABLE 7 2033 CMedian 33.3908
GOA_SABLE 7 2033 CMean 34.1407
GOA_SABLE 7 2034 Cabc 24.2176
GOA_SABLE 7 2034 Cofl 25.8934
GOA_SABLE 7 2034 CLCI 24.368
GOA_SABLE 7 2034 CUCI 43.9981
GOA_SABLE 7 2034 CMedian 31.6084
GOA_SABLE 7 2034 CMean 32.7625
GOA_SABLE 7 2035 Cabc 24.2176
GOA_SABLE 7 2035 Cofl 25.8934
GOA_SABLE 7 2035 CLCI 22.0691
GOA_SABLE 7 2035 CUCI 42.7258
GOA_SABLE 7 2035 CMedian 30.09
GOA_SABLE 7 2035 CMean 31.4433
GOA_SABLE 7 2036 Cabc 24.2176
GOA_SABLE 7 2036 Cofl 25.8934
GOA_SABLE 7 2036 CLCI 20.1507
GOA_SABLE 7 2036 CUCI 42.8976
GOA_SABLE 7 2036 CMedian 29.2586
GOA_SABLE 7 2036 CMean 30.2505
GOA_SABLE 7 2023 SSBF100 299.901
GOA_SABLE 7 2023 SSBFabc 119.96
GOA_SABLE 7 2023 SSBFofl 104.965
GOA_SABLE 7 2023 SSBLCI 156.651
GOA_SABLE 7 2023 SSBUCI 156.651
GOA_SABLE 7 2023 SSBMedian 156.651
GOA_SABLE 7 2023 SSBMean 156.651
GOA_SABLE 7 2024 SSBF100 299.901
GOA_SABLE 7 2024 SSBFabc 119.96
GOA_SABLE 7 2024 SSBFofl 104.965
GOA_SABLE 7 2024 SSBLCI 184.806
GOA_SABLE 7 2024 SSBUCI 185.709
GOA_SABLE 7 2024 SSBMedian 184.972
GOA_SABLE 7 2024 SSBMean 185.079
GOA_SABLE 7 2025 SSBF100 299.901
GOA_SABLE 7 2025 SSBFabc 119.96
GOA_SABLE 7 2025 SSBFofl 104.965
GOA_SABLE 7 2025 SSBLCI 202.784
GOA_SABLE 7 2025 SSBUCI 205.127
GOA_SABLE 7 2025 SSBMedian 203.396
GOA_SABLE 7 2025 SSBMean 203.611
GOA_SABLE 7 2026 SSBF100 299.901
GOA_SABLE 7 2026 SSBFabc 119.96
GOA_SABLE 7 2026 SSBFofl 104.965
GOA_SABLE 7 2026 SSBLCI 213.283
GOA_SABLE 7 2026 SSBUCI 218.477
GOA_SABLE 7 2026 SSBMedian 214.752
GOA_SABLE 7 2026 SSBMean 215.17
GOA_SABLE 7 2027 SSBF100 299.901
GOA_SABLE 7 2027 SSBFabc 119.96
GOA_SABLE 7 2027 SSBFofl 104.965
GOA_SABLE 7 2027 SSBLCI 212.2
GOA_SABLE 7 2027 SSBUCI 222.504
GOA_SABLE 7 2027 SSBMedian 215.208
GOA_SABLE 7 2027 SSBMean 216.024
GOA_SABLE 7 2028 SSBF100 299.901
GOA_SABLE 7 2028 SSBFabc 119.96
GOA_SABLE 7 2028 SSBFofl 104.965
GOA_SABLE 7 2028 SSBLCI 203.846
GOA_SABLE 7 2028 SSBUCI 221.466
GOA_SABLE 7 2028 SSBMedian 208.892
GOA_SABLE 7 2028 SSBMean 210.397
GOA_SABLE 7 2029 SSBF100 299.901
GOA_SABLE 7 2029 SSBFabc 119.96
GOA_SABLE 7 2029 SSBFofl 104.965
GOA_SABLE 7 2029 SSBLCI 189.871
GOA_SABLE 7 2029 SSBUCI 217.234
GOA_SABLE 7 2029 SSBMedian 197.899
GOA_SABLE 7 2029 SSBMean 200.513
GOA_SABLE 7 2030 SSBF100 299.901
GOA_SABLE 7 2030 SSBFabc 119.96
GOA_SABLE 7 2030 SSBFofl 104.965
GOA_SABLE 7 2030 SSBLCI 173.813
GOA_SABLE 7 2030 SSBUCI 213.158
GOA_SABLE 7 2030 SSBMedian 185.429
GOA_SABLE 7 2030 SSBMean 188.748
GOA_SABLE 7 2031 SSBF100 299.901
GOA_SABLE 7 2031 SSBFabc 119.96
GOA_SABLE 7 2031 SSBFofl 104.965
GOA_SABLE 7 2031 SSBLCI 157.51
GOA_SABLE 7 2031 SSBUCI 206.389
GOA_SABLE 7 2031 SSBMedian 172.713
GOA_SABLE 7 2031 SSBMean 176.858
GOA_SABLE 7 2032 SSBF100 299.901
GOA_SABLE 7 2032 SSBFabc 119.96
GOA_SABLE 7 2032 SSBFofl 104.965
GOA_SABLE 7 2032 SSBLCI 142.974
GOA_SABLE 7 2032 SSBUCI 197.91
GOA_SABLE 7 2032 SSBMedian 161.844
GOA_SABLE 7 2032 SSBMean 165.801
GOA_SABLE 7 2033 SSBF100 299.901
GOA_SABLE 7 2033 SSBFabc 119.96
GOA_SABLE 7 2033 SSBFofl 104.965
GOA_SABLE 7 2033 SSBLCI 130.764
GOA_SABLE 7 2033 SSBUCI 190.703
GOA_SABLE 7 2033 SSBMedian 153.065
GOA_SABLE 7 2033 SSBMean 155.973
GOA_SABLE 7 2034 SSBF100 299.901
GOA_SABLE 7 2034 SSBFabc 119.96
GOA_SABLE 7 2034 SSBFofl 104.965
GOA_SABLE 7 2034 SSBLCI 120.242
GOA_SABLE 7 2034 SSBUCI 185.265
GOA_SABLE 7 2034 SSBMedian 144.082
GOA_SABLE 7 2034 SSBMean 147.498
GOA_SABLE 7 2035 SSBF100 299.901
GOA_SABLE 7 2035 SSBFabc 119.96
GOA_SABLE 7 2035 SSBFofl 104.965
GOA_SABLE 7 2035 SSBLCI 111.726
GOA_SABLE 7 2035 SSBUCI 178.594
GOA_SABLE 7 2035 SSBMedian 137.317
GOA_SABLE 7 2035 SSBMean 140.347
GOA_SABLE 7 2036 SSBF100 299.901
GOA_SABLE 7 2036 SSBFabc 119.96
GOA_SABLE 7 2036 SSBFofl 104.965
GOA_SABLE 7 2036 SSBLCI 105.597
GOA_SABLE 7 2036 SSBUCI 174.674
GOA_SABLE 7 2036 SSBMedian 131.274
GOA_SABLE 7 2036 SSBMean 134.448
GOA_SABLE 7 2023 F0 0 
GOA_SABLE 7 2023 Fabc 0.0860583
GOA_SABLE 7 2023 Fofl 0.101302
GOA_SABLE 7 2023  F_LCI 0.0506596
GOA_SABLE 7 2023  F_UCI 0.0506596
GOA_SABLE 7 2023  F_Median 0.0506596
GOA_SABLE 7 2023  F_Mean 0.0506596
GOA_SABLE 7 2024 F0 0 
GOA_SABLE 7 2024 Fabc 0.0860583
GOA_SABLE 7 2024 Fofl 0.101302
GOA_SABLE 7 2024  F_LCI 0.0860583
GOA_SABLE 7 2024  F_UCI 0.0860583
GOA_SABLE 7 2024  F_Median 0.0860583
GOA_SABLE 7 2024  F_Mean 0.0860583
GOA_SABLE 7 2025 F0 0 
GOA_SABLE 7 2025 Fabc 0.0860583
GOA_SABLE 7 2025 Fofl 0.101302
GOA_SABLE 7 2025  F_LCI 0.0860583
GOA_SABLE 7 2025  F_UCI 0.0860583
GOA_SABLE 7 2025  F_Median 0.0860583
GOA_SABLE 7 2025  F_Mean 0.0860583
GOA_SABLE 7 2026 F0 0 
GOA_SABLE 7 2026 Fabc 0.0860583
GOA_SABLE 7 2026 Fofl 0.101302
GOA_SABLE 7 2026  F_LCI 0.101302
GOA_SABLE 7 2026  F_UCI 0.101302
GOA_SABLE 7 2026  F_Median 0.101302
GOA_SABLE 7 2026  F_Mean 0.101302
GOA_SABLE 7 2027 F0 0 
GOA_SABLE 7 2027 Fabc 0.0860583
GOA_SABLE 7 2027 Fofl 0.101302
GOA_SABLE 7 2027  F_LCI 0.101302
GOA_SABLE 7 2027  F_UCI 0.101302
GOA_SABLE 7 2027  F_Median 0.101302
GOA_SABLE 7 2027  F_Mean 0.101302
GOA_SABLE 7 2028 F0 0 
GOA_SABLE 7 2028 Fabc 0.0860583
GOA_SABLE 7 2028 Fofl 0.101302
GOA_SABLE 7 2028  F_LCI 0.101302
GOA_SABLE 7 2028  F_UCI 0.101302
GOA_SABLE 7 2028  F_Median 0.101302
GOA_SABLE 7 2028  F_Mean 0.101302
GOA_SABLE 7 2029 F0 0 
GOA_SABLE 7 2029 Fabc 0.0860583
GOA_SABLE 7 2029 Fofl 0.101302
GOA_SABLE 7 2029  F_LCI 0.101302
GOA_SABLE 7 2029  F_UCI 0.101302
GOA_SABLE 7 2029  F_Median 0.101302
GOA_SABLE 7 2029  F_Mean 0.101302
GOA_SABLE 7 2030 F0 0 
GOA_SABLE 7 2030 Fabc 0.0860583
GOA_SABLE 7 2030 Fofl 0.101302
GOA_SABLE 7 2030  F_LCI 0.101302
GOA_SABLE 7 2030  F_UCI 0.101302
GOA_SABLE 7 2030  F_Median 0.101302
GOA_SABLE 7 2030  F_Mean 0.101302
GOA_SABLE 7 2031 F0 0 
GOA_SABLE 7 2031 Fabc 0.0860583
GOA_SABLE 7 2031 Fofl 0.101302
GOA_SABLE 7 2031  F_LCI 0.101302
GOA_SABLE 7 2031  F_UCI 0.101302
GOA_SABLE 7 2031  F_Median 0.101302
GOA_SABLE 7 2031  F_Mean 0.101302
GOA_SABLE 7 2032 F0 0 
GOA_SABLE 7 2032 Fabc 0.0860583
GOA_SABLE 7 2032 Fofl 0.101302
GOA_SABLE 7 2032  F_LCI 0.101302
GOA_SABLE 7 2032  F_UCI 0.101302
GOA_SABLE 7 2032  F_Median 0.101302
GOA_SABLE 7 2032  F_Mean 0.101302
GOA_SABLE 7 2033 F0 0 
GOA_SABLE 7 2033 Fabc 0.0860583
GOA_SABLE 7 2033 Fofl 0.101302
GOA_SABLE 7 2033  F_LCI 0.101302
GOA_SABLE 7 2033  F_UCI 0.101302
GOA_SABLE 7 2033  F_Median 0.101302
GOA_SABLE 7 2033  F_Mean 0.101301
GOA_SABLE 7 2034 F0 0 
GOA_SABLE 7 2034 Fabc 0.0860583
GOA_SABLE 7 2034 Fofl 0.101302
GOA_SABLE 7 2034  F_LCI 0.101302
GOA_SABLE 7 2034  F_UCI 0.101302
GOA_SABLE 7 2034  F_Median 0.101302
GOA_SABLE 7 2034  F_Mean 0.10114
GOA_SABLE 7 2035 F0 0 
GOA_SABLE 7 2035 Fabc 0.0860583
GOA_SABLE 7 2035 Fofl 0.101302
GOA_SABLE 7 2035  F_LCI 0.0939827
GOA_SABLE 7 2035  F_UCI 0.101302
GOA_SABLE 7 2035  F_Median 0.101302
GOA_SABLE 7 2035  F_Mean 0.100315
GOA_SABLE 7 2036 F0 0 
GOA_SABLE 7 2036 Fabc 0.0860583
GOA_SABLE 7 2036 Fofl 0.101302
GOA_SABLE 7 2036  F_LCI 0.0885351
GOA_SABLE 7 2036  F_UCI 0.101302
GOA_SABLE 7 2036  F_Median 0.101302
GOA_SABLE 7 2036  F_Mean 0.099094
