Alternative 1 Catch
     Choki 
Equil_Fabc 148.256 
Year 
2022 15 
2023 15 
2024 32.9118 
2025 33.474 
2026 31.77 
2027 30.6019 
2028 30.4347 
2029 29.833 
2030 29.1836 
2031 28.632 
2032 28.2232 
2033 27.9224 
2034 27.7009 
2035 27.4469 

Alternative 1 ABCs
     Choki 

Year 
2022 22.1356 
2023 26.4363 
2024 32.9118 
2025 33.474 
2026 31.77 
2027 30.6019 
2028 30.4347 
2029 29.833 
2030 29.1836 
2031 28.632 
2032 28.2232 
2033 27.9224 
2034 27.7009 
2035 27.4469 

Alternative 1 TACs
     Choki 

Year 
2022  NA 
2023  NA 
2024 32.9118 
2025 33.474 
2026 31.77 
2027 30.6019 
2028 30.4347 
2029 29.833 
2030 29.1836 
2031 28.632 
2032 28.2232 
2033 27.9224 
2034 27.7009 
2035 27.4469 

Alternative 1 Sp_Biomass
     Choki 
Equil_Fabc 242.216 
Year 
2022 102.032 
2023 111.062 
2024 120.275 
2025 122.518 
2026 120.811 
2027 118.598 
2028 117.901 
2029 116.45 
2030 115.04 
2031 113.891 
2032 113.079 
2033 112.446 
2034 111.966 
2035 111.458 

Alternative 1 Fishing Mortality
     Choki 
Equil_Fabc 0.214444 
Year 
2022 0.0551876 
2023 0.0502236 
2024 0.100775 
2025 0.102863 
2026 0.101273 
2027 0.0992118 
2028 0.0985627 
2029 0.0972116 
2030 0.0958982 
2031 0.0948272 
2032 0.0940709 
2033 0.093482 
2034 0.0930343 
2035 0.092561 

Alternative 1 Biomass
     Choki 

Year 
2022 477.615 
2023 517.732 
2024 534.703 
2025 519.501 
2026 508.216 
2027 504.693 
2028 504.758 
2029 500.299 
2030 494.899 
2031 489.844 
2032 486.509 
2033 483.466 
2034 481.857 
2035 479.706 

Alternative 1 Implied SPR rate 
     Choki 
Equil_Fabc 0.4 
Year 
2022 0.756628 
2023 0.774705 
2024 0.61648 
2025 0.611041 
2026 0.615313 
2027 0.620967 
2028 0.622861 
2029 0.626648 
2030 0.630383 
2031 0.633447 
2032 0.635628 
2033 0.637348 
2034 0.638683 
2035 0.640035 

  Choki 
EquilAvgAgeF0  3.36103 
EquilAvgAgeFabc  2.66214 
AvgAgeYr2035 45.5336 
Alternative 2 Catch
     Choki 
Equil_Fabc 148.256 
Year 
2022 15 
2023 15 
2024 32.9118 
2025 33.474 
2026 31.77 
2027 30.6019 
2028 30.4347 
2029 29.833 
2030 29.1836 
2031 28.632 
2032 28.2232 
2033 27.9224 
2034 27.7009 
2035 27.4469 

Alternative 2 ABCs
     Choki 

Year 
2022 22.1356 
2023 26.4363 
2024 32.9118 
2025 33.474 
2026 31.77 
2027 30.6019 
2028 30.4347 
2029 29.833 
2030 29.1836 
2031 28.632 
2032 28.2232 
2033 27.9224 
2034 27.7009 
2035 27.4469 

Alternative 2 TACs
     Choki 

Year 
2022  NA 
2023  NA 
2024 32.9118 
2025 33.474 
2026 31.77 
2027 30.6019 
2028 30.4347 
2029 29.833 
2030 29.1836 
2031 28.632 
2032 28.2232 
2033 27.9224 
2034 27.7009 
2035 27.4469 

Alternative 2 Sp_Biomass
     Choki 
Equil_Fabc 242.216 
Year 
2022 102.032 
2023 111.062 
2024 120.275 
2025 122.518 
2026 120.811 
2027 118.598 
2028 117.901 
2029 116.45 
2030 115.04 
2031 113.891 
2032 113.079 
2033 112.446 
2034 111.966 
2035 111.458 

Alternative 2 Fishing Mortality
     Choki 
Equil_Fabc 0.214444 
Year 
2022 0.0551876 
2023 0.0502236 
2024 0.100775 
2025 0.102863 
2026 0.101273 
2027 0.0992118 
2028 0.0985627 
2029 0.0972116 
2030 0.0958982 
2031 0.0948272 
2032 0.0940709 
2033 0.093482 
2034 0.0930343 
2035 0.092561 

Alternative 2 Biomass
     Choki 

Year 
2022 477.615 
2023 517.732 
2024 534.703 
2025 519.501 
2026 508.216 
2027 504.693 
2028 504.758 
2029 500.299 
2030 494.899 
2031 489.844 
2032 486.509 
2033 483.466 
2034 481.857 
2035 479.706 

Alternative 2 Implied SPR rate 
     Choki 
Equil_Fabc 0.4 
Year 
2022 0.756628 
2023 0.774705 
2024 0.61648 
2025 0.611041 
2026 0.615313 
2027 0.620967 
2028 0.622861 
2029 0.626648 
2030 0.630383 
2031 0.633447 
2032 0.635628 
2033 0.637348 
2034 0.638683 
2035 0.640035 

  Choki 
EquilAvgAgeF0  3.36103 
EquilAvgAgeFabc  2.66214 
AvgAgeYr2035 45.5336 
Alternative 3 Catch
     Choki 
Equil_Fabc 148.256 
Year 
2022 15 
2023 15 
2024 32.669 
2025 32.5882 
2026 31.4026 
2027 30.7877 
2028 30.7413 
2029 30.461 
2030 30.092 
2031 29.7397 
2032 29.4328 
2033 29.1766 
2034 28.9532 
2035 28.7298 

Alternative 3 ABCs
     Choki 

Year 
2022 22.1356 
2023 26.4363 
2024 32.9118 
2025 33.5167 
2026 31.964 
2027 30.8524 
2028 30.6588 
2029 30.0337 
2030 29.3345 
2031 28.702 
2032 28.1865 
2033 27.7678 
2034 27.4229 
2035 27.0392 

Alternative 3 TACs
     Choki 

Year 
2022  NA 
2023  NA 
2024 32.669 
2025 32.5882 
2026 31.4026 
2027 30.7877 
2028 30.7413 
2029 30.461 
2030 30.092 
2031 29.7397 
2032 29.4328 
2033 29.1766 
2034 28.9532 
2035 28.7298 

Alternative 3 Sp_Biomass
     Choki 
Equil_Fabc 242.216 
Year 
2022 102.032 
2023 111.062 
2024 120.326 
2025 122.794 
2026 121.281 
2027 119.044 
2028 118.223 
2029 116.592 
2030 114.936 
2031 113.482 
2032 112.329 
2033 111.34 
2034 110.494 
2035 109.606 

Alternative 3 Fishing Mortality
     Choki 
Equil_Fabc 0.214444 
Year 
2022 0.0551876 
2023 0.0502236 
2024 0.1 
2025 0.1 
2026 0.1 
2027 0.1 
2028 0.1 
2029 0.1 
2030 0.1 
2031 0.1 
2032 0.1 
2033 0.1 
2034 0.1 
2035 0.1 

Alternative 3 Biomass
     Choki 

Year 
2022 477.615 
2023 517.732 
2024 534.703 
2025 519.757 
2026 509.401 
2027 506.285 
2028 506.256 
2029 501.624 
2030 495.693 
2031 489.746 
2032 485.28 
2033 480.939 
2034 477.868 
2035 474.209 

Alternative 3 Implied SPR rate 
     Choki 
Equil_Fabc 0.4 
Year 
2022 0.756628 
2023 0.774705 
2024 0.618524 
2025 0.618524 
2026 0.618524 
2027 0.618524 
2028 0.618524 
2029 0.618524 
2030 0.618524 
2031 0.618524 
2032 0.618524 
2033 0.618524 
2034 0.618524 
2035 0.618524 

  Choki 
EquilAvgAgeF0  3.36103 
EquilAvgAgeFabc  2.66214 
AvgAgeYr2035 45.5218 
Alternative 4 Catch
     Choki 
Equil_Fabc 148.256 
Year 
2022 15 
2023 15 
2024 32.9118 
2025 33.4655 
2026 31.6764 
2027 30.4255 
2028 30.1981 
2029 29.5932 
2030 28.9301 
2031 28.4059 
2032 28.0243 
2033 27.7312 
2034 27.5169 
2035 27.3058 

Alternative 4 ABCs
     Choki 

Year 
2022 22.1356 
2023 26.4363 
2024 32.9118 
2025 33.474 
2026 31.7717 
2027 30.6216 
2028 30.4874 
2029 29.9272 
2030 29.3209 
2031 28.8151 
2032 28.448 
2033 28.186 
2034 28.0066 
2035 27.7961 

Alternative 4 TACs
     Choki 

Year 
2022  NA 
2023  NA 
2024 32.9118 
2025 33.4655 
2026 31.6764 
2027 30.4255 
2028 30.1981 
2029 29.5932 
2030 28.9301 
2031 28.4059 
2032 28.0243 
2033 27.7312 
2034 27.5169 
2035 27.3058 

Alternative 4 Sp_Biomass
     Choki 
Equil_Fabc 242.216 
Year 
2022 102.032 
2023 111.062 
2024 120.275 
2025 122.519 
2026 120.833 
2027 118.671 
2028 118.048 
2029 116.675 
2030 115.346 
2031 114.273 
2032 113.53 
2033 112.965 
2034 112.555 
2035 112.114 

Alternative 4 Fishing Mortality
     Choki 
Equil_Fabc 0.214444 
Year 
2022 0.0551876 
2023 0.0502236 
2024 0.100775 
2025 0.102838 
2026 0.101004 
2027 0.0986993 
2028 0.0978395 
2029 0.0964374 
2030 0.0950347 
2031 0.0939816 
2032 0.0932452 
2033 0.0926284 
2034 0.0921718 
2035 0.0917662 

Alternative 4 Biomass
     Choki 

Year 
2022 477.615 
2023 517.732 
2024 534.703 
2025 519.501 
2026 508.225 
2027 504.801 
2028 505.051 
2029 500.851 
2030 495.737 
2031 490.996 
2032 487.98 
2033 485.239 
2034 483.927 
2035 482.085 

Alternative 4 Implied SPR rate 
     Choki 
Equil_Fabc 0.4 
Year 
2022 0.756628 
2023 0.774705 
2024 0.61648 
2025 0.611103 
2026 0.615978 
2027 0.622222 
2028 0.624626 
2029 0.628531 
2030 0.632478 
2031 0.635495 
2032 0.637627 
2033 0.639415 
2034 0.640755 
2035 0.64193 

  Choki 
EquilAvgAgeF0  3.36103 
EquilAvgAgeFabc  2.66214 
AvgAgeYr2035 45.5359 
Alternative 5 Catch
     Choki 
Equil_Fabc 148.256 
Year 
2022 15 
2023 15 
2024  NA 
2025  NA 
2026  NA 
2027  NA 
2028  NA 
2029  NA 
2030  NA 
2031  NA 
2032  NA 
2033  NA 
2034  NA 
2035  NA 

Alternative 5 ABCs
     Choki 

Year 
2022 22.1356 
2023 26.4363 
2024 32.9118 
2025 39.4507 
2026 43.5126 
2027 47.72 
2028 53.4037 
2029 58.7973 
2030 64.4042 
2031 70.5826 
2032 77.621 
2033 85.635 
2034 94.2803 
2035 103.279 

Alternative 5 TACs
     Choki 

Year 
2022  NA 
2023  NA 
2024  NA 
2025  NA 
2026  NA 
2027  NA 
2028  NA 
2029  NA 
2030  NA 
2031  NA 
2032  NA 
2033  NA 
2034  NA 
2035  NA 

Alternative 5 Sp_Biomass
     Choki 
Equil_Fabc 242.216 
Year 
2022 102.032 
2023 111.062 
2024 127.106 
2025 141.432 
2026 151.059 
2027 158.874 
2028 167.938 
2029 175.77 
2030 183.618 
2031 192.103 
2032 201.694 
2033 212.358 
2034 224.014 
2035 236.14 

Alternative 5 Fishing Mortality
     Choki 
Equil_Fabc 0.214444 
Year 
2022 0.0551876 
2023 0.0502236 
2024  NA 
2025  NA 
2026  NA 
2027  NA 
2028  NA 
2029  NA 
2030  NA 
2031  NA 
2032  NA 
2033  NA 
2034  NA 
2035  NA 

Alternative 5 Biomass
     Choki 

Year 
2022 477.615 
2023 517.732 
2024 534.703 
2025 554.276 
2026 577.727 
2027 610.968 
2028 651.064 
2029 687.208 
2030 722.048 
2031 757.469 
2032 796.63 
2033 838.237 
2034 884.623 
2035 932.285 

Alternative 5 Implied SPR rate 
     Choki 
Equil_Fabc 0.4 
Year 
2022 0.756628 
2023 0.774705 
2024 1 
2025 1 
2026 1 
2027 1 
2028 1 
2029 1 
2030 1 
2031 1 
2032 1 
2033 1 
2034 1 
2035 1 

  Choki 
EquilAvgAgeF0  3.36103 
EquilAvgAgeFabc  2.66214 
AvgAgeYr2035 45.8799 
Alternative 6 Catch
     Choki 
Equil_Fabc 148.256 
Year 
2022 15 
2023 30.9585 
2024 35.2635 
2025 35.6697 
2026 33.5549 
2027 31.9231 
2028 31.3428 
2029 30.3839 
2030 29.4202 
2031 28.5691 
2032 27.8921 
2033 27.3542 
2034 26.9236 
2035 26.4813 

Alternative 6 ABCs
     Choki 

Year 
2022 22.1356 
2023 26.4363 
2024 30.1451 
2025 30.5102 
2026 28.6947 
2027 27.2889 
2028 26.7883 
2029 25.9624 
2030 25.1333 
2031 24.4014 
2032 23.8196 
2033 23.3571 
2034 22.9877 
2035 22.6072 

Alternative 6 TACs
     Choki 

Year 
2022  NA 
2023 30.9585 
2024 35.2635 
2025 35.6697 
2026 33.5549 
2027 31.9231 
2028 31.3428 
2029 30.3839 
2030 29.4202 
2031 28.5691 
2032 27.8921 
2033 27.3542 
2034 26.9236 
2035 26.4813 

Alternative 6 Sp_Biomass
     Choki 
Equil_Fabc 242.216 
Year 
2022 102.032 
2023 107.74 
2024 114.078 
2025 115.819 
2026 113.775 
2027 111.161 
2028 109.933 
2029 108.049 
2030 106.242 
2031 104.684 
2032 103.48 
2033 102.49 
2034 101.687 
2035 100.892 

Alternative 6 Fishing Mortality
     Choki 
Equil_Fabc 0.214444 
Year 
2022 0.0551876 
2023 0.106073 
2024 0.113101 
2025 0.115029 
2026 0.112762 
2027 0.109864 
2028 0.108502 
2029 0.106414 
2030 0.10441 
2031 0.102681 
2032 0.101347 
2033 0.100249 
2034 0.0993584 
2035 0.0984768 

Alternative 6 Biomass
     Choki 

Year 
2022 477.615 
2023 517.732 
2024 517.457 
2025 499.994 
2026 484.933 
2027 477.62 
2028 474.557 
2029 467.845 
2030 460.487 
2031 453.51 
2032 448.303 
2033 443.542 
2034 440.275 
2035 436.658 

Alternative 6 Implied SPR rate 
     Choki 
Equil_Fabc 0.4 
Year 
2022 0.756628 
2023 0.602765 
2024 0.585274 
2025 0.580634 
2026 0.58627 
2027 0.593644 
2028 0.597213 
2029 0.602652 
2030 0.607964 
2031 0.612582 
2032 0.616174 
2033 0.619162 
2034 0.621619 
2035 0.624003 

  Choki 
EquilAvgAgeF0  3.36103 
EquilAvgAgeFabc  2.66214 
AvgAgeYr2035 45.4953 
Alternative 7 Catch
     Choki 
Equil_Fabc 148.256 
Year 
2022 15 
2023 26.4363 
2024 30.917 
2025 37.3509 
2026 34.7491 
2027 32.8675 
2028 32.2048 
2029 31.1832 
2030 30.1443 
2031 29.2327 
2032 28.5094 
2033 27.9278 
2034 27.4517 
2035 26.9652 

Alternative 7 ABCs
     Choki 

Year 
2022 22.1356 
2023 26.4363 
2024 30.917 
2025 31.962 
2026 29.7254 
2027 28.1028 
2028 27.5306 
2029 26.6504 
2030 25.7565 
2031 24.9725 
2032 24.3507 
2033 23.8506 
2034 23.4419 
2035 23.0233 

Alternative 7 TACs
     Choki 

Year 
2022  NA 
2023 30.9585 
2024 36.1582 
2025 37.3509 
2026 34.7491 
2027 32.8675 
2028 32.2048 
2029 31.1832 
2030 30.1443 
2031 29.2327 
2032 28.5094 
2033 27.9278 
2034 27.4517 
2035 26.9652 

Alternative 7 Sp_Biomass
     Choki 
Equil_Fabc 242.216 
Year 
2022 102.032 
2023 108.687 
2024 116.602 
2025 118.501 
2026 115.781 
2027 112.735 
2028 111.304 
2029 109.311 
2030 107.412 
2031 105.788 
2032 104.531 
2033 103.481 
2034 102.607 
2035 101.741 

Alternative 7 Fishing Mortality
     Choki 
Equil_Fabc 0.214444 
Year 
2022 0.0551876 
2023 0.0899813 
2024 0.0973534 
2025 0.118004 
2026 0.114987 
2027 0.11161 
2028 0.110023 
2029 0.107813 
2030 0.105708 
2031 0.103906 
2032 0.102512 
2033 0.101348 
2034 0.100379 
2035 0.0994187 

Alternative 7 Biomass
     Choki 

Year 
2022 477.615 
2023 517.732 
2024 522.341 
2025 509.402 
2026 492.941 
2027 485.275 
2028 481.835 
2029 474.451 
2030 466.368 
2031 458.862 
2032 453.283 
2033 448.198 
2034 444.625 
2035 440.71 

Alternative 7 Implied SPR rate 
     Choki 
Equil_Fabc 0.4 
Year 
2022 0.756628 
2023 0.645914 
2024 0.625588 
2025 0.573547 
2026 0.580877 
2027 0.589327 
2028 0.593424 
2029 0.599122 
2030 0.604649 
2031 0.609418 
2032 0.613138 
2033 0.616278 
2034 0.618923 
2035 0.621499 

  Choki 
EquilAvgAgeF0  3.36103 
EquilAvgAgeFabc  2.66214 
AvgAgeYr2035 45.4974 
