Choki 1 2022 Cabc 148.256
Choki 1 2022 Cofl 158.726
Choki 1 2022 CLCI 15
Choki 1 2022 CUCI 15
Choki 1 2022 CMedian 15
Choki 1 2022 CMean 15
Choki 1 2022 CStdn 1.79412e-13
Choki 1 2023 Cabc 148.256
Choki 1 2023 Cofl 158.726
Choki 1 2023 CLCI 15
Choki 1 2023 CUCI 15
Choki 1 2023 CMedian 15
Choki 1 2023 CMean 15
Choki 1 2023 CStdn 1.01462e-08
Choki 1 2024 Cabc 148.256
Choki 1 2024 Cofl 158.726
Choki 1 2024 CLCI 32.6391
Choki 1 2024 CUCI 33.3023
Choki 1 2024 CMedian 32.8818
Choki 1 2024 CMean 32.9118
Choki 1 2024 CStdn 0.208954
Choki 1 2025 Cabc 148.256
Choki 1 2025 Cofl 158.726
Choki 1 2025 CLCI 31.5495
Choki 1 2025 CUCI 36.2428
Choki 1 2025 CMedian 33.2474
Choki 1 2025 CMean 33.474
Choki 1 2025 CStdn 1.4586
Choki 1 2026 Cabc 148.256
Choki 1 2026 Cofl 158.726
Choki 1 2026 CLCI 27.448
Choki 1 2026 CUCI 37.5605
Choki 1 2026 CMedian 31.2807
Choki 1 2026 CMean 31.77
Choki 1 2026 CStdn 3.29985
Choki 1 2027 Cabc 148.256
Choki 1 2027 Cofl 158.726
Choki 1 2027 CLCI 24.5945
Choki 1 2027 CUCI 38.9884
Choki 1 2027 CMedian 29.8905
Choki 1 2027 CMean 30.6019
Choki 1 2027 CStdn 4.67269
Choki 1 2028 Cabc 148.256
Choki 1 2028 Cofl 158.726
Choki 1 2028 CLCI 23.295
Choki 1 2028 CUCI 40.4497
Choki 1 2028 CMedian 29.7806
Choki 1 2028 CMean 30.4347
Choki 1 2028 CStdn 5.32492
Choki 1 2029 Cabc 148.256
Choki 1 2029 Cofl 158.726
Choki 1 2029 CLCI 22.2304
Choki 1 2029 CUCI 40.143
Choki 1 2029 CMedian 29.0263
Choki 1 2029 CMean 29.833
Choki 1 2029 CStdn 5.88169
Choki 1 2030 Cabc 148.256
Choki 1 2030 Cofl 158.726
Choki 1 2030 CLCI 20.7216
Choki 1 2030 CUCI 40.8394
Choki 1 2030 CMedian 28.3443
Choki 1 2030 CMean 29.1836
Choki 1 2030 CStdn 6.37173
Choki 1 2031 Cabc 148.256
Choki 1 2031 Cofl 158.726
Choki 1 2031 CLCI 19.8673
Choki 1 2031 CUCI 41.3446
Choki 1 2031 CMedian 27.6647
Choki 1 2031 CMean 28.632
Choki 1 2031 CStdn 6.64997
Choki 1 2032 Cabc 148.256
Choki 1 2032 Cofl 158.726
Choki 1 2032 CLCI 18.8788
Choki 1 2032 CUCI 41.163
Choki 1 2032 CMedian 27.3367
Choki 1 2032 CMean 28.2232
Choki 1 2032 CStdn 6.84039
Choki 1 2033 Cabc 148.256
Choki 1 2033 Cofl 158.726
Choki 1 2033 CLCI 18.2215
Choki 1 2033 CUCI 42.0789
Choki 1 2033 CMedian 26.8931
Choki 1 2033 CMean 27.9224
Choki 1 2033 CStdn 7.07019
Choki 1 2034 Cabc 148.256
Choki 1 2034 Cofl 158.726
Choki 1 2034 CLCI 17.705
Choki 1 2034 CUCI 41.4386
Choki 1 2034 CMedian 26.6584
Choki 1 2034 CMean 27.7009
Choki 1 2034 CStdn 7.3738
Choki 1 2035 Cabc 148.256
Choki 1 2035 Cofl 158.726
Choki 1 2035 CLCI 17.3006
Choki 1 2035 CUCI 40.995
Choki 1 2035 CMedian 26.7099
Choki 1 2035 CMean 27.4469
Choki 1 2035 CStdn 7.32155
Choki 1 2022 SSBF100 605.541
Choki 1 2022 SSBFabc 242.216
Choki 1 2022 SSBFofl 211.939
Choki 1 2022 SSBLCI 102.032
Choki 1 2022 SSBUCI 102.032
Choki 1 2022 SSBMedian 102.032
Choki 1 2022 SSBMean 102.032
Choki 1 2023 SSBF100 605.541
Choki 1 2023 SSBFabc 242.216
Choki 1 2023 SSBFofl 211.939
Choki 1 2023 SSBLCI 111.053
Choki 1 2023 SSBUCI 111.075
Choki 1 2023 SSBMedian 111.061
Choki 1 2023 SSBMean 111.062
Choki 1 2024 SSBF100 605.541
Choki 1 2024 SSBFabc 242.216
Choki 1 2024 SSBFofl 211.939
Choki 1 2024 SSBLCI 119.886
Choki 1 2024 SSBUCI 120.832
Choki 1 2024 SSBMedian 120.232
Choki 1 2024 SSBMean 120.275
Choki 1 2025 SSBF100 605.541
Choki 1 2025 SSBFabc 242.216
Choki 1 2025 SSBFofl 211.939
Choki 1 2025 SSBLCI 120.168
Choki 1 2025 SSBUCI 125.813
Choki 1 2025 SSBMedian 122.28
Choki 1 2025 SSBMean 122.518
Choki 1 2026 SSBF100 605.541
Choki 1 2026 SSBFabc 242.216
Choki 1 2026 SSBFofl 211.939
Choki 1 2026 SSBLCI 114.739
Choki 1 2026 SSBUCI 128.742
Choki 1 2026 SSBMedian 120.271
Choki 1 2026 SSBMean 120.811
Choki 1 2027 SSBF100 605.541
Choki 1 2027 SSBFabc 242.216
Choki 1 2027 SSBFofl 211.939
Choki 1 2027 SSBLCI 109.143
Choki 1 2027 SSBUCI 130.491
Choki 1 2027 SSBMedian 117.686
Choki 1 2027 SSBMean 118.598
Choki 1 2028 SSBF100 605.541
Choki 1 2028 SSBFabc 242.216
Choki 1 2028 SSBFofl 211.939
Choki 1 2028 SSBLCI 106.251
Choki 1 2028 SSBUCI 133.495
Choki 1 2028 SSBMedian 117.079
Choki 1 2028 SSBMean 117.901
Choki 1 2029 SSBF100 605.541
Choki 1 2029 SSBFabc 242.216
Choki 1 2029 SSBFofl 211.939
Choki 1 2029 SSBLCI 102.989
Choki 1 2029 SSBUCI 133.002
Choki 1 2029 SSBMedian 115.716
Choki 1 2029 SSBMean 116.45
Choki 1 2030 SSBF100 605.541
Choki 1 2030 SSBFabc 242.216
Choki 1 2030 SSBFofl 211.939
Choki 1 2030 SSBLCI 99.6062
Choki 1 2030 SSBUCI 134.401
Choki 1 2030 SSBMedian 114.123
Choki 1 2030 SSBMean 115.04
Choki 1 2031 SSBF100 605.541
Choki 1 2031 SSBFabc 242.216
Choki 1 2031 SSBFofl 211.939
Choki 1 2031 SSBLCI 97.458
Choki 1 2031 SSBUCI 135.367
Choki 1 2031 SSBMedian 112.824
Choki 1 2031 SSBMean 113.891
Choki 1 2032 SSBF100 605.541
Choki 1 2032 SSBFabc 242.216
Choki 1 2032 SSBFofl 211.939
Choki 1 2032 SSBLCI 95.0621
Choki 1 2032 SSBUCI 134.433
Choki 1 2032 SSBMedian 112.215
Choki 1 2032 SSBMean 113.079
Choki 1 2033 SSBF100 605.541
Choki 1 2033 SSBFabc 242.216
Choki 1 2033 SSBFofl 211.939
Choki 1 2033 SSBLCI 93.496
Choki 1 2033 SSBUCI 135.549
Choki 1 2033 SSBMedian 111.217
Choki 1 2033 SSBMean 112.446
Choki 1 2034 SSBF100 605.541
Choki 1 2034 SSBFabc 242.216
Choki 1 2034 SSBFofl 211.939
Choki 1 2034 SSBLCI 92.2309
Choki 1 2034 SSBUCI 135.585
Choki 1 2034 SSBMedian 111.135
Choki 1 2034 SSBMean 111.966
Choki 1 2035 SSBF100 605.541
Choki 1 2035 SSBFabc 242.216
Choki 1 2035 SSBFofl 211.939
Choki 1 2035 SSBLCI 91.4951
Choki 1 2035 SSBUCI 134.801
Choki 1 2035 SSBMedian 110.753
Choki 1 2035 SSBMean 111.458
Choki 1 2022 F0 0 
Choki 1 2022 Fabc 0.214444
Choki 1 2022 Fofl 0.255309
Choki 1 2022  F_LCI 0.0551876
Choki 1 2022  F_UCI 0.0551876
Choki 1 2022  F_Median 0.0551876
Choki 1 2022  F_Mean 0.0551876
Choki 1 2023 F0 0 
Choki 1 2023 Fabc 0.214444
Choki 1 2023 Fofl 0.255309
Choki 1 2023  F_LCI 0.0502167
Choki 1 2023  F_UCI 0.0502284
Choki 1 2023  F_Median 0.0502241
Choki 1 2023  F_Mean 0.0502236
Choki 1 2024 F0 0 
Choki 1 2024 Fabc 0.214444
Choki 1 2024 Fofl 0.255309
Choki 1 2024  F_LCI 0.100413
Choki 1 2024  F_UCI 0.101294
Choki 1 2024  F_Median 0.100735
Choki 1 2024  F_Mean 0.100775
Choki 1 2025 F0 0 
Choki 1 2025 Fabc 0.214444
Choki 1 2025 Fofl 0.255309
Choki 1 2025  F_LCI 0.100673
Choki 1 2025  F_UCI 0.105934
Choki 1 2025  F_Median 0.102641
Choki 1 2025  F_Mean 0.102863
Choki 1 2026 F0 0 
Choki 1 2026 Fabc 0.214444
Choki 1 2026 Fofl 0.255309
Choki 1 2026  F_LCI 0.0956167
Choki 1 2026  F_UCI 0.108659
Choki 1 2026  F_Median 0.10077
Choki 1 2026  F_Mean 0.101273
Choki 1 2027 F0 0 
Choki 1 2027 Fabc 0.214444
Choki 1 2027 Fofl 0.255309
Choki 1 2027  F_LCI 0.0904046
Choki 1 2027  F_UCI 0.110289
Choki 1 2027  F_Median 0.0983625
Choki 1 2027  F_Mean 0.0992118
Choki 1 2028 F0 0 
Choki 1 2028 Fabc 0.214444
Choki 1 2028 Fofl 0.255309
Choki 1 2028  F_LCI 0.0877104
Choki 1 2028  F_UCI 0.113087
Choki 1 2028  F_Median 0.097799
Choki 1 2028  F_Mean 0.0985627
Choki 1 2029 F0 0 
Choki 1 2029 Fabc 0.214444
Choki 1 2029 Fofl 0.255309
Choki 1 2029  F_LCI 0.0846729
Choki 1 2029  F_UCI 0.112629
Choki 1 2029  F_Median 0.0965279
Choki 1 2029  F_Mean 0.0972116
Choki 1 2030 F0 0 
Choki 1 2030 Fabc 0.214444
Choki 1 2030 Fofl 0.255309
Choki 1 2030  F_LCI 0.0815207
Choki 1 2030  F_UCI 0.113931
Choki 1 2030  F_Median 0.0950444
Choki 1 2030  F_Mean 0.0958982
Choki 1 2031 F0 0 
Choki 1 2031 Fabc 0.214444
Choki 1 2031 Fofl 0.255309
Choki 1 2031  F_LCI 0.0795201
Choki 1 2031  F_UCI 0.114832
Choki 1 2031  F_Median 0.0938333
Choki 1 2031  F_Mean 0.0948272
Choki 1 2032 F0 0 
Choki 1 2032 Fabc 0.214444
Choki 1 2032 Fofl 0.255309
Choki 1 2032  F_LCI 0.0772881
Choki 1 2032  F_UCI 0.113961
Choki 1 2032  F_Median 0.0932671
Choki 1 2032  F_Mean 0.0940709
Choki 1 2033 F0 0 
Choki 1 2033 Fabc 0.214444
Choki 1 2033 Fofl 0.255309
Choki 1 2033  F_LCI 0.0758306
Choki 1 2033  F_UCI 0.115001
Choki 1 2033  F_Median 0.0923363
Choki 1 2033  F_Mean 0.093482
Choki 1 2034 F0 0 
Choki 1 2034 Fabc 0.214444
Choki 1 2034 Fofl 0.255309
Choki 1 2034  F_LCI 0.0746514
Choki 1 2034  F_UCI 0.115035
Choki 1 2034  F_Median 0.0922607
Choki 1 2034  F_Mean 0.0930343
Choki 1 2035 F0 0 
Choki 1 2035 Fabc 0.214444
Choki 1 2035 Fofl 0.255309
Choki 1 2035  F_LCI 0.0739652
Choki 1 2035  F_UCI 0.114305
Choki 1 2035  F_Median 0.0919045
Choki 1 2035  F_Mean 0.092561
Choki 2 2022 Cabc 148.256
Choki 2 2022 Cofl 158.726
Choki 2 2022 CLCI 15
Choki 2 2022 CUCI 15
Choki 2 2022 CMedian 15
Choki 2 2022 CMean 15
Choki 2 2022 CStdn 1.79412e-13
Choki 2 2023 Cabc 148.256
Choki 2 2023 Cofl 158.726
Choki 2 2023 CLCI 15
Choki 2 2023 CUCI 15
Choki 2 2023 CMedian 15
Choki 2 2023 CMean 15
Choki 2 2023 CStdn 1.01462e-08
Choki 2 2024 Cabc 148.256
Choki 2 2024 Cofl 158.726
Choki 2 2024 CLCI 32.6391
Choki 2 2024 CUCI 33.3023
Choki 2 2024 CMedian 32.8818
Choki 2 2024 CMean 32.9118
Choki 2 2024 CStdn 0.208954
Choki 2 2025 Cabc 148.256
Choki 2 2025 Cofl 158.726
Choki 2 2025 CLCI 31.5495
Choki 2 2025 CUCI 36.2428
Choki 2 2025 CMedian 33.2474
Choki 2 2025 CMean 33.474
Choki 2 2025 CStdn 1.4586
Choki 2 2026 Cabc 148.256
Choki 2 2026 Cofl 158.726
Choki 2 2026 CLCI 27.448
Choki 2 2026 CUCI 37.5605
Choki 2 2026 CMedian 31.2807
Choki 2 2026 CMean 31.77
Choki 2 2026 CStdn 3.29985
Choki 2 2027 Cabc 148.256
Choki 2 2027 Cofl 158.726
Choki 2 2027 CLCI 24.5945
Choki 2 2027 CUCI 38.9884
Choki 2 2027 CMedian 29.8905
Choki 2 2027 CMean 30.6019
Choki 2 2027 CStdn 4.67269
Choki 2 2028 Cabc 148.256
Choki 2 2028 Cofl 158.726
Choki 2 2028 CLCI 23.295
Choki 2 2028 CUCI 40.4497
Choki 2 2028 CMedian 29.7806
Choki 2 2028 CMean 30.4347
Choki 2 2028 CStdn 5.32492
Choki 2 2029 Cabc 148.256
Choki 2 2029 Cofl 158.726
Choki 2 2029 CLCI 22.2304
Choki 2 2029 CUCI 40.143
Choki 2 2029 CMedian 29.0263
Choki 2 2029 CMean 29.833
Choki 2 2029 CStdn 5.88169
Choki 2 2030 Cabc 148.256
Choki 2 2030 Cofl 158.726
Choki 2 2030 CLCI 20.7216
Choki 2 2030 CUCI 40.8394
Choki 2 2030 CMedian 28.3443
Choki 2 2030 CMean 29.1836
Choki 2 2030 CStdn 6.37173
Choki 2 2031 Cabc 148.256
Choki 2 2031 Cofl 158.726
Choki 2 2031 CLCI 19.8673
Choki 2 2031 CUCI 41.3446
Choki 2 2031 CMedian 27.6647
Choki 2 2031 CMean 28.632
Choki 2 2031 CStdn 6.64997
Choki 2 2032 Cabc 148.256
Choki 2 2032 Cofl 158.726
Choki 2 2032 CLCI 18.8788
Choki 2 2032 CUCI 41.163
Choki 2 2032 CMedian 27.3367
Choki 2 2032 CMean 28.2232
Choki 2 2032 CStdn 6.84039
Choki 2 2033 Cabc 148.256
Choki 2 2033 Cofl 158.726
Choki 2 2033 CLCI 18.2215
Choki 2 2033 CUCI 42.0789
Choki 2 2033 CMedian 26.8931
Choki 2 2033 CMean 27.9224
Choki 2 2033 CStdn 7.07019
Choki 2 2034 Cabc 148.256
Choki 2 2034 Cofl 158.726
Choki 2 2034 CLCI 17.705
Choki 2 2034 CUCI 41.4386
Choki 2 2034 CMedian 26.6584
Choki 2 2034 CMean 27.7009
Choki 2 2034 CStdn 7.3738
Choki 2 2035 Cabc 148.256
Choki 2 2035 Cofl 158.726
Choki 2 2035 CLCI 17.3006
Choki 2 2035 CUCI 40.995
Choki 2 2035 CMedian 26.7099
Choki 2 2035 CMean 27.4469
Choki 2 2035 CStdn 7.32155
Choki 2 2022 SSBF100 605.541
Choki 2 2022 SSBFabc 242.216
Choki 2 2022 SSBFofl 211.939
Choki 2 2022 SSBLCI 102.032
Choki 2 2022 SSBUCI 102.032
Choki 2 2022 SSBMedian 102.032
Choki 2 2022 SSBMean 102.032
Choki 2 2023 SSBF100 605.541
Choki 2 2023 SSBFabc 242.216
Choki 2 2023 SSBFofl 211.939
Choki 2 2023 SSBLCI 111.053
Choki 2 2023 SSBUCI 111.075
Choki 2 2023 SSBMedian 111.061
Choki 2 2023 SSBMean 111.062
Choki 2 2024 SSBF100 605.541
Choki 2 2024 SSBFabc 242.216
Choki 2 2024 SSBFofl 211.939
Choki 2 2024 SSBLCI 119.886
Choki 2 2024 SSBUCI 120.832
Choki 2 2024 SSBMedian 120.232
Choki 2 2024 SSBMean 120.275
Choki 2 2025 SSBF100 605.541
Choki 2 2025 SSBFabc 242.216
Choki 2 2025 SSBFofl 211.939
Choki 2 2025 SSBLCI 120.168
Choki 2 2025 SSBUCI 125.813
Choki 2 2025 SSBMedian 122.28
Choki 2 2025 SSBMean 122.518
Choki 2 2026 SSBF100 605.541
Choki 2 2026 SSBFabc 242.216
Choki 2 2026 SSBFofl 211.939
Choki 2 2026 SSBLCI 114.739
Choki 2 2026 SSBUCI 128.742
Choki 2 2026 SSBMedian 120.271
Choki 2 2026 SSBMean 120.811
Choki 2 2027 SSBF100 605.541
Choki 2 2027 SSBFabc 242.216
Choki 2 2027 SSBFofl 211.939
Choki 2 2027 SSBLCI 109.143
Choki 2 2027 SSBUCI 130.491
Choki 2 2027 SSBMedian 117.686
Choki 2 2027 SSBMean 118.598
Choki 2 2028 SSBF100 605.541
Choki 2 2028 SSBFabc 242.216
Choki 2 2028 SSBFofl 211.939
Choki 2 2028 SSBLCI 106.251
Choki 2 2028 SSBUCI 133.495
Choki 2 2028 SSBMedian 117.079
Choki 2 2028 SSBMean 117.901
Choki 2 2029 SSBF100 605.541
Choki 2 2029 SSBFabc 242.216
Choki 2 2029 SSBFofl 211.939
Choki 2 2029 SSBLCI 102.989
Choki 2 2029 SSBUCI 133.002
Choki 2 2029 SSBMedian 115.716
Choki 2 2029 SSBMean 116.45
Choki 2 2030 SSBF100 605.541
Choki 2 2030 SSBFabc 242.216
Choki 2 2030 SSBFofl 211.939
Choki 2 2030 SSBLCI 99.6062
Choki 2 2030 SSBUCI 134.401
Choki 2 2030 SSBMedian 114.123
Choki 2 2030 SSBMean 115.04
Choki 2 2031 SSBF100 605.541
Choki 2 2031 SSBFabc 242.216
Choki 2 2031 SSBFofl 211.939
Choki 2 2031 SSBLCI 97.458
Choki 2 2031 SSBUCI 135.367
Choki 2 2031 SSBMedian 112.824
Choki 2 2031 SSBMean 113.891
Choki 2 2032 SSBF100 605.541
Choki 2 2032 SSBFabc 242.216
Choki 2 2032 SSBFofl 211.939
Choki 2 2032 SSBLCI 95.0621
Choki 2 2032 SSBUCI 134.433
Choki 2 2032 SSBMedian 112.215
Choki 2 2032 SSBMean 113.079
Choki 2 2033 SSBF100 605.541
Choki 2 2033 SSBFabc 242.216
Choki 2 2033 SSBFofl 211.939
Choki 2 2033 SSBLCI 93.496
Choki 2 2033 SSBUCI 135.549
Choki 2 2033 SSBMedian 111.217
Choki 2 2033 SSBMean 112.446
Choki 2 2034 SSBF100 605.541
Choki 2 2034 SSBFabc 242.216
Choki 2 2034 SSBFofl 211.939
Choki 2 2034 SSBLCI 92.2309
Choki 2 2034 SSBUCI 135.585
Choki 2 2034 SSBMedian 111.135
Choki 2 2034 SSBMean 111.966
Choki 2 2035 SSBF100 605.541
Choki 2 2035 SSBFabc 242.216
Choki 2 2035 SSBFofl 211.939
Choki 2 2035 SSBLCI 91.4951
Choki 2 2035 SSBUCI 134.801
Choki 2 2035 SSBMedian 110.753
Choki 2 2035 SSBMean 111.458
Choki 2 2022 F0 0 
Choki 2 2022 Fabc 0.214444
Choki 2 2022 Fofl 0.255309
Choki 2 2022  F_LCI 0.0551876
Choki 2 2022  F_UCI 0.0551876
Choki 2 2022  F_Median 0.0551876
Choki 2 2022  F_Mean 0.0551876
Choki 2 2023 F0 0 
Choki 2 2023 Fabc 0.214444
Choki 2 2023 Fofl 0.255309
Choki 2 2023  F_LCI 0.0502167
Choki 2 2023  F_UCI 0.0502284
Choki 2 2023  F_Median 0.0502241
Choki 2 2023  F_Mean 0.0502236
Choki 2 2024 F0 0 
Choki 2 2024 Fabc 0.214444
Choki 2 2024 Fofl 0.255309
Choki 2 2024  F_LCI 0.100413
Choki 2 2024  F_UCI 0.101294
Choki 2 2024  F_Median 0.100735
Choki 2 2024  F_Mean 0.100775
Choki 2 2025 F0 0 
Choki 2 2025 Fabc 0.214444
Choki 2 2025 Fofl 0.255309
Choki 2 2025  F_LCI 0.100673
Choki 2 2025  F_UCI 0.105934
Choki 2 2025  F_Median 0.102641
Choki 2 2025  F_Mean 0.102863
Choki 2 2026 F0 0 
Choki 2 2026 Fabc 0.214444
Choki 2 2026 Fofl 0.255309
Choki 2 2026  F_LCI 0.0956167
Choki 2 2026  F_UCI 0.108659
Choki 2 2026  F_Median 0.10077
Choki 2 2026  F_Mean 0.101273
Choki 2 2027 F0 0 
Choki 2 2027 Fabc 0.214444
Choki 2 2027 Fofl 0.255309
Choki 2 2027  F_LCI 0.0904046
Choki 2 2027  F_UCI 0.110289
Choki 2 2027  F_Median 0.0983625
Choki 2 2027  F_Mean 0.0992118
Choki 2 2028 F0 0 
Choki 2 2028 Fabc 0.214444
Choki 2 2028 Fofl 0.255309
Choki 2 2028  F_LCI 0.0877104
Choki 2 2028  F_UCI 0.113087
Choki 2 2028  F_Median 0.097799
Choki 2 2028  F_Mean 0.0985627
Choki 2 2029 F0 0 
Choki 2 2029 Fabc 0.214444
Choki 2 2029 Fofl 0.255309
Choki 2 2029  F_LCI 0.0846729
Choki 2 2029  F_UCI 0.112629
Choki 2 2029  F_Median 0.0965279
Choki 2 2029  F_Mean 0.0972116
Choki 2 2030 F0 0 
Choki 2 2030 Fabc 0.214444
Choki 2 2030 Fofl 0.255309
Choki 2 2030  F_LCI 0.0815207
Choki 2 2030  F_UCI 0.113931
Choki 2 2030  F_Median 0.0950444
Choki 2 2030  F_Mean 0.0958982
Choki 2 2031 F0 0 
Choki 2 2031 Fabc 0.214444
Choki 2 2031 Fofl 0.255309
Choki 2 2031  F_LCI 0.0795201
Choki 2 2031  F_UCI 0.114832
Choki 2 2031  F_Median 0.0938333
Choki 2 2031  F_Mean 0.0948272
Choki 2 2032 F0 0 
Choki 2 2032 Fabc 0.214444
Choki 2 2032 Fofl 0.255309
Choki 2 2032  F_LCI 0.0772881
Choki 2 2032  F_UCI 0.113961
Choki 2 2032  F_Median 0.0932671
Choki 2 2032  F_Mean 0.0940709
Choki 2 2033 F0 0 
Choki 2 2033 Fabc 0.214444
Choki 2 2033 Fofl 0.255309
Choki 2 2033  F_LCI 0.0758306
Choki 2 2033  F_UCI 0.115001
Choki 2 2033  F_Median 0.0923363
Choki 2 2033  F_Mean 0.093482
Choki 2 2034 F0 0 
Choki 2 2034 Fabc 0.214444
Choki 2 2034 Fofl 0.255309
Choki 2 2034  F_LCI 0.0746514
Choki 2 2034  F_UCI 0.115035
Choki 2 2034  F_Median 0.0922607
Choki 2 2034  F_Mean 0.0930343
Choki 2 2035 F0 0 
Choki 2 2035 Fabc 0.214444
Choki 2 2035 Fofl 0.255309
Choki 2 2035  F_LCI 0.0739652
Choki 2 2035  F_UCI 0.114305
Choki 2 2035  F_Median 0.0919045
Choki 2 2035  F_Mean 0.092561
Choki 3 2022 Cabc 148.256
Choki 3 2022 Cofl 158.726
Choki 3 2022 CLCI 15
Choki 3 2022 CUCI 15
Choki 3 2022 CMedian 15
Choki 3 2022 CMean 15
Choki 3 2022 CStdn 1.79412e-13
Choki 3 2023 Cabc 148.256
Choki 3 2023 Cofl 158.726
Choki 3 2023 CLCI 15
Choki 3 2023 CUCI 15
Choki 3 2023 CMedian 15
Choki 3 2023 CMean 15
Choki 3 2023 CStdn 1.01462e-08
Choki 3 2024 Cabc 148.256
Choki 3 2024 Cofl 158.726
Choki 3 2024 CLCI 32.5106
Choki 3 2024 CUCI 32.8946
Choki 3 2024 CMedian 32.6519
Choki 3 2024 CMean 32.669
Choki 3 2024 CStdn 0.120809
Choki 3 2025 Cabc 148.256
Choki 3 2025 Cofl 158.726
Choki 3 2025 CLCI 31.3549
Choki 3 2025 CUCI 34.3187
Choki 3 2025 CMedian 32.4561
Choki 3 2025 CMean 32.5882
Choki 3 2025 CStdn 0.920419
Choki 3 2026 Cabc 148.256
Choki 3 2026 Cofl 158.726
Choki 3 2026 CLCI 28.6799
Choki 3 2026 CUCI 34.9271
Choki 3 2026 CMedian 31.13
Choki 3 2026 CMean 31.4026
Choki 3 2026 CStdn 2.01894
Choki 3 2027 Cabc 148.256
Choki 3 2027 Cofl 158.726
Choki 3 2027 CLCI 27.0264
Choki 3 2027 CUCI 35.7336
Choki 3 2027 CMedian 30.4509
Choki 3 2027 CMean 30.7877
Choki 3 2027 CStdn 2.78389
Choki 3 2028 Cabc 148.256
Choki 3 2028 Cofl 158.726
Choki 3 2028 CLCI 26.3662
Choki 3 2028 CUCI 36.4722
Choki 3 2028 CMedian 30.4252
Choki 3 2028 CMean 30.7413
Choki 3 2028 CStdn 3.14706
Choki 3 2029 Cabc 148.256
Choki 3 2029 Cofl 158.726
Choki 3 2029 CLCI 25.6095
Choki 3 2029 CUCI 36.6509
Choki 3 2029 CMedian 30.0735
Choki 3 2029 CMean 30.461
Choki 3 2029 CStdn 3.51885
Choki 3 2030 Cabc 148.256
Choki 3 2030 Cofl 158.726
Choki 3 2030 CLCI 24.67
Choki 3 2030 CUCI 37.0294
Choki 3 2030 CMedian 29.6988
Choki 3 2030 CMean 30.092
Choki 3 2030 CStdn 3.88123
Choki 3 2031 Cabc 148.256
Choki 3 2031 Cofl 158.726
Choki 3 2031 CLCI 23.946
Choki 3 2031 CUCI 37.5624
Choki 3 2031 CMedian 29.2855
Choki 3 2031 CMean 29.7397
Choki 3 2031 CStdn 4.15944
Choki 3 2032 Cabc 148.256
Choki 3 2032 Cofl 158.726
Choki 3 2032 CLCI 23.205
Choki 3 2032 CUCI 37.6672
Choki 3 2032 CMedian 29.0184
Choki 3 2032 CMean 29.4328
Choki 3 2032 CStdn 4.39719
Choki 3 2033 Cabc 148.256
Choki 3 2033 Cofl 158.726
Choki 3 2033 CLCI 22.3544
Choki 3 2033 CUCI 38.2129
Choki 3 2033 CMedian 28.706
Choki 3 2033 CMean 29.1766
Choki 3 2033 CStdn 4.66172
Choki 3 2034 Cabc 148.256
Choki 3 2034 Cofl 158.726
Choki 3 2034 CLCI 21.9555
Choki 3 2034 CUCI 38.0283
Choki 3 2034 CMedian 28.51
Choki 3 2034 CMean 28.9532
Choki 3 2034 CStdn 4.93553
Choki 3 2035 Cabc 148.256
Choki 3 2035 Cofl 158.726
Choki 3 2035 CLCI 21.3763
Choki 3 2035 CUCI 37.924
Choki 3 2035 CMedian 28.3936
Choki 3 2035 CMean 28.7298
Choki 3 2035 CStdn 5.03458
Choki 3 2022 SSBF100 605.541
Choki 3 2022 SSBFabc 242.216
Choki 3 2022 SSBFofl 211.939
Choki 3 2022 SSBLCI 102.032
Choki 3 2022 SSBUCI 102.032
Choki 3 2022 SSBMedian 102.032
Choki 3 2022 SSBMean 102.032
Choki 3 2023 SSBF100 605.541
Choki 3 2023 SSBFabc 242.216
Choki 3 2023 SSBFofl 211.939
Choki 3 2023 SSBLCI 111.053
Choki 3 2023 SSBUCI 111.075
Choki 3 2023 SSBMedian 111.061
Choki 3 2023 SSBMean 111.062
Choki 3 2024 SSBF100 605.541
Choki 3 2024 SSBFabc 242.216
Choki 3 2024 SSBFofl 211.939
Choki 3 2024 SSBLCI 119.914
Choki 3 2024 SSBUCI 120.917
Choki 3 2024 SSBMedian 120.28
Choki 3 2024 SSBMean 120.326
Choki 3 2025 SSBF100 605.541
Choki 3 2025 SSBFabc 242.216
Choki 3 2025 SSBFofl 211.939
Choki 3 2025 SSBLCI 120.259
Choki 3 2025 SSBUCI 126.359
Choki 3 2025 SSBMedian 122.536
Choki 3 2025 SSBMean 122.794
Choki 3 2026 SSBF100 605.541
Choki 3 2026 SSBFabc 242.216
Choki 3 2026 SSBFofl 211.939
Choki 3 2026 SSBLCI 114.617
Choki 3 2026 SSBUCI 130.129
Choki 3 2026 SSBMedian 120.705
Choki 3 2026 SSBMean 121.281
Choki 3 2027 SSBF100 605.541
Choki 3 2027 SSBFabc 242.216
Choki 3 2027 SSBFofl 211.939
Choki 3 2027 SSBLCI 108.347
Choki 3 2027 SSBUCI 132.616
Choki 3 2027 SSBMedian 117.921
Choki 3 2027 SSBMean 119.044
Choki 3 2028 SSBF100 605.541
Choki 3 2028 SSBFabc 242.216
Choki 3 2028 SSBFofl 211.939
Choki 3 2028 SSBLCI 104.612
Choki 3 2028 SSBUCI 136.406
Choki 3 2028 SSBMedian 117.188
Choki 3 2028 SSBMean 118.223
Choki 3 2029 SSBF100 605.541
Choki 3 2029 SSBFabc 242.216
Choki 3 2029 SSBFofl 211.939
Choki 3 2029 SSBLCI 100.054
Choki 3 2029 SSBUCI 137.565
Choki 3 2029 SSBMedian 115.528
Choki 3 2029 SSBMean 116.592
Choki 3 2030 SSBF100 605.541
Choki 3 2030 SSBFabc 242.216
Choki 3 2030 SSBFofl 211.939
Choki 3 2030 SSBLCI 96.5135
Choki 3 2030 SSBUCI 139.829
Choki 3 2030 SSBMedian 113.743
Choki 3 2030 SSBMean 114.936
Choki 3 2031 SSBF100 605.541
Choki 3 2031 SSBFabc 242.216
Choki 3 2031 SSBFofl 211.939
Choki 3 2031 SSBLCI 92.9903
Choki 3 2031 SSBUCI 140.568
Choki 3 2031 SSBMedian 112.265
Choki 3 2031 SSBMean 113.482
Choki 3 2032 SSBF100 605.541
Choki 3 2032 SSBFabc 242.216
Choki 3 2032 SSBFofl 211.939
Choki 3 2032 SSBLCI 89.9169
Choki 3 2032 SSBUCI 141.092
Choki 3 2032 SSBMedian 110.663
Choki 3 2032 SSBMean 112.329
Choki 3 2033 SSBF100 605.541
Choki 3 2033 SSBFabc 242.216
Choki 3 2033 SSBFofl 211.939
Choki 3 2033 SSBLCI 86.957
Choki 3 2033 SSBUCI 143.526
Choki 3 2033 SSBMedian 109.189
Choki 3 2033 SSBMean 111.34
Choki 3 2034 SSBF100 605.541
Choki 3 2034 SSBFabc 242.216
Choki 3 2034 SSBFofl 211.939
Choki 3 2034 SSBLCI 84.5215
Choki 3 2034 SSBUCI 144.205
Choki 3 2034 SSBMedian 108.837
Choki 3 2034 SSBMean 110.494
Choki 3 2035 SSBF100 605.541
Choki 3 2035 SSBFabc 242.216
Choki 3 2035 SSBFofl 211.939
Choki 3 2035 SSBLCI 82.6352
Choki 3 2035 SSBUCI 143.877
Choki 3 2035 SSBMedian 108.262
Choki 3 2035 SSBMean 109.606
Choki 3 2022 F0 0 
Choki 3 2022 Fabc 0.214444
Choki 3 2022 Fofl 0.255309
Choki 3 2022  F_LCI 0.0551876
Choki 3 2022  F_UCI 0.0551876
Choki 3 2022  F_Median 0.0551876
Choki 3 2022  F_Mean 0.0551876
Choki 3 2023 F0 0 
Choki 3 2023 Fabc 0.214444
Choki 3 2023 Fofl 0.255309
Choki 3 2023  F_LCI 0.0502167
Choki 3 2023  F_UCI 0.0502284
Choki 3 2023  F_Median 0.0502241
Choki 3 2023  F_Mean 0.0502236
Choki 3 2024 F0 0 
Choki 3 2024 Fabc 0.214444
Choki 3 2024 Fofl 0.255309
Choki 3 2024  F_LCI 0.1
Choki 3 2024  F_UCI 0.1
Choki 3 2024  F_Median 0.1
Choki 3 2024  F_Mean 0.1
Choki 3 2025 F0 0 
Choki 3 2025 Fabc 0.214444
Choki 3 2025 Fofl 0.255309
Choki 3 2025  F_LCI 0.1
Choki 3 2025  F_UCI 0.1
Choki 3 2025  F_Median 0.1
Choki 3 2025  F_Mean 0.1
Choki 3 2026 F0 0 
Choki 3 2026 Fabc 0.214444
Choki 3 2026 Fofl 0.255309
Choki 3 2026  F_LCI 0.1
Choki 3 2026  F_UCI 0.1
Choki 3 2026  F_Median 0.1
Choki 3 2026  F_Mean 0.1
Choki 3 2027 F0 0 
Choki 3 2027 Fabc 0.214444
Choki 3 2027 Fofl 0.255309
Choki 3 2027  F_LCI 0.1
Choki 3 2027  F_UCI 0.1
Choki 3 2027  F_Median 0.1
Choki 3 2027  F_Mean 0.1
Choki 3 2028 F0 0 
Choki 3 2028 Fabc 0.214444
Choki 3 2028 Fofl 0.255309
Choki 3 2028  F_LCI 0.1
Choki 3 2028  F_UCI 0.1
Choki 3 2028  F_Median 0.1
Choki 3 2028  F_Mean 0.1
Choki 3 2029 F0 0 
Choki 3 2029 Fabc 0.214444
Choki 3 2029 Fofl 0.255309
Choki 3 2029  F_LCI 0.1
Choki 3 2029  F_UCI 0.1
Choki 3 2029  F_Median 0.1
Choki 3 2029  F_Mean 0.1
Choki 3 2030 F0 0 
Choki 3 2030 Fabc 0.214444
Choki 3 2030 Fofl 0.255309
Choki 3 2030  F_LCI 0.1
Choki 3 2030  F_UCI 0.1
Choki 3 2030  F_Median 0.1
Choki 3 2030  F_Mean 0.1
Choki 3 2031 F0 0 
Choki 3 2031 Fabc 0.214444
Choki 3 2031 Fofl 0.255309
Choki 3 2031  F_LCI 0.1
Choki 3 2031  F_UCI 0.1
Choki 3 2031  F_Median 0.1
Choki 3 2031  F_Mean 0.1
Choki 3 2032 F0 0 
Choki 3 2032 Fabc 0.214444
Choki 3 2032 Fofl 0.255309
Choki 3 2032  F_LCI 0.1
Choki 3 2032  F_UCI 0.1
Choki 3 2032  F_Median 0.1
Choki 3 2032  F_Mean 0.1
Choki 3 2033 F0 0 
Choki 3 2033 Fabc 0.214444
Choki 3 2033 Fofl 0.255309
Choki 3 2033  F_LCI 0.1
Choki 3 2033  F_UCI 0.1
Choki 3 2033  F_Median 0.1
Choki 3 2033  F_Mean 0.1
Choki 3 2034 F0 0 
Choki 3 2034 Fabc 0.214444
Choki 3 2034 Fofl 0.255309
Choki 3 2034  F_LCI 0.1
Choki 3 2034  F_UCI 0.1
Choki 3 2034  F_Median 0.1
Choki 3 2034  F_Mean 0.1
Choki 3 2035 F0 0 
Choki 3 2035 Fabc 0.214444
Choki 3 2035 Fofl 0.255309
Choki 3 2035  F_LCI 0.1
Choki 3 2035  F_UCI 0.1
Choki 3 2035  F_Median 0.1
Choki 3 2035  F_Mean 0.1
Choki 4 2022 Cabc 148.256
Choki 4 2022 Cofl 158.726
Choki 4 2022 CLCI 15
Choki 4 2022 CUCI 15
Choki 4 2022 CMedian 15
Choki 4 2022 CMean 15
Choki 4 2022 CStdn 1.79412e-13
Choki 4 2023 Cabc 148.256
Choki 4 2023 Cofl 158.726
Choki 4 2023 CLCI 15
Choki 4 2023 CUCI 15
Choki 4 2023 CMedian 15
Choki 4 2023 CMean 15
Choki 4 2023 CStdn 1.01462e-08
Choki 4 2024 Cabc 148.256
Choki 4 2024 Cofl 158.726
Choki 4 2024 CLCI 32.6391
Choki 4 2024 CUCI 33.3023
Choki 4 2024 CMedian 32.8818
Choki 4 2024 CMean 32.9118
Choki 4 2024 CStdn 0.208954
Choki 4 2025 Cabc 148.256
Choki 4 2025 Cofl 158.726
Choki 4 2025 CLCI 31.5495
Choki 4 2025 CUCI 36.2428
Choki 4 2025 CMedian 33.2474
Choki 4 2025 CMean 33.4655
Choki 4 2025 CStdn 1.4246
Choki 4 2026 Cabc 148.256
Choki 4 2026 Cofl 158.726
Choki 4 2026 CLCI 27.448
Choki 4 2026 CUCI 37.1139
Choki 4 2026 CMedian 31.2807
Choki 4 2026 CMean 31.6764
Choki 4 2026 CStdn 3.03233
Choki 4 2027 Cabc 148.256
Choki 4 2027 Cofl 158.726
Choki 4 2027 CLCI 24.5945
Choki 4 2027 CUCI 37.8997
Choki 4 2027 CMedian 29.8905
Choki 4 2027 CMean 30.4255
Choki 4 2027 CStdn 4.17378
Choki 4 2028 Cabc 148.256
Choki 4 2028 Cofl 158.726
Choki 4 2028 CLCI 23.295
Choki 4 2028 CUCI 38.5439
Choki 4 2028 CMedian 29.7806
Choki 4 2028 CMean 30.1981
Choki 4 2028 CStdn 4.71333
Choki 4 2029 Cabc 148.256
Choki 4 2029 Cofl 158.726
Choki 4 2029 CLCI 22.2304
Choki 4 2029 CUCI 38.5932
Choki 4 2029 CMedian 29.0263
Choki 4 2029 CMean 29.5932
Choki 4 2029 CStdn 5.24162
Choki 4 2030 Cabc 148.256
Choki 4 2030 Cofl 158.726
Choki 4 2030 CLCI 20.7216
Choki 4 2030 CUCI 39.0322
Choki 4 2030 CMedian 28.3516
Choki 4 2030 CMean 28.9301
Choki 4 2030 CStdn 5.7121
Choki 4 2031 Cabc 148.256
Choki 4 2031 Cofl 158.726
Choki 4 2031 CLCI 19.8673
Choki 4 2031 CUCI 39.3331
Choki 4 2031 CMedian 27.6819
Choki 4 2031 CMean 28.4059
Choki 4 2031 CStdn 6.05465
Choki 4 2032 Cabc 148.256
Choki 4 2032 Cofl 158.726
Choki 4 2032 CLCI 18.8788
Choki 4 2032 CUCI 39.4591
Choki 4 2032 CMedian 27.3367
Choki 4 2032 CMean 28.0243
Choki 4 2032 CStdn 6.30522
Choki 4 2033 Cabc 148.256
Choki 4 2033 Cofl 158.726
Choki 4 2033 CLCI 18.2215
Choki 4 2033 CUCI 39.6627
Choki 4 2033 CMedian 26.9667
Choki 4 2033 CMean 27.7312
Choki 4 2033 CStdn 6.54985
Choki 4 2034 Cabc 148.256
Choki 4 2034 Cofl 158.726
Choki 4 2034 CLCI 17.705
Choki 4 2034 CUCI 39.8909
Choki 4 2034 CMedian 26.7094
Choki 4 2034 CMean 27.5169
Choki 4 2034 CStdn 6.77356
Choki 4 2035 Cabc 148.256
Choki 4 2035 Cofl 158.726
Choki 4 2035 CLCI 17.3006
Choki 4 2035 CUCI 39.4828
Choki 4 2035 CMedian 26.7203
Choki 4 2035 CMean 27.3058
Choki 4 2035 CStdn 6.79051
Choki 4 2022 SSBF100 605.541
Choki 4 2022 SSBFabc 242.216
Choki 4 2022 SSBFofl 211.939
Choki 4 2022 SSBLCI 102.032
Choki 4 2022 SSBUCI 102.032
Choki 4 2022 SSBMedian 102.032
Choki 4 2022 SSBMean 102.032
Choki 4 2023 SSBF100 605.541
Choki 4 2023 SSBFabc 242.216
Choki 4 2023 SSBFofl 211.939
Choki 4 2023 SSBLCI 111.053
Choki 4 2023 SSBUCI 111.075
Choki 4 2023 SSBMedian 111.061
Choki 4 2023 SSBMean 111.062
Choki 4 2024 SSBF100 605.541
Choki 4 2024 SSBFabc 242.216
Choki 4 2024 SSBFofl 211.939
Choki 4 2024 SSBLCI 119.886
Choki 4 2024 SSBUCI 120.832
Choki 4 2024 SSBMedian 120.232
Choki 4 2024 SSBMean 120.275
Choki 4 2025 SSBF100 605.541
Choki 4 2025 SSBFabc 242.216
Choki 4 2025 SSBFofl 211.939
Choki 4 2025 SSBLCI 120.168
Choki 4 2025 SSBUCI 125.813
Choki 4 2025 SSBMedian 122.28
Choki 4 2025 SSBMean 122.519
Choki 4 2026 SSBF100 605.541
Choki 4 2026 SSBFabc 242.216
Choki 4 2026 SSBFofl 211.939
Choki 4 2026 SSBLCI 114.739
Choki 4 2026 SSBUCI 128.85
Choki 4 2026 SSBMedian 120.271
Choki 4 2026 SSBMean 120.833
Choki 4 2027 SSBF100 605.541
Choki 4 2027 SSBFabc 242.216
Choki 4 2027 SSBFofl 211.939
Choki 4 2027 SSBLCI 109.143
Choki 4 2027 SSBUCI 130.95
Choki 4 2027 SSBMedian 117.686
Choki 4 2027 SSBMean 118.671
Choki 4 2028 SSBF100 605.541
Choki 4 2028 SSBFabc 242.216
Choki 4 2028 SSBFofl 211.939
Choki 4 2028 SSBLCI 106.251
Choki 4 2028 SSBUCI 134.134
Choki 4 2028 SSBMedian 117.079
Choki 4 2028 SSBMean 118.048
Choki 4 2029 SSBF100 605.541
Choki 4 2029 SSBFabc 242.216
Choki 4 2029 SSBFofl 211.939
Choki 4 2029 SSBLCI 102.989
Choki 4 2029 SSBUCI 134.541
Choki 4 2029 SSBMedian 115.716
Choki 4 2029 SSBMean 116.675
Choki 4 2030 SSBF100 605.541
Choki 4 2030 SSBFabc 242.216
Choki 4 2030 SSBFofl 211.939
Choki 4 2030 SSBLCI 99.6062
Choki 4 2030 SSBUCI 136.575
Choki 4 2030 SSBMedian 114.123
Choki 4 2030 SSBMean 115.346
Choki 4 2031 SSBF100 605.541
Choki 4 2031 SSBFabc 242.216
Choki 4 2031 SSBFofl 211.939
Choki 4 2031 SSBLCI 97.458
Choki 4 2031 SSBUCI 137.056
Choki 4 2031 SSBMedian 112.888
Choki 4 2031 SSBMean 114.273
Choki 4 2032 SSBF100 605.541
Choki 4 2032 SSBFabc 242.216
Choki 4 2032 SSBFofl 211.939
Choki 4 2032 SSBLCI 95.0621
Choki 4 2032 SSBUCI 137.364
Choki 4 2032 SSBMedian 112.327
Choki 4 2032 SSBMean 113.53
Choki 4 2033 SSBF100 605.541
Choki 4 2033 SSBFabc 242.216
Choki 4 2033 SSBFofl 211.939
Choki 4 2033 SSBLCI 93.496
Choki 4 2033 SSBUCI 139.59
Choki 4 2033 SSBMedian 111.232
Choki 4 2033 SSBMean 112.965
Choki 4 2034 SSBF100 605.541
Choki 4 2034 SSBFabc 242.216
Choki 4 2034 SSBFofl 211.939
Choki 4 2034 SSBLCI 92.2753
Choki 4 2034 SSBUCI 139.747
Choki 4 2034 SSBMedian 111.31
Choki 4 2034 SSBMean 112.555
Choki 4 2035 SSBF100 605.541
Choki 4 2035 SSBFabc 242.216
Choki 4 2035 SSBFofl 211.939
Choki 4 2035 SSBLCI 91.4951
Choki 4 2035 SSBUCI 138.49
Choki 4 2035 SSBMedian 110.76
Choki 4 2035 SSBMean 112.114
Choki 4 2022 F0 0 
Choki 4 2022 Fabc 0.214444
Choki 4 2022 Fofl 0.255309
Choki 4 2022  F_LCI 0.0551876
Choki 4 2022  F_UCI 0.0551876
Choki 4 2022  F_Median 0.0551876
Choki 4 2022  F_Mean 0.0551876
Choki 4 2023 F0 0 
Choki 4 2023 Fabc 0.214444
Choki 4 2023 Fofl 0.255309
Choki 4 2023  F_LCI 0.0502167
Choki 4 2023  F_UCI 0.0502284
Choki 4 2023  F_Median 0.0502241
Choki 4 2023  F_Mean 0.0502236
Choki 4 2024 F0 0 
Choki 4 2024 Fabc 0.214444
Choki 4 2024 Fofl 0.255309
Choki 4 2024  F_LCI 0.100413
Choki 4 2024  F_UCI 0.101294
Choki 4 2024  F_Median 0.100735
Choki 4 2024  F_Mean 0.100775
Choki 4 2025 F0 0 
Choki 4 2025 Fabc 0.214444
Choki 4 2025 Fofl 0.255309
Choki 4 2025  F_LCI 0.100673
Choki 4 2025  F_UCI 0.105934
Choki 4 2025  F_Median 0.102641
Choki 4 2025  F_Mean 0.102838
Choki 4 2026 F0 0 
Choki 4 2026 Fabc 0.214444
Choki 4 2026 Fofl 0.255309
Choki 4 2026  F_LCI 0.0956167
Choki 4 2026  F_UCI 0.107163
Choki 4 2026  F_Median 0.10077
Choki 4 2026  F_Mean 0.101004
Choki 4 2027 F0 0 
Choki 4 2027 Fabc 0.214444
Choki 4 2027 Fofl 0.255309
Choki 4 2027  F_LCI 0.0904046
Choki 4 2027  F_UCI 0.107163
Choki 4 2027  F_Median 0.0983625
Choki 4 2027  F_Mean 0.0986993
Choki 4 2028 F0 0 
Choki 4 2028 Fabc 0.214444
Choki 4 2028 Fofl 0.255309
Choki 4 2028  F_LCI 0.0877104
Choki 4 2028  F_UCI 0.107163
Choki 4 2028  F_Median 0.097799
Choki 4 2028  F_Mean 0.0978395
Choki 4 2029 F0 0 
Choki 4 2029 Fabc 0.214444
Choki 4 2029 Fofl 0.255309
Choki 4 2029  F_LCI 0.0846729
Choki 4 2029  F_UCI 0.107163
Choki 4 2029  F_Median 0.0965279
Choki 4 2029  F_Mean 0.0964374
Choki 4 2030 F0 0 
Choki 4 2030 Fabc 0.214444
Choki 4 2030 Fofl 0.255309
Choki 4 2030  F_LCI 0.0815207
Choki 4 2030  F_UCI 0.107163
Choki 4 2030  F_Median 0.0950444
Choki 4 2030  F_Mean 0.0950347
Choki 4 2031 F0 0 
Choki 4 2031 Fabc 0.214444
Choki 4 2031 Fofl 0.255309
Choki 4 2031  F_LCI 0.0795201
Choki 4 2031  F_UCI 0.107163
Choki 4 2031  F_Median 0.0938946
Choki 4 2031  F_Mean 0.0939816
Choki 4 2032 F0 0 
Choki 4 2032 Fabc 0.214444
Choki 4 2032 Fofl 0.255309
Choki 4 2032  F_LCI 0.0772881
Choki 4 2032  F_UCI 0.107163
Choki 4 2032  F_Median 0.0933691
Choki 4 2032  F_Mean 0.0932452
Choki 4 2033 F0 0 
Choki 4 2033 Fabc 0.214444
Choki 4 2033 Fofl 0.255309
Choki 4 2033  F_LCI 0.0758306
Choki 4 2033  F_UCI 0.107163
Choki 4 2033  F_Median 0.0923519
Choki 4 2033  F_Mean 0.0926284
Choki 4 2034 F0 0 
Choki 4 2034 Fabc 0.214444
Choki 4 2034 Fofl 0.255309
Choki 4 2034  F_LCI 0.0746928
Choki 4 2034  F_UCI 0.107163
Choki 4 2034  F_Median 0.0924242
Choki 4 2034  F_Mean 0.0921718
Choki 4 2035 F0 0 
Choki 4 2035 Fabc 0.214444
Choki 4 2035 Fofl 0.255309
Choki 4 2035  F_LCI 0.0739652
Choki 4 2035  F_UCI 0.107163
Choki 4 2035  F_Median 0.0919127
Choki 4 2035  F_Mean 0.0917662
Choki 5 2022 Cabc 148.256
Choki 5 2022 Cofl 158.726
Choki 5 2022 CLCI 15
Choki 5 2022 CUCI 15
Choki 5 2022 CMedian 15
Choki 5 2022 CMean 15
Choki 5 2022 CStdn 1.79412e-13
Choki 5 2023 Cabc 148.256
Choki 5 2023 Cofl 158.726
Choki 5 2023 CLCI 15
Choki 5 2023 CUCI 15
Choki 5 2023 CMedian 15
Choki 5 2023 CMean 15
Choki 5 2023 CStdn 1.01462e-08
Choki 5 2024 Cabc 148.256
Choki 5 2024 Cofl 158.726
Choki 5 2024 CLCI 0
Choki 5 2024 CUCI 0
Choki 5 2024 CMedian 0
Choki 5 2024 CMean 0
Choki 5 2024 CStdn 0
Choki 5 2025 Cabc 148.256
Choki 5 2025 Cofl 158.726
Choki 5 2025 CLCI 0
Choki 5 2025 CUCI 0
Choki 5 2025 CMedian 0
Choki 5 2025 CMean 0
Choki 5 2025 CStdn 0
Choki 5 2026 Cabc 148.256
Choki 5 2026 Cofl 158.726
Choki 5 2026 CLCI 0
Choki 5 2026 CUCI 0
Choki 5 2026 CMedian 0
Choki 5 2026 CMean 0
Choki 5 2026 CStdn 0
Choki 5 2027 Cabc 148.256
Choki 5 2027 Cofl 158.726
Choki 5 2027 CLCI 0
Choki 5 2027 CUCI 0
Choki 5 2027 CMedian 0
Choki 5 2027 CMean 0
Choki 5 2027 CStdn 0
Choki 5 2028 Cabc 148.256
Choki 5 2028 Cofl 158.726
Choki 5 2028 CLCI 0
Choki 5 2028 CUCI 0
Choki 5 2028 CMedian 0
Choki 5 2028 CMean 0
Choki 5 2028 CStdn 0
Choki 5 2029 Cabc 148.256
Choki 5 2029 Cofl 158.726
Choki 5 2029 CLCI 0
Choki 5 2029 CUCI 0
Choki 5 2029 CMedian 0
Choki 5 2029 CMean 0
Choki 5 2029 CStdn 0
Choki 5 2030 Cabc 148.256
Choki 5 2030 Cofl 158.726
Choki 5 2030 CLCI 0
Choki 5 2030 CUCI 0
Choki 5 2030 CMedian 0
Choki 5 2030 CMean 0
Choki 5 2030 CStdn 0
Choki 5 2031 Cabc 148.256
Choki 5 2031 Cofl 158.726
Choki 5 2031 CLCI 0
Choki 5 2031 CUCI 0
Choki 5 2031 CMedian 0
Choki 5 2031 CMean 0
Choki 5 2031 CStdn 0
Choki 5 2032 Cabc 148.256
Choki 5 2032 Cofl 158.726
Choki 5 2032 CLCI 0
Choki 5 2032 CUCI 0
Choki 5 2032 CMedian 0
Choki 5 2032 CMean 0
Choki 5 2032 CStdn 0
Choki 5 2033 Cabc 148.256
Choki 5 2033 Cofl 158.726
Choki 5 2033 CLCI 0
Choki 5 2033 CUCI 0
Choki 5 2033 CMedian 0
Choki 5 2033 CMean 0
Choki 5 2033 CStdn 0
Choki 5 2034 Cabc 148.256
Choki 5 2034 Cofl 158.726
Choki 5 2034 CLCI 0
Choki 5 2034 CUCI 0
Choki 5 2034 CMedian 0
Choki 5 2034 CMean 0
Choki 5 2034 CStdn 0
Choki 5 2035 Cabc 148.256
Choki 5 2035 Cofl 158.726
Choki 5 2035 CLCI 0
Choki 5 2035 CUCI 0
Choki 5 2035 CMedian 0
Choki 5 2035 CMean 0
Choki 5 2035 CStdn 0
Choki 5 2022 SSBF100 605.541
Choki 5 2022 SSBFabc 242.216
Choki 5 2022 SSBFofl 211.939
Choki 5 2022 SSBLCI 102.032
Choki 5 2022 SSBUCI 102.032
Choki 5 2022 SSBMedian 102.032
Choki 5 2022 SSBMean 102.032
Choki 5 2023 SSBF100 605.541
Choki 5 2023 SSBFabc 242.216
Choki 5 2023 SSBFofl 211.939
Choki 5 2023 SSBLCI 111.053
Choki 5 2023 SSBUCI 111.075
Choki 5 2023 SSBMedian 111.061
Choki 5 2023 SSBMean 111.062
Choki 5 2024 SSBF100 605.541
Choki 5 2024 SSBFabc 242.216
Choki 5 2024 SSBFofl 211.939
Choki 5 2024 SSBLCI 126.692
Choki 5 2024 SSBUCI 127.699
Choki 5 2024 SSBMedian 127.06
Choki 5 2024 SSBMean 127.106
Choki 5 2025 SSBF100 605.541
Choki 5 2025 SSBFabc 242.216
Choki 5 2025 SSBFofl 211.939
Choki 5 2025 SSBLCI 138.822
Choki 5 2025 SSBUCI 145.115
Choki 5 2025 SSBMedian 141.158
Choki 5 2025 SSBMean 141.432
Choki 5 2026 SSBF100 605.541
Choki 5 2026 SSBFabc 242.216
Choki 5 2026 SSBFofl 211.939
Choki 5 2026 SSBLCI 143.752
Choki 5 2026 SSBUCI 160.905
Choki 5 2026 SSBMedian 150.441
Choki 5 2026 SSBMean 151.059
Choki 5 2027 SSBF100 605.541
Choki 5 2027 SSBFabc 242.216
Choki 5 2027 SSBFofl 211.939
Choki 5 2027 SSBLCI 146.353
Choki 5 2027 SSBUCI 174.756
Choki 5 2027 SSBMedian 157.648
Choki 5 2027 SSBMean 158.874
Choki 5 2028 SSBF100 605.541
Choki 5 2028 SSBFabc 242.216
Choki 5 2028 SSBFofl 211.939
Choki 5 2028 SSBLCI 151.196
Choki 5 2028 SSBUCI 190.154
Choki 5 2028 SSBMedian 166.585
Choki 5 2028 SSBMean 167.938
Choki 5 2029 SSBF100 605.541
Choki 5 2029 SSBFabc 242.216
Choki 5 2029 SSBFofl 211.939
Choki 5 2029 SSBLCI 153.603
Choki 5 2029 SSBUCI 203.441
Choki 5 2029 SSBMedian 174.123
Choki 5 2029 SSBMean 175.77
Choki 5 2030 SSBF100 605.541
Choki 5 2030 SSBFabc 242.216
Choki 5 2030 SSBFofl 211.939
Choki 5 2030 SSBLCI 157.385
Choki 5 2030 SSBUCI 219.629
Choki 5 2030 SSBMedian 181.646
Choki 5 2030 SSBMean 183.618
Choki 5 2031 SSBF100 605.541
Choki 5 2031 SSBFabc 242.216
Choki 5 2031 SSBFofl 211.939
Choki 5 2031 SSBLCI 160.443
Choki 5 2031 SSBUCI 233.89
Choki 5 2031 SSBMedian 190
Choki 5 2031 SSBMean 192.103
Choki 5 2032 SSBF100 605.541
Choki 5 2032 SSBFabc 242.216
Choki 5 2032 SSBFofl 211.939
Choki 5 2032 SSBLCI 164.532
Choki 5 2032 SSBUCI 249.423
Choki 5 2032 SSBMedian 199.348
Choki 5 2032 SSBMean 201.694
Choki 5 2033 SSBF100 605.541
Choki 5 2033 SSBFabc 242.216
Choki 5 2033 SSBFofl 211.939
Choki 5 2033 SSBLCI 169.368
Choki 5 2033 SSBUCI 269.438
Choki 5 2033 SSBMedian 208.631
Choki 5 2033 SSBMean 212.358
Choki 5 2034 SSBF100 605.541
Choki 5 2034 SSBFabc 242.216
Choki 5 2034 SSBFofl 211.939
Choki 5 2034 SSBLCI 174.904
Choki 5 2034 SSBUCI 287.78
Choki 5 2034 SSBMedian 221.069
Choki 5 2034 SSBMean 224.014
Choki 5 2035 SSBF100 605.541
Choki 5 2035 SSBFabc 242.216
Choki 5 2035 SSBFofl 211.939
Choki 5 2035 SSBLCI 182.033
Choki 5 2035 SSBUCI 304.369
Choki 5 2035 SSBMedian 233.662
Choki 5 2035 SSBMean 236.14
Choki 5 2022 F0 0 
Choki 5 2022 Fabc 0.214444
Choki 5 2022 Fofl 0.255309
Choki 5 2022  F_LCI 0.0551876
Choki 5 2022  F_UCI 0.0551876
Choki 5 2022  F_Median 0.0551876
Choki 5 2022  F_Mean 0.0551876
Choki 5 2023 F0 0 
Choki 5 2023 Fabc 0.214444
Choki 5 2023 Fofl 0.255309
Choki 5 2023  F_LCI 0.0502167
Choki 5 2023  F_UCI 0.0502284
Choki 5 2023  F_Median 0.0502241
Choki 5 2023  F_Mean 0.0502236
Choki 5 2024 F0 0 
Choki 5 2024 Fabc 0.214444
Choki 5 2024 Fofl 0.255309
Choki 5 2024  F_LCI 0
Choki 5 2024  F_UCI 0
Choki 5 2024  F_Median 0
Choki 5 2024  F_Mean 0
Choki 5 2025 F0 0 
Choki 5 2025 Fabc 0.214444
Choki 5 2025 Fofl 0.255309
Choki 5 2025  F_LCI 0
Choki 5 2025  F_UCI 0
Choki 5 2025  F_Median 0
Choki 5 2025  F_Mean 0
Choki 5 2026 F0 0 
Choki 5 2026 Fabc 0.214444
Choki 5 2026 Fofl 0.255309
Choki 5 2026  F_LCI 0
Choki 5 2026  F_UCI 0
Choki 5 2026  F_Median 0
Choki 5 2026  F_Mean 0
Choki 5 2027 F0 0 
Choki 5 2027 Fabc 0.214444
Choki 5 2027 Fofl 0.255309
Choki 5 2027  F_LCI 0
Choki 5 2027  F_UCI 0
Choki 5 2027  F_Median 0
Choki 5 2027  F_Mean 0
Choki 5 2028 F0 0 
Choki 5 2028 Fabc 0.214444
Choki 5 2028 Fofl 0.255309
Choki 5 2028  F_LCI 0
Choki 5 2028  F_UCI 0
Choki 5 2028  F_Median 0
Choki 5 2028  F_Mean 0
Choki 5 2029 F0 0 
Choki 5 2029 Fabc 0.214444
Choki 5 2029 Fofl 0.255309
Choki 5 2029  F_LCI 0
Choki 5 2029  F_UCI 0
Choki 5 2029  F_Median 0
Choki 5 2029  F_Mean 0
Choki 5 2030 F0 0 
Choki 5 2030 Fabc 0.214444
Choki 5 2030 Fofl 0.255309
Choki 5 2030  F_LCI 0
Choki 5 2030  F_UCI 0
Choki 5 2030  F_Median 0
Choki 5 2030  F_Mean 0
Choki 5 2031 F0 0 
Choki 5 2031 Fabc 0.214444
Choki 5 2031 Fofl 0.255309
Choki 5 2031  F_LCI 0
Choki 5 2031  F_UCI 0
Choki 5 2031  F_Median 0
Choki 5 2031  F_Mean 0
Choki 5 2032 F0 0 
Choki 5 2032 Fabc 0.214444
Choki 5 2032 Fofl 0.255309
Choki 5 2032  F_LCI 0
Choki 5 2032  F_UCI 0
Choki 5 2032  F_Median 0
Choki 5 2032  F_Mean 0
Choki 5 2033 F0 0 
Choki 5 2033 Fabc 0.214444
Choki 5 2033 Fofl 0.255309
Choki 5 2033  F_LCI 0
Choki 5 2033  F_UCI 0
Choki 5 2033  F_Median 0
Choki 5 2033  F_Mean 0
Choki 5 2034 F0 0 
Choki 5 2034 Fabc 0.214444
Choki 5 2034 Fofl 0.255309
Choki 5 2034  F_LCI 0
Choki 5 2034  F_UCI 0
Choki 5 2034  F_Median 0
Choki 5 2034  F_Mean 0
Choki 5 2035 F0 0 
Choki 5 2035 Fabc 0.214444
Choki 5 2035 Fofl 0.255309
Choki 5 2035  F_LCI 0
Choki 5 2035  F_UCI 0
Choki 5 2035  F_Median 0
Choki 5 2035  F_Mean 0
Choki 6 2022 Cabc 148.256
Choki 6 2022 Cofl 158.726
Choki 6 2022 CLCI 15
Choki 6 2022 CUCI 15
Choki 6 2022 CMedian 15
Choki 6 2022 CMean 15
Choki 6 2022 CStdn 1.79412e-13
Choki 6 2023 Cabc 148.256
Choki 6 2023 Cofl 158.726
Choki 6 2023 CLCI 30.9528
Choki 6 2023 CUCI 30.9664
Choki 6 2023 CMedian 30.9578
Choki 6 2023 CMean 30.9585
Choki 6 2023 CStdn 0.00427333
Choki 6 2024 Cabc 148.256
Choki 6 2024 Cofl 158.726
Choki 6 2024 CLCI 34.958
Choki 6 2024 CUCI 35.7003
Choki 6 2024 CMedian 35.2299
Choki 6 2024 CMean 35.2635
Choki 6 2024 CStdn 0.233755
Choki 6 2025 Cabc 148.256
Choki 6 2025 Cofl 158.726
Choki 6 2025 CLCI 33.5301
Choki 6 2025 CUCI 38.7499
Choki 6 2025 CMedian 35.4169
Choki 6 2025 CMean 35.6697
Choki 6 2025 CStdn 1.62247
Choki 6 2026 Cabc 148.256
Choki 6 2026 Cofl 158.726
Choki 6 2026 CLCI 28.854
Choki 6 2026 CUCI 39.8974
Choki 6 2026 CMedian 33.0163
Choki 6 2026 CMean 33.5549
Choki 6 2026 CStdn 3.59782
Choki 6 2027 Cabc 148.256
Choki 6 2027 Cofl 158.726
Choki 6 2027 CLCI 25.579
Choki 6 2027 CUCI 40.8479
Choki 6 2027 CMedian 31.1734
Choki 6 2027 CMean 31.9231
Choki 6 2027 CStdn 4.95581
Choki 6 2028 Cabc 148.256
Choki 6 2028 Cofl 158.726
Choki 6 2028 CLCI 23.965
Choki 6 2028 CUCI 41.7122
Choki 6 2028 CMedian 30.6675
Choki 6 2028 CMean 31.3428
Choki 6 2028 CStdn 5.50106
Choki 6 2029 Cabc 148.256
Choki 6 2029 Cofl 158.726
Choki 6 2029 CLCI 22.6546
Choki 6 2029 CUCI 40.8786
Choki 6 2029 CMedian 29.5679
Choki 6 2029 CMean 30.3839
Choki 6 2029 CStdn 5.97527
Choki 6 2030 Cabc 148.256
Choki 6 2030 Cofl 158.726
Choki 6 2030 CLCI 20.8772
Choki 6 2030 CUCI 41.1876
Choki 6 2030 CMedian 28.561
Choki 6 2030 CMean 29.4202
Choki 6 2030 CStdn 6.39135
Choki 6 2031 Cabc 148.256
Choki 6 2031 Cofl 158.726
Choki 6 2031 CLCI 19.8805
Choki 6 2031 CUCI 41.1076
Choki 6 2031 CMedian 27.5926
Choki 6 2031 CMean 28.5691
Choki 6 2031 CStdn 6.58788
Choki 6 2032 Cabc 148.256
Choki 6 2032 Cofl 158.726
Choki 6 2032 CLCI 18.7428
Choki 6 2032 CUCI 40.4851
Choki 6 2032 CMedian 27.0405
Choki 6 2032 CMean 27.8921
Choki 6 2032 CStdn 6.69965
Choki 6 2033 Cabc 148.256
Choki 6 2033 Cofl 158.726
Choki 6 2033 CLCI 17.9105
Choki 6 2033 CUCI 40.9971
Choki 6 2033 CMedian 26.3482
Choki 6 2033 CMean 27.3542
Choki 6 2033 CStdn 6.86063
Choki 6 2034 Cabc 148.256
Choki 6 2034 Cofl 158.726
Choki 6 2034 CLCI 17.2423
Choki 6 2034 CUCI 40.1736
Choki 6 2034 CMedian 25.9629
Choki 6 2034 CMean 26.9236
Choki 6 2034 CStdn 7.09859
Choki 6 2035 Cabc 148.256
Choki 6 2035 Cofl 158.726
Choki 6 2035 CLCI 16.7693
Choki 6 2035 CUCI 39.3
Choki 6 2035 CMedian 25.7756
Choki 6 2035 CMean 26.4813
Choki 6 2035 CStdn 6.98402
Choki 6 2022 SSBF100 605.541
Choki 6 2022 SSBFabc 242.216
Choki 6 2022 SSBFofl 211.939
Choki 6 2022 SSBLCI 102.032
Choki 6 2022 SSBUCI 102.032
Choki 6 2022 SSBMedian 102.032
Choki 6 2022 SSBMean 102.032
Choki 6 2023 SSBF100 605.541
Choki 6 2023 SSBFabc 242.216
Choki 6 2023 SSBFofl 211.939
Choki 6 2023 SSBLCI 107.732
Choki 6 2023 SSBUCI 107.752
Choki 6 2023 SSBMedian 107.739
Choki 6 2023 SSBMean 107.74
Choki 6 2024 SSBF100 605.541
Choki 6 2024 SSBFabc 242.216
Choki 6 2024 SSBFofl 211.939
Choki 6 2024 SSBLCI 113.694
Choki 6 2024 SSBUCI 114.628
Choki 6 2024 SSBMedian 114.036
Choki 6 2024 SSBMean 114.078
Choki 6 2025 SSBF100 605.541
Choki 6 2025 SSBFabc 242.216
Choki 6 2025 SSBFofl 211.939
Choki 6 2025 SSBLCI 113.509
Choki 6 2025 SSBUCI 119.067
Choki 6 2025 SSBMedian 115.581
Choki 6 2025 SSBMean 115.819
Choki 6 2026 SSBF100 605.541
Choki 6 2026 SSBFabc 242.216
Choki 6 2026 SSBFofl 211.939
Choki 6 2026 SSBLCI 107.905
Choki 6 2026 SSBUCI 121.527
Choki 6 2026 SSBMedian 113.267
Choki 6 2026 SSBMean 113.775
Choki 6 2027 SSBF100 605.541
Choki 6 2027 SSBFabc 242.216
Choki 6 2027 SSBFofl 211.939
Choki 6 2027 SSBLCI 102.166
Choki 6 2027 SSBUCI 122.531
Choki 6 2027 SSBMedian 110.304
Choki 6 2027 SSBMean 111.161
Choki 6 2028 SSBF100 605.541
Choki 6 2028 SSBFabc 242.216
Choki 6 2028 SSBFofl 211.939
Choki 6 2028 SSBLCI 99.0871
Choki 6 2028 SSBUCI 124.466
Choki 6 2028 SSBMedian 109.171
Choki 6 2028 SSBMean 109.933
Choki 6 2029 SSBF100 605.541
Choki 6 2029 SSBFabc 242.216
Choki 6 2029 SSBFofl 211.939
Choki 6 2029 SSBLCI 95.6474
Choki 6 2029 SSBUCI 123.175
Choki 6 2029 SSBMedian 107.409
Choki 6 2029 SSBMean 108.049
Choki 6 2030 SSBF100 605.541
Choki 6 2030 SSBFabc 242.216
Choki 6 2030 SSBFofl 211.939
Choki 6 2030 SSBLCI 92.1409
Choki 6 2030 SSBUCI 123.716
Choki 6 2030 SSBMedian 105.482
Choki 6 2030 SSBMean 106.242
Choki 6 2031 SSBF100 605.541
Choki 6 2031 SSBFabc 242.216
Choki 6 2031 SSBFofl 211.939
Choki 6 2031 SSBLCI 89.8036
Choki 6 2031 SSBUCI 123.973
Choki 6 2031 SSBMedian 103.766
Choki 6 2031 SSBMean 104.684
Choki 6 2032 SSBF100 605.541
Choki 6 2032 SSBFabc 242.216
Choki 6 2032 SSBFofl 211.939
Choki 6 2032 SSBLCI 87.2018
Choki 6 2032 SSBUCI 122.826
Choki 6 2032 SSBMedian 102.715
Choki 6 2032 SSBMean 103.48
Choki 6 2033 SSBF100 605.541
Choki 6 2033 SSBFabc 242.216
Choki 6 2033 SSBFofl 211.939
Choki 6 2033 SSBLCI 85.4171
Choki 6 2033 SSBUCI 123.017
Choki 6 2033 SSBMedian 101.439
Choki 6 2033 SSBMean 102.49
Choki 6 2034 SSBF100 605.541
Choki 6 2034 SSBFabc 242.216
Choki 6 2034 SSBFofl 211.939
Choki 6 2034 SSBLCI 84.0197
Choki 6 2034 SSBUCI 122.674
Choki 6 2034 SSBMedian 101.026
Choki 6 2034 SSBMean 101.687
Choki 6 2035 SSBF100 605.541
Choki 6 2035 SSBFabc 242.216
Choki 6 2035 SSBFofl 211.939
Choki 6 2035 SSBLCI 83.2125
Choki 6 2035 SSBUCI 121.213
Choki 6 2035 SSBMedian 100.273
Choki 6 2035 SSBMean 100.892
Choki 6 2022 F0 0 
Choki 6 2022 Fabc 0.214444
Choki 6 2022 Fofl 0.255309
Choki 6 2022  F_LCI 0.0551876
Choki 6 2022  F_UCI 0.0551876
Choki 6 2022  F_Median 0.0551876
Choki 6 2022  F_Mean 0.0551876
Choki 6 2023 F0 0 
Choki 6 2023 Fabc 0.214444
Choki 6 2023 Fofl 0.255309
Choki 6 2023  F_LCI 0.106063
Choki 6 2023  F_UCI 0.106086
Choki 6 2023  F_Median 0.106072
Choki 6 2023  F_Mean 0.106073
Choki 6 2024 F0 0 
Choki 6 2024 Fabc 0.214444
Choki 6 2024 Fofl 0.255309
Choki 6 2024  F_LCI 0.112675
Choki 6 2024  F_UCI 0.113711
Choki 6 2024  F_Median 0.113054
Choki 6 2024  F_Mean 0.113101
Choki 6 2025 F0 0 
Choki 6 2025 Fabc 0.214444
Choki 6 2025 Fofl 0.255309
Choki 6 2025  F_LCI 0.112466
Choki 6 2025  F_UCI 0.118634
Choki 6 2025  F_Median 0.114766
Choki 6 2025  F_Mean 0.115029
Choki 6 2026 F0 0 
Choki 6 2026 Fabc 0.214444
Choki 6 2026 Fofl 0.255309
Choki 6 2026  F_LCI 0.106252
Choki 6 2026  F_UCI 0.121359
Choki 6 2026  F_Median 0.112199
Choki 6 2026  F_Mean 0.112762
Choki 6 2027 F0 0 
Choki 6 2027 Fabc 0.214444
Choki 6 2027 Fofl 0.255309
Choki 6 2027  F_LCI 0.099889
Choki 6 2027  F_UCI 0.122472
Choki 6 2027  F_Median 0.108915
Choki 6 2027  F_Mean 0.109864
Choki 6 2028 F0 0 
Choki 6 2028 Fabc 0.214444
Choki 6 2028 Fofl 0.255309
Choki 6 2028  F_LCI 0.0964746
Choki 6 2028  F_UCI 0.124618
Choki 6 2028  F_Median 0.107657
Choki 6 2028  F_Mean 0.108502
Choki 6 2029 F0 0 
Choki 6 2029 Fabc 0.214444
Choki 6 2029 Fofl 0.255309
Choki 6 2029  F_LCI 0.0926601
Choki 6 2029  F_UCI 0.12319
Choki 6 2029  F_Median 0.105706
Choki 6 2029  F_Mean 0.106414
Choki 6 2030 F0 0 
Choki 6 2030 Fabc 0.214444
Choki 6 2030 Fofl 0.255309
Choki 6 2030  F_LCI 0.088771
Choki 6 2030  F_UCI 0.123788
Choki 6 2030  F_Median 0.103567
Choki 6 2030  F_Mean 0.10441
Choki 6 2031 F0 0 
Choki 6 2031 Fabc 0.214444
Choki 6 2031 Fofl 0.255309
Choki 6 2031  F_LCI 0.0861799
Choki 6 2031  F_UCI 0.124071
Choki 6 2031  F_Median 0.101666
Choki 6 2031  F_Mean 0.102681
Choki 6 2032 F0 0 
Choki 6 2032 Fabc 0.214444
Choki 6 2032 Fofl 0.255309
Choki 6 2032  F_LCI 0.083294
Choki 6 2032  F_UCI 0.122803
Choki 6 2032  F_Median 0.100499
Choki 6 2032  F_Mean 0.101347
Choki 6 2033 F0 0 
Choki 6 2033 Fabc 0.214444
Choki 6 2033 Fofl 0.255309
Choki 6 2033  F_LCI 0.0813153
Choki 6 2033  F_UCI 0.123011
Choki 6 2033  F_Median 0.0990832
Choki 6 2033  F_Mean 0.100249
Choki 6 2034 F0 0 
Choki 6 2034 Fabc 0.214444
Choki 6 2034 Fofl 0.255309
Choki 6 2034  F_LCI 0.079766
Choki 6 2034  F_UCI 0.122632
Choki 6 2034  F_Median 0.0986256
Choki 6 2034  F_Mean 0.0993584
Choki 6 2035 F0 0 
Choki 6 2035 Fabc 0.214444
Choki 6 2035 Fofl 0.255309
Choki 6 2035  F_LCI 0.0788698
Choki 6 2035  F_UCI 0.121011
Choki 6 2035  F_Median 0.0977916
Choki 6 2035  F_Mean 0.0984768
Choki 7 2022 Cabc 148.256
Choki 7 2022 Cofl 158.726
Choki 7 2022 CLCI 15
Choki 7 2022 CUCI 15
Choki 7 2022 CMedian 15
Choki 7 2022 CMean 15
Choki 7 2022 CStdn 1.79412e-13
Choki 7 2023 Cabc 148.256
Choki 7 2023 Cofl 158.726
Choki 7 2023 CLCI 26.4315
Choki 7 2023 CUCI 26.4431
Choki 7 2023 CMedian 26.4357
Choki 7 2023 CMean 26.4363
Choki 7 2023 CStdn 0.00364679
Choki 7 2024 Cabc 148.256
Choki 7 2024 Cofl 158.726
Choki 7 2024 CLCI 30.6529
Choki 7 2024 CUCI 31.2949
Choki 7 2024 CMedian 30.888
Choki 7 2024 CMean 30.917
Choki 7 2024 CStdn 0.202196
Choki 7 2025 Cabc 148.256
Choki 7 2025 Cofl 158.726
Choki 7 2025 CLCI 35.1566
Choki 7 2025 CUCI 40.5086
Choki 7 2025 CMedian 37.0904
Choki 7 2025 CMean 37.3509
Choki 7 2025 CStdn 1.66336
Choki 7 2026 Cabc 148.256
Choki 7 2026 Cofl 158.726
Choki 7 2026 CLCI 29.9485
Choki 7 2026 CUCI 41.1953
Choki 7 2026 CMedian 34.1931
Choki 7 2026 CMean 34.7491
Choki 7 2026 CStdn 3.66502
Choki 7 2027 Cabc 148.256
Choki 7 2027 Cofl 158.726
Choki 7 2027 CLCI 26.3676
Choki 7 2027 CUCI 41.9282
Choki 7 2027 CMedian 32.0993
Choki 7 2027 CMean 32.8675
Choki 7 2027 CStdn 5.05008
Choki 7 2028 Cabc 148.256
Choki 7 2028 Cofl 158.726
Choki 7 2028 CLCI 24.6428
Choki 7 2028 CUCI 42.8184
Choki 7 2028 CMedian 31.5149
Choki 7 2028 CMean 32.2048
Choki 7 2028 CStdn 5.63232
Choki 7 2029 Cabc 148.256
Choki 7 2029 Cofl 158.726
Choki 7 2029 CLCI 23.2623
Choki 7 2029 CUCI 42.0558
Choki 7 2029 CMedian 30.3474
Choki 7 2029 CMean 31.1832
Choki 7 2029 CStdn 6.13275
Choki 7 2030 Cabc 148.256
Choki 7 2030 Cofl 158.726
Choki 7 2030 CLCI 21.4273
Choki 7 2030 CUCI 42.1586
Choki 7 2030 CMedian 29.2408
Choki 7 2030 CMean 30.1443
Choki 7 2030 CStdn 6.54512
Choki 7 2031 Cabc 148.256
Choki 7 2031 Cofl 158.726
Choki 7 2031 CLCI 20.3513
Choki 7 2031 CUCI 42.1402
Choki 7 2031 CMedian 28.2287
Choki 7 2031 CMean 29.2327
Choki 7 2031 CStdn 6.72945
Choki 7 2032 Cabc 148.256
Choki 7 2032 Cofl 158.726
Choki 7 2032 CLCI 19.2207
Choki 7 2032 CUCI 41.3574
Choki 7 2032 CMedian 27.6319
Choki 7 2032 CMean 28.5094
Choki 7 2032 CStdn 6.83308
Choki 7 2033 Cabc 148.256
Choki 7 2033 Cofl 158.726
Choki 7 2033 CLCI 18.3143
Choki 7 2033 CUCI 41.7868
Choki 7 2033 CMedian 26.8791
Choki 7 2033 CMean 27.9278
Choki 7 2033 CStdn 6.98806
Choki 7 2034 Cabc 148.256
Choki 7 2034 Cofl 158.726
Choki 7 2034 CLCI 17.6205
Choki 7 2034 CUCI 40.9392
Choki 7 2034 CMedian 26.4953
Choki 7 2034 CMean 27.4517
Choki 7 2034 CStdn 7.21944
Choki 7 2035 Cabc 148.256
Choki 7 2035 Cofl 158.726
Choki 7 2035 CLCI 17.1174
Choki 7 2035 CUCI 39.9808
Choki 7 2035 CMedian 26.2669
Choki 7 2035 CMean 26.9652
Choki 7 2035 CStdn 7.09144
Choki 7 2022 SSBF100 605.541
Choki 7 2022 SSBFabc 242.216
Choki 7 2022 SSBFofl 211.939
Choki 7 2022 SSBLCI 102.032
Choki 7 2022 SSBUCI 102.032
Choki 7 2022 SSBMedian 102.032
Choki 7 2022 SSBMean 102.032
Choki 7 2023 SSBF100 605.541
Choki 7 2023 SSBFabc 242.216
Choki 7 2023 SSBFofl 211.939
Choki 7 2023 SSBLCI 108.678
Choki 7 2023 SSBUCI 108.699
Choki 7 2023 SSBMedian 108.686
Choki 7 2023 SSBMean 108.687
Choki 7 2024 SSBF100 605.541
Choki 7 2024 SSBFabc 242.216
Choki 7 2024 SSBFofl 211.939
Choki 7 2024 SSBLCI 116.214
Choki 7 2024 SSBUCI 117.158
Choki 7 2024 SSBMedian 116.559
Choki 7 2024 SSBMean 116.602
Choki 7 2025 SSBF100 605.541
Choki 7 2025 SSBFabc 242.216
Choki 7 2025 SSBFofl 211.939
Choki 7 2025 SSBLCI 116.187
Choki 7 2025 SSBUCI 121.754
Choki 7 2025 SSBMedian 118.265
Choki 7 2025 SSBMean 118.501
Choki 7 2026 SSBF100 605.541
Choki 7 2026 SSBFabc 242.216
Choki 7 2026 SSBFofl 211.939
Choki 7 2026 SSBLCI 109.894
Choki 7 2026 SSBUCI 123.509
Choki 7 2026 SSBMedian 115.262
Choki 7 2026 SSBMean 115.781
Choki 7 2027 SSBF100 605.541
Choki 7 2027 SSBFabc 242.216
Choki 7 2027 SSBFofl 211.939
Choki 7 2027 SSBLCI 103.72
Choki 7 2027 SSBUCI 124.049
Choki 7 2027 SSBMedian 111.872
Choki 7 2027 SSBMean 112.735
Choki 7 2028 SSBF100 605.541
Choki 7 2028 SSBFabc 242.216
Choki 7 2028 SSBFofl 211.939
Choki 7 2028 SSBLCI 100.388
Choki 7 2028 SSBUCI 125.878
Choki 7 2028 SSBMedian 110.527
Choki 7 2028 SSBMean 111.304
Choki 7 2029 SSBF100 605.541
Choki 7 2029 SSBFabc 242.216
Choki 7 2029 SSBFofl 211.939
Choki 7 2029 SSBLCI 96.8224
Choki 7 2029 SSBUCI 124.617
Choki 7 2029 SSBMedian 108.66
Choki 7 2029 SSBMean 109.311
Choki 7 2030 SSBF100 605.541
Choki 7 2030 SSBFabc 242.216
Choki 7 2030 SSBFofl 211.939
Choki 7 2030 SSBLCI 93.1441
Choki 7 2030 SSBUCI 125.008
Choki 7 2030 SSBMedian 106.662
Choki 7 2030 SSBMean 107.412
Choki 7 2031 SSBF100 605.541
Choki 7 2031 SSBFabc 242.216
Choki 7 2031 SSBFofl 211.939
Choki 7 2031 SSBLCI 90.8091
Choki 7 2031 SSBUCI 125.177
Choki 7 2031 SSBMedian 104.879
Choki 7 2031 SSBMean 105.788
Choki 7 2032 SSBF100 605.541
Choki 7 2032 SSBFabc 242.216
Choki 7 2032 SSBFofl 211.939
Choki 7 2032 SSBLCI 88.1001
Choki 7 2032 SSBUCI 123.933
Choki 7 2032 SSBMedian 103.759
Choki 7 2032 SSBMean 104.531
Choki 7 2033 SSBF100 605.541
Choki 7 2033 SSBFabc 242.216
Choki 7 2033 SSBFofl 211.939
Choki 7 2033 SSBLCI 86.2976
Choki 7 2033 SSBUCI 124.21
Choki 7 2033 SSBMedian 102.408
Choki 7 2033 SSBMean 103.481
Choki 7 2034 SSBF100 605.541
Choki 7 2034 SSBFabc 242.216
Choki 7 2034 SSBFofl 211.939
Choki 7 2034 SSBLCI 84.8287
Choki 7 2034 SSBUCI 123.535
Choki 7 2034 SSBMedian 101.904
Choki 7 2034 SSBMean 102.607
Choki 7 2035 SSBF100 605.541
Choki 7 2035 SSBFabc 242.216
Choki 7 2035 SSBFofl 211.939
Choki 7 2035 SSBLCI 83.9249
Choki 7 2035 SSBUCI 122.12
Choki 7 2035 SSBMedian 101.115
Choki 7 2035 SSBMean 101.741
Choki 7 2022 F0 0 
Choki 7 2022 Fabc 0.214444
Choki 7 2022 Fofl 0.255309
Choki 7 2022  F_LCI 0.0551876
Choki 7 2022  F_UCI 0.0551876
Choki 7 2022  F_Median 0.0551876
Choki 7 2022  F_Mean 0.0551876
Choki 7 2023 F0 0 
Choki 7 2023 Fabc 0.214444
Choki 7 2023 Fofl 0.255309
Choki 7 2023  F_LCI 0.0899734
Choki 7 2023  F_UCI 0.0899925
Choki 7 2023  F_Median 0.0899804
Choki 7 2023  F_Mean 0.0899813
Choki 7 2024 F0 0 
Choki 7 2024 Fabc 0.214444
Choki 7 2024 Fofl 0.255309
Choki 7 2024  F_LCI 0.0969918
Choki 7 2024  F_UCI 0.0978716
Choki 7 2024  F_Median 0.0973136
Choki 7 2024  F_Mean 0.0973534
Choki 7 2025 F0 0 
Choki 7 2025 Fabc 0.214444
Choki 7 2025 Fofl 0.255309
Choki 7 2025  F_LCI 0.115436
Choki 7 2025  F_UCI 0.121613
Choki 7 2025  F_Median 0.117742
Choki 7 2025  F_Mean 0.118004
Choki 7 2026 F0 0 
Choki 7 2026 Fabc 0.214444
Choki 7 2026 Fofl 0.255309
Choki 7 2026  F_LCI 0.108457
Choki 7 2026  F_UCI 0.123557
Choki 7 2026  F_Median 0.114412
Choki 7 2026  F_Mean 0.114987
Choki 7 2027 F0 0 
Choki 7 2027 Fabc 0.214444
Choki 7 2027 Fofl 0.255309
Choki 7 2027  F_LCI 0.101612
Choki 7 2027  F_UCI 0.124156
Choki 7 2027  F_Median 0.110653
Choki 7 2027  F_Mean 0.11161
Choki 7 2028 F0 0 
Choki 7 2028 Fabc 0.214444
Choki 7 2028 Fofl 0.255309
Choki 7 2028  F_LCI 0.0979182
Choki 7 2028  F_UCI 0.126184
Choki 7 2028  F_Median 0.109161
Choki 7 2028  F_Mean 0.110023
Choki 7 2029 F0 0 
Choki 7 2029 Fabc 0.214444
Choki 7 2029 Fofl 0.255309
Choki 7 2029  F_LCI 0.093965
Choki 7 2029  F_UCI 0.124789
Choki 7 2029  F_Median 0.107091
Choki 7 2029  F_Mean 0.107813
Choki 7 2030 F0 0 
Choki 7 2030 Fabc 0.214444
Choki 7 2030 Fofl 0.255309
Choki 7 2030  F_LCI 0.0898845
Choki 7 2030  F_UCI 0.125219
Choki 7 2030  F_Median 0.104875
Choki 7 2030  F_Mean 0.105708
Choki 7 2031 F0 0 
Choki 7 2031 Fabc 0.214444
Choki 7 2031 Fofl 0.255309
Choki 7 2031  F_LCI 0.0872967
Choki 7 2031  F_UCI 0.125407
Choki 7 2031  F_Median 0.102897
Choki 7 2031  F_Mean 0.103906
Choki 7 2032 F0 0 
Choki 7 2032 Fabc 0.214444
Choki 7 2032 Fofl 0.255309
Choki 7 2032  F_LCI 0.0842903
Choki 7 2032  F_UCI 0.124031
Choki 7 2032  F_Median 0.101656
Choki 7 2032  F_Mean 0.102512
Choki 7 2033 F0 0 
Choki 7 2033 Fabc 0.214444
Choki 7 2033 Fofl 0.255309
Choki 7 2033  F_LCI 0.082292
Choki 7 2033  F_UCI 0.124335
Choki 7 2033  F_Median 0.100157
Choki 7 2033  F_Mean 0.101348
Choki 7 2034 F0 0 
Choki 7 2034 Fabc 0.214444
Choki 7 2034 Fofl 0.255309
Choki 7 2034  F_LCI 0.0806627
Choki 7 2034  F_UCI 0.123587
Choki 7 2034  F_Median 0.0996
Choki 7 2034  F_Mean 0.100379
Choki 7 2035 F0 0 
Choki 7 2035 Fabc 0.214444
Choki 7 2035 Fofl 0.255309
Choki 7 2035  F_LCI 0.0796613
Choki 7 2035  F_UCI 0.122016
Choki 7 2035  F_Median 0.0987247
Choki 7 2035  F_Mean 0.0994187
