Alternative 1 Catch
     Model_1_goa_dr_2022.dat 
Equil_Fabc 4.6223 
Year 
2022 2.58601 
2023 3.58041 
2024 4.124 
2025 3.752 
2026 6.81171 
2027 6.1348 
2028 5.57107 
2029 5.17304 
2030 4.94519 
2031 4.79241 
2032 4.67484 
2033 4.59946 
2034 4.5541 
2035 4.53126 

Alternative 1 ABCs
     Model_1_goa_dr_2022.dat 

Year 
2022  NA 
2023  NA 
2024  NA 
2025  NA 
2026 6.81171 
2027 6.1348 
2028 5.57107 
2029 5.17304 
2030 4.94519 
2031 4.79241 
2032 4.67484 
2033 4.59946 
2034 4.5541 
2035 4.53126 

Alternative 1 TACs
     Model_1_goa_dr_2022.dat 

Year 
2022  NA 
2023  NA 
2024  NA 
2025  NA 
2026 6.81171 
2027 6.1348 
2028 5.57107 
2029 5.17304 
2030 4.94519 
2031 4.79241 
2032 4.67484 
2033 4.59946 
2034 4.5541 
2035 4.53126 

Alternative 1 Sp_Biomass
     Model_1_goa_dr_2022.dat 
Equil_Fabc 26.2259 
Year 
2022 45.0556 
2023 44.6216 
2024 43.1968 
2025 41.1999 
2026 38.869 
2027 35.3933 
2028 32.4889 
2029 30.2793 
2030 28.7669 
2031 27.817 
2032 27.2602 
2033 26.954 
2034 26.7939 
2035 26.7218 

Alternative 1 Fishing Mortality
     Model_1_goa_dr_2022.dat 
Equil_Fabc 0.0913417 
Year 
2022 0.028508 
2023 0.0403043 
2024 0.048416 
2025 0.0464289 
2026 0.0913417 
2027 0.0913417 
2028 0.0913417 
2029 0.0913417 
2030 0.0913316 
2031 0.0905307 
2032 0.0892281 
2033 0.0882641 
2034 0.0876705 
2035 0.0873294 

Alternative 1 Biomass
     Model_1_goa_dr_2022.dat 

Year 
2022 109.82 
2023 107.218 
2024 103.997 
2025 100.827 
2026 98.5793 
2027 93.7904 
2028 90.2909 
2029 87.8985 
2030 86.3102 
2031 85.3106 
2032 84.6232 
2033 84.2185 
2034 83.9109 
2035 83.7208 

Alternative 1 Implied SPR rate 
     Model_1_goa_dr_2022.dat 
Equil_Fabc 0.4 
Year 
2022 0.688122 
2023 0.607651 
2024 0.562001 
2025 0.572568 
2026 0.4 
2027 0.4 
2028 0.4 
2029 0.4 
2030 0.400028 
2031 0.40227 
2032 0.406029 
2033 0.408903 
2034 0.410725 
2035 0.411794 

  Model_1_goa_dr_2022.dat 
EquilAvgAgeF0  12.9802 
EquilAvgAgeFabc  7.76878 
AvgAgeYr2035 8.40558 
Alternative 2 Catch
     Model_1_goa_dr_2022.dat 
Equil_Fabc 4.6223 
Year 
2022 2.58601 
2023 3.58041 
2024 4.124 
2025 3.752 
2026 6.81171 
2027 6.1348 
2028 5.57107 
2029 5.17304 
2030 4.94519 
2031 4.79241 
2032 4.67484 
2033 4.59946 
2034 4.5541 
2035 4.53126 

Alternative 2 ABCs
     Model_1_goa_dr_2022.dat 

Year 
2022  NA 
2023  NA 
2024  NA 
2025  NA 
2026 6.81171 
2027 6.1348 
2028 5.57107 
2029 5.17304 
2030 4.94519 
2031 4.79241 
2032 4.67484 
2033 4.59946 
2034 4.5541 
2035 4.53126 

Alternative 2 TACs
     Model_1_goa_dr_2022.dat 

Year 
2022  NA 
2023  NA 
2024  NA 
2025  NA 
2026 6.81171 
2027 6.1348 
2028 5.57107 
2029 5.17304 
2030 4.94519 
2031 4.79241 
2032 4.67484 
2033 4.59946 
2034 4.5541 
2035 4.53126 

Alternative 2 Sp_Biomass
     Model_1_goa_dr_2022.dat 
Equil_Fabc 26.2259 
Year 
2022 45.0556 
2023 44.6216 
2024 43.1968 
2025 41.1999 
2026 38.869 
2027 35.3933 
2028 32.4889 
2029 30.2793 
2030 28.7669 
2031 27.817 
2032 27.2602 
2033 26.954 
2034 26.7939 
2035 26.7218 

Alternative 2 Fishing Mortality
     Model_1_goa_dr_2022.dat 
Equil_Fabc 0.0913417 
Year 
2022 0.028508 
2023 0.0403043 
2024 0.048416 
2025 0.0464289 
2026 0.0913417 
2027 0.0913417 
2028 0.0913417 
2029 0.0913417 
2030 0.0913316 
2031 0.0905307 
2032 0.0892281 
2033 0.0882641 
2034 0.0876705 
2035 0.0873294 

Alternative 2 Biomass
     Model_1_goa_dr_2022.dat 

Year 
2022 109.82 
2023 107.218 
2024 103.997 
2025 100.827 
2026 98.5793 
2027 93.7904 
2028 90.2909 
2029 87.8985 
2030 86.3102 
2031 85.3106 
2032 84.6232 
2033 84.2185 
2034 83.9109 
2035 83.7208 

Alternative 2 Implied SPR rate 
     Model_1_goa_dr_2022.dat 
Equil_Fabc 0.4 
Year 
2022 0.688122 
2023 0.607651 
2024 0.562001 
2025 0.572568 
2026 0.4 
2027 0.4 
2028 0.4 
2029 0.4 
2030 0.400028 
2031 0.40227 
2032 0.406029 
2033 0.408903 
2034 0.410725 
2035 0.411794 

  Model_1_goa_dr_2022.dat 
EquilAvgAgeF0  12.9802 
EquilAvgAgeFabc  7.76878 
AvgAgeYr2035 8.40558 
Alternative 3 Catch
     Model_1_goa_dr_2022.dat 
Equil_Fabc 4.6223 
Year 
2022 2.58601 
2023 3.58041 
2024 4.124 
2025 3.752 
2026 3.48087 
2027 3.27486 
2028 3.0997 
2029 2.98583 
2030 2.94224 
2031 2.94469 
2032 2.96694 
2033 2.99453 
2034 3.0226 
2035 3.05163 

Alternative 3 ABCs
     Model_1_goa_dr_2022.dat 

Year 
2022  NA 
2023  NA 
2024  NA 
2025  NA 
2026 3.48087 
2027 3.27486 
2028 3.0997 
2029 2.98583 
2030 2.94224 
2031 2.94469 
2032 2.96694 
2033 2.99453 
2034 3.0226 
2035 3.05163 

Alternative 3 TACs
     Model_1_goa_dr_2022.dat 

Year 
2022  NA 
2023  NA 
2024  NA 
2025  NA 
2026 3.48087 
2027 3.27486 
2028 3.0997 
2029 2.98583 
2030 2.94224 
2031 2.94469 
2032 2.96694 
2033 2.99453 
2034 3.0226 
2035 3.05163 

Alternative 3 Sp_Biomass
     Model_1_goa_dr_2022.dat 
Equil_Fabc 26.2259 
Year 
2022 45.0556 
2023 44.6216 
2024 43.1968 
2025 41.1999 
2026 39.1559 
2027 37.2187 
2028 35.5704 
2029 34.3674 
2030 33.6685 
2031 33.3977 
2032 33.4173 
2033 33.6058 
2034 33.8785 
2035 34.1896 

Alternative 3 Fishing Mortality
     Model_1_goa_dr_2022.dat 
Equil_Fabc 0.0913417 
Year 
2022 0.028508 
2023 0.0403043 
2024 0.048416 
2025 0.0464289 
2026 0.0456709 
2027 0.0456709 
2028 0.0456709 
2029 0.0456709 
2030 0.0456709 
2031 0.0456709 
2032 0.0456709 
2033 0.0456708 
2034 0.0456679 
2035 0.0456613 

Alternative 3 Biomass
     Model_1_goa_dr_2022.dat 

Year 
2022 109.82 
2023 107.218 
2024 103.997 
2025 100.827 
2026 98.5793 
2027 97.0821 
2028 96.2466 
2029 95.9945 
2030 96.1544 
2031 96.6332 
2032 97.1996 
2033 97.8531 
2034 98.4536 
2035 99.056 

Alternative 3 Implied SPR rate 
     Model_1_goa_dr_2022.dat 
Equil_Fabc 0.4 
Year 
2022 0.688122 
2023 0.607651 
2024 0.562001 
2025 0.572568 
2026 0.576699 
2027 0.576699 
2028 0.576699 
2029 0.576699 
2030 0.576699 
2031 0.576699 
2032 0.576699 
2033 0.5767 
2034 0.576716 
2035 0.576752 

  Model_1_goa_dr_2022.dat 
EquilAvgAgeF0  12.9802 
EquilAvgAgeFabc  7.76878 
AvgAgeYr2035 9.55239 
Alternative 4 Catch
     Model_1_goa_dr_2022.dat 
Equil_Fabc 4.6223 
Year 
2022 2.58601 
2023 3.58041 
2024 4.124 
2025 3.752 
2026 2.34797 
2027 2.24113 
2028 2.15066 
2029 2.09742 
2030 2.08854 
2031 2.10884 
2032 2.14123 
2033 2.17621 
2034 2.2106 
2035 2.24478 

Alternative 4 ABCs
     Model_1_goa_dr_2022.dat 

Year 
2022  NA 
2023  NA 
2024  NA 
2025  NA 
2026 2.34797 
2027 2.24113 
2028 2.15066 
2029 2.09742 
2030 2.08854 
2031 2.10884 
2032 2.14123 
2033 2.17621 
2034 2.2106 
2035 2.24478 

Alternative 4 TACs
     Model_1_goa_dr_2022.dat 

Year 
2022  NA 
2023  NA 
2024  NA 
2025  NA 
2026 2.34797 
2027 2.24113 
2028 2.15066 
2029 2.09742 
2030 2.08854 
2031 2.10884 
2032 2.14123 
2033 2.17621 
2034 2.2106 
2035 2.24478 

Alternative 4 Sp_Biomass
     Model_1_goa_dr_2022.dat 
Equil_Fabc 26.2259 
Year 
2022 45.0556 
2023 44.6216 
2024 43.1968 
2025 41.1999 
2026 39.2511 
2027 37.843 
2028 36.6557 
2029 35.8494 
2030 35.4951 
2031 35.5331 
2032 35.8386 
2033 36.2968 
2034 36.825 
2035 37.3773 

Alternative 4 Fishing Mortality
     Model_1_goa_dr_2022.dat 
Equil_Fabc 0.0913417 
Year 
2022 0.028508 
2023 0.0403043 
2024 0.048416 
2025 0.0464289 
2026 0.0305845 
2027 0.0305845 
2028 0.0305845 
2029 0.0305845 
2030 0.0305845 
2031 0.0305845 
2032 0.0305845 
2033 0.0305845 
2034 0.0305845 
2035 0.0305845 

Alternative 4 Biomass
     Model_1_goa_dr_2022.dat 

Year 
2022 109.82 
2023 107.218 
2024 103.997 
2025 100.827 
2026 98.5793 
2027 98.202 
2028 98.3328 
2029 98.9121 
2030 99.7992 
2031 100.933 
2032 102.103 
2033 103.32 
2034 104.449 
2035 105.546 

Alternative 4 Implied SPR rate 
     Model_1_goa_dr_2022.dat 
Equil_Fabc 0.4 
Year 
2022 0.688122 
2023 0.607651 
2024 0.562001 
2025 0.572568 
2026 0.672528 
2027 0.672528 
2028 0.672528 
2029 0.672528 
2030 0.672528 
2031 0.672528 
2032 0.672528 
2033 0.672528 
2034 0.672528 
2035 0.672528 

  Model_1_goa_dr_2022.dat 
EquilAvgAgeF0  12.9802 
EquilAvgAgeFabc  7.76878 
AvgAgeYr2035 9.99842 
Alternative 5 Catch
     Model_1_goa_dr_2022.dat 
Equil_Fabc 4.6223 
Year 
2022 2.58601 
2023 3.58041 
2024 4.124 
2025 3.752 
2026  NA 
2027  NA 
2028  NA 
2029  NA 
2030  NA 
2031  NA 
2032  NA 
2033  NA 
2034  NA 
2035  NA 

Alternative 5 ABCs
     Model_1_goa_dr_2022.dat 

Year 
2022  NA 
2023  NA 
2024  NA 
2025  NA 
2026  NA 
2027  NA 
2028  NA 
2029  NA 
2030  NA 
2031  NA 
2032  NA 
2033  NA 
2034  NA 
2035  NA 

Alternative 5 TACs
     Model_1_goa_dr_2022.dat 

Year 
2022  NA 
2023  NA 
2024  NA 
2025  NA 
2026  NA 
2027  NA 
2028  NA 
2029  NA 
2030  NA 
2031  NA 
2032  NA 
2033  NA 
2034  NA 
2035  NA 

Alternative 5 Sp_Biomass
     Model_1_goa_dr_2022.dat 
Equil_Fabc 26.2259 
Year 
2022 45.0556 
2023 44.6216 
2024 43.1968 
2025 41.1999 
2026 39.4449 
2027 39.1423 
2028 38.9657 
2029 39.0741 
2030 39.5558 
2031 40.3785 
2032 41.4395 
2033 42.6355 
2034 43.8856 
2035 45.1417 

Alternative 5 Fishing Mortality
     Model_1_goa_dr_2022.dat 
Equil_Fabc 0.0913417 
Year 
2022 0.028508 
2023 0.0403043 
2024 0.048416 
2025 0.0464289 
2026  NA 
2027  NA 
2028  NA 
2029  NA 
2030  NA 
2031  NA 
2032  NA 
2033  NA 
2034  NA 
2035  NA 

Alternative 5 Biomass
     Model_1_goa_dr_2022.dat 

Year 
2022 109.82 
2023 107.218 
2024 103.997 
2025 100.827 
2026 98.5793 
2027 100.524 
2028 102.755 
2029 105.232 
2030 107.862 
2031 110.637 
2032 113.381 
2033 116.122 
2034 118.728 
2035 121.257 

Alternative 5 Implied SPR rate 
     Model_1_goa_dr_2022.dat 
Equil_Fabc 0.4 
Year 
2022 0.688122 
2023 0.607651 
2024 0.562001 
2025 0.572568 
2026 1 
2027 1 
2028 1 
2029 1 
2030 1 
2031 1 
2032 1 
2033 1 
2034 1 
2035 1 

  Model_1_goa_dr_2022.dat 
EquilAvgAgeF0  12.9802 
EquilAvgAgeFabc  7.76878 
AvgAgeYr2035 10.9832 
Alternative 6 Catch
     Model_1_goa_dr_2022.dat 
Equil_Fabc 4.6223 
Year 
2022 2.58601 
2023 9.64377 
2024 8.67261 
2025 7.752 
2026 6.88899 
2027 6.12059 
2028 5.4668 
2029 4.7665 
2030 4.42748 
2031 4.32743 
2032 4.3366 
2033 4.38445 
2034 4.44204 
2035 4.50431 

Alternative 6 ABCs
     Model_1_goa_dr_2022.dat 

Year 
2022 9.79664 
2023 9.64377 
2024 8.67261 
2025 7.752 
2026 6.88899 
2027 6.12059 
2028 5.4668 
2029 4.7665 
2030 4.42748 
2031 4.32743 
2032 4.3366 
2033 4.38445 
2034 4.44204 
2035 4.50431 

Alternative 6 TACs
     Model_1_goa_dr_2022.dat 

Year 
2022  NA 
2023 9.64377 
2024 8.67261 
2025 7.752 
2026 6.88899 
2027 6.12059 
2028 5.4668 
2029 4.7665 
2030 4.42748 
2031 4.32743 
2032 4.3366 
2033 4.38445 
2034 4.44204 
2035 4.50431 

Alternative 6 Sp_Biomass
     Model_1_goa_dr_2022.dat 
Equil_Fabc 26.2259 
Year 
2022 45.0556 
2023 44.1112 
2024 39.9626 
2025 35.9403 
2026 32.2223 
2027 28.9858 
2028 26.3949 
2029 24.5766 
2030 23.5791 
2031 23.1634 
2032 23.0846 
2033 23.1717 
2034 23.3258 
2035 23.501 

Alternative 6 Fishing Mortality
     Model_1_goa_dr_2022.dat 
Equil_Fabc 0.0913417 
Year 
2022 0.028508 
2023 0.112301 
2024 0.112301 
2025 0.112301 
2026 0.112301 
2027 0.112301 
2028 0.111493 
2029 0.10445 
2030 0.0999012 
2031 0.0978425 
2032 0.0972453 
2033 0.0973756 
2034 0.0978099 
2035 0.0983744 

Alternative 6 Biomass
     Model_1_goa_dr_2022.dat 

Year 
2022 109.82 
2023 107.218 
2024 97.9633 
2025 90.5362 
2026 84.7991 
2027 80.5984 
2028 77.7824 
2029 76.1534 
2030 75.6008 
2031 75.7016 
2032 76.0099 
2033 76.4232 
2034 76.7656 
2035 77.0845 

Alternative 6 Implied SPR rate 
     Model_1_goa_dr_2022.dat 
Equil_Fabc 0.4 
Year 
2022 0.688122 
2023 0.35 
2024 0.35 
2025 0.35 
2026 0.35 
2027 0.35 
2028 0.351714 
2029 0.367472 
2030 0.378561 
2031 0.38401 
2032 0.385823 
2033 0.385703 
2034 0.384721 
2035 0.383362 

  Model_1_goa_dr_2022.dat 
EquilAvgAgeF0  12.9802 
EquilAvgAgeFabc  7.76878 
AvgAgeYr2035 7.803 
Alternative 7 Catch
     Model_1_goa_dr_2022.dat 
Equil_Fabc 4.6223 
Year 
2022 2.58601 
2023 7.92133 
2024 7.26582 
2025 8.05986 
2026 7.15369 
2027 6.34637 
2028 5.69533 
2029 5.04187 
2030 4.63584 
2031 4.48388 
2032 4.45499 
2033 4.47417 
2034 4.5098 
2035 4.55535 

Alternative 7 ABCs
     Model_1_goa_dr_2022.dat 

Year 
2022 9.79664 
2023 9.64377 
2024 8.84539 
2025 8.05987 
2026 7.15369 
2027 6.34637 
2028 5.69533 
2029 5.04187 
2030 4.63584 
2031 4.48388 
2032 4.45499 
2033 4.47417 
2034 4.5098 
2035 4.55535 

Alternative 7 TACs
     Model_1_goa_dr_2022.dat 

Year 
2022  NA 
2023 9.64377 
2024 8.84539 
2025 8.05987 
2026 7.15369 
2027 6.34637 
2028 5.69533 
2029 5.04187 
2030 4.63584 
2031 4.48388 
2032 4.45499 
2033 4.47417 
2034 4.5098 
2035 4.55535 

Alternative 7 Sp_Biomass
     Model_1_goa_dr_2022.dat 
Equil_Fabc 26.2259 
Year 
2022 45.0556 
2023 44.2592 
2024 40.8929 
2025 37.3628 
2026 33.4535 
2027 30.0417 
2028 27.2911 
2029 25.3117 
2030 24.1481 
2031 23.6035 
2032 23.4244 
2033 23.433 
2034 23.526 
2035 23.6538 

Alternative 7 Fishing Mortality
     Model_1_goa_dr_2022.dat 
Equil_Fabc 0.0913417 
Year 
2022 0.028508 
2023 0.0913417 
2024 0.0913417 
2025 0.112301 
2026 0.112301 
2027 0.112301 
2028 0.1123 
2029 0.107332 
2030 0.102225 
2031 0.0996041 
2032 0.0985701 
2033 0.0983672 
2034 0.0985463 
2035 0.0989175 

Alternative 7 Biomass
     Model_1_goa_dr_2022.dat 

Year 
2022 109.82 
2023 107.218 
2024 99.6768 
2025 93.5728 
2026 87.3925 
2027 82.8033 
2028 79.6504 
2029 77.6947 
2030 76.7832 
2031 76.6075 
2032 76.7041 
2033 76.9541 
2034 77.1707 
2035 77.393 

Alternative 7 Implied SPR rate 
     Model_1_goa_dr_2022.dat 
Equil_Fabc 0.4 
Year 
2022 0.688122 
2023 0.4 
2024 0.4 
2025 0.35 
2026 0.35 
2027 0.35 
2028 0.350002 
2029 0.360885 
2030 0.372912 
2031 0.379567 
2032 0.382422 
2033 0.38314 
2034 0.382814 
2035 0.381957 

  Model_1_goa_dr_2022.dat 
EquilAvgAgeF0  12.9802 
EquilAvgAgeFabc  7.76878 
AvgAgeYr2035 7.84186 
