Model_1_goa_dr_2022.dat 1 2022 Cabc 4.6223
Model_1_goa_dr_2022.dat 1 2022 Cofl 4.9419
Model_1_goa_dr_2022.dat 1 2022 CLCI 2.58601
Model_1_goa_dr_2022.dat 1 2022 CUCI 2.58601
Model_1_goa_dr_2022.dat 1 2022 CMedian 2.58601
Model_1_goa_dr_2022.dat 1 2022 CMean 2.58601
Model_1_goa_dr_2022.dat 1 2023 Cabc 4.6223
Model_1_goa_dr_2022.dat 1 2023 Cofl 4.9419
Model_1_goa_dr_2022.dat 1 2023 CLCI 3.58041
Model_1_goa_dr_2022.dat 1 2023 CUCI 3.58041
Model_1_goa_dr_2022.dat 1 2023 CMedian 3.58041
Model_1_goa_dr_2022.dat 1 2023 CMean 3.58041
Model_1_goa_dr_2022.dat 1 2024 Cabc 4.6223
Model_1_goa_dr_2022.dat 1 2024 Cofl 4.9419
Model_1_goa_dr_2022.dat 1 2024 CLCI 4.124
Model_1_goa_dr_2022.dat 1 2024 CUCI 4.124
Model_1_goa_dr_2022.dat 1 2024 CMedian 4.124
Model_1_goa_dr_2022.dat 1 2024 CMean 4.124
Model_1_goa_dr_2022.dat 1 2025 Cabc 4.6223
Model_1_goa_dr_2022.dat 1 2025 Cofl 4.9419
Model_1_goa_dr_2022.dat 1 2025 CLCI 3.752
Model_1_goa_dr_2022.dat 1 2025 CUCI 3.752
Model_1_goa_dr_2022.dat 1 2025 CMedian 3.752
Model_1_goa_dr_2022.dat 1 2025 CMean 3.752
Model_1_goa_dr_2022.dat 1 2026 Cabc 4.6223
Model_1_goa_dr_2022.dat 1 2026 Cofl 4.9419
Model_1_goa_dr_2022.dat 1 2026 CLCI 6.80458
Model_1_goa_dr_2022.dat 1 2026 CUCI 6.82389
Model_1_goa_dr_2022.dat 1 2026 CMedian 6.8102
Model_1_goa_dr_2022.dat 1 2026 CMean 6.81171
Model_1_goa_dr_2022.dat 1 2027 Cabc 4.6223
Model_1_goa_dr_2022.dat 1 2027 Cofl 4.9419
Model_1_goa_dr_2022.dat 1 2027 CLCI 6.10904
Model_1_goa_dr_2022.dat 1 2027 CUCI 6.17844
Model_1_goa_dr_2022.dat 1 2027 CMedian 6.12943
Model_1_goa_dr_2022.dat 1 2027 CMean 6.1348
Model_1_goa_dr_2022.dat 1 2028 Cabc 4.6223
Model_1_goa_dr_2022.dat 1 2028 Cofl 4.9419
Model_1_goa_dr_2022.dat 1 2028 CLCI 5.48951
Model_1_goa_dr_2022.dat 1 2028 CUCI 5.7043
Model_1_goa_dr_2022.dat 1 2028 CMedian 5.55394
Model_1_goa_dr_2022.dat 1 2028 CMean 5.57107
Model_1_goa_dr_2022.dat 1 2029 Cabc 4.6223
Model_1_goa_dr_2022.dat 1 2029 Cofl 4.9419
Model_1_goa_dr_2022.dat 1 2029 CLCI 4.96666
Model_1_goa_dr_2022.dat 1 2029 CUCI 5.50237
Model_1_goa_dr_2022.dat 1 2029 CMedian 5.13497
Model_1_goa_dr_2022.dat 1 2029 CMean 5.17304
Model_1_goa_dr_2022.dat 1 2030 Cabc 4.6223
Model_1_goa_dr_2022.dat 1 2030 Cofl 4.9419
Model_1_goa_dr_2022.dat 1 2030 CLCI 4.56199
Model_1_goa_dr_2022.dat 1 2030 CUCI 5.53546
Model_1_goa_dr_2022.dat 1 2030 CMedian 4.8842
Model_1_goa_dr_2022.dat 1 2030 CMean 4.94519
Model_1_goa_dr_2022.dat 1 2031 Cabc 4.6223
Model_1_goa_dr_2022.dat 1 2031 Cofl 4.9419
Model_1_goa_dr_2022.dat 1 2031 CLCI 4.07171
Model_1_goa_dr_2022.dat 1 2031 CUCI 5.64223
Model_1_goa_dr_2022.dat 1 2031 CMedian 4.73621
Model_1_goa_dr_2022.dat 1 2031 CMean 4.79241
Model_1_goa_dr_2022.dat 1 2032 Cabc 4.6223
Model_1_goa_dr_2022.dat 1 2032 Cofl 4.9419
Model_1_goa_dr_2022.dat 1 2032 CLCI 3.69461
Model_1_goa_dr_2022.dat 1 2032 CUCI 5.74362
Model_1_goa_dr_2022.dat 1 2032 CMedian 4.66098
Model_1_goa_dr_2022.dat 1 2032 CMean 4.67484
Model_1_goa_dr_2022.dat 1 2033 Cabc 4.6223
Model_1_goa_dr_2022.dat 1 2033 Cofl 4.9419
Model_1_goa_dr_2022.dat 1 2033 CLCI 3.42446
Model_1_goa_dr_2022.dat 1 2033 CUCI 5.83966
Model_1_goa_dr_2022.dat 1 2033 CMedian 4.61596
Model_1_goa_dr_2022.dat 1 2033 CMean 4.59946
Model_1_goa_dr_2022.dat 1 2034 Cabc 4.6223
Model_1_goa_dr_2022.dat 1 2034 Cofl 4.9419
Model_1_goa_dr_2022.dat 1 2034 CLCI 3.28285
Model_1_goa_dr_2022.dat 1 2034 CUCI 5.88808
Model_1_goa_dr_2022.dat 1 2034 CMedian 4.58067
Model_1_goa_dr_2022.dat 1 2034 CMean 4.5541
Model_1_goa_dr_2022.dat 1 2035 Cabc 4.6223
Model_1_goa_dr_2022.dat 1 2035 Cofl 4.9419
Model_1_goa_dr_2022.dat 1 2035 CLCI 3.1836
Model_1_goa_dr_2022.dat 1 2035 CUCI 5.94898
Model_1_goa_dr_2022.dat 1 2035 CMedian 4.56225
Model_1_goa_dr_2022.dat 1 2035 CMean 4.53126
Model_1_goa_dr_2022.dat 1 2022 SSBF100 65.5649
Model_1_goa_dr_2022.dat 1 2022 SSBFabc 26.2259
Model_1_goa_dr_2022.dat 1 2022 SSBFofl 22.9477
Model_1_goa_dr_2022.dat 1 2022 SSBLCI 45.0556
Model_1_goa_dr_2022.dat 1 2022 SSBUCI 45.0556
Model_1_goa_dr_2022.dat 1 2022 SSBMedian 45.0556
Model_1_goa_dr_2022.dat 1 2022 SSBMean 45.0556
Model_1_goa_dr_2022.dat 1 2023 SSBF100 65.5649
Model_1_goa_dr_2022.dat 1 2023 SSBFabc 26.2259
Model_1_goa_dr_2022.dat 1 2023 SSBFofl 22.9477
Model_1_goa_dr_2022.dat 1 2023 SSBLCI 44.6122
Model_1_goa_dr_2022.dat 1 2023 SSBUCI 44.639
Model_1_goa_dr_2022.dat 1 2023 SSBMedian 44.6191
Model_1_goa_dr_2022.dat 1 2023 SSBMean 44.6216
Model_1_goa_dr_2022.dat 1 2024 SSBF100 65.5649
Model_1_goa_dr_2022.dat 1 2024 SSBFabc 26.2259
Model_1_goa_dr_2022.dat 1 2024 SSBFofl 22.9477
Model_1_goa_dr_2022.dat 1 2024 SSBLCI 43.1641
Model_1_goa_dr_2022.dat 1 2024 SSBUCI 43.2505
Model_1_goa_dr_2022.dat 1 2024 SSBMedian 43.1899
Model_1_goa_dr_2022.dat 1 2024 SSBMean 43.1968
Model_1_goa_dr_2022.dat 1 2025 SSBF100 65.5649
Model_1_goa_dr_2022.dat 1 2025 SSBFabc 26.2259
Model_1_goa_dr_2022.dat 1 2025 SSBFofl 22.9477
Model_1_goa_dr_2022.dat 1 2025 SSBLCI 41.1111
Model_1_goa_dr_2022.dat 1 2025 SSBUCI 41.3418
Model_1_goa_dr_2022.dat 1 2025 SSBMedian 41.1812
Model_1_goa_dr_2022.dat 1 2025 SSBMean 41.1999
Model_1_goa_dr_2022.dat 1 2026 SSBF100 65.5649
Model_1_goa_dr_2022.dat 1 2026 SSBFabc 26.2259
Model_1_goa_dr_2022.dat 1 2026 SSBFofl 22.9477
Model_1_goa_dr_2022.dat 1 2026 SSBLCI 38.659
Model_1_goa_dr_2022.dat 1 2026 SSBUCI 39.1962
Model_1_goa_dr_2022.dat 1 2026 SSBMedian 38.8302
Model_1_goa_dr_2022.dat 1 2026 SSBMean 38.869
Model_1_goa_dr_2022.dat 1 2027 SSBF100 65.5649
Model_1_goa_dr_2022.dat 1 2027 SSBFabc 26.2259
Model_1_goa_dr_2022.dat 1 2027 SSBFofl 22.9477
Model_1_goa_dr_2022.dat 1 2027 SSBLCI 34.9467
Model_1_goa_dr_2022.dat 1 2027 SSBUCI 36.0811
Model_1_goa_dr_2022.dat 1 2027 SSBMedian 35.3242
Model_1_goa_dr_2022.dat 1 2027 SSBMean 35.3933
Model_1_goa_dr_2022.dat 1 2028 SSBF100 65.5649
Model_1_goa_dr_2022.dat 1 2028 SSBFabc 26.2259
Model_1_goa_dr_2022.dat 1 2028 SSBFofl 22.9477
Model_1_goa_dr_2022.dat 1 2028 SSBLCI 31.633
Model_1_goa_dr_2022.dat 1 2028 SSBUCI 33.7749
Model_1_goa_dr_2022.dat 1 2028 SSBMedian 32.3478
Model_1_goa_dr_2022.dat 1 2028 SSBMean 32.4889
Model_1_goa_dr_2022.dat 1 2029 SSBF100 65.5649
Model_1_goa_dr_2022.dat 1 2029 SSBFabc 26.2259
Model_1_goa_dr_2022.dat 1 2029 SSBFofl 22.9477
Model_1_goa_dr_2022.dat 1 2029 SSBLCI 28.8314
Model_1_goa_dr_2022.dat 1 2029 SSBUCI 32.4736
Model_1_goa_dr_2022.dat 1 2029 SSBMedian 30.0535
Model_1_goa_dr_2022.dat 1 2029 SSBMean 30.2793
Model_1_goa_dr_2022.dat 1 2030 SSBF100 65.5649
Model_1_goa_dr_2022.dat 1 2030 SSBFabc 26.2259
Model_1_goa_dr_2022.dat 1 2030 SSBFofl 22.9477
Model_1_goa_dr_2022.dat 1 2030 SSBLCI 26.5882
Model_1_goa_dr_2022.dat 1 2030 SSBUCI 31.9017
Model_1_goa_dr_2022.dat 1 2030 SSBMedian 28.3904
Model_1_goa_dr_2022.dat 1 2030 SSBMean 28.7669
Model_1_goa_dr_2022.dat 1 2031 SSBF100 65.5649
Model_1_goa_dr_2022.dat 1 2031 SSBFabc 26.2259
Model_1_goa_dr_2022.dat 1 2031 SSBFofl 22.9477
Model_1_goa_dr_2022.dat 1 2031 SSBLCI 24.9238
Model_1_goa_dr_2022.dat 1 2031 SSBUCI 32.0136
Model_1_goa_dr_2022.dat 1 2031 SSBMedian 27.39
Model_1_goa_dr_2022.dat 1 2031 SSBMean 27.817
Model_1_goa_dr_2022.dat 1 2032 SSBF100 65.5649
Model_1_goa_dr_2022.dat 1 2032 SSBFabc 26.2259
Model_1_goa_dr_2022.dat 1 2032 SSBFofl 22.9477
Model_1_goa_dr_2022.dat 1 2032 SSBLCI 23.7111
Model_1_goa_dr_2022.dat 1 2032 SSBUCI 32.3471
Model_1_goa_dr_2022.dat 1 2032 SSBMedian 26.7437
Model_1_goa_dr_2022.dat 1 2032 SSBMean 27.2602
Model_1_goa_dr_2022.dat 1 2033 SSBF100 65.5649
Model_1_goa_dr_2022.dat 1 2033 SSBFabc 26.2259
Model_1_goa_dr_2022.dat 1 2033 SSBFofl 22.9477
Model_1_goa_dr_2022.dat 1 2033 SSBLCI 22.8389
Model_1_goa_dr_2022.dat 1 2033 SSBUCI 32.746
Model_1_goa_dr_2022.dat 1 2033 SSBMedian 26.4123
Model_1_goa_dr_2022.dat 1 2033 SSBMean 26.954
Model_1_goa_dr_2022.dat 1 2034 SSBF100 65.5649
Model_1_goa_dr_2022.dat 1 2034 SSBFabc 26.2259
Model_1_goa_dr_2022.dat 1 2034 SSBFofl 22.9477
Model_1_goa_dr_2022.dat 1 2034 SSBLCI 22.3614
Model_1_goa_dr_2022.dat 1 2034 SSBUCI 33.0241
Model_1_goa_dr_2022.dat 1 2034 SSBMedian 26.213
Model_1_goa_dr_2022.dat 1 2034 SSBMean 26.7939
Model_1_goa_dr_2022.dat 1 2035 SSBF100 65.5649
Model_1_goa_dr_2022.dat 1 2035 SSBFabc 26.2259
Model_1_goa_dr_2022.dat 1 2035 SSBFofl 22.9477
Model_1_goa_dr_2022.dat 1 2035 SSBLCI 22.0412
Model_1_goa_dr_2022.dat 1 2035 SSBUCI 33.1992
Model_1_goa_dr_2022.dat 1 2035 SSBMedian 26.1563
Model_1_goa_dr_2022.dat 1 2035 SSBMean 26.7218
Model_1_goa_dr_2022.dat 1 2022 F0 0 
Model_1_goa_dr_2022.dat 1 2022 Fabc 0.0913417
Model_1_goa_dr_2022.dat 1 2022 Fofl 0.112301
Model_1_goa_dr_2022.dat 1 2022  F_LCI 0.028508
Model_1_goa_dr_2022.dat 1 2022  F_UCI 0.028508
Model_1_goa_dr_2022.dat 1 2022  F_Median 0.028508
Model_1_goa_dr_2022.dat 1 2022  F_Mean 0.028508
Model_1_goa_dr_2022.dat 1 2023 F0 0 
Model_1_goa_dr_2022.dat 1 2023 Fabc 0.0913417
Model_1_goa_dr_2022.dat 1 2023 Fofl 0.112301
Model_1_goa_dr_2022.dat 1 2023  F_LCI 0.0403036
Model_1_goa_dr_2022.dat 1 2023  F_UCI 0.0403047
Model_1_goa_dr_2022.dat 1 2023  F_Median 0.0403044
Model_1_goa_dr_2022.dat 1 2023  F_Mean 0.0403043
Model_1_goa_dr_2022.dat 1 2024 F0 0 
Model_1_goa_dr_2022.dat 1 2024 Fabc 0.0913417
Model_1_goa_dr_2022.dat 1 2024 Fofl 0.112301
Model_1_goa_dr_2022.dat 1 2024  F_LCI 0.0484116
Model_1_goa_dr_2022.dat 1 2024  F_UCI 0.0484185
Model_1_goa_dr_2022.dat 1 2024  F_Median 0.0484165
Model_1_goa_dr_2022.dat 1 2024  F_Mean 0.048416
Model_1_goa_dr_2022.dat 1 2025 F0 0 
Model_1_goa_dr_2022.dat 1 2025 Fabc 0.0913417
Model_1_goa_dr_2022.dat 1 2025 Fofl 0.112301
Model_1_goa_dr_2022.dat 1 2025  F_LCI 0.0464088
Model_1_goa_dr_2022.dat 1 2025  F_UCI 0.0464403
Model_1_goa_dr_2022.dat 1 2025  F_Median 0.0464313
Model_1_goa_dr_2022.dat 1 2025  F_Mean 0.0464289
Model_1_goa_dr_2022.dat 1 2026 F0 0 
Model_1_goa_dr_2022.dat 1 2026 Fabc 0.0913417
Model_1_goa_dr_2022.dat 1 2026 Fofl 0.112301
Model_1_goa_dr_2022.dat 1 2026  F_LCI 0.0913417
Model_1_goa_dr_2022.dat 1 2026  F_UCI 0.0913417
Model_1_goa_dr_2022.dat 1 2026  F_Median 0.0913417
Model_1_goa_dr_2022.dat 1 2026  F_Mean 0.0913417
Model_1_goa_dr_2022.dat 1 2027 F0 0 
Model_1_goa_dr_2022.dat 1 2027 Fabc 0.0913417
Model_1_goa_dr_2022.dat 1 2027 Fofl 0.112301
Model_1_goa_dr_2022.dat 1 2027  F_LCI 0.0913417
Model_1_goa_dr_2022.dat 1 2027  F_UCI 0.0913417
Model_1_goa_dr_2022.dat 1 2027  F_Median 0.0913417
Model_1_goa_dr_2022.dat 1 2027  F_Mean 0.0913417
Model_1_goa_dr_2022.dat 1 2028 F0 0 
Model_1_goa_dr_2022.dat 1 2028 Fabc 0.0913417
Model_1_goa_dr_2022.dat 1 2028 Fofl 0.112301
Model_1_goa_dr_2022.dat 1 2028  F_LCI 0.0913417
Model_1_goa_dr_2022.dat 1 2028  F_UCI 0.0913417
Model_1_goa_dr_2022.dat 1 2028  F_Median 0.0913417
Model_1_goa_dr_2022.dat 1 2028  F_Mean 0.0913417
Model_1_goa_dr_2022.dat 1 2029 F0 0 
Model_1_goa_dr_2022.dat 1 2029 Fabc 0.0913417
Model_1_goa_dr_2022.dat 1 2029 Fofl 0.112301
Model_1_goa_dr_2022.dat 1 2029  F_LCI 0.0913417
Model_1_goa_dr_2022.dat 1 2029  F_UCI 0.0913417
Model_1_goa_dr_2022.dat 1 2029  F_Median 0.0913417
Model_1_goa_dr_2022.dat 1 2029  F_Mean 0.0913417
Model_1_goa_dr_2022.dat 1 2030 F0 0 
Model_1_goa_dr_2022.dat 1 2030 Fabc 0.0913417
Model_1_goa_dr_2022.dat 1 2030 Fofl 0.112301
Model_1_goa_dr_2022.dat 1 2030  F_LCI 0.0913417
Model_1_goa_dr_2022.dat 1 2030  F_UCI 0.0913417
Model_1_goa_dr_2022.dat 1 2030  F_Median 0.0913417
Model_1_goa_dr_2022.dat 1 2030  F_Mean 0.0913316
Model_1_goa_dr_2022.dat 1 2031 F0 0 
Model_1_goa_dr_2022.dat 1 2031 Fabc 0.0913417
Model_1_goa_dr_2022.dat 1 2031 Fofl 0.112301
Model_1_goa_dr_2022.dat 1 2031  F_LCI 0.0865678
Model_1_goa_dr_2022.dat 1 2031  F_UCI 0.0913417
Model_1_goa_dr_2022.dat 1 2031  F_Median 0.0913417
Model_1_goa_dr_2022.dat 1 2031  F_Mean 0.0905307
Model_1_goa_dr_2022.dat 1 2032 F0 0 
Model_1_goa_dr_2022.dat 1 2032 Fabc 0.0913417
Model_1_goa_dr_2022.dat 1 2032 Fofl 0.112301
Model_1_goa_dr_2022.dat 1 2032  F_LCI 0.0821217
Model_1_goa_dr_2022.dat 1 2032  F_UCI 0.0913417
Model_1_goa_dr_2022.dat 1 2032  F_Median 0.0913417
Model_1_goa_dr_2022.dat 1 2032  F_Mean 0.0892281
Model_1_goa_dr_2022.dat 1 2033 F0 0 
Model_1_goa_dr_2022.dat 1 2033 Fabc 0.0913417
Model_1_goa_dr_2022.dat 1 2033 Fofl 0.112301
Model_1_goa_dr_2022.dat 1 2033  F_LCI 0.0789241
Model_1_goa_dr_2022.dat 1 2033  F_UCI 0.0913417
Model_1_goa_dr_2022.dat 1 2033  F_Median 0.0913417
Model_1_goa_dr_2022.dat 1 2033  F_Mean 0.0882641
Model_1_goa_dr_2022.dat 1 2034 F0 0 
Model_1_goa_dr_2022.dat 1 2034 Fabc 0.0913417
Model_1_goa_dr_2022.dat 1 2034 Fofl 0.112301
Model_1_goa_dr_2022.dat 1 2034  F_LCI 0.0771735
Model_1_goa_dr_2022.dat 1 2034  F_UCI 0.0913417
Model_1_goa_dr_2022.dat 1 2034  F_Median 0.0912942
Model_1_goa_dr_2022.dat 1 2034  F_Mean 0.0876705
Model_1_goa_dr_2022.dat 1 2035 F0 0 
Model_1_goa_dr_2022.dat 1 2035 Fabc 0.0913417
Model_1_goa_dr_2022.dat 1 2035 Fofl 0.112301
Model_1_goa_dr_2022.dat 1 2035  F_LCI 0.0759998
Model_1_goa_dr_2022.dat 1 2035  F_UCI 0.0913417
Model_1_goa_dr_2022.dat 1 2035  F_Median 0.0910865
Model_1_goa_dr_2022.dat 1 2035  F_Mean 0.0873294
Model_1_goa_dr_2022.dat 2 2022 Cabc 4.6223
Model_1_goa_dr_2022.dat 2 2022 Cofl 4.9419
Model_1_goa_dr_2022.dat 2 2022 CLCI 2.58601
Model_1_goa_dr_2022.dat 2 2022 CUCI 2.58601
Model_1_goa_dr_2022.dat 2 2022 CMedian 2.58601
Model_1_goa_dr_2022.dat 2 2022 CMean 2.58601
Model_1_goa_dr_2022.dat 2 2023 Cabc 4.6223
Model_1_goa_dr_2022.dat 2 2023 Cofl 4.9419
Model_1_goa_dr_2022.dat 2 2023 CLCI 3.58041
Model_1_goa_dr_2022.dat 2 2023 CUCI 3.58041
Model_1_goa_dr_2022.dat 2 2023 CMedian 3.58041
Model_1_goa_dr_2022.dat 2 2023 CMean 3.58041
Model_1_goa_dr_2022.dat 2 2024 Cabc 4.6223
Model_1_goa_dr_2022.dat 2 2024 Cofl 4.9419
Model_1_goa_dr_2022.dat 2 2024 CLCI 4.124
Model_1_goa_dr_2022.dat 2 2024 CUCI 4.124
Model_1_goa_dr_2022.dat 2 2024 CMedian 4.124
Model_1_goa_dr_2022.dat 2 2024 CMean 4.124
Model_1_goa_dr_2022.dat 2 2025 Cabc 4.6223
Model_1_goa_dr_2022.dat 2 2025 Cofl 4.9419
Model_1_goa_dr_2022.dat 2 2025 CLCI 3.752
Model_1_goa_dr_2022.dat 2 2025 CUCI 3.752
Model_1_goa_dr_2022.dat 2 2025 CMedian 3.752
Model_1_goa_dr_2022.dat 2 2025 CMean 3.752
Model_1_goa_dr_2022.dat 2 2026 Cabc 4.6223
Model_1_goa_dr_2022.dat 2 2026 Cofl 4.9419
Model_1_goa_dr_2022.dat 2 2026 CLCI 6.80458
Model_1_goa_dr_2022.dat 2 2026 CUCI 6.82389
Model_1_goa_dr_2022.dat 2 2026 CMedian 6.8102
Model_1_goa_dr_2022.dat 2 2026 CMean 6.81171
Model_1_goa_dr_2022.dat 2 2027 Cabc 4.6223
Model_1_goa_dr_2022.dat 2 2027 Cofl 4.9419
Model_1_goa_dr_2022.dat 2 2027 CLCI 6.10904
Model_1_goa_dr_2022.dat 2 2027 CUCI 6.17844
Model_1_goa_dr_2022.dat 2 2027 CMedian 6.12943
Model_1_goa_dr_2022.dat 2 2027 CMean 6.1348
Model_1_goa_dr_2022.dat 2 2028 Cabc 4.6223
Model_1_goa_dr_2022.dat 2 2028 Cofl 4.9419
Model_1_goa_dr_2022.dat 2 2028 CLCI 5.48951
Model_1_goa_dr_2022.dat 2 2028 CUCI 5.7043
Model_1_goa_dr_2022.dat 2 2028 CMedian 5.55394
Model_1_goa_dr_2022.dat 2 2028 CMean 5.57107
Model_1_goa_dr_2022.dat 2 2029 Cabc 4.6223
Model_1_goa_dr_2022.dat 2 2029 Cofl 4.9419
Model_1_goa_dr_2022.dat 2 2029 CLCI 4.96666
Model_1_goa_dr_2022.dat 2 2029 CUCI 5.50237
Model_1_goa_dr_2022.dat 2 2029 CMedian 5.13497
Model_1_goa_dr_2022.dat 2 2029 CMean 5.17304
Model_1_goa_dr_2022.dat 2 2030 Cabc 4.6223
Model_1_goa_dr_2022.dat 2 2030 Cofl 4.9419
Model_1_goa_dr_2022.dat 2 2030 CLCI 4.56199
Model_1_goa_dr_2022.dat 2 2030 CUCI 5.53546
Model_1_goa_dr_2022.dat 2 2030 CMedian 4.8842
Model_1_goa_dr_2022.dat 2 2030 CMean 4.94519
Model_1_goa_dr_2022.dat 2 2031 Cabc 4.6223
Model_1_goa_dr_2022.dat 2 2031 Cofl 4.9419
Model_1_goa_dr_2022.dat 2 2031 CLCI 4.07171
Model_1_goa_dr_2022.dat 2 2031 CUCI 5.64223
Model_1_goa_dr_2022.dat 2 2031 CMedian 4.73621
Model_1_goa_dr_2022.dat 2 2031 CMean 4.79241
Model_1_goa_dr_2022.dat 2 2032 Cabc 4.6223
Model_1_goa_dr_2022.dat 2 2032 Cofl 4.9419
Model_1_goa_dr_2022.dat 2 2032 CLCI 3.69461
Model_1_goa_dr_2022.dat 2 2032 CUCI 5.74362
Model_1_goa_dr_2022.dat 2 2032 CMedian 4.66098
Model_1_goa_dr_2022.dat 2 2032 CMean 4.67484
Model_1_goa_dr_2022.dat 2 2033 Cabc 4.6223
Model_1_goa_dr_2022.dat 2 2033 Cofl 4.9419
Model_1_goa_dr_2022.dat 2 2033 CLCI 3.42446
Model_1_goa_dr_2022.dat 2 2033 CUCI 5.83966
Model_1_goa_dr_2022.dat 2 2033 CMedian 4.61596
Model_1_goa_dr_2022.dat 2 2033 CMean 4.59946
Model_1_goa_dr_2022.dat 2 2034 Cabc 4.6223
Model_1_goa_dr_2022.dat 2 2034 Cofl 4.9419
Model_1_goa_dr_2022.dat 2 2034 CLCI 3.28285
Model_1_goa_dr_2022.dat 2 2034 CUCI 5.88808
Model_1_goa_dr_2022.dat 2 2034 CMedian 4.58067
Model_1_goa_dr_2022.dat 2 2034 CMean 4.5541
Model_1_goa_dr_2022.dat 2 2035 Cabc 4.6223
Model_1_goa_dr_2022.dat 2 2035 Cofl 4.9419
Model_1_goa_dr_2022.dat 2 2035 CLCI 3.1836
Model_1_goa_dr_2022.dat 2 2035 CUCI 5.94898
Model_1_goa_dr_2022.dat 2 2035 CMedian 4.56225
Model_1_goa_dr_2022.dat 2 2035 CMean 4.53126
Model_1_goa_dr_2022.dat 2 2022 SSBF100 65.5649
Model_1_goa_dr_2022.dat 2 2022 SSBFabc 26.2259
Model_1_goa_dr_2022.dat 2 2022 SSBFofl 22.9477
Model_1_goa_dr_2022.dat 2 2022 SSBLCI 45.0556
Model_1_goa_dr_2022.dat 2 2022 SSBUCI 45.0556
Model_1_goa_dr_2022.dat 2 2022 SSBMedian 45.0556
Model_1_goa_dr_2022.dat 2 2022 SSBMean 45.0556
Model_1_goa_dr_2022.dat 2 2023 SSBF100 65.5649
Model_1_goa_dr_2022.dat 2 2023 SSBFabc 26.2259
Model_1_goa_dr_2022.dat 2 2023 SSBFofl 22.9477
Model_1_goa_dr_2022.dat 2 2023 SSBLCI 44.6122
Model_1_goa_dr_2022.dat 2 2023 SSBUCI 44.639
Model_1_goa_dr_2022.dat 2 2023 SSBMedian 44.6191
Model_1_goa_dr_2022.dat 2 2023 SSBMean 44.6216
Model_1_goa_dr_2022.dat 2 2024 SSBF100 65.5649
Model_1_goa_dr_2022.dat 2 2024 SSBFabc 26.2259
Model_1_goa_dr_2022.dat 2 2024 SSBFofl 22.9477
Model_1_goa_dr_2022.dat 2 2024 SSBLCI 43.1641
Model_1_goa_dr_2022.dat 2 2024 SSBUCI 43.2505
Model_1_goa_dr_2022.dat 2 2024 SSBMedian 43.1899
Model_1_goa_dr_2022.dat 2 2024 SSBMean 43.1968
Model_1_goa_dr_2022.dat 2 2025 SSBF100 65.5649
Model_1_goa_dr_2022.dat 2 2025 SSBFabc 26.2259
Model_1_goa_dr_2022.dat 2 2025 SSBFofl 22.9477
Model_1_goa_dr_2022.dat 2 2025 SSBLCI 41.1111
Model_1_goa_dr_2022.dat 2 2025 SSBUCI 41.3418
Model_1_goa_dr_2022.dat 2 2025 SSBMedian 41.1812
Model_1_goa_dr_2022.dat 2 2025 SSBMean 41.1999
Model_1_goa_dr_2022.dat 2 2026 SSBF100 65.5649
Model_1_goa_dr_2022.dat 2 2026 SSBFabc 26.2259
Model_1_goa_dr_2022.dat 2 2026 SSBFofl 22.9477
Model_1_goa_dr_2022.dat 2 2026 SSBLCI 38.659
Model_1_goa_dr_2022.dat 2 2026 SSBUCI 39.1962
Model_1_goa_dr_2022.dat 2 2026 SSBMedian 38.8302
Model_1_goa_dr_2022.dat 2 2026 SSBMean 38.869
Model_1_goa_dr_2022.dat 2 2027 SSBF100 65.5649
Model_1_goa_dr_2022.dat 2 2027 SSBFabc 26.2259
Model_1_goa_dr_2022.dat 2 2027 SSBFofl 22.9477
Model_1_goa_dr_2022.dat 2 2027 SSBLCI 34.9467
Model_1_goa_dr_2022.dat 2 2027 SSBUCI 36.0811
Model_1_goa_dr_2022.dat 2 2027 SSBMedian 35.3242
Model_1_goa_dr_2022.dat 2 2027 SSBMean 35.3933
Model_1_goa_dr_2022.dat 2 2028 SSBF100 65.5649
Model_1_goa_dr_2022.dat 2 2028 SSBFabc 26.2259
Model_1_goa_dr_2022.dat 2 2028 SSBFofl 22.9477
Model_1_goa_dr_2022.dat 2 2028 SSBLCI 31.633
Model_1_goa_dr_2022.dat 2 2028 SSBUCI 33.7749
Model_1_goa_dr_2022.dat 2 2028 SSBMedian 32.3478
Model_1_goa_dr_2022.dat 2 2028 SSBMean 32.4889
Model_1_goa_dr_2022.dat 2 2029 SSBF100 65.5649
Model_1_goa_dr_2022.dat 2 2029 SSBFabc 26.2259
Model_1_goa_dr_2022.dat 2 2029 SSBFofl 22.9477
Model_1_goa_dr_2022.dat 2 2029 SSBLCI 28.8314
Model_1_goa_dr_2022.dat 2 2029 SSBUCI 32.4736
Model_1_goa_dr_2022.dat 2 2029 SSBMedian 30.0535
Model_1_goa_dr_2022.dat 2 2029 SSBMean 30.2793
Model_1_goa_dr_2022.dat 2 2030 SSBF100 65.5649
Model_1_goa_dr_2022.dat 2 2030 SSBFabc 26.2259
Model_1_goa_dr_2022.dat 2 2030 SSBFofl 22.9477
Model_1_goa_dr_2022.dat 2 2030 SSBLCI 26.5882
Model_1_goa_dr_2022.dat 2 2030 SSBUCI 31.9017
Model_1_goa_dr_2022.dat 2 2030 SSBMedian 28.3904
Model_1_goa_dr_2022.dat 2 2030 SSBMean 28.7669
Model_1_goa_dr_2022.dat 2 2031 SSBF100 65.5649
Model_1_goa_dr_2022.dat 2 2031 SSBFabc 26.2259
Model_1_goa_dr_2022.dat 2 2031 SSBFofl 22.9477
Model_1_goa_dr_2022.dat 2 2031 SSBLCI 24.9238
Model_1_goa_dr_2022.dat 2 2031 SSBUCI 32.0136
Model_1_goa_dr_2022.dat 2 2031 SSBMedian 27.39
Model_1_goa_dr_2022.dat 2 2031 SSBMean 27.817
Model_1_goa_dr_2022.dat 2 2032 SSBF100 65.5649
Model_1_goa_dr_2022.dat 2 2032 SSBFabc 26.2259
Model_1_goa_dr_2022.dat 2 2032 SSBFofl 22.9477
Model_1_goa_dr_2022.dat 2 2032 SSBLCI 23.7111
Model_1_goa_dr_2022.dat 2 2032 SSBUCI 32.3471
Model_1_goa_dr_2022.dat 2 2032 SSBMedian 26.7437
Model_1_goa_dr_2022.dat 2 2032 SSBMean 27.2602
Model_1_goa_dr_2022.dat 2 2033 SSBF100 65.5649
Model_1_goa_dr_2022.dat 2 2033 SSBFabc 26.2259
Model_1_goa_dr_2022.dat 2 2033 SSBFofl 22.9477
Model_1_goa_dr_2022.dat 2 2033 SSBLCI 22.8389
Model_1_goa_dr_2022.dat 2 2033 SSBUCI 32.746
Model_1_goa_dr_2022.dat 2 2033 SSBMedian 26.4123
Model_1_goa_dr_2022.dat 2 2033 SSBMean 26.954
Model_1_goa_dr_2022.dat 2 2034 SSBF100 65.5649
Model_1_goa_dr_2022.dat 2 2034 SSBFabc 26.2259
Model_1_goa_dr_2022.dat 2 2034 SSBFofl 22.9477
Model_1_goa_dr_2022.dat 2 2034 SSBLCI 22.3614
Model_1_goa_dr_2022.dat 2 2034 SSBUCI 33.0241
Model_1_goa_dr_2022.dat 2 2034 SSBMedian 26.213
Model_1_goa_dr_2022.dat 2 2034 SSBMean 26.7939
Model_1_goa_dr_2022.dat 2 2035 SSBF100 65.5649
Model_1_goa_dr_2022.dat 2 2035 SSBFabc 26.2259
Model_1_goa_dr_2022.dat 2 2035 SSBFofl 22.9477
Model_1_goa_dr_2022.dat 2 2035 SSBLCI 22.0412
Model_1_goa_dr_2022.dat 2 2035 SSBUCI 33.1992
Model_1_goa_dr_2022.dat 2 2035 SSBMedian 26.1563
Model_1_goa_dr_2022.dat 2 2035 SSBMean 26.7218
Model_1_goa_dr_2022.dat 2 2022 F0 0 
Model_1_goa_dr_2022.dat 2 2022 Fabc 0.0913417
Model_1_goa_dr_2022.dat 2 2022 Fofl 0.112301
Model_1_goa_dr_2022.dat 2 2022  F_LCI 0.028508
Model_1_goa_dr_2022.dat 2 2022  F_UCI 0.028508
Model_1_goa_dr_2022.dat 2 2022  F_Median 0.028508
Model_1_goa_dr_2022.dat 2 2022  F_Mean 0.028508
Model_1_goa_dr_2022.dat 2 2023 F0 0 
Model_1_goa_dr_2022.dat 2 2023 Fabc 0.0913417
Model_1_goa_dr_2022.dat 2 2023 Fofl 0.112301
Model_1_goa_dr_2022.dat 2 2023  F_LCI 0.0403036
Model_1_goa_dr_2022.dat 2 2023  F_UCI 0.0403047
Model_1_goa_dr_2022.dat 2 2023  F_Median 0.0403044
Model_1_goa_dr_2022.dat 2 2023  F_Mean 0.0403043
Model_1_goa_dr_2022.dat 2 2024 F0 0 
Model_1_goa_dr_2022.dat 2 2024 Fabc 0.0913417
Model_1_goa_dr_2022.dat 2 2024 Fofl 0.112301
Model_1_goa_dr_2022.dat 2 2024  F_LCI 0.0484116
Model_1_goa_dr_2022.dat 2 2024  F_UCI 0.0484185
Model_1_goa_dr_2022.dat 2 2024  F_Median 0.0484165
Model_1_goa_dr_2022.dat 2 2024  F_Mean 0.048416
Model_1_goa_dr_2022.dat 2 2025 F0 0 
Model_1_goa_dr_2022.dat 2 2025 Fabc 0.0913417
Model_1_goa_dr_2022.dat 2 2025 Fofl 0.112301
Model_1_goa_dr_2022.dat 2 2025  F_LCI 0.0464088
Model_1_goa_dr_2022.dat 2 2025  F_UCI 0.0464403
Model_1_goa_dr_2022.dat 2 2025  F_Median 0.0464313
Model_1_goa_dr_2022.dat 2 2025  F_Mean 0.0464289
Model_1_goa_dr_2022.dat 2 2026 F0 0 
Model_1_goa_dr_2022.dat 2 2026 Fabc 0.0913417
Model_1_goa_dr_2022.dat 2 2026 Fofl 0.112301
Model_1_goa_dr_2022.dat 2 2026  F_LCI 0.0913417
Model_1_goa_dr_2022.dat 2 2026  F_UCI 0.0913417
Model_1_goa_dr_2022.dat 2 2026  F_Median 0.0913417
Model_1_goa_dr_2022.dat 2 2026  F_Mean 0.0913417
Model_1_goa_dr_2022.dat 2 2027 F0 0 
Model_1_goa_dr_2022.dat 2 2027 Fabc 0.0913417
Model_1_goa_dr_2022.dat 2 2027 Fofl 0.112301
Model_1_goa_dr_2022.dat 2 2027  F_LCI 0.0913417
Model_1_goa_dr_2022.dat 2 2027  F_UCI 0.0913417
Model_1_goa_dr_2022.dat 2 2027  F_Median 0.0913417
Model_1_goa_dr_2022.dat 2 2027  F_Mean 0.0913417
Model_1_goa_dr_2022.dat 2 2028 F0 0 
Model_1_goa_dr_2022.dat 2 2028 Fabc 0.0913417
Model_1_goa_dr_2022.dat 2 2028 Fofl 0.112301
Model_1_goa_dr_2022.dat 2 2028  F_LCI 0.0913417
Model_1_goa_dr_2022.dat 2 2028  F_UCI 0.0913417
Model_1_goa_dr_2022.dat 2 2028  F_Median 0.0913417
Model_1_goa_dr_2022.dat 2 2028  F_Mean 0.0913417
Model_1_goa_dr_2022.dat 2 2029 F0 0 
Model_1_goa_dr_2022.dat 2 2029 Fabc 0.0913417
Model_1_goa_dr_2022.dat 2 2029 Fofl 0.112301
Model_1_goa_dr_2022.dat 2 2029  F_LCI 0.0913417
Model_1_goa_dr_2022.dat 2 2029  F_UCI 0.0913417
Model_1_goa_dr_2022.dat 2 2029  F_Median 0.0913417
Model_1_goa_dr_2022.dat 2 2029  F_Mean 0.0913417
Model_1_goa_dr_2022.dat 2 2030 F0 0 
Model_1_goa_dr_2022.dat 2 2030 Fabc 0.0913417
Model_1_goa_dr_2022.dat 2 2030 Fofl 0.112301
Model_1_goa_dr_2022.dat 2 2030  F_LCI 0.0913417
Model_1_goa_dr_2022.dat 2 2030  F_UCI 0.0913417
Model_1_goa_dr_2022.dat 2 2030  F_Median 0.0913417
Model_1_goa_dr_2022.dat 2 2030  F_Mean 0.0913316
Model_1_goa_dr_2022.dat 2 2031 F0 0 
Model_1_goa_dr_2022.dat 2 2031 Fabc 0.0913417
Model_1_goa_dr_2022.dat 2 2031 Fofl 0.112301
Model_1_goa_dr_2022.dat 2 2031  F_LCI 0.0865678
Model_1_goa_dr_2022.dat 2 2031  F_UCI 0.0913417
Model_1_goa_dr_2022.dat 2 2031  F_Median 0.0913417
Model_1_goa_dr_2022.dat 2 2031  F_Mean 0.0905307
Model_1_goa_dr_2022.dat 2 2032 F0 0 
Model_1_goa_dr_2022.dat 2 2032 Fabc 0.0913417
Model_1_goa_dr_2022.dat 2 2032 Fofl 0.112301
Model_1_goa_dr_2022.dat 2 2032  F_LCI 0.0821217
Model_1_goa_dr_2022.dat 2 2032  F_UCI 0.0913417
Model_1_goa_dr_2022.dat 2 2032  F_Median 0.0913417
Model_1_goa_dr_2022.dat 2 2032  F_Mean 0.0892281
Model_1_goa_dr_2022.dat 2 2033 F0 0 
Model_1_goa_dr_2022.dat 2 2033 Fabc 0.0913417
Model_1_goa_dr_2022.dat 2 2033 Fofl 0.112301
Model_1_goa_dr_2022.dat 2 2033  F_LCI 0.0789241
Model_1_goa_dr_2022.dat 2 2033  F_UCI 0.0913417
Model_1_goa_dr_2022.dat 2 2033  F_Median 0.0913417
Model_1_goa_dr_2022.dat 2 2033  F_Mean 0.0882641
Model_1_goa_dr_2022.dat 2 2034 F0 0 
Model_1_goa_dr_2022.dat 2 2034 Fabc 0.0913417
Model_1_goa_dr_2022.dat 2 2034 Fofl 0.112301
Model_1_goa_dr_2022.dat 2 2034  F_LCI 0.0771735
Model_1_goa_dr_2022.dat 2 2034  F_UCI 0.0913417
Model_1_goa_dr_2022.dat 2 2034  F_Median 0.0912942
Model_1_goa_dr_2022.dat 2 2034  F_Mean 0.0876705
Model_1_goa_dr_2022.dat 2 2035 F0 0 
Model_1_goa_dr_2022.dat 2 2035 Fabc 0.0913417
Model_1_goa_dr_2022.dat 2 2035 Fofl 0.112301
Model_1_goa_dr_2022.dat 2 2035  F_LCI 0.0759998
Model_1_goa_dr_2022.dat 2 2035  F_UCI 0.0913417
Model_1_goa_dr_2022.dat 2 2035  F_Median 0.0910865
Model_1_goa_dr_2022.dat 2 2035  F_Mean 0.0873294
Model_1_goa_dr_2022.dat 3 2022 Cabc 4.6223
Model_1_goa_dr_2022.dat 3 2022 Cofl 4.9419
Model_1_goa_dr_2022.dat 3 2022 CLCI 2.58601
Model_1_goa_dr_2022.dat 3 2022 CUCI 2.58601
Model_1_goa_dr_2022.dat 3 2022 CMedian 2.58601
Model_1_goa_dr_2022.dat 3 2022 CMean 2.58601
Model_1_goa_dr_2022.dat 3 2023 Cabc 4.6223
Model_1_goa_dr_2022.dat 3 2023 Cofl 4.9419
Model_1_goa_dr_2022.dat 3 2023 CLCI 3.58041
Model_1_goa_dr_2022.dat 3 2023 CUCI 3.58041
Model_1_goa_dr_2022.dat 3 2023 CMedian 3.58041
Model_1_goa_dr_2022.dat 3 2023 CMean 3.58041
Model_1_goa_dr_2022.dat 3 2024 Cabc 4.6223
Model_1_goa_dr_2022.dat 3 2024 Cofl 4.9419
Model_1_goa_dr_2022.dat 3 2024 CLCI 4.124
Model_1_goa_dr_2022.dat 3 2024 CUCI 4.124
Model_1_goa_dr_2022.dat 3 2024 CMedian 4.124
Model_1_goa_dr_2022.dat 3 2024 CMean 4.124
Model_1_goa_dr_2022.dat 3 2025 Cabc 4.6223
Model_1_goa_dr_2022.dat 3 2025 Cofl 4.9419
Model_1_goa_dr_2022.dat 3 2025 CLCI 3.752
Model_1_goa_dr_2022.dat 3 2025 CUCI 3.752
Model_1_goa_dr_2022.dat 3 2025 CMedian 3.752
Model_1_goa_dr_2022.dat 3 2025 CMean 3.752
Model_1_goa_dr_2022.dat 3 2026 Cabc 4.6223
Model_1_goa_dr_2022.dat 3 2026 Cofl 4.9419
Model_1_goa_dr_2022.dat 3 2026 CLCI 3.47731
Model_1_goa_dr_2022.dat 3 2026 CUCI 3.48697
Model_1_goa_dr_2022.dat 3 2026 CMedian 3.48012
Model_1_goa_dr_2022.dat 3 2026 CMean 3.48087
Model_1_goa_dr_2022.dat 3 2027 Cabc 4.6223
Model_1_goa_dr_2022.dat 3 2027 Cofl 4.9419
Model_1_goa_dr_2022.dat 3 2027 CLCI 3.26195
Model_1_goa_dr_2022.dat 3 2027 CUCI 3.29674
Model_1_goa_dr_2022.dat 3 2027 CMedian 3.27217
Model_1_goa_dr_2022.dat 3 2027 CMean 3.27486
Model_1_goa_dr_2022.dat 3 2028 Cabc 4.6223
Model_1_goa_dr_2022.dat 3 2028 Cofl 4.9419
Model_1_goa_dr_2022.dat 3 2028 CLCI 3.05865
Model_1_goa_dr_2022.dat 3 2028 CUCI 3.16685
Model_1_goa_dr_2022.dat 3 2028 CMedian 3.091
Model_1_goa_dr_2022.dat 3 2028 CMean 3.0997
Model_1_goa_dr_2022.dat 3 2029 Cabc 4.6223
Model_1_goa_dr_2022.dat 3 2029 Cofl 4.9419
Model_1_goa_dr_2022.dat 3 2029 CLCI 2.88064
Model_1_goa_dr_2022.dat 3 2029 CUCI 3.15466
Model_1_goa_dr_2022.dat 3 2029 CMedian 2.96641
Model_1_goa_dr_2022.dat 3 2029 CMean 2.98583
Model_1_goa_dr_2022.dat 3 2030 Cabc 4.6223
Model_1_goa_dr_2022.dat 3 2030 Cofl 4.9419
Model_1_goa_dr_2022.dat 3 2030 CLCI 2.74292
Model_1_goa_dr_2022.dat 3 2030 CUCI 3.24784
Model_1_goa_dr_2022.dat 3 2030 CMedian 2.90948
Model_1_goa_dr_2022.dat 3 2030 CMean 2.94224
Model_1_goa_dr_2022.dat 3 2031 Cabc 4.6223
Model_1_goa_dr_2022.dat 3 2031 Cofl 4.9419
Model_1_goa_dr_2022.dat 3 2031 CLCI 2.65329
Model_1_goa_dr_2022.dat 3 2031 CUCI 3.37078
Model_1_goa_dr_2022.dat 3 2031 CMedian 2.89527
Model_1_goa_dr_2022.dat 3 2031 CMean 2.94469
Model_1_goa_dr_2022.dat 3 2032 Cabc 4.6223
Model_1_goa_dr_2022.dat 3 2032 Cofl 4.9419
Model_1_goa_dr_2022.dat 3 2032 CLCI 2.59029
Model_1_goa_dr_2022.dat 3 2032 CUCI 3.50718
Model_1_goa_dr_2022.dat 3 2032 CMedian 2.90835
Model_1_goa_dr_2022.dat 3 2032 CMean 2.96694
Model_1_goa_dr_2022.dat 3 2033 Cabc 4.6223
Model_1_goa_dr_2022.dat 3 2033 Cofl 4.9419
Model_1_goa_dr_2022.dat 3 2033 CLCI 2.53982
Model_1_goa_dr_2022.dat 3 2033 CUCI 3.618
Model_1_goa_dr_2022.dat 3 2033 CMedian 2.93855
Model_1_goa_dr_2022.dat 3 2033 CMean 2.99453
Model_1_goa_dr_2022.dat 3 2034 Cabc 4.6223
Model_1_goa_dr_2022.dat 3 2034 Cofl 4.9419
Model_1_goa_dr_2022.dat 3 2034 CLCI 2.50294
Model_1_goa_dr_2022.dat 3 2034 CUCI 3.70061
Model_1_goa_dr_2022.dat 3 2034 CMedian 2.9699
Model_1_goa_dr_2022.dat 3 2034 CMean 3.0226
Model_1_goa_dr_2022.dat 3 2035 Cabc 4.6223
Model_1_goa_dr_2022.dat 3 2035 Cofl 4.9419
Model_1_goa_dr_2022.dat 3 2035 CLCI 2.48392
Model_1_goa_dr_2022.dat 3 2035 CUCI 3.77108
Model_1_goa_dr_2022.dat 3 2035 CMedian 3.00099
Model_1_goa_dr_2022.dat 3 2035 CMean 3.05163
Model_1_goa_dr_2022.dat 3 2022 SSBF100 65.5649
Model_1_goa_dr_2022.dat 3 2022 SSBFabc 26.2259
Model_1_goa_dr_2022.dat 3 2022 SSBFofl 22.9477
Model_1_goa_dr_2022.dat 3 2022 SSBLCI 45.0556
Model_1_goa_dr_2022.dat 3 2022 SSBUCI 45.0556
Model_1_goa_dr_2022.dat 3 2022 SSBMedian 45.0556
Model_1_goa_dr_2022.dat 3 2022 SSBMean 45.0556
Model_1_goa_dr_2022.dat 3 2023 SSBF100 65.5649
Model_1_goa_dr_2022.dat 3 2023 SSBFabc 26.2259
Model_1_goa_dr_2022.dat 3 2023 SSBFofl 22.9477
Model_1_goa_dr_2022.dat 3 2023 SSBLCI 44.6122
Model_1_goa_dr_2022.dat 3 2023 SSBUCI 44.639
Model_1_goa_dr_2022.dat 3 2023 SSBMedian 44.6191
Model_1_goa_dr_2022.dat 3 2023 SSBMean 44.6216
Model_1_goa_dr_2022.dat 3 2024 SSBF100 65.5649
Model_1_goa_dr_2022.dat 3 2024 SSBFabc 26.2259
Model_1_goa_dr_2022.dat 3 2024 SSBFofl 22.9477
Model_1_goa_dr_2022.dat 3 2024 SSBLCI 43.1641
Model_1_goa_dr_2022.dat 3 2024 SSBUCI 43.2505
Model_1_goa_dr_2022.dat 3 2024 SSBMedian 43.1899
Model_1_goa_dr_2022.dat 3 2024 SSBMean 43.1968
Model_1_goa_dr_2022.dat 3 2025 SSBF100 65.5649
Model_1_goa_dr_2022.dat 3 2025 SSBFabc 26.2259
Model_1_goa_dr_2022.dat 3 2025 SSBFofl 22.9477
Model_1_goa_dr_2022.dat 3 2025 SSBLCI 41.1111
Model_1_goa_dr_2022.dat 3 2025 SSBUCI 41.3418
Model_1_goa_dr_2022.dat 3 2025 SSBMedian 41.1812
Model_1_goa_dr_2022.dat 3 2025 SSBMean 41.1999
Model_1_goa_dr_2022.dat 3 2026 SSBF100 65.5649
Model_1_goa_dr_2022.dat 3 2026 SSBFabc 26.2259
Model_1_goa_dr_2022.dat 3 2026 SSBFofl 22.9477
Model_1_goa_dr_2022.dat 3 2026 SSBLCI 38.9459
Model_1_goa_dr_2022.dat 3 2026 SSBUCI 39.4832
Model_1_goa_dr_2022.dat 3 2026 SSBMedian 39.1171
Model_1_goa_dr_2022.dat 3 2026 SSBMean 39.1559
Model_1_goa_dr_2022.dat 3 2027 SSBF100 65.5649
Model_1_goa_dr_2022.dat 3 2027 SSBFabc 26.2259
Model_1_goa_dr_2022.dat 3 2027 SSBFofl 22.9477
Model_1_goa_dr_2022.dat 3 2027 SSBLCI 36.7715
Model_1_goa_dr_2022.dat 3 2027 SSBUCI 37.9076
Model_1_goa_dr_2022.dat 3 2027 SSBMedian 37.1495
Model_1_goa_dr_2022.dat 3 2027 SSBMean 37.2187
Model_1_goa_dr_2022.dat 3 2028 SSBF100 65.5649
Model_1_goa_dr_2022.dat 3 2028 SSBFabc 26.2259
Model_1_goa_dr_2022.dat 3 2028 SSBFofl 22.9477
Model_1_goa_dr_2022.dat 3 2028 SSBLCI 34.7106
Model_1_goa_dr_2022.dat 3 2028 SSBUCI 36.8656
Model_1_goa_dr_2022.dat 3 2028 SSBMedian 35.4273
Model_1_goa_dr_2022.dat 3 2028 SSBMean 35.5704
Model_1_goa_dr_2022.dat 3 2029 SSBF100 65.5649
Model_1_goa_dr_2022.dat 3 2029 SSBFabc 26.2259
Model_1_goa_dr_2022.dat 3 2029 SSBFofl 22.9477
Model_1_goa_dr_2022.dat 3 2029 SSBLCI 32.9013
Model_1_goa_dr_2022.dat 3 2029 SSBUCI 36.6081
Model_1_goa_dr_2022.dat 3 2029 SSBMedian 34.1378
Model_1_goa_dr_2022.dat 3 2029 SSBMean 34.3674
Model_1_goa_dr_2022.dat 3 2030 SSBF100 65.5649
Model_1_goa_dr_2022.dat 3 2030 SSBFabc 26.2259
Model_1_goa_dr_2022.dat 3 2030 SSBFofl 22.9477
Model_1_goa_dr_2022.dat 3 2030 SSBLCI 31.4331
Model_1_goa_dr_2022.dat 3 2030 SSBUCI 36.9286
Model_1_goa_dr_2022.dat 3 2030 SSBMedian 33.2865
Model_1_goa_dr_2022.dat 3 2030 SSBMean 33.6685
Model_1_goa_dr_2022.dat 3 2031 SSBF100 65.5649
Model_1_goa_dr_2022.dat 3 2031 SSBFabc 26.2259
Model_1_goa_dr_2022.dat 3 2031 SSBFofl 22.9477
Model_1_goa_dr_2022.dat 3 2031 SSBLCI 30.3459
Model_1_goa_dr_2022.dat 3 2031 SSBUCI 37.7177
Model_1_goa_dr_2022.dat 3 2031 SSBMedian 32.9473
Model_1_goa_dr_2022.dat 3 2031 SSBMean 33.3977
Model_1_goa_dr_2022.dat 3 2032 SSBF100 65.5649
Model_1_goa_dr_2022.dat 3 2032 SSBFabc 26.2259
Model_1_goa_dr_2022.dat 3 2032 SSBFofl 22.9477
Model_1_goa_dr_2022.dat 3 2032 SSBLCI 29.4965
Model_1_goa_dr_2022.dat 3 2032 SSBUCI 38.9607
Model_1_goa_dr_2022.dat 3 2032 SSBMedian 32.8729
Model_1_goa_dr_2022.dat 3 2032 SSBMean 33.4173
Model_1_goa_dr_2022.dat 3 2033 SSBF100 65.5649
Model_1_goa_dr_2022.dat 3 2033 SSBFabc 26.2259
Model_1_goa_dr_2022.dat 3 2033 SSBFofl 22.9477
Model_1_goa_dr_2022.dat 3 2033 SSBLCI 28.8977
Model_1_goa_dr_2022.dat 3 2033 SSBUCI 40.1258
Model_1_goa_dr_2022.dat 3 2033 SSBMedian 33.0989
Model_1_goa_dr_2022.dat 3 2033 SSBMean 33.6058
Model_1_goa_dr_2022.dat 3 2034 SSBF100 65.5649
Model_1_goa_dr_2022.dat 3 2034 SSBFabc 26.2259
Model_1_goa_dr_2022.dat 3 2034 SSBFofl 22.9477
Model_1_goa_dr_2022.dat 3 2034 SSBLCI 28.4538
Model_1_goa_dr_2022.dat 3 2034 SSBUCI 41.062
Model_1_goa_dr_2022.dat 3 2034 SSBMedian 33.3611
Model_1_goa_dr_2022.dat 3 2034 SSBMean 33.8785
Model_1_goa_dr_2022.dat 3 2035 SSBF100 65.5649
Model_1_goa_dr_2022.dat 3 2035 SSBFabc 26.2259
Model_1_goa_dr_2022.dat 3 2035 SSBFofl 22.9477
Model_1_goa_dr_2022.dat 3 2035 SSBLCI 28.3505
Model_1_goa_dr_2022.dat 3 2035 SSBUCI 41.6738
Model_1_goa_dr_2022.dat 3 2035 SSBMedian 33.7485
Model_1_goa_dr_2022.dat 3 2035 SSBMean 34.1896
Model_1_goa_dr_2022.dat 3 2022 F0 0 
Model_1_goa_dr_2022.dat 3 2022 Fabc 0.0913417
Model_1_goa_dr_2022.dat 3 2022 Fofl 0.112301
Model_1_goa_dr_2022.dat 3 2022  F_LCI 0.028508
Model_1_goa_dr_2022.dat 3 2022  F_UCI 0.028508
Model_1_goa_dr_2022.dat 3 2022  F_Median 0.028508
Model_1_goa_dr_2022.dat 3 2022  F_Mean 0.028508
Model_1_goa_dr_2022.dat 3 2023 F0 0 
Model_1_goa_dr_2022.dat 3 2023 Fabc 0.0913417
Model_1_goa_dr_2022.dat 3 2023 Fofl 0.112301
Model_1_goa_dr_2022.dat 3 2023  F_LCI 0.0403036
Model_1_goa_dr_2022.dat 3 2023  F_UCI 0.0403047
Model_1_goa_dr_2022.dat 3 2023  F_Median 0.0403044
Model_1_goa_dr_2022.dat 3 2023  F_Mean 0.0403043
Model_1_goa_dr_2022.dat 3 2024 F0 0 
Model_1_goa_dr_2022.dat 3 2024 Fabc 0.0913417
Model_1_goa_dr_2022.dat 3 2024 Fofl 0.112301
Model_1_goa_dr_2022.dat 3 2024  F_LCI 0.0484116
Model_1_goa_dr_2022.dat 3 2024  F_UCI 0.0484185
Model_1_goa_dr_2022.dat 3 2024  F_Median 0.0484165
Model_1_goa_dr_2022.dat 3 2024  F_Mean 0.048416
Model_1_goa_dr_2022.dat 3 2025 F0 0 
Model_1_goa_dr_2022.dat 3 2025 Fabc 0.0913417
Model_1_goa_dr_2022.dat 3 2025 Fofl 0.112301
Model_1_goa_dr_2022.dat 3 2025  F_LCI 0.0464088
Model_1_goa_dr_2022.dat 3 2025  F_UCI 0.0464403
Model_1_goa_dr_2022.dat 3 2025  F_Median 0.0464313
Model_1_goa_dr_2022.dat 3 2025  F_Mean 0.0464289
Model_1_goa_dr_2022.dat 3 2026 F0 0 
Model_1_goa_dr_2022.dat 3 2026 Fabc 0.0913417
Model_1_goa_dr_2022.dat 3 2026 Fofl 0.112301
Model_1_goa_dr_2022.dat 3 2026  F_LCI 0.0456709
Model_1_goa_dr_2022.dat 3 2026  F_UCI 0.0456709
Model_1_goa_dr_2022.dat 3 2026  F_Median 0.0456709
Model_1_goa_dr_2022.dat 3 2026  F_Mean 0.0456709
Model_1_goa_dr_2022.dat 3 2027 F0 0 
Model_1_goa_dr_2022.dat 3 2027 Fabc 0.0913417
Model_1_goa_dr_2022.dat 3 2027 Fofl 0.112301
Model_1_goa_dr_2022.dat 3 2027  F_LCI 0.0456709
Model_1_goa_dr_2022.dat 3 2027  F_UCI 0.0456709
Model_1_goa_dr_2022.dat 3 2027  F_Median 0.0456709
Model_1_goa_dr_2022.dat 3 2027  F_Mean 0.0456709
Model_1_goa_dr_2022.dat 3 2028 F0 0 
Model_1_goa_dr_2022.dat 3 2028 Fabc 0.0913417
Model_1_goa_dr_2022.dat 3 2028 Fofl 0.112301
Model_1_goa_dr_2022.dat 3 2028  F_LCI 0.0456709
Model_1_goa_dr_2022.dat 3 2028  F_UCI 0.0456709
Model_1_goa_dr_2022.dat 3 2028  F_Median 0.0456709
Model_1_goa_dr_2022.dat 3 2028  F_Mean 0.0456709
Model_1_goa_dr_2022.dat 3 2029 F0 0 
Model_1_goa_dr_2022.dat 3 2029 Fabc 0.0913417
Model_1_goa_dr_2022.dat 3 2029 Fofl 0.112301
Model_1_goa_dr_2022.dat 3 2029  F_LCI 0.0456709
Model_1_goa_dr_2022.dat 3 2029  F_UCI 0.0456709
Model_1_goa_dr_2022.dat 3 2029  F_Median 0.0456709
Model_1_goa_dr_2022.dat 3 2029  F_Mean 0.0456709
Model_1_goa_dr_2022.dat 3 2030 F0 0 
Model_1_goa_dr_2022.dat 3 2030 Fabc 0.0913417
Model_1_goa_dr_2022.dat 3 2030 Fofl 0.112301
Model_1_goa_dr_2022.dat 3 2030  F_LCI 0.0456709
Model_1_goa_dr_2022.dat 3 2030  F_UCI 0.0456709
Model_1_goa_dr_2022.dat 3 2030  F_Median 0.0456709
Model_1_goa_dr_2022.dat 3 2030  F_Mean 0.0456709
Model_1_goa_dr_2022.dat 3 2031 F0 0 
Model_1_goa_dr_2022.dat 3 2031 Fabc 0.0913417
Model_1_goa_dr_2022.dat 3 2031 Fofl 0.112301
Model_1_goa_dr_2022.dat 3 2031  F_LCI 0.0456709
Model_1_goa_dr_2022.dat 3 2031  F_UCI 0.0456709
Model_1_goa_dr_2022.dat 3 2031  F_Median 0.0456709
Model_1_goa_dr_2022.dat 3 2031  F_Mean 0.0456709
Model_1_goa_dr_2022.dat 3 2032 F0 0 
Model_1_goa_dr_2022.dat 3 2032 Fabc 0.0913417
Model_1_goa_dr_2022.dat 3 2032 Fofl 0.112301
Model_1_goa_dr_2022.dat 3 2032  F_LCI 0.0456709
Model_1_goa_dr_2022.dat 3 2032  F_UCI 0.0456709
Model_1_goa_dr_2022.dat 3 2032  F_Median 0.0456709
Model_1_goa_dr_2022.dat 3 2032  F_Mean 0.0456709
Model_1_goa_dr_2022.dat 3 2033 F0 0 
Model_1_goa_dr_2022.dat 3 2033 Fabc 0.0913417
Model_1_goa_dr_2022.dat 3 2033 Fofl 0.112301
Model_1_goa_dr_2022.dat 3 2033  F_LCI 0.0456709
Model_1_goa_dr_2022.dat 3 2033  F_UCI 0.0456709
Model_1_goa_dr_2022.dat 3 2033  F_Median 0.0456709
Model_1_goa_dr_2022.dat 3 2033  F_Mean 0.0456708
Model_1_goa_dr_2022.dat 3 2034 F0 0 
Model_1_goa_dr_2022.dat 3 2034 Fabc 0.0913417
Model_1_goa_dr_2022.dat 3 2034 Fofl 0.112301
Model_1_goa_dr_2022.dat 3 2034  F_LCI 0.0456709
Model_1_goa_dr_2022.dat 3 2034  F_UCI 0.0456709
Model_1_goa_dr_2022.dat 3 2034  F_Median 0.0456709
Model_1_goa_dr_2022.dat 3 2034  F_Mean 0.0456679
Model_1_goa_dr_2022.dat 3 2035 F0 0 
Model_1_goa_dr_2022.dat 3 2035 Fabc 0.0913417
Model_1_goa_dr_2022.dat 3 2035 Fofl 0.112301
Model_1_goa_dr_2022.dat 3 2035  F_LCI 0.0456709
Model_1_goa_dr_2022.dat 3 2035  F_UCI 0.0456709
Model_1_goa_dr_2022.dat 3 2035  F_Median 0.0456709
Model_1_goa_dr_2022.dat 3 2035  F_Mean 0.0456613
Model_1_goa_dr_2022.dat 4 2022 Cabc 4.6223
Model_1_goa_dr_2022.dat 4 2022 Cofl 4.9419
Model_1_goa_dr_2022.dat 4 2022 CLCI 2.58601
Model_1_goa_dr_2022.dat 4 2022 CUCI 2.58601
Model_1_goa_dr_2022.dat 4 2022 CMedian 2.58601
Model_1_goa_dr_2022.dat 4 2022 CMean 2.58601
Model_1_goa_dr_2022.dat 4 2023 Cabc 4.6223
Model_1_goa_dr_2022.dat 4 2023 Cofl 4.9419
Model_1_goa_dr_2022.dat 4 2023 CLCI 3.58041
Model_1_goa_dr_2022.dat 4 2023 CUCI 3.58041
Model_1_goa_dr_2022.dat 4 2023 CMedian 3.58041
Model_1_goa_dr_2022.dat 4 2023 CMean 3.58041
Model_1_goa_dr_2022.dat 4 2024 Cabc 4.6223
Model_1_goa_dr_2022.dat 4 2024 Cofl 4.9419
Model_1_goa_dr_2022.dat 4 2024 CLCI 4.124
Model_1_goa_dr_2022.dat 4 2024 CUCI 4.124
Model_1_goa_dr_2022.dat 4 2024 CMedian 4.124
Model_1_goa_dr_2022.dat 4 2024 CMean 4.124
Model_1_goa_dr_2022.dat 4 2025 Cabc 4.6223
Model_1_goa_dr_2022.dat 4 2025 Cofl 4.9419
Model_1_goa_dr_2022.dat 4 2025 CLCI 3.752
Model_1_goa_dr_2022.dat 4 2025 CUCI 3.752
Model_1_goa_dr_2022.dat 4 2025 CMedian 3.752
Model_1_goa_dr_2022.dat 4 2025 CMean 3.752
Model_1_goa_dr_2022.dat 4 2026 Cabc 4.6223
Model_1_goa_dr_2022.dat 4 2026 Cofl 4.9419
Model_1_goa_dr_2022.dat 4 2026 CLCI 2.34558
Model_1_goa_dr_2022.dat 4 2026 CUCI 2.35206
Model_1_goa_dr_2022.dat 4 2026 CMedian 2.34747
Model_1_goa_dr_2022.dat 4 2026 CMean 2.34797
Model_1_goa_dr_2022.dat 4 2027 Cabc 4.6223
Model_1_goa_dr_2022.dat 4 2027 Cofl 4.9419
Model_1_goa_dr_2022.dat 4 2027 CLCI 2.23248
Model_1_goa_dr_2022.dat 4 2027 CUCI 2.2558
Model_1_goa_dr_2022.dat 4 2027 CMedian 2.23933
Model_1_goa_dr_2022.dat 4 2027 CMean 2.24113
Model_1_goa_dr_2022.dat 4 2028 Cabc 4.6223
Model_1_goa_dr_2022.dat 4 2028 Cofl 4.9419
Model_1_goa_dr_2022.dat 4 2028 CLCI 2.12311
Model_1_goa_dr_2022.dat 4 2028 CUCI 2.19575
Model_1_goa_dr_2022.dat 4 2028 CMedian 2.14483
Model_1_goa_dr_2022.dat 4 2028 CMean 2.15066
Model_1_goa_dr_2022.dat 4 2029 Cabc 4.6223
Model_1_goa_dr_2022.dat 4 2029 Cofl 4.9419
Model_1_goa_dr_2022.dat 4 2029 CLCI 2.02655
Model_1_goa_dr_2022.dat 4 2029 CUCI 2.21133
Model_1_goa_dr_2022.dat 4 2029 CMedian 2.08418
Model_1_goa_dr_2022.dat 4 2029 CMean 2.09742
Model_1_goa_dr_2022.dat 4 2030 Cabc 4.6223
Model_1_goa_dr_2022.dat 4 2030 Cofl 4.9419
Model_1_goa_dr_2022.dat 4 2030 CLCI 1.95341
Model_1_goa_dr_2022.dat 4 2030 CUCI 2.29616
Model_1_goa_dr_2022.dat 4 2030 CMedian 2.06627
Model_1_goa_dr_2022.dat 4 2030 CMean 2.08854
Model_1_goa_dr_2022.dat 4 2031 Cabc 4.6223
Model_1_goa_dr_2022.dat 4 2031 Cofl 4.9419
Model_1_goa_dr_2022.dat 4 2031 CLCI 1.90996
Model_1_goa_dr_2022.dat 4 2031 CUCI 2.40163
Model_1_goa_dr_2022.dat 4 2031 CMedian 2.07512
Model_1_goa_dr_2022.dat 4 2031 CMean 2.10884
Model_1_goa_dr_2022.dat 4 2032 Cabc 4.6223
Model_1_goa_dr_2022.dat 4 2032 Cofl 4.9419
Model_1_goa_dr_2022.dat 4 2032 CLCI 1.88206
Model_1_goa_dr_2022.dat 4 2032 CUCI 2.51454
Model_1_goa_dr_2022.dat 4 2032 CMedian 2.10241
Model_1_goa_dr_2022.dat 4 2032 CMean 2.14123
Model_1_goa_dr_2022.dat 4 2033 Cabc 4.6223
Model_1_goa_dr_2022.dat 4 2033 Cofl 4.9419
Model_1_goa_dr_2022.dat 4 2033 CLCI 1.86055
Model_1_goa_dr_2022.dat 4 2033 CUCI 2.61142
Model_1_goa_dr_2022.dat 4 2033 CMedian 2.13896
Model_1_goa_dr_2022.dat 4 2033 CMean 2.17621
Model_1_goa_dr_2022.dat 4 2034 Cabc 4.6223
Model_1_goa_dr_2022.dat 4 2034 Cofl 4.9419
Model_1_goa_dr_2022.dat 4 2034 CLCI 1.8471
Model_1_goa_dr_2022.dat 4 2034 CUCI 2.68753
Model_1_goa_dr_2022.dat 4 2034 CMedian 2.17363
Model_1_goa_dr_2022.dat 4 2034 CMean 2.2106
Model_1_goa_dr_2022.dat 4 2035 Cabc 4.6223
Model_1_goa_dr_2022.dat 4 2035 Cofl 4.9419
Model_1_goa_dr_2022.dat 4 2035 CLCI 1.8483
Model_1_goa_dr_2022.dat 4 2035 CUCI 2.75184
Model_1_goa_dr_2022.dat 4 2035 CMedian 2.2077
Model_1_goa_dr_2022.dat 4 2035 CMean 2.24478
Model_1_goa_dr_2022.dat 4 2022 SSBF100 65.5649
Model_1_goa_dr_2022.dat 4 2022 SSBFabc 26.2259
Model_1_goa_dr_2022.dat 4 2022 SSBFofl 22.9477
Model_1_goa_dr_2022.dat 4 2022 SSBLCI 45.0556
Model_1_goa_dr_2022.dat 4 2022 SSBUCI 45.0556
Model_1_goa_dr_2022.dat 4 2022 SSBMedian 45.0556
Model_1_goa_dr_2022.dat 4 2022 SSBMean 45.0556
Model_1_goa_dr_2022.dat 4 2023 SSBF100 65.5649
Model_1_goa_dr_2022.dat 4 2023 SSBFabc 26.2259
Model_1_goa_dr_2022.dat 4 2023 SSBFofl 22.9477
Model_1_goa_dr_2022.dat 4 2023 SSBLCI 44.6122
Model_1_goa_dr_2022.dat 4 2023 SSBUCI 44.639
Model_1_goa_dr_2022.dat 4 2023 SSBMedian 44.6191
Model_1_goa_dr_2022.dat 4 2023 SSBMean 44.6216
Model_1_goa_dr_2022.dat 4 2024 SSBF100 65.5649
Model_1_goa_dr_2022.dat 4 2024 SSBFabc 26.2259
Model_1_goa_dr_2022.dat 4 2024 SSBFofl 22.9477
Model_1_goa_dr_2022.dat 4 2024 SSBLCI 43.1641
Model_1_goa_dr_2022.dat 4 2024 SSBUCI 43.2505
Model_1_goa_dr_2022.dat 4 2024 SSBMedian 43.1899
Model_1_goa_dr_2022.dat 4 2024 SSBMean 43.1968
Model_1_goa_dr_2022.dat 4 2025 SSBF100 65.5649
Model_1_goa_dr_2022.dat 4 2025 SSBFabc 26.2259
Model_1_goa_dr_2022.dat 4 2025 SSBFofl 22.9477
Model_1_goa_dr_2022.dat 4 2025 SSBLCI 41.1111
Model_1_goa_dr_2022.dat 4 2025 SSBUCI 41.3418
Model_1_goa_dr_2022.dat 4 2025 SSBMedian 41.1812
Model_1_goa_dr_2022.dat 4 2025 SSBMean 41.1999
Model_1_goa_dr_2022.dat 4 2026 SSBF100 65.5649
Model_1_goa_dr_2022.dat 4 2026 SSBFabc 26.2259
Model_1_goa_dr_2022.dat 4 2026 SSBFofl 22.9477
Model_1_goa_dr_2022.dat 4 2026 SSBLCI 39.0412
Model_1_goa_dr_2022.dat 4 2026 SSBUCI 39.5785
Model_1_goa_dr_2022.dat 4 2026 SSBMedian 39.2123
Model_1_goa_dr_2022.dat 4 2026 SSBMean 39.2511
Model_1_goa_dr_2022.dat 4 2027 SSBF100 65.5649
Model_1_goa_dr_2022.dat 4 2027 SSBFabc 26.2259
Model_1_goa_dr_2022.dat 4 2027 SSBFofl 22.9477
Model_1_goa_dr_2022.dat 4 2027 SSBLCI 37.3956
Model_1_goa_dr_2022.dat 4 2027 SSBUCI 38.5323
Model_1_goa_dr_2022.dat 4 2027 SSBMedian 37.7737
Model_1_goa_dr_2022.dat 4 2027 SSBMean 37.843
Model_1_goa_dr_2022.dat 4 2028 SSBF100 65.5649
Model_1_goa_dr_2022.dat 4 2028 SSBFabc 26.2259
Model_1_goa_dr_2022.dat 4 2028 SSBFofl 22.9477
Model_1_goa_dr_2022.dat 4 2028 SSBLCI 35.7947
Model_1_goa_dr_2022.dat 4 2028 SSBUCI 37.9541
Model_1_goa_dr_2022.dat 4 2028 SSBMedian 36.512
Model_1_goa_dr_2022.dat 4 2028 SSBMean 36.6557
Model_1_goa_dr_2022.dat 4 2029 SSBF100 65.5649
Model_1_goa_dr_2022.dat 4 2029 SSBFabc 26.2259
Model_1_goa_dr_2022.dat 4 2029 SSBFofl 22.9477
Model_1_goa_dr_2022.dat 4 2029 SSBLCI 34.3794
Model_1_goa_dr_2022.dat 4 2029 SSBUCI 38.1024
Model_1_goa_dr_2022.dat 4 2029 SSBMedian 35.6182
Model_1_goa_dr_2022.dat 4 2029 SSBMean 35.8494
Model_1_goa_dr_2022.dat 4 2030 SSBF100 65.5649
Model_1_goa_dr_2022.dat 4 2030 SSBFabc 26.2259
Model_1_goa_dr_2022.dat 4 2030 SSBFofl 22.9477
Model_1_goa_dr_2022.dat 4 2030 SSBLCI 33.2405
Model_1_goa_dr_2022.dat 4 2030 SSBUCI 38.8002
Model_1_goa_dr_2022.dat 4 2030 SSBMedian 35.1094
Model_1_goa_dr_2022.dat 4 2030 SSBMean 35.4951
Model_1_goa_dr_2022.dat 4 2031 SSBF100 65.5649
Model_1_goa_dr_2022.dat 4 2031 SSBFabc 26.2259
Model_1_goa_dr_2022.dat 4 2031 SSBFofl 22.9477
Model_1_goa_dr_2022.dat 4 2031 SSBLCI 32.4406
Model_1_goa_dr_2022.dat 4 2031 SSBUCI 39.9452
Model_1_goa_dr_2022.dat 4 2031 SSBMedian 35.0596
Model_1_goa_dr_2022.dat 4 2031 SSBMean 35.5331
Model_1_goa_dr_2022.dat 4 2032 SSBF100 65.5649
Model_1_goa_dr_2022.dat 4 2032 SSBFabc 26.2259
Model_1_goa_dr_2022.dat 4 2032 SSBFofl 22.9477
Model_1_goa_dr_2022.dat 4 2032 SSBLCI 31.832
Model_1_goa_dr_2022.dat 4 2032 SSBUCI 41.4968
Model_1_goa_dr_2022.dat 4 2032 SSBMedian 35.2846
Model_1_goa_dr_2022.dat 4 2032 SSBMean 35.8386
Model_1_goa_dr_2022.dat 4 2033 SSBF100 65.5649
Model_1_goa_dr_2022.dat 4 2033 SSBFabc 26.2259
Model_1_goa_dr_2022.dat 4 2033 SSBFofl 22.9477
Model_1_goa_dr_2022.dat 4 2033 SSBLCI 31.4439
Model_1_goa_dr_2022.dat 4 2033 SSBUCI 43.0328
Model_1_goa_dr_2022.dat 4 2033 SSBMedian 35.7446
Model_1_goa_dr_2022.dat 4 2033 SSBMean 36.2968
Model_1_goa_dr_2022.dat 4 2034 SSBF100 65.5649
Model_1_goa_dr_2022.dat 4 2034 SSBFabc 26.2259
Model_1_goa_dr_2022.dat 4 2034 SSBFofl 22.9477
Model_1_goa_dr_2022.dat 4 2034 SSBLCI 31.2341
Model_1_goa_dr_2022.dat 4 2034 SSBUCI 44.4052
Model_1_goa_dr_2022.dat 4 2034 SSBMedian 36.2435
Model_1_goa_dr_2022.dat 4 2034 SSBMean 36.825
Model_1_goa_dr_2022.dat 4 2035 SSBF100 65.5649
Model_1_goa_dr_2022.dat 4 2035 SSBFabc 26.2259
Model_1_goa_dr_2022.dat 4 2035 SSBFofl 22.9477
Model_1_goa_dr_2022.dat 4 2035 SSBLCI 31.261
Model_1_goa_dr_2022.dat 4 2035 SSBUCI 45.2795
Model_1_goa_dr_2022.dat 4 2035 SSBMedian 36.8587
Model_1_goa_dr_2022.dat 4 2035 SSBMean 37.3773
Model_1_goa_dr_2022.dat 4 2022 F0 0 
Model_1_goa_dr_2022.dat 4 2022 Fabc 0.0913417
Model_1_goa_dr_2022.dat 4 2022 Fofl 0.112301
Model_1_goa_dr_2022.dat 4 2022  F_LCI 0.028508
Model_1_goa_dr_2022.dat 4 2022  F_UCI 0.028508
Model_1_goa_dr_2022.dat 4 2022  F_Median 0.028508
Model_1_goa_dr_2022.dat 4 2022  F_Mean 0.028508
Model_1_goa_dr_2022.dat 4 2023 F0 0 
Model_1_goa_dr_2022.dat 4 2023 Fabc 0.0913417
Model_1_goa_dr_2022.dat 4 2023 Fofl 0.112301
Model_1_goa_dr_2022.dat 4 2023  F_LCI 0.0403036
Model_1_goa_dr_2022.dat 4 2023  F_UCI 0.0403047
Model_1_goa_dr_2022.dat 4 2023  F_Median 0.0403044
Model_1_goa_dr_2022.dat 4 2023  F_Mean 0.0403043
Model_1_goa_dr_2022.dat 4 2024 F0 0 
Model_1_goa_dr_2022.dat 4 2024 Fabc 0.0913417
Model_1_goa_dr_2022.dat 4 2024 Fofl 0.112301
Model_1_goa_dr_2022.dat 4 2024  F_LCI 0.0484116
Model_1_goa_dr_2022.dat 4 2024  F_UCI 0.0484185
Model_1_goa_dr_2022.dat 4 2024  F_Median 0.0484165
Model_1_goa_dr_2022.dat 4 2024  F_Mean 0.048416
Model_1_goa_dr_2022.dat 4 2025 F0 0 
Model_1_goa_dr_2022.dat 4 2025 Fabc 0.0913417
Model_1_goa_dr_2022.dat 4 2025 Fofl 0.112301
Model_1_goa_dr_2022.dat 4 2025  F_LCI 0.0464088
Model_1_goa_dr_2022.dat 4 2025  F_UCI 0.0464403
Model_1_goa_dr_2022.dat 4 2025  F_Median 0.0464313
Model_1_goa_dr_2022.dat 4 2025  F_Mean 0.0464289
Model_1_goa_dr_2022.dat 4 2026 F0 0 
Model_1_goa_dr_2022.dat 4 2026 Fabc 0.0913417
Model_1_goa_dr_2022.dat 4 2026 Fofl 0.112301
Model_1_goa_dr_2022.dat 4 2026  F_LCI 0.0305845
Model_1_goa_dr_2022.dat 4 2026  F_UCI 0.0305845
Model_1_goa_dr_2022.dat 4 2026  F_Median 0.0305845
Model_1_goa_dr_2022.dat 4 2026  F_Mean 0.0305845
Model_1_goa_dr_2022.dat 4 2027 F0 0 
Model_1_goa_dr_2022.dat 4 2027 Fabc 0.0913417
Model_1_goa_dr_2022.dat 4 2027 Fofl 0.112301
Model_1_goa_dr_2022.dat 4 2027  F_LCI 0.0305845
Model_1_goa_dr_2022.dat 4 2027  F_UCI 0.0305845
Model_1_goa_dr_2022.dat 4 2027  F_Median 0.0305845
Model_1_goa_dr_2022.dat 4 2027  F_Mean 0.0305845
Model_1_goa_dr_2022.dat 4 2028 F0 0 
Model_1_goa_dr_2022.dat 4 2028 Fabc 0.0913417
Model_1_goa_dr_2022.dat 4 2028 Fofl 0.112301
Model_1_goa_dr_2022.dat 4 2028  F_LCI 0.0305845
Model_1_goa_dr_2022.dat 4 2028  F_UCI 0.0305845
Model_1_goa_dr_2022.dat 4 2028  F_Median 0.0305845
Model_1_goa_dr_2022.dat 4 2028  F_Mean 0.0305845
Model_1_goa_dr_2022.dat 4 2029 F0 0 
Model_1_goa_dr_2022.dat 4 2029 Fabc 0.0913417
Model_1_goa_dr_2022.dat 4 2029 Fofl 0.112301
Model_1_goa_dr_2022.dat 4 2029  F_LCI 0.0305845
Model_1_goa_dr_2022.dat 4 2029  F_UCI 0.0305845
Model_1_goa_dr_2022.dat 4 2029  F_Median 0.0305845
Model_1_goa_dr_2022.dat 4 2029  F_Mean 0.0305845
Model_1_goa_dr_2022.dat 4 2030 F0 0 
Model_1_goa_dr_2022.dat 4 2030 Fabc 0.0913417
Model_1_goa_dr_2022.dat 4 2030 Fofl 0.112301
Model_1_goa_dr_2022.dat 4 2030  F_LCI 0.0305845
Model_1_goa_dr_2022.dat 4 2030  F_UCI 0.0305845
Model_1_goa_dr_2022.dat 4 2030  F_Median 0.0305845
Model_1_goa_dr_2022.dat 4 2030  F_Mean 0.0305845
Model_1_goa_dr_2022.dat 4 2031 F0 0 
Model_1_goa_dr_2022.dat 4 2031 Fabc 0.0913417
Model_1_goa_dr_2022.dat 4 2031 Fofl 0.112301
Model_1_goa_dr_2022.dat 4 2031  F_LCI 0.0305845
Model_1_goa_dr_2022.dat 4 2031  F_UCI 0.0305845
Model_1_goa_dr_2022.dat 4 2031  F_Median 0.0305845
Model_1_goa_dr_2022.dat 4 2031  F_Mean 0.0305845
Model_1_goa_dr_2022.dat 4 2032 F0 0 
Model_1_goa_dr_2022.dat 4 2032 Fabc 0.0913417
Model_1_goa_dr_2022.dat 4 2032 Fofl 0.112301
Model_1_goa_dr_2022.dat 4 2032  F_LCI 0.0305845
Model_1_goa_dr_2022.dat 4 2032  F_UCI 0.0305845
Model_1_goa_dr_2022.dat 4 2032  F_Median 0.0305845
Model_1_goa_dr_2022.dat 4 2032  F_Mean 0.0305845
Model_1_goa_dr_2022.dat 4 2033 F0 0 
Model_1_goa_dr_2022.dat 4 2033 Fabc 0.0913417
Model_1_goa_dr_2022.dat 4 2033 Fofl 0.112301
Model_1_goa_dr_2022.dat 4 2033  F_LCI 0.0305845
Model_1_goa_dr_2022.dat 4 2033  F_UCI 0.0305845
Model_1_goa_dr_2022.dat 4 2033  F_Median 0.0305845
Model_1_goa_dr_2022.dat 4 2033  F_Mean 0.0305845
Model_1_goa_dr_2022.dat 4 2034 F0 0 
Model_1_goa_dr_2022.dat 4 2034 Fabc 0.0913417
Model_1_goa_dr_2022.dat 4 2034 Fofl 0.112301
Model_1_goa_dr_2022.dat 4 2034  F_LCI 0.0305845
Model_1_goa_dr_2022.dat 4 2034  F_UCI 0.0305845
Model_1_goa_dr_2022.dat 4 2034  F_Median 0.0305845
Model_1_goa_dr_2022.dat 4 2034  F_Mean 0.0305845
Model_1_goa_dr_2022.dat 4 2035 F0 0 
Model_1_goa_dr_2022.dat 4 2035 Fabc 0.0913417
Model_1_goa_dr_2022.dat 4 2035 Fofl 0.112301
Model_1_goa_dr_2022.dat 4 2035  F_LCI 0.0305845
Model_1_goa_dr_2022.dat 4 2035  F_UCI 0.0305845
Model_1_goa_dr_2022.dat 4 2035  F_Median 0.0305845
Model_1_goa_dr_2022.dat 4 2035  F_Mean 0.0305845
Model_1_goa_dr_2022.dat 5 2022 Cabc 4.6223
Model_1_goa_dr_2022.dat 5 2022 Cofl 4.9419
Model_1_goa_dr_2022.dat 5 2022 CLCI 2.58601
Model_1_goa_dr_2022.dat 5 2022 CUCI 2.58601
Model_1_goa_dr_2022.dat 5 2022 CMedian 2.58601
Model_1_goa_dr_2022.dat 5 2022 CMean 2.58601
Model_1_goa_dr_2022.dat 5 2023 Cabc 4.6223
Model_1_goa_dr_2022.dat 5 2023 Cofl 4.9419
Model_1_goa_dr_2022.dat 5 2023 CLCI 3.58041
Model_1_goa_dr_2022.dat 5 2023 CUCI 3.58041
Model_1_goa_dr_2022.dat 5 2023 CMedian 3.58041
Model_1_goa_dr_2022.dat 5 2023 CMean 3.58041
Model_1_goa_dr_2022.dat 5 2024 Cabc 4.6223
Model_1_goa_dr_2022.dat 5 2024 Cofl 4.9419
Model_1_goa_dr_2022.dat 5 2024 CLCI 4.124
Model_1_goa_dr_2022.dat 5 2024 CUCI 4.124
Model_1_goa_dr_2022.dat 5 2024 CMedian 4.124
Model_1_goa_dr_2022.dat 5 2024 CMean 4.124
Model_1_goa_dr_2022.dat 5 2025 Cabc 4.6223
Model_1_goa_dr_2022.dat 5 2025 Cofl 4.9419
Model_1_goa_dr_2022.dat 5 2025 CLCI 3.752
Model_1_goa_dr_2022.dat 5 2025 CUCI 3.752
Model_1_goa_dr_2022.dat 5 2025 CMedian 3.752
Model_1_goa_dr_2022.dat 5 2025 CMean 3.752
Model_1_goa_dr_2022.dat 5 2026 Cabc 4.6223
Model_1_goa_dr_2022.dat 5 2026 Cofl 4.9419
Model_1_goa_dr_2022.dat 5 2026 CLCI 0
Model_1_goa_dr_2022.dat 5 2026 CUCI 0
Model_1_goa_dr_2022.dat 5 2026 CMedian 0
Model_1_goa_dr_2022.dat 5 2026 CMean 0
Model_1_goa_dr_2022.dat 5 2027 Cabc 4.6223
Model_1_goa_dr_2022.dat 5 2027 Cofl 4.9419
Model_1_goa_dr_2022.dat 5 2027 CLCI 0
Model_1_goa_dr_2022.dat 5 2027 CUCI 0
Model_1_goa_dr_2022.dat 5 2027 CMedian 0
Model_1_goa_dr_2022.dat 5 2027 CMean 0
Model_1_goa_dr_2022.dat 5 2028 Cabc 4.6223
Model_1_goa_dr_2022.dat 5 2028 Cofl 4.9419
Model_1_goa_dr_2022.dat 5 2028 CLCI 0
Model_1_goa_dr_2022.dat 5 2028 CUCI 0
Model_1_goa_dr_2022.dat 5 2028 CMedian 0
Model_1_goa_dr_2022.dat 5 2028 CMean 0
Model_1_goa_dr_2022.dat 5 2029 Cabc 4.6223
Model_1_goa_dr_2022.dat 5 2029 Cofl 4.9419
Model_1_goa_dr_2022.dat 5 2029 CLCI 0
Model_1_goa_dr_2022.dat 5 2029 CUCI 0
Model_1_goa_dr_2022.dat 5 2029 CMedian 0
Model_1_goa_dr_2022.dat 5 2029 CMean 0
Model_1_goa_dr_2022.dat 5 2030 Cabc 4.6223
Model_1_goa_dr_2022.dat 5 2030 Cofl 4.9419
Model_1_goa_dr_2022.dat 5 2030 CLCI 0
Model_1_goa_dr_2022.dat 5 2030 CUCI 0
Model_1_goa_dr_2022.dat 5 2030 CMedian 0
Model_1_goa_dr_2022.dat 5 2030 CMean 0
Model_1_goa_dr_2022.dat 5 2031 Cabc 4.6223
Model_1_goa_dr_2022.dat 5 2031 Cofl 4.9419
Model_1_goa_dr_2022.dat 5 2031 CLCI 0
Model_1_goa_dr_2022.dat 5 2031 CUCI 0
Model_1_goa_dr_2022.dat 5 2031 CMedian 0
Model_1_goa_dr_2022.dat 5 2031 CMean 0
Model_1_goa_dr_2022.dat 5 2032 Cabc 4.6223
Model_1_goa_dr_2022.dat 5 2032 Cofl 4.9419
Model_1_goa_dr_2022.dat 5 2032 CLCI 0
Model_1_goa_dr_2022.dat 5 2032 CUCI 0
Model_1_goa_dr_2022.dat 5 2032 CMedian 0
Model_1_goa_dr_2022.dat 5 2032 CMean 0
Model_1_goa_dr_2022.dat 5 2033 Cabc 4.6223
Model_1_goa_dr_2022.dat 5 2033 Cofl 4.9419
Model_1_goa_dr_2022.dat 5 2033 CLCI 0
Model_1_goa_dr_2022.dat 5 2033 CUCI 0
Model_1_goa_dr_2022.dat 5 2033 CMedian 0
Model_1_goa_dr_2022.dat 5 2033 CMean 0
Model_1_goa_dr_2022.dat 5 2034 Cabc 4.6223
Model_1_goa_dr_2022.dat 5 2034 Cofl 4.9419
Model_1_goa_dr_2022.dat 5 2034 CLCI 0
Model_1_goa_dr_2022.dat 5 2034 CUCI 0
Model_1_goa_dr_2022.dat 5 2034 CMedian 0
Model_1_goa_dr_2022.dat 5 2034 CMean 0
Model_1_goa_dr_2022.dat 5 2035 Cabc 4.6223
Model_1_goa_dr_2022.dat 5 2035 Cofl 4.9419
Model_1_goa_dr_2022.dat 5 2035 CLCI 0
Model_1_goa_dr_2022.dat 5 2035 CUCI 0
Model_1_goa_dr_2022.dat 5 2035 CMedian 0
Model_1_goa_dr_2022.dat 5 2035 CMean 0
Model_1_goa_dr_2022.dat 5 2022 SSBF100 65.5649
Model_1_goa_dr_2022.dat 5 2022 SSBFabc 26.2259
Model_1_goa_dr_2022.dat 5 2022 SSBFofl 22.9477
Model_1_goa_dr_2022.dat 5 2022 SSBLCI 45.0556
Model_1_goa_dr_2022.dat 5 2022 SSBUCI 45.0556
Model_1_goa_dr_2022.dat 5 2022 SSBMedian 45.0556
Model_1_goa_dr_2022.dat 5 2022 SSBMean 45.0556
Model_1_goa_dr_2022.dat 5 2023 SSBF100 65.5649
Model_1_goa_dr_2022.dat 5 2023 SSBFabc 26.2259
Model_1_goa_dr_2022.dat 5 2023 SSBFofl 22.9477
Model_1_goa_dr_2022.dat 5 2023 SSBLCI 44.6122
Model_1_goa_dr_2022.dat 5 2023 SSBUCI 44.639
Model_1_goa_dr_2022.dat 5 2023 SSBMedian 44.6191
Model_1_goa_dr_2022.dat 5 2023 SSBMean 44.6216
Model_1_goa_dr_2022.dat 5 2024 SSBF100 65.5649
Model_1_goa_dr_2022.dat 5 2024 SSBFabc 26.2259
Model_1_goa_dr_2022.dat 5 2024 SSBFofl 22.9477
Model_1_goa_dr_2022.dat 5 2024 SSBLCI 43.1641
Model_1_goa_dr_2022.dat 5 2024 SSBUCI 43.2505
Model_1_goa_dr_2022.dat 5 2024 SSBMedian 43.1899
Model_1_goa_dr_2022.dat 5 2024 SSBMean 43.1968
Model_1_goa_dr_2022.dat 5 2025 SSBF100 65.5649
Model_1_goa_dr_2022.dat 5 2025 SSBFabc 26.2259
Model_1_goa_dr_2022.dat 5 2025 SSBFofl 22.9477
Model_1_goa_dr_2022.dat 5 2025 SSBLCI 41.1111
Model_1_goa_dr_2022.dat 5 2025 SSBUCI 41.3418
Model_1_goa_dr_2022.dat 5 2025 SSBMedian 41.1812
Model_1_goa_dr_2022.dat 5 2025 SSBMean 41.1999
Model_1_goa_dr_2022.dat 5 2026 SSBF100 65.5649
Model_1_goa_dr_2022.dat 5 2026 SSBFabc 26.2259
Model_1_goa_dr_2022.dat 5 2026 SSBFofl 22.9477
Model_1_goa_dr_2022.dat 5 2026 SSBLCI 39.235
Model_1_goa_dr_2022.dat 5 2026 SSBUCI 39.7724
Model_1_goa_dr_2022.dat 5 2026 SSBMedian 39.4061
Model_1_goa_dr_2022.dat 5 2026 SSBMean 39.4449
Model_1_goa_dr_2022.dat 5 2027 SSBF100 65.5649
Model_1_goa_dr_2022.dat 5 2027 SSBFabc 26.2259
Model_1_goa_dr_2022.dat 5 2027 SSBFofl 22.9477
Model_1_goa_dr_2022.dat 5 2027 SSBLCI 38.6945
Model_1_goa_dr_2022.dat 5 2027 SSBUCI 39.8323
Model_1_goa_dr_2022.dat 5 2027 SSBMedian 39.073
Model_1_goa_dr_2022.dat 5 2027 SSBMean 39.1423
Model_1_goa_dr_2022.dat 5 2028 SSBF100 65.5649
Model_1_goa_dr_2022.dat 5 2028 SSBFabc 26.2259
Model_1_goa_dr_2022.dat 5 2028 SSBFofl 22.9477
Model_1_goa_dr_2022.dat 5 2028 SSBLCI 38.1021
Model_1_goa_dr_2022.dat 5 2028 SSBUCI 40.2704
Model_1_goa_dr_2022.dat 5 2028 SSBMedian 38.8212
Model_1_goa_dr_2022.dat 5 2028 SSBMean 38.9657
Model_1_goa_dr_2022.dat 5 2029 SSBF100 65.5649
Model_1_goa_dr_2022.dat 5 2029 SSBFabc 26.2259
Model_1_goa_dr_2022.dat 5 2029 SSBFofl 22.9477
Model_1_goa_dr_2022.dat 5 2029 SSBLCI 37.5954
Model_1_goa_dr_2022.dat 5 2029 SSBUCI 41.3479
Model_1_goa_dr_2022.dat 5 2029 SSBMedian 38.8397
Model_1_goa_dr_2022.dat 5 2029 SSBMean 39.0741
Model_1_goa_dr_2022.dat 5 2030 SSBF100 65.5649
Model_1_goa_dr_2022.dat 5 2030 SSBFabc 26.2259
Model_1_goa_dr_2022.dat 5 2030 SSBFofl 22.9477
Model_1_goa_dr_2022.dat 5 2030 SSBLCI 37.2643
Model_1_goa_dr_2022.dat 5 2030 SSBUCI 42.935
Model_1_goa_dr_2022.dat 5 2030 SSBMedian 39.1717
Model_1_goa_dr_2022.dat 5 2030 SSBMean 39.5558
Model_1_goa_dr_2022.dat 5 2031 SSBF100 65.5649
Model_1_goa_dr_2022.dat 5 2031 SSBFabc 26.2259
Model_1_goa_dr_2022.dat 5 2031 SSBFofl 22.9477
Model_1_goa_dr_2022.dat 5 2031 SSBLCI 37.2009
Model_1_goa_dr_2022.dat 5 2031 SSBUCI 44.9582
Model_1_goa_dr_2022.dat 5 2031 SSBMedian 39.8466
Model_1_goa_dr_2022.dat 5 2031 SSBMean 40.3785
Model_1_goa_dr_2022.dat 5 2032 SSBF100 65.5649
Model_1_goa_dr_2022.dat 5 2032 SSBFabc 26.2259
Model_1_goa_dr_2022.dat 5 2032 SSBFofl 22.9477
Model_1_goa_dr_2022.dat 5 2032 SSBLCI 37.2931
Model_1_goa_dr_2022.dat 5 2032 SSBUCI 47.346
Model_1_goa_dr_2022.dat 5 2032 SSBMedian 40.8625
Model_1_goa_dr_2022.dat 5 2032 SSBMean 41.4395
Model_1_goa_dr_2022.dat 5 2033 SSBF100 65.5649
Model_1_goa_dr_2022.dat 5 2033 SSBFabc 26.2259
Model_1_goa_dr_2022.dat 5 2033 SSBFofl 22.9477
Model_1_goa_dr_2022.dat 5 2033 SSBLCI 37.5239
Model_1_goa_dr_2022.dat 5 2033 SSBUCI 49.8908
Model_1_goa_dr_2022.dat 5 2033 SSBMedian 42.0394
Model_1_goa_dr_2022.dat 5 2033 SSBMean 42.6355
Model_1_goa_dr_2022.dat 5 2034 SSBF100 65.5649
Model_1_goa_dr_2022.dat 5 2034 SSBFabc 26.2259
Model_1_goa_dr_2022.dat 5 2034 SSBFofl 22.9477
Model_1_goa_dr_2022.dat 5 2034 SSBLCI 37.9366
Model_1_goa_dr_2022.dat 5 2034 SSBUCI 52.0969
Model_1_goa_dr_2022.dat 5 2034 SSBMedian 43.2864
Model_1_goa_dr_2022.dat 5 2034 SSBMean 43.8856
Model_1_goa_dr_2022.dat 5 2035 SSBF100 65.5649
Model_1_goa_dr_2022.dat 5 2035 SSBFabc 26.2259
Model_1_goa_dr_2022.dat 5 2035 SSBFofl 22.9477
Model_1_goa_dr_2022.dat 5 2035 SSBLCI 38.4177
Model_1_goa_dr_2022.dat 5 2035 SSBUCI 53.9917
Model_1_goa_dr_2022.dat 5 2035 SSBMedian 44.5811
Model_1_goa_dr_2022.dat 5 2035 SSBMean 45.1417
Model_1_goa_dr_2022.dat 5 2022 F0 0 
Model_1_goa_dr_2022.dat 5 2022 Fabc 0.0913417
Model_1_goa_dr_2022.dat 5 2022 Fofl 0.112301
Model_1_goa_dr_2022.dat 5 2022  F_LCI 0.028508
Model_1_goa_dr_2022.dat 5 2022  F_UCI 0.028508
Model_1_goa_dr_2022.dat 5 2022  F_Median 0.028508
Model_1_goa_dr_2022.dat 5 2022  F_Mean 0.028508
Model_1_goa_dr_2022.dat 5 2023 F0 0 
Model_1_goa_dr_2022.dat 5 2023 Fabc 0.0913417
Model_1_goa_dr_2022.dat 5 2023 Fofl 0.112301
Model_1_goa_dr_2022.dat 5 2023  F_LCI 0.0403036
Model_1_goa_dr_2022.dat 5 2023  F_UCI 0.0403047
Model_1_goa_dr_2022.dat 5 2023  F_Median 0.0403044
Model_1_goa_dr_2022.dat 5 2023  F_Mean 0.0403043
Model_1_goa_dr_2022.dat 5 2024 F0 0 
Model_1_goa_dr_2022.dat 5 2024 Fabc 0.0913417
Model_1_goa_dr_2022.dat 5 2024 Fofl 0.112301
Model_1_goa_dr_2022.dat 5 2024  F_LCI 0.0484116
Model_1_goa_dr_2022.dat 5 2024  F_UCI 0.0484185
Model_1_goa_dr_2022.dat 5 2024  F_Median 0.0484165
Model_1_goa_dr_2022.dat 5 2024  F_Mean 0.048416
Model_1_goa_dr_2022.dat 5 2025 F0 0 
Model_1_goa_dr_2022.dat 5 2025 Fabc 0.0913417
Model_1_goa_dr_2022.dat 5 2025 Fofl 0.112301
Model_1_goa_dr_2022.dat 5 2025  F_LCI 0.0464088
Model_1_goa_dr_2022.dat 5 2025  F_UCI 0.0464403
Model_1_goa_dr_2022.dat 5 2025  F_Median 0.0464313
Model_1_goa_dr_2022.dat 5 2025  F_Mean 0.0464289
Model_1_goa_dr_2022.dat 5 2026 F0 0 
Model_1_goa_dr_2022.dat 5 2026 Fabc 0.0913417
Model_1_goa_dr_2022.dat 5 2026 Fofl 0.112301
Model_1_goa_dr_2022.dat 5 2026  F_LCI 0
Model_1_goa_dr_2022.dat 5 2026  F_UCI 0
Model_1_goa_dr_2022.dat 5 2026  F_Median 0
Model_1_goa_dr_2022.dat 5 2026  F_Mean 0
Model_1_goa_dr_2022.dat 5 2027 F0 0 
Model_1_goa_dr_2022.dat 5 2027 Fabc 0.0913417
Model_1_goa_dr_2022.dat 5 2027 Fofl 0.112301
Model_1_goa_dr_2022.dat 5 2027  F_LCI 0
Model_1_goa_dr_2022.dat 5 2027  F_UCI 0
Model_1_goa_dr_2022.dat 5 2027  F_Median 0
Model_1_goa_dr_2022.dat 5 2027  F_Mean 0
Model_1_goa_dr_2022.dat 5 2028 F0 0 
Model_1_goa_dr_2022.dat 5 2028 Fabc 0.0913417
Model_1_goa_dr_2022.dat 5 2028 Fofl 0.112301
Model_1_goa_dr_2022.dat 5 2028  F_LCI 0
Model_1_goa_dr_2022.dat 5 2028  F_UCI 0
Model_1_goa_dr_2022.dat 5 2028  F_Median 0
Model_1_goa_dr_2022.dat 5 2028  F_Mean 0
Model_1_goa_dr_2022.dat 5 2029 F0 0 
Model_1_goa_dr_2022.dat 5 2029 Fabc 0.0913417
Model_1_goa_dr_2022.dat 5 2029 Fofl 0.112301
Model_1_goa_dr_2022.dat 5 2029  F_LCI 0
Model_1_goa_dr_2022.dat 5 2029  F_UCI 0
Model_1_goa_dr_2022.dat 5 2029  F_Median 0
Model_1_goa_dr_2022.dat 5 2029  F_Mean 0
Model_1_goa_dr_2022.dat 5 2030 F0 0 
Model_1_goa_dr_2022.dat 5 2030 Fabc 0.0913417
Model_1_goa_dr_2022.dat 5 2030 Fofl 0.112301
Model_1_goa_dr_2022.dat 5 2030  F_LCI 0
Model_1_goa_dr_2022.dat 5 2030  F_UCI 0
Model_1_goa_dr_2022.dat 5 2030  F_Median 0
Model_1_goa_dr_2022.dat 5 2030  F_Mean 0
Model_1_goa_dr_2022.dat 5 2031 F0 0 
Model_1_goa_dr_2022.dat 5 2031 Fabc 0.0913417
Model_1_goa_dr_2022.dat 5 2031 Fofl 0.112301
Model_1_goa_dr_2022.dat 5 2031  F_LCI 0
Model_1_goa_dr_2022.dat 5 2031  F_UCI 0
Model_1_goa_dr_2022.dat 5 2031  F_Median 0
Model_1_goa_dr_2022.dat 5 2031  F_Mean 0
Model_1_goa_dr_2022.dat 5 2032 F0 0 
Model_1_goa_dr_2022.dat 5 2032 Fabc 0.0913417
Model_1_goa_dr_2022.dat 5 2032 Fofl 0.112301
Model_1_goa_dr_2022.dat 5 2032  F_LCI 0
Model_1_goa_dr_2022.dat 5 2032  F_UCI 0
Model_1_goa_dr_2022.dat 5 2032  F_Median 0
Model_1_goa_dr_2022.dat 5 2032  F_Mean 0
Model_1_goa_dr_2022.dat 5 2033 F0 0 
Model_1_goa_dr_2022.dat 5 2033 Fabc 0.0913417
Model_1_goa_dr_2022.dat 5 2033 Fofl 0.112301
Model_1_goa_dr_2022.dat 5 2033  F_LCI 0
Model_1_goa_dr_2022.dat 5 2033  F_UCI 0
Model_1_goa_dr_2022.dat 5 2033  F_Median 0
Model_1_goa_dr_2022.dat 5 2033  F_Mean 0
Model_1_goa_dr_2022.dat 5 2034 F0 0 
Model_1_goa_dr_2022.dat 5 2034 Fabc 0.0913417
Model_1_goa_dr_2022.dat 5 2034 Fofl 0.112301
Model_1_goa_dr_2022.dat 5 2034  F_LCI 0
Model_1_goa_dr_2022.dat 5 2034  F_UCI 0
Model_1_goa_dr_2022.dat 5 2034  F_Median 0
Model_1_goa_dr_2022.dat 5 2034  F_Mean 0
Model_1_goa_dr_2022.dat 5 2035 F0 0 
Model_1_goa_dr_2022.dat 5 2035 Fabc 0.0913417
Model_1_goa_dr_2022.dat 5 2035 Fofl 0.112301
Model_1_goa_dr_2022.dat 5 2035  F_LCI 0
Model_1_goa_dr_2022.dat 5 2035  F_UCI 0
Model_1_goa_dr_2022.dat 5 2035  F_Median 0
Model_1_goa_dr_2022.dat 5 2035  F_Mean 0
Model_1_goa_dr_2022.dat 6 2022 Cabc 4.6223
Model_1_goa_dr_2022.dat 6 2022 Cofl 4.9419
Model_1_goa_dr_2022.dat 6 2022 CLCI 2.58601
Model_1_goa_dr_2022.dat 6 2022 CUCI 2.58601
Model_1_goa_dr_2022.dat 6 2022 CMedian 2.58601
Model_1_goa_dr_2022.dat 6 2022 CMean 2.58601
Model_1_goa_dr_2022.dat 6 2023 Cabc 4.6223
Model_1_goa_dr_2022.dat 6 2023 Cofl 4.9419
Model_1_goa_dr_2022.dat 6 2023 CLCI 9.64368
Model_1_goa_dr_2022.dat 6 2023 CUCI 9.64393
Model_1_goa_dr_2022.dat 6 2023 CMedian 9.64374
Model_1_goa_dr_2022.dat 6 2023 CMean 9.64377
Model_1_goa_dr_2022.dat 6 2024 Cabc 4.6223
Model_1_goa_dr_2022.dat 6 2024 Cofl 4.9419
Model_1_goa_dr_2022.dat 6 2024 CLCI 8.67213
Model_1_goa_dr_2022.dat 6 2024 CUCI 8.67345
Model_1_goa_dr_2022.dat 6 2024 CMedian 8.6725
Model_1_goa_dr_2022.dat 6 2024 CMean 8.67261
Model_1_goa_dr_2022.dat 6 2025 Cabc 4.6223
Model_1_goa_dr_2022.dat 6 2025 Cofl 4.9419
Model_1_goa_dr_2022.dat 6 2025 CLCI 7.74985
Model_1_goa_dr_2022.dat 6 2025 CUCI 7.75577
Model_1_goa_dr_2022.dat 6 2025 CMedian 7.75153
Model_1_goa_dr_2022.dat 6 2025 CMean 7.752
Model_1_goa_dr_2022.dat 6 2026 Cabc 4.6223
Model_1_goa_dr_2022.dat 6 2026 Cofl 4.9419
Model_1_goa_dr_2022.dat 6 2026 CLCI 6.88035
Model_1_goa_dr_2022.dat 6 2026 CUCI 6.90377
Model_1_goa_dr_2022.dat 6 2026 CMedian 6.88717
Model_1_goa_dr_2022.dat 6 2026 CMean 6.88899
Model_1_goa_dr_2022.dat 6 2027 Cabc 4.6223
Model_1_goa_dr_2022.dat 6 2027 Cofl 4.9419
Model_1_goa_dr_2022.dat 6 2027 CLCI 6.08907
Model_1_goa_dr_2022.dat 6 2027 CUCI 6.17399
Model_1_goa_dr_2022.dat 6 2027 CMedian 6.11402
Model_1_goa_dr_2022.dat 6 2027 CMean 6.12059
Model_1_goa_dr_2022.dat 6 2028 Cabc 4.6223
Model_1_goa_dr_2022.dat 6 2028 Cofl 4.9419
Model_1_goa_dr_2022.dat 6 2028 CLCI 5.26831
Model_1_goa_dr_2022.dat 6 2028 CUCI 5.6668
Model_1_goa_dr_2022.dat 6 2028 CMedian 5.47874
Model_1_goa_dr_2022.dat 6 2028 CMean 5.4668
Model_1_goa_dr_2022.dat 6 2029 Cabc 4.6223
Model_1_goa_dr_2022.dat 6 2029 Cofl 4.9419
Model_1_goa_dr_2022.dat 6 2029 CLCI 4.29803
Model_1_goa_dr_2022.dat 6 2029 CUCI 5.49328
Model_1_goa_dr_2022.dat 6 2029 CMedian 4.6896
Model_1_goa_dr_2022.dat 6 2029 CMean 4.7665
Model_1_goa_dr_2022.dat 6 2030 Cabc 4.6223
Model_1_goa_dr_2022.dat 6 2030 Cofl 4.9419
Model_1_goa_dr_2022.dat 6 2030 CLCI 3.70394
Model_1_goa_dr_2022.dat 6 2030 CUCI 5.60377
Model_1_goa_dr_2022.dat 6 2030 CMedian 4.29637
Model_1_goa_dr_2022.dat 6 2030 CMean 4.42748
Model_1_goa_dr_2022.dat 6 2031 Cabc 4.6223
Model_1_goa_dr_2022.dat 6 2031 Cofl 4.9419
Model_1_goa_dr_2022.dat 6 2031 CLCI 3.37254
Model_1_goa_dr_2022.dat 6 2031 CUCI 5.79128
Model_1_goa_dr_2022.dat 6 2031 CMedian 4.14716
Model_1_goa_dr_2022.dat 6 2031 CMean 4.32743
Model_1_goa_dr_2022.dat 6 2032 Cabc 4.6223
Model_1_goa_dr_2022.dat 6 2032 Cofl 4.9419
Model_1_goa_dr_2022.dat 6 2032 CLCI 3.1741
Model_1_goa_dr_2022.dat 6 2032 CUCI 5.95752
Model_1_goa_dr_2022.dat 6 2032 CMedian 4.17076
Model_1_goa_dr_2022.dat 6 2032 CMean 4.3366
Model_1_goa_dr_2022.dat 6 2033 Cabc 4.6223
Model_1_goa_dr_2022.dat 6 2033 Cofl 4.9419
Model_1_goa_dr_2022.dat 6 2033 CLCI 3.03506
Model_1_goa_dr_2022.dat 6 2033 CUCI 6.12541
Model_1_goa_dr_2022.dat 6 2033 CMedian 4.21832
Model_1_goa_dr_2022.dat 6 2033 CMean 4.38445
Model_1_goa_dr_2022.dat 6 2034 Cabc 4.6223
Model_1_goa_dr_2022.dat 6 2034 Cofl 4.9419
Model_1_goa_dr_2022.dat 6 2034 CLCI 3.01016
Model_1_goa_dr_2022.dat 6 2034 CUCI 6.22928
Model_1_goa_dr_2022.dat 6 2034 CMedian 4.29378
Model_1_goa_dr_2022.dat 6 2034 CMean 4.44204
Model_1_goa_dr_2022.dat 6 2035 Cabc 4.6223
Model_1_goa_dr_2022.dat 6 2035 Cofl 4.9419
Model_1_goa_dr_2022.dat 6 2035 CLCI 3.00395
Model_1_goa_dr_2022.dat 6 2035 CUCI 6.33579
Model_1_goa_dr_2022.dat 6 2035 CMedian 4.38182
Model_1_goa_dr_2022.dat 6 2035 CMean 4.50431
Model_1_goa_dr_2022.dat 6 2022 SSBF100 65.5649
Model_1_goa_dr_2022.dat 6 2022 SSBFabc 26.2259
Model_1_goa_dr_2022.dat 6 2022 SSBFofl 22.9477
Model_1_goa_dr_2022.dat 6 2022 SSBLCI 45.0556
Model_1_goa_dr_2022.dat 6 2022 SSBUCI 45.0556
Model_1_goa_dr_2022.dat 6 2022 SSBMedian 45.0556
Model_1_goa_dr_2022.dat 6 2022 SSBMean 45.0556
Model_1_goa_dr_2022.dat 6 2023 SSBF100 65.5649
Model_1_goa_dr_2022.dat 6 2023 SSBFabc 26.2259
Model_1_goa_dr_2022.dat 6 2023 SSBFofl 22.9477
Model_1_goa_dr_2022.dat 6 2023 SSBLCI 44.1018
Model_1_goa_dr_2022.dat 6 2023 SSBUCI 44.1286
Model_1_goa_dr_2022.dat 6 2023 SSBMedian 44.1087
Model_1_goa_dr_2022.dat 6 2023 SSBMean 44.1112
Model_1_goa_dr_2022.dat 6 2024 SSBF100 65.5649
Model_1_goa_dr_2022.dat 6 2024 SSBFabc 26.2259
Model_1_goa_dr_2022.dat 6 2024 SSBFofl 22.9477
Model_1_goa_dr_2022.dat 6 2024 SSBLCI 39.93
Model_1_goa_dr_2022.dat 6 2024 SSBUCI 40.0162
Model_1_goa_dr_2022.dat 6 2024 SSBMedian 39.9558
Model_1_goa_dr_2022.dat 6 2024 SSBMean 39.9626
Model_1_goa_dr_2022.dat 6 2025 SSBF100 65.5649
Model_1_goa_dr_2022.dat 6 2025 SSBFabc 26.2259
Model_1_goa_dr_2022.dat 6 2025 SSBFofl 22.9477
Model_1_goa_dr_2022.dat 6 2025 SSBLCI 35.8518
Model_1_goa_dr_2022.dat 6 2025 SSBUCI 36.082
Model_1_goa_dr_2022.dat 6 2025 SSBMedian 35.9217
Model_1_goa_dr_2022.dat 6 2025 SSBMean 35.9403
Model_1_goa_dr_2022.dat 6 2026 SSBF100 65.5649
Model_1_goa_dr_2022.dat 6 2026 SSBFabc 26.2259
Model_1_goa_dr_2022.dat 6 2026 SSBFofl 22.9477
Model_1_goa_dr_2022.dat 6 2026 SSBLCI 32.013
Model_1_goa_dr_2022.dat 6 2026 SSBUCI 32.5483
Model_1_goa_dr_2022.dat 6 2026 SSBMedian 32.1836
Model_1_goa_dr_2022.dat 6 2026 SSBMean 32.2223
Model_1_goa_dr_2022.dat 6 2027 SSBF100 65.5649
Model_1_goa_dr_2022.dat 6 2027 SSBFabc 26.2259
Model_1_goa_dr_2022.dat 6 2027 SSBFofl 22.9477
Model_1_goa_dr_2022.dat 6 2027 SSBLCI 28.5401
Model_1_goa_dr_2022.dat 6 2027 SSBUCI 29.6718
Model_1_goa_dr_2022.dat 6 2027 SSBMedian 28.9168
Model_1_goa_dr_2022.dat 6 2027 SSBMean 28.9858
Model_1_goa_dr_2022.dat 6 2028 SSBF100 65.5649
Model_1_goa_dr_2022.dat 6 2028 SSBFabc 26.2259
Model_1_goa_dr_2022.dat 6 2028 SSBFofl 22.9477
Model_1_goa_dr_2022.dat 6 2028 SSBLCI 25.5505
Model_1_goa_dr_2022.dat 6 2028 SSBUCI 27.6714
Model_1_goa_dr_2022.dat 6 2028 SSBMedian 26.252
Model_1_goa_dr_2022.dat 6 2028 SSBMean 26.3949
Model_1_goa_dr_2022.dat 6 2029 SSBF100 65.5649
Model_1_goa_dr_2022.dat 6 2029 SSBFabc 26.2259
Model_1_goa_dr_2022.dat 6 2029 SSBFofl 22.9477
Model_1_goa_dr_2022.dat 6 2029 SSBLCI 23.2056
Model_1_goa_dr_2022.dat 6 2029 SSBUCI 26.7055
Model_1_goa_dr_2022.dat 6 2029 SSBMedian 24.3359
Model_1_goa_dr_2022.dat 6 2029 SSBMean 24.5766
Model_1_goa_dr_2022.dat 6 2030 SSBF100 65.5649
Model_1_goa_dr_2022.dat 6 2030 SSBFabc 26.2259
Model_1_goa_dr_2022.dat 6 2030 SSBFofl 22.9477
Model_1_goa_dr_2022.dat 6 2030 SSBLCI 21.5911
Model_1_goa_dr_2022.dat 6 2030 SSBUCI 26.4567
Model_1_goa_dr_2022.dat 6 2030 SSBMedian 23.2051
Model_1_goa_dr_2022.dat 6 2030 SSBMean 23.5791
Model_1_goa_dr_2022.dat 6 2031 SSBF100 65.5649
Model_1_goa_dr_2022.dat 6 2031 SSBFabc 26.2259
Model_1_goa_dr_2022.dat 6 2031 SSBFofl 22.9477
Model_1_goa_dr_2022.dat 6 2031 SSBLCI 20.5942
Model_1_goa_dr_2022.dat 6 2031 SSBUCI 26.848
Model_1_goa_dr_2022.dat 6 2031 SSBMedian 22.7886
Model_1_goa_dr_2022.dat 6 2031 SSBMean 23.1634
Model_1_goa_dr_2022.dat 6 2032 SSBF100 65.5649
Model_1_goa_dr_2022.dat 6 2032 SSBFabc 26.2259
Model_1_goa_dr_2022.dat 6 2032 SSBFofl 22.9477
Model_1_goa_dr_2022.dat 6 2032 SSBLCI 19.9343
Model_1_goa_dr_2022.dat 6 2032 SSBUCI 27.4266
Model_1_goa_dr_2022.dat 6 2032 SSBMedian 22.6838
Model_1_goa_dr_2022.dat 6 2032 SSBMean 23.0846
Model_1_goa_dr_2022.dat 6 2033 SSBF100 65.5649
Model_1_goa_dr_2022.dat 6 2033 SSBFabc 26.2259
Model_1_goa_dr_2022.dat 6 2033 SSBFofl 22.9477
Model_1_goa_dr_2022.dat 6 2033 SSBLCI 19.519
Model_1_goa_dr_2022.dat 6 2033 SSBUCI 28.0834
Model_1_goa_dr_2022.dat 6 2033 SSBMedian 22.7957
Model_1_goa_dr_2022.dat 6 2033 SSBMean 23.1717
Model_1_goa_dr_2022.dat 6 2034 SSBF100 65.5649
Model_1_goa_dr_2022.dat 6 2034 SSBFabc 26.2259
Model_1_goa_dr_2022.dat 6 2034 SSBFofl 22.9477
Model_1_goa_dr_2022.dat 6 2034 SSBLCI 19.4048
Model_1_goa_dr_2022.dat 6 2034 SSBUCI 28.3953
Model_1_goa_dr_2022.dat 6 2034 SSBMedian 22.9404
Model_1_goa_dr_2022.dat 6 2034 SSBMean 23.3258
Model_1_goa_dr_2022.dat 6 2035 SSBF100 65.5649
Model_1_goa_dr_2022.dat 6 2035 SSBFabc 26.2259
Model_1_goa_dr_2022.dat 6 2035 SSBFofl 22.9477
Model_1_goa_dr_2022.dat 6 2035 SSBLCI 19.3665
Model_1_goa_dr_2022.dat 6 2035 SSBUCI 28.7885
Model_1_goa_dr_2022.dat 6 2035 SSBMedian 23.1179
Model_1_goa_dr_2022.dat 6 2035 SSBMean 23.501
Model_1_goa_dr_2022.dat 6 2022 F0 0 
Model_1_goa_dr_2022.dat 6 2022 Fabc 0.0913417
Model_1_goa_dr_2022.dat 6 2022 Fofl 0.112301
Model_1_goa_dr_2022.dat 6 2022  F_LCI 0.028508
Model_1_goa_dr_2022.dat 6 2022  F_UCI 0.028508
Model_1_goa_dr_2022.dat 6 2022  F_Median 0.028508
Model_1_goa_dr_2022.dat 6 2022  F_Mean 0.028508
Model_1_goa_dr_2022.dat 6 2023 F0 0 
Model_1_goa_dr_2022.dat 6 2023 Fabc 0.0913417
Model_1_goa_dr_2022.dat 6 2023 Fofl 0.112301
Model_1_goa_dr_2022.dat 6 2023  F_LCI 0.112301
Model_1_goa_dr_2022.dat 6 2023  F_UCI 0.112301
Model_1_goa_dr_2022.dat 6 2023  F_Median 0.112301
Model_1_goa_dr_2022.dat 6 2023  F_Mean 0.112301
Model_1_goa_dr_2022.dat 6 2024 F0 0 
Model_1_goa_dr_2022.dat 6 2024 Fabc 0.0913417
Model_1_goa_dr_2022.dat 6 2024 Fofl 0.112301
Model_1_goa_dr_2022.dat 6 2024  F_LCI 0.112301
Model_1_goa_dr_2022.dat 6 2024  F_UCI 0.112301
Model_1_goa_dr_2022.dat 6 2024  F_Median 0.112301
Model_1_goa_dr_2022.dat 6 2024  F_Mean 0.112301
Model_1_goa_dr_2022.dat 6 2025 F0 0 
Model_1_goa_dr_2022.dat 6 2025 Fabc 0.0913417
Model_1_goa_dr_2022.dat 6 2025 Fofl 0.112301
Model_1_goa_dr_2022.dat 6 2025  F_LCI 0.112301
Model_1_goa_dr_2022.dat 6 2025  F_UCI 0.112301
Model_1_goa_dr_2022.dat 6 2025  F_Median 0.112301
Model_1_goa_dr_2022.dat 6 2025  F_Mean 0.112301
Model_1_goa_dr_2022.dat 6 2026 F0 0 
Model_1_goa_dr_2022.dat 6 2026 Fabc 0.0913417
Model_1_goa_dr_2022.dat 6 2026 Fofl 0.112301
Model_1_goa_dr_2022.dat 6 2026  F_LCI 0.112301
Model_1_goa_dr_2022.dat 6 2026  F_UCI 0.112301
Model_1_goa_dr_2022.dat 6 2026  F_Median 0.112301
Model_1_goa_dr_2022.dat 6 2026  F_Mean 0.112301
Model_1_goa_dr_2022.dat 6 2027 F0 0 
Model_1_goa_dr_2022.dat 6 2027 Fabc 0.0913417
Model_1_goa_dr_2022.dat 6 2027 Fofl 0.112301
Model_1_goa_dr_2022.dat 6 2027  F_LCI 0.112301
Model_1_goa_dr_2022.dat 6 2027  F_UCI 0.112301
Model_1_goa_dr_2022.dat 6 2027  F_Median 0.112301
Model_1_goa_dr_2022.dat 6 2027  F_Mean 0.112301
Model_1_goa_dr_2022.dat 6 2028 F0 0 
Model_1_goa_dr_2022.dat 6 2028 Fabc 0.0913417
Model_1_goa_dr_2022.dat 6 2028 Fofl 0.112301
Model_1_goa_dr_2022.dat 6 2028  F_LCI 0.109257
Model_1_goa_dr_2022.dat 6 2028  F_UCI 0.112301
Model_1_goa_dr_2022.dat 6 2028  F_Median 0.112301
Model_1_goa_dr_2022.dat 6 2028  F_Mean 0.111493
Model_1_goa_dr_2022.dat 6 2029 F0 0 
Model_1_goa_dr_2022.dat 6 2029 Fabc 0.0913417
Model_1_goa_dr_2022.dat 6 2029 Fofl 0.112301
Model_1_goa_dr_2022.dat 6 2029  F_LCI 0.0986869
Model_1_goa_dr_2022.dat 6 2029  F_UCI 0.112301
Model_1_goa_dr_2022.dat 6 2029  F_Median 0.103782
Model_1_goa_dr_2022.dat 6 2029  F_Mean 0.10445
Model_1_goa_dr_2022.dat 6 2030 F0 0 
Model_1_goa_dr_2022.dat 6 2030 Fabc 0.0913417
Model_1_goa_dr_2022.dat 6 2030 Fofl 0.112301
Model_1_goa_dr_2022.dat 6 2030  F_LCI 0.0914096
Model_1_goa_dr_2022.dat 6 2030  F_UCI 0.112301
Model_1_goa_dr_2022.dat 6 2030  F_Median 0.0986847
Model_1_goa_dr_2022.dat 6 2030  F_Mean 0.0999012
Model_1_goa_dr_2022.dat 6 2031 F0 0 
Model_1_goa_dr_2022.dat 6 2031 Fabc 0.0913417
Model_1_goa_dr_2022.dat 6 2031 Fofl 0.112301
Model_1_goa_dr_2022.dat 6 2031  F_LCI 0.0869162
Model_1_goa_dr_2022.dat 6 2031  F_UCI 0.112301
Model_1_goa_dr_2022.dat 6 2031  F_Median 0.0968074
Model_1_goa_dr_2022.dat 6 2031  F_Mean 0.0978425
Model_1_goa_dr_2022.dat 6 2032 F0 0 
Model_1_goa_dr_2022.dat 6 2032 Fabc 0.0913417
Model_1_goa_dr_2022.dat 6 2032 Fofl 0.112301
Model_1_goa_dr_2022.dat 6 2032  F_LCI 0.0839419
Model_1_goa_dr_2022.dat 6 2032  F_UCI 0.112301
Model_1_goa_dr_2022.dat 6 2032  F_Median 0.0963351
Model_1_goa_dr_2022.dat 6 2032  F_Mean 0.0972453
Model_1_goa_dr_2022.dat 6 2033 F0 0 
Model_1_goa_dr_2022.dat 6 2033 Fabc 0.0913417
Model_1_goa_dr_2022.dat 6 2033 Fofl 0.112301
Model_1_goa_dr_2022.dat 6 2033  F_LCI 0.0820701
Model_1_goa_dr_2022.dat 6 2033  F_UCI 0.112301
Model_1_goa_dr_2022.dat 6 2033  F_Median 0.0968394
Model_1_goa_dr_2022.dat 6 2033  F_Mean 0.0973756
Model_1_goa_dr_2022.dat 6 2034 F0 0 
Model_1_goa_dr_2022.dat 6 2034 Fabc 0.0913417
Model_1_goa_dr_2022.dat 6 2034 Fofl 0.112301
Model_1_goa_dr_2022.dat 6 2034  F_LCI 0.0815553
Model_1_goa_dr_2022.dat 6 2034  F_UCI 0.112301
Model_1_goa_dr_2022.dat 6 2034  F_Median 0.0974916
Model_1_goa_dr_2022.dat 6 2034  F_Mean 0.0978099
Model_1_goa_dr_2022.dat 6 2035 F0 0 
Model_1_goa_dr_2022.dat 6 2035 Fabc 0.0913417
Model_1_goa_dr_2022.dat 6 2035 Fofl 0.112301
Model_1_goa_dr_2022.dat 6 2035  F_LCI 0.0813823
Model_1_goa_dr_2022.dat 6 2035  F_UCI 0.112301
Model_1_goa_dr_2022.dat 6 2035  F_Median 0.0982919
Model_1_goa_dr_2022.dat 6 2035  F_Mean 0.0983744
Model_1_goa_dr_2022.dat 7 2022 Cabc 4.6223
Model_1_goa_dr_2022.dat 7 2022 Cofl 4.9419
Model_1_goa_dr_2022.dat 7 2022 CLCI 2.58601
Model_1_goa_dr_2022.dat 7 2022 CUCI 2.58601
Model_1_goa_dr_2022.dat 7 2022 CMedian 2.58601
Model_1_goa_dr_2022.dat 7 2022 CMean 2.58601
Model_1_goa_dr_2022.dat 7 2023 Cabc 4.6223
Model_1_goa_dr_2022.dat 7 2023 Cofl 4.9419
Model_1_goa_dr_2022.dat 7 2023 CLCI 7.92126
Model_1_goa_dr_2022.dat 7 2023 CUCI 7.92146
Model_1_goa_dr_2022.dat 7 2023 CMedian 7.92131
Model_1_goa_dr_2022.dat 7 2023 CMean 7.92133
Model_1_goa_dr_2022.dat 7 2024 Cabc 4.6223
Model_1_goa_dr_2022.dat 7 2024 Cofl 4.9419
Model_1_goa_dr_2022.dat 7 2024 CLCI 7.26543
Model_1_goa_dr_2022.dat 7 2024 CUCI 7.2665
Model_1_goa_dr_2022.dat 7 2024 CMedian 7.26574
Model_1_goa_dr_2022.dat 7 2024 CMean 7.26582
Model_1_goa_dr_2022.dat 7 2025 Cabc 4.6223
Model_1_goa_dr_2022.dat 7 2025 Cofl 4.9419
Model_1_goa_dr_2022.dat 7 2025 CLCI 8.05771
Model_1_goa_dr_2022.dat 7 2025 CUCI 8.06363
Model_1_goa_dr_2022.dat 7 2025 CMedian 8.05939
Model_1_goa_dr_2022.dat 7 2025 CMean 8.05986
Model_1_goa_dr_2022.dat 7 2026 Cabc 4.6223
Model_1_goa_dr_2022.dat 7 2026 Cofl 4.9419
Model_1_goa_dr_2022.dat 7 2026 CLCI 7.14505
Model_1_goa_dr_2022.dat 7 2026 CUCI 7.16847
Model_1_goa_dr_2022.dat 7 2026 CMedian 7.15187
Model_1_goa_dr_2022.dat 7 2026 CMean 7.15369
Model_1_goa_dr_2022.dat 7 2027 Cabc 4.6223
Model_1_goa_dr_2022.dat 7 2027 Cofl 4.9419
Model_1_goa_dr_2022.dat 7 2027 CLCI 6.31484
Model_1_goa_dr_2022.dat 7 2027 CUCI 6.39977
Model_1_goa_dr_2022.dat 7 2027 CMedian 6.33979
Model_1_goa_dr_2022.dat 7 2027 CMean 6.34637
Model_1_goa_dr_2022.dat 7 2028 Cabc 4.6223
Model_1_goa_dr_2022.dat 7 2028 Cofl 4.9419
Model_1_goa_dr_2022.dat 7 2028 CLCI 5.59553
Model_1_goa_dr_2022.dat 7 2028 CUCI 5.85835
Model_1_goa_dr_2022.dat 7 2028 CMedian 5.67443
Model_1_goa_dr_2022.dat 7 2028 CMean 5.69533
Model_1_goa_dr_2022.dat 7 2029 Cabc 4.6223
Model_1_goa_dr_2022.dat 7 2029 Cofl 4.9419
Model_1_goa_dr_2022.dat 7 2029 CLCI 4.56148
Model_1_goa_dr_2022.dat 7 2029 CUCI 5.65753
Model_1_goa_dr_2022.dat 7 2029 CMedian 4.98994
Model_1_goa_dr_2022.dat 7 2029 CMean 5.04187
Model_1_goa_dr_2022.dat 7 2030 Cabc 4.6223
Model_1_goa_dr_2022.dat 7 2030 Cofl 4.9419
Model_1_goa_dr_2022.dat 7 2030 CLCI 3.89177
Model_1_goa_dr_2022.dat 7 2030 CUCI 5.74029
Model_1_goa_dr_2022.dat 7 2030 CMedian 4.5151
Model_1_goa_dr_2022.dat 7 2030 CMean 4.63584
Model_1_goa_dr_2022.dat 7 2031 Cabc 4.6223
Model_1_goa_dr_2022.dat 7 2031 Cofl 4.9419
Model_1_goa_dr_2022.dat 7 2031 CLCI 3.51229
Model_1_goa_dr_2022.dat 7 2031 CUCI 5.90614
Model_1_goa_dr_2022.dat 7 2031 CMedian 4.31102
Model_1_goa_dr_2022.dat 7 2031 CMean 4.48388
Model_1_goa_dr_2022.dat 7 2032 Cabc 4.6223
Model_1_goa_dr_2022.dat 7 2032 Cofl 4.9419
Model_1_goa_dr_2022.dat 7 2032 CLCI 3.27893
Model_1_goa_dr_2022.dat 7 2032 CUCI 6.04992
Model_1_goa_dr_2022.dat 7 2032 CMedian 4.29408
Model_1_goa_dr_2022.dat 7 2032 CMean 4.45499
Model_1_goa_dr_2022.dat 7 2033 Cabc 4.6223
Model_1_goa_dr_2022.dat 7 2033 Cofl 4.9419
Model_1_goa_dr_2022.dat 7 2033 CLCI 3.11786
Model_1_goa_dr_2022.dat 7 2033 CUCI 6.18688
Model_1_goa_dr_2022.dat 7 2033 CMedian 4.31194
Model_1_goa_dr_2022.dat 7 2033 CMean 4.47417
Model_1_goa_dr_2022.dat 7 2034 Cabc 4.6223
Model_1_goa_dr_2022.dat 7 2034 Cofl 4.9419
Model_1_goa_dr_2022.dat 7 2034 CLCI 3.07251
Model_1_goa_dr_2022.dat 7 2034 CUCI 6.27759
Model_1_goa_dr_2022.dat 7 2034 CMedian 4.36425
Model_1_goa_dr_2022.dat 7 2034 CMean 4.5098
Model_1_goa_dr_2022.dat 7 2035 Cabc 4.6223
Model_1_goa_dr_2022.dat 7 2035 Cofl 4.9419
Model_1_goa_dr_2022.dat 7 2035 CLCI 3.0538
Model_1_goa_dr_2022.dat 7 2035 CUCI 6.36981
Model_1_goa_dr_2022.dat 7 2035 CMedian 4.44174
Model_1_goa_dr_2022.dat 7 2035 CMean 4.55535
Model_1_goa_dr_2022.dat 7 2022 SSBF100 65.5649
Model_1_goa_dr_2022.dat 7 2022 SSBFabc 26.2259
Model_1_goa_dr_2022.dat 7 2022 SSBFofl 22.9477
Model_1_goa_dr_2022.dat 7 2022 SSBLCI 45.0556
Model_1_goa_dr_2022.dat 7 2022 SSBUCI 45.0556
Model_1_goa_dr_2022.dat 7 2022 SSBMedian 45.0556
Model_1_goa_dr_2022.dat 7 2022 SSBMean 45.0556
Model_1_goa_dr_2022.dat 7 2023 SSBF100 65.5649
Model_1_goa_dr_2022.dat 7 2023 SSBFabc 26.2259
Model_1_goa_dr_2022.dat 7 2023 SSBFofl 22.9477
Model_1_goa_dr_2022.dat 7 2023 SSBLCI 44.2498
Model_1_goa_dr_2022.dat 7 2023 SSBUCI 44.2766
Model_1_goa_dr_2022.dat 7 2023 SSBMedian 44.2567
Model_1_goa_dr_2022.dat 7 2023 SSBMean 44.2592
Model_1_goa_dr_2022.dat 7 2024 SSBF100 65.5649
Model_1_goa_dr_2022.dat 7 2024 SSBFabc 26.2259
Model_1_goa_dr_2022.dat 7 2024 SSBFofl 22.9477
Model_1_goa_dr_2022.dat 7 2024 SSBLCI 40.8603
Model_1_goa_dr_2022.dat 7 2024 SSBUCI 40.9466
Model_1_goa_dr_2022.dat 7 2024 SSBMedian 40.8861
Model_1_goa_dr_2022.dat 7 2024 SSBMean 40.8929
Model_1_goa_dr_2022.dat 7 2025 SSBF100 65.5649
Model_1_goa_dr_2022.dat 7 2025 SSBFabc 26.2259
Model_1_goa_dr_2022.dat 7 2025 SSBFofl 22.9477
Model_1_goa_dr_2022.dat 7 2025 SSBLCI 37.2743
Model_1_goa_dr_2022.dat 7 2025 SSBUCI 37.5045
Model_1_goa_dr_2022.dat 7 2025 SSBMedian 37.3442
Model_1_goa_dr_2022.dat 7 2025 SSBMean 37.3628
Model_1_goa_dr_2022.dat 7 2026 SSBF100 65.5649
Model_1_goa_dr_2022.dat 7 2026 SSBFabc 26.2259
Model_1_goa_dr_2022.dat 7 2026 SSBFofl 22.9477
Model_1_goa_dr_2022.dat 7 2026 SSBLCI 33.2442
Model_1_goa_dr_2022.dat 7 2026 SSBUCI 33.7796
Model_1_goa_dr_2022.dat 7 2026 SSBMedian 33.4148
Model_1_goa_dr_2022.dat 7 2026 SSBMean 33.4535
Model_1_goa_dr_2022.dat 7 2027 SSBF100 65.5649
Model_1_goa_dr_2022.dat 7 2027 SSBFabc 26.2259
Model_1_goa_dr_2022.dat 7 2027 SSBFofl 22.9477
Model_1_goa_dr_2022.dat 7 2027 SSBLCI 29.596
Model_1_goa_dr_2022.dat 7 2027 SSBUCI 30.7278
Model_1_goa_dr_2022.dat 7 2027 SSBMedian 29.9727
Model_1_goa_dr_2022.dat 7 2027 SSBMean 30.0417
Model_1_goa_dr_2022.dat 7 2028 SSBF100 65.5649
Model_1_goa_dr_2022.dat 7 2028 SSBFabc 26.2259
Model_1_goa_dr_2022.dat 7 2028 SSBFofl 22.9477
Model_1_goa_dr_2022.dat 7 2028 SSBLCI 26.4376
Model_1_goa_dr_2022.dat 7 2028 SSBUCI 28.5709
Model_1_goa_dr_2022.dat 7 2028 SSBMedian 27.1513
Model_1_goa_dr_2022.dat 7 2028 SSBMean 27.2911
Model_1_goa_dr_2022.dat 7 2029 SSBF100 65.5649
Model_1_goa_dr_2022.dat 7 2029 SSBFabc 26.2259
Model_1_goa_dr_2022.dat 7 2029 SSBFofl 22.9477
Model_1_goa_dr_2022.dat 7 2029 SSBLCI 23.8934
Model_1_goa_dr_2022.dat 7 2029 SSBUCI 27.4678
Model_1_goa_dr_2022.dat 7 2029 SSBMedian 25.0862
Model_1_goa_dr_2022.dat 7 2029 SSBMean 25.3117
Model_1_goa_dr_2022.dat 7 2030 SSBF100 65.5649
Model_1_goa_dr_2022.dat 7 2030 SSBFabc 26.2259
Model_1_goa_dr_2022.dat 7 2030 SSBFofl 22.9477
Model_1_goa_dr_2022.dat 7 2030 SSBLCI 22.123
Model_1_goa_dr_2022.dat 7 2030 SSBUCI 27.1003
Model_1_goa_dr_2022.dat 7 2030 SSBMedian 23.7741
Model_1_goa_dr_2022.dat 7 2030 SSBMean 24.1481
Model_1_goa_dr_2022.dat 7 2031 SSBF100 65.5649
Model_1_goa_dr_2022.dat 7 2031 SSBFabc 26.2259
Model_1_goa_dr_2022.dat 7 2031 SSBFofl 22.9477
Model_1_goa_dr_2022.dat 7 2031 SSBLCI 21.0084
Model_1_goa_dr_2022.dat 7 2031 SSBUCI 27.3776
Model_1_goa_dr_2022.dat 7 2031 SSBMedian 23.22
Model_1_goa_dr_2022.dat 7 2031 SSBMean 23.6035
Model_1_goa_dr_2022.dat 7 2032 SSBF100 65.5649
Model_1_goa_dr_2022.dat 7 2032 SSBFabc 26.2259
Model_1_goa_dr_2022.dat 7 2032 SSBFofl 22.9477
Model_1_goa_dr_2022.dat 7 2032 SSBLCI 20.2618
Model_1_goa_dr_2022.dat 7 2032 SSBUCI 27.8354
Model_1_goa_dr_2022.dat 7 2032 SSBMedian 23.0097
Model_1_goa_dr_2022.dat 7 2032 SSBMean 23.4244
Model_1_goa_dr_2022.dat 7 2033 SSBF100 65.5649
Model_1_goa_dr_2022.dat 7 2033 SSBFabc 26.2259
Model_1_goa_dr_2022.dat 7 2033 SSBFofl 22.9477
Model_1_goa_dr_2022.dat 7 2033 SSBLCI 19.7727
Model_1_goa_dr_2022.dat 7 2033 SSBUCI 28.4019
Model_1_goa_dr_2022.dat 7 2033 SSBMedian 23.0469
Model_1_goa_dr_2022.dat 7 2033 SSBMean 23.433
Model_1_goa_dr_2022.dat 7 2034 SSBF100 65.5649
Model_1_goa_dr_2022.dat 7 2034 SSBFabc 26.2259
Model_1_goa_dr_2022.dat 7 2034 SSBFofl 22.9477
Model_1_goa_dr_2022.dat 7 2034 SSBLCI 19.6032
Model_1_goa_dr_2022.dat 7 2034 SSBUCI 28.6849
Model_1_goa_dr_2022.dat 7 2034 SSBMedian 23.1255
Model_1_goa_dr_2022.dat 7 2034 SSBMean 23.526
Model_1_goa_dr_2022.dat 7 2035 SSBF100 65.5649
Model_1_goa_dr_2022.dat 7 2035 SSBFabc 26.2259
Model_1_goa_dr_2022.dat 7 2035 SSBFofl 22.9477
Model_1_goa_dr_2022.dat 7 2035 SSBLCI 19.5192
Model_1_goa_dr_2022.dat 7 2035 SSBUCI 28.9702
Model_1_goa_dr_2022.dat 7 2035 SSBMedian 23.2576
Model_1_goa_dr_2022.dat 7 2035 SSBMean 23.6538
Model_1_goa_dr_2022.dat 7 2022 F0 0 
Model_1_goa_dr_2022.dat 7 2022 Fabc 0.0913417
Model_1_goa_dr_2022.dat 7 2022 Fofl 0.112301
Model_1_goa_dr_2022.dat 7 2022  F_LCI 0.028508
Model_1_goa_dr_2022.dat 7 2022  F_UCI 0.028508
Model_1_goa_dr_2022.dat 7 2022  F_Median 0.028508
Model_1_goa_dr_2022.dat 7 2022  F_Mean 0.028508
Model_1_goa_dr_2022.dat 7 2023 F0 0 
Model_1_goa_dr_2022.dat 7 2023 Fabc 0.0913417
Model_1_goa_dr_2022.dat 7 2023 Fofl 0.112301
Model_1_goa_dr_2022.dat 7 2023  F_LCI 0.0913417
Model_1_goa_dr_2022.dat 7 2023  F_UCI 0.0913417
Model_1_goa_dr_2022.dat 7 2023  F_Median 0.0913417
Model_1_goa_dr_2022.dat 7 2023  F_Mean 0.0913417
Model_1_goa_dr_2022.dat 7 2024 F0 0 
Model_1_goa_dr_2022.dat 7 2024 Fabc 0.0913417
Model_1_goa_dr_2022.dat 7 2024 Fofl 0.112301
Model_1_goa_dr_2022.dat 7 2024  F_LCI 0.0913417
Model_1_goa_dr_2022.dat 7 2024  F_UCI 0.0913417
Model_1_goa_dr_2022.dat 7 2024  F_Median 0.0913417
Model_1_goa_dr_2022.dat 7 2024  F_Mean 0.0913417
Model_1_goa_dr_2022.dat 7 2025 F0 0 
Model_1_goa_dr_2022.dat 7 2025 Fabc 0.0913417
Model_1_goa_dr_2022.dat 7 2025 Fofl 0.112301
Model_1_goa_dr_2022.dat 7 2025  F_LCI 0.112301
Model_1_goa_dr_2022.dat 7 2025  F_UCI 0.112301
Model_1_goa_dr_2022.dat 7 2025  F_Median 0.112301
Model_1_goa_dr_2022.dat 7 2025  F_Mean 0.112301
Model_1_goa_dr_2022.dat 7 2026 F0 0 
Model_1_goa_dr_2022.dat 7 2026 Fabc 0.0913417
Model_1_goa_dr_2022.dat 7 2026 Fofl 0.112301
Model_1_goa_dr_2022.dat 7 2026  F_LCI 0.112301
Model_1_goa_dr_2022.dat 7 2026  F_UCI 0.112301
Model_1_goa_dr_2022.dat 7 2026  F_Median 0.112301
Model_1_goa_dr_2022.dat 7 2026  F_Mean 0.112301
Model_1_goa_dr_2022.dat 7 2027 F0 0 
Model_1_goa_dr_2022.dat 7 2027 Fabc 0.0913417
Model_1_goa_dr_2022.dat 7 2027 Fofl 0.112301
Model_1_goa_dr_2022.dat 7 2027  F_LCI 0.112301
Model_1_goa_dr_2022.dat 7 2027  F_UCI 0.112301
Model_1_goa_dr_2022.dat 7 2027  F_Median 0.112301
Model_1_goa_dr_2022.dat 7 2027  F_Mean 0.112301
Model_1_goa_dr_2022.dat 7 2028 F0 0 
Model_1_goa_dr_2022.dat 7 2028 Fabc 0.0913417
Model_1_goa_dr_2022.dat 7 2028 Fofl 0.112301
Model_1_goa_dr_2022.dat 7 2028  F_LCI 0.112301
Model_1_goa_dr_2022.dat 7 2028  F_UCI 0.112301
Model_1_goa_dr_2022.dat 7 2028  F_Median 0.112301
Model_1_goa_dr_2022.dat 7 2028  F_Mean 0.1123
Model_1_goa_dr_2022.dat 7 2029 F0 0 
Model_1_goa_dr_2022.dat 7 2029 Fabc 0.0913417
Model_1_goa_dr_2022.dat 7 2029 Fofl 0.112301
Model_1_goa_dr_2022.dat 7 2029  F_LCI 0.101787
Model_1_goa_dr_2022.dat 7 2029  F_UCI 0.112301
Model_1_goa_dr_2022.dat 7 2029  F_Median 0.107164
Model_1_goa_dr_2022.dat 7 2029  F_Mean 0.107332
Model_1_goa_dr_2022.dat 7 2030 F0 0 
Model_1_goa_dr_2022.dat 7 2030 Fabc 0.0913417
Model_1_goa_dr_2022.dat 7 2030 Fofl 0.112301
Model_1_goa_dr_2022.dat 7 2030  F_LCI 0.0938073
Model_1_goa_dr_2022.dat 7 2030  F_UCI 0.112301
Model_1_goa_dr_2022.dat 7 2030  F_Median 0.101249
Model_1_goa_dr_2022.dat 7 2030  F_Mean 0.102225
Model_1_goa_dr_2022.dat 7 2031 F0 0 
Model_1_goa_dr_2022.dat 7 2031 Fabc 0.0913417
Model_1_goa_dr_2022.dat 7 2031 Fofl 0.112301
Model_1_goa_dr_2022.dat 7 2031  F_LCI 0.0887831
Model_1_goa_dr_2022.dat 7 2031  F_UCI 0.112301
Model_1_goa_dr_2022.dat 7 2031  F_Median 0.0987521
Model_1_goa_dr_2022.dat 7 2031  F_Mean 0.0996041
Model_1_goa_dr_2022.dat 7 2032 F0 0 
Model_1_goa_dr_2022.dat 7 2032 Fabc 0.0913417
Model_1_goa_dr_2022.dat 7 2032 Fofl 0.112301
Model_1_goa_dr_2022.dat 7 2032  F_LCI 0.085418
Model_1_goa_dr_2022.dat 7 2032  F_UCI 0.112301
Model_1_goa_dr_2022.dat 7 2032  F_Median 0.0978041
Model_1_goa_dr_2022.dat 7 2032  F_Mean 0.0985701
Model_1_goa_dr_2022.dat 7 2033 F0 0 
Model_1_goa_dr_2022.dat 7 2033 Fabc 0.0913417
Model_1_goa_dr_2022.dat 7 2033 Fofl 0.112301
Model_1_goa_dr_2022.dat 7 2033  F_LCI 0.0832136
Model_1_goa_dr_2022.dat 7 2033  F_UCI 0.112301
Model_1_goa_dr_2022.dat 7 2033  F_Median 0.0979716
Model_1_goa_dr_2022.dat 7 2033  F_Mean 0.0983672
Model_1_goa_dr_2022.dat 7 2034 F0 0 
Model_1_goa_dr_2022.dat 7 2034 Fabc 0.0913417
Model_1_goa_dr_2022.dat 7 2034 Fofl 0.112301
Model_1_goa_dr_2022.dat 7 2034  F_LCI 0.0824494
Model_1_goa_dr_2022.dat 7 2034  F_UCI 0.112301
Model_1_goa_dr_2022.dat 7 2034  F_Median 0.0983262
Model_1_goa_dr_2022.dat 7 2034  F_Mean 0.0985463
Model_1_goa_dr_2022.dat 7 2035 F0 0 
Model_1_goa_dr_2022.dat 7 2035 Fabc 0.0913417
Model_1_goa_dr_2022.dat 7 2035 Fofl 0.112301
Model_1_goa_dr_2022.dat 7 2035  F_LCI 0.0820707
Model_1_goa_dr_2022.dat 7 2035  F_UCI 0.112301
Model_1_goa_dr_2022.dat 7 2035  F_Median 0.0989213
Model_1_goa_dr_2022.dat 7 2035  F_Mean 0.0989175
