Alternative 1 Catch
     Model_Proj 
Equil_Fabc 5461.11 
Year 
2022 663.216 
2023 2566.56 
2024 2918.58 
2025 3133.26 
2026 3002.99 
2027 2891.23 
2028 2952.87 
2029 3278.75 
2030 3815.02 
2031 4274.24 
2032 4625.07 
2033 4857.51 
2034 4996.49 
2035 5059.94 

Alternative 1 ABCs
     Model_Proj 

Year 
2022 2032.25 
2023 2566.56 
2024 2918.58 
2025 3133.26 
2026 3002.99 
2027 2891.23 
2028 2952.87 
2029 3278.75 
2030 3815.02 
2031 4274.24 
2032 4625.07 
2033 4857.51 
2034 4996.49 
2035 5059.94 

Alternative 1 TACs
     Model_Proj 

Year 
2022  NA 
2023 2566.56 
2024 2918.58 
2025 3133.26 
2026 3002.99 
2027 2891.23 
2028 2952.87 
2029 3278.75 
2030 3815.02 
2031 4274.24 
2032 4625.07 
2033 4857.51 
2034 4996.49 
2035 5059.94 

Alternative 1 Sp_Biomass
     Model_Proj 
Equil_Fabc 16730.4 
Year 
2022 10134.8 
2023 11134.2 
2024 12335.8 
2025 13464.1 
2026 13312.1 
2027 12725.1 
2028 12251.1 
2029 12350.7 
2030 13419.2 
2031 14642.6 
2032 15672.4 
2033 16448.4 
2034 17016.4 
2035 17333.5 

Alternative 1 Fishing Mortality
     Model_Proj 
Equil_Fabc 0.152666 
Year 
2022 0.0281669 
2023 0.0989125 
2024 0.110454 
2025 0.121292 
2026 0.119832 
2027 0.114193 
2028 0.109641 
2029 0.110463 
2030 0.117149 
2031 0.123363 
2032 0.128361 
2033 0.13153 
2034 0.133465 
2035 0.134463 

Alternative 1 Biomass
     Model_Proj 

Year 
2022 32615.5 
2023 35267.8 
2024 35590.3 
2025 35435.5 
2026 35943.4 
2027 37593.4 
2028 40107.1 
2029 43013.8 
2030 45792.1 
2031 47941.7 
2032 49510.9 
2033 50512.4 
2034 51077.3 
2035 51404.3 

Alternative 1 Implied SPR rate 
     Model_Proj 
Equil_Fabc 0.4 
Year 
2022 0.816519 
2023 0.528952 
2024 0.496629 
2025 0.468833 
2026 0.472443 
2027 0.486775 
2028 0.498816 
2029 0.497356 
2030 0.482445 
2031 0.468266 
2032 0.456588 
2033 0.449162 
2034 0.444811 
2035 0.442327 

  Model_Proj 
EquilAvgAgeF0  5.51328 
EquilAvgAgeFabc  4.16372 
AvgAgeYr2035 59.0155 
Alternative 2 Catch
     Model_Proj 
Equil_Fabc 5461.11 
Year 
2022 663.216 
2023 663.216 
2024 663.216 
2025 1943.25 
2026 1943.25 
2027 1943.25 
2028 1943.25 
2029 1943.25 
2030 1943.25 
2031 1943.25 
2032 1941.98 
2033 1940.5 
2034 1939.26 
2035 1939.31 

Alternative 2 ABCs
     Model_Proj 

Year 
2022 2032.25 
2023 2566.56 
2024 3300.36 
2025 4050.95 
2026 4163.02 
2027 4216.37 
2028 4412.66 
2029 4823.6 
2030 5294.18 
2031 5774.98 
2032 6222.56 
2033 6612.61 
2034 6940.57 
2035 7208.1 

Alternative 2 TACs
     Model_Proj 

Year 
2022  NA 
2023  NA 
2024  NA 
2025 4050.95 
2026 4163.02 
2027 4216.37 
2028 4412.66 
2029 4823.6 
2030 5294.18 
2031 5774.98 
2032 6222.56 
2033 6612.61 
2034 6940.57 
2035 7208.1 

Alternative 2 Sp_Biomass
     Model_Proj 
Equil_Fabc 16730.4 
Year 
2022 10134.8 
2023 11265.7 
2024 13358.8 
2025 15603.4 
2026 16076.9 
2027 15899.1 
2028 15650.7 
2029 15914.9 
2030 17331.1 
2031 19201.9 
2032 21098.9 
2033 22879.5 
2034 24519.7 
2035 25883.3 

Alternative 2 Fishing Mortality
     Model_Proj 
Equil_Fabc 0.152666 
Year 
2022 0.0281669 
2023 0.024808 
2024 0.0228599 
2025 0.0651001 
2026 0.0652257 
2027 0.0641113 
2028 0.061608 
2029 0.0584397 
2030 0.0551946 
2031 0.0522222 
2032 0.0496642 
2033 0.0474165 
2034 0.0454739 
2035 0.0439484 

Alternative 2 Biomass
     Model_Proj 

Year 
2022 32615.5 
2023 35267.8 
2024 37425.2 
2025 39321 
2026 40658.4 
2027 42874.6 
2028 45746.2 
2029 49011.7 
2030 52426.5 
2031 55681.6 
2032 58707 
2033 61361.7 
2034 63621.5 
2035 65569.4 

Alternative 2 Implied SPR rate 
     Model_Proj 
Equil_Fabc 0.4 
Year 
2022 0.816519 
2023 0.8356 
2024 0.846977 
2025 0.643619 
2026 0.643147 
2027 0.647921 
2028 0.65905 
2029 0.673427 
2030 0.68839 
2031 0.702342 
2032 0.714449 
2033 0.724942 
2034 0.733884 
2035 0.740976 

  Model_Proj 
EquilAvgAgeF0  5.51328 
EquilAvgAgeFabc  4.16372 
AvgAgeYr2035 62.5042 
Alternative 3 Catch
     Model_Proj 
Equil_Fabc 5461.11 
Year 
2022 663.216 
2023 1567.9 
2024 1654.48 
2025 1687.17 
2026 1703.56 
2027 1764.23 
2028 1890.54 
2029 2057.29 
2030 2233.8 
2031 2401.5 
2032 2547.41 
2033 2668.39 
2034 2764.12 
2035 2836.51 

Alternative 3 ABCs
     Model_Proj 

Year 
2022 2032.25 
2023 2566.56 
2024 3115.98 
2025 3618.83 
2026 3797.59 
2027 3933.15 
2028 4196.96 
2029 4676.17 
2030 5199.78 
2031 5680.95 
2032 6093.64 
2033 6428.23 
2034 6685.35 
2035 6878.33 

Alternative 3 TACs
     Model_Proj 

Year 
2022  NA 
2023 1567.9 
2024 1654.48 
2025 1687.17 
2026 1703.56 
2027 1764.23 
2028 1890.54 
2029 2057.29 
2030 2233.8 
2031 2401.5 
2032 2547.41 
2033 2668.39 
2034 2764.12 
2035 2836.51 

Alternative 3 Sp_Biomass
     Model_Proj 
Equil_Fabc 16730.4 
Year 
2022 10134.8 
2023 11204 
2024 12878.7 
2025 14693.2 
2026 15285.8 
2027 15276.3 
2028 15187.5 
2029 15557.8 
2030 16979.5 
2031 18738.4 
2032 20426.7 
2033 21923.1 
2034 23222.3 
2035 24217.8 

Alternative 3 Fishing Mortality
     Model_Proj 
Equil_Fabc 0.152666 
Year 
2022 0.0281669 
2023 0.059476 
2024 0.059476 
2025 0.059476 
2026 0.059476 
2027 0.059476 
2028 0.059476 
2029 0.059476 
2030 0.059476 
2031 0.059476 
2032 0.059476 
2033 0.059476 
2034 0.059476 
2035 0.059476 

Alternative 3 Biomass
     Model_Proj 

Year 
2022 32615.5 
2023 35267.8 
2024 36552.6 
2025 37551.3 
2026 39278.2 
2027 41870.9 
2028 45043.7 
2029 48462.7 
2030 51846.9 
2031 54890.5 
2032 57551.4 
2033 59729.8 
2034 61444.3 
2035 62818.1 

Alternative 3 Implied SPR rate 
     Model_Proj 
Equil_Fabc 0.4 
Year 
2022 0.816519 
2023 0.666206 
2024 0.666206 
2025 0.666206 
2026 0.666206 
2027 0.666206 
2028 0.666206 
2029 0.666206 
2030 0.666206 
2031 0.666206 
2032 0.666206 
2033 0.666206 
2034 0.666206 
2035 0.666206 

  Model_Proj 
EquilAvgAgeF0  5.51328 
EquilAvgAgeFabc  4.16372 
AvgAgeYr2035 61.95 
Alternative 4 Catch
     Model_Proj 
Equil_Fabc 5461.11 
Year 
2022 663.216 
2023 1085.33 
2024 1162.1 
2025 1201.25 
2026 1227.12 
2027 1281.08 
2028 1378.81 
2029 1504.28 
2030 1637.01 
2031 1764.17 
2032 1876.46 
2033 1971.24 
2034 2047.92 
2035 2107.52 

Alternative 4 ABCs
     Model_Proj 

Year 
2022 2032.25 
2023 2566.56 
2024 3213.68 
2025 3838.05 
2026 4132.6 
2027 4372 
2028 4738.06 
2029 5246.43 
2030 5725.5 
2031 6188.39 
2032 6605.41 
2033 6955.38 
2034 7230.56 
2035 7450.07 

Alternative 4 TACs
     Model_Proj 

Year 
2022  NA 
2023 1085.33 
2024 1162.1 
2025 1201.25 
2026 1227.12 
2027 1281.08 
2028 1378.81 
2029 1504.28 
2030 1637.01 
2031 1764.17 
2032 1876.46 
2033 1971.24 
2034 2047.92 
2035 2107.52 

Alternative 4 Sp_Biomass
     Model_Proj 
Equil_Fabc 16730.4 
Year 
2022 10134.8 
2023 11237.1 
2024 13132.1 
2025 15212.6 
2026 16062.1 
2027 16269.9 
2028 16359.9 
2029 16884.5 
2030 18474 
2031 20420.7 
2032 22305.6 
2033 23998.4 
2034 25489.4 
2035 26662 

Alternative 4 Fishing Mortality
     Model_Proj 
Equil_Fabc 0.152666 
Year 
2022 0.0281669 
2023 0.0408623 
2024 0.0408623 
2025 0.0408623 
2026 0.0408623 
2027 0.0408623 
2028 0.0408623 
2029 0.0408623 
2030 0.0408623 
2031 0.0408623 
2032 0.0408623 
2033 0.0408623 
2034 0.0408623 
2035 0.0408623 

Alternative 4 Biomass
     Model_Proj 

Year 
2022 32615.5 
2023 35267.8 
2024 37017.9 
2025 38460.2 
2026 40579.2 
2027 43504.9 
2028 46971.2 
2029 50672.7 
2030 54346 
2031 57688.3 
2032 60651.6 
2033 63125.6 
2034 65119.6 
2035 66748.8 

Alternative 4 Implied SPR rate 
     Model_Proj 
Equil_Fabc 0.4 
Year 
2022 0.816519 
2023 0.75 
2024 0.75 
2025 0.75 
2026 0.75 
2027 0.75 
2028 0.75 
2029 0.75 
2030 0.75 
2031 0.75 
2032 0.75 
2033 0.75 
2034 0.75 
2035 0.75 

  Model_Proj 
EquilAvgAgeF0  5.51328 
EquilAvgAgeFabc  4.16372 
AvgAgeYr2035 63.0444 
Alternative 5 Catch
     Model_Proj 
Equil_Fabc 5461.11 
Year 
2022 663.216 
2023  NA 
2024  NA 
2025  NA 
2026  NA 
2027  NA 
2028  NA 
2029  NA 
2030  NA 
2031  NA 
2032  NA 
2033  NA 
2034  NA 
2035  NA 

Alternative 5 ABCs
     Model_Proj 

Year 
2022 2032.25 
2023 2566.56 
2024 3438.87 
2025 4366.76 
2026 4771.59 
2027 5082.42 
2028 5538.42 
2029 6088.39 
2030 6665.62 
2031 7226.43 
2032 7734.85 
2033 8179.78 
2034 8556.16 
2035 8866.5 

Alternative 5 TACs
     Model_Proj 

Year 
2022  NA 
2023  NA 
2024  NA 
2025  NA 
2026  NA 
2027  NA 
2028  NA 
2029  NA 
2030  NA 
2031  NA 
2032  NA 
2033  NA 
2034  NA 
2035  NA 

Alternative 5 Sp_Biomass
     Model_Proj 
Equil_Fabc 16730.4 
Year 
2022 10134.8 
2023 11310.1 
2024 13706.3 
2025 16419.8 
2026 17913 
2027 18698 
2028 19292.1 
2029 20272.1 
2030 22350.2 
2031 24835.4 
2032 27284.3 
2033 29544.9 
2034 31598.3 
2035 33301.7 

Alternative 5 Fishing Mortality
     Model_Proj 
Equil_Fabc 0.152666 
Year 
2022 0.0281669 
2023  NA 
2024  NA 
2025  NA 
2026  NA 
2027  NA 
2028  NA 
2029  NA 
2030  NA 
2031  NA 
2032  NA 
2033  NA 
2034  NA 
2035  NA 

Alternative 5 Biomass
     Model_Proj 

Year 
2022 32615.5 
2023 35267.8 
2024 38065.4 
2025 40557.6 
2026 43656.1 
2027 47460.5 
2028 51734.2 
2029 56226.6 
2030 60711 
2031 64892.1 
2032 68709.6 
2033 72029.5 
2034 74837.1 
2035 77227.2 

Alternative 5 Implied SPR rate 
     Model_Proj 
Equil_Fabc 0.4 
Year 
2022 0.816519 
2023 1 
2024 1 
2025 1 
2026 1 
2027 1 
2028 1 
2029 1 
2030 1 
2031 1 
2032 1 
2033 1 
2034 1 
2035 1 

  Model_Proj 
EquilAvgAgeF0  5.51328 
EquilAvgAgeFabc  4.16372 
AvgAgeYr2035 65.7718 
Alternative 6 Catch
     Model_Proj 
Equil_Fabc 5461.11 
Year 
2022 663.216 
2023 3008.66 
2024 3317.47 
2025 3464.3 
2026 3243.82 
2027 3079.36 
2028 3128.98 
2029 3484.73 
2030 4105.85 
2031 4627.26 
2032 5015.43 
2033 5263.65 
2034 5388.35 
2035 5429.23 

Alternative 6 ABCs
     Model_Proj 

Year 
2022 2032.25 
2023 2566.56 
2024 2833.25 
2025 2961.68 
2026 2772.29 
2027 2629.36 
2028 2669.9 
2029 2974.01 
2030 3506.15 
2031 3952.96 
2032 4285.37 
2033 4497.78 
2034 4604.6 
2035 4639.48 

Alternative 6 TACs
     Model_Proj 

Year 
2022  NA 
2023 3008.66 
2024 3317.47 
2025 3464.3 
2026 3243.82 
2027 3079.36 
2028 3128.98 
2029 3484.73 
2030 4105.85 
2031 4627.26 
2032 5015.43 
2033 5263.65 
2034 5388.35 
2035 5429.23 

Alternative 6 Sp_Biomass
     Model_Proj 
Equil_Fabc 16730.4 
Year 
2022 10134.8 
2023 11102.8 
2024 12107.7 
2025 13026.3 
2026 12710 
2027 12032.1 
2028 11519.4 
2029 11603 
2030 12635.4 
2031 13777.7 
2032 14696.8 
2033 15348.8 
2034 15791 
2035 16000.6 

Alternative 6 Fishing Mortality
     Model_Proj 
Equil_Fabc 0.152666 
Year 
2022 0.0281669 
2023 0.116781 
2024 0.128213 
2025 0.138662 
2026 0.135065 
2027 0.127353 
2028 0.121521 
2029 0.122359 
2030 0.130953 
2031 0.139046 
2032 0.145433 
2033 0.149648 
2034 0.151779 
2035 0.15269 

Alternative 6 Biomass
     Model_Proj 

Year 
2022 32615.5 
2023 35267.8 
2024 35164.6 
2025 34653.6 
2026 34906 
2027 36419.8 
2028 38869.6 
2029 41734.8 
2030 44447.8 
2031 46454.6 
2032 47830.8 
2033 48619.6 
2034 48977.2 
2035 49133.6 

Alternative 6 Implied SPR rate 
     Model_Proj 
Equil_Fabc 0.4 
Year 
2022 0.816519 
2023 0.480119 
2024 0.452252 
2025 0.428784 
2026 0.43666 
2027 0.454264 
2028 0.468278 
2029 0.467145 
2030 0.450293 
2031 0.434035 
2032 0.42088 
2033 0.412297 
2034 0.408062 
2035 0.405964 

  Model_Proj 
EquilAvgAgeF0  5.51328 
EquilAvgAgeFabc  4.16372 
AvgAgeYr2035 58.3225 
Alternative 7 Catch
     Model_Proj 
Equil_Fabc 5461.11 
Year 
2022 663.216 
2023 2566.56 
2024 2918.58 
2025 3663.56 
2026 3384.19 
2027 3173 
2028 3190.3 
2029 3522.74 
2030 4125.14 
2031 4635.41 
2032 5017.61 
2033 5263.19 
2034 5386.96 
2035 5427.75 

Alternative 7 ABCs
     Model_Proj 

Year 
2022 2032.25 
2023 2566.56 
2024 2918.58 
2025 3133.26 
2026 2893.14 
2027 2709.91 
2028 2722.61 
2029 3006.71 
2030 3522.74 
2031 3959.98 
2032 4287.25 
2033 4497.39 
2034 4603.41 
2035 4638.21 

Alternative 7 TACs
     Model_Proj 

Year 
2022  NA 
2023 3008.66 
2024 3416.74 
2025 3663.56 
2026 3384.19 
2027 3173 
2028 3190.3 
2029 3522.74 
2030 4125.14 
2031 4635.41 
2032 5017.61 
2033 5263.19 
2034 5386.96 
2035 5427.75 

Alternative 7 Sp_Biomass
     Model_Proj 
Equil_Fabc 16730.4 
Year 
2022 10134.8 
2023 11134.2 
2024 12335.8 
2025 13417.8 
2026 13009.9 
2027 12244 
2028 11660.1 
2029 11690.3 
2030 12683.3 
2031 13800.2 
2032 14704.8 
2033 15349.6 
2034 15788.8 
2035 15997.6 

Alternative 7 Fishing Mortality
     Model_Proj 
Equil_Fabc 0.152666 
Year 
2022 0.0281669 
2023 0.0989125 
2024 0.110454 
2025 0.143116 
2026 0.138476 
2027 0.129764 
2028 0.123122 
2029 0.123348 
2030 0.13147 
2031 0.139287 
2032 0.145528 
2033 0.149674 
2034 0.151775 
2035 0.152676 

Alternative 7 Biomass
     Model_Proj 

Year 
2022 32615.5 
2023 35267.8 
2024 35590.3 
2025 35435.5 
2026 35435.3 
2027 36758.7 
2028 39073.3 
2029 41845.4 
2030 44498 
2031 46471 
2032 47830.5 
2033 48612.7 
2034 48968.9 
2035 49126.2 

Alternative 7 Implied SPR rate 
     Model_Proj 
Equil_Fabc 0.4 
Year 
2022 0.816519 
2023 0.528952 
2024 0.496629 
2025 0.419314 
2026 0.429187 
2027 0.448653 
2028 0.464371 
2029 0.464725 
2030 0.449042 
2031 0.433455 
2032 0.420648 
2033 0.412228 
2034 0.408064 
2035 0.405991 

  Model_Proj 
EquilAvgAgeF0  5.51328 
EquilAvgAgeFabc  4.16372 
AvgAgeYr2035 58.4336 
