Model_Proj 1 2022 Cabc 5461.11
Model_Proj 1 2022 Cofl 5871.39
Model_Proj 1 2022 CLCI 663.216
Model_Proj 1 2022 CUCI 663.216
Model_Proj 1 2022 CMedian 663.216
Model_Proj 1 2022 CMean 663.216
Model_Proj 1 2022 CStdn 9.32232e-12
Model_Proj 1 2023 Cabc 5461.11
Model_Proj 1 2023 Cofl 5871.39
Model_Proj 1 2023 CLCI 2566.56
Model_Proj 1 2023 CUCI 2566.56
Model_Proj 1 2023 CMedian 2566.56
Model_Proj 1 2023 CMean 2566.56
Model_Proj 1 2023 CStdn 1.59162e-11
Model_Proj 1 2024 Cabc 5461.11
Model_Proj 1 2024 Cofl 5871.39
Model_Proj 1 2024 CLCI 2918.5
Model_Proj 1 2024 CUCI 2918.78
Model_Proj 1 2024 CMedian 2918.55
Model_Proj 1 2024 CMean 2918.58
Model_Proj 1 2024 CStdn 0.102854
Model_Proj 1 2025 Cabc 5461.11
Model_Proj 1 2025 Cofl 5871.39
Model_Proj 1 2025 CLCI 3132.3
Model_Proj 1 2025 CUCI 3135.63
Model_Proj 1 2025 CMedian 3132.85
Model_Proj 1 2025 CMean 3133.26
Model_Proj 1 2025 CStdn 1.22937
Model_Proj 1 2026 Cabc 5461.11
Model_Proj 1 2026 Cofl 5871.39
Model_Proj 1 2026 CLCI 2957.81
Model_Proj 1 2026 CUCI 3119.35
Model_Proj 1 2026 CMedian 2983.3
Model_Proj 1 2026 CMean 3002.99
Model_Proj 1 2026 CStdn 59.1205
Model_Proj 1 2027 Cabc 5461.11
Model_Proj 1 2027 Cofl 5871.39
Model_Proj 1 2027 CLCI 2648.92
Model_Proj 1 2027 CUCI 3457.95
Model_Proj 1 2027 CMedian 2794.46
Model_Proj 1 2027 CMean 2891.23
Model_Proj 1 2027 CStdn 296.583
Model_Proj 1 2028 Cabc 5461.11
Model_Proj 1 2028 Cofl 5871.39
Model_Proj 1 2028 CLCI 2368.45
Model_Proj 1 2028 CUCI 4178.66
Model_Proj 1 2028 CMedian 2752.13
Model_Proj 1 2028 CMean 2952.87
Model_Proj 1 2028 CStdn 649.571
Model_Proj 1 2029 Cabc 5461.11
Model_Proj 1 2029 Cofl 5871.39
Model_Proj 1 2029 CLCI 2141.56
Model_Proj 1 2029 CUCI 5666.01
Model_Proj 1 2029 CMedian 2915.2
Model_Proj 1 2029 CMean 3278.75
Model_Proj 1 2029 CStdn 1247.88
Model_Proj 1 2030 Cabc 5461.11
Model_Proj 1 2030 Cofl 5871.39
Model_Proj 1 2030 CLCI 1968.95
Model_Proj 1 2030 CUCI 7344.9
Model_Proj 1 2030 CMedian 3288.16
Model_Proj 1 2030 CMean 3815.02
Model_Proj 1 2030 CStdn 1810.02
Model_Proj 1 2031 Cabc 5461.11
Model_Proj 1 2031 Cofl 5871.39
Model_Proj 1 2031 CLCI 1913.29
Model_Proj 1 2031 CUCI 7909.52
Model_Proj 1 2031 CMedian 3830.76
Model_Proj 1 2031 CMean 4274.24
Model_Proj 1 2031 CStdn 2032.8
Model_Proj 1 2032 Cabc 5461.11
Model_Proj 1 2032 Cofl 5871.39
Model_Proj 1 2032 CLCI 1875.79
Model_Proj 1 2032 CUCI 8519.38
Model_Proj 1 2032 CMedian 4226.31
Model_Proj 1 2032 CMean 4625.07
Model_Proj 1 2032 CStdn 2147.68
Model_Proj 1 2033 Cabc 5461.11
Model_Proj 1 2033 Cofl 5871.39
Model_Proj 1 2033 CLCI 1855.54
Model_Proj 1 2033 CUCI 8852.64
Model_Proj 1 2033 CMedian 4696.24
Model_Proj 1 2033 CMean 4857.51
Model_Proj 1 2033 CStdn 2209.27
Model_Proj 1 2034 Cabc 5461.11
Model_Proj 1 2034 Cofl 5871.39
Model_Proj 1 2034 CLCI 1937.43
Model_Proj 1 2034 CUCI 8918.65
Model_Proj 1 2034 CMedian 4828.51
Model_Proj 1 2034 CMean 4996.49
Model_Proj 1 2034 CStdn 2229.33
Model_Proj 1 2035 Cabc 5461.11
Model_Proj 1 2035 Cofl 5871.39
Model_Proj 1 2035 CLCI 2014.79
Model_Proj 1 2035 CUCI 8984.37
Model_Proj 1 2035 CMedian 4825.64
Model_Proj 1 2035 CMean 5059.94
Model_Proj 1 2035 CStdn 2209.33
Model_Proj 1 2022 SSBF100 41826.1
Model_Proj 1 2022 SSBFabc 16730.4
Model_Proj 1 2022 SSBFofl 14639.1
Model_Proj 1 2022 SSBLCI 10134.8
Model_Proj 1 2022 SSBUCI 10134.8
Model_Proj 1 2022 SSBMedian 10134.8
Model_Proj 1 2022 SSBMean 10134.8
Model_Proj 1 2023 SSBF100 41826.1
Model_Proj 1 2023 SSBFabc 16730.4
Model_Proj 1 2023 SSBFofl 14639.1
Model_Proj 1 2023 SSBLCI 11134.2
Model_Proj 1 2023 SSBUCI 11134.2
Model_Proj 1 2023 SSBMedian 11134.2
Model_Proj 1 2023 SSBMean 11134.2
Model_Proj 1 2024 SSBF100 41826.1
Model_Proj 1 2024 SSBFabc 16730.4
Model_Proj 1 2024 SSBFofl 14639.1
Model_Proj 1 2024 SSBLCI 12335.8
Model_Proj 1 2024 SSBUCI 12335.8
Model_Proj 1 2024 SSBMedian 12335.8
Model_Proj 1 2024 SSBMean 12335.8
Model_Proj 1 2025 SSBF100 41826.1
Model_Proj 1 2025 SSBFabc 16730.4
Model_Proj 1 2025 SSBFofl 14639.1
Model_Proj 1 2025 SSBLCI 13464.1
Model_Proj 1 2025 SSBUCI 13464.1
Model_Proj 1 2025 SSBMedian 13464.1
Model_Proj 1 2025 SSBMean 13464.1
Model_Proj 1 2026 SSBF100 41826.1
Model_Proj 1 2026 SSBFabc 16730.4
Model_Proj 1 2026 SSBFofl 14639.1
Model_Proj 1 2026 SSBLCI 13312.1
Model_Proj 1 2026 SSBUCI 13312.1
Model_Proj 1 2026 SSBMedian 13312.1
Model_Proj 1 2026 SSBMean 13312.1
Model_Proj 1 2027 SSBF100 41826.1
Model_Proj 1 2027 SSBFabc 16730.4
Model_Proj 1 2027 SSBFofl 14639.1
Model_Proj 1 2027 SSBLCI 12725.1
Model_Proj 1 2027 SSBUCI 12725.1
Model_Proj 1 2027 SSBMedian 12725.1
Model_Proj 1 2027 SSBMean 12725.1
Model_Proj 1 2028 SSBF100 41826.1
Model_Proj 1 2028 SSBFabc 16730.4
Model_Proj 1 2028 SSBFofl 14639.1
Model_Proj 1 2028 SSBLCI 12196.6
Model_Proj 1 2028 SSBUCI 12392.6
Model_Proj 1 2028 SSBMedian 12227.3
Model_Proj 1 2028 SSBMean 12251.1
Model_Proj 1 2029 SSBF100 41826.1
Model_Proj 1 2029 SSBFabc 16730.4
Model_Proj 1 2029 SSBFofl 14639.1
Model_Proj 1 2029 SSBLCI 11573.6
Model_Proj 1 2029 SSBUCI 14289.3
Model_Proj 1 2029 SSBMedian 12019.7
Model_Proj 1 2029 SSBMean 12350.7
Model_Proj 1 2030 SSBF100 41826.1
Model_Proj 1 2030 SSBFabc 16730.4
Model_Proj 1 2030 SSBFofl 14639.1
Model_Proj 1 2030 SSBLCI 10726.8
Model_Proj 1 2030 SSBUCI 19264.8
Model_Proj 1 2030 SSBMedian 12480.6
Model_Proj 1 2030 SSBMean 13419.2
Model_Proj 1 2031 SSBF100 41826.1
Model_Proj 1 2031 SSBFabc 16730.4
Model_Proj 1 2031 SSBFofl 14639.1
Model_Proj 1 2031 SSBLCI 10270.3
Model_Proj 1 2031 SSBUCI 22856.3
Model_Proj 1 2031 SSBMedian 13482.7
Model_Proj 1 2031 SSBMean 14642.6
Model_Proj 1 2032 SSBF100 41826.1
Model_Proj 1 2032 SSBFabc 16730.4
Model_Proj 1 2032 SSBFofl 14639.1
Model_Proj 1 2032 SSBLCI 10165
Model_Proj 1 2032 SSBUCI 24933.7
Model_Proj 1 2032 SSBMedian 14533.5
Model_Proj 1 2032 SSBMean 15672.4
Model_Proj 1 2033 SSBF100 41826.1
Model_Proj 1 2033 SSBFabc 16730.4
Model_Proj 1 2033 SSBFofl 14639.1
Model_Proj 1 2033 SSBLCI 10135.9
Model_Proj 1 2033 SSBUCI 26537.9
Model_Proj 1 2033 SSBMedian 15214.8
Model_Proj 1 2033 SSBMean 16448.4
Model_Proj 1 2034 SSBF100 41826.1
Model_Proj 1 2034 SSBFabc 16730.4
Model_Proj 1 2034 SSBFofl 14639.1
Model_Proj 1 2034 SSBLCI 10082.5
Model_Proj 1 2034 SSBUCI 27722
Model_Proj 1 2034 SSBMedian 15787.4
Model_Proj 1 2034 SSBMean 17016.4
Model_Proj 1 2035 SSBF100 41826.1
Model_Proj 1 2035 SSBFabc 16730.4
Model_Proj 1 2035 SSBFofl 14639.1
Model_Proj 1 2035 SSBLCI 10160.4
Model_Proj 1 2035 SSBUCI 29027.3
Model_Proj 1 2035 SSBMedian 16072.9
Model_Proj 1 2035 SSBMean 17333.5
Model_Proj 1 2022 F0 0 
Model_Proj 1 2022 Fabc 0.152666
Model_Proj 1 2022 Fofl 0.180798
Model_Proj 1 2022  F_LCI 0.0281669
Model_Proj 1 2022  F_UCI 0.0281669
Model_Proj 1 2022  F_Median 0.0281669
Model_Proj 1 2022  F_Mean 0.0281669
Model_Proj 1 2023 F0 0 
Model_Proj 1 2023 Fabc 0.152666
Model_Proj 1 2023 Fofl 0.180798
Model_Proj 1 2023  F_LCI 0.0989125
Model_Proj 1 2023  F_UCI 0.0989125
Model_Proj 1 2023  F_Median 0.0989125
Model_Proj 1 2023  F_Mean 0.0989125
Model_Proj 1 2024 F0 0 
Model_Proj 1 2024 Fabc 0.152666
Model_Proj 1 2024 Fofl 0.180798
Model_Proj 1 2024  F_LCI 0.110454
Model_Proj 1 2024  F_UCI 0.110454
Model_Proj 1 2024  F_Median 0.110454
Model_Proj 1 2024  F_Mean 0.110454
Model_Proj 1 2025 F0 0 
Model_Proj 1 2025 Fabc 0.152666
Model_Proj 1 2025 Fofl 0.180798
Model_Proj 1 2025  F_LCI 0.121292
Model_Proj 1 2025  F_UCI 0.121292
Model_Proj 1 2025  F_Median 0.121292
Model_Proj 1 2025  F_Mean 0.121292
Model_Proj 1 2026 F0 0 
Model_Proj 1 2026 Fabc 0.152666
Model_Proj 1 2026 Fofl 0.180798
Model_Proj 1 2026  F_LCI 0.119832
Model_Proj 1 2026  F_UCI 0.119832
Model_Proj 1 2026  F_Median 0.119832
Model_Proj 1 2026  F_Mean 0.119832
Model_Proj 1 2027 F0 0 
Model_Proj 1 2027 Fabc 0.152666
Model_Proj 1 2027 Fofl 0.180798
Model_Proj 1 2027  F_LCI 0.114193
Model_Proj 1 2027  F_UCI 0.114193
Model_Proj 1 2027  F_Median 0.114193
Model_Proj 1 2027  F_Mean 0.114193
Model_Proj 1 2028 F0 0 
Model_Proj 1 2028 Fabc 0.152666
Model_Proj 1 2028 Fofl 0.180798
Model_Proj 1 2028  F_LCI 0.109117
Model_Proj 1 2028  F_UCI 0.110999
Model_Proj 1 2028  F_Median 0.109412
Model_Proj 1 2028  F_Mean 0.109641
Model_Proj 1 2029 F0 0 
Model_Proj 1 2029 Fabc 0.152666
Model_Proj 1 2029 Fofl 0.180798
Model_Proj 1 2029  F_LCI 0.103133
Model_Proj 1 2029  F_UCI 0.129218
Model_Proj 1 2029  F_Median 0.107417
Model_Proj 1 2029  F_Mean 0.110463
Model_Proj 1 2030 F0 0 
Model_Proj 1 2030 Fabc 0.152666
Model_Proj 1 2030 Fofl 0.180798
Model_Proj 1 2030  F_LCI 0.0949992
Model_Proj 1 2030  F_UCI 0.152666
Model_Proj 1 2030  F_Median 0.111845
Model_Proj 1 2030  F_Mean 0.117149
Model_Proj 1 2031 F0 0 
Model_Proj 1 2031 Fabc 0.152666
Model_Proj 1 2031 Fofl 0.180798
Model_Proj 1 2031  F_LCI 0.0906147
Model_Proj 1 2031  F_UCI 0.152666
Model_Proj 1 2031  F_Median 0.12147
Model_Proj 1 2031  F_Mean 0.123363
Model_Proj 1 2032 F0 0 
Model_Proj 1 2032 Fabc 0.152666
Model_Proj 1 2032 Fofl 0.180798
Model_Proj 1 2032  F_LCI 0.0896025
Model_Proj 1 2032  F_UCI 0.152666
Model_Proj 1 2032  F_Median 0.131564
Model_Proj 1 2032  F_Mean 0.128361
Model_Proj 1 2033 F0 0 
Model_Proj 1 2033 Fabc 0.152666
Model_Proj 1 2033 Fofl 0.180798
Model_Proj 1 2033  F_LCI 0.0893232
Model_Proj 1 2033  F_UCI 0.152666
Model_Proj 1 2033  F_Median 0.138108
Model_Proj 1 2033  F_Mean 0.13153
Model_Proj 1 2034 F0 0 
Model_Proj 1 2034 Fabc 0.152666
Model_Proj 1 2034 Fofl 0.180798
Model_Proj 1 2034  F_LCI 0.0888102
Model_Proj 1 2034  F_UCI 0.152666
Model_Proj 1 2034  F_Median 0.143607
Model_Proj 1 2034  F_Mean 0.133465
Model_Proj 1 2035 F0 0 
Model_Proj 1 2035 Fabc 0.152666
Model_Proj 1 2035 Fofl 0.180798
Model_Proj 1 2035  F_LCI 0.0895583
Model_Proj 1 2035  F_UCI 0.152666
Model_Proj 1 2035  F_Median 0.14635
Model_Proj 1 2035  F_Mean 0.134463
Model_Proj 2 2022 Cabc 5461.11
Model_Proj 2 2022 Cofl 5871.39
Model_Proj 2 2022 CLCI 663.216
Model_Proj 2 2022 CUCI 663.216
Model_Proj 2 2022 CMedian 663.216
Model_Proj 2 2022 CMean 663.216
Model_Proj 2 2022 CStdn 9.32232e-12
Model_Proj 2 2023 Cabc 5461.11
Model_Proj 2 2023 Cofl 5871.39
Model_Proj 2 2023 CLCI 663.216
Model_Proj 2 2023 CUCI 663.216
Model_Proj 2 2023 CMedian 663.216
Model_Proj 2 2023 CMean 663.216
Model_Proj 2 2023 CStdn 3.52429e-12
Model_Proj 2 2024 Cabc 5461.11
Model_Proj 2 2024 Cofl 5871.39
Model_Proj 2 2024 CLCI 663.216
Model_Proj 2 2024 CUCI 663.216
Model_Proj 2 2024 CMedian 663.216
Model_Proj 2 2024 CMean 663.216
Model_Proj 2 2024 CStdn 8.48651e-07
Model_Proj 2 2025 Cabc 5461.11
Model_Proj 2 2025 Cofl 5871.39
Model_Proj 2 2025 CLCI 1943.25
Model_Proj 2 2025 CUCI 1943.25
Model_Proj 2 2025 CMedian 1943.25
Model_Proj 2 2025 CMean 1943.25
Model_Proj 2 2025 CStdn 1.33747e-05
Model_Proj 2 2026 Cabc 5461.11
Model_Proj 2 2026 Cofl 5871.39
Model_Proj 2 2026 CLCI 1943.25
Model_Proj 2 2026 CUCI 1943.25
Model_Proj 2 2026 CMedian 1943.25
Model_Proj 2 2026 CMean 1943.25
Model_Proj 2 2026 CStdn 0.000293628
Model_Proj 2 2027 Cabc 5461.11
Model_Proj 2 2027 Cofl 5871.39
Model_Proj 2 2027 CLCI 1943.25
Model_Proj 2 2027 CUCI 1943.25
Model_Proj 2 2027 CMedian 1943.25
Model_Proj 2 2027 CMean 1943.25
Model_Proj 2 2027 CStdn 0.000565129
Model_Proj 2 2028 Cabc 5461.11
Model_Proj 2 2028 Cofl 5871.39
Model_Proj 2 2028 CLCI 1943.25
Model_Proj 2 2028 CUCI 1943.25
Model_Proj 2 2028 CMedian 1943.25
Model_Proj 2 2028 CMean 1943.25
Model_Proj 2 2028 CStdn 0.00052721
Model_Proj 2 2029 Cabc 5461.11
Model_Proj 2 2029 Cofl 5871.39
Model_Proj 2 2029 CLCI 1943.25
Model_Proj 2 2029 CUCI 1943.25
Model_Proj 2 2029 CMedian 1943.25
Model_Proj 2 2029 CMean 1943.25
Model_Proj 2 2029 CStdn 0.000519539
Model_Proj 2 2030 Cabc 5461.11
Model_Proj 2 2030 Cofl 5871.39
Model_Proj 2 2030 CLCI 1943.25
Model_Proj 2 2030 CUCI 1943.25
Model_Proj 2 2030 CMedian 1943.25
Model_Proj 2 2030 CMean 1943.25
Model_Proj 2 2030 CStdn 0.000495859
Model_Proj 2 2031 Cabc 5461.11
Model_Proj 2 2031 Cofl 5871.39
Model_Proj 2 2031 CLCI 1943.25
Model_Proj 2 2031 CUCI 1943.25
Model_Proj 2 2031 CMedian 1943.25
Model_Proj 2 2031 CMean 1943.25
Model_Proj 2 2031 CStdn 0.000496514
Model_Proj 2 2032 Cabc 5461.11
Model_Proj 2 2032 Cofl 5871.39
Model_Proj 2 2032 CLCI 1943.25
Model_Proj 2 2032 CUCI 1943.25
Model_Proj 2 2032 CMedian 1943.25
Model_Proj 2 2032 CMean 1941.98
Model_Proj 2 2032 CStdn 15.6436
Model_Proj 2 2033 Cabc 5461.11
Model_Proj 2 2033 Cofl 5871.39
Model_Proj 2 2033 CLCI 1943.25
Model_Proj 2 2033 CUCI 1943.25
Model_Proj 2 2033 CMedian 1943.25
Model_Proj 2 2033 CMean 1940.5
Model_Proj 2 2033 CStdn 28.6302
Model_Proj 2 2034 Cabc 5461.11
Model_Proj 2 2034 Cofl 5871.39
Model_Proj 2 2034 CLCI 1943.25
Model_Proj 2 2034 CUCI 1943.25
Model_Proj 2 2034 CMedian 1943.25
Model_Proj 2 2034 CMean 1939.26
Model_Proj 2 2034 CStdn 36.8225
Model_Proj 2 2035 Cabc 5461.11
Model_Proj 2 2035 Cofl 5871.39
Model_Proj 2 2035 CLCI 1943.25
Model_Proj 2 2035 CUCI 1943.25
Model_Proj 2 2035 CMedian 1943.25
Model_Proj 2 2035 CMean 1939.31
Model_Proj 2 2035 CStdn 37.0612
Model_Proj 2 2022 SSBF100 41826.1
Model_Proj 2 2022 SSBFabc 16730.4
Model_Proj 2 2022 SSBFofl 14639.1
Model_Proj 2 2022 SSBLCI 10134.8
Model_Proj 2 2022 SSBUCI 10134.8
Model_Proj 2 2022 SSBMedian 10134.8
Model_Proj 2 2022 SSBMean 10134.8
Model_Proj 2 2023 SSBF100 41826.1
Model_Proj 2 2023 SSBFabc 16730.4
Model_Proj 2 2023 SSBFofl 14639.1
Model_Proj 2 2023 SSBLCI 11265.7
Model_Proj 2 2023 SSBUCI 11265.7
Model_Proj 2 2023 SSBMedian 11265.7
Model_Proj 2 2023 SSBMean 11265.7
Model_Proj 2 2024 SSBF100 41826.1
Model_Proj 2 2024 SSBFabc 16730.4
Model_Proj 2 2024 SSBFofl 14639.1
Model_Proj 2 2024 SSBLCI 13358.8
Model_Proj 2 2024 SSBUCI 13358.8
Model_Proj 2 2024 SSBMedian 13358.8
Model_Proj 2 2024 SSBMean 13358.8
Model_Proj 2 2025 SSBF100 41826.1
Model_Proj 2 2025 SSBFabc 16730.4
Model_Proj 2 2025 SSBFofl 14639.1
Model_Proj 2 2025 SSBLCI 15603.3
Model_Proj 2 2025 SSBUCI 15603.5
Model_Proj 2 2025 SSBMedian 15603.3
Model_Proj 2 2025 SSBMean 15603.4
Model_Proj 2 2026 SSBF100 41826.1
Model_Proj 2 2026 SSBFabc 16730.4
Model_Proj 2 2026 SSBFofl 14639.1
Model_Proj 2 2026 SSBLCI 16074.5
Model_Proj 2 2026 SSBUCI 16083.1
Model_Proj 2 2026 SSBMedian 16075.9
Model_Proj 2 2026 SSBMean 16076.9
Model_Proj 2 2027 SSBF100 41826.1
Model_Proj 2 2027 SSBFabc 16730.4
Model_Proj 2 2027 SSBFofl 14639.1
Model_Proj 2 2027 SSBLCI 15874.7
Model_Proj 2 2027 SSBUCI 15955.7
Model_Proj 2 2027 SSBMedian 15889.7
Model_Proj 2 2027 SSBMean 15899.1
Model_Proj 2 2028 SSBF100 41826.1
Model_Proj 2 2028 SSBFabc 16730.4
Model_Proj 2 2028 SSBFofl 14639.1
Model_Proj 2 2028 SSBLCI 15490.8
Model_Proj 2 2028 SSBUCI 16008.8
Model_Proj 2 2028 SSBMedian 15591
Model_Proj 2 2028 SSBMean 15650.7
Model_Proj 2 2029 SSBF100 41826.1
Model_Proj 2 2029 SSBFabc 16730.4
Model_Proj 2 2029 SSBFofl 14639.1
Model_Proj 2 2029 SSBLCI 14817.6
Model_Proj 2 2029 SSBUCI 18490.2
Model_Proj 2 2029 SSBMedian 15478.7
Model_Proj 2 2029 SSBMean 15914.9
Model_Proj 2 2030 SSBF100 41826.1
Model_Proj 2 2030 SSBFabc 16730.4
Model_Proj 2 2030 SSBFofl 14639.1
Model_Proj 2 2030 SSBLCI 13753.2
Model_Proj 2 2030 SSBUCI 25234.9
Model_Proj 2 2030 SSBMedian 16075.1
Model_Proj 2 2030 SSBMean 17331.1
Model_Proj 2 2031 SSBF100 41826.1
Model_Proj 2 2031 SSBFabc 16730.4
Model_Proj 2 2031 SSBFofl 14639.1
Model_Proj 2 2031 SSBLCI 12899.7
Model_Proj 2 2031 SSBUCI 31258
Model_Proj 2 2031 SSBMedian 17478.7
Model_Proj 2 2031 SSBMean 19201.9
Model_Proj 2 2032 SSBF100 41826.1
Model_Proj 2 2032 SSBFabc 16730.4
Model_Proj 2 2032 SSBFofl 14639.1
Model_Proj 2 2032 SSBLCI 12509.6
Model_Proj 2 2032 SSBUCI 35484.8
Model_Proj 2 2032 SSBMedian 19284.9
Model_Proj 2 2032 SSBMean 21098.9
Model_Proj 2 2033 SSBF100 41826.1
Model_Proj 2 2033 SSBFabc 16730.4
Model_Proj 2 2033 SSBFofl 14639.1
Model_Proj 2 2033 SSBLCI 12280.3
Model_Proj 2 2033 SSBUCI 39412.3
Model_Proj 2 2033 SSBMedian 20908.5
Model_Proj 2 2033 SSBMean 22879.5
Model_Proj 2 2034 SSBF100 41826.1
Model_Proj 2 2034 SSBFabc 16730.4
Model_Proj 2 2034 SSBFofl 14639.1
Model_Proj 2 2034 SSBLCI 12026.5
Model_Proj 2 2034 SSBUCI 42884.4
Model_Proj 2 2034 SSBMedian 22605.8
Model_Proj 2 2034 SSBMean 24519.7
Model_Proj 2 2035 SSBF100 41826.1
Model_Proj 2 2035 SSBFabc 16730.4
Model_Proj 2 2035 SSBFofl 14639.1
Model_Proj 2 2035 SSBLCI 12017.9
Model_Proj 2 2035 SSBUCI 45971.5
Model_Proj 2 2035 SSBMedian 24299.8
Model_Proj 2 2035 SSBMean 25883.3
Model_Proj 2 2022 F0 0 
Model_Proj 2 2022 Fabc 0.152666
Model_Proj 2 2022 Fofl 0.180798
Model_Proj 2 2022  F_LCI 0.0281669
Model_Proj 2 2022  F_UCI 0.0281669
Model_Proj 2 2022  F_Median 0.0281669
Model_Proj 2 2022  F_Mean 0.0281669
Model_Proj 2 2023 F0 0 
Model_Proj 2 2023 Fabc 0.152666
Model_Proj 2 2023 Fofl 0.180798
Model_Proj 2 2023  F_LCI 0.024808
Model_Proj 2 2023  F_UCI 0.024808
Model_Proj 2 2023  F_Median 0.024808
Model_Proj 2 2023  F_Mean 0.024808
Model_Proj 2 2024 F0 0 
Model_Proj 2 2024 Fabc 0.152666
Model_Proj 2 2024 Fofl 0.180798
Model_Proj 2 2024  F_LCI 0.0228584
Model_Proj 2 2024  F_UCI 0.0228604
Model_Proj 2 2024  F_Median 0.0228601
Model_Proj 2 2024  F_Mean 0.0228599
Model_Proj 2 2025 F0 0 
Model_Proj 2 2025 Fabc 0.152666
Model_Proj 2 2025 Fofl 0.180798
Model_Proj 2 2025  F_LCI 0.0650551
Model_Proj 2 2025  F_UCI 0.065118
Model_Proj 2 2025  F_Median 0.0651077
Model_Proj 2 2025  F_Mean 0.0651001
Model_Proj 2 2026 F0 0 
Model_Proj 2 2026 Fabc 0.152666
Model_Proj 2 2026 Fofl 0.180798
Model_Proj 2 2026  F_LCI 0.0630838
Model_Proj 2 2026  F_UCI 0.0660705
Model_Proj 2 2026  F_Median 0.0655801
Model_Proj 2 2026  F_Mean 0.0652257
Model_Proj 2 2027 F0 0 
Model_Proj 2 2027 Fabc 0.152666
Model_Proj 2 2027 Fofl 0.180798
Model_Proj 2 2027  F_LCI 0.0543281
Model_Proj 2 2027  F_UCI 0.068716
Model_Proj 2 2027  F_Median 0.065627
Model_Proj 2 2027  F_Mean 0.0641113
Model_Proj 2 2028 F0 0 
Model_Proj 2 2028 Fabc 0.152666
Model_Proj 2 2028 Fofl 0.180798
Model_Proj 2 2028  F_LCI 0.0438849
Model_Proj 2 2028  F_UCI 0.0725714
Model_Proj 2 2028  F_Median 0.0636997
Model_Proj 2 2028  F_Mean 0.061608
Model_Proj 2 2029 F0 0 
Model_Proj 2 2029 Fabc 0.152666
Model_Proj 2 2029 Fofl 0.180798
Model_Proj 2 2029  F_LCI 0.036045
Model_Proj 2 2029  F_UCI 0.0761733
Model_Proj 2 2029  F_Median 0.0596918
Model_Proj 2 2029  F_Mean 0.0584397
Model_Proj 2 2030 F0 0 
Model_Proj 2 2030 Fabc 0.152666
Model_Proj 2 2030 Fofl 0.180798
Model_Proj 2 2030  F_LCI 0.0319087
Model_Proj 2 2030  F_UCI 0.0787302
Model_Proj 2 2030  F_Median 0.0549963
Model_Proj 2 2030  F_Mean 0.0551946
Model_Proj 2 2031 F0 0 
Model_Proj 2 2031 Fabc 0.152666
Model_Proj 2 2031 Fofl 0.180798
Model_Proj 2 2031  F_LCI 0.0287483
Model_Proj 2 2031  F_UCI 0.0799475
Model_Proj 2 2031  F_Median 0.0507201
Model_Proj 2 2031  F_Mean 0.0522222
Model_Proj 2 2032 F0 0 
Model_Proj 2 2032 Fabc 0.152666
Model_Proj 2 2032 Fofl 0.180798
Model_Proj 2 2032  F_LCI 0.02644
Model_Proj 2 2032  F_UCI 0.0814141
Model_Proj 2 2032  F_Median 0.0473411
Model_Proj 2 2032  F_Mean 0.0496642
Model_Proj 2 2033 F0 0 
Model_Proj 2 2033 Fabc 0.152666
Model_Proj 2 2033 Fofl 0.180798
Model_Proj 2 2033  F_LCI 0.0245144
Model_Proj 2 2033  F_UCI 0.0811918
Model_Proj 2 2033  F_Median 0.0440373
Model_Proj 2 2033  F_Mean 0.0474165
Model_Proj 2 2034 F0 0 
Model_Proj 2 2034 Fabc 0.152666
Model_Proj 2 2034 Fofl 0.180798
Model_Proj 2 2034  F_LCI 0.0235938
Model_Proj 2 2034  F_UCI 0.0783707
Model_Proj 2 2034  F_Median 0.0421944
Model_Proj 2 2034  F_Mean 0.0454739
Model_Proj 2 2035 F0 0 
Model_Proj 2 2035 Fabc 0.152666
Model_Proj 2 2035 Fofl 0.180798
Model_Proj 2 2035  F_LCI 0.0225645
Model_Proj 2 2035  F_UCI 0.0763614
Model_Proj 2 2035  F_Median 0.0407135
Model_Proj 2 2035  F_Mean 0.0439484
Model_Proj 3 2022 Cabc 5461.11
Model_Proj 3 2022 Cofl 5871.39
Model_Proj 3 2022 CLCI 663.216
Model_Proj 3 2022 CUCI 663.216
Model_Proj 3 2022 CMedian 663.216
Model_Proj 3 2022 CMean 663.216
Model_Proj 3 2022 CStdn 9.32232e-12
Model_Proj 3 2023 Cabc 5461.11
Model_Proj 3 2023 Cofl 5871.39
Model_Proj 3 2023 CLCI 1567.9
Model_Proj 3 2023 CUCI 1567.9
Model_Proj 3 2023 CMedian 1567.9
Model_Proj 3 2023 CMean 1567.9
Model_Proj 3 2023 CStdn 3.84262e-11
Model_Proj 3 2024 Cabc 5461.11
Model_Proj 3 2024 Cofl 5871.39
Model_Proj 3 2024 CLCI 1654.44
Model_Proj 3 2024 CUCI 1654.59
Model_Proj 3 2024 CMedian 1654.46
Model_Proj 3 2024 CMean 1654.48
Model_Proj 3 2024 CStdn 0.0553853
Model_Proj 3 2025 Cabc 5461.11
Model_Proj 3 2025 Cofl 5871.39
Model_Proj 3 2025 CLCI 1686.7
Model_Proj 3 2025 CUCI 1688.34
Model_Proj 3 2025 CMedian 1686.97
Model_Proj 3 2025 CMean 1687.17
Model_Proj 3 2025 CStdn 0.602972
Model_Proj 3 2026 Cabc 5461.11
Model_Proj 3 2026 Cofl 5871.39
Model_Proj 3 2026 CLCI 1681.06
Model_Proj 3 2026 CUCI 1761.5
Model_Proj 3 2026 CMedian 1693.76
Model_Proj 3 2026 CMean 1703.56
Model_Proj 3 2026 CStdn 29.4382
Model_Proj 3 2027 Cabc 5461.11
Model_Proj 3 2027 Cofl 5871.39
Model_Proj 3 2027 CLCI 1636.2
Model_Proj 3 2027 CUCI 2064.16
Model_Proj 3 2027 CMedian 1712.61
Model_Proj 3 2027 CMean 1764.23
Model_Proj 3 2027 CStdn 156.796
Model_Proj 3 2028 Cabc 5461.11
Model_Proj 3 2028 Cofl 5871.39
Model_Proj 3 2028 CLCI 1570.64
Model_Proj 3 2028 CUCI 2552.85
Model_Proj 3 2028 CMedian 1782.13
Model_Proj 3 2028 CMean 1890.54
Model_Proj 3 2028 CStdn 350.589
Model_Proj 3 2029 Cabc 5461.11
Model_Proj 3 2029 Cofl 5871.39
Model_Proj 3 2029 CLCI 1521.19
Model_Proj 3 2029 CUCI 3092.58
Model_Proj 3 2029 CMedian 1912.98
Model_Proj 3 2029 CMean 2057.29
Model_Proj 3 2029 CStdn 537.316
Model_Proj 3 2030 Cabc 5461.11
Model_Proj 3 2030 Cofl 5871.39
Model_Proj 3 2030 CLCI 1495.75
Model_Proj 3 2030 CUCI 3455.34
Model_Proj 3 2030 CMedian 2079.21
Model_Proj 3 2030 CMean 2233.8
Model_Proj 3 2030 CStdn 681.936
Model_Proj 3 2031 Cabc 5461.11
Model_Proj 3 2031 Cofl 5871.39
Model_Proj 3 2031 CLCI 1487.89
Model_Proj 3 2031 CUCI 3778.49
Model_Proj 3 2031 CMedian 2253.54
Model_Proj 3 2031 CMean 2401.5
Model_Proj 3 2031 CStdn 786.213
Model_Proj 3 2032 Cabc 5461.11
Model_Proj 3 2032 Cofl 5871.39
Model_Proj 3 2032 CLCI 1470.63
Model_Proj 3 2032 CUCI 4099.78
Model_Proj 3 2032 CMedian 2389.57
Model_Proj 3 2032 CMean 2547.41
Model_Proj 3 2032 CStdn 864.355
Model_Proj 3 2033 Cabc 5461.11
Model_Proj 3 2033 Cofl 5871.39
Model_Proj 3 2033 CLCI 1485.47
Model_Proj 3 2033 CUCI 4367.22
Model_Proj 3 2033 CMedian 2548.57
Model_Proj 3 2033 CMean 2668.39
Model_Proj 3 2033 CStdn 917.62
Model_Proj 3 2034 Cabc 5461.11
Model_Proj 3 2034 Cofl 5871.39
Model_Proj 3 2034 CLCI 1545.45
Model_Proj 3 2034 CUCI 4465.36
Model_Proj 3 2034 CMedian 2620.53
Model_Proj 3 2034 CMean 2764.12
Model_Proj 3 2034 CStdn 946.628
Model_Proj 3 2035 Cabc 5461.11
Model_Proj 3 2035 Cofl 5871.39
Model_Proj 3 2035 CLCI 1588.14
Model_Proj 3 2035 CUCI 4581.52
Model_Proj 3 2035 CMedian 2684.18
Model_Proj 3 2035 CMean 2836.51
Model_Proj 3 2035 CStdn 961.548
Model_Proj 3 2022 SSBF100 41826.1
Model_Proj 3 2022 SSBFabc 16730.4
Model_Proj 3 2022 SSBFofl 14639.1
Model_Proj 3 2022 SSBLCI 10134.8
Model_Proj 3 2022 SSBUCI 10134.8
Model_Proj 3 2022 SSBMedian 10134.8
Model_Proj 3 2022 SSBMean 10134.8
Model_Proj 3 2023 SSBF100 41826.1
Model_Proj 3 2023 SSBFabc 16730.4
Model_Proj 3 2023 SSBFofl 14639.1
Model_Proj 3 2023 SSBLCI 11204
Model_Proj 3 2023 SSBUCI 11204
Model_Proj 3 2023 SSBMedian 11204
Model_Proj 3 2023 SSBMean 11204
Model_Proj 3 2024 SSBF100 41826.1
Model_Proj 3 2024 SSBFabc 16730.4
Model_Proj 3 2024 SSBFofl 14639.1
Model_Proj 3 2024 SSBLCI 12878.7
Model_Proj 3 2024 SSBUCI 12878.7
Model_Proj 3 2024 SSBMedian 12878.7
Model_Proj 3 2024 SSBMean 12878.7
Model_Proj 3 2025 SSBF100 41826.1
Model_Proj 3 2025 SSBFabc 16730.4
Model_Proj 3 2025 SSBFofl 14639.1
Model_Proj 3 2025 SSBLCI 14693.2
Model_Proj 3 2025 SSBUCI 14693.2
Model_Proj 3 2025 SSBMedian 14693.2
Model_Proj 3 2025 SSBMean 14693.2
Model_Proj 3 2026 SSBF100 41826.1
Model_Proj 3 2026 SSBFabc 16730.4
Model_Proj 3 2026 SSBFofl 14639.1
Model_Proj 3 2026 SSBLCI 15285.8
Model_Proj 3 2026 SSBUCI 15285.8
Model_Proj 3 2026 SSBMedian 15285.8
Model_Proj 3 2026 SSBMean 15285.8
Model_Proj 3 2027 SSBF100 41826.1
Model_Proj 3 2027 SSBFabc 16730.4
Model_Proj 3 2027 SSBFofl 14639.1
Model_Proj 3 2027 SSBLCI 15276.3
Model_Proj 3 2027 SSBUCI 15276.3
Model_Proj 3 2027 SSBMedian 15276.3
Model_Proj 3 2027 SSBMean 15276.3
Model_Proj 3 2028 SSBF100 41826.1
Model_Proj 3 2028 SSBFabc 16730.4
Model_Proj 3 2028 SSBFofl 14639.1
Model_Proj 3 2028 SSBLCI 15130.4
Model_Proj 3 2028 SSBUCI 15335.5
Model_Proj 3 2028 SSBMedian 15162.5
Model_Proj 3 2028 SSBMean 15187.5
Model_Proj 3 2029 SSBF100 41826.1
Model_Proj 3 2029 SSBFabc 16730.4
Model_Proj 3 2029 SSBFofl 14639.1
Model_Proj 3 2029 SSBLCI 14714.5
Model_Proj 3 2029 SSBUCI 17671
Model_Proj 3 2029 SSBMedian 15197.4
Model_Proj 3 2029 SSBMean 15557.8
Model_Proj 3 2030 SSBF100 41826.1
Model_Proj 3 2030 SSBFabc 16730.4
Model_Proj 3 2030 SSBFofl 14639.1
Model_Proj 3 2030 SSBLCI 13881
Model_Proj 3 2030 SSBUCI 23952.5
Model_Proj 3 2030 SSBMedian 15845.2
Model_Proj 3 2030 SSBMean 16979.5
Model_Proj 3 2031 SSBF100 41826.1
Model_Proj 3 2031 SSBFabc 16730.4
Model_Proj 3 2031 SSBFofl 14639.1
Model_Proj 3 2031 SSBLCI 13309.2
Model_Proj 3 2031 SSBUCI 29207.9
Model_Proj 3 2031 SSBMedian 17237.7
Model_Proj 3 2031 SSBMean 18738.4
Model_Proj 3 2032 SSBF100 41826.1
Model_Proj 3 2032 SSBFabc 16730.4
Model_Proj 3 2032 SSBFofl 14639.1
Model_Proj 3 2032 SSBLCI 13143.5
Model_Proj 3 2032 SSBUCI 32530.9
Model_Proj 3 2032 SSBMedian 18912.2
Model_Proj 3 2032 SSBMean 20426.7
Model_Proj 3 2033 SSBF100 41826.1
Model_Proj 3 2033 SSBFabc 16730.4
Model_Proj 3 2033 SSBFofl 14639.1
Model_Proj 3 2033 SSBLCI 13071.6
Model_Proj 3 2033 SSBUCI 35740.6
Model_Proj 3 2033 SSBMedian 20295.3
Model_Proj 3 2033 SSBMean 21923.1
Model_Proj 3 2034 SSBF100 41826.1
Model_Proj 3 2034 SSBFabc 16730.4
Model_Proj 3 2034 SSBFofl 14639.1
Model_Proj 3 2034 SSBLCI 12955.6
Model_Proj 3 2034 SSBUCI 38875.3
Model_Proj 3 2034 SSBMedian 21641.6
Model_Proj 3 2034 SSBMean 23222.3
Model_Proj 3 2035 SSBF100 41826.1
Model_Proj 3 2035 SSBFabc 16730.4
Model_Proj 3 2035 SSBFofl 14639.1
Model_Proj 3 2035 SSBLCI 13086.7
Model_Proj 3 2035 SSBUCI 40799.3
Model_Proj 3 2035 SSBMedian 23007.7
Model_Proj 3 2035 SSBMean 24217.8
Model_Proj 3 2022 F0 0 
Model_Proj 3 2022 Fabc 0.152666
Model_Proj 3 2022 Fofl 0.180798
Model_Proj 3 2022  F_LCI 0.0281669
Model_Proj 3 2022  F_UCI 0.0281669
Model_Proj 3 2022  F_Median 0.0281669
Model_Proj 3 2022  F_Mean 0.0281669
Model_Proj 3 2023 F0 0 
Model_Proj 3 2023 Fabc 0.152666
Model_Proj 3 2023 Fofl 0.180798
Model_Proj 3 2023  F_LCI 0.059476
Model_Proj 3 2023  F_UCI 0.059476
Model_Proj 3 2023  F_Median 0.059476
Model_Proj 3 2023  F_Mean 0.059476
Model_Proj 3 2024 F0 0 
Model_Proj 3 2024 Fabc 0.152666
Model_Proj 3 2024 Fofl 0.180798
Model_Proj 3 2024  F_LCI 0.059476
Model_Proj 3 2024  F_UCI 0.059476
Model_Proj 3 2024  F_Median 0.059476
Model_Proj 3 2024  F_Mean 0.059476
Model_Proj 3 2025 F0 0 
Model_Proj 3 2025 Fabc 0.152666
Model_Proj 3 2025 Fofl 0.180798
Model_Proj 3 2025  F_LCI 0.059476
Model_Proj 3 2025  F_UCI 0.059476
Model_Proj 3 2025  F_Median 0.059476
Model_Proj 3 2025  F_Mean 0.059476
Model_Proj 3 2026 F0 0 
Model_Proj 3 2026 Fabc 0.152666
Model_Proj 3 2026 Fofl 0.180798
Model_Proj 3 2026  F_LCI 0.059476
Model_Proj 3 2026  F_UCI 0.059476
Model_Proj 3 2026  F_Median 0.059476
Model_Proj 3 2026  F_Mean 0.059476
Model_Proj 3 2027 F0 0 
Model_Proj 3 2027 Fabc 0.152666
Model_Proj 3 2027 Fofl 0.180798
Model_Proj 3 2027  F_LCI 0.059476
Model_Proj 3 2027  F_UCI 0.059476
Model_Proj 3 2027  F_Median 0.059476
Model_Proj 3 2027  F_Mean 0.059476
Model_Proj 3 2028 F0 0 
Model_Proj 3 2028 Fabc 0.152666
Model_Proj 3 2028 Fofl 0.180798
Model_Proj 3 2028  F_LCI 0.059476
Model_Proj 3 2028  F_UCI 0.059476
Model_Proj 3 2028  F_Median 0.059476
Model_Proj 3 2028  F_Mean 0.059476
Model_Proj 3 2029 F0 0 
Model_Proj 3 2029 Fabc 0.152666
Model_Proj 3 2029 Fofl 0.180798
Model_Proj 3 2029  F_LCI 0.059476
Model_Proj 3 2029  F_UCI 0.059476
Model_Proj 3 2029  F_Median 0.059476
Model_Proj 3 2029  F_Mean 0.059476
Model_Proj 3 2030 F0 0 
Model_Proj 3 2030 Fabc 0.152666
Model_Proj 3 2030 Fofl 0.180798
Model_Proj 3 2030  F_LCI 0.059476
Model_Proj 3 2030  F_UCI 0.059476
Model_Proj 3 2030  F_Median 0.059476
Model_Proj 3 2030  F_Mean 0.059476
Model_Proj 3 2031 F0 0 
Model_Proj 3 2031 Fabc 0.152666
Model_Proj 3 2031 Fofl 0.180798
Model_Proj 3 2031  F_LCI 0.059476
Model_Proj 3 2031  F_UCI 0.059476
Model_Proj 3 2031  F_Median 0.059476
Model_Proj 3 2031  F_Mean 0.059476
Model_Proj 3 2032 F0 0 
Model_Proj 3 2032 Fabc 0.152666
Model_Proj 3 2032 Fofl 0.180798
Model_Proj 3 2032  F_LCI 0.059476
Model_Proj 3 2032  F_UCI 0.059476
Model_Proj 3 2032  F_Median 0.059476
Model_Proj 3 2032  F_Mean 0.059476
Model_Proj 3 2033 F0 0 
Model_Proj 3 2033 Fabc 0.152666
Model_Proj 3 2033 Fofl 0.180798
Model_Proj 3 2033  F_LCI 0.059476
Model_Proj 3 2033  F_UCI 0.059476
Model_Proj 3 2033  F_Median 0.059476
Model_Proj 3 2033  F_Mean 0.059476
Model_Proj 3 2034 F0 0 
Model_Proj 3 2034 Fabc 0.152666
Model_Proj 3 2034 Fofl 0.180798
Model_Proj 3 2034  F_LCI 0.059476
Model_Proj 3 2034  F_UCI 0.059476
Model_Proj 3 2034  F_Median 0.059476
Model_Proj 3 2034  F_Mean 0.059476
Model_Proj 3 2035 F0 0 
Model_Proj 3 2035 Fabc 0.152666
Model_Proj 3 2035 Fofl 0.180798
Model_Proj 3 2035  F_LCI 0.059476
Model_Proj 3 2035  F_UCI 0.059476
Model_Proj 3 2035  F_Median 0.059476
Model_Proj 3 2035  F_Mean 0.059476
Model_Proj 4 2022 Cabc 5461.11
Model_Proj 4 2022 Cofl 5871.39
Model_Proj 4 2022 CLCI 663.216
Model_Proj 4 2022 CUCI 663.216
Model_Proj 4 2022 CMedian 663.216
Model_Proj 4 2022 CMean 663.216
Model_Proj 4 2022 CStdn 9.32232e-12
Model_Proj 4 2023 Cabc 5461.11
Model_Proj 4 2023 Cofl 5871.39
Model_Proj 4 2023 CLCI 1085.33
Model_Proj 4 2023 CUCI 1085.33
Model_Proj 4 2023 CMedian 1085.33
Model_Proj 4 2023 CMean 1085.33
Model_Proj 4 2023 CStdn 1.90994e-11
Model_Proj 4 2024 Cabc 5461.11
Model_Proj 4 2024 Cofl 5871.39
Model_Proj 4 2024 CLCI 1162.08
Model_Proj 4 2024 CUCI 1162.18
Model_Proj 4 2024 CMedian 1162.09
Model_Proj 4 2024 CMean 1162.1
Model_Proj 4 2024 CStdn 0.0380522
Model_Proj 4 2025 Cabc 5461.11
Model_Proj 4 2025 Cofl 5871.39
Model_Proj 4 2025 CLCI 1200.92
Model_Proj 4 2025 CUCI 1202.05
Model_Proj 4 2025 CMedian 1201.11
Model_Proj 4 2025 CMean 1201.25
Model_Proj 4 2025 CStdn 0.414296
Model_Proj 4 2026 Cabc 5461.11
Model_Proj 4 2026 Cofl 5871.39
Model_Proj 4 2026 CLCI 1211.64
Model_Proj 4 2026 CUCI 1266.96
Model_Proj 4 2026 CMedian 1220.37
Model_Proj 4 2026 CMean 1227.12
Model_Proj 4 2026 CStdn 20.2453
Model_Proj 4 2027 Cabc 5461.11
Model_Proj 4 2027 Cofl 5871.39
Model_Proj 4 2027 CLCI 1192.72
Model_Proj 4 2027 CUCI 1488.23
Model_Proj 4 2027 CMedian 1245.32
Model_Proj 4 2027 CMean 1281.08
Model_Proj 4 2027 CStdn 108.253
Model_Proj 4 2028 Cabc 5461.11
Model_Proj 4 2028 Cofl 5871.39
Model_Proj 4 2028 CLCI 1156.48
Model_Proj 4 2028 CUCI 1840.99
Model_Proj 4 2028 CMedian 1303.71
Model_Proj 4 2028 CMean 1378.81
Model_Proj 4 2028 CStdn 243.762
Model_Proj 4 2029 Cabc 5461.11
Model_Proj 4 2029 Cofl 5871.39
Model_Proj 4 2029 CLCI 1128.78
Model_Proj 4 2029 CUCI 2237.12
Model_Proj 4 2029 CMedian 1403.21
Model_Proj 4 2029 CMean 1504.28
Model_Proj 4 2029 CStdn 376.839
Model_Proj 4 2030 Cabc 5461.11
Model_Proj 4 2030 Cofl 5871.39
Model_Proj 4 2030 CLCI 1115.83
Model_Proj 4 2030 CUCI 2509.13
Model_Proj 4 2030 CMedian 1525.96
Model_Proj 4 2030 CMean 1637.01
Model_Proj 4 2030 CStdn 482.599
Model_Proj 4 2031 Cabc 5461.11
Model_Proj 4 2031 Cofl 5871.39
Model_Proj 4 2031 CLCI 1114.14
Model_Proj 4 2031 CUCI 2744.49
Model_Proj 4 2031 CMedian 1656.01
Model_Proj 4 2031 CMean 1764.17
Model_Proj 4 2031 CStdn 560.912
Model_Proj 4 2032 Cabc 5461.11
Model_Proj 4 2032 Cofl 5871.39
Model_Proj 4 2032 CLCI 1104.73
Model_Proj 4 2032 CUCI 2990.69
Model_Proj 4 2032 CMedian 1761.75
Model_Proj 4 2032 CMean 1876.46
Model_Proj 4 2032 CStdn 620.605
Model_Proj 4 2033 Cabc 5461.11
Model_Proj 4 2033 Cofl 5871.39
Model_Proj 4 2033 CLCI 1120.31
Model_Proj 4 2033 CUCI 3197.66
Model_Proj 4 2033 CMedian 1883.43
Model_Proj 4 2033 CMean 1971.24
Model_Proj 4 2033 CStdn 662.417
Model_Proj 4 2034 Cabc 5461.11
Model_Proj 4 2034 Cofl 5871.39
Model_Proj 4 2034 CLCI 1161.31
Model_Proj 4 2034 CUCI 3282.66
Model_Proj 4 2034 CMedian 1940.43
Model_Proj 4 2034 CMean 2047.92
Model_Proj 4 2034 CStdn 686.72
Model_Proj 4 2035 Cabc 5461.11
Model_Proj 4 2035 Cofl 5871.39
Model_Proj 4 2035 CLCI 1192.55
Model_Proj 4 2035 CUCI 3404.99
Model_Proj 4 2035 CMedian 1994.97
Model_Proj 4 2035 CMean 2107.52
Model_Proj 4 2035 CStdn 700.363
Model_Proj 4 2022 SSBF100 41826.1
Model_Proj 4 2022 SSBFabc 16730.4
Model_Proj 4 2022 SSBFofl 14639.1
Model_Proj 4 2022 SSBLCI 10134.8
Model_Proj 4 2022 SSBUCI 10134.8
Model_Proj 4 2022 SSBMedian 10134.8
Model_Proj 4 2022 SSBMean 10134.8
Model_Proj 4 2023 SSBF100 41826.1
Model_Proj 4 2023 SSBFabc 16730.4
Model_Proj 4 2023 SSBFofl 14639.1
Model_Proj 4 2023 SSBLCI 11237.1
Model_Proj 4 2023 SSBUCI 11237.1
Model_Proj 4 2023 SSBMedian 11237.1
Model_Proj 4 2023 SSBMean 11237.1
Model_Proj 4 2024 SSBF100 41826.1
Model_Proj 4 2024 SSBFabc 16730.4
Model_Proj 4 2024 SSBFofl 14639.1
Model_Proj 4 2024 SSBLCI 13132.1
Model_Proj 4 2024 SSBUCI 13132.1
Model_Proj 4 2024 SSBMedian 13132.1
Model_Proj 4 2024 SSBMean 13132.1
Model_Proj 4 2025 SSBF100 41826.1
Model_Proj 4 2025 SSBFabc 16730.4
Model_Proj 4 2025 SSBFofl 14639.1
Model_Proj 4 2025 SSBLCI 15212.6
Model_Proj 4 2025 SSBUCI 15212.6
Model_Proj 4 2025 SSBMedian 15212.6
Model_Proj 4 2025 SSBMean 15212.6
Model_Proj 4 2026 SSBF100 41826.1
Model_Proj 4 2026 SSBFabc 16730.4
Model_Proj 4 2026 SSBFofl 14639.1
Model_Proj 4 2026 SSBLCI 16062.1
Model_Proj 4 2026 SSBUCI 16062.1
Model_Proj 4 2026 SSBMedian 16062.1
Model_Proj 4 2026 SSBMean 16062.1
Model_Proj 4 2027 SSBF100 41826.1
Model_Proj 4 2027 SSBFabc 16730.4
Model_Proj 4 2027 SSBFofl 14639.1
Model_Proj 4 2027 SSBLCI 16269.9
Model_Proj 4 2027 SSBUCI 16269.9
Model_Proj 4 2027 SSBMedian 16269.9
Model_Proj 4 2027 SSBMean 16269.9
Model_Proj 4 2028 SSBF100 41826.1
Model_Proj 4 2028 SSBFabc 16730.4
Model_Proj 4 2028 SSBFofl 14639.1
Model_Proj 4 2028 SSBLCI 16302.3
Model_Proj 4 2028 SSBUCI 16509.3
Model_Proj 4 2028 SSBMedian 16334.7
Model_Proj 4 2028 SSBMean 16359.9
Model_Proj 4 2029 SSBF100 41826.1
Model_Proj 4 2029 SSBFabc 16730.4
Model_Proj 4 2029 SSBFofl 14639.1
Model_Proj 4 2029 SSBLCI 16024.4
Model_Proj 4 2029 SSBUCI 19041.2
Model_Proj 4 2029 SSBMedian 16516.8
Model_Proj 4 2029 SSBMean 16884.5
Model_Proj 4 2030 SSBF100 41826.1
Model_Proj 4 2030 SSBFabc 16730.4
Model_Proj 4 2030 SSBFofl 14639.1
Model_Proj 4 2030 SSBLCI 15277.4
Model_Proj 4 2030 SSBUCI 25696.8
Model_Proj 4 2030 SSBMedian 17300.4
Model_Proj 4 2030 SSBMean 18474
Model_Proj 4 2031 SSBF100 41826.1
Model_Proj 4 2031 SSBFabc 16730.4
Model_Proj 4 2031 SSBFofl 14639.1
Model_Proj 4 2031 SSBLCI 14757.7
Model_Proj 4 2031 SSBUCI 31355
Model_Proj 4 2031 SSBMedian 18828
Model_Proj 4 2031 SSBMean 20420.7
Model_Proj 4 2032 SSBF100 41826.1
Model_Proj 4 2032 SSBFabc 16730.4
Model_Proj 4 2032 SSBFofl 14639.1
Model_Proj 4 2032 SSBLCI 14642.4
Model_Proj 4 2032 SSBUCI 35045.2
Model_Proj 4 2032 SSBMedian 20692.9
Model_Proj 4 2032 SSBMean 22305.6
Model_Proj 4 2033 SSBF100 41826.1
Model_Proj 4 2033 SSBFabc 16730.4
Model_Proj 4 2033 SSBFofl 14639.1
Model_Proj 4 2033 SSBLCI 14617.4
Model_Proj 4 2033 SSBUCI 38517
Model_Proj 4 2033 SSBMedian 22280.6
Model_Proj 4 2033 SSBMean 23998.4
Model_Proj 4 2034 SSBF100 41826.1
Model_Proj 4 2034 SSBFabc 16730.4
Model_Proj 4 2034 SSBFofl 14639.1
Model_Proj 4 2034 SSBLCI 14538.5
Model_Proj 4 2034 SSBUCI 41902.1
Model_Proj 4 2034 SSBMedian 23798.5
Model_Proj 4 2034 SSBMean 25489.4
Model_Proj 4 2035 SSBF100 41826.1
Model_Proj 4 2035 SSBFabc 16730.4
Model_Proj 4 2035 SSBFofl 14639.1
Model_Proj 4 2035 SSBLCI 14629
Model_Proj 4 2035 SSBUCI 44347.1
Model_Proj 4 2035 SSBMedian 25419.1
Model_Proj 4 2035 SSBMean 26662
Model_Proj 4 2022 F0 0 
Model_Proj 4 2022 Fabc 0.152666
Model_Proj 4 2022 Fofl 0.180798
Model_Proj 4 2022  F_LCI 0.0281669
Model_Proj 4 2022  F_UCI 0.0281669
Model_Proj 4 2022  F_Median 0.0281669
Model_Proj 4 2022  F_Mean 0.0281669
Model_Proj 4 2023 F0 0 
Model_Proj 4 2023 Fabc 0.152666
Model_Proj 4 2023 Fofl 0.180798
Model_Proj 4 2023  F_LCI 0.0408623
Model_Proj 4 2023  F_UCI 0.0408623
Model_Proj 4 2023  F_Median 0.0408623
Model_Proj 4 2023  F_Mean 0.0408623
Model_Proj 4 2024 F0 0 
Model_Proj 4 2024 Fabc 0.152666
Model_Proj 4 2024 Fofl 0.180798
Model_Proj 4 2024  F_LCI 0.0408623
Model_Proj 4 2024  F_UCI 0.0408623
Model_Proj 4 2024  F_Median 0.0408623
Model_Proj 4 2024  F_Mean 0.0408623
Model_Proj 4 2025 F0 0 
Model_Proj 4 2025 Fabc 0.152666
Model_Proj 4 2025 Fofl 0.180798
Model_Proj 4 2025  F_LCI 0.0408623
Model_Proj 4 2025  F_UCI 0.0408623
Model_Proj 4 2025  F_Median 0.0408623
Model_Proj 4 2025  F_Mean 0.0408623
Model_Proj 4 2026 F0 0 
Model_Proj 4 2026 Fabc 0.152666
Model_Proj 4 2026 Fofl 0.180798
Model_Proj 4 2026  F_LCI 0.0408623
Model_Proj 4 2026  F_UCI 0.0408623
Model_Proj 4 2026  F_Median 0.0408623
Model_Proj 4 2026  F_Mean 0.0408623
Model_Proj 4 2027 F0 0 
Model_Proj 4 2027 Fabc 0.152666
Model_Proj 4 2027 Fofl 0.180798
Model_Proj 4 2027  F_LCI 0.0408623
Model_Proj 4 2027  F_UCI 0.0408623
Model_Proj 4 2027  F_Median 0.0408623
Model_Proj 4 2027  F_Mean 0.0408623
Model_Proj 4 2028 F0 0 
Model_Proj 4 2028 Fabc 0.152666
Model_Proj 4 2028 Fofl 0.180798
Model_Proj 4 2028  F_LCI 0.0408623
Model_Proj 4 2028  F_UCI 0.0408623
Model_Proj 4 2028  F_Median 0.0408623
Model_Proj 4 2028  F_Mean 0.0408623
Model_Proj 4 2029 F0 0 
Model_Proj 4 2029 Fabc 0.152666
Model_Proj 4 2029 Fofl 0.180798
Model_Proj 4 2029  F_LCI 0.0408623
Model_Proj 4 2029  F_UCI 0.0408623
Model_Proj 4 2029  F_Median 0.0408623
Model_Proj 4 2029  F_Mean 0.0408623
Model_Proj 4 2030 F0 0 
Model_Proj 4 2030 Fabc 0.152666
Model_Proj 4 2030 Fofl 0.180798
Model_Proj 4 2030  F_LCI 0.0408623
Model_Proj 4 2030  F_UCI 0.0408623
Model_Proj 4 2030  F_Median 0.0408623
Model_Proj 4 2030  F_Mean 0.0408623
Model_Proj 4 2031 F0 0 
Model_Proj 4 2031 Fabc 0.152666
Model_Proj 4 2031 Fofl 0.180798
Model_Proj 4 2031  F_LCI 0.0408623
Model_Proj 4 2031  F_UCI 0.0408623
Model_Proj 4 2031  F_Median 0.0408623
Model_Proj 4 2031  F_Mean 0.0408623
Model_Proj 4 2032 F0 0 
Model_Proj 4 2032 Fabc 0.152666
Model_Proj 4 2032 Fofl 0.180798
Model_Proj 4 2032  F_LCI 0.0408623
Model_Proj 4 2032  F_UCI 0.0408623
Model_Proj 4 2032  F_Median 0.0408623
Model_Proj 4 2032  F_Mean 0.0408623
Model_Proj 4 2033 F0 0 
Model_Proj 4 2033 Fabc 0.152666
Model_Proj 4 2033 Fofl 0.180798
Model_Proj 4 2033  F_LCI 0.0408623
Model_Proj 4 2033  F_UCI 0.0408623
Model_Proj 4 2033  F_Median 0.0408623
Model_Proj 4 2033  F_Mean 0.0408623
Model_Proj 4 2034 F0 0 
Model_Proj 4 2034 Fabc 0.152666
Model_Proj 4 2034 Fofl 0.180798
Model_Proj 4 2034  F_LCI 0.0408623
Model_Proj 4 2034  F_UCI 0.0408623
Model_Proj 4 2034  F_Median 0.0408623
Model_Proj 4 2034  F_Mean 0.0408623
Model_Proj 4 2035 F0 0 
Model_Proj 4 2035 Fabc 0.152666
Model_Proj 4 2035 Fofl 0.180798
Model_Proj 4 2035  F_LCI 0.0408623
Model_Proj 4 2035  F_UCI 0.0408623
Model_Proj 4 2035  F_Median 0.0408623
Model_Proj 4 2035  F_Mean 0.0408623
Model_Proj 5 2022 Cabc 5461.11
Model_Proj 5 2022 Cofl 5871.39
Model_Proj 5 2022 CLCI 663.216
Model_Proj 5 2022 CUCI 663.216
Model_Proj 5 2022 CMedian 663.216
Model_Proj 5 2022 CMean 663.216
Model_Proj 5 2022 CStdn 9.32232e-12
Model_Proj 5 2023 Cabc 5461.11
Model_Proj 5 2023 Cofl 5871.39
Model_Proj 5 2023 CLCI 0
Model_Proj 5 2023 CUCI 0
Model_Proj 5 2023 CMedian 0
Model_Proj 5 2023 CMean 0
Model_Proj 5 2023 CStdn 0
Model_Proj 5 2024 Cabc 5461.11
Model_Proj 5 2024 Cofl 5871.39
Model_Proj 5 2024 CLCI 0
Model_Proj 5 2024 CUCI 0
Model_Proj 5 2024 CMedian 0
Model_Proj 5 2024 CMean 0
Model_Proj 5 2024 CStdn 0
Model_Proj 5 2025 Cabc 5461.11
Model_Proj 5 2025 Cofl 5871.39
Model_Proj 5 2025 CLCI 0
Model_Proj 5 2025 CUCI 0
Model_Proj 5 2025 CMedian 0
Model_Proj 5 2025 CMean 0
Model_Proj 5 2025 CStdn 0
Model_Proj 5 2026 Cabc 5461.11
Model_Proj 5 2026 Cofl 5871.39
Model_Proj 5 2026 CLCI 0
Model_Proj 5 2026 CUCI 0
Model_Proj 5 2026 CMedian 0
Model_Proj 5 2026 CMean 0
Model_Proj 5 2026 CStdn 0
Model_Proj 5 2027 Cabc 5461.11
Model_Proj 5 2027 Cofl 5871.39
Model_Proj 5 2027 CLCI 0
Model_Proj 5 2027 CUCI 0
Model_Proj 5 2027 CMedian 0
Model_Proj 5 2027 CMean 0
Model_Proj 5 2027 CStdn 0
Model_Proj 5 2028 Cabc 5461.11
Model_Proj 5 2028 Cofl 5871.39
Model_Proj 5 2028 CLCI 0
Model_Proj 5 2028 CUCI 0
Model_Proj 5 2028 CMedian 0
Model_Proj 5 2028 CMean 0
Model_Proj 5 2028 CStdn 0
Model_Proj 5 2029 Cabc 5461.11
Model_Proj 5 2029 Cofl 5871.39
Model_Proj 5 2029 CLCI 0
Model_Proj 5 2029 CUCI 0
Model_Proj 5 2029 CMedian 0
Model_Proj 5 2029 CMean 0
Model_Proj 5 2029 CStdn 0
Model_Proj 5 2030 Cabc 5461.11
Model_Proj 5 2030 Cofl 5871.39
Model_Proj 5 2030 CLCI 0
Model_Proj 5 2030 CUCI 0
Model_Proj 5 2030 CMedian 0
Model_Proj 5 2030 CMean 0
Model_Proj 5 2030 CStdn 0
Model_Proj 5 2031 Cabc 5461.11
Model_Proj 5 2031 Cofl 5871.39
Model_Proj 5 2031 CLCI 0
Model_Proj 5 2031 CUCI 0
Model_Proj 5 2031 CMedian 0
Model_Proj 5 2031 CMean 0
Model_Proj 5 2031 CStdn 0
Model_Proj 5 2032 Cabc 5461.11
Model_Proj 5 2032 Cofl 5871.39
Model_Proj 5 2032 CLCI 0
Model_Proj 5 2032 CUCI 0
Model_Proj 5 2032 CMedian 0
Model_Proj 5 2032 CMean 0
Model_Proj 5 2032 CStdn 0
Model_Proj 5 2033 Cabc 5461.11
Model_Proj 5 2033 Cofl 5871.39
Model_Proj 5 2033 CLCI 0
Model_Proj 5 2033 CUCI 0
Model_Proj 5 2033 CMedian 0
Model_Proj 5 2033 CMean 0
Model_Proj 5 2033 CStdn 0
Model_Proj 5 2034 Cabc 5461.11
Model_Proj 5 2034 Cofl 5871.39
Model_Proj 5 2034 CLCI 0
Model_Proj 5 2034 CUCI 0
Model_Proj 5 2034 CMedian 0
Model_Proj 5 2034 CMean 0
Model_Proj 5 2034 CStdn 0
Model_Proj 5 2035 Cabc 5461.11
Model_Proj 5 2035 Cofl 5871.39
Model_Proj 5 2035 CLCI 0
Model_Proj 5 2035 CUCI 0
Model_Proj 5 2035 CMedian 0
Model_Proj 5 2035 CMean 0
Model_Proj 5 2035 CStdn 0
Model_Proj 5 2022 SSBF100 41826.1
Model_Proj 5 2022 SSBFabc 16730.4
Model_Proj 5 2022 SSBFofl 14639.1
Model_Proj 5 2022 SSBLCI 10134.8
Model_Proj 5 2022 SSBUCI 10134.8
Model_Proj 5 2022 SSBMedian 10134.8
Model_Proj 5 2022 SSBMean 10134.8
Model_Proj 5 2023 SSBF100 41826.1
Model_Proj 5 2023 SSBFabc 16730.4
Model_Proj 5 2023 SSBFofl 14639.1
Model_Proj 5 2023 SSBLCI 11310.1
Model_Proj 5 2023 SSBUCI 11310.1
Model_Proj 5 2023 SSBMedian 11310.1
Model_Proj 5 2023 SSBMean 11310.1
Model_Proj 5 2024 SSBF100 41826.1
Model_Proj 5 2024 SSBFabc 16730.4
Model_Proj 5 2024 SSBFofl 14639.1
Model_Proj 5 2024 SSBLCI 13706.3
Model_Proj 5 2024 SSBUCI 13706.3
Model_Proj 5 2024 SSBMedian 13706.3
Model_Proj 5 2024 SSBMean 13706.3
Model_Proj 5 2025 SSBF100 41826.1
Model_Proj 5 2025 SSBFabc 16730.4
Model_Proj 5 2025 SSBFofl 14639.1
Model_Proj 5 2025 SSBLCI 16419.8
Model_Proj 5 2025 SSBUCI 16419.8
Model_Proj 5 2025 SSBMedian 16419.8
Model_Proj 5 2025 SSBMean 16419.8
Model_Proj 5 2026 SSBF100 41826.1
Model_Proj 5 2026 SSBFabc 16730.4
Model_Proj 5 2026 SSBFofl 14639.1
Model_Proj 5 2026 SSBLCI 17913
Model_Proj 5 2026 SSBUCI 17913
Model_Proj 5 2026 SSBMedian 17913
Model_Proj 5 2026 SSBMean 17913
Model_Proj 5 2027 SSBF100 41826.1
Model_Proj 5 2027 SSBFabc 16730.4
Model_Proj 5 2027 SSBFofl 14639.1
Model_Proj 5 2027 SSBLCI 18698
Model_Proj 5 2027 SSBUCI 18698
Model_Proj 5 2027 SSBMedian 18698
Model_Proj 5 2027 SSBMean 18698
Model_Proj 5 2028 SSBF100 41826.1
Model_Proj 5 2028 SSBFabc 16730.4
Model_Proj 5 2028 SSBFofl 14639.1
Model_Proj 5 2028 SSBLCI 19233.3
Model_Proj 5 2028 SSBUCI 19444.6
Model_Proj 5 2028 SSBMedian 19266.4
Model_Proj 5 2028 SSBMean 19292.1
Model_Proj 5 2029 SSBF100 41826.1
Model_Proj 5 2029 SSBFabc 16730.4
Model_Proj 5 2029 SSBFofl 14639.1
Model_Proj 5 2029 SSBLCI 19373.7
Model_Proj 5 2029 SSBUCI 22527.2
Model_Proj 5 2029 SSBMedian 19886.9
Model_Proj 5 2029 SSBMean 20272.1
Model_Proj 5 2030 SSBF100 41826.1
Model_Proj 5 2030 SSBFabc 16730.4
Model_Proj 5 2030 SSBFofl 14639.1
Model_Proj 5 2030 SSBLCI 18927.4
Model_Proj 5 2030 SSBUCI 30090.8
Model_Proj 5 2030 SSBMedian 21070.1
Model_Proj 5 2030 SSBMean 22350.2
Model_Proj 5 2031 SSBF100 41826.1
Model_Proj 5 2031 SSBFabc 16730.4
Model_Proj 5 2031 SSBFofl 14639.1
Model_Proj 5 2031 SSBLCI 18620.5
Model_Proj 5 2031 SSBUCI 36988.7
Model_Proj 5 2031 SSBMedian 23055.5
Model_Proj 5 2031 SSBMean 24835.4
Model_Proj 5 2032 SSBF100 41826.1
Model_Proj 5 2032 SSBFabc 16730.4
Model_Proj 5 2032 SSBFofl 14639.1
Model_Proj 5 2032 SSBLCI 18692.8
Model_Proj 5 2032 SSBUCI 41745.9
Model_Proj 5 2032 SSBMedian 25440.8
Model_Proj 5 2032 SSBMean 27284.3
Model_Proj 5 2033 SSBF100 41826.1
Model_Proj 5 2033 SSBFabc 16730.4
Model_Proj 5 2033 SSBFofl 14639.1
Model_Proj 5 2033 SSBLCI 18900.1
Model_Proj 5 2033 SSBUCI 46229.7
Model_Proj 5 2033 SSBMedian 27561.6
Model_Proj 5 2033 SSBMean 29544.9
Model_Proj 5 2034 SSBF100 41826.1
Model_Proj 5 2034 SSBFabc 16730.4
Model_Proj 5 2034 SSBFofl 14639.1
Model_Proj 5 2034 SSBLCI 18957.8
Model_Proj 5 2034 SSBUCI 50105.3
Model_Proj 5 2034 SSBMedian 29647
Model_Proj 5 2034 SSBMean 31598.3
Model_Proj 5 2035 SSBF100 41826.1
Model_Proj 5 2035 SSBFabc 16730.4
Model_Proj 5 2035 SSBFofl 14639.1
Model_Proj 5 2035 SSBLCI 19261.1
Model_Proj 5 2035 SSBUCI 53779
Model_Proj 5 2035 SSBMedian 31676.1
Model_Proj 5 2035 SSBMean 33301.7
Model_Proj 5 2022 F0 0 
Model_Proj 5 2022 Fabc 0.152666
Model_Proj 5 2022 Fofl 0.180798
Model_Proj 5 2022  F_LCI 0.0281669
Model_Proj 5 2022  F_UCI 0.0281669
Model_Proj 5 2022  F_Median 0.0281669
Model_Proj 5 2022  F_Mean 0.0281669
Model_Proj 5 2023 F0 0 
Model_Proj 5 2023 Fabc 0.152666
Model_Proj 5 2023 Fofl 0.180798
Model_Proj 5 2023  F_LCI 0
Model_Proj 5 2023  F_UCI 0
Model_Proj 5 2023  F_Median 0
Model_Proj 5 2023  F_Mean 0
Model_Proj 5 2024 F0 0 
Model_Proj 5 2024 Fabc 0.152666
Model_Proj 5 2024 Fofl 0.180798
Model_Proj 5 2024  F_LCI 0
Model_Proj 5 2024  F_UCI 0
Model_Proj 5 2024  F_Median 0
Model_Proj 5 2024  F_Mean 0
Model_Proj 5 2025 F0 0 
Model_Proj 5 2025 Fabc 0.152666
Model_Proj 5 2025 Fofl 0.180798
Model_Proj 5 2025  F_LCI 0
Model_Proj 5 2025  F_UCI 0
Model_Proj 5 2025  F_Median 0
Model_Proj 5 2025  F_Mean 0
Model_Proj 5 2026 F0 0 
Model_Proj 5 2026 Fabc 0.152666
Model_Proj 5 2026 Fofl 0.180798
Model_Proj 5 2026  F_LCI 0
Model_Proj 5 2026  F_UCI 0
Model_Proj 5 2026  F_Median 0
Model_Proj 5 2026  F_Mean 0
Model_Proj 5 2027 F0 0 
Model_Proj 5 2027 Fabc 0.152666
Model_Proj 5 2027 Fofl 0.180798
Model_Proj 5 2027  F_LCI 0
Model_Proj 5 2027  F_UCI 0
Model_Proj 5 2027  F_Median 0
Model_Proj 5 2027  F_Mean 0
Model_Proj 5 2028 F0 0 
Model_Proj 5 2028 Fabc 0.152666
Model_Proj 5 2028 Fofl 0.180798
Model_Proj 5 2028  F_LCI 0
Model_Proj 5 2028  F_UCI 0
Model_Proj 5 2028  F_Median 0
Model_Proj 5 2028  F_Mean 0
Model_Proj 5 2029 F0 0 
Model_Proj 5 2029 Fabc 0.152666
Model_Proj 5 2029 Fofl 0.180798
Model_Proj 5 2029  F_LCI 0
Model_Proj 5 2029  F_UCI 0
Model_Proj 5 2029  F_Median 0
Model_Proj 5 2029  F_Mean 0
Model_Proj 5 2030 F0 0 
Model_Proj 5 2030 Fabc 0.152666
Model_Proj 5 2030 Fofl 0.180798
Model_Proj 5 2030  F_LCI 0
Model_Proj 5 2030  F_UCI 0
Model_Proj 5 2030  F_Median 0
Model_Proj 5 2030  F_Mean 0
Model_Proj 5 2031 F0 0 
Model_Proj 5 2031 Fabc 0.152666
Model_Proj 5 2031 Fofl 0.180798
Model_Proj 5 2031  F_LCI 0
Model_Proj 5 2031  F_UCI 0
Model_Proj 5 2031  F_Median 0
Model_Proj 5 2031  F_Mean 0
Model_Proj 5 2032 F0 0 
Model_Proj 5 2032 Fabc 0.152666
Model_Proj 5 2032 Fofl 0.180798
Model_Proj 5 2032  F_LCI 0
Model_Proj 5 2032  F_UCI 0
Model_Proj 5 2032  F_Median 0
Model_Proj 5 2032  F_Mean 0
Model_Proj 5 2033 F0 0 
Model_Proj 5 2033 Fabc 0.152666
Model_Proj 5 2033 Fofl 0.180798
Model_Proj 5 2033  F_LCI 0
Model_Proj 5 2033  F_UCI 0
Model_Proj 5 2033  F_Median 0
Model_Proj 5 2033  F_Mean 0
Model_Proj 5 2034 F0 0 
Model_Proj 5 2034 Fabc 0.152666
Model_Proj 5 2034 Fofl 0.180798
Model_Proj 5 2034  F_LCI 0
Model_Proj 5 2034  F_UCI 0
Model_Proj 5 2034  F_Median 0
Model_Proj 5 2034  F_Mean 0
Model_Proj 5 2035 F0 0 
Model_Proj 5 2035 Fabc 0.152666
Model_Proj 5 2035 Fofl 0.180798
Model_Proj 5 2035  F_LCI 0
Model_Proj 5 2035  F_UCI 0
Model_Proj 5 2035  F_Median 0
Model_Proj 5 2035  F_Mean 0
Model_Proj 6 2022 Cabc 5461.11
Model_Proj 6 2022 Cofl 5871.39
Model_Proj 6 2022 CLCI 663.216
Model_Proj 6 2022 CUCI 663.216
Model_Proj 6 2022 CMedian 663.216
Model_Proj 6 2022 CMean 663.216
Model_Proj 6 2022 CStdn 9.32232e-12
Model_Proj 6 2023 Cabc 5461.11
Model_Proj 6 2023 Cofl 5871.39
Model_Proj 6 2023 CLCI 3008.66
Model_Proj 6 2023 CUCI 3008.66
Model_Proj 6 2023 CMedian 3008.66
Model_Proj 6 2023 CMean 3008.66
Model_Proj 6 2023 CStdn 1.09139e-11
Model_Proj 6 2024 Cabc 5461.11
Model_Proj 6 2024 Cofl 5871.39
Model_Proj 6 2024 CLCI 3317.38
Model_Proj 6 2024 CUCI 3317.7
Model_Proj 6 2024 CMedian 3317.43
Model_Proj 6 2024 CMean 3317.47
Model_Proj 6 2024 CStdn 0.119389
Model_Proj 6 2025 Cabc 5461.11
Model_Proj 6 2025 Cofl 5871.39
Model_Proj 6 2025 CLCI 3463.2
Model_Proj 6 2025 CUCI 3467.01
Model_Proj 6 2025 CMedian 3463.83
Model_Proj 6 2025 CMean 3464.3
Model_Proj 6 2025 CStdn 1.40533
Model_Proj 6 2026 Cabc 5461.11
Model_Proj 6 2026 Cofl 5871.39
Model_Proj 6 2026 CLCI 3192.93
Model_Proj 6 2026 CUCI 3374.86
Model_Proj 6 2026 CMedian 3221.65
Model_Proj 6 2026 CMean 3243.82
Model_Proj 6 2026 CStdn 66.5805
Model_Proj 6 2027 Cabc 5461.11
Model_Proj 6 2027 Cofl 5871.39
Model_Proj 6 2027 CLCI 2810.11
Model_Proj 6 2027 CUCI 3708.9
Model_Proj 6 2027 CMedian 2971.71
Model_Proj 6 2027 CMean 3079.36
Model_Proj 6 2027 CStdn 329.55
Model_Proj 6 2028 Cabc 5461.11
Model_Proj 6 2028 Cofl 5871.39
Model_Proj 6 2028 CLCI 2485.84
Model_Proj 6 2028 CUCI 4474.66
Model_Proj 6 2028 CMedian 2907.67
Model_Proj 6 2028 CMean 3128.98
Model_Proj 6 2028 CStdn 714.884
Model_Proj 6 2029 Cabc 5461.11
Model_Proj 6 2029 Cofl 5871.39
Model_Proj 6 2029 CLCI 2235.98
Model_Proj 6 2029 CUCI 6112.17
Model_Proj 6 2029 CMedian 3079.78
Model_Proj 6 2029 CMean 3484.73
Model_Proj 6 2029 CStdn 1390
Model_Proj 6 2030 Cabc 5461.11
Model_Proj 6 2030 Cofl 5871.39
Model_Proj 6 2030 CLCI 2051.97
Model_Proj 6 2030 CUCI 8173.51
Model_Proj 6 2030 CMedian 3492.34
Model_Proj 6 2030 CMean 4105.85
Model_Proj 6 2030 CStdn 2073.22
Model_Proj 6 2031 Cabc 5461.11
Model_Proj 6 2031 Cofl 5871.39
Model_Proj 6 2031 CLCI 1992.12
Model_Proj 6 2031 CUCI 8765.84
Model_Proj 6 2031 CMedian 4090.79
Model_Proj 6 2031 CMean 4627.26
Model_Proj 6 2031 CStdn 2316.53
Model_Proj 6 2032 Cabc 5461.11
Model_Proj 6 2032 Cofl 5871.39
Model_Proj 6 2032 CLCI 1975.34
Model_Proj 6 2032 CUCI 9606.69
Model_Proj 6 2032 CMedian 4450.74
Model_Proj 6 2032 CMean 5015.43
Model_Proj 6 2032 CStdn 2448.69
Model_Proj 6 2033 Cabc 5461.11
Model_Proj 6 2033 Cofl 5871.39
Model_Proj 6 2033 CLCI 1921.89
Model_Proj 6 2033 CUCI 9864.63
Model_Proj 6 2033 CMedian 4934.84
Model_Proj 6 2033 CMean 5263.65
Model_Proj 6 2033 CStdn 2509.94
Model_Proj 6 2034 Cabc 5461.11
Model_Proj 6 2034 Cofl 5871.39
Model_Proj 6 2034 CLCI 2039.64
Model_Proj 6 2034 CUCI 9904.66
Model_Proj 6 2034 CMedian 5070.61
Model_Proj 6 2034 CMean 5388.35
Model_Proj 6 2034 CStdn 2526.23
Model_Proj 6 2035 Cabc 5461.11
Model_Proj 6 2035 Cofl 5871.39
Model_Proj 6 2035 CLCI 2110.73
Model_Proj 6 2035 CUCI 9914.6
Model_Proj 6 2035 CMedian 5065.17
Model_Proj 6 2035 CMean 5429.23
Model_Proj 6 2035 CStdn 2499.5
Model_Proj 6 2022 SSBF100 41826.1
Model_Proj 6 2022 SSBFabc 16730.4
Model_Proj 6 2022 SSBFofl 14639.1
Model_Proj 6 2022 SSBLCI 10134.8
Model_Proj 6 2022 SSBUCI 10134.8
Model_Proj 6 2022 SSBMedian 10134.8
Model_Proj 6 2022 SSBMean 10134.8
Model_Proj 6 2023 SSBF100 41826.1
Model_Proj 6 2023 SSBFabc 16730.4
Model_Proj 6 2023 SSBFofl 14639.1
Model_Proj 6 2023 SSBLCI 11102.8
Model_Proj 6 2023 SSBUCI 11102.8
Model_Proj 6 2023 SSBMedian 11102.8
Model_Proj 6 2023 SSBMean 11102.8
Model_Proj 6 2024 SSBF100 41826.1
Model_Proj 6 2024 SSBFabc 16730.4
Model_Proj 6 2024 SSBFofl 14639.1
Model_Proj 6 2024 SSBLCI 12107.7
Model_Proj 6 2024 SSBUCI 12107.7
Model_Proj 6 2024 SSBMedian 12107.7
Model_Proj 6 2024 SSBMean 12107.7
Model_Proj 6 2025 SSBF100 41826.1
Model_Proj 6 2025 SSBFabc 16730.4
Model_Proj 6 2025 SSBFofl 14639.1
Model_Proj 6 2025 SSBLCI 13026.3
Model_Proj 6 2025 SSBUCI 13026.3
Model_Proj 6 2025 SSBMedian 13026.3
Model_Proj 6 2025 SSBMean 13026.3
Model_Proj 6 2026 SSBF100 41826.1
Model_Proj 6 2026 SSBFabc 16730.4
Model_Proj 6 2026 SSBFofl 14639.1
Model_Proj 6 2026 SSBLCI 12710
Model_Proj 6 2026 SSBUCI 12710
Model_Proj 6 2026 SSBMedian 12710
Model_Proj 6 2026 SSBMean 12710
Model_Proj 6 2027 SSBF100 41826.1
Model_Proj 6 2027 SSBFabc 16730.4
Model_Proj 6 2027 SSBFofl 14639.1
Model_Proj 6 2027 SSBLCI 12032.1
Model_Proj 6 2027 SSBUCI 12032.1
Model_Proj 6 2027 SSBMedian 12032.1
Model_Proj 6 2027 SSBMean 12032.1
Model_Proj 6 2028 SSBF100 41826.1
Model_Proj 6 2028 SSBFabc 16730.4
Model_Proj 6 2028 SSBFofl 14639.1
Model_Proj 6 2028 SSBLCI 11465.3
Model_Proj 6 2028 SSBUCI 11659.6
Model_Proj 6 2028 SSBMedian 11495.7
Model_Proj 6 2028 SSBMean 11519.4
Model_Proj 6 2029 SSBF100 41826.1
Model_Proj 6 2029 SSBFabc 16730.4
Model_Proj 6 2029 SSBFofl 14639.1
Model_Proj 6 2029 SSBLCI 10838.6
Model_Proj 6 2029 SSBUCI 13508.9
Model_Proj 6 2029 SSBMedian 11277.5
Model_Proj 6 2029 SSBMean 11603
Model_Proj 6 2030 SSBF100 41826.1
Model_Proj 6 2030 SSBFabc 16730.4
Model_Proj 6 2030 SSBFofl 14639.1
Model_Proj 6 2030 SSBLCI 10020.3
Model_Proj 6 2030 SSBUCI 18262.7
Model_Proj 6 2030 SSBMedian 11736.4
Model_Proj 6 2030 SSBMean 12635.4
Model_Proj 6 2031 SSBF100 41826.1
Model_Proj 6 2031 SSBFabc 16730.4
Model_Proj 6 2031 SSBFofl 14639.1
Model_Proj 6 2031 SSBLCI 9594.47
Model_Proj 6 2031 SSBUCI 21437.1
Model_Proj 6 2031 SSBMedian 12721.4
Model_Proj 6 2031 SSBMean 13777.7
Model_Proj 6 2032 SSBF100 41826.1
Model_Proj 6 2032 SSBFabc 16730.4
Model_Proj 6 2032 SSBFofl 14639.1
Model_Proj 6 2032 SSBLCI 9539.23
Model_Proj 6 2032 SSBUCI 23123.1
Model_Proj 6 2032 SSBMedian 13666.6
Model_Proj 6 2032 SSBMean 14696.8
Model_Proj 6 2033 SSBF100 41826.1
Model_Proj 6 2033 SSBFabc 16730.4
Model_Proj 6 2033 SSBFofl 14639.1
Model_Proj 6 2033 SSBLCI 9499.33
Model_Proj 6 2033 SSBUCI 24745.2
Model_Proj 6 2033 SSBMedian 14229.9
Model_Proj 6 2033 SSBMean 15348.8
Model_Proj 6 2034 SSBF100 41826.1
Model_Proj 6 2034 SSBFabc 16730.4
Model_Proj 6 2034 SSBFofl 14639.1
Model_Proj 6 2034 SSBLCI 9467.18
Model_Proj 6 2034 SSBUCI 25720.8
Model_Proj 6 2034 SSBMedian 14737.1
Model_Proj 6 2034 SSBMean 15791
Model_Proj 6 2035 SSBF100 41826.1
Model_Proj 6 2035 SSBFabc 16730.4
Model_Proj 6 2035 SSBFofl 14639.1
Model_Proj 6 2035 SSBLCI 9561.23
Model_Proj 6 2035 SSBUCI 26230.9
Model_Proj 6 2035 SSBMedian 14822.8
Model_Proj 6 2035 SSBMean 16000.6
Model_Proj 6 2022 F0 0 
Model_Proj 6 2022 Fabc 0.152666
Model_Proj 6 2022 Fofl 0.180798
Model_Proj 6 2022  F_LCI 0.0281669
Model_Proj 6 2022  F_UCI 0.0281669
Model_Proj 6 2022  F_Median 0.0281669
Model_Proj 6 2022  F_Mean 0.0281669
Model_Proj 6 2023 F0 0 
Model_Proj 6 2023 Fabc 0.152666
Model_Proj 6 2023 Fofl 0.180798
Model_Proj 6 2023  F_LCI 0.116781
Model_Proj 6 2023  F_UCI 0.116781
Model_Proj 6 2023  F_Median 0.116781
Model_Proj 6 2023  F_Mean 0.116781
Model_Proj 6 2024 F0 0 
Model_Proj 6 2024 Fabc 0.152666
Model_Proj 6 2024 Fofl 0.180798
Model_Proj 6 2024  F_LCI 0.128213
Model_Proj 6 2024  F_UCI 0.128213
Model_Proj 6 2024  F_Median 0.128213
Model_Proj 6 2024  F_Mean 0.128213
Model_Proj 6 2025 F0 0 
Model_Proj 6 2025 Fabc 0.152666
Model_Proj 6 2025 Fofl 0.180798
Model_Proj 6 2025  F_LCI 0.138662
Model_Proj 6 2025  F_UCI 0.138662
Model_Proj 6 2025  F_Median 0.138662
Model_Proj 6 2025  F_Mean 0.138662
Model_Proj 6 2026 F0 0 
Model_Proj 6 2026 Fabc 0.152666
Model_Proj 6 2026 Fofl 0.180798
Model_Proj 6 2026  F_LCI 0.135065
Model_Proj 6 2026  F_UCI 0.135065
Model_Proj 6 2026  F_Median 0.135065
Model_Proj 6 2026  F_Mean 0.135065
Model_Proj 6 2027 F0 0 
Model_Proj 6 2027 Fabc 0.152666
Model_Proj 6 2027 Fofl 0.180798
Model_Proj 6 2027  F_LCI 0.127353
Model_Proj 6 2027  F_UCI 0.127353
Model_Proj 6 2027  F_Median 0.127353
Model_Proj 6 2027  F_Mean 0.127353
Model_Proj 6 2028 F0 0 
Model_Proj 6 2028 Fabc 0.152666
Model_Proj 6 2028 Fofl 0.180798
Model_Proj 6 2028  F_LCI 0.120905
Model_Proj 6 2028  F_UCI 0.123115
Model_Proj 6 2028  F_Median 0.121252
Model_Proj 6 2028  F_Mean 0.121521
Model_Proj 6 2029 F0 0 
Model_Proj 6 2029 Fabc 0.152666
Model_Proj 6 2029 Fofl 0.180798
Model_Proj 6 2029  F_LCI 0.113776
Model_Proj 6 2029  F_UCI 0.144153
Model_Proj 6 2029  F_Median 0.11877
Model_Proj 6 2029  F_Mean 0.122359
Model_Proj 6 2030 F0 0 
Model_Proj 6 2030 Fabc 0.152666
Model_Proj 6 2030 Fofl 0.180798
Model_Proj 6 2030  F_LCI 0.104468
Model_Proj 6 2030  F_UCI 0.180798
Model_Proj 6 2030  F_Median 0.12399
Model_Proj 6 2030  F_Mean 0.130953
Model_Proj 6 2031 F0 0 
Model_Proj 6 2031 Fabc 0.152666
Model_Proj 6 2031 Fofl 0.180798
Model_Proj 6 2031  F_LCI 0.0996242
Model_Proj 6 2031  F_UCI 0.180798
Model_Proj 6 2031  F_Median 0.135195
Model_Proj 6 2031  F_Mean 0.139046
Model_Proj 6 2032 F0 0 
Model_Proj 6 2032 Fabc 0.152666
Model_Proj 6 2032 Fofl 0.180798
Model_Proj 6 2032  F_LCI 0.0989959
Model_Proj 6 2032  F_UCI 0.180798
Model_Proj 6 2032  F_Median 0.145946
Model_Proj 6 2032  F_Mean 0.145433
Model_Proj 6 2033 F0 0 
Model_Proj 6 2033 Fabc 0.152666
Model_Proj 6 2033 Fofl 0.180798
Model_Proj 6 2033  F_LCI 0.098542
Model_Proj 6 2033  F_UCI 0.180798
Model_Proj 6 2033  F_Median 0.152354
Model_Proj 6 2033  F_Mean 0.149648
Model_Proj 6 2034 F0 0 
Model_Proj 6 2034 Fabc 0.152666
Model_Proj 6 2034 Fofl 0.180798
Model_Proj 6 2034  F_LCI 0.0981763
Model_Proj 6 2034  F_UCI 0.180798
Model_Proj 6 2034  F_Median 0.158123
Model_Proj 6 2034  F_Mean 0.151779
Model_Proj 6 2035 F0 0 
Model_Proj 6 2035 Fabc 0.152666
Model_Proj 6 2035 Fofl 0.180798
Model_Proj 6 2035  F_LCI 0.0992462
Model_Proj 6 2035  F_UCI 0.180798
Model_Proj 6 2035  F_Median 0.159098
Model_Proj 6 2035  F_Mean 0.15269
Model_Proj 7 2022 Cabc 5461.11
Model_Proj 7 2022 Cofl 5871.39
Model_Proj 7 2022 CLCI 663.216
Model_Proj 7 2022 CUCI 663.216
Model_Proj 7 2022 CMedian 663.216
Model_Proj 7 2022 CMean 663.216
Model_Proj 7 2022 CStdn 9.32232e-12
Model_Proj 7 2023 Cabc 5461.11
Model_Proj 7 2023 Cofl 5871.39
Model_Proj 7 2023 CLCI 2566.56
Model_Proj 7 2023 CUCI 2566.56
Model_Proj 7 2023 CMedian 2566.56
Model_Proj 7 2023 CMean 2566.56
Model_Proj 7 2023 CStdn 1.59162e-11
Model_Proj 7 2024 Cabc 5461.11
Model_Proj 7 2024 Cofl 5871.39
Model_Proj 7 2024 CLCI 2918.5
Model_Proj 7 2024 CUCI 2918.78
Model_Proj 7 2024 CMedian 2918.55
Model_Proj 7 2024 CMean 2918.58
Model_Proj 7 2024 CStdn 0.102854
Model_Proj 7 2025 Cabc 5461.11
Model_Proj 7 2025 Cofl 5871.39
Model_Proj 7 2025 CLCI 3662.42
Model_Proj 7 2025 CUCI 3666.36
Model_Proj 7 2025 CMedian 3663.07
Model_Proj 7 2025 CMean 3663.56
Model_Proj 7 2025 CStdn 1.45048
Model_Proj 7 2026 Cabc 5461.11
Model_Proj 7 2026 Cofl 5871.39
Model_Proj 7 2026 CLCI 3332.02
Model_Proj 7 2026 CUCI 3518.52
Model_Proj 7 2026 CMedian 3361.46
Model_Proj 7 2026 CMean 3384.19
Model_Proj 7 2026 CStdn 68.2504
Model_Proj 7 2027 Cabc 5461.11
Model_Proj 7 2027 Cofl 5871.39
Model_Proj 7 2027 CLCI 2898.85
Model_Proj 7 2027 CUCI 3813.96
Model_Proj 7 2027 CMedian 3063.37
Model_Proj 7 2027 CMean 3173
Model_Proj 7 2027 CStdn 335.547
Model_Proj 7 2028 Cabc 5461.11
Model_Proj 7 2028 Cofl 5871.39
Model_Proj 7 2028 CLCI 2539.57
Model_Proj 7 2028 CUCI 4550.57
Model_Proj 7 2028 CMedian 2966.32
Model_Proj 7 2028 CMean 3190.3
Model_Proj 7 2028 CStdn 722.994
Model_Proj 7 2029 Cabc 5461.11
Model_Proj 7 2029 Cofl 5871.39
Model_Proj 7 2029 CLCI 2267.59
Model_Proj 7 2029 CUCI 6163.88
Model_Proj 7 2029 CMedian 3115.57
Model_Proj 7 2029 CMean 3522.74
Model_Proj 7 2029 CStdn 1393.78
Model_Proj 7 2030 Cabc 5461.11
Model_Proj 7 2030 Cofl 5871.39
Model_Proj 7 2030 CLCI 2069.77
Model_Proj 7 2030 CUCI 8174.92
Model_Proj 7 2030 CMedian 3511.99
Model_Proj 7 2030 CMean 4125.14
Model_Proj 7 2030 CStdn 2070.03
Model_Proj 7 2031 Cabc 5461.11
Model_Proj 7 2031 Cofl 5871.39
Model_Proj 7 2031 CLCI 2000.74
Model_Proj 7 2031 CUCI 8784.29
Model_Proj 7 2031 CMedian 4103.79
Model_Proj 7 2031 CMean 4635.41
Model_Proj 7 2031 CStdn 2313.19
Model_Proj 7 2032 Cabc 5461.11
Model_Proj 7 2032 Cofl 5871.39
Model_Proj 7 2032 CLCI 1978.76
Model_Proj 7 2032 CUCI 9602.34
Model_Proj 7 2032 CMedian 4451.95
Model_Proj 7 2032 CMean 5017.61
Model_Proj 7 2032 CStdn 2446.13
Model_Proj 7 2033 Cabc 5461.11
Model_Proj 7 2033 Cofl 5871.39
Model_Proj 7 2033 CLCI 1922.77
Model_Proj 7 2033 CUCI 9861.21
Model_Proj 7 2033 CMedian 4930.49
Model_Proj 7 2033 CMean 5263.19
Model_Proj 7 2033 CStdn 2508.39
Model_Proj 7 2034 Cabc 5461.11
Model_Proj 7 2034 Cofl 5871.39
Model_Proj 7 2034 CLCI 2039.4
Model_Proj 7 2034 CUCI 9901.92
Model_Proj 7 2034 CMedian 5069.92
Model_Proj 7 2034 CMean 5386.96
Model_Proj 7 2034 CStdn 2525.4
Model_Proj 7 2035 Cabc 5461.11
Model_Proj 7 2035 Cofl 5871.39
Model_Proj 7 2035 CLCI 2109.93
Model_Proj 7 2035 CUCI 9912.42
Model_Proj 7 2035 CMedian 5064.22
Model_Proj 7 2035 CMean 5427.75
Model_Proj 7 2035 CStdn 2499.1
Model_Proj 7 2022 SSBF100 41826.1
Model_Proj 7 2022 SSBFabc 16730.4
Model_Proj 7 2022 SSBFofl 14639.1
Model_Proj 7 2022 SSBLCI 10134.8
Model_Proj 7 2022 SSBUCI 10134.8
Model_Proj 7 2022 SSBMedian 10134.8
Model_Proj 7 2022 SSBMean 10134.8
Model_Proj 7 2023 SSBF100 41826.1
Model_Proj 7 2023 SSBFabc 16730.4
Model_Proj 7 2023 SSBFofl 14639.1
Model_Proj 7 2023 SSBLCI 11134.2
Model_Proj 7 2023 SSBUCI 11134.2
Model_Proj 7 2023 SSBMedian 11134.2
Model_Proj 7 2023 SSBMean 11134.2
Model_Proj 7 2024 SSBF100 41826.1
Model_Proj 7 2024 SSBFabc 16730.4
Model_Proj 7 2024 SSBFofl 14639.1
Model_Proj 7 2024 SSBLCI 12335.8
Model_Proj 7 2024 SSBUCI 12335.8
Model_Proj 7 2024 SSBMedian 12335.8
Model_Proj 7 2024 SSBMean 12335.8
Model_Proj 7 2025 SSBF100 41826.1
Model_Proj 7 2025 SSBFabc 16730.4
Model_Proj 7 2025 SSBFofl 14639.1
Model_Proj 7 2025 SSBLCI 13417.8
Model_Proj 7 2025 SSBUCI 13417.8
Model_Proj 7 2025 SSBMedian 13417.8
Model_Proj 7 2025 SSBMean 13417.8
Model_Proj 7 2026 SSBF100 41826.1
Model_Proj 7 2026 SSBFabc 16730.4
Model_Proj 7 2026 SSBFofl 14639.1
Model_Proj 7 2026 SSBLCI 13009.9
Model_Proj 7 2026 SSBUCI 13009.9
Model_Proj 7 2026 SSBMedian 13009.9
Model_Proj 7 2026 SSBMean 13009.9
Model_Proj 7 2027 SSBF100 41826.1
Model_Proj 7 2027 SSBFabc 16730.4
Model_Proj 7 2027 SSBFofl 14639.1
Model_Proj 7 2027 SSBLCI 12244
Model_Proj 7 2027 SSBUCI 12244
Model_Proj 7 2027 SSBMedian 12244
Model_Proj 7 2027 SSBMean 12244
Model_Proj 7 2028 SSBF100 41826.1
Model_Proj 7 2028 SSBFabc 16730.4
Model_Proj 7 2028 SSBFofl 14639.1
Model_Proj 7 2028 SSBLCI 11606.1
Model_Proj 7 2028 SSBUCI 11800.1
Model_Proj 7 2028 SSBMedian 11636.5
Model_Proj 7 2028 SSBMean 11660.1
Model_Proj 7 2029 SSBF100 41826.1
Model_Proj 7 2029 SSBFabc 16730.4
Model_Proj 7 2029 SSBFofl 14639.1
Model_Proj 7 2029 SSBLCI 10927.6
Model_Proj 7 2029 SSBUCI 13591.8
Model_Proj 7 2029 SSBMedian 11365.5
Model_Proj 7 2029 SSBMean 11690.3
Model_Proj 7 2030 SSBF100 41826.1
Model_Proj 7 2030 SSBFabc 16730.4
Model_Proj 7 2030 SSBFofl 14639.1
Model_Proj 7 2030 SSBLCI 10075.5
Model_Proj 7 2030 SSBUCI 18293.6
Model_Proj 7 2030 SSBMedian 11787.5
Model_Proj 7 2030 SSBMean 12683.3
Model_Proj 7 2031 SSBF100 41826.1
Model_Proj 7 2031 SSBFabc 16730.4
Model_Proj 7 2031 SSBFofl 14639.1
Model_Proj 7 2031 SSBLCI 9626.77
Model_Proj 7 2031 SSBUCI 21438
Model_Proj 7 2031 SSBMedian 12747.5
Model_Proj 7 2031 SSBMean 13800.2
Model_Proj 7 2032 SSBF100 41826.1
Model_Proj 7 2032 SSBFabc 16730.4
Model_Proj 7 2032 SSBFofl 14639.1
Model_Proj 7 2032 SSBLCI 9554.78
Model_Proj 7 2032 SSBUCI 23117.7
Model_Proj 7 2032 SSBMedian 13679.5
Model_Proj 7 2032 SSBMean 14704.8
Model_Proj 7 2033 SSBF100 41826.1
Model_Proj 7 2033 SSBFabc 16730.4
Model_Proj 7 2033 SSBFofl 14639.1
Model_Proj 7 2033 SSBLCI 9508.27
Model_Proj 7 2033 SSBUCI 24734.3
Model_Proj 7 2033 SSBMedian 14232.6
Model_Proj 7 2033 SSBMean 15349.6
Model_Proj 7 2034 SSBF100 41826.1
Model_Proj 7 2034 SSBFabc 16730.4
Model_Proj 7 2034 SSBFofl 14639.1
Model_Proj 7 2034 SSBLCI 9472.16
Model_Proj 7 2034 SSBUCI 25712.7
Model_Proj 7 2034 SSBMedian 14733.6
Model_Proj 7 2034 SSBMean 15788.8
Model_Proj 7 2035 SSBF100 41826.1
Model_Proj 7 2035 SSBFabc 16730.4
Model_Proj 7 2035 SSBFofl 14639.1
Model_Proj 7 2035 SSBLCI 9558.04
Model_Proj 7 2035 SSBUCI 26227.4
Model_Proj 7 2035 SSBMedian 14820.8
Model_Proj 7 2035 SSBMean 15997.6
Model_Proj 7 2022 F0 0 
Model_Proj 7 2022 Fabc 0.152666
Model_Proj 7 2022 Fofl 0.180798
Model_Proj 7 2022  F_LCI 0.0281669
Model_Proj 7 2022  F_UCI 0.0281669
Model_Proj 7 2022  F_Median 0.0281669
Model_Proj 7 2022  F_Mean 0.0281669
Model_Proj 7 2023 F0 0 
Model_Proj 7 2023 Fabc 0.152666
Model_Proj 7 2023 Fofl 0.180798
Model_Proj 7 2023  F_LCI 0.0989125
Model_Proj 7 2023  F_UCI 0.0989125
Model_Proj 7 2023  F_Median 0.0989125
Model_Proj 7 2023  F_Mean 0.0989125
Model_Proj 7 2024 F0 0 
Model_Proj 7 2024 Fabc 0.152666
Model_Proj 7 2024 Fofl 0.180798
Model_Proj 7 2024  F_LCI 0.110454
Model_Proj 7 2024  F_UCI 0.110454
Model_Proj 7 2024  F_Median 0.110454
Model_Proj 7 2024  F_Mean 0.110454
Model_Proj 7 2025 F0 0 
Model_Proj 7 2025 Fabc 0.152666
Model_Proj 7 2025 Fofl 0.180798
Model_Proj 7 2025  F_LCI 0.143116
Model_Proj 7 2025  F_UCI 0.143116
Model_Proj 7 2025  F_Median 0.143116
Model_Proj 7 2025  F_Mean 0.143116
Model_Proj 7 2026 F0 0 
Model_Proj 7 2026 Fabc 0.152666
Model_Proj 7 2026 Fofl 0.180798
Model_Proj 7 2026  F_LCI 0.138476
Model_Proj 7 2026  F_UCI 0.138476
Model_Proj 7 2026  F_Median 0.138476
Model_Proj 7 2026  F_Mean 0.138476
Model_Proj 7 2027 F0 0 
Model_Proj 7 2027 Fabc 0.152666
Model_Proj 7 2027 Fofl 0.180798
Model_Proj 7 2027  F_LCI 0.129764
Model_Proj 7 2027  F_UCI 0.129764
Model_Proj 7 2027  F_Median 0.129764
Model_Proj 7 2027  F_Mean 0.129764
Model_Proj 7 2028 F0 0 
Model_Proj 7 2028 Fabc 0.152666
Model_Proj 7 2028 Fofl 0.180798
Model_Proj 7 2028  F_LCI 0.122507
Model_Proj 7 2028  F_UCI 0.124714
Model_Proj 7 2028  F_Median 0.122853
Model_Proj 7 2028  F_Mean 0.123122
Model_Proj 7 2029 F0 0 
Model_Proj 7 2029 Fabc 0.152666
Model_Proj 7 2029 Fofl 0.180798
Model_Proj 7 2029  F_LCI 0.114789
Model_Proj 7 2029  F_UCI 0.145095
Model_Proj 7 2029  F_Median 0.11977
Model_Proj 7 2029  F_Mean 0.123348
Model_Proj 7 2030 F0 0 
Model_Proj 7 2030 Fabc 0.152666
Model_Proj 7 2030 Fofl 0.180798
Model_Proj 7 2030  F_LCI 0.105096
Model_Proj 7 2030  F_UCI 0.180798
Model_Proj 7 2030  F_Median 0.12457
Model_Proj 7 2030  F_Mean 0.13147
Model_Proj 7 2031 F0 0 
Model_Proj 7 2031 Fabc 0.152666
Model_Proj 7 2031 Fofl 0.180798
Model_Proj 7 2031  F_LCI 0.0999917
Model_Proj 7 2031  F_UCI 0.180798
Model_Proj 7 2031  F_Median 0.135491
Model_Proj 7 2031  F_Mean 0.139287
Model_Proj 7 2032 F0 0 
Model_Proj 7 2032 Fabc 0.152666
Model_Proj 7 2032 Fofl 0.180798
Model_Proj 7 2032  F_LCI 0.0991727
Model_Proj 7 2032  F_UCI 0.180798
Model_Proj 7 2032  F_Median 0.146093
Model_Proj 7 2032  F_Mean 0.145528
Model_Proj 7 2033 F0 0 
Model_Proj 7 2033 Fabc 0.152666
Model_Proj 7 2033 Fofl 0.180798
Model_Proj 7 2033  F_LCI 0.0986436
Model_Proj 7 2033  F_UCI 0.180798
Model_Proj 7 2033  F_Median 0.152385
Model_Proj 7 2033  F_Mean 0.149674
Model_Proj 7 2034 F0 0 
Model_Proj 7 2034 Fabc 0.152666
Model_Proj 7 2034 Fofl 0.180798
Model_Proj 7 2034  F_LCI 0.0982329
Model_Proj 7 2034  F_UCI 0.180798
Model_Proj 7 2034  F_Median 0.158083
Model_Proj 7 2034  F_Mean 0.151775
Model_Proj 7 2035 F0 0 
Model_Proj 7 2035 Fabc 0.152666
Model_Proj 7 2035 Fofl 0.180798
Model_Proj 7 2035  F_LCI 0.0992098
Model_Proj 7 2035  F_UCI 0.180798
Model_Proj 7 2035  F_Median 0.159076
Model_Proj 7 2035  F_Mean 0.152676
