
SB0 SB40 SB35 MeanRec HarMeanRec Bnow
41826.1 16730.4 14639.1 31777.8 26706.4 10525.7 
CV Recruit
1.17465 
Alternative 1 Alternative  Stock: Model_Proj
Catch Model_Proj
Year C0 Cabc Cofl LowCI_Catch Median_Catch Mean_Catch UpperCI_Catch Stdev_Catch 
2022  0 5461.11 5871.39 663.216 663.216 663.216 663.216 9.32232e-12 
2023  0 5461.11 5871.39 2566.56 2566.56 2566.56 2566.56 1.59162e-11 
2024  0 5461.11 5871.39 2918.5 2918.55 2918.58 2918.78 0.102854 
2025  0 5461.11 5871.39 3132.3 3132.85 3133.26 3135.63 1.22937 
2026  0 5461.11 5871.39 2957.81 2983.3 3002.99 3119.35 59.1205 
2027  0 5461.11 5871.39 2648.92 2794.46 2891.23 3457.95 296.583 
2028  0 5461.11 5871.39 2368.45 2752.13 2952.87 4178.66 649.571 
2029  0 5461.11 5871.39 2141.56 2915.2 3278.75 5666.01 1247.88 
2030  0 5461.11 5871.39 1968.95 3288.16 3815.02 7344.9 1810.02 
2031  0 5461.11 5871.39 1913.29 3830.76 4274.24 7909.52 2032.8 
2032  0 5461.11 5871.39 1875.79 4226.31 4625.07 8519.38 2147.68 
2033  0 5461.11 5871.39 1855.54 4696.24 4857.51 8852.64 2209.27 
2034  0 5461.11 5871.39 1937.43 4828.51 4996.49 8918.65 2229.33 
2035  0 5461.11 5871.39 2014.79 4825.64 5059.94 8984.37 2209.33 

Spawning_Biomass Model_Proj
Year SSB100 SSBabc SSBofl LowCI_SSB Median_SSB Mean_SSB UpperCI_SSB Stdev_SSB 
2022 41826.1 16730.4 14639.1 10134.8 10134.8 10134.8 10134.8 1.01863e-10 
2023 41826.1 16730.4 14639.1 11134.2 11134.2 11134.2 11134.2 2.45564e-10 
2024 41826.1 16730.4 14639.1 12335.8 12335.8 12335.8 12335.8 2.54659e-10 
2025 41826.1 16730.4 14639.1 13464.1 13464.1 13464.1 13464.1 3.12866e-10 
2026 41826.1 16730.4 14639.1 13312.1 13312.1 13312.1 13312.1 1.2551e-10 
2027 41826.1 16730.4 14639.1 12725.1 12725.1 12725.1 12725.1 2.01908e-10 
2028 41826.1 16730.4 14639.1 12196.6 12227.3 12251.1 12392.6 71.506 
2029 41826.1 16730.4 14639.1 11573.6 12019.7 12350.7 14289.3 998.846 
2030 41826.1 16730.4 14639.1 10726.8 12480.6 13419.2 19264.8 3078.07 
2031 41826.1 16730.4 14639.1 10270.3 13482.7 14642.6 22856.3 4504.99 
2032 41826.1 16730.4 14639.1 10165 14533.5 15672.4 24933.7 5150.69 
2033 41826.1 16730.4 14639.1 10135.9 15214.8 16448.4 26537.9 5485.67 
2034 41826.1 16730.4 14639.1 10082.5 15787.4 17016.4 27722 5803.92 
2035 41826.1 16730.4 14639.1 10160.4 16072.9 17333.5 29027.3 5978.5 

Fishing_mortalityModel_Proj
Year F0 Fabc Fofl LowCI_F Median_F Mean_F UpperCI_F Stdev_F 
2022  0 0.152666 0.180798 0.0281669 0.0281669 0.0281669 0.0281669 5.82867e-16 
2023  0 0.152666 0.180798 0.0989125 0.0989125 0.0989125 0.0989125 9.71445e-17 
2024  0 0.152666 0.180798 0.110454 0.110454 0.110454 0.110454 7.35523e-16 
2025  0 0.152666 0.180798 0.121292 0.121292 0.121292 0.121292 2.28983e-15 
2026  0 0.152666 0.180798 0.119832 0.119832 0.119832 0.119832 2.05391e-15 
2027  0 0.152666 0.180798 0.114193 0.114193 0.114193 0.114193 7.07767e-16 
2028  0 0.152666 0.180798 0.109117 0.109412 0.109641 0.110999 0.00068684 
2029  0 0.152666 0.180798 0.103133 0.107417 0.110463 0.129218 0.00873372 
2030  0 0.152666 0.180798 0.0949992 0.111845 0.117149 0.152666 0.0186144 
2031  0 0.152666 0.180798 0.0906147 0.12147 0.123363 0.152666 0.022023 
2032  0 0.152666 0.180798 0.0896025 0.131564 0.128361 0.152666 0.0226903 
2033  0 0.152666 0.180798 0.0893232 0.138108 0.13153 0.152666 0.0224909 
2034  0 0.152666 0.180798 0.0888102 0.143607 0.133465 0.152666 0.0226069 
2035  0 0.152666 0.180798 0.0895583 0.14635 0.134463 0.152666 0.022058 

Total_BiomassModel_Proj
Year B100 Babc Bofl LowCI_Biom Median_Biom Mean_Biom UpperCI_Biom Stdev_Biom 
2022 88951.8 50944 47469.2 32615.5 32615.5 32615.5 32615.5 2.58296e-10 
2023 88951.8 50944 47469.2 34966.8 35136.3 35267.8 36048.2 394.62 
2024 88951.8 50944 47469.2 34849.3 35345.8 35590.3 37186.4 813.51 
2025 88951.8 50944 47469.2 33949 35002.1 35435.5 38420.4 1511.08 
2026 88951.8 50944 47469.2 32244.6 34762.3 35943.4 43657.3 3947.61 
2027 88951.8 50944 47469.2 30440.7 35609.6 37593.4 51416.8 7261.62 
2028 88951.8 50944 47469.2 29101.1 37436.9 40107.1 59894.7 10369.3 
2029 88951.8 50944 47469.2 28689.9 40342 43013.8 65828.5 12888.9 
2030 88951.8 50944 47469.2 28122 42985.1 45792.1 71072.8 14606.8 
2031 88951.8 50944 47469.2 27868 45584.7 47941.7 76226.6 15669.3 
2032 88951.8 50944 47469.2 28308.8 47203.8 49510.9 79469.5 16269.7 
2033 88951.8 50944 47469.2 29318.9 47939.3 50512.4 80570.4 16515 
2034 88951.8 50944 47469.2 29827.3 48041.5 51077.3 81967.8 16583.9 
2035 88951.8 50944 47469.2 30332.1 48124.5 51404.3 83442.6 16647 
Alternative 2 Alternative  Stock: Model_Proj
Catch Model_Proj
Year C0 Cabc Cofl LowCI_Catch Median_Catch Mean_Catch UpperCI_Catch Stdev_Catch 
2022  0 5461.11 5871.39 663.216 663.216 663.216 663.216 9.32232e-12 
2023  0 5461.11 5871.39 663.216 663.216 663.216 663.216 3.52429e-12 
2024  0 5461.11 5871.39 663.216 663.216 663.216 663.216 8.48651e-07 
2025  0 5461.11 5871.39 1943.25 1943.25 1943.25 1943.25 1.33747e-05 
2026  0 5461.11 5871.39 1943.25 1943.25 1943.25 1943.25 0.000293628 
2027  0 5461.11 5871.39 1943.25 1943.25 1943.25 1943.25 0.000565129 
2028  0 5461.11 5871.39 1943.25 1943.25 1943.25 1943.25 0.00052721 
2029  0 5461.11 5871.39 1943.25 1943.25 1943.25 1943.25 0.000519539 
2030  0 5461.11 5871.39 1943.25 1943.25 1943.25 1943.25 0.000495859 
2031  0 5461.11 5871.39 1943.25 1943.25 1943.25 1943.25 0.000496514 
2032  0 5461.11 5871.39 1943.25 1943.25 1941.98 1943.25 15.6436 
2033  0 5461.11 5871.39 1943.25 1943.25 1940.5 1943.25 28.6302 
2034  0 5461.11 5871.39 1943.25 1943.25 1939.26 1943.25 36.8225 
2035  0 5461.11 5871.39 1943.25 1943.25 1939.31 1943.25 37.0612 

Spawning_Biomass Model_Proj
Year SSB100 SSBabc SSBofl LowCI_SSB Median_SSB Mean_SSB UpperCI_SSB Stdev_SSB 
2022 41826.1 16730.4 14639.1 10134.8 10134.8 10134.8 10134.8 1.01863e-10 
2023 41826.1 16730.4 14639.1 11265.7 11265.7 11265.7 11265.7 2.3465e-10 
2024 41826.1 16730.4 14639.1 13358.8 13358.8 13358.8 13358.8 0.00155581 
2025 41826.1 16730.4 14639.1 15603.3 15603.3 15603.4 15603.5 0.0664826 
2026 41826.1 16730.4 14639.1 16074.5 16075.9 16076.9 16083.1 3.06668 
2027 41826.1 16730.4 14639.1 15874.7 15889.7 15899.1 15955.7 27.9009 
2028 41826.1 16730.4 14639.1 15490.8 15591 15650.7 16008.8 178.253 
2029 41826.1 16730.4 14639.1 14817.6 15478.7 15914.9 18490.2 1319.48 
2030 41826.1 16730.4 14639.1 13753.2 16075.1 17331.1 25234.9 4089.89 
2031 41826.1 16730.4 14639.1 12899.7 17478.7 19201.9 31258 6475.25 
2032 41826.1 16730.4 14639.1 12509.6 19284.9 21098.9 35484.8 8049.27 
2033 41826.1 16730.4 14639.1 12280.3 20908.5 22879.5 39412.3 9186.6 
2034 41826.1 16730.4 14639.1 12026.5 22605.8 24519.7 42884.4 10150.5 
2035 41826.1 16730.4 14639.1 12017.9 24299.8 25883.3 45971.5 10870.3 

Fishing_mortalityModel_Proj
Year F0 Fabc Fofl LowCI_F Median_F Mean_F UpperCI_F Stdev_F 
2022  0 0.152666 0.180798 0.0281669 0.0281669 0.0281669 0.0281669 5.82867e-16 
2023  0 0.152666 0.180798 0.024808 0.024808 0.024808 0.024808 2.04697e-16 
2024  0 0.152666 0.180798 0.0228584 0.0228601 0.0228599 0.0228604 7.40755e-07 
2025  0 0.152666 0.180798 0.0650551 0.0651077 0.0651001 0.065118 2.27525e-05 
2026  0 0.152666 0.180798 0.0630838 0.0655801 0.0652257 0.0660705 0.00105779 
2027  0 0.152666 0.180798 0.0543281 0.065627 0.0641113 0.068716 0.00472273 
2028  0 0.152666 0.180798 0.0438849 0.0636997 0.061608 0.0725714 0.00895748 
2029  0 0.152666 0.180798 0.036045 0.0596918 0.0584397 0.0761733 0.0121855 
2030  0 0.152666 0.180798 0.0319087 0.0549963 0.0551946 0.0787302 0.0144286 
2031  0 0.152666 0.180798 0.0287483 0.0507201 0.0522222 0.0799475 0.0159896 
2032  0 0.152666 0.180798 0.02644 0.0473411 0.0496642 0.0814141 0.0168814 
2033  0 0.152666 0.180798 0.0245144 0.0440373 0.0474165 0.0811918 0.0170315 
2034  0 0.152666 0.180798 0.0235938 0.0421944 0.0454739 0.0783707 0.0166931 
2035  0 0.152666 0.180798 0.0225645 0.0407135 0.0439484 0.0763614 0.016372 

Total_BiomassModel_Proj
Year B100 Babc Bofl LowCI_Biom Median_Biom Mean_Biom UpperCI_Biom Stdev_Biom 
2022 88951.8 50944 47469.2 32615.5 32615.5 32615.5 32615.5 2.58296e-10 
2023 88951.8 50944 47469.2 34966.8 35136.3 35267.8 36048.2 394.62 
2024 88951.8 50944 47469.2 36684.2 37180.7 37425.2 39021.3 813.51 
2025 88951.8 50944 47469.2 37834.4 38887.6 39321 42306 1511.17 
2026 88951.8 50944 47469.2 36958.2 39476 40658.4 48377 3949.48 
2027 88951.8 50944 47469.2 35674 40858.5 42874.6 56887.5 7317.45 
2028 88951.8 50944 47469.2 34491.2 42962.9 45746.2 66226 10668.7 
2029 88951.8 50944 47469.2 33910 46016.4 49011.7 73290.5 13703.9 
2030 88951.8 50944 47469.2 33197.2 49177.1 52426.5 80942.9 16299.7 
2031 88951.8 50944 47469.2 32856.3 52716.1 55681.6 88309.6 18480.7 
2032 88951.8 50944 47469.2 32968.4 55970.5 58707 95077.3 20143.9 
2033 88951.8 50944 47469.2 33422.2 58451.5 61361.7 99596.1 21332.2 
2034 88951.8 50944 47469.2 34552.5 60460.8 63621.5 103592 22222 
2035 88951.8 50944 47469.2 35560.8 62300.5 65569.4 106970 22913.6 
Alternative 3 Alternative  Stock: Model_Proj
Catch Model_Proj
Year C0 Cabc Cofl LowCI_Catch Median_Catch Mean_Catch UpperCI_Catch Stdev_Catch 
2022  0 5461.11 5871.39 663.216 663.216 663.216 663.216 9.32232e-12 
2023  0 5461.11 5871.39 1567.9 1567.9 1567.9 1567.9 3.84262e-11 
2024  0 5461.11 5871.39 1654.44 1654.46 1654.48 1654.59 0.0553853 
2025  0 5461.11 5871.39 1686.7 1686.97 1687.17 1688.34 0.602972 
2026  0 5461.11 5871.39 1681.06 1693.76 1703.56 1761.5 29.4382 
2027  0 5461.11 5871.39 1636.2 1712.61 1764.23 2064.16 156.796 
2028  0 5461.11 5871.39 1570.64 1782.13 1890.54 2552.85 350.589 
2029  0 5461.11 5871.39 1521.19 1912.98 2057.29 3092.58 537.316 
2030  0 5461.11 5871.39 1495.75 2079.21 2233.8 3455.34 681.936 
2031  0 5461.11 5871.39 1487.89 2253.54 2401.5 3778.49 786.213 
2032  0 5461.11 5871.39 1470.63 2389.57 2547.41 4099.78 864.355 
2033  0 5461.11 5871.39 1485.47 2548.57 2668.39 4367.22 917.62 
2034  0 5461.11 5871.39 1545.45 2620.53 2764.12 4465.36 946.628 
2035  0 5461.11 5871.39 1588.14 2684.18 2836.51 4581.52 961.548 

Spawning_Biomass Model_Proj
Year SSB100 SSBabc SSBofl LowCI_SSB Median_SSB Mean_SSB UpperCI_SSB Stdev_SSB 
2022 41826.1 16730.4 14639.1 10134.8 10134.8 10134.8 10134.8 1.01863e-10 
2023 41826.1 16730.4 14639.1 11204 11204 11204 11204 7.27596e-12 
2024 41826.1 16730.4 14639.1 12878.7 12878.7 12878.7 12878.7 1.52795e-10 
2025 41826.1 16730.4 14639.1 14693.2 14693.2 14693.2 14693.2 1.81899e-10 
2026 41826.1 16730.4 14639.1 15285.8 15285.8 15285.8 15285.8 6.54836e-11 
2027 41826.1 16730.4 14639.1 15276.3 15276.3 15276.3 15276.3 1.69166e-10 
2028 41826.1 16730.4 14639.1 15130.4 15162.5 15187.5 15335.5 74.8692 
2029 41826.1 16730.4 14639.1 14714.5 15197.4 15557.8 17671 1087.43 
2030 41826.1 16730.4 14639.1 13881 15845.2 16979.5 23952.5 3601.84 
2031 41826.1 16730.4 14639.1 13309.2 17237.7 18738.4 29207.9 5635.69 
2032 41826.1 16730.4 14639.1 13143.5 18912.2 20426.7 32530.9 6841.63 
2033 41826.1 16730.4 14639.1 13071.6 20295.3 21923.1 35740.6 7634.58 
2034 41826.1 16730.4 14639.1 12955.6 21641.6 23222.3 38875.3 8296.48 
2035 41826.1 16730.4 14639.1 13086.7 23007.7 24217.8 40799.3 8750.83 

Fishing_mortalityModel_Proj
Year F0 Fabc Fofl LowCI_F Median_F Mean_F UpperCI_F Stdev_F 
2022  0 0.152666 0.180798 0.0281669 0.0281669 0.0281669 0.0281669 5.82867e-16 
2023  0 0.152666 0.180798 0.059476 0.059476 0.059476 0.059476 1.56125e-15 
2024  0 0.152666 0.180798 0.059476 0.059476 0.059476 0.059476 1.56125e-15 
2025  0 0.152666 0.180798 0.059476 0.059476 0.059476 0.059476 1.56125e-15 
2026  0 0.152666 0.180798 0.059476 0.059476 0.059476 0.059476 1.56125e-15 
2027  0 0.152666 0.180798 0.059476 0.059476 0.059476 0.059476 1.56125e-15 
2028  0 0.152666 0.180798 0.059476 0.059476 0.059476 0.059476 1.56125e-15 
2029  0 0.152666 0.180798 0.059476 0.059476 0.059476 0.059476 1.56125e-15 
2030  0 0.152666 0.180798 0.059476 0.059476 0.059476 0.059476 1.56125e-15 
2031  0 0.152666 0.180798 0.059476 0.059476 0.059476 0.059476 1.56125e-15 
2032  0 0.152666 0.180798 0.059476 0.059476 0.059476 0.059476 1.56125e-15 
2033  0 0.152666 0.180798 0.059476 0.059476 0.059476 0.059476 1.56125e-15 
2034  0 0.152666 0.180798 0.059476 0.059476 0.059476 0.059476 1.56125e-15 
2035  0 0.152666 0.180798 0.059476 0.059476 0.059476 0.059476 1.56125e-15 

Total_BiomassModel_Proj
Year B100 Babc Bofl LowCI_Biom Median_Biom Mean_Biom UpperCI_Biom Stdev_Biom 
2022 88951.8 50944 47469.2 32615.5 32615.5 32615.5 32615.5 2.58296e-10 
2023 88951.8 50944 47469.2 34966.8 35136.3 35267.8 36048.2 394.62 
2024 88951.8 50944 47469.2 35811.6 36308.1 36552.6 38148.7 813.51 
2025 88951.8 50944 47469.2 36064.7 37117.9 37551.3 40536.3 1511.13 
2026 88951.8 50944 47469.2 35578.5 38096.3 39278.2 46995.3 3948.86 
2027 88951.8 50944 47469.2 34690.3 39857.3 41870.9 55803.4 7293.87 
2028 88951.8 50944 47469.2 33904.7 42324.8 45043.7 65244.2 10527 
2029 88951.8 50944 47469.2 33747 45587.6 48462.7 72219.8 13298.1 
2030 88951.8 50944 47469.2 33315.9 48906.6 51846.9 78763 15508.4 
2031 88951.8 50944 47469.2 33437.8 52241.8 54890.5 85886.2 17248.8 
2032 88951.8 50944 47469.2 33749.4 55269.6 57551.4 91122 18464.5 
2033 88951.8 50944 47469.2 34642.3 56835.2 59729.8 94454.7 19224.1 
2034 88951.8 50944 47469.2 35831.1 58577.8 61444.3 97444.6 19726.6 
2035 88951.8 50944 47469.2 36692.9 59285.3 62818.1 99950.4 20104 
Alternative 4 Alternative  Stock: Model_Proj
Catch Model_Proj
Year C0 Cabc Cofl LowCI_Catch Median_Catch Mean_Catch UpperCI_Catch Stdev_Catch 
2022  0 5461.11 5871.39 663.216 663.216 663.216 663.216 9.32232e-12 
2023  0 5461.11 5871.39 1085.33 1085.33 1085.33 1085.33 1.90994e-11 
2024  0 5461.11 5871.39 1162.08 1162.09 1162.1 1162.18 0.0380522 
2025  0 5461.11 5871.39 1200.92 1201.11 1201.25 1202.05 0.414296 
2026  0 5461.11 5871.39 1211.64 1220.37 1227.12 1266.96 20.2453 
2027  0 5461.11 5871.39 1192.72 1245.32 1281.08 1488.23 108.253 
2028  0 5461.11 5871.39 1156.48 1303.71 1378.81 1840.99 243.762 
2029  0 5461.11 5871.39 1128.78 1403.21 1504.28 2237.12 376.839 
2030  0 5461.11 5871.39 1115.83 1525.96 1637.01 2509.13 482.599 
2031  0 5461.11 5871.39 1114.14 1656.01 1764.17 2744.49 560.912 
2032  0 5461.11 5871.39 1104.73 1761.75 1876.46 2990.69 620.605 
2033  0 5461.11 5871.39 1120.31 1883.43 1971.24 3197.66 662.417 
2034  0 5461.11 5871.39 1161.31 1940.43 2047.92 3282.66 686.72 
2035  0 5461.11 5871.39 1192.55 1994.97 2107.52 3404.99 700.363 

Spawning_Biomass Model_Proj
Year SSB100 SSBabc SSBofl LowCI_SSB Median_SSB Mean_SSB UpperCI_SSB Stdev_SSB 
2022 41826.1 16730.4 14639.1 10134.8 10134.8 10134.8 10134.8 1.01863e-10 
2023 41826.1 16730.4 14639.1 11237.1 11237.1 11237.1 11237.1 1.85537e-10 
2024 41826.1 16730.4 14639.1 13132.1 13132.1 13132.1 13132.1 2.83762e-10 
2025 41826.1 16730.4 14639.1 15212.6 15212.6 15212.6 15212.6 1.36424e-10 
2026 41826.1 16730.4 14639.1 16062.1 16062.1 16062.1 16062.1 2.07365e-10 
2027 41826.1 16730.4 14639.1 16269.9 16269.9 16269.9 16269.9 2.03727e-10 
2028 41826.1 16730.4 14639.1 16302.3 16334.7 16359.9 16509.3 75.5587 
2029 41826.1 16730.4 14639.1 16024.4 16516.8 16884.5 19041.2 1109.53 
2030 41826.1 16730.4 14639.1 15277.4 17300.4 18474 25696.8 3723.58 
2031 41826.1 16730.4 14639.1 14757.7 18828 20420.7 31355 5887.09 
2032 41826.1 16730.4 14639.1 14642.4 20692.9 22305.6 35045.2 7215.91 
2033 41826.1 16730.4 14639.1 14617.4 22280.6 23998.4 38517 8115.11 
2034 41826.1 16730.4 14639.1 14538.5 23798.5 25489.4 41902.1 8865.64 
2035 41826.1 16730.4 14639.1 14629 25419.1 26662 44347.1 9396.47 

Fishing_mortalityModel_Proj
Year F0 Fabc Fofl LowCI_F Median_F Mean_F UpperCI_F Stdev_F 
2022  0 0.152666 0.180798 0.0281669 0.0281669 0.0281669 0.0281669 5.82867e-16 
2023  0 0.152666 0.180798 0.0408623 0.0408623 0.0408623 0.0408623 1.06165e-15 
2024  0 0.152666 0.180798 0.0408623 0.0408623 0.0408623 0.0408623 1.06165e-15 
2025  0 0.152666 0.180798 0.0408623 0.0408623 0.0408623 0.0408623 1.06165e-15 
2026  0 0.152666 0.180798 0.0408623 0.0408623 0.0408623 0.0408623 1.06165e-15 
2027  0 0.152666 0.180798 0.0408623 0.0408623 0.0408623 0.0408623 1.06165e-15 
2028  0 0.152666 0.180798 0.0408623 0.0408623 0.0408623 0.0408623 1.06165e-15 
2029  0 0.152666 0.180798 0.0408623 0.0408623 0.0408623 0.0408623 1.06165e-15 
2030  0 0.152666 0.180798 0.0408623 0.0408623 0.0408623 0.0408623 1.06165e-15 
2031  0 0.152666 0.180798 0.0408623 0.0408623 0.0408623 0.0408623 1.06165e-15 
2032  0 0.152666 0.180798 0.0408623 0.0408623 0.0408623 0.0408623 1.06165e-15 
2033  0 0.152666 0.180798 0.0408623 0.0408623 0.0408623 0.0408623 1.06165e-15 
2034  0 0.152666 0.180798 0.0408623 0.0408623 0.0408623 0.0408623 1.06165e-15 
2035  0 0.152666 0.180798 0.0408623 0.0408623 0.0408623 0.0408623 1.06165e-15 

Total_BiomassModel_Proj
Year B100 Babc Bofl LowCI_Biom Median_Biom Mean_Biom UpperCI_Biom Stdev_Biom 
2022 88951.8 50944 47469.2 32615.5 32615.5 32615.5 32615.5 2.58296e-10 
2023 88951.8 50944 47469.2 34966.8 35136.3 35267.8 36048.2 394.62 
2024 88951.8 50944 47469.2 36277 36773.5 37017.9 38614 813.51 
2025 88951.8 50944 47469.2 36973.6 38026.8 38460.2 41445.2 1511.14 
2026 88951.8 50944 47469.2 36879.2 39397 40579.2 48297.3 3949.25 
2027 88951.8 50944 47469.2 36315.7 41486.6 43504.9 57471.2 7303.87 
2028 88951.8 50944 47469.2 35787.3 44223.1 46971.2 67348.4 10580.6 
2029 88951.8 50944 47469.2 35798.7 47729.1 50672.7 74682.2 13444.4 
2030 88951.8 50944 47469.2 35557.7 51250.2 54346 81516 15784.4 
2031 88951.8 50944 47469.2 35712.3 55010 57688.3 89408.7 17665.5 
2032 88951.8 50944 47469.2 36240.4 58192.3 60651.6 95392 19016.6 
2033 88951.8 50944 47469.2 37058.3 60155.3 63125.6 99006.1 19899.9 
2034 88951.8 50944 47469.2 38460.9 62235.3 65119.6 102595 20509.1 
2035 88951.8 50944 47469.2 39161.9 63238.9 66748.8 105023 20967.3 
Alternative 5 Alternative  Stock: Model_Proj
Catch Model_Proj
Year C0 Cabc Cofl LowCI_Catch Median_Catch Mean_Catch UpperCI_Catch Stdev_Catch 
2022  0 5461.11 5871.39 663.216 663.216 663.216 663.216 9.32232e-12 
2023  0 5461.11 5871.39 0 0 0 0 0 
2024  0 5461.11 5871.39 0 0 0 0 0 
2025  0 5461.11 5871.39 0 0 0 0 0 
2026  0 5461.11 5871.39 0 0 0 0 0 
2027  0 5461.11 5871.39 0 0 0 0 0 
2028  0 5461.11 5871.39 0 0 0 0 0 
2029  0 5461.11 5871.39 0 0 0 0 0 
2030  0 5461.11 5871.39 0 0 0 0 0 
2031  0 5461.11 5871.39 0 0 0 0 0 
2032  0 5461.11 5871.39 0 0 0 0 0 
2033  0 5461.11 5871.39 0 0 0 0 0 
2034  0 5461.11 5871.39 0 0 0 0 0 
2035  0 5461.11 5871.39 0 0 0 0 0 

Spawning_Biomass Model_Proj
Year SSB100 SSBabc SSBofl LowCI_SSB Median_SSB Mean_SSB UpperCI_SSB Stdev_SSB 
2022 41826.1 16730.4 14639.1 10134.8 10134.8 10134.8 10134.8 1.01863e-10 
2023 41826.1 16730.4 14639.1 11310.1 11310.1 11310.1 11310.1 1.30967e-10 
2024 41826.1 16730.4 14639.1 13706.3 13706.3 13706.3 13706.3 1.40062e-10 
2025 41826.1 16730.4 14639.1 16419.8 16419.8 16419.8 16419.8 3.71074e-10 
2026 41826.1 16730.4 14639.1 17913 17913 17913 17913 1.27329e-10 
2027 41826.1 16730.4 14639.1 18698 18698 18698 18698 1.70985e-10 
2028 41826.1 16730.4 14639.1 19233.3 19266.4 19292.1 19444.6 77.0948 
2029 41826.1 16730.4 14639.1 19373.7 19886.9 20272.1 22527.2 1159.65 
2030 41826.1 16730.4 14639.1 18927.4 21070.1 22350.2 30090.8 4005.98 
2031 41826.1 16730.4 14639.1 18620.5 23055.5 24835.4 36988.7 6482.75 
2032 41826.1 16730.4 14639.1 18692.8 25440.8 27284.3 41745.9 8121.55 
2033 41826.1 16730.4 14639.1 18900.1 27561.6 29544.9 46229.7 9301.77 
2034 41826.1 16730.4 14639.1 18957.8 29647 31598.3 50105.3 10297.9 
2035 41826.1 16730.4 14639.1 19261.1 31676.1 33301.7 53779 11047.2 

Fishing_mortalityModel_Proj
Year F0 Fabc Fofl LowCI_F Median_F Mean_F UpperCI_F Stdev_F 
2022  0 0.152666 0.180798 0.0281669 0.0281669 0.0281669 0.0281669 5.82867e-16 
2023  0 0.152666 0.180798 0 0 0 0 0 
2024  0 0.152666 0.180798 0 0 0 0 0 
2025  0 0.152666 0.180798 0 0 0 0 0 
2026  0 0.152666 0.180798 0 0 0 0 0 
2027  0 0.152666 0.180798 0 0 0 0 0 
2028  0 0.152666 0.180798 0 0 0 0 0 
2029  0 0.152666 0.180798 0 0 0 0 0 
2030  0 0.152666 0.180798 0 0 0 0 0 
2031  0 0.152666 0.180798 0 0 0 0 0 
2032  0 0.152666 0.180798 0 0 0 0 0 
2033  0 0.152666 0.180798 0 0 0 0 0 
2034  0 0.152666 0.180798 0 0 0 0 0 
2035  0 0.152666 0.180798 0 0 0 0 0 

Total_BiomassModel_Proj
Year B100 Babc Bofl LowCI_Biom Median_Biom Mean_Biom UpperCI_Biom Stdev_Biom 
2022 88951.8 50944 47469.2 32615.5 32615.5 32615.5 32615.5 2.58296e-10 
2023 88951.8 50944 47469.2 34966.8 35136.3 35267.8 36048.2 394.62 
2024 88951.8 50944 47469.2 37324.4 37820.9 38065.4 39661.4 813.51 
2025 88951.8 50944 47469.2 39071 40124.2 40557.6 43542.7 1511.17 
2026 88951.8 50944 47469.2 39955.5 42473.4 43656.1 51376.3 3950.1 
2027 88951.8 50944 47469.2 40252.3 45446.3 47460.5 61501.2 7325.92 
2028 88951.8 50944 47469.2 40450.5 48936.5 51734.2 72240.3 10700.3 
2029 88951.8 50944 47469.2 41042.5 53221.6 56226.6 80670 13777.1 
2030 88951.8 50944 47469.2 41320.1 57425.1 60711 89527.3 16425.7 
2031 88951.8 50944 47469.2 41812.4 61878.4 64892.1 97981.9 18657.6 
2032 88951.8 50944 47469.2 42603 66029.2 68709.6 105443 20361.7 
2033 88951.8 50944 47469.2 43722.1 69177.3 72029.5 110837 21580.3 
2034 88951.8 50944 47469.2 45370.9 71636.9 74837.1 115178 22490.3 
2035 88951.8 50944 47469.2 46619.3 73933.9 77227.2 119169 23191.2 
Alternative 6 Alternative  Stock: Model_Proj
Catch Model_Proj
Year C0 Cabc Cofl LowCI_Catch Median_Catch Mean_Catch UpperCI_Catch Stdev_Catch 
2022  0 5461.11 5871.39 663.216 663.216 663.216 663.216 9.32232e-12 
2023  0 5461.11 5871.39 3008.66 3008.66 3008.66 3008.66 1.09139e-11 
2024  0 5461.11 5871.39 3317.38 3317.43 3317.47 3317.7 0.119389 
2025  0 5461.11 5871.39 3463.2 3463.83 3464.3 3467.01 1.40533 
2026  0 5461.11 5871.39 3192.93 3221.65 3243.82 3374.86 66.5805 
2027  0 5461.11 5871.39 2810.11 2971.71 3079.36 3708.9 329.55 
2028  0 5461.11 5871.39 2485.84 2907.67 3128.98 4474.66 714.884 
2029  0 5461.11 5871.39 2235.98 3079.78 3484.73 6112.17 1390 
2030  0 5461.11 5871.39 2051.97 3492.34 4105.85 8173.51 2073.22 
2031  0 5461.11 5871.39 1992.12 4090.79 4627.26 8765.84 2316.53 
2032  0 5461.11 5871.39 1975.34 4450.74 5015.43 9606.69 2448.69 
2033  0 5461.11 5871.39 1921.89 4934.84 5263.65 9864.63 2509.94 
2034  0 5461.11 5871.39 2039.64 5070.61 5388.35 9904.66 2526.23 
2035  0 5461.11 5871.39 2110.73 5065.17 5429.23 9914.6 2499.5 

Spawning_Biomass Model_Proj
Year SSB100 SSBabc SSBofl LowCI_SSB Median_SSB Mean_SSB UpperCI_SSB Stdev_SSB 
2022 41826.1 16730.4 14639.1 10134.8 10134.8 10134.8 10134.8 1.01863e-10 
2023 41826.1 16730.4 14639.1 11102.8 11102.8 11102.8 11102.8 2.72848e-10 
2024 41826.1 16730.4 14639.1 12107.7 12107.7 12107.7 12107.7 1.76442e-10 
2025 41826.1 16730.4 14639.1 13026.3 13026.3 13026.3 13026.3 1.0732e-10 
2026 41826.1 16730.4 14639.1 12710 12710 12710 12710 1.78261e-10 
2027 41826.1 16730.4 14639.1 12032.1 12032.1 12032.1 12032.1 2.01908e-10 
2028 41826.1 16730.4 14639.1 11465.3 11495.7 11519.4 11659.6 70.8869 
2029 41826.1 16730.4 14639.1 10838.6 11277.5 11603 13508.9 981.209 
2030 41826.1 16730.4 14639.1 10020.3 11736.4 12635.4 18262.7 2970.91 
2031 41826.1 16730.4 14639.1 9594.47 12721.4 13777.7 21437.1 4260.26 
2032 41826.1 16730.4 14639.1 9539.23 13666.6 14696.8 23123.1 4782.87 
2033 41826.1 16730.4 14639.1 9499.33 14229.9 15348.8 24745.2 5022.38 
2034 41826.1 16730.4 14639.1 9467.18 14737.1 15791 25720.8 5273.19 
2035 41826.1 16730.4 14639.1 9561.23 14822.8 16000.6 26230.9 5392.42 

Fishing_mortalityModel_Proj
Year F0 Fabc Fofl LowCI_F Median_F Mean_F UpperCI_F Stdev_F 
2022  0 0.152666 0.180798 0.0281669 0.0281669 0.0281669 0.0281669 5.82867e-16 
2023  0 0.152666 0.180798 0.116781 0.116781 0.116781 0.116781 2.02616e-15 
2024  0 0.152666 0.180798 0.128213 0.128213 0.128213 0.128213 2.52576e-15 
2025  0 0.152666 0.180798 0.138662 0.138662 0.138662 0.138662 2.55351e-15 
2026  0 0.152666 0.180798 0.135065 0.135065 0.135065 0.135065 1.63758e-15 
2027  0 0.152666 0.180798 0.127353 0.127353 0.127353 0.127353 1.38778e-16 
2028  0 0.152666 0.180798 0.120905 0.121252 0.121521 0.123115 0.000806366 
2029  0 0.152666 0.180798 0.113776 0.11877 0.122359 0.144153 0.0103855 
2030  0 0.152666 0.180798 0.104468 0.12399 0.130953 0.180798 0.0233482 
2031  0 0.152666 0.180798 0.0996242 0.135195 0.139046 0.180798 0.027914 
2032  0 0.152666 0.180798 0.0989959 0.145946 0.145433 0.180798 0.0289269 
2033  0 0.152666 0.180798 0.098542 0.152354 0.149648 0.180798 0.0290735 
2034  0 0.152666 0.180798 0.0981763 0.158123 0.151779 0.180798 0.0291244 
2035  0 0.152666 0.180798 0.0992462 0.159098 0.15269 0.180798 0.0285144 

Total_BiomassModel_Proj
Year B100 Babc Bofl LowCI_Biom Median_Biom Mean_Biom UpperCI_Biom Stdev_Biom 
2022 88951.8 50944 47469.2 32615.5 32615.5 32615.5 32615.5 2.58296e-10 
2023 88951.8 50944 47469.2 34966.8 35136.3 35267.8 36048.2 394.62 
2024 88951.8 50944 47469.2 34423.6 34920.1 35164.6 36760.7 813.51 
2025 88951.8 50944 47469.2 33167 34220.2 34653.6 37638.4 1511.07 
2026 88951.8 50944 47469.2 31207.5 33725.2 34906 42619.1 3947.25 
2027 88951.8 50944 47469.2 29274.2 34443.8 36419.8 50215.6 7253.44 
2028 88951.8 50944 47469.2 27895.5 36193.6 38869.6 58524.8 10331.6 
2029 88951.8 50944 47469.2 27479.1 39077 41734.8 64396.8 12796.3 
2030 88951.8 50944 47469.2 26989.9 41685.7 44447.8 69390.8 14420.2 
2031 88951.8 50944 47469.2 26759.3 44133.3 46454.6 74589.7 15337.2 
2032 88951.8 50944 47469.2 27075.9 45543.4 47830.8 76701.8 15822 
2033 88951.8 50944 47469.2 28146.5 45962.6 48619.6 77796.5 15965.8 
2034 88951.8 50944 47469.2 28681.2 45653 48977.2 78991.9 15953.7 
2035 88951.8 50944 47469.2 29066.4 45900.7 49133.6 79738.3 15960.2 
Alternative 7 Alternative  Stock: Model_Proj
Catch Model_Proj
Year C0 Cabc Cofl LowCI_Catch Median_Catch Mean_Catch UpperCI_Catch Stdev_Catch 
2022  0 5461.11 5871.39 663.216 663.216 663.216 663.216 9.32232e-12 
2023  0 5461.11 5871.39 2566.56 2566.56 2566.56 2566.56 1.59162e-11 
2024  0 5461.11 5871.39 2918.5 2918.55 2918.58 2918.78 0.102854 
2025  0 5461.11 5871.39 3662.42 3663.07 3663.56 3666.36 1.45048 
2026  0 5461.11 5871.39 3332.02 3361.46 3384.19 3518.52 68.2504 
2027  0 5461.11 5871.39 2898.85 3063.37 3173 3813.96 335.547 
2028  0 5461.11 5871.39 2539.57 2966.32 3190.3 4550.57 722.994 
2029  0 5461.11 5871.39 2267.59 3115.57 3522.74 6163.88 1393.78 
2030  0 5461.11 5871.39 2069.77 3511.99 4125.14 8174.92 2070.03 
2031  0 5461.11 5871.39 2000.74 4103.79 4635.41 8784.29 2313.19 
2032  0 5461.11 5871.39 1978.76 4451.95 5017.61 9602.34 2446.13 
2033  0 5461.11 5871.39 1922.77 4930.49 5263.19 9861.21 2508.39 
2034  0 5461.11 5871.39 2039.4 5069.92 5386.96 9901.92 2525.4 
2035  0 5461.11 5871.39 2109.93 5064.22 5427.75 9912.42 2499.1 

Spawning_Biomass Model_Proj
Year SSB100 SSBabc SSBofl LowCI_SSB Median_SSB Mean_SSB UpperCI_SSB Stdev_SSB 
2022 41826.1 16730.4 14639.1 10134.8 10134.8 10134.8 10134.8 1.01863e-10 
2023 41826.1 16730.4 14639.1 11134.2 11134.2 11134.2 11134.2 2.45564e-10 
2024 41826.1 16730.4 14639.1 12335.8 12335.8 12335.8 12335.8 2.54659e-10 
2025 41826.1 16730.4 14639.1 13417.8 13417.8 13417.8 13417.8 8.36735e-11 
2026 41826.1 16730.4 14639.1 13009.9 13009.9 13009.9 13009.9 1.27329e-10 
2027 41826.1 16730.4 14639.1 12244 12244 12244 12244 1.96451e-10 
2028 41826.1 16730.4 14639.1 11606.1 11636.5 11660.1 11800.1 70.7846 
2029 41826.1 16730.4 14639.1 10927.6 11365.5 11690.3 13591.8 979.065 
2030 41826.1 16730.4 14639.1 10075.5 11787.5 12683.3 18293.6 2963.63 
2031 41826.1 16730.4 14639.1 9626.77 12747.5 13800.2 21438 4252.11 
2032 41826.1 16730.4 14639.1 9554.78 13679.5 14704.8 23117.7 4776.09 
2033 41826.1 16730.4 14639.1 9508.27 14232.6 15349.6 24734.3 5017.47 
2034 41826.1 16730.4 14639.1 9472.16 14733.6 15788.8 25712.7 5269.97 
2035 41826.1 16730.4 14639.1 9558.04 14820.8 15997.6 26227.4 5390.41 

Fishing_mortalityModel_Proj
Year F0 Fabc Fofl LowCI_F Median_F Mean_F UpperCI_F Stdev_F 
2022  0 0.152666 0.180798 0.0281669 0.0281669 0.0281669 0.0281669 5.82867e-16 
2023  0 0.152666 0.180798 0.0989125 0.0989125 0.0989125 0.0989125 9.71445e-17 
2024  0 0.152666 0.180798 0.110454 0.110454 0.110454 0.110454 7.35523e-16 
2025  0 0.152666 0.180798 0.143116 0.143116 0.143116 0.143116 8.88178e-16 
2026  0 0.152666 0.180798 0.138476 0.138476 0.138476 0.138476 2.44249e-15 
2027  0 0.152666 0.180798 0.129764 0.129764 0.129764 0.129764 2.41474e-15 
2028  0 0.152666 0.180798 0.122507 0.122853 0.123122 0.124714 0.000805203 
2029  0 0.152666 0.180798 0.114789 0.11977 0.123348 0.145095 0.0103427 
2030  0 0.152666 0.180798 0.105096 0.12457 0.13147 0.180798 0.023209 
2031  0 0.152666 0.180798 0.0999917 0.135491 0.139287 0.180798 0.0278023 
2032  0 0.152666 0.180798 0.0991727 0.146093 0.145528 0.180798 0.0288588 
2033  0 0.152666 0.180798 0.0986436 0.152385 0.149674 0.180798 0.0290407 
2034  0 0.152666 0.180798 0.0982329 0.158083 0.151775 0.180798 0.0291128 
2035  0 0.152666 0.180798 0.0992098 0.159076 0.152676 0.180798 0.0285134 

Total_BiomassModel_Proj
Year B100 Babc Bofl LowCI_Biom Median_Biom Mean_Biom UpperCI_Biom Stdev_Biom 
2022 88951.8 50944 47469.2 32615.5 32615.5 32615.5 32615.5 2.58296e-10 
2023 88951.8 50944 47469.2 34966.8 35136.3 35267.8 36048.2 394.62 
2024 88951.8 50944 47469.2 34849.3 35345.8 35590.3 37186.4 813.51 
2025 88951.8 50944 47469.2 33949 35002.1 35435.5 38420.4 1511.08 
2026 88951.8 50944 47469.2 31736.8 34254.5 35435.3 43148.3 3947.22 
2027 88951.8 50944 47469.2 29614.5 34784.3 36758.7 50548.5 7251.7 
2028 88951.8 50944 47469.2 28105.2 36396.2 39073.3 58697.1 10324.5 
2029 88951.8 50944 47469.2 27598 39189.8 41845.4 64469.2 12782.3 
2030 88951.8 50944 47469.2 27062.4 41729.3 44498 69399 14403.3 
2031 88951.8 50944 47469.2 26788.5 44136.6 46471 74543.4 15324 
2032 88951.8 50944 47469.2 27090.6 45559.5 47830.5 76680.1 15812.8 
2033 88951.8 50944 47469.2 28147.9 45967.4 48612.7 77777.1 15960 
2034 88951.8 50944 47469.2 28680.1 45648.4 48968.9 78972.5 15950.3 
2035 88951.8 50944 47469.2 29059.6 45889.1 49126.2 79728.8 15958.3 
