Alternative 1 Catch
     Model_1_goa_re_2021.dat 
Equil_Fabc 0.574153 
Year 
2021 0.407204 
2022 0.494063 
2023 0.774785 
2024 0.75803 
2025 0.749555 
2026 0.749374 
2027 0.727662 
2028 0.706919 
2029 0.690095 
2030 0.675604 
2031 0.662248 
2032 0.651109 
2033 0.642017 
2034 0.634755 

Alternative 1 ABCs
     Model_1_goa_re_2021.dat 

Year 
2021  NA 
2022  NA 
2023 0.774785 
2024 0.75803 
2025 0.749555 
2026 0.749374 
2027 0.727662 
2028 0.706919 
2029 0.690095 
2030 0.675604 
2031 0.662248 
2032 0.651109 
2033 0.642017 
2034 0.634755 

Alternative 1 TACs
     Model_1_goa_re_2021.dat 

Year 
2021  NA 
2022  NA 
2023 0.774785 
2024 0.75803 
2025 0.749555 
2026 0.749374 
2027 0.727662 
2028 0.706919 
2029 0.690095 
2030 0.675604 
2031 0.662248 
2032 0.651109 
2033 0.642017 
2034 0.634755 

Alternative 1 Sp_Biomass
     Model_1_goa_re_2021.dat 
Equil_Fabc 5.91051 
Year 
2021 8.68089 
2022 8.61534 
2023 8.48698 
2024 8.2898 
2025 8.1131 
2026 7.94582 
2027 7.7797 
2028 7.61431 
2029 7.45166 
2030 7.29437 
2031 7.14766 
2032 7.00625 
2033 6.88177 
2034 6.77472 

Alternative 1 Fishing Mortality
     Model_1_goa_re_2021.dat 
Equil_Fabc 0.0381281 
Year 
2021 0.0194333 
2022 0.0237565 
2023 0.0381281 
2024 0.0381281 
2025 0.0381281 
2026 0.0381281 
2027 0.0381281 
2028 0.0381281 
2029 0.0381281 
2030 0.0381281 
2031 0.0381281 
2032 0.0381281 
2033 0.0381281 
2034 0.0381281 

Alternative 1 Biomass
     Model_1_goa_re_2021.dat 

Year 
2021 26.1606 
2022 26.0373 
2023 25.8368 
2024 25.3673 
2025 24.9355 
2026 24.5319 
2027 24.1473 
2028 23.8069 
2029 23.5053 
2030 23.2381 
2031 23.0013 
2032 22.7943 
2033 22.6123 
2034 22.4502 

Alternative 1 Implied SPR rate 
     Model_1_goa_re_2021.dat 
Equil_Fabc 0.4 
Year 
2021 0.583304 
2022 0.529778 
2023 0.4 
2024 0.4 
2025 0.4 
2026 0.4 
2027 0.4 
2028 0.4 
2029 0.4 
2030 0.4 
2031 0.4 
2032 0.4 
2033 0.4 
2034 0.4 

  Model_1_goa_re_2021.dat 
EquilAvgAgeF0  24.2723 
EquilAvgAgeFabc  15.4863 
AvgAgeYr2034 17.3719 
Alternative 2 Catch
     Model_1_goa_re_2021.dat 
Equil_Fabc 0.574153 
Year 
2021 0.407204 
2022 0.494063 
2023 0.774785 
2024 0.75803 
2025 0.749555 
2026 0.749374 
2027 0.727662 
2028 0.706919 
2029 0.690095 
2030 0.675604 
2031 0.662248 
2032 0.651109 
2033 0.642017 
2034 0.634755 

Alternative 2 ABCs
     Model_1_goa_re_2021.dat 

Year 
2021  NA 
2022  NA 
2023 0.774785 
2024 0.75803 
2025 0.749555 
2026 0.749374 
2027 0.727662 
2028 0.706919 
2029 0.690095 
2030 0.675604 
2031 0.662248 
2032 0.651109 
2033 0.642017 
2034 0.634755 

Alternative 2 TACs
     Model_1_goa_re_2021.dat 

Year 
2021  NA 
2022  NA 
2023 0.774785 
2024 0.75803 
2025 0.749555 
2026 0.749374 
2027 0.727662 
2028 0.706919 
2029 0.690095 
2030 0.675604 
2031 0.662248 
2032 0.651109 
2033 0.642017 
2034 0.634755 

Alternative 2 Sp_Biomass
     Model_1_goa_re_2021.dat 
Equil_Fabc 5.91051 
Year 
2021 8.68089 
2022 8.61534 
2023 8.48698 
2024 8.2898 
2025 8.1131 
2026 7.94582 
2027 7.7797 
2028 7.61431 
2029 7.45166 
2030 7.29437 
2031 7.14766 
2032 7.00625 
2033 6.88177 
2034 6.77472 

Alternative 2 Fishing Mortality
     Model_1_goa_re_2021.dat 
Equil_Fabc 0.0381281 
Year 
2021 0.0194333 
2022 0.0237565 
2023 0.0381281 
2024 0.0381281 
2025 0.0381281 
2026 0.0381281 
2027 0.0381281 
2028 0.0381281 
2029 0.0381281 
2030 0.0381281 
2031 0.0381281 
2032 0.0381281 
2033 0.0381281 
2034 0.0381281 

Alternative 2 Biomass
     Model_1_goa_re_2021.dat 

Year 
2021 26.1606 
2022 26.0373 
2023 25.8368 
2024 25.3673 
2025 24.9355 
2026 24.5319 
2027 24.1473 
2028 23.8069 
2029 23.5053 
2030 23.2381 
2031 23.0013 
2032 22.7943 
2033 22.6123 
2034 22.4502 

Alternative 2 Implied SPR rate 
     Model_1_goa_re_2021.dat 
Equil_Fabc 0.4 
Year 
2021 0.583304 
2022 0.529778 
2023 0.4 
2024 0.4 
2025 0.4 
2026 0.4 
2027 0.4 
2028 0.4 
2029 0.4 
2030 0.4 
2031 0.4 
2032 0.4 
2033 0.4 
2034 0.4 

  Model_1_goa_re_2021.dat 
EquilAvgAgeF0  24.2723 
EquilAvgAgeFabc  15.4863 
AvgAgeYr2034 17.3719 
Alternative 3 Catch
     Model_1_goa_re_2021.dat 
Equil_Fabc 0.574153 
Year 
2021 0.407204 
2022 0.494063 
2023 0.390977 
2024 0.389506 
2025 0.391832 
2026 0.398109 
2027 0.393193 
2028 0.388321 
2029 0.385019 
2030 0.382529 
2031 0.380263 
2032 0.378799 
2033 0.378082 
2034 0.378028 

Alternative 3 ABCs
     Model_1_goa_re_2021.dat 

Year 
2021  NA 
2022  NA 
2023 0.390977 
2024 0.389506 
2025 0.391832 
2026 0.398109 
2027 0.393193 
2028 0.388321 
2029 0.385019 
2030 0.382529 
2031 0.380263 
2032 0.378799 
2033 0.378082 
2034 0.378028 

Alternative 3 TACs
     Model_1_goa_re_2021.dat 

Year 
2021  NA 
2022  NA 
2023 0.390977 
2024 0.389506 
2025 0.391832 
2026 0.398109 
2027 0.393193 
2028 0.388321 
2029 0.385019 
2030 0.382529 
2031 0.380263 
2032 0.378799 
2033 0.378082 
2034 0.378028 

Alternative 3 Sp_Biomass
     Model_1_goa_re_2021.dat 
Equil_Fabc 5.91051 
Year 
2021 8.68089 
2022 8.61534 
2023 8.55344 
2024 8.51048 
2025 8.48154 
2026 8.45629 
2027 8.42642 
2028 8.39015 
2029 8.34915 
2030 8.30592 
2031 8.26619 
2032 8.22346 
2033 8.19134 
2034 8.17088 

Alternative 3 Fishing Mortality
     Model_1_goa_re_2021.dat 
Equil_Fabc 0.0381281 
Year 
2021 0.0194333 
2022 0.0237565 
2023 0.019064 
2024 0.019064 
2025 0.019064 
2026 0.019064 
2027 0.019064 
2028 0.019064 
2029 0.019064 
2030 0.019064 
2031 0.019064 
2032 0.019064 
2033 0.019064 
2034 0.019064 

Alternative 3 Biomass
     Model_1_goa_re_2021.dat 

Year 
2021 26.1606 
2022 26.0373 
2023 25.8368 
2024 25.7507 
2025 25.6797 
2026 25.619 
2027 25.5639 
2028 25.5289 
2029 25.5095 
2030 25.5039 
2031 25.51 
2032 25.5283 
2033 25.5557 
2034 25.5889 

Alternative 3 Implied SPR rate 
     Model_1_goa_re_2021.dat 
Equil_Fabc 0.4 
Year 
2021 0.583304 
2022 0.529778 
2023 0.588298 
2024 0.588298 
2025 0.588298 
2026 0.588298 
2027 0.588298 
2028 0.588298 
2029 0.588298 
2030 0.588298 
2031 0.588298 
2032 0.588298 
2033 0.588298 
2034 0.588298 

  Model_1_goa_re_2021.dat 
EquilAvgAgeF0  24.2723 
EquilAvgAgeFabc  15.4863 
AvgAgeYr2034 18.7309 
Alternative 4 Catch
     Model_1_goa_re_2021.dat 
Equil_Fabc 0.574153 
Year 
2021 0.407204 
2022 0.494063 
2023 0.530114 
2024 0.524686 
2025 0.524554 
2026 0.529859 
2027 0.520116 
2028 0.510623 
2029 0.503433 
2030 0.497504 
2031 0.492032 
2032 0.487788 
2033 0.484685 
2034 0.4826 

Alternative 4 ABCs
     Model_1_goa_re_2021.dat 

Year 
2021  NA 
2022  NA 
2023 0.530114 
2024 0.524686 
2025 0.524554 
2026 0.529859 
2027 0.520116 
2028 0.510623 
2029 0.503433 
2030 0.497504 
2031 0.492032 
2032 0.487788 
2033 0.484685 
2034 0.4826 

Alternative 4 TACs
     Model_1_goa_re_2021.dat 

Year 
2021  NA 
2022  NA 
2023 0.530114 
2024 0.524686 
2025 0.524554 
2026 0.529859 
2027 0.520116 
2028 0.510623 
2029 0.503433 
2030 0.497504 
2031 0.492032 
2032 0.487788 
2033 0.484685 
2034 0.4826 

Alternative 4 Sp_Biomass
     Model_1_goa_re_2021.dat 
Equil_Fabc 5.91051 
Year 
2021 8.68089 
2022 8.61534 
2023 8.52942 
2024 8.43027 
2025 8.34682 
2026 8.26854 
2027 8.18719 
2028 8.10152 
2029 8.01339 
2030 7.9254 
2031 7.84315 
2032 7.76066 
2033 7.69085 
2034 7.63462 

Alternative 4 Fishing Mortality
     Model_1_goa_re_2021.dat 
Equil_Fabc 0.0381281 
Year 
2021 0.0194333 
2022 0.0237565 
2023 0.0259344 
2024 0.0259344 
2025 0.0259344 
2026 0.0259344 
2027 0.0259344 
2028 0.0259344 
2029 0.0259344 
2030 0.0259344 
2031 0.0259344 
2032 0.0259344 
2033 0.0259344 
2034 0.0259344 

Alternative 4 Biomass
     Model_1_goa_re_2021.dat 

Year 
2021 26.1606 
2022 26.0373 
2023 25.8368 
2024 25.6117 
2025 25.4084 
2026 25.2204 
2027 25.0415 
2028 24.8903 
2029 24.7622 
2030 24.6545 
2031 24.5646 
2032 24.4927 
2033 24.4351 
2034 24.3881 

Alternative 4 Implied SPR rate 
     Model_1_goa_re_2021.dat 
Equil_Fabc 0.4 
Year 
2021 0.583304 
2022 0.529778 
2023 0.505871 
2024 0.505871 
2025 0.505871 
2026 0.505871 
2027 0.505871 
2028 0.505871 
2029 0.505871 
2030 0.505871 
2031 0.505871 
2032 0.505871 
2033 0.505871 
2034 0.505871 

  Model_1_goa_re_2021.dat 
EquilAvgAgeF0  24.2723 
EquilAvgAgeFabc  15.4863 
AvgAgeYr2034 18.2322 
Alternative 5 Catch
     Model_1_goa_re_2021.dat 
Equil_Fabc 0.574153 
Year 
2021 0.407204 
2022 0.494063 
2023  NA 
2024  NA 
2025  NA 
2026  NA 
2027  NA 
2028  NA 
2029  NA 
2030  NA 
2031  NA 
2032  NA 
2033  NA 
2034  NA 

Alternative 5 ABCs
     Model_1_goa_re_2021.dat 

Year 
2021  NA 
2022  NA 
2023  NA 
2024  NA 
2025  NA 
2026  NA 
2027  NA 
2028  NA 
2029  NA 
2030  NA 
2031  NA 
2032  NA 
2033  NA 
2034  NA 

Alternative 5 TACs
     Model_1_goa_re_2021.dat 

Year 
2021  NA 
2022  NA 
2023  NA 
2024  NA 
2025  NA 
2026  NA 
2027  NA 
2028  NA 
2029  NA 
2030  NA 
2031  NA 
2032  NA 
2033  NA 
2034  NA 

Alternative 5 Sp_Biomass
     Model_1_goa_re_2021.dat 
Equil_Fabc 5.91051 
Year 
2021 8.68089 
2022 8.61534 
2023 8.62042 
2024 8.73716 
2025 8.86718 
2026 9.0006 
2027 9.12874 
2028 9.24811 
2029 9.35961 
2030 9.46519 
2031 9.57071 
2032 9.66775 
2033 9.77169 
2034 9.88381 

Alternative 5 Fishing Mortality
     Model_1_goa_re_2021.dat 
Equil_Fabc 0.0381281 
Year 
2021 0.0194333 
2022 0.0237565 
2023  NA 
2024  NA 
2025  NA 
2026  NA 
2027  NA 
2028  NA 
2029  NA 
2030  NA 
2031  NA 
2032  NA 
2033  NA 
2034  NA 

Alternative 5 Biomass
     Model_1_goa_re_2021.dat 

Year 
2021 26.1606 
2022 26.0373 
2023 25.8368 
2024 26.1414 
2025 26.452 
2026 26.7675 
2027 27.0871 
2028 27.4136 
2029 27.7419 
2030 28.0719 
2031 28.4022 
2032 28.7338 
2033 29.0642 
2034 29.391 

Alternative 5 Implied SPR rate 
     Model_1_goa_re_2021.dat 
Equil_Fabc 0.4 
Year 
2021 0.583304 
2022 0.529778 
2023 1 
2024 1 
2025 1 
2026 1 
2027 1 
2028 1 
2029 1 
2030 1 
2031 1 
2032 1 
2033 1 
2034 1 

  Model_1_goa_re_2021.dat 
EquilAvgAgeF0  24.2723 
EquilAvgAgeFabc  15.4863 
AvgAgeYr2034 20.1576 
Alternative 6 Catch
     Model_1_goa_re_2021.dat 
Equil_Fabc 0.574153 
Year 
2021 0.407204 
2022 0.945654 
2023 0.910867 
2024 0.885195 
2025 0.869947 
2026 0.864962 
2027 0.834569 
2028 0.805833 
2029 0.782241 
2030 0.761844 
2031 0.743165 
2032 0.727458 
2033 0.714477 
2034 0.703923 

Alternative 6 ABCs
     Model_1_goa_re_2021.dat 

Year 
2021 0.950818 
2022 0.945654 
2023 0.910867 
2024 0.885195 
2025 0.869947 
2026 0.864962 
2027 0.834569 
2028 0.805833 
2029 0.782241 
2030 0.761844 
2031 0.743165 
2032 0.727458 
2033 0.714477 
2034 0.703923 

Alternative 6 TACs
     Model_1_goa_re_2021.dat 

Year 
2021  NA 
2022 0.945654 
2023 0.910867 
2024 0.885195 
2025 0.869947 
2026 0.864962 
2027 0.834569 
2028 0.805833 
2029 0.782241 
2030 0.761844 
2031 0.743165 
2032 0.727458 
2033 0.714477 
2034 0.703923 

Alternative 6 Sp_Biomass
     Model_1_goa_re_2021.dat 
Equil_Fabc 5.91051 
Year 
2021 8.68089 
2022 8.53718 
2023 8.27881 
2024 8.02813 
2025 7.80221 
2026 7.5896 
2027 7.3819 
2028 7.17895 
2029 6.98261 
2030 6.79528 
2031 6.62174 
2032 6.45726 
2033 6.31228 
2034 6.18694 

Alternative 6 Fishing Mortality
     Model_1_goa_re_2021.dat 
Equil_Fabc 0.0381281 
Year 
2021 0.0194333 
2022 0.0459617 
2023 0.0459618 
2024 0.0459618 
2025 0.0459618 
2026 0.0459618 
2027 0.0459618 
2028 0.0459618 
2029 0.0459618 
2030 0.0459618 
2031 0.0459618 
2032 0.0459618 
2033 0.0459618 
2034 0.0459618 

Alternative 6 Biomass
     Model_1_goa_re_2021.dat 

Year 
2021 26.1606 
2022 26.0373 
2023 25.3856 
2024 24.7887 
2025 24.2415 
2026 23.732 
2027 23.2488 
2028 22.8208 
2029 22.4422 
2030 22.1068 
2031 21.8098 
2032 21.5496 
2033 21.3204 
2034 21.1166 

Alternative 6 Implied SPR rate 
     Model_1_goa_re_2021.dat 
Equil_Fabc 0.4 
Year 
2021 0.583304 
2022 0.35 
2023 0.35 
2024 0.35 
2025 0.35 
2026 0.35 
2027 0.35 
2028 0.35 
2029 0.35 
2030 0.35 
2031 0.35 
2032 0.35 
2033 0.35 
2034 0.35 

  Model_1_goa_re_2021.dat 
EquilAvgAgeF0  24.2723 
EquilAvgAgeFabc  15.4863 
AvgAgeYr2034 16.7221 
Alternative 7 Catch
     Model_1_goa_re_2021.dat 
Equil_Fabc 0.574153 
Year 
2021 0.407204 
2022 0.787453 
2023 0.764189 
2024 0.898291 
2025 0.882254 
2026 0.876523 
2027 0.845383 
2028 0.815939 
2029 0.79168 
2030 0.770645 
2031 0.751357 
2032 0.735073 
2033 0.721548 
2034 0.710485 

Alternative 7 ABCs
     Model_1_goa_re_2021.dat 

Year 
2021 0.950818 
2022 0.945654 
2023 0.917726 
2024 0.898291 
2025 0.882254 
2026 0.876523 
2027 0.845383 
2028 0.815939 
2029 0.79168 
2030 0.770645 
2031 0.751357 
2032 0.735073 
2033 0.721548 
2034 0.710485 

Alternative 7 TACs
     Model_1_goa_re_2021.dat 

Year 
2021  NA 
2022 0.945654 
2023 0.917726 
2024 0.898291 
2025 0.882254 
2026 0.876523 
2027 0.845383 
2028 0.815939 
2029 0.79168 
2030 0.770645 
2031 0.751357 
2032 0.735073 
2033 0.721548 
2034 0.710485 

Alternative 7 Sp_Biomass
     Model_1_goa_re_2021.dat 
Equil_Fabc 5.91051 
Year 
2021 8.68089 
2022 8.56467 
2023 8.36898 
2024 8.15025 
2025 7.91858 
2026 7.7001 
2027 7.48642 
2028 7.27746 
2029 7.07519 
2030 6.88207 
2031 6.70297 
2032 6.53301 
2033 6.38279 
2034 6.25247 

Alternative 7 Fishing Mortality
     Model_1_goa_re_2021.dat 
Equil_Fabc 0.0381281 
Year 
2021 0.0194333 
2022 0.0381281 
2023 0.0381281 
2024 0.0459618 
2025 0.0459618 
2026 0.0459618 
2027 0.0459618 
2028 0.0459618 
2029 0.0459618 
2030 0.0459618 
2031 0.0459618 
2032 0.0459618 
2033 0.0459618 
2034 0.0459618 

Alternative 7 Biomass
     Model_1_goa_re_2021.dat 

Year 
2021 26.1606 
2022 26.0373 
2023 25.5436 
2024 25.0903 
2025 24.524 
2026 23.9963 
2027 23.4956 
2028 23.0511 
2029 22.6567 
2030 22.3065 
2031 21.9954 
2032 21.7221 
2033 21.4806 
2034 21.2652 

Alternative 7 Implied SPR rate 
     Model_1_goa_re_2021.dat 
Equil_Fabc 0.4 
Year 
2021 0.583304 
2022 0.4 
2023 0.4 
2024 0.35 
2025 0.35 
2026 0.35 
2027 0.35 
2028 0.35 
2029 0.35 
2030 0.35 
2031 0.35 
2032 0.35 
2033 0.35 
2034 0.35 

  Model_1_goa_re_2021.dat 
EquilAvgAgeF0  24.2723 
EquilAvgAgeFabc  15.4863 
AvgAgeYr2034 16.8041 
