Model_1_goa_re_2021.dat 1 2021 Cabc 0.574153
Model_1_goa_re_2021.dat 1 2021 Cofl 0.615453
Model_1_goa_re_2021.dat 1 2021 CLCI 0.407204
Model_1_goa_re_2021.dat 1 2021 CUCI 0.407204
Model_1_goa_re_2021.dat 1 2021 CMedian 0.407204
Model_1_goa_re_2021.dat 1 2021 CMean 0.407204
Model_1_goa_re_2021.dat 1 2022 Cabc 0.574153
Model_1_goa_re_2021.dat 1 2022 Cofl 0.615453
Model_1_goa_re_2021.dat 1 2022 CLCI 0.494063
Model_1_goa_re_2021.dat 1 2022 CUCI 0.494063
Model_1_goa_re_2021.dat 1 2022 CMedian 0.494063
Model_1_goa_re_2021.dat 1 2022 CMean 0.494063
Model_1_goa_re_2021.dat 1 2023 Cabc 0.574153
Model_1_goa_re_2021.dat 1 2023 Cofl 0.615453
Model_1_goa_re_2021.dat 1 2023 CLCI 0.774782
Model_1_goa_re_2021.dat 1 2023 CUCI 0.774788
Model_1_goa_re_2021.dat 1 2023 CMedian 0.774784
Model_1_goa_re_2021.dat 1 2023 CMean 0.774785
Model_1_goa_re_2021.dat 1 2024 Cabc 0.574153
Model_1_goa_re_2021.dat 1 2024 Cofl 0.615453
Model_1_goa_re_2021.dat 1 2024 CLCI 0.758019
Model_1_goa_re_2021.dat 1 2024 CUCI 0.758046
Model_1_goa_re_2021.dat 1 2024 CMedian 0.758029
Model_1_goa_re_2021.dat 1 2024 CMean 0.75803
Model_1_goa_re_2021.dat 1 2025 Cabc 0.574153
Model_1_goa_re_2021.dat 1 2025 Cofl 0.615453
Model_1_goa_re_2021.dat 1 2025 CLCI 0.749512
Model_1_goa_re_2021.dat 1 2025 CUCI 0.749613
Model_1_goa_re_2021.dat 1 2025 CMedian 0.749551
Model_1_goa_re_2021.dat 1 2025 CMean 0.749555
Model_1_goa_re_2021.dat 1 2026 Cabc 0.574153
Model_1_goa_re_2021.dat 1 2026 Cofl 0.615453
Model_1_goa_re_2021.dat 1 2026 CLCI 0.749237
Model_1_goa_re_2021.dat 1 2026 CUCI 0.749561
Model_1_goa_re_2021.dat 1 2026 CMedian 0.749362
Model_1_goa_re_2021.dat 1 2026 CMean 0.749374
Model_1_goa_re_2021.dat 1 2027 Cabc 0.574153
Model_1_goa_re_2021.dat 1 2027 Cofl 0.615453
Model_1_goa_re_2021.dat 1 2027 CLCI 0.727293
Model_1_goa_re_2021.dat 1 2027 CUCI 0.728157
Model_1_goa_re_2021.dat 1 2027 CMedian 0.727625
Model_1_goa_re_2021.dat 1 2027 CMean 0.727662
Model_1_goa_re_2021.dat 1 2028 Cabc 0.574153
Model_1_goa_re_2021.dat 1 2028 Cofl 0.615453
Model_1_goa_re_2021.dat 1 2028 CLCI 0.706118
Model_1_goa_re_2021.dat 1 2028 CUCI 0.707933
Model_1_goa_re_2021.dat 1 2028 CMedian 0.70683
Model_1_goa_re_2021.dat 1 2028 CMean 0.706919
Model_1_goa_re_2021.dat 1 2029 Cabc 0.574153
Model_1_goa_re_2021.dat 1 2029 Cofl 0.615453
Model_1_goa_re_2021.dat 1 2029 CLCI 0.68879
Model_1_goa_re_2021.dat 1 2029 CUCI 0.691809
Model_1_goa_re_2021.dat 1 2029 CMedian 0.689967
Model_1_goa_re_2021.dat 1 2029 CMean 0.690095
Model_1_goa_re_2021.dat 1 2030 Cabc 0.574153
Model_1_goa_re_2021.dat 1 2030 Cofl 0.615453
Model_1_goa_re_2021.dat 1 2030 CLCI 0.673806
Model_1_goa_re_2021.dat 1 2030 CUCI 0.677717
Model_1_goa_re_2021.dat 1 2030 CMedian 0.675495
Model_1_goa_re_2021.dat 1 2030 CMean 0.675604
Model_1_goa_re_2021.dat 1 2031 Cabc 0.574153
Model_1_goa_re_2021.dat 1 2031 Cofl 0.615453
Model_1_goa_re_2021.dat 1 2031 CLCI 0.660054
Model_1_goa_re_2021.dat 1 2031 CUCI 0.664736
Model_1_goa_re_2021.dat 1 2031 CMedian 0.662136
Model_1_goa_re_2021.dat 1 2031 CMean 0.662248
Model_1_goa_re_2021.dat 1 2032 Cabc 0.574153
Model_1_goa_re_2021.dat 1 2032 Cofl 0.615453
Model_1_goa_re_2021.dat 1 2032 CLCI 0.648567
Model_1_goa_re_2021.dat 1 2032 CUCI 0.653968
Model_1_goa_re_2021.dat 1 2032 CMedian 0.651
Model_1_goa_re_2021.dat 1 2032 CMean 0.651109
Model_1_goa_re_2021.dat 1 2033 Cabc 0.574153
Model_1_goa_re_2021.dat 1 2033 Cofl 0.615453
Model_1_goa_re_2021.dat 1 2033 CLCI 0.638771
Model_1_goa_re_2021.dat 1 2033 CUCI 0.646004
Model_1_goa_re_2021.dat 1 2033 CMedian 0.641948
Model_1_goa_re_2021.dat 1 2033 CMean 0.642017
Model_1_goa_re_2021.dat 1 2034 Cabc 0.574153
Model_1_goa_re_2021.dat 1 2034 Cofl 0.615453
Model_1_goa_re_2021.dat 1 2034 CLCI 0.629187
Model_1_goa_re_2021.dat 1 2034 CUCI 0.641994
Model_1_goa_re_2021.dat 1 2034 CMedian 0.63425
Model_1_goa_re_2021.dat 1 2034 CMean 0.634755
Model_1_goa_re_2021.dat 1 2021 SSBF100 14.7763
Model_1_goa_re_2021.dat 1 2021 SSBFabc 5.91051
Model_1_goa_re_2021.dat 1 2021 SSBFofl 5.1717
Model_1_goa_re_2021.dat 1 2021 SSBLCI 8.68089
Model_1_goa_re_2021.dat 1 2021 SSBUCI 8.68089
Model_1_goa_re_2021.dat 1 2021 SSBMedian 8.68089
Model_1_goa_re_2021.dat 1 2021 SSBMean 8.68089
Model_1_goa_re_2021.dat 1 2022 SSBF100 14.7763
Model_1_goa_re_2021.dat 1 2022 SSBFabc 5.91051
Model_1_goa_re_2021.dat 1 2022 SSBFofl 5.1717
Model_1_goa_re_2021.dat 1 2022 SSBLCI 8.61534
Model_1_goa_re_2021.dat 1 2022 SSBUCI 8.61534
Model_1_goa_re_2021.dat 1 2022 SSBMedian 8.61534
Model_1_goa_re_2021.dat 1 2022 SSBMean 8.61534
Model_1_goa_re_2021.dat 1 2023 SSBF100 14.7763
Model_1_goa_re_2021.dat 1 2023 SSBFabc 5.91051
Model_1_goa_re_2021.dat 1 2023 SSBFofl 5.1717
Model_1_goa_re_2021.dat 1 2023 SSBLCI 8.48698
Model_1_goa_re_2021.dat 1 2023 SSBUCI 8.48698
Model_1_goa_re_2021.dat 1 2023 SSBMedian 8.48698
Model_1_goa_re_2021.dat 1 2023 SSBMean 8.48698
Model_1_goa_re_2021.dat 1 2024 SSBF100 14.7763
Model_1_goa_re_2021.dat 1 2024 SSBFabc 5.91051
Model_1_goa_re_2021.dat 1 2024 SSBFofl 5.1717
Model_1_goa_re_2021.dat 1 2024 SSBLCI 8.2898
Model_1_goa_re_2021.dat 1 2024 SSBUCI 8.2898
Model_1_goa_re_2021.dat 1 2024 SSBMedian 8.2898
Model_1_goa_re_2021.dat 1 2024 SSBMean 8.2898
Model_1_goa_re_2021.dat 1 2025 SSBF100 14.7763
Model_1_goa_re_2021.dat 1 2025 SSBFabc 5.91051
Model_1_goa_re_2021.dat 1 2025 SSBFofl 5.1717
Model_1_goa_re_2021.dat 1 2025 SSBLCI 8.1131
Model_1_goa_re_2021.dat 1 2025 SSBUCI 8.1131
Model_1_goa_re_2021.dat 1 2025 SSBMedian 8.1131
Model_1_goa_re_2021.dat 1 2025 SSBMean 8.1131
Model_1_goa_re_2021.dat 1 2026 SSBF100 14.7763
Model_1_goa_re_2021.dat 1 2026 SSBFabc 5.91051
Model_1_goa_re_2021.dat 1 2026 SSBFofl 5.1717
Model_1_goa_re_2021.dat 1 2026 SSBLCI 7.94573
Model_1_goa_re_2021.dat 1 2026 SSBUCI 7.94594
Model_1_goa_re_2021.dat 1 2026 SSBMedian 7.94581
Model_1_goa_re_2021.dat 1 2026 SSBMean 7.94582
Model_1_goa_re_2021.dat 1 2027 SSBF100 14.7763
Model_1_goa_re_2021.dat 1 2027 SSBFabc 5.91051
Model_1_goa_re_2021.dat 1 2027 SSBFofl 5.1717
Model_1_goa_re_2021.dat 1 2027 SSBLCI 7.77947
Model_1_goa_re_2021.dat 1 2027 SSBUCI 7.77999
Model_1_goa_re_2021.dat 1 2027 SSBMedian 7.77967
Model_1_goa_re_2021.dat 1 2027 SSBMean 7.7797
Model_1_goa_re_2021.dat 1 2028 SSBF100 14.7763
Model_1_goa_re_2021.dat 1 2028 SSBFabc 5.91051
Model_1_goa_re_2021.dat 1 2028 SSBFofl 5.1717
Model_1_goa_re_2021.dat 1 2028 SSBLCI 7.61377
Model_1_goa_re_2021.dat 1 2028 SSBUCI 7.61499
Model_1_goa_re_2021.dat 1 2028 SSBMedian 7.61426
Model_1_goa_re_2021.dat 1 2028 SSBMean 7.61431
Model_1_goa_re_2021.dat 1 2029 SSBF100 14.7763
Model_1_goa_re_2021.dat 1 2029 SSBFabc 5.91051
Model_1_goa_re_2021.dat 1 2029 SSBFofl 5.1717
Model_1_goa_re_2021.dat 1 2029 SSBLCI 7.4502
Model_1_goa_re_2021.dat 1 2029 SSBUCI 7.45366
Model_1_goa_re_2021.dat 1 2029 SSBMedian 7.45153
Model_1_goa_re_2021.dat 1 2029 SSBMean 7.45166
Model_1_goa_re_2021.dat 1 2030 SSBF100 14.7763
Model_1_goa_re_2021.dat 1 2030 SSBFabc 5.91051
Model_1_goa_re_2021.dat 1 2030 SSBFofl 5.1717
Model_1_goa_re_2021.dat 1 2030 SSBLCI 7.29059
Model_1_goa_re_2021.dat 1 2030 SSBUCI 7.29942
Model_1_goa_re_2021.dat 1 2030 SSBMedian 7.29398
Model_1_goa_re_2021.dat 1 2030 SSBMean 7.29437
Model_1_goa_re_2021.dat 1 2031 SSBF100 14.7763
Model_1_goa_re_2021.dat 1 2031 SSBFabc 5.91051
Model_1_goa_re_2021.dat 1 2031 SSBFofl 5.1717
Model_1_goa_re_2021.dat 1 2031 SSBLCI 7.13937
Model_1_goa_re_2021.dat 1 2031 SSBUCI 7.15831
Model_1_goa_re_2021.dat 1 2031 SSBMedian 7.14672
Model_1_goa_re_2021.dat 1 2031 SSBMean 7.14766
Model_1_goa_re_2021.dat 1 2032 SSBF100 14.7763
Model_1_goa_re_2021.dat 1 2032 SSBFabc 5.91051
Model_1_goa_re_2021.dat 1 2032 SSBFofl 5.1717
Model_1_goa_re_2021.dat 1 2032 SSBLCI 6.98983
Model_1_goa_re_2021.dat 1 2032 SSBUCI 7.02765
Model_1_goa_re_2021.dat 1 2032 SSBMedian 7.00451
Model_1_goa_re_2021.dat 1 2032 SSBMean 7.00625
Model_1_goa_re_2021.dat 1 2033 SSBF100 14.7763
Model_1_goa_re_2021.dat 1 2033 SSBFabc 5.91051
Model_1_goa_re_2021.dat 1 2033 SSBFofl 5.1717
Model_1_goa_re_2021.dat 1 2033 SSBLCI 6.85227
Model_1_goa_re_2021.dat 1 2033 SSBUCI 6.92065
Model_1_goa_re_2021.dat 1 2033 SSBMedian 6.87849
Model_1_goa_re_2021.dat 1 2033 SSBMean 6.88177
Model_1_goa_re_2021.dat 1 2034 SSBF100 14.7763
Model_1_goa_re_2021.dat 1 2034 SSBFabc 5.91051
Model_1_goa_re_2021.dat 1 2034 SSBFofl 5.1717
Model_1_goa_re_2021.dat 1 2034 SSBLCI 6.72439
Model_1_goa_re_2021.dat 1 2034 SSBUCI 6.83911
Model_1_goa_re_2021.dat 1 2034 SSBMedian 6.77036
Model_1_goa_re_2021.dat 1 2034 SSBMean 6.77472
Model_1_goa_re_2021.dat 1 2021 F0 0 
Model_1_goa_re_2021.dat 1 2021 Fabc 0.0381281
Model_1_goa_re_2021.dat 1 2021 Fofl 0.0459618
Model_1_goa_re_2021.dat 1 2021  F_LCI 0.0194333
Model_1_goa_re_2021.dat 1 2021  F_UCI 0.0194333
Model_1_goa_re_2021.dat 1 2021  F_Median 0.0194333
Model_1_goa_re_2021.dat 1 2021  F_Mean 0.0194333
Model_1_goa_re_2021.dat 1 2022 F0 0 
Model_1_goa_re_2021.dat 1 2022 Fabc 0.0381281
Model_1_goa_re_2021.dat 1 2022 Fofl 0.0459618
Model_1_goa_re_2021.dat 1 2022  F_LCI 0.0237564
Model_1_goa_re_2021.dat 1 2022  F_UCI 0.0237565
Model_1_goa_re_2021.dat 1 2022  F_Median 0.0237565
Model_1_goa_re_2021.dat 1 2022  F_Mean 0.0237565
Model_1_goa_re_2021.dat 1 2023 F0 0 
Model_1_goa_re_2021.dat 1 2023 Fabc 0.0381281
Model_1_goa_re_2021.dat 1 2023 Fofl 0.0459618
Model_1_goa_re_2021.dat 1 2023  F_LCI 0.0381281
Model_1_goa_re_2021.dat 1 2023  F_UCI 0.0381281
Model_1_goa_re_2021.dat 1 2023  F_Median 0.0381281
Model_1_goa_re_2021.dat 1 2023  F_Mean 0.0381281
Model_1_goa_re_2021.dat 1 2024 F0 0 
Model_1_goa_re_2021.dat 1 2024 Fabc 0.0381281
Model_1_goa_re_2021.dat 1 2024 Fofl 0.0459618
Model_1_goa_re_2021.dat 1 2024  F_LCI 0.0381281
Model_1_goa_re_2021.dat 1 2024  F_UCI 0.0381281
Model_1_goa_re_2021.dat 1 2024  F_Median 0.0381281
Model_1_goa_re_2021.dat 1 2024  F_Mean 0.0381281
Model_1_goa_re_2021.dat 1 2025 F0 0 
Model_1_goa_re_2021.dat 1 2025 Fabc 0.0381281
Model_1_goa_re_2021.dat 1 2025 Fofl 0.0459618
Model_1_goa_re_2021.dat 1 2025  F_LCI 0.0381281
Model_1_goa_re_2021.dat 1 2025  F_UCI 0.0381281
Model_1_goa_re_2021.dat 1 2025  F_Median 0.0381281
Model_1_goa_re_2021.dat 1 2025  F_Mean 0.0381281
Model_1_goa_re_2021.dat 1 2026 F0 0 
Model_1_goa_re_2021.dat 1 2026 Fabc 0.0381281
Model_1_goa_re_2021.dat 1 2026 Fofl 0.0459618
Model_1_goa_re_2021.dat 1 2026  F_LCI 0.0381281
Model_1_goa_re_2021.dat 1 2026  F_UCI 0.0381281
Model_1_goa_re_2021.dat 1 2026  F_Median 0.0381281
Model_1_goa_re_2021.dat 1 2026  F_Mean 0.0381281
Model_1_goa_re_2021.dat 1 2027 F0 0 
Model_1_goa_re_2021.dat 1 2027 Fabc 0.0381281
Model_1_goa_re_2021.dat 1 2027 Fofl 0.0459618
Model_1_goa_re_2021.dat 1 2027  F_LCI 0.0381281
Model_1_goa_re_2021.dat 1 2027  F_UCI 0.0381281
Model_1_goa_re_2021.dat 1 2027  F_Median 0.0381281
Model_1_goa_re_2021.dat 1 2027  F_Mean 0.0381281
Model_1_goa_re_2021.dat 1 2028 F0 0 
Model_1_goa_re_2021.dat 1 2028 Fabc 0.0381281
Model_1_goa_re_2021.dat 1 2028 Fofl 0.0459618
Model_1_goa_re_2021.dat 1 2028  F_LCI 0.0381281
Model_1_goa_re_2021.dat 1 2028  F_UCI 0.0381281
Model_1_goa_re_2021.dat 1 2028  F_Median 0.0381281
Model_1_goa_re_2021.dat 1 2028  F_Mean 0.0381281
Model_1_goa_re_2021.dat 1 2029 F0 0 
Model_1_goa_re_2021.dat 1 2029 Fabc 0.0381281
Model_1_goa_re_2021.dat 1 2029 Fofl 0.0459618
Model_1_goa_re_2021.dat 1 2029  F_LCI 0.0381281
Model_1_goa_re_2021.dat 1 2029  F_UCI 0.0381281
Model_1_goa_re_2021.dat 1 2029  F_Median 0.0381281
Model_1_goa_re_2021.dat 1 2029  F_Mean 0.0381281
Model_1_goa_re_2021.dat 1 2030 F0 0 
Model_1_goa_re_2021.dat 1 2030 Fabc 0.0381281
Model_1_goa_re_2021.dat 1 2030 Fofl 0.0459618
Model_1_goa_re_2021.dat 1 2030  F_LCI 0.0381281
Model_1_goa_re_2021.dat 1 2030  F_UCI 0.0381281
Model_1_goa_re_2021.dat 1 2030  F_Median 0.0381281
Model_1_goa_re_2021.dat 1 2030  F_Mean 0.0381281
Model_1_goa_re_2021.dat 1 2031 F0 0 
Model_1_goa_re_2021.dat 1 2031 Fabc 0.0381281
Model_1_goa_re_2021.dat 1 2031 Fofl 0.0459618
Model_1_goa_re_2021.dat 1 2031  F_LCI 0.0381281
Model_1_goa_re_2021.dat 1 2031  F_UCI 0.0381281
Model_1_goa_re_2021.dat 1 2031  F_Median 0.0381281
Model_1_goa_re_2021.dat 1 2031  F_Mean 0.0381281
Model_1_goa_re_2021.dat 1 2032 F0 0 
Model_1_goa_re_2021.dat 1 2032 Fabc 0.0381281
Model_1_goa_re_2021.dat 1 2032 Fofl 0.0459618
Model_1_goa_re_2021.dat 1 2032  F_LCI 0.0381281
Model_1_goa_re_2021.dat 1 2032  F_UCI 0.0381281
Model_1_goa_re_2021.dat 1 2032  F_Median 0.0381281
Model_1_goa_re_2021.dat 1 2032  F_Mean 0.0381281
Model_1_goa_re_2021.dat 1 2033 F0 0 
Model_1_goa_re_2021.dat 1 2033 Fabc 0.0381281
Model_1_goa_re_2021.dat 1 2033 Fofl 0.0459618
Model_1_goa_re_2021.dat 1 2033  F_LCI 0.0381281
Model_1_goa_re_2021.dat 1 2033  F_UCI 0.0381281
Model_1_goa_re_2021.dat 1 2033  F_Median 0.0381281
Model_1_goa_re_2021.dat 1 2033  F_Mean 0.0381281
Model_1_goa_re_2021.dat 1 2034 F0 0 
Model_1_goa_re_2021.dat 1 2034 Fabc 0.0381281
Model_1_goa_re_2021.dat 1 2034 Fofl 0.0459618
Model_1_goa_re_2021.dat 1 2034  F_LCI 0.0381281
Model_1_goa_re_2021.dat 1 2034  F_UCI 0.0381281
Model_1_goa_re_2021.dat 1 2034  F_Median 0.0381281
Model_1_goa_re_2021.dat 1 2034  F_Mean 0.0381281
Model_1_goa_re_2021.dat 2 2021 Cabc 0.574153
Model_1_goa_re_2021.dat 2 2021 Cofl 0.615453
Model_1_goa_re_2021.dat 2 2021 CLCI 0.407204
Model_1_goa_re_2021.dat 2 2021 CUCI 0.407204
Model_1_goa_re_2021.dat 2 2021 CMedian 0.407204
Model_1_goa_re_2021.dat 2 2021 CMean 0.407204
Model_1_goa_re_2021.dat 2 2022 Cabc 0.574153
Model_1_goa_re_2021.dat 2 2022 Cofl 0.615453
Model_1_goa_re_2021.dat 2 2022 CLCI 0.494063
Model_1_goa_re_2021.dat 2 2022 CUCI 0.494063
Model_1_goa_re_2021.dat 2 2022 CMedian 0.494063
Model_1_goa_re_2021.dat 2 2022 CMean 0.494063
Model_1_goa_re_2021.dat 2 2023 Cabc 0.574153
Model_1_goa_re_2021.dat 2 2023 Cofl 0.615453
Model_1_goa_re_2021.dat 2 2023 CLCI 0.774782
Model_1_goa_re_2021.dat 2 2023 CUCI 0.774788
Model_1_goa_re_2021.dat 2 2023 CMedian 0.774784
Model_1_goa_re_2021.dat 2 2023 CMean 0.774785
Model_1_goa_re_2021.dat 2 2024 Cabc 0.574153
Model_1_goa_re_2021.dat 2 2024 Cofl 0.615453
Model_1_goa_re_2021.dat 2 2024 CLCI 0.758019
Model_1_goa_re_2021.dat 2 2024 CUCI 0.758046
Model_1_goa_re_2021.dat 2 2024 CMedian 0.758029
Model_1_goa_re_2021.dat 2 2024 CMean 0.75803
Model_1_goa_re_2021.dat 2 2025 Cabc 0.574153
Model_1_goa_re_2021.dat 2 2025 Cofl 0.615453
Model_1_goa_re_2021.dat 2 2025 CLCI 0.749512
Model_1_goa_re_2021.dat 2 2025 CUCI 0.749613
Model_1_goa_re_2021.dat 2 2025 CMedian 0.749551
Model_1_goa_re_2021.dat 2 2025 CMean 0.749555
Model_1_goa_re_2021.dat 2 2026 Cabc 0.574153
Model_1_goa_re_2021.dat 2 2026 Cofl 0.615453
Model_1_goa_re_2021.dat 2 2026 CLCI 0.749237
Model_1_goa_re_2021.dat 2 2026 CUCI 0.749561
Model_1_goa_re_2021.dat 2 2026 CMedian 0.749362
Model_1_goa_re_2021.dat 2 2026 CMean 0.749374
Model_1_goa_re_2021.dat 2 2027 Cabc 0.574153
Model_1_goa_re_2021.dat 2 2027 Cofl 0.615453
Model_1_goa_re_2021.dat 2 2027 CLCI 0.727293
Model_1_goa_re_2021.dat 2 2027 CUCI 0.728157
Model_1_goa_re_2021.dat 2 2027 CMedian 0.727625
Model_1_goa_re_2021.dat 2 2027 CMean 0.727662
Model_1_goa_re_2021.dat 2 2028 Cabc 0.574153
Model_1_goa_re_2021.dat 2 2028 Cofl 0.615453
Model_1_goa_re_2021.dat 2 2028 CLCI 0.706118
Model_1_goa_re_2021.dat 2 2028 CUCI 0.707933
Model_1_goa_re_2021.dat 2 2028 CMedian 0.70683
Model_1_goa_re_2021.dat 2 2028 CMean 0.706919
Model_1_goa_re_2021.dat 2 2029 Cabc 0.574153
Model_1_goa_re_2021.dat 2 2029 Cofl 0.615453
Model_1_goa_re_2021.dat 2 2029 CLCI 0.68879
Model_1_goa_re_2021.dat 2 2029 CUCI 0.691809
Model_1_goa_re_2021.dat 2 2029 CMedian 0.689967
Model_1_goa_re_2021.dat 2 2029 CMean 0.690095
Model_1_goa_re_2021.dat 2 2030 Cabc 0.574153
Model_1_goa_re_2021.dat 2 2030 Cofl 0.615453
Model_1_goa_re_2021.dat 2 2030 CLCI 0.673806
Model_1_goa_re_2021.dat 2 2030 CUCI 0.677717
Model_1_goa_re_2021.dat 2 2030 CMedian 0.675495
Model_1_goa_re_2021.dat 2 2030 CMean 0.675604
Model_1_goa_re_2021.dat 2 2031 Cabc 0.574153
Model_1_goa_re_2021.dat 2 2031 Cofl 0.615453
Model_1_goa_re_2021.dat 2 2031 CLCI 0.660054
Model_1_goa_re_2021.dat 2 2031 CUCI 0.664736
Model_1_goa_re_2021.dat 2 2031 CMedian 0.662136
Model_1_goa_re_2021.dat 2 2031 CMean 0.662248
Model_1_goa_re_2021.dat 2 2032 Cabc 0.574153
Model_1_goa_re_2021.dat 2 2032 Cofl 0.615453
Model_1_goa_re_2021.dat 2 2032 CLCI 0.648567
Model_1_goa_re_2021.dat 2 2032 CUCI 0.653968
Model_1_goa_re_2021.dat 2 2032 CMedian 0.651
Model_1_goa_re_2021.dat 2 2032 CMean 0.651109
Model_1_goa_re_2021.dat 2 2033 Cabc 0.574153
Model_1_goa_re_2021.dat 2 2033 Cofl 0.615453
Model_1_goa_re_2021.dat 2 2033 CLCI 0.638771
Model_1_goa_re_2021.dat 2 2033 CUCI 0.646004
Model_1_goa_re_2021.dat 2 2033 CMedian 0.641948
Model_1_goa_re_2021.dat 2 2033 CMean 0.642017
Model_1_goa_re_2021.dat 2 2034 Cabc 0.574153
Model_1_goa_re_2021.dat 2 2034 Cofl 0.615453
Model_1_goa_re_2021.dat 2 2034 CLCI 0.629187
Model_1_goa_re_2021.dat 2 2034 CUCI 0.641994
Model_1_goa_re_2021.dat 2 2034 CMedian 0.63425
Model_1_goa_re_2021.dat 2 2034 CMean 0.634755
Model_1_goa_re_2021.dat 2 2021 SSBF100 14.7763
Model_1_goa_re_2021.dat 2 2021 SSBFabc 5.91051
Model_1_goa_re_2021.dat 2 2021 SSBFofl 5.1717
Model_1_goa_re_2021.dat 2 2021 SSBLCI 8.68089
Model_1_goa_re_2021.dat 2 2021 SSBUCI 8.68089
Model_1_goa_re_2021.dat 2 2021 SSBMedian 8.68089
Model_1_goa_re_2021.dat 2 2021 SSBMean 8.68089
Model_1_goa_re_2021.dat 2 2022 SSBF100 14.7763
Model_1_goa_re_2021.dat 2 2022 SSBFabc 5.91051
Model_1_goa_re_2021.dat 2 2022 SSBFofl 5.1717
Model_1_goa_re_2021.dat 2 2022 SSBLCI 8.61534
Model_1_goa_re_2021.dat 2 2022 SSBUCI 8.61534
Model_1_goa_re_2021.dat 2 2022 SSBMedian 8.61534
Model_1_goa_re_2021.dat 2 2022 SSBMean 8.61534
Model_1_goa_re_2021.dat 2 2023 SSBF100 14.7763
Model_1_goa_re_2021.dat 2 2023 SSBFabc 5.91051
Model_1_goa_re_2021.dat 2 2023 SSBFofl 5.1717
Model_1_goa_re_2021.dat 2 2023 SSBLCI 8.48698
Model_1_goa_re_2021.dat 2 2023 SSBUCI 8.48698
Model_1_goa_re_2021.dat 2 2023 SSBMedian 8.48698
Model_1_goa_re_2021.dat 2 2023 SSBMean 8.48698
Model_1_goa_re_2021.dat 2 2024 SSBF100 14.7763
Model_1_goa_re_2021.dat 2 2024 SSBFabc 5.91051
Model_1_goa_re_2021.dat 2 2024 SSBFofl 5.1717
Model_1_goa_re_2021.dat 2 2024 SSBLCI 8.2898
Model_1_goa_re_2021.dat 2 2024 SSBUCI 8.2898
Model_1_goa_re_2021.dat 2 2024 SSBMedian 8.2898
Model_1_goa_re_2021.dat 2 2024 SSBMean 8.2898
Model_1_goa_re_2021.dat 2 2025 SSBF100 14.7763
Model_1_goa_re_2021.dat 2 2025 SSBFabc 5.91051
Model_1_goa_re_2021.dat 2 2025 SSBFofl 5.1717
Model_1_goa_re_2021.dat 2 2025 SSBLCI 8.1131
Model_1_goa_re_2021.dat 2 2025 SSBUCI 8.1131
Model_1_goa_re_2021.dat 2 2025 SSBMedian 8.1131
Model_1_goa_re_2021.dat 2 2025 SSBMean 8.1131
Model_1_goa_re_2021.dat 2 2026 SSBF100 14.7763
Model_1_goa_re_2021.dat 2 2026 SSBFabc 5.91051
Model_1_goa_re_2021.dat 2 2026 SSBFofl 5.1717
Model_1_goa_re_2021.dat 2 2026 SSBLCI 7.94573
Model_1_goa_re_2021.dat 2 2026 SSBUCI 7.94594
Model_1_goa_re_2021.dat 2 2026 SSBMedian 7.94581
Model_1_goa_re_2021.dat 2 2026 SSBMean 7.94582
Model_1_goa_re_2021.dat 2 2027 SSBF100 14.7763
Model_1_goa_re_2021.dat 2 2027 SSBFabc 5.91051
Model_1_goa_re_2021.dat 2 2027 SSBFofl 5.1717
Model_1_goa_re_2021.dat 2 2027 SSBLCI 7.77947
Model_1_goa_re_2021.dat 2 2027 SSBUCI 7.77999
Model_1_goa_re_2021.dat 2 2027 SSBMedian 7.77967
Model_1_goa_re_2021.dat 2 2027 SSBMean 7.7797
Model_1_goa_re_2021.dat 2 2028 SSBF100 14.7763
Model_1_goa_re_2021.dat 2 2028 SSBFabc 5.91051
Model_1_goa_re_2021.dat 2 2028 SSBFofl 5.1717
Model_1_goa_re_2021.dat 2 2028 SSBLCI 7.61377
Model_1_goa_re_2021.dat 2 2028 SSBUCI 7.61499
Model_1_goa_re_2021.dat 2 2028 SSBMedian 7.61426
Model_1_goa_re_2021.dat 2 2028 SSBMean 7.61431
Model_1_goa_re_2021.dat 2 2029 SSBF100 14.7763
Model_1_goa_re_2021.dat 2 2029 SSBFabc 5.91051
Model_1_goa_re_2021.dat 2 2029 SSBFofl 5.1717
Model_1_goa_re_2021.dat 2 2029 SSBLCI 7.4502
Model_1_goa_re_2021.dat 2 2029 SSBUCI 7.45366
Model_1_goa_re_2021.dat 2 2029 SSBMedian 7.45153
Model_1_goa_re_2021.dat 2 2029 SSBMean 7.45166
Model_1_goa_re_2021.dat 2 2030 SSBF100 14.7763
Model_1_goa_re_2021.dat 2 2030 SSBFabc 5.91051
Model_1_goa_re_2021.dat 2 2030 SSBFofl 5.1717
Model_1_goa_re_2021.dat 2 2030 SSBLCI 7.29059
Model_1_goa_re_2021.dat 2 2030 SSBUCI 7.29942
Model_1_goa_re_2021.dat 2 2030 SSBMedian 7.29398
Model_1_goa_re_2021.dat 2 2030 SSBMean 7.29437
Model_1_goa_re_2021.dat 2 2031 SSBF100 14.7763
Model_1_goa_re_2021.dat 2 2031 SSBFabc 5.91051
Model_1_goa_re_2021.dat 2 2031 SSBFofl 5.1717
Model_1_goa_re_2021.dat 2 2031 SSBLCI 7.13937
Model_1_goa_re_2021.dat 2 2031 SSBUCI 7.15831
Model_1_goa_re_2021.dat 2 2031 SSBMedian 7.14672
Model_1_goa_re_2021.dat 2 2031 SSBMean 7.14766
Model_1_goa_re_2021.dat 2 2032 SSBF100 14.7763
Model_1_goa_re_2021.dat 2 2032 SSBFabc 5.91051
Model_1_goa_re_2021.dat 2 2032 SSBFofl 5.1717
Model_1_goa_re_2021.dat 2 2032 SSBLCI 6.98983
Model_1_goa_re_2021.dat 2 2032 SSBUCI 7.02765
Model_1_goa_re_2021.dat 2 2032 SSBMedian 7.00451
Model_1_goa_re_2021.dat 2 2032 SSBMean 7.00625
Model_1_goa_re_2021.dat 2 2033 SSBF100 14.7763
Model_1_goa_re_2021.dat 2 2033 SSBFabc 5.91051
Model_1_goa_re_2021.dat 2 2033 SSBFofl 5.1717
Model_1_goa_re_2021.dat 2 2033 SSBLCI 6.85227
Model_1_goa_re_2021.dat 2 2033 SSBUCI 6.92065
Model_1_goa_re_2021.dat 2 2033 SSBMedian 6.87849
Model_1_goa_re_2021.dat 2 2033 SSBMean 6.88177
Model_1_goa_re_2021.dat 2 2034 SSBF100 14.7763
Model_1_goa_re_2021.dat 2 2034 SSBFabc 5.91051
Model_1_goa_re_2021.dat 2 2034 SSBFofl 5.1717
Model_1_goa_re_2021.dat 2 2034 SSBLCI 6.72439
Model_1_goa_re_2021.dat 2 2034 SSBUCI 6.83911
Model_1_goa_re_2021.dat 2 2034 SSBMedian 6.77036
Model_1_goa_re_2021.dat 2 2034 SSBMean 6.77472
Model_1_goa_re_2021.dat 2 2021 F0 0 
Model_1_goa_re_2021.dat 2 2021 Fabc 0.0381281
Model_1_goa_re_2021.dat 2 2021 Fofl 0.0459618
Model_1_goa_re_2021.dat 2 2021  F_LCI 0.0194333
Model_1_goa_re_2021.dat 2 2021  F_UCI 0.0194333
Model_1_goa_re_2021.dat 2 2021  F_Median 0.0194333
Model_1_goa_re_2021.dat 2 2021  F_Mean 0.0194333
Model_1_goa_re_2021.dat 2 2022 F0 0 
Model_1_goa_re_2021.dat 2 2022 Fabc 0.0381281
Model_1_goa_re_2021.dat 2 2022 Fofl 0.0459618
Model_1_goa_re_2021.dat 2 2022  F_LCI 0.0237564
Model_1_goa_re_2021.dat 2 2022  F_UCI 0.0237565
Model_1_goa_re_2021.dat 2 2022  F_Median 0.0237565
Model_1_goa_re_2021.dat 2 2022  F_Mean 0.0237565
Model_1_goa_re_2021.dat 2 2023 F0 0 
Model_1_goa_re_2021.dat 2 2023 Fabc 0.0381281
Model_1_goa_re_2021.dat 2 2023 Fofl 0.0459618
Model_1_goa_re_2021.dat 2 2023  F_LCI 0.0381281
Model_1_goa_re_2021.dat 2 2023  F_UCI 0.0381281
Model_1_goa_re_2021.dat 2 2023  F_Median 0.0381281
Model_1_goa_re_2021.dat 2 2023  F_Mean 0.0381281
Model_1_goa_re_2021.dat 2 2024 F0 0 
Model_1_goa_re_2021.dat 2 2024 Fabc 0.0381281
Model_1_goa_re_2021.dat 2 2024 Fofl 0.0459618
Model_1_goa_re_2021.dat 2 2024  F_LCI 0.0381281
Model_1_goa_re_2021.dat 2 2024  F_UCI 0.0381281
Model_1_goa_re_2021.dat 2 2024  F_Median 0.0381281
Model_1_goa_re_2021.dat 2 2024  F_Mean 0.0381281
Model_1_goa_re_2021.dat 2 2025 F0 0 
Model_1_goa_re_2021.dat 2 2025 Fabc 0.0381281
Model_1_goa_re_2021.dat 2 2025 Fofl 0.0459618
Model_1_goa_re_2021.dat 2 2025  F_LCI 0.0381281
Model_1_goa_re_2021.dat 2 2025  F_UCI 0.0381281
Model_1_goa_re_2021.dat 2 2025  F_Median 0.0381281
Model_1_goa_re_2021.dat 2 2025  F_Mean 0.0381281
Model_1_goa_re_2021.dat 2 2026 F0 0 
Model_1_goa_re_2021.dat 2 2026 Fabc 0.0381281
Model_1_goa_re_2021.dat 2 2026 Fofl 0.0459618
Model_1_goa_re_2021.dat 2 2026  F_LCI 0.0381281
Model_1_goa_re_2021.dat 2 2026  F_UCI 0.0381281
Model_1_goa_re_2021.dat 2 2026  F_Median 0.0381281
Model_1_goa_re_2021.dat 2 2026  F_Mean 0.0381281
Model_1_goa_re_2021.dat 2 2027 F0 0 
Model_1_goa_re_2021.dat 2 2027 Fabc 0.0381281
Model_1_goa_re_2021.dat 2 2027 Fofl 0.0459618
Model_1_goa_re_2021.dat 2 2027  F_LCI 0.0381281
Model_1_goa_re_2021.dat 2 2027  F_UCI 0.0381281
Model_1_goa_re_2021.dat 2 2027  F_Median 0.0381281
Model_1_goa_re_2021.dat 2 2027  F_Mean 0.0381281
Model_1_goa_re_2021.dat 2 2028 F0 0 
Model_1_goa_re_2021.dat 2 2028 Fabc 0.0381281
Model_1_goa_re_2021.dat 2 2028 Fofl 0.0459618
Model_1_goa_re_2021.dat 2 2028  F_LCI 0.0381281
Model_1_goa_re_2021.dat 2 2028  F_UCI 0.0381281
Model_1_goa_re_2021.dat 2 2028  F_Median 0.0381281
Model_1_goa_re_2021.dat 2 2028  F_Mean 0.0381281
Model_1_goa_re_2021.dat 2 2029 F0 0 
Model_1_goa_re_2021.dat 2 2029 Fabc 0.0381281
Model_1_goa_re_2021.dat 2 2029 Fofl 0.0459618
Model_1_goa_re_2021.dat 2 2029  F_LCI 0.0381281
Model_1_goa_re_2021.dat 2 2029  F_UCI 0.0381281
Model_1_goa_re_2021.dat 2 2029  F_Median 0.0381281
Model_1_goa_re_2021.dat 2 2029  F_Mean 0.0381281
Model_1_goa_re_2021.dat 2 2030 F0 0 
Model_1_goa_re_2021.dat 2 2030 Fabc 0.0381281
Model_1_goa_re_2021.dat 2 2030 Fofl 0.0459618
Model_1_goa_re_2021.dat 2 2030  F_LCI 0.0381281
Model_1_goa_re_2021.dat 2 2030  F_UCI 0.0381281
Model_1_goa_re_2021.dat 2 2030  F_Median 0.0381281
Model_1_goa_re_2021.dat 2 2030  F_Mean 0.0381281
Model_1_goa_re_2021.dat 2 2031 F0 0 
Model_1_goa_re_2021.dat 2 2031 Fabc 0.0381281
Model_1_goa_re_2021.dat 2 2031 Fofl 0.0459618
Model_1_goa_re_2021.dat 2 2031  F_LCI 0.0381281
Model_1_goa_re_2021.dat 2 2031  F_UCI 0.0381281
Model_1_goa_re_2021.dat 2 2031  F_Median 0.0381281
Model_1_goa_re_2021.dat 2 2031  F_Mean 0.0381281
Model_1_goa_re_2021.dat 2 2032 F0 0 
Model_1_goa_re_2021.dat 2 2032 Fabc 0.0381281
Model_1_goa_re_2021.dat 2 2032 Fofl 0.0459618
Model_1_goa_re_2021.dat 2 2032  F_LCI 0.0381281
Model_1_goa_re_2021.dat 2 2032  F_UCI 0.0381281
Model_1_goa_re_2021.dat 2 2032  F_Median 0.0381281
Model_1_goa_re_2021.dat 2 2032  F_Mean 0.0381281
Model_1_goa_re_2021.dat 2 2033 F0 0 
Model_1_goa_re_2021.dat 2 2033 Fabc 0.0381281
Model_1_goa_re_2021.dat 2 2033 Fofl 0.0459618
Model_1_goa_re_2021.dat 2 2033  F_LCI 0.0381281
Model_1_goa_re_2021.dat 2 2033  F_UCI 0.0381281
Model_1_goa_re_2021.dat 2 2033  F_Median 0.0381281
Model_1_goa_re_2021.dat 2 2033  F_Mean 0.0381281
Model_1_goa_re_2021.dat 2 2034 F0 0 
Model_1_goa_re_2021.dat 2 2034 Fabc 0.0381281
Model_1_goa_re_2021.dat 2 2034 Fofl 0.0459618
Model_1_goa_re_2021.dat 2 2034  F_LCI 0.0381281
Model_1_goa_re_2021.dat 2 2034  F_UCI 0.0381281
Model_1_goa_re_2021.dat 2 2034  F_Median 0.0381281
Model_1_goa_re_2021.dat 2 2034  F_Mean 0.0381281
Model_1_goa_re_2021.dat 3 2021 Cabc 0.574153
Model_1_goa_re_2021.dat 3 2021 Cofl 0.615453
Model_1_goa_re_2021.dat 3 2021 CLCI 0.407204
Model_1_goa_re_2021.dat 3 2021 CUCI 0.407204
Model_1_goa_re_2021.dat 3 2021 CMedian 0.407204
Model_1_goa_re_2021.dat 3 2021 CMean 0.407204
Model_1_goa_re_2021.dat 3 2022 Cabc 0.574153
Model_1_goa_re_2021.dat 3 2022 Cofl 0.615453
Model_1_goa_re_2021.dat 3 2022 CLCI 0.494063
Model_1_goa_re_2021.dat 3 2022 CUCI 0.494063
Model_1_goa_re_2021.dat 3 2022 CMedian 0.494063
Model_1_goa_re_2021.dat 3 2022 CMean 0.494063
Model_1_goa_re_2021.dat 3 2023 Cabc 0.574153
Model_1_goa_re_2021.dat 3 2023 Cofl 0.615453
Model_1_goa_re_2021.dat 3 2023 CLCI 0.390976
Model_1_goa_re_2021.dat 3 2023 CUCI 0.390979
Model_1_goa_re_2021.dat 3 2023 CMedian 0.390977
Model_1_goa_re_2021.dat 3 2023 CMean 0.390977
Model_1_goa_re_2021.dat 3 2024 Cabc 0.574153
Model_1_goa_re_2021.dat 3 2024 Cofl 0.615453
Model_1_goa_re_2021.dat 3 2024 CLCI 0.389501
Model_1_goa_re_2021.dat 3 2024 CUCI 0.389514
Model_1_goa_re_2021.dat 3 2024 CMedian 0.389506
Model_1_goa_re_2021.dat 3 2024 CMean 0.389506
Model_1_goa_re_2021.dat 3 2025 Cabc 0.574153
Model_1_goa_re_2021.dat 3 2025 Cofl 0.615453
Model_1_goa_re_2021.dat 3 2025 CLCI 0.391811
Model_1_goa_re_2021.dat 3 2025 CUCI 0.391861
Model_1_goa_re_2021.dat 3 2025 CMedian 0.39183
Model_1_goa_re_2021.dat 3 2025 CMean 0.391832
Model_1_goa_re_2021.dat 3 2026 Cabc 0.574153
Model_1_goa_re_2021.dat 3 2026 Cofl 0.615453
Model_1_goa_re_2021.dat 3 2026 CLCI 0.39804
Model_1_goa_re_2021.dat 3 2026 CUCI 0.398202
Model_1_goa_re_2021.dat 3 2026 CMedian 0.398103
Model_1_goa_re_2021.dat 3 2026 CMean 0.398109
Model_1_goa_re_2021.dat 3 2027 Cabc 0.574153
Model_1_goa_re_2021.dat 3 2027 Cofl 0.615453
Model_1_goa_re_2021.dat 3 2027 CLCI 0.393008
Model_1_goa_re_2021.dat 3 2027 CUCI 0.393441
Model_1_goa_re_2021.dat 3 2027 CMedian 0.393174
Model_1_goa_re_2021.dat 3 2027 CMean 0.393193
Model_1_goa_re_2021.dat 3 2028 Cabc 0.574153
Model_1_goa_re_2021.dat 3 2028 Cofl 0.615453
Model_1_goa_re_2021.dat 3 2028 CLCI 0.38792
Model_1_goa_re_2021.dat 3 2028 CUCI 0.388829
Model_1_goa_re_2021.dat 3 2028 CMedian 0.388277
Model_1_goa_re_2021.dat 3 2028 CMean 0.388321
Model_1_goa_re_2021.dat 3 2029 Cabc 0.574153
Model_1_goa_re_2021.dat 3 2029 Cofl 0.615453
Model_1_goa_re_2021.dat 3 2029 CLCI 0.384365
Model_1_goa_re_2021.dat 3 2029 CUCI 0.385878
Model_1_goa_re_2021.dat 3 2029 CMedian 0.384955
Model_1_goa_re_2021.dat 3 2029 CMean 0.385019
Model_1_goa_re_2021.dat 3 2030 Cabc 0.574153
Model_1_goa_re_2021.dat 3 2030 Cofl 0.615453
Model_1_goa_re_2021.dat 3 2030 CLCI 0.381626
Model_1_goa_re_2021.dat 3 2030 CUCI 0.383589
Model_1_goa_re_2021.dat 3 2030 CMedian 0.382474
Model_1_goa_re_2021.dat 3 2030 CMean 0.382529
Model_1_goa_re_2021.dat 3 2031 Cabc 0.574153
Model_1_goa_re_2021.dat 3 2031 Cofl 0.615453
Model_1_goa_re_2021.dat 3 2031 CLCI 0.379161
Model_1_goa_re_2021.dat 3 2031 CUCI 0.381515
Model_1_goa_re_2021.dat 3 2031 CMedian 0.380207
Model_1_goa_re_2021.dat 3 2031 CMean 0.380263
Model_1_goa_re_2021.dat 3 2032 Cabc 0.574153
Model_1_goa_re_2021.dat 3 2032 Cofl 0.615453
Model_1_goa_re_2021.dat 3 2032 CLCI 0.37752
Model_1_goa_re_2021.dat 3 2032 CUCI 0.380239
Model_1_goa_re_2021.dat 3 2032 CMedian 0.378745
Model_1_goa_re_2021.dat 3 2032 CMean 0.378799
Model_1_goa_re_2021.dat 3 2033 Cabc 0.574153
Model_1_goa_re_2021.dat 3 2033 Cofl 0.615453
Model_1_goa_re_2021.dat 3 2033 CLCI 0.376447
Model_1_goa_re_2021.dat 3 2033 CUCI 0.380092
Model_1_goa_re_2021.dat 3 2033 CMedian 0.378048
Model_1_goa_re_2021.dat 3 2033 CMean 0.378082
Model_1_goa_re_2021.dat 3 2034 Cabc 0.574153
Model_1_goa_re_2021.dat 3 2034 Cofl 0.615453
Model_1_goa_re_2021.dat 3 2034 CLCI 0.375208
Model_1_goa_re_2021.dat 3 2034 CUCI 0.381696
Model_1_goa_re_2021.dat 3 2034 CMedian 0.37778
Model_1_goa_re_2021.dat 3 2034 CMean 0.378028
Model_1_goa_re_2021.dat 3 2021 SSBF100 14.7763
Model_1_goa_re_2021.dat 3 2021 SSBFabc 5.91051
Model_1_goa_re_2021.dat 3 2021 SSBFofl 5.1717
Model_1_goa_re_2021.dat 3 2021 SSBLCI 8.68089
Model_1_goa_re_2021.dat 3 2021 SSBUCI 8.68089
Model_1_goa_re_2021.dat 3 2021 SSBMedian 8.68089
Model_1_goa_re_2021.dat 3 2021 SSBMean 8.68089
Model_1_goa_re_2021.dat 3 2022 SSBF100 14.7763
Model_1_goa_re_2021.dat 3 2022 SSBFabc 5.91051
Model_1_goa_re_2021.dat 3 2022 SSBFofl 5.1717
Model_1_goa_re_2021.dat 3 2022 SSBLCI 8.61534
Model_1_goa_re_2021.dat 3 2022 SSBUCI 8.61534
Model_1_goa_re_2021.dat 3 2022 SSBMedian 8.61534
Model_1_goa_re_2021.dat 3 2022 SSBMean 8.61534
Model_1_goa_re_2021.dat 3 2023 SSBF100 14.7763
Model_1_goa_re_2021.dat 3 2023 SSBFabc 5.91051
Model_1_goa_re_2021.dat 3 2023 SSBFofl 5.1717
Model_1_goa_re_2021.dat 3 2023 SSBLCI 8.55343
Model_1_goa_re_2021.dat 3 2023 SSBUCI 8.55344
Model_1_goa_re_2021.dat 3 2023 SSBMedian 8.55344
Model_1_goa_re_2021.dat 3 2023 SSBMean 8.55344
Model_1_goa_re_2021.dat 3 2024 SSBF100 14.7763
Model_1_goa_re_2021.dat 3 2024 SSBFabc 5.91051
Model_1_goa_re_2021.dat 3 2024 SSBFofl 5.1717
Model_1_goa_re_2021.dat 3 2024 SSBLCI 8.51048
Model_1_goa_re_2021.dat 3 2024 SSBUCI 8.51048
Model_1_goa_re_2021.dat 3 2024 SSBMedian 8.51048
Model_1_goa_re_2021.dat 3 2024 SSBMean 8.51048
Model_1_goa_re_2021.dat 3 2025 SSBF100 14.7763
Model_1_goa_re_2021.dat 3 2025 SSBFabc 5.91051
Model_1_goa_re_2021.dat 3 2025 SSBFofl 5.1717
Model_1_goa_re_2021.dat 3 2025 SSBLCI 8.48154
Model_1_goa_re_2021.dat 3 2025 SSBUCI 8.48154
Model_1_goa_re_2021.dat 3 2025 SSBMedian 8.48154
Model_1_goa_re_2021.dat 3 2025 SSBMean 8.48154
Model_1_goa_re_2021.dat 3 2026 SSBF100 14.7763
Model_1_goa_re_2021.dat 3 2026 SSBFabc 5.91051
Model_1_goa_re_2021.dat 3 2026 SSBFofl 5.1717
Model_1_goa_re_2021.dat 3 2026 SSBLCI 8.45621
Model_1_goa_re_2021.dat 3 2026 SSBUCI 8.45642
Model_1_goa_re_2021.dat 3 2026 SSBMedian 8.45628
Model_1_goa_re_2021.dat 3 2026 SSBMean 8.45629
Model_1_goa_re_2021.dat 3 2027 SSBF100 14.7763
Model_1_goa_re_2021.dat 3 2027 SSBFabc 5.91051
Model_1_goa_re_2021.dat 3 2027 SSBFofl 5.1717
Model_1_goa_re_2021.dat 3 2027 SSBLCI 8.4262
Model_1_goa_re_2021.dat 3 2027 SSBUCI 8.42671
Model_1_goa_re_2021.dat 3 2027 SSBMedian 8.4264
Model_1_goa_re_2021.dat 3 2027 SSBMean 8.42642
Model_1_goa_re_2021.dat 3 2028 SSBF100 14.7763
Model_1_goa_re_2021.dat 3 2028 SSBFabc 5.91051
Model_1_goa_re_2021.dat 3 2028 SSBFofl 5.1717
Model_1_goa_re_2021.dat 3 2028 SSBLCI 8.38961
Model_1_goa_re_2021.dat 3 2028 SSBUCI 8.39084
Model_1_goa_re_2021.dat 3 2028 SSBMedian 8.3901
Model_1_goa_re_2021.dat 3 2028 SSBMean 8.39015
Model_1_goa_re_2021.dat 3 2029 SSBF100 14.7763
Model_1_goa_re_2021.dat 3 2029 SSBFabc 5.91051
Model_1_goa_re_2021.dat 3 2029 SSBFofl 5.1717
Model_1_goa_re_2021.dat 3 2029 SSBLCI 8.34768
Model_1_goa_re_2021.dat 3 2029 SSBUCI 8.35115
Model_1_goa_re_2021.dat 3 2029 SSBMedian 8.34901
Model_1_goa_re_2021.dat 3 2029 SSBMean 8.34915
Model_1_goa_re_2021.dat 3 2030 SSBF100 14.7763
Model_1_goa_re_2021.dat 3 2030 SSBFabc 5.91051
Model_1_goa_re_2021.dat 3 2030 SSBFofl 5.1717
Model_1_goa_re_2021.dat 3 2030 SSBLCI 8.30213
Model_1_goa_re_2021.dat 3 2030 SSBUCI 8.311
Model_1_goa_re_2021.dat 3 2030 SSBMedian 8.30552
Model_1_goa_re_2021.dat 3 2030 SSBMean 8.30592
Model_1_goa_re_2021.dat 3 2031 SSBF100 14.7763
Model_1_goa_re_2021.dat 3 2031 SSBFabc 5.91051
Model_1_goa_re_2021.dat 3 2031 SSBFofl 5.1717
Model_1_goa_re_2021.dat 3 2031 SSBLCI 8.25784
Model_1_goa_re_2021.dat 3 2031 SSBUCI 8.27693
Model_1_goa_re_2021.dat 3 2031 SSBMedian 8.26525
Model_1_goa_re_2021.dat 3 2031 SSBMean 8.26619
Model_1_goa_re_2021.dat 3 2032 SSBF100 14.7763
Model_1_goa_re_2021.dat 3 2032 SSBFabc 5.91051
Model_1_goa_re_2021.dat 3 2032 SSBFofl 5.1717
Model_1_goa_re_2021.dat 3 2032 SSBLCI 8.2069
Model_1_goa_re_2021.dat 3 2032 SSBUCI 8.24506
Model_1_goa_re_2021.dat 3 2032 SSBMedian 8.2217
Model_1_goa_re_2021.dat 3 2032 SSBMean 8.22346
Model_1_goa_re_2021.dat 3 2033 SSBF100 14.7763
Model_1_goa_re_2021.dat 3 2033 SSBFabc 5.91051
Model_1_goa_re_2021.dat 3 2033 SSBFofl 5.1717
Model_1_goa_re_2021.dat 3 2033 SSBLCI 8.16152
Model_1_goa_re_2021.dat 3 2033 SSBUCI 8.23064
Model_1_goa_re_2021.dat 3 2033 SSBMedian 8.18805
Model_1_goa_re_2021.dat 3 2033 SSBMean 8.19134
Model_1_goa_re_2021.dat 3 2034 SSBF100 14.7763
Model_1_goa_re_2021.dat 3 2034 SSBFabc 5.91051
Model_1_goa_re_2021.dat 3 2034 SSBFofl 5.1717
Model_1_goa_re_2021.dat 3 2034 SSBLCI 8.11989
Model_1_goa_re_2021.dat 3 2034 SSBUCI 8.23598
Model_1_goa_re_2021.dat 3 2034 SSBMedian 8.16646
Model_1_goa_re_2021.dat 3 2034 SSBMean 8.17088
Model_1_goa_re_2021.dat 3 2021 F0 0 
Model_1_goa_re_2021.dat 3 2021 Fabc 0.0381281
Model_1_goa_re_2021.dat 3 2021 Fofl 0.0459618
Model_1_goa_re_2021.dat 3 2021  F_LCI 0.0194333
Model_1_goa_re_2021.dat 3 2021  F_UCI 0.0194333
Model_1_goa_re_2021.dat 3 2021  F_Median 0.0194333
Model_1_goa_re_2021.dat 3 2021  F_Mean 0.0194333
Model_1_goa_re_2021.dat 3 2022 F0 0 
Model_1_goa_re_2021.dat 3 2022 Fabc 0.0381281
Model_1_goa_re_2021.dat 3 2022 Fofl 0.0459618
Model_1_goa_re_2021.dat 3 2022  F_LCI 0.0237564
Model_1_goa_re_2021.dat 3 2022  F_UCI 0.0237565
Model_1_goa_re_2021.dat 3 2022  F_Median 0.0237565
Model_1_goa_re_2021.dat 3 2022  F_Mean 0.0237565
Model_1_goa_re_2021.dat 3 2023 F0 0 
Model_1_goa_re_2021.dat 3 2023 Fabc 0.0381281
Model_1_goa_re_2021.dat 3 2023 Fofl 0.0459618
Model_1_goa_re_2021.dat 3 2023  F_LCI 0.019064
Model_1_goa_re_2021.dat 3 2023  F_UCI 0.019064
Model_1_goa_re_2021.dat 3 2023  F_Median 0.019064
Model_1_goa_re_2021.dat 3 2023  F_Mean 0.019064
Model_1_goa_re_2021.dat 3 2024 F0 0 
Model_1_goa_re_2021.dat 3 2024 Fabc 0.0381281
Model_1_goa_re_2021.dat 3 2024 Fofl 0.0459618
Model_1_goa_re_2021.dat 3 2024  F_LCI 0.019064
Model_1_goa_re_2021.dat 3 2024  F_UCI 0.019064
Model_1_goa_re_2021.dat 3 2024  F_Median 0.019064
Model_1_goa_re_2021.dat 3 2024  F_Mean 0.019064
Model_1_goa_re_2021.dat 3 2025 F0 0 
Model_1_goa_re_2021.dat 3 2025 Fabc 0.0381281
Model_1_goa_re_2021.dat 3 2025 Fofl 0.0459618
Model_1_goa_re_2021.dat 3 2025  F_LCI 0.019064
Model_1_goa_re_2021.dat 3 2025  F_UCI 0.019064
Model_1_goa_re_2021.dat 3 2025  F_Median 0.019064
Model_1_goa_re_2021.dat 3 2025  F_Mean 0.019064
Model_1_goa_re_2021.dat 3 2026 F0 0 
Model_1_goa_re_2021.dat 3 2026 Fabc 0.0381281
Model_1_goa_re_2021.dat 3 2026 Fofl 0.0459618
Model_1_goa_re_2021.dat 3 2026  F_LCI 0.019064
Model_1_goa_re_2021.dat 3 2026  F_UCI 0.019064
Model_1_goa_re_2021.dat 3 2026  F_Median 0.019064
Model_1_goa_re_2021.dat 3 2026  F_Mean 0.019064
Model_1_goa_re_2021.dat 3 2027 F0 0 
Model_1_goa_re_2021.dat 3 2027 Fabc 0.0381281
Model_1_goa_re_2021.dat 3 2027 Fofl 0.0459618
Model_1_goa_re_2021.dat 3 2027  F_LCI 0.019064
Model_1_goa_re_2021.dat 3 2027  F_UCI 0.019064
Model_1_goa_re_2021.dat 3 2027  F_Median 0.019064
Model_1_goa_re_2021.dat 3 2027  F_Mean 0.019064
Model_1_goa_re_2021.dat 3 2028 F0 0 
Model_1_goa_re_2021.dat 3 2028 Fabc 0.0381281
Model_1_goa_re_2021.dat 3 2028 Fofl 0.0459618
Model_1_goa_re_2021.dat 3 2028  F_LCI 0.019064
Model_1_goa_re_2021.dat 3 2028  F_UCI 0.019064
Model_1_goa_re_2021.dat 3 2028  F_Median 0.019064
Model_1_goa_re_2021.dat 3 2028  F_Mean 0.019064
Model_1_goa_re_2021.dat 3 2029 F0 0 
Model_1_goa_re_2021.dat 3 2029 Fabc 0.0381281
Model_1_goa_re_2021.dat 3 2029 Fofl 0.0459618
Model_1_goa_re_2021.dat 3 2029  F_LCI 0.019064
Model_1_goa_re_2021.dat 3 2029  F_UCI 0.019064
Model_1_goa_re_2021.dat 3 2029  F_Median 0.019064
Model_1_goa_re_2021.dat 3 2029  F_Mean 0.019064
Model_1_goa_re_2021.dat 3 2030 F0 0 
Model_1_goa_re_2021.dat 3 2030 Fabc 0.0381281
Model_1_goa_re_2021.dat 3 2030 Fofl 0.0459618
Model_1_goa_re_2021.dat 3 2030  F_LCI 0.019064
Model_1_goa_re_2021.dat 3 2030  F_UCI 0.019064
Model_1_goa_re_2021.dat 3 2030  F_Median 0.019064
Model_1_goa_re_2021.dat 3 2030  F_Mean 0.019064
Model_1_goa_re_2021.dat 3 2031 F0 0 
Model_1_goa_re_2021.dat 3 2031 Fabc 0.0381281
Model_1_goa_re_2021.dat 3 2031 Fofl 0.0459618
Model_1_goa_re_2021.dat 3 2031  F_LCI 0.019064
Model_1_goa_re_2021.dat 3 2031  F_UCI 0.019064
Model_1_goa_re_2021.dat 3 2031  F_Median 0.019064
Model_1_goa_re_2021.dat 3 2031  F_Mean 0.019064
Model_1_goa_re_2021.dat 3 2032 F0 0 
Model_1_goa_re_2021.dat 3 2032 Fabc 0.0381281
Model_1_goa_re_2021.dat 3 2032 Fofl 0.0459618
Model_1_goa_re_2021.dat 3 2032  F_LCI 0.019064
Model_1_goa_re_2021.dat 3 2032  F_UCI 0.019064
Model_1_goa_re_2021.dat 3 2032  F_Median 0.019064
Model_1_goa_re_2021.dat 3 2032  F_Mean 0.019064
Model_1_goa_re_2021.dat 3 2033 F0 0 
Model_1_goa_re_2021.dat 3 2033 Fabc 0.0381281
Model_1_goa_re_2021.dat 3 2033 Fofl 0.0459618
Model_1_goa_re_2021.dat 3 2033  F_LCI 0.019064
Model_1_goa_re_2021.dat 3 2033  F_UCI 0.019064
Model_1_goa_re_2021.dat 3 2033  F_Median 0.019064
Model_1_goa_re_2021.dat 3 2033  F_Mean 0.019064
Model_1_goa_re_2021.dat 3 2034 F0 0 
Model_1_goa_re_2021.dat 3 2034 Fabc 0.0381281
Model_1_goa_re_2021.dat 3 2034 Fofl 0.0459618
Model_1_goa_re_2021.dat 3 2034  F_LCI 0.019064
Model_1_goa_re_2021.dat 3 2034  F_UCI 0.019064
Model_1_goa_re_2021.dat 3 2034  F_Median 0.019064
Model_1_goa_re_2021.dat 3 2034  F_Mean 0.019064
Model_1_goa_re_2021.dat 4 2021 Cabc 0.574153
Model_1_goa_re_2021.dat 4 2021 Cofl 0.615453
Model_1_goa_re_2021.dat 4 2021 CLCI 0.407204
Model_1_goa_re_2021.dat 4 2021 CUCI 0.407204
Model_1_goa_re_2021.dat 4 2021 CMedian 0.407204
Model_1_goa_re_2021.dat 4 2021 CMean 0.407204
Model_1_goa_re_2021.dat 4 2022 Cabc 0.574153
Model_1_goa_re_2021.dat 4 2022 Cofl 0.615453
Model_1_goa_re_2021.dat 4 2022 CLCI 0.494063
Model_1_goa_re_2021.dat 4 2022 CUCI 0.494063
Model_1_goa_re_2021.dat 4 2022 CMedian 0.494063
Model_1_goa_re_2021.dat 4 2022 CMean 0.494063
Model_1_goa_re_2021.dat 4 2023 Cabc 0.574153
Model_1_goa_re_2021.dat 4 2023 Cofl 0.615453
Model_1_goa_re_2021.dat 4 2023 CLCI 0.530112
Model_1_goa_re_2021.dat 4 2023 CUCI 0.530117
Model_1_goa_re_2021.dat 4 2023 CMedian 0.530114
Model_1_goa_re_2021.dat 4 2023 CMean 0.530114
Model_1_goa_re_2021.dat 4 2024 Cabc 0.574153
Model_1_goa_re_2021.dat 4 2024 Cofl 0.615453
Model_1_goa_re_2021.dat 4 2024 CLCI 0.524678
Model_1_goa_re_2021.dat 4 2024 CUCI 0.524697
Model_1_goa_re_2021.dat 4 2024 CMedian 0.524685
Model_1_goa_re_2021.dat 4 2024 CMean 0.524686
Model_1_goa_re_2021.dat 4 2025 Cabc 0.574153
Model_1_goa_re_2021.dat 4 2025 Cofl 0.615453
Model_1_goa_re_2021.dat 4 2025 CLCI 0.524525
Model_1_goa_re_2021.dat 4 2025 CUCI 0.524593
Model_1_goa_re_2021.dat 4 2025 CMedian 0.524551
Model_1_goa_re_2021.dat 4 2025 CMean 0.524554
Model_1_goa_re_2021.dat 4 2026 Cabc 0.574153
Model_1_goa_re_2021.dat 4 2026 Cofl 0.615453
Model_1_goa_re_2021.dat 4 2026 CLCI 0.529765
Model_1_goa_re_2021.dat 4 2026 CUCI 0.529985
Model_1_goa_re_2021.dat 4 2026 CMedian 0.52985
Model_1_goa_re_2021.dat 4 2026 CMean 0.529859
Model_1_goa_re_2021.dat 4 2027 Cabc 0.574153
Model_1_goa_re_2021.dat 4 2027 Cofl 0.615453
Model_1_goa_re_2021.dat 4 2027 CLCI 0.519865
Model_1_goa_re_2021.dat 4 2027 CUCI 0.520453
Model_1_goa_re_2021.dat 4 2027 CMedian 0.520091
Model_1_goa_re_2021.dat 4 2027 CMean 0.520116
Model_1_goa_re_2021.dat 4 2028 Cabc 0.574153
Model_1_goa_re_2021.dat 4 2028 Cofl 0.615453
Model_1_goa_re_2021.dat 4 2028 CLCI 0.510077
Model_1_goa_re_2021.dat 4 2028 CUCI 0.511313
Model_1_goa_re_2021.dat 4 2028 CMedian 0.510562
Model_1_goa_re_2021.dat 4 2028 CMean 0.510623
Model_1_goa_re_2021.dat 4 2029 Cabc 0.574153
Model_1_goa_re_2021.dat 4 2029 Cofl 0.615453
Model_1_goa_re_2021.dat 4 2029 CLCI 0.502544
Model_1_goa_re_2021.dat 4 2029 CUCI 0.504601
Model_1_goa_re_2021.dat 4 2029 CMedian 0.503346
Model_1_goa_re_2021.dat 4 2029 CMean 0.503433
Model_1_goa_re_2021.dat 4 2030 Cabc 0.574153
Model_1_goa_re_2021.dat 4 2030 Cofl 0.615453
Model_1_goa_re_2021.dat 4 2030 CLCI 0.496277
Model_1_goa_re_2021.dat 4 2030 CUCI 0.498944
Model_1_goa_re_2021.dat 4 2030 CMedian 0.497429
Model_1_goa_re_2021.dat 4 2030 CMean 0.497504
Model_1_goa_re_2021.dat 4 2031 Cabc 0.574153
Model_1_goa_re_2021.dat 4 2031 Cofl 0.615453
Model_1_goa_re_2021.dat 4 2031 CLCI 0.490535
Model_1_goa_re_2021.dat 4 2031 CUCI 0.49373
Model_1_goa_re_2021.dat 4 2031 CMedian 0.491956
Model_1_goa_re_2021.dat 4 2031 CMean 0.492032
Model_1_goa_re_2021.dat 4 2032 Cabc 0.574153
Model_1_goa_re_2021.dat 4 2032 Cofl 0.615453
Model_1_goa_re_2021.dat 4 2032 CLCI 0.486052
Model_1_goa_re_2021.dat 4 2032 CUCI 0.489741
Model_1_goa_re_2021.dat 4 2032 CMedian 0.487712
Model_1_goa_re_2021.dat 4 2032 CMean 0.487788
Model_1_goa_re_2021.dat 4 2033 Cabc 0.574153
Model_1_goa_re_2021.dat 4 2033 Cofl 0.615453
Model_1_goa_re_2021.dat 4 2033 CLCI 0.482467
Model_1_goa_re_2021.dat 4 2033 CUCI 0.487411
Model_1_goa_re_2021.dat 4 2033 CMedian 0.484639
Model_1_goa_re_2021.dat 4 2033 CMean 0.484685
Model_1_goa_re_2021.dat 4 2034 Cabc 0.574153
Model_1_goa_re_2021.dat 4 2034 Cofl 0.615453
Model_1_goa_re_2021.dat 4 2034 CLCI 0.478781
Model_1_goa_re_2021.dat 4 2034 CUCI 0.487566
Model_1_goa_re_2021.dat 4 2034 CMedian 0.482263
Model_1_goa_re_2021.dat 4 2034 CMean 0.4826
Model_1_goa_re_2021.dat 4 2021 SSBF100 14.7763
Model_1_goa_re_2021.dat 4 2021 SSBFabc 5.91051
Model_1_goa_re_2021.dat 4 2021 SSBFofl 5.1717
Model_1_goa_re_2021.dat 4 2021 SSBLCI 8.68089
Model_1_goa_re_2021.dat 4 2021 SSBUCI 8.68089
Model_1_goa_re_2021.dat 4 2021 SSBMedian 8.68089
Model_1_goa_re_2021.dat 4 2021 SSBMean 8.68089
Model_1_goa_re_2021.dat 4 2022 SSBF100 14.7763
Model_1_goa_re_2021.dat 4 2022 SSBFabc 5.91051
Model_1_goa_re_2021.dat 4 2022 SSBFofl 5.1717
Model_1_goa_re_2021.dat 4 2022 SSBLCI 8.61534
Model_1_goa_re_2021.dat 4 2022 SSBUCI 8.61534
Model_1_goa_re_2021.dat 4 2022 SSBMedian 8.61534
Model_1_goa_re_2021.dat 4 2022 SSBMean 8.61534
Model_1_goa_re_2021.dat 4 2023 SSBF100 14.7763
Model_1_goa_re_2021.dat 4 2023 SSBFabc 5.91051
Model_1_goa_re_2021.dat 4 2023 SSBFofl 5.1717
Model_1_goa_re_2021.dat 4 2023 SSBLCI 8.52942
Model_1_goa_re_2021.dat 4 2023 SSBUCI 8.52942
Model_1_goa_re_2021.dat 4 2023 SSBMedian 8.52942
Model_1_goa_re_2021.dat 4 2023 SSBMean 8.52942
Model_1_goa_re_2021.dat 4 2024 SSBF100 14.7763
Model_1_goa_re_2021.dat 4 2024 SSBFabc 5.91051
Model_1_goa_re_2021.dat 4 2024 SSBFofl 5.1717
Model_1_goa_re_2021.dat 4 2024 SSBLCI 8.43027
Model_1_goa_re_2021.dat 4 2024 SSBUCI 8.43027
Model_1_goa_re_2021.dat 4 2024 SSBMedian 8.43027
Model_1_goa_re_2021.dat 4 2024 SSBMean 8.43027
Model_1_goa_re_2021.dat 4 2025 SSBF100 14.7763
Model_1_goa_re_2021.dat 4 2025 SSBFabc 5.91051
Model_1_goa_re_2021.dat 4 2025 SSBFofl 5.1717
Model_1_goa_re_2021.dat 4 2025 SSBLCI 8.34682
Model_1_goa_re_2021.dat 4 2025 SSBUCI 8.34682
Model_1_goa_re_2021.dat 4 2025 SSBMedian 8.34682
Model_1_goa_re_2021.dat 4 2025 SSBMean 8.34682
Model_1_goa_re_2021.dat 4 2026 SSBF100 14.7763
Model_1_goa_re_2021.dat 4 2026 SSBFabc 5.91051
Model_1_goa_re_2021.dat 4 2026 SSBFofl 5.1717
Model_1_goa_re_2021.dat 4 2026 SSBLCI 8.26846
Model_1_goa_re_2021.dat 4 2026 SSBUCI 8.26866
Model_1_goa_re_2021.dat 4 2026 SSBMedian 8.26853
Model_1_goa_re_2021.dat 4 2026 SSBMean 8.26854
Model_1_goa_re_2021.dat 4 2027 SSBF100 14.7763
Model_1_goa_re_2021.dat 4 2027 SSBFabc 5.91051
Model_1_goa_re_2021.dat 4 2027 SSBFofl 5.1717
Model_1_goa_re_2021.dat 4 2027 SSBLCI 8.18696
Model_1_goa_re_2021.dat 4 2027 SSBUCI 8.18748
Model_1_goa_re_2021.dat 4 2027 SSBMedian 8.18716
Model_1_goa_re_2021.dat 4 2027 SSBMean 8.18719
Model_1_goa_re_2021.dat 4 2028 SSBF100 14.7763
Model_1_goa_re_2021.dat 4 2028 SSBFabc 5.91051
Model_1_goa_re_2021.dat 4 2028 SSBFofl 5.1717
Model_1_goa_re_2021.dat 4 2028 SSBLCI 8.10098
Model_1_goa_re_2021.dat 4 2028 SSBUCI 8.10221
Model_1_goa_re_2021.dat 4 2028 SSBMedian 8.10147
Model_1_goa_re_2021.dat 4 2028 SSBMean 8.10152
Model_1_goa_re_2021.dat 4 2029 SSBF100 14.7763
Model_1_goa_re_2021.dat 4 2029 SSBFabc 5.91051
Model_1_goa_re_2021.dat 4 2029 SSBFofl 5.1717
Model_1_goa_re_2021.dat 4 2029 SSBLCI 8.01192
Model_1_goa_re_2021.dat 4 2029 SSBUCI 8.01539
Model_1_goa_re_2021.dat 4 2029 SSBMedian 8.01325
Model_1_goa_re_2021.dat 4 2029 SSBMean 8.01339
Model_1_goa_re_2021.dat 4 2030 SSBF100 14.7763
Model_1_goa_re_2021.dat 4 2030 SSBFabc 5.91051
Model_1_goa_re_2021.dat 4 2030 SSBFofl 5.1717
Model_1_goa_re_2021.dat 4 2030 SSBLCI 7.92162
Model_1_goa_re_2021.dat 4 2030 SSBUCI 7.93047
Model_1_goa_re_2021.dat 4 2030 SSBMedian 7.92501
Model_1_goa_re_2021.dat 4 2030 SSBMean 7.9254
Model_1_goa_re_2021.dat 4 2031 SSBF100 14.7763
Model_1_goa_re_2021.dat 4 2031 SSBFabc 5.91051
Model_1_goa_re_2021.dat 4 2031 SSBFofl 5.1717
Model_1_goa_re_2021.dat 4 2031 SSBLCI 7.83482
Model_1_goa_re_2021.dat 4 2031 SSBUCI 7.85386
Model_1_goa_re_2021.dat 4 2031 SSBMedian 7.84221
Model_1_goa_re_2021.dat 4 2031 SSBMean 7.84315
Model_1_goa_re_2021.dat 4 2032 SSBF100 14.7763
Model_1_goa_re_2021.dat 4 2032 SSBFabc 5.91051
Model_1_goa_re_2021.dat 4 2032 SSBFofl 5.1717
Model_1_goa_re_2021.dat 4 2032 SSBLCI 7.74416
Model_1_goa_re_2021.dat 4 2032 SSBUCI 7.78219
Model_1_goa_re_2021.dat 4 2032 SSBMedian 7.75892
Model_1_goa_re_2021.dat 4 2032 SSBMean 7.76066
Model_1_goa_re_2021.dat 4 2033 SSBF100 14.7763
Model_1_goa_re_2021.dat 4 2033 SSBFabc 5.91051
Model_1_goa_re_2021.dat 4 2033 SSBFofl 5.1717
Model_1_goa_re_2021.dat 4 2033 SSBLCI 7.66115
Model_1_goa_re_2021.dat 4 2033 SSBUCI 7.73
Model_1_goa_re_2021.dat 4 2033 SSBMedian 7.68757
Model_1_goa_re_2021.dat 4 2033 SSBMean 7.69085
Model_1_goa_re_2021.dat 4 2034 SSBF100 14.7763
Model_1_goa_re_2021.dat 4 2034 SSBFabc 5.91051
Model_1_goa_re_2021.dat 4 2034 SSBFofl 5.1717
Model_1_goa_re_2021.dat 4 2034 SSBLCI 7.58387
Model_1_goa_re_2021.dat 4 2034 SSBUCI 7.69946
Model_1_goa_re_2021.dat 4 2034 SSBMedian 7.63022
Model_1_goa_re_2021.dat 4 2034 SSBMean 7.63462
Model_1_goa_re_2021.dat 4 2021 F0 0 
Model_1_goa_re_2021.dat 4 2021 Fabc 0.0381281
Model_1_goa_re_2021.dat 4 2021 Fofl 0.0459618
Model_1_goa_re_2021.dat 4 2021  F_LCI 0.0194333
Model_1_goa_re_2021.dat 4 2021  F_UCI 0.0194333
Model_1_goa_re_2021.dat 4 2021  F_Median 0.0194333
Model_1_goa_re_2021.dat 4 2021  F_Mean 0.0194333
Model_1_goa_re_2021.dat 4 2022 F0 0 
Model_1_goa_re_2021.dat 4 2022 Fabc 0.0381281
Model_1_goa_re_2021.dat 4 2022 Fofl 0.0459618
Model_1_goa_re_2021.dat 4 2022  F_LCI 0.0237564
Model_1_goa_re_2021.dat 4 2022  F_UCI 0.0237565
Model_1_goa_re_2021.dat 4 2022  F_Median 0.0237565
Model_1_goa_re_2021.dat 4 2022  F_Mean 0.0237565
Model_1_goa_re_2021.dat 4 2023 F0 0 
Model_1_goa_re_2021.dat 4 2023 Fabc 0.0381281
Model_1_goa_re_2021.dat 4 2023 Fofl 0.0459618
Model_1_goa_re_2021.dat 4 2023  F_LCI 0.0259344
Model_1_goa_re_2021.dat 4 2023  F_UCI 0.0259344
Model_1_goa_re_2021.dat 4 2023  F_Median 0.0259344
Model_1_goa_re_2021.dat 4 2023  F_Mean 0.0259344
Model_1_goa_re_2021.dat 4 2024 F0 0 
Model_1_goa_re_2021.dat 4 2024 Fabc 0.0381281
Model_1_goa_re_2021.dat 4 2024 Fofl 0.0459618
Model_1_goa_re_2021.dat 4 2024  F_LCI 0.0259344
Model_1_goa_re_2021.dat 4 2024  F_UCI 0.0259344
Model_1_goa_re_2021.dat 4 2024  F_Median 0.0259344
Model_1_goa_re_2021.dat 4 2024  F_Mean 0.0259344
Model_1_goa_re_2021.dat 4 2025 F0 0 
Model_1_goa_re_2021.dat 4 2025 Fabc 0.0381281
Model_1_goa_re_2021.dat 4 2025 Fofl 0.0459618
Model_1_goa_re_2021.dat 4 2025  F_LCI 0.0259344
Model_1_goa_re_2021.dat 4 2025  F_UCI 0.0259344
Model_1_goa_re_2021.dat 4 2025  F_Median 0.0259344
Model_1_goa_re_2021.dat 4 2025  F_Mean 0.0259344
Model_1_goa_re_2021.dat 4 2026 F0 0 
Model_1_goa_re_2021.dat 4 2026 Fabc 0.0381281
Model_1_goa_re_2021.dat 4 2026 Fofl 0.0459618
Model_1_goa_re_2021.dat 4 2026  F_LCI 0.0259344
Model_1_goa_re_2021.dat 4 2026  F_UCI 0.0259344
Model_1_goa_re_2021.dat 4 2026  F_Median 0.0259344
Model_1_goa_re_2021.dat 4 2026  F_Mean 0.0259344
Model_1_goa_re_2021.dat 4 2027 F0 0 
Model_1_goa_re_2021.dat 4 2027 Fabc 0.0381281
Model_1_goa_re_2021.dat 4 2027 Fofl 0.0459618
Model_1_goa_re_2021.dat 4 2027  F_LCI 0.0259344
Model_1_goa_re_2021.dat 4 2027  F_UCI 0.0259344
Model_1_goa_re_2021.dat 4 2027  F_Median 0.0259344
Model_1_goa_re_2021.dat 4 2027  F_Mean 0.0259344
Model_1_goa_re_2021.dat 4 2028 F0 0 
Model_1_goa_re_2021.dat 4 2028 Fabc 0.0381281
Model_1_goa_re_2021.dat 4 2028 Fofl 0.0459618
Model_1_goa_re_2021.dat 4 2028  F_LCI 0.0259344
Model_1_goa_re_2021.dat 4 2028  F_UCI 0.0259344
Model_1_goa_re_2021.dat 4 2028  F_Median 0.0259344
Model_1_goa_re_2021.dat 4 2028  F_Mean 0.0259344
Model_1_goa_re_2021.dat 4 2029 F0 0 
Model_1_goa_re_2021.dat 4 2029 Fabc 0.0381281
Model_1_goa_re_2021.dat 4 2029 Fofl 0.0459618
Model_1_goa_re_2021.dat 4 2029  F_LCI 0.0259344
Model_1_goa_re_2021.dat 4 2029  F_UCI 0.0259344
Model_1_goa_re_2021.dat 4 2029  F_Median 0.0259344
Model_1_goa_re_2021.dat 4 2029  F_Mean 0.0259344
Model_1_goa_re_2021.dat 4 2030 F0 0 
Model_1_goa_re_2021.dat 4 2030 Fabc 0.0381281
Model_1_goa_re_2021.dat 4 2030 Fofl 0.0459618
Model_1_goa_re_2021.dat 4 2030  F_LCI 0.0259344
Model_1_goa_re_2021.dat 4 2030  F_UCI 0.0259344
Model_1_goa_re_2021.dat 4 2030  F_Median 0.0259344
Model_1_goa_re_2021.dat 4 2030  F_Mean 0.0259344
Model_1_goa_re_2021.dat 4 2031 F0 0 
Model_1_goa_re_2021.dat 4 2031 Fabc 0.0381281
Model_1_goa_re_2021.dat 4 2031 Fofl 0.0459618
Model_1_goa_re_2021.dat 4 2031  F_LCI 0.0259344
Model_1_goa_re_2021.dat 4 2031  F_UCI 0.0259344
Model_1_goa_re_2021.dat 4 2031  F_Median 0.0259344
Model_1_goa_re_2021.dat 4 2031  F_Mean 0.0259344
Model_1_goa_re_2021.dat 4 2032 F0 0 
Model_1_goa_re_2021.dat 4 2032 Fabc 0.0381281
Model_1_goa_re_2021.dat 4 2032 Fofl 0.0459618
Model_1_goa_re_2021.dat 4 2032  F_LCI 0.0259344
Model_1_goa_re_2021.dat 4 2032  F_UCI 0.0259344
Model_1_goa_re_2021.dat 4 2032  F_Median 0.0259344
Model_1_goa_re_2021.dat 4 2032  F_Mean 0.0259344
Model_1_goa_re_2021.dat 4 2033 F0 0 
Model_1_goa_re_2021.dat 4 2033 Fabc 0.0381281
Model_1_goa_re_2021.dat 4 2033 Fofl 0.0459618
Model_1_goa_re_2021.dat 4 2033  F_LCI 0.0259344
Model_1_goa_re_2021.dat 4 2033  F_UCI 0.0259344
Model_1_goa_re_2021.dat 4 2033  F_Median 0.0259344
Model_1_goa_re_2021.dat 4 2033  F_Mean 0.0259344
Model_1_goa_re_2021.dat 4 2034 F0 0 
Model_1_goa_re_2021.dat 4 2034 Fabc 0.0381281
Model_1_goa_re_2021.dat 4 2034 Fofl 0.0459618
Model_1_goa_re_2021.dat 4 2034  F_LCI 0.0259344
Model_1_goa_re_2021.dat 4 2034  F_UCI 0.0259344
Model_1_goa_re_2021.dat 4 2034  F_Median 0.0259344
Model_1_goa_re_2021.dat 4 2034  F_Mean 0.0259344
Model_1_goa_re_2021.dat 5 2021 Cabc 0.574153
Model_1_goa_re_2021.dat 5 2021 Cofl 0.615453
Model_1_goa_re_2021.dat 5 2021 CLCI 0.407204
Model_1_goa_re_2021.dat 5 2021 CUCI 0.407204
Model_1_goa_re_2021.dat 5 2021 CMedian 0.407204
Model_1_goa_re_2021.dat 5 2021 CMean 0.407204
Model_1_goa_re_2021.dat 5 2022 Cabc 0.574153
Model_1_goa_re_2021.dat 5 2022 Cofl 0.615453
Model_1_goa_re_2021.dat 5 2022 CLCI 0.494063
Model_1_goa_re_2021.dat 5 2022 CUCI 0.494063
Model_1_goa_re_2021.dat 5 2022 CMedian 0.494063
Model_1_goa_re_2021.dat 5 2022 CMean 0.494063
Model_1_goa_re_2021.dat 5 2023 Cabc 0.574153
Model_1_goa_re_2021.dat 5 2023 Cofl 0.615453
Model_1_goa_re_2021.dat 5 2023 CLCI 0
Model_1_goa_re_2021.dat 5 2023 CUCI 0
Model_1_goa_re_2021.dat 5 2023 CMedian 0
Model_1_goa_re_2021.dat 5 2023 CMean 0
Model_1_goa_re_2021.dat 5 2024 Cabc 0.574153
Model_1_goa_re_2021.dat 5 2024 Cofl 0.615453
Model_1_goa_re_2021.dat 5 2024 CLCI 0
Model_1_goa_re_2021.dat 5 2024 CUCI 0
Model_1_goa_re_2021.dat 5 2024 CMedian 0
Model_1_goa_re_2021.dat 5 2024 CMean 0
Model_1_goa_re_2021.dat 5 2025 Cabc 0.574153
Model_1_goa_re_2021.dat 5 2025 Cofl 0.615453
Model_1_goa_re_2021.dat 5 2025 CLCI 0
Model_1_goa_re_2021.dat 5 2025 CUCI 0
Model_1_goa_re_2021.dat 5 2025 CMedian 0
Model_1_goa_re_2021.dat 5 2025 CMean 0
Model_1_goa_re_2021.dat 5 2026 Cabc 0.574153
Model_1_goa_re_2021.dat 5 2026 Cofl 0.615453
Model_1_goa_re_2021.dat 5 2026 CLCI 0
Model_1_goa_re_2021.dat 5 2026 CUCI 0
Model_1_goa_re_2021.dat 5 2026 CMedian 0
Model_1_goa_re_2021.dat 5 2026 CMean 0
Model_1_goa_re_2021.dat 5 2027 Cabc 0.574153
Model_1_goa_re_2021.dat 5 2027 Cofl 0.615453
Model_1_goa_re_2021.dat 5 2027 CLCI 0
Model_1_goa_re_2021.dat 5 2027 CUCI 0
Model_1_goa_re_2021.dat 5 2027 CMedian 0
Model_1_goa_re_2021.dat 5 2027 CMean 0
Model_1_goa_re_2021.dat 5 2028 Cabc 0.574153
Model_1_goa_re_2021.dat 5 2028 Cofl 0.615453
Model_1_goa_re_2021.dat 5 2028 CLCI 0
Model_1_goa_re_2021.dat 5 2028 CUCI 0
Model_1_goa_re_2021.dat 5 2028 CMedian 0
Model_1_goa_re_2021.dat 5 2028 CMean 0
Model_1_goa_re_2021.dat 5 2029 Cabc 0.574153
Model_1_goa_re_2021.dat 5 2029 Cofl 0.615453
Model_1_goa_re_2021.dat 5 2029 CLCI 0
Model_1_goa_re_2021.dat 5 2029 CUCI 0
Model_1_goa_re_2021.dat 5 2029 CMedian 0
Model_1_goa_re_2021.dat 5 2029 CMean 0
Model_1_goa_re_2021.dat 5 2030 Cabc 0.574153
Model_1_goa_re_2021.dat 5 2030 Cofl 0.615453
Model_1_goa_re_2021.dat 5 2030 CLCI 0
Model_1_goa_re_2021.dat 5 2030 CUCI 0
Model_1_goa_re_2021.dat 5 2030 CMedian 0
Model_1_goa_re_2021.dat 5 2030 CMean 0
Model_1_goa_re_2021.dat 5 2031 Cabc 0.574153
Model_1_goa_re_2021.dat 5 2031 Cofl 0.615453
Model_1_goa_re_2021.dat 5 2031 CLCI 0
Model_1_goa_re_2021.dat 5 2031 CUCI 0
Model_1_goa_re_2021.dat 5 2031 CMedian 0
Model_1_goa_re_2021.dat 5 2031 CMean 0
Model_1_goa_re_2021.dat 5 2032 Cabc 0.574153
Model_1_goa_re_2021.dat 5 2032 Cofl 0.615453
Model_1_goa_re_2021.dat 5 2032 CLCI 0
Model_1_goa_re_2021.dat 5 2032 CUCI 0
Model_1_goa_re_2021.dat 5 2032 CMedian 0
Model_1_goa_re_2021.dat 5 2032 CMean 0
Model_1_goa_re_2021.dat 5 2033 Cabc 0.574153
Model_1_goa_re_2021.dat 5 2033 Cofl 0.615453
Model_1_goa_re_2021.dat 5 2033 CLCI 0
Model_1_goa_re_2021.dat 5 2033 CUCI 0
Model_1_goa_re_2021.dat 5 2033 CMedian 0
Model_1_goa_re_2021.dat 5 2033 CMean 0
Model_1_goa_re_2021.dat 5 2034 Cabc 0.574153
Model_1_goa_re_2021.dat 5 2034 Cofl 0.615453
Model_1_goa_re_2021.dat 5 2034 CLCI 0
Model_1_goa_re_2021.dat 5 2034 CUCI 0
Model_1_goa_re_2021.dat 5 2034 CMedian 0
Model_1_goa_re_2021.dat 5 2034 CMean 0
Model_1_goa_re_2021.dat 5 2021 SSBF100 14.7763
Model_1_goa_re_2021.dat 5 2021 SSBFabc 5.91051
Model_1_goa_re_2021.dat 5 2021 SSBFofl 5.1717
Model_1_goa_re_2021.dat 5 2021 SSBLCI 8.68089
Model_1_goa_re_2021.dat 5 2021 SSBUCI 8.68089
Model_1_goa_re_2021.dat 5 2021 SSBMedian 8.68089
Model_1_goa_re_2021.dat 5 2021 SSBMean 8.68089
Model_1_goa_re_2021.dat 5 2022 SSBF100 14.7763
Model_1_goa_re_2021.dat 5 2022 SSBFabc 5.91051
Model_1_goa_re_2021.dat 5 2022 SSBFofl 5.1717
Model_1_goa_re_2021.dat 5 2022 SSBLCI 8.61534
Model_1_goa_re_2021.dat 5 2022 SSBUCI 8.61534
Model_1_goa_re_2021.dat 5 2022 SSBMedian 8.61534
Model_1_goa_re_2021.dat 5 2022 SSBMean 8.61534
Model_1_goa_re_2021.dat 5 2023 SSBF100 14.7763
Model_1_goa_re_2021.dat 5 2023 SSBFabc 5.91051
Model_1_goa_re_2021.dat 5 2023 SSBFofl 5.1717
Model_1_goa_re_2021.dat 5 2023 SSBLCI 8.62042
Model_1_goa_re_2021.dat 5 2023 SSBUCI 8.62042
Model_1_goa_re_2021.dat 5 2023 SSBMedian 8.62042
Model_1_goa_re_2021.dat 5 2023 SSBMean 8.62042
Model_1_goa_re_2021.dat 5 2024 SSBF100 14.7763
Model_1_goa_re_2021.dat 5 2024 SSBFabc 5.91051
Model_1_goa_re_2021.dat 5 2024 SSBFofl 5.1717
Model_1_goa_re_2021.dat 5 2024 SSBLCI 8.73716
Model_1_goa_re_2021.dat 5 2024 SSBUCI 8.73716
Model_1_goa_re_2021.dat 5 2024 SSBMedian 8.73716
Model_1_goa_re_2021.dat 5 2024 SSBMean 8.73716
Model_1_goa_re_2021.dat 5 2025 SSBF100 14.7763
Model_1_goa_re_2021.dat 5 2025 SSBFabc 5.91051
Model_1_goa_re_2021.dat 5 2025 SSBFofl 5.1717
Model_1_goa_re_2021.dat 5 2025 SSBLCI 8.86718
Model_1_goa_re_2021.dat 5 2025 SSBUCI 8.86718
Model_1_goa_re_2021.dat 5 2025 SSBMedian 8.86718
Model_1_goa_re_2021.dat 5 2025 SSBMean 8.86718
Model_1_goa_re_2021.dat 5 2026 SSBF100 14.7763
Model_1_goa_re_2021.dat 5 2026 SSBFabc 5.91051
Model_1_goa_re_2021.dat 5 2026 SSBFofl 5.1717
Model_1_goa_re_2021.dat 5 2026 SSBLCI 9.00052
Model_1_goa_re_2021.dat 5 2026 SSBUCI 9.00072
Model_1_goa_re_2021.dat 5 2026 SSBMedian 9.00059
Model_1_goa_re_2021.dat 5 2026 SSBMean 9.0006
Model_1_goa_re_2021.dat 5 2027 SSBF100 14.7763
Model_1_goa_re_2021.dat 5 2027 SSBFabc 5.91051
Model_1_goa_re_2021.dat 5 2027 SSBFofl 5.1717
Model_1_goa_re_2021.dat 5 2027 SSBLCI 9.12852
Model_1_goa_re_2021.dat 5 2027 SSBUCI 9.12904
Model_1_goa_re_2021.dat 5 2027 SSBMedian 9.12872
Model_1_goa_re_2021.dat 5 2027 SSBMean 9.12874
Model_1_goa_re_2021.dat 5 2028 SSBF100 14.7763
Model_1_goa_re_2021.dat 5 2028 SSBFabc 5.91051
Model_1_goa_re_2021.dat 5 2028 SSBFofl 5.1717
Model_1_goa_re_2021.dat 5 2028 SSBLCI 9.24757
Model_1_goa_re_2021.dat 5 2028 SSBUCI 9.2488
Model_1_goa_re_2021.dat 5 2028 SSBMedian 9.24806
Model_1_goa_re_2021.dat 5 2028 SSBMean 9.24811
Model_1_goa_re_2021.dat 5 2029 SSBF100 14.7763
Model_1_goa_re_2021.dat 5 2029 SSBFabc 5.91051
Model_1_goa_re_2021.dat 5 2029 SSBFofl 5.1717
Model_1_goa_re_2021.dat 5 2029 SSBLCI 9.35813
Model_1_goa_re_2021.dat 5 2029 SSBUCI 9.36162
Model_1_goa_re_2021.dat 5 2029 SSBMedian 9.35947
Model_1_goa_re_2021.dat 5 2029 SSBMean 9.35961
Model_1_goa_re_2021.dat 5 2030 SSBF100 14.7763
Model_1_goa_re_2021.dat 5 2030 SSBFabc 5.91051
Model_1_goa_re_2021.dat 5 2030 SSBFofl 5.1717
Model_1_goa_re_2021.dat 5 2030 SSBLCI 9.46138
Model_1_goa_re_2021.dat 5 2030 SSBUCI 9.4703
Model_1_goa_re_2021.dat 5 2030 SSBMedian 9.4648
Model_1_goa_re_2021.dat 5 2030 SSBMean 9.46519
Model_1_goa_re_2021.dat 5 2031 SSBF100 14.7763
Model_1_goa_re_2021.dat 5 2031 SSBFabc 5.91051
Model_1_goa_re_2021.dat 5 2031 SSBFofl 5.1717
Model_1_goa_re_2021.dat 5 2031 SSBLCI 9.5623
Model_1_goa_re_2021.dat 5 2031 SSBUCI 9.58153
Model_1_goa_re_2021.dat 5 2031 SSBMedian 9.56976
Model_1_goa_re_2021.dat 5 2031 SSBMean 9.57071
Model_1_goa_re_2021.dat 5 2032 SSBF100 14.7763
Model_1_goa_re_2021.dat 5 2032 SSBFabc 5.91051
Model_1_goa_re_2021.dat 5 2032 SSBFofl 5.1717
Model_1_goa_re_2021.dat 5 2032 SSBLCI 9.65103
Model_1_goa_re_2021.dat 5 2032 SSBUCI 9.68954
Model_1_goa_re_2021.dat 5 2032 SSBMedian 9.66595
Model_1_goa_re_2021.dat 5 2032 SSBMean 9.66775
Model_1_goa_re_2021.dat 5 2033 SSBF100 14.7763
Model_1_goa_re_2021.dat 5 2033 SSBFabc 5.91051
Model_1_goa_re_2021.dat 5 2033 SSBFofl 5.1717
Model_1_goa_re_2021.dat 5 2033 SSBLCI 9.74155
Model_1_goa_re_2021.dat 5 2033 SSBUCI 9.81141
Model_1_goa_re_2021.dat 5 2033 SSBMedian 9.76838
Model_1_goa_re_2021.dat 5 2033 SSBMean 9.77169
Model_1_goa_re_2021.dat 5 2034 SSBF100 14.7763
Model_1_goa_re_2021.dat 5 2034 SSBFabc 5.91051
Model_1_goa_re_2021.dat 5 2034 SSBFofl 5.1717
Model_1_goa_re_2021.dat 5 2034 SSBLCI 9.83216
Model_1_goa_re_2021.dat 5 2034 SSBUCI 9.94967
Model_1_goa_re_2021.dat 5 2034 SSBMedian 9.87933
Model_1_goa_re_2021.dat 5 2034 SSBMean 9.88381
Model_1_goa_re_2021.dat 5 2021 F0 0 
Model_1_goa_re_2021.dat 5 2021 Fabc 0.0381281
Model_1_goa_re_2021.dat 5 2021 Fofl 0.0459618
Model_1_goa_re_2021.dat 5 2021  F_LCI 0.0194333
Model_1_goa_re_2021.dat 5 2021  F_UCI 0.0194333
Model_1_goa_re_2021.dat 5 2021  F_Median 0.0194333
Model_1_goa_re_2021.dat 5 2021  F_Mean 0.0194333
Model_1_goa_re_2021.dat 5 2022 F0 0 
Model_1_goa_re_2021.dat 5 2022 Fabc 0.0381281
Model_1_goa_re_2021.dat 5 2022 Fofl 0.0459618
Model_1_goa_re_2021.dat 5 2022  F_LCI 0.0237564
Model_1_goa_re_2021.dat 5 2022  F_UCI 0.0237565
Model_1_goa_re_2021.dat 5 2022  F_Median 0.0237565
Model_1_goa_re_2021.dat 5 2022  F_Mean 0.0237565
Model_1_goa_re_2021.dat 5 2023 F0 0 
Model_1_goa_re_2021.dat 5 2023 Fabc 0.0381281
Model_1_goa_re_2021.dat 5 2023 Fofl 0.0459618
Model_1_goa_re_2021.dat 5 2023  F_LCI 0
Model_1_goa_re_2021.dat 5 2023  F_UCI 0
Model_1_goa_re_2021.dat 5 2023  F_Median 0
Model_1_goa_re_2021.dat 5 2023  F_Mean 0
Model_1_goa_re_2021.dat 5 2024 F0 0 
Model_1_goa_re_2021.dat 5 2024 Fabc 0.0381281
Model_1_goa_re_2021.dat 5 2024 Fofl 0.0459618
Model_1_goa_re_2021.dat 5 2024  F_LCI 0
Model_1_goa_re_2021.dat 5 2024  F_UCI 0
Model_1_goa_re_2021.dat 5 2024  F_Median 0
Model_1_goa_re_2021.dat 5 2024  F_Mean 0
Model_1_goa_re_2021.dat 5 2025 F0 0 
Model_1_goa_re_2021.dat 5 2025 Fabc 0.0381281
Model_1_goa_re_2021.dat 5 2025 Fofl 0.0459618
Model_1_goa_re_2021.dat 5 2025  F_LCI 0
Model_1_goa_re_2021.dat 5 2025  F_UCI 0
Model_1_goa_re_2021.dat 5 2025  F_Median 0
Model_1_goa_re_2021.dat 5 2025  F_Mean 0
Model_1_goa_re_2021.dat 5 2026 F0 0 
Model_1_goa_re_2021.dat 5 2026 Fabc 0.0381281
Model_1_goa_re_2021.dat 5 2026 Fofl 0.0459618
Model_1_goa_re_2021.dat 5 2026  F_LCI 0
Model_1_goa_re_2021.dat 5 2026  F_UCI 0
Model_1_goa_re_2021.dat 5 2026  F_Median 0
Model_1_goa_re_2021.dat 5 2026  F_Mean 0
Model_1_goa_re_2021.dat 5 2027 F0 0 
Model_1_goa_re_2021.dat 5 2027 Fabc 0.0381281
Model_1_goa_re_2021.dat 5 2027 Fofl 0.0459618
Model_1_goa_re_2021.dat 5 2027  F_LCI 0
Model_1_goa_re_2021.dat 5 2027  F_UCI 0
Model_1_goa_re_2021.dat 5 2027  F_Median 0
Model_1_goa_re_2021.dat 5 2027  F_Mean 0
Model_1_goa_re_2021.dat 5 2028 F0 0 
Model_1_goa_re_2021.dat 5 2028 Fabc 0.0381281
Model_1_goa_re_2021.dat 5 2028 Fofl 0.0459618
Model_1_goa_re_2021.dat 5 2028  F_LCI 0
Model_1_goa_re_2021.dat 5 2028  F_UCI 0
Model_1_goa_re_2021.dat 5 2028  F_Median 0
Model_1_goa_re_2021.dat 5 2028  F_Mean 0
Model_1_goa_re_2021.dat 5 2029 F0 0 
Model_1_goa_re_2021.dat 5 2029 Fabc 0.0381281
Model_1_goa_re_2021.dat 5 2029 Fofl 0.0459618
Model_1_goa_re_2021.dat 5 2029  F_LCI 0
Model_1_goa_re_2021.dat 5 2029  F_UCI 0
Model_1_goa_re_2021.dat 5 2029  F_Median 0
Model_1_goa_re_2021.dat 5 2029  F_Mean 0
Model_1_goa_re_2021.dat 5 2030 F0 0 
Model_1_goa_re_2021.dat 5 2030 Fabc 0.0381281
Model_1_goa_re_2021.dat 5 2030 Fofl 0.0459618
Model_1_goa_re_2021.dat 5 2030  F_LCI 0
Model_1_goa_re_2021.dat 5 2030  F_UCI 0
Model_1_goa_re_2021.dat 5 2030  F_Median 0
Model_1_goa_re_2021.dat 5 2030  F_Mean 0
Model_1_goa_re_2021.dat 5 2031 F0 0 
Model_1_goa_re_2021.dat 5 2031 Fabc 0.0381281
Model_1_goa_re_2021.dat 5 2031 Fofl 0.0459618
Model_1_goa_re_2021.dat 5 2031  F_LCI 0
Model_1_goa_re_2021.dat 5 2031  F_UCI 0
Model_1_goa_re_2021.dat 5 2031  F_Median 0
Model_1_goa_re_2021.dat 5 2031  F_Mean 0
Model_1_goa_re_2021.dat 5 2032 F0 0 
Model_1_goa_re_2021.dat 5 2032 Fabc 0.0381281
Model_1_goa_re_2021.dat 5 2032 Fofl 0.0459618
Model_1_goa_re_2021.dat 5 2032  F_LCI 0
Model_1_goa_re_2021.dat 5 2032  F_UCI 0
Model_1_goa_re_2021.dat 5 2032  F_Median 0
Model_1_goa_re_2021.dat 5 2032  F_Mean 0
Model_1_goa_re_2021.dat 5 2033 F0 0 
Model_1_goa_re_2021.dat 5 2033 Fabc 0.0381281
Model_1_goa_re_2021.dat 5 2033 Fofl 0.0459618
Model_1_goa_re_2021.dat 5 2033  F_LCI 0
Model_1_goa_re_2021.dat 5 2033  F_UCI 0
Model_1_goa_re_2021.dat 5 2033  F_Median 0
Model_1_goa_re_2021.dat 5 2033  F_Mean 0
Model_1_goa_re_2021.dat 5 2034 F0 0 
Model_1_goa_re_2021.dat 5 2034 Fabc 0.0381281
Model_1_goa_re_2021.dat 5 2034 Fofl 0.0459618
Model_1_goa_re_2021.dat 5 2034  F_LCI 0
Model_1_goa_re_2021.dat 5 2034  F_UCI 0
Model_1_goa_re_2021.dat 5 2034  F_Median 0
Model_1_goa_re_2021.dat 5 2034  F_Mean 0
Model_1_goa_re_2021.dat 6 2021 Cabc 0.574153
Model_1_goa_re_2021.dat 6 2021 Cofl 0.615453
Model_1_goa_re_2021.dat 6 2021 CLCI 0.407204
Model_1_goa_re_2021.dat 6 2021 CUCI 0.407204
Model_1_goa_re_2021.dat 6 2021 CMedian 0.407204
Model_1_goa_re_2021.dat 6 2021 CMean 0.407204
Model_1_goa_re_2021.dat 6 2022 Cabc 0.574153
Model_1_goa_re_2021.dat 6 2022 Cofl 0.615453
Model_1_goa_re_2021.dat 6 2022 CLCI 0.945653
Model_1_goa_re_2021.dat 6 2022 CUCI 0.945655
Model_1_goa_re_2021.dat 6 2022 CMedian 0.945654
Model_1_goa_re_2021.dat 6 2022 CMean 0.945654
Model_1_goa_re_2021.dat 6 2023 Cabc 0.574153
Model_1_goa_re_2021.dat 6 2023 Cofl 0.615453
Model_1_goa_re_2021.dat 6 2023 CLCI 0.910863
Model_1_goa_re_2021.dat 6 2023 CUCI 0.910871
Model_1_goa_re_2021.dat 6 2023 CMedian 0.910866
Model_1_goa_re_2021.dat 6 2023 CMean 0.910867
Model_1_goa_re_2021.dat 6 2024 Cabc 0.574153
Model_1_goa_re_2021.dat 6 2024 Cofl 0.615453
Model_1_goa_re_2021.dat 6 2024 CLCI 0.885181
Model_1_goa_re_2021.dat 6 2024 CUCI 0.885214
Model_1_goa_re_2021.dat 6 2024 CMedian 0.885194
Model_1_goa_re_2021.dat 6 2024 CMean 0.885195
Model_1_goa_re_2021.dat 6 2025 Cabc 0.574153
Model_1_goa_re_2021.dat 6 2025 Cofl 0.615453
Model_1_goa_re_2021.dat 6 2025 CLCI 0.869896
Model_1_goa_re_2021.dat 6 2025 CUCI 0.870017
Model_1_goa_re_2021.dat 6 2025 CMedian 0.869943
Model_1_goa_re_2021.dat 6 2025 CMean 0.869947
Model_1_goa_re_2021.dat 6 2026 Cabc 0.574153
Model_1_goa_re_2021.dat 6 2026 Cofl 0.615453
Model_1_goa_re_2021.dat 6 2026 CLCI 0.864797
Model_1_goa_re_2021.dat 6 2026 CUCI 0.865187
Model_1_goa_re_2021.dat 6 2026 CMedian 0.864948
Model_1_goa_re_2021.dat 6 2026 CMean 0.864962
Model_1_goa_re_2021.dat 6 2027 Cabc 0.574153
Model_1_goa_re_2021.dat 6 2027 Cofl 0.615453
Model_1_goa_re_2021.dat 6 2027 CLCI 0.834125
Model_1_goa_re_2021.dat 6 2027 CUCI 0.835166
Model_1_goa_re_2021.dat 6 2027 CMedian 0.834525
Model_1_goa_re_2021.dat 6 2027 CMean 0.834569
Model_1_goa_re_2021.dat 6 2028 Cabc 0.574153
Model_1_goa_re_2021.dat 6 2028 Cofl 0.615453
Model_1_goa_re_2021.dat 6 2028 CLCI 0.804867
Model_1_goa_re_2021.dat 6 2028 CUCI 0.807054
Model_1_goa_re_2021.dat 6 2028 CMedian 0.805725
Model_1_goa_re_2021.dat 6 2028 CMean 0.805833
Model_1_goa_re_2021.dat 6 2029 Cabc 0.574153
Model_1_goa_re_2021.dat 6 2029 Cofl 0.615453
Model_1_goa_re_2021.dat 6 2029 CLCI 0.78067
Model_1_goa_re_2021.dat 6 2029 CUCI 0.784307
Model_1_goa_re_2021.dat 6 2029 CMedian 0.782088
Model_1_goa_re_2021.dat 6 2029 CMean 0.782241
Model_1_goa_re_2021.dat 6 2030 Cabc 0.574153
Model_1_goa_re_2021.dat 6 2030 Cofl 0.615453
Model_1_goa_re_2021.dat 6 2030 CLCI 0.759681
Model_1_goa_re_2021.dat 6 2030 CUCI 0.764386
Model_1_goa_re_2021.dat 6 2030 CMedian 0.761712
Model_1_goa_re_2021.dat 6 2030 CMean 0.761844
Model_1_goa_re_2021.dat 6 2031 Cabc 0.574153
Model_1_goa_re_2021.dat 6 2031 Cofl 0.615453
Model_1_goa_re_2021.dat 6 2031 CLCI 0.740528
Model_1_goa_re_2021.dat 6 2031 CUCI 0.746157
Model_1_goa_re_2021.dat 6 2031 CMedian 0.743028
Model_1_goa_re_2021.dat 6 2031 CMean 0.743165
Model_1_goa_re_2021.dat 6 2032 Cabc 0.574153
Model_1_goa_re_2021.dat 6 2032 Cofl 0.615453
Model_1_goa_re_2021.dat 6 2032 CLCI 0.724401
Model_1_goa_re_2021.dat 6 2032 CUCI 0.730894
Model_1_goa_re_2021.dat 6 2032 CMedian 0.72733
Model_1_goa_re_2021.dat 6 2032 CMean 0.727458
Model_1_goa_re_2021.dat 6 2033 Cabc 0.574153
Model_1_goa_re_2021.dat 6 2033 Cofl 0.615453
Model_1_goa_re_2021.dat 6 2033 CLCI 0.710575
Model_1_goa_re_2021.dat 6 2033 CUCI 0.719266
Model_1_goa_re_2021.dat 6 2033 CMedian 0.714391
Model_1_goa_re_2021.dat 6 2033 CMean 0.714477
Model_1_goa_re_2021.dat 6 2034 Cabc 0.574153
Model_1_goa_re_2021.dat 6 2034 Cofl 0.615453
Model_1_goa_re_2021.dat 6 2034 CLCI 0.69725
Model_1_goa_re_2021.dat 6 2034 CUCI 0.712602
Model_1_goa_re_2021.dat 6 2034 CMedian 0.703306
Model_1_goa_re_2021.dat 6 2034 CMean 0.703923
Model_1_goa_re_2021.dat 6 2021 SSBF100 14.7763
Model_1_goa_re_2021.dat 6 2021 SSBFabc 5.91051
Model_1_goa_re_2021.dat 6 2021 SSBFofl 5.1717
Model_1_goa_re_2021.dat 6 2021 SSBLCI 8.68089
Model_1_goa_re_2021.dat 6 2021 SSBUCI 8.68089
Model_1_goa_re_2021.dat 6 2021 SSBMedian 8.68089
Model_1_goa_re_2021.dat 6 2021 SSBMean 8.68089
Model_1_goa_re_2021.dat 6 2022 SSBF100 14.7763
Model_1_goa_re_2021.dat 6 2022 SSBFabc 5.91051
Model_1_goa_re_2021.dat 6 2022 SSBFofl 5.1717
Model_1_goa_re_2021.dat 6 2022 SSBLCI 8.53718
Model_1_goa_re_2021.dat 6 2022 SSBUCI 8.53718
Model_1_goa_re_2021.dat 6 2022 SSBMedian 8.53718
Model_1_goa_re_2021.dat 6 2022 SSBMean 8.53718
Model_1_goa_re_2021.dat 6 2023 SSBF100 14.7763
Model_1_goa_re_2021.dat 6 2023 SSBFabc 5.91051
Model_1_goa_re_2021.dat 6 2023 SSBFofl 5.1717
Model_1_goa_re_2021.dat 6 2023 SSBLCI 8.27881
Model_1_goa_re_2021.dat 6 2023 SSBUCI 8.27881
Model_1_goa_re_2021.dat 6 2023 SSBMedian 8.27881
Model_1_goa_re_2021.dat 6 2023 SSBMean 8.27881
Model_1_goa_re_2021.dat 6 2024 SSBF100 14.7763
Model_1_goa_re_2021.dat 6 2024 SSBFabc 5.91051
Model_1_goa_re_2021.dat 6 2024 SSBFofl 5.1717
Model_1_goa_re_2021.dat 6 2024 SSBLCI 8.02813
Model_1_goa_re_2021.dat 6 2024 SSBUCI 8.02813
Model_1_goa_re_2021.dat 6 2024 SSBMedian 8.02813
Model_1_goa_re_2021.dat 6 2024 SSBMean 8.02813
Model_1_goa_re_2021.dat 6 2025 SSBF100 14.7763
Model_1_goa_re_2021.dat 6 2025 SSBFabc 5.91051
Model_1_goa_re_2021.dat 6 2025 SSBFofl 5.1717
Model_1_goa_re_2021.dat 6 2025 SSBLCI 7.80221
Model_1_goa_re_2021.dat 6 2025 SSBUCI 7.80221
Model_1_goa_re_2021.dat 6 2025 SSBMedian 7.80221
Model_1_goa_re_2021.dat 6 2025 SSBMean 7.80221
Model_1_goa_re_2021.dat 6 2026 SSBF100 14.7763
Model_1_goa_re_2021.dat 6 2026 SSBFabc 5.91051
Model_1_goa_re_2021.dat 6 2026 SSBFofl 5.1717
Model_1_goa_re_2021.dat 6 2026 SSBLCI 7.58951
Model_1_goa_re_2021.dat 6 2026 SSBUCI 7.58972
Model_1_goa_re_2021.dat 6 2026 SSBMedian 7.58958
Model_1_goa_re_2021.dat 6 2026 SSBMean 7.5896
Model_1_goa_re_2021.dat 6 2027 SSBF100 14.7763
Model_1_goa_re_2021.dat 6 2027 SSBFabc 5.91051
Model_1_goa_re_2021.dat 6 2027 SSBFofl 5.1717
Model_1_goa_re_2021.dat 6 2027 SSBLCI 7.38167
Model_1_goa_re_2021.dat 6 2027 SSBUCI 7.38219
Model_1_goa_re_2021.dat 6 2027 SSBMedian 7.38187
Model_1_goa_re_2021.dat 6 2027 SSBMean 7.3819
Model_1_goa_re_2021.dat 6 2028 SSBF100 14.7763
Model_1_goa_re_2021.dat 6 2028 SSBFabc 5.91051
Model_1_goa_re_2021.dat 6 2028 SSBFofl 5.1717
Model_1_goa_re_2021.dat 6 2028 SSBLCI 7.17842
Model_1_goa_re_2021.dat 6 2028 SSBUCI 7.17964
Model_1_goa_re_2021.dat 6 2028 SSBMedian 7.17891
Model_1_goa_re_2021.dat 6 2028 SSBMean 7.17895
Model_1_goa_re_2021.dat 6 2029 SSBF100 14.7763
Model_1_goa_re_2021.dat 6 2029 SSBFabc 5.91051
Model_1_goa_re_2021.dat 6 2029 SSBFofl 5.1717
Model_1_goa_re_2021.dat 6 2029 SSBLCI 6.98115
Model_1_goa_re_2021.dat 6 2029 SSBUCI 6.98461
Model_1_goa_re_2021.dat 6 2029 SSBMedian 6.98248
Model_1_goa_re_2021.dat 6 2029 SSBMean 6.98261
Model_1_goa_re_2021.dat 6 2030 SSBF100 14.7763
Model_1_goa_re_2021.dat 6 2030 SSBFabc 5.91051
Model_1_goa_re_2021.dat 6 2030 SSBFofl 5.1717
Model_1_goa_re_2021.dat 6 2030 SSBLCI 6.79152
Model_1_goa_re_2021.dat 6 2030 SSBUCI 6.80032
Model_1_goa_re_2021.dat 6 2030 SSBMedian 6.79489
Model_1_goa_re_2021.dat 6 2030 SSBMean 6.79528
Model_1_goa_re_2021.dat 6 2031 SSBF100 14.7763
Model_1_goa_re_2021.dat 6 2031 SSBFabc 5.91051
Model_1_goa_re_2021.dat 6 2031 SSBFofl 5.1717
Model_1_goa_re_2021.dat 6 2031 SSBLCI 6.61348
Model_1_goa_re_2021.dat 6 2031 SSBUCI 6.63236
Model_1_goa_re_2021.dat 6 2031 SSBMedian 6.6208
Model_1_goa_re_2021.dat 6 2031 SSBMean 6.62174
Model_1_goa_re_2021.dat 6 2032 SSBF100 14.7763
Model_1_goa_re_2021.dat 6 2032 SSBFabc 5.91051
Model_1_goa_re_2021.dat 6 2032 SSBFofl 5.1717
Model_1_goa_re_2021.dat 6 2032 SSBLCI 6.4409
Model_1_goa_re_2021.dat 6 2032 SSBUCI 6.47859
Model_1_goa_re_2021.dat 6 2032 SSBMedian 6.45553
Model_1_goa_re_2021.dat 6 2032 SSBMean 6.45726
Model_1_goa_re_2021.dat 6 2033 SSBF100 14.7763
Model_1_goa_re_2021.dat 6 2033 SSBFabc 5.91051
Model_1_goa_re_2021.dat 6 2033 SSBFofl 5.1717
Model_1_goa_re_2021.dat 6 2033 SSBLCI 6.28291
Model_1_goa_re_2021.dat 6 2033 SSBUCI 6.35098
Model_1_goa_re_2021.dat 6 2033 SSBMedian 6.30901
Model_1_goa_re_2021.dat 6 2033 SSBMean 6.31228
Model_1_goa_re_2021.dat 6 2034 SSBF100 14.7763
Model_1_goa_re_2021.dat 6 2034 SSBFabc 5.91051
Model_1_goa_re_2021.dat 6 2034 SSBFofl 5.1717
Model_1_goa_re_2021.dat 6 2034 SSBLCI 6.13687
Model_1_goa_re_2021.dat 6 2034 SSBUCI 6.25103
Model_1_goa_re_2021.dat 6 2034 SSBMedian 6.1826
Model_1_goa_re_2021.dat 6 2034 SSBMean 6.18694
Model_1_goa_re_2021.dat 6 2021 F0 0 
Model_1_goa_re_2021.dat 6 2021 Fabc 0.0381281
Model_1_goa_re_2021.dat 6 2021 Fofl 0.0459618
Model_1_goa_re_2021.dat 6 2021  F_LCI 0.0194333
Model_1_goa_re_2021.dat 6 2021  F_UCI 0.0194333
Model_1_goa_re_2021.dat 6 2021  F_Median 0.0194333
Model_1_goa_re_2021.dat 6 2021  F_Mean 0.0194333
Model_1_goa_re_2021.dat 6 2022 F0 0 
Model_1_goa_re_2021.dat 6 2022 Fabc 0.0381281
Model_1_goa_re_2021.dat 6 2022 Fofl 0.0459618
Model_1_goa_re_2021.dat 6 2022  F_LCI 0.0459617
Model_1_goa_re_2021.dat 6 2022  F_UCI 0.0459617
Model_1_goa_re_2021.dat 6 2022  F_Median 0.0459617
Model_1_goa_re_2021.dat 6 2022  F_Mean 0.0459617
Model_1_goa_re_2021.dat 6 2023 F0 0 
Model_1_goa_re_2021.dat 6 2023 Fabc 0.0381281
Model_1_goa_re_2021.dat 6 2023 Fofl 0.0459618
Model_1_goa_re_2021.dat 6 2023  F_LCI 0.0459618
Model_1_goa_re_2021.dat 6 2023  F_UCI 0.0459618
Model_1_goa_re_2021.dat 6 2023  F_Median 0.0459618
Model_1_goa_re_2021.dat 6 2023  F_Mean 0.0459618
Model_1_goa_re_2021.dat 6 2024 F0 0 
Model_1_goa_re_2021.dat 6 2024 Fabc 0.0381281
Model_1_goa_re_2021.dat 6 2024 Fofl 0.0459618
Model_1_goa_re_2021.dat 6 2024  F_LCI 0.0459618
Model_1_goa_re_2021.dat 6 2024  F_UCI 0.0459618
Model_1_goa_re_2021.dat 6 2024  F_Median 0.0459618
Model_1_goa_re_2021.dat 6 2024  F_Mean 0.0459618
Model_1_goa_re_2021.dat 6 2025 F0 0 
Model_1_goa_re_2021.dat 6 2025 Fabc 0.0381281
Model_1_goa_re_2021.dat 6 2025 Fofl 0.0459618
Model_1_goa_re_2021.dat 6 2025  F_LCI 0.0459618
Model_1_goa_re_2021.dat 6 2025  F_UCI 0.0459618
Model_1_goa_re_2021.dat 6 2025  F_Median 0.0459618
Model_1_goa_re_2021.dat 6 2025  F_Mean 0.0459618
Model_1_goa_re_2021.dat 6 2026 F0 0 
Model_1_goa_re_2021.dat 6 2026 Fabc 0.0381281
Model_1_goa_re_2021.dat 6 2026 Fofl 0.0459618
Model_1_goa_re_2021.dat 6 2026  F_LCI 0.0459618
Model_1_goa_re_2021.dat 6 2026  F_UCI 0.0459618
Model_1_goa_re_2021.dat 6 2026  F_Median 0.0459618
Model_1_goa_re_2021.dat 6 2026  F_Mean 0.0459618
Model_1_goa_re_2021.dat 6 2027 F0 0 
Model_1_goa_re_2021.dat 6 2027 Fabc 0.0381281
Model_1_goa_re_2021.dat 6 2027 Fofl 0.0459618
Model_1_goa_re_2021.dat 6 2027  F_LCI 0.0459618
Model_1_goa_re_2021.dat 6 2027  F_UCI 0.0459618
Model_1_goa_re_2021.dat 6 2027  F_Median 0.0459618
Model_1_goa_re_2021.dat 6 2027  F_Mean 0.0459618
Model_1_goa_re_2021.dat 6 2028 F0 0 
Model_1_goa_re_2021.dat 6 2028 Fabc 0.0381281
Model_1_goa_re_2021.dat 6 2028 Fofl 0.0459618
Model_1_goa_re_2021.dat 6 2028  F_LCI 0.0459618
Model_1_goa_re_2021.dat 6 2028  F_UCI 0.0459618
Model_1_goa_re_2021.dat 6 2028  F_Median 0.0459618
Model_1_goa_re_2021.dat 6 2028  F_Mean 0.0459618
Model_1_goa_re_2021.dat 6 2029 F0 0 
Model_1_goa_re_2021.dat 6 2029 Fabc 0.0381281
Model_1_goa_re_2021.dat 6 2029 Fofl 0.0459618
Model_1_goa_re_2021.dat 6 2029  F_LCI 0.0459618
Model_1_goa_re_2021.dat 6 2029  F_UCI 0.0459618
Model_1_goa_re_2021.dat 6 2029  F_Median 0.0459618
Model_1_goa_re_2021.dat 6 2029  F_Mean 0.0459618
Model_1_goa_re_2021.dat 6 2030 F0 0 
Model_1_goa_re_2021.dat 6 2030 Fabc 0.0381281
Model_1_goa_re_2021.dat 6 2030 Fofl 0.0459618
Model_1_goa_re_2021.dat 6 2030  F_LCI 0.0459618
Model_1_goa_re_2021.dat 6 2030  F_UCI 0.0459618
Model_1_goa_re_2021.dat 6 2030  F_Median 0.0459618
Model_1_goa_re_2021.dat 6 2030  F_Mean 0.0459618
Model_1_goa_re_2021.dat 6 2031 F0 0 
Model_1_goa_re_2021.dat 6 2031 Fabc 0.0381281
Model_1_goa_re_2021.dat 6 2031 Fofl 0.0459618
Model_1_goa_re_2021.dat 6 2031  F_LCI 0.0459618
Model_1_goa_re_2021.dat 6 2031  F_UCI 0.0459618
Model_1_goa_re_2021.dat 6 2031  F_Median 0.0459618
Model_1_goa_re_2021.dat 6 2031  F_Mean 0.0459618
Model_1_goa_re_2021.dat 6 2032 F0 0 
Model_1_goa_re_2021.dat 6 2032 Fabc 0.0381281
Model_1_goa_re_2021.dat 6 2032 Fofl 0.0459618
Model_1_goa_re_2021.dat 6 2032  F_LCI 0.0459618
Model_1_goa_re_2021.dat 6 2032  F_UCI 0.0459618
Model_1_goa_re_2021.dat 6 2032  F_Median 0.0459618
Model_1_goa_re_2021.dat 6 2032  F_Mean 0.0459618
Model_1_goa_re_2021.dat 6 2033 F0 0 
Model_1_goa_re_2021.dat 6 2033 Fabc 0.0381281
Model_1_goa_re_2021.dat 6 2033 Fofl 0.0459618
Model_1_goa_re_2021.dat 6 2033  F_LCI 0.0459618
Model_1_goa_re_2021.dat 6 2033  F_UCI 0.0459618
Model_1_goa_re_2021.dat 6 2033  F_Median 0.0459618
Model_1_goa_re_2021.dat 6 2033  F_Mean 0.0459618
Model_1_goa_re_2021.dat 6 2034 F0 0 
Model_1_goa_re_2021.dat 6 2034 Fabc 0.0381281
Model_1_goa_re_2021.dat 6 2034 Fofl 0.0459618
Model_1_goa_re_2021.dat 6 2034  F_LCI 0.0459618
Model_1_goa_re_2021.dat 6 2034  F_UCI 0.0459618
Model_1_goa_re_2021.dat 6 2034  F_Median 0.0459618
Model_1_goa_re_2021.dat 6 2034  F_Mean 0.0459618
Model_1_goa_re_2021.dat 7 2021 Cabc 0.574153
Model_1_goa_re_2021.dat 7 2021 Cofl 0.615453
Model_1_goa_re_2021.dat 7 2021 CLCI 0.407204
Model_1_goa_re_2021.dat 7 2021 CUCI 0.407204
Model_1_goa_re_2021.dat 7 2021 CMedian 0.407204
Model_1_goa_re_2021.dat 7 2021 CMean 0.407204
Model_1_goa_re_2021.dat 7 2022 Cabc 0.574153
Model_1_goa_re_2021.dat 7 2022 Cofl 0.615453
Model_1_goa_re_2021.dat 7 2022 CLCI 0.787452
Model_1_goa_re_2021.dat 7 2022 CUCI 0.787454
Model_1_goa_re_2021.dat 7 2022 CMedian 0.787453
Model_1_goa_re_2021.dat 7 2022 CMean 0.787453
Model_1_goa_re_2021.dat 7 2023 Cabc 0.574153
Model_1_goa_re_2021.dat 7 2023 Cofl 0.615453
Model_1_goa_re_2021.dat 7 2023 CLCI 0.764187
Model_1_goa_re_2021.dat 7 2023 CUCI 0.764193
Model_1_goa_re_2021.dat 7 2023 CMedian 0.764189
Model_1_goa_re_2021.dat 7 2023 CMean 0.764189
Model_1_goa_re_2021.dat 7 2024 Cabc 0.574153
Model_1_goa_re_2021.dat 7 2024 Cofl 0.615453
Model_1_goa_re_2021.dat 7 2024 CLCI 0.898277
Model_1_goa_re_2021.dat 7 2024 CUCI 0.89831
Model_1_goa_re_2021.dat 7 2024 CMedian 0.89829
Model_1_goa_re_2021.dat 7 2024 CMean 0.898291
Model_1_goa_re_2021.dat 7 2025 Cabc 0.574153
Model_1_goa_re_2021.dat 7 2025 Cofl 0.615453
Model_1_goa_re_2021.dat 7 2025 CLCI 0.882202
Model_1_goa_re_2021.dat 7 2025 CUCI 0.882323
Model_1_goa_re_2021.dat 7 2025 CMedian 0.882249
Model_1_goa_re_2021.dat 7 2025 CMean 0.882254
Model_1_goa_re_2021.dat 7 2026 Cabc 0.574153
Model_1_goa_re_2021.dat 7 2026 Cofl 0.615453
Model_1_goa_re_2021.dat 7 2026 CLCI 0.876357
Model_1_goa_re_2021.dat 7 2026 CUCI 0.876747
Model_1_goa_re_2021.dat 7 2026 CMedian 0.876508
Model_1_goa_re_2021.dat 7 2026 CMean 0.876523
Model_1_goa_re_2021.dat 7 2027 Cabc 0.574153
Model_1_goa_re_2021.dat 7 2027 Cofl 0.615453
Model_1_goa_re_2021.dat 7 2027 CLCI 0.844938
Model_1_goa_re_2021.dat 7 2027 CUCI 0.84598
Model_1_goa_re_2021.dat 7 2027 CMedian 0.845339
Model_1_goa_re_2021.dat 7 2027 CMean 0.845383
Model_1_goa_re_2021.dat 7 2028 Cabc 0.574153
Model_1_goa_re_2021.dat 7 2028 Cofl 0.615453
Model_1_goa_re_2021.dat 7 2028 CLCI 0.814974
Model_1_goa_re_2021.dat 7 2028 CUCI 0.81716
Model_1_goa_re_2021.dat 7 2028 CMedian 0.815832
Model_1_goa_re_2021.dat 7 2028 CMean 0.815939
Model_1_goa_re_2021.dat 7 2029 Cabc 0.574153
Model_1_goa_re_2021.dat 7 2029 Cofl 0.615453
Model_1_goa_re_2021.dat 7 2029 CLCI 0.790109
Model_1_goa_re_2021.dat 7 2029 CUCI 0.793745
Model_1_goa_re_2021.dat 7 2029 CMedian 0.791526
Model_1_goa_re_2021.dat 7 2029 CMean 0.79168
Model_1_goa_re_2021.dat 7 2030 Cabc 0.574153
Model_1_goa_re_2021.dat 7 2030 Cofl 0.615453
Model_1_goa_re_2021.dat 7 2030 CLCI 0.768482
Model_1_goa_re_2021.dat 7 2030 CUCI 0.773187
Model_1_goa_re_2021.dat 7 2030 CMedian 0.770513
Model_1_goa_re_2021.dat 7 2030 CMean 0.770645
Model_1_goa_re_2021.dat 7 2031 Cabc 0.574153
Model_1_goa_re_2021.dat 7 2031 Cofl 0.615453
Model_1_goa_re_2021.dat 7 2031 CLCI 0.74872
Model_1_goa_re_2021.dat 7 2031 CUCI 0.754349
Model_1_goa_re_2021.dat 7 2031 CMedian 0.75122
Model_1_goa_re_2021.dat 7 2031 CMean 0.751357
Model_1_goa_re_2021.dat 7 2032 Cabc 0.574153
Model_1_goa_re_2021.dat 7 2032 Cofl 0.615453
Model_1_goa_re_2021.dat 7 2032 CLCI 0.732016
Model_1_goa_re_2021.dat 7 2032 CUCI 0.738509
Model_1_goa_re_2021.dat 7 2032 CMedian 0.734945
Model_1_goa_re_2021.dat 7 2032 CMean 0.735073
Model_1_goa_re_2021.dat 7 2033 Cabc 0.574153
Model_1_goa_re_2021.dat 7 2033 Cofl 0.615453
Model_1_goa_re_2021.dat 7 2033 CLCI 0.717647
Model_1_goa_re_2021.dat 7 2033 CUCI 0.726338
Model_1_goa_re_2021.dat 7 2033 CMedian 0.721463
Model_1_goa_re_2021.dat 7 2033 CMean 0.721548
Model_1_goa_re_2021.dat 7 2034 Cabc 0.574153
Model_1_goa_re_2021.dat 7 2034 Cofl 0.615453
Model_1_goa_re_2021.dat 7 2034 CLCI 0.703811
Model_1_goa_re_2021.dat 7 2034 CUCI 0.719164
Model_1_goa_re_2021.dat 7 2034 CMedian 0.709868
Model_1_goa_re_2021.dat 7 2034 CMean 0.710485
Model_1_goa_re_2021.dat 7 2021 SSBF100 14.7763
Model_1_goa_re_2021.dat 7 2021 SSBFabc 5.91051
Model_1_goa_re_2021.dat 7 2021 SSBFofl 5.1717
Model_1_goa_re_2021.dat 7 2021 SSBLCI 8.68089
Model_1_goa_re_2021.dat 7 2021 SSBUCI 8.68089
Model_1_goa_re_2021.dat 7 2021 SSBMedian 8.68089
Model_1_goa_re_2021.dat 7 2021 SSBMean 8.68089
Model_1_goa_re_2021.dat 7 2022 SSBF100 14.7763
Model_1_goa_re_2021.dat 7 2022 SSBFabc 5.91051
Model_1_goa_re_2021.dat 7 2022 SSBFofl 5.1717
Model_1_goa_re_2021.dat 7 2022 SSBLCI 8.56467
Model_1_goa_re_2021.dat 7 2022 SSBUCI 8.56467
Model_1_goa_re_2021.dat 7 2022 SSBMedian 8.56467
Model_1_goa_re_2021.dat 7 2022 SSBMean 8.56467
Model_1_goa_re_2021.dat 7 2023 SSBF100 14.7763
Model_1_goa_re_2021.dat 7 2023 SSBFabc 5.91051
Model_1_goa_re_2021.dat 7 2023 SSBFofl 5.1717
Model_1_goa_re_2021.dat 7 2023 SSBLCI 8.36898
Model_1_goa_re_2021.dat 7 2023 SSBUCI 8.36898
Model_1_goa_re_2021.dat 7 2023 SSBMedian 8.36898
Model_1_goa_re_2021.dat 7 2023 SSBMean 8.36898
Model_1_goa_re_2021.dat 7 2024 SSBF100 14.7763
Model_1_goa_re_2021.dat 7 2024 SSBFabc 5.91051
Model_1_goa_re_2021.dat 7 2024 SSBFofl 5.1717
Model_1_goa_re_2021.dat 7 2024 SSBLCI 8.15025
Model_1_goa_re_2021.dat 7 2024 SSBUCI 8.15025
Model_1_goa_re_2021.dat 7 2024 SSBMedian 8.15025
Model_1_goa_re_2021.dat 7 2024 SSBMean 8.15025
Model_1_goa_re_2021.dat 7 2025 SSBF100 14.7763
Model_1_goa_re_2021.dat 7 2025 SSBFabc 5.91051
Model_1_goa_re_2021.dat 7 2025 SSBFofl 5.1717
Model_1_goa_re_2021.dat 7 2025 SSBLCI 7.91858
Model_1_goa_re_2021.dat 7 2025 SSBUCI 7.91858
Model_1_goa_re_2021.dat 7 2025 SSBMedian 7.91858
Model_1_goa_re_2021.dat 7 2025 SSBMean 7.91858
Model_1_goa_re_2021.dat 7 2026 SSBF100 14.7763
Model_1_goa_re_2021.dat 7 2026 SSBFabc 5.91051
Model_1_goa_re_2021.dat 7 2026 SSBFofl 5.1717
Model_1_goa_re_2021.dat 7 2026 SSBLCI 7.70001
Model_1_goa_re_2021.dat 7 2026 SSBUCI 7.70022
Model_1_goa_re_2021.dat 7 2026 SSBMedian 7.70008
Model_1_goa_re_2021.dat 7 2026 SSBMean 7.7001
Model_1_goa_re_2021.dat 7 2027 SSBF100 14.7763
Model_1_goa_re_2021.dat 7 2027 SSBFabc 5.91051
Model_1_goa_re_2021.dat 7 2027 SSBFofl 5.1717
Model_1_goa_re_2021.dat 7 2027 SSBLCI 7.48619
Model_1_goa_re_2021.dat 7 2027 SSBUCI 7.48671
Model_1_goa_re_2021.dat 7 2027 SSBMedian 7.48639
Model_1_goa_re_2021.dat 7 2027 SSBMean 7.48642
Model_1_goa_re_2021.dat 7 2028 SSBF100 14.7763
Model_1_goa_re_2021.dat 7 2028 SSBFabc 5.91051
Model_1_goa_re_2021.dat 7 2028 SSBFofl 5.1717
Model_1_goa_re_2021.dat 7 2028 SSBLCI 7.27693
Model_1_goa_re_2021.dat 7 2028 SSBUCI 7.27815
Model_1_goa_re_2021.dat 7 2028 SSBMedian 7.27741
Model_1_goa_re_2021.dat 7 2028 SSBMean 7.27746
Model_1_goa_re_2021.dat 7 2029 SSBF100 14.7763
Model_1_goa_re_2021.dat 7 2029 SSBFabc 5.91051
Model_1_goa_re_2021.dat 7 2029 SSBFofl 5.1717
Model_1_goa_re_2021.dat 7 2029 SSBLCI 7.07373
Model_1_goa_re_2021.dat 7 2029 SSBUCI 7.07718
Model_1_goa_re_2021.dat 7 2029 SSBMedian 7.07506
Model_1_goa_re_2021.dat 7 2029 SSBMean 7.07519
Model_1_goa_re_2021.dat 7 2030 SSBF100 14.7763
Model_1_goa_re_2021.dat 7 2030 SSBFabc 5.91051
Model_1_goa_re_2021.dat 7 2030 SSBFofl 5.1717
Model_1_goa_re_2021.dat 7 2030 SSBLCI 6.87831
Model_1_goa_re_2021.dat 7 2030 SSBUCI 6.88711
Model_1_goa_re_2021.dat 7 2030 SSBMedian 6.88168
Model_1_goa_re_2021.dat 7 2030 SSBMean 6.88207
Model_1_goa_re_2021.dat 7 2031 SSBF100 14.7763
Model_1_goa_re_2021.dat 7 2031 SSBFabc 5.91051
Model_1_goa_re_2021.dat 7 2031 SSBFofl 5.1717
Model_1_goa_re_2021.dat 7 2031 SSBLCI 6.6947
Model_1_goa_re_2021.dat 7 2031 SSBUCI 6.71358
Model_1_goa_re_2021.dat 7 2031 SSBMedian 6.70203
Model_1_goa_re_2021.dat 7 2031 SSBMean 6.70297
Model_1_goa_re_2021.dat 7 2032 SSBF100 14.7763
Model_1_goa_re_2021.dat 7 2032 SSBFabc 5.91051
Model_1_goa_re_2021.dat 7 2032 SSBFofl 5.1717
Model_1_goa_re_2021.dat 7 2032 SSBLCI 6.51666
Model_1_goa_re_2021.dat 7 2032 SSBUCI 6.55434
Model_1_goa_re_2021.dat 7 2032 SSBMedian 6.53128
Model_1_goa_re_2021.dat 7 2032 SSBMean 6.53301
Model_1_goa_re_2021.dat 7 2033 SSBF100 14.7763
Model_1_goa_re_2021.dat 7 2033 SSBFabc 5.91051
Model_1_goa_re_2021.dat 7 2033 SSBFofl 5.1717
Model_1_goa_re_2021.dat 7 2033 SSBLCI 6.35341
Model_1_goa_re_2021.dat 7 2033 SSBUCI 6.42148
Model_1_goa_re_2021.dat 7 2033 SSBMedian 6.37952
Model_1_goa_re_2021.dat 7 2033 SSBMean 6.38279
Model_1_goa_re_2021.dat 7 2034 SSBF100 14.7763
Model_1_goa_re_2021.dat 7 2034 SSBFabc 5.91051
Model_1_goa_re_2021.dat 7 2034 SSBFofl 5.1717
Model_1_goa_re_2021.dat 7 2034 SSBLCI 6.20241
Model_1_goa_re_2021.dat 7 2034 SSBUCI 6.31657
Model_1_goa_re_2021.dat 7 2034 SSBMedian 6.24814
Model_1_goa_re_2021.dat 7 2034 SSBMean 6.25247
Model_1_goa_re_2021.dat 7 2021 F0 0 
Model_1_goa_re_2021.dat 7 2021 Fabc 0.0381281
Model_1_goa_re_2021.dat 7 2021 Fofl 0.0459618
Model_1_goa_re_2021.dat 7 2021  F_LCI 0.0194333
Model_1_goa_re_2021.dat 7 2021  F_UCI 0.0194333
Model_1_goa_re_2021.dat 7 2021  F_Median 0.0194333
Model_1_goa_re_2021.dat 7 2021  F_Mean 0.0194333
Model_1_goa_re_2021.dat 7 2022 F0 0 
Model_1_goa_re_2021.dat 7 2022 Fabc 0.0381281
Model_1_goa_re_2021.dat 7 2022 Fofl 0.0459618
Model_1_goa_re_2021.dat 7 2022  F_LCI 0.0381281
Model_1_goa_re_2021.dat 7 2022  F_UCI 0.0381281
Model_1_goa_re_2021.dat 7 2022  F_Median 0.0381281
Model_1_goa_re_2021.dat 7 2022  F_Mean 0.0381281
Model_1_goa_re_2021.dat 7 2023 F0 0 
Model_1_goa_re_2021.dat 7 2023 Fabc 0.0381281
Model_1_goa_re_2021.dat 7 2023 Fofl 0.0459618
Model_1_goa_re_2021.dat 7 2023  F_LCI 0.0381281
Model_1_goa_re_2021.dat 7 2023  F_UCI 0.0381281
Model_1_goa_re_2021.dat 7 2023  F_Median 0.0381281
Model_1_goa_re_2021.dat 7 2023  F_Mean 0.0381281
Model_1_goa_re_2021.dat 7 2024 F0 0 
Model_1_goa_re_2021.dat 7 2024 Fabc 0.0381281
Model_1_goa_re_2021.dat 7 2024 Fofl 0.0459618
Model_1_goa_re_2021.dat 7 2024  F_LCI 0.0459618
Model_1_goa_re_2021.dat 7 2024  F_UCI 0.0459618
Model_1_goa_re_2021.dat 7 2024  F_Median 0.0459618
Model_1_goa_re_2021.dat 7 2024  F_Mean 0.0459618
Model_1_goa_re_2021.dat 7 2025 F0 0 
Model_1_goa_re_2021.dat 7 2025 Fabc 0.0381281
Model_1_goa_re_2021.dat 7 2025 Fofl 0.0459618
Model_1_goa_re_2021.dat 7 2025  F_LCI 0.0459618
Model_1_goa_re_2021.dat 7 2025  F_UCI 0.0459618
Model_1_goa_re_2021.dat 7 2025  F_Median 0.0459618
Model_1_goa_re_2021.dat 7 2025  F_Mean 0.0459618
Model_1_goa_re_2021.dat 7 2026 F0 0 
Model_1_goa_re_2021.dat 7 2026 Fabc 0.0381281
Model_1_goa_re_2021.dat 7 2026 Fofl 0.0459618
Model_1_goa_re_2021.dat 7 2026  F_LCI 0.0459618
Model_1_goa_re_2021.dat 7 2026  F_UCI 0.0459618
Model_1_goa_re_2021.dat 7 2026  F_Median 0.0459618
Model_1_goa_re_2021.dat 7 2026  F_Mean 0.0459618
Model_1_goa_re_2021.dat 7 2027 F0 0 
Model_1_goa_re_2021.dat 7 2027 Fabc 0.0381281
Model_1_goa_re_2021.dat 7 2027 Fofl 0.0459618
Model_1_goa_re_2021.dat 7 2027  F_LCI 0.0459618
Model_1_goa_re_2021.dat 7 2027  F_UCI 0.0459618
Model_1_goa_re_2021.dat 7 2027  F_Median 0.0459618
Model_1_goa_re_2021.dat 7 2027  F_Mean 0.0459618
Model_1_goa_re_2021.dat 7 2028 F0 0 
Model_1_goa_re_2021.dat 7 2028 Fabc 0.0381281
Model_1_goa_re_2021.dat 7 2028 Fofl 0.0459618
Model_1_goa_re_2021.dat 7 2028  F_LCI 0.0459618
Model_1_goa_re_2021.dat 7 2028  F_UCI 0.0459618
Model_1_goa_re_2021.dat 7 2028  F_Median 0.0459618
Model_1_goa_re_2021.dat 7 2028  F_Mean 0.0459618
Model_1_goa_re_2021.dat 7 2029 F0 0 
Model_1_goa_re_2021.dat 7 2029 Fabc 0.0381281
Model_1_goa_re_2021.dat 7 2029 Fofl 0.0459618
Model_1_goa_re_2021.dat 7 2029  F_LCI 0.0459618
Model_1_goa_re_2021.dat 7 2029  F_UCI 0.0459618
Model_1_goa_re_2021.dat 7 2029  F_Median 0.0459618
Model_1_goa_re_2021.dat 7 2029  F_Mean 0.0459618
Model_1_goa_re_2021.dat 7 2030 F0 0 
Model_1_goa_re_2021.dat 7 2030 Fabc 0.0381281
Model_1_goa_re_2021.dat 7 2030 Fofl 0.0459618
Model_1_goa_re_2021.dat 7 2030  F_LCI 0.0459618
Model_1_goa_re_2021.dat 7 2030  F_UCI 0.0459618
Model_1_goa_re_2021.dat 7 2030  F_Median 0.0459618
Model_1_goa_re_2021.dat 7 2030  F_Mean 0.0459618
Model_1_goa_re_2021.dat 7 2031 F0 0 
Model_1_goa_re_2021.dat 7 2031 Fabc 0.0381281
Model_1_goa_re_2021.dat 7 2031 Fofl 0.0459618
Model_1_goa_re_2021.dat 7 2031  F_LCI 0.0459618
Model_1_goa_re_2021.dat 7 2031  F_UCI 0.0459618
Model_1_goa_re_2021.dat 7 2031  F_Median 0.0459618
Model_1_goa_re_2021.dat 7 2031  F_Mean 0.0459618
Model_1_goa_re_2021.dat 7 2032 F0 0 
Model_1_goa_re_2021.dat 7 2032 Fabc 0.0381281
Model_1_goa_re_2021.dat 7 2032 Fofl 0.0459618
Model_1_goa_re_2021.dat 7 2032  F_LCI 0.0459618
Model_1_goa_re_2021.dat 7 2032  F_UCI 0.0459618
Model_1_goa_re_2021.dat 7 2032  F_Median 0.0459618
Model_1_goa_re_2021.dat 7 2032  F_Mean 0.0459618
Model_1_goa_re_2021.dat 7 2033 F0 0 
Model_1_goa_re_2021.dat 7 2033 Fabc 0.0381281
Model_1_goa_re_2021.dat 7 2033 Fofl 0.0459618
Model_1_goa_re_2021.dat 7 2033  F_LCI 0.0459618
Model_1_goa_re_2021.dat 7 2033  F_UCI 0.0459618
Model_1_goa_re_2021.dat 7 2033  F_Median 0.0459618
Model_1_goa_re_2021.dat 7 2033  F_Mean 0.0459618
Model_1_goa_re_2021.dat 7 2034 F0 0 
Model_1_goa_re_2021.dat 7 2034 Fabc 0.0381281
Model_1_goa_re_2021.dat 7 2034 Fofl 0.0459618
Model_1_goa_re_2021.dat 7 2034  F_LCI 0.0459618
Model_1_goa_re_2021.dat 7 2034  F_UCI 0.0459618
Model_1_goa_re_2021.dat 7 2034  F_Median 0.0459618
Model_1_goa_re_2021.dat 7 2034  F_Mean 0.0459618
