Alternative 1 Catch
     Model_16.0b 
Equil_Fabc 90158.7 
Year 
2022 66481 
2023 83799.9 
2024 73495 
2025 80839 
2026 77777.1 
2027 80536.7 
2028 84714.7 
2029 87345.6 
2030 88654.4 
2031 89114.6 
2032 89109 
2033 88865.1 
2034 88605 
2035 88577 
2036 88884.6 

Alternative 1 ABCs
     Model_16.0b 

Year 
2022 102578 
2023 98588.3 
2024 86464.1 
2025 80839 
2026 77777.1 
2027 80536.7 
2028 84714.7 
2029 87345.6 
2030 88654.4 
2031 89114.6 
2032 89109 
2033 88865.1 
2034 88605 
2035 88577 
2036 88884.6 

Alternative 1 TACs
     Model_16.0b 

Year 
2022  NA 
2023  NA 
2024  NA 
2025 80839 
2026 77777.1 
2027 80536.7 
2028 84714.7 
2029 87345.6 
2030 88654.4 
2031 89114.6 
2032 89109 
2033 88865.1 
2034 88605 
2035 88577 
2036 88884.6 

Alternative 1 Sp_Biomass
     Model_16.0b 
Equil_Fabc 112182 
Year 
2022 137805 
2023 122541 
2024 111122 
2025 105236 
2026 106221 
2027 110493 
2028 113880 
2029 116270 
2030 117263 
2031 117281 
2032 117310 
2033 117279 
2034 116943 
2035 116752 
2036 117090 

Alternative 1 Fishing Mortality
     Model_16.0b 
Equil_Fabc 0.60874 
Year 
2022 0.37197 
2023 0.503755 
2024 0.482975 
2025 0.563903 
2026 0.549328 
2027 0.552255 
2028 0.560896 
2029 0.563196 
2030 0.563517 
2031 0.564228 
2032 0.563868 
2033 0.562784 
2034 0.562439 
2035 0.563452 
2036 0.564489 

Alternative 1 Biomass
     Model_16.0b 

Year 
2022 631455 
2023 615027 
2024 606662 
2025 623219 
2026 635879 
2027 655119 
2028 668308 
2029 673907 
2030 676706 
2031 677145 
2032 675478 
2033 674184 
2034 674838 
2035 677120 
2036 676236 

Alternative 1 Implied SPR rate 
     Model_16.0b 
Equil_Fabc 0.4 
Year 
2022 0.517114 
2023 0.444118 
2024 0.454137 
2025 0.417939 
2026 0.424954 
2027 0.424269 
2028 0.420625 
2029 0.419643 
2030 0.419572 
2031 0.419342 
2032 0.419413 
2033 0.419781 
2034 0.41992 
2035 0.419453 
2036 0.419029 

  Model_16.0b 
EquilAvgAgeF0  3.71599 
EquilAvgAgeFabc  2.69344 
AvgAgeYr2036 44.4789 
Alternative 2 Catch
     Model_16.0b 
Equil_Fabc 90158.7 
Year 
2022 66481 
2023 83799.9 
2024 73495 
2025 80839 
2026 77777.1 
2027 80536.7 
2028 84714.7 
2029 87345.6 
2030 88654.4 
2031 89114.6 
2032 89109 
2033 88865.1 
2034 88605 
2035 88577 
2036 88884.6 

Alternative 2 ABCs
     Model_16.0b 

Year 
2022 102578 
2023 98588.3 
2024 86464.1 
2025 80839 
2026 77777.1 
2027 80536.7 
2028 84714.7 
2029 87345.6 
2030 88654.4 
2031 89114.6 
2032 89109 
2033 88865.1 
2034 88605 
2035 88577 
2036 88884.6 

Alternative 2 TACs
     Model_16.0b 

Year 
2022  NA 
2023  NA 
2024  NA 
2025 80839 
2026 77777.1 
2027 80536.7 
2028 84714.7 
2029 87345.6 
2030 88654.4 
2031 89114.6 
2032 89109 
2033 88865.1 
2034 88605 
2035 88577 
2036 88884.6 

Alternative 2 Sp_Biomass
     Model_16.0b 
Equil_Fabc 112182 
Year 
2022 137805 
2023 122541 
2024 111122 
2025 105236 
2026 106221 
2027 110493 
2028 113880 
2029 116270 
2030 117263 
2031 117281 
2032 117310 
2033 117279 
2034 116943 
2035 116752 
2036 117090 

Alternative 2 Fishing Mortality
     Model_16.0b 
Equil_Fabc 0.60874 
Year 
2022 0.37197 
2023 0.503755 
2024 0.482975 
2025 0.563903 
2026 0.549328 
2027 0.552255 
2028 0.560896 
2029 0.563196 
2030 0.563517 
2031 0.564228 
2032 0.563868 
2033 0.562784 
2034 0.562439 
2035 0.563452 
2036 0.564489 

Alternative 2 Biomass
     Model_16.0b 

Year 
2022 631455 
2023 615027 
2024 606662 
2025 623219 
2026 635879 
2027 655119 
2028 668308 
2029 673907 
2030 676706 
2031 677145 
2032 675478 
2033 674184 
2034 674838 
2035 677120 
2036 676236 

Alternative 2 Implied SPR rate 
     Model_16.0b 
Equil_Fabc 0.4 
Year 
2022 0.517114 
2023 0.444118 
2024 0.454137 
2025 0.417939 
2026 0.424954 
2027 0.424269 
2028 0.420625 
2029 0.419643 
2030 0.419572 
2031 0.419342 
2032 0.419413 
2033 0.419781 
2034 0.41992 
2035 0.419453 
2036 0.419029 

  Model_16.0b 
EquilAvgAgeF0  3.71599 
EquilAvgAgeFabc  2.69344 
AvgAgeYr2036 44.4789 
Alternative 3 Catch
     Model_16.0b 
Equil_Fabc 90158.7 
Year 
2022 66481 
2023 83799.9 
2024 73495 
2025 68344.2 
2026 69221 
2027 72154.2 
2028 75774.3 
2029 78666.5 
2030 80417 
2031 81152.4 
2032 81426.3 
2033 81470.7 
2034 81307.9 
2035 81190.1 
2036 81341.3 

Alternative 3 ABCs
     Model_16.0b 

Year 
2022 102578 
2023 98588.3 
2024 86464.1 
2025 80839 
2026 81957.7 
2027 86261.3 
2028 91776.5 
2029 95717.8 
2030 97920.9 
2031 98951 
2032 99362.6 
2033 99350.2 
2034 99083.2 
2035 99035.9 
2036 99369.1 

Alternative 3 TACs
     Model_16.0b 

Year 
2022  NA 
2023  NA 
2024  NA 
2025 68344.2 
2026 69221 
2027 72154.2 
2028 75774.3 
2029 78666.5 
2030 80417 
2031 81152.4 
2032 81426.3 
2033 81470.7 
2034 81307.9 
2035 81190.1 
2036 81341.3 

Alternative 3 Sp_Biomass
     Model_16.0b 
Equil_Fabc 112182 
Year 
2022 137805 
2023 122541 
2024 111122 
2025 108351 
2026 112436 
2027 118834 
2028 123992 
2029 127796 
2030 129771 
2031 130390 
2032 130740 
2033 130856 
2034 130545 
2035 130365 
2036 130744 

Alternative 3 Fishing Mortality
     Model_16.0b 
Equil_Fabc 0.60874 
Year 
2022 0.37197 
2023 0.503755 
2024 0.482975 
2025 0.466309 
2026 0.466309 
2027 0.466309 
2028 0.466309 
2029 0.466309 
2030 0.466309 
2031 0.466309 
2032 0.466309 
2033 0.466309 
2034 0.466309 
2035 0.466309 
2036 0.466309 

Alternative 3 Biomass
     Model_16.0b 

Year 
2022 631455 
2023 615027 
2024 606662 
2025 623219 
2026 647097 
2027 671754 
2028 688996 
2029 698241 
2030 703659 
2031 705684 
2032 704965 
2033 704157 
2034 704901 
2035 707148 
2036 706319 

Alternative 3 Implied SPR rate 
     Model_16.0b 
Equil_Fabc 0.4 
Year 
2022 0.517114 
2023 0.444118 
2024 0.454137 
2025 0.462515 
2026 0.462515 
2027 0.462515 
2028 0.462515 
2029 0.462515 
2030 0.462515 
2031 0.462515 
2032 0.462515 
2033 0.462515 
2034 0.462515 
2035 0.462515 
2036 0.462515 

  Model_16.0b 
EquilAvgAgeF0  3.71599 
EquilAvgAgeFabc  2.69344 
AvgAgeYr2036 45.3994 
Alternative 4 Catch
     Model_16.0b 
Equil_Fabc 90158.7 
Year 
2022 66481 
2023 83799.9 
2024 73495 
2025 21003.3 
2026 24298 
2027 27524.6 
2028 30646.8 
2029 33192.6 
2030 35022.6 
2031 36130.5 
2032 36748.2 
2033 37137.3 
2034 37319.3 
2035 37419.1 
2036 37561.6 

Alternative 4 ABCs
     Model_16.0b 

Year 
2022 102578 
2023 98588.3 
2024 86464.1 
2025 80839 
2026 97897.5 
2027 111949 
2028 124703 
2029 134763 
2030 141870 
2031 146239 
2032 148726 
2033 150326 
2034 151088 
2035 151568 
2036 152165 

Alternative 4 TACs
     Model_16.0b 

Year 
2022  NA 
2023  NA 
2024  NA 
2025 21003.3 
2026 24298 
2027 27524.6 
2028 30646.8 
2029 33192.6 
2030 35022.6 
2031 36130.5 
2032 36748.2 
2033 37137.3 
2034 37319.3 
2035 37419.1 
2036 37561.6 

Alternative 4 Sp_Biomass
     Model_16.0b 
Equil_Fabc 112182 
Year 
2022 137805 
2023 122541 
2024 111122 
2025 119949 
2026 139833 
2027 159044 
2028 174592 
2029 186748 
2030 195257 
2031 200665 
2032 204382 
2033 206960 
2034 208278 
2035 209150 
2036 210260 

Alternative 4 Fishing Mortality
     Model_16.0b 
Equil_Fabc 0.60874 
Year 
2022 0.37197 
2023 0.503755 
2024 0.482975 
2025 0.131302 
2026 0.131302 
2027 0.131302 
2028 0.131302 
2029 0.131302 
2030 0.131302 
2031 0.131302 
2032 0.131302 
2033 0.131302 
2034 0.131302 
2035 0.131302 
2036 0.131302 

Alternative 4 Biomass
     Model_16.0b 

Year 
2022 631455 
2023 615027 
2024 606662 
2025 623219 
2026 689852 
2027 746148 
2028 787778 
2029 816146 
2030 836518 
2031 849655 
2032 856897 
2033 861836 
2034 866485 
2035 871299 
2036 872217 

Alternative 4 Implied SPR rate 
     Model_16.0b 
Equil_Fabc 0.4 
Year 
2022 0.517114 
2023 0.444118 
2024 0.454137 
2025 0.75 
2026 0.75 
2027 0.75 
2028 0.75 
2029 0.75 
2030 0.75 
2031 0.75 
2032 0.75 
2033 0.75 
2034 0.75 
2035 0.75 
2036 0.75 

  Model_16.0b 
EquilAvgAgeF0  3.71599 
EquilAvgAgeFabc  2.69344 
AvgAgeYr2036 50.4404 
Alternative 5 Catch
     Model_16.0b 
Equil_Fabc 90158.7 
Year 
2022 66481 
2023 83799.9 
2024 73495 
2025  NA 
2026  NA 
2027  NA 
2028  NA 
2029  NA 
2030  NA 
2031  NA 
2032  NA 
2033  NA 
2034  NA 
2035  NA 
2036  NA 

Alternative 5 ABCs
     Model_16.0b 

Year 
2022 102578 
2023 98588.3 
2024 86464.1 
2025 80839 
2026 104526 
2027 123691 
2028 141573 
2029 156585 
2030 168069 
2031 175938 
2032 181035 
2033 184686 
2034 187020 
2035 188624 
2036 190154 

Alternative 5 TACs
     Model_16.0b 

Year 
2022  NA 
2023  NA 
2024  NA 
2025  NA 
2026  NA 
2027  NA 
2028  NA 
2029  NA 
2030  NA 
2031  NA 
2032  NA 
2033  NA 
2034  NA 
2035  NA 
2036  NA 

Alternative 5 Sp_Biomass
     Model_16.0b 
Equil_Fabc 112182 
Year 
2022 137805 
2023 122541 
2024 111122 
2025 124921 
2026 153195 
2027 180788 
2028 204444 
2029 224184 
2030 239499 
2031 250678 
2032 259050 
2033 265413 
2034 269642 
2035 272719 
2036 275526 

Alternative 5 Fishing Mortality
     Model_16.0b 
Equil_Fabc 0.60874 
Year 
2022 0.37197 
2023 0.503755 
2024 0.482975 
2025  NA 
2026  NA 
2027  NA 
2028  NA 
2029  NA 
2030  NA 
2031  NA 
2032  NA 
2033  NA 
2034  NA 
2035  NA 
2036  NA 

Alternative 5 Biomass
     Model_16.0b 

Year 
2022 631455 
2023 615027 
2024 606662 
2025 623219 
2026 708936 
2027 783248 
2028 841782 
2029 885856 
2030 920489 
2031 945953 
2032 963406 
2033 976626 
2034 987739 
2035 997501 
2036 1.00221e+06 

Alternative 5 Implied SPR rate 
     Model_16.0b 
Equil_Fabc 0.4 
Year 
2022 0.517114 
2023 0.444118 
2024 0.454137 
2025 1 
2026 1 
2027 1 
2028 1 
2029 1 
2030 1 
2031 1 
2032 1 
2033 1 
2034 1 
2035 1 
2036 1 

  Model_16.0b 
EquilAvgAgeF0  3.71599 
EquilAvgAgeFabc  2.69344 
AvgAgeYr2036 53.8664 
Alternative 6 Catch
     Model_16.0b 
Equil_Fabc 90158.7 
Year 
2022 66481 
2023 118787 
2024 84865.8 
2025 77259.5 
2026 80811 
2027 86630.1 
2028 91491 
2029 94377.6 
2030 95342.3 
2031 95520 
2032 95262.8 
2033 94991.2 
2034 94715 
2035 94591.9 
2036 94977.3 

Alternative 6 ABCs
     Model_16.0b 

Year 
2022 102578 
2023 98588.3 
2024 72133.3 
2025 65318.2 
2026 67848 
2027 72482.4 
2028 76593.8 
2029 78896.4 
2030 79743.3 
2031 79912.7 
2032 79713.7 
2033 79475.9 
2034 79259.4 
2035 79185.2 
2036 79490.3 

Alternative 6 TACs
     Model_16.0b 

Year 
2022  NA 
2023 118787 
2024 84865.8 
2025 77259.5 
2026 80811 
2027 86630.1 
2028 91491 
2029 94377.6 
2030 95342.3 
2031 95520 
2032 95262.8 
2033 94991.2 
2034 94715 
2035 94591.9 
2036 94977.3 

Alternative 6 Sp_Biomass
     Model_16.0b 
Equil_Fabc 112182 
Year 
2022 137805 
2023 113113 
2024 96078.5 
2025 92625 
2026 96169.1 
2027 100795 
2028 103763 
2029 105593 
2030 106143 
2031 105940 
2032 105926 
2033 105885 
2034 105560 
2035 105417 
2036 105799 

Alternative 6 Fishing Mortality
     Model_16.0b 
Equil_Fabc 0.60874 
Year 
2022 0.37197 
2023 0.762078 
2024 0.647326 
2025 0.621865 
2026 0.634472 
2027 0.651284 
2028 0.664372 
2029 0.669778 
2030 0.669961 
2031 0.670505 
2032 0.668777 
2033 0.667404 
2034 0.667139 
2035 0.667585 
2036 0.668659 

Alternative 6 Biomass
     Model_16.0b 

Year 
2022 631455 
2023 615027 
2024 575519 
2025 588393 
2026 611874 
2027 633722 
2028 646104 
2029 650398 
2030 651894 
2031 651629 
2032 649683 
2033 648387 
2034 649083 
2035 651418 
2036 650657 

Alternative 6 Implied SPR rate 
     Model_16.0b 
Equil_Fabc 0.4 
Year 
2022 0.517114 
2023 0.35 
2024 0.386045 
2025 0.395723 
2026 0.392777 
2027 0.387537 
2028 0.382897 
2029 0.381141 
2030 0.38116 
2031 0.381056 
2032 0.381527 
2033 0.381935 
2034 0.382021 
2035 0.381783 
2036 0.381415 

  Model_16.0b 
EquilAvgAgeF0  3.71599 
EquilAvgAgeFabc  2.69344 
AvgAgeYr2036 43.3628 
Alternative 7 Catch
     Model_16.0b 
Equil_Fabc 90158.7 
Year 
2022 66481 
2023 98588.2 
2024 80272.1 
2025 86618.4 
2026 83930.7 
2027 87523.1 
2028 91697.9 
2029 94395.6 
2030 95338 
2031 95521.2 
2032 95265.6 
2033 94992.9 
2034 94715.8 
2035 94592.2 
2036 94977.4 

Alternative 7 ABCs
     Model_16.0b 

Year 
2022 102578 
2023 98588.3 
2024 80272.2 
2025 73429.5 
2026 70518 
2027 73246.3 
2028 76767.8 
2029 78909.2 
2030 79737.9 
2031 79912.8 
2032 79715.6 
2033 79477.1 
2034 79260 
2035 79185.5 
2036 79490.4 

Alternative 7 TACs
     Model_16.0b 

Year 
2022  NA 
2023 118787 
2024 94147.3 
2025 86618.4 
2026 83930.7 
2027 87523.1 
2028 91697.9 
2029 94395.6 
2030 95338 
2031 95521.2 
2032 95265.6 
2033 94992.9 
2034 94715.8 
2035 94592.2 
2036 94977.4 

Alternative 7 Sp_Biomass
     Model_16.0b 
Equil_Fabc 112182 
Year 
2022 137805 
2023 118600 
2024 104213 
2025 97372.2 
2026 97839.8 
2027 101308 
2028 103909 
2029 105638 
2030 106163 
2031 105952 
2032 105932 
2033 105887 
2034 105562 
2035 105418 
2036 105799 

Alternative 7 Fishing Mortality
     Model_16.0b 
Equil_Fabc 0.60874 
Year 
2022 0.37197 
2023 0.608739 
2024 0.562892 
2025 0.65535 
2026 0.644657 
2027 0.653947 
2028 0.665081 
2029 0.669965 
2030 0.670046 
2031 0.670554 
2032 0.668802 
2033 0.667415 
2034 0.667143 
2035 0.667587 
2036 0.668659 

Alternative 7 Biomass
     Model_16.0b 

Year 
2022 631455 
2023 615027 
2024 593470 
2025 606706 
2026 617801 
2027 635406 
2028 646523 
2029 650488 
2030 651928 
2031 651652 
2032 649696 
2033 648393 
2034 649086 
2035 651419 
2036 650658 

Alternative 7 Implied SPR rate 
     Model_16.0b 
Equil_Fabc 0.4 
Year 
2022 0.517114 
2023 0.4 
2024 0.418064 
2025 0.383744 
2026 0.388955 
2027 0.386514 
2028 0.38263 
2029 0.38107 
2030 0.381128 
2031 0.381038 
2032 0.381518 
2033 0.381931 
2034 0.382019 
2035 0.381783 
2036 0.381415 

  Model_16.0b 
EquilAvgAgeF0  3.71599 
EquilAvgAgeFabc  2.69344 
AvgAgeYr2036 43.5133 
