Model_16.0b 1 2022 Cabc 90158.7
Model_16.0b 1 2022 Cofl 97763.1
Model_16.0b 1 2022 CLCI 66481
Model_16.0b 1 2022 CUCI 66481
Model_16.0b 1 2022 CMedian 66481
Model_16.0b 1 2022 CMean 66481
Model_16.0b 1 2022 CStdn 1.58616e-09
Model_16.0b 1 2023 Cabc 90158.7
Model_16.0b 1 2023 Cofl 97763.1
Model_16.0b 1 2023 CLCI 83799.9
Model_16.0b 1 2023 CUCI 83799.9
Model_16.0b 1 2023 CMedian 83799.9
Model_16.0b 1 2023 CMean 83799.9
Model_16.0b 1 2023 CStdn 0.000153662
Model_16.0b 1 2024 Cabc 90158.7
Model_16.0b 1 2024 Cofl 97763.1
Model_16.0b 1 2024 CLCI 73494.9
Model_16.0b 1 2024 CUCI 73495
Model_16.0b 1 2024 CMedian 73494.9
Model_16.0b 1 2024 CMean 73495
Model_16.0b 1 2024 CStdn 0.00619958
Model_16.0b 1 2025 Cabc 90158.7
Model_16.0b 1 2025 Cofl 97763.1
Model_16.0b 1 2025 CLCI 71166
Model_16.0b 1 2025 CUCI 96876.5
Model_16.0b 1 2025 CMedian 78758.1
Model_16.0b 1 2025 CMean 80839
Model_16.0b 1 2025 CStdn 8266.72
Model_16.0b 1 2026 Cabc 90158.7
Model_16.0b 1 2026 Cofl 97763.1
Model_16.0b 1 2026 CLCI 55364.1
Model_16.0b 1 2026 CUCI 107224
Model_16.0b 1 2026 CMedian 75043
Model_16.0b 1 2026 CMean 77777.1
Model_16.0b 1 2026 CStdn 16833.4
Model_16.0b 1 2027 Cabc 90158.7
Model_16.0b 1 2027 Cofl 97763.1
Model_16.0b 1 2027 CLCI 49254.4
Model_16.0b 1 2027 CUCI 118114
Model_16.0b 1 2027 CMedian 77801.6
Model_16.0b 1 2027 CMean 80536.7
Model_16.0b 1 2027 CStdn 21724
Model_16.0b 1 2028 Cabc 90158.7
Model_16.0b 1 2028 Cofl 97763.1
Model_16.0b 1 2028 CLCI 48753
Model_16.0b 1 2028 CUCI 125866
Model_16.0b 1 2028 CMedian 83719
Model_16.0b 1 2028 CMean 84714.7
Model_16.0b 1 2028 CStdn 23368.9
Model_16.0b 1 2029 Cabc 90158.7
Model_16.0b 1 2029 Cofl 97763.1
Model_16.0b 1 2029 CLCI 49057
Model_16.0b 1 2029 CUCI 125675
Model_16.0b 1 2029 CMedian 86452.6
Model_16.0b 1 2029 CMean 87345.6
Model_16.0b 1 2029 CStdn 24848.4
Model_16.0b 1 2030 Cabc 90158.7
Model_16.0b 1 2030 Cofl 97763.1
Model_16.0b 1 2030 CLCI 49321
Model_16.0b 1 2030 CUCI 132010
Model_16.0b 1 2030 CMedian 89352.8
Model_16.0b 1 2030 CMean 88654.4
Model_16.0b 1 2030 CStdn 25926.4
Model_16.0b 1 2031 Cabc 90158.7
Model_16.0b 1 2031 Cofl 97763.1
Model_16.0b 1 2031 CLCI 49326.5
Model_16.0b 1 2031 CUCI 133609
Model_16.0b 1 2031 CMedian 89682.3
Model_16.0b 1 2031 CMean 89114.6
Model_16.0b 1 2031 CStdn 25988.3
Model_16.0b 1 2032 Cabc 90158.7
Model_16.0b 1 2032 Cofl 97763.1
Model_16.0b 1 2032 CLCI 48499.4
Model_16.0b 1 2032 CUCI 132479
Model_16.0b 1 2032 CMedian 88803.5
Model_16.0b 1 2032 CMean 89109
Model_16.0b 1 2032 CStdn 26176.2
Model_16.0b 1 2033 Cabc 90158.7
Model_16.0b 1 2033 Cofl 97763.1
Model_16.0b 1 2033 CLCI 50175.8
Model_16.0b 1 2033 CUCI 134981
Model_16.0b 1 2033 CMedian 88274.1
Model_16.0b 1 2033 CMean 88865.1
Model_16.0b 1 2033 CStdn 26513.4
Model_16.0b 1 2034 Cabc 90158.7
Model_16.0b 1 2034 Cofl 97763.1
Model_16.0b 1 2034 CLCI 51047.3
Model_16.0b 1 2034 CUCI 135081
Model_16.0b 1 2034 CMedian 88282.6
Model_16.0b 1 2034 CMean 88605
Model_16.0b 1 2034 CStdn 26478.7
Model_16.0b 1 2035 Cabc 90158.7
Model_16.0b 1 2035 Cofl 97763.1
Model_16.0b 1 2035 CLCI 50239.5
Model_16.0b 1 2035 CUCI 135030
Model_16.0b 1 2035 CMedian 88306
Model_16.0b 1 2035 CMean 88577
Model_16.0b 1 2035 CStdn 26341.6
Model_16.0b 1 2036 Cabc 90158.7
Model_16.0b 1 2036 Cofl 97763.1
Model_16.0b 1 2036 CLCI 51636.9
Model_16.0b 1 2036 CUCI 131597
Model_16.0b 1 2036 CMedian 88832
Model_16.0b 1 2036 CMean 88884.6
Model_16.0b 1 2036 CStdn 26298.9
Model_16.0b 1 2022 SSBF100 280456
Model_16.0b 1 2022 SSBFabc 112182
Model_16.0b 1 2022 SSBFofl 98159.5
Model_16.0b 1 2022 SSBLCI 137805
Model_16.0b 1 2022 SSBUCI 137805
Model_16.0b 1 2022 SSBMedian 137805
Model_16.0b 1 2022 SSBMean 137805
Model_16.0b 1 2023 SSBF100 280456
Model_16.0b 1 2023 SSBFabc 112182
Model_16.0b 1 2023 SSBFofl 98159.5
Model_16.0b 1 2023 SSBLCI 122497
Model_16.0b 1 2023 SSBUCI 122622
Model_16.0b 1 2023 SSBMedian 122531
Model_16.0b 1 2023 SSBMean 122541
Model_16.0b 1 2024 SSBF100 280456
Model_16.0b 1 2024 SSBFabc 112182
Model_16.0b 1 2024 SSBFofl 98159.5
Model_16.0b 1 2024 SSBLCI 110274
Model_16.0b 1 2024 SSBUCI 112705
Model_16.0b 1 2024 SSBMedian 110924
Model_16.0b 1 2024 SSBMean 111122
Model_16.0b 1 2025 SSBF100 280456
Model_16.0b 1 2025 SSBFabc 112182
Model_16.0b 1 2025 SSBFofl 98159.5
Model_16.0b 1 2025 SSBLCI 98349.5
Model_16.0b 1 2025 SSBUCI 118623
Model_16.0b 1 2025 SSBMedian 103547
Model_16.0b 1 2025 SSBMean 105236
Model_16.0b 1 2026 SSBF100 280456
Model_16.0b 1 2026 SSBFabc 112182
Model_16.0b 1 2026 SSBFofl 98159.5
Model_16.0b 1 2026 SSBLCI 87086
Model_16.0b 1 2026 SSBUCI 138493
Model_16.0b 1 2026 SSBMedian 102324
Model_16.0b 1 2026 SSBMean 106221
Model_16.0b 1 2027 SSBF100 280456
Model_16.0b 1 2027 SSBFabc 112182
Model_16.0b 1 2027 SSBFofl 98159.5
Model_16.0b 1 2027 SSBLCI 82293.3
Model_16.0b 1 2027 SSBUCI 155635
Model_16.0b 1 2027 SSBMedian 105040
Model_16.0b 1 2027 SSBMean 110493
Model_16.0b 1 2028 SSBF100 280456
Model_16.0b 1 2028 SSBFabc 112182
Model_16.0b 1 2028 SSBFofl 98159.5
Model_16.0b 1 2028 SSBLCI 81831.7
Model_16.0b 1 2028 SSBUCI 163130
Model_16.0b 1 2028 SSBMedian 108690
Model_16.0b 1 2028 SSBMean 113880
Model_16.0b 1 2029 SSBF100 280456
Model_16.0b 1 2029 SSBFabc 112182
Model_16.0b 1 2029 SSBFofl 98159.5
Model_16.0b 1 2029 SSBLCI 81558.9
Model_16.0b 1 2029 SSBUCI 163302
Model_16.0b 1 2029 SSBMedian 110176
Model_16.0b 1 2029 SSBMean 116270
Model_16.0b 1 2030 SSBF100 280456
Model_16.0b 1 2030 SSBFabc 112182
Model_16.0b 1 2030 SSBFofl 98159.5
Model_16.0b 1 2030 SSBLCI 82450.7
Model_16.0b 1 2030 SSBUCI 168514
Model_16.0b 1 2030 SSBMedian 111464
Model_16.0b 1 2030 SSBMean 117263
Model_16.0b 1 2031 SSBF100 280456
Model_16.0b 1 2031 SSBFabc 112182
Model_16.0b 1 2031 SSBFofl 98159.5
Model_16.0b 1 2031 SSBLCI 82381.7
Model_16.0b 1 2031 SSBUCI 166820
Model_16.0b 1 2031 SSBMedian 112257
Model_16.0b 1 2031 SSBMean 117281
Model_16.0b 1 2032 SSBF100 280456
Model_16.0b 1 2032 SSBFabc 112182
Model_16.0b 1 2032 SSBFofl 98159.5
Model_16.0b 1 2032 SSBLCI 82076.7
Model_16.0b 1 2032 SSBUCI 168186
Model_16.0b 1 2032 SSBMedian 111044
Model_16.0b 1 2032 SSBMean 117310
Model_16.0b 1 2033 SSBF100 280456
Model_16.0b 1 2033 SSBFabc 112182
Model_16.0b 1 2033 SSBFofl 98159.5
Model_16.0b 1 2033 SSBLCI 82244.7
Model_16.0b 1 2033 SSBUCI 170753
Model_16.0b 1 2033 SSBMedian 110735
Model_16.0b 1 2033 SSBMean 117279
Model_16.0b 1 2034 SSBF100 280456
Model_16.0b 1 2034 SSBFabc 112182
Model_16.0b 1 2034 SSBFofl 98159.5
Model_16.0b 1 2034 SSBLCI 83475.6
Model_16.0b 1 2034 SSBUCI 170988
Model_16.0b 1 2034 SSBMedian 111307
Model_16.0b 1 2034 SSBMean 116943
Model_16.0b 1 2035 SSBF100 280456
Model_16.0b 1 2035 SSBFabc 112182
Model_16.0b 1 2035 SSBFofl 98159.5
Model_16.0b 1 2035 SSBLCI 82804.2
Model_16.0b 1 2035 SSBUCI 172108
Model_16.0b 1 2035 SSBMedian 110655
Model_16.0b 1 2035 SSBMean 116752
Model_16.0b 1 2036 SSBF100 280456
Model_16.0b 1 2036 SSBFabc 112182
Model_16.0b 1 2036 SSBFofl 98159.5
Model_16.0b 1 2036 SSBLCI 83884.9
Model_16.0b 1 2036 SSBUCI 165508
Model_16.0b 1 2036 SSBMedian 110930
Model_16.0b 1 2036 SSBMean 117090
Model_16.0b 1 2022 F0 0 
Model_16.0b 1 2022 Fabc 0.60874
Model_16.0b 1 2022 Fofl 0.762079
Model_16.0b 1 2022  F_LCI 0.37197
Model_16.0b 1 2022  F_UCI 0.37197
Model_16.0b 1 2022  F_Median 0.37197
Model_16.0b 1 2022  F_Mean 0.37197
Model_16.0b 1 2023 F0 0 
Model_16.0b 1 2023 Fabc 0.60874
Model_16.0b 1 2023 Fofl 0.762079
Model_16.0b 1 2023  F_LCI 0.503577
Model_16.0b 1 2023  F_UCI 0.503849
Model_16.0b 1 2023  F_Median 0.503777
Model_16.0b 1 2023  F_Mean 0.503755
Model_16.0b 1 2024 F0 0 
Model_16.0b 1 2024 Fabc 0.60874
Model_16.0b 1 2024 Fofl 0.762079
Model_16.0b 1 2024  F_LCI 0.475132
Model_16.0b 1 2024  F_UCI 0.48718
Model_16.0b 1 2024  F_Median 0.483929
Model_16.0b 1 2024  F_Mean 0.482975
Model_16.0b 1 2025 F0 0 
Model_16.0b 1 2025 Fabc 0.60874
Model_16.0b 1 2025 Fofl 0.762079
Model_16.0b 1 2025  F_LCI 0.529208
Model_16.0b 1 2025  F_UCI 0.60874
Model_16.0b 1 2025  F_Median 0.559087
Model_16.0b 1 2025  F_Mean 0.563903
Model_16.0b 1 2026 F0 0 
Model_16.0b 1 2026 Fabc 0.60874
Model_16.0b 1 2026 Fofl 0.762079
Model_16.0b 1 2026  F_LCI 0.464733
Model_16.0b 1 2026  F_UCI 0.60874
Model_16.0b 1 2026  F_Median 0.552158
Model_16.0b 1 2026  F_Mean 0.549328
Model_16.0b 1 2027 F0 0 
Model_16.0b 1 2027 Fabc 0.60874
Model_16.0b 1 2027 Fofl 0.762079
Model_16.0b 1 2027  F_LCI 0.437378
Model_16.0b 1 2027  F_UCI 0.60874
Model_16.0b 1 2027  F_Median 0.567755
Model_16.0b 1 2027  F_Mean 0.552255
Model_16.0b 1 2028 F0 0 
Model_16.0b 1 2028 Fabc 0.60874
Model_16.0b 1 2028 Fofl 0.762079
Model_16.0b 1 2028  F_LCI 0.434827
Model_16.0b 1 2028  F_UCI 0.60874
Model_16.0b 1 2028  F_Median 0.588688
Model_16.0b 1 2028  F_Mean 0.560896
Model_16.0b 1 2029 F0 0 
Model_16.0b 1 2029 Fabc 0.60874
Model_16.0b 1 2029 Fofl 0.762079
Model_16.0b 1 2029  F_LCI 0.433385
Model_16.0b 1 2029  F_UCI 0.60874
Model_16.0b 1 2029  F_Median 0.597219
Model_16.0b 1 2029  F_Mean 0.563196
Model_16.0b 1 2030 F0 0 
Model_16.0b 1 2030 Fabc 0.60874
Model_16.0b 1 2030 Fofl 0.762079
Model_16.0b 1 2030  F_LCI 0.438385
Model_16.0b 1 2030  F_UCI 0.60874
Model_16.0b 1 2030  F_Median 0.604615
Model_16.0b 1 2030  F_Mean 0.563517
Model_16.0b 1 2031 F0 0 
Model_16.0b 1 2031 Fabc 0.60874
Model_16.0b 1 2031 Fofl 0.762079
Model_16.0b 1 2031  F_LCI 0.437839
Model_16.0b 1 2031  F_UCI 0.60874
Model_16.0b 1 2031  F_Median 0.60874
Model_16.0b 1 2031  F_Mean 0.564228
Model_16.0b 1 2032 F0 0 
Model_16.0b 1 2032 Fabc 0.60874
Model_16.0b 1 2032 Fofl 0.762079
Model_16.0b 1 2032  F_LCI 0.436318
Model_16.0b 1 2032  F_UCI 0.60874
Model_16.0b 1 2032  F_Median 0.602204
Model_16.0b 1 2032  F_Mean 0.563868
Model_16.0b 1 2033 F0 0 
Model_16.0b 1 2033 Fabc 0.60874
Model_16.0b 1 2033 Fofl 0.762079
Model_16.0b 1 2033  F_LCI 0.437409
Model_16.0b 1 2033  F_UCI 0.60874
Model_16.0b 1 2033  F_Median 0.60043
Model_16.0b 1 2033  F_Mean 0.562784
Model_16.0b 1 2034 F0 0 
Model_16.0b 1 2034 Fabc 0.60874
Model_16.0b 1 2034 Fofl 0.762079
Model_16.0b 1 2034  F_LCI 0.444281
Model_16.0b 1 2034  F_UCI 0.60874
Model_16.0b 1 2034  F_Median 0.603707
Model_16.0b 1 2034  F_Mean 0.562439
Model_16.0b 1 2035 F0 0 
Model_16.0b 1 2035 Fabc 0.60874
Model_16.0b 1 2035 Fofl 0.762079
Model_16.0b 1 2035  F_LCI 0.440319
Model_16.0b 1 2035  F_UCI 0.60874
Model_16.0b 1 2035  F_Median 0.599959
Model_16.0b 1 2035  F_Mean 0.563452
Model_16.0b 1 2036 F0 0 
Model_16.0b 1 2036 Fabc 0.60874
Model_16.0b 1 2036 Fofl 0.762079
Model_16.0b 1 2036  F_LCI 0.446608
Model_16.0b 1 2036  F_UCI 0.60874
Model_16.0b 1 2036  F_Median 0.601539
Model_16.0b 1 2036  F_Mean 0.564489
Model_16.0b 2 2022 Cabc 90158.7
Model_16.0b 2 2022 Cofl 97763.1
Model_16.0b 2 2022 CLCI 66481
Model_16.0b 2 2022 CUCI 66481
Model_16.0b 2 2022 CMedian 66481
Model_16.0b 2 2022 CMean 66481
Model_16.0b 2 2022 CStdn 1.58616e-09
Model_16.0b 2 2023 Cabc 90158.7
Model_16.0b 2 2023 Cofl 97763.1
Model_16.0b 2 2023 CLCI 83799.9
Model_16.0b 2 2023 CUCI 83799.9
Model_16.0b 2 2023 CMedian 83799.9
Model_16.0b 2 2023 CMean 83799.9
Model_16.0b 2 2023 CStdn 0.000153662
Model_16.0b 2 2024 Cabc 90158.7
Model_16.0b 2 2024 Cofl 97763.1
Model_16.0b 2 2024 CLCI 73494.9
Model_16.0b 2 2024 CUCI 73495
Model_16.0b 2 2024 CMedian 73494.9
Model_16.0b 2 2024 CMean 73495
Model_16.0b 2 2024 CStdn 0.00619958
Model_16.0b 2 2025 Cabc 90158.7
Model_16.0b 2 2025 Cofl 97763.1
Model_16.0b 2 2025 CLCI 71166
Model_16.0b 2 2025 CUCI 96876.5
Model_16.0b 2 2025 CMedian 78758.1
Model_16.0b 2 2025 CMean 80839
Model_16.0b 2 2025 CStdn 8266.72
Model_16.0b 2 2026 Cabc 90158.7
Model_16.0b 2 2026 Cofl 97763.1
Model_16.0b 2 2026 CLCI 55364.1
Model_16.0b 2 2026 CUCI 107224
Model_16.0b 2 2026 CMedian 75043
Model_16.0b 2 2026 CMean 77777.1
Model_16.0b 2 2026 CStdn 16833.4
Model_16.0b 2 2027 Cabc 90158.7
Model_16.0b 2 2027 Cofl 97763.1
Model_16.0b 2 2027 CLCI 49254.4
Model_16.0b 2 2027 CUCI 118114
Model_16.0b 2 2027 CMedian 77801.6
Model_16.0b 2 2027 CMean 80536.7
Model_16.0b 2 2027 CStdn 21724
Model_16.0b 2 2028 Cabc 90158.7
Model_16.0b 2 2028 Cofl 97763.1
Model_16.0b 2 2028 CLCI 48753
Model_16.0b 2 2028 CUCI 125866
Model_16.0b 2 2028 CMedian 83719
Model_16.0b 2 2028 CMean 84714.7
Model_16.0b 2 2028 CStdn 23368.9
Model_16.0b 2 2029 Cabc 90158.7
Model_16.0b 2 2029 Cofl 97763.1
Model_16.0b 2 2029 CLCI 49057
Model_16.0b 2 2029 CUCI 125675
Model_16.0b 2 2029 CMedian 86452.6
Model_16.0b 2 2029 CMean 87345.6
Model_16.0b 2 2029 CStdn 24848.4
Model_16.0b 2 2030 Cabc 90158.7
Model_16.0b 2 2030 Cofl 97763.1
Model_16.0b 2 2030 CLCI 49321
Model_16.0b 2 2030 CUCI 132010
Model_16.0b 2 2030 CMedian 89352.8
Model_16.0b 2 2030 CMean 88654.4
Model_16.0b 2 2030 CStdn 25926.4
Model_16.0b 2 2031 Cabc 90158.7
Model_16.0b 2 2031 Cofl 97763.1
Model_16.0b 2 2031 CLCI 49326.5
Model_16.0b 2 2031 CUCI 133609
Model_16.0b 2 2031 CMedian 89682.3
Model_16.0b 2 2031 CMean 89114.6
Model_16.0b 2 2031 CStdn 25988.3
Model_16.0b 2 2032 Cabc 90158.7
Model_16.0b 2 2032 Cofl 97763.1
Model_16.0b 2 2032 CLCI 48499.4
Model_16.0b 2 2032 CUCI 132479
Model_16.0b 2 2032 CMedian 88803.5
Model_16.0b 2 2032 CMean 89109
Model_16.0b 2 2032 CStdn 26176.2
Model_16.0b 2 2033 Cabc 90158.7
Model_16.0b 2 2033 Cofl 97763.1
Model_16.0b 2 2033 CLCI 50175.8
Model_16.0b 2 2033 CUCI 134981
Model_16.0b 2 2033 CMedian 88274.1
Model_16.0b 2 2033 CMean 88865.1
Model_16.0b 2 2033 CStdn 26513.4
Model_16.0b 2 2034 Cabc 90158.7
Model_16.0b 2 2034 Cofl 97763.1
Model_16.0b 2 2034 CLCI 51047.3
Model_16.0b 2 2034 CUCI 135081
Model_16.0b 2 2034 CMedian 88282.6
Model_16.0b 2 2034 CMean 88605
Model_16.0b 2 2034 CStdn 26478.7
Model_16.0b 2 2035 Cabc 90158.7
Model_16.0b 2 2035 Cofl 97763.1
Model_16.0b 2 2035 CLCI 50239.5
Model_16.0b 2 2035 CUCI 135030
Model_16.0b 2 2035 CMedian 88306
Model_16.0b 2 2035 CMean 88577
Model_16.0b 2 2035 CStdn 26341.6
Model_16.0b 2 2036 Cabc 90158.7
Model_16.0b 2 2036 Cofl 97763.1
Model_16.0b 2 2036 CLCI 51636.9
Model_16.0b 2 2036 CUCI 131597
Model_16.0b 2 2036 CMedian 88832
Model_16.0b 2 2036 CMean 88884.6
Model_16.0b 2 2036 CStdn 26298.9
Model_16.0b 2 2022 SSBF100 280456
Model_16.0b 2 2022 SSBFabc 112182
Model_16.0b 2 2022 SSBFofl 98159.5
Model_16.0b 2 2022 SSBLCI 137805
Model_16.0b 2 2022 SSBUCI 137805
Model_16.0b 2 2022 SSBMedian 137805
Model_16.0b 2 2022 SSBMean 137805
Model_16.0b 2 2023 SSBF100 280456
Model_16.0b 2 2023 SSBFabc 112182
Model_16.0b 2 2023 SSBFofl 98159.5
Model_16.0b 2 2023 SSBLCI 122497
Model_16.0b 2 2023 SSBUCI 122622
Model_16.0b 2 2023 SSBMedian 122531
Model_16.0b 2 2023 SSBMean 122541
Model_16.0b 2 2024 SSBF100 280456
Model_16.0b 2 2024 SSBFabc 112182
Model_16.0b 2 2024 SSBFofl 98159.5
Model_16.0b 2 2024 SSBLCI 110274
Model_16.0b 2 2024 SSBUCI 112705
Model_16.0b 2 2024 SSBMedian 110924
Model_16.0b 2 2024 SSBMean 111122
Model_16.0b 2 2025 SSBF100 280456
Model_16.0b 2 2025 SSBFabc 112182
Model_16.0b 2 2025 SSBFofl 98159.5
Model_16.0b 2 2025 SSBLCI 98349.5
Model_16.0b 2 2025 SSBUCI 118623
Model_16.0b 2 2025 SSBMedian 103547
Model_16.0b 2 2025 SSBMean 105236
Model_16.0b 2 2026 SSBF100 280456
Model_16.0b 2 2026 SSBFabc 112182
Model_16.0b 2 2026 SSBFofl 98159.5
Model_16.0b 2 2026 SSBLCI 87086
Model_16.0b 2 2026 SSBUCI 138493
Model_16.0b 2 2026 SSBMedian 102324
Model_16.0b 2 2026 SSBMean 106221
Model_16.0b 2 2027 SSBF100 280456
Model_16.0b 2 2027 SSBFabc 112182
Model_16.0b 2 2027 SSBFofl 98159.5
Model_16.0b 2 2027 SSBLCI 82293.3
Model_16.0b 2 2027 SSBUCI 155635
Model_16.0b 2 2027 SSBMedian 105040
Model_16.0b 2 2027 SSBMean 110493
Model_16.0b 2 2028 SSBF100 280456
Model_16.0b 2 2028 SSBFabc 112182
Model_16.0b 2 2028 SSBFofl 98159.5
Model_16.0b 2 2028 SSBLCI 81831.7
Model_16.0b 2 2028 SSBUCI 163130
Model_16.0b 2 2028 SSBMedian 108690
Model_16.0b 2 2028 SSBMean 113880
Model_16.0b 2 2029 SSBF100 280456
Model_16.0b 2 2029 SSBFabc 112182
Model_16.0b 2 2029 SSBFofl 98159.5
Model_16.0b 2 2029 SSBLCI 81558.9
Model_16.0b 2 2029 SSBUCI 163302
Model_16.0b 2 2029 SSBMedian 110176
Model_16.0b 2 2029 SSBMean 116270
Model_16.0b 2 2030 SSBF100 280456
Model_16.0b 2 2030 SSBFabc 112182
Model_16.0b 2 2030 SSBFofl 98159.5
Model_16.0b 2 2030 SSBLCI 82450.7
Model_16.0b 2 2030 SSBUCI 168514
Model_16.0b 2 2030 SSBMedian 111464
Model_16.0b 2 2030 SSBMean 117263
Model_16.0b 2 2031 SSBF100 280456
Model_16.0b 2 2031 SSBFabc 112182
Model_16.0b 2 2031 SSBFofl 98159.5
Model_16.0b 2 2031 SSBLCI 82381.7
Model_16.0b 2 2031 SSBUCI 166820
Model_16.0b 2 2031 SSBMedian 112257
Model_16.0b 2 2031 SSBMean 117281
Model_16.0b 2 2032 SSBF100 280456
Model_16.0b 2 2032 SSBFabc 112182
Model_16.0b 2 2032 SSBFofl 98159.5
Model_16.0b 2 2032 SSBLCI 82076.7
Model_16.0b 2 2032 SSBUCI 168186
Model_16.0b 2 2032 SSBMedian 111044
Model_16.0b 2 2032 SSBMean 117310
Model_16.0b 2 2033 SSBF100 280456
Model_16.0b 2 2033 SSBFabc 112182
Model_16.0b 2 2033 SSBFofl 98159.5
Model_16.0b 2 2033 SSBLCI 82244.7
Model_16.0b 2 2033 SSBUCI 170753
Model_16.0b 2 2033 SSBMedian 110735
Model_16.0b 2 2033 SSBMean 117279
Model_16.0b 2 2034 SSBF100 280456
Model_16.0b 2 2034 SSBFabc 112182
Model_16.0b 2 2034 SSBFofl 98159.5
Model_16.0b 2 2034 SSBLCI 83475.6
Model_16.0b 2 2034 SSBUCI 170988
Model_16.0b 2 2034 SSBMedian 111307
Model_16.0b 2 2034 SSBMean 116943
Model_16.0b 2 2035 SSBF100 280456
Model_16.0b 2 2035 SSBFabc 112182
Model_16.0b 2 2035 SSBFofl 98159.5
Model_16.0b 2 2035 SSBLCI 82804.2
Model_16.0b 2 2035 SSBUCI 172108
Model_16.0b 2 2035 SSBMedian 110655
Model_16.0b 2 2035 SSBMean 116752
Model_16.0b 2 2036 SSBF100 280456
Model_16.0b 2 2036 SSBFabc 112182
Model_16.0b 2 2036 SSBFofl 98159.5
Model_16.0b 2 2036 SSBLCI 83884.9
Model_16.0b 2 2036 SSBUCI 165508
Model_16.0b 2 2036 SSBMedian 110930
Model_16.0b 2 2036 SSBMean 117090
Model_16.0b 2 2022 F0 0 
Model_16.0b 2 2022 Fabc 0.60874
Model_16.0b 2 2022 Fofl 0.762079
Model_16.0b 2 2022  F_LCI 0.37197
Model_16.0b 2 2022  F_UCI 0.37197
Model_16.0b 2 2022  F_Median 0.37197
Model_16.0b 2 2022  F_Mean 0.37197
Model_16.0b 2 2023 F0 0 
Model_16.0b 2 2023 Fabc 0.60874
Model_16.0b 2 2023 Fofl 0.762079
Model_16.0b 2 2023  F_LCI 0.503577
Model_16.0b 2 2023  F_UCI 0.503849
Model_16.0b 2 2023  F_Median 0.503777
Model_16.0b 2 2023  F_Mean 0.503755
Model_16.0b 2 2024 F0 0 
Model_16.0b 2 2024 Fabc 0.60874
Model_16.0b 2 2024 Fofl 0.762079
Model_16.0b 2 2024  F_LCI 0.475132
Model_16.0b 2 2024  F_UCI 0.48718
Model_16.0b 2 2024  F_Median 0.483929
Model_16.0b 2 2024  F_Mean 0.482975
Model_16.0b 2 2025 F0 0 
Model_16.0b 2 2025 Fabc 0.60874
Model_16.0b 2 2025 Fofl 0.762079
Model_16.0b 2 2025  F_LCI 0.529208
Model_16.0b 2 2025  F_UCI 0.60874
Model_16.0b 2 2025  F_Median 0.559087
Model_16.0b 2 2025  F_Mean 0.563903
Model_16.0b 2 2026 F0 0 
Model_16.0b 2 2026 Fabc 0.60874
Model_16.0b 2 2026 Fofl 0.762079
Model_16.0b 2 2026  F_LCI 0.464733
Model_16.0b 2 2026  F_UCI 0.60874
Model_16.0b 2 2026  F_Median 0.552158
Model_16.0b 2 2026  F_Mean 0.549328
Model_16.0b 2 2027 F0 0 
Model_16.0b 2 2027 Fabc 0.60874
Model_16.0b 2 2027 Fofl 0.762079
Model_16.0b 2 2027  F_LCI 0.437378
Model_16.0b 2 2027  F_UCI 0.60874
Model_16.0b 2 2027  F_Median 0.567755
Model_16.0b 2 2027  F_Mean 0.552255
Model_16.0b 2 2028 F0 0 
Model_16.0b 2 2028 Fabc 0.60874
Model_16.0b 2 2028 Fofl 0.762079
Model_16.0b 2 2028  F_LCI 0.434827
Model_16.0b 2 2028  F_UCI 0.60874
Model_16.0b 2 2028  F_Median 0.588688
Model_16.0b 2 2028  F_Mean 0.560896
Model_16.0b 2 2029 F0 0 
Model_16.0b 2 2029 Fabc 0.60874
Model_16.0b 2 2029 Fofl 0.762079
Model_16.0b 2 2029  F_LCI 0.433385
Model_16.0b 2 2029  F_UCI 0.60874
Model_16.0b 2 2029  F_Median 0.597219
Model_16.0b 2 2029  F_Mean 0.563196
Model_16.0b 2 2030 F0 0 
Model_16.0b 2 2030 Fabc 0.60874
Model_16.0b 2 2030 Fofl 0.762079
Model_16.0b 2 2030  F_LCI 0.438385
Model_16.0b 2 2030  F_UCI 0.60874
Model_16.0b 2 2030  F_Median 0.604615
Model_16.0b 2 2030  F_Mean 0.563517
Model_16.0b 2 2031 F0 0 
Model_16.0b 2 2031 Fabc 0.60874
Model_16.0b 2 2031 Fofl 0.762079
Model_16.0b 2 2031  F_LCI 0.437839
Model_16.0b 2 2031  F_UCI 0.60874
Model_16.0b 2 2031  F_Median 0.60874
Model_16.0b 2 2031  F_Mean 0.564228
Model_16.0b 2 2032 F0 0 
Model_16.0b 2 2032 Fabc 0.60874
Model_16.0b 2 2032 Fofl 0.762079
Model_16.0b 2 2032  F_LCI 0.436318
Model_16.0b 2 2032  F_UCI 0.60874
Model_16.0b 2 2032  F_Median 0.602204
Model_16.0b 2 2032  F_Mean 0.563868
Model_16.0b 2 2033 F0 0 
Model_16.0b 2 2033 Fabc 0.60874
Model_16.0b 2 2033 Fofl 0.762079
Model_16.0b 2 2033  F_LCI 0.437409
Model_16.0b 2 2033  F_UCI 0.60874
Model_16.0b 2 2033  F_Median 0.60043
Model_16.0b 2 2033  F_Mean 0.562784
Model_16.0b 2 2034 F0 0 
Model_16.0b 2 2034 Fabc 0.60874
Model_16.0b 2 2034 Fofl 0.762079
Model_16.0b 2 2034  F_LCI 0.444281
Model_16.0b 2 2034  F_UCI 0.60874
Model_16.0b 2 2034  F_Median 0.603707
Model_16.0b 2 2034  F_Mean 0.562439
Model_16.0b 2 2035 F0 0 
Model_16.0b 2 2035 Fabc 0.60874
Model_16.0b 2 2035 Fofl 0.762079
Model_16.0b 2 2035  F_LCI 0.440319
Model_16.0b 2 2035  F_UCI 0.60874
Model_16.0b 2 2035  F_Median 0.599959
Model_16.0b 2 2035  F_Mean 0.563452
Model_16.0b 2 2036 F0 0 
Model_16.0b 2 2036 Fabc 0.60874
Model_16.0b 2 2036 Fofl 0.762079
Model_16.0b 2 2036  F_LCI 0.446608
Model_16.0b 2 2036  F_UCI 0.60874
Model_16.0b 2 2036  F_Median 0.601539
Model_16.0b 2 2036  F_Mean 0.564489
Model_16.0b 3 2022 Cabc 90158.7
Model_16.0b 3 2022 Cofl 97763.1
Model_16.0b 3 2022 CLCI 66481
Model_16.0b 3 2022 CUCI 66481
Model_16.0b 3 2022 CMedian 66481
Model_16.0b 3 2022 CMean 66481
Model_16.0b 3 2022 CStdn 1.58616e-09
Model_16.0b 3 2023 Cabc 90158.7
Model_16.0b 3 2023 Cofl 97763.1
Model_16.0b 3 2023 CLCI 83799.9
Model_16.0b 3 2023 CUCI 83799.9
Model_16.0b 3 2023 CMedian 83799.9
Model_16.0b 3 2023 CMean 83799.9
Model_16.0b 3 2023 CStdn 0.000153662
Model_16.0b 3 2024 Cabc 90158.7
Model_16.0b 3 2024 Cofl 97763.1
Model_16.0b 3 2024 CLCI 73494.9
Model_16.0b 3 2024 CUCI 73495
Model_16.0b 3 2024 CMedian 73494.9
Model_16.0b 3 2024 CMean 73495
Model_16.0b 3 2024 CStdn 0.00619958
Model_16.0b 3 2025 Cabc 90158.7
Model_16.0b 3 2025 Cofl 97763.1
Model_16.0b 3 2025 CLCI 63750.4
Model_16.0b 3 2025 CUCI 76661
Model_16.0b 3 2025 CMedian 67284.6
Model_16.0b 3 2025 CMean 68344.2
Model_16.0b 3 2025 CStdn 4196.93
Model_16.0b 3 2026 Cabc 90158.7
Model_16.0b 3 2026 Cofl 97763.1
Model_16.0b 3 2026 CLCI 57206.5
Model_16.0b 3 2026 CUCI 88421.8
Model_16.0b 3 2026 CMedian 67037.1
Model_16.0b 3 2026 CMean 69221
Model_16.0b 3 2026 CStdn 10110.8
Model_16.0b 3 2027 Cabc 90158.7
Model_16.0b 3 2027 Cofl 97763.1
Model_16.0b 3 2027 CLCI 53225.4
Model_16.0b 3 2027 CUCI 100265
Model_16.0b 3 2027 CMedian 69327.4
Model_16.0b 3 2027 CMean 72154.2
Model_16.0b 3 2027 CStdn 14670.9
Model_16.0b 3 2028 Cabc 90158.7
Model_16.0b 3 2028 Cofl 97763.1
Model_16.0b 3 2028 CLCI 52315.4
Model_16.0b 3 2028 CUCI 108134
Model_16.0b 3 2028 CMedian 72858.8
Model_16.0b 3 2028 CMean 75774.3
Model_16.0b 3 2028 CStdn 16959.6
Model_16.0b 3 2029 Cabc 90158.7
Model_16.0b 3 2029 Cofl 97763.1
Model_16.0b 3 2029 CLCI 52817.1
Model_16.0b 3 2029 CUCI 110890
Model_16.0b 3 2029 CMedian 75849
Model_16.0b 3 2029 CMean 78666.5
Model_16.0b 3 2029 CStdn 18487.8
Model_16.0b 3 2030 Cabc 90158.7
Model_16.0b 3 2030 Cofl 97763.1
Model_16.0b 3 2030 CLCI 53542.5
Model_16.0b 3 2030 CUCI 114561
Model_16.0b 3 2030 CMedian 77918.2
Model_16.0b 3 2030 CMean 80417
Model_16.0b 3 2030 CStdn 19548.5
Model_16.0b 3 2031 Cabc 90158.7
Model_16.0b 3 2031 Cofl 97763.1
Model_16.0b 3 2031 CLCI 53345.3
Model_16.0b 3 2031 CUCI 117067
Model_16.0b 3 2031 CMedian 78822.3
Model_16.0b 3 2031 CMean 81152.4
Model_16.0b 3 2031 CStdn 19745.1
Model_16.0b 3 2032 Cabc 90158.7
Model_16.0b 3 2032 Cofl 97763.1
Model_16.0b 3 2032 CLCI 53951.2
Model_16.0b 3 2032 CUCI 117481
Model_16.0b 3 2032 CMedian 78613.6
Model_16.0b 3 2032 CMean 81426.3
Model_16.0b 3 2032 CStdn 19937.2
Model_16.0b 3 2033 Cabc 90158.7
Model_16.0b 3 2033 Cofl 97763.1
Model_16.0b 3 2033 CLCI 54218.5
Model_16.0b 3 2033 CUCI 118087
Model_16.0b 3 2033 CMedian 78449.5
Model_16.0b 3 2033 CMean 81470.7
Model_16.0b 3 2033 CStdn 20228
Model_16.0b 3 2034 Cabc 90158.7
Model_16.0b 3 2034 Cofl 97763.1
Model_16.0b 3 2034 CLCI 54395.1
Model_16.0b 3 2034 CUCI 119727
Model_16.0b 3 2034 CMedian 78449.6
Model_16.0b 3 2034 CMean 81307.9
Model_16.0b 3 2034 CStdn 20197
Model_16.0b 3 2035 Cabc 90158.7
Model_16.0b 3 2035 Cofl 97763.1
Model_16.0b 3 2035 CLCI 54501.8
Model_16.0b 3 2035 CUCI 119416
Model_16.0b 3 2035 CMedian 78157.7
Model_16.0b 3 2035 CMean 81190.1
Model_16.0b 3 2035 CStdn 20187.8
Model_16.0b 3 2036 Cabc 90158.7
Model_16.0b 3 2036 Cofl 97763.1
Model_16.0b 3 2036 CLCI 54535.2
Model_16.0b 3 2036 CUCI 116069
Model_16.0b 3 2036 CMedian 78876.1
Model_16.0b 3 2036 CMean 81341.3
Model_16.0b 3 2036 CStdn 20151.9
Model_16.0b 3 2022 SSBF100 280456
Model_16.0b 3 2022 SSBFabc 112182
Model_16.0b 3 2022 SSBFofl 98159.5
Model_16.0b 3 2022 SSBLCI 137805
Model_16.0b 3 2022 SSBUCI 137805
Model_16.0b 3 2022 SSBMedian 137805
Model_16.0b 3 2022 SSBMean 137805
Model_16.0b 3 2023 SSBF100 280456
Model_16.0b 3 2023 SSBFabc 112182
Model_16.0b 3 2023 SSBFofl 98159.5
Model_16.0b 3 2023 SSBLCI 122497
Model_16.0b 3 2023 SSBUCI 122622
Model_16.0b 3 2023 SSBMedian 122531
Model_16.0b 3 2023 SSBMean 122541
Model_16.0b 3 2024 SSBF100 280456
Model_16.0b 3 2024 SSBFabc 112182
Model_16.0b 3 2024 SSBFofl 98159.5
Model_16.0b 3 2024 SSBLCI 110274
Model_16.0b 3 2024 SSBUCI 112705
Model_16.0b 3 2024 SSBMedian 110924
Model_16.0b 3 2024 SSBMean 111122
Model_16.0b 3 2025 SSBF100 280456
Model_16.0b 3 2025 SSBFabc 112182
Model_16.0b 3 2025 SSBFofl 98159.5
Model_16.0b 3 2025 SSBLCI 100335
Model_16.0b 3 2025 SSBUCI 123260
Model_16.0b 3 2025 SSBMedian 106491
Model_16.0b 3 2025 SSBMean 108351
Model_16.0b 3 2026 SSBF100 280456
Model_16.0b 3 2026 SSBFabc 112182
Model_16.0b 3 2026 SSBFofl 98159.5
Model_16.0b 3 2026 SSBLCI 89111.6
Model_16.0b 3 2026 SSBUCI 149311
Model_16.0b 3 2026 SSBMedian 108319
Model_16.0b 3 2026 SSBMean 112436
Model_16.0b 3 2027 SSBF100 280456
Model_16.0b 3 2027 SSBFabc 112182
Model_16.0b 3 2027 SSBFofl 98159.5
Model_16.0b 3 2027 SSBLCI 83436.5
Model_16.0b 3 2027 SSBUCI 171470
Model_16.0b 3 2027 SSBMedian 113284
Model_16.0b 3 2027 SSBMean 118834
Model_16.0b 3 2028 SSBF100 280456
Model_16.0b 3 2028 SSBFabc 112182
Model_16.0b 3 2028 SSBFofl 98159.5
Model_16.0b 3 2028 SSBLCI 82189.6
Model_16.0b 3 2028 SSBUCI 183254
Model_16.0b 3 2028 SSBMedian 118651
Model_16.0b 3 2028 SSBMean 123992
Model_16.0b 3 2029 SSBF100 280456
Model_16.0b 3 2029 SSBFabc 112182
Model_16.0b 3 2029 SSBFofl 98159.5
Model_16.0b 3 2029 SSBLCI 83781.1
Model_16.0b 3 2029 SSBUCI 181188
Model_16.0b 3 2029 SSBMedian 122961
Model_16.0b 3 2029 SSBMean 127796
Model_16.0b 3 2030 SSBF100 280456
Model_16.0b 3 2030 SSBFabc 112182
Model_16.0b 3 2030 SSBFofl 98159.5
Model_16.0b 3 2030 SSBLCI 83186.1
Model_16.0b 3 2030 SSBUCI 188442
Model_16.0b 3 2030 SSBMedian 125789
Model_16.0b 3 2030 SSBMean 129771
Model_16.0b 3 2031 SSBF100 280456
Model_16.0b 3 2031 SSBFabc 112182
Model_16.0b 3 2031 SSBFofl 98159.5
Model_16.0b 3 2031 SSBLCI 83954.9
Model_16.0b 3 2031 SSBUCI 189264
Model_16.0b 3 2031 SSBMedian 126008
Model_16.0b 3 2031 SSBMean 130390
Model_16.0b 3 2032 SSBF100 280456
Model_16.0b 3 2032 SSBFabc 112182
Model_16.0b 3 2032 SSBFofl 98159.5
Model_16.0b 3 2032 SSBLCI 83844.7
Model_16.0b 3 2032 SSBUCI 191503
Model_16.0b 3 2032 SSBMedian 126074
Model_16.0b 3 2032 SSBMean 130740
Model_16.0b 3 2033 SSBF100 280456
Model_16.0b 3 2033 SSBFabc 112182
Model_16.0b 3 2033 SSBFofl 98159.5
Model_16.0b 3 2033 SSBLCI 85606.3
Model_16.0b 3 2033 SSBUCI 194073
Model_16.0b 3 2033 SSBMedian 125782
Model_16.0b 3 2033 SSBMean 130856
Model_16.0b 3 2034 SSBF100 280456
Model_16.0b 3 2034 SSBFabc 112182
Model_16.0b 3 2034 SSBFofl 98159.5
Model_16.0b 3 2034 SSBLCI 85986.1
Model_16.0b 3 2034 SSBUCI 193974
Model_16.0b 3 2034 SSBMedian 125710
Model_16.0b 3 2034 SSBMean 130545
Model_16.0b 3 2035 SSBF100 280456
Model_16.0b 3 2035 SSBFabc 112182
Model_16.0b 3 2035 SSBFofl 98159.5
Model_16.0b 3 2035 SSBLCI 86173.9
Model_16.0b 3 2035 SSBUCI 194029
Model_16.0b 3 2035 SSBMedian 125698
Model_16.0b 3 2035 SSBMean 130365
Model_16.0b 3 2036 SSBF100 280456
Model_16.0b 3 2036 SSBFabc 112182
Model_16.0b 3 2036 SSBFofl 98159.5
Model_16.0b 3 2036 SSBLCI 86755.9
Model_16.0b 3 2036 SSBUCI 188094
Model_16.0b 3 2036 SSBMedian 125971
Model_16.0b 3 2036 SSBMean 130744
Model_16.0b 3 2022 F0 0 
Model_16.0b 3 2022 Fabc 0.60874
Model_16.0b 3 2022 Fofl 0.762079
Model_16.0b 3 2022  F_LCI 0.37197
Model_16.0b 3 2022  F_UCI 0.37197
Model_16.0b 3 2022  F_Median 0.37197
Model_16.0b 3 2022  F_Mean 0.37197
Model_16.0b 3 2023 F0 0 
Model_16.0b 3 2023 Fabc 0.60874
Model_16.0b 3 2023 Fofl 0.762079
Model_16.0b 3 2023  F_LCI 0.503577
Model_16.0b 3 2023  F_UCI 0.503849
Model_16.0b 3 2023  F_Median 0.503777
Model_16.0b 3 2023  F_Mean 0.503755
Model_16.0b 3 2024 F0 0 
Model_16.0b 3 2024 Fabc 0.60874
Model_16.0b 3 2024 Fofl 0.762079
Model_16.0b 3 2024  F_LCI 0.475132
Model_16.0b 3 2024  F_UCI 0.48718
Model_16.0b 3 2024  F_Median 0.483929
Model_16.0b 3 2024  F_Mean 0.482975
Model_16.0b 3 2025 F0 0 
Model_16.0b 3 2025 Fabc 0.60874
Model_16.0b 3 2025 Fofl 0.762079
Model_16.0b 3 2025  F_LCI 0.466309
Model_16.0b 3 2025  F_UCI 0.466309
Model_16.0b 3 2025  F_Median 0.466309
Model_16.0b 3 2025  F_Mean 0.466309
Model_16.0b 3 2026 F0 0 
Model_16.0b 3 2026 Fabc 0.60874
Model_16.0b 3 2026 Fofl 0.762079
Model_16.0b 3 2026  F_LCI 0.466309
Model_16.0b 3 2026  F_UCI 0.466309
Model_16.0b 3 2026  F_Median 0.466309
Model_16.0b 3 2026  F_Mean 0.466309
Model_16.0b 3 2027 F0 0 
Model_16.0b 3 2027 Fabc 0.60874
Model_16.0b 3 2027 Fofl 0.762079
Model_16.0b 3 2027  F_LCI 0.466309
Model_16.0b 3 2027  F_UCI 0.466309
Model_16.0b 3 2027  F_Median 0.466309
Model_16.0b 3 2027  F_Mean 0.466309
Model_16.0b 3 2028 F0 0 
Model_16.0b 3 2028 Fabc 0.60874
Model_16.0b 3 2028 Fofl 0.762079
Model_16.0b 3 2028  F_LCI 0.466309
Model_16.0b 3 2028  F_UCI 0.466309
Model_16.0b 3 2028  F_Median 0.466309
Model_16.0b 3 2028  F_Mean 0.466309
Model_16.0b 3 2029 F0 0 
Model_16.0b 3 2029 Fabc 0.60874
Model_16.0b 3 2029 Fofl 0.762079
Model_16.0b 3 2029  F_LCI 0.466309
Model_16.0b 3 2029  F_UCI 0.466309
Model_16.0b 3 2029  F_Median 0.466309
Model_16.0b 3 2029  F_Mean 0.466309
Model_16.0b 3 2030 F0 0 
Model_16.0b 3 2030 Fabc 0.60874
Model_16.0b 3 2030 Fofl 0.762079
Model_16.0b 3 2030  F_LCI 0.466309
Model_16.0b 3 2030  F_UCI 0.466309
Model_16.0b 3 2030  F_Median 0.466309
Model_16.0b 3 2030  F_Mean 0.466309
Model_16.0b 3 2031 F0 0 
Model_16.0b 3 2031 Fabc 0.60874
Model_16.0b 3 2031 Fofl 0.762079
Model_16.0b 3 2031  F_LCI 0.466309
Model_16.0b 3 2031  F_UCI 0.466309
Model_16.0b 3 2031  F_Median 0.466309
Model_16.0b 3 2031  F_Mean 0.466309
Model_16.0b 3 2032 F0 0 
Model_16.0b 3 2032 Fabc 0.60874
Model_16.0b 3 2032 Fofl 0.762079
Model_16.0b 3 2032  F_LCI 0.466309
Model_16.0b 3 2032  F_UCI 0.466309
Model_16.0b 3 2032  F_Median 0.466309
Model_16.0b 3 2032  F_Mean 0.466309
Model_16.0b 3 2033 F0 0 
Model_16.0b 3 2033 Fabc 0.60874
Model_16.0b 3 2033 Fofl 0.762079
Model_16.0b 3 2033  F_LCI 0.466309
Model_16.0b 3 2033  F_UCI 0.466309
Model_16.0b 3 2033  F_Median 0.466309
Model_16.0b 3 2033  F_Mean 0.466309
Model_16.0b 3 2034 F0 0 
Model_16.0b 3 2034 Fabc 0.60874
Model_16.0b 3 2034 Fofl 0.762079
Model_16.0b 3 2034  F_LCI 0.466309
Model_16.0b 3 2034  F_UCI 0.466309
Model_16.0b 3 2034  F_Median 0.466309
Model_16.0b 3 2034  F_Mean 0.466309
Model_16.0b 3 2035 F0 0 
Model_16.0b 3 2035 Fabc 0.60874
Model_16.0b 3 2035 Fofl 0.762079
Model_16.0b 3 2035  F_LCI 0.466309
Model_16.0b 3 2035  F_UCI 0.466309
Model_16.0b 3 2035  F_Median 0.466309
Model_16.0b 3 2035  F_Mean 0.466309
Model_16.0b 3 2036 F0 0 
Model_16.0b 3 2036 Fabc 0.60874
Model_16.0b 3 2036 Fofl 0.762079
Model_16.0b 3 2036  F_LCI 0.466309
Model_16.0b 3 2036  F_UCI 0.466309
Model_16.0b 3 2036  F_Median 0.466309
Model_16.0b 3 2036  F_Mean 0.466309
Model_16.0b 4 2022 Cabc 90158.7
Model_16.0b 4 2022 Cofl 97763.1
Model_16.0b 4 2022 CLCI 66481
Model_16.0b 4 2022 CUCI 66481
Model_16.0b 4 2022 CMedian 66481
Model_16.0b 4 2022 CMean 66481
Model_16.0b 4 2022 CStdn 1.58616e-09
Model_16.0b 4 2023 Cabc 90158.7
Model_16.0b 4 2023 Cofl 97763.1
Model_16.0b 4 2023 CLCI 83799.9
Model_16.0b 4 2023 CUCI 83799.9
Model_16.0b 4 2023 CMedian 83799.9
Model_16.0b 4 2023 CMean 83799.9
Model_16.0b 4 2023 CStdn 0.000153662
Model_16.0b 4 2024 Cabc 90158.7
Model_16.0b 4 2024 Cofl 97763.1
Model_16.0b 4 2024 CLCI 73494.9
Model_16.0b 4 2024 CUCI 73495
Model_16.0b 4 2024 CMedian 73494.9
Model_16.0b 4 2024 CMean 73495
Model_16.0b 4 2024 CStdn 0.00619958
Model_16.0b 4 2025 Cabc 90158.7
Model_16.0b 4 2025 Cofl 97763.1
Model_16.0b 4 2025 CLCI 19687.5
Model_16.0b 4 2025 CUCI 23389.5
Model_16.0b 4 2025 CMedian 20698.1
Model_16.0b 4 2025 CMean 21003.3
Model_16.0b 4 2025 CStdn 1203.81
Model_16.0b 4 2026 Cabc 90158.7
Model_16.0b 4 2026 Cofl 97763.1
Model_16.0b 4 2026 CLCI 20667.3
Model_16.0b 4 2026 CUCI 30046.6
Model_16.0b 4 2026 CMedian 23642.7
Model_16.0b 4 2026 CMean 24298
Model_16.0b 4 2026 CStdn 3063.21
Model_16.0b 4 2027 Cabc 90158.7
Model_16.0b 4 2027 Cofl 97763.1
Model_16.0b 4 2027 CLCI 21463.9
Model_16.0b 4 2027 CUCI 36888.7
Model_16.0b 4 2027 CMedian 26575.4
Model_16.0b 4 2027 CMean 27524.6
Model_16.0b 4 2027 CStdn 4821.96
Model_16.0b 4 2028 Cabc 90158.7
Model_16.0b 4 2028 Cofl 97763.1
Model_16.0b 4 2028 CLCI 22557.7
Model_16.0b 4 2028 CUCI 42423
Model_16.0b 4 2028 CMedian 29545.3
Model_16.0b 4 2028 CMean 30646.8
Model_16.0b 4 2028 CStdn 6029.06
Model_16.0b 4 2029 Cabc 90158.7
Model_16.0b 4 2029 Cofl 97763.1
Model_16.0b 4 2029 CLCI 23244.7
Model_16.0b 4 2029 CUCI 45724.1
Model_16.0b 4 2029 CMedian 32179.2
Model_16.0b 4 2029 CMean 33192.6
Model_16.0b 4 2029 CStdn 6951.84
Model_16.0b 4 2030 Cabc 90158.7
Model_16.0b 4 2030 Cofl 97763.1
Model_16.0b 4 2030 CLCI 24439.4
Model_16.0b 4 2030 CUCI 48607
Model_16.0b 4 2030 CMedian 34109
Model_16.0b 4 2030 CMean 35022.6
Model_16.0b 4 2030 CStdn 7666.48
Model_16.0b 4 2031 Cabc 90158.7
Model_16.0b 4 2031 Cofl 97763.1
Model_16.0b 4 2031 CLCI 24711.2
Model_16.0b 4 2031 CUCI 50261.7
Model_16.0b 4 2031 CMedian 35197.6
Model_16.0b 4 2031 CMean 36130.5
Model_16.0b 4 2031 CStdn 7953.86
Model_16.0b 4 2032 Cabc 90158.7
Model_16.0b 4 2032 Cofl 97763.1
Model_16.0b 4 2032 CLCI 25270.4
Model_16.0b 4 2032 CUCI 51576.5
Model_16.0b 4 2032 CMedian 35844.6
Model_16.0b 4 2032 CMean 36748.2
Model_16.0b 4 2032 CStdn 8083.41
Model_16.0b 4 2033 Cabc 90158.7
Model_16.0b 4 2033 Cofl 97763.1
Model_16.0b 4 2033 CLCI 25608.2
Model_16.0b 4 2033 CUCI 52571.3
Model_16.0b 4 2033 CMedian 35962.2
Model_16.0b 4 2033 CMean 37137.3
Model_16.0b 4 2033 CStdn 8227.02
Model_16.0b 4 2034 Cabc 90158.7
Model_16.0b 4 2034 Cofl 97763.1
Model_16.0b 4 2034 CLCI 26148.2
Model_16.0b 4 2034 CUCI 53082
Model_16.0b 4 2034 CMedian 36131.4
Model_16.0b 4 2034 CMean 37319.3
Model_16.0b 4 2034 CStdn 8263.54
Model_16.0b 4 2035 Cabc 90158.7
Model_16.0b 4 2035 Cofl 97763.1
Model_16.0b 4 2035 CLCI 26344
Model_16.0b 4 2035 CUCI 53012
Model_16.0b 4 2035 CMedian 36235.8
Model_16.0b 4 2035 CMean 37419.1
Model_16.0b 4 2035 CStdn 8267.42
Model_16.0b 4 2036 Cabc 90158.7
Model_16.0b 4 2036 Cofl 97763.1
Model_16.0b 4 2036 CLCI 26360
Model_16.0b 4 2036 CUCI 51997.9
Model_16.0b 4 2036 CMedian 36447.5
Model_16.0b 4 2036 CMean 37561.6
Model_16.0b 4 2036 CStdn 8250.29
Model_16.0b 4 2022 SSBF100 280456
Model_16.0b 4 2022 SSBFabc 112182
Model_16.0b 4 2022 SSBFofl 98159.5
Model_16.0b 4 2022 SSBLCI 137805
Model_16.0b 4 2022 SSBUCI 137805
Model_16.0b 4 2022 SSBMedian 137805
Model_16.0b 4 2022 SSBMean 137805
Model_16.0b 4 2023 SSBF100 280456
Model_16.0b 4 2023 SSBFabc 112182
Model_16.0b 4 2023 SSBFofl 98159.5
Model_16.0b 4 2023 SSBLCI 122497
Model_16.0b 4 2023 SSBUCI 122622
Model_16.0b 4 2023 SSBMedian 122531
Model_16.0b 4 2023 SSBMean 122541
Model_16.0b 4 2024 SSBF100 280456
Model_16.0b 4 2024 SSBFabc 112182
Model_16.0b 4 2024 SSBFofl 98159.5
Model_16.0b 4 2024 SSBLCI 110274
Model_16.0b 4 2024 SSBUCI 112705
Model_16.0b 4 2024 SSBMedian 110924
Model_16.0b 4 2024 SSBMean 111122
Model_16.0b 4 2025 SSBF100 280456
Model_16.0b 4 2025 SSBFabc 112182
Model_16.0b 4 2025 SSBFofl 98159.5
Model_16.0b 4 2025 SSBLCI 111751
Model_16.0b 4 2025 SSBUCI 135194
Model_16.0b 4 2025 SSBMedian 118032
Model_16.0b 4 2025 SSBMean 119949
Model_16.0b 4 2026 SSBF100 280456
Model_16.0b 4 2026 SSBFabc 112182
Model_16.0b 4 2026 SSBFofl 98159.5
Model_16.0b 4 2026 SSBLCI 114640
Model_16.0b 4 2026 SSBUCI 180169
Model_16.0b 4 2026 SSBMedian 135187
Model_16.0b 4 2026 SSBMean 139833
Model_16.0b 4 2027 SSBF100 280456
Model_16.0b 4 2027 SSBFabc 112182
Model_16.0b 4 2027 SSBFofl 98159.5
Model_16.0b 4 2027 SSBLCI 117797
Model_16.0b 4 2027 SSBUCI 221999
Model_16.0b 4 2027 SSBMedian 152392
Model_16.0b 4 2027 SSBMean 159044
Model_16.0b 4 2028 SSBF100 280456
Model_16.0b 4 2028 SSBFabc 112182
Model_16.0b 4 2028 SSBFofl 98159.5
Model_16.0b 4 2028 SSBLCI 123955
Model_16.0b 4 2028 SSBUCI 247424
Model_16.0b 4 2028 SSBMedian 167909
Model_16.0b 4 2028 SSBMean 174592
Model_16.0b 4 2029 SSBF100 280456
Model_16.0b 4 2029 SSBFabc 112182
Model_16.0b 4 2029 SSBFofl 98159.5
Model_16.0b 4 2029 SSBLCI 128457
Model_16.0b 4 2029 SSBUCI 258966
Model_16.0b 4 2029 SSBMedian 180825
Model_16.0b 4 2029 SSBMean 186748
Model_16.0b 4 2030 SSBF100 280456
Model_16.0b 4 2030 SSBFabc 112182
Model_16.0b 4 2030 SSBFofl 98159.5
Model_16.0b 4 2030 SSBLCI 135919
Model_16.0b 4 2030 SSBUCI 272016
Model_16.0b 4 2030 SSBMedian 189405
Model_16.0b 4 2030 SSBMean 195257
Model_16.0b 4 2031 SSBF100 280456
Model_16.0b 4 2031 SSBFabc 112182
Model_16.0b 4 2031 SSBFofl 98159.5
Model_16.0b 4 2031 SSBLCI 135923
Model_16.0b 4 2031 SSBUCI 282481
Model_16.0b 4 2031 SSBMedian 195025
Model_16.0b 4 2031 SSBMean 200665
Model_16.0b 4 2032 SSBF100 280456
Model_16.0b 4 2032 SSBFabc 112182
Model_16.0b 4 2032 SSBFofl 98159.5
Model_16.0b 4 2032 SSBLCI 140572
Model_16.0b 4 2032 SSBUCI 288037
Model_16.0b 4 2032 SSBMedian 198918
Model_16.0b 4 2032 SSBMean 204382
Model_16.0b 4 2033 SSBF100 280456
Model_16.0b 4 2033 SSBFabc 112182
Model_16.0b 4 2033 SSBFofl 98159.5
Model_16.0b 4 2033 SSBLCI 144293
Model_16.0b 4 2033 SSBUCI 291869
Model_16.0b 4 2033 SSBMedian 199918
Model_16.0b 4 2033 SSBMean 206960
Model_16.0b 4 2034 SSBF100 280456
Model_16.0b 4 2034 SSBFabc 112182
Model_16.0b 4 2034 SSBFofl 98159.5
Model_16.0b 4 2034 SSBLCI 146184
Model_16.0b 4 2034 SSBUCI 298799
Model_16.0b 4 2034 SSBMedian 201577
Model_16.0b 4 2034 SSBMean 208278
Model_16.0b 4 2035 SSBF100 280456
Model_16.0b 4 2035 SSBFabc 112182
Model_16.0b 4 2035 SSBFofl 98159.5
Model_16.0b 4 2035 SSBLCI 146582
Model_16.0b 4 2035 SSBUCI 295452
Model_16.0b 4 2035 SSBMedian 202324
Model_16.0b 4 2035 SSBMean 209150
Model_16.0b 4 2036 SSBF100 280456
Model_16.0b 4 2036 SSBFabc 112182
Model_16.0b 4 2036 SSBFofl 98159.5
Model_16.0b 4 2036 SSBLCI 147459
Model_16.0b 4 2036 SSBUCI 289529
Model_16.0b 4 2036 SSBMedian 205118
Model_16.0b 4 2036 SSBMean 210260
Model_16.0b 4 2022 F0 0 
Model_16.0b 4 2022 Fabc 0.60874
Model_16.0b 4 2022 Fofl 0.762079
Model_16.0b 4 2022  F_LCI 0.37197
Model_16.0b 4 2022  F_UCI 0.37197
Model_16.0b 4 2022  F_Median 0.37197
Model_16.0b 4 2022  F_Mean 0.37197
Model_16.0b 4 2023 F0 0 
Model_16.0b 4 2023 Fabc 0.60874
Model_16.0b 4 2023 Fofl 0.762079
Model_16.0b 4 2023  F_LCI 0.503577
Model_16.0b 4 2023  F_UCI 0.503849
Model_16.0b 4 2023  F_Median 0.503777
Model_16.0b 4 2023  F_Mean 0.503755
Model_16.0b 4 2024 F0 0 
Model_16.0b 4 2024 Fabc 0.60874
Model_16.0b 4 2024 Fofl 0.762079
Model_16.0b 4 2024  F_LCI 0.475132
Model_16.0b 4 2024  F_UCI 0.48718
Model_16.0b 4 2024  F_Median 0.483929
Model_16.0b 4 2024  F_Mean 0.482975
Model_16.0b 4 2025 F0 0 
Model_16.0b 4 2025 Fabc 0.60874
Model_16.0b 4 2025 Fofl 0.762079
Model_16.0b 4 2025  F_LCI 0.131302
Model_16.0b 4 2025  F_UCI 0.131302
Model_16.0b 4 2025  F_Median 0.131302
Model_16.0b 4 2025  F_Mean 0.131302
Model_16.0b 4 2026 F0 0 
Model_16.0b 4 2026 Fabc 0.60874
Model_16.0b 4 2026 Fofl 0.762079
Model_16.0b 4 2026  F_LCI 0.131302
Model_16.0b 4 2026  F_UCI 0.131302
Model_16.0b 4 2026  F_Median 0.131302
Model_16.0b 4 2026  F_Mean 0.131302
Model_16.0b 4 2027 F0 0 
Model_16.0b 4 2027 Fabc 0.60874
Model_16.0b 4 2027 Fofl 0.762079
Model_16.0b 4 2027  F_LCI 0.131302
Model_16.0b 4 2027  F_UCI 0.131302
Model_16.0b 4 2027  F_Median 0.131302
Model_16.0b 4 2027  F_Mean 0.131302
Model_16.0b 4 2028 F0 0 
Model_16.0b 4 2028 Fabc 0.60874
Model_16.0b 4 2028 Fofl 0.762079
Model_16.0b 4 2028  F_LCI 0.131302
Model_16.0b 4 2028  F_UCI 0.131302
Model_16.0b 4 2028  F_Median 0.131302
Model_16.0b 4 2028  F_Mean 0.131302
Model_16.0b 4 2029 F0 0 
Model_16.0b 4 2029 Fabc 0.60874
Model_16.0b 4 2029 Fofl 0.762079
Model_16.0b 4 2029  F_LCI 0.131302
Model_16.0b 4 2029  F_UCI 0.131302
Model_16.0b 4 2029  F_Median 0.131302
Model_16.0b 4 2029  F_Mean 0.131302
Model_16.0b 4 2030 F0 0 
Model_16.0b 4 2030 Fabc 0.60874
Model_16.0b 4 2030 Fofl 0.762079
Model_16.0b 4 2030  F_LCI 0.131302
Model_16.0b 4 2030  F_UCI 0.131302
Model_16.0b 4 2030  F_Median 0.131302
Model_16.0b 4 2030  F_Mean 0.131302
Model_16.0b 4 2031 F0 0 
Model_16.0b 4 2031 Fabc 0.60874
Model_16.0b 4 2031 Fofl 0.762079
Model_16.0b 4 2031  F_LCI 0.131302
Model_16.0b 4 2031  F_UCI 0.131302
Model_16.0b 4 2031  F_Median 0.131302
Model_16.0b 4 2031  F_Mean 0.131302
Model_16.0b 4 2032 F0 0 
Model_16.0b 4 2032 Fabc 0.60874
Model_16.0b 4 2032 Fofl 0.762079
Model_16.0b 4 2032  F_LCI 0.131302
Model_16.0b 4 2032  F_UCI 0.131302
Model_16.0b 4 2032  F_Median 0.131302
Model_16.0b 4 2032  F_Mean 0.131302
Model_16.0b 4 2033 F0 0 
Model_16.0b 4 2033 Fabc 0.60874
Model_16.0b 4 2033 Fofl 0.762079
Model_16.0b 4 2033  F_LCI 0.131302
Model_16.0b 4 2033  F_UCI 0.131302
Model_16.0b 4 2033  F_Median 0.131302
Model_16.0b 4 2033  F_Mean 0.131302
Model_16.0b 4 2034 F0 0 
Model_16.0b 4 2034 Fabc 0.60874
Model_16.0b 4 2034 Fofl 0.762079
Model_16.0b 4 2034  F_LCI 0.131302
Model_16.0b 4 2034  F_UCI 0.131302
Model_16.0b 4 2034  F_Median 0.131302
Model_16.0b 4 2034  F_Mean 0.131302
Model_16.0b 4 2035 F0 0 
Model_16.0b 4 2035 Fabc 0.60874
Model_16.0b 4 2035 Fofl 0.762079
Model_16.0b 4 2035  F_LCI 0.131302
Model_16.0b 4 2035  F_UCI 0.131302
Model_16.0b 4 2035  F_Median 0.131302
Model_16.0b 4 2035  F_Mean 0.131302
Model_16.0b 4 2036 F0 0 
Model_16.0b 4 2036 Fabc 0.60874
Model_16.0b 4 2036 Fofl 0.762079
Model_16.0b 4 2036  F_LCI 0.131302
Model_16.0b 4 2036  F_UCI 0.131302
Model_16.0b 4 2036  F_Median 0.131302
Model_16.0b 4 2036  F_Mean 0.131302
Model_16.0b 5 2022 Cabc 90158.7
Model_16.0b 5 2022 Cofl 97763.1
Model_16.0b 5 2022 CLCI 66481
Model_16.0b 5 2022 CUCI 66481
Model_16.0b 5 2022 CMedian 66481
Model_16.0b 5 2022 CMean 66481
Model_16.0b 5 2022 CStdn 1.58616e-09
Model_16.0b 5 2023 Cabc 90158.7
Model_16.0b 5 2023 Cofl 97763.1
Model_16.0b 5 2023 CLCI 83799.9
Model_16.0b 5 2023 CUCI 83799.9
Model_16.0b 5 2023 CMedian 83799.9
Model_16.0b 5 2023 CMean 83799.9
Model_16.0b 5 2023 CStdn 0.000153662
Model_16.0b 5 2024 Cabc 90158.7
Model_16.0b 5 2024 Cofl 97763.1
Model_16.0b 5 2024 CLCI 73494.9
Model_16.0b 5 2024 CUCI 73495
Model_16.0b 5 2024 CMedian 73494.9
Model_16.0b 5 2024 CMean 73495
Model_16.0b 5 2024 CStdn 0.00619958
Model_16.0b 5 2025 Cabc 90158.7
Model_16.0b 5 2025 Cofl 97763.1
Model_16.0b 5 2025 CLCI 0
Model_16.0b 5 2025 CUCI 0
Model_16.0b 5 2025 CMedian 0
Model_16.0b 5 2025 CMean 0
Model_16.0b 5 2025 CStdn 0
Model_16.0b 5 2026 Cabc 90158.7
Model_16.0b 5 2026 Cofl 97763.1
Model_16.0b 5 2026 CLCI 0
Model_16.0b 5 2026 CUCI 0
Model_16.0b 5 2026 CMedian 0
Model_16.0b 5 2026 CMean 0
Model_16.0b 5 2026 CStdn 0
Model_16.0b 5 2027 Cabc 90158.7
Model_16.0b 5 2027 Cofl 97763.1
Model_16.0b 5 2027 CLCI 0
Model_16.0b 5 2027 CUCI 0
Model_16.0b 5 2027 CMedian 0
Model_16.0b 5 2027 CMean 0
Model_16.0b 5 2027 CStdn 0
Model_16.0b 5 2028 Cabc 90158.7
Model_16.0b 5 2028 Cofl 97763.1
Model_16.0b 5 2028 CLCI 0
Model_16.0b 5 2028 CUCI 0
Model_16.0b 5 2028 CMedian 0
Model_16.0b 5 2028 CMean 0
Model_16.0b 5 2028 CStdn 0
Model_16.0b 5 2029 Cabc 90158.7
Model_16.0b 5 2029 Cofl 97763.1
Model_16.0b 5 2029 CLCI 0
Model_16.0b 5 2029 CUCI 0
Model_16.0b 5 2029 CMedian 0
Model_16.0b 5 2029 CMean 0
Model_16.0b 5 2029 CStdn 0
Model_16.0b 5 2030 Cabc 90158.7
Model_16.0b 5 2030 Cofl 97763.1
Model_16.0b 5 2030 CLCI 0
Model_16.0b 5 2030 CUCI 0
Model_16.0b 5 2030 CMedian 0
Model_16.0b 5 2030 CMean 0
Model_16.0b 5 2030 CStdn 0
Model_16.0b 5 2031 Cabc 90158.7
Model_16.0b 5 2031 Cofl 97763.1
Model_16.0b 5 2031 CLCI 0
Model_16.0b 5 2031 CUCI 0
Model_16.0b 5 2031 CMedian 0
Model_16.0b 5 2031 CMean 0
Model_16.0b 5 2031 CStdn 0
Model_16.0b 5 2032 Cabc 90158.7
Model_16.0b 5 2032 Cofl 97763.1
Model_16.0b 5 2032 CLCI 0
Model_16.0b 5 2032 CUCI 0
Model_16.0b 5 2032 CMedian 0
Model_16.0b 5 2032 CMean 0
Model_16.0b 5 2032 CStdn 0
Model_16.0b 5 2033 Cabc 90158.7
Model_16.0b 5 2033 Cofl 97763.1
Model_16.0b 5 2033 CLCI 0
Model_16.0b 5 2033 CUCI 0
Model_16.0b 5 2033 CMedian 0
Model_16.0b 5 2033 CMean 0
Model_16.0b 5 2033 CStdn 0
Model_16.0b 5 2034 Cabc 90158.7
Model_16.0b 5 2034 Cofl 97763.1
Model_16.0b 5 2034 CLCI 0
Model_16.0b 5 2034 CUCI 0
Model_16.0b 5 2034 CMedian 0
Model_16.0b 5 2034 CMean 0
Model_16.0b 5 2034 CStdn 0
Model_16.0b 5 2035 Cabc 90158.7
Model_16.0b 5 2035 Cofl 97763.1
Model_16.0b 5 2035 CLCI 0
Model_16.0b 5 2035 CUCI 0
Model_16.0b 5 2035 CMedian 0
Model_16.0b 5 2035 CMean 0
Model_16.0b 5 2035 CStdn 0
Model_16.0b 5 2036 Cabc 90158.7
Model_16.0b 5 2036 Cofl 97763.1
Model_16.0b 5 2036 CLCI 0
Model_16.0b 5 2036 CUCI 0
Model_16.0b 5 2036 CMedian 0
Model_16.0b 5 2036 CMean 0
Model_16.0b 5 2036 CStdn 0
Model_16.0b 5 2022 SSBF100 280456
Model_16.0b 5 2022 SSBFabc 112182
Model_16.0b 5 2022 SSBFofl 98159.5
Model_16.0b 5 2022 SSBLCI 137805
Model_16.0b 5 2022 SSBUCI 137805
Model_16.0b 5 2022 SSBMedian 137805
Model_16.0b 5 2022 SSBMean 137805
Model_16.0b 5 2023 SSBF100 280456
Model_16.0b 5 2023 SSBFabc 112182
Model_16.0b 5 2023 SSBFofl 98159.5
Model_16.0b 5 2023 SSBLCI 122497
Model_16.0b 5 2023 SSBUCI 122622
Model_16.0b 5 2023 SSBMedian 122531
Model_16.0b 5 2023 SSBMean 122541
Model_16.0b 5 2024 SSBF100 280456
Model_16.0b 5 2024 SSBFabc 112182
Model_16.0b 5 2024 SSBFofl 98159.5
Model_16.0b 5 2024 SSBLCI 110274
Model_16.0b 5 2024 SSBUCI 112705
Model_16.0b 5 2024 SSBMedian 110924
Model_16.0b 5 2024 SSBMean 111122
Model_16.0b 5 2025 SSBF100 280456
Model_16.0b 5 2025 SSBFabc 112182
Model_16.0b 5 2025 SSBFofl 98159.5
Model_16.0b 5 2025 SSBLCI 116646
Model_16.0b 5 2025 SSBUCI 140302
Model_16.0b 5 2025 SSBMedian 122984
Model_16.0b 5 2025 SSBMean 124921
Model_16.0b 5 2026 SSBF100 280456
Model_16.0b 5 2026 SSBFabc 112182
Model_16.0b 5 2026 SSBFofl 98159.5
Model_16.0b 5 2026 SSBLCI 127221
Model_16.0b 5 2026 SSBUCI 195180
Model_16.0b 5 2026 SSBMedian 148382
Model_16.0b 5 2026 SSBMean 153195
Model_16.0b 5 2027 SSBF100 280456
Model_16.0b 5 2027 SSBFabc 112182
Model_16.0b 5 2027 SSBFofl 98159.5
Model_16.0b 5 2027 SSBLCI 136894
Model_16.0b 5 2027 SSBUCI 249038
Model_16.0b 5 2027 SSBMedian 173759
Model_16.0b 5 2027 SSBMean 180788
Model_16.0b 5 2028 SSBF100 280456
Model_16.0b 5 2028 SSBFabc 112182
Model_16.0b 5 2028 SSBFofl 98159.5
Model_16.0b 5 2028 SSBLCI 149168
Model_16.0b 5 2028 SSBUCI 284233
Model_16.0b 5 2028 SSBMedian 197068
Model_16.0b 5 2028 SSBMean 204444
Model_16.0b 5 2029 SSBF100 280456
Model_16.0b 5 2029 SSBFabc 112182
Model_16.0b 5 2029 SSBFofl 98159.5
Model_16.0b 5 2029 SSBLCI 158854
Model_16.0b 5 2029 SSBUCI 305391
Model_16.0b 5 2029 SSBMedian 217260
Model_16.0b 5 2029 SSBMean 224184
Model_16.0b 5 2030 SSBF100 280456
Model_16.0b 5 2030 SSBFabc 112182
Model_16.0b 5 2030 SSBFofl 98159.5
Model_16.0b 5 2030 SSBLCI 170337
Model_16.0b 5 2030 SSBUCI 328860
Model_16.0b 5 2030 SSBMedian 232957
Model_16.0b 5 2030 SSBMean 239499
Model_16.0b 5 2031 SSBF100 280456
Model_16.0b 5 2031 SSBFabc 112182
Model_16.0b 5 2031 SSBFofl 98159.5
Model_16.0b 5 2031 SSBLCI 175100
Model_16.0b 5 2031 SSBUCI 345171
Model_16.0b 5 2031 SSBMedian 245231
Model_16.0b 5 2031 SSBMean 250678
Model_16.0b 5 2032 SSBF100 280456
Model_16.0b 5 2032 SSBFabc 112182
Model_16.0b 5 2032 SSBFofl 98159.5
Model_16.0b 5 2032 SSBLCI 183264
Model_16.0b 5 2032 SSBUCI 358387
Model_16.0b 5 2032 SSBMedian 252552
Model_16.0b 5 2032 SSBMean 259050
Model_16.0b 5 2033 SSBF100 280456
Model_16.0b 5 2033 SSBFabc 112182
Model_16.0b 5 2033 SSBFofl 98159.5
Model_16.0b 5 2033 SSBLCI 189418
Model_16.0b 5 2033 SSBUCI 370133
Model_16.0b 5 2033 SSBMedian 258402
Model_16.0b 5 2033 SSBMean 265413
Model_16.0b 5 2034 SSBF100 280456
Model_16.0b 5 2034 SSBFabc 112182
Model_16.0b 5 2034 SSBFofl 98159.5
Model_16.0b 5 2034 SSBLCI 194615
Model_16.0b 5 2034 SSBUCI 373937
Model_16.0b 5 2034 SSBMedian 262142
Model_16.0b 5 2034 SSBMean 269642
Model_16.0b 5 2035 SSBF100 280456
Model_16.0b 5 2035 SSBFabc 112182
Model_16.0b 5 2035 SSBFofl 98159.5
Model_16.0b 5 2035 SSBLCI 195882
Model_16.0b 5 2035 SSBUCI 375999
Model_16.0b 5 2035 SSBMedian 264959
Model_16.0b 5 2035 SSBMean 272719
Model_16.0b 5 2036 SSBF100 280456
Model_16.0b 5 2036 SSBFabc 112182
Model_16.0b 5 2036 SSBFofl 98159.5
Model_16.0b 5 2036 SSBLCI 202128
Model_16.0b 5 2036 SSBUCI 374689
Model_16.0b 5 2036 SSBMedian 268433
Model_16.0b 5 2036 SSBMean 275526
Model_16.0b 5 2022 F0 0 
Model_16.0b 5 2022 Fabc 0.60874
Model_16.0b 5 2022 Fofl 0.762079
Model_16.0b 5 2022  F_LCI 0.37197
Model_16.0b 5 2022  F_UCI 0.37197
Model_16.0b 5 2022  F_Median 0.37197
Model_16.0b 5 2022  F_Mean 0.37197
Model_16.0b 5 2023 F0 0 
Model_16.0b 5 2023 Fabc 0.60874
Model_16.0b 5 2023 Fofl 0.762079
Model_16.0b 5 2023  F_LCI 0.503577
Model_16.0b 5 2023  F_UCI 0.503849
Model_16.0b 5 2023  F_Median 0.503777
Model_16.0b 5 2023  F_Mean 0.503755
Model_16.0b 5 2024 F0 0 
Model_16.0b 5 2024 Fabc 0.60874
Model_16.0b 5 2024 Fofl 0.762079
Model_16.0b 5 2024  F_LCI 0.475132
Model_16.0b 5 2024  F_UCI 0.48718
Model_16.0b 5 2024  F_Median 0.483929
Model_16.0b 5 2024  F_Mean 0.482975
Model_16.0b 5 2025 F0 0 
Model_16.0b 5 2025 Fabc 0.60874
Model_16.0b 5 2025 Fofl 0.762079
Model_16.0b 5 2025  F_LCI 0
Model_16.0b 5 2025  F_UCI 0
Model_16.0b 5 2025  F_Median 0
Model_16.0b 5 2025  F_Mean 0
Model_16.0b 5 2026 F0 0 
Model_16.0b 5 2026 Fabc 0.60874
Model_16.0b 5 2026 Fofl 0.762079
Model_16.0b 5 2026  F_LCI 0
Model_16.0b 5 2026  F_UCI 0
Model_16.0b 5 2026  F_Median 0
Model_16.0b 5 2026  F_Mean 0
Model_16.0b 5 2027 F0 0 
Model_16.0b 5 2027 Fabc 0.60874
Model_16.0b 5 2027 Fofl 0.762079
Model_16.0b 5 2027  F_LCI 0
Model_16.0b 5 2027  F_UCI 0
Model_16.0b 5 2027  F_Median 0
Model_16.0b 5 2027  F_Mean 0
Model_16.0b 5 2028 F0 0 
Model_16.0b 5 2028 Fabc 0.60874
Model_16.0b 5 2028 Fofl 0.762079
Model_16.0b 5 2028  F_LCI 0
Model_16.0b 5 2028  F_UCI 0
Model_16.0b 5 2028  F_Median 0
Model_16.0b 5 2028  F_Mean 0
Model_16.0b 5 2029 F0 0 
Model_16.0b 5 2029 Fabc 0.60874
Model_16.0b 5 2029 Fofl 0.762079
Model_16.0b 5 2029  F_LCI 0
Model_16.0b 5 2029  F_UCI 0
Model_16.0b 5 2029  F_Median 0
Model_16.0b 5 2029  F_Mean 0
Model_16.0b 5 2030 F0 0 
Model_16.0b 5 2030 Fabc 0.60874
Model_16.0b 5 2030 Fofl 0.762079
Model_16.0b 5 2030  F_LCI 0
Model_16.0b 5 2030  F_UCI 0
Model_16.0b 5 2030  F_Median 0
Model_16.0b 5 2030  F_Mean 0
Model_16.0b 5 2031 F0 0 
Model_16.0b 5 2031 Fabc 0.60874
Model_16.0b 5 2031 Fofl 0.762079
Model_16.0b 5 2031  F_LCI 0
Model_16.0b 5 2031  F_UCI 0
Model_16.0b 5 2031  F_Median 0
Model_16.0b 5 2031  F_Mean 0
Model_16.0b 5 2032 F0 0 
Model_16.0b 5 2032 Fabc 0.60874
Model_16.0b 5 2032 Fofl 0.762079
Model_16.0b 5 2032  F_LCI 0
Model_16.0b 5 2032  F_UCI 0
Model_16.0b 5 2032  F_Median 0
Model_16.0b 5 2032  F_Mean 0
Model_16.0b 5 2033 F0 0 
Model_16.0b 5 2033 Fabc 0.60874
Model_16.0b 5 2033 Fofl 0.762079
Model_16.0b 5 2033  F_LCI 0
Model_16.0b 5 2033  F_UCI 0
Model_16.0b 5 2033  F_Median 0
Model_16.0b 5 2033  F_Mean 0
Model_16.0b 5 2034 F0 0 
Model_16.0b 5 2034 Fabc 0.60874
Model_16.0b 5 2034 Fofl 0.762079
Model_16.0b 5 2034  F_LCI 0
Model_16.0b 5 2034  F_UCI 0
Model_16.0b 5 2034  F_Median 0
Model_16.0b 5 2034  F_Mean 0
Model_16.0b 5 2035 F0 0 
Model_16.0b 5 2035 Fabc 0.60874
Model_16.0b 5 2035 Fofl 0.762079
Model_16.0b 5 2035  F_LCI 0
Model_16.0b 5 2035  F_UCI 0
Model_16.0b 5 2035  F_Median 0
Model_16.0b 5 2035  F_Mean 0
Model_16.0b 5 2036 F0 0 
Model_16.0b 5 2036 Fabc 0.60874
Model_16.0b 5 2036 Fofl 0.762079
Model_16.0b 5 2036  F_LCI 0
Model_16.0b 5 2036  F_UCI 0
Model_16.0b 5 2036  F_Median 0
Model_16.0b 5 2036  F_Mean 0
Model_16.0b 6 2022 Cabc 90158.7
Model_16.0b 6 2022 Cofl 97763.1
Model_16.0b 6 2022 CLCI 66481
Model_16.0b 6 2022 CUCI 66481
Model_16.0b 6 2022 CMedian 66481
Model_16.0b 6 2022 CMean 66481
Model_16.0b 6 2022 CStdn 1.58616e-09
Model_16.0b 6 2023 Cabc 90158.7
Model_16.0b 6 2023 Cofl 97763.1
Model_16.0b 6 2023 CLCI 118766
Model_16.0b 6 2023 CUCI 118825
Model_16.0b 6 2023 CMedian 118782
Model_16.0b 6 2023 CMean 118787
Model_16.0b 6 2023 CStdn 19.3219
Model_16.0b 6 2024 Cabc 90158.7
Model_16.0b 6 2024 Cofl 97763.1
Model_16.0b 6 2024 CLCI 83664.6
Model_16.0b 6 2024 CUCI 87143.1
Model_16.0b 6 2024 CMedian 84578.2
Model_16.0b 6 2024 CMean 84865.8
Model_16.0b 6 2024 CStdn 1139.6
Model_16.0b 6 2025 Cabc 90158.7
Model_16.0b 6 2025 Cofl 97763.1
Model_16.0b 6 2025 CLCI 66674.3
Model_16.0b 6 2025 CUCI 97792.5
Model_16.0b 6 2025 CMedian 74527.3
Model_16.0b 6 2025 CMean 77259.5
Model_16.0b 6 2025 CStdn 10063.3
Model_16.0b 6 2026 Cabc 90158.7
Model_16.0b 6 2026 Cofl 97763.1
Model_16.0b 6 2026 CLCI 54664.3
Model_16.0b 6 2026 CUCI 120083
Model_16.0b 6 2026 CMedian 75939.4
Model_16.0b 6 2026 CMean 80811
Model_16.0b 6 2026 CStdn 21003.9
Model_16.0b 6 2027 Cabc 90158.7
Model_16.0b 6 2027 Cofl 97763.1
Model_16.0b 6 2027 CLCI 50501.8
Model_16.0b 6 2027 CUCI 132249
Model_16.0b 6 2027 CMedian 81869.5
Model_16.0b 6 2027 CMean 86630.1
Model_16.0b 6 2027 CStdn 26172.6
Model_16.0b 6 2028 Cabc 90158.7
Model_16.0b 6 2028 Cofl 97763.1
Model_16.0b 6 2028 CLCI 50771.5
Model_16.0b 6 2028 CUCI 141323
Model_16.0b 6 2028 CMedian 87553.3
Model_16.0b 6 2028 CMean 91491
Model_16.0b 6 2028 CStdn 27554.3
Model_16.0b 6 2029 Cabc 90158.7
Model_16.0b 6 2029 Cofl 97763.1
Model_16.0b 6 2029 CLCI 50605.4
Model_16.0b 6 2029 CUCI 140755
Model_16.0b 6 2029 CMedian 90292.9
Model_16.0b 6 2029 CMean 94377.6
Model_16.0b 6 2029 CStdn 29251.7
Model_16.0b 6 2030 Cabc 90158.7
Model_16.0b 6 2030 Cofl 97763.1
Model_16.0b 6 2030 CLCI 51903.3
Model_16.0b 6 2030 CUCI 145373
Model_16.0b 6 2030 CMedian 91726.7
Model_16.0b 6 2030 CMean 95342.3
Model_16.0b 6 2030 CStdn 30190.4
Model_16.0b 6 2031 Cabc 90158.7
Model_16.0b 6 2031 Cofl 97763.1
Model_16.0b 6 2031 CLCI 51640
Model_16.0b 6 2031 CUCI 144548
Model_16.0b 6 2031 CMedian 93447.2
Model_16.0b 6 2031 CMean 95520
Model_16.0b 6 2031 CStdn 30096
Model_16.0b 6 2032 Cabc 90158.7
Model_16.0b 6 2032 Cofl 97763.1
Model_16.0b 6 2032 CLCI 51482.6
Model_16.0b 6 2032 CUCI 147515
Model_16.0b 6 2032 CMedian 91022.7
Model_16.0b 6 2032 CMean 95262.8
Model_16.0b 6 2032 CStdn 30390.7
Model_16.0b 6 2033 Cabc 90158.7
Model_16.0b 6 2033 Cofl 97763.1
Model_16.0b 6 2033 CLCI 51804.5
Model_16.0b 6 2033 CUCI 148388
Model_16.0b 6 2033 CMedian 90899.6
Model_16.0b 6 2033 CMean 94991.2
Model_16.0b 6 2033 CStdn 30777.5
Model_16.0b 6 2034 Cabc 90158.7
Model_16.0b 6 2034 Cofl 97763.1
Model_16.0b 6 2034 CLCI 52824.7
Model_16.0b 6 2034 CUCI 148481
Model_16.0b 6 2034 CMedian 91464.6
Model_16.0b 6 2034 CMean 94715
Model_16.0b 6 2034 CStdn 30630.8
Model_16.0b 6 2035 Cabc 90158.7
Model_16.0b 6 2035 Cofl 97763.1
Model_16.0b 6 2035 CLCI 52408.5
Model_16.0b 6 2035 CUCI 149432
Model_16.0b 6 2035 CMedian 90369.7
Model_16.0b 6 2035 CMean 94591.9
Model_16.0b 6 2035 CStdn 30502.3
Model_16.0b 6 2036 Cabc 90158.7
Model_16.0b 6 2036 Cofl 97763.1
Model_16.0b 6 2036 CLCI 53787.5
Model_16.0b 6 2036 CUCI 145773
Model_16.0b 6 2036 CMedian 91442.9
Model_16.0b 6 2036 CMean 94977.3
Model_16.0b 6 2036 CStdn 30522.3
Model_16.0b 6 2022 SSBF100 280456
Model_16.0b 6 2022 SSBFabc 112182
Model_16.0b 6 2022 SSBFofl 98159.5
Model_16.0b 6 2022 SSBLCI 137805
Model_16.0b 6 2022 SSBUCI 137805
Model_16.0b 6 2022 SSBMedian 137805
Model_16.0b 6 2022 SSBMean 137805
Model_16.0b 6 2023 SSBF100 280456
Model_16.0b 6 2023 SSBFabc 112182
Model_16.0b 6 2023 SSBFofl 98159.5
Model_16.0b 6 2023 SSBLCI 113073
Model_16.0b 6 2023 SSBUCI 113188
Model_16.0b 6 2023 SSBMedian 113104
Model_16.0b 6 2023 SSBMean 113113
Model_16.0b 6 2024 SSBF100 280456
Model_16.0b 6 2024 SSBFabc 112182
Model_16.0b 6 2024 SSBFofl 98159.5
Model_16.0b 6 2024 SSBLCI 95500.1
Model_16.0b 6 2024 SSBUCI 97160.4
Model_16.0b 6 2024 SSBMedian 95945.4
Model_16.0b 6 2024 SSBMean 96078.5
Model_16.0b 6 2025 SSBF100 280456
Model_16.0b 6 2025 SSBFabc 112182
Model_16.0b 6 2025 SSBFofl 98159.5
Model_16.0b 6 2025 SSBLCI 86169.3
Model_16.0b 6 2025 SSBUCI 104551
Model_16.0b 6 2025 SSBMedian 91122.6
Model_16.0b 6 2025 SSBMean 92625
Model_16.0b 6 2026 SSBF100 280456
Model_16.0b 6 2026 SSBFabc 112182
Model_16.0b 6 2026 SSBFofl 98159.5
Model_16.0b 6 2026 SSBLCI 78158.3
Model_16.0b 6 2026 SSBUCI 125720
Model_16.0b 6 2026 SSBMedian 92779.1
Model_16.0b 6 2026 SSBMean 96169.1
Model_16.0b 6 2027 SSBF100 280456
Model_16.0b 6 2027 SSBFabc 112182
Model_16.0b 6 2027 SSBFofl 98159.5
Model_16.0b 6 2027 SSBLCI 75167.6
Model_16.0b 6 2027 SSBUCI 139273
Model_16.0b 6 2027 SSBMedian 96748.6
Model_16.0b 6 2027 SSBMean 100795
Model_16.0b 6 2028 SSBF100 280456
Model_16.0b 6 2028 SSBFabc 112182
Model_16.0b 6 2028 SSBFofl 98159.5
Model_16.0b 6 2028 SSBLCI 75202.3
Model_16.0b 6 2028 SSBUCI 146100
Model_16.0b 6 2028 SSBMedian 99747.1
Model_16.0b 6 2028 SSBMean 103763
Model_16.0b 6 2029 SSBF100 280456
Model_16.0b 6 2029 SSBFabc 112182
Model_16.0b 6 2029 SSBFofl 98159.5
Model_16.0b 6 2029 SSBLCI 75257.9
Model_16.0b 6 2029 SSBUCI 147330
Model_16.0b 6 2029 SSBMedian 101314
Model_16.0b 6 2029 SSBMean 105593
Model_16.0b 6 2030 SSBF100 280456
Model_16.0b 6 2030 SSBFabc 112182
Model_16.0b 6 2030 SSBFofl 98159.5
Model_16.0b 6 2030 SSBLCI 75817.5
Model_16.0b 6 2030 SSBUCI 149118
Model_16.0b 6 2030 SSBMedian 101300
Model_16.0b 6 2030 SSBMean 106143
Model_16.0b 6 2031 SSBF100 280456
Model_16.0b 6 2031 SSBFabc 112182
Model_16.0b 6 2031 SSBFofl 98159.5
Model_16.0b 6 2031 SSBLCI 75298.5
Model_16.0b 6 2031 SSBUCI 148737
Model_16.0b 6 2031 SSBMedian 102288
Model_16.0b 6 2031 SSBMean 105940
Model_16.0b 6 2032 SSBF100 280456
Model_16.0b 6 2032 SSBFabc 112182
Model_16.0b 6 2032 SSBFofl 98159.5
Model_16.0b 6 2032 SSBLCI 75219.7
Model_16.0b 6 2032 SSBUCI 152510
Model_16.0b 6 2032 SSBMedian 100830
Model_16.0b 6 2032 SSBMean 105926
Model_16.0b 6 2033 SSBF100 280456
Model_16.0b 6 2033 SSBFabc 112182
Model_16.0b 6 2033 SSBFofl 98159.5
Model_16.0b 6 2033 SSBLCI 75685.8
Model_16.0b 6 2033 SSBUCI 153136
Model_16.0b 6 2033 SSBMedian 100669
Model_16.0b 6 2033 SSBMean 105885
Model_16.0b 6 2034 SSBF100 280456
Model_16.0b 6 2034 SSBFabc 112182
Model_16.0b 6 2034 SSBFofl 98159.5
Model_16.0b 6 2034 SSBLCI 76454.6
Model_16.0b 6 2034 SSBUCI 152405
Model_16.0b 6 2034 SSBMedian 101238
Model_16.0b 6 2034 SSBMean 105560
Model_16.0b 6 2035 SSBF100 280456
Model_16.0b 6 2035 SSBFabc 112182
Model_16.0b 6 2035 SSBFofl 98159.5
Model_16.0b 6 2035 SSBLCI 76377.4
Model_16.0b 6 2035 SSBUCI 152517
Model_16.0b 6 2035 SSBMedian 100446
Model_16.0b 6 2035 SSBMean 105417
Model_16.0b 6 2036 SSBF100 280456
Model_16.0b 6 2036 SSBFabc 112182
Model_16.0b 6 2036 SSBFofl 98159.5
Model_16.0b 6 2036 SSBLCI 77009.3
Model_16.0b 6 2036 SSBUCI 149873
Model_16.0b 6 2036 SSBMedian 101415
Model_16.0b 6 2036 SSBMean 105799
Model_16.0b 6 2022 F0 0 
Model_16.0b 6 2022 Fabc 0.60874
Model_16.0b 6 2022 Fofl 0.762079
Model_16.0b 6 2022  F_LCI 0.37197
Model_16.0b 6 2022  F_UCI 0.37197
Model_16.0b 6 2022  F_Median 0.37197
Model_16.0b 6 2022  F_Mean 0.37197
Model_16.0b 6 2023 F0 0 
Model_16.0b 6 2023 Fabc 0.60874
Model_16.0b 6 2023 Fofl 0.762079
Model_16.0b 6 2023  F_LCI 0.762078
Model_16.0b 6 2023  F_UCI 0.762078
Model_16.0b 6 2023  F_Median 0.762078
Model_16.0b 6 2023  F_Mean 0.762078
Model_16.0b 6 2024 F0 0 
Model_16.0b 6 2024 Fabc 0.60874
Model_16.0b 6 2024 Fofl 0.762079
Model_16.0b 6 2024  F_LCI 0.643148
Model_16.0b 6 2024  F_UCI 0.655141
Model_16.0b 6 2024  F_Median 0.646365
Model_16.0b 6 2024  F_Mean 0.647326
Model_16.0b 6 2025 F0 0 
Model_16.0b 6 2025 Fabc 0.60874
Model_16.0b 6 2025 Fofl 0.762079
Model_16.0b 6 2025  F_LCI 0.575817
Model_16.0b 6 2025  F_UCI 0.708266
Model_16.0b 6 2025  F_Median 0.611507
Model_16.0b 6 2025  F_Mean 0.621865
Model_16.0b 6 2026 F0 0 
Model_16.0b 6 2026 Fabc 0.60874
Model_16.0b 6 2026 Fofl 0.762079
Model_16.0b 6 2026  F_LCI 0.518298
Model_16.0b 6 2026  F_UCI 0.762079
Model_16.0b 6 2026  F_Median 0.623438
Model_16.0b 6 2026  F_Mean 0.634472
Model_16.0b 6 2027 F0 0 
Model_16.0b 6 2027 Fabc 0.60874
Model_16.0b 6 2027 Fofl 0.762079
Model_16.0b 6 2027  F_LCI 0.496941
Model_16.0b 6 2027  F_UCI 0.762079
Model_16.0b 6 2027  F_Median 0.652051
Model_16.0b 6 2027  F_Mean 0.651284
Model_16.0b 6 2028 F0 0 
Model_16.0b 6 2028 Fabc 0.60874
Model_16.0b 6 2028 Fofl 0.762079
Model_16.0b 6 2028  F_LCI 0.497075
Model_16.0b 6 2028  F_UCI 0.762079
Model_16.0b 6 2028  F_Median 0.673706
Model_16.0b 6 2028  F_Mean 0.664372
Model_16.0b 6 2029 F0 0 
Model_16.0b 6 2029 Fabc 0.60874
Model_16.0b 6 2029 Fofl 0.762079
Model_16.0b 6 2029  F_LCI 0.497355
Model_16.0b 6 2029  F_UCI 0.762079
Model_16.0b 6 2029  F_Median 0.684954
Model_16.0b 6 2029  F_Mean 0.669778
Model_16.0b 6 2030 F0 0 
Model_16.0b 6 2030 Fabc 0.60874
Model_16.0b 6 2030 Fofl 0.762079
Model_16.0b 6 2030  F_LCI 0.501432
Model_16.0b 6 2030  F_UCI 0.762079
Model_16.0b 6 2030  F_Median 0.684762
Model_16.0b 6 2030  F_Mean 0.669961
Model_16.0b 6 2031 F0 0 
Model_16.0b 6 2031 Fabc 0.60874
Model_16.0b 6 2031 Fofl 0.762079
Model_16.0b 6 2031  F_LCI 0.497913
Model_16.0b 6 2031  F_UCI 0.762079
Model_16.0b 6 2031  F_Median 0.692028
Model_16.0b 6 2031  F_Mean 0.670505
Model_16.0b 6 2032 F0 0 
Model_16.0b 6 2032 Fabc 0.60874
Model_16.0b 6 2032 Fofl 0.762079
Model_16.0b 6 2032  F_LCI 0.497426
Model_16.0b 6 2032  F_UCI 0.762079
Model_16.0b 6 2032  F_Median 0.681516
Model_16.0b 6 2032  F_Mean 0.668777
Model_16.0b 6 2033 F0 0 
Model_16.0b 6 2033 Fabc 0.60874
Model_16.0b 6 2033 Fofl 0.762079
Model_16.0b 6 2033  F_LCI 0.500598
Model_16.0b 6 2033  F_UCI 0.762079
Model_16.0b 6 2033  F_Median 0.680282
Model_16.0b 6 2033  F_Mean 0.667404
Model_16.0b 6 2034 F0 0 
Model_16.0b 6 2034 Fabc 0.60874
Model_16.0b 6 2034 Fofl 0.762079
Model_16.0b 6 2034  F_LCI 0.506169
Model_16.0b 6 2034  F_UCI 0.762079
Model_16.0b 6 2034  F_Median 0.684587
Model_16.0b 6 2034  F_Mean 0.667139
Model_16.0b 6 2035 F0 0 
Model_16.0b 6 2035 Fabc 0.60874
Model_16.0b 6 2035 Fofl 0.762079
Model_16.0b 6 2035  F_LCI 0.505545
Model_16.0b 6 2035  F_UCI 0.762079
Model_16.0b 6 2035  F_Median 0.678828
Model_16.0b 6 2035  F_Mean 0.667585
Model_16.0b 6 2036 F0 0 
Model_16.0b 6 2036 Fabc 0.60874
Model_16.0b 6 2036 Fofl 0.762079
Model_16.0b 6 2036  F_LCI 0.510125
Model_16.0b 6 2036  F_UCI 0.762079
Model_16.0b 6 2036  F_Median 0.685854
Model_16.0b 6 2036  F_Mean 0.668659
Model_16.0b 7 2022 Cabc 90158.7
Model_16.0b 7 2022 Cofl 97763.1
Model_16.0b 7 2022 CLCI 66481
Model_16.0b 7 2022 CUCI 66481
Model_16.0b 7 2022 CMedian 66481
Model_16.0b 7 2022 CMean 66481
Model_16.0b 7 2022 CStdn 1.58616e-09
Model_16.0b 7 2023 Cabc 90158.7
Model_16.0b 7 2023 Cofl 97763.1
Model_16.0b 7 2023 CLCI 98571.8
Model_16.0b 7 2023 CUCI 98619.2
Model_16.0b 7 2023 CMedian 98584.4
Model_16.0b 7 2023 CMean 98588.2
Model_16.0b 7 2023 CStdn 15.4356
Model_16.0b 7 2024 Cabc 90158.7
Model_16.0b 7 2024 Cofl 97763.1
Model_16.0b 7 2024 CLCI 79212.6
Model_16.0b 7 2024 CUCI 82280
Model_16.0b 7 2024 CMedian 80018.7
Model_16.0b 7 2024 CMean 80272.1
Model_16.0b 7 2024 CStdn 1004.74
Model_16.0b 7 2025 Cabc 90158.7
Model_16.0b 7 2025 Cofl 97763.1
Model_16.0b 7 2025 CLCI 75600.9
Model_16.0b 7 2025 CUCI 108157
Model_16.0b 7 2025 CMedian 83861.6
Model_16.0b 7 2025 CMean 86618.4
Model_16.0b 7 2025 CStdn 10212.7
Model_16.0b 7 2026 Cabc 90158.7
Model_16.0b 7 2026 Cofl 97763.1
Model_16.0b 7 2026 CLCI 57668
Model_16.0b 7 2026 CUCI 122471
Model_16.0b 7 2026 CMedian 79172.3
Model_16.0b 7 2026 CMean 83930.7
Model_16.0b 7 2026 CStdn 20881.5
Model_16.0b 7 2027 Cabc 90158.7
Model_16.0b 7 2027 Cofl 97763.1
Model_16.0b 7 2027 CLCI 51470.1
Model_16.0b 7 2027 CUCI 133607
Model_16.0b 7 2027 CMedian 82803.3
Model_16.0b 7 2027 CMean 87523.1
Model_16.0b 7 2027 CStdn 26130.2
Model_16.0b 7 2028 Cabc 90158.7
Model_16.0b 7 2028 Cofl 97763.1
Model_16.0b 7 2028 CLCI 51018.8
Model_16.0b 7 2028 CUCI 141756
Model_16.0b 7 2028 CMedian 87825.9
Model_16.0b 7 2028 CMean 91697.9
Model_16.0b 7 2028 CStdn 27558.5
Model_16.0b 7 2029 Cabc 90158.7
Model_16.0b 7 2029 Cofl 97763.1
Model_16.0b 7 2029 CLCI 50613.4
Model_16.0b 7 2029 CUCI 140789
Model_16.0b 7 2029 CMedian 90293.3
Model_16.0b 7 2029 CMean 94395.6
Model_16.0b 7 2029 CStdn 29256.9
Model_16.0b 7 2030 Cabc 90158.7
Model_16.0b 7 2030 Cofl 97763.1
Model_16.0b 7 2030 CLCI 51883.1
Model_16.0b 7 2030 CUCI 145361
Model_16.0b 7 2030 CMedian 91712.1
Model_16.0b 7 2030 CMean 95338
Model_16.0b 7 2030 CStdn 30192.7
Model_16.0b 7 2031 Cabc 90158.7
Model_16.0b 7 2031 Cofl 97763.1
Model_16.0b 7 2031 CLCI 51636.1
Model_16.0b 7 2031 CUCI 144541
Model_16.0b 7 2031 CMedian 93453.4
Model_16.0b 7 2031 CMean 95521.2
Model_16.0b 7 2031 CStdn 30096.8
Model_16.0b 7 2032 Cabc 90158.7
Model_16.0b 7 2032 Cofl 97763.1
Model_16.0b 7 2032 CLCI 51485.1
Model_16.0b 7 2032 CUCI 147520
Model_16.0b 7 2032 CMedian 91024.4
Model_16.0b 7 2032 CMean 95265.6
Model_16.0b 7 2032 CStdn 30391.1
Model_16.0b 7 2033 Cabc 90158.7
Model_16.0b 7 2033 Cofl 97763.1
Model_16.0b 7 2033 CLCI 51805.2
Model_16.0b 7 2033 CUCI 148390
Model_16.0b 7 2033 CMedian 90905.7
Model_16.0b 7 2033 CMean 94992.9
Model_16.0b 7 2033 CStdn 30777.8
Model_16.0b 7 2034 Cabc 90158.7
Model_16.0b 7 2034 Cofl 97763.1
Model_16.0b 7 2034 CLCI 52825.7
Model_16.0b 7 2034 CUCI 148482
Model_16.0b 7 2034 CMedian 91465.5
Model_16.0b 7 2034 CMean 94715.8
Model_16.0b 7 2034 CStdn 30630.9
Model_16.0b 7 2035 Cabc 90158.7
Model_16.0b 7 2035 Cofl 97763.1
Model_16.0b 7 2035 CLCI 52408.5
Model_16.0b 7 2035 CUCI 149433
Model_16.0b 7 2035 CMedian 90370.8
Model_16.0b 7 2035 CMean 94592.2
Model_16.0b 7 2035 CStdn 30502.3
Model_16.0b 7 2036 Cabc 90158.7
Model_16.0b 7 2036 Cofl 97763.1
Model_16.0b 7 2036 CLCI 53787.7
Model_16.0b 7 2036 CUCI 145773
Model_16.0b 7 2036 CMedian 91443
Model_16.0b 7 2036 CMean 94977.4
Model_16.0b 7 2036 CStdn 30522.4
Model_16.0b 7 2022 SSBF100 280456
Model_16.0b 7 2022 SSBFabc 112182
Model_16.0b 7 2022 SSBFofl 98159.5
Model_16.0b 7 2022 SSBLCI 137805
Model_16.0b 7 2022 SSBUCI 137805
Model_16.0b 7 2022 SSBMedian 137805
Model_16.0b 7 2022 SSBMean 137805
Model_16.0b 7 2023 SSBF100 280456
Model_16.0b 7 2023 SSBFabc 112182
Model_16.0b 7 2023 SSBFofl 98159.5
Model_16.0b 7 2023 SSBLCI 118560
Model_16.0b 7 2023 SSBUCI 118675
Model_16.0b 7 2023 SSBMedian 118591
Model_16.0b 7 2023 SSBMean 118600
Model_16.0b 7 2024 SSBF100 280456
Model_16.0b 7 2024 SSBFabc 112182
Model_16.0b 7 2024 SSBFofl 98159.5
Model_16.0b 7 2024 SSBLCI 103622
Model_16.0b 7 2024 SSBUCI 105317
Model_16.0b 7 2024 SSBMedian 104077
Model_16.0b 7 2024 SSBMean 104213
Model_16.0b 7 2025 SSBF100 280456
Model_16.0b 7 2025 SSBFabc 112182
Model_16.0b 7 2025 SSBFofl 98159.5
Model_16.0b 7 2025 SSBLCI 90972.3
Model_16.0b 7 2025 SSBUCI 109146
Model_16.0b 7 2025 SSBMedian 95866.9
Model_16.0b 7 2025 SSBMean 97372.2
Model_16.0b 7 2026 SSBF100 280456
Model_16.0b 7 2026 SSBFabc 112182
Model_16.0b 7 2026 SSBFofl 98159.5
Model_16.0b 7 2026 SSBLCI 79963.8
Model_16.0b 7 2026 SSBUCI 127372
Model_16.0b 7 2026 SSBMedian 94429.2
Model_16.0b 7 2026 SSBMean 97839.8
Model_16.0b 7 2027 SSBF100 280456
Model_16.0b 7 2027 SSBFabc 112182
Model_16.0b 7 2027 SSBFofl 98159.5
Model_16.0b 7 2027 SSBLCI 75803.6
Model_16.0b 7 2027 SSBUCI 139946
Model_16.0b 7 2027 SSBMedian 97143
Model_16.0b 7 2027 SSBMean 101308
Model_16.0b 7 2028 SSBF100 280456
Model_16.0b 7 2028 SSBFabc 112182
Model_16.0b 7 2028 SSBFofl 98159.5
Model_16.0b 7 2028 SSBLCI 75371.2
Model_16.0b 7 2028 SSBUCI 146226
Model_16.0b 7 2028 SSBMedian 99854.9
Model_16.0b 7 2028 SSBMean 103909
Model_16.0b 7 2029 SSBF100 280456
Model_16.0b 7 2029 SSBFabc 112182
Model_16.0b 7 2029 SSBFofl 98159.5
Model_16.0b 7 2029 SSBLCI 75276.1
Model_16.0b 7 2029 SSBUCI 147355
Model_16.0b 7 2029 SSBMedian 101337
Model_16.0b 7 2029 SSBMean 105638
Model_16.0b 7 2030 SSBF100 280456
Model_16.0b 7 2030 SSBFabc 112182
Model_16.0b 7 2030 SSBFofl 98159.5
Model_16.0b 7 2030 SSBLCI 75835
Model_16.0b 7 2030 SSBUCI 149132
Model_16.0b 7 2030 SSBMedian 101312
Model_16.0b 7 2030 SSBMean 106163
Model_16.0b 7 2031 SSBF100 280456
Model_16.0b 7 2031 SSBFabc 112182
Model_16.0b 7 2031 SSBFofl 98159.5
Model_16.0b 7 2031 SSBLCI 75307.4
Model_16.0b 7 2031 SSBUCI 148766
Model_16.0b 7 2031 SSBMedian 102298
Model_16.0b 7 2031 SSBMean 105952
Model_16.0b 7 2032 SSBF100 280456
Model_16.0b 7 2032 SSBFabc 112182
Model_16.0b 7 2032 SSBFofl 98159.5
Model_16.0b 7 2032 SSBLCI 75225.1
Model_16.0b 7 2032 SSBUCI 152516
Model_16.0b 7 2032 SSBMedian 100834
Model_16.0b 7 2032 SSBMean 105932
Model_16.0b 7 2033 SSBF100 280456
Model_16.0b 7 2033 SSBFabc 112182
Model_16.0b 7 2033 SSBFofl 98159.5
Model_16.0b 7 2033 SSBLCI 75687.9
Model_16.0b 7 2033 SSBUCI 153140
Model_16.0b 7 2033 SSBMedian 100671
Model_16.0b 7 2033 SSBMean 105887
Model_16.0b 7 2034 SSBF100 280456
Model_16.0b 7 2034 SSBFabc 112182
Model_16.0b 7 2034 SSBFofl 98159.5
Model_16.0b 7 2034 SSBLCI 76455.9
Model_16.0b 7 2034 SSBUCI 152407
Model_16.0b 7 2034 SSBMedian 101238
Model_16.0b 7 2034 SSBMean 105562
Model_16.0b 7 2035 SSBF100 280456
Model_16.0b 7 2035 SSBFabc 112182
Model_16.0b 7 2035 SSBFofl 98159.5
Model_16.0b 7 2035 SSBLCI 76377.6
Model_16.0b 7 2035 SSBUCI 152518
Model_16.0b 7 2035 SSBMedian 100447
Model_16.0b 7 2035 SSBMean 105418
Model_16.0b 7 2036 SSBF100 280456
Model_16.0b 7 2036 SSBFabc 112182
Model_16.0b 7 2036 SSBFofl 98159.5
Model_16.0b 7 2036 SSBLCI 77009.4
Model_16.0b 7 2036 SSBUCI 149873
Model_16.0b 7 2036 SSBMedian 101415
Model_16.0b 7 2036 SSBMean 105799
Model_16.0b 7 2022 F0 0 
Model_16.0b 7 2022 Fabc 0.60874
Model_16.0b 7 2022 Fofl 0.762079
Model_16.0b 7 2022  F_LCI 0.37197
Model_16.0b 7 2022  F_UCI 0.37197
Model_16.0b 7 2022  F_Median 0.37197
Model_16.0b 7 2022  F_Mean 0.37197
Model_16.0b 7 2023 F0 0 
Model_16.0b 7 2023 Fabc 0.60874
Model_16.0b 7 2023 Fofl 0.762079
Model_16.0b 7 2023  F_LCI 0.608739
Model_16.0b 7 2023  F_UCI 0.608739
Model_16.0b 7 2023  F_Median 0.608739
Model_16.0b 7 2023  F_Mean 0.608739
Model_16.0b 7 2024 F0 0 
Model_16.0b 7 2024 Fabc 0.60874
Model_16.0b 7 2024 Fofl 0.762079
Model_16.0b 7 2024  F_LCI 0.559495
Model_16.0b 7 2024  F_UCI 0.569247
Model_16.0b 7 2024  F_Median 0.562111
Model_16.0b 7 2024  F_Mean 0.562892
Model_16.0b 7 2025 F0 0 
Model_16.0b 7 2025 Fabc 0.60874
Model_16.0b 7 2025 Fofl 0.762079
Model_16.0b 7 2025  F_LCI 0.610428
Model_16.0b 7 2025  F_UCI 0.741397
Model_16.0b 7 2025  F_Median 0.645771
Model_16.0b 7 2025  F_Mean 0.65535
Model_16.0b 7 2026 F0 0 
Model_16.0b 7 2026 Fabc 0.60874
Model_16.0b 7 2026 Fofl 0.762079
Model_16.0b 7 2026  F_LCI 0.531226
Model_16.0b 7 2026  F_UCI 0.762079
Model_16.0b 7 2026  F_Median 0.635303
Model_16.0b 7 2026  F_Mean 0.644657
Model_16.0b 7 2027 F0 0 
Model_16.0b 7 2027 Fabc 0.60874
Model_16.0b 7 2027 Fofl 0.762079
Model_16.0b 7 2027  F_LCI 0.501486
Model_16.0b 7 2027  F_UCI 0.762079
Model_16.0b 7 2027  F_Median 0.654937
Model_16.0b 7 2027  F_Mean 0.653947
Model_16.0b 7 2028 F0 0 
Model_16.0b 7 2028 Fabc 0.60874
Model_16.0b 7 2028 Fofl 0.762079
Model_16.0b 7 2028  F_LCI 0.498284
Model_16.0b 7 2028  F_UCI 0.762079
Model_16.0b 7 2028  F_Median 0.674486
Model_16.0b 7 2028  F_Mean 0.665081
Model_16.0b 7 2029 F0 0 
Model_16.0b 7 2029 Fabc 0.60874
Model_16.0b 7 2029 Fofl 0.762079
Model_16.0b 7 2029  F_LCI 0.497486
Model_16.0b 7 2029  F_UCI 0.762079
Model_16.0b 7 2029  F_Median 0.685308
Model_16.0b 7 2029  F_Mean 0.669965
Model_16.0b 7 2030 F0 0 
Model_16.0b 7 2030 Fabc 0.60874
Model_16.0b 7 2030 Fofl 0.762079
Model_16.0b 7 2030  F_LCI 0.501558
Model_16.0b 7 2030  F_UCI 0.762079
Model_16.0b 7 2030  F_Median 0.684848
Model_16.0b 7 2030  F_Mean 0.670046
Model_16.0b 7 2031 F0 0 
Model_16.0b 7 2031 Fabc 0.60874
Model_16.0b 7 2031 Fofl 0.762079
Model_16.0b 7 2031  F_LCI 0.497977
Model_16.0b 7 2031  F_UCI 0.762079
Model_16.0b 7 2031  F_Median 0.692097
Model_16.0b 7 2031  F_Mean 0.670554
Model_16.0b 7 2032 F0 0 
Model_16.0b 7 2032 Fabc 0.60874
Model_16.0b 7 2032 Fofl 0.762079
Model_16.0b 7 2032  F_LCI 0.497465
Model_16.0b 7 2032  F_UCI 0.762079
Model_16.0b 7 2032  F_Median 0.681547
Model_16.0b 7 2032  F_Mean 0.668802
Model_16.0b 7 2033 F0 0 
Model_16.0b 7 2033 Fabc 0.60874
Model_16.0b 7 2033 Fofl 0.762079
Model_16.0b 7 2033  F_LCI 0.500613
Model_16.0b 7 2033  F_UCI 0.762079
Model_16.0b 7 2033  F_Median 0.680293
Model_16.0b 7 2033  F_Mean 0.667415
Model_16.0b 7 2034 F0 0 
Model_16.0b 7 2034 Fabc 0.60874
Model_16.0b 7 2034 Fofl 0.762079
Model_16.0b 7 2034  F_LCI 0.506178
Model_16.0b 7 2034  F_UCI 0.762079
Model_16.0b 7 2034  F_Median 0.68459
Model_16.0b 7 2034  F_Mean 0.667143
Model_16.0b 7 2035 F0 0 
Model_16.0b 7 2035 Fabc 0.60874
Model_16.0b 7 2035 Fofl 0.762079
Model_16.0b 7 2035  F_LCI 0.505546
Model_16.0b 7 2035  F_UCI 0.762079
Model_16.0b 7 2035  F_Median 0.678829
Model_16.0b 7 2035  F_Mean 0.667587
Model_16.0b 7 2036 F0 0 
Model_16.0b 7 2036 Fabc 0.60874
Model_16.0b 7 2036 Fofl 0.762079
Model_16.0b 7 2036  F_LCI 0.510126
Model_16.0b 7 2036  F_UCI 0.762079
Model_16.0b 7 2036  F_Median 0.685856
Model_16.0b 7 2036  F_Mean 0.668659
