Alternative 1 Catch
     Model_1_goa_pop_2023 
Equil_Fabc 25.3018 
Year 
2020 30.3807 
2021 31.454 
2022 29.89 
2023  NA 
2024  NA 
2025  NA 
2026  NA 
2027  NA 
2028  NA 
2029  NA 
2030  NA 
2031  NA 
2032  NA 
2033  NA 
2034 44.6533 

Alternative 1 ABCs
     Model_1_goa_pop_2023 

Year 
2020 40.916 
2021 39.7189 
2022 38.3535 
2023 37.0013 
2024 37.782 
2025 38.4985 
2026 39.1584 
2027 39.8107 
2028 40.4578 
2029 41.1298 
2030 41.8088 
2031 42.5068 
2032 43.2099 
2033 43.9338 
2034 44.6533 

Alternative 1 TACs
     Model_1_goa_pop_2023 

Year 
2020  NA 
2021  NA 
2022  NA 
2023  NA 
2024  NA 
2025  NA 
2026  NA 
2027  NA 
2028  NA 
2029  NA 
2030  NA 
2031  NA 
2032  NA 
2033  NA 
2034 44.6533 

Alternative 1 Sp_Biomass
     Model_1_goa_pop_2023 
Equil_Fabc 137.447 
Year 
2020 234.352 
2021 228.029 
2022 221.381 
2023 219.342 
2024 225.302 
2025 230.214 
2026 234.238 
2027 237.869 
2028 241.691 
2029 246.007 
2030 250.886 
2031 256.153 
2032 261.609 
2033 267.018 
2034 265.488 

Alternative 1 Fishing Mortality
     Model_1_goa_pop_2023 
Equil_Fabc 0.0990105 
Year 
2020 0.0727775 
2021 0.0777704 
2022 0.0764976 
2023  NA 
2024  NA 
2025  NA 
2026  NA 
2027  NA 
2028  NA 
2029  NA 
2030  NA 
2031  NA 
2032  NA 
2033  NA 
2034 0.0990105 

Alternative 1 Biomass
     Model_1_goa_pop_2023 

Year 
2020 670.712 
2021 649.838 
2022 628.217 
2023 609.306 
2024 621.924 
2025 634.941 
2026 648.255 
2027 661.721 
2028 675.189 
2029 688.365 
2030 701.225 
2031 713.614 
2032 725.627 
2033 736.981 
2034 747.654 

Alternative 1 Implied SPR rate 
     Model_1_goa_pop_2023 
Equil_Fabc 0.4 
Year 
2020 0.485964 
2021 0.467306 
2022 0.471946 
2023 1 
2024 1 
2025 1 
2026 1 
2027 1 
2028 1 
2029 1 
2030 1 
2031 1 
2032 1 
2033 1 
2034 0.4 

  Model_1_goa_pop_2023 
EquilAvgAgeF0  12.2163 
EquilAvgAgeFabc  7.81304 
AvgAgeYr2034 166.214 
Alternative 2 Catch
     Model_1_goa_pop_2023 
Equil_Fabc 25.3018 
Year 
2020 30.3807 
2021 31.454 
2022 29.89 
2023  NA 
2024  NA 
2025  NA 
2026  NA 
2027  NA 
2028  NA 
2029  NA 
2030  NA 
2031  NA 
2032  NA 
2033  NA 
2034 44.6533 

Alternative 2 ABCs
     Model_1_goa_pop_2023 

Year 
2020 40.916 
2021 39.7189 
2022 38.3535 
2023 37.0013 
2024 37.782 
2025 38.4985 
2026 39.1584 
2027 39.8107 
2028 40.4578 
2029 41.1298 
2030 41.8088 
2031 42.5068 
2032 43.2099 
2033 43.9338 
2034 44.6533 

Alternative 2 TACs
     Model_1_goa_pop_2023 

Year 
2020  NA 
2021  NA 
2022  NA 
2023  NA 
2024  NA 
2025  NA 
2026  NA 
2027  NA 
2028  NA 
2029  NA 
2030  NA 
2031  NA 
2032  NA 
2033  NA 
2034 44.6533 

Alternative 2 Sp_Biomass
     Model_1_goa_pop_2023 
Equil_Fabc 137.447 
Year 
2020 234.352 
2021 228.029 
2022 221.381 
2023 219.342 
2024 225.302 
2025 230.214 
2026 234.238 
2027 237.869 
2028 241.691 
2029 246.007 
2030 250.886 
2031 256.153 
2032 261.609 
2033 267.018 
2034 265.488 

Alternative 2 Fishing Mortality
     Model_1_goa_pop_2023 
Equil_Fabc 0.0990105 
Year 
2020 0.0727775 
2021 0.0777704 
2022 0.0764976 
2023  NA 
2024  NA 
2025  NA 
2026  NA 
2027  NA 
2028  NA 
2029  NA 
2030  NA 
2031  NA 
2032  NA 
2033  NA 
2034 0.0990105 

Alternative 2 Biomass
     Model_1_goa_pop_2023 

Year 
2020 670.712 
2021 649.838 
2022 628.217 
2023 609.306 
2024 621.924 
2025 634.941 
2026 648.255 
2027 661.721 
2028 675.189 
2029 688.365 
2030 701.225 
2031 713.614 
2032 725.627 
2033 736.981 
2034 747.654 

Alternative 2 Implied SPR rate 
     Model_1_goa_pop_2023 
Equil_Fabc 0.4 
Year 
2020 0.485964 
2021 0.467306 
2022 0.471946 
2023 1 
2024 1 
2025 1 
2026 1 
2027 1 
2028 1 
2029 1 
2030 1 
2031 1 
2032 1 
2033 1 
2034 0.4 

  Model_1_goa_pop_2023 
EquilAvgAgeF0  12.2163 
EquilAvgAgeFabc  7.81304 
AvgAgeYr2034 166.214 
Alternative 3 Catch
     Model_1_goa_pop_2023 
Equil_Fabc 25.3018 
Year 
2020 30.3807 
2021 31.454 
2022 29.89 
2023  NA 
2024  NA 
2025  NA 
2026  NA 
2027  NA 
2028  NA 
2029  NA 
2030  NA 
2031  NA 
2032  NA 
2033  NA 
2034 29.195 

Alternative 3 ABCs
     Model_1_goa_pop_2023 

Year 
2020 40.916 
2021 39.7189 
2022 38.3535 
2023 37.0013 
2024 37.782 
2025 38.4985 
2026 39.1584 
2027 39.8107 
2028 40.4578 
2029 41.1298 
2030 41.8088 
2031 42.5068 
2032 43.2099 
2033 43.9338 
2034 44.6533 

Alternative 3 TACs
     Model_1_goa_pop_2023 

Year 
2020  NA 
2021  NA 
2022  NA 
2023  NA 
2024  NA 
2025  NA 
2026  NA 
2027  NA 
2028  NA 
2029  NA 
2030  NA 
2031  NA 
2032  NA 
2033  NA 
2034 29.195 

Alternative 3 Sp_Biomass
     Model_1_goa_pop_2023 
Equil_Fabc 137.447 
Year 
2020 234.352 
2021 228.029 
2022 221.381 
2023 219.342 
2024 225.302 
2025 230.214 
2026 234.238 
2027 237.869 
2028 241.691 
2029 246.007 
2030 250.886 
2031 256.153 
2032 261.609 
2033 267.018 
2034 267.874 

Alternative 3 Fishing Mortality
     Model_1_goa_pop_2023 
Equil_Fabc 0.0990105 
Year 
2020 0.0727775 
2021 0.0777704 
2022 0.0764976 
2023  NA 
2024  NA 
2025  NA 
2026  NA 
2027  NA 
2028  NA 
2029  NA 
2030  NA 
2031  NA 
2032  NA 
2033  NA 
2034 0.0638806 

Alternative 3 Biomass
     Model_1_goa_pop_2023 

Year 
2020 670.712 
2021 649.838 
2022 628.217 
2023 609.306 
2024 621.924 
2025 634.941 
2026 648.255 
2027 661.721 
2028 675.189 
2029 688.365 
2030 701.225 
2031 713.614 
2032 725.627 
2033 736.981 
2034 747.654 

Alternative 3 Implied SPR rate 
     Model_1_goa_pop_2023 
Equil_Fabc 0.4 
Year 
2020 0.485964 
2021 0.467306 
2022 0.471946 
2023 1 
2024 1 
2025 1 
2026 1 
2027 1 
2028 1 
2029 1 
2030 1 
2031 1 
2032 1 
2033 1 
2034 0.522482 

  Model_1_goa_pop_2023 
EquilAvgAgeF0  12.2163 
EquilAvgAgeFabc  7.81304 
AvgAgeYr2034 166.373 
Alternative 4 Catch
     Model_1_goa_pop_2023 
Equil_Fabc 25.3018 
Year 
2020 30.3807 
2021 31.454 
2022 29.89 
2023  NA 
2024  NA 
2025  NA 
2026  NA 
2027  NA 
2028  NA 
2029  NA 
2030  NA 
2031  NA 
2032  NA 
2033  NA 
2034 11.7093 

Alternative 4 ABCs
     Model_1_goa_pop_2023 

Year 
2020 40.916 
2021 39.7189 
2022 38.3535 
2023 37.0013 
2024 37.782 
2025 38.4985 
2026 39.1584 
2027 39.8107 
2028 40.4578 
2029 41.1298 
2030 41.8088 
2031 42.5068 
2032 43.2099 
2033 43.9338 
2034 44.6533 

Alternative 4 TACs
     Model_1_goa_pop_2023 

Year 
2020  NA 
2021  NA 
2022  NA 
2023  NA 
2024  NA 
2025  NA 
2026  NA 
2027  NA 
2028  NA 
2029  NA 
2030  NA 
2031  NA 
2032  NA 
2033  NA 
2034 11.7093 

Alternative 4 Sp_Biomass
     Model_1_goa_pop_2023 
Equil_Fabc 137.447 
Year 
2020 234.352 
2021 228.029 
2022 221.381 
2023 219.342 
2024 225.302 
2025 230.214 
2026 234.238 
2027 237.869 
2028 241.691 
2029 246.007 
2030 250.886 
2031 256.153 
2032 261.609 
2033 267.018 
2034 270.523 

Alternative 4 Fishing Mortality
     Model_1_goa_pop_2023 
Equil_Fabc 0.0990105 
Year 
2020 0.0727775 
2021 0.0777704 
2022 0.0764976 
2023  NA 
2024  NA 
2025  NA 
2026  NA 
2027  NA 
2028  NA 
2029  NA 
2030  NA 
2031  NA 
2032  NA 
2033  NA 
2034 0.025247 

Alternative 4 Biomass
     Model_1_goa_pop_2023 

Year 
2020 670.712 
2021 649.838 
2022 628.217 
2023 609.306 
2024 621.924 
2025 634.941 
2026 648.255 
2027 661.721 
2028 675.189 
2029 688.365 
2030 701.225 
2031 713.614 
2032 725.627 
2033 736.981 
2034 747.654 

Alternative 4 Implied SPR rate 
     Model_1_goa_pop_2023 
Equil_Fabc 0.4 
Year 
2020 0.485964 
2021 0.467306 
2022 0.471946 
2023 1 
2024 1 
2025 1 
2026 1 
2027 1 
2028 1 
2029 1 
2030 1 
2031 1 
2032 1 
2033 1 
2034 0.75 

  Model_1_goa_pop_2023 
EquilAvgAgeF0  12.2163 
EquilAvgAgeFabc  7.81304 
AvgAgeYr2034 166.548 
Alternative 5 Catch
     Model_1_goa_pop_2023 
Equil_Fabc 25.3018 
Year 
2020 30.3807 
2021 31.454 
2022 29.89 
2023  NA 
2024  NA 
2025  NA 
2026  NA 
2027  NA 
2028  NA 
2029  NA 
2030  NA 
2031  NA 
2032  NA 
2033  NA 
2034  NA 

Alternative 5 ABCs
     Model_1_goa_pop_2023 

Year 
2020 40.916 
2021 39.7189 
2022 38.3535 
2023 37.0013 
2024 37.782 
2025 38.4985 
2026 39.1584 
2027 39.8107 
2028 40.4578 
2029 41.1298 
2030 41.8088 
2031 42.5068 
2032 43.2099 
2033 43.9338 
2034 44.6533 

Alternative 5 TACs
     Model_1_goa_pop_2023 

Year 
2020  NA 
2021  NA 
2022  NA 
2023  NA 
2024  NA 
2025  NA 
2026  NA 
2027  NA 
2028  NA 
2029  NA 
2030  NA 
2031  NA 
2032  NA 
2033  NA 
2034  NA 

Alternative 5 Sp_Biomass
     Model_1_goa_pop_2023 
Equil_Fabc 137.447 
Year 
2020 234.352 
2021 228.029 
2022 221.381 
2023 219.342 
2024 225.302 
2025 230.214 
2026 234.238 
2027 237.869 
2028 241.691 
2029 246.007 
2030 250.886 
2031 256.153 
2032 261.609 
2033 267.018 
2034 272.27 

Alternative 5 Fishing Mortality
     Model_1_goa_pop_2023 
Equil_Fabc 0.0990105 
Year 
2020 0.0727775 
2021 0.0777704 
2022 0.0764976 
2023  NA 
2024  NA 
2025  NA 
2026  NA 
2027  NA 
2028  NA 
2029  NA 
2030  NA 
2031  NA 
2032  NA 
2033  NA 
2034  NA 

Alternative 5 Biomass
     Model_1_goa_pop_2023 

Year 
2020 670.712 
2021 649.838 
2022 628.217 
2023 609.306 
2024 621.924 
2025 634.941 
2026 648.255 
2027 661.721 
2028 675.189 
2029 688.365 
2030 701.225 
2031 713.614 
2032 725.627 
2033 736.981 
2034 747.654 

Alternative 5 Implied SPR rate 
     Model_1_goa_pop_2023 
Equil_Fabc 0.4 
Year 
2020 0.485964 
2021 0.467306 
2022 0.471946 
2023 1 
2024 1 
2025 1 
2026 1 
2027 1 
2028 1 
2029 1 
2030 1 
2031 1 
2032 1 
2033 1 
2034 1 

  Model_1_goa_pop_2023 
EquilAvgAgeF0  12.2163 
EquilAvgAgeFabc  7.81304 
AvgAgeYr2034 166.662 
Alternative 6 Catch
     Model_1_goa_pop_2023 
Equil_Fabc 25.3018 
Year 
2020 30.3807 
2021 47.4663 
2022 44.4239 
2023 41.5684 
2024 38.9225 
2025 36.5462 
2026 34.4603 
2027 32.7161 
2028 31.3052 
2029 30.1792 
2030 29.0196 
2031 28.0852 
2032 27.4688 
2033 27.0971 
2034 26.8851 

Alternative 6 ABCs
     Model_1_goa_pop_2023 

Year 
2020 40.916 
2021 39.7189 
2022 37.1721 
2023 34.7821 
2024 32.5675 
2025 30.5782 
2026 28.8314 
2027 27.3699 
2028 26.1871 
2029 25.2549 
2030 24.3165 
2031 23.5429 
2032 23.0287 
2033 22.7175 
2034 22.5412 

Alternative 6 TACs
     Model_1_goa_pop_2023 

Year 
2020  NA 
2021 47.4663 
2022 44.4239 
2023 41.5684 
2024 38.9225 
2025 36.5462 
2026 34.4603 
2027 32.7161 
2028 31.3052 
2029 30.1792 
2030 29.0196 
2031 28.0852 
2032 27.4688 
2033 27.0971 
2034 26.8851 

Alternative 6 Sp_Biomass
     Model_1_goa_pop_2023 
Equil_Fabc 137.447 
Year 
2020 234.352 
2021 225.566 
2022 212.168 
2023 199.842 
2024 188.178 
2025 176.925 
2026 166.387 
2027 157.097 
2028 149.5 
2029 143.688 
2030 139.525 
2031 136.718 
2032 134.882 
2033 133.646 
2034 132.773 

Alternative 6 Fishing Mortality
     Model_1_goa_pop_2023 
Equil_Fabc 0.0990105 
Year 
2020 0.0727775 
2021 0.119243 
2022 0.119243 
2023 0.119243 
2024 0.119243 
2025 0.119243 
2026 0.119243 
2027 0.119243 
2028 0.119243 
2029 0.119037 
2030 0.117386 
2031 0.115479 
2032 0.11404 
2033 0.113013 
2034 0.112297 

Alternative 6 Biomass
     Model_1_goa_pop_2023 

Year 
2020 670.712 
2021 649.838 
2022 612.183 
2023 579.353 
2024 551.623 
2025 528.705 
2026 510.185 
2027 495.554 
2028 484.179 
2029 475.321 
2030 468.517 
2031 463.55 
2032 460.154 
2033 457.677 
2034 455.74 

Alternative 6 Implied SPR rate 
     Model_1_goa_pop_2023 
Equil_Fabc 0.4 
Year 
2020 0.485964 
2021 0.35 
2022 0.35 
2023 0.35 
2024 0.35 
2025 0.35 
2026 0.35 
2027 0.35 
2028 0.35 
2029 0.350462 
2030 0.354227 
2031 0.358709 
2032 0.362189 
2033 0.364725 
2034 0.366517 

  Model_1_goa_pop_2023 
EquilAvgAgeF0  12.2163 
EquilAvgAgeFabc  7.81304 
AvgAgeYr2034 141.316 
Alternative 7 Catch
     Model_1_goa_pop_2023 
Equil_Fabc 25.3018 
Year 
2020 30.3807 
2021 39.7189 
2022 37.7433 
2023 42.8187 
2024 40.022 
2025 37.503 
2026 35.2839 
2027 33.4183 
2028 31.8985 
2029 30.7146 
2030 29.6034 
2031 28.6032 
2032 27.8885 
2033 27.4269 
2034 27.1424 

Alternative 7 ABCs
     Model_1_goa_pop_2023 

Year 
2020 40.916 
2021 39.7189 
2022 37.7434 
2023 35.8289 
2024 33.4881 
2025 31.3794 
2026 29.521 
2027 27.958 
2028 26.6838 
2029 25.6937 
2030 24.7916 
2031 23.9696 
2032 23.3749 
2033 22.9903 
2034 22.7539 

Alternative 7 TACs
     Model_1_goa_pop_2023 

Year 
2020  NA 
2021 47.4663 
2022 45.1062 
2023 42.8187 
2024 40.022 
2025 37.503 
2026 35.2839 
2027 33.4184 
2028 31.8985 
2029 30.7146 
2030 29.6034 
2031 28.6032 
2032 27.8885 
2033 27.4269 
2034 27.1424 

Alternative 7 Sp_Biomass
     Model_1_goa_pop_2023 
Equil_Fabc 137.447 
Year 
2020 234.352 
2021 226.764 
2022 216.575 
2023 205.882 
2024 193.571 
2025 181.693 
2026 170.562 
2027 160.722 
2028 152.628 
2029 146.37 
2030 141.786 
2031 138.578 
2032 136.394 
2033 134.869 
2034 133.76 

Alternative 7 Fishing Mortality
     Model_1_goa_pop_2023 
Equil_Fabc 0.0990105 
Year 
2020 0.0727775 
2021 0.0990104 
2022 0.0990104 
2023 0.119243 
2024 0.119243 
2025 0.119243 
2026 0.119243 
2027 0.119243 
2028 0.119243 
2029 0.119207 
2030 0.118176 
2031 0.11638 
2032 0.114843 
2033 0.113681 
2034 0.112846 

Alternative 7 Biomass
     Model_1_goa_pop_2023 

Year 
2020 670.712 
2021 649.838 
2022 619.94 
2023 593.495 
2024 563.928 
2025 539.347 
2026 519.344 
2027 503.406 
2028 490.893 
2029 481.053 
2030 473.37 
2031 467.518 
2032 463.346 
2033 460.231 
2034 457.782 

Alternative 7 Implied SPR rate 
     Model_1_goa_pop_2023 
Equil_Fabc 0.4 
Year 
2020 0.485964 
2021 0.4 
2022 0.4 
2023 0.35 
2024 0.35 
2025 0.35 
2026 0.35 
2027 0.35 
2028 0.35 
2029 0.350082 
2030 0.352417 
2031 0.356593 
2032 0.360268 
2033 0.363104 
2034 0.365172 

  Model_1_goa_pop_2023 
EquilAvgAgeF0  12.2163 
EquilAvgAgeFabc  7.81304 
AvgAgeYr2034 142.348 
