Model_1_goa_pop_2023 1 2020 Cabc 25.3018
Model_1_goa_pop_2023 1 2020 Cofl 27.0643
Model_1_goa_pop_2023 1 2020 CLCI 30.3807
Model_1_goa_pop_2023 1 2020 CUCI 30.3807
Model_1_goa_pop_2023 1 2020 CMedian 30.3807
Model_1_goa_pop_2023 1 2020 CMean 30.3807
Model_1_goa_pop_2023 1 2020 CStdn 4.79616e-13
Model_1_goa_pop_2023 1 2021 Cabc 25.3018
Model_1_goa_pop_2023 1 2021 Cofl 27.0643
Model_1_goa_pop_2023 1 2021 CLCI 31.454
Model_1_goa_pop_2023 1 2021 CUCI 31.454
Model_1_goa_pop_2023 1 2021 CMedian 31.454
Model_1_goa_pop_2023 1 2021 CMean 31.454
Model_1_goa_pop_2023 1 2021 CStdn 6.18712e-10
Model_1_goa_pop_2023 1 2022 Cabc 25.3018
Model_1_goa_pop_2023 1 2022 Cofl 27.0643
Model_1_goa_pop_2023 1 2022 CLCI 29.89
Model_1_goa_pop_2023 1 2022 CUCI 29.89
Model_1_goa_pop_2023 1 2022 CMedian 29.89
Model_1_goa_pop_2023 1 2022 CMean 29.89
Model_1_goa_pop_2023 1 2022 CStdn 1.18408e-08
Model_1_goa_pop_2023 1 2023 Cabc 25.3018
Model_1_goa_pop_2023 1 2023 Cofl 27.0643
Model_1_goa_pop_2023 1 2023 CLCI 0
Model_1_goa_pop_2023 1 2023 CUCI 0
Model_1_goa_pop_2023 1 2023 CMedian 0
Model_1_goa_pop_2023 1 2023 CMean 0
Model_1_goa_pop_2023 1 2023 CStdn 0
Model_1_goa_pop_2023 1 2024 Cabc 25.3018
Model_1_goa_pop_2023 1 2024 Cofl 27.0643
Model_1_goa_pop_2023 1 2024 CLCI 0
Model_1_goa_pop_2023 1 2024 CUCI 0
Model_1_goa_pop_2023 1 2024 CMedian 0
Model_1_goa_pop_2023 1 2024 CMean 0
Model_1_goa_pop_2023 1 2024 CStdn 0
Model_1_goa_pop_2023 1 2025 Cabc 25.3018
Model_1_goa_pop_2023 1 2025 Cofl 27.0643
Model_1_goa_pop_2023 1 2025 CLCI 0
Model_1_goa_pop_2023 1 2025 CUCI 0
Model_1_goa_pop_2023 1 2025 CMedian 0
Model_1_goa_pop_2023 1 2025 CMean 0
Model_1_goa_pop_2023 1 2025 CStdn 0
Model_1_goa_pop_2023 1 2026 Cabc 25.3018
Model_1_goa_pop_2023 1 2026 Cofl 27.0643
Model_1_goa_pop_2023 1 2026 CLCI 0
Model_1_goa_pop_2023 1 2026 CUCI 0
Model_1_goa_pop_2023 1 2026 CMedian 0
Model_1_goa_pop_2023 1 2026 CMean 0
Model_1_goa_pop_2023 1 2026 CStdn 0
Model_1_goa_pop_2023 1 2027 Cabc 25.3018
Model_1_goa_pop_2023 1 2027 Cofl 27.0643
Model_1_goa_pop_2023 1 2027 CLCI 0
Model_1_goa_pop_2023 1 2027 CUCI 0
Model_1_goa_pop_2023 1 2027 CMedian 0
Model_1_goa_pop_2023 1 2027 CMean 0
Model_1_goa_pop_2023 1 2027 CStdn 0
Model_1_goa_pop_2023 1 2028 Cabc 25.3018
Model_1_goa_pop_2023 1 2028 Cofl 27.0643
Model_1_goa_pop_2023 1 2028 CLCI 0
Model_1_goa_pop_2023 1 2028 CUCI 0
Model_1_goa_pop_2023 1 2028 CMedian 0
Model_1_goa_pop_2023 1 2028 CMean 0
Model_1_goa_pop_2023 1 2028 CStdn 0
Model_1_goa_pop_2023 1 2029 Cabc 25.3018
Model_1_goa_pop_2023 1 2029 Cofl 27.0643
Model_1_goa_pop_2023 1 2029 CLCI 0
Model_1_goa_pop_2023 1 2029 CUCI 0
Model_1_goa_pop_2023 1 2029 CMedian 0
Model_1_goa_pop_2023 1 2029 CMean 0
Model_1_goa_pop_2023 1 2029 CStdn 0
Model_1_goa_pop_2023 1 2030 Cabc 25.3018
Model_1_goa_pop_2023 1 2030 Cofl 27.0643
Model_1_goa_pop_2023 1 2030 CLCI 0
Model_1_goa_pop_2023 1 2030 CUCI 0
Model_1_goa_pop_2023 1 2030 CMedian 0
Model_1_goa_pop_2023 1 2030 CMean 0
Model_1_goa_pop_2023 1 2030 CStdn 0
Model_1_goa_pop_2023 1 2031 Cabc 25.3018
Model_1_goa_pop_2023 1 2031 Cofl 27.0643
Model_1_goa_pop_2023 1 2031 CLCI 0
Model_1_goa_pop_2023 1 2031 CUCI 0
Model_1_goa_pop_2023 1 2031 CMedian 0
Model_1_goa_pop_2023 1 2031 CMean 0
Model_1_goa_pop_2023 1 2031 CStdn 0
Model_1_goa_pop_2023 1 2032 Cabc 25.3018
Model_1_goa_pop_2023 1 2032 Cofl 27.0643
Model_1_goa_pop_2023 1 2032 CLCI 0
Model_1_goa_pop_2023 1 2032 CUCI 0
Model_1_goa_pop_2023 1 2032 CMedian 0
Model_1_goa_pop_2023 1 2032 CMean 0
Model_1_goa_pop_2023 1 2032 CStdn 0
Model_1_goa_pop_2023 1 2033 Cabc 25.3018
Model_1_goa_pop_2023 1 2033 Cofl 27.0643
Model_1_goa_pop_2023 1 2033 CLCI 0
Model_1_goa_pop_2023 1 2033 CUCI 0
Model_1_goa_pop_2023 1 2033 CMedian 0
Model_1_goa_pop_2023 1 2033 CMean 0
Model_1_goa_pop_2023 1 2033 CStdn 0
Model_1_goa_pop_2023 1 2034 Cabc 25.3018
Model_1_goa_pop_2023 1 2034 Cofl 27.0643
Model_1_goa_pop_2023 1 2034 CLCI 39.4824
Model_1_goa_pop_2023 1 2034 CUCI 50.8379
Model_1_goa_pop_2023 1 2034 CMedian 44.3299
Model_1_goa_pop_2023 1 2034 CMean 44.6533
Model_1_goa_pop_2023 1 2034 CStdn 3.63693
Model_1_goa_pop_2023 1 2020 SSBF100 343.618
Model_1_goa_pop_2023 1 2020 SSBFabc 137.447
Model_1_goa_pop_2023 1 2020 SSBFofl 120.266
Model_1_goa_pop_2023 1 2020 SSBLCI 234.352
Model_1_goa_pop_2023 1 2020 SSBUCI 234.352
Model_1_goa_pop_2023 1 2020 SSBMedian 234.352
Model_1_goa_pop_2023 1 2020 SSBMean 234.352
Model_1_goa_pop_2023 1 2021 SSBF100 343.618
Model_1_goa_pop_2023 1 2021 SSBFabc 137.447
Model_1_goa_pop_2023 1 2021 SSBFofl 120.266
Model_1_goa_pop_2023 1 2021 SSBLCI 228.02
Model_1_goa_pop_2023 1 2021 SSBUCI 228.046
Model_1_goa_pop_2023 1 2021 SSBMedian 228.027
Model_1_goa_pop_2023 1 2021 SSBMean 228.029
Model_1_goa_pop_2023 1 2022 SSBF100 343.618
Model_1_goa_pop_2023 1 2022 SSBFabc 137.447
Model_1_goa_pop_2023 1 2022 SSBFofl 120.266
Model_1_goa_pop_2023 1 2022 SSBLCI 221.339
Model_1_goa_pop_2023 1 2022 SSBUCI 221.447
Model_1_goa_pop_2023 1 2022 SSBMedian 221.373
Model_1_goa_pop_2023 1 2022 SSBMean 221.381
Model_1_goa_pop_2023 1 2023 SSBF100 343.618
Model_1_goa_pop_2023 1 2023 SSBFabc 137.447
Model_1_goa_pop_2023 1 2023 SSBFofl 120.266
Model_1_goa_pop_2023 1 2023 SSBLCI 219.211
Model_1_goa_pop_2023 1 2023 SSBUCI 219.541
Model_1_goa_pop_2023 1 2023 SSBMedian 219.32
Model_1_goa_pop_2023 1 2023 SSBMean 219.342
Model_1_goa_pop_2023 1 2024 SSBF100 343.618
Model_1_goa_pop_2023 1 2024 SSBFabc 137.447
Model_1_goa_pop_2023 1 2024 SSBFofl 120.266
Model_1_goa_pop_2023 1 2024 SSBLCI 224.957
Model_1_goa_pop_2023 1 2024 SSBUCI 225.822
Model_1_goa_pop_2023 1 2024 SSBMedian 225.25
Model_1_goa_pop_2023 1 2024 SSBMean 225.302
Model_1_goa_pop_2023 1 2025 SSBF100 343.618
Model_1_goa_pop_2023 1 2025 SSBFabc 137.447
Model_1_goa_pop_2023 1 2025 SSBFofl 120.266
Model_1_goa_pop_2023 1 2025 SSBLCI 229.401
Model_1_goa_pop_2023 1 2025 SSBUCI 231.396
Model_1_goa_pop_2023 1 2025 SSBMedian 230.099
Model_1_goa_pop_2023 1 2025 SSBMean 230.214
Model_1_goa_pop_2023 1 2026 SSBF100 343.618
Model_1_goa_pop_2023 1 2026 SSBFabc 137.447
Model_1_goa_pop_2023 1 2026 SSBFofl 120.266
Model_1_goa_pop_2023 1 2026 SSBLCI 232.533
Model_1_goa_pop_2023 1 2026 SSBUCI 236.763
Model_1_goa_pop_2023 1 2026 SSBMedian 233.989
Model_1_goa_pop_2023 1 2026 SSBMean 234.238
Model_1_goa_pop_2023 1 2027 SSBF100 343.618
Model_1_goa_pop_2023 1 2027 SSBFabc 137.447
Model_1_goa_pop_2023 1 2027 SSBFofl 120.266
Model_1_goa_pop_2023 1 2027 SSBLCI 234.487
Model_1_goa_pop_2023 1 2027 SSBUCI 242.629
Model_1_goa_pop_2023 1 2027 SSBMedian 237.432
Model_1_goa_pop_2023 1 2027 SSBMean 237.869
Model_1_goa_pop_2023 1 2028 SSBF100 343.618
Model_1_goa_pop_2023 1 2028 SSBFabc 137.447
Model_1_goa_pop_2023 1 2028 SSBFofl 120.266
Model_1_goa_pop_2023 1 2028 SSBLCI 235.754
Model_1_goa_pop_2023 1 2028 SSBUCI 249.738
Model_1_goa_pop_2023 1 2028 SSBMedian 240.969
Model_1_goa_pop_2023 1 2028 SSBMean 241.691
Model_1_goa_pop_2023 1 2029 SSBF100 343.618
Model_1_goa_pop_2023 1 2029 SSBFabc 137.447
Model_1_goa_pop_2023 1 2029 SSBFofl 120.266
Model_1_goa_pop_2023 1 2029 SSBLCI 236.68
Model_1_goa_pop_2023 1 2029 SSBUCI 258.62
Model_1_goa_pop_2023 1 2029 SSBMedian 244.947
Model_1_goa_pop_2023 1 2029 SSBMean 246.007
Model_1_goa_pop_2023 1 2030 SSBF100 343.618
Model_1_goa_pop_2023 1 2030 SSBFabc 137.447
Model_1_goa_pop_2023 1 2030 SSBFofl 120.266
Model_1_goa_pop_2023 1 2030 SSBLCI 237.373
Model_1_goa_pop_2023 1 2030 SSBUCI 268.292
Model_1_goa_pop_2023 1 2030 SSBMedian 249.215
Model_1_goa_pop_2023 1 2030 SSBMean 250.886
Model_1_goa_pop_2023 1 2031 SSBF100 343.618
Model_1_goa_pop_2023 1 2031 SSBFabc 137.447
Model_1_goa_pop_2023 1 2031 SSBFofl 120.266
Model_1_goa_pop_2023 1 2031 SSBLCI 238.611
Model_1_goa_pop_2023 1 2031 SSBUCI 278.798
Model_1_goa_pop_2023 1 2031 SSBMedian 254.36
Model_1_goa_pop_2023 1 2031 SSBMean 256.153
Model_1_goa_pop_2023 1 2032 SSBF100 343.618
Model_1_goa_pop_2023 1 2032 SSBFabc 137.447
Model_1_goa_pop_2023 1 2032 SSBFofl 120.266
Model_1_goa_pop_2023 1 2032 SSBLCI 240.271
Model_1_goa_pop_2023 1 2032 SSBUCI 287.437
Model_1_goa_pop_2023 1 2032 SSBMedian 259.928
Model_1_goa_pop_2023 1 2032 SSBMean 261.609
Model_1_goa_pop_2023 1 2033 SSBF100 343.618
Model_1_goa_pop_2023 1 2033 SSBFabc 137.447
Model_1_goa_pop_2023 1 2033 SSBFofl 120.266
Model_1_goa_pop_2023 1 2033 SSBLCI 241.744
Model_1_goa_pop_2023 1 2033 SSBUCI 297.375
Model_1_goa_pop_2023 1 2033 SSBMedian 265.253
Model_1_goa_pop_2023 1 2033 SSBMean 267.018
Model_1_goa_pop_2023 1 2034 SSBF100 343.618
Model_1_goa_pop_2023 1 2034 SSBFabc 137.447
Model_1_goa_pop_2023 1 2034 SSBFofl 120.266
Model_1_goa_pop_2023 1 2034 SSBLCI 238.072
Model_1_goa_pop_2023 1 2034 SSBUCI 298.279
Model_1_goa_pop_2023 1 2034 SSBMedian 263.374
Model_1_goa_pop_2023 1 2034 SSBMean 265.488
Model_1_goa_pop_2023 1 2020 F0 0 
Model_1_goa_pop_2023 1 2020 Fabc 0.0990105
Model_1_goa_pop_2023 1 2020 Fofl 0.119243
Model_1_goa_pop_2023 1 2020  F_LCI 0.0727775
Model_1_goa_pop_2023 1 2020  F_UCI 0.0727775
Model_1_goa_pop_2023 1 2020  F_Median 0.0727775
Model_1_goa_pop_2023 1 2020  F_Mean 0.0727775
Model_1_goa_pop_2023 1 2021 F0 0 
Model_1_goa_pop_2023 1 2021 Fabc 0.0990105
Model_1_goa_pop_2023 1 2021 Fofl 0.119243
Model_1_goa_pop_2023 1 2021  F_LCI 0.0777693
Model_1_goa_pop_2023 1 2021  F_UCI 0.0777711
Model_1_goa_pop_2023 1 2021  F_Median 0.0777706
Model_1_goa_pop_2023 1 2021  F_Mean 0.0777704
Model_1_goa_pop_2023 1 2022 F0 0 
Model_1_goa_pop_2023 1 2022 Fabc 0.0990105
Model_1_goa_pop_2023 1 2022 Fofl 0.119243
Model_1_goa_pop_2023 1 2022  F_LCI 0.0764737
Model_1_goa_pop_2023 1 2022  F_UCI 0.0765106
Model_1_goa_pop_2023 1 2022  F_Median 0.0765003
Model_1_goa_pop_2023 1 2022  F_Mean 0.0764976
Model_1_goa_pop_2023 1 2023 F0 0 
Model_1_goa_pop_2023 1 2023 Fabc 0.0990105
Model_1_goa_pop_2023 1 2023 Fofl 0.119243
Model_1_goa_pop_2023 1 2023  F_LCI 0
Model_1_goa_pop_2023 1 2023  F_UCI 0
Model_1_goa_pop_2023 1 2023  F_Median 0
Model_1_goa_pop_2023 1 2023  F_Mean 0
Model_1_goa_pop_2023 1 2024 F0 0 
Model_1_goa_pop_2023 1 2024 Fabc 0.0990105
Model_1_goa_pop_2023 1 2024 Fofl 0.119243
Model_1_goa_pop_2023 1 2024  F_LCI 0
Model_1_goa_pop_2023 1 2024  F_UCI 0
Model_1_goa_pop_2023 1 2024  F_Median 0
Model_1_goa_pop_2023 1 2024  F_Mean 0
Model_1_goa_pop_2023 1 2025 F0 0 
Model_1_goa_pop_2023 1 2025 Fabc 0.0990105
Model_1_goa_pop_2023 1 2025 Fofl 0.119243
Model_1_goa_pop_2023 1 2025  F_LCI 0
Model_1_goa_pop_2023 1 2025  F_UCI 0
Model_1_goa_pop_2023 1 2025  F_Median 0
Model_1_goa_pop_2023 1 2025  F_Mean 0
Model_1_goa_pop_2023 1 2026 F0 0 
Model_1_goa_pop_2023 1 2026 Fabc 0.0990105
Model_1_goa_pop_2023 1 2026 Fofl 0.119243
Model_1_goa_pop_2023 1 2026  F_LCI 0
Model_1_goa_pop_2023 1 2026  F_UCI 0
Model_1_goa_pop_2023 1 2026  F_Median 0
Model_1_goa_pop_2023 1 2026  F_Mean 0
Model_1_goa_pop_2023 1 2027 F0 0 
Model_1_goa_pop_2023 1 2027 Fabc 0.0990105
Model_1_goa_pop_2023 1 2027 Fofl 0.119243
Model_1_goa_pop_2023 1 2027  F_LCI 0
Model_1_goa_pop_2023 1 2027  F_UCI 0
Model_1_goa_pop_2023 1 2027  F_Median 0
Model_1_goa_pop_2023 1 2027  F_Mean 0
Model_1_goa_pop_2023 1 2028 F0 0 
Model_1_goa_pop_2023 1 2028 Fabc 0.0990105
Model_1_goa_pop_2023 1 2028 Fofl 0.119243
Model_1_goa_pop_2023 1 2028  F_LCI 0
Model_1_goa_pop_2023 1 2028  F_UCI 0
Model_1_goa_pop_2023 1 2028  F_Median 0
Model_1_goa_pop_2023 1 2028  F_Mean 0
Model_1_goa_pop_2023 1 2029 F0 0 
Model_1_goa_pop_2023 1 2029 Fabc 0.0990105
Model_1_goa_pop_2023 1 2029 Fofl 0.119243
Model_1_goa_pop_2023 1 2029  F_LCI 0
Model_1_goa_pop_2023 1 2029  F_UCI 0
Model_1_goa_pop_2023 1 2029  F_Median 0
Model_1_goa_pop_2023 1 2029  F_Mean 0
Model_1_goa_pop_2023 1 2030 F0 0 
Model_1_goa_pop_2023 1 2030 Fabc 0.0990105
Model_1_goa_pop_2023 1 2030 Fofl 0.119243
Model_1_goa_pop_2023 1 2030  F_LCI 0
Model_1_goa_pop_2023 1 2030  F_UCI 0
Model_1_goa_pop_2023 1 2030  F_Median 0
Model_1_goa_pop_2023 1 2030  F_Mean 0
Model_1_goa_pop_2023 1 2031 F0 0 
Model_1_goa_pop_2023 1 2031 Fabc 0.0990105
Model_1_goa_pop_2023 1 2031 Fofl 0.119243
Model_1_goa_pop_2023 1 2031  F_LCI 0
Model_1_goa_pop_2023 1 2031  F_UCI 0
Model_1_goa_pop_2023 1 2031  F_Median 0
Model_1_goa_pop_2023 1 2031  F_Mean 0
Model_1_goa_pop_2023 1 2032 F0 0 
Model_1_goa_pop_2023 1 2032 Fabc 0.0990105
Model_1_goa_pop_2023 1 2032 Fofl 0.119243
Model_1_goa_pop_2023 1 2032  F_LCI 0
Model_1_goa_pop_2023 1 2032  F_UCI 0
Model_1_goa_pop_2023 1 2032  F_Median 0
Model_1_goa_pop_2023 1 2032  F_Mean 0
Model_1_goa_pop_2023 1 2033 F0 0 
Model_1_goa_pop_2023 1 2033 Fabc 0.0990105
Model_1_goa_pop_2023 1 2033 Fofl 0.119243
Model_1_goa_pop_2023 1 2033  F_LCI 0
Model_1_goa_pop_2023 1 2033  F_UCI 0
Model_1_goa_pop_2023 1 2033  F_Median 0
Model_1_goa_pop_2023 1 2033  F_Mean 0
Model_1_goa_pop_2023 1 2034 F0 0 
Model_1_goa_pop_2023 1 2034 Fabc 0.0990105
Model_1_goa_pop_2023 1 2034 Fofl 0.119243
Model_1_goa_pop_2023 1 2034  F_LCI 0.0990105
Model_1_goa_pop_2023 1 2034  F_UCI 0.0990105
Model_1_goa_pop_2023 1 2034  F_Median 0.0990105
Model_1_goa_pop_2023 1 2034  F_Mean 0.0990105
Model_1_goa_pop_2023 2 2020 Cabc 25.3018
Model_1_goa_pop_2023 2 2020 Cofl 27.0643
Model_1_goa_pop_2023 2 2020 CLCI 30.3807
Model_1_goa_pop_2023 2 2020 CUCI 30.3807
Model_1_goa_pop_2023 2 2020 CMedian 30.3807
Model_1_goa_pop_2023 2 2020 CMean 30.3807
Model_1_goa_pop_2023 2 2020 CStdn 4.79616e-13
Model_1_goa_pop_2023 2 2021 Cabc 25.3018
Model_1_goa_pop_2023 2 2021 Cofl 27.0643
Model_1_goa_pop_2023 2 2021 CLCI 31.454
Model_1_goa_pop_2023 2 2021 CUCI 31.454
Model_1_goa_pop_2023 2 2021 CMedian 31.454
Model_1_goa_pop_2023 2 2021 CMean 31.454
Model_1_goa_pop_2023 2 2021 CStdn 6.18712e-10
Model_1_goa_pop_2023 2 2022 Cabc 25.3018
Model_1_goa_pop_2023 2 2022 Cofl 27.0643
Model_1_goa_pop_2023 2 2022 CLCI 29.89
Model_1_goa_pop_2023 2 2022 CUCI 29.89
Model_1_goa_pop_2023 2 2022 CMedian 29.89
Model_1_goa_pop_2023 2 2022 CMean 29.89
Model_1_goa_pop_2023 2 2022 CStdn 1.18408e-08
Model_1_goa_pop_2023 2 2023 Cabc 25.3018
Model_1_goa_pop_2023 2 2023 Cofl 27.0643
Model_1_goa_pop_2023 2 2023 CLCI 0
Model_1_goa_pop_2023 2 2023 CUCI 0
Model_1_goa_pop_2023 2 2023 CMedian 0
Model_1_goa_pop_2023 2 2023 CMean 0
Model_1_goa_pop_2023 2 2023 CStdn 0
Model_1_goa_pop_2023 2 2024 Cabc 25.3018
Model_1_goa_pop_2023 2 2024 Cofl 27.0643
Model_1_goa_pop_2023 2 2024 CLCI 0
Model_1_goa_pop_2023 2 2024 CUCI 0
Model_1_goa_pop_2023 2 2024 CMedian 0
Model_1_goa_pop_2023 2 2024 CMean 0
Model_1_goa_pop_2023 2 2024 CStdn 0
Model_1_goa_pop_2023 2 2025 Cabc 25.3018
Model_1_goa_pop_2023 2 2025 Cofl 27.0643
Model_1_goa_pop_2023 2 2025 CLCI 0
Model_1_goa_pop_2023 2 2025 CUCI 0
Model_1_goa_pop_2023 2 2025 CMedian 0
Model_1_goa_pop_2023 2 2025 CMean 0
Model_1_goa_pop_2023 2 2025 CStdn 0
Model_1_goa_pop_2023 2 2026 Cabc 25.3018
Model_1_goa_pop_2023 2 2026 Cofl 27.0643
Model_1_goa_pop_2023 2 2026 CLCI 0
Model_1_goa_pop_2023 2 2026 CUCI 0
Model_1_goa_pop_2023 2 2026 CMedian 0
Model_1_goa_pop_2023 2 2026 CMean 0
Model_1_goa_pop_2023 2 2026 CStdn 0
Model_1_goa_pop_2023 2 2027 Cabc 25.3018
Model_1_goa_pop_2023 2 2027 Cofl 27.0643
Model_1_goa_pop_2023 2 2027 CLCI 0
Model_1_goa_pop_2023 2 2027 CUCI 0
Model_1_goa_pop_2023 2 2027 CMedian 0
Model_1_goa_pop_2023 2 2027 CMean 0
Model_1_goa_pop_2023 2 2027 CStdn 0
Model_1_goa_pop_2023 2 2028 Cabc 25.3018
Model_1_goa_pop_2023 2 2028 Cofl 27.0643
Model_1_goa_pop_2023 2 2028 CLCI 0
Model_1_goa_pop_2023 2 2028 CUCI 0
Model_1_goa_pop_2023 2 2028 CMedian 0
Model_1_goa_pop_2023 2 2028 CMean 0
Model_1_goa_pop_2023 2 2028 CStdn 0
Model_1_goa_pop_2023 2 2029 Cabc 25.3018
Model_1_goa_pop_2023 2 2029 Cofl 27.0643
Model_1_goa_pop_2023 2 2029 CLCI 0
Model_1_goa_pop_2023 2 2029 CUCI 0
Model_1_goa_pop_2023 2 2029 CMedian 0
Model_1_goa_pop_2023 2 2029 CMean 0
Model_1_goa_pop_2023 2 2029 CStdn 0
Model_1_goa_pop_2023 2 2030 Cabc 25.3018
Model_1_goa_pop_2023 2 2030 Cofl 27.0643
Model_1_goa_pop_2023 2 2030 CLCI 0
Model_1_goa_pop_2023 2 2030 CUCI 0
Model_1_goa_pop_2023 2 2030 CMedian 0
Model_1_goa_pop_2023 2 2030 CMean 0
Model_1_goa_pop_2023 2 2030 CStdn 0
Model_1_goa_pop_2023 2 2031 Cabc 25.3018
Model_1_goa_pop_2023 2 2031 Cofl 27.0643
Model_1_goa_pop_2023 2 2031 CLCI 0
Model_1_goa_pop_2023 2 2031 CUCI 0
Model_1_goa_pop_2023 2 2031 CMedian 0
Model_1_goa_pop_2023 2 2031 CMean 0
Model_1_goa_pop_2023 2 2031 CStdn 0
Model_1_goa_pop_2023 2 2032 Cabc 25.3018
Model_1_goa_pop_2023 2 2032 Cofl 27.0643
Model_1_goa_pop_2023 2 2032 CLCI 0
Model_1_goa_pop_2023 2 2032 CUCI 0
Model_1_goa_pop_2023 2 2032 CMedian 0
Model_1_goa_pop_2023 2 2032 CMean 0
Model_1_goa_pop_2023 2 2032 CStdn 0
Model_1_goa_pop_2023 2 2033 Cabc 25.3018
Model_1_goa_pop_2023 2 2033 Cofl 27.0643
Model_1_goa_pop_2023 2 2033 CLCI 0
Model_1_goa_pop_2023 2 2033 CUCI 0
Model_1_goa_pop_2023 2 2033 CMedian 0
Model_1_goa_pop_2023 2 2033 CMean 0
Model_1_goa_pop_2023 2 2033 CStdn 0
Model_1_goa_pop_2023 2 2034 Cabc 25.3018
Model_1_goa_pop_2023 2 2034 Cofl 27.0643
Model_1_goa_pop_2023 2 2034 CLCI 39.4824
Model_1_goa_pop_2023 2 2034 CUCI 50.8379
Model_1_goa_pop_2023 2 2034 CMedian 44.3299
Model_1_goa_pop_2023 2 2034 CMean 44.6533
Model_1_goa_pop_2023 2 2034 CStdn 3.63693
Model_1_goa_pop_2023 2 2020 SSBF100 343.618
Model_1_goa_pop_2023 2 2020 SSBFabc 137.447
Model_1_goa_pop_2023 2 2020 SSBFofl 120.266
Model_1_goa_pop_2023 2 2020 SSBLCI 234.352
Model_1_goa_pop_2023 2 2020 SSBUCI 234.352
Model_1_goa_pop_2023 2 2020 SSBMedian 234.352
Model_1_goa_pop_2023 2 2020 SSBMean 234.352
Model_1_goa_pop_2023 2 2021 SSBF100 343.618
Model_1_goa_pop_2023 2 2021 SSBFabc 137.447
Model_1_goa_pop_2023 2 2021 SSBFofl 120.266
Model_1_goa_pop_2023 2 2021 SSBLCI 228.02
Model_1_goa_pop_2023 2 2021 SSBUCI 228.046
Model_1_goa_pop_2023 2 2021 SSBMedian 228.027
Model_1_goa_pop_2023 2 2021 SSBMean 228.029
Model_1_goa_pop_2023 2 2022 SSBF100 343.618
Model_1_goa_pop_2023 2 2022 SSBFabc 137.447
Model_1_goa_pop_2023 2 2022 SSBFofl 120.266
Model_1_goa_pop_2023 2 2022 SSBLCI 221.339
Model_1_goa_pop_2023 2 2022 SSBUCI 221.447
Model_1_goa_pop_2023 2 2022 SSBMedian 221.373
Model_1_goa_pop_2023 2 2022 SSBMean 221.381
Model_1_goa_pop_2023 2 2023 SSBF100 343.618
Model_1_goa_pop_2023 2 2023 SSBFabc 137.447
Model_1_goa_pop_2023 2 2023 SSBFofl 120.266
Model_1_goa_pop_2023 2 2023 SSBLCI 219.211
Model_1_goa_pop_2023 2 2023 SSBUCI 219.541
Model_1_goa_pop_2023 2 2023 SSBMedian 219.32
Model_1_goa_pop_2023 2 2023 SSBMean 219.342
Model_1_goa_pop_2023 2 2024 SSBF100 343.618
Model_1_goa_pop_2023 2 2024 SSBFabc 137.447
Model_1_goa_pop_2023 2 2024 SSBFofl 120.266
Model_1_goa_pop_2023 2 2024 SSBLCI 224.957
Model_1_goa_pop_2023 2 2024 SSBUCI 225.822
Model_1_goa_pop_2023 2 2024 SSBMedian 225.25
Model_1_goa_pop_2023 2 2024 SSBMean 225.302
Model_1_goa_pop_2023 2 2025 SSBF100 343.618
Model_1_goa_pop_2023 2 2025 SSBFabc 137.447
Model_1_goa_pop_2023 2 2025 SSBFofl 120.266
Model_1_goa_pop_2023 2 2025 SSBLCI 229.401
Model_1_goa_pop_2023 2 2025 SSBUCI 231.396
Model_1_goa_pop_2023 2 2025 SSBMedian 230.099
Model_1_goa_pop_2023 2 2025 SSBMean 230.214
Model_1_goa_pop_2023 2 2026 SSBF100 343.618
Model_1_goa_pop_2023 2 2026 SSBFabc 137.447
Model_1_goa_pop_2023 2 2026 SSBFofl 120.266
Model_1_goa_pop_2023 2 2026 SSBLCI 232.533
Model_1_goa_pop_2023 2 2026 SSBUCI 236.763
Model_1_goa_pop_2023 2 2026 SSBMedian 233.989
Model_1_goa_pop_2023 2 2026 SSBMean 234.238
Model_1_goa_pop_2023 2 2027 SSBF100 343.618
Model_1_goa_pop_2023 2 2027 SSBFabc 137.447
Model_1_goa_pop_2023 2 2027 SSBFofl 120.266
Model_1_goa_pop_2023 2 2027 SSBLCI 234.487
Model_1_goa_pop_2023 2 2027 SSBUCI 242.629
Model_1_goa_pop_2023 2 2027 SSBMedian 237.432
Model_1_goa_pop_2023 2 2027 SSBMean 237.869
Model_1_goa_pop_2023 2 2028 SSBF100 343.618
Model_1_goa_pop_2023 2 2028 SSBFabc 137.447
Model_1_goa_pop_2023 2 2028 SSBFofl 120.266
Model_1_goa_pop_2023 2 2028 SSBLCI 235.754
Model_1_goa_pop_2023 2 2028 SSBUCI 249.738
Model_1_goa_pop_2023 2 2028 SSBMedian 240.969
Model_1_goa_pop_2023 2 2028 SSBMean 241.691
Model_1_goa_pop_2023 2 2029 SSBF100 343.618
Model_1_goa_pop_2023 2 2029 SSBFabc 137.447
Model_1_goa_pop_2023 2 2029 SSBFofl 120.266
Model_1_goa_pop_2023 2 2029 SSBLCI 236.68
Model_1_goa_pop_2023 2 2029 SSBUCI 258.62
Model_1_goa_pop_2023 2 2029 SSBMedian 244.947
Model_1_goa_pop_2023 2 2029 SSBMean 246.007
Model_1_goa_pop_2023 2 2030 SSBF100 343.618
Model_1_goa_pop_2023 2 2030 SSBFabc 137.447
Model_1_goa_pop_2023 2 2030 SSBFofl 120.266
Model_1_goa_pop_2023 2 2030 SSBLCI 237.373
Model_1_goa_pop_2023 2 2030 SSBUCI 268.292
Model_1_goa_pop_2023 2 2030 SSBMedian 249.215
Model_1_goa_pop_2023 2 2030 SSBMean 250.886
Model_1_goa_pop_2023 2 2031 SSBF100 343.618
Model_1_goa_pop_2023 2 2031 SSBFabc 137.447
Model_1_goa_pop_2023 2 2031 SSBFofl 120.266
Model_1_goa_pop_2023 2 2031 SSBLCI 238.611
Model_1_goa_pop_2023 2 2031 SSBUCI 278.798
Model_1_goa_pop_2023 2 2031 SSBMedian 254.36
Model_1_goa_pop_2023 2 2031 SSBMean 256.153
Model_1_goa_pop_2023 2 2032 SSBF100 343.618
Model_1_goa_pop_2023 2 2032 SSBFabc 137.447
Model_1_goa_pop_2023 2 2032 SSBFofl 120.266
Model_1_goa_pop_2023 2 2032 SSBLCI 240.271
Model_1_goa_pop_2023 2 2032 SSBUCI 287.437
Model_1_goa_pop_2023 2 2032 SSBMedian 259.928
Model_1_goa_pop_2023 2 2032 SSBMean 261.609
Model_1_goa_pop_2023 2 2033 SSBF100 343.618
Model_1_goa_pop_2023 2 2033 SSBFabc 137.447
Model_1_goa_pop_2023 2 2033 SSBFofl 120.266
Model_1_goa_pop_2023 2 2033 SSBLCI 241.744
Model_1_goa_pop_2023 2 2033 SSBUCI 297.375
Model_1_goa_pop_2023 2 2033 SSBMedian 265.253
Model_1_goa_pop_2023 2 2033 SSBMean 267.018
Model_1_goa_pop_2023 2 2034 SSBF100 343.618
Model_1_goa_pop_2023 2 2034 SSBFabc 137.447
Model_1_goa_pop_2023 2 2034 SSBFofl 120.266
Model_1_goa_pop_2023 2 2034 SSBLCI 238.072
Model_1_goa_pop_2023 2 2034 SSBUCI 298.279
Model_1_goa_pop_2023 2 2034 SSBMedian 263.374
Model_1_goa_pop_2023 2 2034 SSBMean 265.488
Model_1_goa_pop_2023 2 2020 F0 0 
Model_1_goa_pop_2023 2 2020 Fabc 0.0990105
Model_1_goa_pop_2023 2 2020 Fofl 0.119243
Model_1_goa_pop_2023 2 2020  F_LCI 0.0727775
Model_1_goa_pop_2023 2 2020  F_UCI 0.0727775
Model_1_goa_pop_2023 2 2020  F_Median 0.0727775
Model_1_goa_pop_2023 2 2020  F_Mean 0.0727775
Model_1_goa_pop_2023 2 2021 F0 0 
Model_1_goa_pop_2023 2 2021 Fabc 0.0990105
Model_1_goa_pop_2023 2 2021 Fofl 0.119243
Model_1_goa_pop_2023 2 2021  F_LCI 0.0777693
Model_1_goa_pop_2023 2 2021  F_UCI 0.0777711
Model_1_goa_pop_2023 2 2021  F_Median 0.0777706
Model_1_goa_pop_2023 2 2021  F_Mean 0.0777704
Model_1_goa_pop_2023 2 2022 F0 0 
Model_1_goa_pop_2023 2 2022 Fabc 0.0990105
Model_1_goa_pop_2023 2 2022 Fofl 0.119243
Model_1_goa_pop_2023 2 2022  F_LCI 0.0764737
Model_1_goa_pop_2023 2 2022  F_UCI 0.0765106
Model_1_goa_pop_2023 2 2022  F_Median 0.0765003
Model_1_goa_pop_2023 2 2022  F_Mean 0.0764976
Model_1_goa_pop_2023 2 2023 F0 0 
Model_1_goa_pop_2023 2 2023 Fabc 0.0990105
Model_1_goa_pop_2023 2 2023 Fofl 0.119243
Model_1_goa_pop_2023 2 2023  F_LCI 0
Model_1_goa_pop_2023 2 2023  F_UCI 0
Model_1_goa_pop_2023 2 2023  F_Median 0
Model_1_goa_pop_2023 2 2023  F_Mean 0
Model_1_goa_pop_2023 2 2024 F0 0 
Model_1_goa_pop_2023 2 2024 Fabc 0.0990105
Model_1_goa_pop_2023 2 2024 Fofl 0.119243
Model_1_goa_pop_2023 2 2024  F_LCI 0
Model_1_goa_pop_2023 2 2024  F_UCI 0
Model_1_goa_pop_2023 2 2024  F_Median 0
Model_1_goa_pop_2023 2 2024  F_Mean 0
Model_1_goa_pop_2023 2 2025 F0 0 
Model_1_goa_pop_2023 2 2025 Fabc 0.0990105
Model_1_goa_pop_2023 2 2025 Fofl 0.119243
Model_1_goa_pop_2023 2 2025  F_LCI 0
Model_1_goa_pop_2023 2 2025  F_UCI 0
Model_1_goa_pop_2023 2 2025  F_Median 0
Model_1_goa_pop_2023 2 2025  F_Mean 0
Model_1_goa_pop_2023 2 2026 F0 0 
Model_1_goa_pop_2023 2 2026 Fabc 0.0990105
Model_1_goa_pop_2023 2 2026 Fofl 0.119243
Model_1_goa_pop_2023 2 2026  F_LCI 0
Model_1_goa_pop_2023 2 2026  F_UCI 0
Model_1_goa_pop_2023 2 2026  F_Median 0
Model_1_goa_pop_2023 2 2026  F_Mean 0
Model_1_goa_pop_2023 2 2027 F0 0 
Model_1_goa_pop_2023 2 2027 Fabc 0.0990105
Model_1_goa_pop_2023 2 2027 Fofl 0.119243
Model_1_goa_pop_2023 2 2027  F_LCI 0
Model_1_goa_pop_2023 2 2027  F_UCI 0
Model_1_goa_pop_2023 2 2027  F_Median 0
Model_1_goa_pop_2023 2 2027  F_Mean 0
Model_1_goa_pop_2023 2 2028 F0 0 
Model_1_goa_pop_2023 2 2028 Fabc 0.0990105
Model_1_goa_pop_2023 2 2028 Fofl 0.119243
Model_1_goa_pop_2023 2 2028  F_LCI 0
Model_1_goa_pop_2023 2 2028  F_UCI 0
Model_1_goa_pop_2023 2 2028  F_Median 0
Model_1_goa_pop_2023 2 2028  F_Mean 0
Model_1_goa_pop_2023 2 2029 F0 0 
Model_1_goa_pop_2023 2 2029 Fabc 0.0990105
Model_1_goa_pop_2023 2 2029 Fofl 0.119243
Model_1_goa_pop_2023 2 2029  F_LCI 0
Model_1_goa_pop_2023 2 2029  F_UCI 0
Model_1_goa_pop_2023 2 2029  F_Median 0
Model_1_goa_pop_2023 2 2029  F_Mean 0
Model_1_goa_pop_2023 2 2030 F0 0 
Model_1_goa_pop_2023 2 2030 Fabc 0.0990105
Model_1_goa_pop_2023 2 2030 Fofl 0.119243
Model_1_goa_pop_2023 2 2030  F_LCI 0
Model_1_goa_pop_2023 2 2030  F_UCI 0
Model_1_goa_pop_2023 2 2030  F_Median 0
Model_1_goa_pop_2023 2 2030  F_Mean 0
Model_1_goa_pop_2023 2 2031 F0 0 
Model_1_goa_pop_2023 2 2031 Fabc 0.0990105
Model_1_goa_pop_2023 2 2031 Fofl 0.119243
Model_1_goa_pop_2023 2 2031  F_LCI 0
Model_1_goa_pop_2023 2 2031  F_UCI 0
Model_1_goa_pop_2023 2 2031  F_Median 0
Model_1_goa_pop_2023 2 2031  F_Mean 0
Model_1_goa_pop_2023 2 2032 F0 0 
Model_1_goa_pop_2023 2 2032 Fabc 0.0990105
Model_1_goa_pop_2023 2 2032 Fofl 0.119243
Model_1_goa_pop_2023 2 2032  F_LCI 0
Model_1_goa_pop_2023 2 2032  F_UCI 0
Model_1_goa_pop_2023 2 2032  F_Median 0
Model_1_goa_pop_2023 2 2032  F_Mean 0
Model_1_goa_pop_2023 2 2033 F0 0 
Model_1_goa_pop_2023 2 2033 Fabc 0.0990105
Model_1_goa_pop_2023 2 2033 Fofl 0.119243
Model_1_goa_pop_2023 2 2033  F_LCI 0
Model_1_goa_pop_2023 2 2033  F_UCI 0
Model_1_goa_pop_2023 2 2033  F_Median 0
Model_1_goa_pop_2023 2 2033  F_Mean 0
Model_1_goa_pop_2023 2 2034 F0 0 
Model_1_goa_pop_2023 2 2034 Fabc 0.0990105
Model_1_goa_pop_2023 2 2034 Fofl 0.119243
Model_1_goa_pop_2023 2 2034  F_LCI 0.0990105
Model_1_goa_pop_2023 2 2034  F_UCI 0.0990105
Model_1_goa_pop_2023 2 2034  F_Median 0.0990105
Model_1_goa_pop_2023 2 2034  F_Mean 0.0990105
Model_1_goa_pop_2023 3 2020 Cabc 25.3018
Model_1_goa_pop_2023 3 2020 Cofl 27.0643
Model_1_goa_pop_2023 3 2020 CLCI 30.3807
Model_1_goa_pop_2023 3 2020 CUCI 30.3807
Model_1_goa_pop_2023 3 2020 CMedian 30.3807
Model_1_goa_pop_2023 3 2020 CMean 30.3807
Model_1_goa_pop_2023 3 2020 CStdn 4.79616e-13
Model_1_goa_pop_2023 3 2021 Cabc 25.3018
Model_1_goa_pop_2023 3 2021 Cofl 27.0643
Model_1_goa_pop_2023 3 2021 CLCI 31.454
Model_1_goa_pop_2023 3 2021 CUCI 31.454
Model_1_goa_pop_2023 3 2021 CMedian 31.454
Model_1_goa_pop_2023 3 2021 CMean 31.454
Model_1_goa_pop_2023 3 2021 CStdn 6.18712e-10
Model_1_goa_pop_2023 3 2022 Cabc 25.3018
Model_1_goa_pop_2023 3 2022 Cofl 27.0643
Model_1_goa_pop_2023 3 2022 CLCI 29.89
Model_1_goa_pop_2023 3 2022 CUCI 29.89
Model_1_goa_pop_2023 3 2022 CMedian 29.89
Model_1_goa_pop_2023 3 2022 CMean 29.89
Model_1_goa_pop_2023 3 2022 CStdn 1.18408e-08
Model_1_goa_pop_2023 3 2023 Cabc 25.3018
Model_1_goa_pop_2023 3 2023 Cofl 27.0643
Model_1_goa_pop_2023 3 2023 CLCI 0
Model_1_goa_pop_2023 3 2023 CUCI 0
Model_1_goa_pop_2023 3 2023 CMedian 0
Model_1_goa_pop_2023 3 2023 CMean 0
Model_1_goa_pop_2023 3 2023 CStdn 0
Model_1_goa_pop_2023 3 2024 Cabc 25.3018
Model_1_goa_pop_2023 3 2024 Cofl 27.0643
Model_1_goa_pop_2023 3 2024 CLCI 0
Model_1_goa_pop_2023 3 2024 CUCI 0
Model_1_goa_pop_2023 3 2024 CMedian 0
Model_1_goa_pop_2023 3 2024 CMean 0
Model_1_goa_pop_2023 3 2024 CStdn 0
Model_1_goa_pop_2023 3 2025 Cabc 25.3018
Model_1_goa_pop_2023 3 2025 Cofl 27.0643
Model_1_goa_pop_2023 3 2025 CLCI 0
Model_1_goa_pop_2023 3 2025 CUCI 0
Model_1_goa_pop_2023 3 2025 CMedian 0
Model_1_goa_pop_2023 3 2025 CMean 0
Model_1_goa_pop_2023 3 2025 CStdn 0
Model_1_goa_pop_2023 3 2026 Cabc 25.3018
Model_1_goa_pop_2023 3 2026 Cofl 27.0643
Model_1_goa_pop_2023 3 2026 CLCI 0
Model_1_goa_pop_2023 3 2026 CUCI 0
Model_1_goa_pop_2023 3 2026 CMedian 0
Model_1_goa_pop_2023 3 2026 CMean 0
Model_1_goa_pop_2023 3 2026 CStdn 0
Model_1_goa_pop_2023 3 2027 Cabc 25.3018
Model_1_goa_pop_2023 3 2027 Cofl 27.0643
Model_1_goa_pop_2023 3 2027 CLCI 0
Model_1_goa_pop_2023 3 2027 CUCI 0
Model_1_goa_pop_2023 3 2027 CMedian 0
Model_1_goa_pop_2023 3 2027 CMean 0
Model_1_goa_pop_2023 3 2027 CStdn 0
Model_1_goa_pop_2023 3 2028 Cabc 25.3018
Model_1_goa_pop_2023 3 2028 Cofl 27.0643
Model_1_goa_pop_2023 3 2028 CLCI 0
Model_1_goa_pop_2023 3 2028 CUCI 0
Model_1_goa_pop_2023 3 2028 CMedian 0
Model_1_goa_pop_2023 3 2028 CMean 0
Model_1_goa_pop_2023 3 2028 CStdn 0
Model_1_goa_pop_2023 3 2029 Cabc 25.3018
Model_1_goa_pop_2023 3 2029 Cofl 27.0643
Model_1_goa_pop_2023 3 2029 CLCI 0
Model_1_goa_pop_2023 3 2029 CUCI 0
Model_1_goa_pop_2023 3 2029 CMedian 0
Model_1_goa_pop_2023 3 2029 CMean 0
Model_1_goa_pop_2023 3 2029 CStdn 0
Model_1_goa_pop_2023 3 2030 Cabc 25.3018
Model_1_goa_pop_2023 3 2030 Cofl 27.0643
Model_1_goa_pop_2023 3 2030 CLCI 0
Model_1_goa_pop_2023 3 2030 CUCI 0
Model_1_goa_pop_2023 3 2030 CMedian 0
Model_1_goa_pop_2023 3 2030 CMean 0
Model_1_goa_pop_2023 3 2030 CStdn 0
Model_1_goa_pop_2023 3 2031 Cabc 25.3018
Model_1_goa_pop_2023 3 2031 Cofl 27.0643
Model_1_goa_pop_2023 3 2031 CLCI 0
Model_1_goa_pop_2023 3 2031 CUCI 0
Model_1_goa_pop_2023 3 2031 CMedian 0
Model_1_goa_pop_2023 3 2031 CMean 0
Model_1_goa_pop_2023 3 2031 CStdn 0
Model_1_goa_pop_2023 3 2032 Cabc 25.3018
Model_1_goa_pop_2023 3 2032 Cofl 27.0643
Model_1_goa_pop_2023 3 2032 CLCI 0
Model_1_goa_pop_2023 3 2032 CUCI 0
Model_1_goa_pop_2023 3 2032 CMedian 0
Model_1_goa_pop_2023 3 2032 CMean 0
Model_1_goa_pop_2023 3 2032 CStdn 0
Model_1_goa_pop_2023 3 2033 Cabc 25.3018
Model_1_goa_pop_2023 3 2033 Cofl 27.0643
Model_1_goa_pop_2023 3 2033 CLCI 0
Model_1_goa_pop_2023 3 2033 CUCI 0
Model_1_goa_pop_2023 3 2033 CMedian 0
Model_1_goa_pop_2023 3 2033 CMean 0
Model_1_goa_pop_2023 3 2033 CStdn 0
Model_1_goa_pop_2023 3 2034 Cabc 25.3018
Model_1_goa_pop_2023 3 2034 Cofl 27.0643
Model_1_goa_pop_2023 3 2034 CLCI 25.8156
Model_1_goa_pop_2023 3 2034 CUCI 33.2516
Model_1_goa_pop_2023 3 2034 CMedian 28.9804
Model_1_goa_pop_2023 3 2034 CMean 29.195
Model_1_goa_pop_2023 3 2034 CStdn 2.37781
Model_1_goa_pop_2023 3 2020 SSBF100 343.618
Model_1_goa_pop_2023 3 2020 SSBFabc 137.447
Model_1_goa_pop_2023 3 2020 SSBFofl 120.266
Model_1_goa_pop_2023 3 2020 SSBLCI 234.352
Model_1_goa_pop_2023 3 2020 SSBUCI 234.352
Model_1_goa_pop_2023 3 2020 SSBMedian 234.352
Model_1_goa_pop_2023 3 2020 SSBMean 234.352
Model_1_goa_pop_2023 3 2021 SSBF100 343.618
Model_1_goa_pop_2023 3 2021 SSBFabc 137.447
Model_1_goa_pop_2023 3 2021 SSBFofl 120.266
Model_1_goa_pop_2023 3 2021 SSBLCI 228.02
Model_1_goa_pop_2023 3 2021 SSBUCI 228.046
Model_1_goa_pop_2023 3 2021 SSBMedian 228.027
Model_1_goa_pop_2023 3 2021 SSBMean 228.029
Model_1_goa_pop_2023 3 2022 SSBF100 343.618
Model_1_goa_pop_2023 3 2022 SSBFabc 137.447
Model_1_goa_pop_2023 3 2022 SSBFofl 120.266
Model_1_goa_pop_2023 3 2022 SSBLCI 221.339
Model_1_goa_pop_2023 3 2022 SSBUCI 221.447
Model_1_goa_pop_2023 3 2022 SSBMedian 221.373
Model_1_goa_pop_2023 3 2022 SSBMean 221.381
Model_1_goa_pop_2023 3 2023 SSBF100 343.618
Model_1_goa_pop_2023 3 2023 SSBFabc 137.447
Model_1_goa_pop_2023 3 2023 SSBFofl 120.266
Model_1_goa_pop_2023 3 2023 SSBLCI 219.211
Model_1_goa_pop_2023 3 2023 SSBUCI 219.541
Model_1_goa_pop_2023 3 2023 SSBMedian 219.32
Model_1_goa_pop_2023 3 2023 SSBMean 219.342
Model_1_goa_pop_2023 3 2024 SSBF100 343.618
Model_1_goa_pop_2023 3 2024 SSBFabc 137.447
Model_1_goa_pop_2023 3 2024 SSBFofl 120.266
Model_1_goa_pop_2023 3 2024 SSBLCI 224.957
Model_1_goa_pop_2023 3 2024 SSBUCI 225.822
Model_1_goa_pop_2023 3 2024 SSBMedian 225.25
Model_1_goa_pop_2023 3 2024 SSBMean 225.302
Model_1_goa_pop_2023 3 2025 SSBF100 343.618
Model_1_goa_pop_2023 3 2025 SSBFabc 137.447
Model_1_goa_pop_2023 3 2025 SSBFofl 120.266
Model_1_goa_pop_2023 3 2025 SSBLCI 229.401
Model_1_goa_pop_2023 3 2025 SSBUCI 231.396
Model_1_goa_pop_2023 3 2025 SSBMedian 230.099
Model_1_goa_pop_2023 3 2025 SSBMean 230.214
Model_1_goa_pop_2023 3 2026 SSBF100 343.618
Model_1_goa_pop_2023 3 2026 SSBFabc 137.447
Model_1_goa_pop_2023 3 2026 SSBFofl 120.266
Model_1_goa_pop_2023 3 2026 SSBLCI 232.533
Model_1_goa_pop_2023 3 2026 SSBUCI 236.763
Model_1_goa_pop_2023 3 2026 SSBMedian 233.989
Model_1_goa_pop_2023 3 2026 SSBMean 234.238
Model_1_goa_pop_2023 3 2027 SSBF100 343.618
Model_1_goa_pop_2023 3 2027 SSBFabc 137.447
Model_1_goa_pop_2023 3 2027 SSBFofl 120.266
Model_1_goa_pop_2023 3 2027 SSBLCI 234.487
Model_1_goa_pop_2023 3 2027 SSBUCI 242.629
Model_1_goa_pop_2023 3 2027 SSBMedian 237.432
Model_1_goa_pop_2023 3 2027 SSBMean 237.869
Model_1_goa_pop_2023 3 2028 SSBF100 343.618
Model_1_goa_pop_2023 3 2028 SSBFabc 137.447
Model_1_goa_pop_2023 3 2028 SSBFofl 120.266
Model_1_goa_pop_2023 3 2028 SSBLCI 235.754
Model_1_goa_pop_2023 3 2028 SSBUCI 249.738
Model_1_goa_pop_2023 3 2028 SSBMedian 240.969
Model_1_goa_pop_2023 3 2028 SSBMean 241.691
Model_1_goa_pop_2023 3 2029 SSBF100 343.618
Model_1_goa_pop_2023 3 2029 SSBFabc 137.447
Model_1_goa_pop_2023 3 2029 SSBFofl 120.266
Model_1_goa_pop_2023 3 2029 SSBLCI 236.68
Model_1_goa_pop_2023 3 2029 SSBUCI 258.62
Model_1_goa_pop_2023 3 2029 SSBMedian 244.947
Model_1_goa_pop_2023 3 2029 SSBMean 246.007
Model_1_goa_pop_2023 3 2030 SSBF100 343.618
Model_1_goa_pop_2023 3 2030 SSBFabc 137.447
Model_1_goa_pop_2023 3 2030 SSBFofl 120.266
Model_1_goa_pop_2023 3 2030 SSBLCI 237.373
Model_1_goa_pop_2023 3 2030 SSBUCI 268.292
Model_1_goa_pop_2023 3 2030 SSBMedian 249.215
Model_1_goa_pop_2023 3 2030 SSBMean 250.886
Model_1_goa_pop_2023 3 2031 SSBF100 343.618
Model_1_goa_pop_2023 3 2031 SSBFabc 137.447
Model_1_goa_pop_2023 3 2031 SSBFofl 120.266
Model_1_goa_pop_2023 3 2031 SSBLCI 238.611
Model_1_goa_pop_2023 3 2031 SSBUCI 278.798
Model_1_goa_pop_2023 3 2031 SSBMedian 254.36
Model_1_goa_pop_2023 3 2031 SSBMean 256.153
Model_1_goa_pop_2023 3 2032 SSBF100 343.618
Model_1_goa_pop_2023 3 2032 SSBFabc 137.447
Model_1_goa_pop_2023 3 2032 SSBFofl 120.266
Model_1_goa_pop_2023 3 2032 SSBLCI 240.271
Model_1_goa_pop_2023 3 2032 SSBUCI 287.437
Model_1_goa_pop_2023 3 2032 SSBMedian 259.928
Model_1_goa_pop_2023 3 2032 SSBMean 261.609
Model_1_goa_pop_2023 3 2033 SSBF100 343.618
Model_1_goa_pop_2023 3 2033 SSBFabc 137.447
Model_1_goa_pop_2023 3 2033 SSBFofl 120.266
Model_1_goa_pop_2023 3 2033 SSBLCI 241.744
Model_1_goa_pop_2023 3 2033 SSBUCI 297.375
Model_1_goa_pop_2023 3 2033 SSBMedian 265.253
Model_1_goa_pop_2023 3 2033 SSBMean 267.018
Model_1_goa_pop_2023 3 2034 SSBF100 343.618
Model_1_goa_pop_2023 3 2034 SSBFabc 137.447
Model_1_goa_pop_2023 3 2034 SSBFofl 120.266
Model_1_goa_pop_2023 3 2034 SSBLCI 240.203
Model_1_goa_pop_2023 3 2034 SSBUCI 301.025
Model_1_goa_pop_2023 3 2034 SSBMedian 265.742
Model_1_goa_pop_2023 3 2034 SSBMean 267.874
Model_1_goa_pop_2023 3 2020 F0 0 
Model_1_goa_pop_2023 3 2020 Fabc 0.0990105
Model_1_goa_pop_2023 3 2020 Fofl 0.119243
Model_1_goa_pop_2023 3 2020  F_LCI 0.0727775
Model_1_goa_pop_2023 3 2020  F_UCI 0.0727775
Model_1_goa_pop_2023 3 2020  F_Median 0.0727775
Model_1_goa_pop_2023 3 2020  F_Mean 0.0727775
Model_1_goa_pop_2023 3 2021 F0 0 
Model_1_goa_pop_2023 3 2021 Fabc 0.0990105
Model_1_goa_pop_2023 3 2021 Fofl 0.119243
Model_1_goa_pop_2023 3 2021  F_LCI 0.0777693
Model_1_goa_pop_2023 3 2021  F_UCI 0.0777711
Model_1_goa_pop_2023 3 2021  F_Median 0.0777706
Model_1_goa_pop_2023 3 2021  F_Mean 0.0777704
Model_1_goa_pop_2023 3 2022 F0 0 
Model_1_goa_pop_2023 3 2022 Fabc 0.0990105
Model_1_goa_pop_2023 3 2022 Fofl 0.119243
Model_1_goa_pop_2023 3 2022  F_LCI 0.0764737
Model_1_goa_pop_2023 3 2022  F_UCI 0.0765106
Model_1_goa_pop_2023 3 2022  F_Median 0.0765003
Model_1_goa_pop_2023 3 2022  F_Mean 0.0764976
Model_1_goa_pop_2023 3 2023 F0 0 
Model_1_goa_pop_2023 3 2023 Fabc 0.0990105
Model_1_goa_pop_2023 3 2023 Fofl 0.119243
Model_1_goa_pop_2023 3 2023  F_LCI 0
Model_1_goa_pop_2023 3 2023  F_UCI 0
Model_1_goa_pop_2023 3 2023  F_Median 0
Model_1_goa_pop_2023 3 2023  F_Mean 0
Model_1_goa_pop_2023 3 2024 F0 0 
Model_1_goa_pop_2023 3 2024 Fabc 0.0990105
Model_1_goa_pop_2023 3 2024 Fofl 0.119243
Model_1_goa_pop_2023 3 2024  F_LCI 0
Model_1_goa_pop_2023 3 2024  F_UCI 0
Model_1_goa_pop_2023 3 2024  F_Median 0
Model_1_goa_pop_2023 3 2024  F_Mean 0
Model_1_goa_pop_2023 3 2025 F0 0 
Model_1_goa_pop_2023 3 2025 Fabc 0.0990105
Model_1_goa_pop_2023 3 2025 Fofl 0.119243
Model_1_goa_pop_2023 3 2025  F_LCI 0
Model_1_goa_pop_2023 3 2025  F_UCI 0
Model_1_goa_pop_2023 3 2025  F_Median 0
Model_1_goa_pop_2023 3 2025  F_Mean 0
Model_1_goa_pop_2023 3 2026 F0 0 
Model_1_goa_pop_2023 3 2026 Fabc 0.0990105
Model_1_goa_pop_2023 3 2026 Fofl 0.119243
Model_1_goa_pop_2023 3 2026  F_LCI 0
Model_1_goa_pop_2023 3 2026  F_UCI 0
Model_1_goa_pop_2023 3 2026  F_Median 0
Model_1_goa_pop_2023 3 2026  F_Mean 0
Model_1_goa_pop_2023 3 2027 F0 0 
Model_1_goa_pop_2023 3 2027 Fabc 0.0990105
Model_1_goa_pop_2023 3 2027 Fofl 0.119243
Model_1_goa_pop_2023 3 2027  F_LCI 0
Model_1_goa_pop_2023 3 2027  F_UCI 0
Model_1_goa_pop_2023 3 2027  F_Median 0
Model_1_goa_pop_2023 3 2027  F_Mean 0
Model_1_goa_pop_2023 3 2028 F0 0 
Model_1_goa_pop_2023 3 2028 Fabc 0.0990105
Model_1_goa_pop_2023 3 2028 Fofl 0.119243
Model_1_goa_pop_2023 3 2028  F_LCI 0
Model_1_goa_pop_2023 3 2028  F_UCI 0
Model_1_goa_pop_2023 3 2028  F_Median 0
Model_1_goa_pop_2023 3 2028  F_Mean 0
Model_1_goa_pop_2023 3 2029 F0 0 
Model_1_goa_pop_2023 3 2029 Fabc 0.0990105
Model_1_goa_pop_2023 3 2029 Fofl 0.119243
Model_1_goa_pop_2023 3 2029  F_LCI 0
Model_1_goa_pop_2023 3 2029  F_UCI 0
Model_1_goa_pop_2023 3 2029  F_Median 0
Model_1_goa_pop_2023 3 2029  F_Mean 0
Model_1_goa_pop_2023 3 2030 F0 0 
Model_1_goa_pop_2023 3 2030 Fabc 0.0990105
Model_1_goa_pop_2023 3 2030 Fofl 0.119243
Model_1_goa_pop_2023 3 2030  F_LCI 0
Model_1_goa_pop_2023 3 2030  F_UCI 0
Model_1_goa_pop_2023 3 2030  F_Median 0
Model_1_goa_pop_2023 3 2030  F_Mean 0
Model_1_goa_pop_2023 3 2031 F0 0 
Model_1_goa_pop_2023 3 2031 Fabc 0.0990105
Model_1_goa_pop_2023 3 2031 Fofl 0.119243
Model_1_goa_pop_2023 3 2031  F_LCI 0
Model_1_goa_pop_2023 3 2031  F_UCI 0
Model_1_goa_pop_2023 3 2031  F_Median 0
Model_1_goa_pop_2023 3 2031  F_Mean 0
Model_1_goa_pop_2023 3 2032 F0 0 
Model_1_goa_pop_2023 3 2032 Fabc 0.0990105
Model_1_goa_pop_2023 3 2032 Fofl 0.119243
Model_1_goa_pop_2023 3 2032  F_LCI 0
Model_1_goa_pop_2023 3 2032  F_UCI 0
Model_1_goa_pop_2023 3 2032  F_Median 0
Model_1_goa_pop_2023 3 2032  F_Mean 0
Model_1_goa_pop_2023 3 2033 F0 0 
Model_1_goa_pop_2023 3 2033 Fabc 0.0990105
Model_1_goa_pop_2023 3 2033 Fofl 0.119243
Model_1_goa_pop_2023 3 2033  F_LCI 0
Model_1_goa_pop_2023 3 2033  F_UCI 0
Model_1_goa_pop_2023 3 2033  F_Median 0
Model_1_goa_pop_2023 3 2033  F_Mean 0
Model_1_goa_pop_2023 3 2034 F0 0 
Model_1_goa_pop_2023 3 2034 Fabc 0.0990105
Model_1_goa_pop_2023 3 2034 Fofl 0.119243
Model_1_goa_pop_2023 3 2034  F_LCI 0.0638806
Model_1_goa_pop_2023 3 2034  F_UCI 0.0638806
Model_1_goa_pop_2023 3 2034  F_Median 0.0638806
Model_1_goa_pop_2023 3 2034  F_Mean 0.0638806
Model_1_goa_pop_2023 4 2020 Cabc 25.3018
Model_1_goa_pop_2023 4 2020 Cofl 27.0643
Model_1_goa_pop_2023 4 2020 CLCI 30.3807
Model_1_goa_pop_2023 4 2020 CUCI 30.3807
Model_1_goa_pop_2023 4 2020 CMedian 30.3807
Model_1_goa_pop_2023 4 2020 CMean 30.3807
Model_1_goa_pop_2023 4 2020 CStdn 4.79616e-13
Model_1_goa_pop_2023 4 2021 Cabc 25.3018
Model_1_goa_pop_2023 4 2021 Cofl 27.0643
Model_1_goa_pop_2023 4 2021 CLCI 31.454
Model_1_goa_pop_2023 4 2021 CUCI 31.454
Model_1_goa_pop_2023 4 2021 CMedian 31.454
Model_1_goa_pop_2023 4 2021 CMean 31.454
Model_1_goa_pop_2023 4 2021 CStdn 6.18712e-10
Model_1_goa_pop_2023 4 2022 Cabc 25.3018
Model_1_goa_pop_2023 4 2022 Cofl 27.0643
Model_1_goa_pop_2023 4 2022 CLCI 29.89
Model_1_goa_pop_2023 4 2022 CUCI 29.89
Model_1_goa_pop_2023 4 2022 CMedian 29.89
Model_1_goa_pop_2023 4 2022 CMean 29.89
Model_1_goa_pop_2023 4 2022 CStdn 1.18408e-08
Model_1_goa_pop_2023 4 2023 Cabc 25.3018
Model_1_goa_pop_2023 4 2023 Cofl 27.0643
Model_1_goa_pop_2023 4 2023 CLCI 0
Model_1_goa_pop_2023 4 2023 CUCI 0
Model_1_goa_pop_2023 4 2023 CMedian 0
Model_1_goa_pop_2023 4 2023 CMean 0
Model_1_goa_pop_2023 4 2023 CStdn 0
Model_1_goa_pop_2023 4 2024 Cabc 25.3018
Model_1_goa_pop_2023 4 2024 Cofl 27.0643
Model_1_goa_pop_2023 4 2024 CLCI 0
Model_1_goa_pop_2023 4 2024 CUCI 0
Model_1_goa_pop_2023 4 2024 CMedian 0
Model_1_goa_pop_2023 4 2024 CMean 0
Model_1_goa_pop_2023 4 2024 CStdn 0
Model_1_goa_pop_2023 4 2025 Cabc 25.3018
Model_1_goa_pop_2023 4 2025 Cofl 27.0643
Model_1_goa_pop_2023 4 2025 CLCI 0
Model_1_goa_pop_2023 4 2025 CUCI 0
Model_1_goa_pop_2023 4 2025 CMedian 0
Model_1_goa_pop_2023 4 2025 CMean 0
Model_1_goa_pop_2023 4 2025 CStdn 0
Model_1_goa_pop_2023 4 2026 Cabc 25.3018
Model_1_goa_pop_2023 4 2026 Cofl 27.0643
Model_1_goa_pop_2023 4 2026 CLCI 0
Model_1_goa_pop_2023 4 2026 CUCI 0
Model_1_goa_pop_2023 4 2026 CMedian 0
Model_1_goa_pop_2023 4 2026 CMean 0
Model_1_goa_pop_2023 4 2026 CStdn 0
Model_1_goa_pop_2023 4 2027 Cabc 25.3018
Model_1_goa_pop_2023 4 2027 Cofl 27.0643
Model_1_goa_pop_2023 4 2027 CLCI 0
Model_1_goa_pop_2023 4 2027 CUCI 0
Model_1_goa_pop_2023 4 2027 CMedian 0
Model_1_goa_pop_2023 4 2027 CMean 0
Model_1_goa_pop_2023 4 2027 CStdn 0
Model_1_goa_pop_2023 4 2028 Cabc 25.3018
Model_1_goa_pop_2023 4 2028 Cofl 27.0643
Model_1_goa_pop_2023 4 2028 CLCI 0
Model_1_goa_pop_2023 4 2028 CUCI 0
Model_1_goa_pop_2023 4 2028 CMedian 0
Model_1_goa_pop_2023 4 2028 CMean 0
Model_1_goa_pop_2023 4 2028 CStdn 0
Model_1_goa_pop_2023 4 2029 Cabc 25.3018
Model_1_goa_pop_2023 4 2029 Cofl 27.0643
Model_1_goa_pop_2023 4 2029 CLCI 0
Model_1_goa_pop_2023 4 2029 CUCI 0
Model_1_goa_pop_2023 4 2029 CMedian 0
Model_1_goa_pop_2023 4 2029 CMean 0
Model_1_goa_pop_2023 4 2029 CStdn 0
Model_1_goa_pop_2023 4 2030 Cabc 25.3018
Model_1_goa_pop_2023 4 2030 Cofl 27.0643
Model_1_goa_pop_2023 4 2030 CLCI 0
Model_1_goa_pop_2023 4 2030 CUCI 0
Model_1_goa_pop_2023 4 2030 CMedian 0
Model_1_goa_pop_2023 4 2030 CMean 0
Model_1_goa_pop_2023 4 2030 CStdn 0
Model_1_goa_pop_2023 4 2031 Cabc 25.3018
Model_1_goa_pop_2023 4 2031 Cofl 27.0643
Model_1_goa_pop_2023 4 2031 CLCI 0
Model_1_goa_pop_2023 4 2031 CUCI 0
Model_1_goa_pop_2023 4 2031 CMedian 0
Model_1_goa_pop_2023 4 2031 CMean 0
Model_1_goa_pop_2023 4 2031 CStdn 0
Model_1_goa_pop_2023 4 2032 Cabc 25.3018
Model_1_goa_pop_2023 4 2032 Cofl 27.0643
Model_1_goa_pop_2023 4 2032 CLCI 0
Model_1_goa_pop_2023 4 2032 CUCI 0
Model_1_goa_pop_2023 4 2032 CMedian 0
Model_1_goa_pop_2023 4 2032 CMean 0
Model_1_goa_pop_2023 4 2032 CStdn 0
Model_1_goa_pop_2023 4 2033 Cabc 25.3018
Model_1_goa_pop_2023 4 2033 Cofl 27.0643
Model_1_goa_pop_2023 4 2033 CLCI 0
Model_1_goa_pop_2023 4 2033 CUCI 0
Model_1_goa_pop_2023 4 2033 CMedian 0
Model_1_goa_pop_2023 4 2033 CMean 0
Model_1_goa_pop_2023 4 2033 CStdn 0
Model_1_goa_pop_2023 4 2034 Cabc 25.3018
Model_1_goa_pop_2023 4 2034 Cofl 27.0643
Model_1_goa_pop_2023 4 2034 CLCI 10.3546
Model_1_goa_pop_2023 4 2034 CUCI 13.3421
Model_1_goa_pop_2023 4 2034 CMedian 11.622
Model_1_goa_pop_2023 4 2034 CMean 11.7093
Model_1_goa_pop_2023 4 2034 CStdn 0.953646
Model_1_goa_pop_2023 4 2020 SSBF100 343.618
Model_1_goa_pop_2023 4 2020 SSBFabc 137.447
Model_1_goa_pop_2023 4 2020 SSBFofl 120.266
Model_1_goa_pop_2023 4 2020 SSBLCI 234.352
Model_1_goa_pop_2023 4 2020 SSBUCI 234.352
Model_1_goa_pop_2023 4 2020 SSBMedian 234.352
Model_1_goa_pop_2023 4 2020 SSBMean 234.352
Model_1_goa_pop_2023 4 2021 SSBF100 343.618
Model_1_goa_pop_2023 4 2021 SSBFabc 137.447
Model_1_goa_pop_2023 4 2021 SSBFofl 120.266
Model_1_goa_pop_2023 4 2021 SSBLCI 228.02
Model_1_goa_pop_2023 4 2021 SSBUCI 228.046
Model_1_goa_pop_2023 4 2021 SSBMedian 228.027
Model_1_goa_pop_2023 4 2021 SSBMean 228.029
Model_1_goa_pop_2023 4 2022 SSBF100 343.618
Model_1_goa_pop_2023 4 2022 SSBFabc 137.447
Model_1_goa_pop_2023 4 2022 SSBFofl 120.266
Model_1_goa_pop_2023 4 2022 SSBLCI 221.339
Model_1_goa_pop_2023 4 2022 SSBUCI 221.447
Model_1_goa_pop_2023 4 2022 SSBMedian 221.373
Model_1_goa_pop_2023 4 2022 SSBMean 221.381
Model_1_goa_pop_2023 4 2023 SSBF100 343.618
Model_1_goa_pop_2023 4 2023 SSBFabc 137.447
Model_1_goa_pop_2023 4 2023 SSBFofl 120.266
Model_1_goa_pop_2023 4 2023 SSBLCI 219.211
Model_1_goa_pop_2023 4 2023 SSBUCI 219.541
Model_1_goa_pop_2023 4 2023 SSBMedian 219.32
Model_1_goa_pop_2023 4 2023 SSBMean 219.342
Model_1_goa_pop_2023 4 2024 SSBF100 343.618
Model_1_goa_pop_2023 4 2024 SSBFabc 137.447
Model_1_goa_pop_2023 4 2024 SSBFofl 120.266
Model_1_goa_pop_2023 4 2024 SSBLCI 224.957
Model_1_goa_pop_2023 4 2024 SSBUCI 225.822
Model_1_goa_pop_2023 4 2024 SSBMedian 225.25
Model_1_goa_pop_2023 4 2024 SSBMean 225.302
Model_1_goa_pop_2023 4 2025 SSBF100 343.618
Model_1_goa_pop_2023 4 2025 SSBFabc 137.447
Model_1_goa_pop_2023 4 2025 SSBFofl 120.266
Model_1_goa_pop_2023 4 2025 SSBLCI 229.401
Model_1_goa_pop_2023 4 2025 SSBUCI 231.396
Model_1_goa_pop_2023 4 2025 SSBMedian 230.099
Model_1_goa_pop_2023 4 2025 SSBMean 230.214
Model_1_goa_pop_2023 4 2026 SSBF100 343.618
Model_1_goa_pop_2023 4 2026 SSBFabc 137.447
Model_1_goa_pop_2023 4 2026 SSBFofl 120.266
Model_1_goa_pop_2023 4 2026 SSBLCI 232.533
Model_1_goa_pop_2023 4 2026 SSBUCI 236.763
Model_1_goa_pop_2023 4 2026 SSBMedian 233.989
Model_1_goa_pop_2023 4 2026 SSBMean 234.238
Model_1_goa_pop_2023 4 2027 SSBF100 343.618
Model_1_goa_pop_2023 4 2027 SSBFabc 137.447
Model_1_goa_pop_2023 4 2027 SSBFofl 120.266
Model_1_goa_pop_2023 4 2027 SSBLCI 234.487
Model_1_goa_pop_2023 4 2027 SSBUCI 242.629
Model_1_goa_pop_2023 4 2027 SSBMedian 237.432
Model_1_goa_pop_2023 4 2027 SSBMean 237.869
Model_1_goa_pop_2023 4 2028 SSBF100 343.618
Model_1_goa_pop_2023 4 2028 SSBFabc 137.447
Model_1_goa_pop_2023 4 2028 SSBFofl 120.266
Model_1_goa_pop_2023 4 2028 SSBLCI 235.754
Model_1_goa_pop_2023 4 2028 SSBUCI 249.738
Model_1_goa_pop_2023 4 2028 SSBMedian 240.969
Model_1_goa_pop_2023 4 2028 SSBMean 241.691
Model_1_goa_pop_2023 4 2029 SSBF100 343.618
Model_1_goa_pop_2023 4 2029 SSBFabc 137.447
Model_1_goa_pop_2023 4 2029 SSBFofl 120.266
Model_1_goa_pop_2023 4 2029 SSBLCI 236.68
Model_1_goa_pop_2023 4 2029 SSBUCI 258.62
Model_1_goa_pop_2023 4 2029 SSBMedian 244.947
Model_1_goa_pop_2023 4 2029 SSBMean 246.007
Model_1_goa_pop_2023 4 2030 SSBF100 343.618
Model_1_goa_pop_2023 4 2030 SSBFabc 137.447
Model_1_goa_pop_2023 4 2030 SSBFofl 120.266
Model_1_goa_pop_2023 4 2030 SSBLCI 237.373
Model_1_goa_pop_2023 4 2030 SSBUCI 268.292
Model_1_goa_pop_2023 4 2030 SSBMedian 249.215
Model_1_goa_pop_2023 4 2030 SSBMean 250.886
Model_1_goa_pop_2023 4 2031 SSBF100 343.618
Model_1_goa_pop_2023 4 2031 SSBFabc 137.447
Model_1_goa_pop_2023 4 2031 SSBFofl 120.266
Model_1_goa_pop_2023 4 2031 SSBLCI 238.611
Model_1_goa_pop_2023 4 2031 SSBUCI 278.798
Model_1_goa_pop_2023 4 2031 SSBMedian 254.36
Model_1_goa_pop_2023 4 2031 SSBMean 256.153
Model_1_goa_pop_2023 4 2032 SSBF100 343.618
Model_1_goa_pop_2023 4 2032 SSBFabc 137.447
Model_1_goa_pop_2023 4 2032 SSBFofl 120.266
Model_1_goa_pop_2023 4 2032 SSBLCI 240.271
Model_1_goa_pop_2023 4 2032 SSBUCI 287.437
Model_1_goa_pop_2023 4 2032 SSBMedian 259.928
Model_1_goa_pop_2023 4 2032 SSBMean 261.609
Model_1_goa_pop_2023 4 2033 SSBF100 343.618
Model_1_goa_pop_2023 4 2033 SSBFabc 137.447
Model_1_goa_pop_2023 4 2033 SSBFofl 120.266
Model_1_goa_pop_2023 4 2033 SSBLCI 241.744
Model_1_goa_pop_2023 4 2033 SSBUCI 297.375
Model_1_goa_pop_2023 4 2033 SSBMedian 265.253
Model_1_goa_pop_2023 4 2033 SSBMean 267.018
Model_1_goa_pop_2023 4 2034 SSBF100 343.618
Model_1_goa_pop_2023 4 2034 SSBFabc 137.447
Model_1_goa_pop_2023 4 2034 SSBFofl 120.266
Model_1_goa_pop_2023 4 2034 SSBLCI 242.591
Model_1_goa_pop_2023 4 2034 SSBUCI 304.076
Model_1_goa_pop_2023 4 2034 SSBMedian 268.384
Model_1_goa_pop_2023 4 2034 SSBMean 270.523
Model_1_goa_pop_2023 4 2020 F0 0 
Model_1_goa_pop_2023 4 2020 Fabc 0.0990105
Model_1_goa_pop_2023 4 2020 Fofl 0.119243
Model_1_goa_pop_2023 4 2020  F_LCI 0.0727775
Model_1_goa_pop_2023 4 2020  F_UCI 0.0727775
Model_1_goa_pop_2023 4 2020  F_Median 0.0727775
Model_1_goa_pop_2023 4 2020  F_Mean 0.0727775
Model_1_goa_pop_2023 4 2021 F0 0 
Model_1_goa_pop_2023 4 2021 Fabc 0.0990105
Model_1_goa_pop_2023 4 2021 Fofl 0.119243
Model_1_goa_pop_2023 4 2021  F_LCI 0.0777693
Model_1_goa_pop_2023 4 2021  F_UCI 0.0777711
Model_1_goa_pop_2023 4 2021  F_Median 0.0777706
Model_1_goa_pop_2023 4 2021  F_Mean 0.0777704
Model_1_goa_pop_2023 4 2022 F0 0 
Model_1_goa_pop_2023 4 2022 Fabc 0.0990105
Model_1_goa_pop_2023 4 2022 Fofl 0.119243
Model_1_goa_pop_2023 4 2022  F_LCI 0.0764737
Model_1_goa_pop_2023 4 2022  F_UCI 0.0765106
Model_1_goa_pop_2023 4 2022  F_Median 0.0765003
Model_1_goa_pop_2023 4 2022  F_Mean 0.0764976
Model_1_goa_pop_2023 4 2023 F0 0 
Model_1_goa_pop_2023 4 2023 Fabc 0.0990105
Model_1_goa_pop_2023 4 2023 Fofl 0.119243
Model_1_goa_pop_2023 4 2023  F_LCI 0
Model_1_goa_pop_2023 4 2023  F_UCI 0
Model_1_goa_pop_2023 4 2023  F_Median 0
Model_1_goa_pop_2023 4 2023  F_Mean 0
Model_1_goa_pop_2023 4 2024 F0 0 
Model_1_goa_pop_2023 4 2024 Fabc 0.0990105
Model_1_goa_pop_2023 4 2024 Fofl 0.119243
Model_1_goa_pop_2023 4 2024  F_LCI 0
Model_1_goa_pop_2023 4 2024  F_UCI 0
Model_1_goa_pop_2023 4 2024  F_Median 0
Model_1_goa_pop_2023 4 2024  F_Mean 0
Model_1_goa_pop_2023 4 2025 F0 0 
Model_1_goa_pop_2023 4 2025 Fabc 0.0990105
Model_1_goa_pop_2023 4 2025 Fofl 0.119243
Model_1_goa_pop_2023 4 2025  F_LCI 0
Model_1_goa_pop_2023 4 2025  F_UCI 0
Model_1_goa_pop_2023 4 2025  F_Median 0
Model_1_goa_pop_2023 4 2025  F_Mean 0
Model_1_goa_pop_2023 4 2026 F0 0 
Model_1_goa_pop_2023 4 2026 Fabc 0.0990105
Model_1_goa_pop_2023 4 2026 Fofl 0.119243
Model_1_goa_pop_2023 4 2026  F_LCI 0
Model_1_goa_pop_2023 4 2026  F_UCI 0
Model_1_goa_pop_2023 4 2026  F_Median 0
Model_1_goa_pop_2023 4 2026  F_Mean 0
Model_1_goa_pop_2023 4 2027 F0 0 
Model_1_goa_pop_2023 4 2027 Fabc 0.0990105
Model_1_goa_pop_2023 4 2027 Fofl 0.119243
Model_1_goa_pop_2023 4 2027  F_LCI 0
Model_1_goa_pop_2023 4 2027  F_UCI 0
Model_1_goa_pop_2023 4 2027  F_Median 0
Model_1_goa_pop_2023 4 2027  F_Mean 0
Model_1_goa_pop_2023 4 2028 F0 0 
Model_1_goa_pop_2023 4 2028 Fabc 0.0990105
Model_1_goa_pop_2023 4 2028 Fofl 0.119243
Model_1_goa_pop_2023 4 2028  F_LCI 0
Model_1_goa_pop_2023 4 2028  F_UCI 0
Model_1_goa_pop_2023 4 2028  F_Median 0
Model_1_goa_pop_2023 4 2028  F_Mean 0
Model_1_goa_pop_2023 4 2029 F0 0 
Model_1_goa_pop_2023 4 2029 Fabc 0.0990105
Model_1_goa_pop_2023 4 2029 Fofl 0.119243
Model_1_goa_pop_2023 4 2029  F_LCI 0
Model_1_goa_pop_2023 4 2029  F_UCI 0
Model_1_goa_pop_2023 4 2029  F_Median 0
Model_1_goa_pop_2023 4 2029  F_Mean 0
Model_1_goa_pop_2023 4 2030 F0 0 
Model_1_goa_pop_2023 4 2030 Fabc 0.0990105
Model_1_goa_pop_2023 4 2030 Fofl 0.119243
Model_1_goa_pop_2023 4 2030  F_LCI 0
Model_1_goa_pop_2023 4 2030  F_UCI 0
Model_1_goa_pop_2023 4 2030  F_Median 0
Model_1_goa_pop_2023 4 2030  F_Mean 0
Model_1_goa_pop_2023 4 2031 F0 0 
Model_1_goa_pop_2023 4 2031 Fabc 0.0990105
Model_1_goa_pop_2023 4 2031 Fofl 0.119243
Model_1_goa_pop_2023 4 2031  F_LCI 0
Model_1_goa_pop_2023 4 2031  F_UCI 0
Model_1_goa_pop_2023 4 2031  F_Median 0
Model_1_goa_pop_2023 4 2031  F_Mean 0
Model_1_goa_pop_2023 4 2032 F0 0 
Model_1_goa_pop_2023 4 2032 Fabc 0.0990105
Model_1_goa_pop_2023 4 2032 Fofl 0.119243
Model_1_goa_pop_2023 4 2032  F_LCI 0
Model_1_goa_pop_2023 4 2032  F_UCI 0
Model_1_goa_pop_2023 4 2032  F_Median 0
Model_1_goa_pop_2023 4 2032  F_Mean 0
Model_1_goa_pop_2023 4 2033 F0 0 
Model_1_goa_pop_2023 4 2033 Fabc 0.0990105
Model_1_goa_pop_2023 4 2033 Fofl 0.119243
Model_1_goa_pop_2023 4 2033  F_LCI 0
Model_1_goa_pop_2023 4 2033  F_UCI 0
Model_1_goa_pop_2023 4 2033  F_Median 0
Model_1_goa_pop_2023 4 2033  F_Mean 0
Model_1_goa_pop_2023 4 2034 F0 0 
Model_1_goa_pop_2023 4 2034 Fabc 0.0990105
Model_1_goa_pop_2023 4 2034 Fofl 0.119243
Model_1_goa_pop_2023 4 2034  F_LCI 0.025247
Model_1_goa_pop_2023 4 2034  F_UCI 0.025247
Model_1_goa_pop_2023 4 2034  F_Median 0.025247
Model_1_goa_pop_2023 4 2034  F_Mean 0.025247
Model_1_goa_pop_2023 5 2020 Cabc 25.3018
Model_1_goa_pop_2023 5 2020 Cofl 27.0643
Model_1_goa_pop_2023 5 2020 CLCI 30.3807
Model_1_goa_pop_2023 5 2020 CUCI 30.3807
Model_1_goa_pop_2023 5 2020 CMedian 30.3807
Model_1_goa_pop_2023 5 2020 CMean 30.3807
Model_1_goa_pop_2023 5 2020 CStdn 4.79616e-13
Model_1_goa_pop_2023 5 2021 Cabc 25.3018
Model_1_goa_pop_2023 5 2021 Cofl 27.0643
Model_1_goa_pop_2023 5 2021 CLCI 31.454
Model_1_goa_pop_2023 5 2021 CUCI 31.454
Model_1_goa_pop_2023 5 2021 CMedian 31.454
Model_1_goa_pop_2023 5 2021 CMean 31.454
Model_1_goa_pop_2023 5 2021 CStdn 6.18712e-10
Model_1_goa_pop_2023 5 2022 Cabc 25.3018
Model_1_goa_pop_2023 5 2022 Cofl 27.0643
Model_1_goa_pop_2023 5 2022 CLCI 29.89
Model_1_goa_pop_2023 5 2022 CUCI 29.89
Model_1_goa_pop_2023 5 2022 CMedian 29.89
Model_1_goa_pop_2023 5 2022 CMean 29.89
Model_1_goa_pop_2023 5 2022 CStdn 1.18408e-08
Model_1_goa_pop_2023 5 2023 Cabc 25.3018
Model_1_goa_pop_2023 5 2023 Cofl 27.0643
Model_1_goa_pop_2023 5 2023 CLCI 0
Model_1_goa_pop_2023 5 2023 CUCI 0
Model_1_goa_pop_2023 5 2023 CMedian 0
Model_1_goa_pop_2023 5 2023 CMean 0
Model_1_goa_pop_2023 5 2023 CStdn 0
Model_1_goa_pop_2023 5 2024 Cabc 25.3018
Model_1_goa_pop_2023 5 2024 Cofl 27.0643
Model_1_goa_pop_2023 5 2024 CLCI 0
Model_1_goa_pop_2023 5 2024 CUCI 0
Model_1_goa_pop_2023 5 2024 CMedian 0
Model_1_goa_pop_2023 5 2024 CMean 0
Model_1_goa_pop_2023 5 2024 CStdn 0
Model_1_goa_pop_2023 5 2025 Cabc 25.3018
Model_1_goa_pop_2023 5 2025 Cofl 27.0643
Model_1_goa_pop_2023 5 2025 CLCI 0
Model_1_goa_pop_2023 5 2025 CUCI 0
Model_1_goa_pop_2023 5 2025 CMedian 0
Model_1_goa_pop_2023 5 2025 CMean 0
Model_1_goa_pop_2023 5 2025 CStdn 0
Model_1_goa_pop_2023 5 2026 Cabc 25.3018
Model_1_goa_pop_2023 5 2026 Cofl 27.0643
Model_1_goa_pop_2023 5 2026 CLCI 0
Model_1_goa_pop_2023 5 2026 CUCI 0
Model_1_goa_pop_2023 5 2026 CMedian 0
Model_1_goa_pop_2023 5 2026 CMean 0
Model_1_goa_pop_2023 5 2026 CStdn 0
Model_1_goa_pop_2023 5 2027 Cabc 25.3018
Model_1_goa_pop_2023 5 2027 Cofl 27.0643
Model_1_goa_pop_2023 5 2027 CLCI 0
Model_1_goa_pop_2023 5 2027 CUCI 0
Model_1_goa_pop_2023 5 2027 CMedian 0
Model_1_goa_pop_2023 5 2027 CMean 0
Model_1_goa_pop_2023 5 2027 CStdn 0
Model_1_goa_pop_2023 5 2028 Cabc 25.3018
Model_1_goa_pop_2023 5 2028 Cofl 27.0643
Model_1_goa_pop_2023 5 2028 CLCI 0
Model_1_goa_pop_2023 5 2028 CUCI 0
Model_1_goa_pop_2023 5 2028 CMedian 0
Model_1_goa_pop_2023 5 2028 CMean 0
Model_1_goa_pop_2023 5 2028 CStdn 0
Model_1_goa_pop_2023 5 2029 Cabc 25.3018
Model_1_goa_pop_2023 5 2029 Cofl 27.0643
Model_1_goa_pop_2023 5 2029 CLCI 0
Model_1_goa_pop_2023 5 2029 CUCI 0
Model_1_goa_pop_2023 5 2029 CMedian 0
Model_1_goa_pop_2023 5 2029 CMean 0
Model_1_goa_pop_2023 5 2029 CStdn 0
Model_1_goa_pop_2023 5 2030 Cabc 25.3018
Model_1_goa_pop_2023 5 2030 Cofl 27.0643
Model_1_goa_pop_2023 5 2030 CLCI 0
Model_1_goa_pop_2023 5 2030 CUCI 0
Model_1_goa_pop_2023 5 2030 CMedian 0
Model_1_goa_pop_2023 5 2030 CMean 0
Model_1_goa_pop_2023 5 2030 CStdn 0
Model_1_goa_pop_2023 5 2031 Cabc 25.3018
Model_1_goa_pop_2023 5 2031 Cofl 27.0643
Model_1_goa_pop_2023 5 2031 CLCI 0
Model_1_goa_pop_2023 5 2031 CUCI 0
Model_1_goa_pop_2023 5 2031 CMedian 0
Model_1_goa_pop_2023 5 2031 CMean 0
Model_1_goa_pop_2023 5 2031 CStdn 0
Model_1_goa_pop_2023 5 2032 Cabc 25.3018
Model_1_goa_pop_2023 5 2032 Cofl 27.0643
Model_1_goa_pop_2023 5 2032 CLCI 0
Model_1_goa_pop_2023 5 2032 CUCI 0
Model_1_goa_pop_2023 5 2032 CMedian 0
Model_1_goa_pop_2023 5 2032 CMean 0
Model_1_goa_pop_2023 5 2032 CStdn 0
Model_1_goa_pop_2023 5 2033 Cabc 25.3018
Model_1_goa_pop_2023 5 2033 Cofl 27.0643
Model_1_goa_pop_2023 5 2033 CLCI 0
Model_1_goa_pop_2023 5 2033 CUCI 0
Model_1_goa_pop_2023 5 2033 CMedian 0
Model_1_goa_pop_2023 5 2033 CMean 0
Model_1_goa_pop_2023 5 2033 CStdn 0
Model_1_goa_pop_2023 5 2034 Cabc 25.3018
Model_1_goa_pop_2023 5 2034 Cofl 27.0643
Model_1_goa_pop_2023 5 2034 CLCI 0
Model_1_goa_pop_2023 5 2034 CUCI 0
Model_1_goa_pop_2023 5 2034 CMedian 0
Model_1_goa_pop_2023 5 2034 CMean 0
Model_1_goa_pop_2023 5 2034 CStdn 0
Model_1_goa_pop_2023 5 2020 SSBF100 343.618
Model_1_goa_pop_2023 5 2020 SSBFabc 137.447
Model_1_goa_pop_2023 5 2020 SSBFofl 120.266
Model_1_goa_pop_2023 5 2020 SSBLCI 234.352
Model_1_goa_pop_2023 5 2020 SSBUCI 234.352
Model_1_goa_pop_2023 5 2020 SSBMedian 234.352
Model_1_goa_pop_2023 5 2020 SSBMean 234.352
Model_1_goa_pop_2023 5 2021 SSBF100 343.618
Model_1_goa_pop_2023 5 2021 SSBFabc 137.447
Model_1_goa_pop_2023 5 2021 SSBFofl 120.266
Model_1_goa_pop_2023 5 2021 SSBLCI 228.02
Model_1_goa_pop_2023 5 2021 SSBUCI 228.046
Model_1_goa_pop_2023 5 2021 SSBMedian 228.027
Model_1_goa_pop_2023 5 2021 SSBMean 228.029
Model_1_goa_pop_2023 5 2022 SSBF100 343.618
Model_1_goa_pop_2023 5 2022 SSBFabc 137.447
Model_1_goa_pop_2023 5 2022 SSBFofl 120.266
Model_1_goa_pop_2023 5 2022 SSBLCI 221.339
Model_1_goa_pop_2023 5 2022 SSBUCI 221.447
Model_1_goa_pop_2023 5 2022 SSBMedian 221.373
Model_1_goa_pop_2023 5 2022 SSBMean 221.381
Model_1_goa_pop_2023 5 2023 SSBF100 343.618
Model_1_goa_pop_2023 5 2023 SSBFabc 137.447
Model_1_goa_pop_2023 5 2023 SSBFofl 120.266
Model_1_goa_pop_2023 5 2023 SSBLCI 219.211
Model_1_goa_pop_2023 5 2023 SSBUCI 219.541
Model_1_goa_pop_2023 5 2023 SSBMedian 219.32
Model_1_goa_pop_2023 5 2023 SSBMean 219.342
Model_1_goa_pop_2023 5 2024 SSBF100 343.618
Model_1_goa_pop_2023 5 2024 SSBFabc 137.447
Model_1_goa_pop_2023 5 2024 SSBFofl 120.266
Model_1_goa_pop_2023 5 2024 SSBLCI 224.957
Model_1_goa_pop_2023 5 2024 SSBUCI 225.822
Model_1_goa_pop_2023 5 2024 SSBMedian 225.25
Model_1_goa_pop_2023 5 2024 SSBMean 225.302
Model_1_goa_pop_2023 5 2025 SSBF100 343.618
Model_1_goa_pop_2023 5 2025 SSBFabc 137.447
Model_1_goa_pop_2023 5 2025 SSBFofl 120.266
Model_1_goa_pop_2023 5 2025 SSBLCI 229.401
Model_1_goa_pop_2023 5 2025 SSBUCI 231.396
Model_1_goa_pop_2023 5 2025 SSBMedian 230.099
Model_1_goa_pop_2023 5 2025 SSBMean 230.214
Model_1_goa_pop_2023 5 2026 SSBF100 343.618
Model_1_goa_pop_2023 5 2026 SSBFabc 137.447
Model_1_goa_pop_2023 5 2026 SSBFofl 120.266
Model_1_goa_pop_2023 5 2026 SSBLCI 232.533
Model_1_goa_pop_2023 5 2026 SSBUCI 236.763
Model_1_goa_pop_2023 5 2026 SSBMedian 233.989
Model_1_goa_pop_2023 5 2026 SSBMean 234.238
Model_1_goa_pop_2023 5 2027 SSBF100 343.618
Model_1_goa_pop_2023 5 2027 SSBFabc 137.447
Model_1_goa_pop_2023 5 2027 SSBFofl 120.266
Model_1_goa_pop_2023 5 2027 SSBLCI 234.487
Model_1_goa_pop_2023 5 2027 SSBUCI 242.629
Model_1_goa_pop_2023 5 2027 SSBMedian 237.432
Model_1_goa_pop_2023 5 2027 SSBMean 237.869
Model_1_goa_pop_2023 5 2028 SSBF100 343.618
Model_1_goa_pop_2023 5 2028 SSBFabc 137.447
Model_1_goa_pop_2023 5 2028 SSBFofl 120.266
Model_1_goa_pop_2023 5 2028 SSBLCI 235.754
Model_1_goa_pop_2023 5 2028 SSBUCI 249.738
Model_1_goa_pop_2023 5 2028 SSBMedian 240.969
Model_1_goa_pop_2023 5 2028 SSBMean 241.691
Model_1_goa_pop_2023 5 2029 SSBF100 343.618
Model_1_goa_pop_2023 5 2029 SSBFabc 137.447
Model_1_goa_pop_2023 5 2029 SSBFofl 120.266
Model_1_goa_pop_2023 5 2029 SSBLCI 236.68
Model_1_goa_pop_2023 5 2029 SSBUCI 258.62
Model_1_goa_pop_2023 5 2029 SSBMedian 244.947
Model_1_goa_pop_2023 5 2029 SSBMean 246.007
Model_1_goa_pop_2023 5 2030 SSBF100 343.618
Model_1_goa_pop_2023 5 2030 SSBFabc 137.447
Model_1_goa_pop_2023 5 2030 SSBFofl 120.266
Model_1_goa_pop_2023 5 2030 SSBLCI 237.373
Model_1_goa_pop_2023 5 2030 SSBUCI 268.292
Model_1_goa_pop_2023 5 2030 SSBMedian 249.215
Model_1_goa_pop_2023 5 2030 SSBMean 250.886
Model_1_goa_pop_2023 5 2031 SSBF100 343.618
Model_1_goa_pop_2023 5 2031 SSBFabc 137.447
Model_1_goa_pop_2023 5 2031 SSBFofl 120.266
Model_1_goa_pop_2023 5 2031 SSBLCI 238.611
Model_1_goa_pop_2023 5 2031 SSBUCI 278.798
Model_1_goa_pop_2023 5 2031 SSBMedian 254.36
Model_1_goa_pop_2023 5 2031 SSBMean 256.153
Model_1_goa_pop_2023 5 2032 SSBF100 343.618
Model_1_goa_pop_2023 5 2032 SSBFabc 137.447
Model_1_goa_pop_2023 5 2032 SSBFofl 120.266
Model_1_goa_pop_2023 5 2032 SSBLCI 240.271
Model_1_goa_pop_2023 5 2032 SSBUCI 287.437
Model_1_goa_pop_2023 5 2032 SSBMedian 259.928
Model_1_goa_pop_2023 5 2032 SSBMean 261.609
Model_1_goa_pop_2023 5 2033 SSBF100 343.618
Model_1_goa_pop_2023 5 2033 SSBFabc 137.447
Model_1_goa_pop_2023 5 2033 SSBFofl 120.266
Model_1_goa_pop_2023 5 2033 SSBLCI 241.744
Model_1_goa_pop_2023 5 2033 SSBUCI 297.375
Model_1_goa_pop_2023 5 2033 SSBMedian 265.253
Model_1_goa_pop_2023 5 2033 SSBMean 267.018
Model_1_goa_pop_2023 5 2034 SSBF100 343.618
Model_1_goa_pop_2023 5 2034 SSBFabc 137.447
Model_1_goa_pop_2023 5 2034 SSBFofl 120.266
Model_1_goa_pop_2023 5 2034 SSBLCI 244.165
Model_1_goa_pop_2023 5 2034 SSBUCI 306.088
Model_1_goa_pop_2023 5 2034 SSBMedian 270.119
Model_1_goa_pop_2023 5 2034 SSBMean 272.27
Model_1_goa_pop_2023 5 2020 F0 0 
Model_1_goa_pop_2023 5 2020 Fabc 0.0990105
Model_1_goa_pop_2023 5 2020 Fofl 0.119243
Model_1_goa_pop_2023 5 2020  F_LCI 0.0727775
Model_1_goa_pop_2023 5 2020  F_UCI 0.0727775
Model_1_goa_pop_2023 5 2020  F_Median 0.0727775
Model_1_goa_pop_2023 5 2020  F_Mean 0.0727775
Model_1_goa_pop_2023 5 2021 F0 0 
Model_1_goa_pop_2023 5 2021 Fabc 0.0990105
Model_1_goa_pop_2023 5 2021 Fofl 0.119243
Model_1_goa_pop_2023 5 2021  F_LCI 0.0777693
Model_1_goa_pop_2023 5 2021  F_UCI 0.0777711
Model_1_goa_pop_2023 5 2021  F_Median 0.0777706
Model_1_goa_pop_2023 5 2021  F_Mean 0.0777704
Model_1_goa_pop_2023 5 2022 F0 0 
Model_1_goa_pop_2023 5 2022 Fabc 0.0990105
Model_1_goa_pop_2023 5 2022 Fofl 0.119243
Model_1_goa_pop_2023 5 2022  F_LCI 0.0764737
Model_1_goa_pop_2023 5 2022  F_UCI 0.0765106
Model_1_goa_pop_2023 5 2022  F_Median 0.0765003
Model_1_goa_pop_2023 5 2022  F_Mean 0.0764976
Model_1_goa_pop_2023 5 2023 F0 0 
Model_1_goa_pop_2023 5 2023 Fabc 0.0990105
Model_1_goa_pop_2023 5 2023 Fofl 0.119243
Model_1_goa_pop_2023 5 2023  F_LCI 0
Model_1_goa_pop_2023 5 2023  F_UCI 0
Model_1_goa_pop_2023 5 2023  F_Median 0
Model_1_goa_pop_2023 5 2023  F_Mean 0
Model_1_goa_pop_2023 5 2024 F0 0 
Model_1_goa_pop_2023 5 2024 Fabc 0.0990105
Model_1_goa_pop_2023 5 2024 Fofl 0.119243
Model_1_goa_pop_2023 5 2024  F_LCI 0
Model_1_goa_pop_2023 5 2024  F_UCI 0
Model_1_goa_pop_2023 5 2024  F_Median 0
Model_1_goa_pop_2023 5 2024  F_Mean 0
Model_1_goa_pop_2023 5 2025 F0 0 
Model_1_goa_pop_2023 5 2025 Fabc 0.0990105
Model_1_goa_pop_2023 5 2025 Fofl 0.119243
Model_1_goa_pop_2023 5 2025  F_LCI 0
Model_1_goa_pop_2023 5 2025  F_UCI 0
Model_1_goa_pop_2023 5 2025  F_Median 0
Model_1_goa_pop_2023 5 2025  F_Mean 0
Model_1_goa_pop_2023 5 2026 F0 0 
Model_1_goa_pop_2023 5 2026 Fabc 0.0990105
Model_1_goa_pop_2023 5 2026 Fofl 0.119243
Model_1_goa_pop_2023 5 2026  F_LCI 0
Model_1_goa_pop_2023 5 2026  F_UCI 0
Model_1_goa_pop_2023 5 2026  F_Median 0
Model_1_goa_pop_2023 5 2026  F_Mean 0
Model_1_goa_pop_2023 5 2027 F0 0 
Model_1_goa_pop_2023 5 2027 Fabc 0.0990105
Model_1_goa_pop_2023 5 2027 Fofl 0.119243
Model_1_goa_pop_2023 5 2027  F_LCI 0
Model_1_goa_pop_2023 5 2027  F_UCI 0
Model_1_goa_pop_2023 5 2027  F_Median 0
Model_1_goa_pop_2023 5 2027  F_Mean 0
Model_1_goa_pop_2023 5 2028 F0 0 
Model_1_goa_pop_2023 5 2028 Fabc 0.0990105
Model_1_goa_pop_2023 5 2028 Fofl 0.119243
Model_1_goa_pop_2023 5 2028  F_LCI 0
Model_1_goa_pop_2023 5 2028  F_UCI 0
Model_1_goa_pop_2023 5 2028  F_Median 0
Model_1_goa_pop_2023 5 2028  F_Mean 0
Model_1_goa_pop_2023 5 2029 F0 0 
Model_1_goa_pop_2023 5 2029 Fabc 0.0990105
Model_1_goa_pop_2023 5 2029 Fofl 0.119243
Model_1_goa_pop_2023 5 2029  F_LCI 0
Model_1_goa_pop_2023 5 2029  F_UCI 0
Model_1_goa_pop_2023 5 2029  F_Median 0
Model_1_goa_pop_2023 5 2029  F_Mean 0
Model_1_goa_pop_2023 5 2030 F0 0 
Model_1_goa_pop_2023 5 2030 Fabc 0.0990105
Model_1_goa_pop_2023 5 2030 Fofl 0.119243
Model_1_goa_pop_2023 5 2030  F_LCI 0
Model_1_goa_pop_2023 5 2030  F_UCI 0
Model_1_goa_pop_2023 5 2030  F_Median 0
Model_1_goa_pop_2023 5 2030  F_Mean 0
Model_1_goa_pop_2023 5 2031 F0 0 
Model_1_goa_pop_2023 5 2031 Fabc 0.0990105
Model_1_goa_pop_2023 5 2031 Fofl 0.119243
Model_1_goa_pop_2023 5 2031  F_LCI 0
Model_1_goa_pop_2023 5 2031  F_UCI 0
Model_1_goa_pop_2023 5 2031  F_Median 0
Model_1_goa_pop_2023 5 2031  F_Mean 0
Model_1_goa_pop_2023 5 2032 F0 0 
Model_1_goa_pop_2023 5 2032 Fabc 0.0990105
Model_1_goa_pop_2023 5 2032 Fofl 0.119243
Model_1_goa_pop_2023 5 2032  F_LCI 0
Model_1_goa_pop_2023 5 2032  F_UCI 0
Model_1_goa_pop_2023 5 2032  F_Median 0
Model_1_goa_pop_2023 5 2032  F_Mean 0
Model_1_goa_pop_2023 5 2033 F0 0 
Model_1_goa_pop_2023 5 2033 Fabc 0.0990105
Model_1_goa_pop_2023 5 2033 Fofl 0.119243
Model_1_goa_pop_2023 5 2033  F_LCI 0
Model_1_goa_pop_2023 5 2033  F_UCI 0
Model_1_goa_pop_2023 5 2033  F_Median 0
Model_1_goa_pop_2023 5 2033  F_Mean 0
Model_1_goa_pop_2023 5 2034 F0 0 
Model_1_goa_pop_2023 5 2034 Fabc 0.0990105
Model_1_goa_pop_2023 5 2034 Fofl 0.119243
Model_1_goa_pop_2023 5 2034  F_LCI 0
Model_1_goa_pop_2023 5 2034  F_UCI 0
Model_1_goa_pop_2023 5 2034  F_Median 0
Model_1_goa_pop_2023 5 2034  F_Mean 0
Model_1_goa_pop_2023 6 2020 Cabc 25.3018
Model_1_goa_pop_2023 6 2020 Cofl 27.0643
Model_1_goa_pop_2023 6 2020 CLCI 30.3807
Model_1_goa_pop_2023 6 2020 CUCI 30.3807
Model_1_goa_pop_2023 6 2020 CMedian 30.3807
Model_1_goa_pop_2023 6 2020 CMean 30.3807
Model_1_goa_pop_2023 6 2020 CStdn 4.79616e-13
Model_1_goa_pop_2023 6 2021 Cabc 25.3018
Model_1_goa_pop_2023 6 2021 Cofl 27.0643
Model_1_goa_pop_2023 6 2021 CLCI 47.4659
Model_1_goa_pop_2023 6 2021 CUCI 47.4669
Model_1_goa_pop_2023 6 2021 CMedian 47.4662
Model_1_goa_pop_2023 6 2021 CMean 47.4663
Model_1_goa_pop_2023 6 2021 CStdn 0.000329059
Model_1_goa_pop_2023 6 2022 Cabc 25.3018
Model_1_goa_pop_2023 6 2022 Cofl 27.0643
Model_1_goa_pop_2023 6 2022 CLCI 44.4162
Model_1_goa_pop_2023 6 2022 CUCI 44.4377
Model_1_goa_pop_2023 6 2022 CMedian 44.4223
Model_1_goa_pop_2023 6 2022 CMean 44.4239
Model_1_goa_pop_2023 6 2022 CStdn 0.00686751
Model_1_goa_pop_2023 6 2023 Cabc 25.3018
Model_1_goa_pop_2023 6 2023 Cofl 27.0643
Model_1_goa_pop_2023 6 2023 CLCI 41.5233
Model_1_goa_pop_2023 6 2023 CUCI 41.6429
Model_1_goa_pop_2023 6 2023 CMedian 41.5597
Model_1_goa_pop_2023 6 2023 CMean 41.5684
Model_1_goa_pop_2023 6 2023 CStdn 0.0385938
Model_1_goa_pop_2023 6 2024 Cabc 25.3018
Model_1_goa_pop_2023 6 2024 Cofl 27.0643
Model_1_goa_pop_2023 6 2024 CLCI 38.7748
Model_1_goa_pop_2023 6 2024 CUCI 39.1476
Model_1_goa_pop_2023 6 2024 CMedian 38.8971
Model_1_goa_pop_2023 6 2024 CMean 38.9225
Model_1_goa_pop_2023 6 2024 CStdn 0.122862
Model_1_goa_pop_2023 6 2025 Cabc 25.3018
Model_1_goa_pop_2023 6 2025 Cofl 27.0643
Model_1_goa_pop_2023 6 2025 CLCI 36.1926
Model_1_goa_pop_2023 6 2025 CUCI 37.0619
Model_1_goa_pop_2023 6 2025 CMedian 36.4948
Model_1_goa_pop_2023 6 2025 CMean 36.5462
Model_1_goa_pop_2023 6 2025 CStdn 0.282839
Model_1_goa_pop_2023 6 2026 Cabc 25.3018
Model_1_goa_pop_2023 6 2026 Cofl 27.0643
Model_1_goa_pop_2023 6 2026 CLCI 33.802
Model_1_goa_pop_2023 6 2026 CUCI 35.4073
Model_1_goa_pop_2023 6 2026 CMedian 34.3762
Model_1_goa_pop_2023 6 2026 CMean 34.4603
Model_1_goa_pop_2023 6 2026 CStdn 0.52672
Model_1_goa_pop_2023 6 2027 Cabc 25.3018
Model_1_goa_pop_2023 6 2027 Cofl 27.0643
Model_1_goa_pop_2023 6 2027 CLCI 31.6238
Model_1_goa_pop_2023 6 2027 CUCI 34.1921
Model_1_goa_pop_2023 6 2027 CMedian 32.5884
Model_1_goa_pop_2023 6 2027 CMean 32.7161
Model_1_goa_pop_2023 6 2027 CStdn 0.845316
Model_1_goa_pop_2023 6 2028 Cabc 25.3018
Model_1_goa_pop_2023 6 2028 Cofl 27.0643
Model_1_goa_pop_2023 6 2028 CLCI 29.6691
Model_1_goa_pop_2023 6 2028 CUCI 33.4165
Model_1_goa_pop_2023 6 2028 CMedian 31.1167
Model_1_goa_pop_2023 6 2028 CMean 31.3052
Model_1_goa_pop_2023 6 2028 CStdn 1.21608
Model_1_goa_pop_2023 6 2029 Cabc 25.3018
Model_1_goa_pop_2023 6 2029 Cofl 27.0643
Model_1_goa_pop_2023 6 2029 CLCI 27.6546
Model_1_goa_pop_2023 6 2029 CUCI 33.096
Model_1_goa_pop_2023 6 2029 CMedian 29.9633
Model_1_goa_pop_2023 6 2029 CMean 30.1792
Model_1_goa_pop_2023 6 2029 CStdn 1.68717
Model_1_goa_pop_2023 6 2030 Cabc 25.3018
Model_1_goa_pop_2023 6 2030 Cofl 27.0643
Model_1_goa_pop_2023 6 2030 CLCI 24.9849
Model_1_goa_pop_2023 6 2030 CUCI 32.8044
Model_1_goa_pop_2023 6 2030 CMedian 29.1232
Model_1_goa_pop_2023 6 2030 CMean 29.0196
Model_1_goa_pop_2023 6 2030 CStdn 2.46498
Model_1_goa_pop_2023 6 2031 Cabc 25.3018
Model_1_goa_pop_2023 6 2031 Cofl 27.0643
Model_1_goa_pop_2023 6 2031 CLCI 23.2411
Model_1_goa_pop_2023 6 2031 CUCI 32.8131
Model_1_goa_pop_2023 6 2031 CMedian 28.1877
Model_1_goa_pop_2023 6 2031 CMean 28.0852
Model_1_goa_pop_2023 6 2031 CStdn 3.10596
Model_1_goa_pop_2023 6 2032 Cabc 25.3018
Model_1_goa_pop_2023 6 2032 Cofl 27.0643
Model_1_goa_pop_2023 6 2032 CLCI 21.8984
Model_1_goa_pop_2023 6 2032 CUCI 33.0933
Model_1_goa_pop_2023 6 2032 CMedian 27.4096
Model_1_goa_pop_2023 6 2032 CMean 27.4688
Model_1_goa_pop_2023 6 2032 CStdn 3.56439
Model_1_goa_pop_2023 6 2033 Cabc 25.3018
Model_1_goa_pop_2023 6 2033 Cofl 27.0643
Model_1_goa_pop_2023 6 2033 CLCI 21.1523
Model_1_goa_pop_2023 6 2033 CUCI 33.2633
Model_1_goa_pop_2023 6 2033 CMedian 26.9456
Model_1_goa_pop_2023 6 2033 CMean 27.0971
Model_1_goa_pop_2023 6 2033 CStdn 3.88498
Model_1_goa_pop_2023 6 2034 Cabc 25.3018
Model_1_goa_pop_2023 6 2034 Cofl 27.0643
Model_1_goa_pop_2023 6 2034 CLCI 20.7449
Model_1_goa_pop_2023 6 2034 CUCI 33.4027
Model_1_goa_pop_2023 6 2034 CMedian 26.7463
Model_1_goa_pop_2023 6 2034 CMean 26.8851
Model_1_goa_pop_2023 6 2034 CStdn 4.09903
Model_1_goa_pop_2023 6 2020 SSBF100 343.618
Model_1_goa_pop_2023 6 2020 SSBFabc 137.447
Model_1_goa_pop_2023 6 2020 SSBFofl 120.266
Model_1_goa_pop_2023 6 2020 SSBLCI 234.352
Model_1_goa_pop_2023 6 2020 SSBUCI 234.352
Model_1_goa_pop_2023 6 2020 SSBMedian 234.352
Model_1_goa_pop_2023 6 2020 SSBMean 234.352
Model_1_goa_pop_2023 6 2021 SSBF100 343.618
Model_1_goa_pop_2023 6 2021 SSBFabc 137.447
Model_1_goa_pop_2023 6 2021 SSBFofl 120.266
Model_1_goa_pop_2023 6 2021 SSBLCI 225.557
Model_1_goa_pop_2023 6 2021 SSBUCI 225.583
Model_1_goa_pop_2023 6 2021 SSBMedian 225.564
Model_1_goa_pop_2023 6 2021 SSBMean 225.566
Model_1_goa_pop_2023 6 2022 SSBF100 343.618
Model_1_goa_pop_2023 6 2022 SSBFabc 137.447
Model_1_goa_pop_2023 6 2022 SSBFofl 120.266
Model_1_goa_pop_2023 6 2022 SSBLCI 212.127
Model_1_goa_pop_2023 6 2022 SSBUCI 212.232
Model_1_goa_pop_2023 6 2022 SSBMedian 212.16
Model_1_goa_pop_2023 6 2022 SSBMean 212.168
Model_1_goa_pop_2023 6 2023 SSBF100 343.618
Model_1_goa_pop_2023 6 2023 SSBFabc 137.447
Model_1_goa_pop_2023 6 2023 SSBFofl 120.266
Model_1_goa_pop_2023 6 2023 SSBLCI 199.713
Model_1_goa_pop_2023 6 2023 SSBUCI 200.037
Model_1_goa_pop_2023 6 2023 SSBMedian 199.82
Model_1_goa_pop_2023 6 2023 SSBMean 199.842
Model_1_goa_pop_2023 6 2024 SSBF100 343.618
Model_1_goa_pop_2023 6 2024 SSBFabc 137.447
Model_1_goa_pop_2023 6 2024 SSBFofl 120.266
Model_1_goa_pop_2023 6 2024 SSBLCI 187.837
Model_1_goa_pop_2023 6 2024 SSBUCI 188.692
Model_1_goa_pop_2023 6 2024 SSBMedian 188.127
Model_1_goa_pop_2023 6 2024 SSBMean 188.178
Model_1_goa_pop_2023 6 2025 SSBF100 343.618
Model_1_goa_pop_2023 6 2025 SSBFabc 137.447
Model_1_goa_pop_2023 6 2025 SSBFofl 120.266
Model_1_goa_pop_2023 6 2025 SSBLCI 176.133
Model_1_goa_pop_2023 6 2025 SSBUCI 178.082
Model_1_goa_pop_2023 6 2025 SSBMedian 176.813
Model_1_goa_pop_2023 6 2025 SSBMean 176.925
Model_1_goa_pop_2023 6 2026 SSBF100 343.618
Model_1_goa_pop_2023 6 2026 SSBFabc 137.447
Model_1_goa_pop_2023 6 2026 SSBFofl 120.266
Model_1_goa_pop_2023 6 2026 SSBLCI 164.743
Model_1_goa_pop_2023 6 2026 SSBUCI 168.796
Model_1_goa_pop_2023 6 2026 SSBMedian 166.159
Model_1_goa_pop_2023 6 2026 SSBMean 166.387
Model_1_goa_pop_2023 6 2027 SSBF100 343.618
Model_1_goa_pop_2023 6 2027 SSBFabc 137.447
Model_1_goa_pop_2023 6 2027 SSBFofl 120.266
Model_1_goa_pop_2023 6 2027 SSBLCI 153.91
Model_1_goa_pop_2023 6 2027 SSBUCI 161.484
Model_1_goa_pop_2023 6 2027 SSBMedian 156.678
Model_1_goa_pop_2023 6 2027 SSBMean 157.097
Model_1_goa_pop_2023 6 2028 SSBF100 343.618
Model_1_goa_pop_2023 6 2028 SSBFabc 137.447
Model_1_goa_pop_2023 6 2028 SSBFofl 120.266
Model_1_goa_pop_2023 6 2028 SSBLCI 144.149
Model_1_goa_pop_2023 6 2028 SSBUCI 156.737
Model_1_goa_pop_2023 6 2028 SSBMedian 148.832
Model_1_goa_pop_2023 6 2028 SSBMean 149.5
Model_1_goa_pop_2023 6 2029 SSBF100 343.618
Model_1_goa_pop_2023 6 2029 SSBFabc 137.447
Model_1_goa_pop_2023 6 2029 SSBFofl 120.266
Model_1_goa_pop_2023 6 2029 SSBLCI 135.578
Model_1_goa_pop_2023 6 2029 SSBUCI 154.393
Model_1_goa_pop_2023 6 2029 SSBMedian 142.755
Model_1_goa_pop_2023 6 2029 SSBMean 143.688
Model_1_goa_pop_2023 6 2030 SSBF100 343.618
Model_1_goa_pop_2023 6 2030 SSBFabc 137.447
Model_1_goa_pop_2023 6 2030 SSBFofl 120.266
Model_1_goa_pop_2023 6 2030 SSBLCI 128.799
Model_1_goa_pop_2023 6 2030 SSBUCI 153.811
Model_1_goa_pop_2023 6 2030 SSBMedian 138.121
Model_1_goa_pop_2023 6 2030 SSBMean 139.525
Model_1_goa_pop_2023 6 2031 SSBF100 343.618
Model_1_goa_pop_2023 6 2031 SSBFabc 137.447
Model_1_goa_pop_2023 6 2031 SSBFofl 120.266
Model_1_goa_pop_2023 6 2031 SSBLCI 123.811
Model_1_goa_pop_2023 6 2031 SSBUCI 153.108
Model_1_goa_pop_2023 6 2031 SSBMedian 135.251
Model_1_goa_pop_2023 6 2031 SSBMean 136.718
Model_1_goa_pop_2023 6 2032 SSBF100 343.618
Model_1_goa_pop_2023 6 2032 SSBFabc 137.447
Model_1_goa_pop_2023 6 2032 SSBFofl 120.266
Model_1_goa_pop_2023 6 2032 SSBLCI 120.375
Model_1_goa_pop_2023 6 2032 SSBUCI 153.384
Model_1_goa_pop_2023 6 2032 SSBMedian 133.391
Model_1_goa_pop_2023 6 2032 SSBMean 134.882
Model_1_goa_pop_2023 6 2033 SSBF100 343.618
Model_1_goa_pop_2023 6 2033 SSBFabc 137.447
Model_1_goa_pop_2023 6 2033 SSBFofl 120.266
Model_1_goa_pop_2023 6 2033 SSBLCI 118.069
Model_1_goa_pop_2023 6 2033 SSBUCI 154.088
Model_1_goa_pop_2023 6 2033 SSBMedian 131.82
Model_1_goa_pop_2023 6 2033 SSBMean 133.646
Model_1_goa_pop_2023 6 2034 SSBF100 343.618
Model_1_goa_pop_2023 6 2034 SSBFabc 137.447
Model_1_goa_pop_2023 6 2034 SSBFofl 120.266
Model_1_goa_pop_2023 6 2034 SSBLCI 116.795
Model_1_goa_pop_2023 6 2034 SSBUCI 154.957
Model_1_goa_pop_2023 6 2034 SSBMedian 131.063
Model_1_goa_pop_2023 6 2034 SSBMean 132.773
Model_1_goa_pop_2023 6 2020 F0 0 
Model_1_goa_pop_2023 6 2020 Fabc 0.0990105
Model_1_goa_pop_2023 6 2020 Fofl 0.119243
Model_1_goa_pop_2023 6 2020  F_LCI 0.0727775
Model_1_goa_pop_2023 6 2020  F_UCI 0.0727775
Model_1_goa_pop_2023 6 2020  F_Median 0.0727775
Model_1_goa_pop_2023 6 2020  F_Mean 0.0727775
Model_1_goa_pop_2023 6 2021 F0 0 
Model_1_goa_pop_2023 6 2021 Fabc 0.0990105
Model_1_goa_pop_2023 6 2021 Fofl 0.119243
Model_1_goa_pop_2023 6 2021  F_LCI 0.119243
Model_1_goa_pop_2023 6 2021  F_UCI 0.119243
Model_1_goa_pop_2023 6 2021  F_Median 0.119243
Model_1_goa_pop_2023 6 2021  F_Mean 0.119243
Model_1_goa_pop_2023 6 2022 F0 0 
Model_1_goa_pop_2023 6 2022 Fabc 0.0990105
Model_1_goa_pop_2023 6 2022 Fofl 0.119243
Model_1_goa_pop_2023 6 2022  F_LCI 0.119243
Model_1_goa_pop_2023 6 2022  F_UCI 0.119243
Model_1_goa_pop_2023 6 2022  F_Median 0.119243
Model_1_goa_pop_2023 6 2022  F_Mean 0.119243
Model_1_goa_pop_2023 6 2023 F0 0 
Model_1_goa_pop_2023 6 2023 Fabc 0.0990105
Model_1_goa_pop_2023 6 2023 Fofl 0.119243
Model_1_goa_pop_2023 6 2023  F_LCI 0.119243
Model_1_goa_pop_2023 6 2023  F_UCI 0.119243
Model_1_goa_pop_2023 6 2023  F_Median 0.119243
Model_1_goa_pop_2023 6 2023  F_Mean 0.119243
Model_1_goa_pop_2023 6 2024 F0 0 
Model_1_goa_pop_2023 6 2024 Fabc 0.0990105
Model_1_goa_pop_2023 6 2024 Fofl 0.119243
Model_1_goa_pop_2023 6 2024  F_LCI 0.119243
Model_1_goa_pop_2023 6 2024  F_UCI 0.119243
Model_1_goa_pop_2023 6 2024  F_Median 0.119243
Model_1_goa_pop_2023 6 2024  F_Mean 0.119243
Model_1_goa_pop_2023 6 2025 F0 0 
Model_1_goa_pop_2023 6 2025 Fabc 0.0990105
Model_1_goa_pop_2023 6 2025 Fofl 0.119243
Model_1_goa_pop_2023 6 2025  F_LCI 0.119243
Model_1_goa_pop_2023 6 2025  F_UCI 0.119243
Model_1_goa_pop_2023 6 2025  F_Median 0.119243
Model_1_goa_pop_2023 6 2025  F_Mean 0.119243
Model_1_goa_pop_2023 6 2026 F0 0 
Model_1_goa_pop_2023 6 2026 Fabc 0.0990105
Model_1_goa_pop_2023 6 2026 Fofl 0.119243
Model_1_goa_pop_2023 6 2026  F_LCI 0.119243
Model_1_goa_pop_2023 6 2026  F_UCI 0.119243
Model_1_goa_pop_2023 6 2026  F_Median 0.119243
Model_1_goa_pop_2023 6 2026  F_Mean 0.119243
Model_1_goa_pop_2023 6 2027 F0 0 
Model_1_goa_pop_2023 6 2027 Fabc 0.0990105
Model_1_goa_pop_2023 6 2027 Fofl 0.119243
Model_1_goa_pop_2023 6 2027  F_LCI 0.119243
Model_1_goa_pop_2023 6 2027  F_UCI 0.119243
Model_1_goa_pop_2023 6 2027  F_Median 0.119243
Model_1_goa_pop_2023 6 2027  F_Mean 0.119243
Model_1_goa_pop_2023 6 2028 F0 0 
Model_1_goa_pop_2023 6 2028 Fabc 0.0990105
Model_1_goa_pop_2023 6 2028 Fofl 0.119243
Model_1_goa_pop_2023 6 2028  F_LCI 0.119243
Model_1_goa_pop_2023 6 2028  F_UCI 0.119243
Model_1_goa_pop_2023 6 2028  F_Median 0.119243
Model_1_goa_pop_2023 6 2028  F_Mean 0.119243
Model_1_goa_pop_2023 6 2029 F0 0 
Model_1_goa_pop_2023 6 2029 Fabc 0.0990105
Model_1_goa_pop_2023 6 2029 Fofl 0.119243
Model_1_goa_pop_2023 6 2029  F_LCI 0.117537
Model_1_goa_pop_2023 6 2029  F_UCI 0.119243
Model_1_goa_pop_2023 6 2029  F_Median 0.119243
Model_1_goa_pop_2023 6 2029  F_Mean 0.119037
Model_1_goa_pop_2023 6 2030 F0 0 
Model_1_goa_pop_2023 6 2030 Fabc 0.0990105
Model_1_goa_pop_2023 6 2030 Fofl 0.119243
Model_1_goa_pop_2023 6 2030  F_LCI 0.111346
Model_1_goa_pop_2023 6 2030  F_UCI 0.119243
Model_1_goa_pop_2023 6 2030  F_Median 0.119243
Model_1_goa_pop_2023 6 2030  F_Mean 0.117386
Model_1_goa_pop_2023 6 2031 F0 0 
Model_1_goa_pop_2023 6 2031 Fabc 0.0990105
Model_1_goa_pop_2023 6 2031 Fofl 0.119243
Model_1_goa_pop_2023 6 2031  F_LCI 0.10679
Model_1_goa_pop_2023 6 2031  F_UCI 0.119243
Model_1_goa_pop_2023 6 2031  F_Median 0.117238
Model_1_goa_pop_2023 6 2031  F_Mean 0.115479
Model_1_goa_pop_2023 6 2032 F0 0 
Model_1_goa_pop_2023 6 2032 Fabc 0.0990105
Model_1_goa_pop_2023 6 2032 Fofl 0.119243
Model_1_goa_pop_2023 6 2032  F_LCI 0.103653
Model_1_goa_pop_2023 6 2032  F_UCI 0.119243
Model_1_goa_pop_2023 6 2032  F_Median 0.11554
Model_1_goa_pop_2023 6 2032  F_Mean 0.11404
Model_1_goa_pop_2023 6 2033 F0 0 
Model_1_goa_pop_2023 6 2033 Fabc 0.0990105
Model_1_goa_pop_2023 6 2033 Fofl 0.119243
Model_1_goa_pop_2023 6 2033  F_LCI 0.101547
Model_1_goa_pop_2023 6 2033  F_UCI 0.119243
Model_1_goa_pop_2023 6 2033  F_Median 0.114105
Model_1_goa_pop_2023 6 2033  F_Mean 0.113013
Model_1_goa_pop_2023 6 2034 F0 0 
Model_1_goa_pop_2023 6 2034 Fabc 0.0990105
Model_1_goa_pop_2023 6 2034 Fofl 0.119243
Model_1_goa_pop_2023 6 2034  F_LCI 0.100384
Model_1_goa_pop_2023 6 2034  F_UCI 0.119243
Model_1_goa_pop_2023 6 2034  F_Median 0.113414
Model_1_goa_pop_2023 6 2034  F_Mean 0.112297
Model_1_goa_pop_2023 7 2020 Cabc 25.3018
Model_1_goa_pop_2023 7 2020 Cofl 27.0643
Model_1_goa_pop_2023 7 2020 CLCI 30.3807
Model_1_goa_pop_2023 7 2020 CUCI 30.3807
Model_1_goa_pop_2023 7 2020 CMedian 30.3807
Model_1_goa_pop_2023 7 2020 CMean 30.3807
Model_1_goa_pop_2023 7 2020 CStdn 4.79616e-13
Model_1_goa_pop_2023 7 2021 Cabc 25.3018
Model_1_goa_pop_2023 7 2021 Cofl 27.0643
Model_1_goa_pop_2023 7 2021 CLCI 39.7185
Model_1_goa_pop_2023 7 2021 CUCI 39.7194
Model_1_goa_pop_2023 7 2021 CMedian 39.7188
Model_1_goa_pop_2023 7 2021 CMean 39.7189
Model_1_goa_pop_2023 7 2021 CStdn 0.000273228
Model_1_goa_pop_2023 7 2022 Cabc 25.3018
Model_1_goa_pop_2023 7 2022 Cofl 27.0643
Model_1_goa_pop_2023 7 2022 CLCI 37.7369
Model_1_goa_pop_2023 7 2022 CUCI 37.7548
Model_1_goa_pop_2023 7 2022 CMedian 37.742
Model_1_goa_pop_2023 7 2022 CMean 37.7433
Model_1_goa_pop_2023 7 2022 CStdn 0.00570302
Model_1_goa_pop_2023 7 2023 Cabc 25.3018
Model_1_goa_pop_2023 7 2023 Cofl 27.0643
Model_1_goa_pop_2023 7 2023 CLCI 42.7736
Model_1_goa_pop_2023 7 2023 CUCI 42.8932
Model_1_goa_pop_2023 7 2023 CMedian 42.8099
Model_1_goa_pop_2023 7 2023 CMean 42.8187
Model_1_goa_pop_2023 7 2023 CStdn 0.0386032
Model_1_goa_pop_2023 7 2024 Cabc 25.3018
Model_1_goa_pop_2023 7 2024 Cofl 27.0643
Model_1_goa_pop_2023 7 2024 CLCI 39.8743
Model_1_goa_pop_2023 7 2024 CUCI 40.2472
Model_1_goa_pop_2023 7 2024 CMedian 39.9967
Model_1_goa_pop_2023 7 2024 CMean 40.022
Model_1_goa_pop_2023 7 2024 CStdn 0.12289
Model_1_goa_pop_2023 7 2025 Cabc 25.3018
Model_1_goa_pop_2023 7 2025 Cofl 27.0643
Model_1_goa_pop_2023 7 2025 CLCI 37.1493
Model_1_goa_pop_2023 7 2025 CUCI 38.0188
Model_1_goa_pop_2023 7 2025 CMedian 37.4516
Model_1_goa_pop_2023 7 2025 CMean 37.503
Model_1_goa_pop_2023 7 2025 CStdn 0.282897
Model_1_goa_pop_2023 7 2026 Cabc 25.3018
Model_1_goa_pop_2023 7 2026 Cofl 27.0643
Model_1_goa_pop_2023 7 2026 CLCI 34.6254
Model_1_goa_pop_2023 7 2026 CUCI 36.2309
Model_1_goa_pop_2023 7 2026 CMedian 35.1998
Model_1_goa_pop_2023 7 2026 CMean 35.2839
Model_1_goa_pop_2023 7 2026 CStdn 0.526817
Model_1_goa_pop_2023 7 2027 Cabc 25.3018
Model_1_goa_pop_2023 7 2027 Cofl 27.0643
Model_1_goa_pop_2023 7 2027 CLCI 32.3259
Model_1_goa_pop_2023 7 2027 CUCI 34.8945
Model_1_goa_pop_2023 7 2027 CMedian 33.2907
Model_1_goa_pop_2023 7 2027 CMean 33.4183
Model_1_goa_pop_2023 7 2027 CStdn 0.845451
Model_1_goa_pop_2023 7 2028 Cabc 25.3018
Model_1_goa_pop_2023 7 2028 Cofl 27.0643
Model_1_goa_pop_2023 7 2028 CLCI 30.2621
Model_1_goa_pop_2023 7 2028 CUCI 34.0106
Model_1_goa_pop_2023 7 2028 CMedian 31.7102
Model_1_goa_pop_2023 7 2028 CMean 31.8985
Model_1_goa_pop_2023 7 2028 CStdn 1.21624
Model_1_goa_pop_2023 7 2029 Cabc 25.3018
Model_1_goa_pop_2023 7 2029 Cofl 27.0643
Model_1_goa_pop_2023 7 2029 CLCI 28.5106
Model_1_goa_pop_2023 7 2029 CUCI 33.594
Model_1_goa_pop_2023 7 2029 CMedian 30.4608
Model_1_goa_pop_2023 7 2029 CMean 30.7146
Model_1_goa_pop_2023 7 2029 CStdn 1.62601
Model_1_goa_pop_2023 7 2030 Cabc 25.3018
Model_1_goa_pop_2023 7 2030 Cofl 27.0643
Model_1_goa_pop_2023 7 2030 CLCI 25.7561
Model_1_goa_pop_2023 7 2030 CUCI 33.2194
Model_1_goa_pop_2023 7 2030 CMedian 29.5774
Model_1_goa_pop_2023 7 2030 CMean 29.6034
Model_1_goa_pop_2023 7 2030 CStdn 2.31596
Model_1_goa_pop_2023 7 2031 Cabc 25.3018
Model_1_goa_pop_2023 7 2031 Cofl 27.0643
Model_1_goa_pop_2023 7 2031 CLCI 23.808
Model_1_goa_pop_2023 7 2031 CUCI 33.1571
Model_1_goa_pop_2023 7 2031 CMedian 28.8756
Model_1_goa_pop_2023 7 2031 CMean 28.6032
Model_1_goa_pop_2023 7 2031 CStdn 3.00251
Model_1_goa_pop_2023 7 2032 Cabc 25.3018
Model_1_goa_pop_2023 7 2032 Cofl 27.0643
Model_1_goa_pop_2023 7 2032 CLCI 22.3487
Model_1_goa_pop_2023 7 2032 CUCI 33.3773
Model_1_goa_pop_2023 7 2032 CMedian 27.9715
Model_1_goa_pop_2023 7 2032 CMean 27.8885
Model_1_goa_pop_2023 7 2032 CStdn 3.5021
Model_1_goa_pop_2023 7 2033 Cabc 25.3018
Model_1_goa_pop_2023 7 2033 Cofl 27.0643
Model_1_goa_pop_2023 7 2033 CLCI 21.452
Model_1_goa_pop_2023 7 2033 CUCI 33.4976
Model_1_goa_pop_2023 7 2033 CMedian 27.3507
Model_1_goa_pop_2023 7 2033 CMean 27.4269
Model_1_goa_pop_2023 7 2033 CStdn 3.84896
Model_1_goa_pop_2023 7 2034 Cabc 25.3018
Model_1_goa_pop_2023 7 2034 Cofl 27.0643
Model_1_goa_pop_2023 7 2034 CLCI 20.9886
Model_1_goa_pop_2023 7 2034 CUCI 33.597
Model_1_goa_pop_2023 7 2034 CMedian 27.0837
Model_1_goa_pop_2023 7 2034 CMean 27.1424
Model_1_goa_pop_2023 7 2034 CStdn 4.07995
Model_1_goa_pop_2023 7 2020 SSBF100 343.618
Model_1_goa_pop_2023 7 2020 SSBFabc 137.447
Model_1_goa_pop_2023 7 2020 SSBFofl 120.266
Model_1_goa_pop_2023 7 2020 SSBLCI 234.352
Model_1_goa_pop_2023 7 2020 SSBUCI 234.352
Model_1_goa_pop_2023 7 2020 SSBMedian 234.352
Model_1_goa_pop_2023 7 2020 SSBMean 234.352
Model_1_goa_pop_2023 7 2021 SSBF100 343.618
Model_1_goa_pop_2023 7 2021 SSBFabc 137.447
Model_1_goa_pop_2023 7 2021 SSBFofl 120.266
Model_1_goa_pop_2023 7 2021 SSBLCI 226.755
Model_1_goa_pop_2023 7 2021 SSBUCI 226.781
Model_1_goa_pop_2023 7 2021 SSBMedian 226.762
Model_1_goa_pop_2023 7 2021 SSBMean 226.764
Model_1_goa_pop_2023 7 2022 SSBF100 343.618
Model_1_goa_pop_2023 7 2022 SSBFabc 137.447
Model_1_goa_pop_2023 7 2022 SSBFofl 120.266
Model_1_goa_pop_2023 7 2022 SSBLCI 216.534
Model_1_goa_pop_2023 7 2022 SSBUCI 216.639
Model_1_goa_pop_2023 7 2022 SSBMedian 216.567
Model_1_goa_pop_2023 7 2022 SSBMean 216.575
Model_1_goa_pop_2023 7 2023 SSBF100 343.618
Model_1_goa_pop_2023 7 2023 SSBFabc 137.447
Model_1_goa_pop_2023 7 2023 SSBFofl 120.266
Model_1_goa_pop_2023 7 2023 SSBLCI 205.754
Model_1_goa_pop_2023 7 2023 SSBUCI 206.077
Model_1_goa_pop_2023 7 2023 SSBMedian 205.86
Model_1_goa_pop_2023 7 2023 SSBMean 205.882
Model_1_goa_pop_2023 7 2024 SSBF100 343.618
Model_1_goa_pop_2023 7 2024 SSBFabc 137.447
Model_1_goa_pop_2023 7 2024 SSBFofl 120.266
Model_1_goa_pop_2023 7 2024 SSBLCI 193.23
Model_1_goa_pop_2023 7 2024 SSBUCI 194.085
Model_1_goa_pop_2023 7 2024 SSBMedian 193.521
Model_1_goa_pop_2023 7 2024 SSBMean 193.571
Model_1_goa_pop_2023 7 2025 SSBF100 343.618
Model_1_goa_pop_2023 7 2025 SSBFabc 137.447
Model_1_goa_pop_2023 7 2025 SSBFofl 120.266
Model_1_goa_pop_2023 7 2025 SSBLCI 180.9
Model_1_goa_pop_2023 7 2025 SSBUCI 182.85
Model_1_goa_pop_2023 7 2025 SSBMedian 181.581
Model_1_goa_pop_2023 7 2025 SSBMean 181.693
Model_1_goa_pop_2023 7 2026 SSBF100 343.618
Model_1_goa_pop_2023 7 2026 SSBFabc 137.447
Model_1_goa_pop_2023 7 2026 SSBFofl 120.266
Model_1_goa_pop_2023 7 2026 SSBLCI 168.917
Model_1_goa_pop_2023 7 2026 SSBUCI 172.971
Model_1_goa_pop_2023 7 2026 SSBMedian 170.333
Model_1_goa_pop_2023 7 2026 SSBMean 170.562
Model_1_goa_pop_2023 7 2027 SSBF100 343.618
Model_1_goa_pop_2023 7 2027 SSBFabc 137.447
Model_1_goa_pop_2023 7 2027 SSBFofl 120.266
Model_1_goa_pop_2023 7 2027 SSBLCI 157.534
Model_1_goa_pop_2023 7 2027 SSBUCI 165.109
Model_1_goa_pop_2023 7 2027 SSBMedian 160.303
Model_1_goa_pop_2023 7 2027 SSBMean 160.722
Model_1_goa_pop_2023 7 2028 SSBF100 343.618
Model_1_goa_pop_2023 7 2028 SSBFabc 137.447
Model_1_goa_pop_2023 7 2028 SSBFofl 120.266
Model_1_goa_pop_2023 7 2028 SSBLCI 147.277
Model_1_goa_pop_2023 7 2028 SSBUCI 159.866
Model_1_goa_pop_2023 7 2028 SSBMedian 151.96
Model_1_goa_pop_2023 7 2028 SSBMean 152.628
Model_1_goa_pop_2023 7 2029 SSBF100 343.618
Model_1_goa_pop_2023 7 2029 SSBFabc 137.447
Model_1_goa_pop_2023 7 2029 SSBFofl 120.266
Model_1_goa_pop_2023 7 2029 SSBLCI 138.206
Model_1_goa_pop_2023 7 2029 SSBUCI 157.083
Model_1_goa_pop_2023 7 2029 SSBMedian 145.442
Model_1_goa_pop_2023 7 2029 SSBMean 146.37
Model_1_goa_pop_2023 7 2030 SSBF100 343.618
Model_1_goa_pop_2023 7 2030 SSBFabc 137.447
Model_1_goa_pop_2023 7 2030 SSBFofl 120.266
Model_1_goa_pop_2023 7 2030 SSBLCI 130.929
Model_1_goa_pop_2023 7 2030 SSBUCI 156.113
Model_1_goa_pop_2023 7 2030 SSBMedian 140.423
Model_1_goa_pop_2023 7 2030 SSBMean 141.786
Model_1_goa_pop_2023 7 2031 SSBF100 343.618
Model_1_goa_pop_2023 7 2031 SSBFabc 137.447
Model_1_goa_pop_2023 7 2031 SSBFofl 120.266
Model_1_goa_pop_2023 7 2031 SSBLCI 125.436
Model_1_goa_pop_2023 7 2031 SSBUCI 155.084
Model_1_goa_pop_2023 7 2031 SSBMedian 137.117
Model_1_goa_pop_2023 7 2031 SSBMean 138.578
Model_1_goa_pop_2023 7 2032 SSBF100 343.618
Model_1_goa_pop_2023 7 2032 SSBFabc 137.447
Model_1_goa_pop_2023 7 2032 SSBFofl 120.266
Model_1_goa_pop_2023 7 2032 SSBLCI 121.71
Model_1_goa_pop_2023 7 2032 SSBUCI 155.073
Model_1_goa_pop_2023 7 2032 SSBMedian 134.892
Model_1_goa_pop_2023 7 2032 SSBMean 136.394
Model_1_goa_pop_2023 7 2033 SSBF100 343.618
Model_1_goa_pop_2023 7 2033 SSBFabc 137.447
Model_1_goa_pop_2023 7 2033 SSBFofl 120.266
Model_1_goa_pop_2023 7 2033 SSBLCI 119.13
Model_1_goa_pop_2023 7 2033 SSBUCI 155.539
Model_1_goa_pop_2023 7 2033 SSBMedian 133.018
Model_1_goa_pop_2023 7 2033 SSBMean 134.869
Model_1_goa_pop_2023 7 2034 SSBF100 343.618
Model_1_goa_pop_2023 7 2034 SSBFabc 137.447
Model_1_goa_pop_2023 7 2034 SSBFofl 120.266
Model_1_goa_pop_2023 7 2034 SSBLCI 117.633
Model_1_goa_pop_2023 7 2034 SSBUCI 156.201
Model_1_goa_pop_2023 7 2034 SSBMedian 131.974
Model_1_goa_pop_2023 7 2034 SSBMean 133.76
Model_1_goa_pop_2023 7 2020 F0 0 
Model_1_goa_pop_2023 7 2020 Fabc 0.0990105
Model_1_goa_pop_2023 7 2020 Fofl 0.119243
Model_1_goa_pop_2023 7 2020  F_LCI 0.0727775
Model_1_goa_pop_2023 7 2020  F_UCI 0.0727775
Model_1_goa_pop_2023 7 2020  F_Median 0.0727775
Model_1_goa_pop_2023 7 2020  F_Mean 0.0727775
Model_1_goa_pop_2023 7 2021 F0 0 
Model_1_goa_pop_2023 7 2021 Fabc 0.0990105
Model_1_goa_pop_2023 7 2021 Fofl 0.119243
Model_1_goa_pop_2023 7 2021  F_LCI 0.0990104
Model_1_goa_pop_2023 7 2021  F_UCI 0.0990104
Model_1_goa_pop_2023 7 2021  F_Median 0.0990104
Model_1_goa_pop_2023 7 2021  F_Mean 0.0990104
Model_1_goa_pop_2023 7 2022 F0 0 
Model_1_goa_pop_2023 7 2022 Fabc 0.0990105
Model_1_goa_pop_2023 7 2022 Fofl 0.119243
Model_1_goa_pop_2023 7 2022  F_LCI 0.0990104
Model_1_goa_pop_2023 7 2022  F_UCI 0.0990104
Model_1_goa_pop_2023 7 2022  F_Median 0.0990104
Model_1_goa_pop_2023 7 2022  F_Mean 0.0990104
Model_1_goa_pop_2023 7 2023 F0 0 
Model_1_goa_pop_2023 7 2023 Fabc 0.0990105
Model_1_goa_pop_2023 7 2023 Fofl 0.119243
Model_1_goa_pop_2023 7 2023  F_LCI 0.119243
Model_1_goa_pop_2023 7 2023  F_UCI 0.119243
Model_1_goa_pop_2023 7 2023  F_Median 0.119243
Model_1_goa_pop_2023 7 2023  F_Mean 0.119243
Model_1_goa_pop_2023 7 2024 F0 0 
Model_1_goa_pop_2023 7 2024 Fabc 0.0990105
Model_1_goa_pop_2023 7 2024 Fofl 0.119243
Model_1_goa_pop_2023 7 2024  F_LCI 0.119243
Model_1_goa_pop_2023 7 2024  F_UCI 0.119243
Model_1_goa_pop_2023 7 2024  F_Median 0.119243
Model_1_goa_pop_2023 7 2024  F_Mean 0.119243
Model_1_goa_pop_2023 7 2025 F0 0 
Model_1_goa_pop_2023 7 2025 Fabc 0.0990105
Model_1_goa_pop_2023 7 2025 Fofl 0.119243
Model_1_goa_pop_2023 7 2025  F_LCI 0.119243
Model_1_goa_pop_2023 7 2025  F_UCI 0.119243
Model_1_goa_pop_2023 7 2025  F_Median 0.119243
Model_1_goa_pop_2023 7 2025  F_Mean 0.119243
Model_1_goa_pop_2023 7 2026 F0 0 
Model_1_goa_pop_2023 7 2026 Fabc 0.0990105
Model_1_goa_pop_2023 7 2026 Fofl 0.119243
Model_1_goa_pop_2023 7 2026  F_LCI 0.119243
Model_1_goa_pop_2023 7 2026  F_UCI 0.119243
Model_1_goa_pop_2023 7 2026  F_Median 0.119243
Model_1_goa_pop_2023 7 2026  F_Mean 0.119243
Model_1_goa_pop_2023 7 2027 F0 0 
Model_1_goa_pop_2023 7 2027 Fabc 0.0990105
Model_1_goa_pop_2023 7 2027 Fofl 0.119243
Model_1_goa_pop_2023 7 2027  F_LCI 0.119243
Model_1_goa_pop_2023 7 2027  F_UCI 0.119243
Model_1_goa_pop_2023 7 2027  F_Median 0.119243
Model_1_goa_pop_2023 7 2027  F_Mean 0.119243
Model_1_goa_pop_2023 7 2028 F0 0 
Model_1_goa_pop_2023 7 2028 Fabc 0.0990105
Model_1_goa_pop_2023 7 2028 Fofl 0.119243
Model_1_goa_pop_2023 7 2028  F_LCI 0.119243
Model_1_goa_pop_2023 7 2028  F_UCI 0.119243
Model_1_goa_pop_2023 7 2028  F_Median 0.119243
Model_1_goa_pop_2023 7 2028  F_Mean 0.119243
Model_1_goa_pop_2023 7 2029 F0 0 
Model_1_goa_pop_2023 7 2029 Fabc 0.0990105
Model_1_goa_pop_2023 7 2029 Fofl 0.119243
Model_1_goa_pop_2023 7 2029  F_LCI 0.119243
Model_1_goa_pop_2023 7 2029  F_UCI 0.119243
Model_1_goa_pop_2023 7 2029  F_Median 0.119243
Model_1_goa_pop_2023 7 2029  F_Mean 0.119207
Model_1_goa_pop_2023 7 2030 F0 0 
Model_1_goa_pop_2023 7 2030 Fabc 0.0990105
Model_1_goa_pop_2023 7 2030 Fofl 0.119243
Model_1_goa_pop_2023 7 2030  F_LCI 0.113291
Model_1_goa_pop_2023 7 2030  F_UCI 0.119243
Model_1_goa_pop_2023 7 2030  F_Median 0.119243
Model_1_goa_pop_2023 7 2030  F_Mean 0.118176
Model_1_goa_pop_2023 7 2031 F0 0 
Model_1_goa_pop_2023 7 2031 Fabc 0.0990105
Model_1_goa_pop_2023 7 2031 Fofl 0.119243
Model_1_goa_pop_2023 7 2031  F_LCI 0.108275
Model_1_goa_pop_2023 7 2031  F_UCI 0.119243
Model_1_goa_pop_2023 7 2031  F_Median 0.118942
Model_1_goa_pop_2023 7 2031  F_Mean 0.11638
Model_1_goa_pop_2023 7 2032 F0 0 
Model_1_goa_pop_2023 7 2032 Fabc 0.0990105
Model_1_goa_pop_2023 7 2032 Fofl 0.119243
Model_1_goa_pop_2023 7 2032  F_LCI 0.104872
Model_1_goa_pop_2023 7 2032  F_UCI 0.119243
Model_1_goa_pop_2023 7 2032  F_Median 0.11691
Model_1_goa_pop_2023 7 2032  F_Mean 0.114843
Model_1_goa_pop_2023 7 2033 F0 0 
Model_1_goa_pop_2023 7 2033 Fabc 0.0990105
Model_1_goa_pop_2023 7 2033 Fofl 0.119243
Model_1_goa_pop_2023 7 2033  F_LCI 0.102515
Model_1_goa_pop_2023 7 2033  F_UCI 0.119243
Model_1_goa_pop_2023 7 2033  F_Median 0.115199
Model_1_goa_pop_2023 7 2033  F_Mean 0.113681
Model_1_goa_pop_2023 7 2034 F0 0 
Model_1_goa_pop_2023 7 2034 Fabc 0.0990105
Model_1_goa_pop_2023 7 2034 Fofl 0.119243
Model_1_goa_pop_2023 7 2034  F_LCI 0.101149
Model_1_goa_pop_2023 7 2034  F_UCI 0.119243
Model_1_goa_pop_2023 7 2034  F_Median 0.114245
Model_1_goa_pop_2023 7 2034  F_Mean 0.112846
