Alternative 1 Catch
     Model_1_goa_dr_2022.dat 
Equil_Fabc 4.6223 
Year 
2022 2.58601 
2023 3.58041 
2024 7.62379 
2025 6.93698 
2026 6.27153 
2027 5.66227 
2028 5.16049 
2029 4.81794 
2030 4.58986 
2031 4.43566 
2032 4.36833 
2033 4.34685 
2034 4.34927 
2035 4.36536 

Alternative 1 ABCs
     Model_1_goa_dr_2022.dat 

Year 
2022  NA 
2023  NA 
2024 7.62379 
2025 6.93698 
2026 6.27153 
2027 5.66227 
2028 5.16049 
2029 4.81794 
2030 4.58986 
2031 4.43566 
2032 4.36833 
2033 4.34685 
2034 4.34927 
2035 4.36536 

Alternative 1 TACs
     Model_1_goa_dr_2022.dat 

Year 
2022  NA 
2023  NA 
2024 7.62379 
2025 6.93698 
2026 6.27153 
2027 5.66227 
2028 5.16049 
2029 4.81794 
2030 4.58986 
2031 4.43566 
2032 4.36833 
2033 4.34685 
2034 4.34927 
2035 4.36536 

Alternative 1 Sp_Biomass
     Model_1_goa_dr_2022.dat 
Equil_Fabc 26.2259 
Year 
2022 45.0556 
2023 44.6216 
2024 42.8998 
2025 39.2766 
2026 35.8099 
2027 32.702 
2028 30.1396 
2029 28.2409 
2030 27.0101 
2031 26.3308 
2032 26.0285 
2033 25.9405 
2034 25.9631 
2035 26.042 

Alternative 1 Fishing Mortality
     Model_1_goa_dr_2022.dat 
Equil_Fabc 0.0913417 
Year 
2022 0.028508 
2023 0.0403043 
2024 0.0913417 
2025 0.0913417 
2026 0.0913417 
2027 0.0913417 
2028 0.0913417 
2029 0.0913413 
2030 0.090247 
2031 0.0882886 
2032 0.0870424 
2033 0.0864102 
2034 0.0861788 
2035 0.0861384 

Alternative 1 Biomass
     Model_1_goa_dr_2022.dat 

Year 
2022 109.82 
2023 107.218 
2024 103.997 
2025 97.3527 
2026 92.1076 
2027 88.1601 
2028 85.4115 
2029 83.6839 
2030 82.6788 
2031 82.2368 
2032 82.0826 
2033 82.1351 
2034 82.2078 
2035 82.3301 

Alternative 1 Implied SPR rate 
     Model_1_goa_dr_2022.dat 
Equil_Fabc 0.4 
Year 
2022 0.688122 
2023 0.607651 
2024 0.4 
2025 0.4 
2026 0.4 
2027 0.4 
2028 0.4 
2029 0.400001 
2030 0.403054 
2031 0.408719 
2032 0.412479 
2033 0.414463 
2034 0.415245 
2035 0.415421 

  Model_1_goa_dr_2022.dat 
EquilAvgAgeF0  12.9802 
EquilAvgAgeFabc  7.76878 
AvgAgeYr2035 8.2668 
Alternative 2 Catch
     Model_1_goa_dr_2022.dat 
Equil_Fabc 4.6223 
Year 
2022 2.58601 
2023 3.58041 
2024 7.62379 
2025 6.93698 
2026 6.27153 
2027 5.66227 
2028 5.16049 
2029 4.81794 
2030 4.58986 
2031 4.43566 
2032 4.36833 
2033 4.34685 
2034 4.34927 
2035 4.36536 

Alternative 2 ABCs
     Model_1_goa_dr_2022.dat 

Year 
2022  NA 
2023  NA 
2024 7.62379 
2025 6.93698 
2026 6.27153 
2027 5.66227 
2028 5.16049 
2029 4.81794 
2030 4.58986 
2031 4.43566 
2032 4.36833 
2033 4.34685 
2034 4.34927 
2035 4.36536 

Alternative 2 TACs
     Model_1_goa_dr_2022.dat 

Year 
2022  NA 
2023  NA 
2024 7.62379 
2025 6.93698 
2026 6.27153 
2027 5.66227 
2028 5.16049 
2029 4.81794 
2030 4.58986 
2031 4.43566 
2032 4.36833 
2033 4.34685 
2034 4.34927 
2035 4.36536 

Alternative 2 Sp_Biomass
     Model_1_goa_dr_2022.dat 
Equil_Fabc 26.2259 
Year 
2022 45.0556 
2023 44.6216 
2024 42.8998 
2025 39.2766 
2026 35.8099 
2027 32.702 
2028 30.1396 
2029 28.2409 
2030 27.0101 
2031 26.3308 
2032 26.0285 
2033 25.9405 
2034 25.9631 
2035 26.042 

Alternative 2 Fishing Mortality
     Model_1_goa_dr_2022.dat 
Equil_Fabc 0.0913417 
Year 
2022 0.028508 
2023 0.0403043 
2024 0.0913417 
2025 0.0913417 
2026 0.0913417 
2027 0.0913417 
2028 0.0913417 
2029 0.0913413 
2030 0.090247 
2031 0.0882886 
2032 0.0870424 
2033 0.0864102 
2034 0.0861788 
2035 0.0861384 

Alternative 2 Biomass
     Model_1_goa_dr_2022.dat 

Year 
2022 109.82 
2023 107.218 
2024 103.997 
2025 97.3527 
2026 92.1076 
2027 88.1601 
2028 85.4115 
2029 83.6839 
2030 82.6788 
2031 82.2368 
2032 82.0826 
2033 82.1351 
2034 82.2078 
2035 82.3301 

Alternative 2 Implied SPR rate 
     Model_1_goa_dr_2022.dat 
Equil_Fabc 0.4 
Year 
2022 0.688122 
2023 0.607651 
2024 0.4 
2025 0.4 
2026 0.4 
2027 0.4 
2028 0.4 
2029 0.400001 
2030 0.403054 
2031 0.408719 
2032 0.412479 
2033 0.414463 
2034 0.415245 
2035 0.415421 

  Model_1_goa_dr_2022.dat 
EquilAvgAgeF0  12.9802 
EquilAvgAgeFabc  7.76878 
AvgAgeYr2035 8.2668 
Alternative 3 Catch
     Model_1_goa_dr_2022.dat 
Equil_Fabc 4.6223 
Year 
2022 2.58601 
2023 3.58041 
2024 3.89525 
2025 3.70172 
2026 3.49228 
2027 3.28528 
2028 3.10916 
2029 2.99438 
2030 2.94995 
2031 2.95164 
2032 2.97318 
2033 3.00013 
2034 3.02763 
2035 3.05615 

Alternative 3 ABCs
     Model_1_goa_dr_2022.dat 

Year 
2022  NA 
2023  NA 
2024 3.89525 
2025 3.70172 
2026 3.49228 
2027 3.28528 
2028 3.10916 
2029 2.99438 
2030 2.94995 
2031 2.95164 
2032 2.97318 
2033 3.00013 
2034 3.02763 
2035 3.05615 

Alternative 3 TACs
     Model_1_goa_dr_2022.dat 

Year 
2022  NA 
2023  NA 
2024 3.89525 
2025 3.70172 
2026 3.49228 
2027 3.28528 
2028 3.10916 
2029 2.99438 
2030 2.94995 
2031 2.95164 
2032 2.97318 
2033 3.00013 
2034 3.02763 
2035 3.05615 

Alternative 3 Sp_Biomass
     Model_1_goa_dr_2022.dat 
Equil_Fabc 26.2259 
Year 
2022 45.0556 
2023 44.6216 
2024 43.2158 
2025 41.312 
2026 39.2833 
2027 37.3357 
2028 35.6772 
2029 34.4643 
2030 33.756 
2031 33.4765 
2032 33.4881 
2033 33.6693 
2034 33.9355 
2035 34.2406 

Alternative 3 Fishing Mortality
     Model_1_goa_dr_2022.dat 
Equil_Fabc 0.0913417 
Year 
2022 0.028508 
2023 0.0403043 
2024 0.0456709 
2025 0.0456709 
2026 0.0456709 
2027 0.0456709 
2028 0.0456709 
2029 0.0456709 
2030 0.0456709 
2031 0.0456709 
2032 0.0456709 
2033 0.0456709 
2034 0.0456683 
2035 0.0456621 

Alternative 3 Biomass
     Model_1_goa_dr_2022.dat 

Year 
2022 109.82 
2023 107.218 
2024 103.997 
2025 101.054 
2026 98.8459 
2027 97.3246 
2028 96.4664 
2029 96.1931 
2030 96.3334 
2031 96.7943 
2032 97.3442 
2033 97.9828 
2034 98.5697 
2035 99.1599 

Alternative 3 Implied SPR rate 
     Model_1_goa_dr_2022.dat 
Equil_Fabc 0.4 
Year 
2022 0.688122 
2023 0.607651 
2024 0.576699 
2025 0.576699 
2026 0.576699 
2027 0.576699 
2028 0.576699 
2029 0.576699 
2030 0.576699 
2031 0.576699 
2032 0.576699 
2033 0.576699 
2034 0.576714 
2035 0.576748 

  Model_1_goa_dr_2022.dat 
EquilAvgAgeF0  12.9802 
EquilAvgAgeFabc  7.76878 
AvgAgeYr2035 9.56109 
Alternative 4 Catch
     Model_1_goa_dr_2022.dat 
Equil_Fabc 4.6223 
Year 
2022 2.58601 
2023 3.58041 
2024 2.62735 
2025 2.53295 
2026 2.42361 
2027 2.31138 
2028 2.21548 
2029 2.15696 
2030 2.14308 
2031 2.15867 
2032 2.18668 
2033 2.2176 
2034 2.24825 
2035 2.27898 

Alternative 4 ABCs
     Model_1_goa_dr_2022.dat 

Year 
2022  NA 
2023  NA 
2024 2.62735 
2025 2.53295 
2026 2.42361 
2027 2.31138 
2028 2.21548 
2029 2.15696 
2030 2.14308 
2031 2.15867 
2032 2.18668 
2033 2.2176 
2034 2.24825 
2035 2.27898 

Alternative 4 TACs
     Model_1_goa_dr_2022.dat 

Year 
2022  NA 
2023  NA 
2024 2.62735 
2025 2.53295 
2026 2.42361 
2027 2.31138 
2028 2.21548 
2029 2.15696 
2030 2.14308 
2031 2.15867 
2032 2.18668 
2033 2.2176 
2034 2.24825 
2035 2.27898 

Alternative 4 Sp_Biomass
     Model_1_goa_dr_2022.dat 
Equil_Fabc 26.2259 
Year 
2022 45.0556 
2023 44.6216 
2024 43.3208 
2025 42.008 
2026 40.5062 
2027 39.0152 
2028 37.7423 
2029 36.8507 
2030 36.414 
2031 36.3738 
2032 36.6058 
2033 36.9958 
2034 37.461 
2035 37.9553 

Alternative 4 Fishing Mortality
     Model_1_goa_dr_2022.dat 
Equil_Fabc 0.0913417 
Year 
2022 0.028508 
2023 0.0403043 
2024 0.0305845 
2025 0.0305845 
2026 0.0305845 
2027 0.0305845 
2028 0.0305845 
2029 0.0305845 
2030 0.0305845 
2031 0.0305845 
2032 0.0305845 
2033 0.0305845 
2034 0.0305845 
2035 0.0305845 

Alternative 4 Biomass
     Model_1_goa_dr_2022.dat 

Year 
2022 109.82 
2023 107.218 
2024 103.997 
2025 102.313 
2026 101.206 
2027 100.628 
2028 100.566 
2029 100.961 
2030 101.674 
2031 102.646 
2032 103.665 
2033 104.743 
2034 105.743 
2035 106.722 

Alternative 4 Implied SPR rate 
     Model_1_goa_dr_2022.dat 
Equil_Fabc 0.4 
Year 
2022 0.688122 
2023 0.607651 
2024 0.672528 
2025 0.672528 
2026 0.672528 
2027 0.672528 
2028 0.672528 
2029 0.672528 
2030 0.672528 
2031 0.672528 
2032 0.672528 
2033 0.672528 
2034 0.672528 
2035 0.672528 

  Model_1_goa_dr_2022.dat 
EquilAvgAgeF0  12.9802 
EquilAvgAgeFabc  7.76878 
AvgAgeYr2035 10.0905 
Alternative 5 Catch
     Model_1_goa_dr_2022.dat 
Equil_Fabc 4.6223 
Year 
2022 2.58601 
2023 3.58041 
2024  NA 
2025  NA 
2026  NA 
2027  NA 
2028  NA 
2029  NA 
2030  NA 
2031  NA 
2032  NA 
2033  NA 
2034  NA 
2035  NA 

Alternative 5 ABCs
     Model_1_goa_dr_2022.dat 

Year 
2022  NA 
2023  NA 
2024  NA 
2025  NA 
2026  NA 
2027  NA 
2028  NA 
2029  NA 
2030  NA 
2031  NA 
2032  NA 
2033  NA 
2034  NA 
2035  NA 

Alternative 5 TACs
     Model_1_goa_dr_2022.dat 

Year 
2022  NA 
2023  NA 
2024  NA 
2025  NA 
2026  NA 
2027  NA 
2028  NA 
2029  NA 
2030  NA 
2031  NA 
2032  NA 
2033  NA 
2034  NA 
2035  NA 

Alternative 5 Sp_Biomass
     Model_1_goa_dr_2022.dat 
Equil_Fabc 26.2259 
Year 
2022 45.0556 
2023 44.6216 
2024 43.5342 
2025 43.4563 
2026 43.1085 
2027 42.6692 
2028 42.336 
2029 42.2758 
2030 42.585 
2031 43.2358 
2032 44.1281 
2033 45.1609 
2034 46.2545 
2035 47.3612 

Alternative 5 Fishing Mortality
     Model_1_goa_dr_2022.dat 
Equil_Fabc 0.0913417 
Year 
2022 0.028508 
2023 0.0403043 
2024  NA 
2025  NA 
2026  NA 
2027  NA 
2028  NA 
2029  NA 
2030  NA 
2031  NA 
2032  NA 
2033  NA 
2034  NA 
2035  NA 

Alternative 5 Biomass
     Model_1_goa_dr_2022.dat 

Year 
2022 109.82 
2023 107.218 
2024 103.997 
2025 104.922 
2026 106.206 
2027 107.784 
2028 109.643 
2029 111.748 
2030 114.012 
2031 116.429 
2032 118.827 
2033 121.235 
2034 123.523 
2035 125.749 

Alternative 5 Implied SPR rate 
     Model_1_goa_dr_2022.dat 
Equil_Fabc 0.4 
Year 
2022 0.688122 
2023 0.607651 
2024 1 
2025 1 
2026 1 
2027 1 
2028 1 
2029 1 
2030 1 
2031 1 
2032 1 
2033 1 
2034 1 
2035 1 

  Model_1_goa_dr_2022.dat 
EquilAvgAgeF0  12.9802 
EquilAvgAgeFabc  7.76878 
AvgAgeYr2035 11.2866 
Alternative 6 Catch
     Model_1_goa_dr_2022.dat 
Equil_Fabc 4.6223 
Year 
2022 2.58601 
2023 9.64377 
2024 8.67261 
2025 7.752 
2026 6.88899 
2027 6.12059 
2028 5.4668 
2029 4.7665 
2030 4.42748 
2031 4.32743 
2032 4.3366 
2033 4.38445 
2034 4.44204 
2035 4.50431 

Alternative 6 ABCs
     Model_1_goa_dr_2022.dat 

Year 
2022 9.79664 
2023 9.64377 
2024 8.67261 
2025 7.752 
2026 6.88899 
2027 6.12059 
2028 5.4668 
2029 4.7665 
2030 4.42748 
2031 4.32743 
2032 4.3366 
2033 4.38445 
2034 4.44204 
2035 4.50431 

Alternative 6 TACs
     Model_1_goa_dr_2022.dat 

Year 
2022  NA 
2023 9.64377 
2024 8.67261 
2025 7.752 
2026 6.88899 
2027 6.12059 
2028 5.4668 
2029 4.7665 
2030 4.42748 
2031 4.32743 
2032 4.3366 
2033 4.38445 
2034 4.44204 
2035 4.50431 

Alternative 6 Sp_Biomass
     Model_1_goa_dr_2022.dat 
Equil_Fabc 26.2259 
Year 
2022 45.0556 
2023 44.1112 
2024 39.9626 
2025 35.9403 
2026 32.2223 
2027 28.9858 
2028 26.3949 
2029 24.5766 
2030 23.5791 
2031 23.1634 
2032 23.0846 
2033 23.1717 
2034 23.3258 
2035 23.501 

Alternative 6 Fishing Mortality
     Model_1_goa_dr_2022.dat 
Equil_Fabc 0.0913417 
Year 
2022 0.028508 
2023 0.112301 
2024 0.112301 
2025 0.112301 
2026 0.112301 
2027 0.112301 
2028 0.111493 
2029 0.10445 
2030 0.0999012 
2031 0.0978425 
2032 0.0972453 
2033 0.0973756 
2034 0.0978099 
2035 0.0983744 

Alternative 6 Biomass
     Model_1_goa_dr_2022.dat 

Year 
2022 109.82 
2023 107.218 
2024 97.9633 
2025 90.5361 
2026 84.7991 
2027 80.5984 
2028 77.7824 
2029 76.1534 
2030 75.6008 
2031 75.7016 
2032 76.0099 
2033 76.4232 
2034 76.7656 
2035 77.0845 

Alternative 6 Implied SPR rate 
     Model_1_goa_dr_2022.dat 
Equil_Fabc 0.4 
Year 
2022 0.688122 
2023 0.35 
2024 0.35 
2025 0.35 
2026 0.35 
2027 0.35 
2028 0.351714 
2029 0.367472 
2030 0.378561 
2031 0.38401 
2032 0.385823 
2033 0.385703 
2034 0.384721 
2035 0.383362 

  Model_1_goa_dr_2022.dat 
EquilAvgAgeF0  12.9802 
EquilAvgAgeFabc  7.76878 
AvgAgeYr2035 7.803 
Alternative 7 Catch
     Model_1_goa_dr_2022.dat 
Equil_Fabc 4.6223 
Year 
2022 2.58601 
2023 7.92133 
2024 7.26582 
2025 8.05986 
2026 7.15369 
2027 6.34636 
2028 5.69533 
2029 5.04187 
2030 4.63584 
2031 4.48388 
2032 4.45499 
2033 4.47417 
2034 4.5098 
2035 4.55535 

Alternative 7 ABCs
     Model_1_goa_dr_2022.dat 

Year 
2022 9.79664 
2023 9.64377 
2024 8.84539 
2025 8.05986 
2026 7.15369 
2027 6.34636 
2028 5.69533 
2029 5.04187 
2030 4.63584 
2031 4.48388 
2032 4.45499 
2033 4.47417 
2034 4.5098 
2035 4.55535 

Alternative 7 TACs
     Model_1_goa_dr_2022.dat 

Year 
2022  NA 
2023 9.64377 
2024 8.84539 
2025 8.05986 
2026 7.15369 
2027 6.34636 
2028 5.69533 
2029 5.04187 
2030 4.63584 
2031 4.48388 
2032 4.45499 
2033 4.47417 
2034 4.5098 
2035 4.55535 

Alternative 7 Sp_Biomass
     Model_1_goa_dr_2022.dat 
Equil_Fabc 26.2259 
Year 
2022 45.0556 
2023 44.2592 
2024 40.8929 
2025 37.3628 
2026 33.4535 
2027 30.0417 
2028 27.2911 
2029 25.3117 
2030 24.1481 
2031 23.6035 
2032 23.4244 
2033 23.433 
2034 23.526 
2035 23.6538 

Alternative 7 Fishing Mortality
     Model_1_goa_dr_2022.dat 
Equil_Fabc 0.0913417 
Year 
2022 0.028508 
2023 0.0913417 
2024 0.0913417 
2025 0.112301 
2026 0.112301 
2027 0.112301 
2028 0.1123 
2029 0.107332 
2030 0.102225 
2031 0.0996041 
2032 0.0985701 
2033 0.0983672 
2034 0.0985463 
2035 0.0989175 

Alternative 7 Biomass
     Model_1_goa_dr_2022.dat 

Year 
2022 109.82 
2023 107.218 
2024 99.6768 
2025 93.5728 
2026 87.3925 
2027 82.8033 
2028 79.6504 
2029 77.6947 
2030 76.7832 
2031 76.6075 
2032 76.7041 
2033 76.9541 
2034 77.1707 
2035 77.393 

Alternative 7 Implied SPR rate 
     Model_1_goa_dr_2022.dat 
Equil_Fabc 0.4 
Year 
2022 0.688122 
2023 0.4 
2024 0.4 
2025 0.35 
2026 0.35 
2027 0.35 
2028 0.350002 
2029 0.360885 
2030 0.372912 
2031 0.379567 
2032 0.382422 
2033 0.38314 
2034 0.382814 
2035 0.381957 

  Model_1_goa_dr_2022.dat 
EquilAvgAgeF0  12.9802 
EquilAvgAgeFabc  7.76878 
AvgAgeYr2035 7.84186 
