Model_1_goa_dr_2022.dat 1 2022 Cabc 4.6223
Model_1_goa_dr_2022.dat 1 2022 Cofl 4.9419
Model_1_goa_dr_2022.dat 1 2022 CLCI 2.58601
Model_1_goa_dr_2022.dat 1 2022 CUCI 2.58601
Model_1_goa_dr_2022.dat 1 2022 CMedian 2.58601
Model_1_goa_dr_2022.dat 1 2022 CMean 2.58601
Model_1_goa_dr_2022.dat 1 2023 Cabc 4.6223
Model_1_goa_dr_2022.dat 1 2023 Cofl 4.9419
Model_1_goa_dr_2022.dat 1 2023 CLCI 3.58041
Model_1_goa_dr_2022.dat 1 2023 CUCI 3.58041
Model_1_goa_dr_2022.dat 1 2023 CMedian 3.58041
Model_1_goa_dr_2022.dat 1 2023 CMean 3.58041
Model_1_goa_dr_2022.dat 1 2024 Cabc 4.6223
Model_1_goa_dr_2022.dat 1 2024 Cofl 4.9419
Model_1_goa_dr_2022.dat 1 2024 CLCI 7.6234
Model_1_goa_dr_2022.dat 1 2024 CUCI 7.62448
Model_1_goa_dr_2022.dat 1 2024 CMedian 7.62371
Model_1_goa_dr_2022.dat 1 2024 CMean 7.62379
Model_1_goa_dr_2022.dat 1 2025 Cabc 4.6223
Model_1_goa_dr_2022.dat 1 2025 Cofl 4.9419
Model_1_goa_dr_2022.dat 1 2025 CLCI 6.93522
Model_1_goa_dr_2022.dat 1 2025 CUCI 6.94005
Model_1_goa_dr_2022.dat 1 2025 CMedian 6.9366
Model_1_goa_dr_2022.dat 1 2025 CMean 6.93698
Model_1_goa_dr_2022.dat 1 2026 Cabc 4.6223
Model_1_goa_dr_2022.dat 1 2026 Cofl 4.9419
Model_1_goa_dr_2022.dat 1 2026 CLCI 6.2645
Model_1_goa_dr_2022.dat 1 2026 CUCI 6.28356
Model_1_goa_dr_2022.dat 1 2026 CMedian 6.27005
Model_1_goa_dr_2022.dat 1 2026 CMean 6.27153
Model_1_goa_dr_2022.dat 1 2027 Cabc 4.6223
Model_1_goa_dr_2022.dat 1 2027 Cofl 4.9419
Model_1_goa_dr_2022.dat 1 2027 CLCI 5.6366
Model_1_goa_dr_2022.dat 1 2027 CUCI 5.70576
Model_1_goa_dr_2022.dat 1 2027 CMedian 5.65692
Model_1_goa_dr_2022.dat 1 2027 CMean 5.66227
Model_1_goa_dr_2022.dat 1 2028 Cabc 4.6223
Model_1_goa_dr_2022.dat 1 2028 Cofl 4.9419
Model_1_goa_dr_2022.dat 1 2028 CLCI 5.07903
Model_1_goa_dr_2022.dat 1 2028 CUCI 5.29356
Model_1_goa_dr_2022.dat 1 2028 CMedian 5.14341
Model_1_goa_dr_2022.dat 1 2028 CMean 5.16049
Model_1_goa_dr_2022.dat 1 2029 Cabc 4.6223
Model_1_goa_dr_2022.dat 1 2029 Cofl 4.9419
Model_1_goa_dr_2022.dat 1 2029 CLCI 4.61172
Model_1_goa_dr_2022.dat 1 2029 CUCI 5.14702
Model_1_goa_dr_2022.dat 1 2029 CMedian 4.77993
Model_1_goa_dr_2022.dat 1 2029 CMean 4.81794
Model_1_goa_dr_2022.dat 1 2030 Cabc 4.6223
Model_1_goa_dr_2022.dat 1 2030 Cofl 4.9419
Model_1_goa_dr_2022.dat 1 2030 CLCI 4.03553
Model_1_goa_dr_2022.dat 1 2030 CUCI 5.229
Model_1_goa_dr_2022.dat 1 2030 CMedian 4.57727
Model_1_goa_dr_2022.dat 1 2030 CMean 4.58986
Model_1_goa_dr_2022.dat 1 2031 Cabc 4.6223
Model_1_goa_dr_2022.dat 1 2031 Cofl 4.9419
Model_1_goa_dr_2022.dat 1 2031 CLCI 3.61868
Model_1_goa_dr_2022.dat 1 2031 CUCI 5.37881
Model_1_goa_dr_2022.dat 1 2031 CMedian 4.39653
Model_1_goa_dr_2022.dat 1 2031 CMean 4.43566
Model_1_goa_dr_2022.dat 1 2032 Cabc 4.6223
Model_1_goa_dr_2022.dat 1 2032 Cofl 4.9419
Model_1_goa_dr_2022.dat 1 2032 CLCI 3.35018
Model_1_goa_dr_2022.dat 1 2032 CUCI 5.51694
Model_1_goa_dr_2022.dat 1 2032 CMedian 4.31671
Model_1_goa_dr_2022.dat 1 2032 CMean 4.36833
Model_1_goa_dr_2022.dat 1 2033 Cabc 4.6223
Model_1_goa_dr_2022.dat 1 2033 Cofl 4.9419
Model_1_goa_dr_2022.dat 1 2033 CLCI 3.15543
Model_1_goa_dr_2022.dat 1 2033 CUCI 5.6457
Model_1_goa_dr_2022.dat 1 2033 CMedian 4.29292
Model_1_goa_dr_2022.dat 1 2033 CMean 4.34685
Model_1_goa_dr_2022.dat 1 2034 Cabc 4.6223
Model_1_goa_dr_2022.dat 1 2034 Cofl 4.9419
Model_1_goa_dr_2022.dat 1 2034 CLCI 3.077
Model_1_goa_dr_2022.dat 1 2034 CUCI 5.72192
Model_1_goa_dr_2022.dat 1 2034 CMedian 4.32862
Model_1_goa_dr_2022.dat 1 2034 CMean 4.34927
Model_1_goa_dr_2022.dat 1 2035 Cabc 4.6223
Model_1_goa_dr_2022.dat 1 2035 Cofl 4.9419
Model_1_goa_dr_2022.dat 1 2035 CLCI 3.0194
Model_1_goa_dr_2022.dat 1 2035 CUCI 5.80704
Model_1_goa_dr_2022.dat 1 2035 CMedian 4.33431
Model_1_goa_dr_2022.dat 1 2035 CMean 4.36536
Model_1_goa_dr_2022.dat 1 2022 SSBF100 65.5649
Model_1_goa_dr_2022.dat 1 2022 SSBFabc 26.2259
Model_1_goa_dr_2022.dat 1 2022 SSBFofl 22.9477
Model_1_goa_dr_2022.dat 1 2022 SSBLCI 45.0556
Model_1_goa_dr_2022.dat 1 2022 SSBUCI 45.0556
Model_1_goa_dr_2022.dat 1 2022 SSBMedian 45.0556
Model_1_goa_dr_2022.dat 1 2022 SSBMean 45.0556
Model_1_goa_dr_2022.dat 1 2023 SSBF100 65.5649
Model_1_goa_dr_2022.dat 1 2023 SSBFabc 26.2259
Model_1_goa_dr_2022.dat 1 2023 SSBFofl 22.9477
Model_1_goa_dr_2022.dat 1 2023 SSBLCI 44.6122
Model_1_goa_dr_2022.dat 1 2023 SSBUCI 44.639
Model_1_goa_dr_2022.dat 1 2023 SSBMedian 44.6191
Model_1_goa_dr_2022.dat 1 2023 SSBMean 44.6216
Model_1_goa_dr_2022.dat 1 2024 SSBF100 65.5649
Model_1_goa_dr_2022.dat 1 2024 SSBFabc 26.2259
Model_1_goa_dr_2022.dat 1 2024 SSBFofl 22.9477
Model_1_goa_dr_2022.dat 1 2024 SSBLCI 42.8672
Model_1_goa_dr_2022.dat 1 2024 SSBUCI 42.9535
Model_1_goa_dr_2022.dat 1 2024 SSBMedian 42.893
Model_1_goa_dr_2022.dat 1 2024 SSBMean 42.8998
Model_1_goa_dr_2022.dat 1 2025 SSBF100 65.5649
Model_1_goa_dr_2022.dat 1 2025 SSBFabc 26.2259
Model_1_goa_dr_2022.dat 1 2025 SSBFofl 22.9477
Model_1_goa_dr_2022.dat 1 2025 SSBLCI 39.1881
Model_1_goa_dr_2022.dat 1 2025 SSBUCI 39.4183
Model_1_goa_dr_2022.dat 1 2025 SSBMedian 39.258
Model_1_goa_dr_2022.dat 1 2025 SSBMean 39.2766
Model_1_goa_dr_2022.dat 1 2026 SSBF100 65.5649
Model_1_goa_dr_2022.dat 1 2026 SSBFabc 26.2259
Model_1_goa_dr_2022.dat 1 2026 SSBFofl 22.9477
Model_1_goa_dr_2022.dat 1 2026 SSBLCI 35.6005
Model_1_goa_dr_2022.dat 1 2026 SSBUCI 36.136
Model_1_goa_dr_2022.dat 1 2026 SSBMedian 35.7711
Model_1_goa_dr_2022.dat 1 2026 SSBMean 35.8099
Model_1_goa_dr_2022.dat 1 2027 SSBF100 65.5649
Model_1_goa_dr_2022.dat 1 2027 SSBFabc 26.2259
Model_1_goa_dr_2022.dat 1 2027 SSBFofl 22.9477
Model_1_goa_dr_2022.dat 1 2027 SSBLCI 32.256
Model_1_goa_dr_2022.dat 1 2027 SSBUCI 33.3887
Model_1_goa_dr_2022.dat 1 2027 SSBMedian 32.633
Model_1_goa_dr_2022.dat 1 2027 SSBMean 32.702
Model_1_goa_dr_2022.dat 1 2028 SSBF100 65.5649
Model_1_goa_dr_2022.dat 1 2028 SSBFabc 26.2259
Model_1_goa_dr_2022.dat 1 2028 SSBFofl 22.9477
Model_1_goa_dr_2022.dat 1 2028 SSBLCI 29.2844
Model_1_goa_dr_2022.dat 1 2028 SSBUCI 31.424
Model_1_goa_dr_2022.dat 1 2028 SSBMedian 29.9989
Model_1_goa_dr_2022.dat 1 2028 SSBMean 30.1396
Model_1_goa_dr_2022.dat 1 2029 SSBF100 65.5649
Model_1_goa_dr_2022.dat 1 2029 SSBFabc 26.2259
Model_1_goa_dr_2022.dat 1 2029 SSBFofl 22.9477
Model_1_goa_dr_2022.dat 1 2029 SSBLCI 26.7939
Model_1_goa_dr_2022.dat 1 2029 SSBUCI 30.4332
Model_1_goa_dr_2022.dat 1 2029 SSBMedian 28.015
Model_1_goa_dr_2022.dat 1 2029 SSBMean 28.2409
Model_1_goa_dr_2022.dat 1 2030 SSBF100 65.5649
Model_1_goa_dr_2022.dat 1 2030 SSBFabc 26.2259
Model_1_goa_dr_2022.dat 1 2030 SSBFofl 22.9477
Model_1_goa_dr_2022.dat 1 2030 SSBLCI 24.8473
Model_1_goa_dr_2022.dat 1 2030 SSBUCI 30.1386
Model_1_goa_dr_2022.dat 1 2030 SSBMedian 26.6289
Model_1_goa_dr_2022.dat 1 2030 SSBMean 27.0101
Model_1_goa_dr_2022.dat 1 2031 SSBF100 65.5649
Model_1_goa_dr_2022.dat 1 2031 SSBFabc 26.2259
Model_1_goa_dr_2022.dat 1 2031 SSBFofl 22.9477
Model_1_goa_dr_2022.dat 1 2031 SSBLCI 23.5269
Model_1_goa_dr_2022.dat 1 2031 SSBUCI 30.4964
Model_1_goa_dr_2022.dat 1 2031 SSBMedian 25.8782
Model_1_goa_dr_2022.dat 1 2031 SSBMean 26.3308
Model_1_goa_dr_2022.dat 1 2032 SSBF100 65.5649
Model_1_goa_dr_2022.dat 1 2032 SSBFabc 26.2259
Model_1_goa_dr_2022.dat 1 2032 SSBFofl 22.9477
Model_1_goa_dr_2022.dat 1 2032 SSBLCI 22.6035
Model_1_goa_dr_2022.dat 1 2032 SSBUCI 31.0423
Model_1_goa_dr_2022.dat 1 2032 SSBMedian 25.4758
Model_1_goa_dr_2022.dat 1 2032 SSBMean 26.0285
Model_1_goa_dr_2022.dat 1 2033 SSBF100 65.5649
Model_1_goa_dr_2022.dat 1 2033 SSBFabc 26.2259
Model_1_goa_dr_2022.dat 1 2033 SSBFofl 22.9477
Model_1_goa_dr_2022.dat 1 2033 SSBLCI 21.9504
Model_1_goa_dr_2022.dat 1 2033 SSBUCI 31.6278
Model_1_goa_dr_2022.dat 1 2033 SSBMedian 25.3679
Model_1_goa_dr_2022.dat 1 2033 SSBMean 25.9405
Model_1_goa_dr_2022.dat 1 2034 SSBF100 65.5649
Model_1_goa_dr_2022.dat 1 2034 SSBFabc 26.2259
Model_1_goa_dr_2022.dat 1 2034 SSBFofl 22.9477
Model_1_goa_dr_2022.dat 1 2034 SSBLCI 21.6544
Model_1_goa_dr_2022.dat 1 2034 SSBUCI 32.0671
Model_1_goa_dr_2022.dat 1 2034 SSBMedian 25.3964
Model_1_goa_dr_2022.dat 1 2034 SSBMean 25.9631
Model_1_goa_dr_2022.dat 1 2035 SSBF100 65.5649
Model_1_goa_dr_2022.dat 1 2035 SSBFabc 26.2259
Model_1_goa_dr_2022.dat 1 2035 SSBFofl 22.9477
Model_1_goa_dr_2022.dat 1 2035 SSBLCI 21.4806
Model_1_goa_dr_2022.dat 1 2035 SSBUCI 32.3802
Model_1_goa_dr_2022.dat 1 2035 SSBMedian 25.4658
Model_1_goa_dr_2022.dat 1 2035 SSBMean 26.042
Model_1_goa_dr_2022.dat 1 2022 F0 0 
Model_1_goa_dr_2022.dat 1 2022 Fabc 0.0913417
Model_1_goa_dr_2022.dat 1 2022 Fofl 0.112301
Model_1_goa_dr_2022.dat 1 2022  F_LCI 0.028508
Model_1_goa_dr_2022.dat 1 2022  F_UCI 0.028508
Model_1_goa_dr_2022.dat 1 2022  F_Median 0.028508
Model_1_goa_dr_2022.dat 1 2022  F_Mean 0.028508
Model_1_goa_dr_2022.dat 1 2023 F0 0 
Model_1_goa_dr_2022.dat 1 2023 Fabc 0.0913417
Model_1_goa_dr_2022.dat 1 2023 Fofl 0.112301
Model_1_goa_dr_2022.dat 1 2023  F_LCI 0.0403036
Model_1_goa_dr_2022.dat 1 2023  F_UCI 0.0403047
Model_1_goa_dr_2022.dat 1 2023  F_Median 0.0403044
Model_1_goa_dr_2022.dat 1 2023  F_Mean 0.0403043
Model_1_goa_dr_2022.dat 1 2024 F0 0 
Model_1_goa_dr_2022.dat 1 2024 Fabc 0.0913417
Model_1_goa_dr_2022.dat 1 2024 Fofl 0.112301
Model_1_goa_dr_2022.dat 1 2024  F_LCI 0.0913417
Model_1_goa_dr_2022.dat 1 2024  F_UCI 0.0913417
Model_1_goa_dr_2022.dat 1 2024  F_Median 0.0913417
Model_1_goa_dr_2022.dat 1 2024  F_Mean 0.0913417
Model_1_goa_dr_2022.dat 1 2025 F0 0 
Model_1_goa_dr_2022.dat 1 2025 Fabc 0.0913417
Model_1_goa_dr_2022.dat 1 2025 Fofl 0.112301
Model_1_goa_dr_2022.dat 1 2025  F_LCI 0.0913417
Model_1_goa_dr_2022.dat 1 2025  F_UCI 0.0913417
Model_1_goa_dr_2022.dat 1 2025  F_Median 0.0913417
Model_1_goa_dr_2022.dat 1 2025  F_Mean 0.0913417
Model_1_goa_dr_2022.dat 1 2026 F0 0 
Model_1_goa_dr_2022.dat 1 2026 Fabc 0.0913417
Model_1_goa_dr_2022.dat 1 2026 Fofl 0.112301
Model_1_goa_dr_2022.dat 1 2026  F_LCI 0.0913417
Model_1_goa_dr_2022.dat 1 2026  F_UCI 0.0913417
Model_1_goa_dr_2022.dat 1 2026  F_Median 0.0913417
Model_1_goa_dr_2022.dat 1 2026  F_Mean 0.0913417
Model_1_goa_dr_2022.dat 1 2027 F0 0 
Model_1_goa_dr_2022.dat 1 2027 Fabc 0.0913417
Model_1_goa_dr_2022.dat 1 2027 Fofl 0.112301
Model_1_goa_dr_2022.dat 1 2027  F_LCI 0.0913417
Model_1_goa_dr_2022.dat 1 2027  F_UCI 0.0913417
Model_1_goa_dr_2022.dat 1 2027  F_Median 0.0913417
Model_1_goa_dr_2022.dat 1 2027  F_Mean 0.0913417
Model_1_goa_dr_2022.dat 1 2028 F0 0 
Model_1_goa_dr_2022.dat 1 2028 Fabc 0.0913417
Model_1_goa_dr_2022.dat 1 2028 Fofl 0.112301
Model_1_goa_dr_2022.dat 1 2028  F_LCI 0.0913417
Model_1_goa_dr_2022.dat 1 2028  F_UCI 0.0913417
Model_1_goa_dr_2022.dat 1 2028  F_Median 0.0913417
Model_1_goa_dr_2022.dat 1 2028  F_Mean 0.0913417
Model_1_goa_dr_2022.dat 1 2029 F0 0 
Model_1_goa_dr_2022.dat 1 2029 Fabc 0.0913417
Model_1_goa_dr_2022.dat 1 2029 Fofl 0.112301
Model_1_goa_dr_2022.dat 1 2029  F_LCI 0.0913417
Model_1_goa_dr_2022.dat 1 2029  F_UCI 0.0913417
Model_1_goa_dr_2022.dat 1 2029  F_Median 0.0913417
Model_1_goa_dr_2022.dat 1 2029  F_Mean 0.0913413
Model_1_goa_dr_2022.dat 1 2030 F0 0 
Model_1_goa_dr_2022.dat 1 2030 Fabc 0.0913417
Model_1_goa_dr_2022.dat 1 2030 Fofl 0.112301
Model_1_goa_dr_2022.dat 1 2030  F_LCI 0.0862874
Model_1_goa_dr_2022.dat 1 2030  F_UCI 0.0913417
Model_1_goa_dr_2022.dat 1 2030  F_Median 0.0913417
Model_1_goa_dr_2022.dat 1 2030  F_Mean 0.090247
Model_1_goa_dr_2022.dat 1 2031 F0 0 
Model_1_goa_dr_2022.dat 1 2031 Fabc 0.0913417
Model_1_goa_dr_2022.dat 1 2031 Fofl 0.112301
Model_1_goa_dr_2022.dat 1 2031  F_LCI 0.0814464
Model_1_goa_dr_2022.dat 1 2031  F_UCI 0.0913417
Model_1_goa_dr_2022.dat 1 2031  F_Median 0.0900669
Model_1_goa_dr_2022.dat 1 2031  F_Mean 0.0882886
Model_1_goa_dr_2022.dat 1 2032 F0 0 
Model_1_goa_dr_2022.dat 1 2032 Fabc 0.0913417
Model_1_goa_dr_2022.dat 1 2032 Fofl 0.112301
Model_1_goa_dr_2022.dat 1 2032  F_LCI 0.078061
Model_1_goa_dr_2022.dat 1 2032  F_UCI 0.0913417
Model_1_goa_dr_2022.dat 1 2032  F_Median 0.0885916
Model_1_goa_dr_2022.dat 1 2032  F_Mean 0.0870424
Model_1_goa_dr_2022.dat 1 2033 F0 0 
Model_1_goa_dr_2022.dat 1 2033 Fabc 0.0913417
Model_1_goa_dr_2022.dat 1 2033 Fofl 0.112301
Model_1_goa_dr_2022.dat 1 2033  F_LCI 0.0756666
Model_1_goa_dr_2022.dat 1 2033  F_UCI 0.0913417
Model_1_goa_dr_2022.dat 1 2033  F_Median 0.088196
Model_1_goa_dr_2022.dat 1 2033  F_Mean 0.0864102
Model_1_goa_dr_2022.dat 1 2034 F0 0 
Model_1_goa_dr_2022.dat 1 2034 Fabc 0.0913417
Model_1_goa_dr_2022.dat 1 2034 Fofl 0.112301
Model_1_goa_dr_2022.dat 1 2034  F_LCI 0.0745815
Model_1_goa_dr_2022.dat 1 2034  F_UCI 0.0913417
Model_1_goa_dr_2022.dat 1 2034  F_Median 0.0883005
Model_1_goa_dr_2022.dat 1 2034  F_Mean 0.0861788
Model_1_goa_dr_2022.dat 1 2035 F0 0 
Model_1_goa_dr_2022.dat 1 2035 Fabc 0.0913417
Model_1_goa_dr_2022.dat 1 2035 Fofl 0.112301
Model_1_goa_dr_2022.dat 1 2035  F_LCI 0.0739445
Model_1_goa_dr_2022.dat 1 2035  F_UCI 0.0913417
Model_1_goa_dr_2022.dat 1 2035  F_Median 0.0885549
Model_1_goa_dr_2022.dat 1 2035  F_Mean 0.0861384
Model_1_goa_dr_2022.dat 2 2022 Cabc 4.6223
Model_1_goa_dr_2022.dat 2 2022 Cofl 4.9419
Model_1_goa_dr_2022.dat 2 2022 CLCI 2.58601
Model_1_goa_dr_2022.dat 2 2022 CUCI 2.58601
Model_1_goa_dr_2022.dat 2 2022 CMedian 2.58601
Model_1_goa_dr_2022.dat 2 2022 CMean 2.58601
Model_1_goa_dr_2022.dat 2 2023 Cabc 4.6223
Model_1_goa_dr_2022.dat 2 2023 Cofl 4.9419
Model_1_goa_dr_2022.dat 2 2023 CLCI 3.58041
Model_1_goa_dr_2022.dat 2 2023 CUCI 3.58041
Model_1_goa_dr_2022.dat 2 2023 CMedian 3.58041
Model_1_goa_dr_2022.dat 2 2023 CMean 3.58041
Model_1_goa_dr_2022.dat 2 2024 Cabc 4.6223
Model_1_goa_dr_2022.dat 2 2024 Cofl 4.9419
Model_1_goa_dr_2022.dat 2 2024 CLCI 7.6234
Model_1_goa_dr_2022.dat 2 2024 CUCI 7.62448
Model_1_goa_dr_2022.dat 2 2024 CMedian 7.62371
Model_1_goa_dr_2022.dat 2 2024 CMean 7.62379
Model_1_goa_dr_2022.dat 2 2025 Cabc 4.6223
Model_1_goa_dr_2022.dat 2 2025 Cofl 4.9419
Model_1_goa_dr_2022.dat 2 2025 CLCI 6.93522
Model_1_goa_dr_2022.dat 2 2025 CUCI 6.94005
Model_1_goa_dr_2022.dat 2 2025 CMedian 6.9366
Model_1_goa_dr_2022.dat 2 2025 CMean 6.93698
Model_1_goa_dr_2022.dat 2 2026 Cabc 4.6223
Model_1_goa_dr_2022.dat 2 2026 Cofl 4.9419
Model_1_goa_dr_2022.dat 2 2026 CLCI 6.2645
Model_1_goa_dr_2022.dat 2 2026 CUCI 6.28356
Model_1_goa_dr_2022.dat 2 2026 CMedian 6.27005
Model_1_goa_dr_2022.dat 2 2026 CMean 6.27153
Model_1_goa_dr_2022.dat 2 2027 Cabc 4.6223
Model_1_goa_dr_2022.dat 2 2027 Cofl 4.9419
Model_1_goa_dr_2022.dat 2 2027 CLCI 5.6366
Model_1_goa_dr_2022.dat 2 2027 CUCI 5.70576
Model_1_goa_dr_2022.dat 2 2027 CMedian 5.65692
Model_1_goa_dr_2022.dat 2 2027 CMean 5.66227
Model_1_goa_dr_2022.dat 2 2028 Cabc 4.6223
Model_1_goa_dr_2022.dat 2 2028 Cofl 4.9419
Model_1_goa_dr_2022.dat 2 2028 CLCI 5.07903
Model_1_goa_dr_2022.dat 2 2028 CUCI 5.29356
Model_1_goa_dr_2022.dat 2 2028 CMedian 5.14341
Model_1_goa_dr_2022.dat 2 2028 CMean 5.16049
Model_1_goa_dr_2022.dat 2 2029 Cabc 4.6223
Model_1_goa_dr_2022.dat 2 2029 Cofl 4.9419
Model_1_goa_dr_2022.dat 2 2029 CLCI 4.61172
Model_1_goa_dr_2022.dat 2 2029 CUCI 5.14702
Model_1_goa_dr_2022.dat 2 2029 CMedian 4.77993
Model_1_goa_dr_2022.dat 2 2029 CMean 4.81794
Model_1_goa_dr_2022.dat 2 2030 Cabc 4.6223
Model_1_goa_dr_2022.dat 2 2030 Cofl 4.9419
Model_1_goa_dr_2022.dat 2 2030 CLCI 4.03553
Model_1_goa_dr_2022.dat 2 2030 CUCI 5.229
Model_1_goa_dr_2022.dat 2 2030 CMedian 4.57727
Model_1_goa_dr_2022.dat 2 2030 CMean 4.58986
Model_1_goa_dr_2022.dat 2 2031 Cabc 4.6223
Model_1_goa_dr_2022.dat 2 2031 Cofl 4.9419
Model_1_goa_dr_2022.dat 2 2031 CLCI 3.61868
Model_1_goa_dr_2022.dat 2 2031 CUCI 5.37881
Model_1_goa_dr_2022.dat 2 2031 CMedian 4.39653
Model_1_goa_dr_2022.dat 2 2031 CMean 4.43566
Model_1_goa_dr_2022.dat 2 2032 Cabc 4.6223
Model_1_goa_dr_2022.dat 2 2032 Cofl 4.9419
Model_1_goa_dr_2022.dat 2 2032 CLCI 3.35018
Model_1_goa_dr_2022.dat 2 2032 CUCI 5.51694
Model_1_goa_dr_2022.dat 2 2032 CMedian 4.31671
Model_1_goa_dr_2022.dat 2 2032 CMean 4.36833
Model_1_goa_dr_2022.dat 2 2033 Cabc 4.6223
Model_1_goa_dr_2022.dat 2 2033 Cofl 4.9419
Model_1_goa_dr_2022.dat 2 2033 CLCI 3.15543
Model_1_goa_dr_2022.dat 2 2033 CUCI 5.6457
Model_1_goa_dr_2022.dat 2 2033 CMedian 4.29292
Model_1_goa_dr_2022.dat 2 2033 CMean 4.34685
Model_1_goa_dr_2022.dat 2 2034 Cabc 4.6223
Model_1_goa_dr_2022.dat 2 2034 Cofl 4.9419
Model_1_goa_dr_2022.dat 2 2034 CLCI 3.077
Model_1_goa_dr_2022.dat 2 2034 CUCI 5.72192
Model_1_goa_dr_2022.dat 2 2034 CMedian 4.32862
Model_1_goa_dr_2022.dat 2 2034 CMean 4.34927
Model_1_goa_dr_2022.dat 2 2035 Cabc 4.6223
Model_1_goa_dr_2022.dat 2 2035 Cofl 4.9419
Model_1_goa_dr_2022.dat 2 2035 CLCI 3.0194
Model_1_goa_dr_2022.dat 2 2035 CUCI 5.80704
Model_1_goa_dr_2022.dat 2 2035 CMedian 4.33431
Model_1_goa_dr_2022.dat 2 2035 CMean 4.36536
Model_1_goa_dr_2022.dat 2 2022 SSBF100 65.5649
Model_1_goa_dr_2022.dat 2 2022 SSBFabc 26.2259
Model_1_goa_dr_2022.dat 2 2022 SSBFofl 22.9477
Model_1_goa_dr_2022.dat 2 2022 SSBLCI 45.0556
Model_1_goa_dr_2022.dat 2 2022 SSBUCI 45.0556
Model_1_goa_dr_2022.dat 2 2022 SSBMedian 45.0556
Model_1_goa_dr_2022.dat 2 2022 SSBMean 45.0556
Model_1_goa_dr_2022.dat 2 2023 SSBF100 65.5649
Model_1_goa_dr_2022.dat 2 2023 SSBFabc 26.2259
Model_1_goa_dr_2022.dat 2 2023 SSBFofl 22.9477
Model_1_goa_dr_2022.dat 2 2023 SSBLCI 44.6122
Model_1_goa_dr_2022.dat 2 2023 SSBUCI 44.639
Model_1_goa_dr_2022.dat 2 2023 SSBMedian 44.6191
Model_1_goa_dr_2022.dat 2 2023 SSBMean 44.6216
Model_1_goa_dr_2022.dat 2 2024 SSBF100 65.5649
Model_1_goa_dr_2022.dat 2 2024 SSBFabc 26.2259
Model_1_goa_dr_2022.dat 2 2024 SSBFofl 22.9477
Model_1_goa_dr_2022.dat 2 2024 SSBLCI 42.8672
Model_1_goa_dr_2022.dat 2 2024 SSBUCI 42.9535
Model_1_goa_dr_2022.dat 2 2024 SSBMedian 42.893
Model_1_goa_dr_2022.dat 2 2024 SSBMean 42.8998
Model_1_goa_dr_2022.dat 2 2025 SSBF100 65.5649
Model_1_goa_dr_2022.dat 2 2025 SSBFabc 26.2259
Model_1_goa_dr_2022.dat 2 2025 SSBFofl 22.9477
Model_1_goa_dr_2022.dat 2 2025 SSBLCI 39.1881
Model_1_goa_dr_2022.dat 2 2025 SSBUCI 39.4183
Model_1_goa_dr_2022.dat 2 2025 SSBMedian 39.258
Model_1_goa_dr_2022.dat 2 2025 SSBMean 39.2766
Model_1_goa_dr_2022.dat 2 2026 SSBF100 65.5649
Model_1_goa_dr_2022.dat 2 2026 SSBFabc 26.2259
Model_1_goa_dr_2022.dat 2 2026 SSBFofl 22.9477
Model_1_goa_dr_2022.dat 2 2026 SSBLCI 35.6005
Model_1_goa_dr_2022.dat 2 2026 SSBUCI 36.136
Model_1_goa_dr_2022.dat 2 2026 SSBMedian 35.7711
Model_1_goa_dr_2022.dat 2 2026 SSBMean 35.8099
Model_1_goa_dr_2022.dat 2 2027 SSBF100 65.5649
Model_1_goa_dr_2022.dat 2 2027 SSBFabc 26.2259
Model_1_goa_dr_2022.dat 2 2027 SSBFofl 22.9477
Model_1_goa_dr_2022.dat 2 2027 SSBLCI 32.256
Model_1_goa_dr_2022.dat 2 2027 SSBUCI 33.3887
Model_1_goa_dr_2022.dat 2 2027 SSBMedian 32.633
Model_1_goa_dr_2022.dat 2 2027 SSBMean 32.702
Model_1_goa_dr_2022.dat 2 2028 SSBF100 65.5649
Model_1_goa_dr_2022.dat 2 2028 SSBFabc 26.2259
Model_1_goa_dr_2022.dat 2 2028 SSBFofl 22.9477
Model_1_goa_dr_2022.dat 2 2028 SSBLCI 29.2844
Model_1_goa_dr_2022.dat 2 2028 SSBUCI 31.424
Model_1_goa_dr_2022.dat 2 2028 SSBMedian 29.9989
Model_1_goa_dr_2022.dat 2 2028 SSBMean 30.1396
Model_1_goa_dr_2022.dat 2 2029 SSBF100 65.5649
Model_1_goa_dr_2022.dat 2 2029 SSBFabc 26.2259
Model_1_goa_dr_2022.dat 2 2029 SSBFofl 22.9477
Model_1_goa_dr_2022.dat 2 2029 SSBLCI 26.7939
Model_1_goa_dr_2022.dat 2 2029 SSBUCI 30.4332
Model_1_goa_dr_2022.dat 2 2029 SSBMedian 28.015
Model_1_goa_dr_2022.dat 2 2029 SSBMean 28.2409
Model_1_goa_dr_2022.dat 2 2030 SSBF100 65.5649
Model_1_goa_dr_2022.dat 2 2030 SSBFabc 26.2259
Model_1_goa_dr_2022.dat 2 2030 SSBFofl 22.9477
Model_1_goa_dr_2022.dat 2 2030 SSBLCI 24.8473
Model_1_goa_dr_2022.dat 2 2030 SSBUCI 30.1386
Model_1_goa_dr_2022.dat 2 2030 SSBMedian 26.6289
Model_1_goa_dr_2022.dat 2 2030 SSBMean 27.0101
Model_1_goa_dr_2022.dat 2 2031 SSBF100 65.5649
Model_1_goa_dr_2022.dat 2 2031 SSBFabc 26.2259
Model_1_goa_dr_2022.dat 2 2031 SSBFofl 22.9477
Model_1_goa_dr_2022.dat 2 2031 SSBLCI 23.5269
Model_1_goa_dr_2022.dat 2 2031 SSBUCI 30.4964
Model_1_goa_dr_2022.dat 2 2031 SSBMedian 25.8782
Model_1_goa_dr_2022.dat 2 2031 SSBMean 26.3308
Model_1_goa_dr_2022.dat 2 2032 SSBF100 65.5649
Model_1_goa_dr_2022.dat 2 2032 SSBFabc 26.2259
Model_1_goa_dr_2022.dat 2 2032 SSBFofl 22.9477
Model_1_goa_dr_2022.dat 2 2032 SSBLCI 22.6035
Model_1_goa_dr_2022.dat 2 2032 SSBUCI 31.0423
Model_1_goa_dr_2022.dat 2 2032 SSBMedian 25.4758
Model_1_goa_dr_2022.dat 2 2032 SSBMean 26.0285
Model_1_goa_dr_2022.dat 2 2033 SSBF100 65.5649
Model_1_goa_dr_2022.dat 2 2033 SSBFabc 26.2259
Model_1_goa_dr_2022.dat 2 2033 SSBFofl 22.9477
Model_1_goa_dr_2022.dat 2 2033 SSBLCI 21.9504
Model_1_goa_dr_2022.dat 2 2033 SSBUCI 31.6278
Model_1_goa_dr_2022.dat 2 2033 SSBMedian 25.3679
Model_1_goa_dr_2022.dat 2 2033 SSBMean 25.9405
Model_1_goa_dr_2022.dat 2 2034 SSBF100 65.5649
Model_1_goa_dr_2022.dat 2 2034 SSBFabc 26.2259
Model_1_goa_dr_2022.dat 2 2034 SSBFofl 22.9477
Model_1_goa_dr_2022.dat 2 2034 SSBLCI 21.6544
Model_1_goa_dr_2022.dat 2 2034 SSBUCI 32.0671
Model_1_goa_dr_2022.dat 2 2034 SSBMedian 25.3964
Model_1_goa_dr_2022.dat 2 2034 SSBMean 25.9631
Model_1_goa_dr_2022.dat 2 2035 SSBF100 65.5649
Model_1_goa_dr_2022.dat 2 2035 SSBFabc 26.2259
Model_1_goa_dr_2022.dat 2 2035 SSBFofl 22.9477
Model_1_goa_dr_2022.dat 2 2035 SSBLCI 21.4806
Model_1_goa_dr_2022.dat 2 2035 SSBUCI 32.3802
Model_1_goa_dr_2022.dat 2 2035 SSBMedian 25.4658
Model_1_goa_dr_2022.dat 2 2035 SSBMean 26.042
Model_1_goa_dr_2022.dat 2 2022 F0 0 
Model_1_goa_dr_2022.dat 2 2022 Fabc 0.0913417
Model_1_goa_dr_2022.dat 2 2022 Fofl 0.112301
Model_1_goa_dr_2022.dat 2 2022  F_LCI 0.028508
Model_1_goa_dr_2022.dat 2 2022  F_UCI 0.028508
Model_1_goa_dr_2022.dat 2 2022  F_Median 0.028508
Model_1_goa_dr_2022.dat 2 2022  F_Mean 0.028508
Model_1_goa_dr_2022.dat 2 2023 F0 0 
Model_1_goa_dr_2022.dat 2 2023 Fabc 0.0913417
Model_1_goa_dr_2022.dat 2 2023 Fofl 0.112301
Model_1_goa_dr_2022.dat 2 2023  F_LCI 0.0403036
Model_1_goa_dr_2022.dat 2 2023  F_UCI 0.0403047
Model_1_goa_dr_2022.dat 2 2023  F_Median 0.0403044
Model_1_goa_dr_2022.dat 2 2023  F_Mean 0.0403043
Model_1_goa_dr_2022.dat 2 2024 F0 0 
Model_1_goa_dr_2022.dat 2 2024 Fabc 0.0913417
Model_1_goa_dr_2022.dat 2 2024 Fofl 0.112301
Model_1_goa_dr_2022.dat 2 2024  F_LCI 0.0913417
Model_1_goa_dr_2022.dat 2 2024  F_UCI 0.0913417
Model_1_goa_dr_2022.dat 2 2024  F_Median 0.0913417
Model_1_goa_dr_2022.dat 2 2024  F_Mean 0.0913417
Model_1_goa_dr_2022.dat 2 2025 F0 0 
Model_1_goa_dr_2022.dat 2 2025 Fabc 0.0913417
Model_1_goa_dr_2022.dat 2 2025 Fofl 0.112301
Model_1_goa_dr_2022.dat 2 2025  F_LCI 0.0913417
Model_1_goa_dr_2022.dat 2 2025  F_UCI 0.0913417
Model_1_goa_dr_2022.dat 2 2025  F_Median 0.0913417
Model_1_goa_dr_2022.dat 2 2025  F_Mean 0.0913417
Model_1_goa_dr_2022.dat 2 2026 F0 0 
Model_1_goa_dr_2022.dat 2 2026 Fabc 0.0913417
Model_1_goa_dr_2022.dat 2 2026 Fofl 0.112301
Model_1_goa_dr_2022.dat 2 2026  F_LCI 0.0913417
Model_1_goa_dr_2022.dat 2 2026  F_UCI 0.0913417
Model_1_goa_dr_2022.dat 2 2026  F_Median 0.0913417
Model_1_goa_dr_2022.dat 2 2026  F_Mean 0.0913417
Model_1_goa_dr_2022.dat 2 2027 F0 0 
Model_1_goa_dr_2022.dat 2 2027 Fabc 0.0913417
Model_1_goa_dr_2022.dat 2 2027 Fofl 0.112301
Model_1_goa_dr_2022.dat 2 2027  F_LCI 0.0913417
Model_1_goa_dr_2022.dat 2 2027  F_UCI 0.0913417
Model_1_goa_dr_2022.dat 2 2027  F_Median 0.0913417
Model_1_goa_dr_2022.dat 2 2027  F_Mean 0.0913417
Model_1_goa_dr_2022.dat 2 2028 F0 0 
Model_1_goa_dr_2022.dat 2 2028 Fabc 0.0913417
Model_1_goa_dr_2022.dat 2 2028 Fofl 0.112301
Model_1_goa_dr_2022.dat 2 2028  F_LCI 0.0913417
Model_1_goa_dr_2022.dat 2 2028  F_UCI 0.0913417
Model_1_goa_dr_2022.dat 2 2028  F_Median 0.0913417
Model_1_goa_dr_2022.dat 2 2028  F_Mean 0.0913417
Model_1_goa_dr_2022.dat 2 2029 F0 0 
Model_1_goa_dr_2022.dat 2 2029 Fabc 0.0913417
Model_1_goa_dr_2022.dat 2 2029 Fofl 0.112301
Model_1_goa_dr_2022.dat 2 2029  F_LCI 0.0913417
Model_1_goa_dr_2022.dat 2 2029  F_UCI 0.0913417
Model_1_goa_dr_2022.dat 2 2029  F_Median 0.0913417
Model_1_goa_dr_2022.dat 2 2029  F_Mean 0.0913413
Model_1_goa_dr_2022.dat 2 2030 F0 0 
Model_1_goa_dr_2022.dat 2 2030 Fabc 0.0913417
Model_1_goa_dr_2022.dat 2 2030 Fofl 0.112301
Model_1_goa_dr_2022.dat 2 2030  F_LCI 0.0862874
Model_1_goa_dr_2022.dat 2 2030  F_UCI 0.0913417
Model_1_goa_dr_2022.dat 2 2030  F_Median 0.0913417
Model_1_goa_dr_2022.dat 2 2030  F_Mean 0.090247
Model_1_goa_dr_2022.dat 2 2031 F0 0 
Model_1_goa_dr_2022.dat 2 2031 Fabc 0.0913417
Model_1_goa_dr_2022.dat 2 2031 Fofl 0.112301
Model_1_goa_dr_2022.dat 2 2031  F_LCI 0.0814464
Model_1_goa_dr_2022.dat 2 2031  F_UCI 0.0913417
Model_1_goa_dr_2022.dat 2 2031  F_Median 0.0900669
Model_1_goa_dr_2022.dat 2 2031  F_Mean 0.0882886
Model_1_goa_dr_2022.dat 2 2032 F0 0 
Model_1_goa_dr_2022.dat 2 2032 Fabc 0.0913417
Model_1_goa_dr_2022.dat 2 2032 Fofl 0.112301
Model_1_goa_dr_2022.dat 2 2032  F_LCI 0.078061
Model_1_goa_dr_2022.dat 2 2032  F_UCI 0.0913417
Model_1_goa_dr_2022.dat 2 2032  F_Median 0.0885916
Model_1_goa_dr_2022.dat 2 2032  F_Mean 0.0870424
Model_1_goa_dr_2022.dat 2 2033 F0 0 
Model_1_goa_dr_2022.dat 2 2033 Fabc 0.0913417
Model_1_goa_dr_2022.dat 2 2033 Fofl 0.112301
Model_1_goa_dr_2022.dat 2 2033  F_LCI 0.0756666
Model_1_goa_dr_2022.dat 2 2033  F_UCI 0.0913417
Model_1_goa_dr_2022.dat 2 2033  F_Median 0.088196
Model_1_goa_dr_2022.dat 2 2033  F_Mean 0.0864102
Model_1_goa_dr_2022.dat 2 2034 F0 0 
Model_1_goa_dr_2022.dat 2 2034 Fabc 0.0913417
Model_1_goa_dr_2022.dat 2 2034 Fofl 0.112301
Model_1_goa_dr_2022.dat 2 2034  F_LCI 0.0745815
Model_1_goa_dr_2022.dat 2 2034  F_UCI 0.0913417
Model_1_goa_dr_2022.dat 2 2034  F_Median 0.0883005
Model_1_goa_dr_2022.dat 2 2034  F_Mean 0.0861788
Model_1_goa_dr_2022.dat 2 2035 F0 0 
Model_1_goa_dr_2022.dat 2 2035 Fabc 0.0913417
Model_1_goa_dr_2022.dat 2 2035 Fofl 0.112301
Model_1_goa_dr_2022.dat 2 2035  F_LCI 0.0739445
Model_1_goa_dr_2022.dat 2 2035  F_UCI 0.0913417
Model_1_goa_dr_2022.dat 2 2035  F_Median 0.0885549
Model_1_goa_dr_2022.dat 2 2035  F_Mean 0.0861384
Model_1_goa_dr_2022.dat 3 2022 Cabc 4.6223
Model_1_goa_dr_2022.dat 3 2022 Cofl 4.9419
Model_1_goa_dr_2022.dat 3 2022 CLCI 2.58601
Model_1_goa_dr_2022.dat 3 2022 CUCI 2.58601
Model_1_goa_dr_2022.dat 3 2022 CMedian 2.58601
Model_1_goa_dr_2022.dat 3 2022 CMean 2.58601
Model_1_goa_dr_2022.dat 3 2023 Cabc 4.6223
Model_1_goa_dr_2022.dat 3 2023 Cofl 4.9419
Model_1_goa_dr_2022.dat 3 2023 CLCI 3.58041
Model_1_goa_dr_2022.dat 3 2023 CUCI 3.58041
Model_1_goa_dr_2022.dat 3 2023 CMedian 3.58041
Model_1_goa_dr_2022.dat 3 2023 CMean 3.58041
Model_1_goa_dr_2022.dat 3 2024 Cabc 4.6223
Model_1_goa_dr_2022.dat 3 2024 Cofl 4.9419
Model_1_goa_dr_2022.dat 3 2024 CLCI 3.89506
Model_1_goa_dr_2022.dat 3 2024 CUCI 3.8956
Model_1_goa_dr_2022.dat 3 2024 CMedian 3.89521
Model_1_goa_dr_2022.dat 3 2024 CMean 3.89525
Model_1_goa_dr_2022.dat 3 2025 Cabc 4.6223
Model_1_goa_dr_2022.dat 3 2025 Cofl 4.9419
Model_1_goa_dr_2022.dat 3 2025 CLCI 3.70084
Model_1_goa_dr_2022.dat 3 2025 CUCI 3.70326
Model_1_goa_dr_2022.dat 3 2025 CMedian 3.70153
Model_1_goa_dr_2022.dat 3 2025 CMean 3.70172
Model_1_goa_dr_2022.dat 3 2026 Cabc 4.6223
Model_1_goa_dr_2022.dat 3 2026 Cofl 4.9419
Model_1_goa_dr_2022.dat 3 2026 CLCI 3.48876
Model_1_goa_dr_2022.dat 3 2026 CUCI 3.4983
Model_1_goa_dr_2022.dat 3 2026 CMedian 3.49153
Model_1_goa_dr_2022.dat 3 2026 CMean 3.49228
Model_1_goa_dr_2022.dat 3 2027 Cabc 4.6223
Model_1_goa_dr_2022.dat 3 2027 Cofl 4.9419
Model_1_goa_dr_2022.dat 3 2027 CLCI 3.27241
Model_1_goa_dr_2022.dat 3 2027 CUCI 3.30708
Model_1_goa_dr_2022.dat 3 2027 CMedian 3.2826
Model_1_goa_dr_2022.dat 3 2027 CMean 3.28528
Model_1_goa_dr_2022.dat 3 2028 Cabc 4.6223
Model_1_goa_dr_2022.dat 3 2028 Cofl 4.9419
Model_1_goa_dr_2022.dat 3 2028 CLCI 3.06814
Model_1_goa_dr_2022.dat 3 2028 CUCI 3.17625
Model_1_goa_dr_2022.dat 3 2028 CMedian 3.10047
Model_1_goa_dr_2022.dat 3 2028 CMean 3.10916
Model_1_goa_dr_2022.dat 3 2029 Cabc 4.6223
Model_1_goa_dr_2022.dat 3 2029 Cofl 4.9419
Model_1_goa_dr_2022.dat 3 2029 CLCI 2.88923
Model_1_goa_dr_2022.dat 3 2029 CUCI 3.16315
Model_1_goa_dr_2022.dat 3 2029 CMedian 2.97498
Model_1_goa_dr_2022.dat 3 2029 CMean 2.99438
Model_1_goa_dr_2022.dat 3 2030 Cabc 4.6223
Model_1_goa_dr_2022.dat 3 2030 Cofl 4.9419
Model_1_goa_dr_2022.dat 3 2030 CLCI 2.75067
Model_1_goa_dr_2022.dat 3 2030 CUCI 3.25551
Model_1_goa_dr_2022.dat 3 2030 CMedian 2.9172
Model_1_goa_dr_2022.dat 3 2030 CMean 2.94995
Model_1_goa_dr_2022.dat 3 2031 Cabc 4.6223
Model_1_goa_dr_2022.dat 3 2031 Cofl 4.9419
Model_1_goa_dr_2022.dat 3 2031 CLCI 2.66026
Model_1_goa_dr_2022.dat 3 2031 CUCI 3.37767
Model_1_goa_dr_2022.dat 3 2031 CMedian 2.90222
Model_1_goa_dr_2022.dat 3 2031 CMean 2.95164
Model_1_goa_dr_2022.dat 3 2032 Cabc 4.6223
Model_1_goa_dr_2022.dat 3 2032 Cofl 4.9419
Model_1_goa_dr_2022.dat 3 2032 CLCI 2.59655
Model_1_goa_dr_2022.dat 3 2032 CUCI 3.51336
Model_1_goa_dr_2022.dat 3 2032 CMedian 2.91461
Model_1_goa_dr_2022.dat 3 2032 CMean 2.97318
Model_1_goa_dr_2022.dat 3 2033 Cabc 4.6223
Model_1_goa_dr_2022.dat 3 2033 Cofl 4.9419
Model_1_goa_dr_2022.dat 3 2033 CLCI 2.54543
Model_1_goa_dr_2022.dat 3 2033 CUCI 3.62358
Model_1_goa_dr_2022.dat 3 2033 CMedian 2.94416
Model_1_goa_dr_2022.dat 3 2033 CMean 3.00013
Model_1_goa_dr_2022.dat 3 2034 Cabc 4.6223
Model_1_goa_dr_2022.dat 3 2034 Cofl 4.9419
Model_1_goa_dr_2022.dat 3 2034 CLCI 2.50796
Model_1_goa_dr_2022.dat 3 2034 CUCI 3.70563
Model_1_goa_dr_2022.dat 3 2034 CMedian 2.97491
Model_1_goa_dr_2022.dat 3 2034 CMean 3.02763
Model_1_goa_dr_2022.dat 3 2035 Cabc 4.6223
Model_1_goa_dr_2022.dat 3 2035 Cofl 4.9419
Model_1_goa_dr_2022.dat 3 2035 CLCI 2.48841
Model_1_goa_dr_2022.dat 3 2035 CUCI 3.77553
Model_1_goa_dr_2022.dat 3 2035 CMedian 3.00547
Model_1_goa_dr_2022.dat 3 2035 CMean 3.05615
Model_1_goa_dr_2022.dat 3 2022 SSBF100 65.5649
Model_1_goa_dr_2022.dat 3 2022 SSBFabc 26.2259
Model_1_goa_dr_2022.dat 3 2022 SSBFofl 22.9477
Model_1_goa_dr_2022.dat 3 2022 SSBLCI 45.0556
Model_1_goa_dr_2022.dat 3 2022 SSBUCI 45.0556
Model_1_goa_dr_2022.dat 3 2022 SSBMedian 45.0556
Model_1_goa_dr_2022.dat 3 2022 SSBMean 45.0556
Model_1_goa_dr_2022.dat 3 2023 SSBF100 65.5649
Model_1_goa_dr_2022.dat 3 2023 SSBFabc 26.2259
Model_1_goa_dr_2022.dat 3 2023 SSBFofl 22.9477
Model_1_goa_dr_2022.dat 3 2023 SSBLCI 44.6122
Model_1_goa_dr_2022.dat 3 2023 SSBUCI 44.639
Model_1_goa_dr_2022.dat 3 2023 SSBMedian 44.6191
Model_1_goa_dr_2022.dat 3 2023 SSBMean 44.6216
Model_1_goa_dr_2022.dat 3 2024 SSBF100 65.5649
Model_1_goa_dr_2022.dat 3 2024 SSBFabc 26.2259
Model_1_goa_dr_2022.dat 3 2024 SSBFofl 22.9477
Model_1_goa_dr_2022.dat 3 2024 SSBLCI 43.1832
Model_1_goa_dr_2022.dat 3 2024 SSBUCI 43.2695
Model_1_goa_dr_2022.dat 3 2024 SSBMedian 43.209
Model_1_goa_dr_2022.dat 3 2024 SSBMean 43.2158
Model_1_goa_dr_2022.dat 3 2025 SSBF100 65.5649
Model_1_goa_dr_2022.dat 3 2025 SSBFabc 26.2259
Model_1_goa_dr_2022.dat 3 2025 SSBFofl 22.9477
Model_1_goa_dr_2022.dat 3 2025 SSBLCI 41.2235
Model_1_goa_dr_2022.dat 3 2025 SSBUCI 41.4537
Model_1_goa_dr_2022.dat 3 2025 SSBMedian 41.2934
Model_1_goa_dr_2022.dat 3 2025 SSBMean 41.312
Model_1_goa_dr_2022.dat 3 2026 SSBF100 65.5649
Model_1_goa_dr_2022.dat 3 2026 SSBFabc 26.2259
Model_1_goa_dr_2022.dat 3 2026 SSBFofl 22.9477
Model_1_goa_dr_2022.dat 3 2026 SSBLCI 39.0739
Model_1_goa_dr_2022.dat 3 2026 SSBUCI 39.6096
Model_1_goa_dr_2022.dat 3 2026 SSBMedian 39.2445
Model_1_goa_dr_2022.dat 3 2026 SSBMean 39.2833
Model_1_goa_dr_2022.dat 3 2027 SSBF100 65.5649
Model_1_goa_dr_2022.dat 3 2027 SSBFabc 26.2259
Model_1_goa_dr_2022.dat 3 2027 SSBFofl 22.9477
Model_1_goa_dr_2022.dat 3 2027 SSBLCI 36.8891
Model_1_goa_dr_2022.dat 3 2027 SSBUCI 38.0238
Model_1_goa_dr_2022.dat 3 2027 SSBMedian 37.2666
Model_1_goa_dr_2022.dat 3 2027 SSBMean 37.3357
Model_1_goa_dr_2022.dat 3 2028 SSBF100 65.5649
Model_1_goa_dr_2022.dat 3 2028 SSBFabc 26.2259
Model_1_goa_dr_2022.dat 3 2028 SSBFofl 22.9477
Model_1_goa_dr_2022.dat 3 2028 SSBLCI 34.8179
Model_1_goa_dr_2022.dat 3 2028 SSBUCI 36.9714
Model_1_goa_dr_2022.dat 3 2028 SSBMedian 35.5343
Model_1_goa_dr_2022.dat 3 2028 SSBMean 35.6772
Model_1_goa_dr_2022.dat 3 2029 SSBF100 65.5649
Model_1_goa_dr_2022.dat 3 2029 SSBFabc 26.2259
Model_1_goa_dr_2022.dat 3 2029 SSBFofl 22.9477
Model_1_goa_dr_2022.dat 3 2029 SSBLCI 32.9985
Model_1_goa_dr_2022.dat 3 2029 SSBUCI 36.7039
Model_1_goa_dr_2022.dat 3 2029 SSBMedian 34.2348
Model_1_goa_dr_2022.dat 3 2029 SSBMean 34.4643
Model_1_goa_dr_2022.dat 3 2030 SSBF100 65.5649
Model_1_goa_dr_2022.dat 3 2030 SSBFabc 26.2259
Model_1_goa_dr_2022.dat 3 2030 SSBFofl 22.9477
Model_1_goa_dr_2022.dat 3 2030 SSBLCI 31.5209
Model_1_goa_dr_2022.dat 3 2030 SSBUCI 37.0153
Model_1_goa_dr_2022.dat 3 2030 SSBMedian 33.3742
Model_1_goa_dr_2022.dat 3 2030 SSBMean 33.756
Model_1_goa_dr_2022.dat 3 2031 SSBF100 65.5649
Model_1_goa_dr_2022.dat 3 2031 SSBFabc 26.2259
Model_1_goa_dr_2022.dat 3 2031 SSBFofl 22.9477
Model_1_goa_dr_2022.dat 3 2031 SSBLCI 30.4251
Model_1_goa_dr_2022.dat 3 2031 SSBUCI 37.7965
Model_1_goa_dr_2022.dat 3 2031 SSBMedian 33.0262
Model_1_goa_dr_2022.dat 3 2031 SSBMean 33.4765
Model_1_goa_dr_2022.dat 3 2032 SSBF100 65.5649
Model_1_goa_dr_2022.dat 3 2032 SSBFabc 26.2259
Model_1_goa_dr_2022.dat 3 2032 SSBFofl 22.9477
Model_1_goa_dr_2022.dat 3 2032 SSBLCI 29.5675
Model_1_goa_dr_2022.dat 3 2032 SSBUCI 39.0314
Model_1_goa_dr_2022.dat 3 2032 SSBMedian 32.9437
Model_1_goa_dr_2022.dat 3 2032 SSBMean 33.4881
Model_1_goa_dr_2022.dat 3 2033 SSBF100 65.5649
Model_1_goa_dr_2022.dat 3 2033 SSBFabc 26.2259
Model_1_goa_dr_2022.dat 3 2033 SSBFofl 22.9477
Model_1_goa_dr_2022.dat 3 2033 SSBLCI 28.9615
Model_1_goa_dr_2022.dat 3 2033 SSBUCI 40.1891
Model_1_goa_dr_2022.dat 3 2033 SSBMedian 33.1627
Model_1_goa_dr_2022.dat 3 2033 SSBMean 33.6693
Model_1_goa_dr_2022.dat 3 2034 SSBF100 65.5649
Model_1_goa_dr_2022.dat 3 2034 SSBFabc 26.2259
Model_1_goa_dr_2022.dat 3 2034 SSBFofl 22.9477
Model_1_goa_dr_2022.dat 3 2034 SSBLCI 28.5109
Model_1_goa_dr_2022.dat 3 2034 SSBUCI 41.1186
Model_1_goa_dr_2022.dat 3 2034 SSBMedian 33.4179
Model_1_goa_dr_2022.dat 3 2034 SSBMean 33.9355
Model_1_goa_dr_2022.dat 3 2035 SSBF100 65.5649
Model_1_goa_dr_2022.dat 3 2035 SSBFabc 26.2259
Model_1_goa_dr_2022.dat 3 2035 SSBFofl 22.9477
Model_1_goa_dr_2022.dat 3 2035 SSBLCI 28.4015
Model_1_goa_dr_2022.dat 3 2035 SSBUCI 41.7244
Model_1_goa_dr_2022.dat 3 2035 SSBMedian 33.7997
Model_1_goa_dr_2022.dat 3 2035 SSBMean 34.2406
Model_1_goa_dr_2022.dat 3 2022 F0 0 
Model_1_goa_dr_2022.dat 3 2022 Fabc 0.0913417
Model_1_goa_dr_2022.dat 3 2022 Fofl 0.112301
Model_1_goa_dr_2022.dat 3 2022  F_LCI 0.028508
Model_1_goa_dr_2022.dat 3 2022  F_UCI 0.028508
Model_1_goa_dr_2022.dat 3 2022  F_Median 0.028508
Model_1_goa_dr_2022.dat 3 2022  F_Mean 0.028508
Model_1_goa_dr_2022.dat 3 2023 F0 0 
Model_1_goa_dr_2022.dat 3 2023 Fabc 0.0913417
Model_1_goa_dr_2022.dat 3 2023 Fofl 0.112301
Model_1_goa_dr_2022.dat 3 2023  F_LCI 0.0403036
Model_1_goa_dr_2022.dat 3 2023  F_UCI 0.0403047
Model_1_goa_dr_2022.dat 3 2023  F_Median 0.0403044
Model_1_goa_dr_2022.dat 3 2023  F_Mean 0.0403043
Model_1_goa_dr_2022.dat 3 2024 F0 0 
Model_1_goa_dr_2022.dat 3 2024 Fabc 0.0913417
Model_1_goa_dr_2022.dat 3 2024 Fofl 0.112301
Model_1_goa_dr_2022.dat 3 2024  F_LCI 0.0456709
Model_1_goa_dr_2022.dat 3 2024  F_UCI 0.0456709
Model_1_goa_dr_2022.dat 3 2024  F_Median 0.0456709
Model_1_goa_dr_2022.dat 3 2024  F_Mean 0.0456709
Model_1_goa_dr_2022.dat 3 2025 F0 0 
Model_1_goa_dr_2022.dat 3 2025 Fabc 0.0913417
Model_1_goa_dr_2022.dat 3 2025 Fofl 0.112301
Model_1_goa_dr_2022.dat 3 2025  F_LCI 0.0456709
Model_1_goa_dr_2022.dat 3 2025  F_UCI 0.0456709
Model_1_goa_dr_2022.dat 3 2025  F_Median 0.0456709
Model_1_goa_dr_2022.dat 3 2025  F_Mean 0.0456709
Model_1_goa_dr_2022.dat 3 2026 F0 0 
Model_1_goa_dr_2022.dat 3 2026 Fabc 0.0913417
Model_1_goa_dr_2022.dat 3 2026 Fofl 0.112301
Model_1_goa_dr_2022.dat 3 2026  F_LCI 0.0456709
Model_1_goa_dr_2022.dat 3 2026  F_UCI 0.0456709
Model_1_goa_dr_2022.dat 3 2026  F_Median 0.0456709
Model_1_goa_dr_2022.dat 3 2026  F_Mean 0.0456709
Model_1_goa_dr_2022.dat 3 2027 F0 0 
Model_1_goa_dr_2022.dat 3 2027 Fabc 0.0913417
Model_1_goa_dr_2022.dat 3 2027 Fofl 0.112301
Model_1_goa_dr_2022.dat 3 2027  F_LCI 0.0456709
Model_1_goa_dr_2022.dat 3 2027  F_UCI 0.0456709
Model_1_goa_dr_2022.dat 3 2027  F_Median 0.0456709
Model_1_goa_dr_2022.dat 3 2027  F_Mean 0.0456709
Model_1_goa_dr_2022.dat 3 2028 F0 0 
Model_1_goa_dr_2022.dat 3 2028 Fabc 0.0913417
Model_1_goa_dr_2022.dat 3 2028 Fofl 0.112301
Model_1_goa_dr_2022.dat 3 2028  F_LCI 0.0456709
Model_1_goa_dr_2022.dat 3 2028  F_UCI 0.0456709
Model_1_goa_dr_2022.dat 3 2028  F_Median 0.0456709
Model_1_goa_dr_2022.dat 3 2028  F_Mean 0.0456709
Model_1_goa_dr_2022.dat 3 2029 F0 0 
Model_1_goa_dr_2022.dat 3 2029 Fabc 0.0913417
Model_1_goa_dr_2022.dat 3 2029 Fofl 0.112301
Model_1_goa_dr_2022.dat 3 2029  F_LCI 0.0456709
Model_1_goa_dr_2022.dat 3 2029  F_UCI 0.0456709
Model_1_goa_dr_2022.dat 3 2029  F_Median 0.0456709
Model_1_goa_dr_2022.dat 3 2029  F_Mean 0.0456709
Model_1_goa_dr_2022.dat 3 2030 F0 0 
Model_1_goa_dr_2022.dat 3 2030 Fabc 0.0913417
Model_1_goa_dr_2022.dat 3 2030 Fofl 0.112301
Model_1_goa_dr_2022.dat 3 2030  F_LCI 0.0456709
Model_1_goa_dr_2022.dat 3 2030  F_UCI 0.0456709
Model_1_goa_dr_2022.dat 3 2030  F_Median 0.0456709
Model_1_goa_dr_2022.dat 3 2030  F_Mean 0.0456709
Model_1_goa_dr_2022.dat 3 2031 F0 0 
Model_1_goa_dr_2022.dat 3 2031 Fabc 0.0913417
Model_1_goa_dr_2022.dat 3 2031 Fofl 0.112301
Model_1_goa_dr_2022.dat 3 2031  F_LCI 0.0456709
Model_1_goa_dr_2022.dat 3 2031  F_UCI 0.0456709
Model_1_goa_dr_2022.dat 3 2031  F_Median 0.0456709
Model_1_goa_dr_2022.dat 3 2031  F_Mean 0.0456709
Model_1_goa_dr_2022.dat 3 2032 F0 0 
Model_1_goa_dr_2022.dat 3 2032 Fabc 0.0913417
Model_1_goa_dr_2022.dat 3 2032 Fofl 0.112301
Model_1_goa_dr_2022.dat 3 2032  F_LCI 0.0456709
Model_1_goa_dr_2022.dat 3 2032  F_UCI 0.0456709
Model_1_goa_dr_2022.dat 3 2032  F_Median 0.0456709
Model_1_goa_dr_2022.dat 3 2032  F_Mean 0.0456709
Model_1_goa_dr_2022.dat 3 2033 F0 0 
Model_1_goa_dr_2022.dat 3 2033 Fabc 0.0913417
Model_1_goa_dr_2022.dat 3 2033 Fofl 0.112301
Model_1_goa_dr_2022.dat 3 2033  F_LCI 0.0456709
Model_1_goa_dr_2022.dat 3 2033  F_UCI 0.0456709
Model_1_goa_dr_2022.dat 3 2033  F_Median 0.0456709
Model_1_goa_dr_2022.dat 3 2033  F_Mean 0.0456709
Model_1_goa_dr_2022.dat 3 2034 F0 0 
Model_1_goa_dr_2022.dat 3 2034 Fabc 0.0913417
Model_1_goa_dr_2022.dat 3 2034 Fofl 0.112301
Model_1_goa_dr_2022.dat 3 2034  F_LCI 0.0456709
Model_1_goa_dr_2022.dat 3 2034  F_UCI 0.0456709
Model_1_goa_dr_2022.dat 3 2034  F_Median 0.0456709
Model_1_goa_dr_2022.dat 3 2034  F_Mean 0.0456683
Model_1_goa_dr_2022.dat 3 2035 F0 0 
Model_1_goa_dr_2022.dat 3 2035 Fabc 0.0913417
Model_1_goa_dr_2022.dat 3 2035 Fofl 0.112301
Model_1_goa_dr_2022.dat 3 2035  F_LCI 0.0456709
Model_1_goa_dr_2022.dat 3 2035  F_UCI 0.0456709
Model_1_goa_dr_2022.dat 3 2035  F_Median 0.0456709
Model_1_goa_dr_2022.dat 3 2035  F_Mean 0.0456621
Model_1_goa_dr_2022.dat 4 2022 Cabc 4.6223
Model_1_goa_dr_2022.dat 4 2022 Cofl 4.9419
Model_1_goa_dr_2022.dat 4 2022 CLCI 2.58601
Model_1_goa_dr_2022.dat 4 2022 CUCI 2.58601
Model_1_goa_dr_2022.dat 4 2022 CMedian 2.58601
Model_1_goa_dr_2022.dat 4 2022 CMean 2.58601
Model_1_goa_dr_2022.dat 4 2023 Cabc 4.6223
Model_1_goa_dr_2022.dat 4 2023 Cofl 4.9419
Model_1_goa_dr_2022.dat 4 2023 CLCI 3.58041
Model_1_goa_dr_2022.dat 4 2023 CUCI 3.58041
Model_1_goa_dr_2022.dat 4 2023 CMedian 3.58041
Model_1_goa_dr_2022.dat 4 2023 CMean 3.58041
Model_1_goa_dr_2022.dat 4 2024 Cabc 4.6223
Model_1_goa_dr_2022.dat 4 2024 Cofl 4.9419
Model_1_goa_dr_2022.dat 4 2024 CLCI 2.62722
Model_1_goa_dr_2022.dat 4 2024 CUCI 2.62758
Model_1_goa_dr_2022.dat 4 2024 CMedian 2.62732
Model_1_goa_dr_2022.dat 4 2024 CMean 2.62735
Model_1_goa_dr_2022.dat 4 2025 Cabc 4.6223
Model_1_goa_dr_2022.dat 4 2025 Cofl 4.9419
Model_1_goa_dr_2022.dat 4 2025 CLCI 2.53236
Model_1_goa_dr_2022.dat 4 2025 CUCI 2.53398
Model_1_goa_dr_2022.dat 4 2025 CMedian 2.53282
Model_1_goa_dr_2022.dat 4 2025 CMean 2.53295
Model_1_goa_dr_2022.dat 4 2026 Cabc 4.6223
Model_1_goa_dr_2022.dat 4 2026 Cofl 4.9419
Model_1_goa_dr_2022.dat 4 2026 CLCI 2.42126
Model_1_goa_dr_2022.dat 4 2026 CUCI 2.42765
Model_1_goa_dr_2022.dat 4 2026 CMedian 2.42312
Model_1_goa_dr_2022.dat 4 2026 CMean 2.42361
Model_1_goa_dr_2022.dat 4 2027 Cabc 4.6223
Model_1_goa_dr_2022.dat 4 2027 Cofl 4.9419
Model_1_goa_dr_2022.dat 4 2027 CLCI 2.30276
Model_1_goa_dr_2022.dat 4 2027 CUCI 2.326
Model_1_goa_dr_2022.dat 4 2027 CMedian 2.30959
Model_1_goa_dr_2022.dat 4 2027 CMean 2.31138
Model_1_goa_dr_2022.dat 4 2028 Cabc 4.6223
Model_1_goa_dr_2022.dat 4 2028 Cofl 4.9419
Model_1_goa_dr_2022.dat 4 2028 CLCI 2.18795
Model_1_goa_dr_2022.dat 4 2028 CUCI 2.26053
Model_1_goa_dr_2022.dat 4 2028 CMedian 2.20966
Model_1_goa_dr_2022.dat 4 2028 CMean 2.21548
Model_1_goa_dr_2022.dat 4 2029 Cabc 4.6223
Model_1_goa_dr_2022.dat 4 2029 Cofl 4.9419
Model_1_goa_dr_2022.dat 4 2029 CLCI 2.08611
Model_1_goa_dr_2022.dat 4 2029 CUCI 2.27085
Model_1_goa_dr_2022.dat 4 2029 CMedian 2.14373
Model_1_goa_dr_2022.dat 4 2029 CMean 2.15696
Model_1_goa_dr_2022.dat 4 2030 Cabc 4.6223
Model_1_goa_dr_2022.dat 4 2030 Cofl 4.9419
Model_1_goa_dr_2022.dat 4 2030 CLCI 2.00796
Model_1_goa_dr_2022.dat 4 2030 CUCI 2.35068
Model_1_goa_dr_2022.dat 4 2030 CMedian 2.12081
Model_1_goa_dr_2022.dat 4 2030 CMean 2.14308
Model_1_goa_dr_2022.dat 4 2031 Cabc 4.6223
Model_1_goa_dr_2022.dat 4 2031 Cofl 4.9419
Model_1_goa_dr_2022.dat 4 2031 CLCI 1.9598
Model_1_goa_dr_2022.dat 4 2031 CUCI 2.45145
Model_1_goa_dr_2022.dat 4 2031 CMedian 2.12495
Model_1_goa_dr_2022.dat 4 2031 CMean 2.15867
Model_1_goa_dr_2022.dat 4 2032 Cabc 4.6223
Model_1_goa_dr_2022.dat 4 2032 Cofl 4.9419
Model_1_goa_dr_2022.dat 4 2032 CLCI 1.92751
Model_1_goa_dr_2022.dat 4 2032 CUCI 2.55999
Model_1_goa_dr_2022.dat 4 2032 CMedian 2.14786
Model_1_goa_dr_2022.dat 4 2032 CMean 2.18668
Model_1_goa_dr_2022.dat 4 2033 Cabc 4.6223
Model_1_goa_dr_2022.dat 4 2033 Cofl 4.9419
Model_1_goa_dr_2022.dat 4 2033 CLCI 1.90193
Model_1_goa_dr_2022.dat 4 2033 CUCI 2.65281
Model_1_goa_dr_2022.dat 4 2033 CMedian 2.18035
Model_1_goa_dr_2022.dat 4 2033 CMean 2.2176
Model_1_goa_dr_2022.dat 4 2034 Cabc 4.6223
Model_1_goa_dr_2022.dat 4 2034 Cofl 4.9419
Model_1_goa_dr_2022.dat 4 2034 CLCI 1.88474
Model_1_goa_dr_2022.dat 4 2034 CUCI 2.72518
Model_1_goa_dr_2022.dat 4 2034 CMedian 2.21128
Model_1_goa_dr_2022.dat 4 2034 CMean 2.24825
Model_1_goa_dr_2022.dat 4 2035 Cabc 4.6223
Model_1_goa_dr_2022.dat 4 2035 Cofl 4.9419
Model_1_goa_dr_2022.dat 4 2035 CLCI 1.88251
Model_1_goa_dr_2022.dat 4 2035 CUCI 2.78605
Model_1_goa_dr_2022.dat 4 2035 CMedian 2.24191
Model_1_goa_dr_2022.dat 4 2035 CMean 2.27898
Model_1_goa_dr_2022.dat 4 2022 SSBF100 65.5649
Model_1_goa_dr_2022.dat 4 2022 SSBFabc 26.2259
Model_1_goa_dr_2022.dat 4 2022 SSBFofl 22.9477
Model_1_goa_dr_2022.dat 4 2022 SSBLCI 45.0556
Model_1_goa_dr_2022.dat 4 2022 SSBUCI 45.0556
Model_1_goa_dr_2022.dat 4 2022 SSBMedian 45.0556
Model_1_goa_dr_2022.dat 4 2022 SSBMean 45.0556
Model_1_goa_dr_2022.dat 4 2023 SSBF100 65.5649
Model_1_goa_dr_2022.dat 4 2023 SSBFabc 26.2259
Model_1_goa_dr_2022.dat 4 2023 SSBFofl 22.9477
Model_1_goa_dr_2022.dat 4 2023 SSBLCI 44.6122
Model_1_goa_dr_2022.dat 4 2023 SSBUCI 44.639
Model_1_goa_dr_2022.dat 4 2023 SSBMedian 44.6191
Model_1_goa_dr_2022.dat 4 2023 SSBMean 44.6216
Model_1_goa_dr_2022.dat 4 2024 SSBF100 65.5649
Model_1_goa_dr_2022.dat 4 2024 SSBFabc 26.2259
Model_1_goa_dr_2022.dat 4 2024 SSBFofl 22.9477
Model_1_goa_dr_2022.dat 4 2024 SSBLCI 43.2881
Model_1_goa_dr_2022.dat 4 2024 SSBUCI 43.3744
Model_1_goa_dr_2022.dat 4 2024 SSBMedian 43.3139
Model_1_goa_dr_2022.dat 4 2024 SSBMean 43.3208
Model_1_goa_dr_2022.dat 4 2025 SSBF100 65.5649
Model_1_goa_dr_2022.dat 4 2025 SSBFabc 26.2259
Model_1_goa_dr_2022.dat 4 2025 SSBFofl 22.9477
Model_1_goa_dr_2022.dat 4 2025 SSBLCI 41.9194
Model_1_goa_dr_2022.dat 4 2025 SSBUCI 42.1497
Model_1_goa_dr_2022.dat 4 2025 SSBMedian 41.9894
Model_1_goa_dr_2022.dat 4 2025 SSBMean 42.008
Model_1_goa_dr_2022.dat 4 2026 SSBF100 65.5649
Model_1_goa_dr_2022.dat 4 2026 SSBFabc 26.2259
Model_1_goa_dr_2022.dat 4 2026 SSBFofl 22.9477
Model_1_goa_dr_2022.dat 4 2026 SSBLCI 40.2968
Model_1_goa_dr_2022.dat 4 2026 SSBUCI 40.8327
Model_1_goa_dr_2022.dat 4 2026 SSBMedian 40.4675
Model_1_goa_dr_2022.dat 4 2026 SSBMean 40.5062
Model_1_goa_dr_2022.dat 4 2027 SSBF100 65.5649
Model_1_goa_dr_2022.dat 4 2027 SSBFabc 26.2259
Model_1_goa_dr_2022.dat 4 2027 SSBFofl 22.9477
Model_1_goa_dr_2022.dat 4 2027 SSBLCI 38.5683
Model_1_goa_dr_2022.dat 4 2027 SSBUCI 39.7037
Model_1_goa_dr_2022.dat 4 2027 SSBMedian 38.9461
Model_1_goa_dr_2022.dat 4 2027 SSBMean 39.0152
Model_1_goa_dr_2022.dat 4 2028 SSBF100 65.5649
Model_1_goa_dr_2022.dat 4 2028 SSBFabc 26.2259
Model_1_goa_dr_2022.dat 4 2028 SSBFofl 22.9477
Model_1_goa_dr_2022.dat 4 2028 SSBLCI 36.8817
Model_1_goa_dr_2022.dat 4 2028 SSBUCI 39.0398
Model_1_goa_dr_2022.dat 4 2028 SSBMedian 37.5988
Model_1_goa_dr_2022.dat 4 2028 SSBMean 37.7423
Model_1_goa_dr_2022.dat 4 2029 SSBF100 65.5649
Model_1_goa_dr_2022.dat 4 2029 SSBFabc 26.2259
Model_1_goa_dr_2022.dat 4 2029 SSBFofl 22.9477
Model_1_goa_dr_2022.dat 4 2029 SSBLCI 35.3809
Model_1_goa_dr_2022.dat 4 2029 SSBUCI 39.1032
Model_1_goa_dr_2022.dat 4 2029 SSBMedian 36.6196
Model_1_goa_dr_2022.dat 4 2029 SSBMean 36.8507
Model_1_goa_dr_2022.dat 4 2030 SSBF100 65.5649
Model_1_goa_dr_2022.dat 4 2030 SSBFabc 26.2259
Model_1_goa_dr_2022.dat 4 2030 SSBFofl 22.9477
Model_1_goa_dr_2022.dat 4 2030 SSBLCI 34.1596
Model_1_goa_dr_2022.dat 4 2030 SSBUCI 39.7187
Model_1_goa_dr_2022.dat 4 2030 SSBMedian 36.0283
Model_1_goa_dr_2022.dat 4 2030 SSBMean 36.414
Model_1_goa_dr_2022.dat 4 2031 SSBF100 65.5649
Model_1_goa_dr_2022.dat 4 2031 SSBFabc 26.2259
Model_1_goa_dr_2022.dat 4 2031 SSBFofl 22.9477
Model_1_goa_dr_2022.dat 4 2031 SSBLCI 33.2813
Model_1_goa_dr_2022.dat 4 2031 SSBUCI 40.7857
Model_1_goa_dr_2022.dat 4 2031 SSBMedian 35.9004
Model_1_goa_dr_2022.dat 4 2031 SSBMean 36.3738
Model_1_goa_dr_2022.dat 4 2032 SSBF100 65.5649
Model_1_goa_dr_2022.dat 4 2032 SSBFabc 26.2259
Model_1_goa_dr_2022.dat 4 2032 SSBFofl 22.9477
Model_1_goa_dr_2022.dat 4 2032 SSBLCI 32.5993
Model_1_goa_dr_2022.dat 4 2032 SSBUCI 42.2641
Model_1_goa_dr_2022.dat 4 2032 SSBMedian 36.0519
Model_1_goa_dr_2022.dat 4 2032 SSBMean 36.6058
Model_1_goa_dr_2022.dat 4 2033 SSBF100 65.5649
Model_1_goa_dr_2022.dat 4 2033 SSBFabc 26.2259
Model_1_goa_dr_2022.dat 4 2033 SSBFofl 22.9477
Model_1_goa_dr_2022.dat 4 2033 SSBLCI 32.1429
Model_1_goa_dr_2022.dat 4 2033 SSBUCI 43.7319
Model_1_goa_dr_2022.dat 4 2033 SSBMedian 36.4436
Model_1_goa_dr_2022.dat 4 2033 SSBMean 36.9958
Model_1_goa_dr_2022.dat 4 2034 SSBF100 65.5649
Model_1_goa_dr_2022.dat 4 2034 SSBFabc 26.2259
Model_1_goa_dr_2022.dat 4 2034 SSBFofl 22.9477
Model_1_goa_dr_2022.dat 4 2034 SSBLCI 31.8701
Model_1_goa_dr_2022.dat 4 2034 SSBUCI 45.0413
Model_1_goa_dr_2022.dat 4 2034 SSBMedian 36.8794
Model_1_goa_dr_2022.dat 4 2034 SSBMean 37.461
Model_1_goa_dr_2022.dat 4 2035 SSBF100 65.5649
Model_1_goa_dr_2022.dat 4 2035 SSBFabc 26.2259
Model_1_goa_dr_2022.dat 4 2035 SSBFofl 22.9477
Model_1_goa_dr_2022.dat 4 2035 SSBLCI 31.8389
Model_1_goa_dr_2022.dat 4 2035 SSBUCI 45.8575
Model_1_goa_dr_2022.dat 4 2035 SSBMedian 37.4366
Model_1_goa_dr_2022.dat 4 2035 SSBMean 37.9553
Model_1_goa_dr_2022.dat 4 2022 F0 0 
Model_1_goa_dr_2022.dat 4 2022 Fabc 0.0913417
Model_1_goa_dr_2022.dat 4 2022 Fofl 0.112301
Model_1_goa_dr_2022.dat 4 2022  F_LCI 0.028508
Model_1_goa_dr_2022.dat 4 2022  F_UCI 0.028508
Model_1_goa_dr_2022.dat 4 2022  F_Median 0.028508
Model_1_goa_dr_2022.dat 4 2022  F_Mean 0.028508
Model_1_goa_dr_2022.dat 4 2023 F0 0 
Model_1_goa_dr_2022.dat 4 2023 Fabc 0.0913417
Model_1_goa_dr_2022.dat 4 2023 Fofl 0.112301
Model_1_goa_dr_2022.dat 4 2023  F_LCI 0.0403036
Model_1_goa_dr_2022.dat 4 2023  F_UCI 0.0403047
Model_1_goa_dr_2022.dat 4 2023  F_Median 0.0403044
Model_1_goa_dr_2022.dat 4 2023  F_Mean 0.0403043
Model_1_goa_dr_2022.dat 4 2024 F0 0 
Model_1_goa_dr_2022.dat 4 2024 Fabc 0.0913417
Model_1_goa_dr_2022.dat 4 2024 Fofl 0.112301
Model_1_goa_dr_2022.dat 4 2024  F_LCI 0.0305845
Model_1_goa_dr_2022.dat 4 2024  F_UCI 0.0305845
Model_1_goa_dr_2022.dat 4 2024  F_Median 0.0305845
Model_1_goa_dr_2022.dat 4 2024  F_Mean 0.0305845
Model_1_goa_dr_2022.dat 4 2025 F0 0 
Model_1_goa_dr_2022.dat 4 2025 Fabc 0.0913417
Model_1_goa_dr_2022.dat 4 2025 Fofl 0.112301
Model_1_goa_dr_2022.dat 4 2025  F_LCI 0.0305845
Model_1_goa_dr_2022.dat 4 2025  F_UCI 0.0305845
Model_1_goa_dr_2022.dat 4 2025  F_Median 0.0305845
Model_1_goa_dr_2022.dat 4 2025  F_Mean 0.0305845
Model_1_goa_dr_2022.dat 4 2026 F0 0 
Model_1_goa_dr_2022.dat 4 2026 Fabc 0.0913417
Model_1_goa_dr_2022.dat 4 2026 Fofl 0.112301
Model_1_goa_dr_2022.dat 4 2026  F_LCI 0.0305845
Model_1_goa_dr_2022.dat 4 2026  F_UCI 0.0305845
Model_1_goa_dr_2022.dat 4 2026  F_Median 0.0305845
Model_1_goa_dr_2022.dat 4 2026  F_Mean 0.0305845
Model_1_goa_dr_2022.dat 4 2027 F0 0 
Model_1_goa_dr_2022.dat 4 2027 Fabc 0.0913417
Model_1_goa_dr_2022.dat 4 2027 Fofl 0.112301
Model_1_goa_dr_2022.dat 4 2027  F_LCI 0.0305845
Model_1_goa_dr_2022.dat 4 2027  F_UCI 0.0305845
Model_1_goa_dr_2022.dat 4 2027  F_Median 0.0305845
Model_1_goa_dr_2022.dat 4 2027  F_Mean 0.0305845
Model_1_goa_dr_2022.dat 4 2028 F0 0 
Model_1_goa_dr_2022.dat 4 2028 Fabc 0.0913417
Model_1_goa_dr_2022.dat 4 2028 Fofl 0.112301
Model_1_goa_dr_2022.dat 4 2028  F_LCI 0.0305845
Model_1_goa_dr_2022.dat 4 2028  F_UCI 0.0305845
Model_1_goa_dr_2022.dat 4 2028  F_Median 0.0305845
Model_1_goa_dr_2022.dat 4 2028  F_Mean 0.0305845
Model_1_goa_dr_2022.dat 4 2029 F0 0 
Model_1_goa_dr_2022.dat 4 2029 Fabc 0.0913417
Model_1_goa_dr_2022.dat 4 2029 Fofl 0.112301
Model_1_goa_dr_2022.dat 4 2029  F_LCI 0.0305845
Model_1_goa_dr_2022.dat 4 2029  F_UCI 0.0305845
Model_1_goa_dr_2022.dat 4 2029  F_Median 0.0305845
Model_1_goa_dr_2022.dat 4 2029  F_Mean 0.0305845
Model_1_goa_dr_2022.dat 4 2030 F0 0 
Model_1_goa_dr_2022.dat 4 2030 Fabc 0.0913417
Model_1_goa_dr_2022.dat 4 2030 Fofl 0.112301
Model_1_goa_dr_2022.dat 4 2030  F_LCI 0.0305845
Model_1_goa_dr_2022.dat 4 2030  F_UCI 0.0305845
Model_1_goa_dr_2022.dat 4 2030  F_Median 0.0305845
Model_1_goa_dr_2022.dat 4 2030  F_Mean 0.0305845
Model_1_goa_dr_2022.dat 4 2031 F0 0 
Model_1_goa_dr_2022.dat 4 2031 Fabc 0.0913417
Model_1_goa_dr_2022.dat 4 2031 Fofl 0.112301
Model_1_goa_dr_2022.dat 4 2031  F_LCI 0.0305845
Model_1_goa_dr_2022.dat 4 2031  F_UCI 0.0305845
Model_1_goa_dr_2022.dat 4 2031  F_Median 0.0305845
Model_1_goa_dr_2022.dat 4 2031  F_Mean 0.0305845
Model_1_goa_dr_2022.dat 4 2032 F0 0 
Model_1_goa_dr_2022.dat 4 2032 Fabc 0.0913417
Model_1_goa_dr_2022.dat 4 2032 Fofl 0.112301
Model_1_goa_dr_2022.dat 4 2032  F_LCI 0.0305845
Model_1_goa_dr_2022.dat 4 2032  F_UCI 0.0305845
Model_1_goa_dr_2022.dat 4 2032  F_Median 0.0305845
Model_1_goa_dr_2022.dat 4 2032  F_Mean 0.0305845
Model_1_goa_dr_2022.dat 4 2033 F0 0 
Model_1_goa_dr_2022.dat 4 2033 Fabc 0.0913417
Model_1_goa_dr_2022.dat 4 2033 Fofl 0.112301
Model_1_goa_dr_2022.dat 4 2033  F_LCI 0.0305845
Model_1_goa_dr_2022.dat 4 2033  F_UCI 0.0305845
Model_1_goa_dr_2022.dat 4 2033  F_Median 0.0305845
Model_1_goa_dr_2022.dat 4 2033  F_Mean 0.0305845
Model_1_goa_dr_2022.dat 4 2034 F0 0 
Model_1_goa_dr_2022.dat 4 2034 Fabc 0.0913417
Model_1_goa_dr_2022.dat 4 2034 Fofl 0.112301
Model_1_goa_dr_2022.dat 4 2034  F_LCI 0.0305845
Model_1_goa_dr_2022.dat 4 2034  F_UCI 0.0305845
Model_1_goa_dr_2022.dat 4 2034  F_Median 0.0305845
Model_1_goa_dr_2022.dat 4 2034  F_Mean 0.0305845
Model_1_goa_dr_2022.dat 4 2035 F0 0 
Model_1_goa_dr_2022.dat 4 2035 Fabc 0.0913417
Model_1_goa_dr_2022.dat 4 2035 Fofl 0.112301
Model_1_goa_dr_2022.dat 4 2035  F_LCI 0.0305845
Model_1_goa_dr_2022.dat 4 2035  F_UCI 0.0305845
Model_1_goa_dr_2022.dat 4 2035  F_Median 0.0305845
Model_1_goa_dr_2022.dat 4 2035  F_Mean 0.0305845
Model_1_goa_dr_2022.dat 5 2022 Cabc 4.6223
Model_1_goa_dr_2022.dat 5 2022 Cofl 4.9419
Model_1_goa_dr_2022.dat 5 2022 CLCI 2.58601
Model_1_goa_dr_2022.dat 5 2022 CUCI 2.58601
Model_1_goa_dr_2022.dat 5 2022 CMedian 2.58601
Model_1_goa_dr_2022.dat 5 2022 CMean 2.58601
Model_1_goa_dr_2022.dat 5 2023 Cabc 4.6223
Model_1_goa_dr_2022.dat 5 2023 Cofl 4.9419
Model_1_goa_dr_2022.dat 5 2023 CLCI 3.58041
Model_1_goa_dr_2022.dat 5 2023 CUCI 3.58041
Model_1_goa_dr_2022.dat 5 2023 CMedian 3.58041
Model_1_goa_dr_2022.dat 5 2023 CMean 3.58041
Model_1_goa_dr_2022.dat 5 2024 Cabc 4.6223
Model_1_goa_dr_2022.dat 5 2024 Cofl 4.9419
Model_1_goa_dr_2022.dat 5 2024 CLCI 0
Model_1_goa_dr_2022.dat 5 2024 CUCI 0
Model_1_goa_dr_2022.dat 5 2024 CMedian 0
Model_1_goa_dr_2022.dat 5 2024 CMean 0
Model_1_goa_dr_2022.dat 5 2025 Cabc 4.6223
Model_1_goa_dr_2022.dat 5 2025 Cofl 4.9419
Model_1_goa_dr_2022.dat 5 2025 CLCI 0
Model_1_goa_dr_2022.dat 5 2025 CUCI 0
Model_1_goa_dr_2022.dat 5 2025 CMedian 0
Model_1_goa_dr_2022.dat 5 2025 CMean 0
Model_1_goa_dr_2022.dat 5 2026 Cabc 4.6223
Model_1_goa_dr_2022.dat 5 2026 Cofl 4.9419
Model_1_goa_dr_2022.dat 5 2026 CLCI 0
Model_1_goa_dr_2022.dat 5 2026 CUCI 0
Model_1_goa_dr_2022.dat 5 2026 CMedian 0
Model_1_goa_dr_2022.dat 5 2026 CMean 0
Model_1_goa_dr_2022.dat 5 2027 Cabc 4.6223
Model_1_goa_dr_2022.dat 5 2027 Cofl 4.9419
Model_1_goa_dr_2022.dat 5 2027 CLCI 0
Model_1_goa_dr_2022.dat 5 2027 CUCI 0
Model_1_goa_dr_2022.dat 5 2027 CMedian 0
Model_1_goa_dr_2022.dat 5 2027 CMean 0
Model_1_goa_dr_2022.dat 5 2028 Cabc 4.6223
Model_1_goa_dr_2022.dat 5 2028 Cofl 4.9419
Model_1_goa_dr_2022.dat 5 2028 CLCI 0
Model_1_goa_dr_2022.dat 5 2028 CUCI 0
Model_1_goa_dr_2022.dat 5 2028 CMedian 0
Model_1_goa_dr_2022.dat 5 2028 CMean 0
Model_1_goa_dr_2022.dat 5 2029 Cabc 4.6223
Model_1_goa_dr_2022.dat 5 2029 Cofl 4.9419
Model_1_goa_dr_2022.dat 5 2029 CLCI 0
Model_1_goa_dr_2022.dat 5 2029 CUCI 0
Model_1_goa_dr_2022.dat 5 2029 CMedian 0
Model_1_goa_dr_2022.dat 5 2029 CMean 0
Model_1_goa_dr_2022.dat 5 2030 Cabc 4.6223
Model_1_goa_dr_2022.dat 5 2030 Cofl 4.9419
Model_1_goa_dr_2022.dat 5 2030 CLCI 0
Model_1_goa_dr_2022.dat 5 2030 CUCI 0
Model_1_goa_dr_2022.dat 5 2030 CMedian 0
Model_1_goa_dr_2022.dat 5 2030 CMean 0
Model_1_goa_dr_2022.dat 5 2031 Cabc 4.6223
Model_1_goa_dr_2022.dat 5 2031 Cofl 4.9419
Model_1_goa_dr_2022.dat 5 2031 CLCI 0
Model_1_goa_dr_2022.dat 5 2031 CUCI 0
Model_1_goa_dr_2022.dat 5 2031 CMedian 0
Model_1_goa_dr_2022.dat 5 2031 CMean 0
Model_1_goa_dr_2022.dat 5 2032 Cabc 4.6223
Model_1_goa_dr_2022.dat 5 2032 Cofl 4.9419
Model_1_goa_dr_2022.dat 5 2032 CLCI 0
Model_1_goa_dr_2022.dat 5 2032 CUCI 0
Model_1_goa_dr_2022.dat 5 2032 CMedian 0
Model_1_goa_dr_2022.dat 5 2032 CMean 0
Model_1_goa_dr_2022.dat 5 2033 Cabc 4.6223
Model_1_goa_dr_2022.dat 5 2033 Cofl 4.9419
Model_1_goa_dr_2022.dat 5 2033 CLCI 0
Model_1_goa_dr_2022.dat 5 2033 CUCI 0
Model_1_goa_dr_2022.dat 5 2033 CMedian 0
Model_1_goa_dr_2022.dat 5 2033 CMean 0
Model_1_goa_dr_2022.dat 5 2034 Cabc 4.6223
Model_1_goa_dr_2022.dat 5 2034 Cofl 4.9419
Model_1_goa_dr_2022.dat 5 2034 CLCI 0
Model_1_goa_dr_2022.dat 5 2034 CUCI 0
Model_1_goa_dr_2022.dat 5 2034 CMedian 0
Model_1_goa_dr_2022.dat 5 2034 CMean 0
Model_1_goa_dr_2022.dat 5 2035 Cabc 4.6223
Model_1_goa_dr_2022.dat 5 2035 Cofl 4.9419
Model_1_goa_dr_2022.dat 5 2035 CLCI 0
Model_1_goa_dr_2022.dat 5 2035 CUCI 0
Model_1_goa_dr_2022.dat 5 2035 CMedian 0
Model_1_goa_dr_2022.dat 5 2035 CMean 0
Model_1_goa_dr_2022.dat 5 2022 SSBF100 65.5649
Model_1_goa_dr_2022.dat 5 2022 SSBFabc 26.2259
Model_1_goa_dr_2022.dat 5 2022 SSBFofl 22.9477
Model_1_goa_dr_2022.dat 5 2022 SSBLCI 45.0556
Model_1_goa_dr_2022.dat 5 2022 SSBUCI 45.0556
Model_1_goa_dr_2022.dat 5 2022 SSBMedian 45.0556
Model_1_goa_dr_2022.dat 5 2022 SSBMean 45.0556
Model_1_goa_dr_2022.dat 5 2023 SSBF100 65.5649
Model_1_goa_dr_2022.dat 5 2023 SSBFabc 26.2259
Model_1_goa_dr_2022.dat 5 2023 SSBFofl 22.9477
Model_1_goa_dr_2022.dat 5 2023 SSBLCI 44.6122
Model_1_goa_dr_2022.dat 5 2023 SSBUCI 44.639
Model_1_goa_dr_2022.dat 5 2023 SSBMedian 44.6191
Model_1_goa_dr_2022.dat 5 2023 SSBMean 44.6216
Model_1_goa_dr_2022.dat 5 2024 SSBF100 65.5649
Model_1_goa_dr_2022.dat 5 2024 SSBFabc 26.2259
Model_1_goa_dr_2022.dat 5 2024 SSBFofl 22.9477
Model_1_goa_dr_2022.dat 5 2024 SSBLCI 43.5016
Model_1_goa_dr_2022.dat 5 2024 SSBUCI 43.5879
Model_1_goa_dr_2022.dat 5 2024 SSBMedian 43.5274
Model_1_goa_dr_2022.dat 5 2024 SSBMean 43.5342
Model_1_goa_dr_2022.dat 5 2025 SSBF100 65.5649
Model_1_goa_dr_2022.dat 5 2025 SSBFabc 26.2259
Model_1_goa_dr_2022.dat 5 2025 SSBFofl 22.9477
Model_1_goa_dr_2022.dat 5 2025 SSBLCI 43.3677
Model_1_goa_dr_2022.dat 5 2025 SSBUCI 43.598
Model_1_goa_dr_2022.dat 5 2025 SSBMedian 43.4376
Model_1_goa_dr_2022.dat 5 2025 SSBMean 43.4563
Model_1_goa_dr_2022.dat 5 2026 SSBF100 65.5649
Model_1_goa_dr_2022.dat 5 2026 SSBFabc 26.2259
Model_1_goa_dr_2022.dat 5 2026 SSBFofl 22.9477
Model_1_goa_dr_2022.dat 5 2026 SSBLCI 42.899
Model_1_goa_dr_2022.dat 5 2026 SSBUCI 43.4351
Model_1_goa_dr_2022.dat 5 2026 SSBMedian 43.0698
Model_1_goa_dr_2022.dat 5 2026 SSBMean 43.1085
Model_1_goa_dr_2022.dat 5 2027 SSBF100 65.5649
Model_1_goa_dr_2022.dat 5 2027 SSBFabc 26.2259
Model_1_goa_dr_2022.dat 5 2027 SSBFofl 22.9477
Model_1_goa_dr_2022.dat 5 2027 SSBLCI 42.2219
Model_1_goa_dr_2022.dat 5 2027 SSBUCI 43.3587
Model_1_goa_dr_2022.dat 5 2027 SSBMedian 42.6
Model_1_goa_dr_2022.dat 5 2027 SSBMean 42.6692
Model_1_goa_dr_2022.dat 5 2028 SSBF100 65.5649
Model_1_goa_dr_2022.dat 5 2028 SSBFabc 26.2259
Model_1_goa_dr_2022.dat 5 2028 SSBFofl 22.9477
Model_1_goa_dr_2022.dat 5 2028 SSBLCI 41.4725
Model_1_goa_dr_2022.dat 5 2028 SSBUCI 43.6401
Model_1_goa_dr_2022.dat 5 2028 SSBMedian 42.1914
Model_1_goa_dr_2022.dat 5 2028 SSBMean 42.336
Model_1_goa_dr_2022.dat 5 2029 SSBF100 65.5649
Model_1_goa_dr_2022.dat 5 2029 SSBFabc 26.2259
Model_1_goa_dr_2022.dat 5 2029 SSBFofl 22.9477
Model_1_goa_dr_2022.dat 5 2029 SSBLCI 40.7971
Model_1_goa_dr_2022.dat 5 2029 SSBUCI 44.5496
Model_1_goa_dr_2022.dat 5 2029 SSBMedian 42.0414
Model_1_goa_dr_2022.dat 5 2029 SSBMean 42.2758
Model_1_goa_dr_2022.dat 5 2030 SSBF100 65.5649
Model_1_goa_dr_2022.dat 5 2030 SSBFabc 26.2259
Model_1_goa_dr_2022.dat 5 2030 SSBFofl 22.9477
Model_1_goa_dr_2022.dat 5 2030 SSBLCI 40.2933
Model_1_goa_dr_2022.dat 5 2030 SSBUCI 45.9646
Model_1_goa_dr_2022.dat 5 2030 SSBMedian 42.2009
Model_1_goa_dr_2022.dat 5 2030 SSBMean 42.585
Model_1_goa_dr_2022.dat 5 2031 SSBF100 65.5649
Model_1_goa_dr_2022.dat 5 2031 SSBFabc 26.2259
Model_1_goa_dr_2022.dat 5 2031 SSBFofl 22.9477
Model_1_goa_dr_2022.dat 5 2031 SSBLCI 40.0578
Model_1_goa_dr_2022.dat 5 2031 SSBUCI 47.816
Model_1_goa_dr_2022.dat 5 2031 SSBMedian 42.7036
Model_1_goa_dr_2022.dat 5 2031 SSBMean 43.2358
Model_1_goa_dr_2022.dat 5 2032 SSBF100 65.5649
Model_1_goa_dr_2022.dat 5 2032 SSBFabc 26.2259
Model_1_goa_dr_2022.dat 5 2032 SSBFofl 22.9477
Model_1_goa_dr_2022.dat 5 2032 SSBLCI 39.9814
Model_1_goa_dr_2022.dat 5 2032 SSBUCI 50.0346
Model_1_goa_dr_2022.dat 5 2032 SSBMedian 43.5515
Model_1_goa_dr_2022.dat 5 2032 SSBMean 44.1281
Model_1_goa_dr_2022.dat 5 2033 SSBF100 65.5649
Model_1_goa_dr_2022.dat 5 2033 SSBFabc 26.2259
Model_1_goa_dr_2022.dat 5 2033 SSBFofl 22.9477
Model_1_goa_dr_2022.dat 5 2033 SSBLCI 40.0489
Model_1_goa_dr_2022.dat 5 2033 SSBUCI 52.418
Model_1_goa_dr_2022.dat 5 2033 SSBMedian 44.5641
Model_1_goa_dr_2022.dat 5 2033 SSBMean 45.1609
Model_1_goa_dr_2022.dat 5 2034 SSBF100 65.5649
Model_1_goa_dr_2022.dat 5 2034 SSBFabc 26.2259
Model_1_goa_dr_2022.dat 5 2034 SSBFofl 22.9477
Model_1_goa_dr_2022.dat 5 2034 SSBLCI 40.3054
Model_1_goa_dr_2022.dat 5 2034 SSBUCI 54.466
Model_1_goa_dr_2022.dat 5 2034 SSBMedian 45.6552
Model_1_goa_dr_2022.dat 5 2034 SSBMean 46.2545
Model_1_goa_dr_2022.dat 5 2035 SSBF100 65.5649
Model_1_goa_dr_2022.dat 5 2035 SSBFabc 26.2259
Model_1_goa_dr_2022.dat 5 2035 SSBFofl 22.9477
Model_1_goa_dr_2022.dat 5 2035 SSBLCI 40.6365
Model_1_goa_dr_2022.dat 5 2035 SSBUCI 56.2114
Model_1_goa_dr_2022.dat 5 2035 SSBMedian 46.7998
Model_1_goa_dr_2022.dat 5 2035 SSBMean 47.3612
Model_1_goa_dr_2022.dat 5 2022 F0 0 
Model_1_goa_dr_2022.dat 5 2022 Fabc 0.0913417
Model_1_goa_dr_2022.dat 5 2022 Fofl 0.112301
Model_1_goa_dr_2022.dat 5 2022  F_LCI 0.028508
Model_1_goa_dr_2022.dat 5 2022  F_UCI 0.028508
Model_1_goa_dr_2022.dat 5 2022  F_Median 0.028508
Model_1_goa_dr_2022.dat 5 2022  F_Mean 0.028508
Model_1_goa_dr_2022.dat 5 2023 F0 0 
Model_1_goa_dr_2022.dat 5 2023 Fabc 0.0913417
Model_1_goa_dr_2022.dat 5 2023 Fofl 0.112301
Model_1_goa_dr_2022.dat 5 2023  F_LCI 0.0403036
Model_1_goa_dr_2022.dat 5 2023  F_UCI 0.0403047
Model_1_goa_dr_2022.dat 5 2023  F_Median 0.0403044
Model_1_goa_dr_2022.dat 5 2023  F_Mean 0.0403043
Model_1_goa_dr_2022.dat 5 2024 F0 0 
Model_1_goa_dr_2022.dat 5 2024 Fabc 0.0913417
Model_1_goa_dr_2022.dat 5 2024 Fofl 0.112301
Model_1_goa_dr_2022.dat 5 2024  F_LCI 0
Model_1_goa_dr_2022.dat 5 2024  F_UCI 0
Model_1_goa_dr_2022.dat 5 2024  F_Median 0
Model_1_goa_dr_2022.dat 5 2024  F_Mean 0
Model_1_goa_dr_2022.dat 5 2025 F0 0 
Model_1_goa_dr_2022.dat 5 2025 Fabc 0.0913417
Model_1_goa_dr_2022.dat 5 2025 Fofl 0.112301
Model_1_goa_dr_2022.dat 5 2025  F_LCI 0
Model_1_goa_dr_2022.dat 5 2025  F_UCI 0
Model_1_goa_dr_2022.dat 5 2025  F_Median 0
Model_1_goa_dr_2022.dat 5 2025  F_Mean 0
Model_1_goa_dr_2022.dat 5 2026 F0 0 
Model_1_goa_dr_2022.dat 5 2026 Fabc 0.0913417
Model_1_goa_dr_2022.dat 5 2026 Fofl 0.112301
Model_1_goa_dr_2022.dat 5 2026  F_LCI 0
Model_1_goa_dr_2022.dat 5 2026  F_UCI 0
Model_1_goa_dr_2022.dat 5 2026  F_Median 0
Model_1_goa_dr_2022.dat 5 2026  F_Mean 0
Model_1_goa_dr_2022.dat 5 2027 F0 0 
Model_1_goa_dr_2022.dat 5 2027 Fabc 0.0913417
Model_1_goa_dr_2022.dat 5 2027 Fofl 0.112301
Model_1_goa_dr_2022.dat 5 2027  F_LCI 0
Model_1_goa_dr_2022.dat 5 2027  F_UCI 0
Model_1_goa_dr_2022.dat 5 2027  F_Median 0
Model_1_goa_dr_2022.dat 5 2027  F_Mean 0
Model_1_goa_dr_2022.dat 5 2028 F0 0 
Model_1_goa_dr_2022.dat 5 2028 Fabc 0.0913417
Model_1_goa_dr_2022.dat 5 2028 Fofl 0.112301
Model_1_goa_dr_2022.dat 5 2028  F_LCI 0
Model_1_goa_dr_2022.dat 5 2028  F_UCI 0
Model_1_goa_dr_2022.dat 5 2028  F_Median 0
Model_1_goa_dr_2022.dat 5 2028  F_Mean 0
Model_1_goa_dr_2022.dat 5 2029 F0 0 
Model_1_goa_dr_2022.dat 5 2029 Fabc 0.0913417
Model_1_goa_dr_2022.dat 5 2029 Fofl 0.112301
Model_1_goa_dr_2022.dat 5 2029  F_LCI 0
Model_1_goa_dr_2022.dat 5 2029  F_UCI 0
Model_1_goa_dr_2022.dat 5 2029  F_Median 0
Model_1_goa_dr_2022.dat 5 2029  F_Mean 0
Model_1_goa_dr_2022.dat 5 2030 F0 0 
Model_1_goa_dr_2022.dat 5 2030 Fabc 0.0913417
Model_1_goa_dr_2022.dat 5 2030 Fofl 0.112301
Model_1_goa_dr_2022.dat 5 2030  F_LCI 0
Model_1_goa_dr_2022.dat 5 2030  F_UCI 0
Model_1_goa_dr_2022.dat 5 2030  F_Median 0
Model_1_goa_dr_2022.dat 5 2030  F_Mean 0
Model_1_goa_dr_2022.dat 5 2031 F0 0 
Model_1_goa_dr_2022.dat 5 2031 Fabc 0.0913417
Model_1_goa_dr_2022.dat 5 2031 Fofl 0.112301
Model_1_goa_dr_2022.dat 5 2031  F_LCI 0
Model_1_goa_dr_2022.dat 5 2031  F_UCI 0
Model_1_goa_dr_2022.dat 5 2031  F_Median 0
Model_1_goa_dr_2022.dat 5 2031  F_Mean 0
Model_1_goa_dr_2022.dat 5 2032 F0 0 
Model_1_goa_dr_2022.dat 5 2032 Fabc 0.0913417
Model_1_goa_dr_2022.dat 5 2032 Fofl 0.112301
Model_1_goa_dr_2022.dat 5 2032  F_LCI 0
Model_1_goa_dr_2022.dat 5 2032  F_UCI 0
Model_1_goa_dr_2022.dat 5 2032  F_Median 0
Model_1_goa_dr_2022.dat 5 2032  F_Mean 0
Model_1_goa_dr_2022.dat 5 2033 F0 0 
Model_1_goa_dr_2022.dat 5 2033 Fabc 0.0913417
Model_1_goa_dr_2022.dat 5 2033 Fofl 0.112301
Model_1_goa_dr_2022.dat 5 2033  F_LCI 0
Model_1_goa_dr_2022.dat 5 2033  F_UCI 0
Model_1_goa_dr_2022.dat 5 2033  F_Median 0
Model_1_goa_dr_2022.dat 5 2033  F_Mean 0
Model_1_goa_dr_2022.dat 5 2034 F0 0 
Model_1_goa_dr_2022.dat 5 2034 Fabc 0.0913417
Model_1_goa_dr_2022.dat 5 2034 Fofl 0.112301
Model_1_goa_dr_2022.dat 5 2034  F_LCI 0
Model_1_goa_dr_2022.dat 5 2034  F_UCI 0
Model_1_goa_dr_2022.dat 5 2034  F_Median 0
Model_1_goa_dr_2022.dat 5 2034  F_Mean 0
Model_1_goa_dr_2022.dat 5 2035 F0 0 
Model_1_goa_dr_2022.dat 5 2035 Fabc 0.0913417
Model_1_goa_dr_2022.dat 5 2035 Fofl 0.112301
Model_1_goa_dr_2022.dat 5 2035  F_LCI 0
Model_1_goa_dr_2022.dat 5 2035  F_UCI 0
Model_1_goa_dr_2022.dat 5 2035  F_Median 0
Model_1_goa_dr_2022.dat 5 2035  F_Mean 0
Model_1_goa_dr_2022.dat 6 2022 Cabc 4.6223
Model_1_goa_dr_2022.dat 6 2022 Cofl 4.9419
Model_1_goa_dr_2022.dat 6 2022 CLCI 2.58601
Model_1_goa_dr_2022.dat 6 2022 CUCI 2.58601
Model_1_goa_dr_2022.dat 6 2022 CMedian 2.58601
Model_1_goa_dr_2022.dat 6 2022 CMean 2.58601
Model_1_goa_dr_2022.dat 6 2023 Cabc 4.6223
Model_1_goa_dr_2022.dat 6 2023 Cofl 4.9419
Model_1_goa_dr_2022.dat 6 2023 CLCI 9.64368
Model_1_goa_dr_2022.dat 6 2023 CUCI 9.64393
Model_1_goa_dr_2022.dat 6 2023 CMedian 9.64374
Model_1_goa_dr_2022.dat 6 2023 CMean 9.64377
Model_1_goa_dr_2022.dat 6 2024 Cabc 4.6223
Model_1_goa_dr_2022.dat 6 2024 Cofl 4.9419
Model_1_goa_dr_2022.dat 6 2024 CLCI 8.67213
Model_1_goa_dr_2022.dat 6 2024 CUCI 8.67345
Model_1_goa_dr_2022.dat 6 2024 CMedian 8.67251
Model_1_goa_dr_2022.dat 6 2024 CMean 8.67261
Model_1_goa_dr_2022.dat 6 2025 Cabc 4.6223
Model_1_goa_dr_2022.dat 6 2025 Cofl 4.9419
Model_1_goa_dr_2022.dat 6 2025 CLCI 7.74985
Model_1_goa_dr_2022.dat 6 2025 CUCI 7.75577
Model_1_goa_dr_2022.dat 6 2025 CMedian 7.75154
Model_1_goa_dr_2022.dat 6 2025 CMean 7.752
Model_1_goa_dr_2022.dat 6 2026 Cabc 4.6223
Model_1_goa_dr_2022.dat 6 2026 Cofl 4.9419
Model_1_goa_dr_2022.dat 6 2026 CLCI 6.88035
Model_1_goa_dr_2022.dat 6 2026 CUCI 6.90377
Model_1_goa_dr_2022.dat 6 2026 CMedian 6.88717
Model_1_goa_dr_2022.dat 6 2026 CMean 6.88899
Model_1_goa_dr_2022.dat 6 2027 Cabc 4.6223
Model_1_goa_dr_2022.dat 6 2027 Cofl 4.9419
Model_1_goa_dr_2022.dat 6 2027 CLCI 6.08907
Model_1_goa_dr_2022.dat 6 2027 CUCI 6.17399
Model_1_goa_dr_2022.dat 6 2027 CMedian 6.11402
Model_1_goa_dr_2022.dat 6 2027 CMean 6.12059
Model_1_goa_dr_2022.dat 6 2028 Cabc 4.6223
Model_1_goa_dr_2022.dat 6 2028 Cofl 4.9419
Model_1_goa_dr_2022.dat 6 2028 CLCI 5.26831
Model_1_goa_dr_2022.dat 6 2028 CUCI 5.6668
Model_1_goa_dr_2022.dat 6 2028 CMedian 5.47874
Model_1_goa_dr_2022.dat 6 2028 CMean 5.4668
Model_1_goa_dr_2022.dat 6 2029 Cabc 4.6223
Model_1_goa_dr_2022.dat 6 2029 Cofl 4.9419
Model_1_goa_dr_2022.dat 6 2029 CLCI 4.29803
Model_1_goa_dr_2022.dat 6 2029 CUCI 5.49328
Model_1_goa_dr_2022.dat 6 2029 CMedian 4.6896
Model_1_goa_dr_2022.dat 6 2029 CMean 4.7665
Model_1_goa_dr_2022.dat 6 2030 Cabc 4.6223
Model_1_goa_dr_2022.dat 6 2030 Cofl 4.9419
Model_1_goa_dr_2022.dat 6 2030 CLCI 3.70394
Model_1_goa_dr_2022.dat 6 2030 CUCI 5.60377
Model_1_goa_dr_2022.dat 6 2030 CMedian 4.29637
Model_1_goa_dr_2022.dat 6 2030 CMean 4.42748
Model_1_goa_dr_2022.dat 6 2031 Cabc 4.6223
Model_1_goa_dr_2022.dat 6 2031 Cofl 4.9419
Model_1_goa_dr_2022.dat 6 2031 CLCI 3.37254
Model_1_goa_dr_2022.dat 6 2031 CUCI 5.79128
Model_1_goa_dr_2022.dat 6 2031 CMedian 4.14716
Model_1_goa_dr_2022.dat 6 2031 CMean 4.32743
Model_1_goa_dr_2022.dat 6 2032 Cabc 4.6223
Model_1_goa_dr_2022.dat 6 2032 Cofl 4.9419
Model_1_goa_dr_2022.dat 6 2032 CLCI 3.1741
Model_1_goa_dr_2022.dat 6 2032 CUCI 5.95752
Model_1_goa_dr_2022.dat 6 2032 CMedian 4.17076
Model_1_goa_dr_2022.dat 6 2032 CMean 4.3366
Model_1_goa_dr_2022.dat 6 2033 Cabc 4.6223
Model_1_goa_dr_2022.dat 6 2033 Cofl 4.9419
Model_1_goa_dr_2022.dat 6 2033 CLCI 3.03506
Model_1_goa_dr_2022.dat 6 2033 CUCI 6.12541
Model_1_goa_dr_2022.dat 6 2033 CMedian 4.21832
Model_1_goa_dr_2022.dat 6 2033 CMean 4.38445
Model_1_goa_dr_2022.dat 6 2034 Cabc 4.6223
Model_1_goa_dr_2022.dat 6 2034 Cofl 4.9419
Model_1_goa_dr_2022.dat 6 2034 CLCI 3.01016
Model_1_goa_dr_2022.dat 6 2034 CUCI 6.22928
Model_1_goa_dr_2022.dat 6 2034 CMedian 4.29378
Model_1_goa_dr_2022.dat 6 2034 CMean 4.44204
Model_1_goa_dr_2022.dat 6 2035 Cabc 4.6223
Model_1_goa_dr_2022.dat 6 2035 Cofl 4.9419
Model_1_goa_dr_2022.dat 6 2035 CLCI 3.00395
Model_1_goa_dr_2022.dat 6 2035 CUCI 6.33579
Model_1_goa_dr_2022.dat 6 2035 CMedian 4.38182
Model_1_goa_dr_2022.dat 6 2035 CMean 4.50431
Model_1_goa_dr_2022.dat 6 2022 SSBF100 65.5649
Model_1_goa_dr_2022.dat 6 2022 SSBFabc 26.2259
Model_1_goa_dr_2022.dat 6 2022 SSBFofl 22.9477
Model_1_goa_dr_2022.dat 6 2022 SSBLCI 45.0556
Model_1_goa_dr_2022.dat 6 2022 SSBUCI 45.0556
Model_1_goa_dr_2022.dat 6 2022 SSBMedian 45.0556
Model_1_goa_dr_2022.dat 6 2022 SSBMean 45.0556
Model_1_goa_dr_2022.dat 6 2023 SSBF100 65.5649
Model_1_goa_dr_2022.dat 6 2023 SSBFabc 26.2259
Model_1_goa_dr_2022.dat 6 2023 SSBFofl 22.9477
Model_1_goa_dr_2022.dat 6 2023 SSBLCI 44.1018
Model_1_goa_dr_2022.dat 6 2023 SSBUCI 44.1286
Model_1_goa_dr_2022.dat 6 2023 SSBMedian 44.1087
Model_1_goa_dr_2022.dat 6 2023 SSBMean 44.1112
Model_1_goa_dr_2022.dat 6 2024 SSBF100 65.5649
Model_1_goa_dr_2022.dat 6 2024 SSBFabc 26.2259
Model_1_goa_dr_2022.dat 6 2024 SSBFofl 22.9477
Model_1_goa_dr_2022.dat 6 2024 SSBLCI 39.93
Model_1_goa_dr_2022.dat 6 2024 SSBUCI 40.0162
Model_1_goa_dr_2022.dat 6 2024 SSBMedian 39.9558
Model_1_goa_dr_2022.dat 6 2024 SSBMean 39.9626
Model_1_goa_dr_2022.dat 6 2025 SSBF100 65.5649
Model_1_goa_dr_2022.dat 6 2025 SSBFabc 26.2259
Model_1_goa_dr_2022.dat 6 2025 SSBFofl 22.9477
Model_1_goa_dr_2022.dat 6 2025 SSBLCI 35.8518
Model_1_goa_dr_2022.dat 6 2025 SSBUCI 36.082
Model_1_goa_dr_2022.dat 6 2025 SSBMedian 35.9217
Model_1_goa_dr_2022.dat 6 2025 SSBMean 35.9403
Model_1_goa_dr_2022.dat 6 2026 SSBF100 65.5649
Model_1_goa_dr_2022.dat 6 2026 SSBFabc 26.2259
Model_1_goa_dr_2022.dat 6 2026 SSBFofl 22.9477
Model_1_goa_dr_2022.dat 6 2026 SSBLCI 32.013
Model_1_goa_dr_2022.dat 6 2026 SSBUCI 32.5483
Model_1_goa_dr_2022.dat 6 2026 SSBMedian 32.1836
Model_1_goa_dr_2022.dat 6 2026 SSBMean 32.2223
Model_1_goa_dr_2022.dat 6 2027 SSBF100 65.5649
Model_1_goa_dr_2022.dat 6 2027 SSBFabc 26.2259
Model_1_goa_dr_2022.dat 6 2027 SSBFofl 22.9477
Model_1_goa_dr_2022.dat 6 2027 SSBLCI 28.5401
Model_1_goa_dr_2022.dat 6 2027 SSBUCI 29.6718
Model_1_goa_dr_2022.dat 6 2027 SSBMedian 28.9168
Model_1_goa_dr_2022.dat 6 2027 SSBMean 28.9858
Model_1_goa_dr_2022.dat 6 2028 SSBF100 65.5649
Model_1_goa_dr_2022.dat 6 2028 SSBFabc 26.2259
Model_1_goa_dr_2022.dat 6 2028 SSBFofl 22.9477
Model_1_goa_dr_2022.dat 6 2028 SSBLCI 25.5505
Model_1_goa_dr_2022.dat 6 2028 SSBUCI 27.6714
Model_1_goa_dr_2022.dat 6 2028 SSBMedian 26.2519
Model_1_goa_dr_2022.dat 6 2028 SSBMean 26.3949
Model_1_goa_dr_2022.dat 6 2029 SSBF100 65.5649
Model_1_goa_dr_2022.dat 6 2029 SSBFabc 26.2259
Model_1_goa_dr_2022.dat 6 2029 SSBFofl 22.9477
Model_1_goa_dr_2022.dat 6 2029 SSBLCI 23.2056
Model_1_goa_dr_2022.dat 6 2029 SSBUCI 26.7055
Model_1_goa_dr_2022.dat 6 2029 SSBMedian 24.3359
Model_1_goa_dr_2022.dat 6 2029 SSBMean 24.5766
Model_1_goa_dr_2022.dat 6 2030 SSBF100 65.5649
Model_1_goa_dr_2022.dat 6 2030 SSBFabc 26.2259
Model_1_goa_dr_2022.dat 6 2030 SSBFofl 22.9477
Model_1_goa_dr_2022.dat 6 2030 SSBLCI 21.5911
Model_1_goa_dr_2022.dat 6 2030 SSBUCI 26.4567
Model_1_goa_dr_2022.dat 6 2030 SSBMedian 23.2051
Model_1_goa_dr_2022.dat 6 2030 SSBMean 23.5791
Model_1_goa_dr_2022.dat 6 2031 SSBF100 65.5649
Model_1_goa_dr_2022.dat 6 2031 SSBFabc 26.2259
Model_1_goa_dr_2022.dat 6 2031 SSBFofl 22.9477
Model_1_goa_dr_2022.dat 6 2031 SSBLCI 20.5942
Model_1_goa_dr_2022.dat 6 2031 SSBUCI 26.848
Model_1_goa_dr_2022.dat 6 2031 SSBMedian 22.7886
Model_1_goa_dr_2022.dat 6 2031 SSBMean 23.1634
Model_1_goa_dr_2022.dat 6 2032 SSBF100 65.5649
Model_1_goa_dr_2022.dat 6 2032 SSBFabc 26.2259
Model_1_goa_dr_2022.dat 6 2032 SSBFofl 22.9477
Model_1_goa_dr_2022.dat 6 2032 SSBLCI 19.9343
Model_1_goa_dr_2022.dat 6 2032 SSBUCI 27.4266
Model_1_goa_dr_2022.dat 6 2032 SSBMedian 22.6838
Model_1_goa_dr_2022.dat 6 2032 SSBMean 23.0846
Model_1_goa_dr_2022.dat 6 2033 SSBF100 65.5649
Model_1_goa_dr_2022.dat 6 2033 SSBFabc 26.2259
Model_1_goa_dr_2022.dat 6 2033 SSBFofl 22.9477
Model_1_goa_dr_2022.dat 6 2033 SSBLCI 19.519
Model_1_goa_dr_2022.dat 6 2033 SSBUCI 28.0834
Model_1_goa_dr_2022.dat 6 2033 SSBMedian 22.7957
Model_1_goa_dr_2022.dat 6 2033 SSBMean 23.1717
Model_1_goa_dr_2022.dat 6 2034 SSBF100 65.5649
Model_1_goa_dr_2022.dat 6 2034 SSBFabc 26.2259
Model_1_goa_dr_2022.dat 6 2034 SSBFofl 22.9477
Model_1_goa_dr_2022.dat 6 2034 SSBLCI 19.4048
Model_1_goa_dr_2022.dat 6 2034 SSBUCI 28.3953
Model_1_goa_dr_2022.dat 6 2034 SSBMedian 22.9404
Model_1_goa_dr_2022.dat 6 2034 SSBMean 23.3258
Model_1_goa_dr_2022.dat 6 2035 SSBF100 65.5649
Model_1_goa_dr_2022.dat 6 2035 SSBFabc 26.2259
Model_1_goa_dr_2022.dat 6 2035 SSBFofl 22.9477
Model_1_goa_dr_2022.dat 6 2035 SSBLCI 19.3665
Model_1_goa_dr_2022.dat 6 2035 SSBUCI 28.7885
Model_1_goa_dr_2022.dat 6 2035 SSBMedian 23.1179
Model_1_goa_dr_2022.dat 6 2035 SSBMean 23.501
Model_1_goa_dr_2022.dat 6 2022 F0 0 
Model_1_goa_dr_2022.dat 6 2022 Fabc 0.0913417
Model_1_goa_dr_2022.dat 6 2022 Fofl 0.112301
Model_1_goa_dr_2022.dat 6 2022  F_LCI 0.028508
Model_1_goa_dr_2022.dat 6 2022  F_UCI 0.028508
Model_1_goa_dr_2022.dat 6 2022  F_Median 0.028508
Model_1_goa_dr_2022.dat 6 2022  F_Mean 0.028508
Model_1_goa_dr_2022.dat 6 2023 F0 0 
Model_1_goa_dr_2022.dat 6 2023 Fabc 0.0913417
Model_1_goa_dr_2022.dat 6 2023 Fofl 0.112301
Model_1_goa_dr_2022.dat 6 2023  F_LCI 0.112301
Model_1_goa_dr_2022.dat 6 2023  F_UCI 0.112301
Model_1_goa_dr_2022.dat 6 2023  F_Median 0.112301
Model_1_goa_dr_2022.dat 6 2023  F_Mean 0.112301
Model_1_goa_dr_2022.dat 6 2024 F0 0 
Model_1_goa_dr_2022.dat 6 2024 Fabc 0.0913417
Model_1_goa_dr_2022.dat 6 2024 Fofl 0.112301
Model_1_goa_dr_2022.dat 6 2024  F_LCI 0.112301
Model_1_goa_dr_2022.dat 6 2024  F_UCI 0.112301
Model_1_goa_dr_2022.dat 6 2024  F_Median 0.112301
Model_1_goa_dr_2022.dat 6 2024  F_Mean 0.112301
Model_1_goa_dr_2022.dat 6 2025 F0 0 
Model_1_goa_dr_2022.dat 6 2025 Fabc 0.0913417
Model_1_goa_dr_2022.dat 6 2025 Fofl 0.112301
Model_1_goa_dr_2022.dat 6 2025  F_LCI 0.112301
Model_1_goa_dr_2022.dat 6 2025  F_UCI 0.112301
Model_1_goa_dr_2022.dat 6 2025  F_Median 0.112301
Model_1_goa_dr_2022.dat 6 2025  F_Mean 0.112301
Model_1_goa_dr_2022.dat 6 2026 F0 0 
Model_1_goa_dr_2022.dat 6 2026 Fabc 0.0913417
Model_1_goa_dr_2022.dat 6 2026 Fofl 0.112301
Model_1_goa_dr_2022.dat 6 2026  F_LCI 0.112301
Model_1_goa_dr_2022.dat 6 2026  F_UCI 0.112301
Model_1_goa_dr_2022.dat 6 2026  F_Median 0.112301
Model_1_goa_dr_2022.dat 6 2026  F_Mean 0.112301
Model_1_goa_dr_2022.dat 6 2027 F0 0 
Model_1_goa_dr_2022.dat 6 2027 Fabc 0.0913417
Model_1_goa_dr_2022.dat 6 2027 Fofl 0.112301
Model_1_goa_dr_2022.dat 6 2027  F_LCI 0.112301
Model_1_goa_dr_2022.dat 6 2027  F_UCI 0.112301
Model_1_goa_dr_2022.dat 6 2027  F_Median 0.112301
Model_1_goa_dr_2022.dat 6 2027  F_Mean 0.112301
Model_1_goa_dr_2022.dat 6 2028 F0 0 
Model_1_goa_dr_2022.dat 6 2028 Fabc 0.0913417
Model_1_goa_dr_2022.dat 6 2028 Fofl 0.112301
Model_1_goa_dr_2022.dat 6 2028  F_LCI 0.109257
Model_1_goa_dr_2022.dat 6 2028  F_UCI 0.112301
Model_1_goa_dr_2022.dat 6 2028  F_Median 0.112301
Model_1_goa_dr_2022.dat 6 2028  F_Mean 0.111493
Model_1_goa_dr_2022.dat 6 2029 F0 0 
Model_1_goa_dr_2022.dat 6 2029 Fabc 0.0913417
Model_1_goa_dr_2022.dat 6 2029 Fofl 0.112301
Model_1_goa_dr_2022.dat 6 2029  F_LCI 0.0986869
Model_1_goa_dr_2022.dat 6 2029  F_UCI 0.112301
Model_1_goa_dr_2022.dat 6 2029  F_Median 0.103782
Model_1_goa_dr_2022.dat 6 2029  F_Mean 0.10445
Model_1_goa_dr_2022.dat 6 2030 F0 0 
Model_1_goa_dr_2022.dat 6 2030 Fabc 0.0913417
Model_1_goa_dr_2022.dat 6 2030 Fofl 0.112301
Model_1_goa_dr_2022.dat 6 2030  F_LCI 0.0914096
Model_1_goa_dr_2022.dat 6 2030  F_UCI 0.112301
Model_1_goa_dr_2022.dat 6 2030  F_Median 0.0986847
Model_1_goa_dr_2022.dat 6 2030  F_Mean 0.0999012
Model_1_goa_dr_2022.dat 6 2031 F0 0 
Model_1_goa_dr_2022.dat 6 2031 Fabc 0.0913417
Model_1_goa_dr_2022.dat 6 2031 Fofl 0.112301
Model_1_goa_dr_2022.dat 6 2031  F_LCI 0.0869162
Model_1_goa_dr_2022.dat 6 2031  F_UCI 0.112301
Model_1_goa_dr_2022.dat 6 2031  F_Median 0.0968074
Model_1_goa_dr_2022.dat 6 2031  F_Mean 0.0978425
Model_1_goa_dr_2022.dat 6 2032 F0 0 
Model_1_goa_dr_2022.dat 6 2032 Fabc 0.0913417
Model_1_goa_dr_2022.dat 6 2032 Fofl 0.112301
Model_1_goa_dr_2022.dat 6 2032  F_LCI 0.0839419
Model_1_goa_dr_2022.dat 6 2032  F_UCI 0.112301
Model_1_goa_dr_2022.dat 6 2032  F_Median 0.0963351
Model_1_goa_dr_2022.dat 6 2032  F_Mean 0.0972453
Model_1_goa_dr_2022.dat 6 2033 F0 0 
Model_1_goa_dr_2022.dat 6 2033 Fabc 0.0913417
Model_1_goa_dr_2022.dat 6 2033 Fofl 0.112301
Model_1_goa_dr_2022.dat 6 2033  F_LCI 0.0820701
Model_1_goa_dr_2022.dat 6 2033  F_UCI 0.112301
Model_1_goa_dr_2022.dat 6 2033  F_Median 0.0968394
Model_1_goa_dr_2022.dat 6 2033  F_Mean 0.0973756
Model_1_goa_dr_2022.dat 6 2034 F0 0 
Model_1_goa_dr_2022.dat 6 2034 Fabc 0.0913417
Model_1_goa_dr_2022.dat 6 2034 Fofl 0.112301
Model_1_goa_dr_2022.dat 6 2034  F_LCI 0.0815553
Model_1_goa_dr_2022.dat 6 2034  F_UCI 0.112301
Model_1_goa_dr_2022.dat 6 2034  F_Median 0.0974916
Model_1_goa_dr_2022.dat 6 2034  F_Mean 0.0978099
Model_1_goa_dr_2022.dat 6 2035 F0 0 
Model_1_goa_dr_2022.dat 6 2035 Fabc 0.0913417
Model_1_goa_dr_2022.dat 6 2035 Fofl 0.112301
Model_1_goa_dr_2022.dat 6 2035  F_LCI 0.0813823
Model_1_goa_dr_2022.dat 6 2035  F_UCI 0.112301
Model_1_goa_dr_2022.dat 6 2035  F_Median 0.0982919
Model_1_goa_dr_2022.dat 6 2035  F_Mean 0.0983744
Model_1_goa_dr_2022.dat 7 2022 Cabc 4.6223
Model_1_goa_dr_2022.dat 7 2022 Cofl 4.9419
Model_1_goa_dr_2022.dat 7 2022 CLCI 2.58601
Model_1_goa_dr_2022.dat 7 2022 CUCI 2.58601
Model_1_goa_dr_2022.dat 7 2022 CMedian 2.58601
Model_1_goa_dr_2022.dat 7 2022 CMean 2.58601
Model_1_goa_dr_2022.dat 7 2023 Cabc 4.6223
Model_1_goa_dr_2022.dat 7 2023 Cofl 4.9419
Model_1_goa_dr_2022.dat 7 2023 CLCI 7.92126
Model_1_goa_dr_2022.dat 7 2023 CUCI 7.92146
Model_1_goa_dr_2022.dat 7 2023 CMedian 7.92131
Model_1_goa_dr_2022.dat 7 2023 CMean 7.92133
Model_1_goa_dr_2022.dat 7 2024 Cabc 4.6223
Model_1_goa_dr_2022.dat 7 2024 Cofl 4.9419
Model_1_goa_dr_2022.dat 7 2024 CLCI 7.26543
Model_1_goa_dr_2022.dat 7 2024 CUCI 7.2665
Model_1_goa_dr_2022.dat 7 2024 CMedian 7.26574
Model_1_goa_dr_2022.dat 7 2024 CMean 7.26582
Model_1_goa_dr_2022.dat 7 2025 Cabc 4.6223
Model_1_goa_dr_2022.dat 7 2025 Cofl 4.9419
Model_1_goa_dr_2022.dat 7 2025 CLCI 8.05771
Model_1_goa_dr_2022.dat 7 2025 CUCI 8.06363
Model_1_goa_dr_2022.dat 7 2025 CMedian 8.0594
Model_1_goa_dr_2022.dat 7 2025 CMean 8.05986
Model_1_goa_dr_2022.dat 7 2026 Cabc 4.6223
Model_1_goa_dr_2022.dat 7 2026 Cofl 4.9419
Model_1_goa_dr_2022.dat 7 2026 CLCI 7.14505
Model_1_goa_dr_2022.dat 7 2026 CUCI 7.16847
Model_1_goa_dr_2022.dat 7 2026 CMedian 7.15187
Model_1_goa_dr_2022.dat 7 2026 CMean 7.15369
Model_1_goa_dr_2022.dat 7 2027 Cabc 4.6223
Model_1_goa_dr_2022.dat 7 2027 Cofl 4.9419
Model_1_goa_dr_2022.dat 7 2027 CLCI 6.31484
Model_1_goa_dr_2022.dat 7 2027 CUCI 6.39977
Model_1_goa_dr_2022.dat 7 2027 CMedian 6.33979
Model_1_goa_dr_2022.dat 7 2027 CMean 6.34636
Model_1_goa_dr_2022.dat 7 2028 Cabc 4.6223
Model_1_goa_dr_2022.dat 7 2028 Cofl 4.9419
Model_1_goa_dr_2022.dat 7 2028 CLCI 5.59553
Model_1_goa_dr_2022.dat 7 2028 CUCI 5.85835
Model_1_goa_dr_2022.dat 7 2028 CMedian 5.67443
Model_1_goa_dr_2022.dat 7 2028 CMean 5.69533
Model_1_goa_dr_2022.dat 7 2029 Cabc 4.6223
Model_1_goa_dr_2022.dat 7 2029 Cofl 4.9419
Model_1_goa_dr_2022.dat 7 2029 CLCI 4.56148
Model_1_goa_dr_2022.dat 7 2029 CUCI 5.65753
Model_1_goa_dr_2022.dat 7 2029 CMedian 4.98994
Model_1_goa_dr_2022.dat 7 2029 CMean 5.04187
Model_1_goa_dr_2022.dat 7 2030 Cabc 4.6223
Model_1_goa_dr_2022.dat 7 2030 Cofl 4.9419
Model_1_goa_dr_2022.dat 7 2030 CLCI 3.89177
Model_1_goa_dr_2022.dat 7 2030 CUCI 5.74029
Model_1_goa_dr_2022.dat 7 2030 CMedian 4.5151
Model_1_goa_dr_2022.dat 7 2030 CMean 4.63584
Model_1_goa_dr_2022.dat 7 2031 Cabc 4.6223
Model_1_goa_dr_2022.dat 7 2031 Cofl 4.9419
Model_1_goa_dr_2022.dat 7 2031 CLCI 3.51229
Model_1_goa_dr_2022.dat 7 2031 CUCI 5.90614
Model_1_goa_dr_2022.dat 7 2031 CMedian 4.31101
Model_1_goa_dr_2022.dat 7 2031 CMean 4.48388
Model_1_goa_dr_2022.dat 7 2032 Cabc 4.6223
Model_1_goa_dr_2022.dat 7 2032 Cofl 4.9419
Model_1_goa_dr_2022.dat 7 2032 CLCI 3.27893
Model_1_goa_dr_2022.dat 7 2032 CUCI 6.04992
Model_1_goa_dr_2022.dat 7 2032 CMedian 4.29408
Model_1_goa_dr_2022.dat 7 2032 CMean 4.45499
Model_1_goa_dr_2022.dat 7 2033 Cabc 4.6223
Model_1_goa_dr_2022.dat 7 2033 Cofl 4.9419
Model_1_goa_dr_2022.dat 7 2033 CLCI 3.11786
Model_1_goa_dr_2022.dat 7 2033 CUCI 6.18688
Model_1_goa_dr_2022.dat 7 2033 CMedian 4.31194
Model_1_goa_dr_2022.dat 7 2033 CMean 4.47417
Model_1_goa_dr_2022.dat 7 2034 Cabc 4.6223
Model_1_goa_dr_2022.dat 7 2034 Cofl 4.9419
Model_1_goa_dr_2022.dat 7 2034 CLCI 3.07251
Model_1_goa_dr_2022.dat 7 2034 CUCI 6.27759
Model_1_goa_dr_2022.dat 7 2034 CMedian 4.36425
Model_1_goa_dr_2022.dat 7 2034 CMean 4.5098
Model_1_goa_dr_2022.dat 7 2035 Cabc 4.6223
Model_1_goa_dr_2022.dat 7 2035 Cofl 4.9419
Model_1_goa_dr_2022.dat 7 2035 CLCI 3.0538
Model_1_goa_dr_2022.dat 7 2035 CUCI 6.36981
Model_1_goa_dr_2022.dat 7 2035 CMedian 4.44174
Model_1_goa_dr_2022.dat 7 2035 CMean 4.55535
Model_1_goa_dr_2022.dat 7 2022 SSBF100 65.5649
Model_1_goa_dr_2022.dat 7 2022 SSBFabc 26.2259
Model_1_goa_dr_2022.dat 7 2022 SSBFofl 22.9477
Model_1_goa_dr_2022.dat 7 2022 SSBLCI 45.0556
Model_1_goa_dr_2022.dat 7 2022 SSBUCI 45.0556
Model_1_goa_dr_2022.dat 7 2022 SSBMedian 45.0556
Model_1_goa_dr_2022.dat 7 2022 SSBMean 45.0556
Model_1_goa_dr_2022.dat 7 2023 SSBF100 65.5649
Model_1_goa_dr_2022.dat 7 2023 SSBFabc 26.2259
Model_1_goa_dr_2022.dat 7 2023 SSBFofl 22.9477
Model_1_goa_dr_2022.dat 7 2023 SSBLCI 44.2498
Model_1_goa_dr_2022.dat 7 2023 SSBUCI 44.2766
Model_1_goa_dr_2022.dat 7 2023 SSBMedian 44.2567
Model_1_goa_dr_2022.dat 7 2023 SSBMean 44.2592
Model_1_goa_dr_2022.dat 7 2024 SSBF100 65.5649
Model_1_goa_dr_2022.dat 7 2024 SSBFabc 26.2259
Model_1_goa_dr_2022.dat 7 2024 SSBFofl 22.9477
Model_1_goa_dr_2022.dat 7 2024 SSBLCI 40.8603
Model_1_goa_dr_2022.dat 7 2024 SSBUCI 40.9466
Model_1_goa_dr_2022.dat 7 2024 SSBMedian 40.8861
Model_1_goa_dr_2022.dat 7 2024 SSBMean 40.8929
Model_1_goa_dr_2022.dat 7 2025 SSBF100 65.5649
Model_1_goa_dr_2022.dat 7 2025 SSBFabc 26.2259
Model_1_goa_dr_2022.dat 7 2025 SSBFofl 22.9477
Model_1_goa_dr_2022.dat 7 2025 SSBLCI 37.2743
Model_1_goa_dr_2022.dat 7 2025 SSBUCI 37.5045
Model_1_goa_dr_2022.dat 7 2025 SSBMedian 37.3442
Model_1_goa_dr_2022.dat 7 2025 SSBMean 37.3628
Model_1_goa_dr_2022.dat 7 2026 SSBF100 65.5649
Model_1_goa_dr_2022.dat 7 2026 SSBFabc 26.2259
Model_1_goa_dr_2022.dat 7 2026 SSBFofl 22.9477
Model_1_goa_dr_2022.dat 7 2026 SSBLCI 33.2442
Model_1_goa_dr_2022.dat 7 2026 SSBUCI 33.7796
Model_1_goa_dr_2022.dat 7 2026 SSBMedian 33.4148
Model_1_goa_dr_2022.dat 7 2026 SSBMean 33.4535
Model_1_goa_dr_2022.dat 7 2027 SSBF100 65.5649
Model_1_goa_dr_2022.dat 7 2027 SSBFabc 26.2259
Model_1_goa_dr_2022.dat 7 2027 SSBFofl 22.9477
Model_1_goa_dr_2022.dat 7 2027 SSBLCI 29.596
Model_1_goa_dr_2022.dat 7 2027 SSBUCI 30.7278
Model_1_goa_dr_2022.dat 7 2027 SSBMedian 29.9727
Model_1_goa_dr_2022.dat 7 2027 SSBMean 30.0417
Model_1_goa_dr_2022.dat 7 2028 SSBF100 65.5649
Model_1_goa_dr_2022.dat 7 2028 SSBFabc 26.2259
Model_1_goa_dr_2022.dat 7 2028 SSBFofl 22.9477
Model_1_goa_dr_2022.dat 7 2028 SSBLCI 26.4376
Model_1_goa_dr_2022.dat 7 2028 SSBUCI 28.5709
Model_1_goa_dr_2022.dat 7 2028 SSBMedian 27.1513
Model_1_goa_dr_2022.dat 7 2028 SSBMean 27.2911
Model_1_goa_dr_2022.dat 7 2029 SSBF100 65.5649
Model_1_goa_dr_2022.dat 7 2029 SSBFabc 26.2259
Model_1_goa_dr_2022.dat 7 2029 SSBFofl 22.9477
Model_1_goa_dr_2022.dat 7 2029 SSBLCI 23.8934
Model_1_goa_dr_2022.dat 7 2029 SSBUCI 27.4678
Model_1_goa_dr_2022.dat 7 2029 SSBMedian 25.0862
Model_1_goa_dr_2022.dat 7 2029 SSBMean 25.3117
Model_1_goa_dr_2022.dat 7 2030 SSBF100 65.5649
Model_1_goa_dr_2022.dat 7 2030 SSBFabc 26.2259
Model_1_goa_dr_2022.dat 7 2030 SSBFofl 22.9477
Model_1_goa_dr_2022.dat 7 2030 SSBLCI 22.123
Model_1_goa_dr_2022.dat 7 2030 SSBUCI 27.1003
Model_1_goa_dr_2022.dat 7 2030 SSBMedian 23.7741
Model_1_goa_dr_2022.dat 7 2030 SSBMean 24.1481
Model_1_goa_dr_2022.dat 7 2031 SSBF100 65.5649
Model_1_goa_dr_2022.dat 7 2031 SSBFabc 26.2259
Model_1_goa_dr_2022.dat 7 2031 SSBFofl 22.9477
Model_1_goa_dr_2022.dat 7 2031 SSBLCI 21.0084
Model_1_goa_dr_2022.dat 7 2031 SSBUCI 27.3776
Model_1_goa_dr_2022.dat 7 2031 SSBMedian 23.22
Model_1_goa_dr_2022.dat 7 2031 SSBMean 23.6035
Model_1_goa_dr_2022.dat 7 2032 SSBF100 65.5649
Model_1_goa_dr_2022.dat 7 2032 SSBFabc 26.2259
Model_1_goa_dr_2022.dat 7 2032 SSBFofl 22.9477
Model_1_goa_dr_2022.dat 7 2032 SSBLCI 20.2618
Model_1_goa_dr_2022.dat 7 2032 SSBUCI 27.8354
Model_1_goa_dr_2022.dat 7 2032 SSBMedian 23.0097
Model_1_goa_dr_2022.dat 7 2032 SSBMean 23.4244
Model_1_goa_dr_2022.dat 7 2033 SSBF100 65.5649
Model_1_goa_dr_2022.dat 7 2033 SSBFabc 26.2259
Model_1_goa_dr_2022.dat 7 2033 SSBFofl 22.9477
Model_1_goa_dr_2022.dat 7 2033 SSBLCI 19.7727
Model_1_goa_dr_2022.dat 7 2033 SSBUCI 28.4019
Model_1_goa_dr_2022.dat 7 2033 SSBMedian 23.0469
Model_1_goa_dr_2022.dat 7 2033 SSBMean 23.433
Model_1_goa_dr_2022.dat 7 2034 SSBF100 65.5649
Model_1_goa_dr_2022.dat 7 2034 SSBFabc 26.2259
Model_1_goa_dr_2022.dat 7 2034 SSBFofl 22.9477
Model_1_goa_dr_2022.dat 7 2034 SSBLCI 19.6032
Model_1_goa_dr_2022.dat 7 2034 SSBUCI 28.6849
Model_1_goa_dr_2022.dat 7 2034 SSBMedian 23.1255
Model_1_goa_dr_2022.dat 7 2034 SSBMean 23.526
Model_1_goa_dr_2022.dat 7 2035 SSBF100 65.5649
Model_1_goa_dr_2022.dat 7 2035 SSBFabc 26.2259
Model_1_goa_dr_2022.dat 7 2035 SSBFofl 22.9477
Model_1_goa_dr_2022.dat 7 2035 SSBLCI 19.5192
Model_1_goa_dr_2022.dat 7 2035 SSBUCI 28.9702
Model_1_goa_dr_2022.dat 7 2035 SSBMedian 23.2576
Model_1_goa_dr_2022.dat 7 2035 SSBMean 23.6538
Model_1_goa_dr_2022.dat 7 2022 F0 0 
Model_1_goa_dr_2022.dat 7 2022 Fabc 0.0913417
Model_1_goa_dr_2022.dat 7 2022 Fofl 0.112301
Model_1_goa_dr_2022.dat 7 2022  F_LCI 0.028508
Model_1_goa_dr_2022.dat 7 2022  F_UCI 0.028508
Model_1_goa_dr_2022.dat 7 2022  F_Median 0.028508
Model_1_goa_dr_2022.dat 7 2022  F_Mean 0.028508
Model_1_goa_dr_2022.dat 7 2023 F0 0 
Model_1_goa_dr_2022.dat 7 2023 Fabc 0.0913417
Model_1_goa_dr_2022.dat 7 2023 Fofl 0.112301
Model_1_goa_dr_2022.dat 7 2023  F_LCI 0.0913417
Model_1_goa_dr_2022.dat 7 2023  F_UCI 0.0913417
Model_1_goa_dr_2022.dat 7 2023  F_Median 0.0913417
Model_1_goa_dr_2022.dat 7 2023  F_Mean 0.0913417
Model_1_goa_dr_2022.dat 7 2024 F0 0 
Model_1_goa_dr_2022.dat 7 2024 Fabc 0.0913417
Model_1_goa_dr_2022.dat 7 2024 Fofl 0.112301
Model_1_goa_dr_2022.dat 7 2024  F_LCI 0.0913417
Model_1_goa_dr_2022.dat 7 2024  F_UCI 0.0913417
Model_1_goa_dr_2022.dat 7 2024  F_Median 0.0913417
Model_1_goa_dr_2022.dat 7 2024  F_Mean 0.0913417
Model_1_goa_dr_2022.dat 7 2025 F0 0 
Model_1_goa_dr_2022.dat 7 2025 Fabc 0.0913417
Model_1_goa_dr_2022.dat 7 2025 Fofl 0.112301
Model_1_goa_dr_2022.dat 7 2025  F_LCI 0.112301
Model_1_goa_dr_2022.dat 7 2025  F_UCI 0.112301
Model_1_goa_dr_2022.dat 7 2025  F_Median 0.112301
Model_1_goa_dr_2022.dat 7 2025  F_Mean 0.112301
Model_1_goa_dr_2022.dat 7 2026 F0 0 
Model_1_goa_dr_2022.dat 7 2026 Fabc 0.0913417
Model_1_goa_dr_2022.dat 7 2026 Fofl 0.112301
Model_1_goa_dr_2022.dat 7 2026  F_LCI 0.112301
Model_1_goa_dr_2022.dat 7 2026  F_UCI 0.112301
Model_1_goa_dr_2022.dat 7 2026  F_Median 0.112301
Model_1_goa_dr_2022.dat 7 2026  F_Mean 0.112301
Model_1_goa_dr_2022.dat 7 2027 F0 0 
Model_1_goa_dr_2022.dat 7 2027 Fabc 0.0913417
Model_1_goa_dr_2022.dat 7 2027 Fofl 0.112301
Model_1_goa_dr_2022.dat 7 2027  F_LCI 0.112301
Model_1_goa_dr_2022.dat 7 2027  F_UCI 0.112301
Model_1_goa_dr_2022.dat 7 2027  F_Median 0.112301
Model_1_goa_dr_2022.dat 7 2027  F_Mean 0.112301
Model_1_goa_dr_2022.dat 7 2028 F0 0 
Model_1_goa_dr_2022.dat 7 2028 Fabc 0.0913417
Model_1_goa_dr_2022.dat 7 2028 Fofl 0.112301
Model_1_goa_dr_2022.dat 7 2028  F_LCI 0.112301
Model_1_goa_dr_2022.dat 7 2028  F_UCI 0.112301
Model_1_goa_dr_2022.dat 7 2028  F_Median 0.112301
Model_1_goa_dr_2022.dat 7 2028  F_Mean 0.1123
Model_1_goa_dr_2022.dat 7 2029 F0 0 
Model_1_goa_dr_2022.dat 7 2029 Fabc 0.0913417
Model_1_goa_dr_2022.dat 7 2029 Fofl 0.112301
Model_1_goa_dr_2022.dat 7 2029  F_LCI 0.101787
Model_1_goa_dr_2022.dat 7 2029  F_UCI 0.112301
Model_1_goa_dr_2022.dat 7 2029  F_Median 0.107164
Model_1_goa_dr_2022.dat 7 2029  F_Mean 0.107332
Model_1_goa_dr_2022.dat 7 2030 F0 0 
Model_1_goa_dr_2022.dat 7 2030 Fabc 0.0913417
Model_1_goa_dr_2022.dat 7 2030 Fofl 0.112301
Model_1_goa_dr_2022.dat 7 2030  F_LCI 0.0938073
Model_1_goa_dr_2022.dat 7 2030  F_UCI 0.112301
Model_1_goa_dr_2022.dat 7 2030  F_Median 0.101249
Model_1_goa_dr_2022.dat 7 2030  F_Mean 0.102225
Model_1_goa_dr_2022.dat 7 2031 F0 0 
Model_1_goa_dr_2022.dat 7 2031 Fabc 0.0913417
Model_1_goa_dr_2022.dat 7 2031 Fofl 0.112301
Model_1_goa_dr_2022.dat 7 2031  F_LCI 0.0887831
Model_1_goa_dr_2022.dat 7 2031  F_UCI 0.112301
Model_1_goa_dr_2022.dat 7 2031  F_Median 0.0987521
Model_1_goa_dr_2022.dat 7 2031  F_Mean 0.0996041
Model_1_goa_dr_2022.dat 7 2032 F0 0 
Model_1_goa_dr_2022.dat 7 2032 Fabc 0.0913417
Model_1_goa_dr_2022.dat 7 2032 Fofl 0.112301
Model_1_goa_dr_2022.dat 7 2032  F_LCI 0.085418
Model_1_goa_dr_2022.dat 7 2032  F_UCI 0.112301
Model_1_goa_dr_2022.dat 7 2032  F_Median 0.0978041
Model_1_goa_dr_2022.dat 7 2032  F_Mean 0.0985701
Model_1_goa_dr_2022.dat 7 2033 F0 0 
Model_1_goa_dr_2022.dat 7 2033 Fabc 0.0913417
Model_1_goa_dr_2022.dat 7 2033 Fofl 0.112301
Model_1_goa_dr_2022.dat 7 2033  F_LCI 0.0832136
Model_1_goa_dr_2022.dat 7 2033  F_UCI 0.112301
Model_1_goa_dr_2022.dat 7 2033  F_Median 0.0979716
Model_1_goa_dr_2022.dat 7 2033  F_Mean 0.0983672
Model_1_goa_dr_2022.dat 7 2034 F0 0 
Model_1_goa_dr_2022.dat 7 2034 Fabc 0.0913417
Model_1_goa_dr_2022.dat 7 2034 Fofl 0.112301
Model_1_goa_dr_2022.dat 7 2034  F_LCI 0.0824494
Model_1_goa_dr_2022.dat 7 2034  F_UCI 0.112301
Model_1_goa_dr_2022.dat 7 2034  F_Median 0.0983262
Model_1_goa_dr_2022.dat 7 2034  F_Mean 0.0985463
Model_1_goa_dr_2022.dat 7 2035 F0 0 
Model_1_goa_dr_2022.dat 7 2035 Fabc 0.0913417
Model_1_goa_dr_2022.dat 7 2035 Fofl 0.112301
Model_1_goa_dr_2022.dat 7 2035  F_LCI 0.0820707
Model_1_goa_dr_2022.dat 7 2035  F_UCI 0.112301
Model_1_goa_dr_2022.dat 7 2035  F_Median 0.0989213
Model_1_goa_dr_2022.dat 7 2035  F_Mean 0.0989175
