Alternative 1 Catch
     ai20 
Equil_Fabc 41.2434 
Year 
2020 3.205 
2021 1.656 
2022 2.243 
2023 50.8244 
2024 41.0696 
2025 34.8778 
2026 34.9289 
2027 36.8133 
2028 38.605 
2029 39.6883 
2030 40.379 
2031 40.5143 
2032 40.3595 
2033 40.066 
2034 39.6725 

Alternative 1 ABCs
     ai20 

Year 
2020 51.6715 
2021 51.1964 
2022 50.7522 
2023 50.8244 
2024 41.0696 
2025 34.8778 
2026 34.9289 
2027 36.8133 
2028 38.605 
2029 39.6883 
2030 40.379 
2031 40.5143 
2032 40.3595 
2033 40.066 
2034 39.6725 

Alternative 1 TACs
     ai20 

Year 
2020  NA 
2021  NA 
2022  NA 
2023 50.8244 
2024 41.0696 
2025 34.8778 
2026 34.9289 
2027 36.8133 
2028 38.605 
2029 39.6883 
2030 40.379 
2031 40.5143 
2032 40.3595 
2033 40.066 
2034 39.6725 

Alternative 1 Sp_Biomass
     ai20 
Equil_Fabc 74.1899 
Year 
2020 90.0294 
2021 89.8293 
2022 89.5163 
2023 87.6499 
2024 75.8024 
2025 71.4414 
2026 72.5466 
2027 75.0318 
2028 77.2441 
2029 78.6723 
2030 79.3815 
2031 79.488 
2032 79.3684 
2033 78.7239 
2034 77.9127 

Alternative 1 Fishing Mortality
     ai20 
Equil_Fabc 0.31335 
Year 
2020 0.0172015 
2021 0.00893152 
2022 0.0122187 
2023 0.31335 
2024 0.305906 
2025 0.275966 
2026 0.265968 
2027 0.265704 
2028 0.265696 
2029 0.265679 
2030 0.267575 
2031 0.267827 
2032 0.267453 
2033 0.267364 
2034 0.266948 

Alternative 1 Biomass
     ai20 

Year 
2020 282.589 
2021 292.783 
2022 308.525 
2023 330.375 
2024 312.524 
2025 310.031 
2026 316.753 
2027 324.219 
2028 328.921 
2029 331.588 
2030 331.165 
2031 329.608 
2032 328.118 
2033 326.685 
2034 326.623 

Alternative 1 Implied SPR rate 
     ai20 
Equil_Fabc 0.4 
Year 
2020 0.92296 
2021 0.958461 
2022 0.944028 
2023 0.4 
2024 0.405737 
2025 0.431786 
2026 0.442866 
2027 0.444436 
2028 0.446698 
2029 0.448588 
2030 0.446203 
2031 0.446602 
2032 0.447811 
2033 0.446167 
2034 0.446173 

  ai20 
EquilAvgAgeF0  5.06443 
EquilAvgAgeFabc  3.48285 
AvgAgeYr2034 3.79068 
Alternative 2 Catch
     ai20 
Equil_Fabc 41.2434 
Year 
2020 3.205 
2021 1.656 
2022 2.243 
2023 50.8244 
2024 41.0696 
2025 34.8778 
2026 34.9289 
2027 36.8133 
2028 38.605 
2029 39.6883 
2030 40.379 
2031 40.5143 
2032 40.3595 
2033 40.066 
2034 39.6725 

Alternative 2 ABCs
     ai20 

Year 
2020 0.0516715 
2021 0.0511529 
2022 0.0505464 
2023 0.0502411 
2024 0.0394257 
2025 0.0280923 
2026 0.0239317 
2027 0.0283078 
2028 0.0379871 
2029 0.0447328 
2030 0.0503067 
2031 0.0540691 
2032 0.055757 
2033 0.0542508 
2034 0.0510661 

Alternative 2 TACs
     ai20 

Year 
2020  NA 
2021  NA 
2022  NA 
2023 50.8244 
2024 41.0696 
2025 34.8778 
2026 34.9289 
2027 36.8133 
2028 38.605 
2029 39.6883 
2030 40.379 
2031 40.5143 
2032 40.3595 
2033 40.066 
2034 39.6725 

Alternative 2 Sp_Biomass
     ai20 
Equil_Fabc 74.1899 
Year 
2020 90.0294 
2021 89.8293 
2022 89.5163 
2023 87.6499 
2024 75.8024 
2025 71.4414 
2026 72.5466 
2027 75.0318 
2028 77.2441 
2029 78.6723 
2030 79.3815 
2031 79.488 
2032 79.3684 
2033 78.7239 
2034 77.9127 

Alternative 2 Fishing Mortality
     ai20 
Equil_Fabc 0.31335 
Year 
2020 0.0172015 
2021 0.00893152 
2022 0.0122187 
2023 0.31335 
2024 0.305906 
2025 0.275966 
2026 0.265968 
2027 0.265704 
2028 0.265696 
2029 0.265679 
2030 0.267575 
2031 0.267827 
2032 0.267453 
2033 0.267364 
2034 0.266948 

Alternative 2 Biomass
     ai20 

Year 
2020 282.589 
2021 292.783 
2022 308.525 
2023 330.375 
2024 312.524 
2025 310.031 
2026 316.753 
2027 324.219 
2028 328.921 
2029 331.588 
2030 331.165 
2031 329.608 
2032 328.118 
2033 326.685 
2034 326.623 

Alternative 2 Implied SPR rate 
     ai20 
Equil_Fabc 0.4 
Year 
2020 0.92296 
2021 0.958461 
2022 0.944028 
2023 0.4 
2024 0.405737 
2025 0.431786 
2026 0.442866 
2027 0.444436 
2028 0.446698 
2029 0.448588 
2030 0.446203 
2031 0.446602 
2032 0.447811 
2033 0.446167 
2034 0.446173 

  ai20 
EquilAvgAgeF0  5.06443 
EquilAvgAgeFabc  3.48285 
AvgAgeYr2034 3.79068 
Alternative 3 Catch
     ai20 
Equil_Fabc 41.2434 
Year 
2020 3.205 
2021 1.656 
2022 2.243 
2023 3.79534 
2024 3.869 
2025 4.11654 
2026 4.52951 
2027 4.9709 
2028 5.41123 
2029 5.77638 
2030 6.07052 
2031 6.29655 
2032 6.46148 
2033 6.57756 
2034 6.65432 

Alternative 3 ABCs
     ai20 

Year 
2020 51.6715 
2021 51.1964 
2022 50.7522 
2023 50.8244 
2024 52.0338 
2025 55.5548 
2026 61.1463 
2027 67.0283 
2028 72.777 
2029 77.5458 
2030 81.3908 
2031 84.3314 
2032 86.4956 
2033 88.0051 
2034 89.0063 

Alternative 3 TACs
     ai20 

Year 
2020  NA 
2021  NA 
2022  NA 
2023 3.79534 
2024 3.869 
2025 4.11654 
2026 4.52951 
2027 4.9709 
2028 5.41123 
2029 5.77638 
2030 6.07052 
2031 6.29655 
2032 6.46148 
2033 6.57756 
2034 6.65432 

Alternative 3 Sp_Biomass
     ai20 
Equil_Fabc 74.1899 
Year 
2020 90.0294 
2021 89.8293 
2022 89.5163 
2023 91.3188 
2024 96.5377 
2025 103.52 
2026 112.668 
2027 122.373 
2028 131.387 
2029 139.367 
2030 146.096 
2031 151.332 
2032 155.351 
2033 157.872 
2034 159.341 

Alternative 3 Fishing Mortality
     ai20 
Equil_Fabc 0.31335 
Year 
2020 0.0172015 
2021 0.00893152 
2022 0.0122187 
2023 0.0207545 
2024 0.0207545 
2025 0.0207545 
2026 0.0207545 
2027 0.0207545 
2028 0.0207545 
2029 0.0207545 
2030 0.0207545 
2031 0.0207545 
2032 0.0207545 
2033 0.0207545 
2034 0.0207545 

Alternative 3 Biomass
     ai20 

Year 
2020 282.589 
2021 292.783 
2022 308.525 
2023 330.375 
2024 355.704 
2025 382.493 
2026 409.082 
2027 433.566 
2028 453.891 
2029 470.988 
2030 483.486 
2031 492.98 
2032 500.406 
2033 505.804 
2034 510.698 

Alternative 3 Implied SPR rate 
     ai20 
Equil_Fabc 0.4 
Year 
2020 0.92296 
2021 0.958461 
2022 0.944028 
2023 0.908504 
2024 0.908504 
2025 0.908504 
2026 0.908504 
2027 0.908504 
2028 0.908504 
2029 0.908504 
2030 0.908504 
2031 0.908504 
2032 0.908504 
2033 0.908504 
2034 0.908504 

  ai20 
EquilAvgAgeF0  5.06443 
EquilAvgAgeFabc  3.48285 
AvgAgeYr2034 5.00259 
Alternative 4 Catch
     ai20 
Equil_Fabc 41.2434 
Year 
2020 3.205 
2021 1.656 
2022 2.243 
2023 23.9975 
2024 22.4313 
2025 22.3762 
2026 23.5183 
2027 24.9445 
2028 26.4045 
2029 27.4935 
2030 28.2157 
2031 28.6633 
2032 28.8883 
2033 28.9984 
2034 28.9603 

Alternative 4 ABCs
     ai20 

Year 
2020 51.6715 
2021 51.1964 
2022 50.7522 
2023 50.8244 
2024 47.6667 
2025 47.3651 
2026 48.9256 
2027 51.7103 
2028 54.7172 
2029 56.975 
2030 58.585 
2031 59.5693 
2032 60.0757 
2033 60.2539 
2034 60.1821 

Alternative 4 TACs
     ai20 

Year 
2020  NA 
2021  NA 
2022  NA 
2023 23.9975 
2024 22.4313 
2025 22.3762 
2026 23.5183 
2027 24.9445 
2028 26.4045 
2029 27.4935 
2030 28.2157 
2031 28.6633 
2032 28.8883 
2033 28.9984 
2034 28.9603 

Alternative 4 Sp_Biomass
     ai20 
Equil_Fabc 74.1899 
Year 
2020 90.0294 
2021 89.8293 
2022 89.5163 
2023 89.8314 
2024 87.4594 
2025 88.3695 
2026 92.2631 
2027 97.0122 
2028 101.381 
2029 104.903 
2030 107.467 
2031 109.082 
2032 110.078 
2033 110.158 
2034 109.736 

Alternative 4 Fishing Mortality
     ai20 
Equil_Fabc 0.31335 
Year 
2020 0.0172015 
2021 0.00893152 
2022 0.0122187 
2023 0.137793 
2024 0.137793 
2025 0.137793 
2026 0.137793 
2027 0.137793 
2028 0.137793 
2029 0.137793 
2030 0.13738 
2031 0.137242 
2032 0.137104 
2033 0.137518 
2034 0.137518 

Alternative 4 Biomass
     ai20 

Year 
2020 282.589 
2021 292.783 
2022 308.525 
2023 330.375 
2024 337.162 
2025 349.148 
2026 363.163 
2027 376.144 
2028 385.934 
2029 393.254 
2030 396.809 
2031 398.532 
2032 399.457 
2033 399.603 
2034 400.376 

Alternative 4 Implied SPR rate 
     ai20 
Equil_Fabc 0.4 
Year 
2020 0.92296 
2021 0.958461 
2022 0.944028 
2023 0.6 
2024 0.6 
2025 0.6 
2026 0.6 
2027 0.6 
2028 0.6 
2029 0.6 
2030 0.6012 
2031 0.6016 
2032 0.602 
2033 0.6008 
2034 0.6008 

  ai20 
EquilAvgAgeF0  5.06443 
EquilAvgAgeFabc  3.48285 
AvgAgeYr2034 4.27795 
Alternative 5 Catch
     ai20 
Equil_Fabc 41.2434 
Year 
2020 3.205 
2021 1.656 
2022 2.243 
2023  NA 
2024  NA 
2025  NA 
2026  NA 
2027  NA 
2028  NA 
2029  NA 
2030  NA 
2031  NA 
2032  NA 
2033  NA 
2034  NA 

Alternative 5 ABCs
     ai20 

Year 
2020 51.6715 
2021 51.1964 
2022 50.7522 
2023 50.8244 
2024 52.8572 
2025 57.1207 
2026 63.437 
2027 70.0722 
2028 76.5777 
2029 82.0513 
2030 86.5469 
2031 90.105 
2032 92.8094 
2033 94.8045 
2034 96.2138 

Alternative 5 TACs
     ai20 

Year 
2020  NA 
2021  NA 
2022  NA 
2023  NA 
2024  NA 
2025  NA 
2026  NA 
2027  NA 
2028  NA 
2029  NA 
2030  NA 
2031  NA 
2032  NA 
2033  NA 
2034  NA 

Alternative 5 Sp_Biomass
     ai20 
Equil_Fabc 74.1899 
Year 
2020 90.0294 
2021 89.8293 
2022 89.5163 
2023 91.5854 
2024 98.2653 
2025 106.561 
2026 116.955 
2027 127.915 
2028 138.169 
2029 147.392 
2030 155.342 
2031 161.703 
2032 166.721 
2033 170.11 
2034 172.307 

Alternative 5 Fishing Mortality
     ai20 
Equil_Fabc 0.31335 
Year 
2020 0.0172015 
2021 0.00893152 
2022 0.0122187 
2023  NA 
2024  NA 
2025  NA 
2026  NA 
2027  NA 
2028  NA 
2029  NA 
2030  NA 
2031  NA 
2032  NA 
2033  NA 
2034  NA 

Alternative 5 Biomass
     ai20 

Year 
2020 282.589 
2021 292.783 
2022 308.525 
2023 330.375 
2024 359.187 
2025 389.083 
2026 418.565 
2027 445.887 
2028 468.964 
2029 488.75 
2030 503.842 
2031 515.732 
2032 525.297 
2033 532.552 
2034 539.018 

Alternative 5 Implied SPR rate 
     ai20 
Equil_Fabc 0.4 
Year 
2020 0.92296 
2021 0.958461 
2022 0.944028 
2023 1 
2024 1 
2025 1 
2026 1 
2027 1 
2028 1 
2029 1 
2030 1 
2031 1 
2032 1 
2033 1 
2034 1 

  ai20 
EquilAvgAgeF0  5.06443 
EquilAvgAgeFabc  3.48285 
AvgAgeYr2034 5.17869 
Alternative 6 Catch
     ai20 
Equil_Fabc 41.2434 
Year 
2020 3.205 
2021 61.8014 
2022 39.7285 
2023 28.6379 
2024 27.1916 
2025 29.6472 
2026 34.209 
2027 38.3339 
2028 41.0335 
2029 42.3643 
2030 42.9647 
2031 42.916 
2032 42.6505 
2033 42.1074 
2034 41.6144 

Alternative 6 ABCs
     ai20 

Year 
2020 51.6715 
2021 51.1964 
2022 33.0228 
2023 23.6569 
2024 22.4013 
2025 24.3883 
2026 28.1072 
2027 31.3225 
2028 33.4183 
2029 34.6167 
2030 35.1444 
2031 35.0648 
2032 34.8118 
2033 34.4712 
2034 33.9801 

Alternative 6 TACs
     ai20 

Year 
2020  NA 
2021 61.8014 
2022 39.7285 
2023 28.6379 
2024 27.1916 
2025 29.6472 
2026 34.209 
2027 38.3339 
2028 41.0335 
2029 42.3643 
2030 42.9647 
2031 42.916 
2032 42.6505 
2033 42.1074 
2034 41.6144 

Alternative 6 Sp_Biomass
     ai20 
Equil_Fabc 74.1899 
Year 
2020 90.0294 
2021 85.0319 
2022 63.9604 
2023 55.262 
2024 55.2529 
2025 58.6182 
2026 63.4847 
2027 67.573 
2028 70.2453 
2029 71.5728 
2030 72.0142 
2031 71.885 
2032 71.6093 
2033 70.8919 
2034 70.1114 

Alternative 6 Fishing Mortality
     ai20 
Equil_Fabc 0.31335 
Year 
2020 0.0172015 
2021 0.390068 
2022 0.333454 
2023 0.285313 
2024 0.282252 
2025 0.288057 
2026 0.298267 
2027 0.30871 
2028 0.313785 
2029 0.315828 
2030 0.317908 
2031 0.317985 
2032 0.317846 
2033 0.315911 
2034 0.314979 

Alternative 6 Biomass
     ai20 

Year 
2020 282.589 
2021 292.783 
2022 254.47 
2023 249.418 
2024 262.498 
2025 279.942 
2026 295.884 
2027 306.876 
2028 312.32 
2029 314.569 
2030 313.427 
2031 311.282 
2032 309.441 
2033 307.817 
2034 307.847 

Alternative 6 Implied SPR rate 
     ai20 
Equil_Fabc 0.4 
Year 
2020 0.92296 
2021 0.35 
2022 0.385507 
2023 0.422238 
2024 0.426623 
2025 0.42478 
2026 0.418971 
2027 0.41171 
2028 0.408011 
2029 0.406481 
2030 0.404874 
2031 0.404919 
2032 0.405119 
2033 0.406459 
2034 0.407005 

  ai20 
EquilAvgAgeF0  5.06443 
EquilAvgAgeFabc  3.48285 
AvgAgeYr2034 3.66675 
Alternative 7 Catch
     ai20 
Equil_Fabc 41.2434 
Year 
2020 3.205 
2021 51.1964 
2022 36.9047 
2023 33.2907 
2024 29.3778 
2025 30.6648 
2026 34.6493 
2027 38.4965 
2028 41.0763 
2029 42.3628 
2030 42.9522 
2031 42.9052 
2032 42.6436 
2033 42.1036 
2034 41.6126 

Alternative 7 ABCs
     ai20 

Year 
2020 51.6715 
2021 51.1964 
2022 36.9047 
2023 27.5687 
2024 24.2311 
2025 25.239 
2026 28.519 
2027 31.4969 
2028 33.4621 
2029 34.6146 
2030 35.1538 
2031 35.056 
2032 34.8062 
2033 34.4681 
2034 33.9786 

Alternative 7 TACs
     ai20 

Year 
2020  NA 
2021 61.8014 
2022 44.308 
2023 33.2907 
2024 29.3778 
2025 30.6648 
2026 34.6493 
2027 38.4965 
2028 41.0763 
2029 42.3628 
2030 42.9522 
2031 42.9052 
2032 42.6436 
2033 42.1036 
2034 41.6126 

Alternative 7 Sp_Biomass
     ai20 
Equil_Fabc 74.1899 
Year 
2020 90.0294 
2021 85.9751 
2022 68.1713 
2023 59.4494 
2024 57.3732 
2025 59.6513 
2026 63.9513 
2027 67.7554 
2028 70.298 
2029 71.5761 
2030 72.0037 
2031 71.8744 
2032 71.6022 
2033 70.8879 
2034 70.1094 

Alternative 7 Fishing Mortality
     ai20 
Equil_Fabc 0.31335 
Year 
2020 0.0172015 
2021 0.313349 
2022 0.286592 
2023 0.308488 
2024 0.29349 
2025 0.293017 
2026 0.300281 
2027 0.309429 
2028 0.31399 
2029 0.315852 
2030 0.317881 
2031 0.317954 
2032 0.317825 
2033 0.315898 
2034 0.314973 

Alternative 7 Biomass
     ai20 

Year 
2020 282.589 
2021 292.783 
2022 263.987 
2023 260.326 
2024 267.695 
2025 282.292 
2026 296.842 
2027 307.197 
2028 312.38 
2029 314.543 
2030 313.388 
2031 311.252 
2032 309.423 
2033 307.807 
2034 307.843 

Alternative 7 Implied SPR rate 
     ai20 
Equil_Fabc 0.4 
Year 
2020 0.92296 
2021 0.4 
2022 0.42115 
2023 0.403693 
2024 0.417047 
2025 0.420337 
2026 0.417099 
2027 0.411022 
2028 0.407804 
2029 0.406449 
2030 0.404895 
2031 0.404945 
2032 0.405138 
2033 0.40647 
2034 0.40701 

  ai20 
EquilAvgAgeF0  5.06443 
EquilAvgAgeFabc  3.48285 
AvgAgeYr2034 3.66674 
