ai20 1 2020 Cabc 41.2434
ai20 1 2020 Cofl 43.6051
ai20 1 2020 CLCI 3.205
ai20 1 2020 CUCI 3.205
ai20 1 2020 CMedian 3.205
ai20 1 2020 CMean 3.205
ai20 1 2020 CStdn 4.66294e-014
ai20 1 2021 Cabc 41.2434
ai20 1 2021 Cofl 43.6051
ai20 1 2021 CLCI 1.656
ai20 1 2021 CUCI 1.656
ai20 1 2021 CMedian 1.656
ai20 1 2021 CMean 1.656
ai20 1 2021 CStdn 1.86968e-007
ai20 1 2022 Cabc 41.2434
ai20 1 2022 Cofl 43.6051
ai20 1 2022 CLCI 2.243
ai20 1 2022 CUCI 2.243
ai20 1 2022 CMedian 2.243
ai20 1 2022 CMean 2.243
ai20 1 2022 CStdn 2.69005e-008
ai20 1 2023 Cabc 41.2434
ai20 1 2023 Cofl 43.6051
ai20 1 2023 CLCI 49.9914
ai20 1 2023 CUCI 52.702
ai20 1 2023 CMedian 50.4913
ai20 1 2023 CMean 50.8244
ai20 1 2023 CStdn 1.08399
ai20 1 2024 Cabc 41.2434
ai20 1 2024 Cofl 43.6051
ai20 1 2024 CLCI 37.5034
ai20 1 2024 CUCI 47.3813
ai20 1 2024 CMedian 40.1418
ai20 1 2024 CMean 41.0696
ai20 1 2024 CStdn 3.64873
ai20 1 2025 Cabc 41.2434
ai20 1 2025 Cofl 43.6051
ai20 1 2025 CLCI 25.3197
ai20 1 2025 CUCI 51.5104
ai20 1 2025 CMedian 31.8823
ai20 1 2025 CMean 34.8778
ai20 1 2025 CStdn 9.64827
ai20 1 2026 Cabc 41.2434
ai20 1 2026 Cofl 43.6051
ai20 1 2026 CLCI 19.0844
ai20 1 2026 CUCI 63.2978
ai20 1 2026 CMedian 31.1469
ai20 1 2026 CMean 34.9289
ai20 1 2026 CStdn 15.5831
ai20 1 2027 Cabc 41.2434
ai20 1 2027 Cofl 43.6051
ai20 1 2027 CLCI 15.3504
ai20 1 2027 CUCI 73.9164
ai20 1 2027 CMedian 32.7293
ai20 1 2027 CMean 36.8133
ai20 1 2027 CStdn 19.3853
ai20 1 2028 Cabc 41.2434
ai20 1 2028 Cofl 43.6051
ai20 1 2028 CLCI 13.4444
ai20 1 2028 CUCI 77.8315
ai20 1 2028 CMedian 34.9733
ai20 1 2028 CMean 38.605
ai20 1 2028 CStdn 21.5363
ai20 1 2029 Cabc 41.2434
ai20 1 2029 Cofl 43.6051
ai20 1 2029 CLCI 13.5778
ai20 1 2029 CUCI 80.0342
ai20 1 2029 CMedian 35.6652
ai20 1 2029 CMean 39.6883
ai20 1 2029 CStdn 22.5739
ai20 1 2030 Cabc 41.2434
ai20 1 2030 Cofl 43.6051
ai20 1 2030 CLCI 13.6435
ai20 1 2030 CUCI 81.1314
ai20 1 2030 CMedian 36.3057
ai20 1 2030 CMean 40.379
ai20 1 2030 CStdn 22.9309
ai20 1 2031 Cabc 41.2434
ai20 1 2031 Cofl 43.6051
ai20 1 2031 CLCI 12.9114
ai20 1 2031 CUCI 81.1684
ai20 1 2031 CMedian 36.966
ai20 1 2031 CMean 40.5143
ai20 1 2031 CStdn 22.844
ai20 1 2032 Cabc 41.2434
ai20 1 2032 Cofl 43.6051
ai20 1 2032 CLCI 13.0624
ai20 1 2032 CUCI 80.6081
ai20 1 2032 CMedian 37.7628
ai20 1 2032 CMean 40.3595
ai20 1 2032 CStdn 22.2709
ai20 1 2033 Cabc 41.2434
ai20 1 2033 Cofl 43.6051
ai20 1 2033 CLCI 13.4286
ai20 1 2033 CUCI 80.8144
ai20 1 2033 CMedian 36.7285
ai20 1 2033 CMean 40.066
ai20 1 2033 CStdn 21.8575
ai20 1 2034 Cabc 41.2434
ai20 1 2034 Cofl 43.6051
ai20 1 2034 CLCI 13.2687
ai20 1 2034 CUCI 80.6443
ai20 1 2034 CMedian 35.8283
ai20 1 2034 CMean 39.6725
ai20 1 2034 CStdn 21.7546
ai20 1 2020 SSBF100 185.475
ai20 1 2020 SSBFabc 74.1899
ai20 1 2020 SSBFofl 64.9161
ai20 1 2020 SSBLCI 90.0294
ai20 1 2020 SSBUCI 90.0294
ai20 1 2020 SSBMedian 90.0294
ai20 1 2020 SSBMean 90.0294
ai20 1 2021 SSBF100 185.475
ai20 1 2021 SSBFabc 74.1899
ai20 1 2021 SSBFofl 64.9161
ai20 1 2021 SSBLCI 89.8292
ai20 1 2021 SSBUCI 89.8298
ai20 1 2021 SSBMedian 89.8292
ai20 1 2021 SSBMean 89.8293
ai20 1 2022 SSBF100 185.475
ai20 1 2022 SSBFabc 74.1899
ai20 1 2022 SSBFofl 64.9161
ai20 1 2022 SSBLCI 89.5056
ai20 1 2022 SSBUCI 89.5475
ai20 1 2022 SSBMedian 89.5103
ai20 1 2022 SSBMean 89.5163
ai20 1 2023 SSBF100 185.475
ai20 1 2023 SSBFabc 74.1899
ai20 1 2023 SSBFofl 64.9161
ai20 1 2023 SSBLCI 87.2493
ai20 1 2023 SSBUCI 88.81
ai20 1 2023 SSBMedian 87.4263
ai20 1 2023 SSBMean 87.6499
ai20 1 2024 SSBF100 185.475
ai20 1 2024 SSBFabc 74.1899
ai20 1 2024 SSBFofl 64.9161
ai20 1 2024 SSBLCI 70.0253
ai20 1 2024 SSBUCI 92.4676
ai20 1 2024 SSBMedian 72.6274
ai20 1 2024 SSBMean 75.8024
ai20 1 2025 SSBF100 185.475
ai20 1 2025 SSBFabc 74.1899
ai20 1 2025 SSBFofl 64.9161
ai20 1 2025 SSBLCI 56.3735
ai20 1 2025 SSBUCI 108.39
ai20 1 2025 SSBMedian 64.9437
ai20 1 2025 SSBMean 71.4414
ai20 1 2026 SSBF100 185.475
ai20 1 2026 SSBFabc 74.1899
ai20 1 2026 SSBFofl 64.9161
ai20 1 2026 SSBLCI 48.1246
ai20 1 2026 SSBUCI 130.802
ai20 1 2026 SSBMedian 64.2413
ai20 1 2026 SSBMean 72.5466
ai20 1 2027 SSBF100 185.475
ai20 1 2027 SSBFabc 74.1899
ai20 1 2027 SSBFofl 64.9161
ai20 1 2027 SSBLCI 43.4795
ai20 1 2027 SSBUCI 137.327
ai20 1 2027 SSBMedian 66.167
ai20 1 2027 SSBMean 75.0318
ai20 1 2028 SSBF100 185.475
ai20 1 2028 SSBFabc 74.1899
ai20 1 2028 SSBFofl 64.9161
ai20 1 2028 SSBLCI 41.6929
ai20 1 2028 SSBUCI 142.227
ai20 1 2028 SSBMedian 67.9476
ai20 1 2028 SSBMean 77.2441
ai20 1 2029 SSBF100 185.475
ai20 1 2029 SSBFabc 74.1899
ai20 1 2029 SSBFofl 64.9161
ai20 1 2029 SSBLCI 41.6071
ai20 1 2029 SSBUCI 144.028
ai20 1 2029 SSBMedian 68.5567
ai20 1 2029 SSBMean 78.6723
ai20 1 2030 SSBF100 185.475
ai20 1 2030 SSBFabc 74.1899
ai20 1 2030 SSBFofl 64.9161
ai20 1 2030 SSBLCI 41.5984
ai20 1 2030 SSBUCI 145.972
ai20 1 2030 SSBMedian 69.7859
ai20 1 2030 SSBMean 79.3815
ai20 1 2031 SSBF100 185.475
ai20 1 2031 SSBFabc 74.1899
ai20 1 2031 SSBFofl 64.9161
ai20 1 2031 SSBLCI 41.1931
ai20 1 2031 SSBUCI 143.878
ai20 1 2031 SSBMedian 69.8508
ai20 1 2031 SSBMean 79.488
ai20 1 2032 SSBF100 185.475
ai20 1 2032 SSBFabc 74.1899
ai20 1 2032 SSBFofl 64.9161
ai20 1 2032 SSBLCI 41.7684
ai20 1 2032 SSBUCI 146.402
ai20 1 2032 SSBMedian 71.1252
ai20 1 2032 SSBMean 79.3684
ai20 1 2033 SSBF100 185.475
ai20 1 2033 SSBFabc 74.1899
ai20 1 2033 SSBFofl 64.9161
ai20 1 2033 SSBLCI 41.912
ai20 1 2033 SSBUCI 146.645
ai20 1 2033 SSBMedian 69.6124
ai20 1 2033 SSBMean 78.7239
ai20 1 2034 SSBF100 185.475
ai20 1 2034 SSBFabc 74.1899
ai20 1 2034 SSBFofl 64.9161
ai20 1 2034 SSBLCI 41.5072
ai20 1 2034 SSBUCI 142.499
ai20 1 2034 SSBMedian 68.9241
ai20 1 2034 SSBMean 77.9127
ai20 1 2020 F0 0 
ai20 1 2020 Fabc 0.31335
ai20 1 2020 Fofl 0.390068
ai20 1 2020  F_LCI 0.0172015
ai20 1 2020  F_UCI 0.0172015
ai20 1 2020  F_Median 0.0172015
ai20 1 2020  F_Mean 0.0172015
ai20 1 2021 F0 0 
ai20 1 2021 Fabc 0.31335
ai20 1 2021 Fofl 0.390068
ai20 1 2021  F_LCI 0.00889418
ai20 1 2021  F_UCI 0.00894418
ai20 1 2021  F_Median 0.00893864
ai20 1 2021  F_Mean 0.00893152
ai20 1 2022 F0 0 
ai20 1 2022 Fabc 0.31335
ai20 1 2022 Fofl 0.390068
ai20 1 2022  F_LCI 0.0120749
ai20 1 2022  F_UCI 0.0122788
ai20 1 2022  F_Median 0.0122456
ai20 1 2022  F_Mean 0.0122187
ai20 1 2023 F0 0 
ai20 1 2023 Fabc 0.31335
ai20 1 2023 Fofl 0.390068
ai20 1 2023  F_LCI 0.31335
ai20 1 2023  F_UCI 0.31335
ai20 1 2023  F_Median 0.31335
ai20 1 2023  F_Mean 0.31335
ai20 1 2024 F0 0 
ai20 1 2024 Fabc 0.31335
ai20 1 2024 Fofl 0.390068
ai20 1 2024  F_LCI 0.294834
ai20 1 2024  F_UCI 0.31335
ai20 1 2024  F_Median 0.306403
ai20 1 2024  F_Mean 0.305906
ai20 1 2025 F0 0 
ai20 1 2025 Fabc 0.31335
ai20 1 2025 Fofl 0.390068
ai20 1 2025  F_LCI 0.23414
ai20 1 2025  F_UCI 0.31335
ai20 1 2025  F_Median 0.272242
ai20 1 2025  F_Mean 0.275966
ai20 1 2026 F0 0 
ai20 1 2026 Fabc 0.31335
ai20 1 2026 Fofl 0.390068
ai20 1 2026  F_LCI 0.197466
ai20 1 2026  F_UCI 0.31335
ai20 1 2026  F_Median 0.269119
ai20 1 2026  F_Mean 0.265968
ai20 1 2027 F0 0 
ai20 1 2027 Fabc 0.31335
ai20 1 2027 Fofl 0.390068
ai20 1 2027  F_LCI 0.176814
ai20 1 2027  F_UCI 0.31335
ai20 1 2027  F_Median 0.277681
ai20 1 2027  F_Mean 0.265704
ai20 1 2028 F0 0 
ai20 1 2028 Fabc 0.31335
ai20 1 2028 Fofl 0.390068
ai20 1 2028  F_LCI 0.168871
ai20 1 2028  F_UCI 0.31335
ai20 1 2028  F_Median 0.285597
ai20 1 2028  F_Mean 0.265696
ai20 1 2029 F0 0 
ai20 1 2029 Fabc 0.31335
ai20 1 2029 Fofl 0.390068
ai20 1 2029  F_LCI 0.16849
ai20 1 2029  F_UCI 0.31335
ai20 1 2029  F_Median 0.288305
ai20 1 2029  F_Mean 0.265679
ai20 1 2030 F0 0 
ai20 1 2030 Fabc 0.31335
ai20 1 2030 Fofl 0.390068
ai20 1 2030  F_LCI 0.168451
ai20 1 2030  F_UCI 0.31335
ai20 1 2030  F_Median 0.29377
ai20 1 2030  F_Mean 0.267575
ai20 1 2031 F0 0 
ai20 1 2031 Fabc 0.31335
ai20 1 2031 Fofl 0.390068
ai20 1 2031  F_LCI 0.166649
ai20 1 2031  F_UCI 0.31335
ai20 1 2031  F_Median 0.294059
ai20 1 2031  F_Mean 0.267827
ai20 1 2032 F0 0 
ai20 1 2032 Fabc 0.31335
ai20 1 2032 Fofl 0.390068
ai20 1 2032  F_LCI 0.169206
ai20 1 2032  F_UCI 0.31335
ai20 1 2032  F_Median 0.299724
ai20 1 2032  F_Mean 0.267453
ai20 1 2033 F0 0 
ai20 1 2033 Fabc 0.31335
ai20 1 2033 Fofl 0.390068
ai20 1 2033  F_LCI 0.169845
ai20 1 2033  F_UCI 0.31335
ai20 1 2033  F_Median 0.292998
ai20 1 2033  F_Mean 0.267364
ai20 1 2034 F0 0 
ai20 1 2034 Fabc 0.31335
ai20 1 2034 Fofl 0.390068
ai20 1 2034  F_LCI 0.168045
ai20 1 2034  F_UCI 0.31335
ai20 1 2034  F_Median 0.289939
ai20 1 2034  F_Mean 0.266948
ai20 2 2020 Cabc 41.2434
ai20 2 2020 Cofl 43.6051
ai20 2 2020 CLCI 3.205
ai20 2 2020 CUCI 3.205
ai20 2 2020 CMedian 3.205
ai20 2 2020 CMean 3.205
ai20 2 2020 CStdn 4.66294e-014
ai20 2 2021 Cabc 41.2434
ai20 2 2021 Cofl 43.6051
ai20 2 2021 CLCI 1.656
ai20 2 2021 CUCI 1.656
ai20 2 2021 CMedian 1.656
ai20 2 2021 CMean 1.656
ai20 2 2021 CStdn 1.86968e-007
ai20 2 2022 Cabc 41.2434
ai20 2 2022 Cofl 43.6051
ai20 2 2022 CLCI 2.243
ai20 2 2022 CUCI 2.243
ai20 2 2022 CMedian 2.243
ai20 2 2022 CMean 2.243
ai20 2 2022 CStdn 2.69005e-008
ai20 2 2023 Cabc 41.2434
ai20 2 2023 Cofl 43.6051
ai20 2 2023 CLCI 49.9914
ai20 2 2023 CUCI 52.702
ai20 2 2023 CMedian 50.4913
ai20 2 2023 CMean 50.8244
ai20 2 2023 CStdn 1.08399
ai20 2 2024 Cabc 41.2434
ai20 2 2024 Cofl 43.6051
ai20 2 2024 CLCI 37.5034
ai20 2 2024 CUCI 47.3813
ai20 2 2024 CMedian 40.1418
ai20 2 2024 CMean 41.0696
ai20 2 2024 CStdn 3.64873
ai20 2 2025 Cabc 41.2434
ai20 2 2025 Cofl 43.6051
ai20 2 2025 CLCI 25.3197
ai20 2 2025 CUCI 51.5104
ai20 2 2025 CMedian 31.8823
ai20 2 2025 CMean 34.8778
ai20 2 2025 CStdn 9.64827
ai20 2 2026 Cabc 41.2434
ai20 2 2026 Cofl 43.6051
ai20 2 2026 CLCI 19.0844
ai20 2 2026 CUCI 63.2978
ai20 2 2026 CMedian 31.1469
ai20 2 2026 CMean 34.9289
ai20 2 2026 CStdn 15.5831
ai20 2 2027 Cabc 41.2434
ai20 2 2027 Cofl 43.6051
ai20 2 2027 CLCI 15.3504
ai20 2 2027 CUCI 73.9164
ai20 2 2027 CMedian 32.7293
ai20 2 2027 CMean 36.8133
ai20 2 2027 CStdn 19.3853
ai20 2 2028 Cabc 41.2434
ai20 2 2028 Cofl 43.6051
ai20 2 2028 CLCI 13.4444
ai20 2 2028 CUCI 77.8315
ai20 2 2028 CMedian 34.9733
ai20 2 2028 CMean 38.605
ai20 2 2028 CStdn 21.5363
ai20 2 2029 Cabc 41.2434
ai20 2 2029 Cofl 43.6051
ai20 2 2029 CLCI 13.5778
ai20 2 2029 CUCI 80.0342
ai20 2 2029 CMedian 35.6652
ai20 2 2029 CMean 39.6883
ai20 2 2029 CStdn 22.5739
ai20 2 2030 Cabc 41.2434
ai20 2 2030 Cofl 43.6051
ai20 2 2030 CLCI 13.6435
ai20 2 2030 CUCI 81.1314
ai20 2 2030 CMedian 36.3057
ai20 2 2030 CMean 40.379
ai20 2 2030 CStdn 22.9309
ai20 2 2031 Cabc 41.2434
ai20 2 2031 Cofl 43.6051
ai20 2 2031 CLCI 12.9114
ai20 2 2031 CUCI 81.1684
ai20 2 2031 CMedian 36.966
ai20 2 2031 CMean 40.5143
ai20 2 2031 CStdn 22.844
ai20 2 2032 Cabc 41.2434
ai20 2 2032 Cofl 43.6051
ai20 2 2032 CLCI 13.0624
ai20 2 2032 CUCI 80.6081
ai20 2 2032 CMedian 37.7628
ai20 2 2032 CMean 40.3595
ai20 2 2032 CStdn 22.2709
ai20 2 2033 Cabc 41.2434
ai20 2 2033 Cofl 43.6051
ai20 2 2033 CLCI 13.4286
ai20 2 2033 CUCI 80.8144
ai20 2 2033 CMedian 36.7285
ai20 2 2033 CMean 40.066
ai20 2 2033 CStdn 21.8575
ai20 2 2034 Cabc 41.2434
ai20 2 2034 Cofl 43.6051
ai20 2 2034 CLCI 13.2687
ai20 2 2034 CUCI 80.6443
ai20 2 2034 CMedian 35.8283
ai20 2 2034 CMean 39.6725
ai20 2 2034 CStdn 21.7546
ai20 2 2020 SSBF100 185.475
ai20 2 2020 SSBFabc 74.1899
ai20 2 2020 SSBFofl 64.9161
ai20 2 2020 SSBLCI 90.0294
ai20 2 2020 SSBUCI 90.0294
ai20 2 2020 SSBMedian 90.0294
ai20 2 2020 SSBMean 90.0294
ai20 2 2021 SSBF100 185.475
ai20 2 2021 SSBFabc 74.1899
ai20 2 2021 SSBFofl 64.9161
ai20 2 2021 SSBLCI 89.8292
ai20 2 2021 SSBUCI 89.8298
ai20 2 2021 SSBMedian 89.8292
ai20 2 2021 SSBMean 89.8293
ai20 2 2022 SSBF100 185.475
ai20 2 2022 SSBFabc 74.1899
ai20 2 2022 SSBFofl 64.9161
ai20 2 2022 SSBLCI 89.5056
ai20 2 2022 SSBUCI 89.5475
ai20 2 2022 SSBMedian 89.5103
ai20 2 2022 SSBMean 89.5163
ai20 2 2023 SSBF100 185.475
ai20 2 2023 SSBFabc 74.1899
ai20 2 2023 SSBFofl 64.9161
ai20 2 2023 SSBLCI 87.2493
ai20 2 2023 SSBUCI 88.81
ai20 2 2023 SSBMedian 87.4263
ai20 2 2023 SSBMean 87.6499
ai20 2 2024 SSBF100 185.475
ai20 2 2024 SSBFabc 74.1899
ai20 2 2024 SSBFofl 64.9161
ai20 2 2024 SSBLCI 70.0253
ai20 2 2024 SSBUCI 92.4676
ai20 2 2024 SSBMedian 72.6274
ai20 2 2024 SSBMean 75.8024
ai20 2 2025 SSBF100 185.475
ai20 2 2025 SSBFabc 74.1899
ai20 2 2025 SSBFofl 64.9161
ai20 2 2025 SSBLCI 56.3735
ai20 2 2025 SSBUCI 108.39
ai20 2 2025 SSBMedian 64.9437
ai20 2 2025 SSBMean 71.4414
ai20 2 2026 SSBF100 185.475
ai20 2 2026 SSBFabc 74.1899
ai20 2 2026 SSBFofl 64.9161
ai20 2 2026 SSBLCI 48.1246
ai20 2 2026 SSBUCI 130.802
ai20 2 2026 SSBMedian 64.2413
ai20 2 2026 SSBMean 72.5466
ai20 2 2027 SSBF100 185.475
ai20 2 2027 SSBFabc 74.1899
ai20 2 2027 SSBFofl 64.9161
ai20 2 2027 SSBLCI 43.4795
ai20 2 2027 SSBUCI 137.327
ai20 2 2027 SSBMedian 66.167
ai20 2 2027 SSBMean 75.0318
ai20 2 2028 SSBF100 185.475
ai20 2 2028 SSBFabc 74.1899
ai20 2 2028 SSBFofl 64.9161
ai20 2 2028 SSBLCI 41.6929
ai20 2 2028 SSBUCI 142.227
ai20 2 2028 SSBMedian 67.9476
ai20 2 2028 SSBMean 77.2441
ai20 2 2029 SSBF100 185.475
ai20 2 2029 SSBFabc 74.1899
ai20 2 2029 SSBFofl 64.9161
ai20 2 2029 SSBLCI 41.6071
ai20 2 2029 SSBUCI 144.028
ai20 2 2029 SSBMedian 68.5567
ai20 2 2029 SSBMean 78.6723
ai20 2 2030 SSBF100 185.475
ai20 2 2030 SSBFabc 74.1899
ai20 2 2030 SSBFofl 64.9161
ai20 2 2030 SSBLCI 41.5984
ai20 2 2030 SSBUCI 145.972
ai20 2 2030 SSBMedian 69.7859
ai20 2 2030 SSBMean 79.3815
ai20 2 2031 SSBF100 185.475
ai20 2 2031 SSBFabc 74.1899
ai20 2 2031 SSBFofl 64.9161
ai20 2 2031 SSBLCI 41.1931
ai20 2 2031 SSBUCI 143.878
ai20 2 2031 SSBMedian 69.8508
ai20 2 2031 SSBMean 79.488
ai20 2 2032 SSBF100 185.475
ai20 2 2032 SSBFabc 74.1899
ai20 2 2032 SSBFofl 64.9161
ai20 2 2032 SSBLCI 41.7684
ai20 2 2032 SSBUCI 146.402
ai20 2 2032 SSBMedian 71.1252
ai20 2 2032 SSBMean 79.3684
ai20 2 2033 SSBF100 185.475
ai20 2 2033 SSBFabc 74.1899
ai20 2 2033 SSBFofl 64.9161
ai20 2 2033 SSBLCI 41.912
ai20 2 2033 SSBUCI 146.645
ai20 2 2033 SSBMedian 69.6124
ai20 2 2033 SSBMean 78.7239
ai20 2 2034 SSBF100 185.475
ai20 2 2034 SSBFabc 74.1899
ai20 2 2034 SSBFofl 64.9161
ai20 2 2034 SSBLCI 41.5072
ai20 2 2034 SSBUCI 142.499
ai20 2 2034 SSBMedian 68.9241
ai20 2 2034 SSBMean 77.9127
ai20 2 2020 F0 0 
ai20 2 2020 Fabc 0.31335
ai20 2 2020 Fofl 0.390068
ai20 2 2020  F_LCI 0.0172015
ai20 2 2020  F_UCI 0.0172015
ai20 2 2020  F_Median 0.0172015
ai20 2 2020  F_Mean 0.0172015
ai20 2 2021 F0 0 
ai20 2 2021 Fabc 0.31335
ai20 2 2021 Fofl 0.390068
ai20 2 2021  F_LCI 0.00889418
ai20 2 2021  F_UCI 0.00894418
ai20 2 2021  F_Median 0.00893864
ai20 2 2021  F_Mean 0.00893152
ai20 2 2022 F0 0 
ai20 2 2022 Fabc 0.31335
ai20 2 2022 Fofl 0.390068
ai20 2 2022  F_LCI 0.0120749
ai20 2 2022  F_UCI 0.0122788
ai20 2 2022  F_Median 0.0122456
ai20 2 2022  F_Mean 0.0122187
ai20 2 2023 F0 0 
ai20 2 2023 Fabc 0.31335
ai20 2 2023 Fofl 0.390068
ai20 2 2023  F_LCI 0.31335
ai20 2 2023  F_UCI 0.31335
ai20 2 2023  F_Median 0.31335
ai20 2 2023  F_Mean 0.31335
ai20 2 2024 F0 0 
ai20 2 2024 Fabc 0.31335
ai20 2 2024 Fofl 0.390068
ai20 2 2024  F_LCI 0.294834
ai20 2 2024  F_UCI 0.31335
ai20 2 2024  F_Median 0.306403
ai20 2 2024  F_Mean 0.305906
ai20 2 2025 F0 0 
ai20 2 2025 Fabc 0.31335
ai20 2 2025 Fofl 0.390068
ai20 2 2025  F_LCI 0.23414
ai20 2 2025  F_UCI 0.31335
ai20 2 2025  F_Median 0.272242
ai20 2 2025  F_Mean 0.275966
ai20 2 2026 F0 0 
ai20 2 2026 Fabc 0.31335
ai20 2 2026 Fofl 0.390068
ai20 2 2026  F_LCI 0.197466
ai20 2 2026  F_UCI 0.31335
ai20 2 2026  F_Median 0.269119
ai20 2 2026  F_Mean 0.265968
ai20 2 2027 F0 0 
ai20 2 2027 Fabc 0.31335
ai20 2 2027 Fofl 0.390068
ai20 2 2027  F_LCI 0.176814
ai20 2 2027  F_UCI 0.31335
ai20 2 2027  F_Median 0.277681
ai20 2 2027  F_Mean 0.265704
ai20 2 2028 F0 0 
ai20 2 2028 Fabc 0.31335
ai20 2 2028 Fofl 0.390068
ai20 2 2028  F_LCI 0.168871
ai20 2 2028  F_UCI 0.31335
ai20 2 2028  F_Median 0.285597
ai20 2 2028  F_Mean 0.265696
ai20 2 2029 F0 0 
ai20 2 2029 Fabc 0.31335
ai20 2 2029 Fofl 0.390068
ai20 2 2029  F_LCI 0.16849
ai20 2 2029  F_UCI 0.31335
ai20 2 2029  F_Median 0.288305
ai20 2 2029  F_Mean 0.265679
ai20 2 2030 F0 0 
ai20 2 2030 Fabc 0.31335
ai20 2 2030 Fofl 0.390068
ai20 2 2030  F_LCI 0.168451
ai20 2 2030  F_UCI 0.31335
ai20 2 2030  F_Median 0.29377
ai20 2 2030  F_Mean 0.267575
ai20 2 2031 F0 0 
ai20 2 2031 Fabc 0.31335
ai20 2 2031 Fofl 0.390068
ai20 2 2031  F_LCI 0.166649
ai20 2 2031  F_UCI 0.31335
ai20 2 2031  F_Median 0.294059
ai20 2 2031  F_Mean 0.267827
ai20 2 2032 F0 0 
ai20 2 2032 Fabc 0.31335
ai20 2 2032 Fofl 0.390068
ai20 2 2032  F_LCI 0.169206
ai20 2 2032  F_UCI 0.31335
ai20 2 2032  F_Median 0.299724
ai20 2 2032  F_Mean 0.267453
ai20 2 2033 F0 0 
ai20 2 2033 Fabc 0.31335
ai20 2 2033 Fofl 0.390068
ai20 2 2033  F_LCI 0.169845
ai20 2 2033  F_UCI 0.31335
ai20 2 2033  F_Median 0.292998
ai20 2 2033  F_Mean 0.267364
ai20 2 2034 F0 0 
ai20 2 2034 Fabc 0.31335
ai20 2 2034 Fofl 0.390068
ai20 2 2034  F_LCI 0.168045
ai20 2 2034  F_UCI 0.31335
ai20 2 2034  F_Median 0.289939
ai20 2 2034  F_Mean 0.266948
ai20 3 2020 Cabc 41.2434
ai20 3 2020 Cofl 43.6051
ai20 3 2020 CLCI 3.205
ai20 3 2020 CUCI 3.205
ai20 3 2020 CMedian 3.205
ai20 3 2020 CMean 3.205
ai20 3 2020 CStdn 4.66294e-014
ai20 3 2021 Cabc 41.2434
ai20 3 2021 Cofl 43.6051
ai20 3 2021 CLCI 1.656
ai20 3 2021 CUCI 1.656
ai20 3 2021 CMedian 1.656
ai20 3 2021 CMean 1.656
ai20 3 2021 CStdn 1.86968e-007
ai20 3 2022 Cabc 41.2434
ai20 3 2022 Cofl 43.6051
ai20 3 2022 CLCI 2.243
ai20 3 2022 CUCI 2.243
ai20 3 2022 CMedian 2.243
ai20 3 2022 CMean 2.243
ai20 3 2022 CStdn 2.69005e-008
ai20 3 2023 Cabc 41.2434
ai20 3 2023 Cofl 43.6051
ai20 3 2023 CLCI 3.73968
ai20 3 2023 CUCI 3.92118
ai20 3 2023 CMedian 3.77302
ai20 3 2023 CMean 3.79534
ai20 3 2023 CStdn 0.0725391
ai20 3 2024 Cabc 41.2434
ai20 3 2024 Cofl 43.6051
ai20 3 2024 CLCI 3.7045
ai20 3 2024 CUCI 4.24954
ai20 3 2024 CMedian 3.80048
ai20 3 2024 CMean 3.869
ai20 3 2024 CStdn 0.216979
ai20 3 2025 Cabc 41.2434
ai20 3 2025 Cofl 43.6051
ai20 3 2025 CLCI 3.67464
ai20 3 2025 CUCI 5.09581
ai20 3 2025 CMedian 3.94474
ai20 3 2025 CMean 4.11654
ai20 3 2025 CStdn 0.564311
ai20 3 2026 Cabc 41.2434
ai20 3 2026 Cofl 43.6051
ai20 3 2026 CLCI 3.59769
ai20 3 2026 CUCI 6.58498
ai20 3 2026 CMedian 4.19926
ai20 3 2026 CMean 4.52951
ai20 3 2026 CStdn 1.11207
ai20 3 2027 Cabc 41.2434
ai20 3 2027 Cofl 43.6051
ai20 3 2027 CLCI 3.44019
ai20 3 2027 CUCI 8.2794
ai20 3 2027 CMedian 4.53356
ai20 3 2027 CMean 4.9709
ai20 3 2027 CStdn 1.65285
ai20 3 2028 Cabc 41.2434
ai20 3 2028 Cofl 43.6051
ai20 3 2028 CLCI 3.2579
ai20 3 2028 CUCI 9.31527
ai20 3 2028 CMedian 4.87277
ai20 3 2028 CMean 5.41123
ai20 3 2028 CStdn 2.10394
ai20 3 2029 Cabc 41.2434
ai20 3 2029 Cofl 43.6051
ai20 3 2029 CLCI 3.17821
ai20 3 2029 CUCI 10.1067
ai20 3 2029 CMedian 5.22228
ai20 3 2029 CMean 5.77638
ai20 3 2029 CStdn 2.35626
ai20 3 2030 Cabc 41.2434
ai20 3 2030 Cofl 43.6051
ai20 3 2030 CLCI 3.20994
ai20 3 2030 CUCI 10.7957
ai20 3 2030 CMedian 5.52872
ai20 3 2030 CMean 6.07052
ai20 3 2030 CStdn 2.53907
ai20 3 2031 Cabc 41.2434
ai20 3 2031 Cofl 43.6051
ai20 3 2031 CLCI 3.27652
ai20 3 2031 CUCI 11.0056
ai20 3 2031 CMedian 5.71064
ai20 3 2031 CMean 6.29655
ai20 3 2031 CStdn 2.6594
ai20 3 2032 Cabc 41.2434
ai20 3 2032 Cofl 43.6051
ai20 3 2032 CLCI 3.22279
ai20 3 2032 CUCI 11.2613
ai20 3 2032 CMedian 5.92019
ai20 3 2032 CMean 6.46148
ai20 3 2032 CStdn 2.68104
ai20 3 2033 Cabc 41.2434
ai20 3 2033 Cofl 43.6051
ai20 3 2033 CLCI 3.2927
ai20 3 2033 CUCI 11.5722
ai20 3 2033 CMedian 6.10384
ai20 3 2033 CMean 6.57756
ai20 3 2033 CStdn 2.6734
ai20 3 2034 Cabc 41.2434
ai20 3 2034 Cofl 43.6051
ai20 3 2034 CLCI 3.31195
ai20 3 2034 CUCI 11.545
ai20 3 2034 CMedian 6.19536
ai20 3 2034 CMean 6.65432
ai20 3 2034 CStdn 2.65311
ai20 3 2020 SSBF100 185.475
ai20 3 2020 SSBFabc 74.1899
ai20 3 2020 SSBFofl 64.9161
ai20 3 2020 SSBLCI 90.0294
ai20 3 2020 SSBUCI 90.0294
ai20 3 2020 SSBMedian 90.0294
ai20 3 2020 SSBMean 90.0294
ai20 3 2021 SSBF100 185.475
ai20 3 2021 SSBFabc 74.1899
ai20 3 2021 SSBFofl 64.9161
ai20 3 2021 SSBLCI 89.8292
ai20 3 2021 SSBUCI 89.8298
ai20 3 2021 SSBMedian 89.8292
ai20 3 2021 SSBMean 89.8293
ai20 3 2022 SSBF100 185.475
ai20 3 2022 SSBFabc 74.1899
ai20 3 2022 SSBFofl 64.9161
ai20 3 2022 SSBLCI 89.5056
ai20 3 2022 SSBUCI 89.5475
ai20 3 2022 SSBMedian 89.5103
ai20 3 2022 SSBMean 89.5163
ai20 3 2023 SSBF100 185.475
ai20 3 2023 SSBFabc 74.1899
ai20 3 2023 SSBFofl 64.9161
ai20 3 2023 SSBLCI 90.9166
ai20 3 2023 SSBUCI 92.4836
ai20 3 2023 SSBMedian 91.0944
ai20 3 2023 SSBMean 91.3188
ai20 3 2024 SSBF100 185.475
ai20 3 2024 SSBFabc 74.1899
ai20 3 2024 SSBFofl 64.9161
ai20 3 2024 SSBLCI 90.4747
ai20 3 2024 SSBUCI 113.808
ai20 3 2024 SSBMedian 93.2749
ai20 3 2024 SSBMean 96.5377
ai20 3 2025 SSBF100 185.475
ai20 3 2025 SSBFabc 74.1899
ai20 3 2025 SSBFofl 64.9161
ai20 3 2025 SSBLCI 86.351
ai20 3 2025 SSBUCI 143.903
ai20 3 2025 SSBMedian 96.4353
ai20 3 2025 SSBMean 103.52
ai20 3 2026 SSBF100 185.475
ai20 3 2026 SSBFabc 74.1899
ai20 3 2026 SSBFofl 64.9161
ai20 3 2026 SSBLCI 82.1199
ai20 3 2026 SSBUCI 180.25
ai20 3 2026 SSBMedian 102.911
ai20 3 2026 SSBMean 112.668
ai20 3 2027 SSBF100 185.475
ai20 3 2027 SSBFabc 74.1899
ai20 3 2027 SSBFofl 64.9161
ai20 3 2027 SSBLCI 79.0957
ai20 3 2027 SSBUCI 205.507
ai20 3 2027 SSBMedian 111.312
ai20 3 2027 SSBMean 122.373
ai20 3 2028 SSBF100 185.475
ai20 3 2028 SSBFabc 74.1899
ai20 3 2028 SSBFofl 64.9161
ai20 3 2028 SSBLCI 77.2243
ai20 3 2028 SSBUCI 222.173
ai20 3 2028 SSBMedian 119.233
ai20 3 2028 SSBMean 131.387
ai20 3 2029 SSBF100 185.475
ai20 3 2029 SSBFabc 74.1899
ai20 3 2029 SSBFofl 64.9161
ai20 3 2029 SSBLCI 76.1701
ai20 3 2029 SSBUCI 245.073
ai20 3 2029 SSBMedian 127.323
ai20 3 2029 SSBMean 139.367
ai20 3 2030 SSBF100 185.475
ai20 3 2030 SSBFabc 74.1899
ai20 3 2030 SSBFofl 64.9161
ai20 3 2030 SSBLCI 79.2132
ai20 3 2030 SSBUCI 253.968
ai20 3 2030 SSBMedian 133.066
ai20 3 2030 SSBMean 146.096
ai20 3 2031 SSBF100 185.475
ai20 3 2031 SSBFabc 74.1899
ai20 3 2031 SSBFofl 64.9161
ai20 3 2031 SSBLCI 78.8252
ai20 3 2031 SSBUCI 258.374
ai20 3 2031 SSBMedian 139.672
ai20 3 2031 SSBMean 151.332
ai20 3 2032 SSBF100 185.475
ai20 3 2032 SSBFabc 74.1899
ai20 3 2032 SSBFofl 64.9161
ai20 3 2032 SSBLCI 78.6882
ai20 3 2032 SSBUCI 266.553
ai20 3 2032 SSBMedian 143.479
ai20 3 2032 SSBMean 155.351
ai20 3 2033 SSBF100 185.475
ai20 3 2033 SSBFabc 74.1899
ai20 3 2033 SSBFofl 64.9161
ai20 3 2033 SSBLCI 78.7628
ai20 3 2033 SSBUCI 271.366
ai20 3 2033 SSBMedian 147.55
ai20 3 2033 SSBMean 157.872
ai20 3 2034 SSBF100 185.475
ai20 3 2034 SSBFabc 74.1899
ai20 3 2034 SSBFofl 64.9161
ai20 3 2034 SSBLCI 79.2822
ai20 3 2034 SSBUCI 274.578
ai20 3 2034 SSBMedian 148.331
ai20 3 2034 SSBMean 159.341
ai20 3 2020 F0 0 
ai20 3 2020 Fabc 0.31335
ai20 3 2020 Fofl 0.390068
ai20 3 2020  F_LCI 0.0172015
ai20 3 2020  F_UCI 0.0172015
ai20 3 2020  F_Median 0.0172015
ai20 3 2020  F_Mean 0.0172015
ai20 3 2021 F0 0 
ai20 3 2021 Fabc 0.31335
ai20 3 2021 Fofl 0.390068
ai20 3 2021  F_LCI 0.00889418
ai20 3 2021  F_UCI 0.00894418
ai20 3 2021  F_Median 0.00893864
ai20 3 2021  F_Mean 0.00893152
ai20 3 2022 F0 0 
ai20 3 2022 Fabc 0.31335
ai20 3 2022 Fofl 0.390068
ai20 3 2022  F_LCI 0.0120749
ai20 3 2022  F_UCI 0.0122788
ai20 3 2022  F_Median 0.0122456
ai20 3 2022  F_Mean 0.0122187
ai20 3 2023 F0 0 
ai20 3 2023 Fabc 0.31335
ai20 3 2023 Fofl 0.390068
ai20 3 2023  F_LCI 0.0207545
ai20 3 2023  F_UCI 0.0207545
ai20 3 2023  F_Median 0.0207545
ai20 3 2023  F_Mean 0.0207545
ai20 3 2024 F0 0 
ai20 3 2024 Fabc 0.31335
ai20 3 2024 Fofl 0.390068
ai20 3 2024  F_LCI 0.0207545
ai20 3 2024  F_UCI 0.0207545
ai20 3 2024  F_Median 0.0207545
ai20 3 2024  F_Mean 0.0207545
ai20 3 2025 F0 0 
ai20 3 2025 Fabc 0.31335
ai20 3 2025 Fofl 0.390068
ai20 3 2025  F_LCI 0.0207545
ai20 3 2025  F_UCI 0.0207545
ai20 3 2025  F_Median 0.0207545
ai20 3 2025  F_Mean 0.0207545
ai20 3 2026 F0 0 
ai20 3 2026 Fabc 0.31335
ai20 3 2026 Fofl 0.390068
ai20 3 2026  F_LCI 0.0207545
ai20 3 2026  F_UCI 0.0207545
ai20 3 2026  F_Median 0.0207545
ai20 3 2026  F_Mean 0.0207545
ai20 3 2027 F0 0 
ai20 3 2027 Fabc 0.31335
ai20 3 2027 Fofl 0.390068
ai20 3 2027  F_LCI 0.0207545
ai20 3 2027  F_UCI 0.0207545
ai20 3 2027  F_Median 0.0207545
ai20 3 2027  F_Mean 0.0207545
ai20 3 2028 F0 0 
ai20 3 2028 Fabc 0.31335
ai20 3 2028 Fofl 0.390068
ai20 3 2028  F_LCI 0.0207545
ai20 3 2028  F_UCI 0.0207545
ai20 3 2028  F_Median 0.0207545
ai20 3 2028  F_Mean 0.0207545
ai20 3 2029 F0 0 
ai20 3 2029 Fabc 0.31335
ai20 3 2029 Fofl 0.390068
ai20 3 2029  F_LCI 0.0207545
ai20 3 2029  F_UCI 0.0207545
ai20 3 2029  F_Median 0.0207545
ai20 3 2029  F_Mean 0.0207545
ai20 3 2030 F0 0 
ai20 3 2030 Fabc 0.31335
ai20 3 2030 Fofl 0.390068
ai20 3 2030  F_LCI 0.0207545
ai20 3 2030  F_UCI 0.0207545
ai20 3 2030  F_Median 0.0207545
ai20 3 2030  F_Mean 0.0207545
ai20 3 2031 F0 0 
ai20 3 2031 Fabc 0.31335
ai20 3 2031 Fofl 0.390068
ai20 3 2031  F_LCI 0.0207545
ai20 3 2031  F_UCI 0.0207545
ai20 3 2031  F_Median 0.0207545
ai20 3 2031  F_Mean 0.0207545
ai20 3 2032 F0 0 
ai20 3 2032 Fabc 0.31335
ai20 3 2032 Fofl 0.390068
ai20 3 2032  F_LCI 0.0207545
ai20 3 2032  F_UCI 0.0207545
ai20 3 2032  F_Median 0.0207545
ai20 3 2032  F_Mean 0.0207545
ai20 3 2033 F0 0 
ai20 3 2033 Fabc 0.31335
ai20 3 2033 Fofl 0.390068
ai20 3 2033  F_LCI 0.0207545
ai20 3 2033  F_UCI 0.0207545
ai20 3 2033  F_Median 0.0207545
ai20 3 2033  F_Mean 0.0207545
ai20 3 2034 F0 0 
ai20 3 2034 Fabc 0.31335
ai20 3 2034 Fofl 0.390068
ai20 3 2034  F_LCI 0.0207545
ai20 3 2034  F_UCI 0.0207545
ai20 3 2034  F_Median 0.0207545
ai20 3 2034  F_Mean 0.0207545
ai20 4 2020 Cabc 41.2434
ai20 4 2020 Cofl 43.6051
ai20 4 2020 CLCI 3.205
ai20 4 2020 CUCI 3.205
ai20 4 2020 CMedian 3.205
ai20 4 2020 CMean 3.205
ai20 4 2020 CStdn 4.66294e-014
ai20 4 2021 Cabc 41.2434
ai20 4 2021 Cofl 43.6051
ai20 4 2021 CLCI 1.656
ai20 4 2021 CUCI 1.656
ai20 4 2021 CMedian 1.656
ai20 4 2021 CMean 1.656
ai20 4 2021 CStdn 1.86968e-007
ai20 4 2022 Cabc 41.2434
ai20 4 2022 Cofl 43.6051
ai20 4 2022 CLCI 2.243
ai20 4 2022 CUCI 2.243
ai20 4 2022 CMedian 2.243
ai20 4 2022 CMean 2.243
ai20 4 2022 CStdn 2.69005e-008
ai20 4 2023 Cabc 41.2434
ai20 4 2023 Cofl 43.6051
ai20 4 2023 CLCI 23.6293
ai20 4 2023 CUCI 24.8291
ai20 4 2023 CMedian 23.85
ai20 4 2023 CMean 23.9975
ai20 4 2023 CStdn 0.47962
ai20 4 2024 Cabc 41.2434
ai20 4 2024 Cofl 43.6051
ai20 4 2024 CLCI 21.3562
ai20 4 2024 CUCI 24.9075
ai20 4 2024 CMedian 21.9858
ai20 4 2024 CMean 22.4313
ai20 4 2024 CStdn 1.41471
ai20 4 2025 Cabc 41.2434
ai20 4 2025 Cofl 43.6051
ai20 4 2025 CLCI 19.5622
ai20 4 2025 CUCI 28.6502
ai20 4 2025 CMedian 21.2867
ai20 4 2025 CMean 22.3762
ai20 4 2025 CStdn 3.5723
ai20 4 2026 Cabc 41.2434
ai20 4 2026 Cofl 43.6051
ai20 4 2026 CLCI 17.8151
ai20 4 2026 CUCI 36.0623
ai20 4 2026 CMedian 21.5281
ai20 4 2026 CMean 23.5183
ai20 4 2026 CStdn 6.71555
ai20 4 2027 Cabc 41.2434
ai20 4 2027 Cofl 43.6051
ai20 4 2027 CLCI 15.9911
ai20 4 2027 CUCI 43.8233
ai20 4 2027 CMedian 22.3834
ai20 4 2027 CMean 24.9445
ai20 4 2027 CStdn 9.44843
ai20 4 2028 Cabc 41.2434
ai20 4 2028 Cofl 43.6051
ai20 4 2028 CLCI 14.4118
ai20 4 2028 CUCI 47.4024
ai20 4 2028 CMedian 23.6156
ai20 4 2028 CMean 26.4045
ai20 4 2028 CStdn 11.393
ai20 4 2029 Cabc 41.2434
ai20 4 2029 Cofl 43.6051
ai20 4 2029 CLCI 13.7637
ai20 4 2029 CUCI 50.4866
ai20 4 2029 CMedian 24.5275
ai20 4 2029 CMean 27.4935
ai20 4 2029 CStdn 12.3588
ai20 4 2030 Cabc 41.2434
ai20 4 2030 Cofl 43.6051
ai20 4 2030 CLCI 13.5681
ai20 4 2030 CUCI 51.6066
ai20 4 2030 CMedian 25.22
ai20 4 2030 CMean 28.2157
ai20 4 2030 CStdn 13.0318
ai20 4 2031 Cabc 41.2434
ai20 4 2031 Cofl 43.6051
ai20 4 2031 CLCI 13.459
ai20 4 2031 CUCI 52.4762
ai20 4 2031 CMedian 25.6876
ai20 4 2031 CMean 28.6633
ai20 4 2031 CStdn 13.3072
ai20 4 2032 Cabc 41.2434
ai20 4 2032 Cofl 43.6051
ai20 4 2032 CLCI 13.4237
ai20 4 2032 CUCI 53.07
ai20 4 2032 CMedian 26.259
ai20 4 2032 CMean 28.8883
ai20 4 2032 CStdn 13.1084
ai20 4 2033 Cabc 41.2434
ai20 4 2033 Cofl 43.6051
ai20 4 2033 CLCI 13.4074
ai20 4 2033 CUCI 53.7882
ai20 4 2033 CMedian 26.3822
ai20 4 2033 CMean 28.9984
ai20 4 2033 CStdn 12.8343
ai20 4 2034 Cabc 41.2434
ai20 4 2034 Cofl 43.6051
ai20 4 2034 CLCI 13.4434
ai20 4 2034 CUCI 53.2795
ai20 4 2034 CMedian 26.2438
ai20 4 2034 CMean 28.9603
ai20 4 2034 CStdn 12.6997
ai20 4 2020 SSBF100 185.475
ai20 4 2020 SSBFabc 74.1899
ai20 4 2020 SSBFofl 64.9161
ai20 4 2020 SSBLCI 90.0294
ai20 4 2020 SSBUCI 90.0294
ai20 4 2020 SSBMedian 90.0294
ai20 4 2020 SSBMean 90.0294
ai20 4 2021 SSBF100 185.475
ai20 4 2021 SSBFabc 74.1899
ai20 4 2021 SSBFofl 64.9161
ai20 4 2021 SSBLCI 89.8292
ai20 4 2021 SSBUCI 89.8298
ai20 4 2021 SSBMedian 89.8292
ai20 4 2021 SSBMean 89.8293
ai20 4 2022 SSBF100 185.475
ai20 4 2022 SSBFabc 74.1899
ai20 4 2022 SSBFofl 64.9161
ai20 4 2022 SSBLCI 89.5056
ai20 4 2022 SSBUCI 89.5475
ai20 4 2022 SSBMedian 89.5103
ai20 4 2022 SSBMean 89.5163
ai20 4 2023 SSBF100 185.475
ai20 4 2023 SSBFabc 74.1899
ai20 4 2023 SSBFofl 64.9161
ai20 4 2023 SSBLCI 89.4298
ai20 4 2023 SSBUCI 90.9943
ai20 4 2023 SSBMedian 89.6073
ai20 4 2023 SSBMean 89.8314
ai20 4 2024 SSBF100 185.475
ai20 4 2024 SSBFabc 74.1899
ai20 4 2024 SSBFofl 64.9161
ai20 4 2024 SSBLCI 81.4691
ai20 4 2024 SSBUCI 104.514
ai20 4 2024 SSBMedian 84.2339
ai20 4 2024 SSBMean 87.4594
ai20 4 2025 SSBF100 185.475
ai20 4 2025 SSBFabc 74.1899
ai20 4 2025 SSBFofl 64.9161
ai20 4 2025 SSBLCI 71.7151
ai20 4 2025 SSBUCI 127.59
ai20 4 2025 SSBMedian 81.473
ai20 4 2025 SSBMean 88.3695
ai20 4 2026 SSBF100 185.475
ai20 4 2026 SSBFabc 74.1899
ai20 4 2026 SSBFofl 64.9161
ai20 4 2026 SSBLCI 63.4884
ai20 4 2026 SSBUCI 156.802
ai20 4 2026 SSBMedian 82.9224
ai20 4 2026 SSBMean 92.2631
ai20 4 2027 SSBF100 185.475
ai20 4 2027 SSBFabc 74.1899
ai20 4 2027 SSBFofl 64.9161
ai20 4 2027 SSBLCI 57.5692
ai20 4 2027 SSBUCI 170.798
ai20 4 2027 SSBMedian 87.1687
ai20 4 2027 SSBMean 97.0122
ai20 4 2028 SSBF100 185.475
ai20 4 2028 SSBFabc 74.1899
ai20 4 2028 SSBFofl 64.9161
ai20 4 2028 SSBLCI 54.1968
ai20 4 2028 SSBUCI 180.646
ai20 4 2028 SSBMedian 90.8318
ai20 4 2028 SSBMean 101.381
ai20 4 2029 SSBF100 185.475
ai20 4 2029 SSBFabc 74.1899
ai20 4 2029 SSBFofl 64.9161
ai20 4 2029 SSBLCI 52.5188
ai20 4 2029 SSBUCI 192.621
ai20 4 2029 SSBMedian 94.189
ai20 4 2029 SSBMean 104.903
ai20 4 2030 SSBF100 185.475
ai20 4 2030 SSBFabc 74.1899
ai20 4 2030 SSBFofl 64.9161
ai20 4 2030 SSBLCI 52.8048
ai20 4 2030 SSBUCI 199.11
ai20 4 2030 SSBMedian 96.7207
ai20 4 2030 SSBMean 107.467
ai20 4 2031 SSBF100 185.475
ai20 4 2031 SSBFabc 74.1899
ai20 4 2031 SSBFofl 64.9161
ai20 4 2031 SSBLCI 51.5788
ai20 4 2031 SSBUCI 195.936
ai20 4 2031 SSBMedian 98.1874
ai20 4 2031 SSBMean 109.082
ai20 4 2032 SSBF100 185.475
ai20 4 2032 SSBFabc 74.1899
ai20 4 2032 SSBFofl 64.9161
ai20 4 2032 SSBLCI 50.99
ai20 4 2032 SSBUCI 201.906
ai20 4 2032 SSBMedian 100.255
ai20 4 2032 SSBMean 110.078
ai20 4 2033 SSBF100 185.475
ai20 4 2033 SSBFabc 74.1899
ai20 4 2033 SSBFofl 64.9161
ai20 4 2033 SSBLCI 50.4953
ai20 4 2033 SSBUCI 203.551
ai20 4 2033 SSBMedian 100.631
ai20 4 2033 SSBMean 110.158
ai20 4 2034 SSBF100 185.475
ai20 4 2034 SSBFabc 74.1899
ai20 4 2034 SSBFofl 64.9161
ai20 4 2034 SSBLCI 51.7322
ai20 4 2034 SSBUCI 196.608
ai20 4 2034 SSBMedian 100.777
ai20 4 2034 SSBMean 109.736
ai20 4 2020 F0 0 
ai20 4 2020 Fabc 0.31335
ai20 4 2020 Fofl 0.390068
ai20 4 2020  F_LCI 0.0172015
ai20 4 2020  F_UCI 0.0172015
ai20 4 2020  F_Median 0.0172015
ai20 4 2020  F_Mean 0.0172015
ai20 4 2021 F0 0 
ai20 4 2021 Fabc 0.31335
ai20 4 2021 Fofl 0.390068
ai20 4 2021  F_LCI 0.00889418
ai20 4 2021  F_UCI 0.00894418
ai20 4 2021  F_Median 0.00893864
ai20 4 2021  F_Mean 0.00893152
ai20 4 2022 F0 0 
ai20 4 2022 Fabc 0.31335
ai20 4 2022 Fofl 0.390068
ai20 4 2022  F_LCI 0.0120749
ai20 4 2022  F_UCI 0.0122788
ai20 4 2022  F_Median 0.0122456
ai20 4 2022  F_Mean 0.0122187
ai20 4 2023 F0 0 
ai20 4 2023 Fabc 0.31335
ai20 4 2023 Fofl 0.390068
ai20 4 2023  F_LCI 0.137793
ai20 4 2023  F_UCI 0.137793
ai20 4 2023  F_Median 0.137793
ai20 4 2023  F_Mean 0.137793
ai20 4 2024 F0 0 
ai20 4 2024 Fabc 0.31335
ai20 4 2024 Fofl 0.390068
ai20 4 2024  F_LCI 0.137793
ai20 4 2024  F_UCI 0.137793
ai20 4 2024  F_Median 0.137793
ai20 4 2024  F_Mean 0.137793
ai20 4 2025 F0 0 
ai20 4 2025 Fabc 0.31335
ai20 4 2025 Fofl 0.390068
ai20 4 2025  F_LCI 0.137793
ai20 4 2025  F_UCI 0.137793
ai20 4 2025  F_Median 0.137793
ai20 4 2025  F_Mean 0.137793
ai20 4 2026 F0 0 
ai20 4 2026 Fabc 0.31335
ai20 4 2026 Fofl 0.390068
ai20 4 2026  F_LCI 0.137793
ai20 4 2026  F_UCI 0.137793
ai20 4 2026  F_Median 0.137793
ai20 4 2026  F_Mean 0.137793
ai20 4 2027 F0 0 
ai20 4 2027 Fabc 0.31335
ai20 4 2027 Fofl 0.390068
ai20 4 2027  F_LCI 0.137793
ai20 4 2027  F_UCI 0.137793
ai20 4 2027  F_Median 0.137793
ai20 4 2027  F_Mean 0.137793
ai20 4 2028 F0 0 
ai20 4 2028 Fabc 0.31335
ai20 4 2028 Fofl 0.390068
ai20 4 2028  F_LCI 0.137793
ai20 4 2028  F_UCI 0.137793
ai20 4 2028  F_Median 0.137793
ai20 4 2028  F_Mean 0.137793
ai20 4 2029 F0 0 
ai20 4 2029 Fabc 0.31335
ai20 4 2029 Fofl 0.390068
ai20 4 2029  F_LCI 0.137793
ai20 4 2029  F_UCI 0.137793
ai20 4 2029  F_Median 0.137793
ai20 4 2029  F_Mean 0.137793
ai20 4 2030 F0 0 
ai20 4 2030 Fabc 0.31335
ai20 4 2030 Fofl 0.390068
ai20 4 2030  F_LCI 0.137793
ai20 4 2030  F_UCI 0.137793
ai20 4 2030  F_Median 0.137793
ai20 4 2030  F_Mean 0.13738
ai20 4 2031 F0 0 
ai20 4 2031 Fabc 0.31335
ai20 4 2031 Fofl 0.390068
ai20 4 2031  F_LCI 0.137793
ai20 4 2031  F_UCI 0.137793
ai20 4 2031  F_Median 0.137793
ai20 4 2031  F_Mean 0.137242
ai20 4 2032 F0 0 
ai20 4 2032 Fabc 0.31335
ai20 4 2032 Fofl 0.390068
ai20 4 2032  F_LCI 0.137793
ai20 4 2032  F_UCI 0.137793
ai20 4 2032  F_Median 0.137793
ai20 4 2032  F_Mean 0.137104
ai20 4 2033 F0 0 
ai20 4 2033 Fabc 0.31335
ai20 4 2033 Fofl 0.390068
ai20 4 2033  F_LCI 0.137793
ai20 4 2033  F_UCI 0.137793
ai20 4 2033  F_Median 0.137793
ai20 4 2033  F_Mean 0.137518
ai20 4 2034 F0 0 
ai20 4 2034 Fabc 0.31335
ai20 4 2034 Fofl 0.390068
ai20 4 2034  F_LCI 0.137793
ai20 4 2034  F_UCI 0.137793
ai20 4 2034  F_Median 0.137793
ai20 4 2034  F_Mean 0.137518
ai20 5 2020 Cabc 41.2434
ai20 5 2020 Cofl 43.6051
ai20 5 2020 CLCI 3.205
ai20 5 2020 CUCI 3.205
ai20 5 2020 CMedian 3.205
ai20 5 2020 CMean 3.205
ai20 5 2020 CStdn 4.66294e-014
ai20 5 2021 Cabc 41.2434
ai20 5 2021 Cofl 43.6051
ai20 5 2021 CLCI 1.656
ai20 5 2021 CUCI 1.656
ai20 5 2021 CMedian 1.656
ai20 5 2021 CMean 1.656
ai20 5 2021 CStdn 1.86968e-007
ai20 5 2022 Cabc 41.2434
ai20 5 2022 Cofl 43.6051
ai20 5 2022 CLCI 2.243
ai20 5 2022 CUCI 2.243
ai20 5 2022 CMedian 2.243
ai20 5 2022 CMean 2.243
ai20 5 2022 CStdn 2.69005e-008
ai20 5 2023 Cabc 41.2434
ai20 5 2023 Cofl 43.6051
ai20 5 2023 CLCI 0
ai20 5 2023 CUCI 0
ai20 5 2023 CMedian 0
ai20 5 2023 CMean 0
ai20 5 2023 CStdn 0
ai20 5 2024 Cabc 41.2434
ai20 5 2024 Cofl 43.6051
ai20 5 2024 CLCI 0
ai20 5 2024 CUCI 0
ai20 5 2024 CMedian 0
ai20 5 2024 CMean 0
ai20 5 2024 CStdn 0
ai20 5 2025 Cabc 41.2434
ai20 5 2025 Cofl 43.6051
ai20 5 2025 CLCI 0
ai20 5 2025 CUCI 0
ai20 5 2025 CMedian 0
ai20 5 2025 CMean 0
ai20 5 2025 CStdn 0
ai20 5 2026 Cabc 41.2434
ai20 5 2026 Cofl 43.6051
ai20 5 2026 CLCI 0
ai20 5 2026 CUCI 0
ai20 5 2026 CMedian 0
ai20 5 2026 CMean 0
ai20 5 2026 CStdn 0
ai20 5 2027 Cabc 41.2434
ai20 5 2027 Cofl 43.6051
ai20 5 2027 CLCI 0
ai20 5 2027 CUCI 0
ai20 5 2027 CMedian 0
ai20 5 2027 CMean 0
ai20 5 2027 CStdn 0
ai20 5 2028 Cabc 41.2434
ai20 5 2028 Cofl 43.6051
ai20 5 2028 CLCI 0
ai20 5 2028 CUCI 0
ai20 5 2028 CMedian 0
ai20 5 2028 CMean 0
ai20 5 2028 CStdn 0
ai20 5 2029 Cabc 41.2434
ai20 5 2029 Cofl 43.6051
ai20 5 2029 CLCI 0
ai20 5 2029 CUCI 0
ai20 5 2029 CMedian 0
ai20 5 2029 CMean 0
ai20 5 2029 CStdn 0
ai20 5 2030 Cabc 41.2434
ai20 5 2030 Cofl 43.6051
ai20 5 2030 CLCI 0
ai20 5 2030 CUCI 0
ai20 5 2030 CMedian 0
ai20 5 2030 CMean 0
ai20 5 2030 CStdn 0
ai20 5 2031 Cabc 41.2434
ai20 5 2031 Cofl 43.6051
ai20 5 2031 CLCI 0
ai20 5 2031 CUCI 0
ai20 5 2031 CMedian 0
ai20 5 2031 CMean 0
ai20 5 2031 CStdn 0
ai20 5 2032 Cabc 41.2434
ai20 5 2032 Cofl 43.6051
ai20 5 2032 CLCI 0
ai20 5 2032 CUCI 0
ai20 5 2032 CMedian 0
ai20 5 2032 CMean 0
ai20 5 2032 CStdn 0
ai20 5 2033 Cabc 41.2434
ai20 5 2033 Cofl 43.6051
ai20 5 2033 CLCI 0
ai20 5 2033 CUCI 0
ai20 5 2033 CMedian 0
ai20 5 2033 CMean 0
ai20 5 2033 CStdn 0
ai20 5 2034 Cabc 41.2434
ai20 5 2034 Cofl 43.6051
ai20 5 2034 CLCI 0
ai20 5 2034 CUCI 0
ai20 5 2034 CMedian 0
ai20 5 2034 CMean 0
ai20 5 2034 CStdn 0
ai20 5 2020 SSBF100 185.475
ai20 5 2020 SSBFabc 74.1899
ai20 5 2020 SSBFofl 64.9161
ai20 5 2020 SSBLCI 90.0294
ai20 5 2020 SSBUCI 90.0294
ai20 5 2020 SSBMedian 90.0294
ai20 5 2020 SSBMean 90.0294
ai20 5 2021 SSBF100 185.475
ai20 5 2021 SSBFabc 74.1899
ai20 5 2021 SSBFofl 64.9161
ai20 5 2021 SSBLCI 89.8292
ai20 5 2021 SSBUCI 89.8298
ai20 5 2021 SSBMedian 89.8292
ai20 5 2021 SSBMean 89.8293
ai20 5 2022 SSBF100 185.475
ai20 5 2022 SSBFabc 74.1899
ai20 5 2022 SSBFofl 64.9161
ai20 5 2022 SSBLCI 89.5056
ai20 5 2022 SSBUCI 89.5475
ai20 5 2022 SSBMedian 89.5103
ai20 5 2022 SSBMean 89.5163
ai20 5 2023 SSBF100 185.475
ai20 5 2023 SSBFabc 74.1899
ai20 5 2023 SSBFofl 64.9161
ai20 5 2023 SSBLCI 91.1831
ai20 5 2023 SSBUCI 92.7506
ai20 5 2023 SSBMedian 91.3609
ai20 5 2023 SSBMean 91.5854
ai20 5 2024 SSBF100 185.475
ai20 5 2024 SSBFabc 74.1899
ai20 5 2024 SSBFofl 64.9161
ai20 5 2024 SSBLCI 92.1893
ai20 5 2024 SSBUCI 115.574
ai20 5 2024 SSBMedian 94.9948
ai20 5 2024 SSBMean 98.2653
ai20 5 2025 SSBF100 185.475
ai20 5 2025 SSBFabc 74.1899
ai20 5 2025 SSBFofl 64.9161
ai20 5 2025 SSBLCI 89.3028
ai20 5 2025 SSBUCI 147.154
ai20 5 2025 SSBMedian 99.4143
ai20 5 2025 SSBMean 106.561
ai20 5 2026 SSBF100 185.475
ai20 5 2026 SSBFabc 74.1899
ai20 5 2026 SSBFofl 64.9161
ai20 5 2026 SSBLCI 86.0672
ai20 5 2026 SSBUCI 185.521
ai20 5 2026 SSBMedian 107.022
ai20 5 2026 SSBMean 116.955
ai20 5 2027 SSBF100 185.475
ai20 5 2027 SSBFabc 74.1899
ai20 5 2027 SSBFofl 64.9161
ai20 5 2027 SSBLCI 83.8594
ai20 5 2027 SSBUCI 211.357
ai20 5 2027 SSBMedian 116.582
ai20 5 2027 SSBMean 127.915
ai20 5 2028 SSBF100 185.475
ai20 5 2028 SSBFabc 74.1899
ai20 5 2028 SSBFofl 64.9161
ai20 5 2028 SSBLCI 82.8502
ai20 5 2028 SSBUCI 231.043
ai20 5 2028 SSBMedian 125.696
ai20 5 2028 SSBMean 138.169
ai20 5 2029 SSBF100 185.475
ai20 5 2029 SSBFabc 74.1899
ai20 5 2029 SSBFofl 64.9161
ai20 5 2029 SSBLCI 82.2115
ai20 5 2029 SSBUCI 256.755
ai20 5 2029 SSBMedian 135.244
ai20 5 2029 SSBMean 147.392
ai20 5 2030 SSBF100 185.475
ai20 5 2030 SSBFabc 74.1899
ai20 5 2030 SSBFofl 64.9161
ai20 5 2030 SSBLCI 85.6292
ai20 5 2030 SSBUCI 266.546
ai20 5 2030 SSBMedian 142.188
ai20 5 2030 SSBMean 155.342
ai20 5 2031 SSBF100 185.475
ai20 5 2031 SSBFabc 74.1899
ai20 5 2031 SSBFofl 64.9161
ai20 5 2031 SSBLCI 86.1079
ai20 5 2031 SSBUCI 275.761
ai20 5 2031 SSBMedian 149.921
ai20 5 2031 SSBMean 161.703
ai20 5 2032 SSBF100 185.475
ai20 5 2032 SSBFabc 74.1899
ai20 5 2032 SSBFofl 64.9161
ai20 5 2032 SSBLCI 85.9093
ai20 5 2032 SSBUCI 283.475
ai20 5 2032 SSBMedian 154.335
ai20 5 2032 SSBMean 166.721
ai20 5 2033 SSBF100 185.475
ai20 5 2033 SSBFabc 74.1899
ai20 5 2033 SSBFofl 64.9161
ai20 5 2033 SSBLCI 86.0502
ai20 5 2033 SSBUCI 290.152
ai20 5 2033 SSBMedian 159.51
ai20 5 2033 SSBMean 170.11
ai20 5 2034 SSBF100 185.475
ai20 5 2034 SSBFabc 74.1899
ai20 5 2034 SSBFofl 64.9161
ai20 5 2034 SSBLCI 86.5167
ai20 5 2034 SSBUCI 296.051
ai20 5 2034 SSBMedian 161.361
ai20 5 2034 SSBMean 172.307
ai20 5 2020 F0 0 
ai20 5 2020 Fabc 0.31335
ai20 5 2020 Fofl 0.390068
ai20 5 2020  F_LCI 0.0172015
ai20 5 2020  F_UCI 0.0172015
ai20 5 2020  F_Median 0.0172015
ai20 5 2020  F_Mean 0.0172015
ai20 5 2021 F0 0 
ai20 5 2021 Fabc 0.31335
ai20 5 2021 Fofl 0.390068
ai20 5 2021  F_LCI 0.00889418
ai20 5 2021  F_UCI 0.00894418
ai20 5 2021  F_Median 0.00893864
ai20 5 2021  F_Mean 0.00893152
ai20 5 2022 F0 0 
ai20 5 2022 Fabc 0.31335
ai20 5 2022 Fofl 0.390068
ai20 5 2022  F_LCI 0.0120749
ai20 5 2022  F_UCI 0.0122788
ai20 5 2022  F_Median 0.0122456
ai20 5 2022  F_Mean 0.0122187
ai20 5 2023 F0 0 
ai20 5 2023 Fabc 0.31335
ai20 5 2023 Fofl 0.390068
ai20 5 2023  F_LCI 0
ai20 5 2023  F_UCI 0
ai20 5 2023  F_Median 0
ai20 5 2023  F_Mean 0
ai20 5 2024 F0 0 
ai20 5 2024 Fabc 0.31335
ai20 5 2024 Fofl 0.390068
ai20 5 2024  F_LCI 0
ai20 5 2024  F_UCI 0
ai20 5 2024  F_Median 0
ai20 5 2024  F_Mean 0
ai20 5 2025 F0 0 
ai20 5 2025 Fabc 0.31335
ai20 5 2025 Fofl 0.390068
ai20 5 2025  F_LCI 0
ai20 5 2025  F_UCI 0
ai20 5 2025  F_Median 0
ai20 5 2025  F_Mean 0
ai20 5 2026 F0 0 
ai20 5 2026 Fabc 0.31335
ai20 5 2026 Fofl 0.390068
ai20 5 2026  F_LCI 0
ai20 5 2026  F_UCI 0
ai20 5 2026  F_Median 0
ai20 5 2026  F_Mean 0
ai20 5 2027 F0 0 
ai20 5 2027 Fabc 0.31335
ai20 5 2027 Fofl 0.390068
ai20 5 2027  F_LCI 0
ai20 5 2027  F_UCI 0
ai20 5 2027  F_Median 0
ai20 5 2027  F_Mean 0
ai20 5 2028 F0 0 
ai20 5 2028 Fabc 0.31335
ai20 5 2028 Fofl 0.390068
ai20 5 2028  F_LCI 0
ai20 5 2028  F_UCI 0
ai20 5 2028  F_Median 0
ai20 5 2028  F_Mean 0
ai20 5 2029 F0 0 
ai20 5 2029 Fabc 0.31335
ai20 5 2029 Fofl 0.390068
ai20 5 2029  F_LCI 0
ai20 5 2029  F_UCI 0
ai20 5 2029  F_Median 0
ai20 5 2029  F_Mean 0
ai20 5 2030 F0 0 
ai20 5 2030 Fabc 0.31335
ai20 5 2030 Fofl 0.390068
ai20 5 2030  F_LCI 0
ai20 5 2030  F_UCI 0
ai20 5 2030  F_Median 0
ai20 5 2030  F_Mean 0
ai20 5 2031 F0 0 
ai20 5 2031 Fabc 0.31335
ai20 5 2031 Fofl 0.390068
ai20 5 2031  F_LCI 0
ai20 5 2031  F_UCI 0
ai20 5 2031  F_Median 0
ai20 5 2031  F_Mean 0
ai20 5 2032 F0 0 
ai20 5 2032 Fabc 0.31335
ai20 5 2032 Fofl 0.390068
ai20 5 2032  F_LCI 0
ai20 5 2032  F_UCI 0
ai20 5 2032  F_Median 0
ai20 5 2032  F_Mean 0
ai20 5 2033 F0 0 
ai20 5 2033 Fabc 0.31335
ai20 5 2033 Fofl 0.390068
ai20 5 2033  F_LCI 0
ai20 5 2033  F_UCI 0
ai20 5 2033  F_Median 0
ai20 5 2033  F_Mean 0
ai20 5 2034 F0 0 
ai20 5 2034 Fabc 0.31335
ai20 5 2034 Fofl 0.390068
ai20 5 2034  F_LCI 0
ai20 5 2034  F_UCI 0
ai20 5 2034  F_Median 0
ai20 5 2034  F_Mean 0
ai20 6 2020 Cabc 41.2434
ai20 6 2020 Cofl 43.6051
ai20 6 2020 CLCI 3.205
ai20 6 2020 CUCI 3.205
ai20 6 2020 CMedian 3.205
ai20 6 2020 CMean 3.205
ai20 6 2020 CStdn 4.66294e-014
ai20 6 2021 Cabc 41.2434
ai20 6 2021 Cofl 43.6051
ai20 6 2021 CLCI 61.6992
ai20 6 2021 CUCI 62.1018
ai20 6 2021 CMedian 61.7436
ai20 6 2021 CMean 61.8014
ai20 6 2021 CStdn 0.165057
ai20 6 2022 Cabc 41.2434
ai20 6 2022 Cofl 43.6051
ai20 6 2022 CLCI 39.4259
ai20 6 2022 CUCI 40.4525
ai20 6 2022 CMedian 39.5908
ai20 6 2022 CMean 39.7285
ai20 6 2022 CStdn 0.407471
ai20 6 2023 Cabc 41.2434
ai20 6 2023 Cofl 43.6051
ai20 6 2023 CLCI 27.7089
ai20 6 2023 CUCI 30.8662
ai20 6 2023 CMedian 28.2258
ai20 6 2023 CMean 28.6379
ai20 6 2023 CStdn 1.30524
ai20 6 2024 Cabc 41.2434
ai20 6 2024 Cofl 43.6051
ai20 6 2024 CLCI 22.6749
ai20 6 2024 CUCI 40.3067
ai20 6 2024 CMedian 24.9737
ai20 6 2024 CMean 27.1916
ai20 6 2024 CStdn 6.06585
ai20 6 2025 Cabc 41.2434
ai20 6 2025 Cofl 43.6051
ai20 6 2025 CLCI 18.9531
ai20 6 2025 CUCI 52.6045
ai20 6 2025 CMedian 25.4424
ai20 6 2025 CMean 29.6472
ai20 6 2025 CStdn 11.9986
ai20 6 2026 Cabc 41.2434
ai20 6 2026 Cofl 43.6051
ai20 6 2026 CLCI 16.3608
ai20 6 2026 CUCI 68.2548
ai20 6 2026 CMedian 29.0272
ai20 6 2026 CMean 34.209
ai20 6 2026 CStdn 18.2388
ai20 6 2027 Cabc 41.2434
ai20 6 2027 Cofl 43.6051
ai20 6 2027 CLCI 14.3522
ai20 6 2027 CUCI 80.3223
ai20 6 2027 CMedian 32.7156
ai20 6 2027 CMean 38.3339
ai20 6 2027 CStdn 22.0241
ai20 6 2028 Cabc 41.2434
ai20 6 2028 Cofl 43.6051
ai20 6 2028 CLCI 13.2859
ai20 6 2028 CUCI 84.1705
ai20 6 2028 CMedian 35.6353
ai20 6 2028 CMean 41.0335
ai20 6 2028 CStdn 23.9712
ai20 6 2029 Cabc 41.2434
ai20 6 2029 Cofl 43.6051
ai20 6 2029 CLCI 14.0252
ai20 6 2029 CUCI 86.6931
ai20 6 2029 CMedian 36.7527
ai20 6 2029 CMean 42.3643
ai20 6 2029 CStdn 24.9469
ai20 6 2030 Cabc 41.2434
ai20 6 2030 Cofl 43.6051
ai20 6 2030 CLCI 13.8151
ai20 6 2030 CUCI 87.7279
ai20 6 2030 CMedian 36.9738
ai20 6 2030 CMean 42.9647
ai20 6 2030 CStdn 25.2569
ai20 6 2031 Cabc 41.2434
ai20 6 2031 Cofl 43.6051
ai20 6 2031 CLCI 13.3903
ai20 6 2031 CUCI 88.7416
ai20 6 2031 CMedian 37.258
ai20 6 2031 CMean 42.916
ai20 6 2031 CStdn 25.0087
ai20 6 2032 Cabc 41.2434
ai20 6 2032 Cofl 43.6051
ai20 6 2032 CLCI 13.2799
ai20 6 2032 CUCI 87.3322
ai20 6 2032 CMedian 37.8461
ai20 6 2032 CMean 42.6505
ai20 6 2032 CStdn 24.2729
ai20 6 2033 Cabc 41.2434
ai20 6 2033 Cofl 43.6051
ai20 6 2033 CLCI 13.6155
ai20 6 2033 CUCI 86.2736
ai20 6 2033 CMedian 36.1729
ai20 6 2033 CMean 42.1074
ai20 6 2033 CStdn 23.9935
ai20 6 2034 Cabc 41.2434
ai20 6 2034 Cofl 43.6051
ai20 6 2034 CLCI 13.4595
ai20 6 2034 CUCI 87.7447
ai20 6 2034 CMedian 35.7459
ai20 6 2034 CMean 41.6144
ai20 6 2034 CStdn 23.9488
ai20 6 2020 SSBF100 185.475
ai20 6 2020 SSBFabc 74.1899
ai20 6 2020 SSBFofl 64.9161
ai20 6 2020 SSBLCI 90.0294
ai20 6 2020 SSBUCI 90.0294
ai20 6 2020 SSBMedian 90.0294
ai20 6 2020 SSBMean 90.0294
ai20 6 2021 SSBF100 185.475
ai20 6 2021 SSBFabc 74.1899
ai20 6 2021 SSBFofl 64.9161
ai20 6 2021 SSBLCI 85.0319
ai20 6 2021 SSBUCI 85.0319
ai20 6 2021 SSBMedian 85.0319
ai20 6 2021 SSBMean 85.0319
ai20 6 2022 SSBF100 185.475
ai20 6 2022 SSBFabc 74.1899
ai20 6 2022 SSBFofl 64.9161
ai20 6 2022 SSBLCI 63.9518
ai20 6 2022 SSBUCI 63.986
ai20 6 2022 SSBMedian 63.9555
ai20 6 2022 SSBMean 63.9604
ai20 6 2023 SSBF100 185.475
ai20 6 2023 SSBFabc 74.1899
ai20 6 2023 SSBFofl 64.9161
ai20 6 2023 SSBLCI 54.8874
ai20 6 2023 SSBUCI 56.3473
ai20 6 2023 SSBMedian 55.0523
ai20 6 2023 SSBMean 55.262
ai20 6 2024 SSBF100 185.475
ai20 6 2024 SSBFabc 74.1899
ai20 6 2024 SSBFofl 64.9161
ai20 6 2024 SSBLCI 49.69
ai20 6 2024 SSBUCI 70.9658
ai20 6 2024 SSBMedian 52.2726
ai20 6 2024 SSBMean 55.2529
ai20 6 2025 SSBF100 185.475
ai20 6 2025 SSBFabc 74.1899
ai20 6 2025 SSBFofl 64.9161
ai20 6 2025 SSBLCI 44.1966
ai20 6 2025 SSBUCI 92.9135
ai20 6 2025 SSBMedian 52.7804
ai20 6 2025 SSBMean 58.6182
ai20 6 2026 SSBF100 185.475
ai20 6 2026 SSBFabc 74.1899
ai20 6 2026 SSBFofl 64.9161
ai20 6 2026 SSBLCI 40.2281
ai20 6 2026 SSBUCI 114.895
ai20 6 2026 SSBMedian 56.1699
ai20 6 2026 SSBMean 63.4847
ai20 6 2027 SSBF100 185.475
ai20 6 2027 SSBFabc 74.1899
ai20 6 2027 SSBFofl 64.9161
ai20 6 2027 SSBLCI 37.9331
ai20 6 2027 SSBUCI 124.644
ai20 6 2027 SSBMedian 60.0881
ai20 6 2027 SSBMean 67.573
ai20 6 2028 SSBF100 185.475
ai20 6 2028 SSBFabc 74.1899
ai20 6 2028 SSBFofl 64.9161
ai20 6 2028 SSBLCI 37.5255
ai20 6 2028 SSBUCI 129.204
ai20 6 2028 SSBMedian 61.5624
ai20 6 2028 SSBMean 70.2453
ai20 6 2029 SSBF100 185.475
ai20 6 2029 SSBFabc 74.1899
ai20 6 2029 SSBFofl 64.9161
ai20 6 2029 SSBLCI 38.1836
ai20 6 2029 SSBUCI 131.751
ai20 6 2029 SSBMedian 63.1101
ai20 6 2029 SSBMean 71.5728
ai20 6 2030 SSBF100 185.475
ai20 6 2030 SSBFabc 74.1899
ai20 6 2030 SSBFofl 64.9161
ai20 6 2030 SSBLCI 37.9342
ai20 6 2030 SSBUCI 133.045
ai20 6 2030 SSBMedian 63.7437
ai20 6 2030 SSBMean 72.0142
ai20 6 2031 SSBF100 185.475
ai20 6 2031 SSBFabc 74.1899
ai20 6 2031 SSBFofl 64.9161
ai20 6 2031 SSBLCI 37.6504
ai20 6 2031 SSBUCI 130.151
ai20 6 2031 SSBMedian 64.1499
ai20 6 2031 SSBMean 71.885
ai20 6 2032 SSBF100 185.475
ai20 6 2032 SSBFabc 74.1899
ai20 6 2032 SSBFofl 64.9161
ai20 6 2032 SSBLCI 37.3648
ai20 6 2032 SSBUCI 132.061
ai20 6 2032 SSBMedian 63.8119
ai20 6 2032 SSBMean 71.6093
ai20 6 2033 SSBF100 185.475
ai20 6 2033 SSBFabc 74.1899
ai20 6 2033 SSBFofl 64.9161
ai20 6 2033 SSBLCI 37.8528
ai20 6 2033 SSBUCI 129.681
ai20 6 2033 SSBMedian 62.829
ai20 6 2033 SSBMean 70.8919
ai20 6 2034 SSBF100 185.475
ai20 6 2034 SSBFabc 74.1899
ai20 6 2034 SSBFofl 64.9161
ai20 6 2034 SSBLCI 37.4594
ai20 6 2034 SSBUCI 129.53
ai20 6 2034 SSBMedian 62.1617
ai20 6 2034 SSBMean 70.1114
ai20 6 2020 F0 0 
ai20 6 2020 Fabc 0.31335
ai20 6 2020 Fofl 0.390068
ai20 6 2020  F_LCI 0.0172015
ai20 6 2020  F_UCI 0.0172015
ai20 6 2020  F_Median 0.0172015
ai20 6 2020  F_Mean 0.0172015
ai20 6 2021 F0 0 
ai20 6 2021 Fabc 0.31335
ai20 6 2021 Fofl 0.390068
ai20 6 2021  F_LCI 0.390068
ai20 6 2021  F_UCI 0.390068
ai20 6 2021  F_Median 0.390068
ai20 6 2021  F_Mean 0.390068
ai20 6 2022 F0 0 
ai20 6 2022 Fabc 0.31335
ai20 6 2022 Fofl 0.390068
ai20 6 2022  F_LCI 0.333405
ai20 6 2022  F_UCI 0.333595
ai20 6 2022  F_Median 0.333426
ai20 6 2022  F_Mean 0.333454
ai20 6 2023 F0 0 
ai20 6 2023 Fabc 0.31335
ai20 6 2023 Fofl 0.390068
ai20 6 2023  F_LCI 0.28324
ai20 6 2023  F_UCI 0.29132
ai20 6 2023  F_Median 0.284153
ai20 6 2023  F_Mean 0.285313
ai20 6 2024 F0 0 
ai20 6 2024 Fabc 0.31335
ai20 6 2024 Fofl 0.390068
ai20 6 2024  F_LCI 0.254475
ai20 6 2024  F_UCI 0.372224
ai20 6 2024  F_Median 0.268768
ai20 6 2024  F_Mean 0.282252
ai20 6 2025 F0 0 
ai20 6 2025 Fabc 0.31335
ai20 6 2025 Fofl 0.390068
ai20 6 2025  F_LCI 0.224072
ai20 6 2025  F_UCI 0.390068
ai20 6 2025  F_Median 0.271579
ai20 6 2025  F_Mean 0.288057
ai20 6 2026 F0 0 
ai20 6 2026 Fabc 0.31335
ai20 6 2026 Fofl 0.390068
ai20 6 2026  F_LCI 0.202109
ai20 6 2026  F_UCI 0.390068
ai20 6 2026  F_Median 0.290338
ai20 6 2026  F_Mean 0.298267
ai20 6 2027 F0 0 
ai20 6 2027 Fabc 0.31335
ai20 6 2027 Fofl 0.390068
ai20 6 2027  F_LCI 0.189408
ai20 6 2027  F_UCI 0.390068
ai20 6 2027  F_Median 0.312023
ai20 6 2027  F_Mean 0.30871
ai20 6 2028 F0 0 
ai20 6 2028 Fabc 0.31335
ai20 6 2028 Fofl 0.390068
ai20 6 2028  F_LCI 0.187152
ai20 6 2028  F_UCI 0.390068
ai20 6 2028  F_Median 0.320182
ai20 6 2028  F_Mean 0.313785
ai20 6 2029 F0 0 
ai20 6 2029 Fabc 0.31335
ai20 6 2029 Fofl 0.390068
ai20 6 2029  F_LCI 0.190794
ai20 6 2029  F_UCI 0.390068
ai20 6 2029  F_Median 0.328748
ai20 6 2029  F_Mean 0.315828
ai20 6 2030 F0 0 
ai20 6 2030 Fabc 0.31335
ai20 6 2030 Fofl 0.390068
ai20 6 2030  F_LCI 0.189414
ai20 6 2030  F_UCI 0.390068
ai20 6 2030  F_Median 0.332254
ai20 6 2030  F_Mean 0.317908
ai20 6 2031 F0 0 
ai20 6 2031 Fabc 0.31335
ai20 6 2031 Fofl 0.390068
ai20 6 2031  F_LCI 0.187843
ai20 6 2031  F_UCI 0.390068
ai20 6 2031  F_Median 0.334503
ai20 6 2031  F_Mean 0.317985
ai20 6 2032 F0 0 
ai20 6 2032 Fabc 0.31335
ai20 6 2032 Fofl 0.390068
ai20 6 2032  F_LCI 0.186262
ai20 6 2032  F_UCI 0.390068
ai20 6 2032  F_Median 0.332632
ai20 6 2032  F_Mean 0.317846
ai20 6 2033 F0 0 
ai20 6 2033 Fabc 0.31335
ai20 6 2033 Fofl 0.390068
ai20 6 2033  F_LCI 0.188963
ai20 6 2033  F_UCI 0.390068
ai20 6 2033  F_Median 0.327192
ai20 6 2033  F_Mean 0.315911
ai20 6 2034 F0 0 
ai20 6 2034 Fabc 0.31335
ai20 6 2034 Fofl 0.390068
ai20 6 2034  F_LCI 0.186786
ai20 6 2034  F_UCI 0.390068
ai20 6 2034  F_Median 0.323499
ai20 6 2034  F_Mean 0.314979
ai20 7 2020 Cabc 41.2434
ai20 7 2020 Cofl 43.6051
ai20 7 2020 CLCI 3.205
ai20 7 2020 CUCI 3.205
ai20 7 2020 CMedian 3.205
ai20 7 2020 CMean 3.205
ai20 7 2020 CStdn 4.66294e-014
ai20 7 2021 Cabc 41.2434
ai20 7 2021 Cofl 43.6051
ai20 7 2021 CLCI 51.1143
ai20 7 2021 CUCI 51.4378
ai20 7 2021 CMedian 51.1499
ai20 7 2021 CMean 51.1964
ai20 7 2021 CStdn 0.132658
ai20 7 2022 Cabc 41.2434
ai20 7 2022 Cofl 43.6051
ai20 7 2022 CLCI 36.6442
ai20 7 2022 CUCI 37.5285
ai20 7 2022 CMedian 36.7861
ai20 7 2022 CMean 36.9047
ai20 7 2022 CStdn 0.350956
ai20 7 2023 Cabc 41.2434
ai20 7 2023 Cofl 43.6051
ai20 7 2023 CLCI 32.2889
ai20 7 2023 CUCI 35.6918
ai20 7 2023 CMedian 32.8473
ai20 7 2023 CMean 33.2907
ai20 7 2023 CStdn 1.4034
ai20 7 2024 Cabc 41.2434
ai20 7 2024 Cofl 43.6051
ai20 7 2024 CLCI 24.7592
ai20 7 2024 CUCI 42.97
ai20 7 2024 CMedian 27.1489
ai20 7 2024 CMean 29.3778
ai20 7 2024 CStdn 6.05545
ai20 7 2025 Cabc 41.2434
ai20 7 2025 Cofl 43.6051
ai20 7 2025 CLCI 19.9051
ai20 7 2025 CUCI 53.3205
ai20 7 2025 CMedian 26.5043
ai20 7 2025 CMean 30.6648
ai20 7 2025 CStdn 11.9665
ai20 7 2026 Cabc 41.2434
ai20 7 2026 Cofl 43.6051
ai20 7 2026 CLCI 16.788
ai20 7 2026 CUCI 68.6232
ai20 7 2026 CMedian 29.4744
ai20 7 2026 CMean 34.6493
ai20 7 2026 CStdn 18.2254
ai20 7 2027 Cabc 41.2434
ai20 7 2027 Cofl 43.6051
ai20 7 2027 CLCI 14.5311
ai20 7 2027 CUCI 80.6445
ai20 7 2027 CMedian 32.9134
ai20 7 2027 CMean 38.4965
ai20 7 2027 CStdn 22.0206
ai20 7 2028 Cabc 41.2434
ai20 7 2028 Cofl 43.6051
ai20 7 2028 CLCI 13.3553
ai20 7 2028 CUCI 84.196
ai20 7 2028 CMedian 35.6345
ai20 7 2028 CMean 41.0763
ai20 7 2028 CStdn 23.9673
ai20 7 2029 Cabc 41.2434
ai20 7 2029 Cofl 43.6051
ai20 7 2029 CLCI 14.0323
ai20 7 2029 CUCI 86.6553
ai20 7 2029 CMedian 36.7171
ai20 7 2029 CMean 42.3628
ai20 7 2029 CStdn 24.9411
ai20 7 2030 Cabc 41.2434
ai20 7 2030 Cofl 43.6051
ai20 7 2030 CLCI 13.8186
ai20 7 2030 CUCI 87.7212
ai20 7 2030 CMedian 36.9798
ai20 7 2030 CMean 42.9522
ai20 7 2030 CStdn 25.2525
ai20 7 2031 Cabc 41.2434
ai20 7 2031 Cofl 43.6051
ai20 7 2031 CLCI 13.3824
ai20 7 2031 CUCI 88.7344
ai20 7 2031 CMedian 37.237
ai20 7 2031 CMean 42.9052
ai20 7 2031 CStdn 25.0064
ai20 7 2032 Cabc 41.2434
ai20 7 2032 Cofl 43.6051
ai20 7 2032 CLCI 13.2746
ai20 7 2032 CUCI 87.3276
ai20 7 2032 CMedian 37.8454
ai20 7 2032 CMean 42.6436
ai20 7 2032 CStdn 24.2717
ai20 7 2033 Cabc 41.2434
ai20 7 2033 Cofl 43.6051
ai20 7 2033 CLCI 13.6126
ai20 7 2033 CUCI 86.2668
ai20 7 2033 CMedian 36.1705
ai20 7 2033 CMean 42.1036
ai20 7 2033 CStdn 23.9929
ai20 7 2034 Cabc 41.2434
ai20 7 2034 Cofl 43.6051
ai20 7 2034 CLCI 13.4608
ai20 7 2034 CUCI 87.7444
ai20 7 2034 CMedian 35.745
ai20 7 2034 CMean 41.6126
ai20 7 2034 CStdn 23.9485
ai20 7 2020 SSBF100 185.475
ai20 7 2020 SSBFabc 74.1899
ai20 7 2020 SSBFofl 64.9161
ai20 7 2020 SSBLCI 90.0294
ai20 7 2020 SSBUCI 90.0294
ai20 7 2020 SSBMedian 90.0294
ai20 7 2020 SSBMean 90.0294
ai20 7 2021 SSBF100 185.475
ai20 7 2021 SSBFabc 74.1899
ai20 7 2021 SSBFofl 64.9161
ai20 7 2021 SSBLCI 85.9751
ai20 7 2021 SSBUCI 85.9751
ai20 7 2021 SSBMedian 85.9751
ai20 7 2021 SSBMean 85.9751
ai20 7 2022 SSBF100 185.475
ai20 7 2022 SSBFabc 74.1899
ai20 7 2022 SSBFofl 64.9161
ai20 7 2022 SSBLCI 68.1626
ai20 7 2022 SSBUCI 68.1971
ai20 7 2022 SSBMedian 68.1664
ai20 7 2022 SSBMean 68.1713
ai20 7 2023 SSBF100 185.475
ai20 7 2023 SSBFabc 74.1899
ai20 7 2023 SSBFofl 64.9161
ai20 7 2023 SSBLCI 59.0752
ai20 7 2023 SSBUCI 60.5338
ai20 7 2023 SSBMedian 59.2399
ai20 7 2023 SSBMean 59.4494
ai20 7 2024 SSBF100 185.475
ai20 7 2024 SSBFabc 74.1899
ai20 7 2024 SSBFofl 64.9161
ai20 7 2024 SSBLCI 51.8179
ai20 7 2024 SSBUCI 73.0472
ai20 7 2024 SSBMedian 54.3946
ai20 7 2024 SSBMean 57.3732
ai20 7 2025 SSBF100 185.475
ai20 7 2025 SSBFabc 74.1899
ai20 7 2025 SSBFofl 64.9161
ai20 7 2025 SSBLCI 45.2682
ai20 7 2025 SSBUCI 93.8248
ai20 7 2025 SSBMedian 53.8045
ai20 7 2025 SSBMean 59.6513
ai20 7 2026 SSBF100 185.475
ai20 7 2026 SSBFabc 74.1899
ai20 7 2026 SSBFofl 64.9161
ai20 7 2026 SSBLCI 40.7571
ai20 7 2026 SSBUCI 115.651
ai20 7 2026 SSBMedian 56.6248
ai20 7 2026 SSBMean 63.9513
ai20 7 2027 SSBF100 185.475
ai20 7 2027 SSBFabc 74.1899
ai20 7 2027 SSBFofl 64.9161
ai20 7 2027 SSBLCI 38.1741
ai20 7 2027 SSBUCI 124.85
ai20 7 2027 SSBMedian 60.2096
ai20 7 2027 SSBMean 67.7554
ai20 7 2028 SSBF100 185.475
ai20 7 2028 SSBFabc 74.1899
ai20 7 2028 SSBFofl 64.9161
ai20 7 2028 SSBLCI 37.6113
ai20 7 2028 SSBUCI 129.372
ai20 7 2028 SSBMedian 61.6087
ai20 7 2028 SSBMean 70.298
ai20 7 2029 SSBF100 185.475
ai20 7 2029 SSBFabc 74.1899
ai20 7 2029 SSBFofl 64.9161
ai20 7 2029 SSBLCI 38.2428
ai20 7 2029 SSBUCI 131.788
ai20 7 2029 SSBMedian 63.0847
ai20 7 2029 SSBMean 71.5761
ai20 7 2030 SSBF100 185.475
ai20 7 2030 SSBFabc 74.1899
ai20 7 2030 SSBFofl 64.9161
ai20 7 2030 SSBLCI 37.928
ai20 7 2030 SSBUCI 133.025
ai20 7 2030 SSBMedian 63.732
ai20 7 2030 SSBMean 72.0037
ai20 7 2031 SSBF100 185.475
ai20 7 2031 SSBFabc 74.1899
ai20 7 2031 SSBFofl 64.9161
ai20 7 2031 SSBLCI 37.6417
ai20 7 2031 SSBUCI 130.116
ai20 7 2031 SSBMedian 64.1326
ai20 7 2031 SSBMean 71.8744
ai20 7 2032 SSBF100 185.475
ai20 7 2032 SSBFabc 74.1899
ai20 7 2032 SSBFofl 64.9161
ai20 7 2032 SSBLCI 37.3569
ai20 7 2032 SSBUCI 132.048
ai20 7 2032 SSBMedian 63.8046
ai20 7 2032 SSBMean 71.6022
ai20 7 2033 SSBF100 185.475
ai20 7 2033 SSBFabc 74.1899
ai20 7 2033 SSBFofl 64.9161
ai20 7 2033 SSBLCI 37.848
ai20 7 2033 SSBUCI 129.676
ai20 7 2033 SSBMedian 62.8221
ai20 7 2033 SSBMean 70.8879
ai20 7 2034 SSBF100 185.475
ai20 7 2034 SSBFabc 74.1899
ai20 7 2034 SSBFofl 64.9161
ai20 7 2034 SSBLCI 37.4615
ai20 7 2034 SSBUCI 129.529
ai20 7 2034 SSBMedian 62.1607
ai20 7 2034 SSBMean 70.1094
ai20 7 2020 F0 0 
ai20 7 2020 Fabc 0.31335
ai20 7 2020 Fofl 0.390068
ai20 7 2020  F_LCI 0.0172015
ai20 7 2020  F_UCI 0.0172015
ai20 7 2020  F_Median 0.0172015
ai20 7 2020  F_Mean 0.0172015
ai20 7 2021 F0 0 
ai20 7 2021 Fabc 0.31335
ai20 7 2021 Fofl 0.390068
ai20 7 2021  F_LCI 0.313349
ai20 7 2021  F_UCI 0.31335
ai20 7 2021  F_Median 0.313349
ai20 7 2021  F_Mean 0.313349
ai20 7 2022 F0 0 
ai20 7 2022 Fabc 0.31335
ai20 7 2022 Fofl 0.390068
ai20 7 2022  F_LCI 0.286553
ai20 7 2022  F_UCI 0.286706
ai20 7 2022  F_Median 0.28657
ai20 7 2022  F_Mean 0.286592
ai20 7 2023 F0 0 
ai20 7 2023 Fabc 0.31335
ai20 7 2023 Fofl 0.390068
ai20 7 2023  F_LCI 0.306417
ai20 7 2023  F_UCI 0.31449
ai20 7 2023  F_Median 0.307329
ai20 7 2023  F_Mean 0.308488
ai20 7 2024 F0 0 
ai20 7 2024 Fabc 0.31335
ai20 7 2024 Fofl 0.390068
ai20 7 2024  F_LCI 0.266252
ai20 7 2024  F_UCI 0.383744
ai20 7 2024  F_Median 0.280513
ai20 7 2024  F_Mean 0.29349
ai20 7 2025 F0 0 
ai20 7 2025 Fabc 0.31335
ai20 7 2025 Fofl 0.390068
ai20 7 2025  F_LCI 0.230003
ai20 7 2025  F_UCI 0.390068
ai20 7 2025  F_Median 0.277247
ai20 7 2025  F_Mean 0.293017
ai20 7 2026 F0 0 
ai20 7 2026 Fabc 0.31335
ai20 7 2026 Fofl 0.390068
ai20 7 2026  F_LCI 0.205037
ai20 7 2026  F_UCI 0.390068
ai20 7 2026  F_Median 0.292856
ai20 7 2026  F_Mean 0.300281
ai20 7 2027 F0 0 
ai20 7 2027 Fabc 0.31335
ai20 7 2027 Fofl 0.390068
ai20 7 2027  F_LCI 0.190741
ai20 7 2027  F_UCI 0.390068
ai20 7 2027  F_Median 0.312695
ai20 7 2027  F_Mean 0.309429
ai20 7 2028 F0 0 
ai20 7 2028 Fabc 0.31335
ai20 7 2028 Fofl 0.390068
ai20 7 2028  F_LCI 0.187627
ai20 7 2028  F_UCI 0.390068
ai20 7 2028  F_Median 0.320439
ai20 7 2028  F_Mean 0.31399
ai20 7 2029 F0 0 
ai20 7 2029 Fabc 0.31335
ai20 7 2029 Fofl 0.390068
ai20 7 2029  F_LCI 0.191122
ai20 7 2029  F_UCI 0.390068
ai20 7 2029  F_Median 0.328607
ai20 7 2029  F_Mean 0.315852
ai20 7 2030 F0 0 
ai20 7 2030 Fabc 0.31335
ai20 7 2030 Fofl 0.390068
ai20 7 2030  F_LCI 0.18938
ai20 7 2030  F_UCI 0.390068
ai20 7 2030  F_Median 0.33219
ai20 7 2030  F_Mean 0.317881
ai20 7 2031 F0 0 
ai20 7 2031 Fabc 0.31335
ai20 7 2031 Fofl 0.390068
ai20 7 2031  F_LCI 0.187795
ai20 7 2031  F_UCI 0.390068
ai20 7 2031  F_Median 0.334406
ai20 7 2031  F_Mean 0.317954
ai20 7 2032 F0 0 
ai20 7 2032 Fabc 0.31335
ai20 7 2032 Fofl 0.390068
ai20 7 2032  F_LCI 0.186219
ai20 7 2032  F_UCI 0.390068
ai20 7 2032  F_Median 0.332592
ai20 7 2032  F_Mean 0.317825
ai20 7 2033 F0 0 
ai20 7 2033 Fabc 0.31335
ai20 7 2033 Fofl 0.390068
ai20 7 2033  F_LCI 0.188937
ai20 7 2033  F_UCI 0.390068
ai20 7 2033  F_Median 0.327154
ai20 7 2033  F_Mean 0.315898
ai20 7 2034 F0 0 
ai20 7 2034 Fabc 0.31335
ai20 7 2034 Fofl 0.390068
ai20 7 2034  F_LCI 0.186798
ai20 7 2034  F_UCI 0.390068
ai20 7 2034  F_Median 0.323494
ai20 7 2034  F_Mean 0.314973
