
SB0 SB40 SB35 MeanRec HarMeanRec Bnow
185.475 74.1899 64.9161 0.141703 0.0497479 93.453 
CV Recruit
1.35957 
Alternative 1 Alternative  Stock: ai20
Catch ai20
Year C0 Cabc Cofl LowCI_Catch Median_Catch Mean_Catch UpperCI_Catch Stdev_Catch 
2020  0 41.2434 43.6051 3.205 3.205 3.205 3.205 4.66294e-014 
2021  0 41.2434 43.6051 1.656 1.656 1.656 1.656 1.86968e-007 
2022  0 41.2434 43.6051 2.243 2.243 2.243 2.243 2.69005e-008 
2023  0 41.2434 43.6051 49.9914 50.4913 50.8244 52.702 1.08399 
2024  0 41.2434 43.6051 37.5034 40.1418 41.0696 47.3813 3.64873 
2025  0 41.2434 43.6051 25.3197 31.8823 34.8778 51.5104 9.64827 
2026  0 41.2434 43.6051 19.0844 31.1469 34.9289 63.2978 15.5831 
2027  0 41.2434 43.6051 15.3504 32.7293 36.8133 73.9164 19.3853 
2028  0 41.2434 43.6051 13.4444 34.9733 38.605 77.8315 21.5363 
2029  0 41.2434 43.6051 13.5778 35.6652 39.6883 80.0342 22.5739 
2030  0 41.2434 43.6051 13.6435 36.3057 40.379 81.1314 22.9309 
2031  0 41.2434 43.6051 12.9114 36.966 40.5143 81.1684 22.844 
2032  0 41.2434 43.6051 13.0624 37.7628 40.3595 80.6081 22.2709 
2033  0 41.2434 43.6051 13.4286 36.7285 40.066 80.8144 21.8575 
2034  0 41.2434 43.6051 13.2687 35.8283 39.6725 80.6443 21.7546 

Spawning_Biomass ai20
Year SSB100 SSBabc SSBofl LowCI_SSB Median_SSB Mean_SSB UpperCI_SSB Stdev_SSB 
2020 185.475 74.1899 64.9161 90.0294 90.0294 90.0294 90.0294 1.46372e-012 
2021 185.475 74.1899 64.9161 89.8292 89.8292 89.8293 89.8298 0.000262949 
2022 185.475 74.1899 64.9161 89.5056 89.5103 89.5163 89.5475 0.0172007 
2023 185.475 74.1899 64.9161 87.2493 87.4263 87.6499 88.81 0.642563 
2024 185.475 74.1899 64.9161 70.0253 72.6274 75.8024 92.4676 9.23802 
2025 185.475 74.1899 64.9161 56.3735 64.9437 71.4414 108.39 19.9904 
2026 185.475 74.1899 64.9161 48.1246 64.2413 72.5466 130.802 28.2875 
2027 185.475 74.1899 64.9161 43.4795 66.167 75.0318 137.327 31.5946 
2028 185.475 74.1899 64.9161 41.6929 67.9476 77.2441 142.227 34.1352 
2029 185.475 74.1899 64.9161 41.6071 68.5567 78.6723 144.028 36.0283 
2030 185.475 74.1899 64.9161 41.5984 69.7859 79.3815 145.972 36.0998 
2031 185.475 74.1899 64.9161 41.1931 69.8508 79.488 143.878 35.2728 
2032 185.475 74.1899 64.9161 41.7684 71.1252 79.3684 146.402 34.1314 
2033 185.475 74.1899 64.9161 41.912 69.6124 78.7239 146.645 34.0677 
2034 185.475 74.1899 64.9161 41.5072 68.9241 77.9127 142.499 33.9024 

Fishing_mortalityai20
Year F0 Fabc Fofl LowCI_F Median_F Mean_F UpperCI_F Stdev_F 
2020  0 0.31335 0.390068 0.0172015 0.0172015 0.0172015 0.0172015 1.59595e-016 
2021  0 0.31335 0.390068 0.00889418 0.00893864 0.00893152 0.00894418 2.02906e-005 
2022  0 0.31335 0.390068 0.0120749 0.0122456 0.0122187 0.0122788 7.89563e-005 
2023  0 0.31335 0.390068 0.31335 0.31335 0.31335 0.31335 1.60982e-015 
2024  0 0.31335 0.390068 0.294834 0.306403 0.305906 0.31335 0.00711794 
2025  0 0.31335 0.390068 0.23414 0.272242 0.275966 0.31335 0.0292847 
2026  0 0.31335 0.390068 0.197466 0.269119 0.265968 0.31335 0.0429469 
2027  0 0.31335 0.390068 0.176814 0.277681 0.265704 0.31335 0.0489667 
2028  0 0.31335 0.390068 0.168871 0.285597 0.265696 0.31335 0.0544369 
2029  0 0.31335 0.390068 0.16849 0.288305 0.265679 0.31335 0.0581666 
2030  0 0.31335 0.390068 0.168451 0.29377 0.267575 0.31335 0.0568261 
2031  0 0.31335 0.390068 0.166649 0.294059 0.267827 0.31335 0.0580049 
2032  0 0.31335 0.390068 0.169206 0.299724 0.267453 0.31335 0.0596007 
2033  0 0.31335 0.390068 0.169845 0.292998 0.267364 0.31335 0.0565967 
2034  0 0.31335 0.390068 0.168045 0.289939 0.266948 0.31335 0.0556554 

Total_Biomassai20
Year B100 Babc Bofl LowCI_Biom Median_Biom Mean_Biom UpperCI_Biom Stdev_Biom 
2020 1137.9 318.727 296.11 282.589 282.589 282.589 282.589 2.84217e-013 
2021 1137.9 318.727 296.11 279.249 285.13 292.783 332.578 21.8663 
2022 1137.9 318.727 296.11 275.382 295.114 308.525 389.245 41.5438 
2023 1137.9 318.727 296.11 269.256 310.983 330.375 459.795 68.3256 
2024 1137.9 318.727 296.11 221.187 288.537 312.524 492.329 91.9657 
2025 1137.9 318.727 296.11 189.66 282.397 310.031 521.677 113.42 
2026 1137.9 318.727 296.11 173.214 286.613 316.753 553.069 130.077 
2027 1137.9 318.727 296.11 170.118 292.389 324.219 583.299 137.878 
2028 1137.9 318.727 296.11 166.073 300.065 328.921 578.201 141.242 
2029 1137.9 318.727 296.11 164.521 300.604 331.588 581.705 140.644 
2030 1137.9 318.727 296.11 162.833 304.305 331.165 596.837 138.302 
2031 1137.9 318.727 296.11 164.245 301.419 329.608 597.42 136.533 
2032 1137.9 318.727 296.11 166.655 298.199 328.118 586.362 133.652 
2033 1137.9 318.727 296.11 167.407 299.767 326.685 576.944 132.461 
2034 1137.9 318.727 296.11 170.903 300.344 326.623 568.565 131.52 
Alternative 2 Alternative  Stock: ai20
Catch ai20
Year C0 Cabc Cofl LowCI_Catch Median_Catch Mean_Catch UpperCI_Catch Stdev_Catch 
2020  0 41.2434 43.6051 3.205 3.205 3.205 3.205 4.66294e-014 
2021  0 41.2434 43.6051 1.656 1.656 1.656 1.656 1.86968e-007 
2022  0 41.2434 43.6051 2.243 2.243 2.243 2.243 2.69005e-008 
2023  0 41.2434 43.6051 49.9914 50.4913 50.8244 52.702 1.08399 
2024  0 41.2434 43.6051 37.5034 40.1418 41.0696 47.3813 3.64873 
2025  0 41.2434 43.6051 25.3197 31.8823 34.8778 51.5104 9.64827 
2026  0 41.2434 43.6051 19.0844 31.1469 34.9289 63.2978 15.5831 
2027  0 41.2434 43.6051 15.3504 32.7293 36.8133 73.9164 19.3853 
2028  0 41.2434 43.6051 13.4444 34.9733 38.605 77.8315 21.5363 
2029  0 41.2434 43.6051 13.5778 35.6652 39.6883 80.0342 22.5739 
2030  0 41.2434 43.6051 13.6435 36.3057 40.379 81.1314 22.9309 
2031  0 41.2434 43.6051 12.9114 36.966 40.5143 81.1684 22.844 
2032  0 41.2434 43.6051 13.0624 37.7628 40.3595 80.6081 22.2709 
2033  0 41.2434 43.6051 13.4286 36.7285 40.066 80.8144 21.8575 
2034  0 41.2434 43.6051 13.2687 35.8283 39.6725 80.6443 21.7546 

Spawning_Biomass ai20
Year SSB100 SSBabc SSBofl LowCI_SSB Median_SSB Mean_SSB UpperCI_SSB Stdev_SSB 
2020 185.475 74.1899 64.9161 90.0294 90.0294 90.0294 90.0294 1.46372e-012 
2021 185.475 74.1899 64.9161 89.8292 89.8292 89.8293 89.8298 0.000262949 
2022 185.475 74.1899 64.9161 89.5056 89.5103 89.5163 89.5475 0.0172007 
2023 185.475 74.1899 64.9161 87.2493 87.4263 87.6499 88.81 0.642563 
2024 185.475 74.1899 64.9161 70.0253 72.6274 75.8024 92.4676 9.23802 
2025 185.475 74.1899 64.9161 56.3735 64.9437 71.4414 108.39 19.9904 
2026 185.475 74.1899 64.9161 48.1246 64.2413 72.5466 130.802 28.2875 
2027 185.475 74.1899 64.9161 43.4795 66.167 75.0318 137.327 31.5946 
2028 185.475 74.1899 64.9161 41.6929 67.9476 77.2441 142.227 34.1352 
2029 185.475 74.1899 64.9161 41.6071 68.5567 78.6723 144.028 36.0283 
2030 185.475 74.1899 64.9161 41.5984 69.7859 79.3815 145.972 36.0998 
2031 185.475 74.1899 64.9161 41.1931 69.8508 79.488 143.878 35.2728 
2032 185.475 74.1899 64.9161 41.7684 71.1252 79.3684 146.402 34.1314 
2033 185.475 74.1899 64.9161 41.912 69.6124 78.7239 146.645 34.0677 
2034 185.475 74.1899 64.9161 41.5072 68.9241 77.9127 142.499 33.9024 

Fishing_mortalityai20
Year F0 Fabc Fofl LowCI_F Median_F Mean_F UpperCI_F Stdev_F 
2020  0 0.31335 0.390068 0.0172015 0.0172015 0.0172015 0.0172015 1.59595e-016 
2021  0 0.31335 0.390068 0.00889418 0.00893864 0.00893152 0.00894418 2.02906e-005 
2022  0 0.31335 0.390068 0.0120749 0.0122456 0.0122187 0.0122788 7.89563e-005 
2023  0 0.31335 0.390068 0.31335 0.31335 0.31335 0.31335 1.60982e-015 
2024  0 0.31335 0.390068 0.294834 0.306403 0.305906 0.31335 0.00711794 
2025  0 0.31335 0.390068 0.23414 0.272242 0.275966 0.31335 0.0292847 
2026  0 0.31335 0.390068 0.197466 0.269119 0.265968 0.31335 0.0429469 
2027  0 0.31335 0.390068 0.176814 0.277681 0.265704 0.31335 0.0489667 
2028  0 0.31335 0.390068 0.168871 0.285597 0.265696 0.31335 0.0544369 
2029  0 0.31335 0.390068 0.16849 0.288305 0.265679 0.31335 0.0581666 
2030  0 0.31335 0.390068 0.168451 0.29377 0.267575 0.31335 0.0568261 
2031  0 0.31335 0.390068 0.166649 0.294059 0.267827 0.31335 0.0580049 
2032  0 0.31335 0.390068 0.169206 0.299724 0.267453 0.31335 0.0596007 
2033  0 0.31335 0.390068 0.169845 0.292998 0.267364 0.31335 0.0565967 
2034  0 0.31335 0.390068 0.168045 0.289939 0.266948 0.31335 0.0556554 

Total_Biomassai20
Year B100 Babc Bofl LowCI_Biom Median_Biom Mean_Biom UpperCI_Biom Stdev_Biom 
2020 1137.9 318.727 296.11 282.589 282.589 282.589 282.589 2.84217e-013 
2021 1137.9 318.727 296.11 279.249 285.13 292.783 332.578 21.8663 
2022 1137.9 318.727 296.11 275.382 295.114 308.525 389.245 41.5438 
2023 1137.9 318.727 296.11 269.256 310.983 330.375 459.795 68.3256 
2024 1137.9 318.727 296.11 221.187 288.537 312.524 492.329 91.9657 
2025 1137.9 318.727 296.11 189.66 282.397 310.031 521.677 113.42 
2026 1137.9 318.727 296.11 173.214 286.613 316.753 553.069 130.077 
2027 1137.9 318.727 296.11 170.118 292.389 324.219 583.299 137.878 
2028 1137.9 318.727 296.11 166.073 300.065 328.921 578.201 141.242 
2029 1137.9 318.727 296.11 164.521 300.604 331.588 581.705 140.644 
2030 1137.9 318.727 296.11 162.833 304.305 331.165 596.837 138.302 
2031 1137.9 318.727 296.11 164.245 301.419 329.608 597.42 136.533 
2032 1137.9 318.727 296.11 166.655 298.199 328.118 586.362 133.652 
2033 1137.9 318.727 296.11 167.407 299.767 326.685 576.944 132.461 
2034 1137.9 318.727 296.11 170.903 300.344 326.623 568.565 131.52 
Alternative 3 Alternative  Stock: ai20
Catch ai20
Year C0 Cabc Cofl LowCI_Catch Median_Catch Mean_Catch UpperCI_Catch Stdev_Catch 
2020  0 41.2434 43.6051 3.205 3.205 3.205 3.205 4.66294e-014 
2021  0 41.2434 43.6051 1.656 1.656 1.656 1.656 1.86968e-007 
2022  0 41.2434 43.6051 2.243 2.243 2.243 2.243 2.69005e-008 
2023  0 41.2434 43.6051 3.73968 3.77302 3.79534 3.92118 0.0725391 
2024  0 41.2434 43.6051 3.7045 3.80048 3.869 4.24954 0.216979 
2025  0 41.2434 43.6051 3.67464 3.94474 4.11654 5.09581 0.564311 
2026  0 41.2434 43.6051 3.59769 4.19926 4.52951 6.58498 1.11207 
2027  0 41.2434 43.6051 3.44019 4.53356 4.9709 8.2794 1.65285 
2028  0 41.2434 43.6051 3.2579 4.87277 5.41123 9.31527 2.10394 
2029  0 41.2434 43.6051 3.17821 5.22228 5.77638 10.1067 2.35626 
2030  0 41.2434 43.6051 3.20994 5.52872 6.07052 10.7957 2.53907 
2031  0 41.2434 43.6051 3.27652 5.71064 6.29655 11.0056 2.6594 
2032  0 41.2434 43.6051 3.22279 5.92019 6.46148 11.2613 2.68104 
2033  0 41.2434 43.6051 3.2927 6.10384 6.57756 11.5722 2.6734 
2034  0 41.2434 43.6051 3.31195 6.19536 6.65432 11.545 2.65311 

Spawning_Biomass ai20
Year SSB100 SSBabc SSBofl LowCI_SSB Median_SSB Mean_SSB UpperCI_SSB Stdev_SSB 
2020 185.475 74.1899 64.9161 90.0294 90.0294 90.0294 90.0294 1.46372e-012 
2021 185.475 74.1899 64.9161 89.8292 89.8292 89.8293 89.8298 0.000262949 
2022 185.475 74.1899 64.9161 89.5056 89.5103 89.5163 89.5475 0.0172007 
2023 185.475 74.1899 64.9161 90.9166 91.0944 91.3188 92.4836 0.645176 
2024 185.475 74.1899 64.9161 90.4747 93.2749 96.5377 113.808 9.56685 
2025 185.475 74.1899 64.9161 86.351 96.4353 103.52 143.903 22.116 
2026 185.475 74.1899 64.9161 82.1199 102.911 112.668 180.25 34.6469 
2027 185.475 74.1899 64.9161 79.0957 111.312 122.373 205.507 42.603 
2028 185.475 74.1899 64.9161 77.2243 119.233 131.387 222.173 49.69 
2029 185.475 74.1899 64.9161 76.1701 127.323 139.367 245.073 56.0604 
2030 185.475 74.1899 64.9161 79.2132 133.066 146.096 253.968 59.7354 
2031 185.475 74.1899 64.9161 78.8252 139.672 151.332 258.374 61.5783 
2032 185.475 74.1899 64.9161 78.6882 143.479 155.351 266.553 62.0494 
2033 185.475 74.1899 64.9161 78.7628 147.55 157.872 271.366 62.4538 
2034 185.475 74.1899 64.9161 79.2822 148.331 159.341 274.578 62.46 

Fishing_mortalityai20
Year F0 Fabc Fofl LowCI_F Median_F Mean_F UpperCI_F Stdev_F 
2020  0 0.31335 0.390068 0.0172015 0.0172015 0.0172015 0.0172015 1.59595e-016 
2021  0 0.31335 0.390068 0.00889418 0.00893864 0.00893152 0.00894418 2.02906e-005 
2022  0 0.31335 0.390068 0.0120749 0.0122456 0.0122187 0.0122788 7.89563e-005 
2023  0 0.31335 0.390068 0.0207545 0.0207545 0.0207545 0.0207545 5.20417e-017 
2024  0 0.31335 0.390068 0.0207545 0.0207545 0.0207545 0.0207545 5.20417e-017 
2025  0 0.31335 0.390068 0.0207545 0.0207545 0.0207545 0.0207545 5.20417e-017 
2026  0 0.31335 0.390068 0.0207545 0.0207545 0.0207545 0.0207545 5.20417e-017 
2027  0 0.31335 0.390068 0.0207545 0.0207545 0.0207545 0.0207545 5.20417e-017 
2028  0 0.31335 0.390068 0.0207545 0.0207545 0.0207545 0.0207545 5.20417e-017 
2029  0 0.31335 0.390068 0.0207545 0.0207545 0.0207545 0.0207545 5.20417e-017 
2030  0 0.31335 0.390068 0.0207545 0.0207545 0.0207545 0.0207545 5.20417e-017 
2031  0 0.31335 0.390068 0.0207545 0.0207545 0.0207545 0.0207545 5.20417e-017 
2032  0 0.31335 0.390068 0.0207545 0.0207545 0.0207545 0.0207545 5.20417e-017 
2033  0 0.31335 0.390068 0.0207545 0.0207545 0.0207545 0.0207545 5.20417e-017 
2034  0 0.31335 0.390068 0.0207545 0.0207545 0.0207545 0.0207545 5.20417e-017 

Total_Biomassai20
Year B100 Babc Bofl LowCI_Biom Median_Biom Mean_Biom UpperCI_Biom Stdev_Biom 
2020 1137.9 318.727 296.11 282.589 282.589 282.589 282.589 2.84217e-013 
2021 1137.9 318.727 296.11 279.249 285.13 292.783 332.578 21.8663 
2022 1137.9 318.727 296.11 275.382 295.114 308.525 389.245 41.5438 
2023 1137.9 318.727 296.11 269.256 310.983 330.375 459.795 68.3256 
2024 1137.9 318.727 296.11 263.256 331.221 355.704 537.183 93.2935 
2025 1137.9 318.727 296.11 257.108 353.719 382.493 602.432 118.462 
2026 1137.9 318.727 296.11 254.395 374.175 409.082 673.563 142.861 
2027 1137.9 318.727 296.11 252.462 402.149 433.566 730.956 160.232 
2028 1137.9 318.727 296.11 253.169 423.517 453.891 759.888 172.516 
2029 1137.9 318.727 296.11 253.524 437.49 470.988 777.051 179.57 
2030 1137.9 318.727 296.11 255.799 450.515 483.486 801.177 183.422 
2031 1137.9 318.727 296.11 253.833 463.054 492.98 828.054 185.429 
2032 1137.9 318.727 296.11 257.836 473.187 500.406 851.994 184.286 
2033 1137.9 318.727 296.11 269.623 476.139 505.804 856.391 183.08 
2034 1137.9 318.727 296.11 276.085 476.942 510.698 855.767 180.89 
Alternative 4 Alternative  Stock: ai20
Catch ai20
Year C0 Cabc Cofl LowCI_Catch Median_Catch Mean_Catch UpperCI_Catch Stdev_Catch 
2020  0 41.2434 43.6051 3.205 3.205 3.205 3.205 4.66294e-014 
2021  0 41.2434 43.6051 1.656 1.656 1.656 1.656 1.86968e-007 
2022  0 41.2434 43.6051 2.243 2.243 2.243 2.243 2.69005e-008 
2023  0 41.2434 43.6051 23.6293 23.85 23.9975 24.8291 0.47962 
2024  0 41.2434 43.6051 21.3562 21.9858 22.4313 24.9075 1.41471 
2025  0 41.2434 43.6051 19.5622 21.2867 22.3762 28.6502 3.5723 
2026  0 41.2434 43.6051 17.8151 21.5281 23.5183 36.0623 6.71555 
2027  0 41.2434 43.6051 15.9911 22.3834 24.9445 43.8233 9.44843 
2028  0 41.2434 43.6051 14.4118 23.6156 26.4045 47.4024 11.393 
2029  0 41.2434 43.6051 13.7637 24.5275 27.4935 50.4866 12.3588 
2030  0 41.2434 43.6051 13.5681 25.22 28.2157 51.6066 13.0318 
2031  0 41.2434 43.6051 13.459 25.6876 28.6633 52.4762 13.3072 
2032  0 41.2434 43.6051 13.4237 26.259 28.8883 53.07 13.1084 
2033  0 41.2434 43.6051 13.4074 26.3822 28.9984 53.7882 12.8343 
2034  0 41.2434 43.6051 13.4434 26.2438 28.9603 53.2795 12.6997 

Spawning_Biomass ai20
Year SSB100 SSBabc SSBofl LowCI_SSB Median_SSB Mean_SSB UpperCI_SSB Stdev_SSB 
2020 185.475 74.1899 64.9161 90.0294 90.0294 90.0294 90.0294 1.46372e-012 
2021 185.475 74.1899 64.9161 89.8292 89.8292 89.8293 89.8298 0.000262949 
2022 185.475 74.1899 64.9161 89.5056 89.5103 89.5163 89.5475 0.0172007 
2023 185.475 74.1899 64.9161 89.4298 89.6073 89.8314 90.9943 0.644128 
2024 185.475 74.1899 64.9161 81.4691 84.2339 87.4594 104.514 9.44918 
2025 185.475 74.1899 64.9161 71.7151 81.473 88.3695 127.59 21.3741 
2026 185.475 74.1899 64.9161 63.4884 82.9224 92.2631 156.802 32.3626 
2027 185.475 74.1899 64.9161 57.5692 87.1687 97.0122 170.798 38.4124 
2028 185.475 74.1899 64.9161 54.1968 90.8318 101.381 180.646 43.3138 
2029 185.475 74.1899 64.9161 52.5188 94.189 104.903 192.621 47.2575 
2030 185.475 74.1899 64.9161 52.8048 96.7207 107.467 199.11 48.8075 
2031 185.475 74.1899 64.9161 51.5788 98.1874 109.082 195.936 48.8997 
2032 185.475 74.1899 64.9161 50.99 100.255 110.078 201.906 48.104 
2033 185.475 74.1899 64.9161 50.4953 100.631 110.158 203.551 47.887 
2034 185.475 74.1899 64.9161 51.7322 100.777 109.736 196.608 47.601 

Fishing_mortalityai20
Year F0 Fabc Fofl LowCI_F Median_F Mean_F UpperCI_F Stdev_F 
2020  0 0.31335 0.390068 0.0172015 0.0172015 0.0172015 0.0172015 1.59595e-016 
2021  0 0.31335 0.390068 0.00889418 0.00893864 0.00893152 0.00894418 2.02906e-005 
2022  0 0.31335 0.390068 0.0120749 0.0122456 0.0122187 0.0122788 7.89563e-005 
2023  0 0.31335 0.390068 0.137793 0.137793 0.137793 0.137793 4.44089e-016 
2024  0 0.31335 0.390068 0.137793 0.137793 0.137793 0.137793 4.44089e-016 
2025  0 0.31335 0.390068 0.137793 0.137793 0.137793 0.137793 4.44089e-016 
2026  0 0.31335 0.390068 0.137793 0.137793 0.137793 0.137793 4.44089e-016 
2027  0 0.31335 0.390068 0.137793 0.137793 0.137793 0.137793 4.44089e-016 
2028  0 0.31335 0.390068 0.137793 0.137793 0.137793 0.137793 4.44089e-016 
2029  0 0.31335 0.390068 0.137793 0.137793 0.137793 0.137793 4.44089e-016 
2030  0 0.31335 0.390068 0.137793 0.137793 0.13738 0.137793 0.00753593 
2031  0 0.31335 0.390068 0.137793 0.137793 0.137242 0.137793 0.00869738 
2032  0 0.31335 0.390068 0.137793 0.137793 0.137104 0.137793 0.00971908 
2033  0 0.31335 0.390068 0.137793 0.137793 0.137518 0.137793 0.00615614 
2034  0 0.31335 0.390068 0.137793 0.137793 0.137518 0.137793 0.00615614 

Total_Biomassai20
Year B100 Babc Bofl LowCI_Biom Median_Biom Mean_Biom UpperCI_Biom Stdev_Biom 
2020 1137.9 318.727 296.11 282.589 282.589 282.589 282.589 2.84217e-013 
2021 1137.9 318.727 296.11 279.249 285.13 292.783 332.578 21.8663 
2022 1137.9 318.727 296.11 275.382 295.114 308.525 389.245 41.5438 
2023 1137.9 318.727 296.11 269.256 310.983 330.375 459.795 68.3256 
2024 1137.9 318.727 296.11 245.153 312.913 337.162 518.07 92.7586 
2025 1137.9 318.727 296.11 225.591 321.194 349.148 566.354 116.523 
2026 1137.9 318.727 296.11 212.781 329.567 363.163 618.661 138.056 
2027 1137.9 318.727 296.11 203.762 345.083 376.144 655.969 151.437 
2028 1137.9 318.727 296.11 201.214 355.645 385.934 674.815 159.47 
2029 1137.9 318.727 296.11 197.054 361.81 393.254 681.836 162.408 
2030 1137.9 318.727 296.11 192.979 367.701 396.809 695.818 162.615 
2031 1137.9 318.727 296.11 192.56 370.821 398.532 702.672 161.855 
2032 1137.9 318.727 296.11 196.011 371.9 399.457 699.503 158.906 
2033 1137.9 318.727 296.11 199.432 371.832 399.603 706.96 157.01 
2034 1137.9 318.727 296.11 199.174 375.058 400.376 692.251 154.947 
Alternative 5 Alternative  Stock: ai20
Catch ai20
Year C0 Cabc Cofl LowCI_Catch Median_Catch Mean_Catch UpperCI_Catch Stdev_Catch 
2020  0 41.2434 43.6051 3.205 3.205 3.205 3.205 4.66294e-014 
2021  0 41.2434 43.6051 1.656 1.656 1.656 1.656 1.86968e-007 
2022  0 41.2434 43.6051 2.243 2.243 2.243 2.243 2.69005e-008 
2023  0 41.2434 43.6051 0 0 0 0 0 
2024  0 41.2434 43.6051 0 0 0 0 0 
2025  0 41.2434 43.6051 0 0 0 0 0 
2026  0 41.2434 43.6051 0 0 0 0 0 
2027  0 41.2434 43.6051 0 0 0 0 0 
2028  0 41.2434 43.6051 0 0 0 0 0 
2029  0 41.2434 43.6051 0 0 0 0 0 
2030  0 41.2434 43.6051 0 0 0 0 0 
2031  0 41.2434 43.6051 0 0 0 0 0 
2032  0 41.2434 43.6051 0 0 0 0 0 
2033  0 41.2434 43.6051 0 0 0 0 0 
2034  0 41.2434 43.6051 0 0 0 0 0 

Spawning_Biomass ai20
Year SSB100 SSBabc SSBofl LowCI_SSB Median_SSB Mean_SSB UpperCI_SSB Stdev_SSB 
2020 185.475 74.1899 64.9161 90.0294 90.0294 90.0294 90.0294 1.46372e-012 
2021 185.475 74.1899 64.9161 89.8292 89.8292 89.8293 89.8298 0.000262949 
2022 185.475 74.1899 64.9161 89.5056 89.5103 89.5163 89.5475 0.0172007 
2023 185.475 74.1899 64.9161 91.1831 91.3609 91.5854 92.7506 0.645362 
2024 185.475 74.1899 64.9161 92.1893 94.9948 98.2653 115.574 9.58788 
2025 185.475 74.1899 64.9161 89.3028 99.4143 106.561 147.154 22.2505 
2026 185.475 74.1899 64.9161 86.0672 107.022 116.955 185.521 35.0729 
2027 185.475 74.1899 64.9161 83.8594 116.582 127.915 211.357 43.4148 
2028 185.475 74.1899 64.9161 82.8502 125.696 138.169 231.043 50.9852 
2029 185.475 74.1899 64.9161 82.2115 135.244 147.392 256.755 57.94 
2030 185.475 74.1899 64.9161 85.6292 142.188 155.342 266.546 62.1704 
2031 185.475 74.1899 64.9161 86.1079 149.921 161.703 275.761 64.5102 
2032 185.475 74.1899 64.9161 85.9093 154.335 166.721 283.475 65.3975 
2033 185.475 74.1899 64.9161 86.0502 159.51 170.11 290.152 66.0687 
2034 185.475 74.1899 64.9161 86.5167 161.361 172.307 296.051 66.2372 

Fishing_mortalityai20
Year F0 Fabc Fofl LowCI_F Median_F Mean_F UpperCI_F Stdev_F 
2020  0 0.31335 0.390068 0.0172015 0.0172015 0.0172015 0.0172015 1.59595e-016 
2021  0 0.31335 0.390068 0.00889418 0.00893864 0.00893152 0.00894418 2.02906e-005 
2022  0 0.31335 0.390068 0.0120749 0.0122456 0.0122187 0.0122788 7.89563e-005 
2023  0 0.31335 0.390068 0 0 0 0 0 
2024  0 0.31335 0.390068 0 0 0 0 0 
2025  0 0.31335 0.390068 0 0 0 0 0 
2026  0 0.31335 0.390068 0 0 0 0 0 
2027  0 0.31335 0.390068 0 0 0 0 0 
2028  0 0.31335 0.390068 0 0 0 0 0 
2029  0 0.31335 0.390068 0 0 0 0 0 
2030  0 0.31335 0.390068 0 0 0 0 0 
2031  0 0.31335 0.390068 0 0 0 0 0 
2032  0 0.31335 0.390068 0 0 0 0 0 
2033  0 0.31335 0.390068 0 0 0 0 0 
2034  0 0.31335 0.390068 0 0 0 0 0 

Total_Biomassai20
Year B100 Babc Bofl LowCI_Biom Median_Biom Mean_Biom UpperCI_Biom Stdev_Biom 
2020 1137.9 318.727 296.11 282.589 282.589 282.589 282.589 2.84217e-013 
2021 1137.9 318.727 296.11 279.249 285.13 292.783 332.578 21.8663 
2022 1137.9 318.727 296.11 275.382 295.114 308.525 389.245 41.5438 
2023 1137.9 318.727 296.11 269.256 310.983 330.375 459.795 68.3256 
2024 1137.9 318.727 296.11 266.675 334.66 359.187 540.767 93.3889 
2025 1137.9 318.727 296.11 263.37 360.399 389.083 609.42 118.812 
2026 1137.9 318.727 296.11 262.873 383.168 418.565 684.975 143.754 
2027 1137.9 318.727 296.11 263.178 413.777 445.887 749.275 161.935 
2028 1137.9 318.727 296.11 265.399 439.123 468.964 778.784 175.156 
2029 1137.9 318.727 296.11 266.666 455.384 488.75 811.695 183.209 
2030 1137.9 318.727 296.11 270.607 469.176 503.842 826.106 188.024 
2031 1137.9 318.727 296.11 269.134 483.721 515.732 863.936 190.859 
2032 1137.9 318.727 296.11 273.685 497.987 525.297 882.418 190.379 
2033 1137.9 318.727 296.11 286.246 504.21 532.552 887.633 189.569 
2034 1137.9 318.727 296.11 294.32 508.285 539.018 894.742 187.551 
Alternative 6 Alternative  Stock: ai20
Catch ai20
Year C0 Cabc Cofl LowCI_Catch Median_Catch Mean_Catch UpperCI_Catch Stdev_Catch 
2020  0 41.2434 43.6051 3.205 3.205 3.205 3.205 4.66294e-014 
2021  0 41.2434 43.6051 61.6992 61.7436 61.8014 62.1018 0.165057 
2022  0 41.2434 43.6051 39.4259 39.5908 39.7285 40.4525 0.407471 
2023  0 41.2434 43.6051 27.7089 28.2258 28.6379 30.8662 1.30524 
2024  0 41.2434 43.6051 22.6749 24.9737 27.1916 40.3067 6.06585 
2025  0 41.2434 43.6051 18.9531 25.4424 29.6472 52.6045 11.9986 
2026  0 41.2434 43.6051 16.3608 29.0272 34.209 68.2548 18.2388 
2027  0 41.2434 43.6051 14.3522 32.7156 38.3339 80.3223 22.0241 
2028  0 41.2434 43.6051 13.2859 35.6353 41.0335 84.1705 23.9712 
2029  0 41.2434 43.6051 14.0252 36.7527 42.3643 86.6931 24.9469 
2030  0 41.2434 43.6051 13.8151 36.9738 42.9647 87.7279 25.2569 
2031  0 41.2434 43.6051 13.3903 37.258 42.916 88.7416 25.0087 
2032  0 41.2434 43.6051 13.2799 37.8461 42.6505 87.3322 24.2729 
2033  0 41.2434 43.6051 13.6155 36.1729 42.1074 86.2736 23.9935 
2034  0 41.2434 43.6051 13.4595 35.7459 41.6144 87.7447 23.9488 

Spawning_Biomass ai20
Year SSB100 SSBabc SSBofl LowCI_SSB Median_SSB Mean_SSB UpperCI_SSB Stdev_SSB 
2020 185.475 74.1899 64.9161 90.0294 90.0294 90.0294 90.0294 1.46372e-012 
2021 185.475 74.1899 64.9161 85.0319 85.0319 85.0319 85.0319 1.81053e-007 
2022 185.475 74.1899 64.9161 63.9518 63.9555 63.9604 63.986 0.0140317 
2023 185.475 74.1899 64.9161 54.8874 55.0523 55.262 56.3473 0.60074 
2024 185.475 74.1899 64.9161 49.69 52.2726 55.2529 70.9658 8.82752 
2025 185.475 74.1899 64.9161 44.1966 52.7804 58.6182 92.9135 18.6778 
2026 185.475 74.1899 64.9161 40.2281 56.1699 63.4847 114.895 26.1537 
2027 185.475 74.1899 64.9161 37.9331 60.0881 67.573 124.644 28.9755 
2028 185.475 74.1899 64.9161 37.5255 61.5624 70.2453 129.204 31.1561 
2029 185.475 74.1899 64.9161 38.1836 63.1101 71.5728 131.751 32.6941 
2030 185.475 74.1899 64.9161 37.9342 63.7437 72.0142 133.045 32.559 
2031 185.475 74.1899 64.9161 37.6504 64.1499 71.885 130.151 31.6433 
2032 185.475 74.1899 64.9161 37.3648 63.8119 71.6093 132.061 30.5954 
2033 185.475 74.1899 64.9161 37.8528 62.829 70.8919 129.681 30.6856 
2034 185.475 74.1899 64.9161 37.4594 62.1617 70.1114 129.53 30.5076 

Fishing_mortalityai20
Year F0 Fabc Fofl LowCI_F Median_F Mean_F UpperCI_F Stdev_F 
2020  0 0.31335 0.390068 0.0172015 0.0172015 0.0172015 0.0172015 1.59595e-016 
2021  0 0.31335 0.390068 0.390068 0.390068 0.390068 0.390068 1.48127e-008 
2022  0 0.31335 0.390068 0.333405 0.333426 0.333454 0.333595 7.76801e-005 
2023  0 0.31335 0.390068 0.28324 0.284153 0.285313 0.29132 0.00332475 
2024  0 0.31335 0.390068 0.254475 0.268768 0.282252 0.372224 0.0339803 
2025  0 0.31335 0.390068 0.224072 0.271579 0.288057 0.390068 0.0549279 
2026  0 0.31335 0.390068 0.202109 0.290338 0.298267 0.390068 0.0670903 
2027  0 0.31335 0.390068 0.189408 0.312023 0.30871 0.390068 0.0712481 
2028  0 0.31335 0.390068 0.187152 0.320182 0.313785 0.390068 0.0720259 
2029  0 0.31335 0.390068 0.190794 0.328748 0.315828 0.390068 0.0720532 
2030  0 0.31335 0.390068 0.189414 0.332254 0.317908 0.390068 0.0717534 
2031  0 0.31335 0.390068 0.187843 0.334503 0.317985 0.390068 0.0720348 
2032  0 0.31335 0.390068 0.186262 0.332632 0.317846 0.390068 0.0724356 
2033  0 0.31335 0.390068 0.188963 0.327192 0.315911 0.390068 0.0721352 
2034  0 0.31335 0.390068 0.186786 0.323499 0.314979 0.390068 0.0715223 

Total_Biomassai20
Year B100 Babc Bofl LowCI_Biom Median_Biom Mean_Biom UpperCI_Biom Stdev_Biom 
2020 1137.9 318.727 296.11 282.589 282.589 282.589 282.589 2.84217e-013 
2021 1137.9 318.727 296.11 279.249 285.13 292.783 332.578 21.8663 
2022 1137.9 318.727 296.11 221.439 241.096 254.47 334.969 41.3855 
2023 1137.9 318.727 296.11 188.86 230.367 249.418 377.182 67.5641 
2024 1137.9 318.727 296.11 171.796 238.698 262.498 438.876 91.022 
2025 1137.9 318.727 296.11 161.261 253.206 279.942 485.696 111.036 
2026 1137.9 318.727 296.11 155.286 266.986 295.884 531.682 126.283 
2027 1137.9 318.727 296.11 157.655 274.935 306.876 551.57 132.891 
2028 1137.9 318.727 296.11 153.944 284.354 312.32 552.936 135.346 
2029 1137.9 318.727 296.11 155.838 284.126 314.569 559.753 134.16 
2030 1137.9 318.727 296.11 153.887 285.705 313.427 567.208 131.545 
2031 1137.9 318.727 296.11 155.417 282.698 311.282 563.219 129.847 
2032 1137.9 318.727 296.11 156.333 280.548 309.441 557.461 127.304 
2033 1137.9 318.727 296.11 157.381 281.327 307.817 552.062 126.376 
2034 1137.9 318.727 296.11 158.986 282.367 307.847 533.392 125.676 
Alternative 7 Alternative  Stock: ai20
Catch ai20
Year C0 Cabc Cofl LowCI_Catch Median_Catch Mean_Catch UpperCI_Catch Stdev_Catch 
2020  0 41.2434 43.6051 3.205 3.205 3.205 3.205 4.66294e-014 
2021  0 41.2434 43.6051 51.1143 51.1499 51.1964 51.4378 0.132658 
2022  0 41.2434 43.6051 36.6442 36.7861 36.9047 37.5285 0.350956 
2023  0 41.2434 43.6051 32.2889 32.8473 33.2907 35.6918 1.4034 
2024  0 41.2434 43.6051 24.7592 27.1489 29.3778 42.97 6.05545 
2025  0 41.2434 43.6051 19.9051 26.5043 30.6648 53.3205 11.9665 
2026  0 41.2434 43.6051 16.788 29.4744 34.6493 68.6232 18.2254 
2027  0 41.2434 43.6051 14.5311 32.9134 38.4965 80.6445 22.0206 
2028  0 41.2434 43.6051 13.3553 35.6345 41.0763 84.196 23.9673 
2029  0 41.2434 43.6051 14.0323 36.7171 42.3628 86.6553 24.9411 
2030  0 41.2434 43.6051 13.8186 36.9798 42.9522 87.7212 25.2525 
2031  0 41.2434 43.6051 13.3824 37.237 42.9052 88.7344 25.0064 
2032  0 41.2434 43.6051 13.2746 37.8454 42.6436 87.3276 24.2717 
2033  0 41.2434 43.6051 13.6126 36.1705 42.1036 86.2668 23.9929 
2034  0 41.2434 43.6051 13.4608 35.745 41.6126 87.7444 23.9485 

Spawning_Biomass ai20
Year SSB100 SSBabc SSBofl LowCI_SSB Median_SSB Mean_SSB UpperCI_SSB Stdev_SSB 
2020 185.475 74.1899 64.9161 90.0294 90.0294 90.0294 90.0294 1.46372e-012 
2021 185.475 74.1899 64.9161 85.9751 85.9751 85.9751 85.9751 9.59071e-008 
2022 185.475 74.1899 64.9161 68.1626 68.1664 68.1713 68.1971 0.0141404 
2023 185.475 74.1899 64.9161 59.0752 59.2399 59.4494 60.5338 0.600215 
2024 185.475 74.1899 64.9161 51.8179 54.3946 57.3732 73.0472 8.82821 
2025 185.475 74.1899 64.9161 45.2682 53.8045 59.6513 93.8248 18.6901 
2026 185.475 74.1899 64.9161 40.7571 56.6248 63.9513 115.651 26.1665 
2027 185.475 74.1899 64.9161 38.1741 60.2096 67.7554 124.85 28.9756 
2028 185.475 74.1899 64.9161 37.6113 61.6087 70.298 129.372 31.1494 
2029 185.475 74.1899 64.9161 38.2428 63.0847 71.5761 131.788 32.6879 
2030 185.475 74.1899 64.9161 37.928 63.732 72.0037 133.025 32.5547 
2031 185.475 74.1899 64.9161 37.6417 64.1326 71.8744 130.116 31.6405 
2032 185.475 74.1899 64.9161 37.3569 63.8046 71.6022 132.048 30.5937 
2033 185.475 74.1899 64.9161 37.848 62.8221 70.8879 129.676 30.6848 
2034 185.475 74.1899 64.9161 37.4615 62.1607 70.1094 129.529 30.5072 

Fishing_mortalityai20
Year F0 Fabc Fofl LowCI_F Median_F Mean_F UpperCI_F Stdev_F 
2020  0 0.31335 0.390068 0.0172015 0.0172015 0.0172015 0.0172015 1.59595e-016 
2021  0 0.31335 0.390068 0.313349 0.313349 0.313349 0.31335 7.75478e-009 
2022  0 0.31335 0.390068 0.286553 0.28657 0.286592 0.286706 6.28424e-005 
2023  0 0.31335 0.390068 0.306417 0.307329 0.308488 0.31449 0.00332184 
2024  0 0.31335 0.390068 0.266252 0.280513 0.29349 0.383744 0.0324385 
2025  0 0.31335 0.390068 0.230003 0.277247 0.293017 0.390068 0.0534414 
2026  0 0.31335 0.390068 0.205037 0.292856 0.300281 0.390068 0.0661839 
2027  0 0.31335 0.390068 0.190741 0.312695 0.309429 0.390068 0.0708024 
2028  0 0.31335 0.390068 0.187627 0.320439 0.31399 0.390068 0.0718543 
2029  0 0.31335 0.390068 0.191122 0.328607 0.315852 0.390068 0.0720114 
2030  0 0.31335 0.390068 0.18938 0.33219 0.317881 0.390068 0.0717552 
2031  0 0.31335 0.390068 0.187795 0.334406 0.317954 0.390068 0.072047 
2032  0 0.31335 0.390068 0.186219 0.332592 0.317825 0.390068 0.0724452 
2033  0 0.31335 0.390068 0.188937 0.327154 0.315898 0.390068 0.0721407 
2034  0 0.31335 0.390068 0.186798 0.323494 0.314973 0.390068 0.0715252 

Total_Biomassai20
Year B100 Babc Bofl LowCI_Biom Median_Biom Mean_Biom UpperCI_Biom Stdev_Biom 
2020 1137.9 318.727 296.11 282.589 282.589 282.589 282.589 2.84217e-013 
2021 1137.9 318.727 296.11 279.249 285.13 292.783 332.578 21.8663 
2022 1137.9 318.727 296.11 230.933 250.605 263.987 344.529 41.4167 
2023 1137.9 318.727 296.11 199.679 241.244 260.326 388.105 67.6845 
2024 1137.9 318.727 296.11 176.989 243.897 267.695 444.163 91.0367 
2025 1137.9 318.727 296.11 163.691 255.485 282.292 487.771 111.028 
2026 1137.9 318.727 296.11 156.412 267.922 296.842 533.48 126.272 
2027 1137.9 318.727 296.11 158.116 275.219 307.197 552.599 132.87 
2028 1137.9 318.727 296.11 154.191 284.243 312.38 553.042 135.323 
2029 1137.9 318.727 296.11 155.772 284.093 314.543 559.64 134.141 
2030 1137.9 318.727 296.11 153.848 285.662 313.388 567.096 131.533 
2031 1137.9 318.727 296.11 155.397 282.667 311.252 563.148 129.841 
2032 1137.9 318.727 296.11 156.311 280.516 309.423 557.415 127.301 
2033 1137.9 318.727 296.11 157.373 281.292 307.807 552.055 126.375 
2034 1137.9 318.727 296.11 158.982 282.366 307.843 533.387 125.676 
