Alternative 1 Catch
     projection_data.dat 
Equil_Fabc 16811.6 
Year 
2022 564 
2023 470 
2024 785.999 
2025 1108 
2026 1108 
2027 41925.5 
2028 33356.6 
2029 27366 
2030 23343.1 
2031 20613 
2032 18589.1 
2033 17270.2 
2034 16470.3 
2035 15996.9 
2036 15690.4 

Alternative 1 ABCs
     projection_data.dat 

Year 
2022 38637.7 
2023 39504.2 
2024 40526.6 
2025 41438.7 
2026 41936.7 
2027 41925.5 
2028 33356.6 
2029 27366 
2030 23343.1 
2031 20613 
2032 18589.1 
2033 17270.2 
2034 16470.3 
2035 15996.9 
2036 15690.4 

Alternative 1 TACs
     projection_data.dat 

Year 
2022  NA 
2023  NA 
2024  NA 
2025  NA 
2026  NA 
2027 41925.5 
2028 33356.6 
2029 27366 
2030 23343.1 
2031 20613 
2032 18589.1 
2033 17270.2 
2034 16470.3 
2035 15996.9 
2036 15690.4 

Alternative 1 Sp_Biomass
     projection_data.dat 
Equil_Fabc 37032.9 
Year 
2022 91834.4 
2023 94116.1 
2024 96660.8 
2025 98899.3 
2026 100175 
2027 100427 
2028 80349.9 
2029 66055.7 
2030 56217.5 
2031 49590.4 
2032 45258.7 
2033 42597.1 
2034 40997.4 
2035 40022.1 
2036 39401.6 

Alternative 1 Fishing Mortality
     projection_data.dat 
Equil_Fabc 0.288462 
Year 
2022 0.00375902 
2023 0.00306599 
2024 0.00500448 
2025 0.00689801 
2026 0.00680371 
2027 0.288462 
2028 0.288462 
2029 0.288462 
2030 0.288462 
2031 0.287003 
2032 0.279343 
2033 0.271816 
2034 0.266771 
2035 0.263998 
2036 0.262195 

Alternative 1 Biomass
     projection_data.dat 

Year 
2022 292385 
2023 294095 
2024 294329 
2025 293152 
2026 290987 
2027 288680 
2028 247836 
2029 220449 
2030 202107 
2031 190109 
2032 182076 
2033 177026 
2034 174135 
2035 172473 
2036 171803 

Alternative 1 Implied SPR rate 
     projection_data.dat 
Equil_Fabc 0.4 
Year 
2022 0.980165 
2023 0.983763 
2024 0.973766 
2025 0.964195 
2026 0.964667 
2027 0.4 
2028 0.4 
2029 0.4 
2030 0.4 
2031 0.401227 
2032 0.408101 
2033 0.415275 
2034 0.420238 
2035 0.423018 
2036 0.42475 

  projection_data.dat 
EquilAvgAgeF0  5.49174 
EquilAvgAgeFabc  3.86824 
AvgAgeYr2036 76.7489 
Alternative 2 Catch
     projection_data.dat 
Equil_Fabc 16811.6 
Year 
2022 564 
2023 470 
2024 785.999 
2025 1108 
2026 1108 
2027 41925.5 
2028 33356.6 
2029 27366 
2030 23343.1 
2031 20613 
2032 18589.1 
2033 17270.2 
2034 16470.3 
2035 15996.9 
2036 15690.4 

Alternative 2 ABCs
     projection_data.dat 

Year 
2022 38637.7 
2023 39504.2 
2024 40526.6 
2025 41438.7 
2026 41936.7 
2027 41925.5 
2028 33356.6 
2029 27366 
2030 23343.1 
2031 20613 
2032 18589.1 
2033 17270.2 
2034 16470.3 
2035 15996.9 
2036 15690.4 

Alternative 2 TACs
     projection_data.dat 

Year 
2022  NA 
2023  NA 
2024  NA 
2025  NA 
2026  NA 
2027 41925.5 
2028 33356.6 
2029 27366 
2030 23343.1 
2031 20613 
2032 18589.1 
2033 17270.2 
2034 16470.3 
2035 15996.9 
2036 15690.4 

Alternative 2 Sp_Biomass
     projection_data.dat 
Equil_Fabc 37032.9 
Year 
2022 91834.4 
2023 94116.1 
2024 96660.8 
2025 98899.3 
2026 100175 
2027 100427 
2028 80349.9 
2029 66055.7 
2030 56217.5 
2031 49590.4 
2032 45258.7 
2033 42597.1 
2034 40997.4 
2035 40022.1 
2036 39401.6 

Alternative 2 Fishing Mortality
     projection_data.dat 
Equil_Fabc 0.288462 
Year 
2022 0.00375902 
2023 0.00306599 
2024 0.00500448 
2025 0.00689801 
2026 0.00680371 
2027 0.288462 
2028 0.288462 
2029 0.288462 
2030 0.288462 
2031 0.287003 
2032 0.279343 
2033 0.271816 
2034 0.266771 
2035 0.263998 
2036 0.262195 

Alternative 2 Biomass
     projection_data.dat 

Year 
2022 292385 
2023 294095 
2024 294329 
2025 293152 
2026 290987 
2027 288680 
2028 247836 
2029 220449 
2030 202107 
2031 190109 
2032 182076 
2033 177026 
2034 174135 
2035 172473 
2036 171803 

Alternative 2 Implied SPR rate 
     projection_data.dat 
Equil_Fabc 0.4 
Year 
2022 0.980165 
2023 0.983763 
2024 0.973766 
2025 0.964195 
2026 0.964667 
2027 0.4 
2028 0.4 
2029 0.4 
2030 0.4 
2031 0.401227 
2032 0.408101 
2033 0.415275 
2034 0.420238 
2035 0.423018 
2036 0.42475 

  projection_data.dat 
EquilAvgAgeF0  5.49174 
EquilAvgAgeFabc  3.86824 
AvgAgeYr2036 76.7489 
Alternative 3 Catch
     projection_data.dat 
Equil_Fabc 16811.6 
Year 
2022 564 
2023 470 
2024 785.999 
2025 1108 
2026 1108 
2027 1917.84 
2028 1892.17 
2029 1861.51 
2030 1834.42 
2031 1809.35 
2032 1786.42 
2033 1767.31 
2034 1750.76 
2035 1735.75 
2036 1721.79 

Alternative 3 ABCs
     projection_data.dat 

Year 
2022 38637.7 
2023 39504.2 
2024 40526.6 
2025 41438.7 
2026 41936.7 
2027 41925.5 
2028 41356.6 
2029 40697.2 
2030 40108.7 
2031 39566.9 
2032 39076.1 
2033 38664.8 
2034 38306.1 
2035 37979.1 
2036 37675.1 

Alternative 3 TACs
     projection_data.dat 

Year 
2022  NA 
2023  NA 
2024  NA 
2025  NA 
2026  NA 
2027 1917.84 
2028 1892.17 
2029 1861.51 
2030 1834.42 
2031 1809.35 
2032 1786.42 
2033 1767.31 
2034 1750.76 
2035 1735.75 
2036 1721.79 

Alternative 3 Sp_Biomass
     projection_data.dat 
Equil_Fabc 37032.9 
Year 
2022 91834.4 
2023 94116.1 
2024 96660.8 
2025 98899.3 
2026 100175 
2027 100427 
2028 99565.6 
2029 98378 
2030 97073.6 
2031 95790.5 
2032 94617.6 
2033 93578 
2034 92656.7 
2035 91822.9 
2036 91055.8 

Alternative 3 Fishing Mortality
     projection_data.dat 
Equil_Fabc 0.288462 
Year 
2022 0.00375902 
2023 0.00306599 
2024 0.00500448 
2025 0.00689801 
2026 0.00680371 
2027 0.0117853 
2028 0.0117853 
2029 0.0117853 
2030 0.0117853 
2031 0.0117853 
2032 0.0117853 
2033 0.0117853 
2034 0.0117853 
2035 0.0117853 
2036 0.0117853 

Alternative 3 Biomass
     projection_data.dat 

Year 
2022 292385 
2023 294095 
2024 294329 
2025 293152 
2026 290987 
2027 288680 
2028 285403 
2029 282510 
2030 279612 
2031 277036 
2032 274453 
2033 272117 
2034 270263 
2035 268704 
2036 267655 

Alternative 3 Implied SPR rate 
     projection_data.dat 
Equil_Fabc 0.4 
Year 
2022 0.980165 
2023 0.983763 
2024 0.973766 
2025 0.964195 
2026 0.964667 
2027 0.94034 
2028 0.94034 
2029 0.94034 
2030 0.94034 
2031 0.94034 
2032 0.94034 
2033 0.94034 
2034 0.94034 
2035 0.94034 
2036 0.94034 

  projection_data.dat 
EquilAvgAgeF0  5.49174 
EquilAvgAgeFabc  3.86824 
AvgAgeYr2036 90.7851 
Alternative 4 Catch
     projection_data.dat 
Equil_Fabc 16811.6 
Year 
2022 564 
2023 470 
2024 785.999 
2025 1108 
2026 1108 
2027 9887.48 
2028 9372.6 
2029 8899.88 
2030 8507.27 
2031 8179.63 
2032 7909.98 
2033 7696.78 
2034 7525.48 
2035 7384.42 
2036 7266.19 

Alternative 4 ABCs
     projection_data.dat 

Year 
2022 38637.7 
2023 39504.2 
2024 40526.6 
2025 41438.7 
2026 41936.7 
2027 41925.5 
2028 39751.3 
2029 37770 
2030 36121.4 
2031 34748.5 
2032 33622.3 
2033 32730.1 
2034 32011.3 
2035 31418.1 
2036 30919.9 

Alternative 4 TACs
     projection_data.dat 

Year 
2022  NA 
2023  NA 
2024  NA 
2025  NA 
2026  NA 
2027 9887.48 
2028 9372.6 
2029 8899.88 
2030 8507.27 
2031 8179.63 
2032 7909.98 
2033 7696.78 
2034 7525.48 
2035 7384.42 
2036 7266.19 

Alternative 4 Sp_Biomass
     projection_data.dat 
Equil_Fabc 37032.9 
Year 
2022 91834.4 
2023 94116.1 
2024 96660.8 
2025 98899.3 
2026 100175 
2027 100427 
2028 95709.5 
2029 91273.9 
2030 87335.3 
2031 83964.9 
2032 81170.1 
2033 78896 
2034 77046.1 
2035 75522.2 
2036 74250.4 

Alternative 4 Fishing Mortality
     projection_data.dat 
Equil_Fabc 0.288462 
Year 
2022 0.00375902 
2023 0.00306599 
2024 0.00500448 
2025 0.00689801 
2026 0.00680371 
2027 0.0620477 
2028 0.0620477 
2029 0.0620477 
2030 0.0620477 
2031 0.0620477 
2032 0.0620477 
2033 0.0620477 
2034 0.0620477 
2035 0.0620477 
2036 0.0620477 

Alternative 4 Biomass
     projection_data.dat 

Year 
2022 292385 
2023 294095 
2024 294329 
2025 293152 
2026 290987 
2027 288680 
2028 277902 
2029 269002 
2030 261389 
2031 255164 
2032 249794 
2033 245356 
2034 241934 
2035 239218 
2036 237331 

Alternative 4 Implied SPR rate 
     projection_data.dat 
Equil_Fabc 0.4 
Year 
2022 0.980165 
2023 0.983763 
2024 0.973766 
2025 0.964195 
2026 0.964667 
2027 0.75 
2028 0.75 
2029 0.75 
2030 0.75 
2031 0.75 
2032 0.75 
2033 0.75 
2034 0.75 
2035 0.75 
2036 0.75 

  projection_data.dat 
EquilAvgAgeF0  5.49174 
EquilAvgAgeFabc  3.86824 
AvgAgeYr2036 87.0063 
Alternative 5 Catch
     projection_data.dat 
Equil_Fabc 16811.6 
Year 
2022 564 
2023 470 
2024 785.999 
2025 1108 
2026 1108 
2027  NA 
2028  NA 
2029  NA 
2030  NA 
2031  NA 
2032  NA 
2033  NA 
2034  NA 
2035  NA 
2036  NA 

Alternative 5 ABCs
     projection_data.dat 

Year 
2022 38637.7 
2023 39504.2 
2024 40526.6 
2025 41438.7 
2026 41936.7 
2027 41925.5 
2028 41743.7 
2029 41422.2 
2030 41121.5 
2031 40820.1 
2032 40526.1 
2033 40274.7 
2034 40045.1 
2035 39821.7 
2036 39600.1 

Alternative 5 TACs
     projection_data.dat 

Year 
2022  NA 
2023  NA 
2024  NA 
2025  NA 
2026  NA 
2027  NA 
2028  NA 
2029  NA 
2030  NA 
2031  NA 
2032  NA 
2033  NA 
2034  NA 
2035  NA 
2036  NA 

Alternative 5 Sp_Biomass
     projection_data.dat 
Equil_Fabc 37032.9 
Year 
2022 91834.4 
2023 94116.1 
2024 96660.8 
2025 98899.3 
2026 100175 
2027 100427 
2028 100495 
2029 100138 
2030 99548.8 
2031 98869.5 
2032 98198.4 
2033 97569.3 
2034 96981.1 
2035 96415.8 
2036 95863.5 

Alternative 5 Fishing Mortality
     projection_data.dat 
Equil_Fabc 0.288462 
Year 
2022 0.00375902 
2023 0.00306599 
2024 0.00500448 
2025 0.00689801 
2026 0.00680371 
2027  NA 
2028  NA 
2029  NA 
2030  NA 
2031  NA 
2032  NA 
2033  NA 
2034  NA 
2035  NA 
2036  NA 

Alternative 5 Biomass
     projection_data.dat 

Year 
2022 292385 
2023 294095 
2024 294329 
2025 293152 
2026 290987 
2027 288680 
2028 287209 
2029 285848 
2030 284226 
2031 282705 
2032 280984 
2033 279345 
2034 278055 
2035 276946 
2036 276256 

Alternative 5 Implied SPR rate 
     projection_data.dat 
Equil_Fabc 0.4 
Year 
2022 0.980165 
2023 0.983763 
2024 0.973766 
2025 0.964195 
2026 0.964667 
2027 1 
2028 1 
2029 1 
2030 1 
2031 1 
2032 1 
2033 1 
2034 1 
2035 1 
2036 1 

  projection_data.dat 
EquilAvgAgeF0  5.49174 
EquilAvgAgeFabc  3.86824 
AvgAgeYr2036 91.7823 
Alternative 6 Catch
     projection_data.dat 
Equil_Fabc 16811.6 
Year 
2022 564 
2023 48190.1 
2024 38129.5 
2025 31574.5 
2026 26934.6 
2027 23496 
2028 21034 
2029 18734.2 
2030 17406.4 
2031 16813.4 
2032 16575.3 
2033 16512.2 
2034 16477 
2035 16430.3 
2036 16369.8 

Alternative 6 ABCs
     projection_data.dat 

Year 
2022 38637.7 
2023 39504.2 
2024 31220.8 
2025 25835.6 
2026 22031.7 
2027 19208.8 
2028 17180.9 
2029 15276 
2030 14178.9 
2031 13689.9 
2032 13493.5 
2033 13441.7 
2034 13413.4 
2035 13375.6 
2036 13326.3 

Alternative 6 TACs
     projection_data.dat 

Year 
2022  NA 
2023 48190.1 
2024 38129.6 
2025 31574.5 
2026 26934.7 
2027 23496 
2028 21034 
2029 18734.2 
2030 17406.4 
2031 16813.4 
2032 16575.3 
2033 16512.2 
2034 16477 
2035 16430.3 
2036 16369.8 

Alternative 6 Sp_Biomass
     projection_data.dat 
Equil_Fabc 37032.9 
Year 
2022 91834.4 
2023 94116.1 
2024 74431.5 
2025 61649.8 
2026 52648.2 
2027 45934 
2028 41169.9 
2029 38064.2 
2030 36427.3 
2031 35648.4 
2032 35313.1 
2033 35195 
2034 35136.2 
2035 35067.8 
2036 34973.9 

Alternative 6 Fishing Mortality
     projection_data.dat 
Equil_Fabc 0.288462 
Year 
2022 0.00375902 
2023 0.361864 
2024 0.361864 
2025 0.361864 
2026 0.361864 
2027 0.361865 
2028 0.360657 
2029 0.340873 
2030 0.324262 
2031 0.31582 
2032 0.31197 
2033 0.310659 
2034 0.310027 
2035 0.309699 
2036 0.30939 

Alternative 6 Biomass
     projection_data.dat 

Year 
2022 292385 
2023 294095 
2024 249355 
2025 218786 
2026 197730 
2027 183652 
2028 174425 
2029 168879 
2030 165976 
2031 164740 
2032 163926 
2033 163362 
2034 163093 
2035 162916 
2036 163080 

Alternative 6 Implied SPR rate 
     projection_data.dat 
Equil_Fabc 0.4 
Year 
2022 0.980165 
2023 0.35 
2024 0.35 
2025 0.35 
2026 0.35 
2027 0.35 
2028 0.350727 
2029 0.363697 
2030 0.375957 
2031 0.38293 
2032 0.386343 
2033 0.387629 
2034 0.388201 
2035 0.388415 
2036 0.388592 

  projection_data.dat 
EquilAvgAgeF0  5.49174 
EquilAvgAgeFabc  3.86824 
AvgAgeYr2036 68.1763 
Alternative 7 Catch
     projection_data.dat 
Equil_Fabc 16811.6 
Year 
2022 564 
2023 39504.2 
2024 32893.8 
2025 34598.9 
2026 28931.6 
2027 24773 
2028 21874.3 
2029 19393.2 
2030 17741.2 
2031 16968.8 
2032 16642.1 
2033 16538.4 
2034 16485.1 
2035 16431.4 
2036 16368.8 

Alternative 7 ABCs
     projection_data.dat 

Year 
2022 38637.7 
2023 39504.2 
2024 32893.8 
2025 28322.7 
2026 23675.1 
2027 20260.3 
2028 17874 
2029 15821 
2030 14455.4 
2031 13818.2 
2032 13548.7 
2033 13463.4 
2034 13420.1 
2035 13376.5 
2036 13325.5 

Alternative 7 TACs
     projection_data.dat 

Year 
2022  NA 
2023 48190.1 
2024 40163.7 
2025 34598.9 
2026 28931.6 
2027 24773 
2028 21874.3 
2029 19393.2 
2030 17741.2 
2031 16968.8 
2032 16642.1 
2033 16538.4 
2034 16485.1 
2035 16431.4 
2036 16368.8 

Alternative 7 Sp_Biomass
     projection_data.dat 
Equil_Fabc 37032.9 
Year 
2022 91834.4 
2023 94116.1 
2024 78423.4 
2025 67568.9 
2026 56582.7 
2027 48480.8 
2028 42773 
2029 39026.9 
2030 36923.8 
2031 35892.4 
2032 35426.5 
2033 35243.6 
2034 35154.3 
2035 35072.8 
2036 34974.1 

Alternative 7 Fishing Mortality
     projection_data.dat 
Equil_Fabc 0.288462 
Year 
2022 0.00375902 
2023 0.288462 
2024 0.288462 
2025 0.361864 
2026 0.361864 
2027 0.361865 
2028 0.361805 
2029 0.345864 
2030 0.327098 
2031 0.31713 
2032 0.312509 
2033 0.310864 
2034 0.310086 
2035 0.309701 
2036 0.309378 

Alternative 7 Biomass
     projection_data.dat 

Year 
2022 292385 
2023 294095 
2024 257518 
2025 230852 
2026 205402 
2027 188416 
2028 177323 
2029 170568 
2030 166789 
2031 165102 
2032 164074 
2033 163414 
2034 163106 
2035 162915 
2036 163076 

Alternative 7 Implied SPR rate 
     projection_data.dat 
Equil_Fabc 0.4 
Year 
2022 0.980165 
2023 0.4 
2024 0.4 
2025 0.35 
2026 0.35 
2027 0.35 
2028 0.350035 
2029 0.360334 
2030 0.373873 
2031 0.381918 
2032 0.385914 
2033 0.387466 
2034 0.388156 
2035 0.388415 
2036 0.388604 

  projection_data.dat 
EquilAvgAgeF0  5.49174 
EquilAvgAgeFabc  3.86824 
AvgAgeYr2036 68.7461 
