projection_data.dat 1 2022 Cabc 16811.6
projection_data.dat 1 2022 Cofl 18279
projection_data.dat 1 2022 CLCI 564
projection_data.dat 1 2022 CUCI 564
projection_data.dat 1 2022 CMedian 564
projection_data.dat 1 2022 CMean 564
projection_data.dat 1 2022 CStdn 2.38742e-12
projection_data.dat 1 2023 Cabc 16811.6
projection_data.dat 1 2023 Cofl 18279
projection_data.dat 1 2023 CLCI 470
projection_data.dat 1 2023 CUCI 470
projection_data.dat 1 2023 CMedian 470
projection_data.dat 1 2023 CMean 470
projection_data.dat 1 2023 CStdn 1.28381e-07
projection_data.dat 1 2024 Cabc 16811.6
projection_data.dat 1 2024 Cofl 18279
projection_data.dat 1 2024 CLCI 785.999
projection_data.dat 1 2024 CUCI 785.999
projection_data.dat 1 2024 CMedian 785.999
projection_data.dat 1 2024 CMean 785.999
projection_data.dat 1 2024 CStdn 1.78485e-06
projection_data.dat 1 2025 Cabc 16811.6
projection_data.dat 1 2025 Cofl 18279
projection_data.dat 1 2025 CLCI 1108
projection_data.dat 1 2025 CUCI 1108
projection_data.dat 1 2025 CMedian 1108
projection_data.dat 1 2025 CMean 1108
projection_data.dat 1 2025 CStdn 2.99066e-05
projection_data.dat 1 2026 Cabc 16811.6
projection_data.dat 1 2026 Cofl 18279
projection_data.dat 1 2026 CLCI 1108
projection_data.dat 1 2026 CUCI 1108
projection_data.dat 1 2026 CMedian 1108
projection_data.dat 1 2026 CMean 1108
projection_data.dat 1 2026 CStdn 6.53086e-05
projection_data.dat 1 2027 Cabc 16811.6
projection_data.dat 1 2027 Cofl 18279
projection_data.dat 1 2027 CLCI 40506.7
projection_data.dat 1 2027 CUCI 44569.2
projection_data.dat 1 2027 CMedian 41498.6
projection_data.dat 1 2027 CMean 41925.5
projection_data.dat 1 2027 CStdn 1436.01
projection_data.dat 1 2028 Cabc 16811.6
projection_data.dat 1 2028 Cofl 18279
projection_data.dat 1 2028 CLCI 30733.5
projection_data.dat 1 2028 CUCI 38010.9
projection_data.dat 1 2028 CMedian 32698.9
projection_data.dat 1 2028 CMean 33356.6
projection_data.dat 1 2028 CStdn 2488.92
projection_data.dat 1 2029 Cabc 16811.6
projection_data.dat 1 2029 Cofl 18279
projection_data.dat 1 2029 CLCI 23319.4
projection_data.dat 1 2029 CUCI 34186.6
projection_data.dat 1 2029 CMedian 26540.4
projection_data.dat 1 2029 CMean 27366
projection_data.dat 1 2029 CStdn 3582.06
projection_data.dat 1 2030 Cabc 16811.6
projection_data.dat 1 2030 Cofl 18279
projection_data.dat 1 2030 CLCI 17980
projection_data.dat 1 2030 CUCI 31402.7
projection_data.dat 1 2030 CMedian 22399.4
projection_data.dat 1 2030 CMean 23343.1
projection_data.dat 1 2030 CStdn 4437.14
projection_data.dat 1 2031 Cabc 16811.6
projection_data.dat 1 2031 Cofl 18279
projection_data.dat 1 2031 CLCI 13809.4
projection_data.dat 1 2031 CUCI 29399.8
projection_data.dat 1 2031 CMedian 19828.4
projection_data.dat 1 2031 CMean 20613
projection_data.dat 1 2031 CStdn 5069.45
projection_data.dat 1 2032 Cabc 16811.6
projection_data.dat 1 2032 Cofl 18279
projection_data.dat 1 2032 CLCI 10151.9
projection_data.dat 1 2032 CUCI 27837.6
projection_data.dat 1 2032 CMedian 18050.3
projection_data.dat 1 2032 CMean 18589.1
projection_data.dat 1 2032 CStdn 5741.93
projection_data.dat 1 2033 Cabc 16811.6
projection_data.dat 1 2033 Cofl 18279
projection_data.dat 1 2033 CLCI 8413.65
projection_data.dat 1 2033 CUCI 27320.7
projection_data.dat 1 2033 CMedian 17019.3
projection_data.dat 1 2033 CMean 17270.2
projection_data.dat 1 2033 CStdn 6103.1
projection_data.dat 1 2034 Cabc 16811.6
projection_data.dat 1 2034 Cofl 18279
projection_data.dat 1 2034 CLCI 7378.75
projection_data.dat 1 2034 CUCI 27333.2
projection_data.dat 1 2034 CMedian 16243.9
projection_data.dat 1 2034 CMean 16470.3
projection_data.dat 1 2034 CStdn 6181.44
projection_data.dat 1 2035 Cabc 16811.6
projection_data.dat 1 2035 Cofl 18279
projection_data.dat 1 2035 CLCI 7097.87
projection_data.dat 1 2035 CUCI 27131.9
projection_data.dat 1 2035 CMedian 15741.9
projection_data.dat 1 2035 CMean 15996.9
projection_data.dat 1 2035 CStdn 6116.23
projection_data.dat 1 2036 Cabc 16811.6
projection_data.dat 1 2036 Cofl 18279
projection_data.dat 1 2036 CLCI 7286.97
projection_data.dat 1 2036 CUCI 26965.6
projection_data.dat 1 2036 CMedian 15237.6
projection_data.dat 1 2036 CMean 15690.4
projection_data.dat 1 2036 CStdn 6058.54
projection_data.dat 1 2022 SSBF100 92582.3
projection_data.dat 1 2022 SSBFabc 37032.9
projection_data.dat 1 2022 SSBFofl 32403.8
projection_data.dat 1 2022 SSBLCI 91834.4
projection_data.dat 1 2022 SSBUCI 91834.4
projection_data.dat 1 2022 SSBMedian 91834.4
projection_data.dat 1 2022 SSBMean 91834.4
projection_data.dat 1 2023 SSBF100 92582.3
projection_data.dat 1 2023 SSBFabc 37032.9
projection_data.dat 1 2023 SSBFofl 32403.8
projection_data.dat 1 2023 SSBLCI 94085.4
projection_data.dat 1 2023 SSBUCI 94189.7
projection_data.dat 1 2023 SSBMedian 94102.8
projection_data.dat 1 2023 SSBMean 94116.1
projection_data.dat 1 2024 SSBF100 92582.3
projection_data.dat 1 2024 SSBFabc 37032.9
projection_data.dat 1 2024 SSBFofl 32403.8
projection_data.dat 1 2024 SSBLCI 96518.3
projection_data.dat 1 2024 SSBUCI 96972
projection_data.dat 1 2024 SSBMedian 96608.6
projection_data.dat 1 2024 SSBMean 96660.8
projection_data.dat 1 2025 SSBF100 92582.3
projection_data.dat 1 2025 SSBFabc 37032.9
projection_data.dat 1 2025 SSBFofl 32403.8
projection_data.dat 1 2025 SSBLCI 98436.8
projection_data.dat 1 2025 SSBUCI 99819.5
projection_data.dat 1 2025 SSBMedian 98747.2
projection_data.dat 1 2025 SSBMean 98899.3
projection_data.dat 1 2026 SSBF100 92582.3
projection_data.dat 1 2026 SSBFabc 37032.9
projection_data.dat 1 2026 SSBFofl 32403.8
projection_data.dat 1 2026 SSBLCI 98939
projection_data.dat 1 2026 SSBUCI 102507
projection_data.dat 1 2026 SSBMedian 99794
projection_data.dat 1 2026 SSBMean 100175
projection_data.dat 1 2027 SSBF100 92582.3
projection_data.dat 1 2027 SSBFabc 37032.9
projection_data.dat 1 2027 SSBFofl 32403.8
projection_data.dat 1 2027 SSBLCI 97608.6
projection_data.dat 1 2027 SSBUCI 105609
projection_data.dat 1 2027 SSBMedian 99572.6
projection_data.dat 1 2027 SSBMean 100427
projection_data.dat 1 2028 SSBF100 92582.3
projection_data.dat 1 2028 SSBFabc 37032.9
projection_data.dat 1 2028 SSBFofl 32403.8
projection_data.dat 1 2028 SSBLCI 75003.3
projection_data.dat 1 2028 SSBUCI 89524
projection_data.dat 1 2028 SSBMedian 79004.4
projection_data.dat 1 2028 SSBMean 80349.9
projection_data.dat 1 2029 SSBF100 92582.3
projection_data.dat 1 2029 SSBFabc 37032.9
projection_data.dat 1 2029 SSBFofl 32403.8
projection_data.dat 1 2029 SSBLCI 57541
projection_data.dat 1 2029 SSBUCI 80806
projection_data.dat 1 2029 SSBMedian 64248.8
projection_data.dat 1 2029 SSBMean 66055.7
projection_data.dat 1 2030 SSBF100 92582.3
projection_data.dat 1 2030 SSBFabc 37032.9
projection_data.dat 1 2030 SSBFofl 32403.8
projection_data.dat 1 2030 SSBLCI 44494.8
projection_data.dat 1 2030 SSBUCI 74101.8
projection_data.dat 1 2030 SSBMedian 54047
projection_data.dat 1 2030 SSBMean 56217.5
projection_data.dat 1 2031 SSBF100 92582.3
projection_data.dat 1 2031 SSBFabc 37032.9
projection_data.dat 1 2031 SSBFofl 32403.8
projection_data.dat 1 2031 SSBLCI 35502.3
projection_data.dat 1 2031 SSBUCI 68868.1
projection_data.dat 1 2031 SSBMedian 47594.2
projection_data.dat 1 2031 SSBMean 49590.4
projection_data.dat 1 2032 SSBF100 92582.3
projection_data.dat 1 2032 SSBFabc 37032.9
projection_data.dat 1 2032 SSBFofl 32403.8
projection_data.dat 1 2032 SSBLCI 30300.8
projection_data.dat 1 2032 SSBUCI 65443.5
projection_data.dat 1 2032 SSBMedian 42966.4
projection_data.dat 1 2032 SSBMean 45258.7
projection_data.dat 1 2033 SSBF100 92582.3
projection_data.dat 1 2033 SSBFabc 37032.9
projection_data.dat 1 2033 SSBFofl 32403.8
projection_data.dat 1 2033 SSBLCI 27501.3
projection_data.dat 1 2033 SSBUCI 63968.1
projection_data.dat 1 2033 SSBMedian 40362.4
projection_data.dat 1 2033 SSBMean 42597.1
projection_data.dat 1 2034 SSBF100 92582.3
projection_data.dat 1 2034 SSBFabc 37032.9
projection_data.dat 1 2034 SSBFofl 32403.8
projection_data.dat 1 2034 SSBLCI 25681
projection_data.dat 1 2034 SSBUCI 63659.9
projection_data.dat 1 2034 SSBMedian 38536.7
projection_data.dat 1 2034 SSBMean 40997.4
projection_data.dat 1 2035 SSBF100 92582.3
projection_data.dat 1 2035 SSBFabc 37032.9
projection_data.dat 1 2035 SSBFofl 32403.8
projection_data.dat 1 2035 SSBLCI 25110.9
projection_data.dat 1 2035 SSBUCI 62815.9
projection_data.dat 1 2035 SSBMedian 37395.3
projection_data.dat 1 2035 SSBMean 40022.1
projection_data.dat 1 2036 SSBF100 92582.3
projection_data.dat 1 2036 SSBFabc 37032.9
projection_data.dat 1 2036 SSBFofl 32403.8
projection_data.dat 1 2036 SSBLCI 25176.8
projection_data.dat 1 2036 SSBUCI 62566.1
projection_data.dat 1 2036 SSBMedian 36493.4
projection_data.dat 1 2036 SSBMean 39401.6
projection_data.dat 1 2022 F0 0 
projection_data.dat 1 2022 Fabc 0.288462
projection_data.dat 1 2022 Fofl 0.361865
projection_data.dat 1 2022  F_LCI 0.00375902
projection_data.dat 1 2022  F_UCI 0.00375902
projection_data.dat 1 2022  F_Median 0.00375902
projection_data.dat 1 2022  F_Mean 0.00375902
projection_data.dat 1 2023 F0 0 
projection_data.dat 1 2023 Fabc 0.288462
projection_data.dat 1 2023 Fofl 0.361865
projection_data.dat 1 2023  F_LCI 0.00306432
projection_data.dat 1 2023  F_UCI 0.00306669
projection_data.dat 1 2023  F_Median 0.00306629
projection_data.dat 1 2023  F_Mean 0.00306599
projection_data.dat 1 2024 F0 0 
projection_data.dat 1 2024 Fabc 0.288462
projection_data.dat 1 2024 Fofl 0.361865
projection_data.dat 1 2024  F_LCI 0.00499093
projection_data.dat 1 2024  F_UCI 0.0050107
projection_data.dat 1 2024  F_Median 0.00500673
projection_data.dat 1 2024  F_Mean 0.00500448
projection_data.dat 1 2025 F0 0 
projection_data.dat 1 2025 Fabc 0.288462
projection_data.dat 1 2025 Fofl 0.361865
projection_data.dat 1 2025  F_LCI 0.00683258
projection_data.dat 1 2025  F_UCI 0.0069296
projection_data.dat 1 2025  F_Median 0.00690862
projection_data.dat 1 2025  F_Mean 0.00689801
projection_data.dat 1 2026 F0 0 
projection_data.dat 1 2026 Fabc 0.288462
projection_data.dat 1 2026 Fofl 0.361865
projection_data.dat 1 2026  F_LCI 0.00663202
projection_data.dat 1 2026  F_UCI 0.00689302
projection_data.dat 1 2026  F_Median 0.00683084
projection_data.dat 1 2026  F_Mean 0.00680371
projection_data.dat 1 2027 F0 0 
projection_data.dat 1 2027 Fabc 0.288462
projection_data.dat 1 2027 Fofl 0.361865
projection_data.dat 1 2027  F_LCI 0.288462
projection_data.dat 1 2027  F_UCI 0.288462
projection_data.dat 1 2027  F_Median 0.288462
projection_data.dat 1 2027  F_Mean 0.288462
projection_data.dat 1 2028 F0 0 
projection_data.dat 1 2028 Fabc 0.288462
projection_data.dat 1 2028 Fofl 0.361865
projection_data.dat 1 2028  F_LCI 0.288462
projection_data.dat 1 2028  F_UCI 0.288462
projection_data.dat 1 2028  F_Median 0.288462
projection_data.dat 1 2028  F_Mean 0.288462
projection_data.dat 1 2029 F0 0 
projection_data.dat 1 2029 Fabc 0.288462
projection_data.dat 1 2029 Fofl 0.361865
projection_data.dat 1 2029  F_LCI 0.288462
projection_data.dat 1 2029  F_UCI 0.288462
projection_data.dat 1 2029  F_Median 0.288462
projection_data.dat 1 2029  F_Mean 0.288462
projection_data.dat 1 2030 F0 0 
projection_data.dat 1 2030 Fabc 0.288462
projection_data.dat 1 2030 Fofl 0.361865
projection_data.dat 1 2030  F_LCI 0.288462
projection_data.dat 1 2030  F_UCI 0.288462
projection_data.dat 1 2030  F_Median 0.288462
projection_data.dat 1 2030  F_Mean 0.288462
projection_data.dat 1 2031 F0 0 
projection_data.dat 1 2031 Fabc 0.288462
projection_data.dat 1 2031 Fofl 0.361865
projection_data.dat 1 2031  F_LCI 0.275912
projection_data.dat 1 2031  F_UCI 0.288462
projection_data.dat 1 2031  F_Median 0.288462
projection_data.dat 1 2031  F_Mean 0.287003
projection_data.dat 1 2032 F0 0 
projection_data.dat 1 2032 Fabc 0.288462
projection_data.dat 1 2032 Fofl 0.361865
projection_data.dat 1 2032  F_LCI 0.233264
projection_data.dat 1 2032  F_UCI 0.288462
projection_data.dat 1 2032  F_Median 0.288462
projection_data.dat 1 2032  F_Mean 0.279343
projection_data.dat 1 2033 F0 0 
projection_data.dat 1 2033 Fabc 0.288462
projection_data.dat 1 2033 Fofl 0.361865
projection_data.dat 1 2033  F_LCI 0.210309
projection_data.dat 1 2033  F_UCI 0.288462
projection_data.dat 1 2033  F_Median 0.288462
projection_data.dat 1 2033  F_Mean 0.271816
projection_data.dat 1 2034 F0 0 
projection_data.dat 1 2034 Fabc 0.288462
projection_data.dat 1 2034 Fofl 0.361865
projection_data.dat 1 2034  F_LCI 0.195384
projection_data.dat 1 2034  F_UCI 0.288462
projection_data.dat 1 2034  F_Median 0.288462
projection_data.dat 1 2034  F_Mean 0.266771
projection_data.dat 1 2035 F0 0 
projection_data.dat 1 2035 Fabc 0.288462
projection_data.dat 1 2035 Fofl 0.361865
projection_data.dat 1 2035  F_LCI 0.19071
projection_data.dat 1 2035  F_UCI 0.288462
projection_data.dat 1 2035  F_Median 0.288462
projection_data.dat 1 2035  F_Mean 0.263998
projection_data.dat 1 2036 F0 0 
projection_data.dat 1 2036 Fabc 0.288462
projection_data.dat 1 2036 Fofl 0.361865
projection_data.dat 1 2036  F_LCI 0.19125
projection_data.dat 1 2036  F_UCI 0.288462
projection_data.dat 1 2036  F_Median 0.284038
projection_data.dat 1 2036  F_Mean 0.262195
projection_data.dat 2 2022 Cabc 16811.6
projection_data.dat 2 2022 Cofl 18279
projection_data.dat 2 2022 CLCI 564
projection_data.dat 2 2022 CUCI 564
projection_data.dat 2 2022 CMedian 564
projection_data.dat 2 2022 CMean 564
projection_data.dat 2 2022 CStdn 2.38742e-12
projection_data.dat 2 2023 Cabc 16811.6
projection_data.dat 2 2023 Cofl 18279
projection_data.dat 2 2023 CLCI 470
projection_data.dat 2 2023 CUCI 470
projection_data.dat 2 2023 CMedian 470
projection_data.dat 2 2023 CMean 470
projection_data.dat 2 2023 CStdn 1.28381e-07
projection_data.dat 2 2024 Cabc 16811.6
projection_data.dat 2 2024 Cofl 18279
projection_data.dat 2 2024 CLCI 785.999
projection_data.dat 2 2024 CUCI 785.999
projection_data.dat 2 2024 CMedian 785.999
projection_data.dat 2 2024 CMean 785.999
projection_data.dat 2 2024 CStdn 1.78485e-06
projection_data.dat 2 2025 Cabc 16811.6
projection_data.dat 2 2025 Cofl 18279
projection_data.dat 2 2025 CLCI 1108
projection_data.dat 2 2025 CUCI 1108
projection_data.dat 2 2025 CMedian 1108
projection_data.dat 2 2025 CMean 1108
projection_data.dat 2 2025 CStdn 2.99066e-05
projection_data.dat 2 2026 Cabc 16811.6
projection_data.dat 2 2026 Cofl 18279
projection_data.dat 2 2026 CLCI 1108
projection_data.dat 2 2026 CUCI 1108
projection_data.dat 2 2026 CMedian 1108
projection_data.dat 2 2026 CMean 1108
projection_data.dat 2 2026 CStdn 6.53086e-05
projection_data.dat 2 2027 Cabc 16811.6
projection_data.dat 2 2027 Cofl 18279
projection_data.dat 2 2027 CLCI 40506.7
projection_data.dat 2 2027 CUCI 44569.2
projection_data.dat 2 2027 CMedian 41498.6
projection_data.dat 2 2027 CMean 41925.5
projection_data.dat 2 2027 CStdn 1436.01
projection_data.dat 2 2028 Cabc 16811.6
projection_data.dat 2 2028 Cofl 18279
projection_data.dat 2 2028 CLCI 30733.5
projection_data.dat 2 2028 CUCI 38010.9
projection_data.dat 2 2028 CMedian 32698.9
projection_data.dat 2 2028 CMean 33356.6
projection_data.dat 2 2028 CStdn 2488.92
projection_data.dat 2 2029 Cabc 16811.6
projection_data.dat 2 2029 Cofl 18279
projection_data.dat 2 2029 CLCI 23319.4
projection_data.dat 2 2029 CUCI 34186.6
projection_data.dat 2 2029 CMedian 26540.4
projection_data.dat 2 2029 CMean 27366
projection_data.dat 2 2029 CStdn 3582.06
projection_data.dat 2 2030 Cabc 16811.6
projection_data.dat 2 2030 Cofl 18279
projection_data.dat 2 2030 CLCI 17980
projection_data.dat 2 2030 CUCI 31402.7
projection_data.dat 2 2030 CMedian 22399.4
projection_data.dat 2 2030 CMean 23343.1
projection_data.dat 2 2030 CStdn 4437.14
projection_data.dat 2 2031 Cabc 16811.6
projection_data.dat 2 2031 Cofl 18279
projection_data.dat 2 2031 CLCI 13809.4
projection_data.dat 2 2031 CUCI 29399.8
projection_data.dat 2 2031 CMedian 19828.4
projection_data.dat 2 2031 CMean 20613
projection_data.dat 2 2031 CStdn 5069.45
projection_data.dat 2 2032 Cabc 16811.6
projection_data.dat 2 2032 Cofl 18279
projection_data.dat 2 2032 CLCI 10151.9
projection_data.dat 2 2032 CUCI 27837.6
projection_data.dat 2 2032 CMedian 18050.3
projection_data.dat 2 2032 CMean 18589.1
projection_data.dat 2 2032 CStdn 5741.93
projection_data.dat 2 2033 Cabc 16811.6
projection_data.dat 2 2033 Cofl 18279
projection_data.dat 2 2033 CLCI 8413.65
projection_data.dat 2 2033 CUCI 27320.7
projection_data.dat 2 2033 CMedian 17019.3
projection_data.dat 2 2033 CMean 17270.2
projection_data.dat 2 2033 CStdn 6103.1
projection_data.dat 2 2034 Cabc 16811.6
projection_data.dat 2 2034 Cofl 18279
projection_data.dat 2 2034 CLCI 7378.75
projection_data.dat 2 2034 CUCI 27333.2
projection_data.dat 2 2034 CMedian 16243.9
projection_data.dat 2 2034 CMean 16470.3
projection_data.dat 2 2034 CStdn 6181.44
projection_data.dat 2 2035 Cabc 16811.6
projection_data.dat 2 2035 Cofl 18279
projection_data.dat 2 2035 CLCI 7097.87
projection_data.dat 2 2035 CUCI 27131.9
projection_data.dat 2 2035 CMedian 15741.9
projection_data.dat 2 2035 CMean 15996.9
projection_data.dat 2 2035 CStdn 6116.23
projection_data.dat 2 2036 Cabc 16811.6
projection_data.dat 2 2036 Cofl 18279
projection_data.dat 2 2036 CLCI 7286.97
projection_data.dat 2 2036 CUCI 26965.6
projection_data.dat 2 2036 CMedian 15237.6
projection_data.dat 2 2036 CMean 15690.4
projection_data.dat 2 2036 CStdn 6058.54
projection_data.dat 2 2022 SSBF100 92582.3
projection_data.dat 2 2022 SSBFabc 37032.9
projection_data.dat 2 2022 SSBFofl 32403.8
projection_data.dat 2 2022 SSBLCI 91834.4
projection_data.dat 2 2022 SSBUCI 91834.4
projection_data.dat 2 2022 SSBMedian 91834.4
projection_data.dat 2 2022 SSBMean 91834.4
projection_data.dat 2 2023 SSBF100 92582.3
projection_data.dat 2 2023 SSBFabc 37032.9
projection_data.dat 2 2023 SSBFofl 32403.8
projection_data.dat 2 2023 SSBLCI 94085.4
projection_data.dat 2 2023 SSBUCI 94189.7
projection_data.dat 2 2023 SSBMedian 94102.8
projection_data.dat 2 2023 SSBMean 94116.1
projection_data.dat 2 2024 SSBF100 92582.3
projection_data.dat 2 2024 SSBFabc 37032.9
projection_data.dat 2 2024 SSBFofl 32403.8
projection_data.dat 2 2024 SSBLCI 96518.3
projection_data.dat 2 2024 SSBUCI 96972
projection_data.dat 2 2024 SSBMedian 96608.6
projection_data.dat 2 2024 SSBMean 96660.8
projection_data.dat 2 2025 SSBF100 92582.3
projection_data.dat 2 2025 SSBFabc 37032.9
projection_data.dat 2 2025 SSBFofl 32403.8
projection_data.dat 2 2025 SSBLCI 98436.8
projection_data.dat 2 2025 SSBUCI 99819.5
projection_data.dat 2 2025 SSBMedian 98747.2
projection_data.dat 2 2025 SSBMean 98899.3
projection_data.dat 2 2026 SSBF100 92582.3
projection_data.dat 2 2026 SSBFabc 37032.9
projection_data.dat 2 2026 SSBFofl 32403.8
projection_data.dat 2 2026 SSBLCI 98939
projection_data.dat 2 2026 SSBUCI 102507
projection_data.dat 2 2026 SSBMedian 99794
projection_data.dat 2 2026 SSBMean 100175
projection_data.dat 2 2027 SSBF100 92582.3
projection_data.dat 2 2027 SSBFabc 37032.9
projection_data.dat 2 2027 SSBFofl 32403.8
projection_data.dat 2 2027 SSBLCI 97608.6
projection_data.dat 2 2027 SSBUCI 105609
projection_data.dat 2 2027 SSBMedian 99572.6
projection_data.dat 2 2027 SSBMean 100427
projection_data.dat 2 2028 SSBF100 92582.3
projection_data.dat 2 2028 SSBFabc 37032.9
projection_data.dat 2 2028 SSBFofl 32403.8
projection_data.dat 2 2028 SSBLCI 75003.3
projection_data.dat 2 2028 SSBUCI 89524
projection_data.dat 2 2028 SSBMedian 79004.4
projection_data.dat 2 2028 SSBMean 80349.9
projection_data.dat 2 2029 SSBF100 92582.3
projection_data.dat 2 2029 SSBFabc 37032.9
projection_data.dat 2 2029 SSBFofl 32403.8
projection_data.dat 2 2029 SSBLCI 57541
projection_data.dat 2 2029 SSBUCI 80806
projection_data.dat 2 2029 SSBMedian 64248.8
projection_data.dat 2 2029 SSBMean 66055.7
projection_data.dat 2 2030 SSBF100 92582.3
projection_data.dat 2 2030 SSBFabc 37032.9
projection_data.dat 2 2030 SSBFofl 32403.8
projection_data.dat 2 2030 SSBLCI 44494.8
projection_data.dat 2 2030 SSBUCI 74101.8
projection_data.dat 2 2030 SSBMedian 54047
projection_data.dat 2 2030 SSBMean 56217.5
projection_data.dat 2 2031 SSBF100 92582.3
projection_data.dat 2 2031 SSBFabc 37032.9
projection_data.dat 2 2031 SSBFofl 32403.8
projection_data.dat 2 2031 SSBLCI 35502.3
projection_data.dat 2 2031 SSBUCI 68868.1
projection_data.dat 2 2031 SSBMedian 47594.2
projection_data.dat 2 2031 SSBMean 49590.4
projection_data.dat 2 2032 SSBF100 92582.3
projection_data.dat 2 2032 SSBFabc 37032.9
projection_data.dat 2 2032 SSBFofl 32403.8
projection_data.dat 2 2032 SSBLCI 30300.8
projection_data.dat 2 2032 SSBUCI 65443.5
projection_data.dat 2 2032 SSBMedian 42966.4
projection_data.dat 2 2032 SSBMean 45258.7
projection_data.dat 2 2033 SSBF100 92582.3
projection_data.dat 2 2033 SSBFabc 37032.9
projection_data.dat 2 2033 SSBFofl 32403.8
projection_data.dat 2 2033 SSBLCI 27501.3
projection_data.dat 2 2033 SSBUCI 63968.1
projection_data.dat 2 2033 SSBMedian 40362.4
projection_data.dat 2 2033 SSBMean 42597.1
projection_data.dat 2 2034 SSBF100 92582.3
projection_data.dat 2 2034 SSBFabc 37032.9
projection_data.dat 2 2034 SSBFofl 32403.8
projection_data.dat 2 2034 SSBLCI 25681
projection_data.dat 2 2034 SSBUCI 63659.9
projection_data.dat 2 2034 SSBMedian 38536.7
projection_data.dat 2 2034 SSBMean 40997.4
projection_data.dat 2 2035 SSBF100 92582.3
projection_data.dat 2 2035 SSBFabc 37032.9
projection_data.dat 2 2035 SSBFofl 32403.8
projection_data.dat 2 2035 SSBLCI 25110.9
projection_data.dat 2 2035 SSBUCI 62815.9
projection_data.dat 2 2035 SSBMedian 37395.3
projection_data.dat 2 2035 SSBMean 40022.1
projection_data.dat 2 2036 SSBF100 92582.3
projection_data.dat 2 2036 SSBFabc 37032.9
projection_data.dat 2 2036 SSBFofl 32403.8
projection_data.dat 2 2036 SSBLCI 25176.8
projection_data.dat 2 2036 SSBUCI 62566.1
projection_data.dat 2 2036 SSBMedian 36493.4
projection_data.dat 2 2036 SSBMean 39401.6
projection_data.dat 2 2022 F0 0 
projection_data.dat 2 2022 Fabc 0.288462
projection_data.dat 2 2022 Fofl 0.361865
projection_data.dat 2 2022  F_LCI 0.00375902
projection_data.dat 2 2022  F_UCI 0.00375902
projection_data.dat 2 2022  F_Median 0.00375902
projection_data.dat 2 2022  F_Mean 0.00375902
projection_data.dat 2 2023 F0 0 
projection_data.dat 2 2023 Fabc 0.288462
projection_data.dat 2 2023 Fofl 0.361865
projection_data.dat 2 2023  F_LCI 0.00306432
projection_data.dat 2 2023  F_UCI 0.00306669
projection_data.dat 2 2023  F_Median 0.00306629
projection_data.dat 2 2023  F_Mean 0.00306599
projection_data.dat 2 2024 F0 0 
projection_data.dat 2 2024 Fabc 0.288462
projection_data.dat 2 2024 Fofl 0.361865
projection_data.dat 2 2024  F_LCI 0.00499093
projection_data.dat 2 2024  F_UCI 0.0050107
projection_data.dat 2 2024  F_Median 0.00500673
projection_data.dat 2 2024  F_Mean 0.00500448
projection_data.dat 2 2025 F0 0 
projection_data.dat 2 2025 Fabc 0.288462
projection_data.dat 2 2025 Fofl 0.361865
projection_data.dat 2 2025  F_LCI 0.00683258
projection_data.dat 2 2025  F_UCI 0.0069296
projection_data.dat 2 2025  F_Median 0.00690862
projection_data.dat 2 2025  F_Mean 0.00689801
projection_data.dat 2 2026 F0 0 
projection_data.dat 2 2026 Fabc 0.288462
projection_data.dat 2 2026 Fofl 0.361865
projection_data.dat 2 2026  F_LCI 0.00663202
projection_data.dat 2 2026  F_UCI 0.00689302
projection_data.dat 2 2026  F_Median 0.00683084
projection_data.dat 2 2026  F_Mean 0.00680371
projection_data.dat 2 2027 F0 0 
projection_data.dat 2 2027 Fabc 0.288462
projection_data.dat 2 2027 Fofl 0.361865
projection_data.dat 2 2027  F_LCI 0.288462
projection_data.dat 2 2027  F_UCI 0.288462
projection_data.dat 2 2027  F_Median 0.288462
projection_data.dat 2 2027  F_Mean 0.288462
projection_data.dat 2 2028 F0 0 
projection_data.dat 2 2028 Fabc 0.288462
projection_data.dat 2 2028 Fofl 0.361865
projection_data.dat 2 2028  F_LCI 0.288462
projection_data.dat 2 2028  F_UCI 0.288462
projection_data.dat 2 2028  F_Median 0.288462
projection_data.dat 2 2028  F_Mean 0.288462
projection_data.dat 2 2029 F0 0 
projection_data.dat 2 2029 Fabc 0.288462
projection_data.dat 2 2029 Fofl 0.361865
projection_data.dat 2 2029  F_LCI 0.288462
projection_data.dat 2 2029  F_UCI 0.288462
projection_data.dat 2 2029  F_Median 0.288462
projection_data.dat 2 2029  F_Mean 0.288462
projection_data.dat 2 2030 F0 0 
projection_data.dat 2 2030 Fabc 0.288462
projection_data.dat 2 2030 Fofl 0.361865
projection_data.dat 2 2030  F_LCI 0.288462
projection_data.dat 2 2030  F_UCI 0.288462
projection_data.dat 2 2030  F_Median 0.288462
projection_data.dat 2 2030  F_Mean 0.288462
projection_data.dat 2 2031 F0 0 
projection_data.dat 2 2031 Fabc 0.288462
projection_data.dat 2 2031 Fofl 0.361865
projection_data.dat 2 2031  F_LCI 0.275912
projection_data.dat 2 2031  F_UCI 0.288462
projection_data.dat 2 2031  F_Median 0.288462
projection_data.dat 2 2031  F_Mean 0.287003
projection_data.dat 2 2032 F0 0 
projection_data.dat 2 2032 Fabc 0.288462
projection_data.dat 2 2032 Fofl 0.361865
projection_data.dat 2 2032  F_LCI 0.233264
projection_data.dat 2 2032  F_UCI 0.288462
projection_data.dat 2 2032  F_Median 0.288462
projection_data.dat 2 2032  F_Mean 0.279343
projection_data.dat 2 2033 F0 0 
projection_data.dat 2 2033 Fabc 0.288462
projection_data.dat 2 2033 Fofl 0.361865
projection_data.dat 2 2033  F_LCI 0.210309
projection_data.dat 2 2033  F_UCI 0.288462
projection_data.dat 2 2033  F_Median 0.288462
projection_data.dat 2 2033  F_Mean 0.271816
projection_data.dat 2 2034 F0 0 
projection_data.dat 2 2034 Fabc 0.288462
projection_data.dat 2 2034 Fofl 0.361865
projection_data.dat 2 2034  F_LCI 0.195384
projection_data.dat 2 2034  F_UCI 0.288462
projection_data.dat 2 2034  F_Median 0.288462
projection_data.dat 2 2034  F_Mean 0.266771
projection_data.dat 2 2035 F0 0 
projection_data.dat 2 2035 Fabc 0.288462
projection_data.dat 2 2035 Fofl 0.361865
projection_data.dat 2 2035  F_LCI 0.19071
projection_data.dat 2 2035  F_UCI 0.288462
projection_data.dat 2 2035  F_Median 0.288462
projection_data.dat 2 2035  F_Mean 0.263998
projection_data.dat 2 2036 F0 0 
projection_data.dat 2 2036 Fabc 0.288462
projection_data.dat 2 2036 Fofl 0.361865
projection_data.dat 2 2036  F_LCI 0.19125
projection_data.dat 2 2036  F_UCI 0.288462
projection_data.dat 2 2036  F_Median 0.284038
projection_data.dat 2 2036  F_Mean 0.262195
projection_data.dat 3 2022 Cabc 16811.6
projection_data.dat 3 2022 Cofl 18279
projection_data.dat 3 2022 CLCI 564
projection_data.dat 3 2022 CUCI 564
projection_data.dat 3 2022 CMedian 564
projection_data.dat 3 2022 CMean 564
projection_data.dat 3 2022 CStdn 2.38742e-12
projection_data.dat 3 2023 Cabc 16811.6
projection_data.dat 3 2023 Cofl 18279
projection_data.dat 3 2023 CLCI 470
projection_data.dat 3 2023 CUCI 470
projection_data.dat 3 2023 CMedian 470
projection_data.dat 3 2023 CMean 470
projection_data.dat 3 2023 CStdn 1.28381e-07
projection_data.dat 3 2024 Cabc 16811.6
projection_data.dat 3 2024 Cofl 18279
projection_data.dat 3 2024 CLCI 785.999
projection_data.dat 3 2024 CUCI 785.999
projection_data.dat 3 2024 CMedian 785.999
projection_data.dat 3 2024 CMean 785.999
projection_data.dat 3 2024 CStdn 1.78485e-06
projection_data.dat 3 2025 Cabc 16811.6
projection_data.dat 3 2025 Cofl 18279
projection_data.dat 3 2025 CLCI 1108
projection_data.dat 3 2025 CUCI 1108
projection_data.dat 3 2025 CMedian 1108
projection_data.dat 3 2025 CMean 1108
projection_data.dat 3 2025 CStdn 2.99066e-05
projection_data.dat 3 2026 Cabc 16811.6
projection_data.dat 3 2026 Cofl 18279
projection_data.dat 3 2026 CLCI 1108
projection_data.dat 3 2026 CUCI 1108
projection_data.dat 3 2026 CMedian 1108
projection_data.dat 3 2026 CMean 1108
projection_data.dat 3 2026 CStdn 6.53086e-05
projection_data.dat 3 2027 Cabc 16811.6
projection_data.dat 3 2027 Cofl 18279
projection_data.dat 3 2027 CLCI 1858.53
projection_data.dat 3 2027 CUCI 2029.36
projection_data.dat 3 2027 CMedian 1900.05
projection_data.dat 3 2027 CMean 1917.84
projection_data.dat 3 2027 CStdn 60.2049
projection_data.dat 3 2028 Cabc 16811.6
projection_data.dat 3 2028 Cofl 18279
projection_data.dat 3 2028 CLCI 1775.74
projection_data.dat 3 2028 CUCI 2094.44
projection_data.dat 3 2028 CMedian 1861.99
projection_data.dat 3 2028 CMean 1892.17
projection_data.dat 3 2028 CStdn 111.562
projection_data.dat 3 2029 Cabc 16811.6
projection_data.dat 3 2029 Cofl 18279
projection_data.dat 3 2029 CLCI 1667.9
projection_data.dat 3 2029 CUCI 2211.84
projection_data.dat 3 2029 CMedian 1819.36
projection_data.dat 3 2029 CMean 1861.51
projection_data.dat 3 2029 CStdn 176.584
projection_data.dat 3 2030 Cabc 16811.6
projection_data.dat 3 2030 Cofl 18279
projection_data.dat 3 2030 CLCI 1546.43
projection_data.dat 3 2030 CUCI 2310.15
projection_data.dat 3 2030 CMedian 1779.78
projection_data.dat 3 2030 CMean 1834.42
projection_data.dat 3 2030 CStdn 244.376
projection_data.dat 3 2031 Cabc 16811.6
projection_data.dat 3 2031 Cofl 18279
projection_data.dat 3 2031 CLCI 1434.69
projection_data.dat 3 2031 CUCI 2364.93
projection_data.dat 3 2031 CMedian 1747.76
projection_data.dat 3 2031 CMean 1809.35
projection_data.dat 3 2031 CStdn 303.418
projection_data.dat 3 2032 Cabc 16811.6
projection_data.dat 3 2032 Cofl 18279
projection_data.dat 3 2032 CLCI 1347.47
projection_data.dat 3 2032 CUCI 2394.36
projection_data.dat 3 2032 CMedian 1726.05
projection_data.dat 3 2032 CMean 1786.42
projection_data.dat 3 2032 CStdn 348.772
projection_data.dat 3 2033 Cabc 16811.6
projection_data.dat 3 2033 Cofl 18279
projection_data.dat 3 2033 CLCI 1280.49
projection_data.dat 3 2033 CUCI 2421.17
projection_data.dat 3 2033 CMedian 1698.94
projection_data.dat 3 2033 CMean 1767.31
projection_data.dat 3 2033 CStdn 382.542
projection_data.dat 3 2034 Cabc 16811.6
projection_data.dat 3 2034 Cofl 18279
projection_data.dat 3 2034 CLCI 1220.49
projection_data.dat 3 2034 CUCI 2451.16
projection_data.dat 3 2034 CMedian 1683.75
projection_data.dat 3 2034 CMean 1750.76
projection_data.dat 3 2034 CStdn 406.202
projection_data.dat 3 2035 Cabc 16811.6
projection_data.dat 3 2035 Cofl 18279
projection_data.dat 3 2035 CLCI 1160.5
projection_data.dat 3 2035 CUCI 2486.11
projection_data.dat 3 2035 CMedian 1679.02
projection_data.dat 3 2035 CMean 1735.75
projection_data.dat 3 2035 CStdn 419.837
projection_data.dat 3 2036 Cabc 16811.6
projection_data.dat 3 2036 Cofl 18279
projection_data.dat 3 2036 CLCI 1137.2
projection_data.dat 3 2036 CUCI 2507.96
projection_data.dat 3 2036 CMedian 1657.71
projection_data.dat 3 2036 CMean 1721.79
projection_data.dat 3 2036 CStdn 426.5
projection_data.dat 3 2022 SSBF100 92582.3
projection_data.dat 3 2022 SSBFabc 37032.9
projection_data.dat 3 2022 SSBFofl 32403.8
projection_data.dat 3 2022 SSBLCI 91834.4
projection_data.dat 3 2022 SSBUCI 91834.4
projection_data.dat 3 2022 SSBMedian 91834.4
projection_data.dat 3 2022 SSBMean 91834.4
projection_data.dat 3 2023 SSBF100 92582.3
projection_data.dat 3 2023 SSBFabc 37032.9
projection_data.dat 3 2023 SSBFofl 32403.8
projection_data.dat 3 2023 SSBLCI 94085.4
projection_data.dat 3 2023 SSBUCI 94189.7
projection_data.dat 3 2023 SSBMedian 94102.8
projection_data.dat 3 2023 SSBMean 94116.1
projection_data.dat 3 2024 SSBF100 92582.3
projection_data.dat 3 2024 SSBFabc 37032.9
projection_data.dat 3 2024 SSBFofl 32403.8
projection_data.dat 3 2024 SSBLCI 96518.3
projection_data.dat 3 2024 SSBUCI 96972
projection_data.dat 3 2024 SSBMedian 96608.6
projection_data.dat 3 2024 SSBMean 96660.8
projection_data.dat 3 2025 SSBF100 92582.3
projection_data.dat 3 2025 SSBFabc 37032.9
projection_data.dat 3 2025 SSBFofl 32403.8
projection_data.dat 3 2025 SSBLCI 98436.8
projection_data.dat 3 2025 SSBUCI 99819.5
projection_data.dat 3 2025 SSBMedian 98747.2
projection_data.dat 3 2025 SSBMean 98899.3
projection_data.dat 3 2026 SSBF100 92582.3
projection_data.dat 3 2026 SSBFabc 37032.9
projection_data.dat 3 2026 SSBFofl 32403.8
projection_data.dat 3 2026 SSBLCI 98939
projection_data.dat 3 2026 SSBUCI 102507
projection_data.dat 3 2026 SSBMedian 99794
projection_data.dat 3 2026 SSBMean 100175
projection_data.dat 3 2027 SSBF100 92582.3
projection_data.dat 3 2027 SSBFabc 37032.9
projection_data.dat 3 2027 SSBFofl 32403.8
projection_data.dat 3 2027 SSBLCI 97608.6
projection_data.dat 3 2027 SSBUCI 105609
projection_data.dat 3 2027 SSBMedian 99572.6
projection_data.dat 3 2027 SSBMean 100427
projection_data.dat 3 2028 SSBF100 92582.3
projection_data.dat 3 2028 SSBFabc 37032.9
projection_data.dat 3 2028 SSBFofl 32403.8
projection_data.dat 3 2028 SSBLCI 94046.1
projection_data.dat 3 2028 SSBUCI 109136
projection_data.dat 3 2028 SSBMedian 98132
projection_data.dat 3 2028 SSBMean 99565.6
projection_data.dat 3 2029 SSBF100 92582.3
projection_data.dat 3 2029 SSBFabc 37032.9
projection_data.dat 3 2029 SSBFofl 32403.8
projection_data.dat 3 2029 SSBLCI 89133.9
projection_data.dat 3 2029 SSBUCI 115033
projection_data.dat 3 2029 SSBMedian 96324.8
projection_data.dat 3 2029 SSBMean 98378
projection_data.dat 3 2030 SSBF100 92582.3
projection_data.dat 3 2030 SSBFabc 37032.9
projection_data.dat 3 2030 SSBFofl 32403.8
projection_data.dat 3 2030 SSBLCI 83376.6
projection_data.dat 3 2030 SSBUCI 119777
projection_data.dat 3 2030 SSBMedian 94431.4
projection_data.dat 3 2030 SSBMean 97073.6
projection_data.dat 3 2031 SSBF100 92582.3
projection_data.dat 3 2031 SSBFabc 37032.9
projection_data.dat 3 2031 SSBFofl 32403.8
projection_data.dat 3 2031 SSBLCI 77896.4
projection_data.dat 3 2031 SSBUCI 122530
projection_data.dat 3 2031 SSBMedian 92751
projection_data.dat 3 2031 SSBMean 95790.5
projection_data.dat 3 2032 SSBF100 92582.3
projection_data.dat 3 2032 SSBFabc 37032.9
projection_data.dat 3 2032 SSBFofl 32403.8
projection_data.dat 3 2032 SSBLCI 73274.2
projection_data.dat 3 2032 SSBUCI 124133
projection_data.dat 3 2032 SSBMedian 91743.9
projection_data.dat 3 2032 SSBMean 94617.6
projection_data.dat 3 2033 SSBF100 92582.3
projection_data.dat 3 2033 SSBFabc 37032.9
projection_data.dat 3 2033 SSBFofl 32403.8
projection_data.dat 3 2033 SSBLCI 69672.5
projection_data.dat 3 2033 SSBUCI 125927
projection_data.dat 3 2033 SSBMedian 90275.2
projection_data.dat 3 2033 SSBMean 93578
projection_data.dat 3 2034 SSBF100 92582.3
projection_data.dat 3 2034 SSBFabc 37032.9
projection_data.dat 3 2034 SSBFofl 32403.8
projection_data.dat 3 2034 SSBLCI 66109.3
projection_data.dat 3 2034 SSBUCI 127193
projection_data.dat 3 2034 SSBMedian 89358.3
projection_data.dat 3 2034 SSBMean 92656.7
projection_data.dat 3 2035 SSBF100 92582.3
projection_data.dat 3 2035 SSBFabc 37032.9
projection_data.dat 3 2035 SSBFofl 32403.8
projection_data.dat 3 2035 SSBLCI 63159.8
projection_data.dat 3 2035 SSBUCI 129922
projection_data.dat 3 2035 SSBMedian 88847
projection_data.dat 3 2035 SSBMean 91822.9
projection_data.dat 3 2036 SSBF100 92582.3
projection_data.dat 3 2036 SSBFabc 37032.9
projection_data.dat 3 2036 SSBFofl 32403.8
projection_data.dat 3 2036 SSBLCI 61486.8
projection_data.dat 3 2036 SSBUCI 130944
projection_data.dat 3 2036 SSBMedian 87848.4
projection_data.dat 3 2036 SSBMean 91055.8
projection_data.dat 3 2022 F0 0 
projection_data.dat 3 2022 Fabc 0.288462
projection_data.dat 3 2022 Fofl 0.361865
projection_data.dat 3 2022  F_LCI 0.00375902
projection_data.dat 3 2022  F_UCI 0.00375902
projection_data.dat 3 2022  F_Median 0.00375902
projection_data.dat 3 2022  F_Mean 0.00375902
projection_data.dat 3 2023 F0 0 
projection_data.dat 3 2023 Fabc 0.288462
projection_data.dat 3 2023 Fofl 0.361865
projection_data.dat 3 2023  F_LCI 0.00306432
projection_data.dat 3 2023  F_UCI 0.00306669
projection_data.dat 3 2023  F_Median 0.00306629
projection_data.dat 3 2023  F_Mean 0.00306599
projection_data.dat 3 2024 F0 0 
projection_data.dat 3 2024 Fabc 0.288462
projection_data.dat 3 2024 Fofl 0.361865
projection_data.dat 3 2024  F_LCI 0.00499093
projection_data.dat 3 2024  F_UCI 0.0050107
projection_data.dat 3 2024  F_Median 0.00500673
projection_data.dat 3 2024  F_Mean 0.00500448
projection_data.dat 3 2025 F0 0 
projection_data.dat 3 2025 Fabc 0.288462
projection_data.dat 3 2025 Fofl 0.361865
projection_data.dat 3 2025  F_LCI 0.00683258
projection_data.dat 3 2025  F_UCI 0.0069296
projection_data.dat 3 2025  F_Median 0.00690862
projection_data.dat 3 2025  F_Mean 0.00689801
projection_data.dat 3 2026 F0 0 
projection_data.dat 3 2026 Fabc 0.288462
projection_data.dat 3 2026 Fofl 0.361865
projection_data.dat 3 2026  F_LCI 0.00663202
projection_data.dat 3 2026  F_UCI 0.00689302
projection_data.dat 3 2026  F_Median 0.00683084
projection_data.dat 3 2026  F_Mean 0.00680371
projection_data.dat 3 2027 F0 0 
projection_data.dat 3 2027 Fabc 0.288462
projection_data.dat 3 2027 Fofl 0.361865
projection_data.dat 3 2027  F_LCI 0.0117853
projection_data.dat 3 2027  F_UCI 0.0117853
projection_data.dat 3 2027  F_Median 0.0117853
projection_data.dat 3 2027  F_Mean 0.0117853
projection_data.dat 3 2028 F0 0 
projection_data.dat 3 2028 Fabc 0.288462
projection_data.dat 3 2028 Fofl 0.361865
projection_data.dat 3 2028  F_LCI 0.0117853
projection_data.dat 3 2028  F_UCI 0.0117853
projection_data.dat 3 2028  F_Median 0.0117853
projection_data.dat 3 2028  F_Mean 0.0117853
projection_data.dat 3 2029 F0 0 
projection_data.dat 3 2029 Fabc 0.288462
projection_data.dat 3 2029 Fofl 0.361865
projection_data.dat 3 2029  F_LCI 0.0117853
projection_data.dat 3 2029  F_UCI 0.0117853
projection_data.dat 3 2029  F_Median 0.0117853
projection_data.dat 3 2029  F_Mean 0.0117853
projection_data.dat 3 2030 F0 0 
projection_data.dat 3 2030 Fabc 0.288462
projection_data.dat 3 2030 Fofl 0.361865
projection_data.dat 3 2030  F_LCI 0.0117853
projection_data.dat 3 2030  F_UCI 0.0117853
projection_data.dat 3 2030  F_Median 0.0117853
projection_data.dat 3 2030  F_Mean 0.0117853
projection_data.dat 3 2031 F0 0 
projection_data.dat 3 2031 Fabc 0.288462
projection_data.dat 3 2031 Fofl 0.361865
projection_data.dat 3 2031  F_LCI 0.0117853
projection_data.dat 3 2031  F_UCI 0.0117853
projection_data.dat 3 2031  F_Median 0.0117853
projection_data.dat 3 2031  F_Mean 0.0117853
projection_data.dat 3 2032 F0 0 
projection_data.dat 3 2032 Fabc 0.288462
projection_data.dat 3 2032 Fofl 0.361865
projection_data.dat 3 2032  F_LCI 0.0117853
projection_data.dat 3 2032  F_UCI 0.0117853
projection_data.dat 3 2032  F_Median 0.0117853
projection_data.dat 3 2032  F_Mean 0.0117853
projection_data.dat 3 2033 F0 0 
projection_data.dat 3 2033 Fabc 0.288462
projection_data.dat 3 2033 Fofl 0.361865
projection_data.dat 3 2033  F_LCI 0.0117853
projection_data.dat 3 2033  F_UCI 0.0117853
projection_data.dat 3 2033  F_Median 0.0117853
projection_data.dat 3 2033  F_Mean 0.0117853
projection_data.dat 3 2034 F0 0 
projection_data.dat 3 2034 Fabc 0.288462
projection_data.dat 3 2034 Fofl 0.361865
projection_data.dat 3 2034  F_LCI 0.0117853
projection_data.dat 3 2034  F_UCI 0.0117853
projection_data.dat 3 2034  F_Median 0.0117853
projection_data.dat 3 2034  F_Mean 0.0117853
projection_data.dat 3 2035 F0 0 
projection_data.dat 3 2035 Fabc 0.288462
projection_data.dat 3 2035 Fofl 0.361865
projection_data.dat 3 2035  F_LCI 0.0117853
projection_data.dat 3 2035  F_UCI 0.0117853
projection_data.dat 3 2035  F_Median 0.0117853
projection_data.dat 3 2035  F_Mean 0.0117853
projection_data.dat 3 2036 F0 0 
projection_data.dat 3 2036 Fabc 0.288462
projection_data.dat 3 2036 Fofl 0.361865
projection_data.dat 3 2036  F_LCI 0.0117853
projection_data.dat 3 2036  F_UCI 0.0117853
projection_data.dat 3 2036  F_Median 0.0117853
projection_data.dat 3 2036  F_Mean 0.0117853
projection_data.dat 4 2022 Cabc 16811.6
projection_data.dat 4 2022 Cofl 18279
projection_data.dat 4 2022 CLCI 564
projection_data.dat 4 2022 CUCI 564
projection_data.dat 4 2022 CMedian 564
projection_data.dat 4 2022 CMean 564
projection_data.dat 4 2022 CStdn 2.38742e-12
projection_data.dat 4 2023 Cabc 16811.6
projection_data.dat 4 2023 Cofl 18279
projection_data.dat 4 2023 CLCI 470
projection_data.dat 4 2023 CUCI 470
projection_data.dat 4 2023 CMedian 470
projection_data.dat 4 2023 CMean 470
projection_data.dat 4 2023 CStdn 1.28381e-07
projection_data.dat 4 2024 Cabc 16811.6
projection_data.dat 4 2024 Cofl 18279
projection_data.dat 4 2024 CLCI 785.999
projection_data.dat 4 2024 CUCI 785.999
projection_data.dat 4 2024 CMedian 785.999
projection_data.dat 4 2024 CMean 785.999
projection_data.dat 4 2024 CStdn 1.78485e-06
projection_data.dat 4 2025 Cabc 16811.6
projection_data.dat 4 2025 Cofl 18279
projection_data.dat 4 2025 CLCI 1108
projection_data.dat 4 2025 CUCI 1108
projection_data.dat 4 2025 CMedian 1108
projection_data.dat 4 2025 CMean 1108
projection_data.dat 4 2025 CStdn 2.99066e-05
projection_data.dat 4 2026 Cabc 16811.6
projection_data.dat 4 2026 Cofl 18279
projection_data.dat 4 2026 CLCI 1108
projection_data.dat 4 2026 CUCI 1108
projection_data.dat 4 2026 CMedian 1108
projection_data.dat 4 2026 CMean 1108
projection_data.dat 4 2026 CStdn 6.53086e-05
projection_data.dat 4 2027 Cabc 16811.6
projection_data.dat 4 2027 Cofl 18279
projection_data.dat 4 2027 CLCI 9576.57
projection_data.dat 4 2027 CUCI 10471.2
projection_data.dat 4 2027 CMedian 9793.98
projection_data.dat 4 2027 CMean 9887.48
projection_data.dat 4 2027 CStdn 315.475
projection_data.dat 4 2028 Cabc 16811.6
projection_data.dat 4 2028 Cofl 18279
projection_data.dat 4 2028 CLCI 8769.02
projection_data.dat 4 2028 CUCI 10416.9
projection_data.dat 4 2028 CMedian 9218.15
projection_data.dat 4 2028 CMean 9372.6
projection_data.dat 4 2028 CStdn 577.428
projection_data.dat 4 2029 Cabc 16811.6
projection_data.dat 4 2029 Cofl 18279
projection_data.dat 4 2029 CLCI 7908.97
projection_data.dat 4 2029 CUCI 10651.5
projection_data.dat 4 2029 CMedian 8687.46
projection_data.dat 4 2029 CMean 8899.88
projection_data.dat 4 2029 CStdn 897.688
projection_data.dat 4 2030 Cabc 16811.6
projection_data.dat 4 2030 Cofl 18279
projection_data.dat 4 2030 CLCI 7067.92
projection_data.dat 4 2030 CUCI 10829
projection_data.dat 4 2030 CMedian 8230.16
projection_data.dat 4 2030 CMean 8507.27
projection_data.dat 4 2030 CStdn 1215.28
projection_data.dat 4 2031 Cabc 16811.6
projection_data.dat 4 2031 Cofl 18279
projection_data.dat 4 2031 CLCI 6346.21
projection_data.dat 4 2031 CUCI 10830.4
projection_data.dat 4 2031 CMedian 7894.72
projection_data.dat 4 2031 CMean 8179.63
projection_data.dat 4 2031 CStdn 1476
projection_data.dat 4 2032 Cabc 16811.6
projection_data.dat 4 2032 Cofl 18279
projection_data.dat 4 2032 CLCI 5810.67
projection_data.dat 4 2032 CUCI 10789.6
projection_data.dat 4 2032 CMedian 7608.7
projection_data.dat 4 2032 CMean 7909.98
projection_data.dat 4 2032 CStdn 1665.62
projection_data.dat 4 2033 Cabc 16811.6
projection_data.dat 4 2033 Cofl 18279
projection_data.dat 4 2033 CLCI 5393.95
projection_data.dat 4 2033 CUCI 10761.6
projection_data.dat 4 2033 CMedian 7373.56
projection_data.dat 4 2033 CMean 7696.78
projection_data.dat 4 2033 CStdn 1799.32
projection_data.dat 4 2034 Cabc 16811.6
projection_data.dat 4 2034 Cofl 18279
projection_data.dat 4 2034 CLCI 5024.45
projection_data.dat 4 2034 CUCI 10778.8
projection_data.dat 4 2034 CMedian 7245.92
projection_data.dat 4 2034 CMean 7525.48
projection_data.dat 4 2034 CStdn 1883.83
projection_data.dat 4 2035 Cabc 16811.6
projection_data.dat 4 2035 Cofl 18279
projection_data.dat 4 2035 CLCI 4766.35
projection_data.dat 4 2035 CUCI 10919.8
projection_data.dat 4 2035 CMedian 7104.77
projection_data.dat 4 2035 CMean 7384.42
projection_data.dat 4 2035 CStdn 1922.26
projection_data.dat 4 2036 Cabc 16811.6
projection_data.dat 4 2036 Cofl 18279
projection_data.dat 4 2036 CLCI 4622.36
projection_data.dat 4 2036 CUCI 10828.4
projection_data.dat 4 2036 CMedian 6968.68
projection_data.dat 4 2036 CMean 7266.19
projection_data.dat 4 2036 CStdn 1933.9
projection_data.dat 4 2022 SSBF100 92582.3
projection_data.dat 4 2022 SSBFabc 37032.9
projection_data.dat 4 2022 SSBFofl 32403.8
projection_data.dat 4 2022 SSBLCI 91834.4
projection_data.dat 4 2022 SSBUCI 91834.4
projection_data.dat 4 2022 SSBMedian 91834.4
projection_data.dat 4 2022 SSBMean 91834.4
projection_data.dat 4 2023 SSBF100 92582.3
projection_data.dat 4 2023 SSBFabc 37032.9
projection_data.dat 4 2023 SSBFofl 32403.8
projection_data.dat 4 2023 SSBLCI 94085.4
projection_data.dat 4 2023 SSBUCI 94189.7
projection_data.dat 4 2023 SSBMedian 94102.8
projection_data.dat 4 2023 SSBMean 94116.1
projection_data.dat 4 2024 SSBF100 92582.3
projection_data.dat 4 2024 SSBFabc 37032.9
projection_data.dat 4 2024 SSBFofl 32403.8
projection_data.dat 4 2024 SSBLCI 96518.3
projection_data.dat 4 2024 SSBUCI 96972
projection_data.dat 4 2024 SSBMedian 96608.6
projection_data.dat 4 2024 SSBMean 96660.8
projection_data.dat 4 2025 SSBF100 92582.3
projection_data.dat 4 2025 SSBFabc 37032.9
projection_data.dat 4 2025 SSBFofl 32403.8
projection_data.dat 4 2025 SSBLCI 98436.8
projection_data.dat 4 2025 SSBUCI 99819.5
projection_data.dat 4 2025 SSBMedian 98747.2
projection_data.dat 4 2025 SSBMean 98899.3
projection_data.dat 4 2026 SSBF100 92582.3
projection_data.dat 4 2026 SSBFabc 37032.9
projection_data.dat 4 2026 SSBFofl 32403.8
projection_data.dat 4 2026 SSBLCI 98939
projection_data.dat 4 2026 SSBUCI 102507
projection_data.dat 4 2026 SSBMedian 99794
projection_data.dat 4 2026 SSBMean 100175
projection_data.dat 4 2027 SSBF100 92582.3
projection_data.dat 4 2027 SSBFabc 37032.9
projection_data.dat 4 2027 SSBFofl 32403.8
projection_data.dat 4 2027 SSBLCI 97608.6
projection_data.dat 4 2027 SSBUCI 105609
projection_data.dat 4 2027 SSBMedian 99572.6
projection_data.dat 4 2027 SSBMean 100427
projection_data.dat 4 2028 SSBF100 92582.3
projection_data.dat 4 2028 SSBFabc 37032.9
projection_data.dat 4 2028 SSBFofl 32403.8
projection_data.dat 4 2028 SSBLCI 90221.9
projection_data.dat 4 2028 SSBUCI 105204
projection_data.dat 4 2028 SSBMedian 94291.6
projection_data.dat 4 2028 SSBMean 95709.5
projection_data.dat 4 2029 SSBF100 92582.3
projection_data.dat 4 2029 SSBFabc 37032.9
projection_data.dat 4 2029 SSBFofl 32403.8
projection_data.dat 4 2029 SSBLCI 82176.4
projection_data.dat 4 2029 SSBUCI 107627
projection_data.dat 4 2029 SSBMedian 89295.8
projection_data.dat 4 2029 SSBMean 91273.9
projection_data.dat 4 2030 SSBF100 92582.3
projection_data.dat 4 2030 SSBFabc 37032.9
projection_data.dat 4 2030 SSBFofl 32403.8
projection_data.dat 4 2030 SSBLCI 74031.5
projection_data.dat 4 2030 SSBUCI 109004
projection_data.dat 4 2030 SSBMedian 84801.9
projection_data.dat 4 2030 SSBMean 87335.3
projection_data.dat 4 2031 SSBF100 92582.3
projection_data.dat 4 2031 SSBFabc 37032.9
projection_data.dat 4 2031 SSBFofl 32403.8
projection_data.dat 4 2031 SSBLCI 66856.6
projection_data.dat 4 2031 SSBUCI 108885
projection_data.dat 4 2031 SSBMedian 81255.9
projection_data.dat 4 2031 SSBMean 83964.9
projection_data.dat 4 2032 SSBF100 92582.3
projection_data.dat 4 2032 SSBFabc 37032.9
projection_data.dat 4 2032 SSBFofl 32403.8
projection_data.dat 4 2032 SSBLCI 61271.2
projection_data.dat 4 2032 SSBUCI 108603
projection_data.dat 4 2032 SSBMedian 78517
projection_data.dat 4 2032 SSBMean 81170.1
projection_data.dat 4 2033 SSBF100 92582.3
projection_data.dat 4 2033 SSBFabc 37032.9
projection_data.dat 4 2033 SSBFofl 32403.8
projection_data.dat 4 2033 SSBLCI 56754.9
projection_data.dat 4 2033 SSBUCI 108461
projection_data.dat 4 2033 SSBMedian 75837
projection_data.dat 4 2033 SSBMean 78896
projection_data.dat 4 2034 SSBF100 92582.3
projection_data.dat 4 2034 SSBFabc 37032.9
projection_data.dat 4 2034 SSBFofl 32403.8
projection_data.dat 4 2034 SSBLCI 52958.3
projection_data.dat 4 2034 SSBUCI 108892
projection_data.dat 4 2034 SSBMedian 74157.9
projection_data.dat 4 2034 SSBMean 77046.1
projection_data.dat 4 2035 SSBF100 92582.3
projection_data.dat 4 2035 SSBFabc 37032.9
projection_data.dat 4 2035 SSBFofl 32403.8
projection_data.dat 4 2035 SSBLCI 49679.9
projection_data.dat 4 2035 SSBUCI 109357
projection_data.dat 4 2035 SSBMedian 72822.7
projection_data.dat 4 2035 SSBMean 75522.2
projection_data.dat 4 2036 SSBF100 92582.3
projection_data.dat 4 2036 SSBFabc 37032.9
projection_data.dat 4 2036 SSBFofl 32403.8
projection_data.dat 4 2036 SSBLCI 48170.6
projection_data.dat 4 2036 SSBUCI 109153
projection_data.dat 4 2036 SSBMedian 71537.5
projection_data.dat 4 2036 SSBMean 74250.4
projection_data.dat 4 2022 F0 0 
projection_data.dat 4 2022 Fabc 0.288462
projection_data.dat 4 2022 Fofl 0.361865
projection_data.dat 4 2022  F_LCI 0.00375902
projection_data.dat 4 2022  F_UCI 0.00375902
projection_data.dat 4 2022  F_Median 0.00375902
projection_data.dat 4 2022  F_Mean 0.00375902
projection_data.dat 4 2023 F0 0 
projection_data.dat 4 2023 Fabc 0.288462
projection_data.dat 4 2023 Fofl 0.361865
projection_data.dat 4 2023  F_LCI 0.00306432
projection_data.dat 4 2023  F_UCI 0.00306669
projection_data.dat 4 2023  F_Median 0.00306629
projection_data.dat 4 2023  F_Mean 0.00306599
projection_data.dat 4 2024 F0 0 
projection_data.dat 4 2024 Fabc 0.288462
projection_data.dat 4 2024 Fofl 0.361865
projection_data.dat 4 2024  F_LCI 0.00499093
projection_data.dat 4 2024  F_UCI 0.0050107
projection_data.dat 4 2024  F_Median 0.00500673
projection_data.dat 4 2024  F_Mean 0.00500448
projection_data.dat 4 2025 F0 0 
projection_data.dat 4 2025 Fabc 0.288462
projection_data.dat 4 2025 Fofl 0.361865
projection_data.dat 4 2025  F_LCI 0.00683258
projection_data.dat 4 2025  F_UCI 0.0069296
projection_data.dat 4 2025  F_Median 0.00690862
projection_data.dat 4 2025  F_Mean 0.00689801
projection_data.dat 4 2026 F0 0 
projection_data.dat 4 2026 Fabc 0.288462
projection_data.dat 4 2026 Fofl 0.361865
projection_data.dat 4 2026  F_LCI 0.00663202
projection_data.dat 4 2026  F_UCI 0.00689302
projection_data.dat 4 2026  F_Median 0.00683084
projection_data.dat 4 2026  F_Mean 0.00680371
projection_data.dat 4 2027 F0 0 
projection_data.dat 4 2027 Fabc 0.288462
projection_data.dat 4 2027 Fofl 0.361865
projection_data.dat 4 2027  F_LCI 0.0620477
projection_data.dat 4 2027  F_UCI 0.0620477
projection_data.dat 4 2027  F_Median 0.0620477
projection_data.dat 4 2027  F_Mean 0.0620477
projection_data.dat 4 2028 F0 0 
projection_data.dat 4 2028 Fabc 0.288462
projection_data.dat 4 2028 Fofl 0.361865
projection_data.dat 4 2028  F_LCI 0.0620477
projection_data.dat 4 2028  F_UCI 0.0620477
projection_data.dat 4 2028  F_Median 0.0620477
projection_data.dat 4 2028  F_Mean 0.0620477
projection_data.dat 4 2029 F0 0 
projection_data.dat 4 2029 Fabc 0.288462
projection_data.dat 4 2029 Fofl 0.361865
projection_data.dat 4 2029  F_LCI 0.0620477
projection_data.dat 4 2029  F_UCI 0.0620477
projection_data.dat 4 2029  F_Median 0.0620477
projection_data.dat 4 2029  F_Mean 0.0620477
projection_data.dat 4 2030 F0 0 
projection_data.dat 4 2030 Fabc 0.288462
projection_data.dat 4 2030 Fofl 0.361865
projection_data.dat 4 2030  F_LCI 0.0620477
projection_data.dat 4 2030  F_UCI 0.0620477
projection_data.dat 4 2030  F_Median 0.0620477
projection_data.dat 4 2030  F_Mean 0.0620477
projection_data.dat 4 2031 F0 0 
projection_data.dat 4 2031 Fabc 0.288462
projection_data.dat 4 2031 Fofl 0.361865
projection_data.dat 4 2031  F_LCI 0.0620477
projection_data.dat 4 2031  F_UCI 0.0620477
projection_data.dat 4 2031  F_Median 0.0620477
projection_data.dat 4 2031  F_Mean 0.0620477
projection_data.dat 4 2032 F0 0 
projection_data.dat 4 2032 Fabc 0.288462
projection_data.dat 4 2032 Fofl 0.361865
projection_data.dat 4 2032  F_LCI 0.0620477
projection_data.dat 4 2032  F_UCI 0.0620477
projection_data.dat 4 2032  F_Median 0.0620477
projection_data.dat 4 2032  F_Mean 0.0620477
projection_data.dat 4 2033 F0 0 
projection_data.dat 4 2033 Fabc 0.288462
projection_data.dat 4 2033 Fofl 0.361865
projection_data.dat 4 2033  F_LCI 0.0620477
projection_data.dat 4 2033  F_UCI 0.0620477
projection_data.dat 4 2033  F_Median 0.0620477
projection_data.dat 4 2033  F_Mean 0.0620477
projection_data.dat 4 2034 F0 0 
projection_data.dat 4 2034 Fabc 0.288462
projection_data.dat 4 2034 Fofl 0.361865
projection_data.dat 4 2034  F_LCI 0.0620477
projection_data.dat 4 2034  F_UCI 0.0620477
projection_data.dat 4 2034  F_Median 0.0620477
projection_data.dat 4 2034  F_Mean 0.0620477
projection_data.dat 4 2035 F0 0 
projection_data.dat 4 2035 Fabc 0.288462
projection_data.dat 4 2035 Fofl 0.361865
projection_data.dat 4 2035  F_LCI 0.0620477
projection_data.dat 4 2035  F_UCI 0.0620477
projection_data.dat 4 2035  F_Median 0.0620477
projection_data.dat 4 2035  F_Mean 0.0620477
projection_data.dat 4 2036 F0 0 
projection_data.dat 4 2036 Fabc 0.288462
projection_data.dat 4 2036 Fofl 0.361865
projection_data.dat 4 2036  F_LCI 0.0620477
projection_data.dat 4 2036  F_UCI 0.0620477
projection_data.dat 4 2036  F_Median 0.0620477
projection_data.dat 4 2036  F_Mean 0.0620477
projection_data.dat 5 2022 Cabc 16811.6
projection_data.dat 5 2022 Cofl 18279
projection_data.dat 5 2022 CLCI 564
projection_data.dat 5 2022 CUCI 564
projection_data.dat 5 2022 CMedian 564
projection_data.dat 5 2022 CMean 564
projection_data.dat 5 2022 CStdn 2.38742e-12
projection_data.dat 5 2023 Cabc 16811.6
projection_data.dat 5 2023 Cofl 18279
projection_data.dat 5 2023 CLCI 470
projection_data.dat 5 2023 CUCI 470
projection_data.dat 5 2023 CMedian 470
projection_data.dat 5 2023 CMean 470
projection_data.dat 5 2023 CStdn 1.28381e-07
projection_data.dat 5 2024 Cabc 16811.6
projection_data.dat 5 2024 Cofl 18279
projection_data.dat 5 2024 CLCI 785.999
projection_data.dat 5 2024 CUCI 785.999
projection_data.dat 5 2024 CMedian 785.999
projection_data.dat 5 2024 CMean 785.999
projection_data.dat 5 2024 CStdn 1.78485e-06
projection_data.dat 5 2025 Cabc 16811.6
projection_data.dat 5 2025 Cofl 18279
projection_data.dat 5 2025 CLCI 1108
projection_data.dat 5 2025 CUCI 1108
projection_data.dat 5 2025 CMedian 1108
projection_data.dat 5 2025 CMean 1108
projection_data.dat 5 2025 CStdn 2.99066e-05
projection_data.dat 5 2026 Cabc 16811.6
projection_data.dat 5 2026 Cofl 18279
projection_data.dat 5 2026 CLCI 1108
projection_data.dat 5 2026 CUCI 1108
projection_data.dat 5 2026 CMedian 1108
projection_data.dat 5 2026 CMean 1108
projection_data.dat 5 2026 CStdn 6.53086e-05
projection_data.dat 5 2027 Cabc 16811.6
projection_data.dat 5 2027 Cofl 18279
projection_data.dat 5 2027 CLCI 0
projection_data.dat 5 2027 CUCI 0
projection_data.dat 5 2027 CMedian 0
projection_data.dat 5 2027 CMean 0
projection_data.dat 5 2027 CStdn 0
projection_data.dat 5 2028 Cabc 16811.6
projection_data.dat 5 2028 Cofl 18279
projection_data.dat 5 2028 CLCI 0
projection_data.dat 5 2028 CUCI 0
projection_data.dat 5 2028 CMedian 0
projection_data.dat 5 2028 CMean 0
projection_data.dat 5 2028 CStdn 0
projection_data.dat 5 2029 Cabc 16811.6
projection_data.dat 5 2029 Cofl 18279
projection_data.dat 5 2029 CLCI 0
projection_data.dat 5 2029 CUCI 0
projection_data.dat 5 2029 CMedian 0
projection_data.dat 5 2029 CMean 0
projection_data.dat 5 2029 CStdn 0
projection_data.dat 5 2030 Cabc 16811.6
projection_data.dat 5 2030 Cofl 18279
projection_data.dat 5 2030 CLCI 0
projection_data.dat 5 2030 CUCI 0
projection_data.dat 5 2030 CMedian 0
projection_data.dat 5 2030 CMean 0
projection_data.dat 5 2030 CStdn 0
projection_data.dat 5 2031 Cabc 16811.6
projection_data.dat 5 2031 Cofl 18279
projection_data.dat 5 2031 CLCI 0
projection_data.dat 5 2031 CUCI 0
projection_data.dat 5 2031 CMedian 0
projection_data.dat 5 2031 CMean 0
projection_data.dat 5 2031 CStdn 0
projection_data.dat 5 2032 Cabc 16811.6
projection_data.dat 5 2032 Cofl 18279
projection_data.dat 5 2032 CLCI 0
projection_data.dat 5 2032 CUCI 0
projection_data.dat 5 2032 CMedian 0
projection_data.dat 5 2032 CMean 0
projection_data.dat 5 2032 CStdn 0
projection_data.dat 5 2033 Cabc 16811.6
projection_data.dat 5 2033 Cofl 18279
projection_data.dat 5 2033 CLCI 0
projection_data.dat 5 2033 CUCI 0
projection_data.dat 5 2033 CMedian 0
projection_data.dat 5 2033 CMean 0
projection_data.dat 5 2033 CStdn 0
projection_data.dat 5 2034 Cabc 16811.6
projection_data.dat 5 2034 Cofl 18279
projection_data.dat 5 2034 CLCI 0
projection_data.dat 5 2034 CUCI 0
projection_data.dat 5 2034 CMedian 0
projection_data.dat 5 2034 CMean 0
projection_data.dat 5 2034 CStdn 0
projection_data.dat 5 2035 Cabc 16811.6
projection_data.dat 5 2035 Cofl 18279
projection_data.dat 5 2035 CLCI 0
projection_data.dat 5 2035 CUCI 0
projection_data.dat 5 2035 CMedian 0
projection_data.dat 5 2035 CMean 0
projection_data.dat 5 2035 CStdn 0
projection_data.dat 5 2036 Cabc 16811.6
projection_data.dat 5 2036 Cofl 18279
projection_data.dat 5 2036 CLCI 0
projection_data.dat 5 2036 CUCI 0
projection_data.dat 5 2036 CMedian 0
projection_data.dat 5 2036 CMean 0
projection_data.dat 5 2036 CStdn 0
projection_data.dat 5 2022 SSBF100 92582.3
projection_data.dat 5 2022 SSBFabc 37032.9
projection_data.dat 5 2022 SSBFofl 32403.8
projection_data.dat 5 2022 SSBLCI 91834.4
projection_data.dat 5 2022 SSBUCI 91834.4
projection_data.dat 5 2022 SSBMedian 91834.4
projection_data.dat 5 2022 SSBMean 91834.4
projection_data.dat 5 2023 SSBF100 92582.3
projection_data.dat 5 2023 SSBFabc 37032.9
projection_data.dat 5 2023 SSBFofl 32403.8
projection_data.dat 5 2023 SSBLCI 94085.4
projection_data.dat 5 2023 SSBUCI 94189.7
projection_data.dat 5 2023 SSBMedian 94102.8
projection_data.dat 5 2023 SSBMean 94116.1
projection_data.dat 5 2024 SSBF100 92582.3
projection_data.dat 5 2024 SSBFabc 37032.9
projection_data.dat 5 2024 SSBFofl 32403.8
projection_data.dat 5 2024 SSBLCI 96518.3
projection_data.dat 5 2024 SSBUCI 96972
projection_data.dat 5 2024 SSBMedian 96608.6
projection_data.dat 5 2024 SSBMean 96660.8
projection_data.dat 5 2025 SSBF100 92582.3
projection_data.dat 5 2025 SSBFabc 37032.9
projection_data.dat 5 2025 SSBFofl 32403.8
projection_data.dat 5 2025 SSBLCI 98436.8
projection_data.dat 5 2025 SSBUCI 99819.5
projection_data.dat 5 2025 SSBMedian 98747.2
projection_data.dat 5 2025 SSBMean 98899.3
projection_data.dat 5 2026 SSBF100 92582.3
projection_data.dat 5 2026 SSBFabc 37032.9
projection_data.dat 5 2026 SSBFofl 32403.8
projection_data.dat 5 2026 SSBLCI 98939
projection_data.dat 5 2026 SSBUCI 102507
projection_data.dat 5 2026 SSBMedian 99794
projection_data.dat 5 2026 SSBMean 100175
projection_data.dat 5 2027 SSBF100 92582.3
projection_data.dat 5 2027 SSBFabc 37032.9
projection_data.dat 5 2027 SSBFofl 32403.8
projection_data.dat 5 2027 SSBLCI 97608.6
projection_data.dat 5 2027 SSBUCI 105609
projection_data.dat 5 2027 SSBMedian 99572.6
projection_data.dat 5 2027 SSBMean 100427
projection_data.dat 5 2028 SSBF100 92582.3
projection_data.dat 5 2028 SSBFabc 37032.9
projection_data.dat 5 2028 SSBFofl 32403.8
projection_data.dat 5 2028 SSBLCI 94968.4
projection_data.dat 5 2028 SSBUCI 110083
projection_data.dat 5 2028 SSBMedian 99058.3
projection_data.dat 5 2028 SSBMean 100495
projection_data.dat 5 2029 SSBF100 92582.3
projection_data.dat 5 2029 SSBFabc 37032.9
projection_data.dat 5 2029 SSBFofl 32403.8
projection_data.dat 5 2029 SSBLCI 90858.6
projection_data.dat 5 2029 SSBUCI 116876
projection_data.dat 5 2029 SSBMedian 98069
projection_data.dat 5 2029 SSBMean 100138
projection_data.dat 5 2030 SSBF100 92582.3
projection_data.dat 5 2030 SSBFabc 37032.9
projection_data.dat 5 2030 SSBFofl 32403.8
projection_data.dat 5 2030 SSBLCI 85751.4
projection_data.dat 5 2030 SSBUCI 122282
projection_data.dat 5 2030 SSBMedian 96883.5
projection_data.dat 5 2030 SSBMean 99548.8
projection_data.dat 5 2031 SSBF100 92582.3
projection_data.dat 5 2031 SSBFabc 37032.9
projection_data.dat 5 2031 SSBFofl 32403.8
projection_data.dat 5 2031 SSBLCI 80813.3
projection_data.dat 5 2031 SSBUCI 125835
projection_data.dat 5 2031 SSBMedian 95829
projection_data.dat 5 2031 SSBMean 98869.5
projection_data.dat 5 2032 SSBF100 92582.3
projection_data.dat 5 2032 SSBFabc 37032.9
projection_data.dat 5 2032 SSBFofl 32403.8
projection_data.dat 5 2032 SSBLCI 76492.6
projection_data.dat 5 2032 SSBUCI 128222
projection_data.dat 5 2032 SSBMedian 95295.7
projection_data.dat 5 2032 SSBMean 98198.4
projection_data.dat 5 2033 SSBF100 92582.3
projection_data.dat 5 2033 SSBFabc 37032.9
projection_data.dat 5 2033 SSBFofl 32403.8
projection_data.dat 5 2033 SSBLCI 73237.5
projection_data.dat 5 2033 SSBUCI 130562
projection_data.dat 5 2033 SSBMedian 94210.4
projection_data.dat 5 2033 SSBMean 97569.3
projection_data.dat 5 2034 SSBF100 92582.3
projection_data.dat 5 2034 SSBFabc 37032.9
projection_data.dat 5 2034 SSBFofl 32403.8
projection_data.dat 5 2034 SSBLCI 69768.2
projection_data.dat 5 2034 SSBUCI 132519
projection_data.dat 5 2034 SSBMedian 93573.3
projection_data.dat 5 2034 SSBMean 96981.1
projection_data.dat 5 2035 SSBF100 92582.3
projection_data.dat 5 2035 SSBFabc 37032.9
projection_data.dat 5 2035 SSBFofl 32403.8
projection_data.dat 5 2035 SSBLCI 66709.8
projection_data.dat 5 2035 SSBUCI 135445
projection_data.dat 5 2035 SSBMedian 93363.5
projection_data.dat 5 2035 SSBMean 96415.8
projection_data.dat 5 2036 SSBF100 92582.3
projection_data.dat 5 2036 SSBFabc 37032.9
projection_data.dat 5 2036 SSBFofl 32403.8
projection_data.dat 5 2036 SSBLCI 65316
projection_data.dat 5 2036 SSBUCI 136543
projection_data.dat 5 2036 SSBMedian 92589.2
projection_data.dat 5 2036 SSBMean 95863.5
projection_data.dat 5 2022 F0 0 
projection_data.dat 5 2022 Fabc 0.288462
projection_data.dat 5 2022 Fofl 0.361865
projection_data.dat 5 2022  F_LCI 0.00375902
projection_data.dat 5 2022  F_UCI 0.00375902
projection_data.dat 5 2022  F_Median 0.00375902
projection_data.dat 5 2022  F_Mean 0.00375902
projection_data.dat 5 2023 F0 0 
projection_data.dat 5 2023 Fabc 0.288462
projection_data.dat 5 2023 Fofl 0.361865
projection_data.dat 5 2023  F_LCI 0.00306432
projection_data.dat 5 2023  F_UCI 0.00306669
projection_data.dat 5 2023  F_Median 0.00306629
projection_data.dat 5 2023  F_Mean 0.00306599
projection_data.dat 5 2024 F0 0 
projection_data.dat 5 2024 Fabc 0.288462
projection_data.dat 5 2024 Fofl 0.361865
projection_data.dat 5 2024  F_LCI 0.00499093
projection_data.dat 5 2024  F_UCI 0.0050107
projection_data.dat 5 2024  F_Median 0.00500673
projection_data.dat 5 2024  F_Mean 0.00500448
projection_data.dat 5 2025 F0 0 
projection_data.dat 5 2025 Fabc 0.288462
projection_data.dat 5 2025 Fofl 0.361865
projection_data.dat 5 2025  F_LCI 0.00683258
projection_data.dat 5 2025  F_UCI 0.0069296
projection_data.dat 5 2025  F_Median 0.00690862
projection_data.dat 5 2025  F_Mean 0.00689801
projection_data.dat 5 2026 F0 0 
projection_data.dat 5 2026 Fabc 0.288462
projection_data.dat 5 2026 Fofl 0.361865
projection_data.dat 5 2026  F_LCI 0.00663202
projection_data.dat 5 2026  F_UCI 0.00689302
projection_data.dat 5 2026  F_Median 0.00683084
projection_data.dat 5 2026  F_Mean 0.00680371
projection_data.dat 5 2027 F0 0 
projection_data.dat 5 2027 Fabc 0.288462
projection_data.dat 5 2027 Fofl 0.361865
projection_data.dat 5 2027  F_LCI 0
projection_data.dat 5 2027  F_UCI 0
projection_data.dat 5 2027  F_Median 0
projection_data.dat 5 2027  F_Mean 0
projection_data.dat 5 2028 F0 0 
projection_data.dat 5 2028 Fabc 0.288462
projection_data.dat 5 2028 Fofl 0.361865
projection_data.dat 5 2028  F_LCI 0
projection_data.dat 5 2028  F_UCI 0
projection_data.dat 5 2028  F_Median 0
projection_data.dat 5 2028  F_Mean 0
projection_data.dat 5 2029 F0 0 
projection_data.dat 5 2029 Fabc 0.288462
projection_data.dat 5 2029 Fofl 0.361865
projection_data.dat 5 2029  F_LCI 0
projection_data.dat 5 2029  F_UCI 0
projection_data.dat 5 2029  F_Median 0
projection_data.dat 5 2029  F_Mean 0
projection_data.dat 5 2030 F0 0 
projection_data.dat 5 2030 Fabc 0.288462
projection_data.dat 5 2030 Fofl 0.361865
projection_data.dat 5 2030  F_LCI 0
projection_data.dat 5 2030  F_UCI 0
projection_data.dat 5 2030  F_Median 0
projection_data.dat 5 2030  F_Mean 0
projection_data.dat 5 2031 F0 0 
projection_data.dat 5 2031 Fabc 0.288462
projection_data.dat 5 2031 Fofl 0.361865
projection_data.dat 5 2031  F_LCI 0
projection_data.dat 5 2031  F_UCI 0
projection_data.dat 5 2031  F_Median 0
projection_data.dat 5 2031  F_Mean 0
projection_data.dat 5 2032 F0 0 
projection_data.dat 5 2032 Fabc 0.288462
projection_data.dat 5 2032 Fofl 0.361865
projection_data.dat 5 2032  F_LCI 0
projection_data.dat 5 2032  F_UCI 0
projection_data.dat 5 2032  F_Median 0
projection_data.dat 5 2032  F_Mean 0
projection_data.dat 5 2033 F0 0 
projection_data.dat 5 2033 Fabc 0.288462
projection_data.dat 5 2033 Fofl 0.361865
projection_data.dat 5 2033  F_LCI 0
projection_data.dat 5 2033  F_UCI 0
projection_data.dat 5 2033  F_Median 0
projection_data.dat 5 2033  F_Mean 0
projection_data.dat 5 2034 F0 0 
projection_data.dat 5 2034 Fabc 0.288462
projection_data.dat 5 2034 Fofl 0.361865
projection_data.dat 5 2034  F_LCI 0
projection_data.dat 5 2034  F_UCI 0
projection_data.dat 5 2034  F_Median 0
projection_data.dat 5 2034  F_Mean 0
projection_data.dat 5 2035 F0 0 
projection_data.dat 5 2035 Fabc 0.288462
projection_data.dat 5 2035 Fofl 0.361865
projection_data.dat 5 2035  F_LCI 0
projection_data.dat 5 2035  F_UCI 0
projection_data.dat 5 2035  F_Median 0
projection_data.dat 5 2035  F_Mean 0
projection_data.dat 5 2036 F0 0 
projection_data.dat 5 2036 Fabc 0.288462
projection_data.dat 5 2036 Fofl 0.361865
projection_data.dat 5 2036  F_LCI 0
projection_data.dat 5 2036  F_UCI 0
projection_data.dat 5 2036  F_Median 0
projection_data.dat 5 2036  F_Mean 0
projection_data.dat 6 2022 Cabc 16811.6
projection_data.dat 6 2022 Cofl 18279
projection_data.dat 6 2022 CLCI 564
projection_data.dat 6 2022 CUCI 564
projection_data.dat 6 2022 CMedian 564
projection_data.dat 6 2022 CMean 564
projection_data.dat 6 2022 CStdn 2.38742e-12
projection_data.dat 6 2023 Cabc 16811.6
projection_data.dat 6 2023 Cofl 18279
projection_data.dat 6 2023 CLCI 48177.6
projection_data.dat 6 2023 CUCI 48220.1
projection_data.dat 6 2023 CMedian 48184.7
projection_data.dat 6 2023 CMean 48190.1
projection_data.dat 6 2023 CStdn 16.1476
projection_data.dat 6 2024 Cabc 16811.6
projection_data.dat 6 2024 Cofl 18279
projection_data.dat 6 2024 CLCI 38059.3
projection_data.dat 6 2024 CUCI 38280.1
projection_data.dat 6 2024 CMedian 38103.7
projection_data.dat 6 2024 CMean 38129.5
projection_data.dat 6 2024 CStdn 82.7143
projection_data.dat 6 2025 Cabc 16811.6
projection_data.dat 6 2025 Cofl 18279
projection_data.dat 6 2025 CLCI 31311.9
projection_data.dat 6 2025 CUCI 32119
projection_data.dat 6 2025 CMedian 31485.3
projection_data.dat 6 2025 CMean 31574.5
projection_data.dat 6 2025 CStdn 294.852
projection_data.dat 6 2026 Cabc 16811.6
projection_data.dat 6 2026 Cofl 18279
projection_data.dat 6 2026 CLCI 26187
projection_data.dat 6 2026 CUCI 28382.4
projection_data.dat 6 2026 CMedian 26700.4
projection_data.dat 6 2026 CMean 26934.6
projection_data.dat 6 2026 CStdn 796.346
projection_data.dat 6 2027 Cabc 16811.6
projection_data.dat 6 2027 Cofl 18279
projection_data.dat 6 2027 CLCI 21806.1
projection_data.dat 6 2027 CUCI 26640.9
projection_data.dat 6 2027 CMedian 22999.6
projection_data.dat 6 2027 CMean 23496
projection_data.dat 6 2027 CStdn 1695.49
projection_data.dat 6 2028 Cabc 16811.6
projection_data.dat 6 2028 Cofl 18279
projection_data.dat 6 2028 CLCI 17543.7
projection_data.dat 6 2028 CUCI 26733.5
projection_data.dat 6 2028 CMedian 20331.1
projection_data.dat 6 2028 CMean 21034
projection_data.dat 6 2028 CStdn 2971.14
projection_data.dat 6 2029 Cabc 16811.6
projection_data.dat 6 2029 Cofl 18279
projection_data.dat 6 2029 CLCI 12267.9
projection_data.dat 6 2029 CUCI 27281.4
projection_data.dat 6 2029 CMedian 18289
projection_data.dat 6 2029 CMean 18734.2
projection_data.dat 6 2029 CStdn 4850.71
projection_data.dat 6 2030 Cabc 16811.6
projection_data.dat 6 2030 Cofl 18279
projection_data.dat 6 2030 CLCI 9525.69
projection_data.dat 6 2030 CUCI 28026.9
projection_data.dat 6 2030 CMedian 16388
projection_data.dat 6 2030 CMean 17406.4
projection_data.dat 6 2030 CStdn 5983.05
projection_data.dat 6 2031 Cabc 16811.6
projection_data.dat 6 2031 Cofl 18279
projection_data.dat 6 2031 CLCI 8085.33
projection_data.dat 6 2031 CUCI 27992.4
projection_data.dat 6 2031 CMedian 15805.9
projection_data.dat 6 2031 CMean 16813.4
projection_data.dat 6 2031 CStdn 6542.97
projection_data.dat 6 2032 Cabc 16811.6
projection_data.dat 6 2032 Cofl 18279
projection_data.dat 6 2032 CLCI 7605.4
projection_data.dat 6 2032 CUCI 28053
projection_data.dat 6 2032 CMedian 15499.5
projection_data.dat 6 2032 CMean 16575.3
projection_data.dat 6 2032 CStdn 6830.04
projection_data.dat 6 2033 Cabc 16811.6
projection_data.dat 6 2033 Cofl 18279
projection_data.dat 6 2033 CLCI 7287.53
projection_data.dat 6 2033 CUCI 27816.1
projection_data.dat 6 2033 CMedian 15500.1
projection_data.dat 6 2033 CMean 16512.2
projection_data.dat 6 2033 CStdn 6951.83
projection_data.dat 6 2034 Cabc 16811.6
projection_data.dat 6 2034 Cofl 18279
projection_data.dat 6 2034 CLCI 6950.75
projection_data.dat 6 2034 CUCI 28637.8
projection_data.dat 6 2034 CMedian 15373
projection_data.dat 6 2034 CMean 16477
projection_data.dat 6 2034 CStdn 6930.59
projection_data.dat 6 2035 Cabc 16811.6
projection_data.dat 6 2035 Cofl 18279
projection_data.dat 6 2035 CLCI 7083.81
projection_data.dat 6 2035 CUCI 29027.2
projection_data.dat 6 2035 CMedian 15269.9
projection_data.dat 6 2035 CMean 16430.3
projection_data.dat 6 2035 CStdn 6839.71
projection_data.dat 6 2036 Cabc 16811.6
projection_data.dat 6 2036 Cofl 18279
projection_data.dat 6 2036 CLCI 7338.89
projection_data.dat 6 2036 CUCI 29606.7
projection_data.dat 6 2036 CMedian 15057.2
projection_data.dat 6 2036 CMean 16369.8
projection_data.dat 6 2036 CStdn 6814.91
projection_data.dat 6 2022 SSBF100 92582.3
projection_data.dat 6 2022 SSBFabc 37032.9
projection_data.dat 6 2022 SSBFofl 32403.8
projection_data.dat 6 2022 SSBLCI 91834.4
projection_data.dat 6 2022 SSBUCI 91834.4
projection_data.dat 6 2022 SSBMedian 91834.4
projection_data.dat 6 2022 SSBMean 91834.4
projection_data.dat 6 2023 SSBF100 92582.3
projection_data.dat 6 2023 SSBFabc 37032.9
projection_data.dat 6 2023 SSBFofl 32403.8
projection_data.dat 6 2023 SSBLCI 94085.4
projection_data.dat 6 2023 SSBUCI 94189.7
projection_data.dat 6 2023 SSBMedian 94102.8
projection_data.dat 6 2023 SSBMean 94116.1
projection_data.dat 6 2024 SSBF100 92582.3
projection_data.dat 6 2024 SSBFabc 37032.9
projection_data.dat 6 2024 SSBFofl 32403.8
projection_data.dat 6 2024 SSBLCI 74289.2
projection_data.dat 6 2024 SSBUCI 74742.2
projection_data.dat 6 2024 SSBMedian 74379.5
projection_data.dat 6 2024 SSBMean 74431.5
projection_data.dat 6 2025 SSBF100 92582.3
projection_data.dat 6 2025 SSBFabc 37032.9
projection_data.dat 6 2025 SSBFofl 32403.8
projection_data.dat 6 2025 SSBLCI 61189.5
projection_data.dat 6 2025 SSBUCI 62564
projection_data.dat 6 2025 SSBMedian 61498.7
projection_data.dat 6 2025 SSBMean 61649.8
projection_data.dat 6 2026 SSBF100 92582.3
projection_data.dat 6 2026 SSBFabc 37032.9
projection_data.dat 6 2026 SSBFofl 32403.8
projection_data.dat 6 2026 SSBLCI 51429.1
projection_data.dat 6 2026 SSBUCI 54936.3
projection_data.dat 6 2026 SSBMedian 52273.3
projection_data.dat 6 2026 SSBMean 52648.2
projection_data.dat 6 2027 SSBF100 92582.3
projection_data.dat 6 2027 SSBFabc 37032.9
projection_data.dat 6 2027 SSBFofl 32403.8
projection_data.dat 6 2027 SSBLCI 43209
projection_data.dat 6 2027 SSBUCI 50907.9
projection_data.dat 6 2027 SSBMedian 45132.3
projection_data.dat 6 2027 SSBMean 45934
projection_data.dat 6 2028 SSBF100 92582.3
projection_data.dat 6 2028 SSBFabc 37032.9
projection_data.dat 6 2028 SSBFofl 32403.8
projection_data.dat 6 2028 SSBLCI 36026.9
projection_data.dat 6 2028 SSBUCI 50144.3
projection_data.dat 6 2028 SSBMedian 39898.5
projection_data.dat 6 2028 SSBMean 41169.9
projection_data.dat 6 2029 SSBF100 92582.3
projection_data.dat 6 2029 SSBFabc 37032.9
projection_data.dat 6 2029 SSBFofl 32403.8
projection_data.dat 6 2029 SSBLCI 30068
projection_data.dat 6 2029 SSBUCI 51709
projection_data.dat 6 2029 SSBMedian 36357.5
projection_data.dat 6 2029 SSBMean 38064.2
projection_data.dat 6 2030 SSBF100 92582.3
projection_data.dat 6 2030 SSBFabc 37032.9
projection_data.dat 6 2030 SSBFofl 32403.8
projection_data.dat 6 2030 SSBLCI 26432.9
projection_data.dat 6 2030 SSBUCI 52376.4
projection_data.dat 6 2030 SSBMedian 34268.1
projection_data.dat 6 2030 SSBMean 36427.3
projection_data.dat 6 2031 SSBF100 92582.3
projection_data.dat 6 2031 SSBFabc 37032.9
projection_data.dat 6 2031 SSBFofl 32403.8
projection_data.dat 6 2031 SSBLCI 24267.8
projection_data.dat 6 2031 SSBUCI 53158
projection_data.dat 6 2031 SSBMedian 33604
projection_data.dat 6 2031 SSBMean 35648.4
projection_data.dat 6 2032 SSBF100 92582.3
projection_data.dat 6 2032 SSBFabc 37032.9
projection_data.dat 6 2032 SSBFofl 32403.8
projection_data.dat 6 2032 SSBLCI 23486.3
projection_data.dat 6 2032 SSBUCI 52659.6
projection_data.dat 6 2032 SSBMedian 33200.8
projection_data.dat 6 2032 SSBMean 35313.1
projection_data.dat 6 2033 SSBF100 92582.3
projection_data.dat 6 2033 SSBFabc 37032.9
projection_data.dat 6 2033 SSBFofl 32403.8
projection_data.dat 6 2033 SSBLCI 22945
projection_data.dat 6 2033 SSBUCI 53309.2
projection_data.dat 6 2033 SSBMedian 33239
projection_data.dat 6 2033 SSBMean 35195
projection_data.dat 6 2034 SSBF100 92582.3
projection_data.dat 6 2034 SSBFabc 37032.9
projection_data.dat 6 2034 SSBFofl 32403.8
projection_data.dat 6 2034 SSBLCI 22358.5
projection_data.dat 6 2034 SSBUCI 54473.7
projection_data.dat 6 2034 SSBMedian 32869.1
projection_data.dat 6 2034 SSBMean 35136.2
projection_data.dat 6 2035 SSBF100 92582.3
projection_data.dat 6 2035 SSBFabc 37032.9
projection_data.dat 6 2035 SSBFofl 32403.8
projection_data.dat 6 2035 SSBLCI 22415.4
projection_data.dat 6 2035 SSBUCI 54847.8
projection_data.dat 6 2035 SSBMedian 32861.5
projection_data.dat 6 2035 SSBMean 35067.8
projection_data.dat 6 2036 SSBF100 92582.3
projection_data.dat 6 2036 SSBFabc 37032.9
projection_data.dat 6 2036 SSBFofl 32403.8
projection_data.dat 6 2036 SSBLCI 23009.5
projection_data.dat 6 2036 SSBUCI 55406.7
projection_data.dat 6 2036 SSBMedian 32513.9
projection_data.dat 6 2036 SSBMean 34973.9
projection_data.dat 6 2022 F0 0 
projection_data.dat 6 2022 Fabc 0.288462
projection_data.dat 6 2022 Fofl 0.361865
projection_data.dat 6 2022  F_LCI 0.00375902
projection_data.dat 6 2022  F_UCI 0.00375902
projection_data.dat 6 2022  F_Median 0.00375902
projection_data.dat 6 2022  F_Mean 0.00375902
projection_data.dat 6 2023 F0 0 
projection_data.dat 6 2023 Fabc 0.288462
projection_data.dat 6 2023 Fofl 0.361865
projection_data.dat 6 2023  F_LCI 0.361864
projection_data.dat 6 2023  F_UCI 0.361864
projection_data.dat 6 2023  F_Median 0.361864
projection_data.dat 6 2023  F_Mean 0.361864
projection_data.dat 6 2024 F0 0 
projection_data.dat 6 2024 Fabc 0.288462
projection_data.dat 6 2024 Fofl 0.361865
projection_data.dat 6 2024  F_LCI 0.361864
projection_data.dat 6 2024  F_UCI 0.361864
projection_data.dat 6 2024  F_Median 0.361864
projection_data.dat 6 2024  F_Mean 0.361864
projection_data.dat 6 2025 F0 0 
projection_data.dat 6 2025 Fabc 0.288462
projection_data.dat 6 2025 Fofl 0.361865
projection_data.dat 6 2025  F_LCI 0.361864
projection_data.dat 6 2025  F_UCI 0.361864
projection_data.dat 6 2025  F_Median 0.361864
projection_data.dat 6 2025  F_Mean 0.361864
projection_data.dat 6 2026 F0 0 
projection_data.dat 6 2026 Fabc 0.288462
projection_data.dat 6 2026 Fofl 0.361865
projection_data.dat 6 2026  F_LCI 0.361864
projection_data.dat 6 2026  F_UCI 0.361864
projection_data.dat 6 2026  F_Median 0.361864
projection_data.dat 6 2026  F_Mean 0.361864
projection_data.dat 6 2027 F0 0 
projection_data.dat 6 2027 Fabc 0.288462
projection_data.dat 6 2027 Fofl 0.361865
projection_data.dat 6 2027  F_LCI 0.361865
projection_data.dat 6 2027  F_UCI 0.361865
projection_data.dat 6 2027  F_Median 0.361865
projection_data.dat 6 2027  F_Mean 0.361865
projection_data.dat 6 2028 F0 0 
projection_data.dat 6 2028 Fabc 0.288462
projection_data.dat 6 2028 Fofl 0.361865
projection_data.dat 6 2028  F_LCI 0.351518
projection_data.dat 6 2028  F_UCI 0.361865
projection_data.dat 6 2028  F_Median 0.361865
projection_data.dat 6 2028  F_Mean 0.360657
projection_data.dat 6 2029 F0 0 
projection_data.dat 6 2029 Fabc 0.288462
projection_data.dat 6 2029 Fofl 0.361865
projection_data.dat 6 2029  F_LCI 0.290225
projection_data.dat 6 2029  F_UCI 0.361865
projection_data.dat 6 2029  F_Median 0.354917
projection_data.dat 6 2029  F_Mean 0.340873
projection_data.dat 6 2030 F0 0 
projection_data.dat 6 2030 Fabc 0.288462
projection_data.dat 6 2030 Fofl 0.361865
projection_data.dat 6 2030  F_LCI 0.252836
projection_data.dat 6 2030  F_UCI 0.361865
projection_data.dat 6 2030  F_Median 0.333427
projection_data.dat 6 2030  F_Mean 0.324262
projection_data.dat 6 2031 F0 0 
projection_data.dat 6 2031 Fabc 0.288462
projection_data.dat 6 2031 Fofl 0.361865
projection_data.dat 6 2031  F_LCI 0.230566
projection_data.dat 6 2031  F_UCI 0.361865
projection_data.dat 6 2031  F_Median 0.326596
projection_data.dat 6 2031  F_Mean 0.31582
projection_data.dat 6 2032 F0 0 
projection_data.dat 6 2032 Fabc 0.288462
projection_data.dat 6 2032 Fofl 0.361865
projection_data.dat 6 2032  F_LCI 0.222528
projection_data.dat 6 2032  F_UCI 0.361865
projection_data.dat 6 2032  F_Median 0.322448
projection_data.dat 6 2032  F_Mean 0.31197
projection_data.dat 6 2033 F0 0 
projection_data.dat 6 2033 Fabc 0.288462
projection_data.dat 6 2033 Fofl 0.361865
projection_data.dat 6 2033  F_LCI 0.21696
projection_data.dat 6 2033  F_UCI 0.361865
projection_data.dat 6 2033  F_Median 0.322841
projection_data.dat 6 2033  F_Mean 0.310659
projection_data.dat 6 2034 F0 0 
projection_data.dat 6 2034 Fabc 0.288462
projection_data.dat 6 2034 Fofl 0.361865
projection_data.dat 6 2034  F_LCI 0.210928
projection_data.dat 6 2034  F_UCI 0.361865
projection_data.dat 6 2034  F_Median 0.319036
projection_data.dat 6 2034  F_Mean 0.310027
projection_data.dat 6 2035 F0 0 
projection_data.dat 6 2035 Fabc 0.288462
projection_data.dat 6 2035 Fofl 0.361865
projection_data.dat 6 2035  F_LCI 0.211513
projection_data.dat 6 2035  F_UCI 0.361865
projection_data.dat 6 2035  F_Median 0.318959
projection_data.dat 6 2035  F_Mean 0.309699
projection_data.dat 6 2036 F0 0 
projection_data.dat 6 2036 Fabc 0.288462
projection_data.dat 6 2036 Fofl 0.361865
projection_data.dat 6 2036  F_LCI 0.217623
projection_data.dat 6 2036  F_UCI 0.361865
projection_data.dat 6 2036  F_Median 0.315384
projection_data.dat 6 2036  F_Mean 0.30939
projection_data.dat 7 2022 Cabc 16811.6
projection_data.dat 7 2022 Cofl 18279
projection_data.dat 7 2022 CLCI 564
projection_data.dat 7 2022 CUCI 564
projection_data.dat 7 2022 CMedian 564
projection_data.dat 7 2022 CMean 564
projection_data.dat 7 2022 CStdn 2.38742e-12
projection_data.dat 7 2023 Cabc 16811.6
projection_data.dat 7 2023 Cofl 18279
projection_data.dat 7 2023 CLCI 39494.2
projection_data.dat 7 2023 CUCI 39528.1
projection_data.dat 7 2023 CMedian 39499.9
projection_data.dat 7 2023 CMean 39504.2
projection_data.dat 7 2023 CStdn 12.8743
projection_data.dat 7 2024 Cabc 16811.6
projection_data.dat 7 2024 Cofl 18279
projection_data.dat 7 2024 CLCI 32837.8
projection_data.dat 7 2024 CUCI 33013.9
projection_data.dat 7 2024 CMedian 32873.1
projection_data.dat 7 2024 CMean 32893.8
projection_data.dat 7 2024 CStdn 65.9941
projection_data.dat 7 2025 Cabc 16811.6
projection_data.dat 7 2025 Cofl 18279
projection_data.dat 7 2025 CLCI 34335.9
projection_data.dat 7 2025 CUCI 35144.3
projection_data.dat 7 2025 CMedian 34509.6
projection_data.dat 7 2025 CMean 34598.9
projection_data.dat 7 2025 CStdn 295.267
projection_data.dat 7 2026 Cabc 16811.6
projection_data.dat 7 2026 Cofl 18279
projection_data.dat 7 2026 CLCI 28183
projection_data.dat 7 2026 CUCI 30381.5
projection_data.dat 7 2026 CMedian 28697.3
projection_data.dat 7 2026 CMean 28931.6
projection_data.dat 7 2026 CStdn 797.406
projection_data.dat 7 2027 Cabc 16811.6
projection_data.dat 7 2027 Cofl 18279
projection_data.dat 7 2027 CLCI 23081.4
projection_data.dat 7 2027 CUCI 27918.4
projection_data.dat 7 2027 CMedian 24276.1
projection_data.dat 7 2027 CMean 24773
projection_data.dat 7 2027 CStdn 1697.56
projection_data.dat 7 2028 Cabc 16811.6
projection_data.dat 7 2028 Cofl 18279
projection_data.dat 7 2028 CLCI 18780.5
projection_data.dat 7 2028 CUCI 27525.5
projection_data.dat 7 2028 CMedian 21120
projection_data.dat 7 2028 CMean 21874.3
projection_data.dat 7 2028 CStdn 2915.98
projection_data.dat 7 2029 Cabc 16811.6
projection_data.dat 7 2029 Cofl 18279
projection_data.dat 7 2029 CLCI 12918.4
projection_data.dat 7 2029 CUCI 27770.9
projection_data.dat 7 2029 CMedian 19070.6
projection_data.dat 7 2029 CMean 19393.2
projection_data.dat 7 2029 CStdn 4745.75
projection_data.dat 7 2030 Cabc 16811.6
projection_data.dat 7 2030 Cofl 18279
projection_data.dat 7 2030 CLCI 9781.32
projection_data.dat 7 2030 CUCI 28309.9
projection_data.dat 7 2030 CMedian 16843.6
projection_data.dat 7 2030 CMean 17741.2
projection_data.dat 7 2030 CStdn 5978.89
projection_data.dat 7 2031 Cabc 16811.6
projection_data.dat 7 2031 Cofl 18279
projection_data.dat 7 2031 CLCI 8160.93
projection_data.dat 7 2031 CUCI 28158.6
projection_data.dat 7 2031 CMedian 16015.5
projection_data.dat 7 2031 CMean 16968.8
projection_data.dat 7 2031 CStdn 6561.21
projection_data.dat 7 2032 Cabc 16811.6
projection_data.dat 7 2032 Cofl 18279
projection_data.dat 7 2032 CLCI 7644.06
projection_data.dat 7 2032 CUCI 28149.5
projection_data.dat 7 2032 CMedian 15597.6
projection_data.dat 7 2032 CMean 16642.1
projection_data.dat 7 2032 CStdn 6846.29
projection_data.dat 7 2033 Cabc 16811.6
projection_data.dat 7 2033 Cofl 18279
projection_data.dat 7 2033 CLCI 7291.45
projection_data.dat 7 2033 CUCI 27873.6
projection_data.dat 7 2033 CMedian 15518.6
projection_data.dat 7 2033 CMean 16538.4
projection_data.dat 7 2033 CStdn 6962.39
projection_data.dat 7 2034 Cabc 16811.6
projection_data.dat 7 2034 Cofl 18279
projection_data.dat 7 2034 CLCI 6950.48
projection_data.dat 7 2034 CUCI 28670.4
projection_data.dat 7 2034 CMedian 15374.1
projection_data.dat 7 2034 CMean 16485.1
projection_data.dat 7 2034 CStdn 6936.42
projection_data.dat 7 2035 Cabc 16811.6
projection_data.dat 7 2035 Cofl 18279
projection_data.dat 7 2035 CLCI 7080.34
projection_data.dat 7 2035 CUCI 29019.5
projection_data.dat 7 2035 CMedian 15260.6
projection_data.dat 7 2035 CMean 16431.4
projection_data.dat 7 2035 CStdn 6842.71
projection_data.dat 7 2036 Cabc 16811.6
projection_data.dat 7 2036 Cofl 18279
projection_data.dat 7 2036 CLCI 7339.82
projection_data.dat 7 2036 CUCI 29603.2
projection_data.dat 7 2036 CMedian 15051.4
projection_data.dat 7 2036 CMean 16368.8
projection_data.dat 7 2036 CStdn 6816.31
projection_data.dat 7 2022 SSBF100 92582.3
projection_data.dat 7 2022 SSBFabc 37032.9
projection_data.dat 7 2022 SSBFofl 32403.8
projection_data.dat 7 2022 SSBLCI 91834.4
projection_data.dat 7 2022 SSBUCI 91834.4
projection_data.dat 7 2022 SSBMedian 91834.4
projection_data.dat 7 2022 SSBMean 91834.4
projection_data.dat 7 2023 SSBF100 92582.3
projection_data.dat 7 2023 SSBFabc 37032.9
projection_data.dat 7 2023 SSBFofl 32403.8
projection_data.dat 7 2023 SSBLCI 94085.4
projection_data.dat 7 2023 SSBUCI 94189.7
projection_data.dat 7 2023 SSBMedian 94102.8
projection_data.dat 7 2023 SSBMean 94116.1
projection_data.dat 7 2024 SSBF100 92582.3
projection_data.dat 7 2024 SSBFabc 37032.9
projection_data.dat 7 2024 SSBFofl 32403.8
projection_data.dat 7 2024 SSBLCI 78281.1
projection_data.dat 7 2024 SSBUCI 78734.1
projection_data.dat 7 2024 SSBMedian 78371.4
projection_data.dat 7 2024 SSBMean 78423.4
projection_data.dat 7 2025 SSBF100 92582.3
projection_data.dat 7 2025 SSBFabc 37032.9
projection_data.dat 7 2025 SSBFofl 32403.8
projection_data.dat 7 2025 SSBLCI 67108.1
projection_data.dat 7 2025 SSBUCI 68484
projection_data.dat 7 2025 SSBMedian 67417.6
projection_data.dat 7 2025 SSBMean 67568.9
projection_data.dat 7 2026 SSBF100 92582.3
projection_data.dat 7 2026 SSBFabc 37032.9
projection_data.dat 7 2026 SSBFofl 32403.8
projection_data.dat 7 2026 SSBLCI 55362.6
projection_data.dat 7 2026 SSBUCI 58873.3
projection_data.dat 7 2026 SSBMedian 56207.2
projection_data.dat 7 2026 SSBMean 56582.7
projection_data.dat 7 2027 SSBF100 92582.3
projection_data.dat 7 2027 SSBFabc 37032.9
projection_data.dat 7 2027 SSBFofl 32403.8
projection_data.dat 7 2027 SSBLCI 45753.9
projection_data.dat 7 2027 SSBUCI 53455.3
projection_data.dat 7 2027 SSBMedian 47678.5
projection_data.dat 7 2027 SSBMean 48480.8
projection_data.dat 7 2028 SSBF100 92582.3
projection_data.dat 7 2028 SSBFabc 37032.9
projection_data.dat 7 2028 SSBFofl 32403.8
projection_data.dat 7 2028 SSBLCI 37626.7
projection_data.dat 7 2028 SSBUCI 51748.3
projection_data.dat 7 2028 SSBMedian 41499.6
projection_data.dat 7 2028 SSBMean 42773
projection_data.dat 7 2029 SSBF100 92582.3
projection_data.dat 7 2029 SSBFabc 37032.9
projection_data.dat 7 2029 SSBFofl 32403.8
projection_data.dat 7 2029 SSBLCI 30863.1
projection_data.dat 7 2029 SSBUCI 52712.1
projection_data.dat 7 2029 SSBMedian 37342.7
projection_data.dat 7 2029 SSBMean 39026.9
projection_data.dat 7 2030 SSBF100 92582.3
projection_data.dat 7 2030 SSBFabc 37032.9
projection_data.dat 7 2030 SSBFofl 32403.8
projection_data.dat 7 2030 SSBLCI 26811.1
projection_data.dat 7 2030 SSBUCI 52968
projection_data.dat 7 2030 SSBMedian 34695.7
projection_data.dat 7 2030 SSBMean 36923.8
projection_data.dat 7 2031 SSBF100 92582.3
projection_data.dat 7 2031 SSBFabc 37032.9
projection_data.dat 7 2031 SSBFofl 32403.8
projection_data.dat 7 2031 SSBLCI 24442.6
projection_data.dat 7 2031 SSBUCI 53539
projection_data.dat 7 2031 SSBMedian 33849.3
projection_data.dat 7 2031 SSBMean 35892.4
projection_data.dat 7 2032 SSBF100 92582.3
projection_data.dat 7 2032 SSBFabc 37032.9
projection_data.dat 7 2032 SSBFofl 32403.8
projection_data.dat 7 2032 SSBLCI 23550
projection_data.dat 7 2032 SSBUCI 52872.8
projection_data.dat 7 2032 SSBMedian 33287.4
projection_data.dat 7 2032 SSBMean 35426.5
projection_data.dat 7 2033 SSBF100 92582.3
projection_data.dat 7 2033 SSBFabc 37032.9
projection_data.dat 7 2033 SSBFofl 32403.8
projection_data.dat 7 2033 SSBLCI 22958
projection_data.dat 7 2033 SSBUCI 53315.1
projection_data.dat 7 2033 SSBMedian 33324.5
projection_data.dat 7 2033 SSBMean 35243.6
projection_data.dat 7 2034 SSBF100 92582.3
projection_data.dat 7 2034 SSBFabc 37032.9
projection_data.dat 7 2034 SSBFofl 32403.8
projection_data.dat 7 2034 SSBLCI 22360.7
projection_data.dat 7 2034 SSBUCI 54546.6
projection_data.dat 7 2034 SSBMedian 32905.4
projection_data.dat 7 2034 SSBMean 35154.3
projection_data.dat 7 2035 SSBF100 92582.3
projection_data.dat 7 2035 SSBFabc 37032.9
projection_data.dat 7 2035 SSBFofl 32403.8
projection_data.dat 7 2035 SSBLCI 22410.6
projection_data.dat 7 2035 SSBUCI 54875.4
projection_data.dat 7 2035 SSBMedian 32880.3
projection_data.dat 7 2035 SSBMean 35072.8
projection_data.dat 7 2036 SSBF100 92582.3
projection_data.dat 7 2036 SSBFabc 37032.9
projection_data.dat 7 2036 SSBFofl 32403.8
projection_data.dat 7 2036 SSBLCI 23004.8
projection_data.dat 7 2036 SSBUCI 55400.1
projection_data.dat 7 2036 SSBMedian 32506.3
projection_data.dat 7 2036 SSBMean 34974.1
projection_data.dat 7 2022 F0 0 
projection_data.dat 7 2022 Fabc 0.288462
projection_data.dat 7 2022 Fofl 0.361865
projection_data.dat 7 2022  F_LCI 0.00375902
projection_data.dat 7 2022  F_UCI 0.00375902
projection_data.dat 7 2022  F_Median 0.00375902
projection_data.dat 7 2022  F_Mean 0.00375902
projection_data.dat 7 2023 F0 0 
projection_data.dat 7 2023 Fabc 0.288462
projection_data.dat 7 2023 Fofl 0.361865
projection_data.dat 7 2023  F_LCI 0.288462
projection_data.dat 7 2023  F_UCI 0.288462
projection_data.dat 7 2023  F_Median 0.288462
projection_data.dat 7 2023  F_Mean 0.288462
projection_data.dat 7 2024 F0 0 
projection_data.dat 7 2024 Fabc 0.288462
projection_data.dat 7 2024 Fofl 0.361865
projection_data.dat 7 2024  F_LCI 0.288462
projection_data.dat 7 2024  F_UCI 0.288462
projection_data.dat 7 2024  F_Median 0.288462
projection_data.dat 7 2024  F_Mean 0.288462
projection_data.dat 7 2025 F0 0 
projection_data.dat 7 2025 Fabc 0.288462
projection_data.dat 7 2025 Fofl 0.361865
projection_data.dat 7 2025  F_LCI 0.361864
projection_data.dat 7 2025  F_UCI 0.361864
projection_data.dat 7 2025  F_Median 0.361864
projection_data.dat 7 2025  F_Mean 0.361864
projection_data.dat 7 2026 F0 0 
projection_data.dat 7 2026 Fabc 0.288462
projection_data.dat 7 2026 Fofl 0.361865
projection_data.dat 7 2026  F_LCI 0.361864
projection_data.dat 7 2026  F_UCI 0.361864
projection_data.dat 7 2026  F_Median 0.361864
projection_data.dat 7 2026  F_Mean 0.361864
projection_data.dat 7 2027 F0 0 
projection_data.dat 7 2027 Fabc 0.288462
projection_data.dat 7 2027 Fofl 0.361865
projection_data.dat 7 2027  F_LCI 0.361865
projection_data.dat 7 2027  F_UCI 0.361865
projection_data.dat 7 2027  F_Median 0.361865
projection_data.dat 7 2027  F_Mean 0.361865
projection_data.dat 7 2028 F0 0 
projection_data.dat 7 2028 Fabc 0.288462
projection_data.dat 7 2028 Fofl 0.361865
projection_data.dat 7 2028  F_LCI 0.361865
projection_data.dat 7 2028  F_UCI 0.361865
projection_data.dat 7 2028  F_Median 0.361865
projection_data.dat 7 2028  F_Mean 0.361805
projection_data.dat 7 2029 F0 0 
projection_data.dat 7 2029 Fabc 0.288462
projection_data.dat 7 2029 Fofl 0.361865
projection_data.dat 7 2029  F_LCI 0.298403
projection_data.dat 7 2029  F_UCI 0.361865
projection_data.dat 7 2029  F_Median 0.361865
projection_data.dat 7 2029  F_Mean 0.345864
projection_data.dat 7 2030 F0 0 
projection_data.dat 7 2030 Fabc 0.288462
projection_data.dat 7 2030 Fofl 0.361865
projection_data.dat 7 2030  F_LCI 0.256726
projection_data.dat 7 2030  F_UCI 0.361865
projection_data.dat 7 2030  F_Median 0.337825
projection_data.dat 7 2030  F_Mean 0.327098
projection_data.dat 7 2031 F0 0 
projection_data.dat 7 2031 Fabc 0.288462
projection_data.dat 7 2031 Fofl 0.361865
projection_data.dat 7 2031  F_LCI 0.232364
projection_data.dat 7 2031  F_UCI 0.361865
projection_data.dat 7 2031  F_Median 0.329119
projection_data.dat 7 2031  F_Mean 0.31713
projection_data.dat 7 2032 F0 0 
projection_data.dat 7 2032 Fabc 0.288462
projection_data.dat 7 2032 Fofl 0.361865
projection_data.dat 7 2032  F_LCI 0.223184
projection_data.dat 7 2032  F_UCI 0.361865
projection_data.dat 7 2032  F_Median 0.32334
projection_data.dat 7 2032  F_Mean 0.312509
projection_data.dat 7 2033 F0 0 
projection_data.dat 7 2033 Fabc 0.288462
projection_data.dat 7 2033 Fofl 0.361865
projection_data.dat 7 2033  F_LCI 0.217094
projection_data.dat 7 2033  F_UCI 0.361865
projection_data.dat 7 2033  F_Median 0.323721
projection_data.dat 7 2033  F_Mean 0.310864
projection_data.dat 7 2034 F0 0 
projection_data.dat 7 2034 Fabc 0.288462
projection_data.dat 7 2034 Fofl 0.361865
projection_data.dat 7 2034  F_LCI 0.210951
projection_data.dat 7 2034  F_UCI 0.361865
projection_data.dat 7 2034  F_Median 0.31941
projection_data.dat 7 2034  F_Mean 0.310086
projection_data.dat 7 2035 F0 0 
projection_data.dat 7 2035 Fabc 0.288462
projection_data.dat 7 2035 Fofl 0.361865
projection_data.dat 7 2035  F_LCI 0.211464
projection_data.dat 7 2035  F_UCI 0.361865
projection_data.dat 7 2035  F_Median 0.319152
projection_data.dat 7 2035  F_Mean 0.309701
projection_data.dat 7 2036 F0 0 
projection_data.dat 7 2036 Fabc 0.288462
projection_data.dat 7 2036 Fofl 0.361865
projection_data.dat 7 2036  F_LCI 0.217575
projection_data.dat 7 2036  F_UCI 0.361865
projection_data.dat 7 2036  F_Median 0.315305
projection_data.dat 7 2036  F_Mean 0.309378
