Alternative 1 Catch
     EBS_Pollock_2023 
Equil_Fabc 1547.8 
Year 
2023 1350 
2024 1350 
2025 2250.4 
2026 1856.01 
2027 1710.43 
2028 1628.76 
2029 1610.05 
2030 1570.02 
2031 1546.39 
2032 1534.66 
2033 1528.13 
2034 1518.46 
2035 1512.35 
2036 1512.38 

Alternative 1 ABCs
     EBS_Pollock_2023 

Year 
2023 2313.37 
2024 2400.94 
2025 2250.4 
2026 1856.01 
2027 1710.43 
2028 1628.76 
2029 1610.05 
2030 1570.02 
2031 1546.39 
2032 1534.66 
2033 1528.13 
2034 1518.46 
2035 1512.35 
2036 1512.38 

Alternative 1 TACs
     EBS_Pollock_2023 

Year 
2023  NA 
2024  NA 
2025 2250.4 
2026 1856.01 
2027 1710.43 
2028 1628.76 
2029 1610.05 
2030 1570.02 
2031 1546.39 
2032 1534.66 
2033 1528.13 
2034 1518.46 
2035 1512.35 
2036 1512.38 

Alternative 1 Sp_Biomass
     EBS_Pollock_2023 
Equil_Fabc 2365.04 
Year 
2023 3512.91 
2024 3243.04 
2025 2995.03 
2026 2752.86 
2027 2651.44 
2028 2584.53 
2029 2535.12 
2030 2509.16 
2031 2495.96 
2032 2478.92 
2033 2467.42 
2034 2452.05 
2035 2447.78 
2036 2457.46 

Alternative 1 Fishing Mortality
     EBS_Pollock_2023 
Equil_Fabc 0.390436 
Year 
2023 0.212139 
2024 0.199955 
2025 0.390436 
2026 0.390436 
2027 0.384941 
2028 0.371624 
2029 0.364129 
2030 0.36011 
2031 0.358254 
2032 0.356809 
2033 0.356768 
2034 0.355831 
2035 0.355478 
2036 0.355217 

Alternative 1 Biomass
     EBS_Pollock_2023 

Year 
2023 13877.6 
2024 13682.5 
2025 13635.5 
2026 12745.7 
2027 12363.3 
2028 12170 
2029 11998.4 
2030 11886.3 
2031 11809.9 
2032 11728.1 
2033 11723.4 
2034 11711.5 
2035 11694.3 
2036 11687.4 

Alternative 1 Implied SPR rate 
     EBS_Pollock_2023 
Equil_Fabc 0.4 
Year 
2023 0.533053 
2024 0.546292 
2025 0.4 
2026 0.4 
2027 0.403078 
2028 0.411142 
2029 0.416089 
2030 0.418866 
2031 0.420127 
2032 0.421035 
2033 0.421122 
2034 0.421669 
2035 0.42188 
2036 0.422101 

  EBS_Pollock_2023 
EquilAvgAgeF0  3.1555 
EquilAvgAgeFabc  2.26317 
AvgAgeYr2036 36.5988 
Alternative 2 Catch
     EBS_Pollock_2023 
Equil_Fabc 1547.8 
Year 
2023 1350 
2024 1350 
2025 2250.4 
2026 1856.01 
2027 1710.43 
2028 1628.76 
2029 1610.05 
2030 1570.02 
2031 1546.39 
2032 1534.66 
2033 1528.13 
2034 1518.46 
2035 1512.35 
2036 1512.38 

Alternative 2 ABCs
     EBS_Pollock_2023 

Year 
2023 2313.37 
2024 2400.94 
2025 2250.4 
2026 1856.01 
2027 1710.43 
2028 1628.76 
2029 1610.05 
2030 1570.02 
2031 1546.39 
2032 1534.66 
2033 1528.13 
2034 1518.46 
2035 1512.35 
2036 1512.38 

Alternative 2 TACs
     EBS_Pollock_2023 

Year 
2023  NA 
2024  NA 
2025 2250.4 
2026 1856.01 
2027 1710.43 
2028 1628.76 
2029 1610.05 
2030 1570.02 
2031 1546.39 
2032 1534.66 
2033 1528.13 
2034 1518.46 
2035 1512.35 
2036 1512.38 

Alternative 2 Sp_Biomass
     EBS_Pollock_2023 
Equil_Fabc 2365.04 
Year 
2023 3512.91 
2024 3243.04 
2025 2995.03 
2026 2752.86 
2027 2651.44 
2028 2584.53 
2029 2535.12 
2030 2509.16 
2031 2495.96 
2032 2478.92 
2033 2467.42 
2034 2452.05 
2035 2447.78 
2036 2457.46 

Alternative 2 Fishing Mortality
     EBS_Pollock_2023 
Equil_Fabc 0.390436 
Year 
2023 0.212139 
2024 0.199955 
2025 0.390436 
2026 0.390436 
2027 0.384941 
2028 0.371624 
2029 0.364129 
2030 0.36011 
2031 0.358254 
2032 0.356809 
2033 0.356768 
2034 0.355831 
2035 0.355478 
2036 0.355217 

Alternative 2 Biomass
     EBS_Pollock_2023 

Year 
2023 13877.6 
2024 13682.5 
2025 13635.5 
2026 12745.7 
2027 12363.3 
2028 12170 
2029 11998.4 
2030 11886.3 
2031 11809.9 
2032 11728.1 
2033 11723.4 
2034 11711.5 
2035 11694.3 
2036 11687.4 

Alternative 2 Implied SPR rate 
     EBS_Pollock_2023 
Equil_Fabc 0.4 
Year 
2023 0.533053 
2024 0.546292 
2025 0.4 
2026 0.4 
2027 0.403078 
2028 0.411142 
2029 0.416089 
2030 0.418866 
2031 0.420127 
2032 0.421035 
2033 0.421122 
2034 0.421669 
2035 0.42188 
2036 0.422101 

  EBS_Pollock_2023 
EquilAvgAgeF0  3.1555 
EquilAvgAgeFabc  2.26317 
AvgAgeYr2036 36.5988 
Alternative 3 Catch
     EBS_Pollock_2023 
Equil_Fabc 1547.8 
Year 
2023 1350 
2024 1350 
2025 1476.89 
2026 1357.22 
2027 1339.25 
2028 1353.66 
2029 1381.03 
2030 1364.78 
2031 1347.4 
2032 1336.56 
2033 1328.35 
2034 1320.67 
2035 1312.86 
2036 1309.86 

Alternative 3 ABCs
     EBS_Pollock_2023 

Year 
2023 2313.37 
2024 2400.94 
2025 2250.4 
2026 2081.58 
2027 2060.57 
2028 2075.74 
2029 2098.71 
2030 2064.37 
2031 2032.83 
2032 2014.38 
2033 2000.85 
2034 1986.95 
2035 1974.57 
2036 1968.75 

Alternative 3 TACs
     EBS_Pollock_2023 

Year 
2023  NA 
2024  NA 
2025 1476.89 
2026 1357.22 
2027 1339.25 
2028 1353.66 
2029 1381.03 
2030 1364.78 
2031 1347.4 
2032 1336.56 
2033 1328.35 
2034 1320.67 
2035 1312.86 
2036 1309.86 

Alternative 3 Sp_Biomass
     EBS_Pollock_2023 
Equil_Fabc 2365.04 
Year 
2023 3512.91 
2024 3243.04 
2025 3101.15 
2026 3115.46 
2027 3150.11 
2028 3152.92 
2029 3127.08 
2030 3101.71 
2031 3079.02 
2032 3052.34 
2033 3032.06 
2034 3009.05 
2035 2997.58 
2036 3002.25 

Alternative 3 Fishing Mortality
     EBS_Pollock_2023 
Equil_Fabc 0.390436 
Year 
2023 0.212139 
2024 0.199955 
2025 0.238702 
2026 0.238702 
2027 0.238702 
2028 0.238702 
2029 0.238702 
2030 0.238702 
2031 0.238702 
2032 0.238702 
2033 0.238702 
2034 0.238702 
2035 0.238702 
2036 0.238702 

Alternative 3 Biomass
     EBS_Pollock_2023 

Year 
2023 13877.6 
2024 13682.5 
2025 13635.5 
2026 13488.9 
2027 13478.2 
2028 13472.1 
2029 13360.6 
2030 13252.3 
2031 13154 
2032 13047 
2033 13019.5 
2034 12990.4 
2035 12956.8 
2036 12938 

Alternative 3 Implied SPR rate 
     EBS_Pollock_2023 
Equil_Fabc 0.4 
Year 
2023 0.533053 
2024 0.546292 
2025 0.506696 
2026 0.506696 
2027 0.506696 
2028 0.506696 
2029 0.506696 
2030 0.506696 
2031 0.506696 
2032 0.506696 
2033 0.506696 
2034 0.506696 
2035 0.506696 
2036 0.506696 

  EBS_Pollock_2023 
EquilAvgAgeF0  3.1555 
EquilAvgAgeFabc  2.26317 
AvgAgeYr2036 38.4652 
Alternative 4 Catch
     EBS_Pollock_2023 
Equil_Fabc 1547.8 
Year 
2023 1350 
2024 1350 
2025 1011.27 
2026 989.736 
2027 1015.37 
2028 1056.19 
2029 1101.67 
2030 1106.54 
2031 1102.66 
2032 1099.28 
2033 1096.69 
2034 1092.62 
2035 1086.78 
2036 1084.04 

Alternative 4 ABCs
     EBS_Pollock_2023 

Year 
2023 2313.37 
2024 2400.94 
2025 2250.4 
2026 2220.37 
2027 2286.04 
2028 2373.42 
2029 2461.61 
2030 2467.14 
2031 2456.57 
2032 2448.62 
2033 2440.49 
2034 2430.04 
2035 2418.9 
2036 2412.87 

Alternative 4 TACs
     EBS_Pollock_2023 

Year 
2023  NA 
2024  NA 
2025 1011.27 
2026 989.736 
2027 1015.37 
2028 1056.19 
2029 1101.67 
2030 1106.54 
2031 1102.66 
2032 1099.28 
2033 1096.69 
2034 1092.62 
2035 1086.78 
2036 1084.04 

Alternative 4 Sp_Biomass
     EBS_Pollock_2023 
Equil_Fabc 2365.04 
Year 
2023 3512.91 
2024 3243.04 
2025 3160.28 
2026 3342.52 
2027 3491.97 
2028 3577.01 
2029 3607.43 
2030 3618.94 
2031 3616.63 
2032 3601.93 
2033 3587.57 
2034 3566.02 
2035 3553.84 
2036 3557.2 

Alternative 4 Fishing Mortality
     EBS_Pollock_2023 
Equil_Fabc 0.390436 
Year 
2023 0.212139 
2024 0.199955 
2025 0.15709 
2026 0.15709 
2027 0.15709 
2028 0.15709 
2029 0.15709 
2030 0.15709 
2031 0.15709 
2032 0.15709 
2033 0.15709 
2034 0.15709 
2035 0.15709 
2036 0.15709 

Alternative 4 Biomass
     EBS_Pollock_2023 

Year 
2023 13877.6 
2024 13682.5 
2025 13635.5 
2026 13937.4 
2027 14210.7 
2028 14396.8 
2029 14415.3 
2030 14394 
2031 14344.6 
2032 14263.5 
2033 14248.7 
2034 14224.1 
2035 14189.6 
2036 14167.9 

Alternative 4 Implied SPR rate 
     EBS_Pollock_2023 
Equil_Fabc 0.4 
Year 
2023 0.533053 
2024 0.546292 
2025 0.6 
2026 0.6 
2027 0.6 
2028 0.6 
2029 0.6 
2030 0.6 
2031 0.6 
2032 0.6 
2033 0.6 
2034 0.6 
2035 0.6 
2036 0.6 

  EBS_Pollock_2023 
EquilAvgAgeF0  3.1555 
EquilAvgAgeFabc  2.26317 
AvgAgeYr2036 40.1298 
Alternative 5 Catch
     EBS_Pollock_2023 
Equil_Fabc 1547.8 
Year 
2023 1350 
2024 1350 
2025  NA 
2026  NA 
2027  NA 
2028  NA 
2029  NA 
2030  NA 
2031  NA 
2032  NA 
2033  NA 
2034  NA 
2035  NA 
2036  NA 

Alternative 5 ABCs
     EBS_Pollock_2023 

Year 
2023 2313.37 
2024 2400.94 
2025 2250.4 
2026 2528.49 
2027 2847.99 
2028 3174.41 
2029 3491.22 
2030 3687.59 
2031 3823.52 
2032 3925.79 
2033 4007.3 
2034 4061.92 
2035 4092.41 
2036 4115.98 

Alternative 5 TACs
     EBS_Pollock_2023 

Year 
2023  NA 
2024  NA 
2025  NA 
2026  NA 
2027  NA 
2028  NA 
2029  NA 
2030  NA 
2031  NA 
2032  NA 
2033  NA 
2034  NA 
2035  NA 
2036  NA 

Alternative 5 Sp_Biomass
     EBS_Pollock_2023 
Equil_Fabc 2365.04 
Year 
2023 3512.91 
2024 3243.04 
2025 3278.28 
2026 3857.37 
2027 4352.86 
2028 4745.72 
2029 5040.2 
2030 5278.15 
2031 5454.99 
2032 5584.12 
2033 5678.06 
2034 5733.54 
2035 5776.83 
2036 5820.12 

Alternative 5 Fishing Mortality
     EBS_Pollock_2023 
Equil_Fabc 0.390436 
Year 
2023 0.212139 
2024 0.199955 
2025  NA 
2026  NA 
2027  NA 
2028  NA 
2029  NA 
2030  NA 
2031  NA 
2032  NA 
2033  NA 
2034  NA 
2035  NA 
2036  NA 

Alternative 5 Biomass
     EBS_Pollock_2023 

Year 
2023 13877.6 
2024 13682.5 
2025 13635.5 
2026 14914.4 
2027 15978.1 
2028 16834.1 
2029 17425.6 
2030 17894.2 
2031 18234.3 
2032 18454.8 
2033 18666.2 
2034 18811.5 
2035 18895.1 
2036 18956.8 

Alternative 5 Implied SPR rate 
     EBS_Pollock_2023 
Equil_Fabc 0.4 
Year 
2023 0.533053 
2024 0.546292 
2025 1 
2026 1 
2027 1 
2028 1 
2029 1 
2030 1 
2031 1 
2032 1 
2033 1 
2034 1 
2035 1 
2036 1 

  EBS_Pollock_2023 
EquilAvgAgeF0  3.1555 
EquilAvgAgeFabc  2.26317 
AvgAgeYr2036 45.7562 
Alternative 6 Catch
     EBS_Pollock_2023 
Equil_Fabc 1547.8 
Year 
2023 1350 
2024 2918.9 
2025 2155.94 
2026 1751.08 
2027 1670.7 
2028 1659.99 
2029 1674.06 
2030 1648.29 
2031 1626.92 
2032 1616.83 
2033 1610.96 
2034 1599.55 
2035 1595.87 
2036 1596.5 

Alternative 6 ABCs
     EBS_Pollock_2023 

Year 
2023 2313.37 
2024 2400.94 
2025 1763.09 
2026 1435.79 
2027 1362.1 
2028 1352.22 
2029 1365.67 
2030 1343.74 
2031 1325.65 
2032 1317.15 
2033 1312.85 
2034 1302.85 
2035 1300.27 
2036 1300.32 

Alternative 6 TACs
     EBS_Pollock_2023 

Year 
2023  NA 
2024 2918.9 
2025 2155.94 
2026 1751.08 
2027 1670.7 
2028 1659.99 
2029 1674.06 
2030 1648.29 
2031 1626.92 
2032 1616.83 
2033 1610.96 
2034 1599.55 
2035 1595.87 
2036 1596.5 

Alternative 6 Sp_Biomass
     EBS_Pollock_2023 
Equil_Fabc 2365.04 
Year 
2023 3512.91 
2024 3012.94 
2025 2389.33 
2026 2282.96 
2027 2285.89 
2028 2281.39 
2029 2261.78 
2030 2249.79 
2031 2243.5 
2032 2230.31 
2033 2221.46 
2034 2208.48 
2035 2206.71 
2036 2217.65 

Alternative 6 Fishing Mortality
     EBS_Pollock_2023 
Equil_Fabc 0.390436 
Year 
2023 0.212139 
2024 0.499506 
2025 0.499506 
2026 0.473353 
2027 0.455983 
2028 0.44495 
2029 0.439074 
2030 0.436168 
2031 0.43325 
2032 0.431026 
2033 0.431094 
2034 0.429519 
2035 0.42924 
2036 0.428613 

Alternative 6 Biomass
     EBS_Pollock_2023 

Year 
2023 13877.6 
2024 13682.5 
2025 12124.8 
2026 11556.5 
2027 11454.8 
2028 11437 
2029 11346.6 
2030 11270 
2031 11208.9 
2032 11137.1 
2033 11139.8 
2034 11133.1 
2035 11122 
2036 11118 

Alternative 6 Implied SPR rate 
     EBS_Pollock_2023 
Equil_Fabc 0.4 
Year 
2023 0.533053 
2024 0.35 
2025 0.35 
2026 0.360876 
2027 0.369178 
2028 0.375093 
2029 0.378484 
2030 0.380286 
2031 0.381808 
2032 0.382909 
2033 0.382927 
2034 0.383645 
2035 0.38378 
2036 0.384117 

  EBS_Pollock_2023 
EquilAvgAgeF0  3.1555 
EquilAvgAgeFabc  2.26317 
AvgAgeYr2036 35.418 
Alternative 7 Catch
     EBS_Pollock_2023 
Equil_Fabc 1547.8 
Year 
2023 1350 
2024 2400.94 
2025 1921.1 
2026 2058.65 
2027 1799.39 
2028 1710.08 
2029 1690.79 
2030 1652.04 
2031 1626.88 
2032 1616.39 
2033 1610.72 
2034 1599.45 
2035 1595.84 
2036 1596.5 

Alternative 7 ABCs
     EBS_Pollock_2023 

Year 
2023 2313.37 
2024 2400.94 
2025 1921.1 
2026 1678.39 
2027 1468.44 
2028 1393.76 
2029 1379.72 
2030 1346.91 
2031 1325.64 
2032 1316.79 
2033 1312.64 
2034 1302.77 
2035 1300.24 
2036 1300.32 

Alternative 7 TACs
     EBS_Pollock_2023 

Year 
2023  NA 
2024 2918.9 
2025 2346.11 
2026 2058.65 
2027 1799.39 
2028 1710.08 
2029 1690.79 
2030 1652.04 
2031 1626.88 
2032 1616.39 
2033 1610.72 
2034 1599.45 
2035 1595.84 
2036 1596.5 

Alternative 7 Sp_Biomass
     EBS_Pollock_2023 
Equil_Fabc 2365.04 
Year 
2023 3512.91 
2024 3094.31 
2025 2624.48 
2026 2500.73 
2027 2377.61 
2028 2315.84 
2029 2272.08 
2030 2251.69 
2031 2243.36 
2032 2230.04 
2033 2221.32 
2034 2208.43 
2035 2206.69 
2036 2217.65 

Alternative 7 Fishing Mortality
     EBS_Pollock_2023 
Equil_Fabc 0.390436 
Year 
2023 0.212139 
2024 0.390436 
2025 0.390436 
2026 0.498448 
2027 0.467515 
2028 0.448883 
2029 0.440107 
2030 0.436317 
2031 0.433203 
2032 0.430985 
2033 0.431075 
2034 0.429512 
2035 0.429238 
2036 0.428613 

Alternative 7 Biomass
     EBS_Pollock_2023 

Year 
2023 13877.6 
2024 13682.5 
2025 12621.8 
2026 12206.9 
2027 11712.4 
2028 11528.2 
2029 11372.3 
2030 11274 
2031 11208 
2032 11136.2 
2033 11139.3 
2034 11133 
2035 11122 
2036 11117.9 

Alternative 7 Implied SPR rate 
     EBS_Pollock_2023 
Equil_Fabc 0.4 
Year 
2023 0.533053 
2024 0.4 
2025 0.4 
2026 0.350423 
2027 0.363881 
2028 0.373168 
2029 0.377963 
2030 0.380215 
2031 0.381834 
2032 0.382932 
2033 0.382937 
2034 0.383649 
2035 0.383782 
2036 0.384117 

  EBS_Pollock_2023 
EquilAvgAgeF0  3.1555 
EquilAvgAgeFabc  2.26317 
AvgAgeYr2036 35.5977 
