EBS_Pollock_2023 1 2023 Cabc 1547.8
EBS_Pollock_2023 1 2023 Cofl 1650.82
EBS_Pollock_2023 1 2023 CLCI 1350
EBS_Pollock_2023 1 2023 CUCI 1350
EBS_Pollock_2023 1 2023 CMedian 1350
EBS_Pollock_2023 1 2023 CMean 1350
EBS_Pollock_2023 1 2023 CStdn 1.22782e-11
EBS_Pollock_2023 1 2024 Cabc 1547.8
EBS_Pollock_2023 1 2024 Cofl 1650.82
EBS_Pollock_2023 1 2024 CLCI 1350
EBS_Pollock_2023 1 2024 CUCI 1350
EBS_Pollock_2023 1 2024 CMedian 1350
EBS_Pollock_2023 1 2024 CMean 1350
EBS_Pollock_2023 1 2024 CStdn 2.04328e-07
EBS_Pollock_2023 1 2025 Cabc 1547.8
EBS_Pollock_2023 1 2025 Cofl 1650.82
EBS_Pollock_2023 1 2025 CLCI 2229.08
EBS_Pollock_2023 1 2025 CUCI 2289.52
EBS_Pollock_2023 1 2025 CMedian 2244.67
EBS_Pollock_2023 1 2025 CMean 2250.4
EBS_Pollock_2023 1 2025 CStdn 20.8713
EBS_Pollock_2023 1 2026 Cabc 1547.8
EBS_Pollock_2023 1 2026 Cofl 1650.82
EBS_Pollock_2023 1 2026 CLCI 1739.18
EBS_Pollock_2023 1 2026 CUCI 2060.72
EBS_Pollock_2023 1 2026 CMedian 1827.77
EBS_Pollock_2023 1 2026 CMean 1856.01
EBS_Pollock_2023 1 2026 CStdn 108.129
EBS_Pollock_2023 1 2027 Cabc 1547.8
EBS_Pollock_2023 1 2027 Cofl 1650.82
EBS_Pollock_2023 1 2027 CLCI 1379.5
EBS_Pollock_2023 1 2027 CUCI 2099.05
EBS_Pollock_2023 1 2027 CMedian 1680.99
EBS_Pollock_2023 1 2027 CMean 1710.43
EBS_Pollock_2023 1 2027 CStdn 223.808
EBS_Pollock_2023 1 2028 Cabc 1547.8
EBS_Pollock_2023 1 2028 Cofl 1650.82
EBS_Pollock_2023 1 2028 CLCI 1106.99
EBS_Pollock_2023 1 2028 CUCI 2235.38
EBS_Pollock_2023 1 2028 CMedian 1627.01
EBS_Pollock_2023 1 2028 CMean 1628.76
EBS_Pollock_2023 1 2028 CStdn 357.125
EBS_Pollock_2023 1 2029 Cabc 1547.8
EBS_Pollock_2023 1 2029 Cofl 1650.82
EBS_Pollock_2023 1 2029 CLCI 975.825
EBS_Pollock_2023 1 2029 CUCI 2330.6
EBS_Pollock_2023 1 2029 CMedian 1611.98
EBS_Pollock_2023 1 2029 CMean 1610.05
EBS_Pollock_2023 1 2029 CStdn 431.729
EBS_Pollock_2023 1 2030 Cabc 1547.8
EBS_Pollock_2023 1 2030 Cofl 1650.82
EBS_Pollock_2023 1 2030 CLCI 873.99
EBS_Pollock_2023 1 2030 CUCI 2322.33
EBS_Pollock_2023 1 2030 CMedian 1572.14
EBS_Pollock_2023 1 2030 CMean 1570.02
EBS_Pollock_2023 1 2030 CStdn 469.011
EBS_Pollock_2023 1 2031 Cabc 1547.8
EBS_Pollock_2023 1 2031 Cofl 1650.82
EBS_Pollock_2023 1 2031 CLCI 844.456
EBS_Pollock_2023 1 2031 CUCI 2310.94
EBS_Pollock_2023 1 2031 CMedian 1539.9
EBS_Pollock_2023 1 2031 CMean 1546.39
EBS_Pollock_2023 1 2031 CStdn 480.621
EBS_Pollock_2023 1 2032 Cabc 1547.8
EBS_Pollock_2023 1 2032 Cofl 1650.82
EBS_Pollock_2023 1 2032 CLCI 837.033
EBS_Pollock_2023 1 2032 CUCI 2351.06
EBS_Pollock_2023 1 2032 CMedian 1513.13
EBS_Pollock_2023 1 2032 CMean 1534.66
EBS_Pollock_2023 1 2032 CStdn 484.832
EBS_Pollock_2023 1 2033 Cabc 1547.8
EBS_Pollock_2023 1 2033 Cofl 1650.82
EBS_Pollock_2023 1 2033 CLCI 825.632
EBS_Pollock_2023 1 2033 CUCI 2359.55
EBS_Pollock_2023 1 2033 CMedian 1503.12
EBS_Pollock_2023 1 2033 CMean 1528.13
EBS_Pollock_2023 1 2033 CStdn 479.331
EBS_Pollock_2023 1 2034 Cabc 1547.8
EBS_Pollock_2023 1 2034 Cofl 1650.82
EBS_Pollock_2023 1 2034 CLCI 835.251
EBS_Pollock_2023 1 2034 CUCI 2348.79
EBS_Pollock_2023 1 2034 CMedian 1486.33
EBS_Pollock_2023 1 2034 CMean 1518.46
EBS_Pollock_2023 1 2034 CStdn 474.265
EBS_Pollock_2023 1 2035 Cabc 1547.8
EBS_Pollock_2023 1 2035 Cofl 1650.82
EBS_Pollock_2023 1 2035 CLCI 825.953
EBS_Pollock_2023 1 2035 CUCI 2348.86
EBS_Pollock_2023 1 2035 CMedian 1473.65
EBS_Pollock_2023 1 2035 CMean 1512.35
EBS_Pollock_2023 1 2035 CStdn 469.901
EBS_Pollock_2023 1 2036 Cabc 1547.8
EBS_Pollock_2023 1 2036 Cofl 1650.82
EBS_Pollock_2023 1 2036 CLCI 822.1
EBS_Pollock_2023 1 2036 CUCI 2299.32
EBS_Pollock_2023 1 2036 CMedian 1486.42
EBS_Pollock_2023 1 2036 CMean 1512.38
EBS_Pollock_2023 1 2036 CStdn 475.886
EBS_Pollock_2023 1 2023 SSBF100 5912.59
EBS_Pollock_2023 1 2023 SSBFabc 2365.04
EBS_Pollock_2023 1 2023 SSBFofl 2069.41
EBS_Pollock_2023 1 2023 SSBLCI 3512.91
EBS_Pollock_2023 1 2023 SSBUCI 3512.91
EBS_Pollock_2023 1 2023 SSBMedian 3512.91
EBS_Pollock_2023 1 2023 SSBMean 3512.91
EBS_Pollock_2023 1 2024 SSBF100 5912.59
EBS_Pollock_2023 1 2024 SSBFabc 2365.04
EBS_Pollock_2023 1 2024 SSBFofl 2069.41
EBS_Pollock_2023 1 2024 SSBLCI 3243.04
EBS_Pollock_2023 1 2024 SSBUCI 3243.04
EBS_Pollock_2023 1 2024 SSBMedian 3243.04
EBS_Pollock_2023 1 2024 SSBMean 3243.04
EBS_Pollock_2023 1 2025 SSBF100 5912.59
EBS_Pollock_2023 1 2025 SSBFabc 2365.04
EBS_Pollock_2023 1 2025 SSBFofl 2069.41
EBS_Pollock_2023 1 2025 SSBLCI 2990.33
EBS_Pollock_2023 1 2025 SSBUCI 3003.65
EBS_Pollock_2023 1 2025 SSBMedian 2993.77
EBS_Pollock_2023 1 2025 SSBMean 2995.03
EBS_Pollock_2023 1 2026 SSBF100 5912.59
EBS_Pollock_2023 1 2026 SSBFabc 2365.04
EBS_Pollock_2023 1 2026 SSBFofl 2069.41
EBS_Pollock_2023 1 2026 SSBLCI 2576.07
EBS_Pollock_2023 1 2026 SSBUCI 3077.06
EBS_Pollock_2023 1 2026 SSBMedian 2703.77
EBS_Pollock_2023 1 2026 SSBMean 2752.86
EBS_Pollock_2023 1 2027 SSBF100 5912.59
EBS_Pollock_2023 1 2027 SSBFabc 2365.04
EBS_Pollock_2023 1 2027 SSBFofl 2069.41
EBS_Pollock_2023 1 2027 SSBLCI 2173.61
EBS_Pollock_2023 1 2027 SSBUCI 3494.58
EBS_Pollock_2023 1 2027 SSBMedian 2542.62
EBS_Pollock_2023 1 2027 SSBMean 2651.44
EBS_Pollock_2023 1 2028 SSBF100 5912.59
EBS_Pollock_2023 1 2028 SSBFabc 2365.04
EBS_Pollock_2023 1 2028 SSBFofl 2069.41
EBS_Pollock_2023 1 2028 SSBLCI 1904.64
EBS_Pollock_2023 1 2028 SSBUCI 3693.25
EBS_Pollock_2023 1 2028 SSBMedian 2448.86
EBS_Pollock_2023 1 2028 SSBMean 2584.53
EBS_Pollock_2023 1 2029 SSBF100 5912.59
EBS_Pollock_2023 1 2029 SSBFabc 2365.04
EBS_Pollock_2023 1 2029 SSBFofl 2069.41
EBS_Pollock_2023 1 2029 SSBLCI 1763.9
EBS_Pollock_2023 1 2029 SSBUCI 3644.12
EBS_Pollock_2023 1 2029 SSBMedian 2400.67
EBS_Pollock_2023 1 2029 SSBMean 2535.12
EBS_Pollock_2023 1 2030 SSBF100 5912.59
EBS_Pollock_2023 1 2030 SSBFabc 2365.04
EBS_Pollock_2023 1 2030 SSBFofl 2069.41
EBS_Pollock_2023 1 2030 SSBLCI 1684.28
EBS_Pollock_2023 1 2030 SSBUCI 3649.58
EBS_Pollock_2023 1 2030 SSBMedian 2403.02
EBS_Pollock_2023 1 2030 SSBMean 2509.16
EBS_Pollock_2023 1 2031 SSBF100 5912.59
EBS_Pollock_2023 1 2031 SSBFabc 2365.04
EBS_Pollock_2023 1 2031 SSBFofl 2069.41
EBS_Pollock_2023 1 2031 SSBLCI 1681.47
EBS_Pollock_2023 1 2031 SSBUCI 3753.62
EBS_Pollock_2023 1 2031 SSBMedian 2361.73
EBS_Pollock_2023 1 2031 SSBMean 2495.96
EBS_Pollock_2023 1 2032 SSBF100 5912.59
EBS_Pollock_2023 1 2032 SSBFabc 2365.04
EBS_Pollock_2023 1 2032 SSBFofl 2069.41
EBS_Pollock_2023 1 2032 SSBLCI 1663.31
EBS_Pollock_2023 1 2032 SSBUCI 3729.29
EBS_Pollock_2023 1 2032 SSBMedian 2339.81
EBS_Pollock_2023 1 2032 SSBMean 2478.92
EBS_Pollock_2023 1 2033 SSBF100 5912.59
EBS_Pollock_2023 1 2033 SSBFabc 2365.04
EBS_Pollock_2023 1 2033 SSBFofl 2069.41
EBS_Pollock_2023 1 2033 SSBLCI 1627.06
EBS_Pollock_2023 1 2033 SSBUCI 3706.96
EBS_Pollock_2023 1 2033 SSBMedian 2318.46
EBS_Pollock_2023 1 2033 SSBMean 2467.42
EBS_Pollock_2023 1 2034 SSBF100 5912.59
EBS_Pollock_2023 1 2034 SSBFabc 2365.04
EBS_Pollock_2023 1 2034 SSBFofl 2069.41
EBS_Pollock_2023 1 2034 SSBLCI 1641.02
EBS_Pollock_2023 1 2034 SSBUCI 3696.13
EBS_Pollock_2023 1 2034 SSBMedian 2309.47
EBS_Pollock_2023 1 2034 SSBMean 2452.05
EBS_Pollock_2023 1 2035 SSBF100 5912.59
EBS_Pollock_2023 1 2035 SSBFabc 2365.04
EBS_Pollock_2023 1 2035 SSBFofl 2069.41
EBS_Pollock_2023 1 2035 SSBLCI 1647.49
EBS_Pollock_2023 1 2035 SSBUCI 3621.82
EBS_Pollock_2023 1 2035 SSBMedian 2298.7
EBS_Pollock_2023 1 2035 SSBMean 2447.78
EBS_Pollock_2023 1 2036 SSBF100 5912.59
EBS_Pollock_2023 1 2036 SSBFabc 2365.04
EBS_Pollock_2023 1 2036 SSBFofl 2069.41
EBS_Pollock_2023 1 2036 SSBLCI 1649.19
EBS_Pollock_2023 1 2036 SSBUCI 3658.57
EBS_Pollock_2023 1 2036 SSBMedian 2314.63
EBS_Pollock_2023 1 2036 SSBMean 2457.46
EBS_Pollock_2023 1 2023 F0 0 
EBS_Pollock_2023 1 2023 Fabc 0.390436
EBS_Pollock_2023 1 2023 Fofl 0.499506
EBS_Pollock_2023 1 2023  F_LCI 0.212139
EBS_Pollock_2023 1 2023  F_UCI 0.212139
EBS_Pollock_2023 1 2023  F_Median 0.212139
EBS_Pollock_2023 1 2023  F_Mean 0.212139
EBS_Pollock_2023 1 2024 F0 0 
EBS_Pollock_2023 1 2024 Fabc 0.390436
EBS_Pollock_2023 1 2024 Fofl 0.499506
EBS_Pollock_2023 1 2024  F_LCI 0.199953
EBS_Pollock_2023 1 2024  F_UCI 0.199956
EBS_Pollock_2023 1 2024  F_Median 0.199955
EBS_Pollock_2023 1 2024  F_Mean 0.199955
EBS_Pollock_2023 1 2025 F0 0 
EBS_Pollock_2023 1 2025 Fabc 0.390436
EBS_Pollock_2023 1 2025 Fofl 0.499506
EBS_Pollock_2023 1 2025  F_LCI 0.390436
EBS_Pollock_2023 1 2025  F_UCI 0.390436
EBS_Pollock_2023 1 2025  F_Median 0.390436
EBS_Pollock_2023 1 2025  F_Mean 0.390436
EBS_Pollock_2023 1 2026 F0 0 
EBS_Pollock_2023 1 2026 Fabc 0.390436
EBS_Pollock_2023 1 2026 Fofl 0.499506
EBS_Pollock_2023 1 2026  F_LCI 0.390436
EBS_Pollock_2023 1 2026  F_UCI 0.390436
EBS_Pollock_2023 1 2026  F_Median 0.390436
EBS_Pollock_2023 1 2026  F_Mean 0.390436
EBS_Pollock_2023 1 2027 F0 0 
EBS_Pollock_2023 1 2027 Fabc 0.390436
EBS_Pollock_2023 1 2027 Fofl 0.499506
EBS_Pollock_2023 1 2027  F_LCI 0.357155
EBS_Pollock_2023 1 2027  F_UCI 0.390436
EBS_Pollock_2023 1 2027  F_Median 0.390436
EBS_Pollock_2023 1 2027  F_Mean 0.384941
EBS_Pollock_2023 1 2028 F0 0 
EBS_Pollock_2023 1 2028 Fabc 0.390436
EBS_Pollock_2023 1 2028 Fofl 0.499506
EBS_Pollock_2023 1 2028  F_LCI 0.310401
EBS_Pollock_2023 1 2028  F_UCI 0.390436
EBS_Pollock_2023 1 2028  F_Median 0.390436
EBS_Pollock_2023 1 2028  F_Mean 0.371624
EBS_Pollock_2023 1 2029 F0 0 
EBS_Pollock_2023 1 2029 Fabc 0.390436
EBS_Pollock_2023 1 2029 Fofl 0.499506
EBS_Pollock_2023 1 2029  F_LCI 0.285939
EBS_Pollock_2023 1 2029  F_UCI 0.390436
EBS_Pollock_2023 1 2029  F_Median 0.390436
EBS_Pollock_2023 1 2029  F_Mean 0.364129
EBS_Pollock_2023 1 2030 F0 0 
EBS_Pollock_2023 1 2030 Fabc 0.390436
EBS_Pollock_2023 1 2030 Fofl 0.499506
EBS_Pollock_2023 1 2030  F_LCI 0.272109
EBS_Pollock_2023 1 2030  F_UCI 0.390436
EBS_Pollock_2023 1 2030  F_Median 0.390436
EBS_Pollock_2023 1 2030  F_Mean 0.36011
EBS_Pollock_2023 1 2031 F0 0 
EBS_Pollock_2023 1 2031 Fabc 0.390436
EBS_Pollock_2023 1 2031 Fofl 0.499506
EBS_Pollock_2023 1 2031  F_LCI 0.271617
EBS_Pollock_2023 1 2031  F_UCI 0.390436
EBS_Pollock_2023 1 2031  F_Median 0.389861
EBS_Pollock_2023 1 2031  F_Mean 0.358254
EBS_Pollock_2023 1 2032 F0 0 
EBS_Pollock_2023 1 2032 Fabc 0.390436
EBS_Pollock_2023 1 2032 Fofl 0.499506
EBS_Pollock_2023 1 2032  F_LCI 0.268469
EBS_Pollock_2023 1 2032  F_UCI 0.390436
EBS_Pollock_2023 1 2032  F_Median 0.386049
EBS_Pollock_2023 1 2032  F_Mean 0.356809
EBS_Pollock_2023 1 2033 F0 0 
EBS_Pollock_2023 1 2033 Fabc 0.390436
EBS_Pollock_2023 1 2033 Fofl 0.499506
EBS_Pollock_2023 1 2033  F_LCI 0.262172
EBS_Pollock_2023 1 2033  F_UCI 0.390436
EBS_Pollock_2023 1 2033  F_Median 0.382337
EBS_Pollock_2023 1 2033  F_Mean 0.356768
EBS_Pollock_2023 1 2034 F0 0 
EBS_Pollock_2023 1 2034 Fabc 0.390436
EBS_Pollock_2023 1 2034 Fofl 0.499506
EBS_Pollock_2023 1 2034  F_LCI 0.264585
EBS_Pollock_2023 1 2034  F_UCI 0.390436
EBS_Pollock_2023 1 2034  F_Median 0.380774
EBS_Pollock_2023 1 2034  F_Mean 0.355831
EBS_Pollock_2023 1 2035 F0 0 
EBS_Pollock_2023 1 2035 Fabc 0.390436
EBS_Pollock_2023 1 2035 Fofl 0.499506
EBS_Pollock_2023 1 2035  F_LCI 0.265721
EBS_Pollock_2023 1 2035  F_UCI 0.390436
EBS_Pollock_2023 1 2035  F_Median 0.378905
EBS_Pollock_2023 1 2035  F_Mean 0.355478
EBS_Pollock_2023 1 2036 F0 0 
EBS_Pollock_2023 1 2036 Fabc 0.390436
EBS_Pollock_2023 1 2036 Fofl 0.499506
EBS_Pollock_2023 1 2036  F_LCI 0.266008
EBS_Pollock_2023 1 2036  F_UCI 0.390436
EBS_Pollock_2023 1 2036  F_Median 0.381672
EBS_Pollock_2023 1 2036  F_Mean 0.355217
EBS_Pollock_2023 2 2023 Cabc 1547.8
EBS_Pollock_2023 2 2023 Cofl 1650.82
EBS_Pollock_2023 2 2023 CLCI 1350
EBS_Pollock_2023 2 2023 CUCI 1350
EBS_Pollock_2023 2 2023 CMedian 1350
EBS_Pollock_2023 2 2023 CMean 1350
EBS_Pollock_2023 2 2023 CStdn 1.22782e-11
EBS_Pollock_2023 2 2024 Cabc 1547.8
EBS_Pollock_2023 2 2024 Cofl 1650.82
EBS_Pollock_2023 2 2024 CLCI 1350
EBS_Pollock_2023 2 2024 CUCI 1350
EBS_Pollock_2023 2 2024 CMedian 1350
EBS_Pollock_2023 2 2024 CMean 1350
EBS_Pollock_2023 2 2024 CStdn 2.04328e-07
EBS_Pollock_2023 2 2025 Cabc 1547.8
EBS_Pollock_2023 2 2025 Cofl 1650.82
EBS_Pollock_2023 2 2025 CLCI 2229.08
EBS_Pollock_2023 2 2025 CUCI 2289.52
EBS_Pollock_2023 2 2025 CMedian 2244.67
EBS_Pollock_2023 2 2025 CMean 2250.4
EBS_Pollock_2023 2 2025 CStdn 20.8713
EBS_Pollock_2023 2 2026 Cabc 1547.8
EBS_Pollock_2023 2 2026 Cofl 1650.82
EBS_Pollock_2023 2 2026 CLCI 1739.18
EBS_Pollock_2023 2 2026 CUCI 2060.72
EBS_Pollock_2023 2 2026 CMedian 1827.77
EBS_Pollock_2023 2 2026 CMean 1856.01
EBS_Pollock_2023 2 2026 CStdn 108.129
EBS_Pollock_2023 2 2027 Cabc 1547.8
EBS_Pollock_2023 2 2027 Cofl 1650.82
EBS_Pollock_2023 2 2027 CLCI 1379.5
EBS_Pollock_2023 2 2027 CUCI 2099.05
EBS_Pollock_2023 2 2027 CMedian 1680.99
EBS_Pollock_2023 2 2027 CMean 1710.43
EBS_Pollock_2023 2 2027 CStdn 223.808
EBS_Pollock_2023 2 2028 Cabc 1547.8
EBS_Pollock_2023 2 2028 Cofl 1650.82
EBS_Pollock_2023 2 2028 CLCI 1106.99
EBS_Pollock_2023 2 2028 CUCI 2235.38
EBS_Pollock_2023 2 2028 CMedian 1627.01
EBS_Pollock_2023 2 2028 CMean 1628.76
EBS_Pollock_2023 2 2028 CStdn 357.125
EBS_Pollock_2023 2 2029 Cabc 1547.8
EBS_Pollock_2023 2 2029 Cofl 1650.82
EBS_Pollock_2023 2 2029 CLCI 975.825
EBS_Pollock_2023 2 2029 CUCI 2330.6
EBS_Pollock_2023 2 2029 CMedian 1611.98
EBS_Pollock_2023 2 2029 CMean 1610.05
EBS_Pollock_2023 2 2029 CStdn 431.729
EBS_Pollock_2023 2 2030 Cabc 1547.8
EBS_Pollock_2023 2 2030 Cofl 1650.82
EBS_Pollock_2023 2 2030 CLCI 873.99
EBS_Pollock_2023 2 2030 CUCI 2322.33
EBS_Pollock_2023 2 2030 CMedian 1572.14
EBS_Pollock_2023 2 2030 CMean 1570.02
EBS_Pollock_2023 2 2030 CStdn 469.011
EBS_Pollock_2023 2 2031 Cabc 1547.8
EBS_Pollock_2023 2 2031 Cofl 1650.82
EBS_Pollock_2023 2 2031 CLCI 844.456
EBS_Pollock_2023 2 2031 CUCI 2310.94
EBS_Pollock_2023 2 2031 CMedian 1539.9
EBS_Pollock_2023 2 2031 CMean 1546.39
EBS_Pollock_2023 2 2031 CStdn 480.621
EBS_Pollock_2023 2 2032 Cabc 1547.8
EBS_Pollock_2023 2 2032 Cofl 1650.82
EBS_Pollock_2023 2 2032 CLCI 837.033
EBS_Pollock_2023 2 2032 CUCI 2351.06
EBS_Pollock_2023 2 2032 CMedian 1513.13
EBS_Pollock_2023 2 2032 CMean 1534.66
EBS_Pollock_2023 2 2032 CStdn 484.832
EBS_Pollock_2023 2 2033 Cabc 1547.8
EBS_Pollock_2023 2 2033 Cofl 1650.82
EBS_Pollock_2023 2 2033 CLCI 825.632
EBS_Pollock_2023 2 2033 CUCI 2359.55
EBS_Pollock_2023 2 2033 CMedian 1503.12
EBS_Pollock_2023 2 2033 CMean 1528.13
EBS_Pollock_2023 2 2033 CStdn 479.331
EBS_Pollock_2023 2 2034 Cabc 1547.8
EBS_Pollock_2023 2 2034 Cofl 1650.82
EBS_Pollock_2023 2 2034 CLCI 835.251
EBS_Pollock_2023 2 2034 CUCI 2348.79
EBS_Pollock_2023 2 2034 CMedian 1486.33
EBS_Pollock_2023 2 2034 CMean 1518.46
EBS_Pollock_2023 2 2034 CStdn 474.265
EBS_Pollock_2023 2 2035 Cabc 1547.8
EBS_Pollock_2023 2 2035 Cofl 1650.82
EBS_Pollock_2023 2 2035 CLCI 825.953
EBS_Pollock_2023 2 2035 CUCI 2348.86
EBS_Pollock_2023 2 2035 CMedian 1473.65
EBS_Pollock_2023 2 2035 CMean 1512.35
EBS_Pollock_2023 2 2035 CStdn 469.901
EBS_Pollock_2023 2 2036 Cabc 1547.8
EBS_Pollock_2023 2 2036 Cofl 1650.82
EBS_Pollock_2023 2 2036 CLCI 822.1
EBS_Pollock_2023 2 2036 CUCI 2299.32
EBS_Pollock_2023 2 2036 CMedian 1486.42
EBS_Pollock_2023 2 2036 CMean 1512.38
EBS_Pollock_2023 2 2036 CStdn 475.886
EBS_Pollock_2023 2 2023 SSBF100 5912.59
EBS_Pollock_2023 2 2023 SSBFabc 2365.04
EBS_Pollock_2023 2 2023 SSBFofl 2069.41
EBS_Pollock_2023 2 2023 SSBLCI 3512.91
EBS_Pollock_2023 2 2023 SSBUCI 3512.91
EBS_Pollock_2023 2 2023 SSBMedian 3512.91
EBS_Pollock_2023 2 2023 SSBMean 3512.91
EBS_Pollock_2023 2 2024 SSBF100 5912.59
EBS_Pollock_2023 2 2024 SSBFabc 2365.04
EBS_Pollock_2023 2 2024 SSBFofl 2069.41
EBS_Pollock_2023 2 2024 SSBLCI 3243.04
EBS_Pollock_2023 2 2024 SSBUCI 3243.04
EBS_Pollock_2023 2 2024 SSBMedian 3243.04
EBS_Pollock_2023 2 2024 SSBMean 3243.04
EBS_Pollock_2023 2 2025 SSBF100 5912.59
EBS_Pollock_2023 2 2025 SSBFabc 2365.04
EBS_Pollock_2023 2 2025 SSBFofl 2069.41
EBS_Pollock_2023 2 2025 SSBLCI 2990.33
EBS_Pollock_2023 2 2025 SSBUCI 3003.65
EBS_Pollock_2023 2 2025 SSBMedian 2993.77
EBS_Pollock_2023 2 2025 SSBMean 2995.03
EBS_Pollock_2023 2 2026 SSBF100 5912.59
EBS_Pollock_2023 2 2026 SSBFabc 2365.04
EBS_Pollock_2023 2 2026 SSBFofl 2069.41
EBS_Pollock_2023 2 2026 SSBLCI 2576.07
EBS_Pollock_2023 2 2026 SSBUCI 3077.06
EBS_Pollock_2023 2 2026 SSBMedian 2703.77
EBS_Pollock_2023 2 2026 SSBMean 2752.86
EBS_Pollock_2023 2 2027 SSBF100 5912.59
EBS_Pollock_2023 2 2027 SSBFabc 2365.04
EBS_Pollock_2023 2 2027 SSBFofl 2069.41
EBS_Pollock_2023 2 2027 SSBLCI 2173.61
EBS_Pollock_2023 2 2027 SSBUCI 3494.58
EBS_Pollock_2023 2 2027 SSBMedian 2542.62
EBS_Pollock_2023 2 2027 SSBMean 2651.44
EBS_Pollock_2023 2 2028 SSBF100 5912.59
EBS_Pollock_2023 2 2028 SSBFabc 2365.04
EBS_Pollock_2023 2 2028 SSBFofl 2069.41
EBS_Pollock_2023 2 2028 SSBLCI 1904.64
EBS_Pollock_2023 2 2028 SSBUCI 3693.25
EBS_Pollock_2023 2 2028 SSBMedian 2448.86
EBS_Pollock_2023 2 2028 SSBMean 2584.53
EBS_Pollock_2023 2 2029 SSBF100 5912.59
EBS_Pollock_2023 2 2029 SSBFabc 2365.04
EBS_Pollock_2023 2 2029 SSBFofl 2069.41
EBS_Pollock_2023 2 2029 SSBLCI 1763.9
EBS_Pollock_2023 2 2029 SSBUCI 3644.12
EBS_Pollock_2023 2 2029 SSBMedian 2400.67
EBS_Pollock_2023 2 2029 SSBMean 2535.12
EBS_Pollock_2023 2 2030 SSBF100 5912.59
EBS_Pollock_2023 2 2030 SSBFabc 2365.04
EBS_Pollock_2023 2 2030 SSBFofl 2069.41
EBS_Pollock_2023 2 2030 SSBLCI 1684.28
EBS_Pollock_2023 2 2030 SSBUCI 3649.58
EBS_Pollock_2023 2 2030 SSBMedian 2403.02
EBS_Pollock_2023 2 2030 SSBMean 2509.16
EBS_Pollock_2023 2 2031 SSBF100 5912.59
EBS_Pollock_2023 2 2031 SSBFabc 2365.04
EBS_Pollock_2023 2 2031 SSBFofl 2069.41
EBS_Pollock_2023 2 2031 SSBLCI 1681.47
EBS_Pollock_2023 2 2031 SSBUCI 3753.62
EBS_Pollock_2023 2 2031 SSBMedian 2361.73
EBS_Pollock_2023 2 2031 SSBMean 2495.96
EBS_Pollock_2023 2 2032 SSBF100 5912.59
EBS_Pollock_2023 2 2032 SSBFabc 2365.04
EBS_Pollock_2023 2 2032 SSBFofl 2069.41
EBS_Pollock_2023 2 2032 SSBLCI 1663.31
EBS_Pollock_2023 2 2032 SSBUCI 3729.29
EBS_Pollock_2023 2 2032 SSBMedian 2339.81
EBS_Pollock_2023 2 2032 SSBMean 2478.92
EBS_Pollock_2023 2 2033 SSBF100 5912.59
EBS_Pollock_2023 2 2033 SSBFabc 2365.04
EBS_Pollock_2023 2 2033 SSBFofl 2069.41
EBS_Pollock_2023 2 2033 SSBLCI 1627.06
EBS_Pollock_2023 2 2033 SSBUCI 3706.96
EBS_Pollock_2023 2 2033 SSBMedian 2318.46
EBS_Pollock_2023 2 2033 SSBMean 2467.42
EBS_Pollock_2023 2 2034 SSBF100 5912.59
EBS_Pollock_2023 2 2034 SSBFabc 2365.04
EBS_Pollock_2023 2 2034 SSBFofl 2069.41
EBS_Pollock_2023 2 2034 SSBLCI 1641.02
EBS_Pollock_2023 2 2034 SSBUCI 3696.13
EBS_Pollock_2023 2 2034 SSBMedian 2309.47
EBS_Pollock_2023 2 2034 SSBMean 2452.05
EBS_Pollock_2023 2 2035 SSBF100 5912.59
EBS_Pollock_2023 2 2035 SSBFabc 2365.04
EBS_Pollock_2023 2 2035 SSBFofl 2069.41
EBS_Pollock_2023 2 2035 SSBLCI 1647.49
EBS_Pollock_2023 2 2035 SSBUCI 3621.82
EBS_Pollock_2023 2 2035 SSBMedian 2298.7
EBS_Pollock_2023 2 2035 SSBMean 2447.78
EBS_Pollock_2023 2 2036 SSBF100 5912.59
EBS_Pollock_2023 2 2036 SSBFabc 2365.04
EBS_Pollock_2023 2 2036 SSBFofl 2069.41
EBS_Pollock_2023 2 2036 SSBLCI 1649.19
EBS_Pollock_2023 2 2036 SSBUCI 3658.57
EBS_Pollock_2023 2 2036 SSBMedian 2314.63
EBS_Pollock_2023 2 2036 SSBMean 2457.46
EBS_Pollock_2023 2 2023 F0 0 
EBS_Pollock_2023 2 2023 Fabc 0.390436
EBS_Pollock_2023 2 2023 Fofl 0.499506
EBS_Pollock_2023 2 2023  F_LCI 0.212139
EBS_Pollock_2023 2 2023  F_UCI 0.212139
EBS_Pollock_2023 2 2023  F_Median 0.212139
EBS_Pollock_2023 2 2023  F_Mean 0.212139
EBS_Pollock_2023 2 2024 F0 0 
EBS_Pollock_2023 2 2024 Fabc 0.390436
EBS_Pollock_2023 2 2024 Fofl 0.499506
EBS_Pollock_2023 2 2024  F_LCI 0.199953
EBS_Pollock_2023 2 2024  F_UCI 0.199956
EBS_Pollock_2023 2 2024  F_Median 0.199955
EBS_Pollock_2023 2 2024  F_Mean 0.199955
EBS_Pollock_2023 2 2025 F0 0 
EBS_Pollock_2023 2 2025 Fabc 0.390436
EBS_Pollock_2023 2 2025 Fofl 0.499506
EBS_Pollock_2023 2 2025  F_LCI 0.390436
EBS_Pollock_2023 2 2025  F_UCI 0.390436
EBS_Pollock_2023 2 2025  F_Median 0.390436
EBS_Pollock_2023 2 2025  F_Mean 0.390436
EBS_Pollock_2023 2 2026 F0 0 
EBS_Pollock_2023 2 2026 Fabc 0.390436
EBS_Pollock_2023 2 2026 Fofl 0.499506
EBS_Pollock_2023 2 2026  F_LCI 0.390436
EBS_Pollock_2023 2 2026  F_UCI 0.390436
EBS_Pollock_2023 2 2026  F_Median 0.390436
EBS_Pollock_2023 2 2026  F_Mean 0.390436
EBS_Pollock_2023 2 2027 F0 0 
EBS_Pollock_2023 2 2027 Fabc 0.390436
EBS_Pollock_2023 2 2027 Fofl 0.499506
EBS_Pollock_2023 2 2027  F_LCI 0.357155
EBS_Pollock_2023 2 2027  F_UCI 0.390436
EBS_Pollock_2023 2 2027  F_Median 0.390436
EBS_Pollock_2023 2 2027  F_Mean 0.384941
EBS_Pollock_2023 2 2028 F0 0 
EBS_Pollock_2023 2 2028 Fabc 0.390436
EBS_Pollock_2023 2 2028 Fofl 0.499506
EBS_Pollock_2023 2 2028  F_LCI 0.310401
EBS_Pollock_2023 2 2028  F_UCI 0.390436
EBS_Pollock_2023 2 2028  F_Median 0.390436
EBS_Pollock_2023 2 2028  F_Mean 0.371624
EBS_Pollock_2023 2 2029 F0 0 
EBS_Pollock_2023 2 2029 Fabc 0.390436
EBS_Pollock_2023 2 2029 Fofl 0.499506
EBS_Pollock_2023 2 2029  F_LCI 0.285939
EBS_Pollock_2023 2 2029  F_UCI 0.390436
EBS_Pollock_2023 2 2029  F_Median 0.390436
EBS_Pollock_2023 2 2029  F_Mean 0.364129
EBS_Pollock_2023 2 2030 F0 0 
EBS_Pollock_2023 2 2030 Fabc 0.390436
EBS_Pollock_2023 2 2030 Fofl 0.499506
EBS_Pollock_2023 2 2030  F_LCI 0.272109
EBS_Pollock_2023 2 2030  F_UCI 0.390436
EBS_Pollock_2023 2 2030  F_Median 0.390436
EBS_Pollock_2023 2 2030  F_Mean 0.36011
EBS_Pollock_2023 2 2031 F0 0 
EBS_Pollock_2023 2 2031 Fabc 0.390436
EBS_Pollock_2023 2 2031 Fofl 0.499506
EBS_Pollock_2023 2 2031  F_LCI 0.271617
EBS_Pollock_2023 2 2031  F_UCI 0.390436
EBS_Pollock_2023 2 2031  F_Median 0.389861
EBS_Pollock_2023 2 2031  F_Mean 0.358254
EBS_Pollock_2023 2 2032 F0 0 
EBS_Pollock_2023 2 2032 Fabc 0.390436
EBS_Pollock_2023 2 2032 Fofl 0.499506
EBS_Pollock_2023 2 2032  F_LCI 0.268469
EBS_Pollock_2023 2 2032  F_UCI 0.390436
EBS_Pollock_2023 2 2032  F_Median 0.386049
EBS_Pollock_2023 2 2032  F_Mean 0.356809
EBS_Pollock_2023 2 2033 F0 0 
EBS_Pollock_2023 2 2033 Fabc 0.390436
EBS_Pollock_2023 2 2033 Fofl 0.499506
EBS_Pollock_2023 2 2033  F_LCI 0.262172
EBS_Pollock_2023 2 2033  F_UCI 0.390436
EBS_Pollock_2023 2 2033  F_Median 0.382337
EBS_Pollock_2023 2 2033  F_Mean 0.356768
EBS_Pollock_2023 2 2034 F0 0 
EBS_Pollock_2023 2 2034 Fabc 0.390436
EBS_Pollock_2023 2 2034 Fofl 0.499506
EBS_Pollock_2023 2 2034  F_LCI 0.264585
EBS_Pollock_2023 2 2034  F_UCI 0.390436
EBS_Pollock_2023 2 2034  F_Median 0.380774
EBS_Pollock_2023 2 2034  F_Mean 0.355831
EBS_Pollock_2023 2 2035 F0 0 
EBS_Pollock_2023 2 2035 Fabc 0.390436
EBS_Pollock_2023 2 2035 Fofl 0.499506
EBS_Pollock_2023 2 2035  F_LCI 0.265721
EBS_Pollock_2023 2 2035  F_UCI 0.390436
EBS_Pollock_2023 2 2035  F_Median 0.378905
EBS_Pollock_2023 2 2035  F_Mean 0.355478
EBS_Pollock_2023 2 2036 F0 0 
EBS_Pollock_2023 2 2036 Fabc 0.390436
EBS_Pollock_2023 2 2036 Fofl 0.499506
EBS_Pollock_2023 2 2036  F_LCI 0.266008
EBS_Pollock_2023 2 2036  F_UCI 0.390436
EBS_Pollock_2023 2 2036  F_Median 0.381672
EBS_Pollock_2023 2 2036  F_Mean 0.355217
EBS_Pollock_2023 3 2023 Cabc 1547.8
EBS_Pollock_2023 3 2023 Cofl 1650.82
EBS_Pollock_2023 3 2023 CLCI 1350
EBS_Pollock_2023 3 2023 CUCI 1350
EBS_Pollock_2023 3 2023 CMedian 1350
EBS_Pollock_2023 3 2023 CMean 1350
EBS_Pollock_2023 3 2023 CStdn 1.22782e-11
EBS_Pollock_2023 3 2024 Cabc 1547.8
EBS_Pollock_2023 3 2024 Cofl 1650.82
EBS_Pollock_2023 3 2024 CLCI 1350
EBS_Pollock_2023 3 2024 CUCI 1350
EBS_Pollock_2023 3 2024 CMedian 1350
EBS_Pollock_2023 3 2024 CMean 1350
EBS_Pollock_2023 3 2024 CStdn 2.04328e-07
EBS_Pollock_2023 3 2025 Cabc 1547.8
EBS_Pollock_2023 3 2025 Cofl 1650.82
EBS_Pollock_2023 3 2025 CLCI 1463.81
EBS_Pollock_2023 3 2025 CUCI 1500.9
EBS_Pollock_2023 3 2025 CMedian 1473.38
EBS_Pollock_2023 3 2025 CMean 1476.89
EBS_Pollock_2023 3 2025 CStdn 12.8091
EBS_Pollock_2023 3 2026 Cabc 1547.8
EBS_Pollock_2023 3 2026 Cofl 1650.82
EBS_Pollock_2023 3 2026 CLCI 1284.19
EBS_Pollock_2023 3 2026 CUCI 1485.26
EBS_Pollock_2023 3 2026 CMedian 1339.42
EBS_Pollock_2023 3 2026 CMean 1357.22
EBS_Pollock_2023 3 2026 CStdn 67.6069
EBS_Pollock_2023 3 2027 Cabc 1547.8
EBS_Pollock_2023 3 2027 Cofl 1650.82
EBS_Pollock_2023 3 2027 CLCI 1186.56
EBS_Pollock_2023 3 2027 CUCI 1581.54
EBS_Pollock_2023 3 2027 CMedian 1308.57
EBS_Pollock_2023 3 2027 CMean 1339.25
EBS_Pollock_2023 3 2027 CStdn 129.934
EBS_Pollock_2023 3 2028 Cabc 1547.8
EBS_Pollock_2023 3 2028 Cofl 1650.82
EBS_Pollock_2023 3 2028 CLCI 1116.1
EBS_Pollock_2023 3 2028 CUCI 1715.1
EBS_Pollock_2023 3 2028 CMedian 1317.17
EBS_Pollock_2023 3 2028 CMean 1353.66
EBS_Pollock_2023 3 2028 CStdn 202.146
EBS_Pollock_2023 3 2029 Cabc 1547.8
EBS_Pollock_2023 3 2029 Cofl 1650.82
EBS_Pollock_2023 3 2029 CLCI 1054.67
EBS_Pollock_2023 3 2029 CUCI 1844.64
EBS_Pollock_2023 3 2029 CMedian 1339.28
EBS_Pollock_2023 3 2029 CMean 1381.03
EBS_Pollock_2023 3 2029 CStdn 261.845
EBS_Pollock_2023 3 2030 Cabc 1547.8
EBS_Pollock_2023 3 2030 Cofl 1650.82
EBS_Pollock_2023 3 2030 CLCI 960.549
EBS_Pollock_2023 3 2030 CUCI 1896.32
EBS_Pollock_2023 3 2030 CMedian 1323.43
EBS_Pollock_2023 3 2030 CMean 1364.78
EBS_Pollock_2023 3 2030 CStdn 309.558
EBS_Pollock_2023 3 2031 Cabc 1547.8
EBS_Pollock_2023 3 2031 Cofl 1650.82
EBS_Pollock_2023 3 2031 CLCI 901.537
EBS_Pollock_2023 3 2031 CUCI 1884.48
EBS_Pollock_2023 3 2031 CMedian 1308.39
EBS_Pollock_2023 3 2031 CMean 1347.4
EBS_Pollock_2023 3 2031 CStdn 331.692
EBS_Pollock_2023 3 2032 Cabc 1547.8
EBS_Pollock_2023 3 2032 Cofl 1650.82
EBS_Pollock_2023 3 2032 CLCI 885.515
EBS_Pollock_2023 3 2032 CUCI 1928.88
EBS_Pollock_2023 3 2032 CMedian 1294.64
EBS_Pollock_2023 3 2032 CMean 1336.56
EBS_Pollock_2023 3 2032 CStdn 337.924
EBS_Pollock_2023 3 2033 Cabc 1547.8
EBS_Pollock_2023 3 2033 Cofl 1650.82
EBS_Pollock_2023 3 2033 CLCI 868.727
EBS_Pollock_2023 3 2033 CUCI 1942.95
EBS_Pollock_2023 3 2033 CMedian 1277.92
EBS_Pollock_2023 3 2033 CMean 1328.35
EBS_Pollock_2023 3 2033 CStdn 338.738
EBS_Pollock_2023 3 2034 Cabc 1547.8
EBS_Pollock_2023 3 2034 Cofl 1650.82
EBS_Pollock_2023 3 2034 CLCI 863.341
EBS_Pollock_2023 3 2034 CUCI 1924.8
EBS_Pollock_2023 3 2034 CMedian 1273.87
EBS_Pollock_2023 3 2034 CMean 1320.67
EBS_Pollock_2023 3 2034 CStdn 337.759
EBS_Pollock_2023 3 2035 Cabc 1547.8
EBS_Pollock_2023 3 2035 Cofl 1650.82
EBS_Pollock_2023 3 2035 CLCI 858.448
EBS_Pollock_2023 3 2035 CUCI 1934.71
EBS_Pollock_2023 3 2035 CMedian 1261.57
EBS_Pollock_2023 3 2035 CMean 1312.86
EBS_Pollock_2023 3 2035 CStdn 331.701
EBS_Pollock_2023 3 2036 Cabc 1547.8
EBS_Pollock_2023 3 2036 Cofl 1650.82
EBS_Pollock_2023 3 2036 CLCI 861.59
EBS_Pollock_2023 3 2036 CUCI 1902.09
EBS_Pollock_2023 3 2036 CMedian 1243.95
EBS_Pollock_2023 3 2036 CMean 1309.86
EBS_Pollock_2023 3 2036 CStdn 332.306
EBS_Pollock_2023 3 2023 SSBF100 5912.59
EBS_Pollock_2023 3 2023 SSBFabc 2365.04
EBS_Pollock_2023 3 2023 SSBFofl 2069.41
EBS_Pollock_2023 3 2023 SSBLCI 3512.91
EBS_Pollock_2023 3 2023 SSBUCI 3512.91
EBS_Pollock_2023 3 2023 SSBMedian 3512.91
EBS_Pollock_2023 3 2023 SSBMean 3512.91
EBS_Pollock_2023 3 2024 SSBF100 5912.59
EBS_Pollock_2023 3 2024 SSBFabc 2365.04
EBS_Pollock_2023 3 2024 SSBFofl 2069.41
EBS_Pollock_2023 3 2024 SSBLCI 3243.04
EBS_Pollock_2023 3 2024 SSBUCI 3243.04
EBS_Pollock_2023 3 2024 SSBMedian 3243.04
EBS_Pollock_2023 3 2024 SSBMean 3243.04
EBS_Pollock_2023 3 2025 SSBF100 5912.59
EBS_Pollock_2023 3 2025 SSBFabc 2365.04
EBS_Pollock_2023 3 2025 SSBFofl 2069.41
EBS_Pollock_2023 3 2025 SSBLCI 3096.44
EBS_Pollock_2023 3 2025 SSBUCI 3109.79
EBS_Pollock_2023 3 2025 SSBMedian 3099.89
EBS_Pollock_2023 3 2025 SSBMean 3101.15
EBS_Pollock_2023 3 2026 SSBF100 5912.59
EBS_Pollock_2023 3 2026 SSBFabc 2365.04
EBS_Pollock_2023 3 2026 SSBFofl 2069.41
EBS_Pollock_2023 3 2026 SSBLCI 2935.66
EBS_Pollock_2023 3 2026 SSBUCI 3444.94
EBS_Pollock_2023 3 2026 SSBMedian 3065.63
EBS_Pollock_2023 3 2026 SSBMean 3115.46
EBS_Pollock_2023 3 2027 SSBF100 5912.59
EBS_Pollock_2023 3 2027 SSBFabc 2365.04
EBS_Pollock_2023 3 2027 SSBFofl 2069.41
EBS_Pollock_2023 3 2027 SSBLCI 2639.99
EBS_Pollock_2023 3 2027 SSBUCI 4040.14
EBS_Pollock_2023 3 2027 SSBMedian 3041.32
EBS_Pollock_2023 3 2027 SSBMean 3150.11
EBS_Pollock_2023 3 2028 SSBF100 5912.59
EBS_Pollock_2023 3 2028 SSBFabc 2365.04
EBS_Pollock_2023 3 2028 SSBFofl 2069.41
EBS_Pollock_2023 3 2028 SSBLCI 2366
EBS_Pollock_2023 3 2028 SSBUCI 4375.64
EBS_Pollock_2023 3 2028 SSBMedian 3011.19
EBS_Pollock_2023 3 2028 SSBMean 3152.92
EBS_Pollock_2023 3 2029 SSBF100 5912.59
EBS_Pollock_2023 3 2029 SSBFabc 2365.04
EBS_Pollock_2023 3 2029 SSBFofl 2069.41
EBS_Pollock_2023 3 2029 SSBLCI 2176.04
EBS_Pollock_2023 3 2029 SSBUCI 4438.45
EBS_Pollock_2023 3 2029 SSBMedian 2996.45
EBS_Pollock_2023 3 2029 SSBMean 3127.08
EBS_Pollock_2023 3 2030 SSBF100 5912.59
EBS_Pollock_2023 3 2030 SSBFabc 2365.04
EBS_Pollock_2023 3 2030 SSBFofl 2069.41
EBS_Pollock_2023 3 2030 SSBLCI 2028.34
EBS_Pollock_2023 3 2030 SSBUCI 4436.26
EBS_Pollock_2023 3 2030 SSBMedian 3009.53
EBS_Pollock_2023 3 2030 SSBMean 3101.71
EBS_Pollock_2023 3 2031 SSBF100 5912.59
EBS_Pollock_2023 3 2031 SSBFabc 2365.04
EBS_Pollock_2023 3 2031 SSBFofl 2069.41
EBS_Pollock_2023 3 2031 SSBLCI 1968.08
EBS_Pollock_2023 3 2031 SSBUCI 4530.28
EBS_Pollock_2023 3 2031 SSBMedian 2969.99
EBS_Pollock_2023 3 2031 SSBMean 3079.02
EBS_Pollock_2023 3 2032 SSBF100 5912.59
EBS_Pollock_2023 3 2032 SSBFabc 2365.04
EBS_Pollock_2023 3 2032 SSBFofl 2069.41
EBS_Pollock_2023 3 2032 SSBLCI 1945.57
EBS_Pollock_2023 3 2032 SSBUCI 4611.16
EBS_Pollock_2023 3 2032 SSBMedian 2926.84
EBS_Pollock_2023 3 2032 SSBMean 3052.34
EBS_Pollock_2023 3 2033 SSBF100 5912.59
EBS_Pollock_2023 3 2033 SSBFabc 2365.04
EBS_Pollock_2023 3 2033 SSBFofl 2069.41
EBS_Pollock_2023 3 2033 SSBLCI 1905.67
EBS_Pollock_2023 3 2033 SSBUCI 4553.41
EBS_Pollock_2023 3 2033 SSBMedian 2890.82
EBS_Pollock_2023 3 2033 SSBMean 3032.06
EBS_Pollock_2023 3 2034 SSBF100 5912.59
EBS_Pollock_2023 3 2034 SSBFabc 2365.04
EBS_Pollock_2023 3 2034 SSBFofl 2069.41
EBS_Pollock_2023 3 2034 SSBLCI 1913.95
EBS_Pollock_2023 3 2034 SSBUCI 4594.98
EBS_Pollock_2023 3 2034 SSBMedian 2869.36
EBS_Pollock_2023 3 2034 SSBMean 3009.05
EBS_Pollock_2023 3 2035 SSBF100 5912.59
EBS_Pollock_2023 3 2035 SSBFabc 2365.04
EBS_Pollock_2023 3 2035 SSBFofl 2069.41
EBS_Pollock_2023 3 2035 SSBLCI 1901.62
EBS_Pollock_2023 3 2035 SSBUCI 4478.61
EBS_Pollock_2023 3 2035 SSBMedian 2858.71
EBS_Pollock_2023 3 2035 SSBMean 2997.58
EBS_Pollock_2023 3 2036 SSBF100 5912.59
EBS_Pollock_2023 3 2036 SSBFabc 2365.04
EBS_Pollock_2023 3 2036 SSBFofl 2069.41
EBS_Pollock_2023 3 2036 SSBLCI 1908.92
EBS_Pollock_2023 3 2036 SSBUCI 4496
EBS_Pollock_2023 3 2036 SSBMedian 2861.92
EBS_Pollock_2023 3 2036 SSBMean 3002.25
EBS_Pollock_2023 3 2023 F0 0 
EBS_Pollock_2023 3 2023 Fabc 0.390436
EBS_Pollock_2023 3 2023 Fofl 0.499506
EBS_Pollock_2023 3 2023  F_LCI 0.212139
EBS_Pollock_2023 3 2023  F_UCI 0.212139
EBS_Pollock_2023 3 2023  F_Median 0.212139
EBS_Pollock_2023 3 2023  F_Mean 0.212139
EBS_Pollock_2023 3 2024 F0 0 
EBS_Pollock_2023 3 2024 Fabc 0.390436
EBS_Pollock_2023 3 2024 Fofl 0.499506
EBS_Pollock_2023 3 2024  F_LCI 0.199953
EBS_Pollock_2023 3 2024  F_UCI 0.199956
EBS_Pollock_2023 3 2024  F_Median 0.199955
EBS_Pollock_2023 3 2024  F_Mean 0.199955
EBS_Pollock_2023 3 2025 F0 0 
EBS_Pollock_2023 3 2025 Fabc 0.390436
EBS_Pollock_2023 3 2025 Fofl 0.499506
EBS_Pollock_2023 3 2025  F_LCI 0.238702
EBS_Pollock_2023 3 2025  F_UCI 0.238702
EBS_Pollock_2023 3 2025  F_Median 0.238702
EBS_Pollock_2023 3 2025  F_Mean 0.238702
EBS_Pollock_2023 3 2026 F0 0 
EBS_Pollock_2023 3 2026 Fabc 0.390436
EBS_Pollock_2023 3 2026 Fofl 0.499506
EBS_Pollock_2023 3 2026  F_LCI 0.238702
EBS_Pollock_2023 3 2026  F_UCI 0.238702
EBS_Pollock_2023 3 2026  F_Median 0.238702
EBS_Pollock_2023 3 2026  F_Mean 0.238702
EBS_Pollock_2023 3 2027 F0 0 
EBS_Pollock_2023 3 2027 Fabc 0.390436
EBS_Pollock_2023 3 2027 Fofl 0.499506
EBS_Pollock_2023 3 2027  F_LCI 0.238702
EBS_Pollock_2023 3 2027  F_UCI 0.238702
EBS_Pollock_2023 3 2027  F_Median 0.238702
EBS_Pollock_2023 3 2027  F_Mean 0.238702
EBS_Pollock_2023 3 2028 F0 0 
EBS_Pollock_2023 3 2028 Fabc 0.390436
EBS_Pollock_2023 3 2028 Fofl 0.499506
EBS_Pollock_2023 3 2028  F_LCI 0.238702
EBS_Pollock_2023 3 2028  F_UCI 0.238702
EBS_Pollock_2023 3 2028  F_Median 0.238702
EBS_Pollock_2023 3 2028  F_Mean 0.238702
EBS_Pollock_2023 3 2029 F0 0 
EBS_Pollock_2023 3 2029 Fabc 0.390436
EBS_Pollock_2023 3 2029 Fofl 0.499506
EBS_Pollock_2023 3 2029  F_LCI 0.238702
EBS_Pollock_2023 3 2029  F_UCI 0.238702
EBS_Pollock_2023 3 2029  F_Median 0.238702
EBS_Pollock_2023 3 2029  F_Mean 0.238702
EBS_Pollock_2023 3 2030 F0 0 
EBS_Pollock_2023 3 2030 Fabc 0.390436
EBS_Pollock_2023 3 2030 Fofl 0.499506
EBS_Pollock_2023 3 2030  F_LCI 0.238702
EBS_Pollock_2023 3 2030  F_UCI 0.238702
EBS_Pollock_2023 3 2030  F_Median 0.238702
EBS_Pollock_2023 3 2030  F_Mean 0.238702
EBS_Pollock_2023 3 2031 F0 0 
EBS_Pollock_2023 3 2031 Fabc 0.390436
EBS_Pollock_2023 3 2031 Fofl 0.499506
EBS_Pollock_2023 3 2031  F_LCI 0.238702
EBS_Pollock_2023 3 2031  F_UCI 0.238702
EBS_Pollock_2023 3 2031  F_Median 0.238702
EBS_Pollock_2023 3 2031  F_Mean 0.238702
EBS_Pollock_2023 3 2032 F0 0 
EBS_Pollock_2023 3 2032 Fabc 0.390436
EBS_Pollock_2023 3 2032 Fofl 0.499506
EBS_Pollock_2023 3 2032  F_LCI 0.238702
EBS_Pollock_2023 3 2032  F_UCI 0.238702
EBS_Pollock_2023 3 2032  F_Median 0.238702
EBS_Pollock_2023 3 2032  F_Mean 0.238702
EBS_Pollock_2023 3 2033 F0 0 
EBS_Pollock_2023 3 2033 Fabc 0.390436
EBS_Pollock_2023 3 2033 Fofl 0.499506
EBS_Pollock_2023 3 2033  F_LCI 0.238702
EBS_Pollock_2023 3 2033  F_UCI 0.238702
EBS_Pollock_2023 3 2033  F_Median 0.238702
EBS_Pollock_2023 3 2033  F_Mean 0.238702
EBS_Pollock_2023 3 2034 F0 0 
EBS_Pollock_2023 3 2034 Fabc 0.390436
EBS_Pollock_2023 3 2034 Fofl 0.499506
EBS_Pollock_2023 3 2034  F_LCI 0.238702
EBS_Pollock_2023 3 2034  F_UCI 0.238702
EBS_Pollock_2023 3 2034  F_Median 0.238702
EBS_Pollock_2023 3 2034  F_Mean 0.238702
EBS_Pollock_2023 3 2035 F0 0 
EBS_Pollock_2023 3 2035 Fabc 0.390436
EBS_Pollock_2023 3 2035 Fofl 0.499506
EBS_Pollock_2023 3 2035  F_LCI 0.238702
EBS_Pollock_2023 3 2035  F_UCI 0.238702
EBS_Pollock_2023 3 2035  F_Median 0.238702
EBS_Pollock_2023 3 2035  F_Mean 0.238702
EBS_Pollock_2023 3 2036 F0 0 
EBS_Pollock_2023 3 2036 Fabc 0.390436
EBS_Pollock_2023 3 2036 Fofl 0.499506
EBS_Pollock_2023 3 2036  F_LCI 0.238702
EBS_Pollock_2023 3 2036  F_UCI 0.238702
EBS_Pollock_2023 3 2036  F_Median 0.238702
EBS_Pollock_2023 3 2036  F_Mean 0.238702
EBS_Pollock_2023 4 2023 Cabc 1547.8
EBS_Pollock_2023 4 2023 Cofl 1650.82
EBS_Pollock_2023 4 2023 CLCI 1350
EBS_Pollock_2023 4 2023 CUCI 1350
EBS_Pollock_2023 4 2023 CMedian 1350
EBS_Pollock_2023 4 2023 CMean 1350
EBS_Pollock_2023 4 2023 CStdn 1.22782e-11
EBS_Pollock_2023 4 2024 Cabc 1547.8
EBS_Pollock_2023 4 2024 Cofl 1650.82
EBS_Pollock_2023 4 2024 CLCI 1350
EBS_Pollock_2023 4 2024 CUCI 1350
EBS_Pollock_2023 4 2024 CMedian 1350
EBS_Pollock_2023 4 2024 CMean 1350
EBS_Pollock_2023 4 2024 CStdn 2.04328e-07
EBS_Pollock_2023 4 2025 Cabc 1547.8
EBS_Pollock_2023 4 2025 Cofl 1650.82
EBS_Pollock_2023 4 2025 CLCI 1002.64
EBS_Pollock_2023 4 2025 CUCI 1027.11
EBS_Pollock_2023 4 2025 CMedian 1008.95
EBS_Pollock_2023 4 2025 CMean 1011.27
EBS_Pollock_2023 4 2025 CStdn 8.44705
EBS_Pollock_2023 4 2026 Cabc 1547.8
EBS_Pollock_2023 4 2026 Cofl 1650.82
EBS_Pollock_2023 4 2026 CLCI 941.101
EBS_Pollock_2023 4 2026 CUCI 1075.05
EBS_Pollock_2023 4 2026 CMedian 977.827
EBS_Pollock_2023 4 2026 CMean 989.736
EBS_Pollock_2023 4 2026 CStdn 45.0343
EBS_Pollock_2023 4 2027 Cabc 1547.8
EBS_Pollock_2023 4 2027 Cofl 1650.82
EBS_Pollock_2023 4 2027 CLCI 912.559
EBS_Pollock_2023 4 2027 CUCI 1180.71
EBS_Pollock_2023 4 2027 CMedian 994.679
EBS_Pollock_2023 4 2027 CMean 1015.37
EBS_Pollock_2023 4 2027 CStdn 87.9828
EBS_Pollock_2023 4 2028 Cabc 1547.8
EBS_Pollock_2023 4 2028 Cofl 1650.82
EBS_Pollock_2023 4 2028 CLCI 891.209
EBS_Pollock_2023 4 2028 CUCI 1307.27
EBS_Pollock_2023 4 2028 CMedian 1029.92
EBS_Pollock_2023 4 2028 CMean 1056.19
EBS_Pollock_2023 4 2028 CStdn 140.5
EBS_Pollock_2023 4 2029 Cabc 1547.8
EBS_Pollock_2023 4 2029 Cofl 1650.82
EBS_Pollock_2023 4 2029 CLCI 869.386
EBS_Pollock_2023 4 2029 CUCI 1435.36
EBS_Pollock_2023 4 2029 CMedian 1068.51
EBS_Pollock_2023 4 2029 CMean 1101.67
EBS_Pollock_2023 4 2029 CStdn 187.545
EBS_Pollock_2023 4 2030 Cabc 1547.8
EBS_Pollock_2023 4 2030 Cofl 1650.82
EBS_Pollock_2023 4 2030 CLCI 808.254
EBS_Pollock_2023 4 2030 CUCI 1510.68
EBS_Pollock_2023 4 2030 CMedian 1071.18
EBS_Pollock_2023 4 2030 CMean 1106.54
EBS_Pollock_2023 4 2030 CStdn 231.228
EBS_Pollock_2023 4 2031 Cabc 1547.8
EBS_Pollock_2023 4 2031 Cofl 1650.82
EBS_Pollock_2023 4 2031 CLCI 764.966
EBS_Pollock_2023 4 2031 CUCI 1535.26
EBS_Pollock_2023 4 2031 CMedian 1072.36
EBS_Pollock_2023 4 2031 CMean 1102.66
EBS_Pollock_2023 4 2031 CStdn 254.196
EBS_Pollock_2023 4 2032 Cabc 1547.8
EBS_Pollock_2023 4 2032 Cofl 1650.82
EBS_Pollock_2023 4 2032 CLCI 748.224
EBS_Pollock_2023 4 2032 CUCI 1539.15
EBS_Pollock_2023 4 2032 CMedian 1070.76
EBS_Pollock_2023 4 2032 CMean 1099.28
EBS_Pollock_2023 4 2032 CStdn 261.466
EBS_Pollock_2023 4 2033 Cabc 1547.8
EBS_Pollock_2023 4 2033 Cofl 1650.82
EBS_Pollock_2023 4 2033 CLCI 741.064
EBS_Pollock_2023 4 2033 CUCI 1564.52
EBS_Pollock_2023 4 2033 CMedian 1059.49
EBS_Pollock_2023 4 2033 CMean 1096.69
EBS_Pollock_2023 4 2033 CStdn 264.177
EBS_Pollock_2023 4 2034 Cabc 1547.8
EBS_Pollock_2023 4 2034 Cofl 1650.82
EBS_Pollock_2023 4 2034 CLCI 731.263
EBS_Pollock_2023 4 2034 CUCI 1562.05
EBS_Pollock_2023 4 2034 CMedian 1055.78
EBS_Pollock_2023 4 2034 CMean 1092.62
EBS_Pollock_2023 4 2034 CStdn 265.588
EBS_Pollock_2023 4 2035 Cabc 1547.8
EBS_Pollock_2023 4 2035 Cofl 1650.82
EBS_Pollock_2023 4 2035 CLCI 731.519
EBS_Pollock_2023 4 2035 CUCI 1558.77
EBS_Pollock_2023 4 2035 CMedian 1049.61
EBS_Pollock_2023 4 2035 CMean 1086.78
EBS_Pollock_2023 4 2035 CStdn 261.092
EBS_Pollock_2023 4 2036 Cabc 1547.8
EBS_Pollock_2023 4 2036 Cofl 1650.82
EBS_Pollock_2023 4 2036 CLCI 721.814
EBS_Pollock_2023 4 2036 CUCI 1540.54
EBS_Pollock_2023 4 2036 CMedian 1035.75
EBS_Pollock_2023 4 2036 CMean 1084.04
EBS_Pollock_2023 4 2036 CStdn 260.267
EBS_Pollock_2023 4 2023 SSBF100 5912.59
EBS_Pollock_2023 4 2023 SSBFabc 2365.04
EBS_Pollock_2023 4 2023 SSBFofl 2069.41
EBS_Pollock_2023 4 2023 SSBLCI 3512.91
EBS_Pollock_2023 4 2023 SSBUCI 3512.91
EBS_Pollock_2023 4 2023 SSBMedian 3512.91
EBS_Pollock_2023 4 2023 SSBMean 3512.91
EBS_Pollock_2023 4 2024 SSBF100 5912.59
EBS_Pollock_2023 4 2024 SSBFabc 2365.04
EBS_Pollock_2023 4 2024 SSBFofl 2069.41
EBS_Pollock_2023 4 2024 SSBLCI 3243.04
EBS_Pollock_2023 4 2024 SSBUCI 3243.04
EBS_Pollock_2023 4 2024 SSBMedian 3243.04
EBS_Pollock_2023 4 2024 SSBMean 3243.04
EBS_Pollock_2023 4 2025 SSBF100 5912.59
EBS_Pollock_2023 4 2025 SSBFabc 2365.04
EBS_Pollock_2023 4 2025 SSBFofl 2069.41
EBS_Pollock_2023 4 2025 SSBLCI 3155.56
EBS_Pollock_2023 4 2025 SSBUCI 3168.92
EBS_Pollock_2023 4 2025 SSBMedian 3159.01
EBS_Pollock_2023 4 2025 SSBMean 3160.28
EBS_Pollock_2023 4 2026 SSBF100 5912.59
EBS_Pollock_2023 4 2026 SSBFabc 2365.04
EBS_Pollock_2023 4 2026 SSBFofl 2069.41
EBS_Pollock_2023 4 2026 SSBLCI 3161.08
EBS_Pollock_2023 4 2026 SSBUCI 3674.89
EBS_Pollock_2023 4 2026 SSBMedian 3292.29
EBS_Pollock_2023 4 2026 SSBMean 3342.52
EBS_Pollock_2023 4 2027 SSBF100 5912.59
EBS_Pollock_2023 4 2027 SSBFabc 2365.04
EBS_Pollock_2023 4 2027 SSBFofl 2069.41
EBS_Pollock_2023 4 2027 SSBLCI 2970.75
EBS_Pollock_2023 4 2027 SSBUCI 4406.28
EBS_Pollock_2023 4 2027 SSBMedian 3382.03
EBS_Pollock_2023 4 2027 SSBMean 3491.97
EBS_Pollock_2023 4 2028 SSBF100 5912.59
EBS_Pollock_2023 4 2028 SSBFabc 2365.04
EBS_Pollock_2023 4 2028 SSBFofl 2069.41
EBS_Pollock_2023 4 2028 SSBLCI 2756.33
EBS_Pollock_2023 4 2028 SSBUCI 4837.24
EBS_Pollock_2023 4 2028 SSBMedian 3429.94
EBS_Pollock_2023 4 2028 SSBMean 3577.01
EBS_Pollock_2023 4 2029 SSBF100 5912.59
EBS_Pollock_2023 4 2029 SSBFabc 2365.04
EBS_Pollock_2023 4 2029 SSBFofl 2069.41
EBS_Pollock_2023 4 2029 SSBLCI 2595.72
EBS_Pollock_2023 4 2029 SSBUCI 5055.92
EBS_Pollock_2023 4 2029 SSBMedian 3462.63
EBS_Pollock_2023 4 2029 SSBMean 3607.43
EBS_Pollock_2023 4 2030 SSBF100 5912.59
EBS_Pollock_2023 4 2030 SSBFabc 2365.04
EBS_Pollock_2023 4 2030 SSBFofl 2069.41
EBS_Pollock_2023 4 2030 SSBLCI 2458.71
EBS_Pollock_2023 4 2030 SSBUCI 5094.83
EBS_Pollock_2023 4 2030 SSBMedian 3523.56
EBS_Pollock_2023 4 2030 SSBMean 3618.94
EBS_Pollock_2023 4 2031 SSBF100 5912.59
EBS_Pollock_2023 4 2031 SSBFabc 2365.04
EBS_Pollock_2023 4 2031 SSBFofl 2069.41
EBS_Pollock_2023 4 2031 SSBLCI 2393.48
EBS_Pollock_2023 4 2031 SSBUCI 5152.36
EBS_Pollock_2023 4 2031 SSBMedian 3509.43
EBS_Pollock_2023 4 2031 SSBMean 3616.63
EBS_Pollock_2023 4 2032 SSBF100 5912.59
EBS_Pollock_2023 4 2032 SSBFabc 2365.04
EBS_Pollock_2023 4 2032 SSBFofl 2069.41
EBS_Pollock_2023 4 2032 SSBLCI 2377.09
EBS_Pollock_2023 4 2032 SSBUCI 5256.14
EBS_Pollock_2023 4 2032 SSBMedian 3464.08
EBS_Pollock_2023 4 2032 SSBMean 3601.93
EBS_Pollock_2023 4 2033 SSBF100 5912.59
EBS_Pollock_2023 4 2033 SSBFabc 2365.04
EBS_Pollock_2023 4 2033 SSBFofl 2069.41
EBS_Pollock_2023 4 2033 SSBLCI 2337.36
EBS_Pollock_2023 4 2033 SSBUCI 5274.95
EBS_Pollock_2023 4 2033 SSBMedian 3429.98
EBS_Pollock_2023 4 2033 SSBMean 3587.57
EBS_Pollock_2023 4 2034 SSBF100 5912.59
EBS_Pollock_2023 4 2034 SSBFabc 2365.04
EBS_Pollock_2023 4 2034 SSBFofl 2069.41
EBS_Pollock_2023 4 2034 SSBLCI 2317.17
EBS_Pollock_2023 4 2034 SSBUCI 5273.25
EBS_Pollock_2023 4 2034 SSBMedian 3420.53
EBS_Pollock_2023 4 2034 SSBMean 3566.02
EBS_Pollock_2023 4 2035 SSBF100 5912.59
EBS_Pollock_2023 4 2035 SSBFabc 2365.04
EBS_Pollock_2023 4 2035 SSBFofl 2069.41
EBS_Pollock_2023 4 2035 SSBLCI 2337.57
EBS_Pollock_2023 4 2035 SSBUCI 5191.71
EBS_Pollock_2023 4 2035 SSBMedian 3387.2
EBS_Pollock_2023 4 2035 SSBMean 3553.84
EBS_Pollock_2023 4 2036 SSBF100 5912.59
EBS_Pollock_2023 4 2036 SSBFabc 2365.04
EBS_Pollock_2023 4 2036 SSBFofl 2069.41
EBS_Pollock_2023 4 2036 SSBLCI 2335.32
EBS_Pollock_2023 4 2036 SSBUCI 5204.71
EBS_Pollock_2023 4 2036 SSBMedian 3388.34
EBS_Pollock_2023 4 2036 SSBMean 3557.2
EBS_Pollock_2023 4 2023 F0 0 
EBS_Pollock_2023 4 2023 Fabc 0.390436
EBS_Pollock_2023 4 2023 Fofl 0.499506
EBS_Pollock_2023 4 2023  F_LCI 0.212139
EBS_Pollock_2023 4 2023  F_UCI 0.212139
EBS_Pollock_2023 4 2023  F_Median 0.212139
EBS_Pollock_2023 4 2023  F_Mean 0.212139
EBS_Pollock_2023 4 2024 F0 0 
EBS_Pollock_2023 4 2024 Fabc 0.390436
EBS_Pollock_2023 4 2024 Fofl 0.499506
EBS_Pollock_2023 4 2024  F_LCI 0.199953
EBS_Pollock_2023 4 2024  F_UCI 0.199956
EBS_Pollock_2023 4 2024  F_Median 0.199955
EBS_Pollock_2023 4 2024  F_Mean 0.199955
EBS_Pollock_2023 4 2025 F0 0 
EBS_Pollock_2023 4 2025 Fabc 0.390436
EBS_Pollock_2023 4 2025 Fofl 0.499506
EBS_Pollock_2023 4 2025  F_LCI 0.15709
EBS_Pollock_2023 4 2025  F_UCI 0.15709
EBS_Pollock_2023 4 2025  F_Median 0.15709
EBS_Pollock_2023 4 2025  F_Mean 0.15709
EBS_Pollock_2023 4 2026 F0 0 
EBS_Pollock_2023 4 2026 Fabc 0.390436
EBS_Pollock_2023 4 2026 Fofl 0.499506
EBS_Pollock_2023 4 2026  F_LCI 0.15709
EBS_Pollock_2023 4 2026  F_UCI 0.15709
EBS_Pollock_2023 4 2026  F_Median 0.15709
EBS_Pollock_2023 4 2026  F_Mean 0.15709
EBS_Pollock_2023 4 2027 F0 0 
EBS_Pollock_2023 4 2027 Fabc 0.390436
EBS_Pollock_2023 4 2027 Fofl 0.499506
EBS_Pollock_2023 4 2027  F_LCI 0.15709
EBS_Pollock_2023 4 2027  F_UCI 0.15709
EBS_Pollock_2023 4 2027  F_Median 0.15709
EBS_Pollock_2023 4 2027  F_Mean 0.15709
EBS_Pollock_2023 4 2028 F0 0 
EBS_Pollock_2023 4 2028 Fabc 0.390436
EBS_Pollock_2023 4 2028 Fofl 0.499506
EBS_Pollock_2023 4 2028  F_LCI 0.15709
EBS_Pollock_2023 4 2028  F_UCI 0.15709
EBS_Pollock_2023 4 2028  F_Median 0.15709
EBS_Pollock_2023 4 2028  F_Mean 0.15709
EBS_Pollock_2023 4 2029 F0 0 
EBS_Pollock_2023 4 2029 Fabc 0.390436
EBS_Pollock_2023 4 2029 Fofl 0.499506
EBS_Pollock_2023 4 2029  F_LCI 0.15709
EBS_Pollock_2023 4 2029  F_UCI 0.15709
EBS_Pollock_2023 4 2029  F_Median 0.15709
EBS_Pollock_2023 4 2029  F_Mean 0.15709
EBS_Pollock_2023 4 2030 F0 0 
EBS_Pollock_2023 4 2030 Fabc 0.390436
EBS_Pollock_2023 4 2030 Fofl 0.499506
EBS_Pollock_2023 4 2030  F_LCI 0.15709
EBS_Pollock_2023 4 2030  F_UCI 0.15709
EBS_Pollock_2023 4 2030  F_Median 0.15709
EBS_Pollock_2023 4 2030  F_Mean 0.15709
EBS_Pollock_2023 4 2031 F0 0 
EBS_Pollock_2023 4 2031 Fabc 0.390436
EBS_Pollock_2023 4 2031 Fofl 0.499506
EBS_Pollock_2023 4 2031  F_LCI 0.15709
EBS_Pollock_2023 4 2031  F_UCI 0.15709
EBS_Pollock_2023 4 2031  F_Median 0.15709
EBS_Pollock_2023 4 2031  F_Mean 0.15709
EBS_Pollock_2023 4 2032 F0 0 
EBS_Pollock_2023 4 2032 Fabc 0.390436
EBS_Pollock_2023 4 2032 Fofl 0.499506
EBS_Pollock_2023 4 2032  F_LCI 0.15709
EBS_Pollock_2023 4 2032  F_UCI 0.15709
EBS_Pollock_2023 4 2032  F_Median 0.15709
EBS_Pollock_2023 4 2032  F_Mean 0.15709
EBS_Pollock_2023 4 2033 F0 0 
EBS_Pollock_2023 4 2033 Fabc 0.390436
EBS_Pollock_2023 4 2033 Fofl 0.499506
EBS_Pollock_2023 4 2033  F_LCI 0.15709
EBS_Pollock_2023 4 2033  F_UCI 0.15709
EBS_Pollock_2023 4 2033  F_Median 0.15709
EBS_Pollock_2023 4 2033  F_Mean 0.15709
EBS_Pollock_2023 4 2034 F0 0 
EBS_Pollock_2023 4 2034 Fabc 0.390436
EBS_Pollock_2023 4 2034 Fofl 0.499506
EBS_Pollock_2023 4 2034  F_LCI 0.15709
EBS_Pollock_2023 4 2034  F_UCI 0.15709
EBS_Pollock_2023 4 2034  F_Median 0.15709
EBS_Pollock_2023 4 2034  F_Mean 0.15709
EBS_Pollock_2023 4 2035 F0 0 
EBS_Pollock_2023 4 2035 Fabc 0.390436
EBS_Pollock_2023 4 2035 Fofl 0.499506
EBS_Pollock_2023 4 2035  F_LCI 0.15709
EBS_Pollock_2023 4 2035  F_UCI 0.15709
EBS_Pollock_2023 4 2035  F_Median 0.15709
EBS_Pollock_2023 4 2035  F_Mean 0.15709
EBS_Pollock_2023 4 2036 F0 0 
EBS_Pollock_2023 4 2036 Fabc 0.390436
EBS_Pollock_2023 4 2036 Fofl 0.499506
EBS_Pollock_2023 4 2036  F_LCI 0.15709
EBS_Pollock_2023 4 2036  F_UCI 0.15709
EBS_Pollock_2023 4 2036  F_Median 0.15709
EBS_Pollock_2023 4 2036  F_Mean 0.15709
EBS_Pollock_2023 5 2023 Cabc 1547.8
EBS_Pollock_2023 5 2023 Cofl 1650.82
EBS_Pollock_2023 5 2023 CLCI 1350
EBS_Pollock_2023 5 2023 CUCI 1350
EBS_Pollock_2023 5 2023 CMedian 1350
EBS_Pollock_2023 5 2023 CMean 1350
EBS_Pollock_2023 5 2023 CStdn 1.22782e-11
EBS_Pollock_2023 5 2024 Cabc 1547.8
EBS_Pollock_2023 5 2024 Cofl 1650.82
EBS_Pollock_2023 5 2024 CLCI 1350
EBS_Pollock_2023 5 2024 CUCI 1350
EBS_Pollock_2023 5 2024 CMedian 1350
EBS_Pollock_2023 5 2024 CMean 1350
EBS_Pollock_2023 5 2024 CStdn 2.04328e-07
EBS_Pollock_2023 5 2025 Cabc 1547.8
EBS_Pollock_2023 5 2025 Cofl 1650.82
EBS_Pollock_2023 5 2025 CLCI 0
EBS_Pollock_2023 5 2025 CUCI 0
EBS_Pollock_2023 5 2025 CMedian 0
EBS_Pollock_2023 5 2025 CMean 0
EBS_Pollock_2023 5 2025 CStdn 0
EBS_Pollock_2023 5 2026 Cabc 1547.8
EBS_Pollock_2023 5 2026 Cofl 1650.82
EBS_Pollock_2023 5 2026 CLCI 0
EBS_Pollock_2023 5 2026 CUCI 0
EBS_Pollock_2023 5 2026 CMedian 0
EBS_Pollock_2023 5 2026 CMean 0
EBS_Pollock_2023 5 2026 CStdn 0
EBS_Pollock_2023 5 2027 Cabc 1547.8
EBS_Pollock_2023 5 2027 Cofl 1650.82
EBS_Pollock_2023 5 2027 CLCI 0
EBS_Pollock_2023 5 2027 CUCI 0
EBS_Pollock_2023 5 2027 CMedian 0
EBS_Pollock_2023 5 2027 CMean 0
EBS_Pollock_2023 5 2027 CStdn 0
EBS_Pollock_2023 5 2028 Cabc 1547.8
EBS_Pollock_2023 5 2028 Cofl 1650.82
EBS_Pollock_2023 5 2028 CLCI 0
EBS_Pollock_2023 5 2028 CUCI 0
EBS_Pollock_2023 5 2028 CMedian 0
EBS_Pollock_2023 5 2028 CMean 0
EBS_Pollock_2023 5 2028 CStdn 0
EBS_Pollock_2023 5 2029 Cabc 1547.8
EBS_Pollock_2023 5 2029 Cofl 1650.82
EBS_Pollock_2023 5 2029 CLCI 0
EBS_Pollock_2023 5 2029 CUCI 0
EBS_Pollock_2023 5 2029 CMedian 0
EBS_Pollock_2023 5 2029 CMean 0
EBS_Pollock_2023 5 2029 CStdn 0
EBS_Pollock_2023 5 2030 Cabc 1547.8
EBS_Pollock_2023 5 2030 Cofl 1650.82
EBS_Pollock_2023 5 2030 CLCI 0
EBS_Pollock_2023 5 2030 CUCI 0
EBS_Pollock_2023 5 2030 CMedian 0
EBS_Pollock_2023 5 2030 CMean 0
EBS_Pollock_2023 5 2030 CStdn 0
EBS_Pollock_2023 5 2031 Cabc 1547.8
EBS_Pollock_2023 5 2031 Cofl 1650.82
EBS_Pollock_2023 5 2031 CLCI 0
EBS_Pollock_2023 5 2031 CUCI 0
EBS_Pollock_2023 5 2031 CMedian 0
EBS_Pollock_2023 5 2031 CMean 0
EBS_Pollock_2023 5 2031 CStdn 0
EBS_Pollock_2023 5 2032 Cabc 1547.8
EBS_Pollock_2023 5 2032 Cofl 1650.82
EBS_Pollock_2023 5 2032 CLCI 0
EBS_Pollock_2023 5 2032 CUCI 0
EBS_Pollock_2023 5 2032 CMedian 0
EBS_Pollock_2023 5 2032 CMean 0
EBS_Pollock_2023 5 2032 CStdn 0
EBS_Pollock_2023 5 2033 Cabc 1547.8
EBS_Pollock_2023 5 2033 Cofl 1650.82
EBS_Pollock_2023 5 2033 CLCI 0
EBS_Pollock_2023 5 2033 CUCI 0
EBS_Pollock_2023 5 2033 CMedian 0
EBS_Pollock_2023 5 2033 CMean 0
EBS_Pollock_2023 5 2033 CStdn 0
EBS_Pollock_2023 5 2034 Cabc 1547.8
EBS_Pollock_2023 5 2034 Cofl 1650.82
EBS_Pollock_2023 5 2034 CLCI 0
EBS_Pollock_2023 5 2034 CUCI 0
EBS_Pollock_2023 5 2034 CMedian 0
EBS_Pollock_2023 5 2034 CMean 0
EBS_Pollock_2023 5 2034 CStdn 0
EBS_Pollock_2023 5 2035 Cabc 1547.8
EBS_Pollock_2023 5 2035 Cofl 1650.82
EBS_Pollock_2023 5 2035 CLCI 0
EBS_Pollock_2023 5 2035 CUCI 0
EBS_Pollock_2023 5 2035 CMedian 0
EBS_Pollock_2023 5 2035 CMean 0
EBS_Pollock_2023 5 2035 CStdn 0
EBS_Pollock_2023 5 2036 Cabc 1547.8
EBS_Pollock_2023 5 2036 Cofl 1650.82
EBS_Pollock_2023 5 2036 CLCI 0
EBS_Pollock_2023 5 2036 CUCI 0
EBS_Pollock_2023 5 2036 CMedian 0
EBS_Pollock_2023 5 2036 CMean 0
EBS_Pollock_2023 5 2036 CStdn 0
EBS_Pollock_2023 5 2023 SSBF100 5912.59
EBS_Pollock_2023 5 2023 SSBFabc 2365.04
EBS_Pollock_2023 5 2023 SSBFofl 2069.41
EBS_Pollock_2023 5 2023 SSBLCI 3512.91
EBS_Pollock_2023 5 2023 SSBUCI 3512.91
EBS_Pollock_2023 5 2023 SSBMedian 3512.91
EBS_Pollock_2023 5 2023 SSBMean 3512.91
EBS_Pollock_2023 5 2024 SSBF100 5912.59
EBS_Pollock_2023 5 2024 SSBFabc 2365.04
EBS_Pollock_2023 5 2024 SSBFofl 2069.41
EBS_Pollock_2023 5 2024 SSBLCI 3243.04
EBS_Pollock_2023 5 2024 SSBUCI 3243.04
EBS_Pollock_2023 5 2024 SSBMedian 3243.04
EBS_Pollock_2023 5 2024 SSBMean 3243.04
EBS_Pollock_2023 5 2025 SSBF100 5912.59
EBS_Pollock_2023 5 2025 SSBFabc 2365.04
EBS_Pollock_2023 5 2025 SSBFofl 2069.41
EBS_Pollock_2023 5 2025 SSBLCI 3273.55
EBS_Pollock_2023 5 2025 SSBUCI 3286.94
EBS_Pollock_2023 5 2025 SSBMedian 3277.01
EBS_Pollock_2023 5 2025 SSBMean 3278.28
EBS_Pollock_2023 5 2026 SSBF100 5912.59
EBS_Pollock_2023 5 2026 SSBFabc 2365.04
EBS_Pollock_2023 5 2026 SSBFofl 2069.41
EBS_Pollock_2023 5 2026 SSBLCI 3672.74
EBS_Pollock_2023 5 2026 SSBUCI 4195.35
EBS_Pollock_2023 5 2026 SSBMedian 3806.36
EBS_Pollock_2023 5 2026 SSBMean 3857.37
EBS_Pollock_2023 5 2027 SSBF100 5912.59
EBS_Pollock_2023 5 2027 SSBFabc 2365.04
EBS_Pollock_2023 5 2027 SSBFofl 2069.41
EBS_Pollock_2023 5 2027 SSBLCI 3804.78
EBS_Pollock_2023 5 2027 SSBUCI 5305.6
EBS_Pollock_2023 5 2027 SSBMedian 4237.81
EBS_Pollock_2023 5 2027 SSBMean 4352.86
EBS_Pollock_2023 5 2028 SSBF100 5912.59
EBS_Pollock_2023 5 2028 SSBFabc 2365.04
EBS_Pollock_2023 5 2028 SSBFofl 2069.41
EBS_Pollock_2023 5 2028 SSBLCI 3844.47
EBS_Pollock_2023 5 2028 SSBUCI 6115.61
EBS_Pollock_2023 5 2028 SSBMedian 4578.26
EBS_Pollock_2023 5 2028 SSBMean 4745.72
EBS_Pollock_2023 5 2029 SSBF100 5912.59
EBS_Pollock_2023 5 2029 SSBFabc 2365.04
EBS_Pollock_2023 5 2029 SSBFofl 2069.41
EBS_Pollock_2023 5 2029 SSBLCI 3906.65
EBS_Pollock_2023 5 2029 SSBUCI 6674.24
EBS_Pollock_2023 5 2029 SSBMedian 4875.91
EBS_Pollock_2023 5 2029 SSBMean 5040.2
EBS_Pollock_2023 5 2030 SSBF100 5912.59
EBS_Pollock_2023 5 2030 SSBFabc 2365.04
EBS_Pollock_2023 5 2030 SSBFofl 2069.41
EBS_Pollock_2023 5 2030 SSBLCI 3896.44
EBS_Pollock_2023 5 2030 SSBUCI 7009.22
EBS_Pollock_2023 5 2030 SSBMedian 5155.55
EBS_Pollock_2023 5 2030 SSBMean 5278.15
EBS_Pollock_2023 5 2031 SSBF100 5912.59
EBS_Pollock_2023 5 2031 SSBFabc 2365.04
EBS_Pollock_2023 5 2031 SSBFofl 2069.41
EBS_Pollock_2023 5 2031 SSBLCI 3944.79
EBS_Pollock_2023 5 2031 SSBUCI 7282.65
EBS_Pollock_2023 5 2031 SSBMedian 5335.28
EBS_Pollock_2023 5 2031 SSBMean 5454.99
EBS_Pollock_2023 5 2032 SSBF100 5912.59
EBS_Pollock_2023 5 2032 SSBFabc 2365.04
EBS_Pollock_2023 5 2032 SSBFofl 2069.41
EBS_Pollock_2023 5 2032 SSBLCI 4004.95
EBS_Pollock_2023 5 2032 SSBUCI 7669.23
EBS_Pollock_2023 5 2032 SSBMedian 5469.09
EBS_Pollock_2023 5 2032 SSBMean 5584.12
EBS_Pollock_2023 5 2033 SSBF100 5912.59
EBS_Pollock_2023 5 2033 SSBFabc 2365.04
EBS_Pollock_2023 5 2033 SSBFofl 2069.41
EBS_Pollock_2023 5 2033 SSBLCI 4047.53
EBS_Pollock_2023 5 2033 SSBUCI 7769.95
EBS_Pollock_2023 5 2033 SSBMedian 5530.05
EBS_Pollock_2023 5 2033 SSBMean 5678.06
EBS_Pollock_2023 5 2034 SSBF100 5912.59
EBS_Pollock_2023 5 2034 SSBFabc 2365.04
EBS_Pollock_2023 5 2034 SSBFofl 2069.41
EBS_Pollock_2023 5 2034 SSBLCI 4027.58
EBS_Pollock_2023 5 2034 SSBUCI 7852.64
EBS_Pollock_2023 5 2034 SSBMedian 5588.53
EBS_Pollock_2023 5 2034 SSBMean 5733.54
EBS_Pollock_2023 5 2035 SSBF100 5912.59
EBS_Pollock_2023 5 2035 SSBFabc 2365.04
EBS_Pollock_2023 5 2035 SSBFofl 2069.41
EBS_Pollock_2023 5 2035 SSBLCI 4054.69
EBS_Pollock_2023 5 2035 SSBUCI 7919.12
EBS_Pollock_2023 5 2035 SSBMedian 5652.8
EBS_Pollock_2023 5 2035 SSBMean 5776.83
EBS_Pollock_2023 5 2036 SSBF100 5912.59
EBS_Pollock_2023 5 2036 SSBFabc 2365.04
EBS_Pollock_2023 5 2036 SSBFofl 2069.41
EBS_Pollock_2023 5 2036 SSBLCI 4139.07
EBS_Pollock_2023 5 2036 SSBUCI 8026.39
EBS_Pollock_2023 5 2036 SSBMedian 5669.16
EBS_Pollock_2023 5 2036 SSBMean 5820.12
EBS_Pollock_2023 5 2023 F0 0 
EBS_Pollock_2023 5 2023 Fabc 0.390436
EBS_Pollock_2023 5 2023 Fofl 0.499506
EBS_Pollock_2023 5 2023  F_LCI 0.212139
EBS_Pollock_2023 5 2023  F_UCI 0.212139
EBS_Pollock_2023 5 2023  F_Median 0.212139
EBS_Pollock_2023 5 2023  F_Mean 0.212139
EBS_Pollock_2023 5 2024 F0 0 
EBS_Pollock_2023 5 2024 Fabc 0.390436
EBS_Pollock_2023 5 2024 Fofl 0.499506
EBS_Pollock_2023 5 2024  F_LCI 0.199953
EBS_Pollock_2023 5 2024  F_UCI 0.199956
EBS_Pollock_2023 5 2024  F_Median 0.199955
EBS_Pollock_2023 5 2024  F_Mean 0.199955
EBS_Pollock_2023 5 2025 F0 0 
EBS_Pollock_2023 5 2025 Fabc 0.390436
EBS_Pollock_2023 5 2025 Fofl 0.499506
EBS_Pollock_2023 5 2025  F_LCI 0
EBS_Pollock_2023 5 2025  F_UCI 0
EBS_Pollock_2023 5 2025  F_Median 0
EBS_Pollock_2023 5 2025  F_Mean 0
EBS_Pollock_2023 5 2026 F0 0 
EBS_Pollock_2023 5 2026 Fabc 0.390436
EBS_Pollock_2023 5 2026 Fofl 0.499506
EBS_Pollock_2023 5 2026  F_LCI 0
EBS_Pollock_2023 5 2026  F_UCI 0
EBS_Pollock_2023 5 2026  F_Median 0
EBS_Pollock_2023 5 2026  F_Mean 0
EBS_Pollock_2023 5 2027 F0 0 
EBS_Pollock_2023 5 2027 Fabc 0.390436
EBS_Pollock_2023 5 2027 Fofl 0.499506
EBS_Pollock_2023 5 2027  F_LCI 0
EBS_Pollock_2023 5 2027  F_UCI 0
EBS_Pollock_2023 5 2027  F_Median 0
EBS_Pollock_2023 5 2027  F_Mean 0
EBS_Pollock_2023 5 2028 F0 0 
EBS_Pollock_2023 5 2028 Fabc 0.390436
EBS_Pollock_2023 5 2028 Fofl 0.499506
EBS_Pollock_2023 5 2028  F_LCI 0
EBS_Pollock_2023 5 2028  F_UCI 0
EBS_Pollock_2023 5 2028  F_Median 0
EBS_Pollock_2023 5 2028  F_Mean 0
EBS_Pollock_2023 5 2029 F0 0 
EBS_Pollock_2023 5 2029 Fabc 0.390436
EBS_Pollock_2023 5 2029 Fofl 0.499506
EBS_Pollock_2023 5 2029  F_LCI 0
EBS_Pollock_2023 5 2029  F_UCI 0
EBS_Pollock_2023 5 2029  F_Median 0
EBS_Pollock_2023 5 2029  F_Mean 0
EBS_Pollock_2023 5 2030 F0 0 
EBS_Pollock_2023 5 2030 Fabc 0.390436
EBS_Pollock_2023 5 2030 Fofl 0.499506
EBS_Pollock_2023 5 2030  F_LCI 0
EBS_Pollock_2023 5 2030  F_UCI 0
EBS_Pollock_2023 5 2030  F_Median 0
EBS_Pollock_2023 5 2030  F_Mean 0
EBS_Pollock_2023 5 2031 F0 0 
EBS_Pollock_2023 5 2031 Fabc 0.390436
EBS_Pollock_2023 5 2031 Fofl 0.499506
EBS_Pollock_2023 5 2031  F_LCI 0
EBS_Pollock_2023 5 2031  F_UCI 0
EBS_Pollock_2023 5 2031  F_Median 0
EBS_Pollock_2023 5 2031  F_Mean 0
EBS_Pollock_2023 5 2032 F0 0 
EBS_Pollock_2023 5 2032 Fabc 0.390436
EBS_Pollock_2023 5 2032 Fofl 0.499506
EBS_Pollock_2023 5 2032  F_LCI 0
EBS_Pollock_2023 5 2032  F_UCI 0
EBS_Pollock_2023 5 2032  F_Median 0
EBS_Pollock_2023 5 2032  F_Mean 0
EBS_Pollock_2023 5 2033 F0 0 
EBS_Pollock_2023 5 2033 Fabc 0.390436
EBS_Pollock_2023 5 2033 Fofl 0.499506
EBS_Pollock_2023 5 2033  F_LCI 0
EBS_Pollock_2023 5 2033  F_UCI 0
EBS_Pollock_2023 5 2033  F_Median 0
EBS_Pollock_2023 5 2033  F_Mean 0
EBS_Pollock_2023 5 2034 F0 0 
EBS_Pollock_2023 5 2034 Fabc 0.390436
EBS_Pollock_2023 5 2034 Fofl 0.499506
EBS_Pollock_2023 5 2034  F_LCI 0
EBS_Pollock_2023 5 2034  F_UCI 0
EBS_Pollock_2023 5 2034  F_Median 0
EBS_Pollock_2023 5 2034  F_Mean 0
EBS_Pollock_2023 5 2035 F0 0 
EBS_Pollock_2023 5 2035 Fabc 0.390436
EBS_Pollock_2023 5 2035 Fofl 0.499506
EBS_Pollock_2023 5 2035  F_LCI 0
EBS_Pollock_2023 5 2035  F_UCI 0
EBS_Pollock_2023 5 2035  F_Median 0
EBS_Pollock_2023 5 2035  F_Mean 0
EBS_Pollock_2023 5 2036 F0 0 
EBS_Pollock_2023 5 2036 Fabc 0.390436
EBS_Pollock_2023 5 2036 Fofl 0.499506
EBS_Pollock_2023 5 2036  F_LCI 0
EBS_Pollock_2023 5 2036  F_UCI 0
EBS_Pollock_2023 5 2036  F_Median 0
EBS_Pollock_2023 5 2036  F_Mean 0
EBS_Pollock_2023 6 2023 Cabc 1547.8
EBS_Pollock_2023 6 2023 Cofl 1650.82
EBS_Pollock_2023 6 2023 CLCI 1350
EBS_Pollock_2023 6 2023 CUCI 1350
EBS_Pollock_2023 6 2023 CMedian 1350
EBS_Pollock_2023 6 2023 CMean 1350
EBS_Pollock_2023 6 2023 CStdn 1.22782e-11
EBS_Pollock_2023 6 2024 Cabc 1547.8
EBS_Pollock_2023 6 2024 Cofl 1650.82
EBS_Pollock_2023 6 2024 CLCI 2918.88
EBS_Pollock_2023 6 2024 CUCI 2918.93
EBS_Pollock_2023 6 2024 CMedian 2918.89
EBS_Pollock_2023 6 2024 CMean 2918.9
EBS_Pollock_2023 6 2024 CStdn 0.018629
EBS_Pollock_2023 6 2025 Cabc 1547.8
EBS_Pollock_2023 6 2025 Cofl 1650.82
EBS_Pollock_2023 6 2025 CLCI 2128.75
EBS_Pollock_2023 6 2025 CUCI 2205.85
EBS_Pollock_2023 6 2025 CMedian 2148.64
EBS_Pollock_2023 6 2025 CMean 2155.94
EBS_Pollock_2023 6 2025 CStdn 26.6246
EBS_Pollock_2023 6 2026 Cabc 1547.8
EBS_Pollock_2023 6 2026 Cofl 1650.82
EBS_Pollock_2023 6 2026 CLCI 1531.14
EBS_Pollock_2023 6 2026 CUCI 2084.87
EBS_Pollock_2023 6 2026 CMedian 1705.39
EBS_Pollock_2023 6 2026 CMean 1751.08
EBS_Pollock_2023 6 2026 CStdn 183.302
EBS_Pollock_2023 6 2027 Cabc 1547.8
EBS_Pollock_2023 6 2027 Cofl 1650.82
EBS_Pollock_2023 6 2027 CLCI 1219.75
EBS_Pollock_2023 6 2027 CUCI 2229.3
EBS_Pollock_2023 6 2027 CMedian 1615.31
EBS_Pollock_2023 6 2027 CMean 1670.7
EBS_Pollock_2023 6 2027 CStdn 328.786
EBS_Pollock_2023 6 2028 Cabc 1547.8
EBS_Pollock_2023 6 2028 Cofl 1650.82
EBS_Pollock_2023 6 2028 CLCI 1059.73
EBS_Pollock_2023 6 2028 CUCI 2409.47
EBS_Pollock_2023 6 2028 CMedian 1602.01
EBS_Pollock_2023 6 2028 CMean 1659.99
EBS_Pollock_2023 6 2028 CStdn 443.178
EBS_Pollock_2023 6 2029 Cabc 1547.8
EBS_Pollock_2023 6 2029 Cofl 1650.82
EBS_Pollock_2023 6 2029 CLCI 976.785
EBS_Pollock_2023 6 2029 CUCI 2540.63
EBS_Pollock_2023 6 2029 CMedian 1627.35
EBS_Pollock_2023 6 2029 CMean 1674.06
EBS_Pollock_2023 6 2029 CStdn 506.262
EBS_Pollock_2023 6 2030 Cabc 1547.8
EBS_Pollock_2023 6 2030 Cofl 1650.82
EBS_Pollock_2023 6 2030 CLCI 894.835
EBS_Pollock_2023 6 2030 CUCI 2506.02
EBS_Pollock_2023 6 2030 CMedian 1614.73
EBS_Pollock_2023 6 2030 CMean 1648.29
EBS_Pollock_2023 6 2030 CStdn 534.499
EBS_Pollock_2023 6 2031 Cabc 1547.8
EBS_Pollock_2023 6 2031 Cofl 1650.82
EBS_Pollock_2023 6 2031 CLCI 872.688
EBS_Pollock_2023 6 2031 CUCI 2542.86
EBS_Pollock_2023 6 2031 CMedian 1564.03
EBS_Pollock_2023 6 2031 CMean 1626.92
EBS_Pollock_2023 6 2031 CStdn 546.293
EBS_Pollock_2023 6 2032 Cabc 1547.8
EBS_Pollock_2023 6 2032 Cofl 1650.82
EBS_Pollock_2023 6 2032 CLCI 863.318
EBS_Pollock_2023 6 2032 CUCI 2558.94
EBS_Pollock_2023 6 2032 CMedian 1541.35
EBS_Pollock_2023 6 2032 CMean 1616.83
EBS_Pollock_2023 6 2032 CStdn 551.548
EBS_Pollock_2023 6 2033 Cabc 1547.8
EBS_Pollock_2023 6 2033 Cofl 1650.82
EBS_Pollock_2023 6 2033 CLCI 831.863
EBS_Pollock_2023 6 2033 CUCI 2551.17
EBS_Pollock_2023 6 2033 CMedian 1522.11
EBS_Pollock_2023 6 2033 CMean 1610.96
EBS_Pollock_2023 6 2033 CStdn 541.454
EBS_Pollock_2023 6 2034 Cabc 1547.8
EBS_Pollock_2023 6 2034 Cofl 1650.82
EBS_Pollock_2023 6 2034 CLCI 853.898
EBS_Pollock_2023 6 2034 CUCI 2595.01
EBS_Pollock_2023 6 2034 CMedian 1516.54
EBS_Pollock_2023 6 2034 CMean 1599.55
EBS_Pollock_2023 6 2034 CStdn 533.842
EBS_Pollock_2023 6 2035 Cabc 1547.8
EBS_Pollock_2023 6 2035 Cofl 1650.82
EBS_Pollock_2023 6 2035 CLCI 841.866
EBS_Pollock_2023 6 2035 CUCI 2548.28
EBS_Pollock_2023 6 2035 CMedian 1520.51
EBS_Pollock_2023 6 2035 CMean 1595.87
EBS_Pollock_2023 6 2035 CStdn 532.847
EBS_Pollock_2023 6 2036 Cabc 1547.8
EBS_Pollock_2023 6 2036 Cofl 1650.82
EBS_Pollock_2023 6 2036 CLCI 840.694
EBS_Pollock_2023 6 2036 CUCI 2509.57
EBS_Pollock_2023 6 2036 CMedian 1519.86
EBS_Pollock_2023 6 2036 CMean 1596.5
EBS_Pollock_2023 6 2036 CStdn 540.952
EBS_Pollock_2023 6 2023 SSBF100 5912.59
EBS_Pollock_2023 6 2023 SSBFabc 2365.04
EBS_Pollock_2023 6 2023 SSBFofl 2069.41
EBS_Pollock_2023 6 2023 SSBLCI 3512.91
EBS_Pollock_2023 6 2023 SSBUCI 3512.91
EBS_Pollock_2023 6 2023 SSBMedian 3512.91
EBS_Pollock_2023 6 2023 SSBMean 3512.91
EBS_Pollock_2023 6 2024 SSBF100 5912.59
EBS_Pollock_2023 6 2024 SSBFabc 2365.04
EBS_Pollock_2023 6 2024 SSBFofl 2069.41
EBS_Pollock_2023 6 2024 SSBLCI 3012.94
EBS_Pollock_2023 6 2024 SSBUCI 3012.94
EBS_Pollock_2023 6 2024 SSBMedian 3012.94
EBS_Pollock_2023 6 2024 SSBMean 3012.94
EBS_Pollock_2023 6 2025 SSBF100 5912.59
EBS_Pollock_2023 6 2025 SSBFabc 2365.04
EBS_Pollock_2023 6 2025 SSBFofl 2069.41
EBS_Pollock_2023 6 2025 SSBLCI 2384.64
EBS_Pollock_2023 6 2025 SSBUCI 2397.93
EBS_Pollock_2023 6 2025 SSBMedian 2388.07
EBS_Pollock_2023 6 2025 SSBMean 2389.33
EBS_Pollock_2023 6 2026 SSBF100 5912.59
EBS_Pollock_2023 6 2026 SSBFabc 2365.04
EBS_Pollock_2023 6 2026 SSBFofl 2069.41
EBS_Pollock_2023 6 2026 SSBLCI 2119.17
EBS_Pollock_2023 6 2026 SSBUCI 2593.24
EBS_Pollock_2023 6 2026 SSBMedian 2235.47
EBS_Pollock_2023 6 2026 SSBMean 2282.96
EBS_Pollock_2023 6 2027 SSBF100 5912.59
EBS_Pollock_2023 6 2027 SSBFabc 2365.04
EBS_Pollock_2023 6 2027 SSBFofl 2069.41
EBS_Pollock_2023 6 2027 SSBLCI 1854.38
EBS_Pollock_2023 6 2027 SSBUCI 3055.01
EBS_Pollock_2023 6 2027 SSBMedian 2188.59
EBS_Pollock_2023 6 2027 SSBMean 2285.89
EBS_Pollock_2023 6 2028 SSBF100 5912.59
EBS_Pollock_2023 6 2028 SSBFabc 2365.04
EBS_Pollock_2023 6 2028 SSBFofl 2069.41
EBS_Pollock_2023 6 2028 SSBLCI 1686.12
EBS_Pollock_2023 6 2028 SSBUCI 3250.48
EBS_Pollock_2023 6 2028 SSBMedian 2162.22
EBS_Pollock_2023 6 2028 SSBMean 2281.39
EBS_Pollock_2023 6 2029 SSBF100 5912.59
EBS_Pollock_2023 6 2029 SSBFabc 2365.04
EBS_Pollock_2023 6 2029 SSBFofl 2069.41
EBS_Pollock_2023 6 2029 SSBLCI 1593.59
EBS_Pollock_2023 6 2029 SSBUCI 3224.05
EBS_Pollock_2023 6 2029 SSBMedian 2156.27
EBS_Pollock_2023 6 2029 SSBMean 2261.78
EBS_Pollock_2023 6 2030 SSBF100 5912.59
EBS_Pollock_2023 6 2030 SSBFabc 2365.04
EBS_Pollock_2023 6 2030 SSBFofl 2069.41
EBS_Pollock_2023 6 2030 SSBLCI 1534.48
EBS_Pollock_2023 6 2030 SSBUCI 3295.59
EBS_Pollock_2023 6 2030 SSBMedian 2158.16
EBS_Pollock_2023 6 2030 SSBMean 2249.79
EBS_Pollock_2023 6 2031 SSBF100 5912.59
EBS_Pollock_2023 6 2031 SSBFabc 2365.04
EBS_Pollock_2023 6 2031 SSBFofl 2069.41
EBS_Pollock_2023 6 2031 SSBLCI 1531.15
EBS_Pollock_2023 6 2031 SSBUCI 3337.5
EBS_Pollock_2023 6 2031 SSBMedian 2119.46
EBS_Pollock_2023 6 2031 SSBMean 2243.5
EBS_Pollock_2023 6 2032 SSBF100 5912.59
EBS_Pollock_2023 6 2032 SSBFabc 2365.04
EBS_Pollock_2023 6 2032 SSBFofl 2069.41
EBS_Pollock_2023 6 2032 SSBLCI 1519.99
EBS_Pollock_2023 6 2032 SSBUCI 3338.77
EBS_Pollock_2023 6 2032 SSBMedian 2116.08
EBS_Pollock_2023 6 2032 SSBMean 2230.31
EBS_Pollock_2023 6 2033 SSBF100 5912.59
EBS_Pollock_2023 6 2033 SSBFabc 2365.04
EBS_Pollock_2023 6 2033 SSBFofl 2069.41
EBS_Pollock_2023 6 2033 SSBLCI 1483.9
EBS_Pollock_2023 6 2033 SSBUCI 3351.05
EBS_Pollock_2023 6 2033 SSBMedian 2114.8
EBS_Pollock_2023 6 2033 SSBMean 2221.46
EBS_Pollock_2023 6 2034 SSBF100 5912.59
EBS_Pollock_2023 6 2034 SSBFabc 2365.04
EBS_Pollock_2023 6 2034 SSBFofl 2069.41
EBS_Pollock_2023 6 2034 SSBLCI 1496.34
EBS_Pollock_2023 6 2034 SSBUCI 3285.02
EBS_Pollock_2023 6 2034 SSBMedian 2099.55
EBS_Pollock_2023 6 2034 SSBMean 2208.48
EBS_Pollock_2023 6 2035 SSBF100 5912.59
EBS_Pollock_2023 6 2035 SSBFabc 2365.04
EBS_Pollock_2023 6 2035 SSBFofl 2069.41
EBS_Pollock_2023 6 2035 SSBLCI 1495.92
EBS_Pollock_2023 6 2035 SSBUCI 3256.41
EBS_Pollock_2023 6 2035 SSBMedian 2079.64
EBS_Pollock_2023 6 2035 SSBMean 2206.71
EBS_Pollock_2023 6 2036 SSBF100 5912.59
EBS_Pollock_2023 6 2036 SSBFabc 2365.04
EBS_Pollock_2023 6 2036 SSBFofl 2069.41
EBS_Pollock_2023 6 2036 SSBLCI 1507.16
EBS_Pollock_2023 6 2036 SSBUCI 3306.76
EBS_Pollock_2023 6 2036 SSBMedian 2098.91
EBS_Pollock_2023 6 2036 SSBMean 2217.65
EBS_Pollock_2023 6 2023 F0 0 
EBS_Pollock_2023 6 2023 Fabc 0.390436
EBS_Pollock_2023 6 2023 Fofl 0.499506
EBS_Pollock_2023 6 2023  F_LCI 0.212139
EBS_Pollock_2023 6 2023  F_UCI 0.212139
EBS_Pollock_2023 6 2023  F_Median 0.212139
EBS_Pollock_2023 6 2023  F_Mean 0.212139
EBS_Pollock_2023 6 2024 F0 0 
EBS_Pollock_2023 6 2024 Fabc 0.390436
EBS_Pollock_2023 6 2024 Fofl 0.499506
EBS_Pollock_2023 6 2024  F_LCI 0.499506
EBS_Pollock_2023 6 2024  F_UCI 0.499506
EBS_Pollock_2023 6 2024  F_Median 0.499506
EBS_Pollock_2023 6 2024  F_Mean 0.499506
EBS_Pollock_2023 6 2025 F0 0 
EBS_Pollock_2023 6 2025 Fabc 0.390436
EBS_Pollock_2023 6 2025 Fofl 0.499506
EBS_Pollock_2023 6 2025  F_LCI 0.499506
EBS_Pollock_2023 6 2025  F_UCI 0.499506
EBS_Pollock_2023 6 2025  F_Median 0.499506
EBS_Pollock_2023 6 2025  F_Mean 0.499506
EBS_Pollock_2023 6 2026 F0 0 
EBS_Pollock_2023 6 2026 Fabc 0.390436
EBS_Pollock_2023 6 2026 Fofl 0.499506
EBS_Pollock_2023 6 2026  F_LCI 0.444883
EBS_Pollock_2023 6 2026  F_UCI 0.499506
EBS_Pollock_2023 6 2026  F_Median 0.470759
EBS_Pollock_2023 6 2026  F_Mean 0.473353
EBS_Pollock_2023 6 2027 F0 0 
EBS_Pollock_2023 6 2027 Fabc 0.390436
EBS_Pollock_2023 6 2027 Fofl 0.499506
EBS_Pollock_2023 6 2027  F_LCI 0.385975
EBS_Pollock_2023 6 2027  F_UCI 0.499506
EBS_Pollock_2023 6 2027  F_Median 0.460323
EBS_Pollock_2023 6 2027  F_Mean 0.455983
EBS_Pollock_2023 6 2028 F0 0 
EBS_Pollock_2023 6 2028 Fabc 0.390436
EBS_Pollock_2023 6 2028 Fofl 0.499506
EBS_Pollock_2023 6 2028  F_LCI 0.348551
EBS_Pollock_2023 6 2028  F_UCI 0.499506
EBS_Pollock_2023 6 2028  F_Median 0.454453
EBS_Pollock_2023 6 2028  F_Mean 0.44495
EBS_Pollock_2023 6 2029 F0 0 
EBS_Pollock_2023 6 2029 Fabc 0.390436
EBS_Pollock_2023 6 2029 Fofl 0.499506
EBS_Pollock_2023 6 2029  F_LCI 0.32797
EBS_Pollock_2023 6 2029  F_UCI 0.499506
EBS_Pollock_2023 6 2029  F_Median 0.453139
EBS_Pollock_2023 6 2029  F_Mean 0.439074
EBS_Pollock_2023 6 2030 F0 0 
EBS_Pollock_2023 6 2030 Fabc 0.390436
EBS_Pollock_2023 6 2030 Fofl 0.499506
EBS_Pollock_2023 6 2030  F_LCI 0.314827
EBS_Pollock_2023 6 2030  F_UCI 0.499506
EBS_Pollock_2023 6 2030  F_Median 0.453586
EBS_Pollock_2023 6 2030  F_Mean 0.436168
EBS_Pollock_2023 6 2031 F0 0 
EBS_Pollock_2023 6 2031 Fabc 0.390436
EBS_Pollock_2023 6 2031 Fofl 0.499506
EBS_Pollock_2023 6 2031  F_LCI 0.314093
EBS_Pollock_2023 6 2031  F_UCI 0.499506
EBS_Pollock_2023 6 2031  F_Median 0.444936
EBS_Pollock_2023 6 2031  F_Mean 0.43325
EBS_Pollock_2023 6 2032 F0 0 
EBS_Pollock_2023 6 2032 Fabc 0.390436
EBS_Pollock_2023 6 2032 Fofl 0.499506
EBS_Pollock_2023 6 2032  F_LCI 0.311607
EBS_Pollock_2023 6 2032  F_UCI 0.499506
EBS_Pollock_2023 6 2032  F_Median 0.444197
EBS_Pollock_2023 6 2032  F_Mean 0.431026
EBS_Pollock_2023 6 2033 F0 0 
EBS_Pollock_2023 6 2033 Fabc 0.390436
EBS_Pollock_2023 6 2033 Fofl 0.499506
EBS_Pollock_2023 6 2033  F_LCI 0.303588
EBS_Pollock_2023 6 2033  F_UCI 0.499506
EBS_Pollock_2023 6 2033  F_Median 0.443906
EBS_Pollock_2023 6 2033  F_Mean 0.431094
EBS_Pollock_2023 6 2034 F0 0 
EBS_Pollock_2023 6 2034 Fabc 0.390436
EBS_Pollock_2023 6 2034 Fofl 0.499506
EBS_Pollock_2023 6 2034  F_LCI 0.306339
EBS_Pollock_2023 6 2034  F_UCI 0.499506
EBS_Pollock_2023 6 2034  F_Median 0.440512
EBS_Pollock_2023 6 2034  F_Mean 0.429519
EBS_Pollock_2023 6 2035 F0 0 
EBS_Pollock_2023 6 2035 Fabc 0.390436
EBS_Pollock_2023 6 2035 Fofl 0.499506
EBS_Pollock_2023 6 2035  F_LCI 0.306242
EBS_Pollock_2023 6 2035  F_UCI 0.499506
EBS_Pollock_2023 6 2035  F_Median 0.436083
EBS_Pollock_2023 6 2035  F_Mean 0.42924
EBS_Pollock_2023 6 2036 F0 0 
EBS_Pollock_2023 6 2036 Fabc 0.390436
EBS_Pollock_2023 6 2036 Fofl 0.499506
EBS_Pollock_2023 6 2036  F_LCI 0.308762
EBS_Pollock_2023 6 2036  F_UCI 0.499506
EBS_Pollock_2023 6 2036  F_Median 0.440366
EBS_Pollock_2023 6 2036  F_Mean 0.428613
EBS_Pollock_2023 7 2023 Cabc 1547.8
EBS_Pollock_2023 7 2023 Cofl 1650.82
EBS_Pollock_2023 7 2023 CLCI 1350
EBS_Pollock_2023 7 2023 CUCI 1350
EBS_Pollock_2023 7 2023 CMedian 1350
EBS_Pollock_2023 7 2023 CMean 1350
EBS_Pollock_2023 7 2023 CStdn 1.22782e-11
EBS_Pollock_2023 7 2024 Cabc 1547.8
EBS_Pollock_2023 7 2024 Cofl 1650.82
EBS_Pollock_2023 7 2024 CLCI 2400.93
EBS_Pollock_2023 7 2024 CUCI 2400.97
EBS_Pollock_2023 7 2024 CMedian 2400.94
EBS_Pollock_2023 7 2024 CMean 2400.94
EBS_Pollock_2023 7 2024 CStdn 0.0145612
EBS_Pollock_2023 7 2025 Cabc 1547.8
EBS_Pollock_2023 7 2025 Cofl 1650.82
EBS_Pollock_2023 7 2025 CLCI 1899.78
EBS_Pollock_2023 7 2025 CUCI 1960.22
EBS_Pollock_2023 7 2025 CMedian 1915.37
EBS_Pollock_2023 7 2025 CMean 1921.1
EBS_Pollock_2023 7 2025 CStdn 20.8684
EBS_Pollock_2023 7 2026 Cabc 1547.8
EBS_Pollock_2023 7 2026 Cofl 1650.82
EBS_Pollock_2023 7 2026 CLCI 1893.27
EBS_Pollock_2023 7 2026 CUCI 2321.09
EBS_Pollock_2023 7 2026 CMedian 2026.2
EBS_Pollock_2023 7 2026 CMean 2058.65
EBS_Pollock_2023 7 2026 CStdn 140.554
EBS_Pollock_2023 7 2027 Cabc 1547.8
EBS_Pollock_2023 7 2027 Cofl 1650.82
EBS_Pollock_2023 7 2027 CLCI 1331.06
EBS_Pollock_2023 7 2027 CUCI 2344.94
EBS_Pollock_2023 7 2027 CMedian 1770.84
EBS_Pollock_2023 7 2027 CMean 1799.39
EBS_Pollock_2023 7 2027 CStdn 327.992
EBS_Pollock_2023 7 2028 Cabc 1547.8
EBS_Pollock_2023 7 2028 Cofl 1650.82
EBS_Pollock_2023 7 2028 CLCI 1095.41
EBS_Pollock_2023 7 2028 CUCI 2475.5
EBS_Pollock_2023 7 2028 CMedian 1664.07
EBS_Pollock_2023 7 2028 CMean 1710.08
EBS_Pollock_2023 7 2028 CStdn 450.229
EBS_Pollock_2023 7 2029 Cabc 1547.8
EBS_Pollock_2023 7 2029 Cofl 1650.82
EBS_Pollock_2023 7 2029 CLCI 984.292
EBS_Pollock_2023 7 2029 CUCI 2567.68
EBS_Pollock_2023 7 2029 CMedian 1641.9
EBS_Pollock_2023 7 2029 CMean 1690.79
EBS_Pollock_2023 7 2029 CStdn 511.298
EBS_Pollock_2023 7 2030 Cabc 1547.8
EBS_Pollock_2023 7 2030 Cofl 1650.82
EBS_Pollock_2023 7 2030 CLCI 895.58
EBS_Pollock_2023 7 2030 CUCI 2509.85
EBS_Pollock_2023 7 2030 CMedian 1617.68
EBS_Pollock_2023 7 2030 CMean 1652.04
EBS_Pollock_2023 7 2030 CStdn 536.79
EBS_Pollock_2023 7 2031 Cabc 1547.8
EBS_Pollock_2023 7 2031 Cofl 1650.82
EBS_Pollock_2023 7 2031 CLCI 871.504
EBS_Pollock_2023 7 2031 CUCI 2541.1
EBS_Pollock_2023 7 2031 CMedian 1562.79
EBS_Pollock_2023 7 2031 CMean 1626.88
EBS_Pollock_2023 7 2031 CStdn 546.811
EBS_Pollock_2023 7 2032 Cabc 1547.8
EBS_Pollock_2023 7 2032 Cofl 1650.82
EBS_Pollock_2023 7 2032 CLCI 862.672
EBS_Pollock_2023 7 2032 CUCI 2558.01
EBS_Pollock_2023 7 2032 CMedian 1539.4
EBS_Pollock_2023 7 2032 CMean 1616.39
EBS_Pollock_2023 7 2032 CStdn 551.633
EBS_Pollock_2023 7 2033 Cabc 1547.8
EBS_Pollock_2023 7 2033 Cofl 1650.82
EBS_Pollock_2023 7 2033 CLCI 831.581
EBS_Pollock_2023 7 2033 CUCI 2550.65
EBS_Pollock_2023 7 2033 CMedian 1521.45
EBS_Pollock_2023 7 2033 CMean 1610.72
EBS_Pollock_2023 7 2033 CStdn 541.453
EBS_Pollock_2023 7 2034 Cabc 1547.8
EBS_Pollock_2023 7 2034 Cofl 1650.82
EBS_Pollock_2023 7 2034 CLCI 853.784
EBS_Pollock_2023 7 2034 CUCI 2594.97
EBS_Pollock_2023 7 2034 CMedian 1516.49
EBS_Pollock_2023 7 2034 CMean 1599.45
EBS_Pollock_2023 7 2034 CStdn 533.833
EBS_Pollock_2023 7 2035 Cabc 1547.8
EBS_Pollock_2023 7 2035 Cofl 1650.82
EBS_Pollock_2023 7 2035 CLCI 841.876
EBS_Pollock_2023 7 2035 CUCI 2548.18
EBS_Pollock_2023 7 2035 CMedian 1520.51
EBS_Pollock_2023 7 2035 CMean 1595.84
EBS_Pollock_2023 7 2035 CStdn 532.843
EBS_Pollock_2023 7 2036 Cabc 1547.8
EBS_Pollock_2023 7 2036 Cofl 1650.82
EBS_Pollock_2023 7 2036 CLCI 840.705
EBS_Pollock_2023 7 2036 CUCI 2509.55
EBS_Pollock_2023 7 2036 CMedian 1519.83
EBS_Pollock_2023 7 2036 CMean 1596.5
EBS_Pollock_2023 7 2036 CStdn 540.951
EBS_Pollock_2023 7 2023 SSBF100 5912.59
EBS_Pollock_2023 7 2023 SSBFabc 2365.04
EBS_Pollock_2023 7 2023 SSBFofl 2069.41
EBS_Pollock_2023 7 2023 SSBLCI 3512.91
EBS_Pollock_2023 7 2023 SSBUCI 3512.91
EBS_Pollock_2023 7 2023 SSBMedian 3512.91
EBS_Pollock_2023 7 2023 SSBMean 3512.91
EBS_Pollock_2023 7 2024 SSBF100 5912.59
EBS_Pollock_2023 7 2024 SSBFabc 2365.04
EBS_Pollock_2023 7 2024 SSBFofl 2069.41
EBS_Pollock_2023 7 2024 SSBLCI 3094.31
EBS_Pollock_2023 7 2024 SSBUCI 3094.31
EBS_Pollock_2023 7 2024 SSBMedian 3094.31
EBS_Pollock_2023 7 2024 SSBMean 3094.31
EBS_Pollock_2023 7 2025 SSBF100 5912.59
EBS_Pollock_2023 7 2025 SSBFabc 2365.04
EBS_Pollock_2023 7 2025 SSBFofl 2069.41
EBS_Pollock_2023 7 2025 SSBLCI 2619.78
EBS_Pollock_2023 7 2025 SSBUCI 2633.1
EBS_Pollock_2023 7 2025 SSBMedian 2623.22
EBS_Pollock_2023 7 2025 SSBMean 2624.48
EBS_Pollock_2023 7 2026 SSBF100 5912.59
EBS_Pollock_2023 7 2026 SSBFabc 2365.04
EBS_Pollock_2023 7 2026 SSBFofl 2069.41
EBS_Pollock_2023 7 2026 SSBLCI 2328.14
EBS_Pollock_2023 7 2026 SSBUCI 2822.61
EBS_Pollock_2023 7 2026 SSBMedian 2451.43
EBS_Pollock_2023 7 2026 SSBMean 2500.73
EBS_Pollock_2023 7 2027 SSBF100 5912.59
EBS_Pollock_2023 7 2027 SSBFabc 2365.04
EBS_Pollock_2023 7 2027 SSBFofl 2069.41
EBS_Pollock_2023 7 2027 SSBLCI 1925
EBS_Pollock_2023 7 2027 SSBUCI 3180.47
EBS_Pollock_2023 7 2027 SSBMedian 2276.11
EBS_Pollock_2023 7 2027 SSBMean 2377.61
EBS_Pollock_2023 7 2028 SSBF100 5912.59
EBS_Pollock_2023 7 2028 SSBFabc 2365.04
EBS_Pollock_2023 7 2028 SSBFofl 2069.41
EBS_Pollock_2023 7 2028 SSBLCI 1709.01
EBS_Pollock_2023 7 2028 SSBUCI 3310.75
EBS_Pollock_2023 7 2028 SSBMedian 2193.82
EBS_Pollock_2023 7 2028 SSBMean 2315.84
EBS_Pollock_2023 7 2029 SSBF100 5912.59
EBS_Pollock_2023 7 2029 SSBFabc 2365.04
EBS_Pollock_2023 7 2029 SSBFofl 2069.41
EBS_Pollock_2023 7 2029 SSBLCI 1598.66
EBS_Pollock_2023 7 2029 SSBUCI 3236.63
EBS_Pollock_2023 7 2029 SSBMedian 2167.73
EBS_Pollock_2023 7 2029 SSBMean 2272.08
EBS_Pollock_2023 7 2030 SSBF100 5912.59
EBS_Pollock_2023 7 2030 SSBFabc 2365.04
EBS_Pollock_2023 7 2030 SSBFofl 2069.41
EBS_Pollock_2023 7 2030 SSBLCI 1534.02
EBS_Pollock_2023 7 2030 SSBUCI 3296.81
EBS_Pollock_2023 7 2030 SSBMedian 2164.43
EBS_Pollock_2023 7 2030 SSBMean 2251.69
EBS_Pollock_2023 7 2031 SSBF100 5912.59
EBS_Pollock_2023 7 2031 SSBFabc 2365.04
EBS_Pollock_2023 7 2031 SSBFofl 2069.41
EBS_Pollock_2023 7 2031 SSBLCI 1530.31
EBS_Pollock_2023 7 2031 SSBUCI 3335.25
EBS_Pollock_2023 7 2031 SSBMedian 2118.32
EBS_Pollock_2023 7 2031 SSBMean 2243.36
EBS_Pollock_2023 7 2032 SSBF100 5912.59
EBS_Pollock_2023 7 2032 SSBFabc 2365.04
EBS_Pollock_2023 7 2032 SSBFofl 2069.41
EBS_Pollock_2023 7 2032 SSBLCI 1520.17
EBS_Pollock_2023 7 2032 SSBUCI 3339.91
EBS_Pollock_2023 7 2032 SSBMedian 2115.7
EBS_Pollock_2023 7 2032 SSBMean 2230.04
EBS_Pollock_2023 7 2033 SSBF100 5912.59
EBS_Pollock_2023 7 2033 SSBFabc 2365.04
EBS_Pollock_2023 7 2033 SSBFofl 2069.41
EBS_Pollock_2023 7 2033 SSBLCI 1483.69
EBS_Pollock_2023 7 2033 SSBUCI 3350.74
EBS_Pollock_2023 7 2033 SSBMedian 2114.53
EBS_Pollock_2023 7 2033 SSBMean 2221.32
EBS_Pollock_2023 7 2034 SSBF100 5912.59
EBS_Pollock_2023 7 2034 SSBFabc 2365.04
EBS_Pollock_2023 7 2034 SSBFofl 2069.41
EBS_Pollock_2023 7 2034 SSBLCI 1496.29
EBS_Pollock_2023 7 2034 SSBUCI 3284.98
EBS_Pollock_2023 7 2034 SSBMedian 2099.57
EBS_Pollock_2023 7 2034 SSBMean 2208.43
EBS_Pollock_2023 7 2035 SSBF100 5912.59
EBS_Pollock_2023 7 2035 SSBFabc 2365.04
EBS_Pollock_2023 7 2035 SSBFofl 2069.41
EBS_Pollock_2023 7 2035 SSBLCI 1495.93
EBS_Pollock_2023 7 2035 SSBUCI 3256.33
EBS_Pollock_2023 7 2035 SSBMedian 2079.63
EBS_Pollock_2023 7 2035 SSBMean 2206.69
EBS_Pollock_2023 7 2036 SSBF100 5912.59
EBS_Pollock_2023 7 2036 SSBFabc 2365.04
EBS_Pollock_2023 7 2036 SSBFofl 2069.41
EBS_Pollock_2023 7 2036 SSBLCI 1507.16
EBS_Pollock_2023 7 2036 SSBUCI 3306.77
EBS_Pollock_2023 7 2036 SSBMedian 2098.9
EBS_Pollock_2023 7 2036 SSBMean 2217.65
EBS_Pollock_2023 7 2023 F0 0 
EBS_Pollock_2023 7 2023 Fabc 0.390436
EBS_Pollock_2023 7 2023 Fofl 0.499506
EBS_Pollock_2023 7 2023  F_LCI 0.212139
EBS_Pollock_2023 7 2023  F_UCI 0.212139
EBS_Pollock_2023 7 2023  F_Median 0.212139
EBS_Pollock_2023 7 2023  F_Mean 0.212139
EBS_Pollock_2023 7 2024 F0 0 
EBS_Pollock_2023 7 2024 Fabc 0.390436
EBS_Pollock_2023 7 2024 Fofl 0.499506
EBS_Pollock_2023 7 2024  F_LCI 0.390436
EBS_Pollock_2023 7 2024  F_UCI 0.390436
EBS_Pollock_2023 7 2024  F_Median 0.390436
EBS_Pollock_2023 7 2024  F_Mean 0.390436
EBS_Pollock_2023 7 2025 F0 0 
EBS_Pollock_2023 7 2025 Fabc 0.390436
EBS_Pollock_2023 7 2025 Fofl 0.499506
EBS_Pollock_2023 7 2025  F_LCI 0.390436
EBS_Pollock_2023 7 2025  F_UCI 0.390436
EBS_Pollock_2023 7 2025  F_Median 0.390436
EBS_Pollock_2023 7 2025  F_Mean 0.390436
EBS_Pollock_2023 7 2026 F0 0 
EBS_Pollock_2023 7 2026 Fabc 0.390436
EBS_Pollock_2023 7 2026 Fofl 0.499506
EBS_Pollock_2023 7 2026  F_LCI 0.491392
EBS_Pollock_2023 7 2026  F_UCI 0.499506
EBS_Pollock_2023 7 2026  F_Median 0.499506
EBS_Pollock_2023 7 2026  F_Mean 0.498448
EBS_Pollock_2023 7 2027 F0 0 
EBS_Pollock_2023 7 2027 Fabc 0.390436
EBS_Pollock_2023 7 2027 Fofl 0.499506
EBS_Pollock_2023 7 2027  F_LCI 0.401683
EBS_Pollock_2023 7 2027  F_UCI 0.499506
EBS_Pollock_2023 7 2027  F_Median 0.479797
EBS_Pollock_2023 7 2027  F_Mean 0.467515
EBS_Pollock_2023 7 2028 F0 0 
EBS_Pollock_2023 7 2028 Fabc 0.390436
EBS_Pollock_2023 7 2028 Fofl 0.499506
EBS_Pollock_2023 7 2028  F_LCI 0.353639
EBS_Pollock_2023 7 2028  F_UCI 0.499506
EBS_Pollock_2023 7 2028  F_Median 0.461488
EBS_Pollock_2023 7 2028  F_Mean 0.448883
EBS_Pollock_2023 7 2029 F0 0 
EBS_Pollock_2023 7 2029 Fabc 0.390436
EBS_Pollock_2023 7 2029 Fofl 0.499506
EBS_Pollock_2023 7 2029  F_LCI 0.329097
EBS_Pollock_2023 7 2029  F_UCI 0.499506
EBS_Pollock_2023 7 2029  F_Median 0.455686
EBS_Pollock_2023 7 2029  F_Mean 0.440107
EBS_Pollock_2023 7 2030 F0 0 
EBS_Pollock_2023 7 2030 Fabc 0.390436
EBS_Pollock_2023 7 2030 Fofl 0.499506
EBS_Pollock_2023 7 2030  F_LCI 0.314724
EBS_Pollock_2023 7 2030  F_UCI 0.499506
EBS_Pollock_2023 7 2030  F_Median 0.454948
EBS_Pollock_2023 7 2030  F_Mean 0.436317
EBS_Pollock_2023 7 2031 F0 0 
EBS_Pollock_2023 7 2031 Fabc 0.390436
EBS_Pollock_2023 7 2031 Fofl 0.499506
EBS_Pollock_2023 7 2031  F_LCI 0.313906
EBS_Pollock_2023 7 2031  F_UCI 0.499506
EBS_Pollock_2023 7 2031  F_Median 0.444682
EBS_Pollock_2023 7 2031  F_Mean 0.433203
EBS_Pollock_2023 7 2032 F0 0 
EBS_Pollock_2023 7 2032 Fabc 0.390436
EBS_Pollock_2023 7 2032 Fofl 0.499506
EBS_Pollock_2023 7 2032  F_LCI 0.311648
EBS_Pollock_2023 7 2032  F_UCI 0.499506
EBS_Pollock_2023 7 2032  F_Median 0.444112
EBS_Pollock_2023 7 2032  F_Mean 0.430985
EBS_Pollock_2023 7 2033 F0 0 
EBS_Pollock_2023 7 2033 Fabc 0.390436
EBS_Pollock_2023 7 2033 Fofl 0.499506
EBS_Pollock_2023 7 2033  F_LCI 0.303541
EBS_Pollock_2023 7 2033  F_UCI 0.499506
EBS_Pollock_2023 7 2033  F_Median 0.443847
EBS_Pollock_2023 7 2033  F_Mean 0.431075
EBS_Pollock_2023 7 2034 F0 0 
EBS_Pollock_2023 7 2034 Fabc 0.390436
EBS_Pollock_2023 7 2034 Fofl 0.499506
EBS_Pollock_2023 7 2034  F_LCI 0.306329
EBS_Pollock_2023 7 2034  F_UCI 0.499506
EBS_Pollock_2023 7 2034  F_Median 0.440517
EBS_Pollock_2023 7 2034  F_Mean 0.429512
EBS_Pollock_2023 7 2035 F0 0 
EBS_Pollock_2023 7 2035 Fabc 0.390436
EBS_Pollock_2023 7 2035 Fofl 0.499506
EBS_Pollock_2023 7 2035  F_LCI 0.306245
EBS_Pollock_2023 7 2035  F_UCI 0.499506
EBS_Pollock_2023 7 2035  F_Median 0.436086
EBS_Pollock_2023 7 2035  F_Mean 0.429238
EBS_Pollock_2023 7 2036 F0 0 
EBS_Pollock_2023 7 2036 Fabc 0.390436
EBS_Pollock_2023 7 2036 Fofl 0.499506
EBS_Pollock_2023 7 2036  F_LCI 0.308762
EBS_Pollock_2023 7 2036  F_UCI 0.499506
EBS_Pollock_2023 7 2036  F_Median 0.440364
EBS_Pollock_2023 7 2036  F_Mean 0.428613
